[2024-03-20 21:16:05,979] {taskinstance.py:896} INFO - Dependencies all met for <TaskInstance: airflow_exam.transform_into_fulldata.csv 2024-03-20T21:15:00+00:00 [queued]>
[2024-03-20 21:16:06,005] {taskinstance.py:896} INFO - Dependencies all met for <TaskInstance: airflow_exam.transform_into_fulldata.csv 2024-03-20T21:15:00+00:00 [queued]>
[2024-03-20 21:16:06,005] {taskinstance.py:1087} INFO - 
--------------------------------------------------------------------------------
[2024-03-20 21:16:06,006] {taskinstance.py:1088} INFO - Starting attempt 1 of 1
[2024-03-20 21:16:06,006] {taskinstance.py:1089} INFO - 
--------------------------------------------------------------------------------
[2024-03-20 21:16:06,036] {taskinstance.py:1107} INFO - Executing <Task(PythonOperator): transform_into_fulldata.csv> on 2024-03-20T21:15:00+00:00
[2024-03-20 21:16:06,057] {standard_task_runner.py:52} INFO - Started process 9238 to run task
[2024-03-20 21:16:06,063] {standard_task_runner.py:76} INFO - Running: ['***', 'tasks', 'run', '***_exam', 'transform_into_fulldata.csv', '2024-03-20T21:15:00+00:00', '--job-id', '7136', '--pool', 'default_pool', '--raw', '--subdir', 'DAGS_FOLDER/DAG.py', '--cfg-path', '/tmp/tmp5aygg8b2', '--error-file', '/tmp/tmpews_af_s']
[2024-03-20 21:16:06,063] {standard_task_runner.py:77} INFO - Job 7136: Subtask transform_into_fulldata.csv
[2024-03-20 21:16:06,155] {logging_mixin.py:104} INFO - Running <TaskInstance: ***_exam.transform_into_fulldata.csv 2024-03-20T21:15:00+00:00 [running]> on host 3a3d0401ac26
[2024-03-20 21:16:06,274] {taskinstance.py:1302} INFO - Exporting the following env vars:
AIRFLOW_CTX_DAG_OWNER=***
AIRFLOW_CTX_DAG_ID=***_exam
AIRFLOW_CTX_TASK_ID=transform_into_fulldata.csv
AIRFLOW_CTX_EXECUTION_DATE=2024-03-20T21:15:00+00:00
AIRFLOW_CTX_DAG_RUN_ID=scheduled__2024-03-20T21:15:00+00:00
[2024-03-20 21:16:06,375] {logging_mixin.py:104} INFO - 
[2024-03-20 21:16:06,404] {logging_mixin.py:104} INFO -     temperature        city  pression              date
0       286.46       Paris      1019  2024-03-20 21:16
1       286.21      London      1020  2024-03-20 21:16
2       290.66  Washington      1008  2024-03-20 21:16
3       286.46       Paris      1019  2024-03-20 21:15
4       286.21      London      1020  2024-03-20 21:15
5       290.66  Washington      1008  2024-03-20 21:15
6       286.46       Paris      1019  2024-03-20 21:14
7       286.21      London      1020  2024-03-20 21:14
8       290.58  Washington      1008  2024-03-20 21:14
9       286.46       Paris      1019  2024-03-20 21:13
[2024-03-20 21:16:06,420] {python.py:151} INFO - Done. Returned value was: None
[2024-03-20 21:16:06,435] {taskinstance.py:1211} INFO - Marking task as SUCCESS. dag_id=***_exam, task_id=transform_into_fulldata.csv, execution_date=20240320T211500, start_date=20240320T211605, end_date=20240320T211606
[2024-03-20 21:16:06,482] {taskinstance.py:1265} INFO - 3 downstream tasks scheduled from follow-on schedule check
[2024-03-20 21:16:06,526] {local_task_job.py:151} INFO - Task exited with return code 0
