[2024-03-21 00:02:04,424] {taskinstance.py:896} INFO - Dependencies all met for <TaskInstance: airflow_exam.transform_into_data.csv 2024-03-21T00:01:00+00:00 [queued]>
[2024-03-21 00:02:04,437] {taskinstance.py:896} INFO - Dependencies all met for <TaskInstance: airflow_exam.transform_into_data.csv 2024-03-21T00:01:00+00:00 [queued]>
[2024-03-21 00:02:04,437] {taskinstance.py:1087} INFO - 
--------------------------------------------------------------------------------
[2024-03-21 00:02:04,437] {taskinstance.py:1088} INFO - Starting attempt 1 of 1
[2024-03-21 00:02:04,437] {taskinstance.py:1089} INFO - 
--------------------------------------------------------------------------------
[2024-03-21 00:02:04,455] {taskinstance.py:1107} INFO - Executing <Task(PythonOperator): transform_into_data.csv> on 2024-03-21T00:01:00+00:00
[2024-03-21 00:02:04,463] {standard_task_runner.py:52} INFO - Started process 44449 to run task
[2024-03-21 00:02:04,467] {standard_task_runner.py:76} INFO - Running: ['***', 'tasks', 'run', '***_exam', 'transform_into_data.csv', '2024-03-21T00:01:00+00:00', '--job-id', '8290', '--pool', 'default_pool', '--raw', '--subdir', 'DAGS_FOLDER/DAG.py', '--cfg-path', '/tmp/tmph88xpqpo', '--error-file', '/tmp/tmplmtkxkst']
[2024-03-21 00:02:04,467] {standard_task_runner.py:77} INFO - Job 8290: Subtask transform_into_data.csv
[2024-03-21 00:02:04,522] {logging_mixin.py:104} INFO - Running <TaskInstance: ***_exam.transform_into_data.csv 2024-03-21T00:01:00+00:00 [running]> on host 3a3d0401ac26
[2024-03-21 00:02:04,590] {taskinstance.py:1302} INFO - Exporting the following env vars:
AIRFLOW_CTX_DAG_OWNER=***
AIRFLOW_CTX_DAG_ID=***_exam
AIRFLOW_CTX_TASK_ID=transform_into_data.csv
AIRFLOW_CTX_EXECUTION_DATE=2024-03-21T00:01:00+00:00
AIRFLOW_CTX_DAG_RUN_ID=scheduled__2024-03-21T00:01:00+00:00
[2024-03-21 00:02:04,597] {logging_mixin.py:104} INFO - 
[2024-03-21 00:02:04,616] {logging_mixin.py:104} INFO -     temperature        city  pression              date
0       286.15       Paris      1021  2024-03-21 00:02
1       284.66      London      1022  2024-03-21 00:02
2       289.60  Washington      1007  2024-03-21 00:02
3       286.15       Paris      1021  2024-03-21 00:00
4       284.70      London      1022  2024-03-21 00:00
5       289.60  Washington      1007  2024-03-21 00:00
6       286.25       Paris      1021  2024-03-20 23:59
7       284.68      London      1022  2024-03-20 23:59
8       289.95  Washington      1007  2024-03-20 23:59
9       286.25       Paris      1021  2024-03-20 23:58
[2024-03-21 00:02:04,620] {python.py:151} INFO - Done. Returned value was: None
[2024-03-21 00:02:04,635] {taskinstance.py:1211} INFO - Marking task as SUCCESS. dag_id=***_exam, task_id=transform_into_data.csv, execution_date=20240321T000100, start_date=20240321T000204, end_date=20240321T000204
[2024-03-21 00:02:04,668] {taskinstance.py:1265} INFO - 0 downstream tasks scheduled from follow-on schedule check
[2024-03-21 00:02:04,679] {local_task_job.py:151} INFO - Task exited with return code 0
