[2023-10-12 17:39:06,740] {taskinstance.py:896} INFO - Dependencies all met for <TaskInstance: airflow_exam.compute_lr_score 2023-10-12T17:38:00+00:00 [queued]>
[2023-10-12 17:39:06,765] {taskinstance.py:896} INFO - Dependencies all met for <TaskInstance: airflow_exam.compute_lr_score 2023-10-12T17:38:00+00:00 [queued]>
[2023-10-12 17:39:06,765] {taskinstance.py:1087} INFO - 
--------------------------------------------------------------------------------
[2023-10-12 17:39:06,765] {taskinstance.py:1088} INFO - Starting attempt 1 of 1
[2023-10-12 17:39:06,765] {taskinstance.py:1089} INFO - 
--------------------------------------------------------------------------------
[2023-10-12 17:39:06,789] {taskinstance.py:1107} INFO - Executing <Task(PythonOperator): compute_lr_score> on 2023-10-12T17:38:00+00:00
[2023-10-12 17:39:06,800] {standard_task_runner.py:52} INFO - Started process 1956 to run task
[2023-10-12 17:39:06,805] {standard_task_runner.py:76} INFO - Running: ['***', 'tasks', 'run', '***_exam', 'compute_lr_score', '2023-10-12T17:38:00+00:00', '--job-id', '1643', '--pool', 'default_pool', '--raw', '--subdir', 'DAGS_FOLDER/DAG.py', '--cfg-path', '/tmp/tmpm7d_d_dt', '--error-file', '/tmp/tmp5fooda1l']
[2023-10-12 17:39:06,806] {standard_task_runner.py:77} INFO - Job 1643: Subtask compute_lr_score
[2023-10-12 17:39:06,874] {logging_mixin.py:104} INFO - Running <TaskInstance: ***_exam.compute_lr_score 2023-10-12T17:38:00+00:00 [running]> on host 3a3d0401ac26
[2023-10-12 17:39:07,021] {taskinstance.py:1302} INFO - Exporting the following env vars:
AIRFLOW_CTX_DAG_OWNER=***
AIRFLOW_CTX_DAG_ID=***_exam
AIRFLOW_CTX_TASK_ID=compute_lr_score
AIRFLOW_CTX_EXECUTION_DATE=2023-10-12T17:38:00+00:00
AIRFLOW_CTX_DAG_RUN_ID=scheduled__2023-10-12T17:38:00+00:00
[2023-10-12 17:39:07,252] {python.py:151} INFO - Done. Returned value was: None
[2023-10-12 17:39:07,266] {taskinstance.py:1211} INFO - Marking task as SUCCESS. dag_id=***_exam, task_id=compute_lr_score, execution_date=20231012T173800, start_date=20231012T173906, end_date=20231012T173907
[2023-10-12 17:39:07,309] {taskinstance.py:1265} INFO - 0 downstream tasks scheduled from follow-on schedule check
[2023-10-12 17:39:07,339] {local_task_job.py:151} INFO - Task exited with return code 0
