[2024-03-15 17:55:04,999] {taskinstance.py:896} INFO - Dependencies all met for <TaskInstance: airflow_exam.transform_into_data.csv 2024-03-15T17:54:00+00:00 [queued]>
[2024-03-15 17:55:05,026] {taskinstance.py:896} INFO - Dependencies all met for <TaskInstance: airflow_exam.transform_into_data.csv 2024-03-15T17:54:00+00:00 [queued]>
[2024-03-15 17:55:05,027] {taskinstance.py:1087} INFO - 
--------------------------------------------------------------------------------
[2024-03-15 17:55:05,027] {taskinstance.py:1088} INFO - Starting attempt 1 of 1
[2024-03-15 17:55:05,027] {taskinstance.py:1089} INFO - 
--------------------------------------------------------------------------------
[2024-03-15 17:55:05,040] {taskinstance.py:1107} INFO - Executing <Task(PythonOperator): transform_into_data.csv> on 2024-03-15T17:54:00+00:00
[2024-03-15 17:55:05,050] {standard_task_runner.py:52} INFO - Started process 39424 to run task
[2024-03-15 17:55:05,054] {standard_task_runner.py:76} INFO - Running: ['***', 'tasks', 'run', '***_exam', 'transform_into_data.csv', '2024-03-15T17:54:00+00:00', '--job-id', '3117', '--pool', 'default_pool', '--raw', '--subdir', 'DAGS_FOLDER/DAG.py', '--cfg-path', '/tmp/tmpbefuv1sb', '--error-file', '/tmp/tmpwp_2qymu']
[2024-03-15 17:55:05,054] {standard_task_runner.py:77} INFO - Job 3117: Subtask transform_into_data.csv
[2024-03-15 17:55:05,108] {logging_mixin.py:104} INFO - Running <TaskInstance: ***_exam.transform_into_data.csv 2024-03-15T17:54:00+00:00 [running]> on host 3a3d0401ac26
[2024-03-15 17:55:05,190] {taskinstance.py:1302} INFO - Exporting the following env vars:
AIRFLOW_CTX_DAG_OWNER=***
AIRFLOW_CTX_DAG_ID=***_exam
AIRFLOW_CTX_TASK_ID=transform_into_data.csv
AIRFLOW_CTX_EXECUTION_DATE=2024-03-15T17:54:00+00:00
AIRFLOW_CTX_DAG_RUN_ID=scheduled__2024-03-15T17:54:00+00:00
[2024-03-15 17:55:05,195] {logging_mixin.py:104} INFO - 
[2024-03-15 17:55:05,216] {logging_mixin.py:104} INFO -     temperature        city  pression              date
0       286.88       Paris      1011  2024-03-15 17:55
1       285.90      London      1005  2024-03-15 17:55
2       281.30  Washington      1026  2024-03-15 17:55
3       286.88       Paris      1011  2024-03-15 17:54
4       285.90      London      1005  2024-03-15 17:54
5       281.93  Washington      1026  2024-03-15 17:54
6       286.88       Paris      1011  2024-03-15 17:53
7       285.90      London      1005  2024-03-15 17:53
8       281.93  Washington      1026  2024-03-15 17:53
9       286.88       Paris      1011  2024-03-15 17:52
[2024-03-15 17:55:05,219] {python.py:151} INFO - Done. Returned value was: None
[2024-03-15 17:55:05,234] {taskinstance.py:1211} INFO - Marking task as SUCCESS. dag_id=***_exam, task_id=transform_into_data.csv, execution_date=20240315T175400, start_date=20240315T175505, end_date=20240315T175505
[2024-03-15 17:55:05,271] {taskinstance.py:1265} INFO - 0 downstream tasks scheduled from follow-on schedule check
[2024-03-15 17:55:05,306] {local_task_job.py:151} INFO - Task exited with return code 0
