[2024-03-21 15:47:06,666] {taskinstance.py:896} INFO - Dependencies all met for <TaskInstance: airflow_exam.transform_into_fulldata.csv 2024-03-21T15:46:00+00:00 [queued]>
[2024-03-21 15:47:06,705] {taskinstance.py:896} INFO - Dependencies all met for <TaskInstance: airflow_exam.transform_into_fulldata.csv 2024-03-21T15:46:00+00:00 [queued]>
[2024-03-21 15:47:06,705] {taskinstance.py:1087} INFO - 
--------------------------------------------------------------------------------
[2024-03-21 15:47:06,705] {taskinstance.py:1088} INFO - Starting attempt 1 of 1
[2024-03-21 15:47:06,705] {taskinstance.py:1089} INFO - 
--------------------------------------------------------------------------------
[2024-03-21 15:47:06,723] {taskinstance.py:1107} INFO - Executing <Task(PythonOperator): transform_into_fulldata.csv> on 2024-03-21T15:46:00+00:00
[2024-03-21 15:47:06,737] {standard_task_runner.py:52} INFO - Started process 1268 to run task
[2024-03-21 15:47:06,742] {standard_task_runner.py:76} INFO - Running: ['***', 'tasks', 'run', '***_exam', 'transform_into_fulldata.csv', '2024-03-21T15:46:00+00:00', '--job-id', '9094', '--pool', 'default_pool', '--raw', '--subdir', 'DAGS_FOLDER/DAG.py', '--cfg-path', '/tmp/tmpw2ccpoq6', '--error-file', '/tmp/tmpzmebmsix']
[2024-03-21 15:47:06,743] {standard_task_runner.py:77} INFO - Job 9094: Subtask transform_into_fulldata.csv
[2024-03-21 15:47:06,826] {logging_mixin.py:104} INFO - Running <TaskInstance: ***_exam.transform_into_fulldata.csv 2024-03-21T15:46:00+00:00 [running]> on host 3a3d0401ac26
[2024-03-21 15:47:06,932] {taskinstance.py:1302} INFO - Exporting the following env vars:
AIRFLOW_CTX_DAG_OWNER=***
AIRFLOW_CTX_DAG_ID=***_exam
AIRFLOW_CTX_TASK_ID=transform_into_fulldata.csv
AIRFLOW_CTX_EXECUTION_DATE=2024-03-21T15:46:00+00:00
AIRFLOW_CTX_DAG_RUN_ID=scheduled__2024-03-21T15:46:00+00:00
[2024-03-21 15:47:07,152] {logging_mixin.py:104} INFO - 
[2024-03-21 15:47:07,199] {logging_mixin.py:104} INFO -     temperature        city  pression              date
0       292.95       Paris      1025  2024-03-21 15:47
1       289.57      London      1023  2024-03-21 15:47
2       280.19  Washington      1015  2024-03-21 15:47
3       292.95       Paris      1025  2024-03-21 15:46
4       289.57      London      1023  2024-03-21 15:46
5       280.19  Washington      1015  2024-03-21 15:46
6       292.95       Paris      1025  2024-03-21 15:45
7       289.57      London      1023  2024-03-21 15:45
8       280.19  Washington      1015  2024-03-21 15:45
9       292.97       Paris      1026  2024-03-21 15:44
[2024-03-21 15:47:07,242] {python.py:151} INFO - Done. Returned value was: None
[2024-03-21 15:47:07,276] {taskinstance.py:1211} INFO - Marking task as SUCCESS. dag_id=***_exam, task_id=transform_into_fulldata.csv, execution_date=20240321T154600, start_date=20240321T154706, end_date=20240321T154707
[2024-03-21 15:47:07,337] {taskinstance.py:1265} INFO - 3 downstream tasks scheduled from follow-on schedule check
[2024-03-21 15:47:07,359] {local_task_job.py:151} INFO - Task exited with return code 0
