[2024-03-15 14:15:04,386] {taskinstance.py:896} INFO - Dependencies all met for <TaskInstance: airflow_exam.transform_into_data.csv 2024-03-15T14:14:00+00:00 [queued]>
[2024-03-15 14:15:04,408] {taskinstance.py:896} INFO - Dependencies all met for <TaskInstance: airflow_exam.transform_into_data.csv 2024-03-15T14:14:00+00:00 [queued]>
[2024-03-15 14:15:04,408] {taskinstance.py:1087} INFO - 
--------------------------------------------------------------------------------
[2024-03-15 14:15:04,408] {taskinstance.py:1088} INFO - Starting attempt 1 of 1
[2024-03-15 14:15:04,408] {taskinstance.py:1089} INFO - 
--------------------------------------------------------------------------------
[2024-03-15 14:15:04,419] {taskinstance.py:1107} INFO - Executing <Task(PythonOperator): transform_into_data.csv> on 2024-03-15T14:14:00+00:00
[2024-03-15 14:15:04,427] {standard_task_runner.py:52} INFO - Started process 4779 to run task
[2024-03-15 14:15:04,431] {standard_task_runner.py:76} INFO - Running: ['***', 'tasks', 'run', '***_exam', 'transform_into_data.csv', '2024-03-15T14:14:00+00:00', '--job-id', '1871', '--pool', 'default_pool', '--raw', '--subdir', 'DAGS_FOLDER/DAG.py', '--cfg-path', '/tmp/tmpannx5ltm', '--error-file', '/tmp/tmpazuzsqah']
[2024-03-15 14:15:04,431] {standard_task_runner.py:77} INFO - Job 1871: Subtask transform_into_data.csv
[2024-03-15 14:15:04,484] {logging_mixin.py:104} INFO - Running <TaskInstance: ***_exam.transform_into_data.csv 2024-03-15T14:14:00+00:00 [running]> on host 3a3d0401ac26
[2024-03-15 14:15:04,564] {taskinstance.py:1302} INFO - Exporting the following env vars:
AIRFLOW_CTX_DAG_OWNER=***
AIRFLOW_CTX_DAG_ID=***_exam
AIRFLOW_CTX_TASK_ID=transform_into_data.csv
AIRFLOW_CTX_EXECUTION_DATE=2024-03-15T14:14:00+00:00
AIRFLOW_CTX_DAG_RUN_ID=scheduled__2024-03-15T14:14:00+00:00
[2024-03-15 14:15:04,570] {logging_mixin.py:104} INFO - 
[2024-03-15 14:15:04,599] {logging_mixin.py:104} INFO -     temperature        city  pression              date
0       288.88       Paris      1012  2024-03-15 14:15
1       287.36      London      1004  2024-03-15 14:15
2       274.21  Washington      1029  2024-03-15 14:15
3       288.88       Paris      1012  2024-03-15 14:14
4       287.36      London      1004  2024-03-15 14:14
5       274.21  Washington      1029  2024-03-15 14:14
6       288.88       Paris      1012  2024-03-15 14:13
7       287.36      London      1004  2024-03-15 14:13
8       274.21  Washington      1029  2024-03-15 14:13
9       288.88       Paris      1012  2024-03-15 14:12
[2024-03-15 14:15:04,604] {python.py:151} INFO - Done. Returned value was: None
[2024-03-15 14:15:04,618] {taskinstance.py:1211} INFO - Marking task as SUCCESS. dag_id=***_exam, task_id=transform_into_data.csv, execution_date=20240315T141400, start_date=20240315T141504, end_date=20240315T141504
[2024-03-15 14:15:04,659] {taskinstance.py:1265} INFO - 0 downstream tasks scheduled from follow-on schedule check
[2024-03-15 14:15:04,684] {local_task_job.py:151} INFO - Task exited with return code 0
