[2024-03-20 20:45:07,399] {taskinstance.py:896} INFO - Dependencies all met for <TaskInstance: airflow_exam.transform_into_data.csv 2024-03-20T20:44:00+00:00 [queued]>
[2024-03-20 20:45:07,503] {taskinstance.py:896} INFO - Dependencies all met for <TaskInstance: airflow_exam.transform_into_data.csv 2024-03-20T20:44:00+00:00 [queued]>
[2024-03-20 20:45:07,503] {taskinstance.py:1087} INFO - 
--------------------------------------------------------------------------------
[2024-03-20 20:45:07,503] {taskinstance.py:1088} INFO - Starting attempt 1 of 1
[2024-03-20 20:45:07,504] {taskinstance.py:1089} INFO - 
--------------------------------------------------------------------------------
[2024-03-20 20:45:07,589] {taskinstance.py:1107} INFO - Executing <Task(PythonOperator): transform_into_data.csv> on 2024-03-20T20:44:00+00:00
[2024-03-20 20:45:07,609] {standard_task_runner.py:52} INFO - Started process 3203 to run task
[2024-03-20 20:45:07,627] {standard_task_runner.py:76} INFO - Running: ['***', 'tasks', 'run', '***_exam', 'transform_into_data.csv', '2024-03-20T20:44:00+00:00', '--job-id', '6932', '--pool', 'default_pool', '--raw', '--subdir', 'DAGS_FOLDER/DAG.py', '--cfg-path', '/tmp/tmpqr3mgqnb', '--error-file', '/tmp/tmp9sjnbarj']
[2024-03-20 20:45:07,648] {standard_task_runner.py:77} INFO - Job 6932: Subtask transform_into_data.csv
[2024-03-20 20:45:07,780] {logging_mixin.py:104} INFO - Running <TaskInstance: ***_exam.transform_into_data.csv 2024-03-20T20:44:00+00:00 [running]> on host 3a3d0401ac26
[2024-03-20 20:45:07,927] {taskinstance.py:1302} INFO - Exporting the following env vars:
AIRFLOW_CTX_DAG_OWNER=***
AIRFLOW_CTX_DAG_ID=***_exam
AIRFLOW_CTX_TASK_ID=transform_into_data.csv
AIRFLOW_CTX_EXECUTION_DATE=2024-03-20T20:44:00+00:00
AIRFLOW_CTX_DAG_RUN_ID=scheduled__2024-03-20T20:44:00+00:00
[2024-03-20 20:45:07,951] {logging_mixin.py:104} INFO - 
[2024-03-20 20:45:08,010] {logging_mixin.py:104} INFO -     temperature        city  pression              date
0       287.45       Paris      1018  2024-03-20 20:45
1       286.66      London      1020  2024-03-20 20:45
2       290.40  Washington      1008  2024-03-20 20:45
3       287.45       Paris      1018  2024-03-20 20:44
4       286.96      London      1020  2024-03-20 20:44
5       290.40  Washington      1008  2024-03-20 20:44
6       287.45       Paris      1018  2024-03-20 20:43
7       286.96      London      1020  2024-03-20 20:43
8       290.40  Washington      1008  2024-03-20 20:43
9       287.45       Paris      1018  2024-03-20 20:42
[2024-03-20 20:45:08,021] {python.py:151} INFO - Done. Returned value was: None
[2024-03-20 20:45:08,058] {taskinstance.py:1211} INFO - Marking task as SUCCESS. dag_id=***_exam, task_id=transform_into_data.csv, execution_date=20240320T204400, start_date=20240320T204507, end_date=20240320T204508
[2024-03-20 20:45:08,155] {taskinstance.py:1265} INFO - 0 downstream tasks scheduled from follow-on schedule check
[2024-03-20 20:45:08,196] {local_task_job.py:151} INFO - Task exited with return code 0
