[2024-03-21 00:30:50,690] {taskinstance.py:896} INFO - Dependencies all met for <TaskInstance: airflow_exam.transform_into_data.csv 2024-03-21T00:29:00+00:00 [queued]>
[2024-03-21 00:30:50,706] {taskinstance.py:896} INFO - Dependencies all met for <TaskInstance: airflow_exam.transform_into_data.csv 2024-03-21T00:29:00+00:00 [queued]>
[2024-03-21 00:30:50,706] {taskinstance.py:1087} INFO - 
--------------------------------------------------------------------------------
[2024-03-21 00:30:50,707] {taskinstance.py:1088} INFO - Starting attempt 1 of 1
[2024-03-21 00:30:50,707] {taskinstance.py:1089} INFO - 
--------------------------------------------------------------------------------
[2024-03-21 00:30:50,726] {taskinstance.py:1107} INFO - Executing <Task(PythonOperator): transform_into_data.csv> on 2024-03-21T00:29:00+00:00
[2024-03-21 00:30:50,737] {standard_task_runner.py:52} INFO - Started process 2214 to run task
[2024-03-21 00:30:50,741] {standard_task_runner.py:76} INFO - Running: ['***', 'tasks', 'run', '***_exam', 'transform_into_data.csv', '2024-03-21T00:29:00+00:00', '--job-id', '8437', '--pool', 'default_pool', '--raw', '--subdir', 'DAGS_FOLDER/DAG.py', '--cfg-path', '/tmp/tmpousr4dzp', '--error-file', '/tmp/tmphcm0gbfb']
[2024-03-21 00:30:50,741] {standard_task_runner.py:77} INFO - Job 8437: Subtask transform_into_data.csv
[2024-03-21 00:30:50,798] {logging_mixin.py:104} INFO - Running <TaskInstance: ***_exam.transform_into_data.csv 2024-03-21T00:29:00+00:00 [running]> on host 3a3d0401ac26
[2024-03-21 00:30:50,866] {taskinstance.py:1302} INFO - Exporting the following env vars:
AIRFLOW_CTX_DAG_OWNER=***
AIRFLOW_CTX_DAG_ID=***_exam
AIRFLOW_CTX_TASK_ID=transform_into_data.csv
AIRFLOW_CTX_EXECUTION_DATE=2024-03-21T00:29:00+00:00
AIRFLOW_CTX_DAG_RUN_ID=scheduled__2024-03-21T00:29:00+00:00
[2024-03-21 00:30:50,871] {logging_mixin.py:104} INFO - 
[2024-03-21 00:30:50,891] {logging_mixin.py:104} INFO -     temperature        city  pression              date
0       285.74       Paris      1021  2024-03-21 00:30
1       284.38      London      1022  2024-03-21 00:30
2       290.28  Washington      1007  2024-03-21 00:30
3       285.74       Paris      1021  2024-03-21 00:29
4       284.38      London      1022  2024-03-21 00:29
5       290.28  Washington      1007  2024-03-21 00:29
6       286.15       Paris      1021  2024-03-21 00:03
7       284.66      London      1022  2024-03-21 00:03
8       289.60  Washington      1007  2024-03-21 00:03
9       286.15       Paris      1021  2024-03-21 00:02
[2024-03-21 00:30:50,895] {python.py:151} INFO - Done. Returned value was: None
[2024-03-21 00:30:50,909] {taskinstance.py:1211} INFO - Marking task as SUCCESS. dag_id=***_exam, task_id=transform_into_data.csv, execution_date=20240321T002900, start_date=20240321T003050, end_date=20240321T003050
[2024-03-21 00:30:50,961] {taskinstance.py:1265} INFO - 0 downstream tasks scheduled from follow-on schedule check
[2024-03-21 00:30:50,993] {local_task_job.py:151} INFO - Task exited with return code 0
