[2024-03-16 00:00:15,998] {taskinstance.py:896} INFO - Dependencies all met for <TaskInstance: airflow_exam.transform_into_data.csv 2024-03-15T23:59:00+00:00 [queued]>
[2024-03-16 00:00:16,030] {taskinstance.py:896} INFO - Dependencies all met for <TaskInstance: airflow_exam.transform_into_data.csv 2024-03-15T23:59:00+00:00 [queued]>
[2024-03-16 00:00:16,031] {taskinstance.py:1087} INFO - 
--------------------------------------------------------------------------------
[2024-03-16 00:00:16,031] {taskinstance.py:1088} INFO - Starting attempt 1 of 1
[2024-03-16 00:00:16,031] {taskinstance.py:1089} INFO - 
--------------------------------------------------------------------------------
[2024-03-16 00:00:16,050] {taskinstance.py:1107} INFO - Executing <Task(PythonOperator): transform_into_data.csv> on 2024-03-15T23:59:00+00:00
[2024-03-16 00:00:16,063] {standard_task_runner.py:52} INFO - Started process 96061 to run task
[2024-03-16 00:00:16,067] {standard_task_runner.py:76} INFO - Running: ['***', 'tasks', 'run', '***_exam', 'transform_into_data.csv', '2024-03-15T23:59:00+00:00', '--job-id', '5079', '--pool', 'default_pool', '--raw', '--subdir', 'DAGS_FOLDER/DAG.py', '--cfg-path', '/tmp/tmp8ydyay5x', '--error-file', '/tmp/tmpsb935fit']
[2024-03-16 00:00:16,068] {standard_task_runner.py:77} INFO - Job 5079: Subtask transform_into_data.csv
[2024-03-16 00:00:16,141] {logging_mixin.py:104} INFO - Running <TaskInstance: ***_exam.transform_into_data.csv 2024-03-15T23:59:00+00:00 [running]> on host 3a3d0401ac26
[2024-03-16 00:00:16,259] {taskinstance.py:1302} INFO - Exporting the following env vars:
AIRFLOW_CTX_DAG_OWNER=***
AIRFLOW_CTX_DAG_ID=***_exam
AIRFLOW_CTX_TASK_ID=transform_into_data.csv
AIRFLOW_CTX_EXECUTION_DATE=2024-03-15T23:59:00+00:00
AIRFLOW_CTX_DAG_RUN_ID=scheduled__2024-03-15T23:59:00+00:00
[2024-03-16 00:00:16,276] {logging_mixin.py:104} INFO - 
[2024-03-16 00:00:16,323] {logging_mixin.py:104} INFO -     temperature        city  pression              date
0       284.85       Paris      1015  2024-03-16 00:00
1       281.61      London      1012  2024-03-16 00:00
2       289.48  Washington      1021  2024-03-16 00:00
3       284.85       Paris      1015  2024-03-15 23:59
4       281.61      London      1012  2024-03-15 23:59
5       289.48  Washington      1021  2024-03-15 23:59
6       284.85       Paris      1015  2024-03-15 23:58
7       281.61      London      1012  2024-03-15 23:58
8       289.48  Washington      1021  2024-03-15 23:58
9       284.85       Paris      1015  2024-03-15 23:57
[2024-03-16 00:00:16,329] {python.py:151} INFO - Done. Returned value was: None
[2024-03-16 00:00:16,353] {taskinstance.py:1211} INFO - Marking task as SUCCESS. dag_id=***_exam, task_id=transform_into_data.csv, execution_date=20240315T235900, start_date=20240316T000016, end_date=20240316T000016
[2024-03-16 00:00:16,444] {taskinstance.py:1265} INFO - 0 downstream tasks scheduled from follow-on schedule check
[2024-03-16 00:00:16,482] {local_task_job.py:151} INFO - Task exited with return code 0
