[2023-10-06 14:21:06,447] {taskinstance.py:896} INFO - Dependencies all met for <TaskInstance: airflow_exam.compute_rf_score 2023-10-06T14:20:00+00:00 [queued]>
[2023-10-06 14:21:06,461] {taskinstance.py:896} INFO - Dependencies all met for <TaskInstance: airflow_exam.compute_rf_score 2023-10-06T14:20:00+00:00 [queued]>
[2023-10-06 14:21:06,461] {taskinstance.py:1087} INFO - 
--------------------------------------------------------------------------------
[2023-10-06 14:21:06,461] {taskinstance.py:1088} INFO - Starting attempt 1 of 1
[2023-10-06 14:21:06,461] {taskinstance.py:1089} INFO - 
--------------------------------------------------------------------------------
[2023-10-06 14:21:06,477] {taskinstance.py:1107} INFO - Executing <Task(PythonOperator): compute_rf_score> on 2023-10-06T14:20:00+00:00
[2023-10-06 14:21:06,485] {standard_task_runner.py:52} INFO - Started process 29284 to run task
[2023-10-06 14:21:06,488] {standard_task_runner.py:76} INFO - Running: ['***', 'tasks', 'run', '***_exam', 'compute_rf_score', '2023-10-06T14:20:00+00:00', '--job-id', '303', '--pool', 'default_pool', '--raw', '--subdir', 'DAGS_FOLDER/DAG.py', '--cfg-path', '/tmp/tmpo35lqtb0', '--error-file', '/tmp/tmp2tneh0ez']
[2023-10-06 14:21:06,488] {standard_task_runner.py:77} INFO - Job 303: Subtask compute_rf_score
[2023-10-06 14:21:06,535] {logging_mixin.py:104} INFO - Running <TaskInstance: ***_exam.compute_rf_score 2023-10-06T14:20:00+00:00 [running]> on host 3a3d0401ac26
[2023-10-06 14:21:06,591] {taskinstance.py:1302} INFO - Exporting the following env vars:
AIRFLOW_CTX_DAG_OWNER=***
AIRFLOW_CTX_DAG_ID=***_exam
AIRFLOW_CTX_TASK_ID=compute_rf_score
AIRFLOW_CTX_EXECUTION_DATE=2023-10-06T14:20:00+00:00
AIRFLOW_CTX_DAG_RUN_ID=scheduled__2023-10-06T14:20:00+00:00
[2023-10-06 14:21:07,248] {python.py:151} INFO - Done. Returned value was: None
[2023-10-06 14:21:07,267] {taskinstance.py:1211} INFO - Marking task as SUCCESS. dag_id=***_exam, task_id=compute_rf_score, execution_date=20231006T142000, start_date=20231006T142106, end_date=20231006T142107
[2023-10-06 14:21:07,315] {taskinstance.py:1265} INFO - 1 downstream tasks scheduled from follow-on schedule check
[2023-10-06 14:21:07,342] {local_task_job.py:151} INFO - Task exited with return code 0
