[2024-03-21 19:47:03,800] {taskinstance.py:896} INFO - Dependencies all met for <TaskInstance: airflow_exam.transform_into_data.csv 2024-03-21T19:46:00+00:00 [queued]>
[2024-03-21 19:47:03,819] {taskinstance.py:896} INFO - Dependencies all met for <TaskInstance: airflow_exam.transform_into_data.csv 2024-03-21T19:46:00+00:00 [queued]>
[2024-03-21 19:47:03,819] {taskinstance.py:1087} INFO - 
--------------------------------------------------------------------------------
[2024-03-21 19:47:03,819] {taskinstance.py:1088} INFO - Starting attempt 1 of 1
[2024-03-21 19:47:03,819] {taskinstance.py:1089} INFO - 
--------------------------------------------------------------------------------
[2024-03-21 19:47:03,832] {taskinstance.py:1107} INFO - Executing <Task(PythonOperator): transform_into_data.csv> on 2024-03-21T19:46:00+00:00
[2024-03-21 19:47:03,841] {standard_task_runner.py:52} INFO - Started process 53087 to run task
[2024-03-21 19:47:03,845] {standard_task_runner.py:76} INFO - Running: ['***', 'tasks', 'run', '***_exam', 'transform_into_data.csv', '2024-03-21T19:46:00+00:00', '--job-id', '10774', '--pool', 'default_pool', '--raw', '--subdir', 'DAGS_FOLDER/DAG.py', '--cfg-path', '/tmp/tmplva9smxh', '--error-file', '/tmp/tmpnhudslug']
[2024-03-21 19:47:03,846] {standard_task_runner.py:77} INFO - Job 10774: Subtask transform_into_data.csv
[2024-03-21 19:47:03,895] {logging_mixin.py:104} INFO - Running <TaskInstance: ***_exam.transform_into_data.csv 2024-03-21T19:46:00+00:00 [running]> on host 3a3d0401ac26
[2024-03-21 19:47:03,960] {taskinstance.py:1302} INFO - Exporting the following env vars:
AIRFLOW_CTX_DAG_OWNER=***
AIRFLOW_CTX_DAG_ID=***_exam
AIRFLOW_CTX_TASK_ID=transform_into_data.csv
AIRFLOW_CTX_EXECUTION_DATE=2024-03-21T19:46:00+00:00
AIRFLOW_CTX_DAG_RUN_ID=scheduled__2024-03-21T19:46:00+00:00
[2024-03-21 19:47:03,965] {logging_mixin.py:104} INFO - 
[2024-03-21 19:47:03,982] {logging_mixin.py:104} INFO -     temperature        city  pression              date
0       288.61       Paris      1025  2024-03-21 19:47
1       286.61      London      1022  2024-03-21 19:47
2       286.81  Washington      1014  2024-03-21 19:47
3       288.61       Paris      1025  2024-03-21 19:46
4       286.61      London      1022  2024-03-21 19:46
5       286.81  Washington      1014  2024-03-21 19:46
6       288.61       Paris      1025  2024-03-21 19:45
7       286.61      London      1022  2024-03-21 19:45
8       286.81  Washington      1014  2024-03-21 19:45
9       288.61       Paris      1025  2024-03-21 19:44
[2024-03-21 19:47:03,987] {python.py:151} INFO - Done. Returned value was: None
[2024-03-21 19:47:03,998] {taskinstance.py:1211} INFO - Marking task as SUCCESS. dag_id=***_exam, task_id=transform_into_data.csv, execution_date=20240321T194600, start_date=20240321T194703, end_date=20240321T194703
[2024-03-21 19:47:04,040] {taskinstance.py:1265} INFO - 0 downstream tasks scheduled from follow-on schedule check
[2024-03-21 19:47:04,058] {local_task_job.py:151} INFO - Task exited with return code 0
