[2024-03-16 01:56:06,165] {taskinstance.py:896} INFO - Dependencies all met for <TaskInstance: airflow_exam.transform_into_data.csv 2024-03-16T01:55:00+00:00 [queued]>
[2024-03-16 01:56:06,207] {taskinstance.py:896} INFO - Dependencies all met for <TaskInstance: airflow_exam.transform_into_data.csv 2024-03-16T01:55:00+00:00 [queued]>
[2024-03-16 01:56:06,208] {taskinstance.py:1087} INFO - 
--------------------------------------------------------------------------------
[2024-03-16 01:56:06,208] {taskinstance.py:1088} INFO - Starting attempt 1 of 1
[2024-03-16 01:56:06,209] {taskinstance.py:1089} INFO - 
--------------------------------------------------------------------------------
[2024-03-16 01:56:06,234] {taskinstance.py:1107} INFO - Executing <Task(PythonOperator): transform_into_data.csv> on 2024-03-16T01:55:00+00:00
[2024-03-16 01:56:06,259] {standard_task_runner.py:52} INFO - Started process 120502 to run task
[2024-03-16 01:56:06,275] {standard_task_runner.py:76} INFO - Running: ['***', 'tasks', 'run', '***_exam', 'transform_into_data.csv', '2024-03-16T01:55:00+00:00', '--job-id', '5883', '--pool', 'default_pool', '--raw', '--subdir', 'DAGS_FOLDER/DAG.py', '--cfg-path', '/tmp/tmpt_ztgwiz', '--error-file', '/tmp/tmpsk9p4vtu']
[2024-03-16 01:56:06,278] {standard_task_runner.py:77} INFO - Job 5883: Subtask transform_into_data.csv
[2024-03-16 01:56:06,445] {logging_mixin.py:104} INFO - Running <TaskInstance: ***_exam.transform_into_data.csv 2024-03-16T01:55:00+00:00 [running]> on host 3a3d0401ac26
[2024-03-16 01:56:06,539] {taskinstance.py:1302} INFO - Exporting the following env vars:
AIRFLOW_CTX_DAG_OWNER=***
AIRFLOW_CTX_DAG_ID=***_exam
AIRFLOW_CTX_TASK_ID=transform_into_data.csv
AIRFLOW_CTX_EXECUTION_DATE=2024-03-16T01:55:00+00:00
AIRFLOW_CTX_DAG_RUN_ID=scheduled__2024-03-16T01:55:00+00:00
[2024-03-16 01:56:06,548] {logging_mixin.py:104} INFO - 
[2024-03-16 01:56:06,576] {logging_mixin.py:104} INFO -     temperature        city  pression              date
0       284.42       Paris      1016  2024-03-16 01:56
1       281.09      London      1014  2024-03-16 01:56
2       283.95  Washington      1022  2024-03-16 01:56
3       284.42       Paris      1016  2024-03-16 01:55
4       281.09      London      1014  2024-03-16 01:55
5       283.95  Washington      1022  2024-03-16 01:55
6       284.42       Paris      1016  2024-03-16 01:54
7       281.09      London      1014  2024-03-16 01:54
8       283.95  Washington      1022  2024-03-16 01:54
9       284.42       Paris      1016  2024-03-16 01:53
[2024-03-16 01:56:06,580] {python.py:151} INFO - Done. Returned value was: None
[2024-03-16 01:56:06,594] {taskinstance.py:1211} INFO - Marking task as SUCCESS. dag_id=***_exam, task_id=transform_into_data.csv, execution_date=20240316T015500, start_date=20240316T015606, end_date=20240316T015606
[2024-03-16 01:56:06,633] {taskinstance.py:1265} INFO - 0 downstream tasks scheduled from follow-on schedule check
[2024-03-16 01:56:06,683] {local_task_job.py:151} INFO - Task exited with return code 0
