[2024-03-15 16:44:09,781] {taskinstance.py:896} INFO - Dependencies all met for <TaskInstance: airflow_exam.train_best_model 2024-03-15T16:43:00+00:00 [queued]>
[2024-03-15 16:44:09,801] {taskinstance.py:896} INFO - Dependencies all met for <TaskInstance: airflow_exam.train_best_model 2024-03-15T16:43:00+00:00 [queued]>
[2024-03-15 16:44:09,802] {taskinstance.py:1087} INFO - 
--------------------------------------------------------------------------------
[2024-03-15 16:44:09,802] {taskinstance.py:1088} INFO - Starting attempt 1 of 1
[2024-03-15 16:44:09,802] {taskinstance.py:1089} INFO - 
--------------------------------------------------------------------------------
[2024-03-15 16:44:09,814] {taskinstance.py:1107} INFO - Executing <Task(PythonOperator): train_best_model> on 2024-03-15T16:43:00+00:00
[2024-03-15 16:44:09,823] {standard_task_runner.py:52} INFO - Started process 25197 to run task
[2024-03-15 16:44:09,827] {standard_task_runner.py:76} INFO - Running: ['***', 'tasks', 'run', '***_exam', 'train_best_model', '2024-03-15T16:43:00+00:00', '--job-id', '2624', '--pool', 'default_pool', '--raw', '--subdir', 'DAGS_FOLDER/DAG.py', '--cfg-path', '/tmp/tmp_8yaxpox', '--error-file', '/tmp/tmpijh8mwvd']
[2024-03-15 16:44:09,828] {standard_task_runner.py:77} INFO - Job 2624: Subtask train_best_model
[2024-03-15 16:44:09,886] {logging_mixin.py:104} INFO - Running <TaskInstance: ***_exam.train_best_model 2024-03-15T16:43:00+00:00 [running]> on host 3a3d0401ac26
[2024-03-15 16:44:09,955] {taskinstance.py:1302} INFO - Exporting the following env vars:
AIRFLOW_CTX_DAG_OWNER=***
AIRFLOW_CTX_DAG_ID=***_exam
AIRFLOW_CTX_TASK_ID=train_best_model
AIRFLOW_CTX_EXECUTION_DATE=2024-03-15T16:43:00+00:00
AIRFLOW_CTX_DAG_RUN_ID=scheduled__2024-03-15T16:43:00+00:00
[2024-03-15 16:44:10,113] {logging_mixin.py:104} INFO - LinearRegression() saved at  /app/clean_data/best_model.pickle
[2024-03-15 16:44:10,134] {python.py:151} INFO - Done. Returned value was: None
[2024-03-15 16:44:10,154] {taskinstance.py:1211} INFO - Marking task as SUCCESS. dag_id=***_exam, task_id=train_best_model, execution_date=20240315T164300, start_date=20240315T164409, end_date=20240315T164410
[2024-03-15 16:44:10,215] {taskinstance.py:1265} INFO - 0 downstream tasks scheduled from follow-on schedule check
[2024-03-15 16:44:10,240] {local_task_job.py:151} INFO - Task exited with return code 0
