[2024-03-20 21:13:06,605] {taskinstance.py:896} INFO - Dependencies all met for <TaskInstance: airflow_exam.compute_lr_score 2024-03-20T21:12:00+00:00 [queued]>
[2024-03-20 21:13:06,628] {taskinstance.py:896} INFO - Dependencies all met for <TaskInstance: airflow_exam.compute_lr_score 2024-03-20T21:12:00+00:00 [queued]>
[2024-03-20 21:13:06,628] {taskinstance.py:1087} INFO - 
--------------------------------------------------------------------------------
[2024-03-20 21:13:06,628] {taskinstance.py:1088} INFO - Starting attempt 1 of 1
[2024-03-20 21:13:06,628] {taskinstance.py:1089} INFO - 
--------------------------------------------------------------------------------
[2024-03-20 21:13:06,652] {taskinstance.py:1107} INFO - Executing <Task(PythonOperator): compute_lr_score> on 2024-03-20T21:12:00+00:00
[2024-03-20 21:13:06,665] {standard_task_runner.py:52} INFO - Started process 8630 to run task
[2024-03-20 21:13:06,671] {standard_task_runner.py:76} INFO - Running: ['***', 'tasks', 'run', '***_exam', 'compute_lr_score', '2024-03-20T21:12:00+00:00', '--job-id', '7117', '--pool', 'default_pool', '--raw', '--subdir', 'DAGS_FOLDER/DAG.py', '--cfg-path', '/tmp/tmpqeai9uuh', '--error-file', '/tmp/tmp1ge0m7h2']
[2024-03-20 21:13:06,672] {standard_task_runner.py:77} INFO - Job 7117: Subtask compute_lr_score
[2024-03-20 21:13:06,745] {logging_mixin.py:104} INFO - Running <TaskInstance: ***_exam.compute_lr_score 2024-03-20T21:12:00+00:00 [running]> on host 3a3d0401ac26
[2024-03-20 21:13:06,829] {taskinstance.py:1302} INFO - Exporting the following env vars:
AIRFLOW_CTX_DAG_OWNER=***
AIRFLOW_CTX_DAG_ID=***_exam
AIRFLOW_CTX_TASK_ID=compute_lr_score
AIRFLOW_CTX_EXECUTION_DATE=2024-03-20T21:12:00+00:00
AIRFLOW_CTX_DAG_RUN_ID=scheduled__2024-03-20T21:12:00+00:00
[2024-03-20 21:13:07,098] {python.py:151} INFO - Done. Returned value was: None
[2024-03-20 21:13:07,124] {taskinstance.py:1211} INFO - Marking task as SUCCESS. dag_id=***_exam, task_id=compute_lr_score, execution_date=20240320T211200, start_date=20240320T211306, end_date=20240320T211307
[2024-03-20 21:13:07,196] {taskinstance.py:1265} INFO - 0 downstream tasks scheduled from follow-on schedule check
[2024-03-20 21:13:07,244] {local_task_job.py:151} INFO - Task exited with return code 0
