[2024-03-15 22:00:12,903] {taskinstance.py:896} INFO - Dependencies all met for <TaskInstance: airflow_exam.train_best_model 2024-03-15T21:59:00+00:00 [queued]>
[2024-03-15 22:00:12,930] {taskinstance.py:896} INFO - Dependencies all met for <TaskInstance: airflow_exam.train_best_model 2024-03-15T21:59:00+00:00 [queued]>
[2024-03-15 22:00:12,931] {taskinstance.py:1087} INFO - 
--------------------------------------------------------------------------------
[2024-03-15 22:00:12,931] {taskinstance.py:1088} INFO - Starting attempt 1 of 1
[2024-03-15 22:00:12,931] {taskinstance.py:1089} INFO - 
--------------------------------------------------------------------------------
[2024-03-15 22:00:12,944] {taskinstance.py:1107} INFO - Executing <Task(PythonOperator): train_best_model> on 2024-03-15T21:59:00+00:00
[2024-03-15 22:00:12,952] {standard_task_runner.py:52} INFO - Started process 71615 to run task
[2024-03-15 22:00:12,957] {standard_task_runner.py:76} INFO - Running: ['***', 'tasks', 'run', '***_exam', 'train_best_model', '2024-03-15T21:59:00+00:00', '--job-id', '4243', '--pool', 'default_pool', '--raw', '--subdir', 'DAGS_FOLDER/DAG.py', '--cfg-path', '/tmp/tmp5dod05ry', '--error-file', '/tmp/tmpncrv1vqy']
[2024-03-15 22:00:12,957] {standard_task_runner.py:77} INFO - Job 4243: Subtask train_best_model
[2024-03-15 22:00:13,007] {logging_mixin.py:104} INFO - Running <TaskInstance: ***_exam.train_best_model 2024-03-15T21:59:00+00:00 [running]> on host 3a3d0401ac26
[2024-03-15 22:00:13,080] {taskinstance.py:1302} INFO - Exporting the following env vars:
AIRFLOW_CTX_DAG_OWNER=***
AIRFLOW_CTX_DAG_ID=***_exam
AIRFLOW_CTX_TASK_ID=train_best_model
AIRFLOW_CTX_EXECUTION_DATE=2024-03-15T21:59:00+00:00
AIRFLOW_CTX_DAG_RUN_ID=scheduled__2024-03-15T21:59:00+00:00
[2024-03-15 22:00:13,242] {logging_mixin.py:104} INFO - LinearRegression() saved at  /app/clean_data/best_model.pickle
[2024-03-15 22:00:13,245] {python.py:151} INFO - Done. Returned value was: None
[2024-03-15 22:00:13,262] {taskinstance.py:1211} INFO - Marking task as SUCCESS. dag_id=***_exam, task_id=train_best_model, execution_date=20240315T215900, start_date=20240315T220012, end_date=20240315T220013
[2024-03-15 22:00:13,334] {taskinstance.py:1265} INFO - 0 downstream tasks scheduled from follow-on schedule check
[2024-03-15 22:00:13,370] {local_task_job.py:151} INFO - Task exited with return code 0
