[2023-10-07 15:53:54,496] {taskinstance.py:896} INFO - Dependencies all met for <TaskInstance: airflow_exam.compute_rf_score 2023-10-07T15:26:00+00:00 [queued]>
[2023-10-07 15:53:54,548] {taskinstance.py:896} INFO - Dependencies all met for <TaskInstance: airflow_exam.compute_rf_score 2023-10-07T15:26:00+00:00 [queued]>
[2023-10-07 15:53:54,550] {taskinstance.py:1087} INFO - 
--------------------------------------------------------------------------------
[2023-10-07 15:53:54,550] {taskinstance.py:1088} INFO - Starting attempt 1 of 1
[2023-10-07 15:53:54,551] {taskinstance.py:1089} INFO - 
--------------------------------------------------------------------------------
[2023-10-07 15:53:54,576] {taskinstance.py:1107} INFO - Executing <Task(PythonOperator): compute_rf_score> on 2023-10-07T15:26:00+00:00
[2023-10-07 15:53:54,614] {standard_task_runner.py:52} INFO - Started process 921 to run task
[2023-10-07 15:53:54,622] {standard_task_runner.py:76} INFO - Running: ['***', 'tasks', 'run', '***_exam', 'compute_rf_score', '2023-10-07T15:26:00+00:00', '--job-id', '1207', '--pool', 'default_pool', '--raw', '--subdir', 'DAGS_FOLDER/DAG.py', '--cfg-path', '/tmp/tmpcncoxlv1', '--error-file', '/tmp/tmpuvp3svsg']
[2023-10-07 15:53:54,623] {standard_task_runner.py:77} INFO - Job 1207: Subtask compute_rf_score
[2023-10-07 15:53:54,762] {logging_mixin.py:104} INFO - Running <TaskInstance: ***_exam.compute_rf_score 2023-10-07T15:26:00+00:00 [running]> on host 3a3d0401ac26
[2023-10-07 15:53:54,974] {taskinstance.py:1302} INFO - Exporting the following env vars:
AIRFLOW_CTX_DAG_OWNER=***
AIRFLOW_CTX_DAG_ID=***_exam
AIRFLOW_CTX_TASK_ID=compute_rf_score
AIRFLOW_CTX_EXECUTION_DATE=2023-10-07T15:26:00+00:00
AIRFLOW_CTX_DAG_RUN_ID=scheduled__2023-10-07T15:26:00+00:00
[2023-10-07 15:53:56,714] {python.py:151} INFO - Done. Returned value was: None
[2023-10-07 15:53:56,753] {taskinstance.py:1211} INFO - Marking task as SUCCESS. dag_id=***_exam, task_id=compute_rf_score, execution_date=20231007T152600, start_date=20231007T155354, end_date=20231007T155356
[2023-10-07 15:53:57,063] {taskinstance.py:1265} INFO - 0 downstream tasks scheduled from follow-on schedule check
[2023-10-07 15:53:57,163] {local_task_job.py:151} INFO - Task exited with return code 0
