[2024-03-21 01:30:04,692] {taskinstance.py:896} INFO - Dependencies all met for <TaskInstance: airflow_exam.transform_into_fulldata.csv 2024-03-21T01:29:00+00:00 [queued]>
[2024-03-21 01:30:04,713] {taskinstance.py:896} INFO - Dependencies all met for <TaskInstance: airflow_exam.transform_into_fulldata.csv 2024-03-21T01:29:00+00:00 [queued]>
[2024-03-21 01:30:04,713] {taskinstance.py:1087} INFO - 
--------------------------------------------------------------------------------
[2024-03-21 01:30:04,713] {taskinstance.py:1088} INFO - Starting attempt 1 of 1
[2024-03-21 01:30:04,714] {taskinstance.py:1089} INFO - 
--------------------------------------------------------------------------------
[2024-03-21 01:30:04,737] {taskinstance.py:1107} INFO - Executing <Task(PythonOperator): transform_into_fulldata.csv> on 2024-03-21T01:29:00+00:00
[2024-03-21 01:30:04,747] {standard_task_runner.py:52} INFO - Started process 14951 to run task
[2024-03-21 01:30:04,752] {standard_task_runner.py:76} INFO - Running: ['***', 'tasks', 'run', '***_exam', 'transform_into_fulldata.csv', '2024-03-21T01:29:00+00:00', '--job-id', '8857', '--pool', 'default_pool', '--raw', '--subdir', 'DAGS_FOLDER/DAG.py', '--cfg-path', '/tmp/tmptjvpgf2m', '--error-file', '/tmp/tmpknqktjac']
[2024-03-21 01:30:04,752] {standard_task_runner.py:77} INFO - Job 8857: Subtask transform_into_fulldata.csv
[2024-03-21 01:30:04,827] {logging_mixin.py:104} INFO - Running <TaskInstance: ***_exam.transform_into_fulldata.csv 2024-03-21T01:29:00+00:00 [running]> on host 3a3d0401ac26
[2024-03-21 01:30:04,920] {taskinstance.py:1302} INFO - Exporting the following env vars:
AIRFLOW_CTX_DAG_OWNER=***
AIRFLOW_CTX_DAG_ID=***_exam
AIRFLOW_CTX_TASK_ID=transform_into_fulldata.csv
AIRFLOW_CTX_EXECUTION_DATE=2024-03-21T01:29:00+00:00
AIRFLOW_CTX_DAG_RUN_ID=scheduled__2024-03-21T01:29:00+00:00
[2024-03-21 01:30:05,074] {logging_mixin.py:104} INFO - 
[2024-03-21 01:30:05,097] {logging_mixin.py:104} INFO -     temperature        city  pression              date
0       285.66       Paris      1021  2024-03-21 01:30
1       283.60      London      1023  2024-03-21 01:30
2       288.07  Washington      1008  2024-03-21 01:30
3       285.53       Paris      1021  2024-03-21 01:29
4       283.57      London      1023  2024-03-21 01:29
5       287.56  Washington      1007  2024-03-21 01:29
6       285.53       Paris      1021  2024-03-21 01:28
7       283.57      London      1023  2024-03-21 01:28
8       287.56  Washington      1007  2024-03-21 01:28
9       285.53       Paris      1021  2024-03-21 01:27
[2024-03-21 01:30:05,114] {python.py:151} INFO - Done. Returned value was: None
[2024-03-21 01:30:05,131] {taskinstance.py:1211} INFO - Marking task as SUCCESS. dag_id=***_exam, task_id=transform_into_fulldata.csv, execution_date=20240321T012900, start_date=20240321T013004, end_date=20240321T013005
[2024-03-21 01:30:05,187] {taskinstance.py:1265} INFO - 3 downstream tasks scheduled from follow-on schedule check
[2024-03-21 01:30:05,246] {local_task_job.py:151} INFO - Task exited with return code 0
