[2024-03-15 23:47:04,967] {taskinstance.py:896} INFO - Dependencies all met for <TaskInstance: airflow_exam.transform_into_fulldata.csv 2024-03-15T23:46:00+00:00 [queued]>
[2024-03-15 23:47:05,004] {taskinstance.py:896} INFO - Dependencies all met for <TaskInstance: airflow_exam.transform_into_fulldata.csv 2024-03-15T23:46:00+00:00 [queued]>
[2024-03-15 23:47:05,005] {taskinstance.py:1087} INFO - 
--------------------------------------------------------------------------------
[2024-03-15 23:47:05,005] {taskinstance.py:1088} INFO - Starting attempt 1 of 1
[2024-03-15 23:47:05,005] {taskinstance.py:1089} INFO - 
--------------------------------------------------------------------------------
[2024-03-15 23:47:05,023] {taskinstance.py:1107} INFO - Executing <Task(PythonOperator): transform_into_fulldata.csv> on 2024-03-15T23:46:00+00:00
[2024-03-15 23:47:05,036] {standard_task_runner.py:52} INFO - Started process 93388 to run task
[2024-03-15 23:47:05,041] {standard_task_runner.py:76} INFO - Running: ['***', 'tasks', 'run', '***_exam', 'transform_into_fulldata.csv', '2024-03-15T23:46:00+00:00', '--job-id', '4988', '--pool', 'default_pool', '--raw', '--subdir', 'DAGS_FOLDER/DAG.py', '--cfg-path', '/tmp/tmpg_p8h0n0', '--error-file', '/tmp/tmpn1ahf6mf']
[2024-03-15 23:47:05,041] {standard_task_runner.py:77} INFO - Job 4988: Subtask transform_into_fulldata.csv
[2024-03-15 23:47:05,125] {logging_mixin.py:104} INFO - Running <TaskInstance: ***_exam.transform_into_fulldata.csv 2024-03-15T23:46:00+00:00 [running]> on host 3a3d0401ac26
[2024-03-15 23:47:05,239] {taskinstance.py:1302} INFO - Exporting the following env vars:
AIRFLOW_CTX_DAG_OWNER=***
AIRFLOW_CTX_DAG_ID=***_exam
AIRFLOW_CTX_TASK_ID=transform_into_fulldata.csv
AIRFLOW_CTX_EXECUTION_DATE=2024-03-15T23:46:00+00:00
AIRFLOW_CTX_DAG_RUN_ID=scheduled__2024-03-15T23:46:00+00:00
[2024-03-15 23:47:05,325] {logging_mixin.py:104} INFO - 
[2024-03-15 23:47:05,358] {logging_mixin.py:104} INFO -     temperature        city  pression              date
0       285.15       Paris      1015  2024-03-15 23:47
1       281.86      London      1012  2024-03-15 23:47
2       289.37  Washington      1021  2024-03-15 23:47
3       285.15       Paris      1015  2024-03-15 23:46
4       281.85      London      1012  2024-03-15 23:46
5       289.37  Washington      1021  2024-03-15 23:46
6       285.15       Paris      1015  2024-03-15 23:45
7       281.85      London      1012  2024-03-15 23:45
8       289.37  Washington      1021  2024-03-15 23:45
9       285.15       Paris      1015  2024-03-15 23:44
[2024-03-15 23:47:05,378] {python.py:151} INFO - Done. Returned value was: None
[2024-03-15 23:47:05,396] {taskinstance.py:1211} INFO - Marking task as SUCCESS. dag_id=***_exam, task_id=transform_into_fulldata.csv, execution_date=20240315T234600, start_date=20240315T234704, end_date=20240315T234705
[2024-03-15 23:47:05,463] {taskinstance.py:1265} INFO - 3 downstream tasks scheduled from follow-on schedule check
[2024-03-15 23:47:05,514] {local_task_job.py:151} INFO - Task exited with return code 0
