[2024-03-21 17:45:05,240] {taskinstance.py:896} INFO - Dependencies all met for <TaskInstance: airflow_exam.transform_into_fulldata.csv 2024-03-21T17:44:00+00:00 [queued]>
[2024-03-21 17:45:05,274] {taskinstance.py:896} INFO - Dependencies all met for <TaskInstance: airflow_exam.transform_into_fulldata.csv 2024-03-21T17:44:00+00:00 [queued]>
[2024-03-21 17:45:05,274] {taskinstance.py:1087} INFO - 
--------------------------------------------------------------------------------
[2024-03-21 17:45:05,275] {taskinstance.py:1088} INFO - Starting attempt 1 of 1
[2024-03-21 17:45:05,275] {taskinstance.py:1089} INFO - 
--------------------------------------------------------------------------------
[2024-03-21 17:45:05,292] {taskinstance.py:1107} INFO - Executing <Task(PythonOperator): transform_into_fulldata.csv> on 2024-03-21T17:44:00+00:00
[2024-03-21 17:45:05,304] {standard_task_runner.py:52} INFO - Started process 26773 to run task
[2024-03-21 17:45:05,309] {standard_task_runner.py:76} INFO - Running: ['***', 'tasks', 'run', '***_exam', 'transform_into_fulldata.csv', '2024-03-21T17:44:00+00:00', '--job-id', '9920', '--pool', 'default_pool', '--raw', '--subdir', 'DAGS_FOLDER/DAG.py', '--cfg-path', '/tmp/tmp7wnmvl8_', '--error-file', '/tmp/tmpof0w8isp']
[2024-03-21 17:45:05,309] {standard_task_runner.py:77} INFO - Job 9920: Subtask transform_into_fulldata.csv
[2024-03-21 17:45:05,385] {logging_mixin.py:104} INFO - Running <TaskInstance: ***_exam.transform_into_fulldata.csv 2024-03-21T17:44:00+00:00 [running]> on host 3a3d0401ac26
[2024-03-21 17:45:05,481] {taskinstance.py:1302} INFO - Exporting the following env vars:
AIRFLOW_CTX_DAG_OWNER=***
AIRFLOW_CTX_DAG_ID=***_exam
AIRFLOW_CTX_TASK_ID=transform_into_fulldata.csv
AIRFLOW_CTX_EXECUTION_DATE=2024-03-21T17:44:00+00:00
AIRFLOW_CTX_DAG_RUN_ID=scheduled__2024-03-21T17:44:00+00:00
[2024-03-21 17:45:05,640] {logging_mixin.py:104} INFO - 
[2024-03-21 17:45:05,672] {logging_mixin.py:104} INFO -     temperature        city  pression              date
0       291.43       Paris      1025  2024-03-21 17:45
1       288.42      London      1022  2024-03-21 17:45
2       283.51  Washington      1014  2024-03-21 17:45
3       291.43       Paris      1025  2024-03-21 17:44
4       288.42      London      1022  2024-03-21 17:44
5       283.51  Washington      1014  2024-03-21 17:44
6       291.43       Paris      1025  2024-03-21 17:43
7       288.42      London      1022  2024-03-21 17:43
8       283.51  Washington      1014  2024-03-21 17:43
9       291.43       Paris      1025  2024-03-21 17:42
[2024-03-21 17:45:05,698] {python.py:151} INFO - Done. Returned value was: None
[2024-03-21 17:45:05,715] {taskinstance.py:1211} INFO - Marking task as SUCCESS. dag_id=***_exam, task_id=transform_into_fulldata.csv, execution_date=20240321T174400, start_date=20240321T174505, end_date=20240321T174505
[2024-03-21 17:45:05,765] {taskinstance.py:1265} INFO - 3 downstream tasks scheduled from follow-on schedule check
[2024-03-21 17:45:05,802] {local_task_job.py:151} INFO - Task exited with return code 0
