[2024-03-16 02:51:04,849] {taskinstance.py:896} INFO - Dependencies all met for <TaskInstance: airflow_exam.transform_into_data.csv 2024-03-16T02:50:00+00:00 [queued]>
[2024-03-16 02:51:04,875] {taskinstance.py:896} INFO - Dependencies all met for <TaskInstance: airflow_exam.transform_into_data.csv 2024-03-16T02:50:00+00:00 [queued]>
[2024-03-16 02:51:04,875] {taskinstance.py:1087} INFO - 
--------------------------------------------------------------------------------
[2024-03-16 02:51:04,875] {taskinstance.py:1088} INFO - Starting attempt 1 of 1
[2024-03-16 02:51:04,875] {taskinstance.py:1089} INFO - 
--------------------------------------------------------------------------------
[2024-03-16 02:51:04,887] {taskinstance.py:1107} INFO - Executing <Task(PythonOperator): transform_into_data.csv> on 2024-03-16T02:50:00+00:00
[2024-03-16 02:51:04,898] {standard_task_runner.py:52} INFO - Started process 132349 to run task
[2024-03-16 02:51:04,901] {standard_task_runner.py:76} INFO - Running: ['***', 'tasks', 'run', '***_exam', 'transform_into_data.csv', '2024-03-16T02:50:00+00:00', '--job-id', '6268', '--pool', 'default_pool', '--raw', '--subdir', 'DAGS_FOLDER/DAG.py', '--cfg-path', '/tmp/tmptswcxunz', '--error-file', '/tmp/tmpv8mlutc9']
[2024-03-16 02:51:04,902] {standard_task_runner.py:77} INFO - Job 6268: Subtask transform_into_data.csv
[2024-03-16 02:51:04,959] {logging_mixin.py:104} INFO - Running <TaskInstance: ***_exam.transform_into_data.csv 2024-03-16T02:50:00+00:00 [running]> on host 3a3d0401ac26
[2024-03-16 02:51:05,030] {taskinstance.py:1302} INFO - Exporting the following env vars:
AIRFLOW_CTX_DAG_OWNER=***
AIRFLOW_CTX_DAG_ID=***_exam
AIRFLOW_CTX_TASK_ID=transform_into_data.csv
AIRFLOW_CTX_EXECUTION_DATE=2024-03-16T02:50:00+00:00
AIRFLOW_CTX_DAG_RUN_ID=scheduled__2024-03-16T02:50:00+00:00
[2024-03-16 02:51:05,036] {logging_mixin.py:104} INFO - 
[2024-03-16 02:51:05,060] {logging_mixin.py:104} INFO -     temperature        city  pression              date
0       284.22       Paris      1017  2024-03-16 02:51
1       281.32      London      1015  2024-03-16 02:51
2       280.63  Washington      1023  2024-03-16 02:51
3       284.22       Paris      1017  2024-03-16 02:50
4       281.32      London      1015  2024-03-16 02:50
5       280.63  Washington      1023  2024-03-16 02:50
6       284.22       Paris      1017  2024-03-16 02:49
7       281.31      London      1015  2024-03-16 02:49
8       282.52  Washington      1023  2024-03-16 02:49
9       284.22       Paris      1017  2024-03-16 02:48
[2024-03-16 02:51:05,064] {python.py:151} INFO - Done. Returned value was: None
[2024-03-16 02:51:05,078] {taskinstance.py:1211} INFO - Marking task as SUCCESS. dag_id=***_exam, task_id=transform_into_data.csv, execution_date=20240316T025000, start_date=20240316T025104, end_date=20240316T025105
[2024-03-16 02:51:05,114] {taskinstance.py:1265} INFO - 0 downstream tasks scheduled from follow-on schedule check
[2024-03-16 02:51:05,154] {local_task_job.py:151} INFO - Task exited with return code 0
