[2024-03-21 16:39:06,287] {taskinstance.py:896} INFO - Dependencies all met for <TaskInstance: airflow_exam.transform_into_data.csv 2024-03-21T16:38:00+00:00 [queued]>
[2024-03-21 16:39:06,318] {taskinstance.py:896} INFO - Dependencies all met for <TaskInstance: airflow_exam.transform_into_data.csv 2024-03-21T16:38:00+00:00 [queued]>
[2024-03-21 16:39:06,318] {taskinstance.py:1087} INFO - 
--------------------------------------------------------------------------------
[2024-03-21 16:39:06,319] {taskinstance.py:1088} INFO - Starting attempt 1 of 1
[2024-03-21 16:39:06,319] {taskinstance.py:1089} INFO - 
--------------------------------------------------------------------------------
[2024-03-21 16:39:06,336] {taskinstance.py:1107} INFO - Executing <Task(PythonOperator): transform_into_data.csv> on 2024-03-21T16:38:00+00:00
[2024-03-21 16:39:06,347] {standard_task_runner.py:52} INFO - Started process 12554 to run task
[2024-03-21 16:39:06,351] {standard_task_runner.py:76} INFO - Running: ['***', 'tasks', 'run', '***_exam', 'transform_into_data.csv', '2024-03-21T16:38:00+00:00', '--job-id', '9458', '--pool', 'default_pool', '--raw', '--subdir', 'DAGS_FOLDER/DAG.py', '--cfg-path', '/tmp/tmprgs0wmn4', '--error-file', '/tmp/tmpl1taxsbg']
[2024-03-21 16:39:06,352] {standard_task_runner.py:77} INFO - Job 9458: Subtask transform_into_data.csv
[2024-03-21 16:39:06,424] {logging_mixin.py:104} INFO - Running <TaskInstance: ***_exam.transform_into_data.csv 2024-03-21T16:38:00+00:00 [running]> on host 3a3d0401ac26
[2024-03-21 16:39:06,524] {taskinstance.py:1302} INFO - Exporting the following env vars:
AIRFLOW_CTX_DAG_OWNER=***
AIRFLOW_CTX_DAG_ID=***_exam
AIRFLOW_CTX_TASK_ID=transform_into_data.csv
AIRFLOW_CTX_EXECUTION_DATE=2024-03-21T16:38:00+00:00
AIRFLOW_CTX_DAG_RUN_ID=scheduled__2024-03-21T16:38:00+00:00
[2024-03-21 16:39:06,534] {logging_mixin.py:104} INFO - 
[2024-03-21 16:39:06,565] {logging_mixin.py:104} INFO -     temperature        city  pression              date
0       292.52       Paris      1025  2024-03-21 16:39
1       289.32      London      1023  2024-03-21 16:39
2       281.76  Washington      1015  2024-03-21 16:39
3       292.52       Paris      1025  2024-03-21 16:38
4       289.32      London      1023  2024-03-21 16:38
5       281.37  Washington      1015  2024-03-21 16:38
6       292.52       Paris      1025  2024-03-21 16:37
7       289.32      London      1023  2024-03-21 16:37
8       281.37  Washington      1015  2024-03-21 16:37
9       292.52       Paris      1025  2024-03-21 16:36
[2024-03-21 16:39:06,572] {python.py:151} INFO - Done. Returned value was: None
[2024-03-21 16:39:06,589] {taskinstance.py:1211} INFO - Marking task as SUCCESS. dag_id=***_exam, task_id=transform_into_data.csv, execution_date=20240321T163800, start_date=20240321T163906, end_date=20240321T163906
[2024-03-21 16:39:06,628] {taskinstance.py:1265} INFO - 0 downstream tasks scheduled from follow-on schedule check
[2024-03-21 16:39:06,645] {local_task_job.py:151} INFO - Task exited with return code 0
