[2024-03-16 01:27:05,502] {taskinstance.py:896} INFO - Dependencies all met for <TaskInstance: airflow_exam.transform_into_fulldata.csv 2024-03-16T01:26:00+00:00 [queued]>
[2024-03-16 01:27:05,523] {taskinstance.py:896} INFO - Dependencies all met for <TaskInstance: airflow_exam.transform_into_fulldata.csv 2024-03-16T01:26:00+00:00 [queued]>
[2024-03-16 01:27:05,524] {taskinstance.py:1087} INFO - 
--------------------------------------------------------------------------------
[2024-03-16 01:27:05,524] {taskinstance.py:1088} INFO - Starting attempt 1 of 1
[2024-03-16 01:27:05,524] {taskinstance.py:1089} INFO - 
--------------------------------------------------------------------------------
[2024-03-16 01:27:05,535] {taskinstance.py:1107} INFO - Executing <Task(PythonOperator): transform_into_fulldata.csv> on 2024-03-16T01:26:00+00:00
[2024-03-16 01:27:05,543] {standard_task_runner.py:52} INFO - Started process 114308 to run task
[2024-03-16 01:27:05,545] {standard_task_runner.py:76} INFO - Running: ['***', 'tasks', 'run', '***_exam', 'transform_into_fulldata.csv', '2024-03-16T01:26:00+00:00', '--job-id', '5681', '--pool', 'default_pool', '--raw', '--subdir', 'DAGS_FOLDER/DAG.py', '--cfg-path', '/tmp/tmpff_6gytp', '--error-file', '/tmp/tmpdbcx4_82']
[2024-03-16 01:27:05,546] {standard_task_runner.py:77} INFO - Job 5681: Subtask transform_into_fulldata.csv
[2024-03-16 01:27:05,595] {logging_mixin.py:104} INFO - Running <TaskInstance: ***_exam.transform_into_fulldata.csv 2024-03-16T01:26:00+00:00 [running]> on host 3a3d0401ac26
[2024-03-16 01:27:05,660] {taskinstance.py:1302} INFO - Exporting the following env vars:
AIRFLOW_CTX_DAG_OWNER=***
AIRFLOW_CTX_DAG_ID=***_exam
AIRFLOW_CTX_TASK_ID=transform_into_fulldata.csv
AIRFLOW_CTX_EXECUTION_DATE=2024-03-16T01:26:00+00:00
AIRFLOW_CTX_DAG_RUN_ID=scheduled__2024-03-16T01:26:00+00:00
[2024-03-16 01:27:05,711] {logging_mixin.py:104} INFO - 
[2024-03-16 01:27:05,733] {logging_mixin.py:104} INFO -     temperature        city  pression              date
0       284.54       Paris      1016  2024-03-16 01:27
1       280.96      London      1014  2024-03-16 01:27
2       288.15  Washington      1021  2024-03-16 01:27
3       284.54       Paris      1016  2024-03-16 01:26
4       280.96      London      1014  2024-03-16 01:26
5       288.15  Washington      1021  2024-03-16 01:26
6       284.59       Paris      1016  2024-03-16 01:25
7       280.96      London      1014  2024-03-16 01:25
8       286.76  Washington      1021  2024-03-16 01:25
9       284.59       Paris      1016  2024-03-16 01:24
[2024-03-16 01:27:05,747] {python.py:151} INFO - Done. Returned value was: None
[2024-03-16 01:27:05,766] {taskinstance.py:1211} INFO - Marking task as SUCCESS. dag_id=***_exam, task_id=transform_into_fulldata.csv, execution_date=20240316T012600, start_date=20240316T012705, end_date=20240316T012705
[2024-03-16 01:27:05,822] {taskinstance.py:1265} INFO - 3 downstream tasks scheduled from follow-on schedule check
[2024-03-16 01:27:05,840] {local_task_job.py:151} INFO - Task exited with return code 0
