[2024-03-15 21:07:09,287] {taskinstance.py:896} INFO - Dependencies all met for <TaskInstance: airflow_exam.compute_rf_score 2024-03-15T21:06:00+00:00 [queued]>
[2024-03-15 21:07:09,323] {taskinstance.py:896} INFO - Dependencies all met for <TaskInstance: airflow_exam.compute_rf_score 2024-03-15T21:06:00+00:00 [queued]>
[2024-03-15 21:07:09,323] {taskinstance.py:1087} INFO - 
--------------------------------------------------------------------------------
[2024-03-15 21:07:09,323] {taskinstance.py:1088} INFO - Starting attempt 1 of 1
[2024-03-15 21:07:09,323] {taskinstance.py:1089} INFO - 
--------------------------------------------------------------------------------
[2024-03-15 21:07:09,339] {taskinstance.py:1107} INFO - Executing <Task(PythonOperator): compute_rf_score> on 2024-03-15T21:06:00+00:00
[2024-03-15 21:07:09,352] {standard_task_runner.py:52} INFO - Started process 60832 to run task
[2024-03-15 21:07:09,357] {standard_task_runner.py:76} INFO - Running: ['***', 'tasks', 'run', '***_exam', 'compute_rf_score', '2024-03-15T21:06:00+00:00', '--job-id', '3870', '--pool', 'default_pool', '--raw', '--subdir', 'DAGS_FOLDER/DAG.py', '--cfg-path', '/tmp/tmpdntb610u', '--error-file', '/tmp/tmpnw9iubtf']
[2024-03-15 21:07:09,358] {standard_task_runner.py:77} INFO - Job 3870: Subtask compute_rf_score
[2024-03-15 21:07:09,444] {logging_mixin.py:104} INFO - Running <TaskInstance: ***_exam.compute_rf_score 2024-03-15T21:06:00+00:00 [running]> on host 3a3d0401ac26
[2024-03-15 21:07:09,543] {taskinstance.py:1302} INFO - Exporting the following env vars:
AIRFLOW_CTX_DAG_OWNER=***
AIRFLOW_CTX_DAG_ID=***_exam
AIRFLOW_CTX_TASK_ID=compute_rf_score
AIRFLOW_CTX_EXECUTION_DATE=2024-03-15T21:06:00+00:00
AIRFLOW_CTX_DAG_RUN_ID=scheduled__2024-03-15T21:06:00+00:00
[2024-03-15 21:07:11,619] {python.py:151} INFO - Done. Returned value was: None
[2024-03-15 21:07:11,631] {taskinstance.py:1211} INFO - Marking task as SUCCESS. dag_id=***_exam, task_id=compute_rf_score, execution_date=20240315T210600, start_date=20240315T210709, end_date=20240315T210711
[2024-03-15 21:07:11,668] {taskinstance.py:1265} INFO - 1 downstream tasks scheduled from follow-on schedule check
[2024-03-15 21:07:11,716] {local_task_job.py:151} INFO - Task exited with return code 0
