[2024-03-15 22:31:04,954] {taskinstance.py:896} INFO - Dependencies all met for <TaskInstance: airflow_exam.transform_into_data.csv 2024-03-15T22:30:00+00:00 [queued]>
[2024-03-15 22:31:04,976] {taskinstance.py:896} INFO - Dependencies all met for <TaskInstance: airflow_exam.transform_into_data.csv 2024-03-15T22:30:00+00:00 [queued]>
[2024-03-15 22:31:04,976] {taskinstance.py:1087} INFO - 
--------------------------------------------------------------------------------
[2024-03-15 22:31:04,976] {taskinstance.py:1088} INFO - Starting attempt 1 of 1
[2024-03-15 22:31:04,976] {taskinstance.py:1089} INFO - 
--------------------------------------------------------------------------------
[2024-03-15 22:31:04,989] {taskinstance.py:1107} INFO - Executing <Task(PythonOperator): transform_into_data.csv> on 2024-03-15T22:30:00+00:00
[2024-03-15 22:31:04,996] {standard_task_runner.py:52} INFO - Started process 77884 to run task
[2024-03-15 22:31:05,000] {standard_task_runner.py:76} INFO - Running: ['***', 'tasks', 'run', '***_exam', 'transform_into_data.csv', '2024-03-15T22:30:00+00:00', '--job-id', '4456', '--pool', 'default_pool', '--raw', '--subdir', 'DAGS_FOLDER/DAG.py', '--cfg-path', '/tmp/tmpsx6ajj4o', '--error-file', '/tmp/tmptlv8dtwu']
[2024-03-15 22:31:05,001] {standard_task_runner.py:77} INFO - Job 4456: Subtask transform_into_data.csv
[2024-03-15 22:31:05,052] {logging_mixin.py:104} INFO - Running <TaskInstance: ***_exam.transform_into_data.csv 2024-03-15T22:30:00+00:00 [running]> on host 3a3d0401ac26
[2024-03-15 22:31:05,124] {taskinstance.py:1302} INFO - Exporting the following env vars:
AIRFLOW_CTX_DAG_OWNER=***
AIRFLOW_CTX_DAG_ID=***_exam
AIRFLOW_CTX_TASK_ID=transform_into_data.csv
AIRFLOW_CTX_EXECUTION_DATE=2024-03-15T22:30:00+00:00
AIRFLOW_CTX_DAG_RUN_ID=scheduled__2024-03-15T22:30:00+00:00
[2024-03-15 22:31:05,129] {logging_mixin.py:104} INFO - 
[2024-03-15 22:31:05,148] {logging_mixin.py:104} INFO -     temperature        city  pression              date
0       285.48       Paris      1014  2024-03-15 22:31
1       282.83      London      1011  2024-03-15 22:31
2       288.86  Washington      1022  2024-03-15 22:31
3       285.48       Paris      1014  2024-03-15 22:30
4       282.83      London      1011  2024-03-15 22:30
5       288.86  Washington      1022  2024-03-15 22:30
6       285.48       Paris      1014  2024-03-15 22:29
7       282.83      London      1011  2024-03-15 22:29
8       288.86  Washington      1022  2024-03-15 22:29
9       285.48       Paris      1014  2024-03-15 22:28
[2024-03-15 22:31:05,152] {python.py:151} INFO - Done. Returned value was: None
[2024-03-15 22:31:05,165] {taskinstance.py:1211} INFO - Marking task as SUCCESS. dag_id=***_exam, task_id=transform_into_data.csv, execution_date=20240315T223000, start_date=20240315T223104, end_date=20240315T223105
[2024-03-15 22:31:05,201] {taskinstance.py:1265} INFO - 0 downstream tasks scheduled from follow-on schedule check
[2024-03-15 22:31:05,213] {local_task_job.py:151} INFO - Task exited with return code 0
