[2024-03-20 23:18:11,018] {taskinstance.py:896} INFO - Dependencies all met for <TaskInstance: airflow_exam.train_best_model 2024-03-20T23:17:00+00:00 [queued]>
[2024-03-20 23:18:11,037] {taskinstance.py:896} INFO - Dependencies all met for <TaskInstance: airflow_exam.train_best_model 2024-03-20T23:17:00+00:00 [queued]>
[2024-03-20 23:18:11,037] {taskinstance.py:1087} INFO - 
--------------------------------------------------------------------------------
[2024-03-20 23:18:11,037] {taskinstance.py:1088} INFO - Starting attempt 1 of 1
[2024-03-20 23:18:11,037] {taskinstance.py:1089} INFO - 
--------------------------------------------------------------------------------
[2024-03-20 23:18:11,057] {taskinstance.py:1107} INFO - Executing <Task(PythonOperator): train_best_model> on 2024-03-20T23:17:00+00:00
[2024-03-20 23:18:11,068] {standard_task_runner.py:52} INFO - Started process 35258 to run task
[2024-03-20 23:18:11,071] {standard_task_runner.py:76} INFO - Running: ['***', 'tasks', 'run', '***_exam', 'train_best_model', '2024-03-20T23:17:00+00:00', '--job-id', '7994', '--pool', 'default_pool', '--raw', '--subdir', 'DAGS_FOLDER/DAG.py', '--cfg-path', '/tmp/tmp4g5er3p4', '--error-file', '/tmp/tmp_h7uofdx']
[2024-03-20 23:18:11,072] {standard_task_runner.py:77} INFO - Job 7994: Subtask train_best_model
[2024-03-20 23:18:11,136] {logging_mixin.py:104} INFO - Running <TaskInstance: ***_exam.train_best_model 2024-03-20T23:17:00+00:00 [running]> on host 3a3d0401ac26
[2024-03-20 23:18:11,230] {taskinstance.py:1302} INFO - Exporting the following env vars:
AIRFLOW_CTX_DAG_OWNER=***
AIRFLOW_CTX_DAG_ID=***_exam
AIRFLOW_CTX_TASK_ID=train_best_model
AIRFLOW_CTX_EXECUTION_DATE=2024-03-20T23:17:00+00:00
AIRFLOW_CTX_DAG_RUN_ID=scheduled__2024-03-20T23:17:00+00:00
[2024-03-20 23:18:11,396] {logging_mixin.py:104} INFO - LinearRegression() saved at  /app/clean_data/best_model.pickle
[2024-03-20 23:18:11,399] {python.py:151} INFO - Done. Returned value was: None
[2024-03-20 23:18:11,420] {taskinstance.py:1211} INFO - Marking task as SUCCESS. dag_id=***_exam, task_id=train_best_model, execution_date=20240320T231700, start_date=20240320T231811, end_date=20240320T231811
[2024-03-20 23:18:11,494] {taskinstance.py:1265} INFO - 0 downstream tasks scheduled from follow-on schedule check
[2024-03-20 23:18:11,526] {local_task_job.py:151} INFO - Task exited with return code 0
