[2024-03-15 13:54:05,284] {taskinstance.py:896} INFO - Dependencies all met for <TaskInstance: airflow_exam.transform_into_data.csv 2024-03-15T13:53:00+00:00 [queued]>
[2024-03-15 13:54:05,310] {taskinstance.py:896} INFO - Dependencies all met for <TaskInstance: airflow_exam.transform_into_data.csv 2024-03-15T13:53:00+00:00 [queued]>
[2024-03-15 13:54:05,311] {taskinstance.py:1087} INFO - 
--------------------------------------------------------------------------------
[2024-03-15 13:54:05,311] {taskinstance.py:1088} INFO - Starting attempt 1 of 1
[2024-03-15 13:54:05,311] {taskinstance.py:1089} INFO - 
--------------------------------------------------------------------------------
[2024-03-15 13:54:05,322] {taskinstance.py:1107} INFO - Executing <Task(PythonOperator): transform_into_data.csv> on 2024-03-15T13:53:00+00:00
[2024-03-15 13:54:05,332] {standard_task_runner.py:52} INFO - Started process 901 to run task
[2024-03-15 13:54:05,336] {standard_task_runner.py:76} INFO - Running: ['***', 'tasks', 'run', '***_exam', 'transform_into_data.csv', '2024-03-15T13:53:00+00:00', '--job-id', '1723', '--pool', 'default_pool', '--raw', '--subdir', 'DAGS_FOLDER/DAG.py', '--cfg-path', '/tmp/tmpoxsf2yap', '--error-file', '/tmp/tmp5egb1fpp']
[2024-03-15 13:54:05,337] {standard_task_runner.py:77} INFO - Job 1723: Subtask transform_into_data.csv
[2024-03-15 13:54:05,391] {logging_mixin.py:104} INFO - Running <TaskInstance: ***_exam.transform_into_data.csv 2024-03-15T13:53:00+00:00 [running]> on host 3a3d0401ac26
[2024-03-15 13:54:05,462] {taskinstance.py:1302} INFO - Exporting the following env vars:
AIRFLOW_CTX_DAG_OWNER=***
AIRFLOW_CTX_DAG_ID=***_exam
AIRFLOW_CTX_TASK_ID=transform_into_data.csv
AIRFLOW_CTX_EXECUTION_DATE=2024-03-15T13:53:00+00:00
AIRFLOW_CTX_DAG_RUN_ID=scheduled__2024-03-15T13:53:00+00:00
[2024-03-15 13:54:05,469] {logging_mixin.py:104} INFO - 
[2024-03-15 13:54:05,488] {logging_mixin.py:104} INFO -     temperature        city  pression              date
0       288.52       Paris      1012  2024-03-15 13:54
1       287.75      London      1004  2024-03-15 13:54
2       274.57  Washington      1029  2024-03-15 13:54
3       288.52       Paris      1012  2024-03-15 13:53
4       287.75      London      1004  2024-03-15 13:53
5       274.57  Washington      1029  2024-03-15 13:53
6       287.55       Paris      1012  2024-03-15 13:52
7       287.75      London      1004  2024-03-15 13:52
8       274.57  Washington      1029  2024-03-15 13:52
9       287.55       Paris      1012  2024-03-15 13:51
[2024-03-15 13:54:05,492] {python.py:151} INFO - Done. Returned value was: None
[2024-03-15 13:54:05,506] {taskinstance.py:1211} INFO - Marking task as SUCCESS. dag_id=***_exam, task_id=transform_into_data.csv, execution_date=20240315T135300, start_date=20240315T135405, end_date=20240315T135405
[2024-03-15 13:54:05,542] {taskinstance.py:1265} INFO - 0 downstream tasks scheduled from follow-on schedule check
[2024-03-15 13:54:05,589] {local_task_job.py:151} INFO - Task exited with return code 0
