[2023-10-06 14:23:06,758] {taskinstance.py:896} INFO - Dependencies all met for <TaskInstance: airflow_exam.compute_dt_score 2023-10-06T14:22:00+00:00 [queued]>
[2023-10-06 14:23:06,773] {taskinstance.py:896} INFO - Dependencies all met for <TaskInstance: airflow_exam.compute_dt_score 2023-10-06T14:22:00+00:00 [queued]>
[2023-10-06 14:23:06,774] {taskinstance.py:1087} INFO - 
--------------------------------------------------------------------------------
[2023-10-06 14:23:06,774] {taskinstance.py:1088} INFO - Starting attempt 1 of 1
[2023-10-06 14:23:06,774] {taskinstance.py:1089} INFO - 
--------------------------------------------------------------------------------
[2023-10-06 14:23:06,790] {taskinstance.py:1107} INFO - Executing <Task(PythonOperator): compute_dt_score> on 2023-10-06T14:22:00+00:00
[2023-10-06 14:23:06,798] {standard_task_runner.py:52} INFO - Started process 29665 to run task
[2023-10-06 14:23:06,801] {standard_task_runner.py:76} INFO - Running: ['***', 'tasks', 'run', '***_exam', 'compute_dt_score', '2023-10-06T14:22:00+00:00', '--job-id', '316', '--pool', 'default_pool', '--raw', '--subdir', 'DAGS_FOLDER/DAG.py', '--cfg-path', '/tmp/tmp2l4puuax', '--error-file', '/tmp/tmp5_sv8duv']
[2023-10-06 14:23:06,802] {standard_task_runner.py:77} INFO - Job 316: Subtask compute_dt_score
[2023-10-06 14:23:06,853] {logging_mixin.py:104} INFO - Running <TaskInstance: ***_exam.compute_dt_score 2023-10-06T14:22:00+00:00 [running]> on host 3a3d0401ac26
[2023-10-06 14:23:06,915] {taskinstance.py:1302} INFO - Exporting the following env vars:
AIRFLOW_CTX_DAG_OWNER=***
AIRFLOW_CTX_DAG_ID=***_exam
AIRFLOW_CTX_TASK_ID=compute_dt_score
AIRFLOW_CTX_EXECUTION_DATE=2023-10-06T14:22:00+00:00
AIRFLOW_CTX_DAG_RUN_ID=scheduled__2023-10-06T14:22:00+00:00
[2023-10-06 14:23:07,134] {python.py:151} INFO - Done. Returned value was: None
[2023-10-06 14:23:07,155] {taskinstance.py:1211} INFO - Marking task as SUCCESS. dag_id=***_exam, task_id=compute_dt_score, execution_date=20231006T142200, start_date=20231006T142306, end_date=20231006T142307
[2023-10-06 14:23:07,212] {taskinstance.py:1265} INFO - 0 downstream tasks scheduled from follow-on schedule check
[2023-10-06 14:23:07,254] {local_task_job.py:151} INFO - Task exited with return code 0
