[2024-03-16 01:35:08,151] {taskinstance.py:896} INFO - Dependencies all met for <TaskInstance: airflow_exam.compute_lr_score 2024-03-16T01:34:00+00:00 [queued]>
[2024-03-16 01:35:08,178] {taskinstance.py:896} INFO - Dependencies all met for <TaskInstance: airflow_exam.compute_lr_score 2024-03-16T01:34:00+00:00 [queued]>
[2024-03-16 01:35:08,178] {taskinstance.py:1087} INFO - 
--------------------------------------------------------------------------------
[2024-03-16 01:35:08,178] {taskinstance.py:1088} INFO - Starting attempt 1 of 1
[2024-03-16 01:35:08,178] {taskinstance.py:1089} INFO - 
--------------------------------------------------------------------------------
[2024-03-16 01:35:08,196] {taskinstance.py:1107} INFO - Executing <Task(PythonOperator): compute_lr_score> on 2024-03-16T01:34:00+00:00
[2024-03-16 01:35:08,207] {standard_task_runner.py:52} INFO - Started process 116073 to run task
[2024-03-16 01:35:08,212] {standard_task_runner.py:76} INFO - Running: ['***', 'tasks', 'run', '***_exam', 'compute_lr_score', '2024-03-16T01:34:00+00:00', '--job-id', '5738', '--pool', 'default_pool', '--raw', '--subdir', 'DAGS_FOLDER/DAG.py', '--cfg-path', '/tmp/tmpzhrfgmcy', '--error-file', '/tmp/tmpjrj28wc5']
[2024-03-16 01:35:08,213] {standard_task_runner.py:77} INFO - Job 5738: Subtask compute_lr_score
[2024-03-16 01:35:08,283] {logging_mixin.py:104} INFO - Running <TaskInstance: ***_exam.compute_lr_score 2024-03-16T01:34:00+00:00 [running]> on host 3a3d0401ac26
[2024-03-16 01:35:08,372] {taskinstance.py:1302} INFO - Exporting the following env vars:
AIRFLOW_CTX_DAG_OWNER=***
AIRFLOW_CTX_DAG_ID=***_exam
AIRFLOW_CTX_TASK_ID=compute_lr_score
AIRFLOW_CTX_EXECUTION_DATE=2024-03-16T01:34:00+00:00
AIRFLOW_CTX_DAG_RUN_ID=scheduled__2024-03-16T01:34:00+00:00
[2024-03-16 01:35:08,895] {python.py:151} INFO - Done. Returned value was: None
[2024-03-16 01:35:08,938] {taskinstance.py:1211} INFO - Marking task as SUCCESS. dag_id=***_exam, task_id=compute_lr_score, execution_date=20240316T013400, start_date=20240316T013508, end_date=20240316T013508
[2024-03-16 01:35:08,997] {taskinstance.py:1265} INFO - 0 downstream tasks scheduled from follow-on schedule check
[2024-03-16 01:35:09,034] {local_task_job.py:151} INFO - Task exited with return code 0
