[2024-03-21 15:54:05,900] {taskinstance.py:896} INFO - Dependencies all met for <TaskInstance: airflow_exam.transform_into_data.csv 2024-03-21T15:53:00+00:00 [queued]>
[2024-03-21 15:54:05,930] {taskinstance.py:896} INFO - Dependencies all met for <TaskInstance: airflow_exam.transform_into_data.csv 2024-03-21T15:53:00+00:00 [queued]>
[2024-03-21 15:54:05,930] {taskinstance.py:1087} INFO - 
--------------------------------------------------------------------------------
[2024-03-21 15:54:05,930] {taskinstance.py:1088} INFO - Starting attempt 1 of 1
[2024-03-21 15:54:05,931] {taskinstance.py:1089} INFO - 
--------------------------------------------------------------------------------
[2024-03-21 15:54:05,949] {taskinstance.py:1107} INFO - Executing <Task(PythonOperator): transform_into_data.csv> on 2024-03-21T15:53:00+00:00
[2024-03-21 15:54:05,960] {standard_task_runner.py:52} INFO - Started process 2787 to run task
[2024-03-21 15:54:05,966] {standard_task_runner.py:76} INFO - Running: ['***', 'tasks', 'run', '***_exam', 'transform_into_data.csv', '2024-03-21T15:53:00+00:00', '--job-id', '9142', '--pool', 'default_pool', '--raw', '--subdir', 'DAGS_FOLDER/DAG.py', '--cfg-path', '/tmp/tmpcs39djbh', '--error-file', '/tmp/tmpi51uu4bl']
[2024-03-21 15:54:05,966] {standard_task_runner.py:77} INFO - Job 9142: Subtask transform_into_data.csv
[2024-03-21 15:54:06,026] {logging_mixin.py:104} INFO - Running <TaskInstance: ***_exam.transform_into_data.csv 2024-03-21T15:53:00+00:00 [running]> on host 3a3d0401ac26
[2024-03-21 15:54:06,097] {taskinstance.py:1302} INFO - Exporting the following env vars:
AIRFLOW_CTX_DAG_OWNER=***
AIRFLOW_CTX_DAG_ID=***_exam
AIRFLOW_CTX_TASK_ID=transform_into_data.csv
AIRFLOW_CTX_EXECUTION_DATE=2024-03-21T15:53:00+00:00
AIRFLOW_CTX_DAG_RUN_ID=scheduled__2024-03-21T15:53:00+00:00
[2024-03-21 15:54:06,104] {logging_mixin.py:104} INFO - 
[2024-03-21 15:54:06,132] {logging_mixin.py:104} INFO -     temperature        city  pression              date
0       292.80       Paris      1025  2024-03-21 15:54
1       289.66      London      1023  2024-03-21 15:54
2       280.27  Washington      1015  2024-03-21 15:54
3       292.80       Paris      1025  2024-03-21 15:53
4       289.66      London      1023  2024-03-21 15:53
5       280.27  Washington      1015  2024-03-21 15:53
6       292.80       Paris      1025  2024-03-21 15:52
7       289.66      London      1023  2024-03-21 15:52
8       280.27  Washington      1015  2024-03-21 15:52
9       292.91       Paris      1026  2024-03-21 15:51
[2024-03-21 15:54:06,137] {python.py:151} INFO - Done. Returned value was: None
[2024-03-21 15:54:06,151] {taskinstance.py:1211} INFO - Marking task as SUCCESS. dag_id=***_exam, task_id=transform_into_data.csv, execution_date=20240321T155300, start_date=20240321T155405, end_date=20240321T155406
[2024-03-21 15:54:06,186] {taskinstance.py:1265} INFO - 0 downstream tasks scheduled from follow-on schedule check
[2024-03-21 15:54:06,217] {local_task_job.py:151} INFO - Task exited with return code 0
