[2024-03-16 00:18:04,759] {taskinstance.py:896} INFO - Dependencies all met for <TaskInstance: airflow_exam.transform_into_data.csv 2024-03-16T00:17:00+00:00 [queued]>
[2024-03-16 00:18:04,785] {taskinstance.py:896} INFO - Dependencies all met for <TaskInstance: airflow_exam.transform_into_data.csv 2024-03-16T00:17:00+00:00 [queued]>
[2024-03-16 00:18:04,785] {taskinstance.py:1087} INFO - 
--------------------------------------------------------------------------------
[2024-03-16 00:18:04,785] {taskinstance.py:1088} INFO - Starting attempt 1 of 1
[2024-03-16 00:18:04,785] {taskinstance.py:1089} INFO - 
--------------------------------------------------------------------------------
[2024-03-16 00:18:04,799] {taskinstance.py:1107} INFO - Executing <Task(PythonOperator): transform_into_data.csv> on 2024-03-16T00:17:00+00:00
[2024-03-16 00:18:04,809] {standard_task_runner.py:52} INFO - Started process 99580 to run task
[2024-03-16 00:18:04,813] {standard_task_runner.py:76} INFO - Running: ['***', 'tasks', 'run', '***_exam', 'transform_into_data.csv', '2024-03-16T00:17:00+00:00', '--job-id', '5197', '--pool', 'default_pool', '--raw', '--subdir', 'DAGS_FOLDER/DAG.py', '--cfg-path', '/tmp/tmp185zx0nf', '--error-file', '/tmp/tmpui5xs06v']
[2024-03-16 00:18:04,814] {standard_task_runner.py:77} INFO - Job 5197: Subtask transform_into_data.csv
[2024-03-16 00:18:04,876] {logging_mixin.py:104} INFO - Running <TaskInstance: ***_exam.transform_into_data.csv 2024-03-16T00:17:00+00:00 [running]> on host 3a3d0401ac26
[2024-03-16 00:18:04,947] {taskinstance.py:1302} INFO - Exporting the following env vars:
AIRFLOW_CTX_DAG_OWNER=***
AIRFLOW_CTX_DAG_ID=***_exam
AIRFLOW_CTX_TASK_ID=transform_into_data.csv
AIRFLOW_CTX_EXECUTION_DATE=2024-03-16T00:17:00+00:00
AIRFLOW_CTX_DAG_RUN_ID=scheduled__2024-03-16T00:17:00+00:00
[2024-03-16 00:18:04,953] {logging_mixin.py:104} INFO - 
[2024-03-16 00:18:04,985] {logging_mixin.py:104} INFO -     temperature        city  pression              date
0       284.81       Paris      1015  2024-03-16 00:18
1       281.46      London      1013  2024-03-16 00:18
2       289.07  Washington      1021  2024-03-16 00:18
3       284.81       Paris      1015  2024-03-16 00:17
4       281.49      London      1013  2024-03-16 00:17
5       289.07  Washington      1021  2024-03-16 00:17
6       284.81       Paris      1015  2024-03-16 00:16
7       281.49      London      1013  2024-03-16 00:16
8       288.83  Washington      1021  2024-03-16 00:16
9       284.81       Paris      1015  2024-03-16 00:15
[2024-03-16 00:18:04,991] {python.py:151} INFO - Done. Returned value was: None
[2024-03-16 00:18:05,007] {taskinstance.py:1211} INFO - Marking task as SUCCESS. dag_id=***_exam, task_id=transform_into_data.csv, execution_date=20240316T001700, start_date=20240316T001804, end_date=20240316T001805
[2024-03-16 00:18:05,056] {taskinstance.py:1265} INFO - 0 downstream tasks scheduled from follow-on schedule check
[2024-03-16 00:18:05,106] {local_task_job.py:151} INFO - Task exited with return code 0
