[2024-03-16 02:29:07,669] {taskinstance.py:896} INFO - Dependencies all met for <TaskInstance: airflow_exam.compute_lr_score 2024-03-16T02:28:00+00:00 [queued]>
[2024-03-16 02:29:07,697] {taskinstance.py:896} INFO - Dependencies all met for <TaskInstance: airflow_exam.compute_lr_score 2024-03-16T02:28:00+00:00 [queued]>
[2024-03-16 02:29:07,697] {taskinstance.py:1087} INFO - 
--------------------------------------------------------------------------------
[2024-03-16 02:29:07,698] {taskinstance.py:1088} INFO - Starting attempt 1 of 1
[2024-03-16 02:29:07,698] {taskinstance.py:1089} INFO - 
--------------------------------------------------------------------------------
[2024-03-16 02:29:07,715] {taskinstance.py:1107} INFO - Executing <Task(PythonOperator): compute_lr_score> on 2024-03-16T02:28:00+00:00
[2024-03-16 02:29:07,725] {standard_task_runner.py:52} INFO - Started process 127681 to run task
[2024-03-16 02:29:07,730] {standard_task_runner.py:76} INFO - Running: ['***', 'tasks', 'run', '***_exam', 'compute_lr_score', '2024-03-16T02:28:00+00:00', '--job-id', '6118', '--pool', 'default_pool', '--raw', '--subdir', 'DAGS_FOLDER/DAG.py', '--cfg-path', '/tmp/tmpbnbc7ukw', '--error-file', '/tmp/tmpp3z49_pq']
[2024-03-16 02:29:07,731] {standard_task_runner.py:77} INFO - Job 6118: Subtask compute_lr_score
[2024-03-16 02:29:07,793] {logging_mixin.py:104} INFO - Running <TaskInstance: ***_exam.compute_lr_score 2024-03-16T02:28:00+00:00 [running]> on host 3a3d0401ac26
[2024-03-16 02:29:07,883] {taskinstance.py:1302} INFO - Exporting the following env vars:
AIRFLOW_CTX_DAG_OWNER=***
AIRFLOW_CTX_DAG_ID=***_exam
AIRFLOW_CTX_TASK_ID=compute_lr_score
AIRFLOW_CTX_EXECUTION_DATE=2024-03-16T02:28:00+00:00
AIRFLOW_CTX_DAG_RUN_ID=scheduled__2024-03-16T02:28:00+00:00
[2024-03-16 02:29:08,203] {python.py:151} INFO - Done. Returned value was: None
[2024-03-16 02:29:08,220] {taskinstance.py:1211} INFO - Marking task as SUCCESS. dag_id=***_exam, task_id=compute_lr_score, execution_date=20240316T022800, start_date=20240316T022907, end_date=20240316T022908
[2024-03-16 02:29:08,268] {taskinstance.py:1265} INFO - 0 downstream tasks scheduled from follow-on schedule check
[2024-03-16 02:29:08,303] {local_task_job.py:151} INFO - Task exited with return code 0
