[2024-03-21 15:49:04,411] {taskinstance.py:896} INFO - Dependencies all met for <TaskInstance: airflow_exam.transform_into_data.csv 2024-03-21T15:48:00+00:00 [queued]>
[2024-03-21 15:49:04,433] {taskinstance.py:896} INFO - Dependencies all met for <TaskInstance: airflow_exam.transform_into_data.csv 2024-03-21T15:48:00+00:00 [queued]>
[2024-03-21 15:49:04,433] {taskinstance.py:1087} INFO - 
--------------------------------------------------------------------------------
[2024-03-21 15:49:04,433] {taskinstance.py:1088} INFO - Starting attempt 1 of 1
[2024-03-21 15:49:04,433] {taskinstance.py:1089} INFO - 
--------------------------------------------------------------------------------
[2024-03-21 15:49:04,445] {taskinstance.py:1107} INFO - Executing <Task(PythonOperator): transform_into_data.csv> on 2024-03-21T15:48:00+00:00
[2024-03-21 15:49:04,453] {standard_task_runner.py:52} INFO - Started process 1684 to run task
[2024-03-21 15:49:04,456] {standard_task_runner.py:76} INFO - Running: ['***', 'tasks', 'run', '***_exam', 'transform_into_data.csv', '2024-03-21T15:48:00+00:00', '--job-id', '9108', '--pool', 'default_pool', '--raw', '--subdir', 'DAGS_FOLDER/DAG.py', '--cfg-path', '/tmp/tmp9t38xrff', '--error-file', '/tmp/tmpxaeib5_j']
[2024-03-21 15:49:04,457] {standard_task_runner.py:77} INFO - Job 9108: Subtask transform_into_data.csv
[2024-03-21 15:49:04,510] {logging_mixin.py:104} INFO - Running <TaskInstance: ***_exam.transform_into_data.csv 2024-03-21T15:48:00+00:00 [running]> on host 3a3d0401ac26
[2024-03-21 15:49:04,575] {taskinstance.py:1302} INFO - Exporting the following env vars:
AIRFLOW_CTX_DAG_OWNER=***
AIRFLOW_CTX_DAG_ID=***_exam
AIRFLOW_CTX_TASK_ID=transform_into_data.csv
AIRFLOW_CTX_EXECUTION_DATE=2024-03-21T15:48:00+00:00
AIRFLOW_CTX_DAG_RUN_ID=scheduled__2024-03-21T15:48:00+00:00
[2024-03-21 15:49:04,582] {logging_mixin.py:104} INFO - 
[2024-03-21 15:49:04,602] {logging_mixin.py:104} INFO -     temperature        city  pression              date
0       292.91       Paris      1026  2024-03-21 15:49
1       289.66      London      1023  2024-03-21 15:49
2       280.27  Washington      1015  2024-03-21 15:49
3       292.95       Paris      1025  2024-03-21 15:48
4       289.57      London      1023  2024-03-21 15:48
5       280.19  Washington      1015  2024-03-21 15:48
6       292.95       Paris      1025  2024-03-21 15:47
7       289.57      London      1023  2024-03-21 15:47
8       280.19  Washington      1015  2024-03-21 15:47
9       292.95       Paris      1025  2024-03-21 15:46
[2024-03-21 15:49:04,606] {python.py:151} INFO - Done. Returned value was: None
[2024-03-21 15:49:04,620] {taskinstance.py:1211} INFO - Marking task as SUCCESS. dag_id=***_exam, task_id=transform_into_data.csv, execution_date=20240321T154800, start_date=20240321T154904, end_date=20240321T154904
[2024-03-21 15:49:04,664] {taskinstance.py:1265} INFO - 0 downstream tasks scheduled from follow-on schedule check
[2024-03-21 15:49:04,709] {local_task_job.py:151} INFO - Task exited with return code 0
