[2024-03-16 00:47:04,346] {taskinstance.py:896} INFO - Dependencies all met for <TaskInstance: airflow_exam.transform_into_fulldata.csv 2024-03-16T00:46:00+00:00 [queued]>
[2024-03-16 00:47:04,368] {taskinstance.py:896} INFO - Dependencies all met for <TaskInstance: airflow_exam.transform_into_fulldata.csv 2024-03-16T00:46:00+00:00 [queued]>
[2024-03-16 00:47:04,368] {taskinstance.py:1087} INFO - 
--------------------------------------------------------------------------------
[2024-03-16 00:47:04,368] {taskinstance.py:1088} INFO - Starting attempt 1 of 1
[2024-03-16 00:47:04,369] {taskinstance.py:1089} INFO - 
--------------------------------------------------------------------------------
[2024-03-16 00:47:04,381] {taskinstance.py:1107} INFO - Executing <Task(PythonOperator): transform_into_fulldata.csv> on 2024-03-16T00:46:00+00:00
[2024-03-16 00:47:04,390] {standard_task_runner.py:52} INFO - Started process 105729 to run task
[2024-03-16 00:47:04,393] {standard_task_runner.py:76} INFO - Running: ['***', 'tasks', 'run', '***_exam', 'transform_into_fulldata.csv', '2024-03-16T00:46:00+00:00', '--job-id', '5401', '--pool', 'default_pool', '--raw', '--subdir', 'DAGS_FOLDER/DAG.py', '--cfg-path', '/tmp/tmpp6vzb6gi', '--error-file', '/tmp/tmpsm1jes_1']
[2024-03-16 00:47:04,393] {standard_task_runner.py:77} INFO - Job 5401: Subtask transform_into_fulldata.csv
[2024-03-16 00:47:04,443] {logging_mixin.py:104} INFO - Running <TaskInstance: ***_exam.transform_into_fulldata.csv 2024-03-16T00:46:00+00:00 [running]> on host 3a3d0401ac26
[2024-03-16 00:47:04,511] {taskinstance.py:1302} INFO - Exporting the following env vars:
AIRFLOW_CTX_DAG_OWNER=***
AIRFLOW_CTX_DAG_ID=***_exam
AIRFLOW_CTX_TASK_ID=transform_into_fulldata.csv
AIRFLOW_CTX_EXECUTION_DATE=2024-03-16T00:46:00+00:00
AIRFLOW_CTX_DAG_RUN_ID=scheduled__2024-03-16T00:46:00+00:00
[2024-03-16 00:47:04,560] {logging_mixin.py:104} INFO - 
[2024-03-16 00:47:04,581] {logging_mixin.py:104} INFO -     temperature        city  pression              date
0       284.61       Paris      1016  2024-03-16 00:47
1       281.34      London      1013  2024-03-16 00:47
2       287.91  Washington      1021  2024-03-16 00:47
3       284.61       Paris      1016  2024-03-16 00:46
4       281.34      London      1013  2024-03-16 00:46
5       287.91  Washington      1021  2024-03-16 00:46
6       284.40       Paris      1016  2024-03-16 00:45
7       281.34      London      1013  2024-03-16 00:45
8       287.91  Washington      1021  2024-03-16 00:45
9       284.40       Paris      1016  2024-03-16 00:44
[2024-03-16 00:47:04,590] {python.py:151} INFO - Done. Returned value was: None
[2024-03-16 00:47:04,602] {taskinstance.py:1211} INFO - Marking task as SUCCESS. dag_id=***_exam, task_id=transform_into_fulldata.csv, execution_date=20240316T004600, start_date=20240316T004704, end_date=20240316T004704
[2024-03-16 00:47:04,637] {taskinstance.py:1265} INFO - 3 downstream tasks scheduled from follow-on schedule check
[2024-03-16 00:47:04,686] {local_task_job.py:151} INFO - Task exited with return code 0
