[2024-03-15 18:52:04,655] {taskinstance.py:896} INFO - Dependencies all met for <TaskInstance: airflow_exam.transform_into_data.csv 2024-03-15T18:51:00+00:00 [queued]>
[2024-03-15 18:52:04,684] {taskinstance.py:896} INFO - Dependencies all met for <TaskInstance: airflow_exam.transform_into_data.csv 2024-03-15T18:51:00+00:00 [queued]>
[2024-03-15 18:52:04,685] {taskinstance.py:1087} INFO - 
--------------------------------------------------------------------------------
[2024-03-15 18:52:04,686] {taskinstance.py:1088} INFO - Starting attempt 1 of 1
[2024-03-15 18:52:04,686] {taskinstance.py:1089} INFO - 
--------------------------------------------------------------------------------
[2024-03-15 18:52:04,704] {taskinstance.py:1107} INFO - Executing <Task(PythonOperator): transform_into_data.csv> on 2024-03-15T18:51:00+00:00
[2024-03-15 18:52:04,716] {standard_task_runner.py:52} INFO - Started process 50849 to run task
[2024-03-15 18:52:04,722] {standard_task_runner.py:76} INFO - Running: ['***', 'tasks', 'run', '***_exam', 'transform_into_data.csv', '2024-03-15T18:51:00+00:00', '--job-id', '3517', '--pool', 'default_pool', '--raw', '--subdir', 'DAGS_FOLDER/DAG.py', '--cfg-path', '/tmp/tmp26hjwjaj', '--error-file', '/tmp/tmp6p_bzmaf']
[2024-03-15 18:52:04,724] {standard_task_runner.py:77} INFO - Job 3517: Subtask transform_into_data.csv
[2024-03-15 18:52:04,798] {logging_mixin.py:104} INFO - Running <TaskInstance: ***_exam.transform_into_data.csv 2024-03-15T18:51:00+00:00 [running]> on host 3a3d0401ac26
[2024-03-15 18:52:04,899] {taskinstance.py:1302} INFO - Exporting the following env vars:
AIRFLOW_CTX_DAG_OWNER=***
AIRFLOW_CTX_DAG_ID=***_exam
AIRFLOW_CTX_TASK_ID=transform_into_data.csv
AIRFLOW_CTX_EXECUTION_DATE=2024-03-15T18:51:00+00:00
AIRFLOW_CTX_DAG_RUN_ID=scheduled__2024-03-15T18:51:00+00:00
[2024-03-15 18:52:04,907] {logging_mixin.py:104} INFO - 
[2024-03-15 18:52:04,937] {logging_mixin.py:104} INFO -     temperature        city  pression              date
0       286.73       Paris      1012  2024-03-15 18:52
1       285.28      London      1006  2024-03-15 18:52
2       282.57  Washington      1025  2024-03-15 18:52
3       286.68       Paris      1012  2024-03-15 18:51
4       285.28      London      1006  2024-03-15 18:51
5       282.44  Washington      1025  2024-03-15 18:51
6       286.68       Paris      1012  2024-03-15 18:50
7       285.28      London      1006  2024-03-15 18:50
8       282.44  Washington      1025  2024-03-15 18:50
9       286.68       Paris      1012  2024-03-15 18:49
[2024-03-15 18:52:04,944] {python.py:151} INFO - Done. Returned value was: None
[2024-03-15 18:52:04,961] {taskinstance.py:1211} INFO - Marking task as SUCCESS. dag_id=***_exam, task_id=transform_into_data.csv, execution_date=20240315T185100, start_date=20240315T185204, end_date=20240315T185204
[2024-03-15 18:52:05,010] {taskinstance.py:1265} INFO - 0 downstream tasks scheduled from follow-on schedule check
[2024-03-15 18:52:05,055] {local_task_job.py:151} INFO - Task exited with return code 0
