[2024-04-01 23:19:54,857] {taskinstance.py:896} INFO - Dependencies all met for <TaskInstance: airflow_exam.transform_into_data.csv 2024-04-01T23:18:00+00:00 [queued]>
[2024-04-01 23:19:54,897] {taskinstance.py:896} INFO - Dependencies all met for <TaskInstance: airflow_exam.transform_into_data.csv 2024-04-01T23:18:00+00:00 [queued]>
[2024-04-01 23:19:54,898] {taskinstance.py:1087} INFO - 
--------------------------------------------------------------------------------
[2024-04-01 23:19:54,898] {taskinstance.py:1088} INFO - Starting attempt 1 of 1
[2024-04-01 23:19:54,898] {taskinstance.py:1089} INFO - 
--------------------------------------------------------------------------------
[2024-04-01 23:19:54,952] {taskinstance.py:1107} INFO - Executing <Task(PythonOperator): transform_into_data.csv> on 2024-04-01T23:18:00+00:00
[2024-04-01 23:19:54,977] {standard_task_runner.py:52} INFO - Started process 184 to run task
[2024-04-01 23:19:54,993] {standard_task_runner.py:76} INFO - Running: ['***', 'tasks', 'run', '***_exam', 'transform_into_data.csv', '2024-04-01T23:18:00+00:00', '--job-id', '11203', '--pool', 'default_pool', '--raw', '--subdir', 'DAGS_FOLDER/DAG.py', '--cfg-path', '/tmp/tmpul8r7j3p', '--error-file', '/tmp/tmpbu2k3ct8']
[2024-04-01 23:19:54,994] {standard_task_runner.py:77} INFO - Job 11203: Subtask transform_into_data.csv
[2024-04-01 23:19:55,118] {logging_mixin.py:104} INFO - Running <TaskInstance: ***_exam.transform_into_data.csv 2024-04-01T23:18:00+00:00 [running]> on host 3a3d0401ac26
[2024-04-01 23:19:55,351] {taskinstance.py:1302} INFO - Exporting the following env vars:
AIRFLOW_CTX_DAG_OWNER=***
AIRFLOW_CTX_DAG_ID=***_exam
AIRFLOW_CTX_TASK_ID=transform_into_data.csv
AIRFLOW_CTX_EXECUTION_DATE=2024-04-01T23:18:00+00:00
AIRFLOW_CTX_DAG_RUN_ID=scheduled__2024-04-01T23:18:00+00:00
[2024-04-01 23:19:55,373] {logging_mixin.py:104} INFO - 
[2024-04-01 23:19:55,451] {logging_mixin.py:104} INFO -     temperature        city  pression              date
0       282.67       Paris      1005  2024-04-01 23:19
1       282.44      London       997  2024-04-01 23:19
2       293.04  Washington      1015  2024-04-01 23:19
3       287.05       Paris      1026  2024-03-21 20:46
4       285.58      London      1022  2024-03-21 20:46
5       287.53  Washington      1013  2024-03-21 20:46
6       287.05       Paris      1026  2024-03-21 20:45
7       285.69      London      1022  2024-03-21 20:45
8       287.53  Washington      1013  2024-03-21 20:45
9       287.71       Paris      1025  2024-03-21 20:44
[2024-04-01 23:19:55,460] {python.py:151} INFO - Done. Returned value was: None
[2024-04-01 23:19:55,519] {taskinstance.py:1211} INFO - Marking task as SUCCESS. dag_id=***_exam, task_id=transform_into_data.csv, execution_date=20240401T231800, start_date=20240401T231954, end_date=20240401T231955
[2024-04-01 23:19:55,627] {taskinstance.py:1265} INFO - 0 downstream tasks scheduled from follow-on schedule check
[2024-04-01 23:19:55,686] {local_task_job.py:151} INFO - Task exited with return code 0
