[2024-03-15 23:25:12,035] {taskinstance.py:896} INFO - Dependencies all met for <TaskInstance: airflow_exam.train_best_model 2024-03-15T23:24:00+00:00 [queued]>
[2024-03-15 23:25:12,058] {taskinstance.py:896} INFO - Dependencies all met for <TaskInstance: airflow_exam.train_best_model 2024-03-15T23:24:00+00:00 [queued]>
[2024-03-15 23:25:12,058] {taskinstance.py:1087} INFO - 
--------------------------------------------------------------------------------
[2024-03-15 23:25:12,058] {taskinstance.py:1088} INFO - Starting attempt 1 of 1
[2024-03-15 23:25:12,058] {taskinstance.py:1089} INFO - 
--------------------------------------------------------------------------------
[2024-03-15 23:25:12,072] {taskinstance.py:1107} INFO - Executing <Task(PythonOperator): train_best_model> on 2024-03-15T23:24:00+00:00
[2024-03-15 23:25:12,083] {standard_task_runner.py:52} INFO - Started process 88965 to run task
[2024-03-15 23:25:12,086] {standard_task_runner.py:76} INFO - Running: ['***', 'tasks', 'run', '***_exam', 'train_best_model', '2024-03-15T23:24:00+00:00', '--job-id', '4838', '--pool', 'default_pool', '--raw', '--subdir', 'DAGS_FOLDER/DAG.py', '--cfg-path', '/tmp/tmp2jk9og6g', '--error-file', '/tmp/tmp8ipfa09l']
[2024-03-15 23:25:12,087] {standard_task_runner.py:77} INFO - Job 4838: Subtask train_best_model
[2024-03-15 23:25:12,139] {logging_mixin.py:104} INFO - Running <TaskInstance: ***_exam.train_best_model 2024-03-15T23:24:00+00:00 [running]> on host 3a3d0401ac26
[2024-03-15 23:25:12,210] {taskinstance.py:1302} INFO - Exporting the following env vars:
AIRFLOW_CTX_DAG_OWNER=***
AIRFLOW_CTX_DAG_ID=***_exam
AIRFLOW_CTX_TASK_ID=train_best_model
AIRFLOW_CTX_EXECUTION_DATE=2024-03-15T23:24:00+00:00
AIRFLOW_CTX_DAG_RUN_ID=scheduled__2024-03-15T23:24:00+00:00
[2024-03-15 23:25:12,368] {logging_mixin.py:104} INFO - LinearRegression() saved at  /app/clean_data/best_model.pickle
[2024-03-15 23:25:12,371] {python.py:151} INFO - Done. Returned value was: None
[2024-03-15 23:25:12,399] {taskinstance.py:1211} INFO - Marking task as SUCCESS. dag_id=***_exam, task_id=train_best_model, execution_date=20240315T232400, start_date=20240315T232512, end_date=20240315T232512
[2024-03-15 23:25:12,469] {taskinstance.py:1265} INFO - 0 downstream tasks scheduled from follow-on schedule check
[2024-03-15 23:25:12,500] {local_task_job.py:151} INFO - Task exited with return code 0
