[2023-10-07 15:53:48,860] {taskinstance.py:896} INFO - Dependencies all met for <TaskInstance: airflow_exam.compute_lr_score 2023-10-07T13:25:00+00:00 [queued]>
[2023-10-07 15:53:48,970] {taskinstance.py:896} INFO - Dependencies all met for <TaskInstance: airflow_exam.compute_lr_score 2023-10-07T13:25:00+00:00 [queued]>
[2023-10-07 15:53:48,971] {taskinstance.py:1087} INFO - 
--------------------------------------------------------------------------------
[2023-10-07 15:53:48,971] {taskinstance.py:1088} INFO - Starting attempt 1 of 1
[2023-10-07 15:53:48,971] {taskinstance.py:1089} INFO - 
--------------------------------------------------------------------------------
[2023-10-07 15:53:48,996] {taskinstance.py:1107} INFO - Executing <Task(PythonOperator): compute_lr_score> on 2023-10-07T13:25:00+00:00
[2023-10-07 15:53:49,015] {standard_task_runner.py:52} INFO - Started process 717 to run task
[2023-10-07 15:53:49,031] {standard_task_runner.py:76} INFO - Running: ['***', 'tasks', 'run', '***_exam', 'compute_lr_score', '2023-10-07T13:25:00+00:00', '--job-id', '1195', '--pool', 'default_pool', '--raw', '--subdir', 'DAGS_FOLDER/DAG.py', '--cfg-path', '/tmp/tmpyo4m1s61', '--error-file', '/tmp/tmp_den9hu4']
[2023-10-07 15:53:49,032] {standard_task_runner.py:77} INFO - Job 1195: Subtask compute_lr_score
[2023-10-07 15:53:49,181] {logging_mixin.py:104} INFO - Running <TaskInstance: ***_exam.compute_lr_score 2023-10-07T13:25:00+00:00 [running]> on host 3a3d0401ac26
[2023-10-07 15:53:49,511] {taskinstance.py:1302} INFO - Exporting the following env vars:
AIRFLOW_CTX_DAG_OWNER=***
AIRFLOW_CTX_DAG_ID=***_exam
AIRFLOW_CTX_TASK_ID=compute_lr_score
AIRFLOW_CTX_EXECUTION_DATE=2023-10-07T13:25:00+00:00
AIRFLOW_CTX_DAG_RUN_ID=scheduled__2023-10-07T13:25:00+00:00
[2023-10-07 15:53:49,931] {python.py:151} INFO - Done. Returned value was: None
[2023-10-07 15:53:49,949] {taskinstance.py:1211} INFO - Marking task as SUCCESS. dag_id=***_exam, task_id=compute_lr_score, execution_date=20231007T132500, start_date=20231007T155348, end_date=20231007T155349
[2023-10-07 15:53:50,162] {taskinstance.py:1265} INFO - 0 downstream tasks scheduled from follow-on schedule check
[2023-10-07 15:53:50,206] {local_task_job.py:151} INFO - Task exited with return code 0
