[2024-03-15 19:09:05,083] {taskinstance.py:896} INFO - Dependencies all met for <TaskInstance: airflow_exam.transform_into_fulldata.csv 2024-03-15T19:08:00+00:00 [queued]>
[2024-03-15 19:09:05,115] {taskinstance.py:896} INFO - Dependencies all met for <TaskInstance: airflow_exam.transform_into_fulldata.csv 2024-03-15T19:08:00+00:00 [queued]>
[2024-03-15 19:09:05,115] {taskinstance.py:1087} INFO - 
--------------------------------------------------------------------------------
[2024-03-15 19:09:05,115] {taskinstance.py:1088} INFO - Starting attempt 1 of 1
[2024-03-15 19:09:05,115] {taskinstance.py:1089} INFO - 
--------------------------------------------------------------------------------
[2024-03-15 19:09:05,131] {taskinstance.py:1107} INFO - Executing <Task(PythonOperator): transform_into_fulldata.csv> on 2024-03-15T19:08:00+00:00
[2024-03-15 19:09:05,141] {standard_task_runner.py:52} INFO - Started process 54311 to run task
[2024-03-15 19:09:05,146] {standard_task_runner.py:76} INFO - Running: ['***', 'tasks', 'run', '***_exam', 'transform_into_fulldata.csv', '2024-03-15T19:08:00+00:00', '--job-id', '3636', '--pool', 'default_pool', '--raw', '--subdir', 'DAGS_FOLDER/DAG.py', '--cfg-path', '/tmp/tmpiz_wr215', '--error-file', '/tmp/tmpp1n5ncif']
[2024-03-15 19:09:05,146] {standard_task_runner.py:77} INFO - Job 3636: Subtask transform_into_fulldata.csv
[2024-03-15 19:09:05,228] {logging_mixin.py:104} INFO - Running <TaskInstance: ***_exam.transform_into_fulldata.csv 2024-03-15T19:08:00+00:00 [running]> on host 3a3d0401ac26
[2024-03-15 19:09:05,335] {taskinstance.py:1302} INFO - Exporting the following env vars:
AIRFLOW_CTX_DAG_OWNER=***
AIRFLOW_CTX_DAG_ID=***_exam
AIRFLOW_CTX_TASK_ID=transform_into_fulldata.csv
AIRFLOW_CTX_EXECUTION_DATE=2024-03-15T19:08:00+00:00
AIRFLOW_CTX_DAG_RUN_ID=scheduled__2024-03-15T19:08:00+00:00
[2024-03-15 19:09:05,402] {logging_mixin.py:104} INFO - 
[2024-03-15 19:09:05,449] {logging_mixin.py:104} INFO -     temperature        city  pression              date
0       286.60       Paris      1012  2024-03-15 19:09
1       285.12      London      1006  2024-03-15 19:09
2       283.31  Washington      1025  2024-03-15 19:09
3       286.60       Paris      1012  2024-03-15 19:08
4       285.12      London      1006  2024-03-15 19:08
5       283.31  Washington      1025  2024-03-15 19:08
6       286.60       Paris      1012  2024-03-15 19:07
7       285.12      London      1006  2024-03-15 19:07
8       283.31  Washington      1025  2024-03-15 19:07
9       286.60       Paris      1012  2024-03-15 19:06
[2024-03-15 19:09:05,467] {python.py:151} INFO - Done. Returned value was: None
[2024-03-15 19:09:05,492] {taskinstance.py:1211} INFO - Marking task as SUCCESS. dag_id=***_exam, task_id=transform_into_fulldata.csv, execution_date=20240315T190800, start_date=20240315T190905, end_date=20240315T190905
[2024-03-15 19:09:05,551] {taskinstance.py:1265} INFO - 3 downstream tasks scheduled from follow-on schedule check
[2024-03-15 19:09:05,600] {local_task_job.py:151} INFO - Task exited with return code 0
