[2024-03-15 17:25:05,080] {taskinstance.py:896} INFO - Dependencies all met for <TaskInstance: airflow_exam.transform_into_data.csv 2024-03-15T17:24:00+00:00 [queued]>
[2024-03-15 17:25:05,114] {taskinstance.py:896} INFO - Dependencies all met for <TaskInstance: airflow_exam.transform_into_data.csv 2024-03-15T17:24:00+00:00 [queued]>
[2024-03-15 17:25:05,115] {taskinstance.py:1087} INFO - 
--------------------------------------------------------------------------------
[2024-03-15 17:25:05,115] {taskinstance.py:1088} INFO - Starting attempt 1 of 1
[2024-03-15 17:25:05,115] {taskinstance.py:1089} INFO - 
--------------------------------------------------------------------------------
[2024-03-15 17:25:05,136] {taskinstance.py:1107} INFO - Executing <Task(PythonOperator): transform_into_data.csv> on 2024-03-15T17:24:00+00:00
[2024-03-15 17:25:05,147] {standard_task_runner.py:52} INFO - Started process 33290 to run task
[2024-03-15 17:25:05,153] {standard_task_runner.py:76} INFO - Running: ['***', 'tasks', 'run', '***_exam', 'transform_into_data.csv', '2024-03-15T17:24:00+00:00', '--job-id', '2908', '--pool', 'default_pool', '--raw', '--subdir', 'DAGS_FOLDER/DAG.py', '--cfg-path', '/tmp/tmpaufsvpfc', '--error-file', '/tmp/tmpzxpfsz6o']
[2024-03-15 17:25:05,154] {standard_task_runner.py:77} INFO - Job 2908: Subtask transform_into_data.csv
[2024-03-15 17:25:05,234] {logging_mixin.py:104} INFO - Running <TaskInstance: ***_exam.transform_into_data.csv 2024-03-15T17:24:00+00:00 [running]> on host 3a3d0401ac26
[2024-03-15 17:25:05,356] {taskinstance.py:1302} INFO - Exporting the following env vars:
AIRFLOW_CTX_DAG_OWNER=***
AIRFLOW_CTX_DAG_ID=***_exam
AIRFLOW_CTX_TASK_ID=transform_into_data.csv
AIRFLOW_CTX_EXECUTION_DATE=2024-03-15T17:24:00+00:00
AIRFLOW_CTX_DAG_RUN_ID=scheduled__2024-03-15T17:24:00+00:00
[2024-03-15 17:25:05,365] {logging_mixin.py:104} INFO - 
[2024-03-15 17:25:05,406] {logging_mixin.py:104} INFO -     temperature        city  pression              date
0       287.24       Paris      1011  2024-03-15 17:25
1       286.44      London      1005  2024-03-15 17:25
2       279.41  Washington      1026  2024-03-15 17:25
3       287.24       Paris      1011  2024-03-15 17:24
4       286.44      London      1005  2024-03-15 17:24
5       281.24  Washington      1026  2024-03-15 17:24
6       287.24       Paris      1011  2024-03-15 17:23
7       286.44      London      1005  2024-03-15 17:23
8       281.24  Washington      1026  2024-03-15 17:23
9       287.89       Paris      1011  2024-03-15 17:22
[2024-03-15 17:25:05,414] {python.py:151} INFO - Done. Returned value was: None
[2024-03-15 17:25:05,435] {taskinstance.py:1211} INFO - Marking task as SUCCESS. dag_id=***_exam, task_id=transform_into_data.csv, execution_date=20240315T172400, start_date=20240315T172505, end_date=20240315T172505
[2024-03-15 17:25:05,496] {taskinstance.py:1265} INFO - 0 downstream tasks scheduled from follow-on schedule check
[2024-03-15 17:25:05,527] {local_task_job.py:151} INFO - Task exited with return code 0
