[2024-03-21 20:36:01,770] {taskinstance.py:896} INFO - Dependencies all met for <TaskInstance: airflow_exam.retrieve_raw_data 2024-03-21T20:35:00+00:00 [queued]>
[2024-03-21 20:36:01,791] {taskinstance.py:896} INFO - Dependencies all met for <TaskInstance: airflow_exam.retrieve_raw_data 2024-03-21T20:35:00+00:00 [queued]>
[2024-03-21 20:36:01,792] {taskinstance.py:1087} INFO - 
--------------------------------------------------------------------------------
[2024-03-21 20:36:01,792] {taskinstance.py:1088} INFO - Starting attempt 1 of 6
[2024-03-21 20:36:01,792] {taskinstance.py:1089} INFO - 
--------------------------------------------------------------------------------
[2024-03-21 20:36:01,803] {taskinstance.py:1107} INFO - Executing <Task(PythonOperator): retrieve_raw_data> on 2024-03-21T20:35:00+00:00
[2024-03-21 20:36:01,812] {standard_task_runner.py:52} INFO - Started process 63682 to run task
[2024-03-21 20:36:01,815] {standard_task_runner.py:76} INFO - Running: ['***', 'tasks', 'run', '***_exam', 'retrieve_raw_data', '2024-03-21T20:35:00+00:00', '--job-id', '11115', '--pool', 'default_pool', '--raw', '--subdir', 'DAGS_FOLDER/DAG.py', '--cfg-path', '/tmp/tmp77xp0l5o', '--error-file', '/tmp/tmp7ptz2dh_']
[2024-03-21 20:36:01,815] {standard_task_runner.py:77} INFO - Job 11115: Subtask retrieve_raw_data
[2024-03-21 20:36:01,867] {logging_mixin.py:104} INFO - Running <TaskInstance: ***_exam.retrieve_raw_data 2024-03-21T20:35:00+00:00 [running]> on host 3a3d0401ac26
[2024-03-21 20:36:01,932] {taskinstance.py:1302} INFO - Exporting the following env vars:
AIRFLOW_CTX_DAG_OWNER=***
AIRFLOW_CTX_DAG_ID=***_exam
AIRFLOW_CTX_TASK_ID=retrieve_raw_data
AIRFLOW_CTX_EXECUTION_DATE=2024-03-21T20:35:00+00:00
AIRFLOW_CTX_DAG_RUN_ID=scheduled__2024-03-21T20:35:00+00:00
[2024-03-21 20:36:02,398] {python.py:151} INFO - Done. Returned value was: None
[2024-03-21 20:36:02,411] {taskinstance.py:1211} INFO - Marking task as SUCCESS. dag_id=***_exam, task_id=retrieve_raw_data, execution_date=20240321T203500, start_date=20240321T203601, end_date=20240321T203602
[2024-03-21 20:36:02,460] {taskinstance.py:1265} INFO - 2 downstream tasks scheduled from follow-on schedule check
[2024-03-21 20:36:02,510] {local_task_job.py:151} INFO - Task exited with return code 0
