[2024-03-15 18:58:05,301] {taskinstance.py:896} INFO - Dependencies all met for <TaskInstance: airflow_exam.transform_into_fulldata.csv 2024-03-15T18:57:00+00:00 [queued]>
[2024-03-15 18:58:05,334] {taskinstance.py:896} INFO - Dependencies all met for <TaskInstance: airflow_exam.transform_into_fulldata.csv 2024-03-15T18:57:00+00:00 [queued]>
[2024-03-15 18:58:05,335] {taskinstance.py:1087} INFO - 
--------------------------------------------------------------------------------
[2024-03-15 18:58:05,335] {taskinstance.py:1088} INFO - Starting attempt 1 of 1
[2024-03-15 18:58:05,335] {taskinstance.py:1089} INFO - 
--------------------------------------------------------------------------------
[2024-03-15 18:58:05,351] {taskinstance.py:1107} INFO - Executing <Task(PythonOperator): transform_into_fulldata.csv> on 2024-03-15T18:57:00+00:00
[2024-03-15 18:58:05,362] {standard_task_runner.py:52} INFO - Started process 52073 to run task
[2024-03-15 18:58:05,367] {standard_task_runner.py:76} INFO - Running: ['***', 'tasks', 'run', '***_exam', 'transform_into_fulldata.csv', '2024-03-15T18:57:00+00:00', '--job-id', '3558', '--pool', 'default_pool', '--raw', '--subdir', 'DAGS_FOLDER/DAG.py', '--cfg-path', '/tmp/tmpuu8nvz7x', '--error-file', '/tmp/tmpwrth4okt']
[2024-03-15 18:58:05,368] {standard_task_runner.py:77} INFO - Job 3558: Subtask transform_into_fulldata.csv
[2024-03-15 18:58:05,439] {logging_mixin.py:104} INFO - Running <TaskInstance: ***_exam.transform_into_fulldata.csv 2024-03-15T18:57:00+00:00 [running]> on host 3a3d0401ac26
[2024-03-15 18:58:05,543] {taskinstance.py:1302} INFO - Exporting the following env vars:
AIRFLOW_CTX_DAG_OWNER=***
AIRFLOW_CTX_DAG_ID=***_exam
AIRFLOW_CTX_TASK_ID=transform_into_fulldata.csv
AIRFLOW_CTX_EXECUTION_DATE=2024-03-15T18:57:00+00:00
AIRFLOW_CTX_DAG_RUN_ID=scheduled__2024-03-15T18:57:00+00:00
[2024-03-15 18:58:05,603] {logging_mixin.py:104} INFO - 
[2024-03-15 18:58:05,634] {logging_mixin.py:104} INFO -     temperature        city  pression              date
0       286.76       Paris      1012  2024-03-15 18:58
1       285.19      London      1006  2024-03-15 18:58
2       283.16  Washington      1025  2024-03-15 18:58
3       286.76       Paris      1012  2024-03-15 18:57
4       285.19      London      1006  2024-03-15 18:57
5       283.16  Washington      1025  2024-03-15 18:57
6       286.76       Paris      1012  2024-03-15 18:56
7       285.19      London      1006  2024-03-15 18:56
8       283.16  Washington      1025  2024-03-15 18:56
9       286.63       Paris      1012  2024-03-15 18:55
[2024-03-15 18:58:05,644] {python.py:151} INFO - Done. Returned value was: None
[2024-03-15 18:58:05,659] {taskinstance.py:1211} INFO - Marking task as SUCCESS. dag_id=***_exam, task_id=transform_into_fulldata.csv, execution_date=20240315T185700, start_date=20240315T185805, end_date=20240315T185805
[2024-03-15 18:58:05,812] {taskinstance.py:1265} INFO - 3 downstream tasks scheduled from follow-on schedule check
[2024-03-15 18:58:05,863] {local_task_job.py:151} INFO - Task exited with return code 0
