[2023-10-07 16:02:06,014] {taskinstance.py:896} INFO - Dependencies all met for <TaskInstance: airflow_exam.compute_dt_score 2023-10-07T16:01:00+00:00 [queued]>
[2023-10-07 16:02:06,032] {taskinstance.py:896} INFO - Dependencies all met for <TaskInstance: airflow_exam.compute_dt_score 2023-10-07T16:01:00+00:00 [queued]>
[2023-10-07 16:02:06,032] {taskinstance.py:1087} INFO - 
--------------------------------------------------------------------------------
[2023-10-07 16:02:06,032] {taskinstance.py:1088} INFO - Starting attempt 1 of 1
[2023-10-07 16:02:06,032] {taskinstance.py:1089} INFO - 
--------------------------------------------------------------------------------
[2023-10-07 16:02:06,043] {taskinstance.py:1107} INFO - Executing <Task(PythonOperator): compute_dt_score> on 2023-10-07T16:01:00+00:00
[2023-10-07 16:02:06,052] {standard_task_runner.py:52} INFO - Started process 3189 to run task
[2023-10-07 16:02:06,054] {standard_task_runner.py:76} INFO - Running: ['***', 'tasks', 'run', '***_exam', 'compute_dt_score', '2023-10-07T16:01:00+00:00', '--job-id', '1323', '--pool', 'default_pool', '--raw', '--subdir', 'DAGS_FOLDER/DAG.py', '--cfg-path', '/tmp/tmp1m55zber', '--error-file', '/tmp/tmp6qgjji1o']
[2023-10-07 16:02:06,055] {standard_task_runner.py:77} INFO - Job 1323: Subtask compute_dt_score
[2023-10-07 16:02:06,097] {logging_mixin.py:104} INFO - Running <TaskInstance: ***_exam.compute_dt_score 2023-10-07T16:01:00+00:00 [running]> on host 3a3d0401ac26
[2023-10-07 16:02:06,154] {taskinstance.py:1302} INFO - Exporting the following env vars:
AIRFLOW_CTX_DAG_OWNER=***
AIRFLOW_CTX_DAG_ID=***_exam
AIRFLOW_CTX_TASK_ID=compute_dt_score
AIRFLOW_CTX_EXECUTION_DATE=2023-10-07T16:01:00+00:00
AIRFLOW_CTX_DAG_RUN_ID=scheduled__2023-10-07T16:01:00+00:00
[2023-10-07 16:02:06,277] {python.py:151} INFO - Done. Returned value was: None
[2023-10-07 16:02:06,294] {taskinstance.py:1211} INFO - Marking task as SUCCESS. dag_id=***_exam, task_id=compute_dt_score, execution_date=20231007T160100, start_date=20231007T160206, end_date=20231007T160206
[2023-10-07 16:02:06,350] {taskinstance.py:1265} INFO - 0 downstream tasks scheduled from follow-on schedule check
[2023-10-07 16:02:06,388] {local_task_job.py:151} INFO - Task exited with return code 0
