[2024-03-16 02:34:04,514] {taskinstance.py:896} INFO - Dependencies all met for <TaskInstance: airflow_exam.transform_into_data.csv 2024-03-16T02:33:00+00:00 [queued]>
[2024-03-16 02:34:04,534] {taskinstance.py:896} INFO - Dependencies all met for <TaskInstance: airflow_exam.transform_into_data.csv 2024-03-16T02:33:00+00:00 [queued]>
[2024-03-16 02:34:04,535] {taskinstance.py:1087} INFO - 
--------------------------------------------------------------------------------
[2024-03-16 02:34:04,535] {taskinstance.py:1088} INFO - Starting attempt 1 of 1
[2024-03-16 02:34:04,535] {taskinstance.py:1089} INFO - 
--------------------------------------------------------------------------------
[2024-03-16 02:34:04,546] {taskinstance.py:1107} INFO - Executing <Task(PythonOperator): transform_into_data.csv> on 2024-03-16T02:33:00+00:00
[2024-03-16 02:34:04,555] {standard_task_runner.py:52} INFO - Started process 128717 to run task
[2024-03-16 02:34:04,558] {standard_task_runner.py:76} INFO - Running: ['***', 'tasks', 'run', '***_exam', 'transform_into_data.csv', '2024-03-16T02:33:00+00:00', '--job-id', '6150', '--pool', 'default_pool', '--raw', '--subdir', 'DAGS_FOLDER/DAG.py', '--cfg-path', '/tmp/tmpnhydcmv_', '--error-file', '/tmp/tmpwon7c1__']
[2024-03-16 02:34:04,558] {standard_task_runner.py:77} INFO - Job 6150: Subtask transform_into_data.csv
[2024-03-16 02:34:04,608] {logging_mixin.py:104} INFO - Running <TaskInstance: ***_exam.transform_into_data.csv 2024-03-16T02:33:00+00:00 [running]> on host 3a3d0401ac26
[2024-03-16 02:34:04,674] {taskinstance.py:1302} INFO - Exporting the following env vars:
AIRFLOW_CTX_DAG_OWNER=***
AIRFLOW_CTX_DAG_ID=***_exam
AIRFLOW_CTX_TASK_ID=transform_into_data.csv
AIRFLOW_CTX_EXECUTION_DATE=2024-03-16T02:33:00+00:00
AIRFLOW_CTX_DAG_RUN_ID=scheduled__2024-03-16T02:33:00+00:00
[2024-03-16 02:34:04,679] {logging_mixin.py:104} INFO - 
[2024-03-16 02:34:04,697] {logging_mixin.py:104} INFO -     temperature        city  pression              date
0       284.22       Paris      1017  2024-03-16 02:34
1       281.28      London      1015  2024-03-16 02:34
2       283.95  Washington      1022  2024-03-16 02:34
3       284.22       Paris      1017  2024-03-16 02:33
4       281.28      London      1015  2024-03-16 02:33
5       283.95  Washington      1022  2024-03-16 02:33
6       284.22       Paris      1017  2024-03-16 02:32
7       281.28      London      1015  2024-03-16 02:32
8       283.95  Washington      1022  2024-03-16 02:32
9       284.22       Paris      1017  2024-03-16 02:31
[2024-03-16 02:34:04,701] {python.py:151} INFO - Done. Returned value was: None
[2024-03-16 02:34:04,716] {taskinstance.py:1211} INFO - Marking task as SUCCESS. dag_id=***_exam, task_id=transform_into_data.csv, execution_date=20240316T023300, start_date=20240316T023404, end_date=20240316T023404
[2024-03-16 02:34:04,758] {taskinstance.py:1265} INFO - 0 downstream tasks scheduled from follow-on schedule check
[2024-03-16 02:34:04,770] {local_task_job.py:151} INFO - Task exited with return code 0
