[2024-03-15 16:37:05,563] {taskinstance.py:896} INFO - Dependencies all met for <TaskInstance: airflow_exam.transform_into_data.csv 2024-03-15T16:36:00+00:00 [queued]>
[2024-03-15 16:37:05,596] {taskinstance.py:896} INFO - Dependencies all met for <TaskInstance: airflow_exam.transform_into_data.csv 2024-03-15T16:36:00+00:00 [queued]>
[2024-03-15 16:37:05,597] {taskinstance.py:1087} INFO - 
--------------------------------------------------------------------------------
[2024-03-15 16:37:05,597] {taskinstance.py:1088} INFO - Starting attempt 1 of 1
[2024-03-15 16:37:05,597] {taskinstance.py:1089} INFO - 
--------------------------------------------------------------------------------
[2024-03-15 16:37:05,618] {taskinstance.py:1107} INFO - Executing <Task(PythonOperator): transform_into_data.csv> on 2024-03-15T16:36:00+00:00
[2024-03-15 16:37:05,630] {standard_task_runner.py:52} INFO - Started process 23777 to run task
[2024-03-15 16:37:05,637] {standard_task_runner.py:76} INFO - Running: ['***', 'tasks', 'run', '***_exam', 'transform_into_data.csv', '2024-03-15T16:36:00+00:00', '--job-id', '2570', '--pool', 'default_pool', '--raw', '--subdir', 'DAGS_FOLDER/DAG.py', '--cfg-path', '/tmp/tmp_mw1vnhu', '--error-file', '/tmp/tmpmwi6x3s1']
[2024-03-15 16:37:05,637] {standard_task_runner.py:77} INFO - Job 2570: Subtask transform_into_data.csv
[2024-03-15 16:37:05,711] {logging_mixin.py:104} INFO - Running <TaskInstance: ***_exam.transform_into_data.csv 2024-03-15T16:36:00+00:00 [running]> on host 3a3d0401ac26
[2024-03-15 16:37:05,787] {taskinstance.py:1302} INFO - Exporting the following env vars:
AIRFLOW_CTX_DAG_OWNER=***
AIRFLOW_CTX_DAG_ID=***_exam
AIRFLOW_CTX_TASK_ID=transform_into_data.csv
AIRFLOW_CTX_EXECUTION_DATE=2024-03-15T16:36:00+00:00
AIRFLOW_CTX_DAG_RUN_ID=scheduled__2024-03-15T16:36:00+00:00
[2024-03-15 16:37:05,793] {logging_mixin.py:104} INFO - 
[2024-03-15 16:37:05,816] {logging_mixin.py:104} INFO -     temperature        city  pression              date
0       288.51       Paris      1011  2024-03-15 16:37
1       286.80      London      1004  2024-03-15 16:37
2       279.05  Washington      1027  2024-03-15 16:37
3       288.51       Paris      1011  2024-03-15 16:36
4       286.80      London      1004  2024-03-15 16:36
5       279.05  Washington      1027  2024-03-15 16:36
6       288.51       Paris      1011  2024-03-15 16:35
7       286.80      London      1004  2024-03-15 16:35
8       279.05  Washington      1027  2024-03-15 16:35
9       288.51       Paris      1011  2024-03-15 16:34
[2024-03-15 16:37:05,820] {python.py:151} INFO - Done. Returned value was: None
[2024-03-15 16:37:05,834] {taskinstance.py:1211} INFO - Marking task as SUCCESS. dag_id=***_exam, task_id=transform_into_data.csv, execution_date=20240315T163600, start_date=20240315T163705, end_date=20240315T163705
[2024-03-15 16:37:05,870] {taskinstance.py:1265} INFO - 0 downstream tasks scheduled from follow-on schedule check
[2024-03-15 16:37:05,887] {local_task_job.py:151} INFO - Task exited with return code 0
