[2024-03-15 17:39:03,896] {taskinstance.py:896} INFO - Dependencies all met for <TaskInstance: airflow_exam.transform_into_fulldata.csv 2024-03-15T17:38:00+00:00 [queued]>
[2024-03-15 17:39:03,920] {taskinstance.py:896} INFO - Dependencies all met for <TaskInstance: airflow_exam.transform_into_fulldata.csv 2024-03-15T17:38:00+00:00 [queued]>
[2024-03-15 17:39:03,920] {taskinstance.py:1087} INFO - 
--------------------------------------------------------------------------------
[2024-03-15 17:39:03,921] {taskinstance.py:1088} INFO - Starting attempt 1 of 1
[2024-03-15 17:39:03,921] {taskinstance.py:1089} INFO - 
--------------------------------------------------------------------------------
[2024-03-15 17:39:03,936] {taskinstance.py:1107} INFO - Executing <Task(PythonOperator): transform_into_fulldata.csv> on 2024-03-15T17:38:00+00:00
[2024-03-15 17:39:03,947] {standard_task_runner.py:52} INFO - Started process 36165 to run task
[2024-03-15 17:39:03,950] {standard_task_runner.py:76} INFO - Running: ['***', 'tasks', 'run', '***_exam', 'transform_into_fulldata.csv', '2024-03-15T17:38:00+00:00', '--job-id', '3005', '--pool', 'default_pool', '--raw', '--subdir', 'DAGS_FOLDER/DAG.py', '--cfg-path', '/tmp/tmpxgr_8d34', '--error-file', '/tmp/tmp7_lfw5rx']
[2024-03-15 17:39:03,951] {standard_task_runner.py:77} INFO - Job 3005: Subtask transform_into_fulldata.csv
[2024-03-15 17:39:04,004] {logging_mixin.py:104} INFO - Running <TaskInstance: ***_exam.transform_into_fulldata.csv 2024-03-15T17:38:00+00:00 [running]> on host 3a3d0401ac26
[2024-03-15 17:39:04,067] {taskinstance.py:1302} INFO - Exporting the following env vars:
AIRFLOW_CTX_DAG_OWNER=***
AIRFLOW_CTX_DAG_ID=***_exam
AIRFLOW_CTX_TASK_ID=transform_into_fulldata.csv
AIRFLOW_CTX_EXECUTION_DATE=2024-03-15T17:38:00+00:00
AIRFLOW_CTX_DAG_RUN_ID=scheduled__2024-03-15T17:38:00+00:00
[2024-03-15 17:39:04,091] {logging_mixin.py:104} INFO - 
[2024-03-15 17:39:04,109] {logging_mixin.py:104} INFO -     temperature        city  pression              date
0       287.09       Paris      1011  2024-03-15 17:39
1       286.17      London      1005  2024-03-15 17:39
2       280.79  Washington      1026  2024-03-15 17:39
3       287.09       Paris      1011  2024-03-15 17:38
4       286.17      London      1005  2024-03-15 17:38
5       280.79  Washington      1026  2024-03-15 17:38
6       287.09       Paris      1011  2024-03-15 17:37
7       286.17      London      1005  2024-03-15 17:37
8       280.79  Washington      1026  2024-03-15 17:37
9       287.09       Paris      1011  2024-03-15 17:36
[2024-03-15 17:39:04,117] {python.py:151} INFO - Done. Returned value was: None
[2024-03-15 17:39:04,133] {taskinstance.py:1211} INFO - Marking task as SUCCESS. dag_id=***_exam, task_id=transform_into_fulldata.csv, execution_date=20240315T173800, start_date=20240315T173903, end_date=20240315T173904
[2024-03-15 17:39:04,170] {taskinstance.py:1265} INFO - 3 downstream tasks scheduled from follow-on schedule check
[2024-03-15 17:39:04,203] {local_task_job.py:151} INFO - Task exited with return code 0
