[2024-03-15 17:29:04,480] {taskinstance.py:896} INFO - Dependencies all met for <TaskInstance: airflow_exam.transform_into_data.csv 2024-03-15T17:28:00+00:00 [queued]>
[2024-03-15 17:29:04,502] {taskinstance.py:896} INFO - Dependencies all met for <TaskInstance: airflow_exam.transform_into_data.csv 2024-03-15T17:28:00+00:00 [queued]>
[2024-03-15 17:29:04,503] {taskinstance.py:1087} INFO - 
--------------------------------------------------------------------------------
[2024-03-15 17:29:04,503] {taskinstance.py:1088} INFO - Starting attempt 1 of 1
[2024-03-15 17:29:04,503] {taskinstance.py:1089} INFO - 
--------------------------------------------------------------------------------
[2024-03-15 17:29:04,515] {taskinstance.py:1107} INFO - Executing <Task(PythonOperator): transform_into_data.csv> on 2024-03-15T17:28:00+00:00
[2024-03-15 17:29:04,524] {standard_task_runner.py:52} INFO - Started process 34110 to run task
[2024-03-15 17:29:04,527] {standard_task_runner.py:76} INFO - Running: ['***', 'tasks', 'run', '***_exam', 'transform_into_data.csv', '2024-03-15T17:28:00+00:00', '--job-id', '2936', '--pool', 'default_pool', '--raw', '--subdir', 'DAGS_FOLDER/DAG.py', '--cfg-path', '/tmp/tmp6lfipz3i', '--error-file', '/tmp/tmpn_gr9vc4']
[2024-03-15 17:29:04,528] {standard_task_runner.py:77} INFO - Job 2936: Subtask transform_into_data.csv
[2024-03-15 17:29:04,579] {logging_mixin.py:104} INFO - Running <TaskInstance: ***_exam.transform_into_data.csv 2024-03-15T17:28:00+00:00 [running]> on host 3a3d0401ac26
[2024-03-15 17:29:04,658] {taskinstance.py:1302} INFO - Exporting the following env vars:
AIRFLOW_CTX_DAG_OWNER=***
AIRFLOW_CTX_DAG_ID=***_exam
AIRFLOW_CTX_TASK_ID=transform_into_data.csv
AIRFLOW_CTX_EXECUTION_DATE=2024-03-15T17:28:00+00:00
AIRFLOW_CTX_DAG_RUN_ID=scheduled__2024-03-15T17:28:00+00:00
[2024-03-15 17:29:04,664] {logging_mixin.py:104} INFO - 
[2024-03-15 17:29:04,696] {logging_mixin.py:104} INFO -     temperature        city  pression              date
0       287.24       Paris      1011  2024-03-15 17:29
1       286.36      London      1005  2024-03-15 17:29
2       279.57  Washington      1026  2024-03-15 17:29
3       287.24       Paris      1011  2024-03-15 17:28
4       286.36      London      1005  2024-03-15 17:28
5       279.57  Washington      1026  2024-03-15 17:28
6       287.24       Paris      1011  2024-03-15 17:27
7       286.36      London      1005  2024-03-15 17:27
8       279.57  Washington      1026  2024-03-15 17:27
9       287.24       Paris      1011  2024-03-15 17:26
[2024-03-15 17:29:04,702] {python.py:151} INFO - Done. Returned value was: None
[2024-03-15 17:29:04,717] {taskinstance.py:1211} INFO - Marking task as SUCCESS. dag_id=***_exam, task_id=transform_into_data.csv, execution_date=20240315T172800, start_date=20240315T172904, end_date=20240315T172904
[2024-03-15 17:29:04,753] {taskinstance.py:1265} INFO - 0 downstream tasks scheduled from follow-on schedule check
[2024-03-15 17:29:04,780] {local_task_job.py:151} INFO - Task exited with return code 0
