[2024-03-20 20:39:06,706] {taskinstance.py:896} INFO - Dependencies all met for <TaskInstance: airflow_exam.compute_rf_score 2024-03-20T20:38:00+00:00 [queued]>
[2024-03-20 20:39:06,721] {taskinstance.py:896} INFO - Dependencies all met for <TaskInstance: airflow_exam.compute_rf_score 2024-03-20T20:38:00+00:00 [queued]>
[2024-03-20 20:39:06,721] {taskinstance.py:1087} INFO - 
--------------------------------------------------------------------------------
[2024-03-20 20:39:06,721] {taskinstance.py:1088} INFO - Starting attempt 1 of 1
[2024-03-20 20:39:06,722] {taskinstance.py:1089} INFO - 
--------------------------------------------------------------------------------
[2024-03-20 20:39:06,740] {taskinstance.py:1107} INFO - Executing <Task(PythonOperator): compute_rf_score> on 2024-03-20T20:38:00+00:00
[2024-03-20 20:39:06,750] {standard_task_runner.py:52} INFO - Started process 1952 to run task
[2024-03-20 20:39:06,754] {standard_task_runner.py:76} INFO - Running: ['***', 'tasks', 'run', '***_exam', 'compute_rf_score', '2024-03-20T20:38:00+00:00', '--job-id', '6893', '--pool', 'default_pool', '--raw', '--subdir', 'DAGS_FOLDER/DAG.py', '--cfg-path', '/tmp/tmpctaykcf0', '--error-file', '/tmp/tmp8gjcs1tf']
[2024-03-20 20:39:06,754] {standard_task_runner.py:77} INFO - Job 6893: Subtask compute_rf_score
[2024-03-20 20:39:06,803] {logging_mixin.py:104} INFO - Running <TaskInstance: ***_exam.compute_rf_score 2024-03-20T20:38:00+00:00 [running]> on host 3a3d0401ac26
[2024-03-20 20:39:06,868] {taskinstance.py:1302} INFO - Exporting the following env vars:
AIRFLOW_CTX_DAG_OWNER=***
AIRFLOW_CTX_DAG_ID=***_exam
AIRFLOW_CTX_TASK_ID=compute_rf_score
AIRFLOW_CTX_EXECUTION_DATE=2024-03-20T20:38:00+00:00
AIRFLOW_CTX_DAG_RUN_ID=scheduled__2024-03-20T20:38:00+00:00
[2024-03-20 20:39:09,298] {python.py:151} INFO - Done. Returned value was: None
[2024-03-20 20:39:09,318] {taskinstance.py:1211} INFO - Marking task as SUCCESS. dag_id=***_exam, task_id=compute_rf_score, execution_date=20240320T203800, start_date=20240320T203906, end_date=20240320T203909
[2024-03-20 20:39:09,376] {taskinstance.py:1265} INFO - 1 downstream tasks scheduled from follow-on schedule check
[2024-03-20 20:39:09,419] {local_task_job.py:151} INFO - Task exited with return code 0
