[2024-03-21 18:31:05,404] {taskinstance.py:896} INFO - Dependencies all met for <TaskInstance: airflow_exam.transform_into_fulldata.csv 2024-03-21T18:30:00+00:00 [queued]>
[2024-03-21 18:31:05,431] {taskinstance.py:896} INFO - Dependencies all met for <TaskInstance: airflow_exam.transform_into_fulldata.csv 2024-03-21T18:30:00+00:00 [queued]>
[2024-03-21 18:31:05,432] {taskinstance.py:1087} INFO - 
--------------------------------------------------------------------------------
[2024-03-21 18:31:05,432] {taskinstance.py:1088} INFO - Starting attempt 1 of 1
[2024-03-21 18:31:05,432] {taskinstance.py:1089} INFO - 
--------------------------------------------------------------------------------
[2024-03-21 18:31:05,448] {taskinstance.py:1107} INFO - Executing <Task(PythonOperator): transform_into_fulldata.csv> on 2024-03-21T18:30:00+00:00
[2024-03-21 18:31:05,458] {standard_task_runner.py:52} INFO - Started process 36666 to run task
[2024-03-21 18:31:05,463] {standard_task_runner.py:76} INFO - Running: ['***', 'tasks', 'run', '***_exam', 'transform_into_fulldata.csv', '2024-03-21T18:30:00+00:00', '--job-id', '10241', '--pool', 'default_pool', '--raw', '--subdir', 'DAGS_FOLDER/DAG.py', '--cfg-path', '/tmp/tmpa447z6ma', '--error-file', '/tmp/tmpeebzz3wg']
[2024-03-21 18:31:05,463] {standard_task_runner.py:77} INFO - Job 10241: Subtask transform_into_fulldata.csv
[2024-03-21 18:31:05,525] {logging_mixin.py:104} INFO - Running <TaskInstance: ***_exam.transform_into_fulldata.csv 2024-03-21T18:30:00+00:00 [running]> on host 3a3d0401ac26
[2024-03-21 18:31:05,602] {taskinstance.py:1302} INFO - Exporting the following env vars:
AIRFLOW_CTX_DAG_OWNER=***
AIRFLOW_CTX_DAG_ID=***_exam
AIRFLOW_CTX_TASK_ID=transform_into_fulldata.csv
AIRFLOW_CTX_EXECUTION_DATE=2024-03-21T18:30:00+00:00
AIRFLOW_CTX_DAG_RUN_ID=scheduled__2024-03-21T18:30:00+00:00
[2024-03-21 18:31:05,722] {logging_mixin.py:104} INFO - 
[2024-03-21 18:31:05,742] {logging_mixin.py:104} INFO -     temperature        city  pression              date
0       289.91       Paris      1025  2024-03-21 18:31
1       287.90      London      1022  2024-03-21 18:31
2       285.16  Washington      1014  2024-03-21 18:31
3       289.91       Paris      1025  2024-03-21 18:30
4       287.90      London      1022  2024-03-21 18:30
5       285.16  Washington      1014  2024-03-21 18:30
6       289.91       Paris      1025  2024-03-21 18:29
7       287.90      London      1022  2024-03-21 18:29
8       285.16  Washington      1014  2024-03-21 18:29
9       289.90       Paris      1025  2024-03-21 18:28
[2024-03-21 18:31:05,760] {python.py:151} INFO - Done. Returned value was: None
[2024-03-21 18:31:05,774] {taskinstance.py:1211} INFO - Marking task as SUCCESS. dag_id=***_exam, task_id=transform_into_fulldata.csv, execution_date=20240321T183000, start_date=20240321T183105, end_date=20240321T183105
[2024-03-21 18:31:05,820] {taskinstance.py:1265} INFO - 3 downstream tasks scheduled from follow-on schedule check
[2024-03-21 18:31:05,835] {local_task_job.py:151} INFO - Task exited with return code 0
