[2024-03-15 18:29:05,656] {taskinstance.py:896} INFO - Dependencies all met for <TaskInstance: airflow_exam.transform_into_data.csv 2024-03-15T18:28:00+00:00 [queued]>
[2024-03-15 18:29:05,687] {taskinstance.py:896} INFO - Dependencies all met for <TaskInstance: airflow_exam.transform_into_data.csv 2024-03-15T18:28:00+00:00 [queued]>
[2024-03-15 18:29:05,687] {taskinstance.py:1087} INFO - 
--------------------------------------------------------------------------------
[2024-03-15 18:29:05,687] {taskinstance.py:1088} INFO - Starting attempt 1 of 1
[2024-03-15 18:29:05,687] {taskinstance.py:1089} INFO - 
--------------------------------------------------------------------------------
[2024-03-15 18:29:05,702] {taskinstance.py:1107} INFO - Executing <Task(PythonOperator): transform_into_data.csv> on 2024-03-15T18:28:00+00:00
[2024-03-15 18:29:05,714] {standard_task_runner.py:52} INFO - Started process 46356 to run task
[2024-03-15 18:29:05,719] {standard_task_runner.py:76} INFO - Running: ['***', 'tasks', 'run', '***_exam', 'transform_into_data.csv', '2024-03-15T18:28:00+00:00', '--job-id', '3355', '--pool', 'default_pool', '--raw', '--subdir', 'DAGS_FOLDER/DAG.py', '--cfg-path', '/tmp/tmp9s9rlj9f', '--error-file', '/tmp/tmpef60fqhy']
[2024-03-15 18:29:05,720] {standard_task_runner.py:77} INFO - Job 3355: Subtask transform_into_data.csv
[2024-03-15 18:29:05,802] {logging_mixin.py:104} INFO - Running <TaskInstance: ***_exam.transform_into_data.csv 2024-03-15T18:28:00+00:00 [running]> on host 3a3d0401ac26
[2024-03-15 18:29:05,914] {taskinstance.py:1302} INFO - Exporting the following env vars:
AIRFLOW_CTX_DAG_OWNER=***
AIRFLOW_CTX_DAG_ID=***_exam
AIRFLOW_CTX_TASK_ID=transform_into_data.csv
AIRFLOW_CTX_EXECUTION_DATE=2024-03-15T18:28:00+00:00
AIRFLOW_CTX_DAG_RUN_ID=scheduled__2024-03-15T18:28:00+00:00
[2024-03-15 18:29:05,922] {logging_mixin.py:104} INFO - 
[2024-03-15 18:29:05,955] {logging_mixin.py:104} INFO -     temperature        city  pression              date
0       286.75       Paris      1012  2024-03-15 18:29
1       285.49      London      1006  2024-03-15 18:29
2       281.73  Washington      1026  2024-03-15 18:29
3       286.75       Paris      1012  2024-03-15 18:28
4       285.49      London      1006  2024-03-15 18:28
5       281.73  Washington      1026  2024-03-15 18:28
6       286.75       Paris      1012  2024-03-15 18:27
7       285.49      London      1006  2024-03-15 18:27
8       281.73  Washington      1026  2024-03-15 18:27
9       286.75       Paris      1012  2024-03-15 18:26
[2024-03-15 18:29:05,961] {python.py:151} INFO - Done. Returned value was: None
[2024-03-15 18:29:05,979] {taskinstance.py:1211} INFO - Marking task as SUCCESS. dag_id=***_exam, task_id=transform_into_data.csv, execution_date=20240315T182800, start_date=20240315T182905, end_date=20240315T182905
[2024-03-15 18:29:06,027] {taskinstance.py:1265} INFO - 0 downstream tasks scheduled from follow-on schedule check
[2024-03-15 18:29:06,053] {local_task_job.py:151} INFO - Task exited with return code 0
