[2024-03-16 01:03:04,733] {taskinstance.py:896} INFO - Dependencies all met for <TaskInstance: airflow_exam.transform_into_data.csv 2024-03-16T01:02:00+00:00 [queued]>
[2024-03-16 01:03:04,753] {taskinstance.py:896} INFO - Dependencies all met for <TaskInstance: airflow_exam.transform_into_data.csv 2024-03-16T01:02:00+00:00 [queued]>
[2024-03-16 01:03:04,753] {taskinstance.py:1087} INFO - 
--------------------------------------------------------------------------------
[2024-03-16 01:03:04,753] {taskinstance.py:1088} INFO - Starting attempt 1 of 1
[2024-03-16 01:03:04,754] {taskinstance.py:1089} INFO - 
--------------------------------------------------------------------------------
[2024-03-16 01:03:04,765] {taskinstance.py:1107} INFO - Executing <Task(PythonOperator): transform_into_data.csv> on 2024-03-16T01:02:00+00:00
[2024-03-16 01:03:04,774] {standard_task_runner.py:52} INFO - Started process 109164 to run task
[2024-03-16 01:03:04,777] {standard_task_runner.py:76} INFO - Running: ['***', 'tasks', 'run', '***_exam', 'transform_into_data.csv', '2024-03-16T01:02:00+00:00', '--job-id', '5512', '--pool', 'default_pool', '--raw', '--subdir', 'DAGS_FOLDER/DAG.py', '--cfg-path', '/tmp/tmpavmmnlbm', '--error-file', '/tmp/tmpurmlm9c1']
[2024-03-16 01:03:04,778] {standard_task_runner.py:77} INFO - Job 5512: Subtask transform_into_data.csv
[2024-03-16 01:03:04,829] {logging_mixin.py:104} INFO - Running <TaskInstance: ***_exam.transform_into_data.csv 2024-03-16T01:02:00+00:00 [running]> on host 3a3d0401ac26
[2024-03-16 01:03:04,895] {taskinstance.py:1302} INFO - Exporting the following env vars:
AIRFLOW_CTX_DAG_OWNER=***
AIRFLOW_CTX_DAG_ID=***_exam
AIRFLOW_CTX_TASK_ID=transform_into_data.csv
AIRFLOW_CTX_EXECUTION_DATE=2024-03-16T01:02:00+00:00
AIRFLOW_CTX_DAG_RUN_ID=scheduled__2024-03-16T01:02:00+00:00
[2024-03-16 01:03:04,900] {logging_mixin.py:104} INFO - 
[2024-03-16 01:03:04,919] {logging_mixin.py:104} INFO -     temperature        city  pression              date
0       284.61       Paris      1016  2024-03-16 01:03
1       281.08      London      1015  2024-03-16 01:03
2       286.75  Washington      1021  2024-03-16 01:03
3       284.61       Paris      1016  2024-03-16 01:02
4       281.08      London      1015  2024-03-16 01:02
5       286.75  Washington      1021  2024-03-16 01:02
6       284.61       Paris      1016  2024-03-16 01:01
7       281.06      London      1015  2024-03-16 01:01
8       286.75  Washington      1021  2024-03-16 01:01
9       284.61       Paris      1016  2024-03-16 01:00
[2024-03-16 01:03:04,922] {python.py:151} INFO - Done. Returned value was: None
[2024-03-16 01:03:04,937] {taskinstance.py:1211} INFO - Marking task as SUCCESS. dag_id=***_exam, task_id=transform_into_data.csv, execution_date=20240316T010200, start_date=20240316T010304, end_date=20240316T010304
[2024-03-16 01:03:04,972] {taskinstance.py:1265} INFO - 0 downstream tasks scheduled from follow-on schedule check
[2024-03-16 01:03:04,989] {local_task_job.py:151} INFO - Task exited with return code 0
