[2024-03-21 17:42:04,851] {taskinstance.py:896} INFO - Dependencies all met for <TaskInstance: airflow_exam.transform_into_fulldata.csv 2024-03-21T17:41:00+00:00 [queued]>
[2024-03-21 17:42:04,879] {taskinstance.py:896} INFO - Dependencies all met for <TaskInstance: airflow_exam.transform_into_fulldata.csv 2024-03-21T17:41:00+00:00 [queued]>
[2024-03-21 17:42:04,879] {taskinstance.py:1087} INFO - 
--------------------------------------------------------------------------------
[2024-03-21 17:42:04,879] {taskinstance.py:1088} INFO - Starting attempt 1 of 1
[2024-03-21 17:42:04,880] {taskinstance.py:1089} INFO - 
--------------------------------------------------------------------------------
[2024-03-21 17:42:04,893] {taskinstance.py:1107} INFO - Executing <Task(PythonOperator): transform_into_fulldata.csv> on 2024-03-21T17:41:00+00:00
[2024-03-21 17:42:04,903] {standard_task_runner.py:52} INFO - Started process 26126 to run task
[2024-03-21 17:42:04,908] {standard_task_runner.py:76} INFO - Running: ['***', 'tasks', 'run', '***_exam', 'transform_into_fulldata.csv', '2024-03-21T17:41:00+00:00', '--job-id', '9898', '--pool', 'default_pool', '--raw', '--subdir', 'DAGS_FOLDER/DAG.py', '--cfg-path', '/tmp/tmp_4xsecd_', '--error-file', '/tmp/tmppgkn7rge']
[2024-03-21 17:42:04,908] {standard_task_runner.py:77} INFO - Job 9898: Subtask transform_into_fulldata.csv
[2024-03-21 17:42:04,965] {logging_mixin.py:104} INFO - Running <TaskInstance: ***_exam.transform_into_fulldata.csv 2024-03-21T17:41:00+00:00 [running]> on host 3a3d0401ac26
[2024-03-21 17:42:05,045] {taskinstance.py:1302} INFO - Exporting the following env vars:
AIRFLOW_CTX_DAG_OWNER=***
AIRFLOW_CTX_DAG_ID=***_exam
AIRFLOW_CTX_TASK_ID=transform_into_fulldata.csv
AIRFLOW_CTX_EXECUTION_DATE=2024-03-21T17:41:00+00:00
AIRFLOW_CTX_DAG_RUN_ID=scheduled__2024-03-21T17:41:00+00:00
[2024-03-21 17:42:05,164] {logging_mixin.py:104} INFO - 
[2024-03-21 17:42:05,187] {logging_mixin.py:104} INFO -     temperature        city  pression              date
0       291.43       Paris      1025  2024-03-21 17:42
1       288.42      London      1022  2024-03-21 17:42
2       283.51  Washington      1014  2024-03-21 17:42
3       291.43       Paris      1025  2024-03-21 17:41
4       288.42      London      1022  2024-03-21 17:41
5       283.51  Washington      1014  2024-03-21 17:41
6       291.43       Paris      1025  2024-03-21 17:40
7       288.42      London      1022  2024-03-21 17:40
8       283.51  Washington      1014  2024-03-21 17:40
9       291.43       Paris      1025  2024-03-21 17:39
[2024-03-21 17:42:05,203] {python.py:151} INFO - Done. Returned value was: None
[2024-03-21 17:42:05,218] {taskinstance.py:1211} INFO - Marking task as SUCCESS. dag_id=***_exam, task_id=transform_into_fulldata.csv, execution_date=20240321T174100, start_date=20240321T174204, end_date=20240321T174205
[2024-03-21 17:42:05,259] {taskinstance.py:1265} INFO - 3 downstream tasks scheduled from follow-on schedule check
[2024-03-21 17:42:05,281] {local_task_job.py:151} INFO - Task exited with return code 0
