[2024-03-15 18:43:08,480] {taskinstance.py:896} INFO - Dependencies all met for <TaskInstance: airflow_exam.transform_into_fulldata.csv 2024-03-15T18:42:00+00:00 [queued]>
[2024-03-15 18:43:08,519] {taskinstance.py:896} INFO - Dependencies all met for <TaskInstance: airflow_exam.transform_into_fulldata.csv 2024-03-15T18:42:00+00:00 [queued]>
[2024-03-15 18:43:08,520] {taskinstance.py:1087} INFO - 
--------------------------------------------------------------------------------
[2024-03-15 18:43:08,520] {taskinstance.py:1088} INFO - Starting attempt 1 of 1
[2024-03-15 18:43:08,521] {taskinstance.py:1089} INFO - 
--------------------------------------------------------------------------------
[2024-03-15 18:43:08,544] {taskinstance.py:1107} INFO - Executing <Task(PythonOperator): transform_into_fulldata.csv> on 2024-03-15T18:42:00+00:00
[2024-03-15 18:43:08,556] {standard_task_runner.py:52} INFO - Started process 49073 to run task
[2024-03-15 18:43:08,563] {standard_task_runner.py:76} INFO - Running: ['***', 'tasks', 'run', '***_exam', 'transform_into_fulldata.csv', '2024-03-15T18:42:00+00:00', '--job-id', '3454', '--pool', 'default_pool', '--raw', '--subdir', 'DAGS_FOLDER/DAG.py', '--cfg-path', '/tmp/tmpa79t_kev', '--error-file', '/tmp/tmp33u2w8ex']
[2024-03-15 18:43:08,564] {standard_task_runner.py:77} INFO - Job 3454: Subtask transform_into_fulldata.csv
[2024-03-15 18:43:08,695] {logging_mixin.py:104} INFO - Running <TaskInstance: ***_exam.transform_into_fulldata.csv 2024-03-15T18:42:00+00:00 [running]> on host 3a3d0401ac26
[2024-03-15 18:43:08,968] {taskinstance.py:1302} INFO - Exporting the following env vars:
AIRFLOW_CTX_DAG_OWNER=***
AIRFLOW_CTX_DAG_ID=***_exam
AIRFLOW_CTX_TASK_ID=transform_into_fulldata.csv
AIRFLOW_CTX_EXECUTION_DATE=2024-03-15T18:42:00+00:00
AIRFLOW_CTX_DAG_RUN_ID=scheduled__2024-03-15T18:42:00+00:00
[2024-03-15 18:43:09,485] {logging_mixin.py:104} INFO - 
[2024-03-15 18:43:09,522] {logging_mixin.py:104} INFO -     temperature        city  pression              date
0       286.68       Paris      1012  2024-03-15 18:43
1       285.34      London      1006  2024-03-15 18:43
2       282.44  Washington      1025  2024-03-15 18:43
3       286.68       Paris      1012  2024-03-15 18:42
4       285.34      London      1006  2024-03-15 18:42
5       282.44  Washington      1025  2024-03-15 18:42
6       286.69       Paris      1012  2024-03-15 18:41
7       285.48      London      1006  2024-03-15 18:41
8       282.36  Washington      1025  2024-03-15 18:41
9       286.69       Paris      1012  2024-03-15 18:40
[2024-03-15 18:43:09,538] {python.py:151} INFO - Done. Returned value was: None
[2024-03-15 18:43:09,557] {taskinstance.py:1211} INFO - Marking task as SUCCESS. dag_id=***_exam, task_id=transform_into_fulldata.csv, execution_date=20240315T184200, start_date=20240315T184308, end_date=20240315T184309
[2024-03-15 18:43:09,615] {taskinstance.py:1265} INFO - 3 downstream tasks scheduled from follow-on schedule check
[2024-03-15 18:43:09,671] {local_task_job.py:151} INFO - Task exited with return code 0
