[2024-03-21 16:12:05,069] {taskinstance.py:896} INFO - Dependencies all met for <TaskInstance: airflow_exam.transform_into_fulldata.csv 2024-03-21T16:11:00+00:00 [queued]>
[2024-03-21 16:12:05,095] {taskinstance.py:896} INFO - Dependencies all met for <TaskInstance: airflow_exam.transform_into_fulldata.csv 2024-03-21T16:11:00+00:00 [queued]>
[2024-03-21 16:12:05,095] {taskinstance.py:1087} INFO - 
--------------------------------------------------------------------------------
[2024-03-21 16:12:05,095] {taskinstance.py:1088} INFO - Starting attempt 1 of 1
[2024-03-21 16:12:05,095] {taskinstance.py:1089} INFO - 
--------------------------------------------------------------------------------
[2024-03-21 16:12:05,110] {taskinstance.py:1107} INFO - Executing <Task(PythonOperator): transform_into_fulldata.csv> on 2024-03-21T16:11:00+00:00
[2024-03-21 16:12:05,121] {standard_task_runner.py:52} INFO - Started process 6684 to run task
[2024-03-21 16:12:05,125] {standard_task_runner.py:76} INFO - Running: ['***', 'tasks', 'run', '***_exam', 'transform_into_fulldata.csv', '2024-03-21T16:11:00+00:00', '--job-id', '9269', '--pool', 'default_pool', '--raw', '--subdir', 'DAGS_FOLDER/DAG.py', '--cfg-path', '/tmp/tmpm8op9vg3', '--error-file', '/tmp/tmpi_thm4uf']
[2024-03-21 16:12:05,125] {standard_task_runner.py:77} INFO - Job 9269: Subtask transform_into_fulldata.csv
[2024-03-21 16:12:05,208] {logging_mixin.py:104} INFO - Running <TaskInstance: ***_exam.transform_into_fulldata.csv 2024-03-21T16:11:00+00:00 [running]> on host 3a3d0401ac26
[2024-03-21 16:12:05,282] {taskinstance.py:1302} INFO - Exporting the following env vars:
AIRFLOW_CTX_DAG_OWNER=***
AIRFLOW_CTX_DAG_ID=***_exam
AIRFLOW_CTX_TASK_ID=transform_into_fulldata.csv
AIRFLOW_CTX_EXECUTION_DATE=2024-03-21T16:11:00+00:00
AIRFLOW_CTX_DAG_RUN_ID=scheduled__2024-03-21T16:11:00+00:00
[2024-03-21 16:12:05,416] {logging_mixin.py:104} INFO - 
[2024-03-21 16:12:05,449] {logging_mixin.py:104} INFO -     temperature        city  pression              date
0       292.99       Paris      1025  2024-03-21 16:12
1       289.50      London      1023  2024-03-21 16:12
2       280.52  Washington      1015  2024-03-21 16:12
3       292.99       Paris      1025  2024-03-21 16:11
4       289.50      London      1023  2024-03-21 16:11
5       280.52  Washington      1015  2024-03-21 16:11
6       292.99       Paris      1025  2024-03-21 16:10
7       289.50      London      1023  2024-03-21 16:10
8       280.52  Washington      1015  2024-03-21 16:10
9       292.99       Paris      1025  2024-03-21 16:09
[2024-03-21 16:12:05,463] {python.py:151} INFO - Done. Returned value was: None
[2024-03-21 16:12:05,477] {taskinstance.py:1211} INFO - Marking task as SUCCESS. dag_id=***_exam, task_id=transform_into_fulldata.csv, execution_date=20240321T161100, start_date=20240321T161205, end_date=20240321T161205
[2024-03-21 16:12:05,516] {taskinstance.py:1265} INFO - 3 downstream tasks scheduled from follow-on schedule check
[2024-03-21 16:12:05,537] {local_task_job.py:151} INFO - Task exited with return code 0
