[2024-03-21 20:32:04,863] {taskinstance.py:896} INFO - Dependencies all met for <TaskInstance: airflow_exam.transform_into_data.csv 2024-03-21T20:31:00+00:00 [queued]>
[2024-03-21 20:32:04,913] {taskinstance.py:896} INFO - Dependencies all met for <TaskInstance: airflow_exam.transform_into_data.csv 2024-03-21T20:31:00+00:00 [queued]>
[2024-03-21 20:32:04,914] {taskinstance.py:1087} INFO - 
--------------------------------------------------------------------------------
[2024-03-21 20:32:04,914] {taskinstance.py:1088} INFO - Starting attempt 1 of 1
[2024-03-21 20:32:04,914] {taskinstance.py:1089} INFO - 
--------------------------------------------------------------------------------
[2024-03-21 20:32:04,932] {taskinstance.py:1107} INFO - Executing <Task(PythonOperator): transform_into_data.csv> on 2024-03-21T20:31:00+00:00
[2024-03-21 20:32:04,946] {standard_task_runner.py:52} INFO - Started process 62844 to run task
[2024-03-21 20:32:04,951] {standard_task_runner.py:76} INFO - Running: ['***', 'tasks', 'run', '***_exam', 'transform_into_data.csv', '2024-03-21T20:31:00+00:00', '--job-id', '11089', '--pool', 'default_pool', '--raw', '--subdir', 'DAGS_FOLDER/DAG.py', '--cfg-path', '/tmp/tmpxcipzxpv', '--error-file', '/tmp/tmpphtzlh8z']
[2024-03-21 20:32:04,952] {standard_task_runner.py:77} INFO - Job 11089: Subtask transform_into_data.csv
[2024-03-21 20:32:05,034] {logging_mixin.py:104} INFO - Running <TaskInstance: ***_exam.transform_into_data.csv 2024-03-21T20:31:00+00:00 [running]> on host 3a3d0401ac26
[2024-03-21 20:32:05,135] {taskinstance.py:1302} INFO - Exporting the following env vars:
AIRFLOW_CTX_DAG_OWNER=***
AIRFLOW_CTX_DAG_ID=***_exam
AIRFLOW_CTX_TASK_ID=transform_into_data.csv
AIRFLOW_CTX_EXECUTION_DATE=2024-03-21T20:31:00+00:00
AIRFLOW_CTX_DAG_RUN_ID=scheduled__2024-03-21T20:31:00+00:00
[2024-03-21 20:32:05,146] {logging_mixin.py:104} INFO - 
[2024-03-21 20:32:05,180] {logging_mixin.py:104} INFO -     temperature        city  pression              date
0       287.52       Paris      1025  2024-03-21 20:32
1       286.03      London      1022  2024-03-21 20:32
2       287.52  Washington      1013  2024-03-21 20:32
3       287.52       Paris      1025  2024-03-21 20:31
4       286.03      London      1022  2024-03-21 20:31
5       287.52  Washington      1013  2024-03-21 20:31
6       287.52       Paris      1025  2024-03-21 20:30
7       286.03      London      1022  2024-03-21 20:30
8       287.52  Washington      1013  2024-03-21 20:30
9       287.52       Paris      1025  2024-03-21 20:29
[2024-03-21 20:32:05,188] {python.py:151} INFO - Done. Returned value was: None
[2024-03-21 20:32:05,207] {taskinstance.py:1211} INFO - Marking task as SUCCESS. dag_id=***_exam, task_id=transform_into_data.csv, execution_date=20240321T203100, start_date=20240321T203204, end_date=20240321T203205
[2024-03-21 20:32:05,257] {taskinstance.py:1265} INFO - 0 downstream tasks scheduled from follow-on schedule check
[2024-03-21 20:32:05,284] {local_task_job.py:151} INFO - Task exited with return code 0
