[2024-03-21 01:09:04,997] {taskinstance.py:896} INFO - Dependencies all met for <TaskInstance: airflow_exam.transform_into_fulldata.csv 2024-03-21T01:08:00+00:00 [queued]>
[2024-03-21 01:09:05,019] {taskinstance.py:896} INFO - Dependencies all met for <TaskInstance: airflow_exam.transform_into_fulldata.csv 2024-03-21T01:08:00+00:00 [queued]>
[2024-03-21 01:09:05,019] {taskinstance.py:1087} INFO - 
--------------------------------------------------------------------------------
[2024-03-21 01:09:05,019] {taskinstance.py:1088} INFO - Starting attempt 1 of 1
[2024-03-21 01:09:05,019] {taskinstance.py:1089} INFO - 
--------------------------------------------------------------------------------
[2024-03-21 01:09:05,042] {taskinstance.py:1107} INFO - Executing <Task(PythonOperator): transform_into_fulldata.csv> on 2024-03-21T01:08:00+00:00
[2024-03-21 01:09:05,051] {standard_task_runner.py:52} INFO - Started process 10453 to run task
[2024-03-21 01:09:05,056] {standard_task_runner.py:76} INFO - Running: ['***', 'tasks', 'run', '***_exam', 'transform_into_fulldata.csv', '2024-03-21T01:08:00+00:00', '--job-id', '8709', '--pool', 'default_pool', '--raw', '--subdir', 'DAGS_FOLDER/DAG.py', '--cfg-path', '/tmp/tmpgwdiwygt', '--error-file', '/tmp/tmpnnso5r6c']
[2024-03-21 01:09:05,057] {standard_task_runner.py:77} INFO - Job 8709: Subtask transform_into_fulldata.csv
[2024-03-21 01:09:05,117] {logging_mixin.py:104} INFO - Running <TaskInstance: ***_exam.transform_into_fulldata.csv 2024-03-21T01:08:00+00:00 [running]> on host 3a3d0401ac26
[2024-03-21 01:09:05,195] {taskinstance.py:1302} INFO - Exporting the following env vars:
AIRFLOW_CTX_DAG_OWNER=***
AIRFLOW_CTX_DAG_ID=***_exam
AIRFLOW_CTX_TASK_ID=transform_into_fulldata.csv
AIRFLOW_CTX_EXECUTION_DATE=2024-03-21T01:08:00+00:00
AIRFLOW_CTX_DAG_RUN_ID=scheduled__2024-03-21T01:08:00+00:00
[2024-03-21 01:09:05,331] {logging_mixin.py:104} INFO - 
[2024-03-21 01:09:05,363] {logging_mixin.py:104} INFO -     temperature        city  pression              date
0       285.61       Paris      1021  2024-03-21 01:09
1       283.80      London      1022  2024-03-21 01:09
2       287.87  Washington      1007  2024-03-21 01:09
3       285.61       Paris      1021  2024-03-21 01:08
4       283.80      London      1022  2024-03-21 01:08
5       287.87  Washington      1007  2024-03-21 01:08
6       285.61       Paris      1021  2024-03-21 01:07
7       283.80      London      1022  2024-03-21 01:07
8       287.87  Washington      1007  2024-03-21 01:07
9       285.61       Paris      1021  2024-03-21 01:06
[2024-03-21 01:09:05,380] {python.py:151} INFO - Done. Returned value was: None
[2024-03-21 01:09:05,394] {taskinstance.py:1211} INFO - Marking task as SUCCESS. dag_id=***_exam, task_id=transform_into_fulldata.csv, execution_date=20240321T010800, start_date=20240321T010904, end_date=20240321T010905
[2024-03-21 01:09:05,439] {taskinstance.py:1265} INFO - 3 downstream tasks scheduled from follow-on schedule check
[2024-03-21 01:09:05,470] {local_task_job.py:151} INFO - Task exited with return code 0
