[2024-03-15 15:26:57,004] {taskinstance.py:896} INFO - Dependencies all met for <TaskInstance: airflow_exam.transform_into_data.csv 2024-03-15T15:25:00+00:00 [queued]>
[2024-03-15 15:26:57,025] {taskinstance.py:896} INFO - Dependencies all met for <TaskInstance: airflow_exam.transform_into_data.csv 2024-03-15T15:25:00+00:00 [queued]>
[2024-03-15 15:26:57,025] {taskinstance.py:1087} INFO - 
--------------------------------------------------------------------------------
[2024-03-15 15:26:57,025] {taskinstance.py:1088} INFO - Starting attempt 1 of 1
[2024-03-15 15:26:57,025] {taskinstance.py:1089} INFO - 
--------------------------------------------------------------------------------
[2024-03-15 15:26:57,036] {taskinstance.py:1107} INFO - Executing <Task(PythonOperator): transform_into_data.csv> on 2024-03-15T15:25:00+00:00
[2024-03-15 15:26:57,044] {standard_task_runner.py:52} INFO - Started process 9955 to run task
[2024-03-15 15:26:57,047] {standard_task_runner.py:76} INFO - Running: ['***', 'tasks', 'run', '***_exam', 'transform_into_data.csv', '2024-03-15T15:25:00+00:00', '--job-id', '2069', '--pool', 'default_pool', '--raw', '--subdir', 'DAGS_FOLDER/DAG.py', '--cfg-path', '/tmp/tmpi3qeaqyc', '--error-file', '/tmp/tmpoi70624v']
[2024-03-15 15:26:57,048] {standard_task_runner.py:77} INFO - Job 2069: Subtask transform_into_data.csv
[2024-03-15 15:26:57,097] {logging_mixin.py:104} INFO - Running <TaskInstance: ***_exam.transform_into_data.csv 2024-03-15T15:25:00+00:00 [running]> on host 3a3d0401ac26
[2024-03-15 15:26:57,171] {taskinstance.py:1302} INFO - Exporting the following env vars:
AIRFLOW_CTX_DAG_OWNER=***
AIRFLOW_CTX_DAG_ID=***_exam
AIRFLOW_CTX_TASK_ID=transform_into_data.csv
AIRFLOW_CTX_EXECUTION_DATE=2024-03-15T15:25:00+00:00
AIRFLOW_CTX_DAG_RUN_ID=scheduled__2024-03-15T15:25:00+00:00
[2024-03-15 15:26:57,178] {logging_mixin.py:104} INFO - 
[2024-03-15 15:26:57,200] {logging_mixin.py:104} INFO -     temperature        city  pression              date
0       289.98       Paris      1011  2024-03-15 15:26
1       287.04      London      1004  2024-03-15 15:26
2       275.87  Washington      1028  2024-03-15 15:26
3       289.53       Paris      1012  2024-03-15 14:42
4       286.95      London      1004  2024-03-15 14:42
5       276.31  Washington      1028  2024-03-15 14:42
6       289.53       Paris      1012  2024-03-15 14:41
7       286.95      London      1004  2024-03-15 14:41
8       276.31  Washington      1028  2024-03-15 14:41
9       289.53       Paris      1012  2024-03-15 14:40
[2024-03-15 15:26:57,205] {python.py:151} INFO - Done. Returned value was: None
[2024-03-15 15:26:57,219] {taskinstance.py:1211} INFO - Marking task as SUCCESS. dag_id=***_exam, task_id=transform_into_data.csv, execution_date=20240315T152500, start_date=20240315T152657, end_date=20240315T152657
[2024-03-15 15:26:57,258] {taskinstance.py:1265} INFO - 0 downstream tasks scheduled from follow-on schedule check
[2024-03-15 15:26:57,301] {local_task_job.py:151} INFO - Task exited with return code 0
