[2023-10-06 23:32:22,294] {taskinstance.py:896} INFO - Dependencies all met for <TaskInstance: airflow_exam.transform_into_fulldata.csv 2023-10-06T20:49:00+00:00 [queued]>
[2023-10-06 23:32:22,313] {taskinstance.py:896} INFO - Dependencies all met for <TaskInstance: airflow_exam.transform_into_fulldata.csv 2023-10-06T20:49:00+00:00 [queued]>
[2023-10-06 23:32:22,313] {taskinstance.py:1087} INFO - 
--------------------------------------------------------------------------------
[2023-10-06 23:32:22,313] {taskinstance.py:1088} INFO - Starting attempt 1 of 1
[2023-10-06 23:32:22,313] {taskinstance.py:1089} INFO - 
--------------------------------------------------------------------------------
[2023-10-06 23:32:22,335] {taskinstance.py:1107} INFO - Executing <Task(PythonOperator): transform_into_fulldata.csv> on 2023-10-06T20:49:00+00:00
[2023-10-06 23:32:22,344] {standard_task_runner.py:52} INFO - Started process 181 to run task
[2023-10-06 23:32:22,349] {standard_task_runner.py:76} INFO - Running: ['***', 'tasks', 'run', '***_exam', 'transform_into_fulldata.csv', '2023-10-06T20:49:00+00:00', '--job-id', '1054', '--pool', 'default_pool', '--raw', '--subdir', 'DAGS_FOLDER/DAG.py', '--cfg-path', '/tmp/tmpkb14d527', '--error-file', '/tmp/tmp7ea1986i']
[2023-10-06 23:32:22,350] {standard_task_runner.py:77} INFO - Job 1054: Subtask transform_into_fulldata.csv
[2023-10-06 23:32:22,415] {logging_mixin.py:104} INFO - Running <TaskInstance: ***_exam.transform_into_fulldata.csv 2023-10-06T20:49:00+00:00 [running]> on host 3a3d0401ac26
[2023-10-06 23:32:22,504] {taskinstance.py:1302} INFO - Exporting the following env vars:
AIRFLOW_CTX_DAG_OWNER=***
AIRFLOW_CTX_DAG_ID=***_exam
AIRFLOW_CTX_TASK_ID=transform_into_fulldata.csv
AIRFLOW_CTX_EXECUTION_DATE=2023-10-06T20:49:00+00:00
AIRFLOW_CTX_DAG_RUN_ID=scheduled__2023-10-06T20:49:00+00:00
[2023-10-06 23:32:22,589] {logging_mixin.py:104} INFO - 
[2023-10-06 23:32:22,618] {logging_mixin.py:104} INFO -     temperature        city  pression              date
0       285.69       Paris      1026  2023-10-06 23:32
1       289.26      London      1023  2023-10-06 23:32
2       296.19  Washington      1021  2023-10-06 23:32
3       287.71       Paris      1026  2023-10-06 20:49
4       289.82      London      1023  2023-10-06 20:49
5       294.47  Washington      1023  2023-10-06 20:49
6       287.71       Paris      1026  2023-10-06 20:48
7       289.82      London      1023  2023-10-06 20:48
8       294.47  Washington      1023  2023-10-06 20:48
9       287.71       Paris      1026  2023-10-06 20:47
[2023-10-06 23:32:22,624] {python.py:151} INFO - Done. Returned value was: None
[2023-10-06 23:32:22,638] {taskinstance.py:1211} INFO - Marking task as SUCCESS. dag_id=***_exam, task_id=transform_into_fulldata.csv, execution_date=20231006T204900, start_date=20231006T233222, end_date=20231006T233222
[2023-10-06 23:32:22,677] {taskinstance.py:1265} INFO - 3 downstream tasks scheduled from follow-on schedule check
[2023-10-06 23:32:22,721] {local_task_job.py:151} INFO - Task exited with return code 0
