[2024-03-15 22:29:11,580] {taskinstance.py:896} INFO - Dependencies all met for <TaskInstance: airflow_exam.train_best_model 2024-03-15T22:28:00+00:00 [queued]>
[2024-03-15 22:29:11,600] {taskinstance.py:896} INFO - Dependencies all met for <TaskInstance: airflow_exam.train_best_model 2024-03-15T22:28:00+00:00 [queued]>
[2024-03-15 22:29:11,600] {taskinstance.py:1087} INFO - 
--------------------------------------------------------------------------------
[2024-03-15 22:29:11,600] {taskinstance.py:1088} INFO - Starting attempt 1 of 1
[2024-03-15 22:29:11,600] {taskinstance.py:1089} INFO - 
--------------------------------------------------------------------------------
[2024-03-15 22:29:11,611] {taskinstance.py:1107} INFO - Executing <Task(PythonOperator): train_best_model> on 2024-03-15T22:28:00+00:00
[2024-03-15 22:29:11,618] {standard_task_runner.py:52} INFO - Started process 77542 to run task
[2024-03-15 22:29:11,622] {standard_task_runner.py:76} INFO - Running: ['***', 'tasks', 'run', '***_exam', 'train_best_model', '2024-03-15T22:28:00+00:00', '--job-id', '4446', '--pool', 'default_pool', '--raw', '--subdir', 'DAGS_FOLDER/DAG.py', '--cfg-path', '/tmp/tmpcoyzjd52', '--error-file', '/tmp/tmpphzhyal2']
[2024-03-15 22:29:11,623] {standard_task_runner.py:77} INFO - Job 4446: Subtask train_best_model
[2024-03-15 22:29:11,666] {logging_mixin.py:104} INFO - Running <TaskInstance: ***_exam.train_best_model 2024-03-15T22:28:00+00:00 [running]> on host 3a3d0401ac26
[2024-03-15 22:29:11,731] {taskinstance.py:1302} INFO - Exporting the following env vars:
AIRFLOW_CTX_DAG_OWNER=***
AIRFLOW_CTX_DAG_ID=***_exam
AIRFLOW_CTX_TASK_ID=train_best_model
AIRFLOW_CTX_EXECUTION_DATE=2024-03-15T22:28:00+00:00
AIRFLOW_CTX_DAG_RUN_ID=scheduled__2024-03-15T22:28:00+00:00
[2024-03-15 22:29:11,849] {logging_mixin.py:104} INFO - LinearRegression() saved at  /app/clean_data/best_model.pickle
[2024-03-15 22:29:11,851] {python.py:151} INFO - Done. Returned value was: None
[2024-03-15 22:29:11,868] {taskinstance.py:1211} INFO - Marking task as SUCCESS. dag_id=***_exam, task_id=train_best_model, execution_date=20240315T222800, start_date=20240315T222911, end_date=20240315T222911
[2024-03-15 22:29:11,915] {taskinstance.py:1265} INFO - 0 downstream tasks scheduled from follow-on schedule check
[2024-03-15 22:29:11,955] {local_task_job.py:151} INFO - Task exited with return code 0
