[2024-03-15 16:04:03,711] {taskinstance.py:896} INFO - Dependencies all met for <TaskInstance: airflow_exam.transform_into_data.csv 2024-03-15T16:03:00+00:00 [queued]>
[2024-03-15 16:04:03,737] {taskinstance.py:896} INFO - Dependencies all met for <TaskInstance: airflow_exam.transform_into_data.csv 2024-03-15T16:03:00+00:00 [queued]>
[2024-03-15 16:04:03,738] {taskinstance.py:1087} INFO - 
--------------------------------------------------------------------------------
[2024-03-15 16:04:03,738] {taskinstance.py:1088} INFO - Starting attempt 1 of 1
[2024-03-15 16:04:03,738] {taskinstance.py:1089} INFO - 
--------------------------------------------------------------------------------
[2024-03-15 16:04:03,752] {taskinstance.py:1107} INFO - Executing <Task(PythonOperator): transform_into_data.csv> on 2024-03-15T16:03:00+00:00
[2024-03-15 16:04:03,763] {standard_task_runner.py:52} INFO - Started process 17363 to run task
[2024-03-15 16:04:03,768] {standard_task_runner.py:76} INFO - Running: ['***', 'tasks', 'run', '***_exam', 'transform_into_data.csv', '2024-03-15T16:03:00+00:00', '--job-id', '2340', '--pool', 'default_pool', '--raw', '--subdir', 'DAGS_FOLDER/DAG.py', '--cfg-path', '/tmp/tmp9l6honpy', '--error-file', '/tmp/tmp46ob5rpf']
[2024-03-15 16:04:03,769] {standard_task_runner.py:77} INFO - Job 2340: Subtask transform_into_data.csv
[2024-03-15 16:04:03,842] {logging_mixin.py:104} INFO - Running <TaskInstance: ***_exam.transform_into_data.csv 2024-03-15T16:03:00+00:00 [running]> on host 3a3d0401ac26
[2024-03-15 16:04:03,930] {taskinstance.py:1302} INFO - Exporting the following env vars:
AIRFLOW_CTX_DAG_OWNER=***
AIRFLOW_CTX_DAG_ID=***_exam
AIRFLOW_CTX_TASK_ID=transform_into_data.csv
AIRFLOW_CTX_EXECUTION_DATE=2024-03-15T16:03:00+00:00
AIRFLOW_CTX_DAG_RUN_ID=scheduled__2024-03-15T16:03:00+00:00
[2024-03-15 16:04:03,940] {logging_mixin.py:104} INFO - 
[2024-03-15 16:04:03,972] {logging_mixin.py:104} INFO -     temperature        city  pression              date
0       289.42       Paris      1011  2024-03-15 16:04
1       286.90      London      1004  2024-03-15 16:04
2       282.95  Washington      1027  2024-03-15 16:04
3       289.58       Paris      1011  2024-03-15 16:03
4       286.90      London      1004  2024-03-15 16:03
5       282.95  Washington      1027  2024-03-15 16:03
6       289.58       Paris      1011  2024-03-15 16:02
7       286.95      London      1004  2024-03-15 16:02
8       282.95  Washington      1027  2024-03-15 16:02
9       289.58       Paris      1011  2024-03-15 16:01
[2024-03-15 16:04:03,978] {python.py:151} INFO - Done. Returned value was: None
[2024-03-15 16:04:03,995] {taskinstance.py:1211} INFO - Marking task as SUCCESS. dag_id=***_exam, task_id=transform_into_data.csv, execution_date=20240315T160300, start_date=20240315T160403, end_date=20240315T160403
[2024-03-15 16:04:04,039] {taskinstance.py:1265} INFO - 0 downstream tasks scheduled from follow-on schedule check
[2024-03-15 16:04:04,060] {local_task_job.py:151} INFO - Task exited with return code 0
