[2024-03-21 16:53:12,483] {taskinstance.py:896} INFO - Dependencies all met for <TaskInstance: airflow_exam.transform_into_data.csv 2024-03-21T16:52:00+00:00 [queued]>
[2024-03-21 16:53:12,510] {taskinstance.py:896} INFO - Dependencies all met for <TaskInstance: airflow_exam.transform_into_data.csv 2024-03-21T16:52:00+00:00 [queued]>
[2024-03-21 16:53:12,510] {taskinstance.py:1087} INFO - 
--------------------------------------------------------------------------------
[2024-03-21 16:53:12,511] {taskinstance.py:1088} INFO - Starting attempt 1 of 1
[2024-03-21 16:53:12,511] {taskinstance.py:1089} INFO - 
--------------------------------------------------------------------------------
[2024-03-21 16:53:12,523] {taskinstance.py:1107} INFO - Executing <Task(PythonOperator): transform_into_data.csv> on 2024-03-21T16:52:00+00:00
[2024-03-21 16:53:12,532] {standard_task_runner.py:52} INFO - Started process 15595 to run task
[2024-03-21 16:53:12,537] {standard_task_runner.py:76} INFO - Running: ['***', 'tasks', 'run', '***_exam', 'transform_into_data.csv', '2024-03-21T16:52:00+00:00', '--job-id', '9555', '--pool', 'default_pool', '--raw', '--subdir', 'DAGS_FOLDER/DAG.py', '--cfg-path', '/tmp/tmpwb4obhbc', '--error-file', '/tmp/tmp82te3obc']
[2024-03-21 16:53:12,538] {standard_task_runner.py:77} INFO - Job 9555: Subtask transform_into_data.csv
[2024-03-21 16:53:12,588] {logging_mixin.py:104} INFO - Running <TaskInstance: ***_exam.transform_into_data.csv 2024-03-21T16:52:00+00:00 [running]> on host 3a3d0401ac26
[2024-03-21 16:53:12,656] {taskinstance.py:1302} INFO - Exporting the following env vars:
AIRFLOW_CTX_DAG_OWNER=***
AIRFLOW_CTX_DAG_ID=***_exam
AIRFLOW_CTX_TASK_ID=transform_into_data.csv
AIRFLOW_CTX_EXECUTION_DATE=2024-03-21T16:52:00+00:00
AIRFLOW_CTX_DAG_RUN_ID=scheduled__2024-03-21T16:52:00+00:00
[2024-03-21 16:53:12,663] {logging_mixin.py:104} INFO - 
[2024-03-21 16:53:12,685] {logging_mixin.py:104} INFO -     temperature        city  pression              date
0       292.10       Paris      1025  2024-03-21 16:53
1       289.08      London      1022  2024-03-21 16:53
2       281.82  Washington      1015  2024-03-21 16:53
3       292.10       Paris      1025  2024-03-21 16:52
4       289.08      London      1022  2024-03-21 16:52
5       281.82  Washington      1015  2024-03-21 16:52
6       292.10       Paris      1025  2024-03-21 16:51
7       289.14      London      1022  2024-03-21 16:51
8       281.82  Washington      1015  2024-03-21 16:51
9       292.26       Paris      1025  2024-03-21 16:50
[2024-03-21 16:53:12,689] {python.py:151} INFO - Done. Returned value was: None
[2024-03-21 16:53:12,702] {taskinstance.py:1211} INFO - Marking task as SUCCESS. dag_id=***_exam, task_id=transform_into_data.csv, execution_date=20240321T165200, start_date=20240321T165312, end_date=20240321T165312
[2024-03-21 16:53:12,736] {taskinstance.py:1265} INFO - 0 downstream tasks scheduled from follow-on schedule check
[2024-03-21 16:53:12,790] {local_task_job.py:151} INFO - Task exited with return code 0
