[2024-03-21 15:43:08,623] {taskinstance.py:896} INFO - Dependencies all met for <TaskInstance: airflow_exam.transform_into_fulldata.csv 2024-03-21T15:42:00+00:00 [queued]>
[2024-03-21 15:43:08,653] {taskinstance.py:896} INFO - Dependencies all met for <TaskInstance: airflow_exam.transform_into_fulldata.csv 2024-03-21T15:42:00+00:00 [queued]>
[2024-03-21 15:43:08,653] {taskinstance.py:1087} INFO - 
--------------------------------------------------------------------------------
[2024-03-21 15:43:08,653] {taskinstance.py:1088} INFO - Starting attempt 1 of 1
[2024-03-21 15:43:08,653] {taskinstance.py:1089} INFO - 
--------------------------------------------------------------------------------
[2024-03-21 15:43:08,670] {taskinstance.py:1107} INFO - Executing <Task(PythonOperator): transform_into_fulldata.csv> on 2024-03-21T15:42:00+00:00
[2024-03-21 15:43:08,681] {standard_task_runner.py:52} INFO - Started process 354 to run task
[2024-03-21 15:43:08,686] {standard_task_runner.py:76} INFO - Running: ['***', 'tasks', 'run', '***_exam', 'transform_into_fulldata.csv', '2024-03-21T15:42:00+00:00', '--job-id', '9064', '--pool', 'default_pool', '--raw', '--subdir', 'DAGS_FOLDER/DAG.py', '--cfg-path', '/tmp/tmpabpg12v5', '--error-file', '/tmp/tmp6769h5un']
[2024-03-21 15:43:08,687] {standard_task_runner.py:77} INFO - Job 9064: Subtask transform_into_fulldata.csv
[2024-03-21 15:43:08,782] {logging_mixin.py:104} INFO - Running <TaskInstance: ***_exam.transform_into_fulldata.csv 2024-03-21T15:42:00+00:00 [running]> on host 3a3d0401ac26
[2024-03-21 15:43:08,871] {taskinstance.py:1302} INFO - Exporting the following env vars:
AIRFLOW_CTX_DAG_OWNER=***
AIRFLOW_CTX_DAG_ID=***_exam
AIRFLOW_CTX_TASK_ID=transform_into_fulldata.csv
AIRFLOW_CTX_EXECUTION_DATE=2024-03-21T15:42:00+00:00
AIRFLOW_CTX_DAG_RUN_ID=scheduled__2024-03-21T15:42:00+00:00
[2024-03-21 15:43:08,977] {logging_mixin.py:104} INFO - 
[2024-03-21 15:43:08,994] {logging_mixin.py:104} INFO -     temperature        city  pression              date
0       292.97       Paris      1026  2024-03-21 15:43
1       289.60      London      1023  2024-03-21 15:43
2       280.04  Washington      1015  2024-03-21 15:43
3       292.97       Paris      1026  2024-03-21 15:42
4       289.60      London      1023  2024-03-21 15:42
5       280.04  Washington      1015  2024-03-21 15:42
6       285.08       Paris      1022  2024-03-21 01:53
7       283.17      London      1023  2024-03-21 01:53
8       284.64  Washington      1008  2024-03-21 01:53
9       285.33       Paris      1021  2024-03-21 01:52
[2024-03-21 15:43:09,007] {python.py:151} INFO - Done. Returned value was: None
[2024-03-21 15:43:09,022] {taskinstance.py:1211} INFO - Marking task as SUCCESS. dag_id=***_exam, task_id=transform_into_fulldata.csv, execution_date=20240321T154200, start_date=20240321T154308, end_date=20240321T154309
[2024-03-21 15:43:09,059] {taskinstance.py:1265} INFO - 3 downstream tasks scheduled from follow-on schedule check
[2024-03-21 15:43:09,098] {local_task_job.py:151} INFO - Task exited with return code 0
