[2024-03-20 22:29:04,110] {taskinstance.py:896} INFO - Dependencies all met for <TaskInstance: airflow_exam.transform_into_data.csv 2024-03-20T22:28:00+00:00 [queued]>
[2024-03-20 22:29:04,123] {taskinstance.py:896} INFO - Dependencies all met for <TaskInstance: airflow_exam.transform_into_data.csv 2024-03-20T22:28:00+00:00 [queued]>
[2024-03-20 22:29:04,124] {taskinstance.py:1087} INFO - 
--------------------------------------------------------------------------------
[2024-03-20 22:29:04,124] {taskinstance.py:1088} INFO - Starting attempt 1 of 1
[2024-03-20 22:29:04,124] {taskinstance.py:1089} INFO - 
--------------------------------------------------------------------------------
[2024-03-20 22:29:04,143] {taskinstance.py:1107} INFO - Executing <Task(PythonOperator): transform_into_data.csv> on 2024-03-20T22:28:00+00:00
[2024-03-20 22:29:04,152] {standard_task_runner.py:52} INFO - Started process 24745 to run task
[2024-03-20 22:29:04,156] {standard_task_runner.py:76} INFO - Running: ['***', 'tasks', 'run', '***_exam', 'transform_into_data.csv', '2024-03-20T22:28:00+00:00', '--job-id', '7647', '--pool', 'default_pool', '--raw', '--subdir', 'DAGS_FOLDER/DAG.py', '--cfg-path', '/tmp/tmp66d3dodj', '--error-file', '/tmp/tmpvoo8ftsh']
[2024-03-20 22:29:04,156] {standard_task_runner.py:77} INFO - Job 7647: Subtask transform_into_data.csv
[2024-03-20 22:29:04,208] {logging_mixin.py:104} INFO - Running <TaskInstance: ***_exam.transform_into_data.csv 2024-03-20T22:28:00+00:00 [running]> on host 3a3d0401ac26
[2024-03-20 22:29:04,275] {taskinstance.py:1302} INFO - Exporting the following env vars:
AIRFLOW_CTX_DAG_OWNER=***
AIRFLOW_CTX_DAG_ID=***_exam
AIRFLOW_CTX_TASK_ID=transform_into_data.csv
AIRFLOW_CTX_EXECUTION_DATE=2024-03-20T22:28:00+00:00
AIRFLOW_CTX_DAG_RUN_ID=scheduled__2024-03-20T22:28:00+00:00
[2024-03-20 22:29:04,281] {logging_mixin.py:104} INFO - 
[2024-03-20 22:29:04,302] {logging_mixin.py:104} INFO -     temperature        city  pression              date
0       286.36       Paris      1020  2024-03-20 22:29
1       285.18      London      1021  2024-03-20 22:29
2       291.15  Washington      1007  2024-03-20 22:29
3       286.36       Paris      1020  2024-03-20 22:28
4       285.18      London      1021  2024-03-20 22:28
5       291.15  Washington      1007  2024-03-20 22:28
6       286.36       Paris      1020  2024-03-20 22:27
7       285.18      London      1021  2024-03-20 22:27
8       291.15  Washington      1007  2024-03-20 22:27
9       286.36       Paris      1020  2024-03-20 22:26
[2024-03-20 22:29:04,306] {python.py:151} INFO - Done. Returned value was: None
[2024-03-20 22:29:04,318] {taskinstance.py:1211} INFO - Marking task as SUCCESS. dag_id=***_exam, task_id=transform_into_data.csv, execution_date=20240320T222800, start_date=20240320T222904, end_date=20240320T222904
[2024-03-20 22:29:04,350] {taskinstance.py:1265} INFO - 0 downstream tasks scheduled from follow-on schedule check
[2024-03-20 22:29:04,368] {local_task_job.py:151} INFO - Task exited with return code 0
