[2024-03-20 23:38:05,052] {taskinstance.py:896} INFO - Dependencies all met for <TaskInstance: airflow_exam.transform_into_data.csv 2024-03-20T23:37:00+00:00 [queued]>
[2024-03-20 23:38:05,080] {taskinstance.py:896} INFO - Dependencies all met for <TaskInstance: airflow_exam.transform_into_data.csv 2024-03-20T23:37:00+00:00 [queued]>
[2024-03-20 23:38:05,083] {taskinstance.py:1087} INFO - 
--------------------------------------------------------------------------------
[2024-03-20 23:38:05,084] {taskinstance.py:1088} INFO - Starting attempt 1 of 1
[2024-03-20 23:38:05,084] {taskinstance.py:1089} INFO - 
--------------------------------------------------------------------------------
[2024-03-20 23:38:05,110] {taskinstance.py:1107} INFO - Executing <Task(PythonOperator): transform_into_data.csv> on 2024-03-20T23:37:00+00:00
[2024-03-20 23:38:05,121] {standard_task_runner.py:52} INFO - Started process 39507 to run task
[2024-03-20 23:38:05,126] {standard_task_runner.py:76} INFO - Running: ['***', 'tasks', 'run', '***_exam', 'transform_into_data.csv', '2024-03-20T23:37:00+00:00', '--job-id', '8130', '--pool', 'default_pool', '--raw', '--subdir', 'DAGS_FOLDER/DAG.py', '--cfg-path', '/tmp/tmpg51fqipw', '--error-file', '/tmp/tmp7x93ufyn']
[2024-03-20 23:38:05,127] {standard_task_runner.py:77} INFO - Job 8130: Subtask transform_into_data.csv
[2024-03-20 23:38:05,190] {logging_mixin.py:104} INFO - Running <TaskInstance: ***_exam.transform_into_data.csv 2024-03-20T23:37:00+00:00 [running]> on host 3a3d0401ac26
[2024-03-20 23:38:05,277] {taskinstance.py:1302} INFO - Exporting the following env vars:
AIRFLOW_CTX_DAG_OWNER=***
AIRFLOW_CTX_DAG_ID=***_exam
AIRFLOW_CTX_TASK_ID=transform_into_data.csv
AIRFLOW_CTX_EXECUTION_DATE=2024-03-20T23:37:00+00:00
AIRFLOW_CTX_DAG_RUN_ID=scheduled__2024-03-20T23:37:00+00:00
[2024-03-20 23:38:05,286] {logging_mixin.py:104} INFO - 
[2024-03-20 23:38:05,311] {logging_mixin.py:104} INFO -     temperature        city  pression              date
0       286.32       Paris      1021  2024-03-20 23:38
1       284.81      London      1022  2024-03-20 23:38
2       290.99  Washington      1007  2024-03-20 23:38
3       286.32       Paris      1021  2024-03-20 23:37
4       284.81      London      1022  2024-03-20 23:37
5       290.99  Washington      1007  2024-03-20 23:37
6       286.32       Paris      1021  2024-03-20 23:36
7       284.81      London      1022  2024-03-20 23:36
8       290.99  Washington      1007  2024-03-20 23:36
9       286.32       Paris      1021  2024-03-20 23:35
[2024-03-20 23:38:05,316] {python.py:151} INFO - Done. Returned value was: None
[2024-03-20 23:38:05,330] {taskinstance.py:1211} INFO - Marking task as SUCCESS. dag_id=***_exam, task_id=transform_into_data.csv, execution_date=20240320T233700, start_date=20240320T233805, end_date=20240320T233805
[2024-03-20 23:38:05,372] {taskinstance.py:1265} INFO - 0 downstream tasks scheduled from follow-on schedule check
[2024-03-20 23:38:05,419] {local_task_job.py:151} INFO - Task exited with return code 0
