[2024-03-20 23:44:04,796] {taskinstance.py:896} INFO - Dependencies all met for <TaskInstance: airflow_exam.transform_into_fulldata.csv 2024-03-20T23:43:00+00:00 [queued]>
[2024-03-20 23:44:04,813] {taskinstance.py:896} INFO - Dependencies all met for <TaskInstance: airflow_exam.transform_into_fulldata.csv 2024-03-20T23:43:00+00:00 [queued]>
[2024-03-20 23:44:04,813] {taskinstance.py:1087} INFO - 
--------------------------------------------------------------------------------
[2024-03-20 23:44:04,813] {taskinstance.py:1088} INFO - Starting attempt 1 of 1
[2024-03-20 23:44:04,813] {taskinstance.py:1089} INFO - 
--------------------------------------------------------------------------------
[2024-03-20 23:44:04,833] {taskinstance.py:1107} INFO - Executing <Task(PythonOperator): transform_into_fulldata.csv> on 2024-03-20T23:43:00+00:00
[2024-03-20 23:44:04,842] {standard_task_runner.py:52} INFO - Started process 40803 to run task
[2024-03-20 23:44:04,847] {standard_task_runner.py:76} INFO - Running: ['***', 'tasks', 'run', '***_exam', 'transform_into_fulldata.csv', '2024-03-20T23:43:00+00:00', '--job-id', '8172', '--pool', 'default_pool', '--raw', '--subdir', 'DAGS_FOLDER/DAG.py', '--cfg-path', '/tmp/tmpslf6_pi1', '--error-file', '/tmp/tmp0a31bu43']
[2024-03-20 23:44:04,848] {standard_task_runner.py:77} INFO - Job 8172: Subtask transform_into_fulldata.csv
[2024-03-20 23:44:04,905] {logging_mixin.py:104} INFO - Running <TaskInstance: ***_exam.transform_into_fulldata.csv 2024-03-20T23:43:00+00:00 [running]> on host 3a3d0401ac26
[2024-03-20 23:44:04,997] {taskinstance.py:1302} INFO - Exporting the following env vars:
AIRFLOW_CTX_DAG_OWNER=***
AIRFLOW_CTX_DAG_ID=***_exam
AIRFLOW_CTX_TASK_ID=transform_into_fulldata.csv
AIRFLOW_CTX_EXECUTION_DATE=2024-03-20T23:43:00+00:00
AIRFLOW_CTX_DAG_RUN_ID=scheduled__2024-03-20T23:43:00+00:00
[2024-03-20 23:44:05,134] {logging_mixin.py:104} INFO - 
[2024-03-20 23:44:05,158] {logging_mixin.py:104} INFO -     temperature        city  pression              date
0       286.31       Paris      1021  2024-03-20 23:44
1       284.77      London      1022  2024-03-20 23:44
2       290.31  Washington      1007  2024-03-20 23:44
3       286.31       Paris      1021  2024-03-20 23:43
4       284.77      London      1022  2024-03-20 23:43
5       290.31  Washington      1007  2024-03-20 23:43
6       286.31       Paris      1021  2024-03-20 23:42
7       284.77      London      1022  2024-03-20 23:42
8       290.31  Washington      1007  2024-03-20 23:42
9       286.35       Paris      1021  2024-03-20 23:41
[2024-03-20 23:44:05,173] {python.py:151} INFO - Done. Returned value was: None
[2024-03-20 23:44:05,191] {taskinstance.py:1211} INFO - Marking task as SUCCESS. dag_id=***_exam, task_id=transform_into_fulldata.csv, execution_date=20240320T234300, start_date=20240320T234404, end_date=20240320T234405
[2024-03-20 23:44:05,249] {taskinstance.py:1265} INFO - 3 downstream tasks scheduled from follow-on schedule check
[2024-03-20 23:44:05,299] {local_task_job.py:151} INFO - Task exited with return code 0
