[2024-03-20 22:42:04,996] {taskinstance.py:896} INFO - Dependencies all met for <TaskInstance: airflow_exam.transform_into_fulldata.csv 2024-03-20T22:41:00+00:00 [queued]>
[2024-03-20 22:42:05,061] {taskinstance.py:896} INFO - Dependencies all met for <TaskInstance: airflow_exam.transform_into_fulldata.csv 2024-03-20T22:41:00+00:00 [queued]>
[2024-03-20 22:42:05,061] {taskinstance.py:1087} INFO - 
--------------------------------------------------------------------------------
[2024-03-20 22:42:05,061] {taskinstance.py:1088} INFO - Starting attempt 1 of 1
[2024-03-20 22:42:05,061] {taskinstance.py:1089} INFO - 
--------------------------------------------------------------------------------
[2024-03-20 22:42:05,117] {taskinstance.py:1107} INFO - Executing <Task(PythonOperator): transform_into_fulldata.csv> on 2024-03-20T22:41:00+00:00
[2024-03-20 22:42:05,142] {standard_task_runner.py:52} INFO - Started process 27517 to run task
[2024-03-20 22:42:05,185] {standard_task_runner.py:76} INFO - Running: ['***', 'tasks', 'run', '***_exam', 'transform_into_fulldata.csv', '2024-03-20T22:41:00+00:00', '--job-id', '7737', '--pool', 'default_pool', '--raw', '--subdir', 'DAGS_FOLDER/DAG.py', '--cfg-path', '/tmp/tmpkdl_4jk6', '--error-file', '/tmp/tmp2qe_2s20']
[2024-03-20 22:42:05,185] {standard_task_runner.py:77} INFO - Job 7737: Subtask transform_into_fulldata.csv
[2024-03-20 22:42:05,294] {logging_mixin.py:104} INFO - Running <TaskInstance: ***_exam.transform_into_fulldata.csv 2024-03-20T22:41:00+00:00 [running]> on host 3a3d0401ac26
[2024-03-20 22:42:05,413] {taskinstance.py:1302} INFO - Exporting the following env vars:
AIRFLOW_CTX_DAG_OWNER=***
AIRFLOW_CTX_DAG_ID=***_exam
AIRFLOW_CTX_TASK_ID=transform_into_fulldata.csv
AIRFLOW_CTX_EXECUTION_DATE=2024-03-20T22:41:00+00:00
AIRFLOW_CTX_DAG_RUN_ID=scheduled__2024-03-20T22:41:00+00:00
[2024-03-20 22:42:05,602] {logging_mixin.py:104} INFO - 
[2024-03-20 22:42:05,673] {logging_mixin.py:104} INFO -     temperature        city  pression              date
0       286.53       Paris      1020  2024-03-20 22:42
1       285.18      London      1022  2024-03-20 22:42
2       290.46  Washington      1007  2024-03-20 22:42
3       286.53       Paris      1020  2024-03-20 22:41
4       285.18      London      1022  2024-03-20 22:41
5       290.46  Washington      1007  2024-03-20 22:41
6       286.53       Paris      1020  2024-03-20 22:40
7       285.18      London      1022  2024-03-20 22:40
8       290.46  Washington      1007  2024-03-20 22:40
9       286.53       Paris      1020  2024-03-20 22:39
[2024-03-20 22:42:05,723] {python.py:151} INFO - Done. Returned value was: None
[2024-03-20 22:42:05,754] {taskinstance.py:1211} INFO - Marking task as SUCCESS. dag_id=***_exam, task_id=transform_into_fulldata.csv, execution_date=20240320T224100, start_date=20240320T224204, end_date=20240320T224205
[2024-03-20 22:42:06,026] {taskinstance.py:1265} INFO - 0 downstream tasks scheduled from follow-on schedule check
[2024-03-20 22:42:06,048] {local_task_job.py:151} INFO - Task exited with return code 0
