[2024-03-20 21:51:05,012] {taskinstance.py:896} INFO - Dependencies all met for <TaskInstance: airflow_exam.transform_into_data.csv 2024-03-20T21:50:00+00:00 [queued]>
[2024-03-20 21:51:05,026] {taskinstance.py:896} INFO - Dependencies all met for <TaskInstance: airflow_exam.transform_into_data.csv 2024-03-20T21:50:00+00:00 [queued]>
[2024-03-20 21:51:05,027] {taskinstance.py:1087} INFO - 
--------------------------------------------------------------------------------
[2024-03-20 21:51:05,027] {taskinstance.py:1088} INFO - Starting attempt 1 of 1
[2024-03-20 21:51:05,027] {taskinstance.py:1089} INFO - 
--------------------------------------------------------------------------------
[2024-03-20 21:51:05,047] {taskinstance.py:1107} INFO - Executing <Task(PythonOperator): transform_into_data.csv> on 2024-03-20T21:50:00+00:00
[2024-03-20 21:51:05,056] {standard_task_runner.py:52} INFO - Started process 16709 to run task
[2024-03-20 21:51:05,060] {standard_task_runner.py:76} INFO - Running: ['***', 'tasks', 'run', '***_exam', 'transform_into_data.csv', '2024-03-20T21:50:00+00:00', '--job-id', '7380', '--pool', 'default_pool', '--raw', '--subdir', 'DAGS_FOLDER/DAG.py', '--cfg-path', '/tmp/tmpln01ziv8', '--error-file', '/tmp/tmpu6nxip5p']
[2024-03-20 21:51:05,061] {standard_task_runner.py:77} INFO - Job 7380: Subtask transform_into_data.csv
[2024-03-20 21:51:05,115] {logging_mixin.py:104} INFO - Running <TaskInstance: ***_exam.transform_into_data.csv 2024-03-20T21:50:00+00:00 [running]> on host 3a3d0401ac26
[2024-03-20 21:51:05,181] {taskinstance.py:1302} INFO - Exporting the following env vars:
AIRFLOW_CTX_DAG_OWNER=***
AIRFLOW_CTX_DAG_ID=***_exam
AIRFLOW_CTX_TASK_ID=transform_into_data.csv
AIRFLOW_CTX_EXECUTION_DATE=2024-03-20T21:50:00+00:00
AIRFLOW_CTX_DAG_RUN_ID=scheduled__2024-03-20T21:50:00+00:00
[2024-03-20 21:51:05,187] {logging_mixin.py:104} INFO - 
[2024-03-20 21:51:05,204] {logging_mixin.py:104} INFO -     temperature        city  pression              date
0       286.66       Paris      1019  2024-03-20 21:51
1       285.59      London      1020  2024-03-20 21:51
2       290.52  Washington      1007  2024-03-20 21:51
3       286.66       Paris      1019  2024-03-20 21:50
4       285.59      London      1020  2024-03-20 21:50
5       290.52  Washington      1007  2024-03-20 21:50
6       286.66       Paris      1019  2024-03-20 21:49
7       285.59      London      1020  2024-03-20 21:49
8       290.52  Washington      1007  2024-03-20 21:49
9       286.66       Paris      1019  2024-03-20 21:48
[2024-03-20 21:51:05,207] {python.py:151} INFO - Done. Returned value was: None
[2024-03-20 21:51:05,221] {taskinstance.py:1211} INFO - Marking task as SUCCESS. dag_id=***_exam, task_id=transform_into_data.csv, execution_date=20240320T215000, start_date=20240320T215105, end_date=20240320T215105
[2024-03-20 21:51:05,254] {taskinstance.py:1265} INFO - 0 downstream tasks scheduled from follow-on schedule check
[2024-03-20 21:51:05,273] {local_task_job.py:151} INFO - Task exited with return code 0
