[2023-10-11 17:18:08,060] {taskinstance.py:896} INFO - Dependencies all met for <TaskInstance: airflow_exam.compute_lr_score 2023-10-11T17:17:00+00:00 [queued]>
[2023-10-11 17:18:08,080] {taskinstance.py:896} INFO - Dependencies all met for <TaskInstance: airflow_exam.compute_lr_score 2023-10-11T17:17:00+00:00 [queued]>
[2023-10-11 17:18:08,081] {taskinstance.py:1087} INFO - 
--------------------------------------------------------------------------------
[2023-10-11 17:18:08,081] {taskinstance.py:1088} INFO - Starting attempt 1 of 1
[2023-10-11 17:18:08,081] {taskinstance.py:1089} INFO - 
--------------------------------------------------------------------------------
[2023-10-11 17:18:08,105] {taskinstance.py:1107} INFO - Executing <Task(PythonOperator): compute_lr_score> on 2023-10-11T17:17:00+00:00
[2023-10-11 17:18:08,117] {standard_task_runner.py:52} INFO - Started process 1454 to run task
[2023-10-11 17:18:08,123] {standard_task_runner.py:76} INFO - Running: ['***', 'tasks', 'run', '***_exam', 'compute_lr_score', '2023-10-11T17:17:00+00:00', '--job-id', '1508', '--pool', 'default_pool', '--raw', '--subdir', 'DAGS_FOLDER/DAG.py', '--cfg-path', '/tmp/tmph0h7mb4m', '--error-file', '/tmp/tmpuscl5hyo']
[2023-10-11 17:18:08,124] {standard_task_runner.py:77} INFO - Job 1508: Subtask compute_lr_score
[2023-10-11 17:18:08,299] {logging_mixin.py:104} INFO - Running <TaskInstance: ***_exam.compute_lr_score 2023-10-11T17:17:00+00:00 [running]> on host 3a3d0401ac26
[2023-10-11 17:18:08,395] {taskinstance.py:1302} INFO - Exporting the following env vars:
AIRFLOW_CTX_DAG_OWNER=***
AIRFLOW_CTX_DAG_ID=***_exam
AIRFLOW_CTX_TASK_ID=compute_lr_score
AIRFLOW_CTX_EXECUTION_DATE=2023-10-11T17:17:00+00:00
AIRFLOW_CTX_DAG_RUN_ID=scheduled__2023-10-11T17:17:00+00:00
[2023-10-11 17:18:08,605] {python.py:151} INFO - Done. Returned value was: None
[2023-10-11 17:18:08,618] {taskinstance.py:1211} INFO - Marking task as SUCCESS. dag_id=***_exam, task_id=compute_lr_score, execution_date=20231011T171700, start_date=20231011T171808, end_date=20231011T171808
[2023-10-11 17:18:08,659] {taskinstance.py:1265} INFO - 0 downstream tasks scheduled from follow-on schedule check
[2023-10-11 17:18:08,698] {local_task_job.py:151} INFO - Task exited with return code 0
