[2024-03-15 14:35:07,750] {taskinstance.py:896} INFO - Dependencies all met for <TaskInstance: airflow_exam.compute_lr_score 2024-03-15T14:34:00+00:00 [queued]>
[2024-03-15 14:35:07,778] {taskinstance.py:896} INFO - Dependencies all met for <TaskInstance: airflow_exam.compute_lr_score 2024-03-15T14:34:00+00:00 [queued]>
[2024-03-15 14:35:07,778] {taskinstance.py:1087} INFO - 
--------------------------------------------------------------------------------
[2024-03-15 14:35:07,778] {taskinstance.py:1088} INFO - Starting attempt 1 of 1
[2024-03-15 14:35:07,778] {taskinstance.py:1089} INFO - 
--------------------------------------------------------------------------------
[2024-03-15 14:35:07,794] {taskinstance.py:1107} INFO - Executing <Task(PythonOperator): compute_lr_score> on 2024-03-15T14:34:00+00:00
[2024-03-15 14:35:07,805] {standard_task_runner.py:52} INFO - Started process 8500 to run task
[2024-03-15 14:35:07,810] {standard_task_runner.py:76} INFO - Running: ['***', 'tasks', 'run', '***_exam', 'compute_lr_score', '2024-03-15T14:34:00+00:00', '--job-id', '2013', '--pool', 'default_pool', '--raw', '--subdir', 'DAGS_FOLDER/DAG.py', '--cfg-path', '/tmp/tmpj4lsabjn', '--error-file', '/tmp/tmpmnc_lc8l']
[2024-03-15 14:35:07,810] {standard_task_runner.py:77} INFO - Job 2013: Subtask compute_lr_score
[2024-03-15 14:35:07,878] {logging_mixin.py:104} INFO - Running <TaskInstance: ***_exam.compute_lr_score 2024-03-15T14:34:00+00:00 [running]> on host 3a3d0401ac26
[2024-03-15 14:35:07,966] {taskinstance.py:1302} INFO - Exporting the following env vars:
AIRFLOW_CTX_DAG_OWNER=***
AIRFLOW_CTX_DAG_ID=***_exam
AIRFLOW_CTX_TASK_ID=compute_lr_score
AIRFLOW_CTX_EXECUTION_DATE=2024-03-15T14:34:00+00:00
AIRFLOW_CTX_DAG_RUN_ID=scheduled__2024-03-15T14:34:00+00:00
[2024-03-15 14:35:08,150] {python.py:151} INFO - Done. Returned value was: None
[2024-03-15 14:35:08,163] {taskinstance.py:1211} INFO - Marking task as SUCCESS. dag_id=***_exam, task_id=compute_lr_score, execution_date=20240315T143400, start_date=20240315T143507, end_date=20240315T143508
[2024-03-15 14:35:08,202] {taskinstance.py:1265} INFO - 0 downstream tasks scheduled from follow-on schedule check
[2024-03-15 14:35:08,222] {local_task_job.py:151} INFO - Task exited with return code 0
