[2023-10-07 16:08:03,991] {taskinstance.py:896} INFO - Dependencies all met for <TaskInstance: airflow_exam.transform_into_fulldata.csv 2023-10-07T16:07:00+00:00 [queued]>
[2023-10-07 16:08:04,010] {taskinstance.py:896} INFO - Dependencies all met for <TaskInstance: airflow_exam.transform_into_fulldata.csv 2023-10-07T16:07:00+00:00 [queued]>
[2023-10-07 16:08:04,010] {taskinstance.py:1087} INFO - 
--------------------------------------------------------------------------------
[2023-10-07 16:08:04,010] {taskinstance.py:1088} INFO - Starting attempt 1 of 1
[2023-10-07 16:08:04,011] {taskinstance.py:1089} INFO - 
--------------------------------------------------------------------------------
[2023-10-07 16:08:04,022] {taskinstance.py:1107} INFO - Executing <Task(PythonOperator): transform_into_fulldata.csv> on 2023-10-07T16:07:00+00:00
[2023-10-07 16:08:04,029] {standard_task_runner.py:52} INFO - Started process 4296 to run task
[2023-10-07 16:08:04,033] {standard_task_runner.py:76} INFO - Running: ['***', 'tasks', 'run', '***_exam', 'transform_into_fulldata.csv', '2023-10-07T16:07:00+00:00', '--job-id', '1362', '--pool', 'default_pool', '--raw', '--subdir', 'DAGS_FOLDER/DAG.py', '--cfg-path', '/tmp/tmp0_aqjzto', '--error-file', '/tmp/tmpj5mp3bzn']
[2023-10-07 16:08:04,034] {standard_task_runner.py:77} INFO - Job 1362: Subtask transform_into_fulldata.csv
[2023-10-07 16:08:04,086] {logging_mixin.py:104} INFO - Running <TaskInstance: ***_exam.transform_into_fulldata.csv 2023-10-07T16:07:00+00:00 [running]> on host 3a3d0401ac26
[2023-10-07 16:08:04,145] {taskinstance.py:1302} INFO - Exporting the following env vars:
AIRFLOW_CTX_DAG_OWNER=***
AIRFLOW_CTX_DAG_ID=***_exam
AIRFLOW_CTX_TASK_ID=transform_into_fulldata.csv
AIRFLOW_CTX_EXECUTION_DATE=2023-10-07T16:07:00+00:00
AIRFLOW_CTX_DAG_RUN_ID=scheduled__2023-10-07T16:07:00+00:00
[2023-10-07 16:08:04,157] {logging_mixin.py:104} INFO - 
[2023-10-07 16:08:04,182] {logging_mixin.py:104} INFO -     temperature        city  pression              date
0       298.13       Paris      1026  2023-10-07 16:08
1       296.50      London      1023  2023-10-07 16:08
2       288.35  Washington      1019  2023-10-07 16:08
3       298.13       Paris      1026  2023-10-07 16:07
4       296.50      London      1023  2023-10-07 16:07
5       288.35  Washington      1019  2023-10-07 16:07
6       298.13       Paris      1026  2023-10-07 16:06
7       296.50      London      1023  2023-10-07 16:06
8       288.35  Washington      1019  2023-10-07 16:06
9       298.13       Paris      1026  2023-10-07 16:05
[2023-10-07 16:08:04,188] {python.py:151} INFO - Done. Returned value was: None
[2023-10-07 16:08:04,198] {taskinstance.py:1211} INFO - Marking task as SUCCESS. dag_id=***_exam, task_id=transform_into_fulldata.csv, execution_date=20231007T160700, start_date=20231007T160803, end_date=20231007T160804
[2023-10-07 16:08:04,231] {taskinstance.py:1265} INFO - 3 downstream tasks scheduled from follow-on schedule check
[2023-10-07 16:08:04,245] {local_task_job.py:151} INFO - Task exited with return code 0
