[2024-03-20 23:46:16,394] {taskinstance.py:896} INFO - Dependencies all met for <TaskInstance: airflow_exam.train_best_model 2024-03-20T23:45:00+00:00 [queued]>
[2024-03-20 23:46:16,410] {taskinstance.py:896} INFO - Dependencies all met for <TaskInstance: airflow_exam.train_best_model 2024-03-20T23:45:00+00:00 [queued]>
[2024-03-20 23:46:16,411] {taskinstance.py:1087} INFO - 
--------------------------------------------------------------------------------
[2024-03-20 23:46:16,411] {taskinstance.py:1088} INFO - Starting attempt 1 of 1
[2024-03-20 23:46:16,411] {taskinstance.py:1089} INFO - 
--------------------------------------------------------------------------------
[2024-03-20 23:46:16,432] {taskinstance.py:1107} INFO - Executing <Task(PythonOperator): train_best_model> on 2024-03-20T23:45:00+00:00
[2024-03-20 23:46:16,442] {standard_task_runner.py:52} INFO - Started process 41329 to run task
[2024-03-20 23:46:16,446] {standard_task_runner.py:76} INFO - Running: ['***', 'tasks', 'run', '***_exam', 'train_best_model', '2024-03-20T23:45:00+00:00', '--job-id', '8190', '--pool', 'default_pool', '--raw', '--subdir', 'DAGS_FOLDER/DAG.py', '--cfg-path', '/tmp/tmpq1isoiba', '--error-file', '/tmp/tmpl8jog04y']
[2024-03-20 23:46:16,447] {standard_task_runner.py:77} INFO - Job 8190: Subtask train_best_model
[2024-03-20 23:46:16,512] {logging_mixin.py:104} INFO - Running <TaskInstance: ***_exam.train_best_model 2024-03-20T23:45:00+00:00 [running]> on host 3a3d0401ac26
[2024-03-20 23:46:16,596] {taskinstance.py:1302} INFO - Exporting the following env vars:
AIRFLOW_CTX_DAG_OWNER=***
AIRFLOW_CTX_DAG_ID=***_exam
AIRFLOW_CTX_TASK_ID=train_best_model
AIRFLOW_CTX_EXECUTION_DATE=2024-03-20T23:45:00+00:00
AIRFLOW_CTX_DAG_RUN_ID=scheduled__2024-03-20T23:45:00+00:00
[2024-03-20 23:46:16,758] {logging_mixin.py:104} INFO - LinearRegression() saved at  /app/clean_data/best_model.pickle
[2024-03-20 23:46:16,761] {python.py:151} INFO - Done. Returned value was: None
[2024-03-20 23:46:16,782] {taskinstance.py:1211} INFO - Marking task as SUCCESS. dag_id=***_exam, task_id=train_best_model, execution_date=20240320T234500, start_date=20240320T234616, end_date=20240320T234616
[2024-03-20 23:46:16,831] {taskinstance.py:1265} INFO - 0 downstream tasks scheduled from follow-on schedule check
[2024-03-20 23:46:16,859] {local_task_job.py:151} INFO - Task exited with return code 0
