[2024-03-15 13:51:44,040] {taskinstance.py:896} INFO - Dependencies all met for <TaskInstance: airflow_exam.transform_into_fulldata.csv 2024-03-15T13:48:00+00:00 [queued]>
[2024-03-15 13:51:44,103] {taskinstance.py:896} INFO - Dependencies all met for <TaskInstance: airflow_exam.transform_into_fulldata.csv 2024-03-15T13:48:00+00:00 [queued]>
[2024-03-15 13:51:44,103] {taskinstance.py:1087} INFO - 
--------------------------------------------------------------------------------
[2024-03-15 13:51:44,103] {taskinstance.py:1088} INFO - Starting attempt 1 of 1
[2024-03-15 13:51:44,103] {taskinstance.py:1089} INFO - 
--------------------------------------------------------------------------------
[2024-03-15 13:51:44,125] {taskinstance.py:1107} INFO - Executing <Task(PythonOperator): transform_into_fulldata.csv> on 2024-03-15T13:48:00+00:00
[2024-03-15 13:51:44,149] {standard_task_runner.py:52} INFO - Started process 260 to run task
[2024-03-15 13:51:44,166] {standard_task_runner.py:76} INFO - Running: ['***', 'tasks', 'run', '***_exam', 'transform_into_fulldata.csv', '2024-03-15T13:48:00+00:00', '--job-id', '1689', '--pool', 'default_pool', '--raw', '--subdir', 'DAGS_FOLDER/DAG.py', '--cfg-path', '/tmp/tmptjl3qi1r', '--error-file', '/tmp/tmpsqbty1ez']
[2024-03-15 13:51:44,166] {standard_task_runner.py:77} INFO - Job 1689: Subtask transform_into_fulldata.csv
[2024-03-15 13:51:44,290] {logging_mixin.py:104} INFO - Running <TaskInstance: ***_exam.transform_into_fulldata.csv 2024-03-15T13:48:00+00:00 [running]> on host 3a3d0401ac26
[2024-03-15 13:51:44,449] {taskinstance.py:1302} INFO - Exporting the following env vars:
AIRFLOW_CTX_DAG_OWNER=***
AIRFLOW_CTX_DAG_ID=***_exam
AIRFLOW_CTX_TASK_ID=transform_into_fulldata.csv
AIRFLOW_CTX_EXECUTION_DATE=2024-03-15T13:48:00+00:00
AIRFLOW_CTX_DAG_RUN_ID=scheduled__2024-03-15T13:48:00+00:00
[2024-03-15 13:51:44,478] {logging_mixin.py:104} INFO - 
[2024-03-15 13:51:44,520] {logging_mixin.py:104} INFO -     temperature        city  pression              date
0       287.55       Paris      1012  2024-03-15 13:51
1       287.75      London      1004  2024-03-15 13:51
2       274.57  Washington      1029  2024-03-15 13:51
3       294.81       Paris      1015  2023-10-12 17:41
4       288.47      London      1012  2023-10-12 17:41
5       285.18  Washington      1018  2023-10-12 17:41
6       294.81       Paris      1015  2023-10-12 17:40
7       288.47      London      1012  2023-10-12 17:40
8       283.71  Washington      1019  2023-10-12 17:40
9       294.81       Paris      1015  2023-10-12 17:39
[2024-03-15 13:51:44,528] {python.py:151} INFO - Done. Returned value was: None
[2024-03-15 13:51:44,549] {taskinstance.py:1211} INFO - Marking task as SUCCESS. dag_id=***_exam, task_id=transform_into_fulldata.csv, execution_date=20240315T134800, start_date=20240315T135144, end_date=20240315T135144
[2024-03-15 13:51:44,631] {taskinstance.py:1265} INFO - 0 downstream tasks scheduled from follow-on schedule check
[2024-03-15 13:51:44,655] {local_task_job.py:151} INFO - Task exited with return code 0
