[2024-03-15 14:27:09,987] {taskinstance.py:896} INFO - Dependencies all met for <TaskInstance: airflow_exam.train_best_model 2024-03-15T14:26:00+00:00 [queued]>
[2024-03-15 14:27:10,010] {taskinstance.py:896} INFO - Dependencies all met for <TaskInstance: airflow_exam.train_best_model 2024-03-15T14:26:00+00:00 [queued]>
[2024-03-15 14:27:10,010] {taskinstance.py:1087} INFO - 
--------------------------------------------------------------------------------
[2024-03-15 14:27:10,010] {taskinstance.py:1088} INFO - Starting attempt 1 of 1
[2024-03-15 14:27:10,010] {taskinstance.py:1089} INFO - 
--------------------------------------------------------------------------------
[2024-03-15 14:27:10,022] {taskinstance.py:1107} INFO - Executing <Task(PythonOperator): train_best_model> on 2024-03-15T14:26:00+00:00
[2024-03-15 14:27:10,031] {standard_task_runner.py:52} INFO - Started process 7069 to run task
[2024-03-15 14:27:10,035] {standard_task_runner.py:76} INFO - Running: ['***', 'tasks', 'run', '***_exam', 'train_best_model', '2024-03-15T14:26:00+00:00', '--job-id', '1959', '--pool', 'default_pool', '--raw', '--subdir', 'DAGS_FOLDER/DAG.py', '--cfg-path', '/tmp/tmp52t41_e1', '--error-file', '/tmp/tmpxxc4zg8_']
[2024-03-15 14:27:10,036] {standard_task_runner.py:77} INFO - Job 1959: Subtask train_best_model
[2024-03-15 14:27:10,087] {logging_mixin.py:104} INFO - Running <TaskInstance: ***_exam.train_best_model 2024-03-15T14:26:00+00:00 [running]> on host 3a3d0401ac26
[2024-03-15 14:27:10,154] {taskinstance.py:1302} INFO - Exporting the following env vars:
AIRFLOW_CTX_DAG_OWNER=***
AIRFLOW_CTX_DAG_ID=***_exam
AIRFLOW_CTX_TASK_ID=train_best_model
AIRFLOW_CTX_EXECUTION_DATE=2024-03-15T14:26:00+00:00
AIRFLOW_CTX_DAG_RUN_ID=scheduled__2024-03-15T14:26:00+00:00
[2024-03-15 14:27:10,264] {logging_mixin.py:104} INFO - LinearRegression() saved at  /app/clean_data/best_model.pickle
[2024-03-15 14:27:10,265] {python.py:151} INFO - Done. Returned value was: None
[2024-03-15 14:27:10,277] {taskinstance.py:1211} INFO - Marking task as SUCCESS. dag_id=***_exam, task_id=train_best_model, execution_date=20240315T142600, start_date=20240315T142709, end_date=20240315T142710
[2024-03-15 14:27:10,306] {taskinstance.py:1265} INFO - 0 downstream tasks scheduled from follow-on schedule check
[2024-03-15 14:27:10,327] {local_task_job.py:151} INFO - Task exited with return code 0
