[2024-03-21 18:25:07,338] {taskinstance.py:896} INFO - Dependencies all met for <TaskInstance: airflow_exam.transform_into_data.csv 2024-03-21T18:24:00+00:00 [queued]>
[2024-03-21 18:25:07,371] {taskinstance.py:896} INFO - Dependencies all met for <TaskInstance: airflow_exam.transform_into_data.csv 2024-03-21T18:24:00+00:00 [queued]>
[2024-03-21 18:25:07,371] {taskinstance.py:1087} INFO - 
--------------------------------------------------------------------------------
[2024-03-21 18:25:07,371] {taskinstance.py:1088} INFO - Starting attempt 1 of 1
[2024-03-21 18:25:07,371] {taskinstance.py:1089} INFO - 
--------------------------------------------------------------------------------
[2024-03-21 18:25:07,395] {taskinstance.py:1107} INFO - Executing <Task(PythonOperator): transform_into_data.csv> on 2024-03-21T18:24:00+00:00
[2024-03-21 18:25:07,425] {standard_task_runner.py:52} INFO - Started process 35389 to run task
[2024-03-21 18:25:07,437] {standard_task_runner.py:76} INFO - Running: ['***', 'tasks', 'run', '***_exam', 'transform_into_data.csv', '2024-03-21T18:24:00+00:00', '--job-id', '10199', '--pool', 'default_pool', '--raw', '--subdir', 'DAGS_FOLDER/DAG.py', '--cfg-path', '/tmp/tmpuljg4bwc', '--error-file', '/tmp/tmpzt541z4_']
[2024-03-21 18:25:07,438] {standard_task_runner.py:77} INFO - Job 10199: Subtask transform_into_data.csv
[2024-03-21 18:25:07,539] {logging_mixin.py:104} INFO - Running <TaskInstance: ***_exam.transform_into_data.csv 2024-03-21T18:24:00+00:00 [running]> on host 3a3d0401ac26
[2024-03-21 18:25:07,660] {taskinstance.py:1302} INFO - Exporting the following env vars:
AIRFLOW_CTX_DAG_OWNER=***
AIRFLOW_CTX_DAG_ID=***_exam
AIRFLOW_CTX_TASK_ID=transform_into_data.csv
AIRFLOW_CTX_EXECUTION_DATE=2024-03-21T18:24:00+00:00
AIRFLOW_CTX_DAG_RUN_ID=scheduled__2024-03-21T18:24:00+00:00
[2024-03-21 18:25:07,673] {logging_mixin.py:104} INFO - 
[2024-03-21 18:25:07,722] {logging_mixin.py:104} INFO -     temperature        city  pression              date
0       289.91       Paris      1025  2024-03-21 18:25
1       287.90      London      1022  2024-03-21 18:25
2       284.73  Washington      1014  2024-03-21 18:25
3       289.91       Paris      1025  2024-03-21 18:24
4       287.90      London      1022  2024-03-21 18:24
5       284.73  Washington      1014  2024-03-21 18:24
6       289.91       Paris      1025  2024-03-21 18:23
7       287.90      London      1022  2024-03-21 18:23
8       284.73  Washington      1014  2024-03-21 18:23
9       289.91       Paris      1025  2024-03-21 18:22
[2024-03-21 18:25:07,728] {python.py:151} INFO - Done. Returned value was: None
[2024-03-21 18:25:07,755] {taskinstance.py:1211} INFO - Marking task as SUCCESS. dag_id=***_exam, task_id=transform_into_data.csv, execution_date=20240321T182400, start_date=20240321T182507, end_date=20240321T182507
[2024-03-21 18:25:07,798] {taskinstance.py:1265} INFO - 0 downstream tasks scheduled from follow-on schedule check
[2024-03-21 18:25:07,845] {local_task_job.py:151} INFO - Task exited with return code 0
