[2024-03-15 16:47:04,176] {taskinstance.py:896} INFO - Dependencies all met for <TaskInstance: airflow_exam.transform_into_data.csv 2024-03-15T16:46:00+00:00 [queued]>
[2024-03-15 16:47:04,207] {taskinstance.py:896} INFO - Dependencies all met for <TaskInstance: airflow_exam.transform_into_data.csv 2024-03-15T16:46:00+00:00 [queued]>
[2024-03-15 16:47:04,207] {taskinstance.py:1087} INFO - 
--------------------------------------------------------------------------------
[2024-03-15 16:47:04,207] {taskinstance.py:1088} INFO - Starting attempt 1 of 1
[2024-03-15 16:47:04,207] {taskinstance.py:1089} INFO - 
--------------------------------------------------------------------------------
[2024-03-15 16:47:04,222] {taskinstance.py:1107} INFO - Executing <Task(PythonOperator): transform_into_data.csv> on 2024-03-15T16:46:00+00:00
[2024-03-15 16:47:04,233] {standard_task_runner.py:52} INFO - Started process 25704 to run task
[2024-03-15 16:47:04,236] {standard_task_runner.py:76} INFO - Running: ['***', 'tasks', 'run', '***_exam', 'transform_into_data.csv', '2024-03-15T16:46:00+00:00', '--job-id', '2640', '--pool', 'default_pool', '--raw', '--subdir', 'DAGS_FOLDER/DAG.py', '--cfg-path', '/tmp/tmpspkircpd', '--error-file', '/tmp/tmpjvekmiwv']
[2024-03-15 16:47:04,237] {standard_task_runner.py:77} INFO - Job 2640: Subtask transform_into_data.csv
[2024-03-15 16:47:04,295] {logging_mixin.py:104} INFO - Running <TaskInstance: ***_exam.transform_into_data.csv 2024-03-15T16:46:00+00:00 [running]> on host 3a3d0401ac26
[2024-03-15 16:47:04,372] {taskinstance.py:1302} INFO - Exporting the following env vars:
AIRFLOW_CTX_DAG_OWNER=***
AIRFLOW_CTX_DAG_ID=***_exam
AIRFLOW_CTX_TASK_ID=transform_into_data.csv
AIRFLOW_CTX_EXECUTION_DATE=2024-03-15T16:46:00+00:00
AIRFLOW_CTX_DAG_RUN_ID=scheduled__2024-03-15T16:46:00+00:00
[2024-03-15 16:47:04,378] {logging_mixin.py:104} INFO - 
[2024-03-15 16:47:04,410] {logging_mixin.py:104} INFO -     temperature        city  pression              date
0       288.19       Paris      1011  2024-03-15 16:47
1       286.70      London      1004  2024-03-15 16:47
2       278.21  Washington      1026  2024-03-15 16:47
3       288.49       Paris      1011  2024-03-15 16:46
4       286.70      London      1004  2024-03-15 16:46
5       278.21  Washington      1026  2024-03-15 16:46
6       288.49       Paris      1011  2024-03-15 16:45
7       286.70      London      1004  2024-03-15 16:45
8       278.21  Washington      1026  2024-03-15 16:45
9       288.51       Paris      1011  2024-03-15 16:44
[2024-03-15 16:47:04,416] {python.py:151} INFO - Done. Returned value was: None
[2024-03-15 16:47:04,433] {taskinstance.py:1211} INFO - Marking task as SUCCESS. dag_id=***_exam, task_id=transform_into_data.csv, execution_date=20240315T164600, start_date=20240315T164704, end_date=20240315T164704
[2024-03-15 16:47:04,472] {taskinstance.py:1265} INFO - 0 downstream tasks scheduled from follow-on schedule check
[2024-03-15 16:47:04,489] {local_task_job.py:151} INFO - Task exited with return code 0
