[2024-03-16 01:24:05,076] {taskinstance.py:896} INFO - Dependencies all met for <TaskInstance: airflow_exam.transform_into_fulldata.csv 2024-03-16T01:23:00+00:00 [queued]>
[2024-03-16 01:24:05,111] {taskinstance.py:896} INFO - Dependencies all met for <TaskInstance: airflow_exam.transform_into_fulldata.csv 2024-03-16T01:23:00+00:00 [queued]>
[2024-03-16 01:24:05,111] {taskinstance.py:1087} INFO - 
--------------------------------------------------------------------------------
[2024-03-16 01:24:05,112] {taskinstance.py:1088} INFO - Starting attempt 1 of 1
[2024-03-16 01:24:05,112] {taskinstance.py:1089} INFO - 
--------------------------------------------------------------------------------
[2024-03-16 01:24:05,128] {taskinstance.py:1107} INFO - Executing <Task(PythonOperator): transform_into_fulldata.csv> on 2024-03-16T01:23:00+00:00
[2024-03-16 01:24:05,141] {standard_task_runner.py:52} INFO - Started process 113663 to run task
[2024-03-16 01:24:05,147] {standard_task_runner.py:76} INFO - Running: ['***', 'tasks', 'run', '***_exam', 'transform_into_fulldata.csv', '2024-03-16T01:23:00+00:00', '--job-id', '5659', '--pool', 'default_pool', '--raw', '--subdir', 'DAGS_FOLDER/DAG.py', '--cfg-path', '/tmp/tmp8dzwg36i', '--error-file', '/tmp/tmp0vkgdhgo']
[2024-03-16 01:24:05,148] {standard_task_runner.py:77} INFO - Job 5659: Subtask transform_into_fulldata.csv
[2024-03-16 01:24:05,229] {logging_mixin.py:104} INFO - Running <TaskInstance: ***_exam.transform_into_fulldata.csv 2024-03-16T01:23:00+00:00 [running]> on host 3a3d0401ac26
[2024-03-16 01:24:05,325] {taskinstance.py:1302} INFO - Exporting the following env vars:
AIRFLOW_CTX_DAG_OWNER=***
AIRFLOW_CTX_DAG_ID=***_exam
AIRFLOW_CTX_TASK_ID=transform_into_fulldata.csv
AIRFLOW_CTX_EXECUTION_DATE=2024-03-16T01:23:00+00:00
AIRFLOW_CTX_DAG_RUN_ID=scheduled__2024-03-16T01:23:00+00:00
[2024-03-16 01:24:05,427] {logging_mixin.py:104} INFO - 
[2024-03-16 01:24:05,459] {logging_mixin.py:104} INFO -     temperature        city  pression              date
0       284.59       Paris      1016  2024-03-16 01:24
1       281.04      London      1014  2024-03-16 01:24
2       286.76  Washington      1021  2024-03-16 01:24
3       284.59       Paris      1016  2024-03-16 01:23
4       281.04      London      1014  2024-03-16 01:23
5       286.76  Washington      1021  2024-03-16 01:23
6       284.59       Paris      1016  2024-03-16 01:22
7       281.04      London      1014  2024-03-16 01:22
8       286.76  Washington      1021  2024-03-16 01:22
9       284.59       Paris      1016  2024-03-16 01:21
[2024-03-16 01:24:05,478] {python.py:151} INFO - Done. Returned value was: None
[2024-03-16 01:24:05,495] {taskinstance.py:1211} INFO - Marking task as SUCCESS. dag_id=***_exam, task_id=transform_into_fulldata.csv, execution_date=20240316T012300, start_date=20240316T012405, end_date=20240316T012405
[2024-03-16 01:24:05,545] {taskinstance.py:1265} INFO - 3 downstream tasks scheduled from follow-on schedule check
[2024-03-16 01:24:05,600] {local_task_job.py:151} INFO - Task exited with return code 0
