[2023-10-07 16:14:03,279] {taskinstance.py:896} INFO - Dependencies all met for <TaskInstance: airflow_exam.transform_into_data.csv 2023-10-07T16:13:00+00:00 [queued]>
[2023-10-07 16:14:03,298] {taskinstance.py:896} INFO - Dependencies all met for <TaskInstance: airflow_exam.transform_into_data.csv 2023-10-07T16:13:00+00:00 [queued]>
[2023-10-07 16:14:03,298] {taskinstance.py:1087} INFO - 
--------------------------------------------------------------------------------
[2023-10-07 16:14:03,298] {taskinstance.py:1088} INFO - Starting attempt 1 of 1
[2023-10-07 16:14:03,298] {taskinstance.py:1089} INFO - 
--------------------------------------------------------------------------------
[2023-10-07 16:14:03,309] {taskinstance.py:1107} INFO - Executing <Task(PythonOperator): transform_into_data.csv> on 2023-10-07T16:13:00+00:00
[2023-10-07 16:14:03,315] {standard_task_runner.py:52} INFO - Started process 5444 to run task
[2023-10-07 16:14:03,319] {standard_task_runner.py:76} INFO - Running: ['***', 'tasks', 'run', '***_exam', 'transform_into_data.csv', '2023-10-07T16:13:00+00:00', '--job-id', '1404', '--pool', 'default_pool', '--raw', '--subdir', 'DAGS_FOLDER/DAG.py', '--cfg-path', '/tmp/tmpey2qmvu4', '--error-file', '/tmp/tmph2fvdljl']
[2023-10-07 16:14:03,319] {standard_task_runner.py:77} INFO - Job 1404: Subtask transform_into_data.csv
[2023-10-07 16:14:03,367] {logging_mixin.py:104} INFO - Running <TaskInstance: ***_exam.transform_into_data.csv 2023-10-07T16:13:00+00:00 [running]> on host 3a3d0401ac26
[2023-10-07 16:14:03,424] {taskinstance.py:1302} INFO - Exporting the following env vars:
AIRFLOW_CTX_DAG_OWNER=***
AIRFLOW_CTX_DAG_ID=***_exam
AIRFLOW_CTX_TASK_ID=transform_into_data.csv
AIRFLOW_CTX_EXECUTION_DATE=2023-10-07T16:13:00+00:00
AIRFLOW_CTX_DAG_RUN_ID=scheduled__2023-10-07T16:13:00+00:00
[2023-10-07 16:14:03,429] {logging_mixin.py:104} INFO - 
[2023-10-07 16:14:03,444] {logging_mixin.py:104} INFO -     temperature        city  pression              date
0       298.13       Paris      1026  2023-10-07 16:14
1       296.24      London      1023  2023-10-07 16:14
2       288.35  Washington      1019  2023-10-07 16:14
3       298.13       Paris      1026  2023-10-07 16:13
4       296.24      London      1023  2023-10-07 16:13
5       288.35  Washington      1019  2023-10-07 16:13
6       298.13       Paris      1026  2023-10-07 16:12
7       296.50      London      1023  2023-10-07 16:12
8       288.35  Washington      1019  2023-10-07 16:12
9       298.13       Paris      1026  2023-10-07 16:11
[2023-10-07 16:14:03,448] {python.py:151} INFO - Done. Returned value was: None
[2023-10-07 16:14:03,460] {taskinstance.py:1211} INFO - Marking task as SUCCESS. dag_id=***_exam, task_id=transform_into_data.csv, execution_date=20231007T161300, start_date=20231007T161403, end_date=20231007T161403
[2023-10-07 16:14:03,491] {taskinstance.py:1265} INFO - 0 downstream tasks scheduled from follow-on schedule check
[2023-10-07 16:14:03,531] {local_task_job.py:151} INFO - Task exited with return code 0
