[2024-03-20 23:20:05,064] {taskinstance.py:896} INFO - Dependencies all met for <TaskInstance: airflow_exam.transform_into_fulldata.csv 2024-03-20T23:19:00+00:00 [queued]>
[2024-03-20 23:20:05,082] {taskinstance.py:896} INFO - Dependencies all met for <TaskInstance: airflow_exam.transform_into_fulldata.csv 2024-03-20T23:19:00+00:00 [queued]>
[2024-03-20 23:20:05,083] {taskinstance.py:1087} INFO - 
--------------------------------------------------------------------------------
[2024-03-20 23:20:05,083] {taskinstance.py:1088} INFO - Starting attempt 1 of 1
[2024-03-20 23:20:05,083] {taskinstance.py:1089} INFO - 
--------------------------------------------------------------------------------
[2024-03-20 23:20:05,103] {taskinstance.py:1107} INFO - Executing <Task(PythonOperator): transform_into_fulldata.csv> on 2024-03-20T23:19:00+00:00
[2024-03-20 23:20:05,114] {standard_task_runner.py:52} INFO - Started process 35611 to run task
[2024-03-20 23:20:05,118] {standard_task_runner.py:76} INFO - Running: ['***', 'tasks', 'run', '***_exam', 'transform_into_fulldata.csv', '2024-03-20T23:19:00+00:00', '--job-id', '8004', '--pool', 'default_pool', '--raw', '--subdir', 'DAGS_FOLDER/DAG.py', '--cfg-path', '/tmp/tmpat0zg4fe', '--error-file', '/tmp/tmp1swf4v7t']
[2024-03-20 23:20:05,119] {standard_task_runner.py:77} INFO - Job 8004: Subtask transform_into_fulldata.csv
[2024-03-20 23:20:05,180] {logging_mixin.py:104} INFO - Running <TaskInstance: ***_exam.transform_into_fulldata.csv 2024-03-20T23:19:00+00:00 [running]> on host 3a3d0401ac26
[2024-03-20 23:20:05,256] {taskinstance.py:1302} INFO - Exporting the following env vars:
AIRFLOW_CTX_DAG_OWNER=***
AIRFLOW_CTX_DAG_ID=***_exam
AIRFLOW_CTX_TASK_ID=transform_into_fulldata.csv
AIRFLOW_CTX_EXECUTION_DATE=2024-03-20T23:19:00+00:00
AIRFLOW_CTX_DAG_RUN_ID=scheduled__2024-03-20T23:19:00+00:00
[2024-03-20 23:20:05,374] {logging_mixin.py:104} INFO - 
[2024-03-20 23:20:05,395] {logging_mixin.py:104} INFO -     temperature        city  pression              date
0       286.59       Paris      1020  2024-03-20 23:20
1       285.07      London      1022  2024-03-20 23:20
2       291.08  Washington      1007  2024-03-20 23:20
3       286.59       Paris      1020  2024-03-20 23:19
4       285.07      London      1022  2024-03-20 23:19
5       291.08  Washington      1007  2024-03-20 23:19
6       286.59       Paris      1020  2024-03-20 23:18
7       285.07      London      1022  2024-03-20 23:18
8       291.08  Washington      1007  2024-03-20 23:18
9       286.59       Paris      1020  2024-03-20 23:17
[2024-03-20 23:20:05,416] {python.py:151} INFO - Done. Returned value was: None
[2024-03-20 23:20:05,431] {taskinstance.py:1211} INFO - Marking task as SUCCESS. dag_id=***_exam, task_id=transform_into_fulldata.csv, execution_date=20240320T231900, start_date=20240320T232005, end_date=20240320T232005
[2024-03-20 23:20:05,475] {taskinstance.py:1265} INFO - 3 downstream tasks scheduled from follow-on schedule check
[2024-03-20 23:20:05,492] {local_task_job.py:151} INFO - Task exited with return code 0
