[2024-03-21 17:32:04,103] {taskinstance.py:896} INFO - Dependencies all met for <TaskInstance: airflow_exam.transform_into_data.csv 2024-03-21T17:31:00+00:00 [queued]>
[2024-03-21 17:32:04,125] {taskinstance.py:896} INFO - Dependencies all met for <TaskInstance: airflow_exam.transform_into_data.csv 2024-03-21T17:31:00+00:00 [queued]>
[2024-03-21 17:32:04,125] {taskinstance.py:1087} INFO - 
--------------------------------------------------------------------------------
[2024-03-21 17:32:04,125] {taskinstance.py:1088} INFO - Starting attempt 1 of 1
[2024-03-21 17:32:04,125] {taskinstance.py:1089} INFO - 
--------------------------------------------------------------------------------
[2024-03-21 17:32:04,140] {taskinstance.py:1107} INFO - Executing <Task(PythonOperator): transform_into_data.csv> on 2024-03-21T17:31:00+00:00
[2024-03-21 17:32:04,151] {standard_task_runner.py:52} INFO - Started process 23960 to run task
[2024-03-21 17:32:04,155] {standard_task_runner.py:76} INFO - Running: ['***', 'tasks', 'run', '***_exam', 'transform_into_data.csv', '2024-03-21T17:31:00+00:00', '--job-id', '9828', '--pool', 'default_pool', '--raw', '--subdir', 'DAGS_FOLDER/DAG.py', '--cfg-path', '/tmp/tmpln10etv3', '--error-file', '/tmp/tmppm9byr1q']
[2024-03-21 17:32:04,155] {standard_task_runner.py:77} INFO - Job 9828: Subtask transform_into_data.csv
[2024-03-21 17:32:04,220] {logging_mixin.py:104} INFO - Running <TaskInstance: ***_exam.transform_into_data.csv 2024-03-21T17:31:00+00:00 [running]> on host 3a3d0401ac26
[2024-03-21 17:32:04,289] {taskinstance.py:1302} INFO - Exporting the following env vars:
AIRFLOW_CTX_DAG_OWNER=***
AIRFLOW_CTX_DAG_ID=***_exam
AIRFLOW_CTX_TASK_ID=transform_into_data.csv
AIRFLOW_CTX_EXECUTION_DATE=2024-03-21T17:31:00+00:00
AIRFLOW_CTX_DAG_RUN_ID=scheduled__2024-03-21T17:31:00+00:00
[2024-03-21 17:32:04,295] {logging_mixin.py:104} INFO - 
[2024-03-21 17:32:04,314] {logging_mixin.py:104} INFO -     temperature        city  pression              date
0       291.53       Paris      1025  2024-03-21 17:32
1       288.66      London      1022  2024-03-21 17:32
2       282.80  Washington      1015  2024-03-21 17:32
3       291.53       Paris      1025  2024-03-21 17:31
4       288.66      London      1022  2024-03-21 17:31
5       282.80  Washington      1015  2024-03-21 17:31
6       291.53       Paris      1025  2024-03-21 17:30
7       288.66      London      1022  2024-03-21 17:30
8       282.80  Washington      1015  2024-03-21 17:30
9       291.53       Paris      1025  2024-03-21 17:29
[2024-03-21 17:32:04,320] {python.py:151} INFO - Done. Returned value was: None
[2024-03-21 17:32:04,332] {taskinstance.py:1211} INFO - Marking task as SUCCESS. dag_id=***_exam, task_id=transform_into_data.csv, execution_date=20240321T173100, start_date=20240321T173204, end_date=20240321T173204
[2024-03-21 17:32:04,365] {taskinstance.py:1265} INFO - 0 downstream tasks scheduled from follow-on schedule check
[2024-03-21 17:32:04,408] {local_task_job.py:151} INFO - Task exited with return code 0
