[2024-03-15 16:55:05,169] {taskinstance.py:896} INFO - Dependencies all met for <TaskInstance: airflow_exam.transform_into_fulldata.csv 2024-03-15T16:54:00+00:00 [queued]>
[2024-03-15 16:55:05,193] {taskinstance.py:896} INFO - Dependencies all met for <TaskInstance: airflow_exam.transform_into_fulldata.csv 2024-03-15T16:54:00+00:00 [queued]>
[2024-03-15 16:55:05,194] {taskinstance.py:1087} INFO - 
--------------------------------------------------------------------------------
[2024-03-15 16:55:05,194] {taskinstance.py:1088} INFO - Starting attempt 1 of 1
[2024-03-15 16:55:05,194] {taskinstance.py:1089} INFO - 
--------------------------------------------------------------------------------
[2024-03-15 16:55:05,210] {taskinstance.py:1107} INFO - Executing <Task(PythonOperator): transform_into_fulldata.csv> on 2024-03-15T16:54:00+00:00
[2024-03-15 16:55:05,223] {standard_task_runner.py:52} INFO - Started process 27257 to run task
[2024-03-15 16:55:05,229] {standard_task_runner.py:76} INFO - Running: ['***', 'tasks', 'run', '***_exam', 'transform_into_fulldata.csv', '2024-03-15T16:54:00+00:00', '--job-id', '2696', '--pool', 'default_pool', '--raw', '--subdir', 'DAGS_FOLDER/DAG.py', '--cfg-path', '/tmp/tmpxe_frmmn', '--error-file', '/tmp/tmpces1ua01']
[2024-03-15 16:55:05,230] {standard_task_runner.py:77} INFO - Job 2696: Subtask transform_into_fulldata.csv
[2024-03-15 16:55:05,303] {logging_mixin.py:104} INFO - Running <TaskInstance: ***_exam.transform_into_fulldata.csv 2024-03-15T16:54:00+00:00 [running]> on host 3a3d0401ac26
[2024-03-15 16:55:05,395] {taskinstance.py:1302} INFO - Exporting the following env vars:
AIRFLOW_CTX_DAG_OWNER=***
AIRFLOW_CTX_DAG_ID=***_exam
AIRFLOW_CTX_TASK_ID=transform_into_fulldata.csv
AIRFLOW_CTX_EXECUTION_DATE=2024-03-15T16:54:00+00:00
AIRFLOW_CTX_DAG_RUN_ID=scheduled__2024-03-15T16:54:00+00:00
[2024-03-15 16:55:05,435] {logging_mixin.py:104} INFO - 
[2024-03-15 16:55:05,466] {logging_mixin.py:104} INFO -     temperature        city  pression              date
0       288.20       Paris      1011  2024-03-15 16:55
1       286.62      London      1004  2024-03-15 16:55
2       284.07  Washington      1026  2024-03-15 16:55
3       288.20       Paris      1011  2024-03-15 16:54
4       286.62      London      1004  2024-03-15 16:54
5       284.07  Washington      1026  2024-03-15 16:54
6       288.19       Paris      1011  2024-03-15 16:53
7       286.70      London      1004  2024-03-15 16:53
8       284.07  Washington      1026  2024-03-15 16:53
9       288.19       Paris      1011  2024-03-15 16:52
[2024-03-15 16:55:05,477] {python.py:151} INFO - Done. Returned value was: None
[2024-03-15 16:55:05,495] {taskinstance.py:1211} INFO - Marking task as SUCCESS. dag_id=***_exam, task_id=transform_into_fulldata.csv, execution_date=20240315T165400, start_date=20240315T165505, end_date=20240315T165505
[2024-03-15 16:55:05,545] {taskinstance.py:1265} INFO - 3 downstream tasks scheduled from follow-on schedule check
[2024-03-15 16:55:05,561] {local_task_job.py:151} INFO - Task exited with return code 0
