[2024-03-20 20:37:05,526] {taskinstance.py:896} INFO - Dependencies all met for <TaskInstance: airflow_exam.transform_into_data.csv 2024-03-20T20:36:00+00:00 [queued]>
[2024-03-20 20:37:05,542] {taskinstance.py:896} INFO - Dependencies all met for <TaskInstance: airflow_exam.transform_into_data.csv 2024-03-20T20:36:00+00:00 [queued]>
[2024-03-20 20:37:05,542] {taskinstance.py:1087} INFO - 
--------------------------------------------------------------------------------
[2024-03-20 20:37:05,542] {taskinstance.py:1088} INFO - Starting attempt 1 of 1
[2024-03-20 20:37:05,542] {taskinstance.py:1089} INFO - 
--------------------------------------------------------------------------------
[2024-03-20 20:37:05,562] {taskinstance.py:1107} INFO - Executing <Task(PythonOperator): transform_into_data.csv> on 2024-03-20T20:36:00+00:00
[2024-03-20 20:37:05,572] {standard_task_runner.py:52} INFO - Started process 1496 to run task
[2024-03-20 20:37:05,575] {standard_task_runner.py:76} INFO - Running: ['***', 'tasks', 'run', '***_exam', 'transform_into_data.csv', '2024-03-20T20:36:00+00:00', '--job-id', '6876', '--pool', 'default_pool', '--raw', '--subdir', 'DAGS_FOLDER/DAG.py', '--cfg-path', '/tmp/tmpbniedmt3', '--error-file', '/tmp/tmpm66ejdu9']
[2024-03-20 20:37:05,575] {standard_task_runner.py:77} INFO - Job 6876: Subtask transform_into_data.csv
[2024-03-20 20:37:05,627] {logging_mixin.py:104} INFO - Running <TaskInstance: ***_exam.transform_into_data.csv 2024-03-20T20:36:00+00:00 [running]> on host 3a3d0401ac26
[2024-03-20 20:37:05,699] {taskinstance.py:1302} INFO - Exporting the following env vars:
AIRFLOW_CTX_DAG_OWNER=***
AIRFLOW_CTX_DAG_ID=***_exam
AIRFLOW_CTX_TASK_ID=transform_into_data.csv
AIRFLOW_CTX_EXECUTION_DATE=2024-03-20T20:36:00+00:00
AIRFLOW_CTX_DAG_RUN_ID=scheduled__2024-03-20T20:36:00+00:00
[2024-03-20 20:37:05,708] {logging_mixin.py:104} INFO - 
[2024-03-20 20:37:05,734] {logging_mixin.py:104} INFO -     temperature        city  pression              date
0       287.71       Paris      1018  2024-03-20 20:37
1       286.77      London      1020  2024-03-20 20:37
2       290.18  Washington      1009  2024-03-20 20:37
3       287.71       Paris      1018  2024-03-20 20:36
4       286.99      London      1020  2024-03-20 20:36
5       290.18  Washington      1009  2024-03-20 20:36
6       287.71       Paris      1018  2024-03-20 20:35
7       286.99      London      1020  2024-03-20 20:35
8       290.18  Washington      1009  2024-03-20 20:35
9       287.71       Paris      1018  2024-03-20 20:34
[2024-03-20 20:37:05,740] {python.py:151} INFO - Done. Returned value was: None
[2024-03-20 20:37:05,753] {taskinstance.py:1211} INFO - Marking task as SUCCESS. dag_id=***_exam, task_id=transform_into_data.csv, execution_date=20240320T203600, start_date=20240320T203705, end_date=20240320T203705
[2024-03-20 20:37:05,785] {taskinstance.py:1265} INFO - 0 downstream tasks scheduled from follow-on schedule check
[2024-03-20 20:37:05,828] {local_task_job.py:151} INFO - Task exited with return code 0
