[2023-10-12 17:30:20,327] {taskinstance.py:896} INFO - Dependencies all met for <TaskInstance: airflow_exam.retrieve_raw_data 2023-10-12T17:29:00+00:00 [queued]>
[2023-10-12 17:30:20,348] {taskinstance.py:896} INFO - Dependencies all met for <TaskInstance: airflow_exam.retrieve_raw_data 2023-10-12T17:29:00+00:00 [queued]>
[2023-10-12 17:30:20,348] {taskinstance.py:1087} INFO - 
--------------------------------------------------------------------------------
[2023-10-12 17:30:20,348] {taskinstance.py:1088} INFO - Starting attempt 1 of 6
[2023-10-12 17:30:20,348] {taskinstance.py:1089} INFO - 
--------------------------------------------------------------------------------
[2023-10-12 17:30:20,374] {taskinstance.py:1107} INFO - Executing <Task(PythonOperator): retrieve_raw_data> on 2023-10-12T17:29:00+00:00
[2023-10-12 17:30:20,384] {standard_task_runner.py:52} INFO - Started process 167 to run task
[2023-10-12 17:30:20,389] {standard_task_runner.py:76} INFO - Running: ['***', 'tasks', 'run', '***_exam', 'retrieve_raw_data', '2023-10-12T17:29:00+00:00', '--job-id', '1565', '--pool', 'default_pool', '--raw', '--subdir', 'DAGS_FOLDER/DAG.py', '--cfg-path', '/tmp/tmpv2ycr2fa', '--error-file', '/tmp/tmp5mn4f3z_']
[2023-10-12 17:30:20,390] {standard_task_runner.py:77} INFO - Job 1565: Subtask retrieve_raw_data
[2023-10-12 17:30:20,459] {logging_mixin.py:104} INFO - Running <TaskInstance: ***_exam.retrieve_raw_data 2023-10-12T17:29:00+00:00 [running]> on host 3a3d0401ac26
[2023-10-12 17:30:20,566] {taskinstance.py:1302} INFO - Exporting the following env vars:
AIRFLOW_CTX_DAG_OWNER=***
AIRFLOW_CTX_DAG_ID=***_exam
AIRFLOW_CTX_TASK_ID=retrieve_raw_data
AIRFLOW_CTX_EXECUTION_DATE=2023-10-12T17:29:00+00:00
AIRFLOW_CTX_DAG_RUN_ID=scheduled__2023-10-12T17:29:00+00:00
[2023-10-12 17:30:21,121] {python.py:151} INFO - Done. Returned value was: None
[2023-10-12 17:30:21,138] {taskinstance.py:1211} INFO - Marking task as SUCCESS. dag_id=***_exam, task_id=retrieve_raw_data, execution_date=20231012T172900, start_date=20231012T173020, end_date=20231012T173021
[2023-10-12 17:30:21,192] {taskinstance.py:1265} INFO - 2 downstream tasks scheduled from follow-on schedule check
[2023-10-12 17:30:21,244] {local_task_job.py:151} INFO - Task exited with return code 0
