[2024-03-15 21:31:03,989] {taskinstance.py:896} INFO - Dependencies all met for <TaskInstance: airflow_exam.transform_into_data.csv 2024-03-15T21:30:00+00:00 [queued]>
[2024-03-15 21:31:04,040] {taskinstance.py:896} INFO - Dependencies all met for <TaskInstance: airflow_exam.transform_into_data.csv 2024-03-15T21:30:00+00:00 [queued]>
[2024-03-15 21:31:04,040] {taskinstance.py:1087} INFO - 
--------------------------------------------------------------------------------
[2024-03-15 21:31:04,040] {taskinstance.py:1088} INFO - Starting attempt 1 of 1
[2024-03-15 21:31:04,040] {taskinstance.py:1089} INFO - 
--------------------------------------------------------------------------------
[2024-03-15 21:31:04,069] {taskinstance.py:1107} INFO - Executing <Task(PythonOperator): transform_into_data.csv> on 2024-03-15T21:30:00+00:00
[2024-03-15 21:31:04,083] {standard_task_runner.py:52} INFO - Started process 65629 to run task
[2024-03-15 21:31:04,088] {standard_task_runner.py:76} INFO - Running: ['***', 'tasks', 'run', '***_exam', 'transform_into_data.csv', '2024-03-15T21:30:00+00:00', '--job-id', '4035', '--pool', 'default_pool', '--raw', '--subdir', 'DAGS_FOLDER/DAG.py', '--cfg-path', '/tmp/tmpdzzvlzkm', '--error-file', '/tmp/tmplatu27ii']
[2024-03-15 21:31:04,089] {standard_task_runner.py:77} INFO - Job 4035: Subtask transform_into_data.csv
[2024-03-15 21:31:04,184] {logging_mixin.py:104} INFO - Running <TaskInstance: ***_exam.transform_into_data.csv 2024-03-15T21:30:00+00:00 [running]> on host 3a3d0401ac26
[2024-03-15 21:31:04,314] {taskinstance.py:1302} INFO - Exporting the following env vars:
AIRFLOW_CTX_DAG_OWNER=***
AIRFLOW_CTX_DAG_ID=***_exam
AIRFLOW_CTX_TASK_ID=transform_into_data.csv
AIRFLOW_CTX_EXECUTION_DATE=2024-03-15T21:30:00+00:00
AIRFLOW_CTX_DAG_RUN_ID=scheduled__2024-03-15T21:30:00+00:00
[2024-03-15 21:31:04,328] {logging_mixin.py:104} INFO - 
[2024-03-15 21:31:04,372] {logging_mixin.py:104} INFO -     temperature        city  pression              date
0       285.65       Paris      1013  2024-03-15 21:31
1       283.94      London      1009  2024-03-15 21:31
2       287.40  Washington      1024  2024-03-15 21:31
3       285.65       Paris      1013  2024-03-15 21:30
4       283.94      London      1009  2024-03-15 21:30
5       287.40  Washington      1024  2024-03-15 21:30
6       285.66       Paris      1013  2024-03-15 21:29
7       283.94      London      1009  2024-03-15 21:29
8       287.40  Washington      1024  2024-03-15 21:29
9       285.66       Paris      1013  2024-03-15 21:28
[2024-03-15 21:31:04,380] {python.py:151} INFO - Done. Returned value was: None
[2024-03-15 21:31:04,400] {taskinstance.py:1211} INFO - Marking task as SUCCESS. dag_id=***_exam, task_id=transform_into_data.csv, execution_date=20240315T213000, start_date=20240315T213103, end_date=20240315T213104
[2024-03-15 21:31:04,458] {taskinstance.py:1265} INFO - 0 downstream tasks scheduled from follow-on schedule check
[2024-03-15 21:31:04,509] {local_task_job.py:151} INFO - Task exited with return code 0
