[2023-10-06 23:32:22,354] {taskinstance.py:896} INFO - Dependencies all met for <TaskInstance: airflow_exam.transform_into_fulldata.csv 2023-10-06T23:31:00+00:00 [queued]>
[2023-10-06 23:32:22,375] {taskinstance.py:896} INFO - Dependencies all met for <TaskInstance: airflow_exam.transform_into_fulldata.csv 2023-10-06T23:31:00+00:00 [queued]>
[2023-10-06 23:32:22,376] {taskinstance.py:1087} INFO - 
--------------------------------------------------------------------------------
[2023-10-06 23:32:22,376] {taskinstance.py:1088} INFO - Starting attempt 1 of 1
[2023-10-06 23:32:22,376] {taskinstance.py:1089} INFO - 
--------------------------------------------------------------------------------
[2023-10-06 23:32:22,399] {taskinstance.py:1107} INFO - Executing <Task(PythonOperator): transform_into_fulldata.csv> on 2023-10-06T23:31:00+00:00
[2023-10-06 23:32:22,409] {standard_task_runner.py:52} INFO - Started process 184 to run task
[2023-10-06 23:32:22,415] {standard_task_runner.py:76} INFO - Running: ['***', 'tasks', 'run', '***_exam', 'transform_into_fulldata.csv', '2023-10-06T23:31:00+00:00', '--job-id', '1057', '--pool', 'default_pool', '--raw', '--subdir', 'DAGS_FOLDER/DAG.py', '--cfg-path', '/tmp/tmpnlbifotu', '--error-file', '/tmp/tmp_o2ijt41']
[2023-10-06 23:32:22,416] {standard_task_runner.py:77} INFO - Job 1057: Subtask transform_into_fulldata.csv
[2023-10-06 23:32:22,484] {logging_mixin.py:104} INFO - Running <TaskInstance: ***_exam.transform_into_fulldata.csv 2023-10-06T23:31:00+00:00 [running]> on host 3a3d0401ac26
[2023-10-06 23:32:22,564] {taskinstance.py:1302} INFO - Exporting the following env vars:
AIRFLOW_CTX_DAG_OWNER=***
AIRFLOW_CTX_DAG_ID=***_exam
AIRFLOW_CTX_TASK_ID=transform_into_fulldata.csv
AIRFLOW_CTX_EXECUTION_DATE=2023-10-06T23:31:00+00:00
AIRFLOW_CTX_DAG_RUN_ID=scheduled__2023-10-06T23:31:00+00:00
[2023-10-06 23:32:22,589] {logging_mixin.py:104} INFO - 
[2023-10-06 23:32:22,616] {logging_mixin.py:104} INFO -     temperature        city  pression              date
0       285.69       Paris      1026  2023-10-06 23:32
1       289.26      London      1023  2023-10-06 23:32
2       296.19  Washington      1021  2023-10-06 23:32
3       287.71       Paris      1026  2023-10-06 20:49
4       289.82      London      1023  2023-10-06 20:49
5       294.47  Washington      1023  2023-10-06 20:49
6       287.71       Paris      1026  2023-10-06 20:48
7       289.82      London      1023  2023-10-06 20:48
8       294.47  Washington      1023  2023-10-06 20:48
9       287.71       Paris      1026  2023-10-06 20:47
[2023-10-06 23:32:22,622] {python.py:151} INFO - Done. Returned value was: None
[2023-10-06 23:32:22,634] {taskinstance.py:1211} INFO - Marking task as SUCCESS. dag_id=***_exam, task_id=transform_into_fulldata.csv, execution_date=20231006T233100, start_date=20231006T233222, end_date=20231006T233222
[2023-10-06 23:32:22,674] {taskinstance.py:1265} INFO - 3 downstream tasks scheduled from follow-on schedule check
[2023-10-06 23:32:22,706] {local_task_job.py:151} INFO - Task exited with return code 0
