[2024-03-15 16:23:03,722] {taskinstance.py:896} INFO - Dependencies all met for <TaskInstance: airflow_exam.transform_into_data.csv 2024-03-15T16:22:00+00:00 [queued]>
[2024-03-15 16:23:03,752] {taskinstance.py:896} INFO - Dependencies all met for <TaskInstance: airflow_exam.transform_into_data.csv 2024-03-15T16:22:00+00:00 [queued]>
[2024-03-15 16:23:03,752] {taskinstance.py:1087} INFO - 
--------------------------------------------------------------------------------
[2024-03-15 16:23:03,753] {taskinstance.py:1088} INFO - Starting attempt 1 of 1
[2024-03-15 16:23:03,753] {taskinstance.py:1089} INFO - 
--------------------------------------------------------------------------------
[2024-03-15 16:23:03,769] {taskinstance.py:1107} INFO - Executing <Task(PythonOperator): transform_into_data.csv> on 2024-03-15T16:22:00+00:00
[2024-03-15 16:23:03,780] {standard_task_runner.py:52} INFO - Started process 21045 to run task
[2024-03-15 16:23:03,784] {standard_task_runner.py:76} INFO - Running: ['***', 'tasks', 'run', '***_exam', 'transform_into_data.csv', '2024-03-15T16:22:00+00:00', '--job-id', '2472', '--pool', 'default_pool', '--raw', '--subdir', 'DAGS_FOLDER/DAG.py', '--cfg-path', '/tmp/tmp8sqtv9x5', '--error-file', '/tmp/tmpwulo3zdy']
[2024-03-15 16:23:03,785] {standard_task_runner.py:77} INFO - Job 2472: Subtask transform_into_data.csv
[2024-03-15 16:23:03,859] {logging_mixin.py:104} INFO - Running <TaskInstance: ***_exam.transform_into_data.csv 2024-03-15T16:22:00+00:00 [running]> on host 3a3d0401ac26
[2024-03-15 16:23:03,963] {taskinstance.py:1302} INFO - Exporting the following env vars:
AIRFLOW_CTX_DAG_OWNER=***
AIRFLOW_CTX_DAG_ID=***_exam
AIRFLOW_CTX_TASK_ID=transform_into_data.csv
AIRFLOW_CTX_EXECUTION_DATE=2024-03-15T16:22:00+00:00
AIRFLOW_CTX_DAG_RUN_ID=scheduled__2024-03-15T16:22:00+00:00
[2024-03-15 16:23:03,976] {logging_mixin.py:104} INFO - 
[2024-03-15 16:23:04,013] {logging_mixin.py:104} INFO -     temperature        city  pression              date
0       289.31       Paris      1011  2024-03-15 16:23
1       286.82      London      1004  2024-03-15 16:23
2       282.95  Washington      1027  2024-03-15 16:23
3       289.31       Paris      1011  2024-03-15 16:22
4       286.91      London      1004  2024-03-15 16:22
5       282.95  Washington      1027  2024-03-15 16:22
6       289.31       Paris      1011  2024-03-15 16:21
7       286.91      London      1004  2024-03-15 16:21
8       282.95  Washington      1027  2024-03-15 16:21
9       289.31       Paris      1011  2024-03-15 16:20
[2024-03-15 16:23:04,022] {python.py:151} INFO - Done. Returned value was: None
[2024-03-15 16:23:04,046] {taskinstance.py:1211} INFO - Marking task as SUCCESS. dag_id=***_exam, task_id=transform_into_data.csv, execution_date=20240315T162200, start_date=20240315T162303, end_date=20240315T162304
[2024-03-15 16:23:04,096] {taskinstance.py:1265} INFO - 0 downstream tasks scheduled from follow-on schedule check
[2024-03-15 16:23:04,118] {local_task_job.py:151} INFO - Task exited with return code 0
