[2023-10-07 13:24:30,113] {taskinstance.py:896} INFO - Dependencies all met for <TaskInstance: airflow_exam.transform_into_data.csv 2023-10-06T23:32:00+00:00 [queued]>
[2023-10-07 13:24:30,154] {taskinstance.py:896} INFO - Dependencies all met for <TaskInstance: airflow_exam.transform_into_data.csv 2023-10-06T23:32:00+00:00 [queued]>
[2023-10-07 13:24:30,154] {taskinstance.py:1087} INFO - 
--------------------------------------------------------------------------------
[2023-10-07 13:24:30,154] {taskinstance.py:1088} INFO - Starting attempt 1 of 1
[2023-10-07 13:24:30,154] {taskinstance.py:1089} INFO - 
--------------------------------------------------------------------------------
[2023-10-07 13:24:30,169] {taskinstance.py:1107} INFO - Executing <Task(PythonOperator): transform_into_data.csv> on 2023-10-06T23:32:00+00:00
[2023-10-07 13:24:30,193] {standard_task_runner.py:52} INFO - Started process 184 to run task
[2023-10-07 13:24:30,203] {standard_task_runner.py:76} INFO - Running: ['***', 'tasks', 'run', '***_exam', 'transform_into_data.csv', '2023-10-06T23:32:00+00:00', '--job-id', '1088', '--pool', 'default_pool', '--raw', '--subdir', 'DAGS_FOLDER/DAG.py', '--cfg-path', '/tmp/tmpumqhdy11', '--error-file', '/tmp/tmpr8zyb53m']
[2023-10-07 13:24:30,203] {standard_task_runner.py:77} INFO - Job 1088: Subtask transform_into_data.csv
[2023-10-07 13:24:30,288] {logging_mixin.py:104} INFO - Running <TaskInstance: ***_exam.transform_into_data.csv 2023-10-06T23:32:00+00:00 [running]> on host 3a3d0401ac26
[2023-10-07 13:24:30,388] {taskinstance.py:1302} INFO - Exporting the following env vars:
AIRFLOW_CTX_DAG_OWNER=***
AIRFLOW_CTX_DAG_ID=***_exam
AIRFLOW_CTX_TASK_ID=transform_into_data.csv
AIRFLOW_CTX_EXECUTION_DATE=2023-10-06T23:32:00+00:00
AIRFLOW_CTX_DAG_RUN_ID=scheduled__2023-10-06T23:32:00+00:00
[2023-10-07 13:24:30,398] {logging_mixin.py:104} INFO - 
[2023-10-07 13:24:30,438] {logging_mixin.py:104} INFO -     temperature        city  pression              date
0       297.39       Paris      1026  2023-10-07 13:24
1       296.84      London      1023  2023-10-07 13:24
2       284.18  Washington      1020  2023-10-07 13:24
3       285.69       Paris      1026  2023-10-06 23:32
4       289.26      London      1023  2023-10-06 23:32
5       296.19  Washington      1021  2023-10-06 23:32
6       287.71       Paris      1026  2023-10-06 20:49
7       289.82      London      1023  2023-10-06 20:49
8       294.47  Washington      1023  2023-10-06 20:49
9       287.71       Paris      1026  2023-10-06 20:48
[2023-10-07 13:24:30,445] {python.py:151} INFO - Done. Returned value was: None
[2023-10-07 13:24:30,465] {taskinstance.py:1211} INFO - Marking task as SUCCESS. dag_id=***_exam, task_id=transform_into_data.csv, execution_date=20231006T233200, start_date=20231007T132430, end_date=20231007T132430
[2023-10-07 13:24:30,562] {taskinstance.py:1265} INFO - 0 downstream tasks scheduled from follow-on schedule check
[2023-10-07 13:24:30,616] {local_task_job.py:151} INFO - Task exited with return code 0
