[2024-04-01 23:27:04,619] {taskinstance.py:896} INFO - Dependencies all met for <TaskInstance: airflow_exam.transform_into_data.csv 2024-04-01T23:26:00+00:00 [queued]>
[2024-04-01 23:27:04,642] {taskinstance.py:896} INFO - Dependencies all met for <TaskInstance: airflow_exam.transform_into_data.csv 2024-04-01T23:26:00+00:00 [queued]>
[2024-04-01 23:27:04,642] {taskinstance.py:1087} INFO - 
--------------------------------------------------------------------------------
[2024-04-01 23:27:04,642] {taskinstance.py:1088} INFO - Starting attempt 1 of 1
[2024-04-01 23:27:04,643] {taskinstance.py:1089} INFO - 
--------------------------------------------------------------------------------
[2024-04-01 23:27:04,666] {taskinstance.py:1107} INFO - Executing <Task(PythonOperator): transform_into_data.csv> on 2024-04-01T23:26:00+00:00
[2024-04-01 23:27:04,679] {standard_task_runner.py:52} INFO - Started process 1870 to run task
[2024-04-01 23:27:04,685] {standard_task_runner.py:76} INFO - Running: ['***', 'tasks', 'run', '***_exam', 'transform_into_data.csv', '2024-04-01T23:26:00+00:00', '--job-id', '11263', '--pool', 'default_pool', '--raw', '--subdir', 'DAGS_FOLDER/DAG.py', '--cfg-path', '/tmp/tmp4ver01a_', '--error-file', '/tmp/tmprx3odu99']
[2024-04-01 23:27:04,685] {standard_task_runner.py:77} INFO - Job 11263: Subtask transform_into_data.csv
[2024-04-01 23:27:04,766] {logging_mixin.py:104} INFO - Running <TaskInstance: ***_exam.transform_into_data.csv 2024-04-01T23:26:00+00:00 [running]> on host 3a3d0401ac26
[2024-04-01 23:27:04,854] {taskinstance.py:1302} INFO - Exporting the following env vars:
AIRFLOW_CTX_DAG_OWNER=***
AIRFLOW_CTX_DAG_ID=***_exam
AIRFLOW_CTX_TASK_ID=transform_into_data.csv
AIRFLOW_CTX_EXECUTION_DATE=2024-04-01T23:26:00+00:00
AIRFLOW_CTX_DAG_RUN_ID=scheduled__2024-04-01T23:26:00+00:00
[2024-04-01 23:27:04,862] {logging_mixin.py:104} INFO - 
[2024-04-01 23:27:04,892] {logging_mixin.py:104} INFO -     temperature        city  pression              date
0       282.53       Paris      1005  2024-04-01 23:27
1       282.56      London       997  2024-04-01 23:27
2       293.04  Washington      1015  2024-04-01 23:27
3       282.53       Paris      1005  2024-04-01 23:26
4       282.44      London       997  2024-04-01 23:26
5       293.04  Washington      1015  2024-04-01 23:26
6       282.53       Paris      1005  2024-04-01 23:25
7       282.44      London       997  2024-04-01 23:25
8       293.04  Washington      1015  2024-04-01 23:25
9       282.53       Paris      1005  2024-04-01 23:24
[2024-04-01 23:27:04,899] {python.py:151} INFO - Done. Returned value was: None
[2024-04-01 23:27:04,913] {taskinstance.py:1211} INFO - Marking task as SUCCESS. dag_id=***_exam, task_id=transform_into_data.csv, execution_date=20240401T232600, start_date=20240401T232704, end_date=20240401T232704
[2024-04-01 23:27:04,949] {taskinstance.py:1265} INFO - 0 downstream tasks scheduled from follow-on schedule check
[2024-04-01 23:27:04,977] {local_task_job.py:151} INFO - Task exited with return code 0
