[2024-03-21 18:16:05,400] {taskinstance.py:896} INFO - Dependencies all met for <TaskInstance: airflow_exam.transform_into_data.csv 2024-03-21T18:15:00+00:00 [queued]>
[2024-03-21 18:16:05,421] {taskinstance.py:896} INFO - Dependencies all met for <TaskInstance: airflow_exam.transform_into_data.csv 2024-03-21T18:15:00+00:00 [queued]>
[2024-03-21 18:16:05,422] {taskinstance.py:1087} INFO - 
--------------------------------------------------------------------------------
[2024-03-21 18:16:05,422] {taskinstance.py:1088} INFO - Starting attempt 1 of 1
[2024-03-21 18:16:05,422] {taskinstance.py:1089} INFO - 
--------------------------------------------------------------------------------
[2024-03-21 18:16:05,434] {taskinstance.py:1107} INFO - Executing <Task(PythonOperator): transform_into_data.csv> on 2024-03-21T18:15:00+00:00
[2024-03-21 18:16:05,444] {standard_task_runner.py:52} INFO - Started process 33475 to run task
[2024-03-21 18:16:05,447] {standard_task_runner.py:76} INFO - Running: ['***', 'tasks', 'run', '***_exam', 'transform_into_data.csv', '2024-03-21T18:15:00+00:00', '--job-id', '10136', '--pool', 'default_pool', '--raw', '--subdir', 'DAGS_FOLDER/DAG.py', '--cfg-path', '/tmp/tmp222v8rsv', '--error-file', '/tmp/tmpvrtnf0yn']
[2024-03-21 18:16:05,448] {standard_task_runner.py:77} INFO - Job 10136: Subtask transform_into_data.csv
[2024-03-21 18:16:05,502] {logging_mixin.py:104} INFO - Running <TaskInstance: ***_exam.transform_into_data.csv 2024-03-21T18:15:00+00:00 [running]> on host 3a3d0401ac26
[2024-03-21 18:16:05,572] {taskinstance.py:1302} INFO - Exporting the following env vars:
AIRFLOW_CTX_DAG_OWNER=***
AIRFLOW_CTX_DAG_ID=***_exam
AIRFLOW_CTX_TASK_ID=transform_into_data.csv
AIRFLOW_CTX_EXECUTION_DATE=2024-03-21T18:15:00+00:00
AIRFLOW_CTX_DAG_RUN_ID=scheduled__2024-03-21T18:15:00+00:00
[2024-03-21 18:16:05,581] {logging_mixin.py:104} INFO - 
[2024-03-21 18:16:05,602] {logging_mixin.py:104} INFO -     temperature        city  pression              date
0       290.56       Paris      1025  2024-03-21 18:16
1       287.98      London      1022  2024-03-21 18:16
2       284.73  Washington      1014  2024-03-21 18:16
3       290.56       Paris      1025  2024-03-21 18:15
4       287.98      London      1022  2024-03-21 18:15
5       284.67  Washington      1014  2024-03-21 18:15
6       289.86       Paris      1025  2024-03-21 18:14
7       287.98      London      1022  2024-03-21 18:14
8       284.63  Washington      1014  2024-03-21 18:14
9       290.53       Paris      1025  2024-03-21 18:13
[2024-03-21 18:16:05,607] {python.py:151} INFO - Done. Returned value was: None
[2024-03-21 18:16:05,631] {taskinstance.py:1211} INFO - Marking task as SUCCESS. dag_id=***_exam, task_id=transform_into_data.csv, execution_date=20240321T181500, start_date=20240321T181605, end_date=20240321T181605
[2024-03-21 18:16:05,696] {taskinstance.py:1265} INFO - 0 downstream tasks scheduled from follow-on schedule check
[2024-03-21 18:16:05,740] {local_task_job.py:151} INFO - Task exited with return code 0
