[2024-03-16 03:51:04,659] {taskinstance.py:896} INFO - Dependencies all met for <TaskInstance: airflow_exam.transform_into_fulldata.csv 2024-03-16T03:50:00+00:00 [queued]>
[2024-03-16 03:51:04,696] {taskinstance.py:896} INFO - Dependencies all met for <TaskInstance: airflow_exam.transform_into_fulldata.csv 2024-03-16T03:50:00+00:00 [queued]>
[2024-03-16 03:51:04,697] {taskinstance.py:1087} INFO - 
--------------------------------------------------------------------------------
[2024-03-16 03:51:04,697] {taskinstance.py:1088} INFO - Starting attempt 1 of 1
[2024-03-16 03:51:04,697] {taskinstance.py:1089} INFO - 
--------------------------------------------------------------------------------
[2024-03-16 03:51:04,718] {taskinstance.py:1107} INFO - Executing <Task(PythonOperator): transform_into_fulldata.csv> on 2024-03-16T03:50:00+00:00
[2024-03-16 03:51:04,731] {standard_task_runner.py:52} INFO - Started process 145165 to run task
[2024-03-16 03:51:04,739] {standard_task_runner.py:76} INFO - Running: ['***', 'tasks', 'run', '***_exam', 'transform_into_fulldata.csv', '2024-03-16T03:50:00+00:00', '--job-id', '6689', '--pool', 'default_pool', '--raw', '--subdir', 'DAGS_FOLDER/DAG.py', '--cfg-path', '/tmp/tmpgkzgzblq', '--error-file', '/tmp/tmp86pg6lxb']
[2024-03-16 03:51:04,740] {standard_task_runner.py:77} INFO - Job 6689: Subtask transform_into_fulldata.csv
[2024-03-16 03:51:04,835] {logging_mixin.py:104} INFO - Running <TaskInstance: ***_exam.transform_into_fulldata.csv 2024-03-16T03:50:00+00:00 [running]> on host 3a3d0401ac26
[2024-03-16 03:51:04,968] {taskinstance.py:1302} INFO - Exporting the following env vars:
AIRFLOW_CTX_DAG_OWNER=***
AIRFLOW_CTX_DAG_ID=***_exam
AIRFLOW_CTX_TASK_ID=transform_into_fulldata.csv
AIRFLOW_CTX_EXECUTION_DATE=2024-03-16T03:50:00+00:00
AIRFLOW_CTX_DAG_RUN_ID=scheduled__2024-03-16T03:50:00+00:00
[2024-03-16 03:51:05,104] {logging_mixin.py:104} INFO - 
[2024-03-16 03:51:05,141] {logging_mixin.py:104} INFO -     temperature        city  pression              date
0       283.84       Paris      1017  2024-03-16 03:51
1       281.45      London      1016  2024-03-16 03:51
2       282.07  Washington      1023  2024-03-16 03:51
3       283.84       Paris      1017  2024-03-16 03:50
4       281.45      London      1016  2024-03-16 03:50
5       282.07  Washington      1023  2024-03-16 03:50
6       283.84       Paris      1017  2024-03-16 03:49
7       281.45      London      1016  2024-03-16 03:49
8       282.07  Washington      1023  2024-03-16 03:49
9       283.84       Paris      1017  2024-03-16 03:48
[2024-03-16 03:51:05,166] {python.py:151} INFO - Done. Returned value was: None
[2024-03-16 03:51:05,193] {taskinstance.py:1211} INFO - Marking task as SUCCESS. dag_id=***_exam, task_id=transform_into_fulldata.csv, execution_date=20240316T035000, start_date=20240316T035104, end_date=20240316T035105
[2024-03-16 03:51:05,260] {taskinstance.py:1265} INFO - 3 downstream tasks scheduled from follow-on schedule check
[2024-03-16 03:51:05,321] {local_task_job.py:151} INFO - Task exited with return code 0
