[2024-03-21 16:20:04,341] {taskinstance.py:896} INFO - Dependencies all met for <TaskInstance: airflow_exam.transform_into_fulldata.csv 2024-03-21T16:19:00+00:00 [queued]>
[2024-03-21 16:20:04,365] {taskinstance.py:896} INFO - Dependencies all met for <TaskInstance: airflow_exam.transform_into_fulldata.csv 2024-03-21T16:19:00+00:00 [queued]>
[2024-03-21 16:20:04,365] {taskinstance.py:1087} INFO - 
--------------------------------------------------------------------------------
[2024-03-21 16:20:04,365] {taskinstance.py:1088} INFO - Starting attempt 1 of 1
[2024-03-21 16:20:04,365] {taskinstance.py:1089} INFO - 
--------------------------------------------------------------------------------
[2024-03-21 16:20:04,378] {taskinstance.py:1107} INFO - Executing <Task(PythonOperator): transform_into_fulldata.csv> on 2024-03-21T16:19:00+00:00
[2024-03-21 16:20:04,387] {standard_task_runner.py:52} INFO - Started process 8411 to run task
[2024-03-21 16:20:04,390] {standard_task_runner.py:76} INFO - Running: ['***', 'tasks', 'run', '***_exam', 'transform_into_fulldata.csv', '2024-03-21T16:19:00+00:00', '--job-id', '9324', '--pool', 'default_pool', '--raw', '--subdir', 'DAGS_FOLDER/DAG.py', '--cfg-path', '/tmp/tmpu981ftu2', '--error-file', '/tmp/tmpt_4nkl1t']
[2024-03-21 16:20:04,391] {standard_task_runner.py:77} INFO - Job 9324: Subtask transform_into_fulldata.csv
[2024-03-21 16:20:04,445] {logging_mixin.py:104} INFO - Running <TaskInstance: ***_exam.transform_into_fulldata.csv 2024-03-21T16:19:00+00:00 [running]> on host 3a3d0401ac26
[2024-03-21 16:20:04,517] {taskinstance.py:1302} INFO - Exporting the following env vars:
AIRFLOW_CTX_DAG_OWNER=***
AIRFLOW_CTX_DAG_ID=***_exam
AIRFLOW_CTX_TASK_ID=transform_into_fulldata.csv
AIRFLOW_CTX_EXECUTION_DATE=2024-03-21T16:19:00+00:00
AIRFLOW_CTX_DAG_RUN_ID=scheduled__2024-03-21T16:19:00+00:00
[2024-03-21 16:20:04,625] {logging_mixin.py:104} INFO - 
[2024-03-21 16:20:04,647] {logging_mixin.py:104} INFO -     temperature        city  pression              date
0       292.89       Paris      1025  2024-03-21 16:20
1       289.46      London      1023  2024-03-21 16:20
2       281.04  Washington      1015  2024-03-21 16:20
3       292.89       Paris      1025  2024-03-21 16:19
4       289.47      London      1023  2024-03-21 16:19
5       281.04  Washington      1015  2024-03-21 16:19
6       292.89       Paris      1025  2024-03-21 16:18
7       289.47      London      1023  2024-03-21 16:18
8       281.04  Washington      1015  2024-03-21 16:18
9       292.89       Paris      1025  2024-03-21 16:17
[2024-03-21 16:20:04,663] {python.py:151} INFO - Done. Returned value was: None
[2024-03-21 16:20:04,674] {taskinstance.py:1211} INFO - Marking task as SUCCESS. dag_id=***_exam, task_id=transform_into_fulldata.csv, execution_date=20240321T161900, start_date=20240321T162004, end_date=20240321T162004
[2024-03-21 16:20:04,712] {taskinstance.py:1265} INFO - 3 downstream tasks scheduled from follow-on schedule check
[2024-03-21 16:20:04,724] {local_task_job.py:151} INFO - Task exited with return code 0
