[2024-03-16 01:09:04,050] {taskinstance.py:896} INFO - Dependencies all met for <TaskInstance: airflow_exam.transform_into_fulldata.csv 2024-03-16T01:08:00+00:00 [queued]>
[2024-03-16 01:09:04,075] {taskinstance.py:896} INFO - Dependencies all met for <TaskInstance: airflow_exam.transform_into_fulldata.csv 2024-03-16T01:08:00+00:00 [queued]>
[2024-03-16 01:09:04,075] {taskinstance.py:1087} INFO - 
--------------------------------------------------------------------------------
[2024-03-16 01:09:04,075] {taskinstance.py:1088} INFO - Starting attempt 1 of 1
[2024-03-16 01:09:04,075] {taskinstance.py:1089} INFO - 
--------------------------------------------------------------------------------
[2024-03-16 01:09:04,090] {taskinstance.py:1107} INFO - Executing <Task(PythonOperator): transform_into_fulldata.csv> on 2024-03-16T01:08:00+00:00
[2024-03-16 01:09:04,099] {standard_task_runner.py:52} INFO - Started process 110453 to run task
[2024-03-16 01:09:04,103] {standard_task_runner.py:76} INFO - Running: ['***', 'tasks', 'run', '***_exam', 'transform_into_fulldata.csv', '2024-03-16T01:08:00+00:00', '--job-id', '5554', '--pool', 'default_pool', '--raw', '--subdir', 'DAGS_FOLDER/DAG.py', '--cfg-path', '/tmp/tmpjhcmmu4n', '--error-file', '/tmp/tmpogpt602b']
[2024-03-16 01:09:04,103] {standard_task_runner.py:77} INFO - Job 5554: Subtask transform_into_fulldata.csv
[2024-03-16 01:09:04,170] {logging_mixin.py:104} INFO - Running <TaskInstance: ***_exam.transform_into_fulldata.csv 2024-03-16T01:08:00+00:00 [running]> on host 3a3d0401ac26
[2024-03-16 01:09:04,247] {taskinstance.py:1302} INFO - Exporting the following env vars:
AIRFLOW_CTX_DAG_OWNER=***
AIRFLOW_CTX_DAG_ID=***_exam
AIRFLOW_CTX_TASK_ID=transform_into_fulldata.csv
AIRFLOW_CTX_EXECUTION_DATE=2024-03-16T01:08:00+00:00
AIRFLOW_CTX_DAG_RUN_ID=scheduled__2024-03-16T01:08:00+00:00
[2024-03-16 01:09:04,327] {logging_mixin.py:104} INFO - 
[2024-03-16 01:09:04,352] {logging_mixin.py:104} INFO -     temperature        city  pression              date
0       284.61       Paris      1016  2024-03-16 01:09
1       281.08      London      1015  2024-03-16 01:09
2       286.76  Washington      1021  2024-03-16 01:09
3       284.61       Paris      1016  2024-03-16 01:08
4       281.08      London      1015  2024-03-16 01:08
5       286.76  Washington      1021  2024-03-16 01:08
6       284.61       Paris      1016  2024-03-16 01:07
7       281.08      London      1015  2024-03-16 01:07
8       286.76  Washington      1021  2024-03-16 01:07
9       284.61       Paris      1016  2024-03-16 01:06
[2024-03-16 01:09:04,365] {python.py:151} INFO - Done. Returned value was: None
[2024-03-16 01:09:04,380] {taskinstance.py:1211} INFO - Marking task as SUCCESS. dag_id=***_exam, task_id=transform_into_fulldata.csv, execution_date=20240316T010800, start_date=20240316T010904, end_date=20240316T010904
[2024-03-16 01:09:04,419] {taskinstance.py:1265} INFO - 3 downstream tasks scheduled from follow-on schedule check
[2024-03-16 01:09:04,435] {local_task_job.py:151} INFO - Task exited with return code 0
