[2024-03-15 16:13:05,472] {taskinstance.py:896} INFO - Dependencies all met for <TaskInstance: airflow_exam.transform_into_fulldata.csv 2024-03-15T16:12:00+00:00 [queued]>
[2024-03-15 16:13:05,507] {taskinstance.py:896} INFO - Dependencies all met for <TaskInstance: airflow_exam.transform_into_fulldata.csv 2024-03-15T16:12:00+00:00 [queued]>
[2024-03-15 16:13:05,507] {taskinstance.py:1087} INFO - 
--------------------------------------------------------------------------------
[2024-03-15 16:13:05,508] {taskinstance.py:1088} INFO - Starting attempt 1 of 1
[2024-03-15 16:13:05,508] {taskinstance.py:1089} INFO - 
--------------------------------------------------------------------------------
[2024-03-15 16:13:05,525] {taskinstance.py:1107} INFO - Executing <Task(PythonOperator): transform_into_fulldata.csv> on 2024-03-15T16:12:00+00:00
[2024-03-15 16:13:05,538] {standard_task_runner.py:52} INFO - Started process 19110 to run task
[2024-03-15 16:13:05,544] {standard_task_runner.py:76} INFO - Running: ['***', 'tasks', 'run', '***_exam', 'transform_into_fulldata.csv', '2024-03-15T16:12:00+00:00', '--job-id', '2403', '--pool', 'default_pool', '--raw', '--subdir', 'DAGS_FOLDER/DAG.py', '--cfg-path', '/tmp/tmpqppbi1k_', '--error-file', '/tmp/tmpfexst3eu']
[2024-03-15 16:13:05,545] {standard_task_runner.py:77} INFO - Job 2403: Subtask transform_into_fulldata.csv
[2024-03-15 16:13:05,636] {logging_mixin.py:104} INFO - Running <TaskInstance: ***_exam.transform_into_fulldata.csv 2024-03-15T16:12:00+00:00 [running]> on host 3a3d0401ac26
[2024-03-15 16:13:05,738] {taskinstance.py:1302} INFO - Exporting the following env vars:
AIRFLOW_CTX_DAG_OWNER=***
AIRFLOW_CTX_DAG_ID=***_exam
AIRFLOW_CTX_TASK_ID=transform_into_fulldata.csv
AIRFLOW_CTX_EXECUTION_DATE=2024-03-15T16:12:00+00:00
AIRFLOW_CTX_DAG_RUN_ID=scheduled__2024-03-15T16:12:00+00:00
[2024-03-15 16:13:05,777] {logging_mixin.py:104} INFO - 
[2024-03-15 16:13:05,807] {logging_mixin.py:104} INFO -     temperature        city  pression              date
0       289.31       Paris      1011  2024-03-15 16:13
1       286.90      London      1004  2024-03-15 16:13
2       282.95  Washington      1027  2024-03-15 16:13
3       289.48       Paris      1011  2024-03-15 16:12
4       286.90      London      1004  2024-03-15 16:12
5       282.95  Washington      1027  2024-03-15 16:12
6       289.48       Paris      1011  2024-03-15 16:11
7       286.92      London      1004  2024-03-15 16:11
8       282.95  Washington      1027  2024-03-15 16:11
9       289.48       Paris      1011  2024-03-15 16:10
[2024-03-15 16:13:05,817] {python.py:151} INFO - Done. Returned value was: None
[2024-03-15 16:13:05,835] {taskinstance.py:1211} INFO - Marking task as SUCCESS. dag_id=***_exam, task_id=transform_into_fulldata.csv, execution_date=20240315T161200, start_date=20240315T161305, end_date=20240315T161305
[2024-03-15 16:13:05,887] {taskinstance.py:1265} INFO - 3 downstream tasks scheduled from follow-on schedule check
[2024-03-15 16:13:05,921] {local_task_job.py:151} INFO - Task exited with return code 0
