[2024-03-20 22:35:05,263] {taskinstance.py:896} INFO - Dependencies all met for <TaskInstance: airflow_exam.transform_into_fulldata.csv 2024-03-20T22:34:00+00:00 [queued]>
[2024-03-20 22:35:05,295] {taskinstance.py:896} INFO - Dependencies all met for <TaskInstance: airflow_exam.transform_into_fulldata.csv 2024-03-20T22:34:00+00:00 [queued]>
[2024-03-20 22:35:05,295] {taskinstance.py:1087} INFO - 
--------------------------------------------------------------------------------
[2024-03-20 22:35:05,295] {taskinstance.py:1088} INFO - Starting attempt 1 of 1
[2024-03-20 22:35:05,295] {taskinstance.py:1089} INFO - 
--------------------------------------------------------------------------------
[2024-03-20 22:35:05,326] {taskinstance.py:1107} INFO - Executing <Task(PythonOperator): transform_into_fulldata.csv> on 2024-03-20T22:34:00+00:00
[2024-03-20 22:35:05,362] {standard_task_runner.py:76} INFO - Running: ['***', 'tasks', 'run', '***_exam', 'transform_into_fulldata.csv', '2024-03-20T22:34:00+00:00', '--job-id', '7689', '--pool', 'default_pool', '--raw', '--subdir', 'DAGS_FOLDER/DAG.py', '--cfg-path', '/tmp/tmpjy1_1bxp', '--error-file', '/tmp/tmpt6pexd9q']
[2024-03-20 22:35:05,362] {standard_task_runner.py:52} INFO - Started process 26024 to run task
[2024-03-20 22:35:05,364] {standard_task_runner.py:77} INFO - Job 7689: Subtask transform_into_fulldata.csv
[2024-03-20 22:35:05,477] {logging_mixin.py:104} INFO - Running <TaskInstance: ***_exam.transform_into_fulldata.csv 2024-03-20T22:34:00+00:00 [running]> on host 3a3d0401ac26
[2024-03-20 22:35:05,692] {taskinstance.py:1302} INFO - Exporting the following env vars:
AIRFLOW_CTX_DAG_OWNER=***
AIRFLOW_CTX_DAG_ID=***_exam
AIRFLOW_CTX_TASK_ID=transform_into_fulldata.csv
AIRFLOW_CTX_EXECUTION_DATE=2024-03-20T22:34:00+00:00
AIRFLOW_CTX_DAG_RUN_ID=scheduled__2024-03-20T22:34:00+00:00
[2024-03-20 22:35:05,914] {logging_mixin.py:104} INFO - 
[2024-03-20 22:35:05,960] {logging_mixin.py:104} INFO -     temperature        city  pression              date
0       286.45       Paris      1020  2024-03-20 22:35
1       285.25      London      1021  2024-03-20 22:35
2       290.46  Washington      1007  2024-03-20 22:35
3       286.46       Paris      1020  2024-03-20 22:34
4       285.26      London      1021  2024-03-20 22:34
5       290.68  Washington      1007  2024-03-20 22:34
6       286.46       Paris      1020  2024-03-20 22:33
7       285.26      London      1021  2024-03-20 22:33
8       290.68  Washington      1007  2024-03-20 22:33
9       286.46       Paris      1020  2024-03-20 22:32
[2024-03-20 22:35:05,987] {python.py:151} INFO - Done. Returned value was: None
[2024-03-20 22:35:06,010] {taskinstance.py:1211} INFO - Marking task as SUCCESS. dag_id=***_exam, task_id=transform_into_fulldata.csv, execution_date=20240320T223400, start_date=20240320T223505, end_date=20240320T223506
[2024-03-20 22:35:06,091] {taskinstance.py:1265} INFO - 3 downstream tasks scheduled from follow-on schedule check
[2024-03-20 22:35:06,155] {local_task_job.py:151} INFO - Task exited with return code 0
