[2024-03-15 18:09:04,389] {taskinstance.py:896} INFO - Dependencies all met for <TaskInstance: airflow_exam.transform_into_fulldata.csv 2024-03-15T18:08:00+00:00 [queued]>
[2024-03-15 18:09:04,413] {taskinstance.py:896} INFO - Dependencies all met for <TaskInstance: airflow_exam.transform_into_fulldata.csv 2024-03-15T18:08:00+00:00 [queued]>
[2024-03-15 18:09:04,413] {taskinstance.py:1087} INFO - 
--------------------------------------------------------------------------------
[2024-03-15 18:09:04,413] {taskinstance.py:1088} INFO - Starting attempt 1 of 1
[2024-03-15 18:09:04,413] {taskinstance.py:1089} INFO - 
--------------------------------------------------------------------------------
[2024-03-15 18:09:04,425] {taskinstance.py:1107} INFO - Executing <Task(PythonOperator): transform_into_fulldata.csv> on 2024-03-15T18:08:00+00:00
[2024-03-15 18:09:04,432] {standard_task_runner.py:52} INFO - Started process 42289 to run task
[2024-03-15 18:09:04,436] {standard_task_runner.py:76} INFO - Running: ['***', 'tasks', 'run', '***_exam', 'transform_into_fulldata.csv', '2024-03-15T18:08:00+00:00', '--job-id', '3215', '--pool', 'default_pool', '--raw', '--subdir', 'DAGS_FOLDER/DAG.py', '--cfg-path', '/tmp/tmpt_l43jig', '--error-file', '/tmp/tmpodc3elfg']
[2024-03-15 18:09:04,437] {standard_task_runner.py:77} INFO - Job 3215: Subtask transform_into_fulldata.csv
[2024-03-15 18:09:04,501] {logging_mixin.py:104} INFO - Running <TaskInstance: ***_exam.transform_into_fulldata.csv 2024-03-15T18:08:00+00:00 [running]> on host 3a3d0401ac26
[2024-03-15 18:09:04,577] {taskinstance.py:1302} INFO - Exporting the following env vars:
AIRFLOW_CTX_DAG_OWNER=***
AIRFLOW_CTX_DAG_ID=***_exam
AIRFLOW_CTX_TASK_ID=transform_into_fulldata.csv
AIRFLOW_CTX_EXECUTION_DATE=2024-03-15T18:08:00+00:00
AIRFLOW_CTX_DAG_RUN_ID=scheduled__2024-03-15T18:08:00+00:00
[2024-03-15 18:09:04,616] {logging_mixin.py:104} INFO - 
[2024-03-15 18:09:04,650] {logging_mixin.py:104} INFO -     temperature        city  pression              date
0       286.85       Paris      1011  2024-03-15 18:09
1       285.82      London      1005  2024-03-15 18:09
2       282.75  Washington      1026  2024-03-15 18:09
3       286.88       Paris      1011  2024-03-15 18:08
4       285.76      London      1005  2024-03-15 18:08
5       281.12  Washington      1026  2024-03-15 18:08
6       286.88       Paris      1011  2024-03-15 18:07
7       285.76      London      1005  2024-03-15 18:07
8       281.12  Washington      1026  2024-03-15 18:07
9       286.88       Paris      1011  2024-03-15 18:06
[2024-03-15 18:09:04,658] {python.py:151} INFO - Done. Returned value was: None
[2024-03-15 18:09:04,671] {taskinstance.py:1211} INFO - Marking task as SUCCESS. dag_id=***_exam, task_id=transform_into_fulldata.csv, execution_date=20240315T180800, start_date=20240315T180904, end_date=20240315T180904
[2024-03-15 18:09:04,710] {taskinstance.py:1265} INFO - 3 downstream tasks scheduled from follow-on schedule check
[2024-03-15 18:09:04,729] {local_task_job.py:151} INFO - Task exited with return code 0
