[2024-03-15 17:26:05,122] {taskinstance.py:896} INFO - Dependencies all met for <TaskInstance: airflow_exam.transform_into_fulldata.csv 2024-03-15T17:25:00+00:00 [queued]>
[2024-03-15 17:26:05,151] {taskinstance.py:896} INFO - Dependencies all met for <TaskInstance: airflow_exam.transform_into_fulldata.csv 2024-03-15T17:25:00+00:00 [queued]>
[2024-03-15 17:26:05,151] {taskinstance.py:1087} INFO - 
--------------------------------------------------------------------------------
[2024-03-15 17:26:05,151] {taskinstance.py:1088} INFO - Starting attempt 1 of 1
[2024-03-15 17:26:05,151] {taskinstance.py:1089} INFO - 
--------------------------------------------------------------------------------
[2024-03-15 17:26:05,167] {taskinstance.py:1107} INFO - Executing <Task(PythonOperator): transform_into_fulldata.csv> on 2024-03-15T17:25:00+00:00
[2024-03-15 17:26:05,178] {standard_task_runner.py:52} INFO - Started process 33498 to run task
[2024-03-15 17:26:05,183] {standard_task_runner.py:76} INFO - Running: ['***', 'tasks', 'run', '***_exam', 'transform_into_fulldata.csv', '2024-03-15T17:25:00+00:00', '--job-id', '2915', '--pool', 'default_pool', '--raw', '--subdir', 'DAGS_FOLDER/DAG.py', '--cfg-path', '/tmp/tmpaampfmez', '--error-file', '/tmp/tmpb69zlo7g']
[2024-03-15 17:26:05,183] {standard_task_runner.py:77} INFO - Job 2915: Subtask transform_into_fulldata.csv
[2024-03-15 17:26:05,240] {logging_mixin.py:104} INFO - Running <TaskInstance: ***_exam.transform_into_fulldata.csv 2024-03-15T17:25:00+00:00 [running]> on host 3a3d0401ac26
[2024-03-15 17:26:05,304] {taskinstance.py:1302} INFO - Exporting the following env vars:
AIRFLOW_CTX_DAG_OWNER=***
AIRFLOW_CTX_DAG_ID=***_exam
AIRFLOW_CTX_TASK_ID=transform_into_fulldata.csv
AIRFLOW_CTX_EXECUTION_DATE=2024-03-15T17:25:00+00:00
AIRFLOW_CTX_DAG_RUN_ID=scheduled__2024-03-15T17:25:00+00:00
[2024-03-15 17:26:05,329] {logging_mixin.py:104} INFO - 
[2024-03-15 17:26:05,348] {logging_mixin.py:104} INFO -     temperature        city  pression              date
0       287.24       Paris      1011  2024-03-15 17:26
1       286.44      London      1005  2024-03-15 17:26
2       279.41  Washington      1026  2024-03-15 17:26
3       287.24       Paris      1011  2024-03-15 17:25
4       286.44      London      1005  2024-03-15 17:25
5       279.41  Washington      1026  2024-03-15 17:25
6       287.24       Paris      1011  2024-03-15 17:24
7       286.44      London      1005  2024-03-15 17:24
8       281.24  Washington      1026  2024-03-15 17:24
9       287.24       Paris      1011  2024-03-15 17:23
[2024-03-15 17:26:05,355] {python.py:151} INFO - Done. Returned value was: None
[2024-03-15 17:26:05,368] {taskinstance.py:1211} INFO - Marking task as SUCCESS. dag_id=***_exam, task_id=transform_into_fulldata.csv, execution_date=20240315T172500, start_date=20240315T172605, end_date=20240315T172605
[2024-03-15 17:26:05,405] {taskinstance.py:1265} INFO - 3 downstream tasks scheduled from follow-on schedule check
[2024-03-15 17:26:05,434] {local_task_job.py:151} INFO - Task exited with return code 0
