[2024-03-21 00:29:31,098] {taskinstance.py:896} INFO - Dependencies all met for <TaskInstance: airflow_exam.transform_into_fulldata.csv 2024-03-21T00:20:00+00:00 [queued]>
[2024-03-21 00:29:31,197] {taskinstance.py:896} INFO - Dependencies all met for <TaskInstance: airflow_exam.transform_into_fulldata.csv 2024-03-21T00:20:00+00:00 [queued]>
[2024-03-21 00:29:31,197] {taskinstance.py:1087} INFO - 
--------------------------------------------------------------------------------
[2024-03-21 00:29:31,197] {taskinstance.py:1088} INFO - Starting attempt 1 of 1
[2024-03-21 00:29:31,197] {taskinstance.py:1089} INFO - 
--------------------------------------------------------------------------------
[2024-03-21 00:29:31,253] {taskinstance.py:1107} INFO - Executing <Task(PythonOperator): transform_into_fulldata.csv> on 2024-03-21T00:20:00+00:00
[2024-03-21 00:29:31,276] {standard_task_runner.py:52} INFO - Started process 514 to run task
[2024-03-21 00:29:31,283] {standard_task_runner.py:76} INFO - Running: ['***', 'tasks', 'run', '***_exam', 'transform_into_fulldata.csv', '2024-03-21T00:20:00+00:00', '--job-id', '8345', '--pool', 'default_pool', '--raw', '--subdir', 'DAGS_FOLDER/DAG.py', '--cfg-path', '/tmp/tmpjcdn5mvi', '--error-file', '/tmp/tmpdudnhnzb']
[2024-03-21 00:29:31,284] {standard_task_runner.py:77} INFO - Job 8345: Subtask transform_into_fulldata.csv
[2024-03-21 00:29:31,451] {logging_mixin.py:104} INFO - Running <TaskInstance: ***_exam.transform_into_fulldata.csv 2024-03-21T00:20:00+00:00 [running]> on host 3a3d0401ac26
[2024-03-21 00:29:31,824] {taskinstance.py:1302} INFO - Exporting the following env vars:
AIRFLOW_CTX_DAG_OWNER=***
AIRFLOW_CTX_DAG_ID=***_exam
AIRFLOW_CTX_TASK_ID=transform_into_fulldata.csv
AIRFLOW_CTX_EXECUTION_DATE=2024-03-21T00:20:00+00:00
AIRFLOW_CTX_DAG_RUN_ID=scheduled__2024-03-21T00:20:00+00:00
[2024-03-21 00:29:33,633] {logging_mixin.py:104} INFO - 
[2024-03-21 00:29:33,879] {logging_mixin.py:104} INFO -     temperature        city  pression              date
0       285.74       Paris      1021  2024-03-21 00:29
1       284.38      London      1022  2024-03-21 00:29
2       290.28  Washington      1007  2024-03-21 00:29
3       286.15       Paris      1021  2024-03-21 00:03
4       284.66      London      1022  2024-03-21 00:03
5       289.60  Washington      1007  2024-03-21 00:03
6       286.15       Paris      1021  2024-03-21 00:02
7       284.66      London      1022  2024-03-21 00:02
8       289.60  Washington      1007  2024-03-21 00:02
9       286.15       Paris      1021  2024-03-21 00:00
[2024-03-21 00:29:34,038] {python.py:151} INFO - Done. Returned value was: None
[2024-03-21 00:29:34,118] {taskinstance.py:1211} INFO - Marking task as SUCCESS. dag_id=***_exam, task_id=transform_into_fulldata.csv, execution_date=20240321T002000, start_date=20240321T002931, end_date=20240321T002934
[2024-03-21 00:29:34,304] {taskinstance.py:1265} INFO - 3 downstream tasks scheduled from follow-on schedule check
[2024-03-21 00:29:34,386] {local_task_job.py:151} INFO - Task exited with return code 0
