[2024-03-15 23:57:04,911] {taskinstance.py:896} INFO - Dependencies all met for <TaskInstance: airflow_exam.transform_into_data.csv 2024-03-15T23:56:00+00:00 [queued]>
[2024-03-15 23:57:04,945] {taskinstance.py:896} INFO - Dependencies all met for <TaskInstance: airflow_exam.transform_into_data.csv 2024-03-15T23:56:00+00:00 [queued]>
[2024-03-15 23:57:04,946] {taskinstance.py:1087} INFO - 
--------------------------------------------------------------------------------
[2024-03-15 23:57:04,946] {taskinstance.py:1088} INFO - Starting attempt 1 of 1
[2024-03-15 23:57:04,946] {taskinstance.py:1089} INFO - 
--------------------------------------------------------------------------------
[2024-03-15 23:57:04,969] {taskinstance.py:1107} INFO - Executing <Task(PythonOperator): transform_into_data.csv> on 2024-03-15T23:56:00+00:00
[2024-03-15 23:57:04,982] {standard_task_runner.py:52} INFO - Started process 95434 to run task
[2024-03-15 23:57:04,988] {standard_task_runner.py:76} INFO - Running: ['***', 'tasks', 'run', '***_exam', 'transform_into_data.csv', '2024-03-15T23:56:00+00:00', '--job-id', '5057', '--pool', 'default_pool', '--raw', '--subdir', 'DAGS_FOLDER/DAG.py', '--cfg-path', '/tmp/tmpj2h2bbxu', '--error-file', '/tmp/tmp1i9yvoe9']
[2024-03-15 23:57:04,988] {standard_task_runner.py:77} INFO - Job 5057: Subtask transform_into_data.csv
[2024-03-15 23:57:05,070] {logging_mixin.py:104} INFO - Running <TaskInstance: ***_exam.transform_into_data.csv 2024-03-15T23:56:00+00:00 [running]> on host 3a3d0401ac26
[2024-03-15 23:57:05,173] {taskinstance.py:1302} INFO - Exporting the following env vars:
AIRFLOW_CTX_DAG_OWNER=***
AIRFLOW_CTX_DAG_ID=***_exam
AIRFLOW_CTX_TASK_ID=transform_into_data.csv
AIRFLOW_CTX_EXECUTION_DATE=2024-03-15T23:56:00+00:00
AIRFLOW_CTX_DAG_RUN_ID=scheduled__2024-03-15T23:56:00+00:00
[2024-03-15 23:57:05,184] {logging_mixin.py:104} INFO - 
[2024-03-15 23:57:05,225] {logging_mixin.py:104} INFO -     temperature        city  pression              date
0       284.85       Paris      1015  2024-03-15 23:57
1       281.61      London      1012  2024-03-15 23:57
2       289.48  Washington      1021  2024-03-15 23:57
3       284.96       Paris      1015  2024-03-15 23:56
4       281.73      London      1012  2024-03-15 23:56
5       289.37  Washington      1021  2024-03-15 23:56
6       284.96       Paris      1015  2024-03-15 23:55
7       281.73      London      1012  2024-03-15 23:55
8       289.37  Washington      1021  2024-03-15 23:55
9       284.96       Paris      1015  2024-03-15 23:54
[2024-03-15 23:57:05,231] {python.py:151} INFO - Done. Returned value was: None
[2024-03-15 23:57:05,252] {taskinstance.py:1211} INFO - Marking task as SUCCESS. dag_id=***_exam, task_id=transform_into_data.csv, execution_date=20240315T235600, start_date=20240315T235704, end_date=20240315T235705
[2024-03-15 23:57:05,312] {taskinstance.py:1265} INFO - 0 downstream tasks scheduled from follow-on schedule check
[2024-03-15 23:57:05,363] {local_task_job.py:151} INFO - Task exited with return code 0
