[2024-03-20 21:04:04,308] {taskinstance.py:896} INFO - Dependencies all met for <TaskInstance: airflow_exam.transform_into_fulldata.csv 2024-03-20T21:03:00+00:00 [queued]>
[2024-03-20 21:04:04,326] {taskinstance.py:896} INFO - Dependencies all met for <TaskInstance: airflow_exam.transform_into_fulldata.csv 2024-03-20T21:03:00+00:00 [queued]>
[2024-03-20 21:04:04,326] {taskinstance.py:1087} INFO - 
--------------------------------------------------------------------------------
[2024-03-20 21:04:04,326] {taskinstance.py:1088} INFO - Starting attempt 1 of 1
[2024-03-20 21:04:04,326] {taskinstance.py:1089} INFO - 
--------------------------------------------------------------------------------
[2024-03-20 21:04:04,351] {taskinstance.py:1107} INFO - Executing <Task(PythonOperator): transform_into_fulldata.csv> on 2024-03-20T21:03:00+00:00
[2024-03-20 21:04:04,363] {standard_task_runner.py:52} INFO - Started process 7295 to run task
[2024-03-20 21:04:04,368] {standard_task_runner.py:76} INFO - Running: ['***', 'tasks', 'run', '***_exam', 'transform_into_fulldata.csv', '2024-03-20T21:03:00+00:00', '--job-id', '7066', '--pool', 'default_pool', '--raw', '--subdir', 'DAGS_FOLDER/DAG.py', '--cfg-path', '/tmp/tmp5ehjd_9w', '--error-file', '/tmp/tmp545phe83']
[2024-03-20 21:04:04,369] {standard_task_runner.py:77} INFO - Job 7066: Subtask transform_into_fulldata.csv
[2024-03-20 21:04:04,433] {logging_mixin.py:104} INFO - Running <TaskInstance: ***_exam.transform_into_fulldata.csv 2024-03-20T21:03:00+00:00 [running]> on host 3a3d0401ac26
[2024-03-20 21:04:04,559] {taskinstance.py:1302} INFO - Exporting the following env vars:
AIRFLOW_CTX_DAG_OWNER=***
AIRFLOW_CTX_DAG_ID=***_exam
AIRFLOW_CTX_TASK_ID=transform_into_fulldata.csv
AIRFLOW_CTX_EXECUTION_DATE=2024-03-20T21:03:00+00:00
AIRFLOW_CTX_DAG_RUN_ID=scheduled__2024-03-20T21:03:00+00:00
[2024-03-20 21:04:04,659] {logging_mixin.py:104} INFO - 
[2024-03-20 21:04:04,689] {logging_mixin.py:104} INFO -     temperature        city  pression              date
0       286.50       Paris      1019  2024-03-20 21:04
1       286.45      London      1020  2024-03-20 21:04
2       290.65  Washington      1008  2024-03-20 21:04
3       286.50       Paris      1019  2024-03-20 21:03
4       286.45      London      1020  2024-03-20 21:03
5       290.65  Washington      1008  2024-03-20 21:03
6       286.50       Paris      1019  2024-03-20 21:02
7       286.45      London      1020  2024-03-20 21:02
8       290.65  Washington      1008  2024-03-20 21:02
9       286.50       Paris      1019  2024-03-20 21:01
[2024-03-20 21:04:04,705] {python.py:151} INFO - Done. Returned value was: None
[2024-03-20 21:04:04,717] {taskinstance.py:1211} INFO - Marking task as SUCCESS. dag_id=***_exam, task_id=transform_into_fulldata.csv, execution_date=20240320T210300, start_date=20240320T210404, end_date=20240320T210404
[2024-03-20 21:04:04,753] {taskinstance.py:1265} INFO - 3 downstream tasks scheduled from follow-on schedule check
[2024-03-20 21:04:04,781] {local_task_job.py:151} INFO - Task exited with return code 0
