[2024-03-15 18:16:05,270] {taskinstance.py:896} INFO - Dependencies all met for <TaskInstance: airflow_exam.transform_into_data.csv 2024-03-15T18:15:00+00:00 [queued]>
[2024-03-15 18:16:05,309] {taskinstance.py:896} INFO - Dependencies all met for <TaskInstance: airflow_exam.transform_into_data.csv 2024-03-15T18:15:00+00:00 [queued]>
[2024-03-15 18:16:05,310] {taskinstance.py:1087} INFO - 
--------------------------------------------------------------------------------
[2024-03-15 18:16:05,310] {taskinstance.py:1088} INFO - Starting attempt 1 of 1
[2024-03-15 18:16:05,310] {taskinstance.py:1089} INFO - 
--------------------------------------------------------------------------------
[2024-03-15 18:16:05,335] {taskinstance.py:1107} INFO - Executing <Task(PythonOperator): transform_into_data.csv> on 2024-03-15T18:15:00+00:00
[2024-03-15 18:16:05,347] {standard_task_runner.py:52} INFO - Started process 43712 to run task
[2024-03-15 18:16:05,352] {standard_task_runner.py:76} INFO - Running: ['***', 'tasks', 'run', '***_exam', 'transform_into_data.csv', '2024-03-15T18:15:00+00:00', '--job-id', '3264', '--pool', 'default_pool', '--raw', '--subdir', 'DAGS_FOLDER/DAG.py', '--cfg-path', '/tmp/tmpsoibvtpf', '--error-file', '/tmp/tmpds3dd_na']
[2024-03-15 18:16:05,352] {standard_task_runner.py:77} INFO - Job 3264: Subtask transform_into_data.csv
[2024-03-15 18:16:05,420] {logging_mixin.py:104} INFO - Running <TaskInstance: ***_exam.transform_into_data.csv 2024-03-15T18:15:00+00:00 [running]> on host 3a3d0401ac26
[2024-03-15 18:16:05,519] {taskinstance.py:1302} INFO - Exporting the following env vars:
AIRFLOW_CTX_DAG_OWNER=***
AIRFLOW_CTX_DAG_ID=***_exam
AIRFLOW_CTX_TASK_ID=transform_into_data.csv
AIRFLOW_CTX_EXECUTION_DATE=2024-03-15T18:15:00+00:00
AIRFLOW_CTX_DAG_RUN_ID=scheduled__2024-03-15T18:15:00+00:00
[2024-03-15 18:16:05,528] {logging_mixin.py:104} INFO - 
[2024-03-15 18:16:05,569] {logging_mixin.py:104} INFO -     temperature        city  pression              date
0       286.75       Paris      1012  2024-03-15 18:16
1       285.62      London      1005  2024-03-15 18:16
2       281.12  Washington      1026  2024-03-15 18:16
3       286.75       Paris      1012  2024-03-15 18:15
4       285.62      London      1005  2024-03-15 18:15
5       281.12  Washington      1026  2024-03-15 18:15
6       286.75       Paris      1012  2024-03-15 18:14
7       285.62      London      1005  2024-03-15 18:14
8       281.12  Washington      1026  2024-03-15 18:14
9       286.75       Paris      1012  2024-03-15 18:13
[2024-03-15 18:16:05,577] {python.py:151} INFO - Done. Returned value was: None
[2024-03-15 18:16:05,595] {taskinstance.py:1211} INFO - Marking task as SUCCESS. dag_id=***_exam, task_id=transform_into_data.csv, execution_date=20240315T181500, start_date=20240315T181605, end_date=20240315T181605
[2024-03-15 18:16:05,646] {taskinstance.py:1265} INFO - 0 downstream tasks scheduled from follow-on schedule check
[2024-03-15 18:16:05,684] {local_task_job.py:151} INFO - Task exited with return code 0
