[2024-03-15 23:51:04,228] {taskinstance.py:896} INFO - Dependencies all met for <TaskInstance: airflow_exam.transform_into_data.csv 2024-03-15T23:50:00+00:00 [queued]>
[2024-03-15 23:51:04,259] {taskinstance.py:896} INFO - Dependencies all met for <TaskInstance: airflow_exam.transform_into_data.csv 2024-03-15T23:50:00+00:00 [queued]>
[2024-03-15 23:51:04,259] {taskinstance.py:1087} INFO - 
--------------------------------------------------------------------------------
[2024-03-15 23:51:04,260] {taskinstance.py:1088} INFO - Starting attempt 1 of 1
[2024-03-15 23:51:04,260] {taskinstance.py:1089} INFO - 
--------------------------------------------------------------------------------
[2024-03-15 23:51:04,278] {taskinstance.py:1107} INFO - Executing <Task(PythonOperator): transform_into_data.csv> on 2024-03-15T23:50:00+00:00
[2024-03-15 23:51:04,290] {standard_task_runner.py:52} INFO - Started process 94198 to run task
[2024-03-15 23:51:04,294] {standard_task_runner.py:76} INFO - Running: ['***', 'tasks', 'run', '***_exam', 'transform_into_data.csv', '2024-03-15T23:50:00+00:00', '--job-id', '5016', '--pool', 'default_pool', '--raw', '--subdir', 'DAGS_FOLDER/DAG.py', '--cfg-path', '/tmp/tmpxlozev3r', '--error-file', '/tmp/tmp880h3fru']
[2024-03-15 23:51:04,294] {standard_task_runner.py:77} INFO - Job 5016: Subtask transform_into_data.csv
[2024-03-15 23:51:04,363] {logging_mixin.py:104} INFO - Running <TaskInstance: ***_exam.transform_into_data.csv 2024-03-15T23:50:00+00:00 [running]> on host 3a3d0401ac26
[2024-03-15 23:51:04,459] {taskinstance.py:1302} INFO - Exporting the following env vars:
AIRFLOW_CTX_DAG_OWNER=***
AIRFLOW_CTX_DAG_ID=***_exam
AIRFLOW_CTX_TASK_ID=transform_into_data.csv
AIRFLOW_CTX_EXECUTION_DATE=2024-03-15T23:50:00+00:00
AIRFLOW_CTX_DAG_RUN_ID=scheduled__2024-03-15T23:50:00+00:00
[2024-03-15 23:51:04,470] {logging_mixin.py:104} INFO - 
[2024-03-15 23:51:04,523] {logging_mixin.py:104} INFO -     temperature        city  pression              date
0       284.96       Paris      1015  2024-03-15 23:51
1       281.73      London      1012  2024-03-15 23:51
2       289.37  Washington      1021  2024-03-15 23:51
3       284.96       Paris      1015  2024-03-15 23:50
4       281.86      London      1012  2024-03-15 23:50
5       289.37  Washington      1021  2024-03-15 23:50
6       284.96       Paris      1015  2024-03-15 23:49
7       281.86      London      1012  2024-03-15 23:49
8       289.37  Washington      1021  2024-03-15 23:49
9       284.96       Paris      1015  2024-03-15 23:48
[2024-03-15 23:51:04,530] {python.py:151} INFO - Done. Returned value was: None
[2024-03-15 23:51:04,549] {taskinstance.py:1211} INFO - Marking task as SUCCESS. dag_id=***_exam, task_id=transform_into_data.csv, execution_date=20240315T235000, start_date=20240315T235104, end_date=20240315T235104
[2024-03-15 23:51:04,605] {taskinstance.py:1265} INFO - 0 downstream tasks scheduled from follow-on schedule check
[2024-03-15 23:51:04,628] {local_task_job.py:151} INFO - Task exited with return code 0
