[2024-03-15 23:24:04,258] {taskinstance.py:896} INFO - Dependencies all met for <TaskInstance: airflow_exam.transform_into_fulldata.csv 2024-03-15T23:23:00+00:00 [queued]>
[2024-03-15 23:24:04,282] {taskinstance.py:896} INFO - Dependencies all met for <TaskInstance: airflow_exam.transform_into_fulldata.csv 2024-03-15T23:23:00+00:00 [queued]>
[2024-03-15 23:24:04,282] {taskinstance.py:1087} INFO - 
--------------------------------------------------------------------------------
[2024-03-15 23:24:04,282] {taskinstance.py:1088} INFO - Starting attempt 1 of 1
[2024-03-15 23:24:04,282] {taskinstance.py:1089} INFO - 
--------------------------------------------------------------------------------
[2024-03-15 23:24:04,296] {taskinstance.py:1107} INFO - Executing <Task(PythonOperator): transform_into_fulldata.csv> on 2024-03-15T23:23:00+00:00
[2024-03-15 23:24:04,304] {standard_task_runner.py:52} INFO - Started process 88683 to run task
[2024-03-15 23:24:04,307] {standard_task_runner.py:76} INFO - Running: ['***', 'tasks', 'run', '***_exam', 'transform_into_fulldata.csv', '2024-03-15T23:23:00+00:00', '--job-id', '4826', '--pool', 'default_pool', '--raw', '--subdir', 'DAGS_FOLDER/DAG.py', '--cfg-path', '/tmp/tmp7fbyewxb', '--error-file', '/tmp/tmp9e6qml50']
[2024-03-15 23:24:04,308] {standard_task_runner.py:77} INFO - Job 4826: Subtask transform_into_fulldata.csv
[2024-03-15 23:24:04,362] {logging_mixin.py:104} INFO - Running <TaskInstance: ***_exam.transform_into_fulldata.csv 2024-03-15T23:23:00+00:00 [running]> on host 3a3d0401ac26
[2024-03-15 23:24:04,433] {taskinstance.py:1302} INFO - Exporting the following env vars:
AIRFLOW_CTX_DAG_OWNER=***
AIRFLOW_CTX_DAG_ID=***_exam
AIRFLOW_CTX_TASK_ID=transform_into_fulldata.csv
AIRFLOW_CTX_EXECUTION_DATE=2024-03-15T23:23:00+00:00
AIRFLOW_CTX_DAG_RUN_ID=scheduled__2024-03-15T23:23:00+00:00
[2024-03-15 23:24:04,500] {logging_mixin.py:104} INFO - 
[2024-03-15 23:24:04,523] {logging_mixin.py:104} INFO -     temperature        city  pression              date
0       284.95       Paris      1015  2024-03-15 23:24
1       282.19      London      1012  2024-03-15 23:24
2       289.63  Washington      1022  2024-03-15 23:24
3       285.10       Paris      1015  2024-03-15 23:23
4       282.16      London      1012  2024-03-15 23:23
5       289.47  Washington      1022  2024-03-15 23:23
6       285.10       Paris      1015  2024-03-15 23:22
7       282.23      London      1012  2024-03-15 23:22
8       289.47  Washington      1022  2024-03-15 23:22
9       285.10       Paris      1015  2024-03-15 23:21
[2024-03-15 23:24:04,537] {python.py:151} INFO - Done. Returned value was: None
[2024-03-15 23:24:04,550] {taskinstance.py:1211} INFO - Marking task as SUCCESS. dag_id=***_exam, task_id=transform_into_fulldata.csv, execution_date=20240315T232300, start_date=20240315T232404, end_date=20240315T232404
[2024-03-15 23:24:04,599] {taskinstance.py:1265} INFO - 3 downstream tasks scheduled from follow-on schedule check
[2024-03-15 23:24:04,640] {local_task_job.py:151} INFO - Task exited with return code 0
