[2023-10-07 15:53:42,704] {taskinstance.py:896} INFO - Dependencies all met for <TaskInstance: airflow_exam.transform_into_fulldata.csv 2023-10-07T15:33:00+00:00 [queued]>
[2023-10-07 15:53:42,800] {taskinstance.py:896} INFO - Dependencies all met for <TaskInstance: airflow_exam.transform_into_fulldata.csv 2023-10-07T15:33:00+00:00 [queued]>
[2023-10-07 15:53:42,800] {taskinstance.py:1087} INFO - 
--------------------------------------------------------------------------------
[2023-10-07 15:53:42,800] {taskinstance.py:1088} INFO - Starting attempt 1 of 1
[2023-10-07 15:53:42,800] {taskinstance.py:1089} INFO - 
--------------------------------------------------------------------------------
[2023-10-07 15:53:42,825] {taskinstance.py:1107} INFO - Executing <Task(PythonOperator): transform_into_fulldata.csv> on 2023-10-07T15:33:00+00:00
[2023-10-07 15:53:42,852] {standard_task_runner.py:52} INFO - Started process 483 to run task
[2023-10-07 15:53:42,864] {standard_task_runner.py:76} INFO - Running: ['***', 'tasks', 'run', '***_exam', 'transform_into_fulldata.csv', '2023-10-07T15:33:00+00:00', '--job-id', '1172', '--pool', 'default_pool', '--raw', '--subdir', 'DAGS_FOLDER/DAG.py', '--cfg-path', '/tmp/tmpxgulheue', '--error-file', '/tmp/tmprdo_gb4d']
[2023-10-07 15:53:42,865] {standard_task_runner.py:77} INFO - Job 1172: Subtask transform_into_fulldata.csv
[2023-10-07 15:53:43,004] {logging_mixin.py:104} INFO - Running <TaskInstance: ***_exam.transform_into_fulldata.csv 2023-10-07T15:33:00+00:00 [running]> on host 3a3d0401ac26
[2023-10-07 15:53:43,183] {taskinstance.py:1302} INFO - Exporting the following env vars:
AIRFLOW_CTX_DAG_OWNER=***
AIRFLOW_CTX_DAG_ID=***_exam
AIRFLOW_CTX_TASK_ID=transform_into_fulldata.csv
AIRFLOW_CTX_EXECUTION_DATE=2023-10-07T15:33:00+00:00
AIRFLOW_CTX_DAG_RUN_ID=scheduled__2023-10-07T15:33:00+00:00
[2023-10-07 15:53:43,310] {logging_mixin.py:104} INFO - 
[2023-10-07 15:53:43,358] {logging_mixin.py:104} INFO -     temperature        city  pression              date
0       298.15       Paris      1026  2023-10-07 15:53
1       296.57      London      1022  2023-10-07 15:53
2       281.37  Washington      1019  2023-10-07 15:53
3       297.39       Paris      1026  2023-10-07 13:25
4       296.84      London      1023  2023-10-07 13:25
5       284.18  Washington      1020  2023-10-07 13:25
6       297.39       Paris      1026  2023-10-07 13:24
7       296.84      London      1023  2023-10-07 13:24
8       284.18  Washington      1020  2023-10-07 13:24
9       285.69       Paris      1026  2023-10-06 23:32
[2023-10-07 15:53:43,437] {python.py:151} INFO - Done. Returned value was: None
[2023-10-07 15:53:43,498] {taskinstance.py:1211} INFO - Marking task as SUCCESS. dag_id=***_exam, task_id=transform_into_fulldata.csv, execution_date=20231007T153300, start_date=20231007T155342, end_date=20231007T155343
[2023-10-07 15:53:43,647] {taskinstance.py:1265} INFO - 3 downstream tasks scheduled from follow-on schedule check
[2023-10-07 15:53:43,702] {local_task_job.py:151} INFO - Task exited with return code 0
