[2024-03-20 21:06:03,903] {taskinstance.py:896} INFO - Dependencies all met for <TaskInstance: airflow_exam.transform_into_data.csv 2024-03-20T21:05:00+00:00 [queued]>
[2024-03-20 21:06:03,924] {taskinstance.py:896} INFO - Dependencies all met for <TaskInstance: airflow_exam.transform_into_data.csv 2024-03-20T21:05:00+00:00 [queued]>
[2024-03-20 21:06:03,925] {taskinstance.py:1087} INFO - 
--------------------------------------------------------------------------------
[2024-03-20 21:06:03,925] {taskinstance.py:1088} INFO - Starting attempt 1 of 1
[2024-03-20 21:06:03,925] {taskinstance.py:1089} INFO - 
--------------------------------------------------------------------------------
[2024-03-20 21:06:03,955] {taskinstance.py:1107} INFO - Executing <Task(PythonOperator): transform_into_data.csv> on 2024-03-20T21:05:00+00:00
[2024-03-20 21:06:03,965] {standard_task_runner.py:52} INFO - Started process 7730 to run task
[2024-03-20 21:06:03,970] {standard_task_runner.py:76} INFO - Running: ['***', 'tasks', 'run', '***_exam', 'transform_into_data.csv', '2024-03-20T21:05:00+00:00', '--job-id', '7079', '--pool', 'default_pool', '--raw', '--subdir', 'DAGS_FOLDER/DAG.py', '--cfg-path', '/tmp/tmp6b0cuz8i', '--error-file', '/tmp/tmp5xiyh5t9']
[2024-03-20 21:06:03,971] {standard_task_runner.py:77} INFO - Job 7079: Subtask transform_into_data.csv
[2024-03-20 21:06:04,037] {logging_mixin.py:104} INFO - Running <TaskInstance: ***_exam.transform_into_data.csv 2024-03-20T21:05:00+00:00 [running]> on host 3a3d0401ac26
[2024-03-20 21:06:04,131] {taskinstance.py:1302} INFO - Exporting the following env vars:
AIRFLOW_CTX_DAG_OWNER=***
AIRFLOW_CTX_DAG_ID=***_exam
AIRFLOW_CTX_TASK_ID=transform_into_data.csv
AIRFLOW_CTX_EXECUTION_DATE=2024-03-20T21:05:00+00:00
AIRFLOW_CTX_DAG_RUN_ID=scheduled__2024-03-20T21:05:00+00:00
[2024-03-20 21:06:04,142] {logging_mixin.py:104} INFO - 
[2024-03-20 21:06:04,167] {logging_mixin.py:104} INFO -     temperature        city  pression              date
0       286.50       Paris      1019  2024-03-20 21:06
1       286.21      London      1020  2024-03-20 21:06
2       290.58  Washington      1008  2024-03-20 21:06
3       286.50       Paris      1019  2024-03-20 21:05
4       286.45      London      1020  2024-03-20 21:05
5       290.65  Washington      1008  2024-03-20 21:05
6       286.50       Paris      1019  2024-03-20 21:04
7       286.45      London      1020  2024-03-20 21:04
8       290.65  Washington      1008  2024-03-20 21:04
9       286.50       Paris      1019  2024-03-20 21:03
[2024-03-20 21:06:04,171] {python.py:151} INFO - Done. Returned value was: None
[2024-03-20 21:06:04,186] {taskinstance.py:1211} INFO - Marking task as SUCCESS. dag_id=***_exam, task_id=transform_into_data.csv, execution_date=20240320T210500, start_date=20240320T210603, end_date=20240320T210604
[2024-03-20 21:06:04,221] {taskinstance.py:1265} INFO - 0 downstream tasks scheduled from follow-on schedule check
[2024-03-20 21:06:04,261] {local_task_job.py:151} INFO - Task exited with return code 0
