[2024-03-15 23:58:04,621] {taskinstance.py:896} INFO - Dependencies all met for <TaskInstance: airflow_exam.transform_into_data.csv 2024-03-15T23:57:00+00:00 [queued]>
[2024-03-15 23:58:04,651] {taskinstance.py:896} INFO - Dependencies all met for <TaskInstance: airflow_exam.transform_into_data.csv 2024-03-15T23:57:00+00:00 [queued]>
[2024-03-15 23:58:04,652] {taskinstance.py:1087} INFO - 
--------------------------------------------------------------------------------
[2024-03-15 23:58:04,652] {taskinstance.py:1088} INFO - Starting attempt 1 of 1
[2024-03-15 23:58:04,652] {taskinstance.py:1089} INFO - 
--------------------------------------------------------------------------------
[2024-03-15 23:58:04,667] {taskinstance.py:1107} INFO - Executing <Task(PythonOperator): transform_into_data.csv> on 2024-03-15T23:57:00+00:00
[2024-03-15 23:58:04,678] {standard_task_runner.py:52} INFO - Started process 95643 to run task
[2024-03-15 23:58:04,682] {standard_task_runner.py:76} INFO - Running: ['***', 'tasks', 'run', '***_exam', 'transform_into_data.csv', '2024-03-15T23:57:00+00:00', '--job-id', '5065', '--pool', 'default_pool', '--raw', '--subdir', 'DAGS_FOLDER/DAG.py', '--cfg-path', '/tmp/tmp3gdb4jhy', '--error-file', '/tmp/tmpxzhgtocq']
[2024-03-15 23:58:04,683] {standard_task_runner.py:77} INFO - Job 5065: Subtask transform_into_data.csv
[2024-03-15 23:58:04,748] {logging_mixin.py:104} INFO - Running <TaskInstance: ***_exam.transform_into_data.csv 2024-03-15T23:57:00+00:00 [running]> on host 3a3d0401ac26
[2024-03-15 23:58:04,838] {taskinstance.py:1302} INFO - Exporting the following env vars:
AIRFLOW_CTX_DAG_OWNER=***
AIRFLOW_CTX_DAG_ID=***_exam
AIRFLOW_CTX_TASK_ID=transform_into_data.csv
AIRFLOW_CTX_EXECUTION_DATE=2024-03-15T23:57:00+00:00
AIRFLOW_CTX_DAG_RUN_ID=scheduled__2024-03-15T23:57:00+00:00
[2024-03-15 23:58:04,846] {logging_mixin.py:104} INFO - 
[2024-03-15 23:58:04,873] {logging_mixin.py:104} INFO -     temperature        city  pression              date
0       284.85       Paris      1015  2024-03-15 23:58
1       281.61      London      1012  2024-03-15 23:58
2       289.48  Washington      1021  2024-03-15 23:58
3       284.85       Paris      1015  2024-03-15 23:57
4       281.61      London      1012  2024-03-15 23:57
5       289.48  Washington      1021  2024-03-15 23:57
6       284.96       Paris      1015  2024-03-15 23:56
7       281.73      London      1012  2024-03-15 23:56
8       289.37  Washington      1021  2024-03-15 23:56
9       284.96       Paris      1015  2024-03-15 23:55
[2024-03-15 23:58:04,877] {python.py:151} INFO - Done. Returned value was: None
[2024-03-15 23:58:04,892] {taskinstance.py:1211} INFO - Marking task as SUCCESS. dag_id=***_exam, task_id=transform_into_data.csv, execution_date=20240315T235700, start_date=20240315T235804, end_date=20240315T235804
[2024-03-15 23:58:04,928] {taskinstance.py:1265} INFO - 0 downstream tasks scheduled from follow-on schedule check
[2024-03-15 23:58:04,974] {local_task_job.py:151} INFO - Task exited with return code 0
