[2024-03-15 22:23:06,984] {taskinstance.py:896} INFO - Dependencies all met for <TaskInstance: airflow_exam.transform_into_data.csv 2024-03-15T22:22:00+00:00 [queued]>
[2024-03-15 22:23:07,019] {taskinstance.py:896} INFO - Dependencies all met for <TaskInstance: airflow_exam.transform_into_data.csv 2024-03-15T22:22:00+00:00 [queued]>
[2024-03-15 22:23:07,019] {taskinstance.py:1087} INFO - 
--------------------------------------------------------------------------------
[2024-03-15 22:23:07,020] {taskinstance.py:1088} INFO - Starting attempt 1 of 1
[2024-03-15 22:23:07,020] {taskinstance.py:1089} INFO - 
--------------------------------------------------------------------------------
[2024-03-15 22:23:07,036] {taskinstance.py:1107} INFO - Executing <Task(PythonOperator): transform_into_data.csv> on 2024-03-15T22:22:00+00:00
[2024-03-15 22:23:07,047] {standard_task_runner.py:52} INFO - Started process 76251 to run task
[2024-03-15 22:23:07,053] {standard_task_runner.py:76} INFO - Running: ['***', 'tasks', 'run', '***_exam', 'transform_into_data.csv', '2024-03-15T22:22:00+00:00', '--job-id', '4400', '--pool', 'default_pool', '--raw', '--subdir', 'DAGS_FOLDER/DAG.py', '--cfg-path', '/tmp/tmp3ce5t0j6', '--error-file', '/tmp/tmpi93i7tpz']
[2024-03-15 22:23:07,053] {standard_task_runner.py:77} INFO - Job 4400: Subtask transform_into_data.csv
[2024-03-15 22:23:07,128] {logging_mixin.py:104} INFO - Running <TaskInstance: ***_exam.transform_into_data.csv 2024-03-15T22:22:00+00:00 [running]> on host 3a3d0401ac26
[2024-03-15 22:23:07,220] {taskinstance.py:1302} INFO - Exporting the following env vars:
AIRFLOW_CTX_DAG_OWNER=***
AIRFLOW_CTX_DAG_ID=***_exam
AIRFLOW_CTX_TASK_ID=transform_into_data.csv
AIRFLOW_CTX_EXECUTION_DATE=2024-03-15T22:22:00+00:00
AIRFLOW_CTX_DAG_RUN_ID=scheduled__2024-03-15T22:22:00+00:00
[2024-03-15 22:23:07,228] {logging_mixin.py:104} INFO - 
[2024-03-15 22:23:07,254] {logging_mixin.py:104} INFO -     temperature        city  pression              date
0       285.35       Paris      1014  2024-03-15 22:23
1       282.95      London      1011  2024-03-15 22:23
2       288.86  Washington      1022  2024-03-15 22:23
3       285.35       Paris      1014  2024-03-15 22:22
4       282.95      London      1011  2024-03-15 22:22
5       288.86  Washington      1022  2024-03-15 22:22
6       285.35       Paris      1014  2024-03-15 22:21
7       282.95      London      1011  2024-03-15 22:21
8       288.86  Washington      1022  2024-03-15 22:21
9       285.35       Paris      1014  2024-03-15 22:20
[2024-03-15 22:23:07,260] {python.py:151} INFO - Done. Returned value was: None
[2024-03-15 22:23:07,277] {taskinstance.py:1211} INFO - Marking task as SUCCESS. dag_id=***_exam, task_id=transform_into_data.csv, execution_date=20240315T222200, start_date=20240315T222306, end_date=20240315T222307
[2024-03-15 22:23:07,331] {taskinstance.py:1265} INFO - 0 downstream tasks scheduled from follow-on schedule check
[2024-03-15 22:23:07,345] {local_task_job.py:151} INFO - Task exited with return code 0
