[2024-03-20 22:44:05,733] {taskinstance.py:896} INFO - Dependencies all met for <TaskInstance: airflow_exam.transform_into_fulldata.csv 2024-03-20T22:43:00+00:00 [queued]>
[2024-03-20 22:44:05,748] {taskinstance.py:896} INFO - Dependencies all met for <TaskInstance: airflow_exam.transform_into_fulldata.csv 2024-03-20T22:43:00+00:00 [queued]>
[2024-03-20 22:44:05,749] {taskinstance.py:1087} INFO - 
--------------------------------------------------------------------------------
[2024-03-20 22:44:05,749] {taskinstance.py:1088} INFO - Starting attempt 1 of 1
[2024-03-20 22:44:05,749] {taskinstance.py:1089} INFO - 
--------------------------------------------------------------------------------
[2024-03-20 22:44:05,769] {taskinstance.py:1107} INFO - Executing <Task(PythonOperator): transform_into_fulldata.csv> on 2024-03-20T22:43:00+00:00
[2024-03-20 22:44:05,778] {standard_task_runner.py:52} INFO - Started process 27946 to run task
[2024-03-20 22:44:05,781] {standard_task_runner.py:76} INFO - Running: ['***', 'tasks', 'run', '***_exam', 'transform_into_fulldata.csv', '2024-03-20T22:43:00+00:00', '--job-id', '7751', '--pool', 'default_pool', '--raw', '--subdir', 'DAGS_FOLDER/DAG.py', '--cfg-path', '/tmp/tmpvtbe2fql', '--error-file', '/tmp/tmp1i9y1kjh']
[2024-03-20 22:44:05,781] {standard_task_runner.py:77} INFO - Job 7751: Subtask transform_into_fulldata.csv
[2024-03-20 22:44:05,830] {logging_mixin.py:104} INFO - Running <TaskInstance: ***_exam.transform_into_fulldata.csv 2024-03-20T22:43:00+00:00 [running]> on host 3a3d0401ac26
[2024-03-20 22:44:05,896] {taskinstance.py:1302} INFO - Exporting the following env vars:
AIRFLOW_CTX_DAG_OWNER=***
AIRFLOW_CTX_DAG_ID=***_exam
AIRFLOW_CTX_TASK_ID=transform_into_fulldata.csv
AIRFLOW_CTX_EXECUTION_DATE=2024-03-20T22:43:00+00:00
AIRFLOW_CTX_DAG_RUN_ID=scheduled__2024-03-20T22:43:00+00:00
[2024-03-20 22:44:05,966] {logging_mixin.py:104} INFO - 
[2024-03-20 22:44:05,984] {logging_mixin.py:104} INFO -     temperature        city  pression              date
0       286.53       Paris      1020  2024-03-20 22:44
1       285.19      London      1022  2024-03-20 22:44
2       290.25  Washington      1007  2024-03-20 22:44
3       286.53       Paris      1020  2024-03-20 22:43
4       285.18      London      1022  2024-03-20 22:43
5       290.46  Washington      1007  2024-03-20 22:43
6       286.53       Paris      1020  2024-03-20 22:42
7       285.18      London      1022  2024-03-20 22:42
8       290.46  Washington      1007  2024-03-20 22:42
9       286.53       Paris      1020  2024-03-20 22:41
[2024-03-20 22:44:05,996] {python.py:151} INFO - Done. Returned value was: None
[2024-03-20 22:44:06,008] {taskinstance.py:1211} INFO - Marking task as SUCCESS. dag_id=***_exam, task_id=transform_into_fulldata.csv, execution_date=20240320T224300, start_date=20240320T224405, end_date=20240320T224406
[2024-03-20 22:44:06,045] {taskinstance.py:1265} INFO - 3 downstream tasks scheduled from follow-on schedule check
[2024-03-20 22:44:06,074] {local_task_job.py:151} INFO - Task exited with return code 0
