[2024-03-21 18:46:04,575] {taskinstance.py:896} INFO - Dependencies all met for <TaskInstance: airflow_exam.transform_into_fulldata.csv 2024-03-21T18:45:00+00:00 [queued]>
[2024-03-21 18:46:04,602] {taskinstance.py:896} INFO - Dependencies all met for <TaskInstance: airflow_exam.transform_into_fulldata.csv 2024-03-21T18:45:00+00:00 [queued]>
[2024-03-21 18:46:04,602] {taskinstance.py:1087} INFO - 
--------------------------------------------------------------------------------
[2024-03-21 18:46:04,602] {taskinstance.py:1088} INFO - Starting attempt 1 of 1
[2024-03-21 18:46:04,602] {taskinstance.py:1089} INFO - 
--------------------------------------------------------------------------------
[2024-03-21 18:46:04,618] {taskinstance.py:1107} INFO - Executing <Task(PythonOperator): transform_into_fulldata.csv> on 2024-03-21T18:45:00+00:00
[2024-03-21 18:46:04,630] {standard_task_runner.py:52} INFO - Started process 39901 to run task
[2024-03-21 18:46:04,636] {standard_task_runner.py:76} INFO - Running: ['***', 'tasks', 'run', '***_exam', 'transform_into_fulldata.csv', '2024-03-21T18:45:00+00:00', '--job-id', '10346', '--pool', 'default_pool', '--raw', '--subdir', 'DAGS_FOLDER/DAG.py', '--cfg-path', '/tmp/tmpkykq6z10', '--error-file', '/tmp/tmpmseeirbk']
[2024-03-21 18:46:04,637] {standard_task_runner.py:77} INFO - Job 10346: Subtask transform_into_fulldata.csv
[2024-03-21 18:46:04,699] {logging_mixin.py:104} INFO - Running <TaskInstance: ***_exam.transform_into_fulldata.csv 2024-03-21T18:45:00+00:00 [running]> on host 3a3d0401ac26
[2024-03-21 18:46:04,784] {taskinstance.py:1302} INFO - Exporting the following env vars:
AIRFLOW_CTX_DAG_OWNER=***
AIRFLOW_CTX_DAG_ID=***_exam
AIRFLOW_CTX_TASK_ID=transform_into_fulldata.csv
AIRFLOW_CTX_EXECUTION_DATE=2024-03-21T18:45:00+00:00
AIRFLOW_CTX_DAG_RUN_ID=scheduled__2024-03-21T18:45:00+00:00
[2024-03-21 18:46:04,921] {logging_mixin.py:104} INFO - 
[2024-03-21 18:46:04,956] {logging_mixin.py:104} INFO -     temperature        city  pression              date
0       289.17       Paris      1025  2024-03-21 18:46
1       287.73      London      1022  2024-03-21 18:46
2       285.62  Washington      1014  2024-03-21 18:46
3       289.74       Paris      1025  2024-03-21 18:45
4       287.73      London      1022  2024-03-21 18:45
5       285.62  Washington      1014  2024-03-21 18:45
6       289.74       Paris      1025  2024-03-21 18:44
7       287.73      London      1022  2024-03-21 18:44
8       285.62  Washington      1014  2024-03-21 18:44
9       289.74       Paris      1025  2024-03-21 18:43
[2024-03-21 18:46:04,984] {python.py:151} INFO - Done. Returned value was: None
[2024-03-21 18:46:05,001] {taskinstance.py:1211} INFO - Marking task as SUCCESS. dag_id=***_exam, task_id=transform_into_fulldata.csv, execution_date=20240321T184500, start_date=20240321T184604, end_date=20240321T184605
[2024-03-21 18:46:05,059] {taskinstance.py:1265} INFO - 3 downstream tasks scheduled from follow-on schedule check
[2024-03-21 18:46:05,088] {local_task_job.py:151} INFO - Task exited with return code 0
