[2024-03-20 21:33:05,307] {taskinstance.py:896} INFO - Dependencies all met for <TaskInstance: airflow_exam.transform_into_data.csv 2024-03-20T21:32:00+00:00 [queued]>
[2024-03-20 21:33:05,327] {taskinstance.py:896} INFO - Dependencies all met for <TaskInstance: airflow_exam.transform_into_data.csv 2024-03-20T21:32:00+00:00 [queued]>
[2024-03-20 21:33:05,327] {taskinstance.py:1087} INFO - 
--------------------------------------------------------------------------------
[2024-03-20 21:33:05,327] {taskinstance.py:1088} INFO - Starting attempt 1 of 1
[2024-03-20 21:33:05,328] {taskinstance.py:1089} INFO - 
--------------------------------------------------------------------------------
[2024-03-20 21:33:05,348] {taskinstance.py:1107} INFO - Executing <Task(PythonOperator): transform_into_data.csv> on 2024-03-20T21:32:00+00:00
[2024-03-20 21:33:05,361] {standard_task_runner.py:52} INFO - Started process 12838 to run task
[2024-03-20 21:33:05,364] {standard_task_runner.py:76} INFO - Running: ['***', 'tasks', 'run', '***_exam', 'transform_into_data.csv', '2024-03-20T21:32:00+00:00', '--job-id', '7255', '--pool', 'default_pool', '--raw', '--subdir', 'DAGS_FOLDER/DAG.py', '--cfg-path', '/tmp/tmplq0sui3b', '--error-file', '/tmp/tmpbqbt74f1']
[2024-03-20 21:33:05,365] {standard_task_runner.py:77} INFO - Job 7255: Subtask transform_into_data.csv
[2024-03-20 21:33:05,427] {logging_mixin.py:104} INFO - Running <TaskInstance: ***_exam.transform_into_data.csv 2024-03-20T21:32:00+00:00 [running]> on host 3a3d0401ac26
[2024-03-20 21:33:05,510] {taskinstance.py:1302} INFO - Exporting the following env vars:
AIRFLOW_CTX_DAG_OWNER=***
AIRFLOW_CTX_DAG_ID=***_exam
AIRFLOW_CTX_TASK_ID=transform_into_data.csv
AIRFLOW_CTX_EXECUTION_DATE=2024-03-20T21:32:00+00:00
AIRFLOW_CTX_DAG_RUN_ID=scheduled__2024-03-20T21:32:00+00:00
[2024-03-20 21:33:05,519] {logging_mixin.py:104} INFO - 
[2024-03-20 21:33:05,546] {logging_mixin.py:104} INFO -     temperature        city  pression              date
0       286.57       Paris      1019  2024-03-20 21:33
1       285.81      London      1020  2024-03-20 21:33
2       291.01  Washington      1008  2024-03-20 21:33
3       286.57       Paris      1019  2024-03-20 21:32
4       285.81      London      1020  2024-03-20 21:32
5       291.01  Washington      1008  2024-03-20 21:32
6       286.57       Paris      1019  2024-03-20 21:31
7       285.81      London      1020  2024-03-20 21:31
8       291.01  Washington      1008  2024-03-20 21:31
9       286.57       Paris      1019  2024-03-20 21:30
[2024-03-20 21:33:05,553] {python.py:151} INFO - Done. Returned value was: None
[2024-03-20 21:33:05,569] {taskinstance.py:1211} INFO - Marking task as SUCCESS. dag_id=***_exam, task_id=transform_into_data.csv, execution_date=20240320T213200, start_date=20240320T213305, end_date=20240320T213305
[2024-03-20 21:33:05,618] {taskinstance.py:1265} INFO - 0 downstream tasks scheduled from follow-on schedule check
[2024-03-20 21:33:05,659] {local_task_job.py:151} INFO - Task exited with return code 0
