[2024-03-21 19:19:04,515] {taskinstance.py:896} INFO - Dependencies all met for <TaskInstance: airflow_exam.transform_into_data.csv 2024-03-21T19:18:00+00:00 [queued]>
[2024-03-21 19:19:04,537] {taskinstance.py:896} INFO - Dependencies all met for <TaskInstance: airflow_exam.transform_into_data.csv 2024-03-21T19:18:00+00:00 [queued]>
[2024-03-21 19:19:04,537] {taskinstance.py:1087} INFO - 
--------------------------------------------------------------------------------
[2024-03-21 19:19:04,537] {taskinstance.py:1088} INFO - Starting attempt 1 of 1
[2024-03-21 19:19:04,537] {taskinstance.py:1089} INFO - 
--------------------------------------------------------------------------------
[2024-03-21 19:19:04,550] {taskinstance.py:1107} INFO - Executing <Task(PythonOperator): transform_into_data.csv> on 2024-03-21T19:18:00+00:00
[2024-03-21 19:19:04,561] {standard_task_runner.py:52} INFO - Started process 46979 to run task
[2024-03-21 19:19:04,565] {standard_task_runner.py:76} INFO - Running: ['***', 'tasks', 'run', '***_exam', 'transform_into_data.csv', '2024-03-21T19:18:00+00:00', '--job-id', '10578', '--pool', 'default_pool', '--raw', '--subdir', 'DAGS_FOLDER/DAG.py', '--cfg-path', '/tmp/tmp7fdhtc4h', '--error-file', '/tmp/tmpkzl3i706']
[2024-03-21 19:19:04,566] {standard_task_runner.py:77} INFO - Job 10578: Subtask transform_into_data.csv
[2024-03-21 19:19:04,630] {logging_mixin.py:104} INFO - Running <TaskInstance: ***_exam.transform_into_data.csv 2024-03-21T19:18:00+00:00 [running]> on host 3a3d0401ac26
[2024-03-21 19:19:04,723] {taskinstance.py:1302} INFO - Exporting the following env vars:
AIRFLOW_CTX_DAG_OWNER=***
AIRFLOW_CTX_DAG_ID=***_exam
AIRFLOW_CTX_TASK_ID=transform_into_data.csv
AIRFLOW_CTX_EXECUTION_DATE=2024-03-21T19:18:00+00:00
AIRFLOW_CTX_DAG_RUN_ID=scheduled__2024-03-21T19:18:00+00:00
[2024-03-21 19:19:04,735] {logging_mixin.py:104} INFO - 
[2024-03-21 19:19:04,766] {logging_mixin.py:104} INFO -     temperature        city  pression              date
0       288.84       Paris      1025  2024-03-21 19:19
1       287.00      London      1022  2024-03-21 19:19
2       286.46  Washington      1014  2024-03-21 19:19
3       288.84       Paris      1025  2024-03-21 19:18
4       287.00      London      1022  2024-03-21 19:18
5       286.46  Washington      1014  2024-03-21 19:18
6       288.99       Paris      1025  2024-03-21 19:17
7       287.16      London      1022  2024-03-21 19:17
8       286.46  Washington      1014  2024-03-21 19:17
9       288.99       Paris      1025  2024-03-21 19:16
[2024-03-21 19:19:04,772] {python.py:151} INFO - Done. Returned value was: None
[2024-03-21 19:19:04,790] {taskinstance.py:1211} INFO - Marking task as SUCCESS. dag_id=***_exam, task_id=transform_into_data.csv, execution_date=20240321T191800, start_date=20240321T191904, end_date=20240321T191904
[2024-03-21 19:19:04,835] {taskinstance.py:1265} INFO - 0 downstream tasks scheduled from follow-on schedule check
[2024-03-21 19:19:04,859] {local_task_job.py:151} INFO - Task exited with return code 0
