[2024-04-01 23:24:04,264] {taskinstance.py:896} INFO - Dependencies all met for <TaskInstance: airflow_exam.transform_into_fulldata.csv 2024-04-01T23:23:00+00:00 [queued]>
[2024-04-01 23:24:04,287] {taskinstance.py:896} INFO - Dependencies all met for <TaskInstance: airflow_exam.transform_into_fulldata.csv 2024-04-01T23:23:00+00:00 [queued]>
[2024-04-01 23:24:04,287] {taskinstance.py:1087} INFO - 
--------------------------------------------------------------------------------
[2024-04-01 23:24:04,288] {taskinstance.py:1088} INFO - Starting attempt 1 of 1
[2024-04-01 23:24:04,288] {taskinstance.py:1089} INFO - 
--------------------------------------------------------------------------------
[2024-04-01 23:24:04,315] {taskinstance.py:1107} INFO - Executing <Task(PythonOperator): transform_into_fulldata.csv> on 2024-04-01T23:23:00+00:00
[2024-04-01 23:24:04,326] {standard_task_runner.py:52} INFO - Started process 1232 to run task
[2024-04-01 23:24:04,332] {standard_task_runner.py:76} INFO - Running: ['***', 'tasks', 'run', '***_exam', 'transform_into_fulldata.csv', '2024-04-01T23:23:00+00:00', '--job-id', '11242', '--pool', 'default_pool', '--raw', '--subdir', 'DAGS_FOLDER/DAG.py', '--cfg-path', '/tmp/tmpc5uib4yd', '--error-file', '/tmp/tmpvhl24zjc']
[2024-04-01 23:24:04,333] {standard_task_runner.py:77} INFO - Job 11242: Subtask transform_into_fulldata.csv
[2024-04-01 23:24:04,418] {logging_mixin.py:104} INFO - Running <TaskInstance: ***_exam.transform_into_fulldata.csv 2024-04-01T23:23:00+00:00 [running]> on host 3a3d0401ac26
[2024-04-01 23:24:04,510] {taskinstance.py:1302} INFO - Exporting the following env vars:
AIRFLOW_CTX_DAG_OWNER=***
AIRFLOW_CTX_DAG_ID=***_exam
AIRFLOW_CTX_TASK_ID=transform_into_fulldata.csv
AIRFLOW_CTX_EXECUTION_DATE=2024-04-01T23:23:00+00:00
AIRFLOW_CTX_DAG_RUN_ID=scheduled__2024-04-01T23:23:00+00:00
[2024-04-01 23:24:04,698] {logging_mixin.py:104} INFO - 
[2024-04-01 23:24:04,752] {logging_mixin.py:104} INFO -     temperature        city  pression              date
0       282.53       Paris      1005  2024-04-01 23:24
1       282.44      London       997  2024-04-01 23:24
2       293.04  Washington      1015  2024-04-01 23:24
3       282.67       Paris      1005  2024-04-01 23:23
4       282.44      London       997  2024-04-01 23:23
5       293.04  Washington      1015  2024-04-01 23:23
6       282.67       Paris      1005  2024-04-01 23:22
7       282.44      London       997  2024-04-01 23:22
8       293.04  Washington      1015  2024-04-01 23:22
9       282.67       Paris      1005  2024-04-01 23:21
[2024-04-01 23:24:04,805] {python.py:151} INFO - Done. Returned value was: None
[2024-04-01 23:24:04,826] {taskinstance.py:1211} INFO - Marking task as SUCCESS. dag_id=***_exam, task_id=transform_into_fulldata.csv, execution_date=20240401T232300, start_date=20240401T232404, end_date=20240401T232404
[2024-04-01 23:24:04,903] {taskinstance.py:1265} INFO - 3 downstream tasks scheduled from follow-on schedule check
[2024-04-01 23:24:04,951] {local_task_job.py:151} INFO - Task exited with return code 0
