[2024-03-15 14:17:05,118] {taskinstance.py:896} INFO - Dependencies all met for <TaskInstance: airflow_exam.transform_into_data.csv 2024-03-15T14:16:00+00:00 [queued]>
[2024-03-15 14:17:05,144] {taskinstance.py:896} INFO - Dependencies all met for <TaskInstance: airflow_exam.transform_into_data.csv 2024-03-15T14:16:00+00:00 [queued]>
[2024-03-15 14:17:05,144] {taskinstance.py:1087} INFO - 
--------------------------------------------------------------------------------
[2024-03-15 14:17:05,144] {taskinstance.py:1088} INFO - Starting attempt 1 of 1
[2024-03-15 14:17:05,145] {taskinstance.py:1089} INFO - 
--------------------------------------------------------------------------------
[2024-03-15 14:17:05,159] {taskinstance.py:1107} INFO - Executing <Task(PythonOperator): transform_into_data.csv> on 2024-03-15T14:16:00+00:00
[2024-03-15 14:17:05,169] {standard_task_runner.py:52} INFO - Started process 5149 to run task
[2024-03-15 14:17:05,174] {standard_task_runner.py:76} INFO - Running: ['***', 'tasks', 'run', '***_exam', 'transform_into_data.csv', '2024-03-15T14:16:00+00:00', '--job-id', '1884', '--pool', 'default_pool', '--raw', '--subdir', 'DAGS_FOLDER/DAG.py', '--cfg-path', '/tmp/tmp_gb71e7b', '--error-file', '/tmp/tmpqa8ulq19']
[2024-03-15 14:17:05,174] {standard_task_runner.py:77} INFO - Job 1884: Subtask transform_into_data.csv
[2024-03-15 14:17:05,241] {logging_mixin.py:104} INFO - Running <TaskInstance: ***_exam.transform_into_data.csv 2024-03-15T14:16:00+00:00 [running]> on host 3a3d0401ac26
[2024-03-15 14:17:05,328] {taskinstance.py:1302} INFO - Exporting the following env vars:
AIRFLOW_CTX_DAG_OWNER=***
AIRFLOW_CTX_DAG_ID=***_exam
AIRFLOW_CTX_TASK_ID=transform_into_data.csv
AIRFLOW_CTX_EXECUTION_DATE=2024-03-15T14:16:00+00:00
AIRFLOW_CTX_DAG_RUN_ID=scheduled__2024-03-15T14:16:00+00:00
[2024-03-15 14:17:05,337] {logging_mixin.py:104} INFO - 
[2024-03-15 14:17:05,381] {logging_mixin.py:104} INFO -     temperature        city  pression              date
0       288.88       Paris      1012  2024-03-15 14:17
1       287.36      London      1004  2024-03-15 14:17
2       274.45  Washington      1029  2024-03-15 14:17
3       288.88       Paris      1012  2024-03-15 14:16
4       287.36      London      1004  2024-03-15 14:16
5       274.45  Washington      1029  2024-03-15 14:16
6       288.88       Paris      1012  2024-03-15 14:15
7       287.36      London      1004  2024-03-15 14:15
8       274.21  Washington      1029  2024-03-15 14:15
9       288.88       Paris      1012  2024-03-15 14:14
[2024-03-15 14:17:05,390] {python.py:151} INFO - Done. Returned value was: None
[2024-03-15 14:17:05,410] {taskinstance.py:1211} INFO - Marking task as SUCCESS. dag_id=***_exam, task_id=transform_into_data.csv, execution_date=20240315T141600, start_date=20240315T141705, end_date=20240315T141705
[2024-03-15 14:17:05,468] {taskinstance.py:1265} INFO - 0 downstream tasks scheduled from follow-on schedule check
[2024-03-15 14:17:05,509] {local_task_job.py:151} INFO - Task exited with return code 0
