[2023-10-12 17:30:17,373] {scheduler_job.py:182} INFO - Started process (PID=89) to work on /home/airflow/.local/lib/python3.6/site-packages/airflow/example_dags/example_branch_day_of_week_operator.py
[2023-10-12 17:30:17,375] {scheduler_job.py:633} INFO - Processing file /home/airflow/.local/lib/python3.6/site-packages/airflow/example_dags/example_branch_day_of_week_operator.py for tasks to queue
[2023-10-12 17:30:17,376] {logging_mixin.py:104} INFO - [2023-10-12 17:30:17,376] {dagbag.py:496} INFO - Filling up the DagBag from /home/airflow/.local/lib/python3.6/site-packages/airflow/example_dags/example_branch_day_of_week_operator.py
[2023-10-12 17:30:17,399] {scheduler_job.py:643} INFO - DAG(s) dict_keys(['example_weekday_branch_operator']) retrieved from /home/airflow/.local/lib/python3.6/site-packages/airflow/example_dags/example_branch_day_of_week_operator.py
[2023-10-12 17:30:17,819] {logging_mixin.py:104} INFO - [2023-10-12 17:30:17,819] {dag.py:1833} INFO - Sync 1 DAGs
[2023-10-12 17:30:17,850] {logging_mixin.py:104} INFO - [2023-10-12 17:30:17,850] {dag.py:2306} INFO - Setting next_dagrun for example_weekday_branch_operator to 2023-10-10 00:00:00+00:00
[2023-10-12 17:30:17,879] {scheduler_job.py:190} INFO - Processing /home/airflow/.local/lib/python3.6/site-packages/airflow/example_dags/example_branch_day_of_week_operator.py took 0.511 seconds
[2023-10-12 17:30:48,750] {scheduler_job.py:182} INFO - Started process (PID=182) to work on /home/airflow/.local/lib/python3.6/site-packages/airflow/example_dags/example_branch_day_of_week_operator.py
[2023-10-12 17:30:48,752] {scheduler_job.py:633} INFO - Processing file /home/airflow/.local/lib/python3.6/site-packages/airflow/example_dags/example_branch_day_of_week_operator.py for tasks to queue
[2023-10-12 17:30:48,753] {logging_mixin.py:104} INFO - [2023-10-12 17:30:48,753] {dagbag.py:496} INFO - Filling up the DagBag from /home/airflow/.local/lib/python3.6/site-packages/airflow/example_dags/example_branch_day_of_week_operator.py
[2023-10-12 17:30:48,772] {scheduler_job.py:643} INFO - DAG(s) dict_keys(['example_weekday_branch_operator']) retrieved from /home/airflow/.local/lib/python3.6/site-packages/airflow/example_dags/example_branch_day_of_week_operator.py
[2023-10-12 17:30:48,805] {logging_mixin.py:104} INFO - [2023-10-12 17:30:48,805] {dag.py:1833} INFO - Sync 1 DAGs
[2023-10-12 17:30:48,829] {logging_mixin.py:104} INFO - [2023-10-12 17:30:48,829] {dag.py:2306} INFO - Setting next_dagrun for example_weekday_branch_operator to 2023-10-10 00:00:00+00:00
[2023-10-12 17:30:48,846] {scheduler_job.py:190} INFO - Processing /home/airflow/.local/lib/python3.6/site-packages/airflow/example_dags/example_branch_day_of_week_operator.py took 0.098 seconds
[2023-10-12 17:31:19,019] {scheduler_job.py:182} INFO - Started process (PID=250) to work on /home/airflow/.local/lib/python3.6/site-packages/airflow/example_dags/example_branch_day_of_week_operator.py
[2023-10-12 17:31:19,020] {scheduler_job.py:633} INFO - Processing file /home/airflow/.local/lib/python3.6/site-packages/airflow/example_dags/example_branch_day_of_week_operator.py for tasks to queue
[2023-10-12 17:31:19,021] {logging_mixin.py:104} INFO - [2023-10-12 17:31:19,021] {dagbag.py:496} INFO - Filling up the DagBag from /home/airflow/.local/lib/python3.6/site-packages/airflow/example_dags/example_branch_day_of_week_operator.py
[2023-10-12 17:31:19,036] {scheduler_job.py:643} INFO - DAG(s) dict_keys(['example_weekday_branch_operator']) retrieved from /home/airflow/.local/lib/python3.6/site-packages/airflow/example_dags/example_branch_day_of_week_operator.py
[2023-10-12 17:31:19,089] {logging_mixin.py:104} INFO - [2023-10-12 17:31:19,089] {dag.py:1833} INFO - Sync 1 DAGs
[2023-10-12 17:31:19,141] {logging_mixin.py:104} INFO - [2023-10-12 17:31:19,141] {dag.py:2306} INFO - Setting next_dagrun for example_weekday_branch_operator to 2023-10-10 00:00:00+00:00
[2023-10-12 17:31:19,162] {scheduler_job.py:190} INFO - Processing /home/airflow/.local/lib/python3.6/site-packages/airflow/example_dags/example_branch_day_of_week_operator.py took 0.146 seconds
[2023-10-12 17:31:49,520] {scheduler_job.py:182} INFO - Started process (PID=327) to work on /home/airflow/.local/lib/python3.6/site-packages/airflow/example_dags/example_branch_day_of_week_operator.py
[2023-10-12 17:31:49,521] {scheduler_job.py:633} INFO - Processing file /home/airflow/.local/lib/python3.6/site-packages/airflow/example_dags/example_branch_day_of_week_operator.py for tasks to queue
[2023-10-12 17:31:49,521] {logging_mixin.py:104} INFO - [2023-10-12 17:31:49,521] {dagbag.py:496} INFO - Filling up the DagBag from /home/airflow/.local/lib/python3.6/site-packages/airflow/example_dags/example_branch_day_of_week_operator.py
[2023-10-12 17:31:49,530] {scheduler_job.py:643} INFO - DAG(s) dict_keys(['example_weekday_branch_operator']) retrieved from /home/airflow/.local/lib/python3.6/site-packages/airflow/example_dags/example_branch_day_of_week_operator.py
[2023-10-12 17:31:49,550] {logging_mixin.py:104} INFO - [2023-10-12 17:31:49,550] {dag.py:1833} INFO - Sync 1 DAGs
[2023-10-12 17:31:49,567] {logging_mixin.py:104} INFO - [2023-10-12 17:31:49,567] {dag.py:2306} INFO - Setting next_dagrun for example_weekday_branch_operator to 2023-10-10 00:00:00+00:00
[2023-10-12 17:31:49,578] {scheduler_job.py:190} INFO - Processing /home/airflow/.local/lib/python3.6/site-packages/airflow/example_dags/example_branch_day_of_week_operator.py took 0.061 seconds
[2023-10-12 17:32:19,961] {scheduler_job.py:182} INFO - Started process (PID=410) to work on /home/airflow/.local/lib/python3.6/site-packages/airflow/example_dags/example_branch_day_of_week_operator.py
[2023-10-12 17:32:19,962] {scheduler_job.py:633} INFO - Processing file /home/airflow/.local/lib/python3.6/site-packages/airflow/example_dags/example_branch_day_of_week_operator.py for tasks to queue
[2023-10-12 17:32:19,962] {logging_mixin.py:104} INFO - [2023-10-12 17:32:19,962] {dagbag.py:496} INFO - Filling up the DagBag from /home/airflow/.local/lib/python3.6/site-packages/airflow/example_dags/example_branch_day_of_week_operator.py
[2023-10-12 17:32:19,973] {scheduler_job.py:643} INFO - DAG(s) dict_keys(['example_weekday_branch_operator']) retrieved from /home/airflow/.local/lib/python3.6/site-packages/airflow/example_dags/example_branch_day_of_week_operator.py
[2023-10-12 17:32:19,998] {logging_mixin.py:104} INFO - [2023-10-12 17:32:19,998] {dag.py:1833} INFO - Sync 1 DAGs
[2023-10-12 17:32:20,020] {logging_mixin.py:104} INFO - [2023-10-12 17:32:20,020] {dag.py:2306} INFO - Setting next_dagrun for example_weekday_branch_operator to 2023-10-10 00:00:00+00:00
[2023-10-12 17:32:20,033] {scheduler_job.py:190} INFO - Processing /home/airflow/.local/lib/python3.6/site-packages/airflow/example_dags/example_branch_day_of_week_operator.py took 0.075 seconds
[2023-10-12 17:32:50,257] {scheduler_job.py:182} INFO - Started process (PID=495) to work on /home/airflow/.local/lib/python3.6/site-packages/airflow/example_dags/example_branch_day_of_week_operator.py
[2023-10-12 17:32:50,259] {scheduler_job.py:633} INFO - Processing file /home/airflow/.local/lib/python3.6/site-packages/airflow/example_dags/example_branch_day_of_week_operator.py for tasks to queue
[2023-10-12 17:32:50,260] {logging_mixin.py:104} INFO - [2023-10-12 17:32:50,260] {dagbag.py:496} INFO - Filling up the DagBag from /home/airflow/.local/lib/python3.6/site-packages/airflow/example_dags/example_branch_day_of_week_operator.py
[2023-10-12 17:32:50,274] {scheduler_job.py:643} INFO - DAG(s) dict_keys(['example_weekday_branch_operator']) retrieved from /home/airflow/.local/lib/python3.6/site-packages/airflow/example_dags/example_branch_day_of_week_operator.py
[2023-10-12 17:32:50,307] {logging_mixin.py:104} INFO - [2023-10-12 17:32:50,306] {dag.py:1833} INFO - Sync 1 DAGs
[2023-10-12 17:32:50,335] {logging_mixin.py:104} INFO - [2023-10-12 17:32:50,335] {dag.py:2306} INFO - Setting next_dagrun for example_weekday_branch_operator to 2023-10-10 00:00:00+00:00
[2023-10-12 17:32:50,351] {scheduler_job.py:190} INFO - Processing /home/airflow/.local/lib/python3.6/site-packages/airflow/example_dags/example_branch_day_of_week_operator.py took 0.097 seconds
[2023-10-12 17:33:20,641] {scheduler_job.py:182} INFO - Started process (PID=576) to work on /home/airflow/.local/lib/python3.6/site-packages/airflow/example_dags/example_branch_day_of_week_operator.py
[2023-10-12 17:33:20,642] {scheduler_job.py:633} INFO - Processing file /home/airflow/.local/lib/python3.6/site-packages/airflow/example_dags/example_branch_day_of_week_operator.py for tasks to queue
[2023-10-12 17:33:20,643] {logging_mixin.py:104} INFO - [2023-10-12 17:33:20,643] {dagbag.py:496} INFO - Filling up the DagBag from /home/airflow/.local/lib/python3.6/site-packages/airflow/example_dags/example_branch_day_of_week_operator.py
[2023-10-12 17:33:20,663] {scheduler_job.py:643} INFO - DAG(s) dict_keys(['example_weekday_branch_operator']) retrieved from /home/airflow/.local/lib/python3.6/site-packages/airflow/example_dags/example_branch_day_of_week_operator.py
[2023-10-12 17:33:20,696] {logging_mixin.py:104} INFO - [2023-10-12 17:33:20,696] {dag.py:1833} INFO - Sync 1 DAGs
[2023-10-12 17:33:20,724] {logging_mixin.py:104} INFO - [2023-10-12 17:33:20,724] {dag.py:2306} INFO - Setting next_dagrun for example_weekday_branch_operator to 2023-10-10 00:00:00+00:00
[2023-10-12 17:33:20,742] {scheduler_job.py:190} INFO - Processing /home/airflow/.local/lib/python3.6/site-packages/airflow/example_dags/example_branch_day_of_week_operator.py took 0.104 seconds
[2023-10-12 17:33:51,131] {scheduler_job.py:182} INFO - Started process (PID=650) to work on /home/airflow/.local/lib/python3.6/site-packages/airflow/example_dags/example_branch_day_of_week_operator.py
[2023-10-12 17:33:51,132] {scheduler_job.py:633} INFO - Processing file /home/airflow/.local/lib/python3.6/site-packages/airflow/example_dags/example_branch_day_of_week_operator.py for tasks to queue
[2023-10-12 17:33:51,132] {logging_mixin.py:104} INFO - [2023-10-12 17:33:51,132] {dagbag.py:496} INFO - Filling up the DagBag from /home/airflow/.local/lib/python3.6/site-packages/airflow/example_dags/example_branch_day_of_week_operator.py
[2023-10-12 17:33:51,141] {scheduler_job.py:643} INFO - DAG(s) dict_keys(['example_weekday_branch_operator']) retrieved from /home/airflow/.local/lib/python3.6/site-packages/airflow/example_dags/example_branch_day_of_week_operator.py
[2023-10-12 17:33:51,162] {logging_mixin.py:104} INFO - [2023-10-12 17:33:51,162] {dag.py:1833} INFO - Sync 1 DAGs
[2023-10-12 17:33:51,179] {logging_mixin.py:104} INFO - [2023-10-12 17:33:51,179] {dag.py:2306} INFO - Setting next_dagrun for example_weekday_branch_operator to 2023-10-10 00:00:00+00:00
[2023-10-12 17:33:51,193] {scheduler_job.py:190} INFO - Processing /home/airflow/.local/lib/python3.6/site-packages/airflow/example_dags/example_branch_day_of_week_operator.py took 0.064 seconds
[2023-10-12 17:34:21,392] {scheduler_job.py:182} INFO - Started process (PID=743) to work on /home/airflow/.local/lib/python3.6/site-packages/airflow/example_dags/example_branch_day_of_week_operator.py
[2023-10-12 17:34:21,394] {scheduler_job.py:633} INFO - Processing file /home/airflow/.local/lib/python3.6/site-packages/airflow/example_dags/example_branch_day_of_week_operator.py for tasks to queue
[2023-10-12 17:34:21,395] {logging_mixin.py:104} INFO - [2023-10-12 17:34:21,395] {dagbag.py:496} INFO - Filling up the DagBag from /home/airflow/.local/lib/python3.6/site-packages/airflow/example_dags/example_branch_day_of_week_operator.py
[2023-10-12 17:34:21,421] {scheduler_job.py:643} INFO - DAG(s) dict_keys(['example_weekday_branch_operator']) retrieved from /home/airflow/.local/lib/python3.6/site-packages/airflow/example_dags/example_branch_day_of_week_operator.py
[2023-10-12 17:34:21,464] {logging_mixin.py:104} INFO - [2023-10-12 17:34:21,464] {dag.py:1833} INFO - Sync 1 DAGs
[2023-10-12 17:34:21,492] {logging_mixin.py:104} INFO - [2023-10-12 17:34:21,492] {dag.py:2306} INFO - Setting next_dagrun for example_weekday_branch_operator to 2023-10-10 00:00:00+00:00
[2023-10-12 17:34:21,511] {scheduler_job.py:190} INFO - Processing /home/airflow/.local/lib/python3.6/site-packages/airflow/example_dags/example_branch_day_of_week_operator.py took 0.124 seconds
[2023-10-12 17:34:51,978] {scheduler_job.py:182} INFO - Started process (PID=816) to work on /home/airflow/.local/lib/python3.6/site-packages/airflow/example_dags/example_branch_day_of_week_operator.py
[2023-10-12 17:34:51,979] {scheduler_job.py:633} INFO - Processing file /home/airflow/.local/lib/python3.6/site-packages/airflow/example_dags/example_branch_day_of_week_operator.py for tasks to queue
[2023-10-12 17:34:51,980] {logging_mixin.py:104} INFO - [2023-10-12 17:34:51,980] {dagbag.py:496} INFO - Filling up the DagBag from /home/airflow/.local/lib/python3.6/site-packages/airflow/example_dags/example_branch_day_of_week_operator.py
[2023-10-12 17:34:51,991] {scheduler_job.py:643} INFO - DAG(s) dict_keys(['example_weekday_branch_operator']) retrieved from /home/airflow/.local/lib/python3.6/site-packages/airflow/example_dags/example_branch_day_of_week_operator.py
[2023-10-12 17:34:52,018] {logging_mixin.py:104} INFO - [2023-10-12 17:34:52,018] {dag.py:1833} INFO - Sync 1 DAGs
[2023-10-12 17:34:52,038] {logging_mixin.py:104} INFO - [2023-10-12 17:34:52,038] {dag.py:2306} INFO - Setting next_dagrun for example_weekday_branch_operator to 2023-10-10 00:00:00+00:00
[2023-10-12 17:34:52,052] {scheduler_job.py:190} INFO - Processing /home/airflow/.local/lib/python3.6/site-packages/airflow/example_dags/example_branch_day_of_week_operator.py took 0.077 seconds
[2023-10-12 17:35:22,719] {scheduler_job.py:182} INFO - Started process (PID=908) to work on /home/airflow/.local/lib/python3.6/site-packages/airflow/example_dags/example_branch_day_of_week_operator.py
[2023-10-12 17:35:22,720] {scheduler_job.py:633} INFO - Processing file /home/airflow/.local/lib/python3.6/site-packages/airflow/example_dags/example_branch_day_of_week_operator.py for tasks to queue
[2023-10-12 17:35:22,720] {logging_mixin.py:104} INFO - [2023-10-12 17:35:22,720] {dagbag.py:496} INFO - Filling up the DagBag from /home/airflow/.local/lib/python3.6/site-packages/airflow/example_dags/example_branch_day_of_week_operator.py
[2023-10-12 17:35:22,731] {scheduler_job.py:643} INFO - DAG(s) dict_keys(['example_weekday_branch_operator']) retrieved from /home/airflow/.local/lib/python3.6/site-packages/airflow/example_dags/example_branch_day_of_week_operator.py
[2023-10-12 17:35:22,765] {logging_mixin.py:104} INFO - [2023-10-12 17:35:22,764] {dag.py:1833} INFO - Sync 1 DAGs
[2023-10-12 17:35:22,795] {logging_mixin.py:104} INFO - [2023-10-12 17:35:22,795] {dag.py:2306} INFO - Setting next_dagrun for example_weekday_branch_operator to 2023-10-10 00:00:00+00:00
[2023-10-12 17:35:22,811] {scheduler_job.py:190} INFO - Processing /home/airflow/.local/lib/python3.6/site-packages/airflow/example_dags/example_branch_day_of_week_operator.py took 0.095 seconds
[2023-10-12 17:35:53,748] {scheduler_job.py:182} INFO - Started process (PID=983) to work on /home/airflow/.local/lib/python3.6/site-packages/airflow/example_dags/example_branch_day_of_week_operator.py
[2023-10-12 17:35:53,749] {scheduler_job.py:633} INFO - Processing file /home/airflow/.local/lib/python3.6/site-packages/airflow/example_dags/example_branch_day_of_week_operator.py for tasks to queue
[2023-10-12 17:35:53,750] {logging_mixin.py:104} INFO - [2023-10-12 17:35:53,750] {dagbag.py:496} INFO - Filling up the DagBag from /home/airflow/.local/lib/python3.6/site-packages/airflow/example_dags/example_branch_day_of_week_operator.py
[2023-10-12 17:35:53,760] {scheduler_job.py:643} INFO - DAG(s) dict_keys(['example_weekday_branch_operator']) retrieved from /home/airflow/.local/lib/python3.6/site-packages/airflow/example_dags/example_branch_day_of_week_operator.py
[2023-10-12 17:35:53,783] {logging_mixin.py:104} INFO - [2023-10-12 17:35:53,783] {dag.py:1833} INFO - Sync 1 DAGs
[2023-10-12 17:35:53,801] {logging_mixin.py:104} INFO - [2023-10-12 17:35:53,801] {dag.py:2306} INFO - Setting next_dagrun for example_weekday_branch_operator to 2023-10-10 00:00:00+00:00
[2023-10-12 17:35:53,814] {scheduler_job.py:190} INFO - Processing /home/airflow/.local/lib/python3.6/site-packages/airflow/example_dags/example_branch_day_of_week_operator.py took 0.068 seconds
[2023-10-12 17:36:24,046] {scheduler_job.py:182} INFO - Started process (PID=1067) to work on /home/airflow/.local/lib/python3.6/site-packages/airflow/example_dags/example_branch_day_of_week_operator.py
[2023-10-12 17:36:24,048] {scheduler_job.py:633} INFO - Processing file /home/airflow/.local/lib/python3.6/site-packages/airflow/example_dags/example_branch_day_of_week_operator.py for tasks to queue
[2023-10-12 17:36:24,049] {logging_mixin.py:104} INFO - [2023-10-12 17:36:24,049] {dagbag.py:496} INFO - Filling up the DagBag from /home/airflow/.local/lib/python3.6/site-packages/airflow/example_dags/example_branch_day_of_week_operator.py
[2023-10-12 17:36:24,065] {scheduler_job.py:643} INFO - DAG(s) dict_keys(['example_weekday_branch_operator']) retrieved from /home/airflow/.local/lib/python3.6/site-packages/airflow/example_dags/example_branch_day_of_week_operator.py
[2023-10-12 17:36:24,096] {logging_mixin.py:104} INFO - [2023-10-12 17:36:24,096] {dag.py:1833} INFO - Sync 1 DAGs
[2023-10-12 17:36:24,125] {logging_mixin.py:104} INFO - [2023-10-12 17:36:24,124] {dag.py:2306} INFO - Setting next_dagrun for example_weekday_branch_operator to 2023-10-10 00:00:00+00:00
[2023-10-12 17:36:24,143] {scheduler_job.py:190} INFO - Processing /home/airflow/.local/lib/python3.6/site-packages/airflow/example_dags/example_branch_day_of_week_operator.py took 0.100 seconds
[2023-10-12 17:36:54,281] {scheduler_job.py:182} INFO - Started process (PID=1152) to work on /home/airflow/.local/lib/python3.6/site-packages/airflow/example_dags/example_branch_day_of_week_operator.py
[2023-10-12 17:36:54,282] {scheduler_job.py:633} INFO - Processing file /home/airflow/.local/lib/python3.6/site-packages/airflow/example_dags/example_branch_day_of_week_operator.py for tasks to queue
[2023-10-12 17:36:54,282] {logging_mixin.py:104} INFO - [2023-10-12 17:36:54,282] {dagbag.py:496} INFO - Filling up the DagBag from /home/airflow/.local/lib/python3.6/site-packages/airflow/example_dags/example_branch_day_of_week_operator.py
[2023-10-12 17:36:54,292] {scheduler_job.py:643} INFO - DAG(s) dict_keys(['example_weekday_branch_operator']) retrieved from /home/airflow/.local/lib/python3.6/site-packages/airflow/example_dags/example_branch_day_of_week_operator.py
[2023-10-12 17:36:54,313] {logging_mixin.py:104} INFO - [2023-10-12 17:36:54,313] {dag.py:1833} INFO - Sync 1 DAGs
[2023-10-12 17:36:54,329] {logging_mixin.py:104} INFO - [2023-10-12 17:36:54,329] {dag.py:2306} INFO - Setting next_dagrun for example_weekday_branch_operator to 2023-10-10 00:00:00+00:00
[2023-10-12 17:36:54,342] {scheduler_job.py:190} INFO - Processing /home/airflow/.local/lib/python3.6/site-packages/airflow/example_dags/example_branch_day_of_week_operator.py took 0.063 seconds
[2023-10-12 17:37:24,898] {scheduler_job.py:182} INFO - Started process (PID=1235) to work on /home/airflow/.local/lib/python3.6/site-packages/airflow/example_dags/example_branch_day_of_week_operator.py
[2023-10-12 17:37:24,899] {scheduler_job.py:633} INFO - Processing file /home/airflow/.local/lib/python3.6/site-packages/airflow/example_dags/example_branch_day_of_week_operator.py for tasks to queue
[2023-10-12 17:37:24,900] {logging_mixin.py:104} INFO - [2023-10-12 17:37:24,900] {dagbag.py:496} INFO - Filling up the DagBag from /home/airflow/.local/lib/python3.6/site-packages/airflow/example_dags/example_branch_day_of_week_operator.py
[2023-10-12 17:37:24,908] {scheduler_job.py:643} INFO - DAG(s) dict_keys(['example_weekday_branch_operator']) retrieved from /home/airflow/.local/lib/python3.6/site-packages/airflow/example_dags/example_branch_day_of_week_operator.py
[2023-10-12 17:37:24,931] {logging_mixin.py:104} INFO - [2023-10-12 17:37:24,931] {dag.py:1833} INFO - Sync 1 DAGs
[2023-10-12 17:37:24,949] {logging_mixin.py:104} INFO - [2023-10-12 17:37:24,949] {dag.py:2306} INFO - Setting next_dagrun for example_weekday_branch_operator to 2023-10-10 00:00:00+00:00
[2023-10-12 17:37:24,962] {scheduler_job.py:190} INFO - Processing /home/airflow/.local/lib/python3.6/site-packages/airflow/example_dags/example_branch_day_of_week_operator.py took 0.066 seconds
[2023-10-12 17:37:55,735] {scheduler_job.py:182} INFO - Started process (PID=1320) to work on /home/airflow/.local/lib/python3.6/site-packages/airflow/example_dags/example_branch_day_of_week_operator.py
[2023-10-12 17:37:55,735] {scheduler_job.py:633} INFO - Processing file /home/airflow/.local/lib/python3.6/site-packages/airflow/example_dags/example_branch_day_of_week_operator.py for tasks to queue
[2023-10-12 17:37:55,736] {logging_mixin.py:104} INFO - [2023-10-12 17:37:55,736] {dagbag.py:496} INFO - Filling up the DagBag from /home/airflow/.local/lib/python3.6/site-packages/airflow/example_dags/example_branch_day_of_week_operator.py
[2023-10-12 17:37:55,744] {scheduler_job.py:643} INFO - DAG(s) dict_keys(['example_weekday_branch_operator']) retrieved from /home/airflow/.local/lib/python3.6/site-packages/airflow/example_dags/example_branch_day_of_week_operator.py
[2023-10-12 17:37:55,765] {logging_mixin.py:104} INFO - [2023-10-12 17:37:55,765] {dag.py:1833} INFO - Sync 1 DAGs
[2023-10-12 17:37:55,780] {logging_mixin.py:104} INFO - [2023-10-12 17:37:55,780] {dag.py:2306} INFO - Setting next_dagrun for example_weekday_branch_operator to 2023-10-10 00:00:00+00:00
[2023-10-12 17:37:55,794] {scheduler_job.py:190} INFO - Processing /home/airflow/.local/lib/python3.6/site-packages/airflow/example_dags/example_branch_day_of_week_operator.py took 0.061 seconds
[2023-10-12 17:38:26,357] {scheduler_job.py:182} INFO - Started process (PID=1403) to work on /home/airflow/.local/lib/python3.6/site-packages/airflow/example_dags/example_branch_day_of_week_operator.py
[2023-10-12 17:38:26,358] {scheduler_job.py:633} INFO - Processing file /home/airflow/.local/lib/python3.6/site-packages/airflow/example_dags/example_branch_day_of_week_operator.py for tasks to queue
[2023-10-12 17:38:26,359] {logging_mixin.py:104} INFO - [2023-10-12 17:38:26,359] {dagbag.py:496} INFO - Filling up the DagBag from /home/airflow/.local/lib/python3.6/site-packages/airflow/example_dags/example_branch_day_of_week_operator.py
[2023-10-12 17:38:26,374] {scheduler_job.py:643} INFO - DAG(s) dict_keys(['example_weekday_branch_operator']) retrieved from /home/airflow/.local/lib/python3.6/site-packages/airflow/example_dags/example_branch_day_of_week_operator.py
[2023-10-12 17:38:26,406] {logging_mixin.py:104} INFO - [2023-10-12 17:38:26,406] {dag.py:1833} INFO - Sync 1 DAGs
[2023-10-12 17:38:26,435] {logging_mixin.py:104} INFO - [2023-10-12 17:38:26,435] {dag.py:2306} INFO - Setting next_dagrun for example_weekday_branch_operator to 2023-10-10 00:00:00+00:00
[2023-10-12 17:38:26,462] {scheduler_job.py:190} INFO - Processing /home/airflow/.local/lib/python3.6/site-packages/airflow/example_dags/example_branch_day_of_week_operator.py took 0.108 seconds
[2023-10-12 17:38:56,671] {scheduler_job.py:182} INFO - Started process (PID=1487) to work on /home/airflow/.local/lib/python3.6/site-packages/airflow/example_dags/example_branch_day_of_week_operator.py
[2023-10-12 17:38:56,672] {scheduler_job.py:633} INFO - Processing file /home/airflow/.local/lib/python3.6/site-packages/airflow/example_dags/example_branch_day_of_week_operator.py for tasks to queue
[2023-10-12 17:38:56,673] {logging_mixin.py:104} INFO - [2023-10-12 17:38:56,673] {dagbag.py:496} INFO - Filling up the DagBag from /home/airflow/.local/lib/python3.6/site-packages/airflow/example_dags/example_branch_day_of_week_operator.py
[2023-10-12 17:38:56,690] {scheduler_job.py:643} INFO - DAG(s) dict_keys(['example_weekday_branch_operator']) retrieved from /home/airflow/.local/lib/python3.6/site-packages/airflow/example_dags/example_branch_day_of_week_operator.py
[2023-10-12 17:38:56,721] {logging_mixin.py:104} INFO - [2023-10-12 17:38:56,720] {dag.py:1833} INFO - Sync 1 DAGs
[2023-10-12 17:38:56,749] {logging_mixin.py:104} INFO - [2023-10-12 17:38:56,748] {dag.py:2306} INFO - Setting next_dagrun for example_weekday_branch_operator to 2023-10-10 00:00:00+00:00
[2023-10-12 17:38:56,768] {scheduler_job.py:190} INFO - Processing /home/airflow/.local/lib/python3.6/site-packages/airflow/example_dags/example_branch_day_of_week_operator.py took 0.101 seconds
[2023-10-12 17:39:27,225] {scheduler_job.py:182} INFO - Started process (PID=1570) to work on /home/airflow/.local/lib/python3.6/site-packages/airflow/example_dags/example_branch_day_of_week_operator.py
[2023-10-12 17:39:27,226] {scheduler_job.py:633} INFO - Processing file /home/airflow/.local/lib/python3.6/site-packages/airflow/example_dags/example_branch_day_of_week_operator.py for tasks to queue
[2023-10-12 17:39:27,226] {logging_mixin.py:104} INFO - [2023-10-12 17:39:27,226] {dagbag.py:496} INFO - Filling up the DagBag from /home/airflow/.local/lib/python3.6/site-packages/airflow/example_dags/example_branch_day_of_week_operator.py
[2023-10-12 17:39:27,235] {scheduler_job.py:643} INFO - DAG(s) dict_keys(['example_weekday_branch_operator']) retrieved from /home/airflow/.local/lib/python3.6/site-packages/airflow/example_dags/example_branch_day_of_week_operator.py
[2023-10-12 17:39:27,258] {logging_mixin.py:104} INFO - [2023-10-12 17:39:27,258] {dag.py:1833} INFO - Sync 1 DAGs
[2023-10-12 17:39:27,275] {logging_mixin.py:104} INFO - [2023-10-12 17:39:27,275] {dag.py:2306} INFO - Setting next_dagrun for example_weekday_branch_operator to 2023-10-10 00:00:00+00:00
[2023-10-12 17:39:27,289] {scheduler_job.py:190} INFO - Processing /home/airflow/.local/lib/python3.6/site-packages/airflow/example_dags/example_branch_day_of_week_operator.py took 0.066 seconds
[2023-10-12 17:39:58,019] {scheduler_job.py:182} INFO - Started process (PID=1644) to work on /home/airflow/.local/lib/python3.6/site-packages/airflow/example_dags/example_branch_day_of_week_operator.py
[2023-10-12 17:39:58,020] {scheduler_job.py:633} INFO - Processing file /home/airflow/.local/lib/python3.6/site-packages/airflow/example_dags/example_branch_day_of_week_operator.py for tasks to queue
[2023-10-12 17:39:58,021] {logging_mixin.py:104} INFO - [2023-10-12 17:39:58,021] {dagbag.py:496} INFO - Filling up the DagBag from /home/airflow/.local/lib/python3.6/site-packages/airflow/example_dags/example_branch_day_of_week_operator.py
[2023-10-12 17:39:58,035] {scheduler_job.py:643} INFO - DAG(s) dict_keys(['example_weekday_branch_operator']) retrieved from /home/airflow/.local/lib/python3.6/site-packages/airflow/example_dags/example_branch_day_of_week_operator.py
[2023-10-12 17:39:58,062] {logging_mixin.py:104} INFO - [2023-10-12 17:39:58,062] {dag.py:1833} INFO - Sync 1 DAGs
[2023-10-12 17:39:58,085] {logging_mixin.py:104} INFO - [2023-10-12 17:39:58,085] {dag.py:2306} INFO - Setting next_dagrun for example_weekday_branch_operator to 2023-10-10 00:00:00+00:00
[2023-10-12 17:39:58,098] {scheduler_job.py:190} INFO - Processing /home/airflow/.local/lib/python3.6/site-packages/airflow/example_dags/example_branch_day_of_week_operator.py took 0.082 seconds
[2023-10-12 17:40:28,558] {scheduler_job.py:182} INFO - Started process (PID=1737) to work on /home/airflow/.local/lib/python3.6/site-packages/airflow/example_dags/example_branch_day_of_week_operator.py
[2023-10-12 17:40:28,560] {scheduler_job.py:633} INFO - Processing file /home/airflow/.local/lib/python3.6/site-packages/airflow/example_dags/example_branch_day_of_week_operator.py for tasks to queue
[2023-10-12 17:40:28,561] {logging_mixin.py:104} INFO - [2023-10-12 17:40:28,560] {dagbag.py:496} INFO - Filling up the DagBag from /home/airflow/.local/lib/python3.6/site-packages/airflow/example_dags/example_branch_day_of_week_operator.py
[2023-10-12 17:40:28,578] {scheduler_job.py:643} INFO - DAG(s) dict_keys(['example_weekday_branch_operator']) retrieved from /home/airflow/.local/lib/python3.6/site-packages/airflow/example_dags/example_branch_day_of_week_operator.py
[2023-10-12 17:40:28,609] {logging_mixin.py:104} INFO - [2023-10-12 17:40:28,609] {dag.py:1833} INFO - Sync 1 DAGs
[2023-10-12 17:40:28,636] {logging_mixin.py:104} INFO - [2023-10-12 17:40:28,635] {dag.py:2306} INFO - Setting next_dagrun for example_weekday_branch_operator to 2023-10-10 00:00:00+00:00
[2023-10-12 17:40:28,654] {scheduler_job.py:190} INFO - Processing /home/airflow/.local/lib/python3.6/site-packages/airflow/example_dags/example_branch_day_of_week_operator.py took 0.099 seconds
[2023-10-12 17:40:58,919] {scheduler_job.py:182} INFO - Started process (PID=1811) to work on /home/airflow/.local/lib/python3.6/site-packages/airflow/example_dags/example_branch_day_of_week_operator.py
[2023-10-12 17:40:58,920] {scheduler_job.py:633} INFO - Processing file /home/airflow/.local/lib/python3.6/site-packages/airflow/example_dags/example_branch_day_of_week_operator.py for tasks to queue
[2023-10-12 17:40:58,921] {logging_mixin.py:104} INFO - [2023-10-12 17:40:58,921] {dagbag.py:496} INFO - Filling up the DagBag from /home/airflow/.local/lib/python3.6/site-packages/airflow/example_dags/example_branch_day_of_week_operator.py
[2023-10-12 17:40:58,929] {scheduler_job.py:643} INFO - DAG(s) dict_keys(['example_weekday_branch_operator']) retrieved from /home/airflow/.local/lib/python3.6/site-packages/airflow/example_dags/example_branch_day_of_week_operator.py
[2023-10-12 17:40:58,950] {logging_mixin.py:104} INFO - [2023-10-12 17:40:58,950] {dag.py:1833} INFO - Sync 1 DAGs
[2023-10-12 17:40:58,966] {logging_mixin.py:104} INFO - [2023-10-12 17:40:58,966] {dag.py:2306} INFO - Setting next_dagrun for example_weekday_branch_operator to 2023-10-10 00:00:00+00:00
[2023-10-12 17:40:58,977] {scheduler_job.py:190} INFO - Processing /home/airflow/.local/lib/python3.6/site-packages/airflow/example_dags/example_branch_day_of_week_operator.py took 0.060 seconds
