[2023-10-12 17:30:20,286] {scheduler_job.py:182} INFO - Started process (PID=101) to work on /home/airflow/.local/lib/python3.6/site-packages/airflow/example_dags/example_branch_python_dop_operator_3.py
[2023-10-12 17:30:20,288] {scheduler_job.py:633} INFO - Processing file /home/airflow/.local/lib/python3.6/site-packages/airflow/example_dags/example_branch_python_dop_operator_3.py for tasks to queue
[2023-10-12 17:30:20,289] {logging_mixin.py:104} INFO - [2023-10-12 17:30:20,288] {dagbag.py:496} INFO - Filling up the DagBag from /home/airflow/.local/lib/python3.6/site-packages/airflow/example_dags/example_branch_python_dop_operator_3.py
[2023-10-12 17:30:20,308] {scheduler_job.py:643} INFO - DAG(s) dict_keys(['example_branch_dop_operator_v3']) retrieved from /home/airflow/.local/lib/python3.6/site-packages/airflow/example_dags/example_branch_python_dop_operator_3.py
[2023-10-12 17:30:20,682] {logging_mixin.py:104} INFO - [2023-10-12 17:30:20,682] {dag.py:1833} INFO - Sync 1 DAGs
[2023-10-12 17:30:20,723] {logging_mixin.py:104} INFO - [2023-10-12 17:30:20,722] {dag.py:2306} INFO - Setting next_dagrun for example_branch_dop_operator_v3 to 2023-10-10 00:00:00+00:00
[2023-10-12 17:30:20,742] {scheduler_job.py:190} INFO - Processing /home/airflow/.local/lib/python3.6/site-packages/airflow/example_dags/example_branch_python_dop_operator_3.py took 0.459 seconds
[2023-10-12 17:30:51,542] {scheduler_job.py:182} INFO - Started process (PID=194) to work on /home/airflow/.local/lib/python3.6/site-packages/airflow/example_dags/example_branch_python_dop_operator_3.py
[2023-10-12 17:30:51,543] {scheduler_job.py:633} INFO - Processing file /home/airflow/.local/lib/python3.6/site-packages/airflow/example_dags/example_branch_python_dop_operator_3.py for tasks to queue
[2023-10-12 17:30:51,544] {logging_mixin.py:104} INFO - [2023-10-12 17:30:51,544] {dagbag.py:496} INFO - Filling up the DagBag from /home/airflow/.local/lib/python3.6/site-packages/airflow/example_dags/example_branch_python_dop_operator_3.py
[2023-10-12 17:30:51,557] {scheduler_job.py:643} INFO - DAG(s) dict_keys(['example_branch_dop_operator_v3']) retrieved from /home/airflow/.local/lib/python3.6/site-packages/airflow/example_dags/example_branch_python_dop_operator_3.py
[2023-10-12 17:30:51,584] {logging_mixin.py:104} INFO - [2023-10-12 17:30:51,583] {dag.py:1833} INFO - Sync 1 DAGs
[2023-10-12 17:30:51,609] {logging_mixin.py:104} INFO - [2023-10-12 17:30:51,609] {dag.py:2306} INFO - Setting next_dagrun for example_branch_dop_operator_v3 to 2023-10-10 00:00:00+00:00
[2023-10-12 17:30:51,626] {scheduler_job.py:190} INFO - Processing /home/airflow/.local/lib/python3.6/site-packages/airflow/example_dags/example_branch_python_dop_operator_3.py took 0.087 seconds
[2023-10-12 17:31:21,904] {scheduler_job.py:182} INFO - Started process (PID=287) to work on /home/airflow/.local/lib/python3.6/site-packages/airflow/example_dags/example_branch_python_dop_operator_3.py
[2023-10-12 17:31:21,905] {scheduler_job.py:633} INFO - Processing file /home/airflow/.local/lib/python3.6/site-packages/airflow/example_dags/example_branch_python_dop_operator_3.py for tasks to queue
[2023-10-12 17:31:21,906] {logging_mixin.py:104} INFO - [2023-10-12 17:31:21,906] {dagbag.py:496} INFO - Filling up the DagBag from /home/airflow/.local/lib/python3.6/site-packages/airflow/example_dags/example_branch_python_dop_operator_3.py
[2023-10-12 17:31:21,917] {scheduler_job.py:643} INFO - DAG(s) dict_keys(['example_branch_dop_operator_v3']) retrieved from /home/airflow/.local/lib/python3.6/site-packages/airflow/example_dags/example_branch_python_dop_operator_3.py
[2023-10-12 17:31:21,938] {logging_mixin.py:104} INFO - [2023-10-12 17:31:21,938] {dag.py:1833} INFO - Sync 1 DAGs
[2023-10-12 17:31:21,964] {logging_mixin.py:104} INFO - [2023-10-12 17:31:21,964] {dag.py:2306} INFO - Setting next_dagrun for example_branch_dop_operator_v3 to 2023-10-10 00:00:00+00:00
[2023-10-12 17:31:21,980] {scheduler_job.py:190} INFO - Processing /home/airflow/.local/lib/python3.6/site-packages/airflow/example_dags/example_branch_python_dop_operator_3.py took 0.078 seconds
[2023-10-12 17:31:52,388] {scheduler_job.py:182} INFO - Started process (PID=362) to work on /home/airflow/.local/lib/python3.6/site-packages/airflow/example_dags/example_branch_python_dop_operator_3.py
[2023-10-12 17:31:52,389] {scheduler_job.py:633} INFO - Processing file /home/airflow/.local/lib/python3.6/site-packages/airflow/example_dags/example_branch_python_dop_operator_3.py for tasks to queue
[2023-10-12 17:31:52,390] {logging_mixin.py:104} INFO - [2023-10-12 17:31:52,390] {dagbag.py:496} INFO - Filling up the DagBag from /home/airflow/.local/lib/python3.6/site-packages/airflow/example_dags/example_branch_python_dop_operator_3.py
[2023-10-12 17:31:52,408] {scheduler_job.py:643} INFO - DAG(s) dict_keys(['example_branch_dop_operator_v3']) retrieved from /home/airflow/.local/lib/python3.6/site-packages/airflow/example_dags/example_branch_python_dop_operator_3.py
[2023-10-12 17:31:52,437] {logging_mixin.py:104} INFO - [2023-10-12 17:31:52,436] {dag.py:1833} INFO - Sync 1 DAGs
[2023-10-12 17:31:52,465] {logging_mixin.py:104} INFO - [2023-10-12 17:31:52,464] {dag.py:2306} INFO - Setting next_dagrun for example_branch_dop_operator_v3 to 2023-10-10 00:00:00+00:00
[2023-10-12 17:31:52,480] {scheduler_job.py:190} INFO - Processing /home/airflow/.local/lib/python3.6/site-packages/airflow/example_dags/example_branch_python_dop_operator_3.py took 0.095 seconds
[2023-10-12 17:32:23,441] {scheduler_job.py:182} INFO - Started process (PID=441) to work on /home/airflow/.local/lib/python3.6/site-packages/airflow/example_dags/example_branch_python_dop_operator_3.py
[2023-10-12 17:32:23,442] {scheduler_job.py:633} INFO - Processing file /home/airflow/.local/lib/python3.6/site-packages/airflow/example_dags/example_branch_python_dop_operator_3.py for tasks to queue
[2023-10-12 17:32:23,443] {logging_mixin.py:104} INFO - [2023-10-12 17:32:23,443] {dagbag.py:496} INFO - Filling up the DagBag from /home/airflow/.local/lib/python3.6/site-packages/airflow/example_dags/example_branch_python_dop_operator_3.py
[2023-10-12 17:32:23,455] {scheduler_job.py:643} INFO - DAG(s) dict_keys(['example_branch_dop_operator_v3']) retrieved from /home/airflow/.local/lib/python3.6/site-packages/airflow/example_dags/example_branch_python_dop_operator_3.py
[2023-10-12 17:32:23,478] {logging_mixin.py:104} INFO - [2023-10-12 17:32:23,478] {dag.py:1833} INFO - Sync 1 DAGs
[2023-10-12 17:32:23,500] {logging_mixin.py:104} INFO - [2023-10-12 17:32:23,499] {dag.py:2306} INFO - Setting next_dagrun for example_branch_dop_operator_v3 to 2023-10-10 00:00:00+00:00
[2023-10-12 17:32:23,512] {scheduler_job.py:190} INFO - Processing /home/airflow/.local/lib/python3.6/site-packages/airflow/example_dags/example_branch_python_dop_operator_3.py took 0.073 seconds
[2023-10-12 17:32:53,984] {scheduler_job.py:182} INFO - Started process (PID=507) to work on /home/airflow/.local/lib/python3.6/site-packages/airflow/example_dags/example_branch_python_dop_operator_3.py
[2023-10-12 17:32:53,985] {scheduler_job.py:633} INFO - Processing file /home/airflow/.local/lib/python3.6/site-packages/airflow/example_dags/example_branch_python_dop_operator_3.py for tasks to queue
[2023-10-12 17:32:53,985] {logging_mixin.py:104} INFO - [2023-10-12 17:32:53,985] {dagbag.py:496} INFO - Filling up the DagBag from /home/airflow/.local/lib/python3.6/site-packages/airflow/example_dags/example_branch_python_dop_operator_3.py
[2023-10-12 17:32:53,996] {scheduler_job.py:643} INFO - DAG(s) dict_keys(['example_branch_dop_operator_v3']) retrieved from /home/airflow/.local/lib/python3.6/site-packages/airflow/example_dags/example_branch_python_dop_operator_3.py
[2023-10-12 17:32:54,020] {logging_mixin.py:104} INFO - [2023-10-12 17:32:54,020] {dag.py:1833} INFO - Sync 1 DAGs
[2023-10-12 17:32:54,042] {logging_mixin.py:104} INFO - [2023-10-12 17:32:54,042] {dag.py:2306} INFO - Setting next_dagrun for example_branch_dop_operator_v3 to 2023-10-10 00:00:00+00:00
[2023-10-12 17:32:54,053] {scheduler_job.py:190} INFO - Processing /home/airflow/.local/lib/python3.6/site-packages/airflow/example_dags/example_branch_python_dop_operator_3.py took 0.071 seconds
[2023-10-12 17:33:24,770] {scheduler_job.py:182} INFO - Started process (PID=588) to work on /home/airflow/.local/lib/python3.6/site-packages/airflow/example_dags/example_branch_python_dop_operator_3.py
[2023-10-12 17:33:24,772] {scheduler_job.py:633} INFO - Processing file /home/airflow/.local/lib/python3.6/site-packages/airflow/example_dags/example_branch_python_dop_operator_3.py for tasks to queue
[2023-10-12 17:33:24,772] {logging_mixin.py:104} INFO - [2023-10-12 17:33:24,772] {dagbag.py:496} INFO - Filling up the DagBag from /home/airflow/.local/lib/python3.6/site-packages/airflow/example_dags/example_branch_python_dop_operator_3.py
[2023-10-12 17:33:24,793] {scheduler_job.py:643} INFO - DAG(s) dict_keys(['example_branch_dop_operator_v3']) retrieved from /home/airflow/.local/lib/python3.6/site-packages/airflow/example_dags/example_branch_python_dop_operator_3.py
[2023-10-12 17:33:24,825] {logging_mixin.py:104} INFO - [2023-10-12 17:33:24,825] {dag.py:1833} INFO - Sync 1 DAGs
[2023-10-12 17:33:24,856] {logging_mixin.py:104} INFO - [2023-10-12 17:33:24,856] {dag.py:2306} INFO - Setting next_dagrun for example_branch_dop_operator_v3 to 2023-10-10 00:00:00+00:00
[2023-10-12 17:33:24,873] {scheduler_job.py:190} INFO - Processing /home/airflow/.local/lib/python3.6/site-packages/airflow/example_dags/example_branch_python_dop_operator_3.py took 0.107 seconds
[2023-10-12 17:33:55,090] {scheduler_job.py:182} INFO - Started process (PID=672) to work on /home/airflow/.local/lib/python3.6/site-packages/airflow/example_dags/example_branch_python_dop_operator_3.py
[2023-10-12 17:33:55,091] {scheduler_job.py:633} INFO - Processing file /home/airflow/.local/lib/python3.6/site-packages/airflow/example_dags/example_branch_python_dop_operator_3.py for tasks to queue
[2023-10-12 17:33:55,092] {logging_mixin.py:104} INFO - [2023-10-12 17:33:55,092] {dagbag.py:496} INFO - Filling up the DagBag from /home/airflow/.local/lib/python3.6/site-packages/airflow/example_dags/example_branch_python_dop_operator_3.py
[2023-10-12 17:33:55,116] {scheduler_job.py:643} INFO - DAG(s) dict_keys(['example_branch_dop_operator_v3']) retrieved from /home/airflow/.local/lib/python3.6/site-packages/airflow/example_dags/example_branch_python_dop_operator_3.py
[2023-10-12 17:33:55,155] {logging_mixin.py:104} INFO - [2023-10-12 17:33:55,155] {dag.py:1833} INFO - Sync 1 DAGs
[2023-10-12 17:33:55,190] {logging_mixin.py:104} INFO - [2023-10-12 17:33:55,190] {dag.py:2306} INFO - Setting next_dagrun for example_branch_dop_operator_v3 to 2023-10-10 00:00:00+00:00
[2023-10-12 17:33:55,205] {scheduler_job.py:190} INFO - Processing /home/airflow/.local/lib/python3.6/site-packages/airflow/example_dags/example_branch_python_dop_operator_3.py took 0.119 seconds
[2023-10-12 17:34:26,092] {scheduler_job.py:182} INFO - Started process (PID=755) to work on /home/airflow/.local/lib/python3.6/site-packages/airflow/example_dags/example_branch_python_dop_operator_3.py
[2023-10-12 17:34:26,093] {scheduler_job.py:633} INFO - Processing file /home/airflow/.local/lib/python3.6/site-packages/airflow/example_dags/example_branch_python_dop_operator_3.py for tasks to queue
[2023-10-12 17:34:26,094] {logging_mixin.py:104} INFO - [2023-10-12 17:34:26,094] {dagbag.py:496} INFO - Filling up the DagBag from /home/airflow/.local/lib/python3.6/site-packages/airflow/example_dags/example_branch_python_dop_operator_3.py
[2023-10-12 17:34:26,109] {scheduler_job.py:643} INFO - DAG(s) dict_keys(['example_branch_dop_operator_v3']) retrieved from /home/airflow/.local/lib/python3.6/site-packages/airflow/example_dags/example_branch_python_dop_operator_3.py
[2023-10-12 17:34:26,132] {logging_mixin.py:104} INFO - [2023-10-12 17:34:26,132] {dag.py:1833} INFO - Sync 1 DAGs
[2023-10-12 17:34:26,162] {logging_mixin.py:104} INFO - [2023-10-12 17:34:26,162] {dag.py:2306} INFO - Setting next_dagrun for example_branch_dop_operator_v3 to 2023-10-10 00:00:00+00:00
[2023-10-12 17:34:26,178] {scheduler_job.py:190} INFO - Processing /home/airflow/.local/lib/python3.6/site-packages/airflow/example_dags/example_branch_python_dop_operator_3.py took 0.089 seconds
[2023-10-12 17:34:56,641] {scheduler_job.py:182} INFO - Started process (PID=828) to work on /home/airflow/.local/lib/python3.6/site-packages/airflow/example_dags/example_branch_python_dop_operator_3.py
[2023-10-12 17:34:56,642] {scheduler_job.py:633} INFO - Processing file /home/airflow/.local/lib/python3.6/site-packages/airflow/example_dags/example_branch_python_dop_operator_3.py for tasks to queue
[2023-10-12 17:34:56,643] {logging_mixin.py:104} INFO - [2023-10-12 17:34:56,643] {dagbag.py:496} INFO - Filling up the DagBag from /home/airflow/.local/lib/python3.6/site-packages/airflow/example_dags/example_branch_python_dop_operator_3.py
[2023-10-12 17:34:56,661] {scheduler_job.py:643} INFO - DAG(s) dict_keys(['example_branch_dop_operator_v3']) retrieved from /home/airflow/.local/lib/python3.6/site-packages/airflow/example_dags/example_branch_python_dop_operator_3.py
[2023-10-12 17:34:56,730] {logging_mixin.py:104} INFO - [2023-10-12 17:34:56,730] {dag.py:1833} INFO - Sync 1 DAGs
[2023-10-12 17:34:56,768] {logging_mixin.py:104} INFO - [2023-10-12 17:34:56,768] {dag.py:2306} INFO - Setting next_dagrun for example_branch_dop_operator_v3 to 2023-10-10 00:00:00+00:00
[2023-10-12 17:34:56,786] {scheduler_job.py:190} INFO - Processing /home/airflow/.local/lib/python3.6/site-packages/airflow/example_dags/example_branch_python_dop_operator_3.py took 0.149 seconds
[2023-10-12 17:35:27,307] {scheduler_job.py:182} INFO - Started process (PID=921) to work on /home/airflow/.local/lib/python3.6/site-packages/airflow/example_dags/example_branch_python_dop_operator_3.py
[2023-10-12 17:35:27,308] {scheduler_job.py:633} INFO - Processing file /home/airflow/.local/lib/python3.6/site-packages/airflow/example_dags/example_branch_python_dop_operator_3.py for tasks to queue
[2023-10-12 17:35:27,308] {logging_mixin.py:104} INFO - [2023-10-12 17:35:27,308] {dagbag.py:496} INFO - Filling up the DagBag from /home/airflow/.local/lib/python3.6/site-packages/airflow/example_dags/example_branch_python_dop_operator_3.py
[2023-10-12 17:35:27,318] {scheduler_job.py:643} INFO - DAG(s) dict_keys(['example_branch_dop_operator_v3']) retrieved from /home/airflow/.local/lib/python3.6/site-packages/airflow/example_dags/example_branch_python_dop_operator_3.py
[2023-10-12 17:35:27,339] {logging_mixin.py:104} INFO - [2023-10-12 17:35:27,339] {dag.py:1833} INFO - Sync 1 DAGs
[2023-10-12 17:35:27,360] {logging_mixin.py:104} INFO - [2023-10-12 17:35:27,360] {dag.py:2306} INFO - Setting next_dagrun for example_branch_dop_operator_v3 to 2023-10-10 00:00:00+00:00
[2023-10-12 17:35:27,373] {scheduler_job.py:190} INFO - Processing /home/airflow/.local/lib/python3.6/site-packages/airflow/example_dags/example_branch_python_dop_operator_3.py took 0.068 seconds
[2023-10-12 17:35:58,211] {scheduler_job.py:182} INFO - Started process (PID=995) to work on /home/airflow/.local/lib/python3.6/site-packages/airflow/example_dags/example_branch_python_dop_operator_3.py
[2023-10-12 17:35:58,212] {scheduler_job.py:633} INFO - Processing file /home/airflow/.local/lib/python3.6/site-packages/airflow/example_dags/example_branch_python_dop_operator_3.py for tasks to queue
[2023-10-12 17:35:58,212] {logging_mixin.py:104} INFO - [2023-10-12 17:35:58,212] {dagbag.py:496} INFO - Filling up the DagBag from /home/airflow/.local/lib/python3.6/site-packages/airflow/example_dags/example_branch_python_dop_operator_3.py
[2023-10-12 17:35:58,224] {scheduler_job.py:643} INFO - DAG(s) dict_keys(['example_branch_dop_operator_v3']) retrieved from /home/airflow/.local/lib/python3.6/site-packages/airflow/example_dags/example_branch_python_dop_operator_3.py
[2023-10-12 17:35:58,249] {logging_mixin.py:104} INFO - [2023-10-12 17:35:58,249] {dag.py:1833} INFO - Sync 1 DAGs
[2023-10-12 17:35:58,274] {logging_mixin.py:104} INFO - [2023-10-12 17:35:58,274] {dag.py:2306} INFO - Setting next_dagrun for example_branch_dop_operator_v3 to 2023-10-10 00:00:00+00:00
[2023-10-12 17:35:58,288] {scheduler_job.py:190} INFO - Processing /home/airflow/.local/lib/python3.6/site-packages/airflow/example_dags/example_branch_python_dop_operator_3.py took 0.079 seconds
[2023-10-12 17:36:28,733] {scheduler_job.py:182} INFO - Started process (PID=1090) to work on /home/airflow/.local/lib/python3.6/site-packages/airflow/example_dags/example_branch_python_dop_operator_3.py
[2023-10-12 17:36:28,734] {scheduler_job.py:633} INFO - Processing file /home/airflow/.local/lib/python3.6/site-packages/airflow/example_dags/example_branch_python_dop_operator_3.py for tasks to queue
[2023-10-12 17:36:28,735] {logging_mixin.py:104} INFO - [2023-10-12 17:36:28,734] {dagbag.py:496} INFO - Filling up the DagBag from /home/airflow/.local/lib/python3.6/site-packages/airflow/example_dags/example_branch_python_dop_operator_3.py
[2023-10-12 17:36:28,750] {scheduler_job.py:643} INFO - DAG(s) dict_keys(['example_branch_dop_operator_v3']) retrieved from /home/airflow/.local/lib/python3.6/site-packages/airflow/example_dags/example_branch_python_dop_operator_3.py
[2023-10-12 17:36:28,858] {logging_mixin.py:104} INFO - [2023-10-12 17:36:28,858] {dag.py:1833} INFO - Sync 1 DAGs
[2023-10-12 17:36:28,893] {logging_mixin.py:104} INFO - [2023-10-12 17:36:28,893] {dag.py:2306} INFO - Setting next_dagrun for example_branch_dop_operator_v3 to 2023-10-10 00:00:00+00:00
[2023-10-12 17:36:28,911] {scheduler_job.py:190} INFO - Processing /home/airflow/.local/lib/python3.6/site-packages/airflow/example_dags/example_branch_python_dop_operator_3.py took 0.181 seconds
[2023-10-12 17:36:59,224] {scheduler_job.py:182} INFO - Started process (PID=1164) to work on /home/airflow/.local/lib/python3.6/site-packages/airflow/example_dags/example_branch_python_dop_operator_3.py
[2023-10-12 17:36:59,225] {scheduler_job.py:633} INFO - Processing file /home/airflow/.local/lib/python3.6/site-packages/airflow/example_dags/example_branch_python_dop_operator_3.py for tasks to queue
[2023-10-12 17:36:59,226] {logging_mixin.py:104} INFO - [2023-10-12 17:36:59,226] {dagbag.py:496} INFO - Filling up the DagBag from /home/airflow/.local/lib/python3.6/site-packages/airflow/example_dags/example_branch_python_dop_operator_3.py
[2023-10-12 17:36:59,243] {scheduler_job.py:643} INFO - DAG(s) dict_keys(['example_branch_dop_operator_v3']) retrieved from /home/airflow/.local/lib/python3.6/site-packages/airflow/example_dags/example_branch_python_dop_operator_3.py
[2023-10-12 17:36:59,269] {logging_mixin.py:104} INFO - [2023-10-12 17:36:59,269] {dag.py:1833} INFO - Sync 1 DAGs
[2023-10-12 17:36:59,295] {logging_mixin.py:104} INFO - [2023-10-12 17:36:59,295] {dag.py:2306} INFO - Setting next_dagrun for example_branch_dop_operator_v3 to 2023-10-10 00:00:00+00:00
[2023-10-12 17:36:59,310] {scheduler_job.py:190} INFO - Processing /home/airflow/.local/lib/python3.6/site-packages/airflow/example_dags/example_branch_python_dop_operator_3.py took 0.090 seconds
[2023-10-12 17:37:29,522] {scheduler_job.py:182} INFO - Started process (PID=1256) to work on /home/airflow/.local/lib/python3.6/site-packages/airflow/example_dags/example_branch_python_dop_operator_3.py
[2023-10-12 17:37:29,523] {scheduler_job.py:633} INFO - Processing file /home/airflow/.local/lib/python3.6/site-packages/airflow/example_dags/example_branch_python_dop_operator_3.py for tasks to queue
[2023-10-12 17:37:29,524] {logging_mixin.py:104} INFO - [2023-10-12 17:37:29,524] {dagbag.py:496} INFO - Filling up the DagBag from /home/airflow/.local/lib/python3.6/site-packages/airflow/example_dags/example_branch_python_dop_operator_3.py
[2023-10-12 17:37:29,533] {scheduler_job.py:643} INFO - DAG(s) dict_keys(['example_branch_dop_operator_v3']) retrieved from /home/airflow/.local/lib/python3.6/site-packages/airflow/example_dags/example_branch_python_dop_operator_3.py
[2023-10-12 17:37:29,553] {logging_mixin.py:104} INFO - [2023-10-12 17:37:29,553] {dag.py:1833} INFO - Sync 1 DAGs
[2023-10-12 17:37:29,576] {logging_mixin.py:104} INFO - [2023-10-12 17:37:29,576] {dag.py:2306} INFO - Setting next_dagrun for example_branch_dop_operator_v3 to 2023-10-10 00:00:00+00:00
[2023-10-12 17:37:29,586] {scheduler_job.py:190} INFO - Processing /home/airflow/.local/lib/python3.6/site-packages/airflow/example_dags/example_branch_python_dop_operator_3.py took 0.067 seconds
[2023-10-12 17:37:59,712] {scheduler_job.py:182} INFO - Started process (PID=1332) to work on /home/airflow/.local/lib/python3.6/site-packages/airflow/example_dags/example_branch_python_dop_operator_3.py
[2023-10-12 17:37:59,713] {scheduler_job.py:633} INFO - Processing file /home/airflow/.local/lib/python3.6/site-packages/airflow/example_dags/example_branch_python_dop_operator_3.py for tasks to queue
[2023-10-12 17:37:59,713] {logging_mixin.py:104} INFO - [2023-10-12 17:37:59,713] {dagbag.py:496} INFO - Filling up the DagBag from /home/airflow/.local/lib/python3.6/site-packages/airflow/example_dags/example_branch_python_dop_operator_3.py
[2023-10-12 17:37:59,728] {scheduler_job.py:643} INFO - DAG(s) dict_keys(['example_branch_dop_operator_v3']) retrieved from /home/airflow/.local/lib/python3.6/site-packages/airflow/example_dags/example_branch_python_dop_operator_3.py
[2023-10-12 17:37:59,756] {logging_mixin.py:104} INFO - [2023-10-12 17:37:59,756] {dag.py:1833} INFO - Sync 1 DAGs
[2023-10-12 17:37:59,789] {logging_mixin.py:104} INFO - [2023-10-12 17:37:59,789] {dag.py:2306} INFO - Setting next_dagrun for example_branch_dop_operator_v3 to 2023-10-10 00:00:00+00:00
[2023-10-12 17:37:59,806] {scheduler_job.py:190} INFO - Processing /home/airflow/.local/lib/python3.6/site-packages/airflow/example_dags/example_branch_python_dop_operator_3.py took 0.097 seconds
[2023-10-12 17:38:29,996] {scheduler_job.py:182} INFO - Started process (PID=1415) to work on /home/airflow/.local/lib/python3.6/site-packages/airflow/example_dags/example_branch_python_dop_operator_3.py
[2023-10-12 17:38:29,997] {scheduler_job.py:633} INFO - Processing file /home/airflow/.local/lib/python3.6/site-packages/airflow/example_dags/example_branch_python_dop_operator_3.py for tasks to queue
[2023-10-12 17:38:29,998] {logging_mixin.py:104} INFO - [2023-10-12 17:38:29,998] {dagbag.py:496} INFO - Filling up the DagBag from /home/airflow/.local/lib/python3.6/site-packages/airflow/example_dags/example_branch_python_dop_operator_3.py
[2023-10-12 17:38:30,014] {scheduler_job.py:643} INFO - DAG(s) dict_keys(['example_branch_dop_operator_v3']) retrieved from /home/airflow/.local/lib/python3.6/site-packages/airflow/example_dags/example_branch_python_dop_operator_3.py
[2023-10-12 17:38:30,047] {logging_mixin.py:104} INFO - [2023-10-12 17:38:30,047] {dag.py:1833} INFO - Sync 1 DAGs
[2023-10-12 17:38:30,087] {logging_mixin.py:104} INFO - [2023-10-12 17:38:30,087] {dag.py:2306} INFO - Setting next_dagrun for example_branch_dop_operator_v3 to 2023-10-10 00:00:00+00:00
[2023-10-12 17:38:30,104] {scheduler_job.py:190} INFO - Processing /home/airflow/.local/lib/python3.6/site-packages/airflow/example_dags/example_branch_python_dop_operator_3.py took 0.112 seconds
[2023-10-12 17:39:00,339] {scheduler_job.py:182} INFO - Started process (PID=1499) to work on /home/airflow/.local/lib/python3.6/site-packages/airflow/example_dags/example_branch_python_dop_operator_3.py
[2023-10-12 17:39:00,340] {scheduler_job.py:633} INFO - Processing file /home/airflow/.local/lib/python3.6/site-packages/airflow/example_dags/example_branch_python_dop_operator_3.py for tasks to queue
[2023-10-12 17:39:00,341] {logging_mixin.py:104} INFO - [2023-10-12 17:39:00,341] {dagbag.py:496} INFO - Filling up the DagBag from /home/airflow/.local/lib/python3.6/site-packages/airflow/example_dags/example_branch_python_dop_operator_3.py
[2023-10-12 17:39:00,353] {scheduler_job.py:643} INFO - DAG(s) dict_keys(['example_branch_dop_operator_v3']) retrieved from /home/airflow/.local/lib/python3.6/site-packages/airflow/example_dags/example_branch_python_dop_operator_3.py
[2023-10-12 17:39:00,377] {logging_mixin.py:104} INFO - [2023-10-12 17:39:00,377] {dag.py:1833} INFO - Sync 1 DAGs
[2023-10-12 17:39:00,406] {logging_mixin.py:104} INFO - [2023-10-12 17:39:00,406] {dag.py:2306} INFO - Setting next_dagrun for example_branch_dop_operator_v3 to 2023-10-10 00:00:00+00:00
[2023-10-12 17:39:00,420] {scheduler_job.py:190} INFO - Processing /home/airflow/.local/lib/python3.6/site-packages/airflow/example_dags/example_branch_python_dop_operator_3.py took 0.082 seconds
[2023-10-12 17:39:30,806] {scheduler_job.py:182} INFO - Started process (PID=1582) to work on /home/airflow/.local/lib/python3.6/site-packages/airflow/example_dags/example_branch_python_dop_operator_3.py
[2023-10-12 17:39:30,807] {scheduler_job.py:633} INFO - Processing file /home/airflow/.local/lib/python3.6/site-packages/airflow/example_dags/example_branch_python_dop_operator_3.py for tasks to queue
[2023-10-12 17:39:30,809] {logging_mixin.py:104} INFO - [2023-10-12 17:39:30,808] {dagbag.py:496} INFO - Filling up the DagBag from /home/airflow/.local/lib/python3.6/site-packages/airflow/example_dags/example_branch_python_dop_operator_3.py
[2023-10-12 17:39:30,828] {scheduler_job.py:643} INFO - DAG(s) dict_keys(['example_branch_dop_operator_v3']) retrieved from /home/airflow/.local/lib/python3.6/site-packages/airflow/example_dags/example_branch_python_dop_operator_3.py
[2023-10-12 17:39:30,864] {logging_mixin.py:104} INFO - [2023-10-12 17:39:30,863] {dag.py:1833} INFO - Sync 1 DAGs
[2023-10-12 17:39:30,896] {logging_mixin.py:104} INFO - [2023-10-12 17:39:30,896] {dag.py:2306} INFO - Setting next_dagrun for example_branch_dop_operator_v3 to 2023-10-10 00:00:00+00:00
[2023-10-12 17:39:30,909] {scheduler_job.py:190} INFO - Processing /home/airflow/.local/lib/python3.6/site-packages/airflow/example_dags/example_branch_python_dop_operator_3.py took 0.107 seconds
[2023-10-12 17:40:02,028] {scheduler_job.py:182} INFO - Started process (PID=1666) to work on /home/airflow/.local/lib/python3.6/site-packages/airflow/example_dags/example_branch_python_dop_operator_3.py
[2023-10-12 17:40:02,030] {scheduler_job.py:633} INFO - Processing file /home/airflow/.local/lib/python3.6/site-packages/airflow/example_dags/example_branch_python_dop_operator_3.py for tasks to queue
[2023-10-12 17:40:02,031] {logging_mixin.py:104} INFO - [2023-10-12 17:40:02,031] {dagbag.py:496} INFO - Filling up the DagBag from /home/airflow/.local/lib/python3.6/site-packages/airflow/example_dags/example_branch_python_dop_operator_3.py
[2023-10-12 17:40:02,051] {scheduler_job.py:643} INFO - DAG(s) dict_keys(['example_branch_dop_operator_v3']) retrieved from /home/airflow/.local/lib/python3.6/site-packages/airflow/example_dags/example_branch_python_dop_operator_3.py
[2023-10-12 17:40:02,086] {logging_mixin.py:104} INFO - [2023-10-12 17:40:02,085] {dag.py:1833} INFO - Sync 1 DAGs
[2023-10-12 17:40:02,125] {logging_mixin.py:104} INFO - [2023-10-12 17:40:02,124] {dag.py:2306} INFO - Setting next_dagrun for example_branch_dop_operator_v3 to 2023-10-10 00:00:00+00:00
[2023-10-12 17:40:02,143] {scheduler_job.py:190} INFO - Processing /home/airflow/.local/lib/python3.6/site-packages/airflow/example_dags/example_branch_python_dop_operator_3.py took 0.119 seconds
[2023-10-12 17:40:32,320] {scheduler_job.py:182} INFO - Started process (PID=1749) to work on /home/airflow/.local/lib/python3.6/site-packages/airflow/example_dags/example_branch_python_dop_operator_3.py
[2023-10-12 17:40:32,322] {scheduler_job.py:633} INFO - Processing file /home/airflow/.local/lib/python3.6/site-packages/airflow/example_dags/example_branch_python_dop_operator_3.py for tasks to queue
[2023-10-12 17:40:32,323] {logging_mixin.py:104} INFO - [2023-10-12 17:40:32,323] {dagbag.py:496} INFO - Filling up the DagBag from /home/airflow/.local/lib/python3.6/site-packages/airflow/example_dags/example_branch_python_dop_operator_3.py
[2023-10-12 17:40:32,341] {scheduler_job.py:643} INFO - DAG(s) dict_keys(['example_branch_dop_operator_v3']) retrieved from /home/airflow/.local/lib/python3.6/site-packages/airflow/example_dags/example_branch_python_dop_operator_3.py
[2023-10-12 17:40:32,376] {logging_mixin.py:104} INFO - [2023-10-12 17:40:32,376] {dag.py:1833} INFO - Sync 1 DAGs
[2023-10-12 17:40:32,417] {logging_mixin.py:104} INFO - [2023-10-12 17:40:32,417] {dag.py:2306} INFO - Setting next_dagrun for example_branch_dop_operator_v3 to 2023-10-10 00:00:00+00:00
[2023-10-12 17:40:32,439] {scheduler_job.py:190} INFO - Processing /home/airflow/.local/lib/python3.6/site-packages/airflow/example_dags/example_branch_python_dop_operator_3.py took 0.123 seconds
[2023-10-12 17:41:02,575] {scheduler_job.py:182} INFO - Started process (PID=1827) to work on /home/airflow/.local/lib/python3.6/site-packages/airflow/example_dags/example_branch_python_dop_operator_3.py
[2023-10-12 17:41:02,576] {scheduler_job.py:633} INFO - Processing file /home/airflow/.local/lib/python3.6/site-packages/airflow/example_dags/example_branch_python_dop_operator_3.py for tasks to queue
[2023-10-12 17:41:02,577] {logging_mixin.py:104} INFO - [2023-10-12 17:41:02,577] {dagbag.py:496} INFO - Filling up the DagBag from /home/airflow/.local/lib/python3.6/site-packages/airflow/example_dags/example_branch_python_dop_operator_3.py
[2023-10-12 17:41:02,590] {scheduler_job.py:643} INFO - DAG(s) dict_keys(['example_branch_dop_operator_v3']) retrieved from /home/airflow/.local/lib/python3.6/site-packages/airflow/example_dags/example_branch_python_dop_operator_3.py
[2023-10-12 17:41:02,618] {logging_mixin.py:104} INFO - [2023-10-12 17:41:02,617] {dag.py:1833} INFO - Sync 1 DAGs
[2023-10-12 17:41:02,650] {logging_mixin.py:104} INFO - [2023-10-12 17:41:02,650] {dag.py:2306} INFO - Setting next_dagrun for example_branch_dop_operator_v3 to 2023-10-10 00:00:00+00:00
[2023-10-12 17:41:02,667] {scheduler_job.py:190} INFO - Processing /home/airflow/.local/lib/python3.6/site-packages/airflow/example_dags/example_branch_python_dop_operator_3.py took 0.095 seconds
