[2023-10-12 17:30:18,554] {scheduler_job.py:182} INFO - Started process (PID=94) to work on /home/airflow/.local/lib/python3.6/site-packages/airflow/example_dags/example_trigger_controller_dag.py
[2023-10-12 17:30:18,556] {scheduler_job.py:633} INFO - Processing file /home/airflow/.local/lib/python3.6/site-packages/airflow/example_dags/example_trigger_controller_dag.py for tasks to queue
[2023-10-12 17:30:18,557] {logging_mixin.py:104} INFO - [2023-10-12 17:30:18,557] {dagbag.py:496} INFO - Filling up the DagBag from /home/airflow/.local/lib/python3.6/site-packages/airflow/example_dags/example_trigger_controller_dag.py
[2023-10-12 17:30:18,574] {scheduler_job.py:643} INFO - DAG(s) dict_keys(['example_trigger_controller_dag']) retrieved from /home/airflow/.local/lib/python3.6/site-packages/airflow/example_dags/example_trigger_controller_dag.py
[2023-10-12 17:30:19,028] {logging_mixin.py:104} INFO - [2023-10-12 17:30:19,028] {dag.py:1833} INFO - Sync 1 DAGs
[2023-10-12 17:30:19,055] {logging_mixin.py:104} INFO - [2023-10-12 17:30:19,054] {dag.py:2306} INFO - Setting next_dagrun for example_trigger_controller_dag to 2023-10-10 00:00:00+00:00
[2023-10-12 17:30:19,079] {scheduler_job.py:190} INFO - Processing /home/airflow/.local/lib/python3.6/site-packages/airflow/example_dags/example_trigger_controller_dag.py took 0.529 seconds
[2023-10-12 17:30:49,135] {scheduler_job.py:182} INFO - Started process (PID=187) to work on /home/airflow/.local/lib/python3.6/site-packages/airflow/example_dags/example_trigger_controller_dag.py
[2023-10-12 17:30:49,136] {scheduler_job.py:633} INFO - Processing file /home/airflow/.local/lib/python3.6/site-packages/airflow/example_dags/example_trigger_controller_dag.py for tasks to queue
[2023-10-12 17:30:49,136] {logging_mixin.py:104} INFO - [2023-10-12 17:30:49,136] {dagbag.py:496} INFO - Filling up the DagBag from /home/airflow/.local/lib/python3.6/site-packages/airflow/example_dags/example_trigger_controller_dag.py
[2023-10-12 17:30:49,146] {scheduler_job.py:643} INFO - DAG(s) dict_keys(['example_trigger_controller_dag']) retrieved from /home/airflow/.local/lib/python3.6/site-packages/airflow/example_dags/example_trigger_controller_dag.py
[2023-10-12 17:30:49,171] {logging_mixin.py:104} INFO - [2023-10-12 17:30:49,171] {dag.py:1833} INFO - Sync 1 DAGs
[2023-10-12 17:30:49,193] {logging_mixin.py:104} INFO - [2023-10-12 17:30:49,193] {dag.py:2306} INFO - Setting next_dagrun for example_trigger_controller_dag to 2023-10-10 00:00:00+00:00
[2023-10-12 17:30:49,206] {scheduler_job.py:190} INFO - Processing /home/airflow/.local/lib/python3.6/site-packages/airflow/example_dags/example_trigger_controller_dag.py took 0.073 seconds
[2023-10-12 17:31:20,048] {scheduler_job.py:182} INFO - Started process (PID=279) to work on /home/airflow/.local/lib/python3.6/site-packages/airflow/example_dags/example_trigger_controller_dag.py
[2023-10-12 17:31:20,049] {scheduler_job.py:633} INFO - Processing file /home/airflow/.local/lib/python3.6/site-packages/airflow/example_dags/example_trigger_controller_dag.py for tasks to queue
[2023-10-12 17:31:20,050] {logging_mixin.py:104} INFO - [2023-10-12 17:31:20,050] {dagbag.py:496} INFO - Filling up the DagBag from /home/airflow/.local/lib/python3.6/site-packages/airflow/example_dags/example_trigger_controller_dag.py
[2023-10-12 17:31:20,059] {scheduler_job.py:643} INFO - DAG(s) dict_keys(['example_trigger_controller_dag']) retrieved from /home/airflow/.local/lib/python3.6/site-packages/airflow/example_dags/example_trigger_controller_dag.py
[2023-10-12 17:31:20,084] {logging_mixin.py:104} INFO - [2023-10-12 17:31:20,084] {dag.py:1833} INFO - Sync 1 DAGs
[2023-10-12 17:31:20,102] {logging_mixin.py:104} INFO - [2023-10-12 17:31:20,102] {dag.py:2306} INFO - Setting next_dagrun for example_trigger_controller_dag to 2023-10-10 00:00:00+00:00
[2023-10-12 17:31:20,118] {scheduler_job.py:190} INFO - Processing /home/airflow/.local/lib/python3.6/site-packages/airflow/example_dags/example_trigger_controller_dag.py took 0.072 seconds
[2023-10-12 17:31:51,255] {scheduler_job.py:182} INFO - Started process (PID=344) to work on /home/airflow/.local/lib/python3.6/site-packages/airflow/example_dags/example_trigger_controller_dag.py
[2023-10-12 17:31:51,257] {scheduler_job.py:633} INFO - Processing file /home/airflow/.local/lib/python3.6/site-packages/airflow/example_dags/example_trigger_controller_dag.py for tasks to queue
[2023-10-12 17:31:51,257] {logging_mixin.py:104} INFO - [2023-10-12 17:31:51,257] {dagbag.py:496} INFO - Filling up the DagBag from /home/airflow/.local/lib/python3.6/site-packages/airflow/example_dags/example_trigger_controller_dag.py
[2023-10-12 17:31:51,270] {scheduler_job.py:643} INFO - DAG(s) dict_keys(['example_trigger_controller_dag']) retrieved from /home/airflow/.local/lib/python3.6/site-packages/airflow/example_dags/example_trigger_controller_dag.py
[2023-10-12 17:31:51,305] {logging_mixin.py:104} INFO - [2023-10-12 17:31:51,305] {dag.py:1833} INFO - Sync 1 DAGs
[2023-10-12 17:31:51,327] {logging_mixin.py:104} INFO - [2023-10-12 17:31:51,327] {dag.py:2306} INFO - Setting next_dagrun for example_trigger_controller_dag to 2023-10-10 00:00:00+00:00
[2023-10-12 17:31:51,340] {scheduler_job.py:190} INFO - Processing /home/airflow/.local/lib/python3.6/site-packages/airflow/example_dags/example_trigger_controller_dag.py took 0.088 seconds
[2023-10-12 17:32:21,694] {scheduler_job.py:182} INFO - Started process (PID=415) to work on /home/airflow/.local/lib/python3.6/site-packages/airflow/example_dags/example_trigger_controller_dag.py
[2023-10-12 17:32:21,695] {scheduler_job.py:633} INFO - Processing file /home/airflow/.local/lib/python3.6/site-packages/airflow/example_dags/example_trigger_controller_dag.py for tasks to queue
[2023-10-12 17:32:21,696] {logging_mixin.py:104} INFO - [2023-10-12 17:32:21,696] {dagbag.py:496} INFO - Filling up the DagBag from /home/airflow/.local/lib/python3.6/site-packages/airflow/example_dags/example_trigger_controller_dag.py
[2023-10-12 17:32:21,711] {scheduler_job.py:643} INFO - DAG(s) dict_keys(['example_trigger_controller_dag']) retrieved from /home/airflow/.local/lib/python3.6/site-packages/airflow/example_dags/example_trigger_controller_dag.py
[2023-10-12 17:32:21,744] {logging_mixin.py:104} INFO - [2023-10-12 17:32:21,743] {dag.py:1833} INFO - Sync 1 DAGs
[2023-10-12 17:32:21,770] {logging_mixin.py:104} INFO - [2023-10-12 17:32:21,770] {dag.py:2306} INFO - Setting next_dagrun for example_trigger_controller_dag to 2023-10-10 00:00:00+00:00
[2023-10-12 17:32:21,786] {scheduler_job.py:190} INFO - Processing /home/airflow/.local/lib/python3.6/site-packages/airflow/example_dags/example_trigger_controller_dag.py took 0.096 seconds
[2023-10-12 17:32:52,542] {scheduler_job.py:182} INFO - Started process (PID=500) to work on /home/airflow/.local/lib/python3.6/site-packages/airflow/example_dags/example_trigger_controller_dag.py
[2023-10-12 17:32:52,543] {scheduler_job.py:633} INFO - Processing file /home/airflow/.local/lib/python3.6/site-packages/airflow/example_dags/example_trigger_controller_dag.py for tasks to queue
[2023-10-12 17:32:52,544] {logging_mixin.py:104} INFO - [2023-10-12 17:32:52,544] {dagbag.py:496} INFO - Filling up the DagBag from /home/airflow/.local/lib/python3.6/site-packages/airflow/example_dags/example_trigger_controller_dag.py
[2023-10-12 17:32:52,553] {scheduler_job.py:643} INFO - DAG(s) dict_keys(['example_trigger_controller_dag']) retrieved from /home/airflow/.local/lib/python3.6/site-packages/airflow/example_dags/example_trigger_controller_dag.py
[2023-10-12 17:32:52,577] {logging_mixin.py:104} INFO - [2023-10-12 17:32:52,577] {dag.py:1833} INFO - Sync 1 DAGs
[2023-10-12 17:32:52,593] {logging_mixin.py:104} INFO - [2023-10-12 17:32:52,593] {dag.py:2306} INFO - Setting next_dagrun for example_trigger_controller_dag to 2023-10-10 00:00:00+00:00
[2023-10-12 17:32:52,605] {scheduler_job.py:190} INFO - Processing /home/airflow/.local/lib/python3.6/site-packages/airflow/example_dags/example_trigger_controller_dag.py took 0.065 seconds
[2023-10-12 17:33:23,109] {scheduler_job.py:182} INFO - Started process (PID=581) to work on /home/airflow/.local/lib/python3.6/site-packages/airflow/example_dags/example_trigger_controller_dag.py
[2023-10-12 17:33:23,110] {scheduler_job.py:633} INFO - Processing file /home/airflow/.local/lib/python3.6/site-packages/airflow/example_dags/example_trigger_controller_dag.py for tasks to queue
[2023-10-12 17:33:23,111] {logging_mixin.py:104} INFO - [2023-10-12 17:33:23,111] {dagbag.py:496} INFO - Filling up the DagBag from /home/airflow/.local/lib/python3.6/site-packages/airflow/example_dags/example_trigger_controller_dag.py
[2023-10-12 17:33:23,126] {scheduler_job.py:643} INFO - DAG(s) dict_keys(['example_trigger_controller_dag']) retrieved from /home/airflow/.local/lib/python3.6/site-packages/airflow/example_dags/example_trigger_controller_dag.py
[2023-10-12 17:33:23,162] {logging_mixin.py:104} INFO - [2023-10-12 17:33:23,162] {dag.py:1833} INFO - Sync 1 DAGs
[2023-10-12 17:33:23,185] {logging_mixin.py:104} INFO - [2023-10-12 17:33:23,184] {dag.py:2306} INFO - Setting next_dagrun for example_trigger_controller_dag to 2023-10-10 00:00:00+00:00
[2023-10-12 17:33:23,202] {scheduler_job.py:190} INFO - Processing /home/airflow/.local/lib/python3.6/site-packages/airflow/example_dags/example_trigger_controller_dag.py took 0.097 seconds
[2023-10-12 17:33:53,224] {scheduler_job.py:182} INFO - Started process (PID=654) to work on /home/airflow/.local/lib/python3.6/site-packages/airflow/example_dags/example_trigger_controller_dag.py
[2023-10-12 17:33:53,225] {scheduler_job.py:633} INFO - Processing file /home/airflow/.local/lib/python3.6/site-packages/airflow/example_dags/example_trigger_controller_dag.py for tasks to queue
[2023-10-12 17:33:53,225] {logging_mixin.py:104} INFO - [2023-10-12 17:33:53,225] {dagbag.py:496} INFO - Filling up the DagBag from /home/airflow/.local/lib/python3.6/site-packages/airflow/example_dags/example_trigger_controller_dag.py
[2023-10-12 17:33:53,233] {scheduler_job.py:643} INFO - DAG(s) dict_keys(['example_trigger_controller_dag']) retrieved from /home/airflow/.local/lib/python3.6/site-packages/airflow/example_dags/example_trigger_controller_dag.py
[2023-10-12 17:33:53,254] {logging_mixin.py:104} INFO - [2023-10-12 17:33:53,254] {dag.py:1833} INFO - Sync 1 DAGs
[2023-10-12 17:33:53,268] {logging_mixin.py:104} INFO - [2023-10-12 17:33:53,268] {dag.py:2306} INFO - Setting next_dagrun for example_trigger_controller_dag to 2023-10-10 00:00:00+00:00
[2023-10-12 17:33:53,279] {scheduler_job.py:190} INFO - Processing /home/airflow/.local/lib/python3.6/site-packages/airflow/example_dags/example_trigger_controller_dag.py took 0.056 seconds
[2023-10-12 17:34:23,659] {scheduler_job.py:182} INFO - Started process (PID=747) to work on /home/airflow/.local/lib/python3.6/site-packages/airflow/example_dags/example_trigger_controller_dag.py
[2023-10-12 17:34:23,660] {scheduler_job.py:633} INFO - Processing file /home/airflow/.local/lib/python3.6/site-packages/airflow/example_dags/example_trigger_controller_dag.py for tasks to queue
[2023-10-12 17:34:23,660] {logging_mixin.py:104} INFO - [2023-10-12 17:34:23,660] {dagbag.py:496} INFO - Filling up the DagBag from /home/airflow/.local/lib/python3.6/site-packages/airflow/example_dags/example_trigger_controller_dag.py
[2023-10-12 17:34:23,671] {scheduler_job.py:643} INFO - DAG(s) dict_keys(['example_trigger_controller_dag']) retrieved from /home/airflow/.local/lib/python3.6/site-packages/airflow/example_dags/example_trigger_controller_dag.py
[2023-10-12 17:34:23,705] {logging_mixin.py:104} INFO - [2023-10-12 17:34:23,704] {dag.py:1833} INFO - Sync 1 DAGs
[2023-10-12 17:34:23,726] {logging_mixin.py:104} INFO - [2023-10-12 17:34:23,726] {dag.py:2306} INFO - Setting next_dagrun for example_trigger_controller_dag to 2023-10-10 00:00:00+00:00
[2023-10-12 17:34:23,744] {scheduler_job.py:190} INFO - Processing /home/airflow/.local/lib/python3.6/site-packages/airflow/example_dags/example_trigger_controller_dag.py took 0.088 seconds
[2023-10-12 17:34:54,175] {scheduler_job.py:182} INFO - Started process (PID=820) to work on /home/airflow/.local/lib/python3.6/site-packages/airflow/example_dags/example_trigger_controller_dag.py
[2023-10-12 17:34:54,176] {scheduler_job.py:633} INFO - Processing file /home/airflow/.local/lib/python3.6/site-packages/airflow/example_dags/example_trigger_controller_dag.py for tasks to queue
[2023-10-12 17:34:54,177] {logging_mixin.py:104} INFO - [2023-10-12 17:34:54,177] {dagbag.py:496} INFO - Filling up the DagBag from /home/airflow/.local/lib/python3.6/site-packages/airflow/example_dags/example_trigger_controller_dag.py
[2023-10-12 17:34:54,185] {scheduler_job.py:643} INFO - DAG(s) dict_keys(['example_trigger_controller_dag']) retrieved from /home/airflow/.local/lib/python3.6/site-packages/airflow/example_dags/example_trigger_controller_dag.py
[2023-10-12 17:34:54,209] {logging_mixin.py:104} INFO - [2023-10-12 17:34:54,209] {dag.py:1833} INFO - Sync 1 DAGs
[2023-10-12 17:34:54,225] {logging_mixin.py:104} INFO - [2023-10-12 17:34:54,225] {dag.py:2306} INFO - Setting next_dagrun for example_trigger_controller_dag to 2023-10-10 00:00:00+00:00
[2023-10-12 17:34:54,237] {scheduler_job.py:190} INFO - Processing /home/airflow/.local/lib/python3.6/site-packages/airflow/example_dags/example_trigger_controller_dag.py took 0.064 seconds
[2023-10-12 17:35:24,898] {scheduler_job.py:182} INFO - Started process (PID=913) to work on /home/airflow/.local/lib/python3.6/site-packages/airflow/example_dags/example_trigger_controller_dag.py
[2023-10-12 17:35:24,899] {scheduler_job.py:633} INFO - Processing file /home/airflow/.local/lib/python3.6/site-packages/airflow/example_dags/example_trigger_controller_dag.py for tasks to queue
[2023-10-12 17:35:24,900] {logging_mixin.py:104} INFO - [2023-10-12 17:35:24,900] {dagbag.py:496} INFO - Filling up the DagBag from /home/airflow/.local/lib/python3.6/site-packages/airflow/example_dags/example_trigger_controller_dag.py
[2023-10-12 17:35:24,910] {scheduler_job.py:643} INFO - DAG(s) dict_keys(['example_trigger_controller_dag']) retrieved from /home/airflow/.local/lib/python3.6/site-packages/airflow/example_dags/example_trigger_controller_dag.py
[2023-10-12 17:35:24,946] {logging_mixin.py:104} INFO - [2023-10-12 17:35:24,945] {dag.py:1833} INFO - Sync 1 DAGs
[2023-10-12 17:35:24,969] {logging_mixin.py:104} INFO - [2023-10-12 17:35:24,969] {dag.py:2306} INFO - Setting next_dagrun for example_trigger_controller_dag to 2023-10-10 00:00:00+00:00
[2023-10-12 17:35:24,981] {scheduler_job.py:190} INFO - Processing /home/airflow/.local/lib/python3.6/site-packages/airflow/example_dags/example_trigger_controller_dag.py took 0.085 seconds
[2023-10-12 17:35:55,910] {scheduler_job.py:182} INFO - Started process (PID=987) to work on /home/airflow/.local/lib/python3.6/site-packages/airflow/example_dags/example_trigger_controller_dag.py
[2023-10-12 17:35:55,910] {scheduler_job.py:633} INFO - Processing file /home/airflow/.local/lib/python3.6/site-packages/airflow/example_dags/example_trigger_controller_dag.py for tasks to queue
[2023-10-12 17:35:55,911] {logging_mixin.py:104} INFO - [2023-10-12 17:35:55,911] {dagbag.py:496} INFO - Filling up the DagBag from /home/airflow/.local/lib/python3.6/site-packages/airflow/example_dags/example_trigger_controller_dag.py
[2023-10-12 17:35:55,918] {scheduler_job.py:643} INFO - DAG(s) dict_keys(['example_trigger_controller_dag']) retrieved from /home/airflow/.local/lib/python3.6/site-packages/airflow/example_dags/example_trigger_controller_dag.py
[2023-10-12 17:35:55,937] {logging_mixin.py:104} INFO - [2023-10-12 17:35:55,937] {dag.py:1833} INFO - Sync 1 DAGs
[2023-10-12 17:35:55,950] {logging_mixin.py:104} INFO - [2023-10-12 17:35:55,950] {dag.py:2306} INFO - Setting next_dagrun for example_trigger_controller_dag to 2023-10-10 00:00:00+00:00
[2023-10-12 17:35:55,960] {scheduler_job.py:190} INFO - Processing /home/airflow/.local/lib/python3.6/site-packages/airflow/example_dags/example_trigger_controller_dag.py took 0.053 seconds
[2023-10-12 17:36:26,260] {scheduler_job.py:182} INFO - Started process (PID=1081) to work on /home/airflow/.local/lib/python3.6/site-packages/airflow/example_dags/example_trigger_controller_dag.py
[2023-10-12 17:36:26,261] {scheduler_job.py:633} INFO - Processing file /home/airflow/.local/lib/python3.6/site-packages/airflow/example_dags/example_trigger_controller_dag.py for tasks to queue
[2023-10-12 17:36:26,262] {logging_mixin.py:104} INFO - [2023-10-12 17:36:26,262] {dagbag.py:496} INFO - Filling up the DagBag from /home/airflow/.local/lib/python3.6/site-packages/airflow/example_dags/example_trigger_controller_dag.py
[2023-10-12 17:36:26,274] {scheduler_job.py:643} INFO - DAG(s) dict_keys(['example_trigger_controller_dag']) retrieved from /home/airflow/.local/lib/python3.6/site-packages/airflow/example_dags/example_trigger_controller_dag.py
[2023-10-12 17:36:26,300] {logging_mixin.py:104} INFO - [2023-10-12 17:36:26,300] {dag.py:1833} INFO - Sync 1 DAGs
[2023-10-12 17:36:26,316] {logging_mixin.py:104} INFO - [2023-10-12 17:36:26,316] {dag.py:2306} INFO - Setting next_dagrun for example_trigger_controller_dag to 2023-10-10 00:00:00+00:00
[2023-10-12 17:36:26,332] {scheduler_job.py:190} INFO - Processing /home/airflow/.local/lib/python3.6/site-packages/airflow/example_dags/example_trigger_controller_dag.py took 0.075 seconds
[2023-10-12 17:36:56,447] {scheduler_job.py:182} INFO - Started process (PID=1156) to work on /home/airflow/.local/lib/python3.6/site-packages/airflow/example_dags/example_trigger_controller_dag.py
[2023-10-12 17:36:56,448] {scheduler_job.py:633} INFO - Processing file /home/airflow/.local/lib/python3.6/site-packages/airflow/example_dags/example_trigger_controller_dag.py for tasks to queue
[2023-10-12 17:36:56,449] {logging_mixin.py:104} INFO - [2023-10-12 17:36:56,449] {dagbag.py:496} INFO - Filling up the DagBag from /home/airflow/.local/lib/python3.6/site-packages/airflow/example_dags/example_trigger_controller_dag.py
[2023-10-12 17:36:56,459] {scheduler_job.py:643} INFO - DAG(s) dict_keys(['example_trigger_controller_dag']) retrieved from /home/airflow/.local/lib/python3.6/site-packages/airflow/example_dags/example_trigger_controller_dag.py
[2023-10-12 17:36:56,485] {logging_mixin.py:104} INFO - [2023-10-12 17:36:56,484] {dag.py:1833} INFO - Sync 1 DAGs
[2023-10-12 17:36:56,504] {logging_mixin.py:104} INFO - [2023-10-12 17:36:56,504] {dag.py:2306} INFO - Setting next_dagrun for example_trigger_controller_dag to 2023-10-10 00:00:00+00:00
[2023-10-12 17:36:56,517] {scheduler_job.py:190} INFO - Processing /home/airflow/.local/lib/python3.6/site-packages/airflow/example_dags/example_trigger_controller_dag.py took 0.074 seconds
[2023-10-12 17:37:26,999] {scheduler_job.py:182} INFO - Started process (PID=1239) to work on /home/airflow/.local/lib/python3.6/site-packages/airflow/example_dags/example_trigger_controller_dag.py
[2023-10-12 17:37:27,000] {scheduler_job.py:633} INFO - Processing file /home/airflow/.local/lib/python3.6/site-packages/airflow/example_dags/example_trigger_controller_dag.py for tasks to queue
[2023-10-12 17:37:27,001] {logging_mixin.py:104} INFO - [2023-10-12 17:37:27,001] {dagbag.py:496} INFO - Filling up the DagBag from /home/airflow/.local/lib/python3.6/site-packages/airflow/example_dags/example_trigger_controller_dag.py
[2023-10-12 17:37:27,010] {scheduler_job.py:643} INFO - DAG(s) dict_keys(['example_trigger_controller_dag']) retrieved from /home/airflow/.local/lib/python3.6/site-packages/airflow/example_dags/example_trigger_controller_dag.py
[2023-10-12 17:37:27,030] {logging_mixin.py:104} INFO - [2023-10-12 17:37:27,030] {dag.py:1833} INFO - Sync 1 DAGs
[2023-10-12 17:37:27,045] {logging_mixin.py:104} INFO - [2023-10-12 17:37:27,045] {dag.py:2306} INFO - Setting next_dagrun for example_trigger_controller_dag to 2023-10-10 00:00:00+00:00
[2023-10-12 17:37:27,059] {scheduler_job.py:190} INFO - Processing /home/airflow/.local/lib/python3.6/site-packages/airflow/example_dags/example_trigger_controller_dag.py took 0.063 seconds
[2023-10-12 17:37:57,929] {scheduler_job.py:182} INFO - Started process (PID=1324) to work on /home/airflow/.local/lib/python3.6/site-packages/airflow/example_dags/example_trigger_controller_dag.py
[2023-10-12 17:37:57,930] {scheduler_job.py:633} INFO - Processing file /home/airflow/.local/lib/python3.6/site-packages/airflow/example_dags/example_trigger_controller_dag.py for tasks to queue
[2023-10-12 17:37:57,930] {logging_mixin.py:104} INFO - [2023-10-12 17:37:57,930] {dagbag.py:496} INFO - Filling up the DagBag from /home/airflow/.local/lib/python3.6/site-packages/airflow/example_dags/example_trigger_controller_dag.py
[2023-10-12 17:37:57,940] {scheduler_job.py:643} INFO - DAG(s) dict_keys(['example_trigger_controller_dag']) retrieved from /home/airflow/.local/lib/python3.6/site-packages/airflow/example_dags/example_trigger_controller_dag.py
[2023-10-12 17:37:57,965] {logging_mixin.py:104} INFO - [2023-10-12 17:37:57,965] {dag.py:1833} INFO - Sync 1 DAGs
[2023-10-12 17:37:57,984] {logging_mixin.py:104} INFO - [2023-10-12 17:37:57,984] {dag.py:2306} INFO - Setting next_dagrun for example_trigger_controller_dag to 2023-10-10 00:00:00+00:00
[2023-10-12 17:37:57,997] {scheduler_job.py:190} INFO - Processing /home/airflow/.local/lib/python3.6/site-packages/airflow/example_dags/example_trigger_controller_dag.py took 0.070 seconds
[2023-10-12 17:38:28,640] {scheduler_job.py:182} INFO - Started process (PID=1407) to work on /home/airflow/.local/lib/python3.6/site-packages/airflow/example_dags/example_trigger_controller_dag.py
[2023-10-12 17:38:28,640] {scheduler_job.py:633} INFO - Processing file /home/airflow/.local/lib/python3.6/site-packages/airflow/example_dags/example_trigger_controller_dag.py for tasks to queue
[2023-10-12 17:38:28,641] {logging_mixin.py:104} INFO - [2023-10-12 17:38:28,641] {dagbag.py:496} INFO - Filling up the DagBag from /home/airflow/.local/lib/python3.6/site-packages/airflow/example_dags/example_trigger_controller_dag.py
[2023-10-12 17:38:28,649] {scheduler_job.py:643} INFO - DAG(s) dict_keys(['example_trigger_controller_dag']) retrieved from /home/airflow/.local/lib/python3.6/site-packages/airflow/example_dags/example_trigger_controller_dag.py
[2023-10-12 17:38:28,670] {logging_mixin.py:104} INFO - [2023-10-12 17:38:28,670] {dag.py:1833} INFO - Sync 1 DAGs
[2023-10-12 17:38:28,685] {logging_mixin.py:104} INFO - [2023-10-12 17:38:28,685] {dag.py:2306} INFO - Setting next_dagrun for example_trigger_controller_dag to 2023-10-10 00:00:00+00:00
[2023-10-12 17:38:28,696] {scheduler_job.py:190} INFO - Processing /home/airflow/.local/lib/python3.6/site-packages/airflow/example_dags/example_trigger_controller_dag.py took 0.059 seconds
[2023-10-12 17:38:58,877] {scheduler_job.py:182} INFO - Started process (PID=1491) to work on /home/airflow/.local/lib/python3.6/site-packages/airflow/example_dags/example_trigger_controller_dag.py
[2023-10-12 17:38:58,878] {scheduler_job.py:633} INFO - Processing file /home/airflow/.local/lib/python3.6/site-packages/airflow/example_dags/example_trigger_controller_dag.py for tasks to queue
[2023-10-12 17:38:58,878] {logging_mixin.py:104} INFO - [2023-10-12 17:38:58,878] {dagbag.py:496} INFO - Filling up the DagBag from /home/airflow/.local/lib/python3.6/site-packages/airflow/example_dags/example_trigger_controller_dag.py
[2023-10-12 17:38:58,886] {scheduler_job.py:643} INFO - DAG(s) dict_keys(['example_trigger_controller_dag']) retrieved from /home/airflow/.local/lib/python3.6/site-packages/airflow/example_dags/example_trigger_controller_dag.py
[2023-10-12 17:38:58,912] {logging_mixin.py:104} INFO - [2023-10-12 17:38:58,912] {dag.py:1833} INFO - Sync 1 DAGs
[2023-10-12 17:38:58,929] {logging_mixin.py:104} INFO - [2023-10-12 17:38:58,929] {dag.py:2306} INFO - Setting next_dagrun for example_trigger_controller_dag to 2023-10-10 00:00:00+00:00
[2023-10-12 17:38:58,942] {scheduler_job.py:190} INFO - Processing /home/airflow/.local/lib/python3.6/site-packages/airflow/example_dags/example_trigger_controller_dag.py took 0.067 seconds
[2023-10-12 17:39:29,326] {scheduler_job.py:182} INFO - Started process (PID=1574) to work on /home/airflow/.local/lib/python3.6/site-packages/airflow/example_dags/example_trigger_controller_dag.py
[2023-10-12 17:39:29,328] {scheduler_job.py:633} INFO - Processing file /home/airflow/.local/lib/python3.6/site-packages/airflow/example_dags/example_trigger_controller_dag.py for tasks to queue
[2023-10-12 17:39:29,329] {logging_mixin.py:104} INFO - [2023-10-12 17:39:29,328] {dagbag.py:496} INFO - Filling up the DagBag from /home/airflow/.local/lib/python3.6/site-packages/airflow/example_dags/example_trigger_controller_dag.py
[2023-10-12 17:39:29,341] {scheduler_job.py:643} INFO - DAG(s) dict_keys(['example_trigger_controller_dag']) retrieved from /home/airflow/.local/lib/python3.6/site-packages/airflow/example_dags/example_trigger_controller_dag.py
[2023-10-12 17:39:29,364] {logging_mixin.py:104} INFO - [2023-10-12 17:39:29,364] {dag.py:1833} INFO - Sync 1 DAGs
[2023-10-12 17:39:29,381] {logging_mixin.py:104} INFO - [2023-10-12 17:39:29,381] {dag.py:2306} INFO - Setting next_dagrun for example_trigger_controller_dag to 2023-10-10 00:00:00+00:00
[2023-10-12 17:39:29,394] {scheduler_job.py:190} INFO - Processing /home/airflow/.local/lib/python3.6/site-packages/airflow/example_dags/example_trigger_controller_dag.py took 0.071 seconds
[2023-10-12 17:40:00,247] {scheduler_job.py:182} INFO - Started process (PID=1658) to work on /home/airflow/.local/lib/python3.6/site-packages/airflow/example_dags/example_trigger_controller_dag.py
[2023-10-12 17:40:00,248] {scheduler_job.py:633} INFO - Processing file /home/airflow/.local/lib/python3.6/site-packages/airflow/example_dags/example_trigger_controller_dag.py for tasks to queue
[2023-10-12 17:40:00,249] {logging_mixin.py:104} INFO - [2023-10-12 17:40:00,249] {dagbag.py:496} INFO - Filling up the DagBag from /home/airflow/.local/lib/python3.6/site-packages/airflow/example_dags/example_trigger_controller_dag.py
[2023-10-12 17:40:00,262] {scheduler_job.py:643} INFO - DAG(s) dict_keys(['example_trigger_controller_dag']) retrieved from /home/airflow/.local/lib/python3.6/site-packages/airflow/example_dags/example_trigger_controller_dag.py
[2023-10-12 17:40:00,298] {logging_mixin.py:104} INFO - [2023-10-12 17:40:00,298] {dag.py:1833} INFO - Sync 1 DAGs
[2023-10-12 17:40:00,329] {logging_mixin.py:104} INFO - [2023-10-12 17:40:00,328] {dag.py:2306} INFO - Setting next_dagrun for example_trigger_controller_dag to 2023-10-10 00:00:00+00:00
[2023-10-12 17:40:00,351] {scheduler_job.py:190} INFO - Processing /home/airflow/.local/lib/python3.6/site-packages/airflow/example_dags/example_trigger_controller_dag.py took 0.107 seconds
[2023-10-12 17:40:30,769] {scheduler_job.py:182} INFO - Started process (PID=1741) to work on /home/airflow/.local/lib/python3.6/site-packages/airflow/example_dags/example_trigger_controller_dag.py
[2023-10-12 17:40:30,770] {scheduler_job.py:633} INFO - Processing file /home/airflow/.local/lib/python3.6/site-packages/airflow/example_dags/example_trigger_controller_dag.py for tasks to queue
[2023-10-12 17:40:30,771] {logging_mixin.py:104} INFO - [2023-10-12 17:40:30,771] {dagbag.py:496} INFO - Filling up the DagBag from /home/airflow/.local/lib/python3.6/site-packages/airflow/example_dags/example_trigger_controller_dag.py
[2023-10-12 17:40:30,783] {scheduler_job.py:643} INFO - DAG(s) dict_keys(['example_trigger_controller_dag']) retrieved from /home/airflow/.local/lib/python3.6/site-packages/airflow/example_dags/example_trigger_controller_dag.py
[2023-10-12 17:40:30,847] {logging_mixin.py:104} INFO - [2023-10-12 17:40:30,846] {dag.py:1833} INFO - Sync 1 DAGs
[2023-10-12 17:40:30,865] {logging_mixin.py:104} INFO - [2023-10-12 17:40:30,865] {dag.py:2306} INFO - Setting next_dagrun for example_trigger_controller_dag to 2023-10-10 00:00:00+00:00
[2023-10-12 17:40:30,879] {scheduler_job.py:190} INFO - Processing /home/airflow/.local/lib/python3.6/site-packages/airflow/example_dags/example_trigger_controller_dag.py took 0.113 seconds
[2023-10-12 17:41:01,051] {scheduler_job.py:182} INFO - Started process (PID=1815) to work on /home/airflow/.local/lib/python3.6/site-packages/airflow/example_dags/example_trigger_controller_dag.py
[2023-10-12 17:41:01,052] {scheduler_job.py:633} INFO - Processing file /home/airflow/.local/lib/python3.6/site-packages/airflow/example_dags/example_trigger_controller_dag.py for tasks to queue
[2023-10-12 17:41:01,053] {logging_mixin.py:104} INFO - [2023-10-12 17:41:01,052] {dagbag.py:496} INFO - Filling up the DagBag from /home/airflow/.local/lib/python3.6/site-packages/airflow/example_dags/example_trigger_controller_dag.py
[2023-10-12 17:41:01,066] {scheduler_job.py:643} INFO - DAG(s) dict_keys(['example_trigger_controller_dag']) retrieved from /home/airflow/.local/lib/python3.6/site-packages/airflow/example_dags/example_trigger_controller_dag.py
[2023-10-12 17:41:01,094] {logging_mixin.py:104} INFO - [2023-10-12 17:41:01,094] {dag.py:1833} INFO - Sync 1 DAGs
[2023-10-12 17:41:01,115] {logging_mixin.py:104} INFO - [2023-10-12 17:41:01,115] {dag.py:2306} INFO - Setting next_dagrun for example_trigger_controller_dag to 2023-10-10 00:00:00+00:00
[2023-10-12 17:41:01,126] {scheduler_job.py:190} INFO - Processing /home/airflow/.local/lib/python3.6/site-packages/airflow/example_dags/example_trigger_controller_dag.py took 0.078 seconds
