[2023-10-12 17:30:15,383] {scheduler_job.py:182} INFO - Started process (PID=83) to work on /home/airflow/.local/lib/python3.6/site-packages/airflow/example_dags/example_branch_labels.py
[2023-10-12 17:30:15,384] {scheduler_job.py:633} INFO - Processing file /home/airflow/.local/lib/python3.6/site-packages/airflow/example_dags/example_branch_labels.py for tasks to queue
[2023-10-12 17:30:15,394] {logging_mixin.py:104} INFO - [2023-10-12 17:30:15,394] {dagbag.py:496} INFO - Filling up the DagBag from /home/airflow/.local/lib/python3.6/site-packages/airflow/example_dags/example_branch_labels.py
[2023-10-12 17:30:15,411] {scheduler_job.py:643} INFO - DAG(s) dict_keys(['example_branch_labels']) retrieved from /home/airflow/.local/lib/python3.6/site-packages/airflow/example_dags/example_branch_labels.py
[2023-10-12 17:30:15,727] {logging_mixin.py:104} INFO - [2023-10-12 17:30:15,727] {dag.py:1833} INFO - Sync 1 DAGs
[2023-10-12 17:30:15,758] {logging_mixin.py:104} INFO - [2023-10-12 17:30:15,758] {dag.py:2306} INFO - Setting next_dagrun for example_branch_labels to 2023-10-10 00:00:00+00:00
[2023-10-12 17:30:15,822] {scheduler_job.py:190} INFO - Processing /home/airflow/.local/lib/python3.6/site-packages/airflow/example_dags/example_branch_labels.py took 0.443 seconds
[2023-10-12 17:30:46,264] {scheduler_job.py:182} INFO - Started process (PID=153) to work on /home/airflow/.local/lib/python3.6/site-packages/airflow/example_dags/example_branch_labels.py
[2023-10-12 17:30:46,265] {scheduler_job.py:633} INFO - Processing file /home/airflow/.local/lib/python3.6/site-packages/airflow/example_dags/example_branch_labels.py for tasks to queue
[2023-10-12 17:30:46,265] {logging_mixin.py:104} INFO - [2023-10-12 17:30:46,265] {dagbag.py:496} INFO - Filling up the DagBag from /home/airflow/.local/lib/python3.6/site-packages/airflow/example_dags/example_branch_labels.py
[2023-10-12 17:30:46,274] {scheduler_job.py:643} INFO - DAG(s) dict_keys(['example_branch_labels']) retrieved from /home/airflow/.local/lib/python3.6/site-packages/airflow/example_dags/example_branch_labels.py
[2023-10-12 17:30:46,293] {logging_mixin.py:104} INFO - [2023-10-12 17:30:46,293] {dag.py:1833} INFO - Sync 1 DAGs
[2023-10-12 17:30:46,309] {logging_mixin.py:104} INFO - [2023-10-12 17:30:46,309] {dag.py:2306} INFO - Setting next_dagrun for example_branch_labels to 2023-10-10 00:00:00+00:00
[2023-10-12 17:30:46,319] {scheduler_job.py:190} INFO - Processing /home/airflow/.local/lib/python3.6/site-packages/airflow/example_dags/example_branch_labels.py took 0.057 seconds
[2023-10-12 17:31:16,605] {scheduler_job.py:182} INFO - Started process (PID=236) to work on /home/airflow/.local/lib/python3.6/site-packages/airflow/example_dags/example_branch_labels.py
[2023-10-12 17:31:16,606] {scheduler_job.py:633} INFO - Processing file /home/airflow/.local/lib/python3.6/site-packages/airflow/example_dags/example_branch_labels.py for tasks to queue
[2023-10-12 17:31:16,606] {logging_mixin.py:104} INFO - [2023-10-12 17:31:16,606] {dagbag.py:496} INFO - Filling up the DagBag from /home/airflow/.local/lib/python3.6/site-packages/airflow/example_dags/example_branch_labels.py
[2023-10-12 17:31:16,617] {scheduler_job.py:643} INFO - DAG(s) dict_keys(['example_branch_labels']) retrieved from /home/airflow/.local/lib/python3.6/site-packages/airflow/example_dags/example_branch_labels.py
[2023-10-12 17:31:16,637] {logging_mixin.py:104} INFO - [2023-10-12 17:31:16,636] {dag.py:1833} INFO - Sync 1 DAGs
[2023-10-12 17:31:16,652] {logging_mixin.py:104} INFO - [2023-10-12 17:31:16,652] {dag.py:2306} INFO - Setting next_dagrun for example_branch_labels to 2023-10-10 00:00:00+00:00
[2023-10-12 17:31:16,661] {scheduler_job.py:190} INFO - Processing /home/airflow/.local/lib/python3.6/site-packages/airflow/example_dags/example_branch_labels.py took 0.058 seconds
[2023-10-12 17:31:46,910] {scheduler_job.py:182} INFO - Started process (PID=321) to work on /home/airflow/.local/lib/python3.6/site-packages/airflow/example_dags/example_branch_labels.py
[2023-10-12 17:31:46,911] {scheduler_job.py:633} INFO - Processing file /home/airflow/.local/lib/python3.6/site-packages/airflow/example_dags/example_branch_labels.py for tasks to queue
[2023-10-12 17:31:46,921] {logging_mixin.py:104} INFO - [2023-10-12 17:31:46,921] {dagbag.py:496} INFO - Filling up the DagBag from /home/airflow/.local/lib/python3.6/site-packages/airflow/example_dags/example_branch_labels.py
[2023-10-12 17:31:46,940] {scheduler_job.py:643} INFO - DAG(s) dict_keys(['example_branch_labels']) retrieved from /home/airflow/.local/lib/python3.6/site-packages/airflow/example_dags/example_branch_labels.py
[2023-10-12 17:31:46,971] {logging_mixin.py:104} INFO - [2023-10-12 17:31:46,970] {dag.py:1833} INFO - Sync 1 DAGs
[2023-10-12 17:31:47,001] {logging_mixin.py:104} INFO - [2023-10-12 17:31:47,001] {dag.py:2306} INFO - Setting next_dagrun for example_branch_labels to 2023-10-10 00:00:00+00:00
[2023-10-12 17:31:47,019] {scheduler_job.py:190} INFO - Processing /home/airflow/.local/lib/python3.6/site-packages/airflow/example_dags/example_branch_labels.py took 0.113 seconds
[2023-10-12 17:32:17,402] {scheduler_job.py:182} INFO - Started process (PID=404) to work on /home/airflow/.local/lib/python3.6/site-packages/airflow/example_dags/example_branch_labels.py
[2023-10-12 17:32:17,403] {scheduler_job.py:633} INFO - Processing file /home/airflow/.local/lib/python3.6/site-packages/airflow/example_dags/example_branch_labels.py for tasks to queue
[2023-10-12 17:32:17,404] {logging_mixin.py:104} INFO - [2023-10-12 17:32:17,404] {dagbag.py:496} INFO - Filling up the DagBag from /home/airflow/.local/lib/python3.6/site-packages/airflow/example_dags/example_branch_labels.py
[2023-10-12 17:32:17,415] {scheduler_job.py:643} INFO - DAG(s) dict_keys(['example_branch_labels']) retrieved from /home/airflow/.local/lib/python3.6/site-packages/airflow/example_dags/example_branch_labels.py
[2023-10-12 17:32:17,450] {logging_mixin.py:104} INFO - [2023-10-12 17:32:17,450] {dag.py:1833} INFO - Sync 1 DAGs
[2023-10-12 17:32:17,478] {logging_mixin.py:104} INFO - [2023-10-12 17:32:17,477] {dag.py:2306} INFO - Setting next_dagrun for example_branch_labels to 2023-10-10 00:00:00+00:00
[2023-10-12 17:32:17,491] {scheduler_job.py:190} INFO - Processing /home/airflow/.local/lib/python3.6/site-packages/airflow/example_dags/example_branch_labels.py took 0.092 seconds
[2023-10-12 17:32:48,026] {scheduler_job.py:182} INFO - Started process (PID=478) to work on /home/airflow/.local/lib/python3.6/site-packages/airflow/example_dags/example_branch_labels.py
[2023-10-12 17:32:48,027] {scheduler_job.py:633} INFO - Processing file /home/airflow/.local/lib/python3.6/site-packages/airflow/example_dags/example_branch_labels.py for tasks to queue
[2023-10-12 17:32:48,027] {logging_mixin.py:104} INFO - [2023-10-12 17:32:48,027] {dagbag.py:496} INFO - Filling up the DagBag from /home/airflow/.local/lib/python3.6/site-packages/airflow/example_dags/example_branch_labels.py
[2023-10-12 17:32:48,037] {scheduler_job.py:643} INFO - DAG(s) dict_keys(['example_branch_labels']) retrieved from /home/airflow/.local/lib/python3.6/site-packages/airflow/example_dags/example_branch_labels.py
[2023-10-12 17:32:48,062] {logging_mixin.py:104} INFO - [2023-10-12 17:32:48,062] {dag.py:1833} INFO - Sync 1 DAGs
[2023-10-12 17:32:48,083] {logging_mixin.py:104} INFO - [2023-10-12 17:32:48,083] {dag.py:2306} INFO - Setting next_dagrun for example_branch_labels to 2023-10-10 00:00:00+00:00
[2023-10-12 17:32:48,094] {scheduler_job.py:190} INFO - Processing /home/airflow/.local/lib/python3.6/site-packages/airflow/example_dags/example_branch_labels.py took 0.071 seconds
[2023-10-12 17:33:18,155] {scheduler_job.py:182} INFO - Started process (PID=569) to work on /home/airflow/.local/lib/python3.6/site-packages/airflow/example_dags/example_branch_labels.py
[2023-10-12 17:33:18,156] {scheduler_job.py:633} INFO - Processing file /home/airflow/.local/lib/python3.6/site-packages/airflow/example_dags/example_branch_labels.py for tasks to queue
[2023-10-12 17:33:18,157] {logging_mixin.py:104} INFO - [2023-10-12 17:33:18,157] {dagbag.py:496} INFO - Filling up the DagBag from /home/airflow/.local/lib/python3.6/site-packages/airflow/example_dags/example_branch_labels.py
[2023-10-12 17:33:18,170] {scheduler_job.py:643} INFO - DAG(s) dict_keys(['example_branch_labels']) retrieved from /home/airflow/.local/lib/python3.6/site-packages/airflow/example_dags/example_branch_labels.py
[2023-10-12 17:33:18,197] {logging_mixin.py:104} INFO - [2023-10-12 17:33:18,197] {dag.py:1833} INFO - Sync 1 DAGs
[2023-10-12 17:33:18,217] {logging_mixin.py:104} INFO - [2023-10-12 17:33:18,217] {dag.py:2306} INFO - Setting next_dagrun for example_branch_labels to 2023-10-10 00:00:00+00:00
[2023-10-12 17:33:18,228] {scheduler_job.py:190} INFO - Processing /home/airflow/.local/lib/python3.6/site-packages/airflow/example_dags/example_branch_labels.py took 0.076 seconds
[2023-10-12 17:33:48,695] {scheduler_job.py:182} INFO - Started process (PID=644) to work on /home/airflow/.local/lib/python3.6/site-packages/airflow/example_dags/example_branch_labels.py
[2023-10-12 17:33:48,696] {scheduler_job.py:633} INFO - Processing file /home/airflow/.local/lib/python3.6/site-packages/airflow/example_dags/example_branch_labels.py for tasks to queue
[2023-10-12 17:33:48,696] {logging_mixin.py:104} INFO - [2023-10-12 17:33:48,696] {dagbag.py:496} INFO - Filling up the DagBag from /home/airflow/.local/lib/python3.6/site-packages/airflow/example_dags/example_branch_labels.py
[2023-10-12 17:33:48,705] {scheduler_job.py:643} INFO - DAG(s) dict_keys(['example_branch_labels']) retrieved from /home/airflow/.local/lib/python3.6/site-packages/airflow/example_dags/example_branch_labels.py
[2023-10-12 17:33:48,727] {logging_mixin.py:104} INFO - [2023-10-12 17:33:48,727] {dag.py:1833} INFO - Sync 1 DAGs
[2023-10-12 17:33:48,744] {logging_mixin.py:104} INFO - [2023-10-12 17:33:48,744] {dag.py:2306} INFO - Setting next_dagrun for example_branch_labels to 2023-10-10 00:00:00+00:00
[2023-10-12 17:33:48,754] {scheduler_job.py:190} INFO - Processing /home/airflow/.local/lib/python3.6/site-packages/airflow/example_dags/example_branch_labels.py took 0.061 seconds
[2023-10-12 17:34:19,012] {scheduler_job.py:182} INFO - Started process (PID=727) to work on /home/airflow/.local/lib/python3.6/site-packages/airflow/example_dags/example_branch_labels.py
[2023-10-12 17:34:19,012] {scheduler_job.py:633} INFO - Processing file /home/airflow/.local/lib/python3.6/site-packages/airflow/example_dags/example_branch_labels.py for tasks to queue
[2023-10-12 17:34:19,013] {logging_mixin.py:104} INFO - [2023-10-12 17:34:19,013] {dagbag.py:496} INFO - Filling up the DagBag from /home/airflow/.local/lib/python3.6/site-packages/airflow/example_dags/example_branch_labels.py
[2023-10-12 17:34:19,021] {scheduler_job.py:643} INFO - DAG(s) dict_keys(['example_branch_labels']) retrieved from /home/airflow/.local/lib/python3.6/site-packages/airflow/example_dags/example_branch_labels.py
[2023-10-12 17:34:19,043] {logging_mixin.py:104} INFO - [2023-10-12 17:34:19,043] {dag.py:1833} INFO - Sync 1 DAGs
[2023-10-12 17:34:19,058] {logging_mixin.py:104} INFO - [2023-10-12 17:34:19,058] {dag.py:2306} INFO - Setting next_dagrun for example_branch_labels to 2023-10-10 00:00:00+00:00
[2023-10-12 17:34:19,069] {scheduler_job.py:190} INFO - Processing /home/airflow/.local/lib/python3.6/site-packages/airflow/example_dags/example_branch_labels.py took 0.059 seconds
[2023-10-12 17:34:49,435] {scheduler_job.py:182} INFO - Started process (PID=810) to work on /home/airflow/.local/lib/python3.6/site-packages/airflow/example_dags/example_branch_labels.py
[2023-10-12 17:34:49,436] {scheduler_job.py:633} INFO - Processing file /home/airflow/.local/lib/python3.6/site-packages/airflow/example_dags/example_branch_labels.py for tasks to queue
[2023-10-12 17:34:49,436] {logging_mixin.py:104} INFO - [2023-10-12 17:34:49,436] {dagbag.py:496} INFO - Filling up the DagBag from /home/airflow/.local/lib/python3.6/site-packages/airflow/example_dags/example_branch_labels.py
[2023-10-12 17:34:49,451] {scheduler_job.py:643} INFO - DAG(s) dict_keys(['example_branch_labels']) retrieved from /home/airflow/.local/lib/python3.6/site-packages/airflow/example_dags/example_branch_labels.py
[2023-10-12 17:34:49,481] {logging_mixin.py:104} INFO - [2023-10-12 17:34:49,480] {dag.py:1833} INFO - Sync 1 DAGs
[2023-10-12 17:34:49,506] {logging_mixin.py:104} INFO - [2023-10-12 17:34:49,506] {dag.py:2306} INFO - Setting next_dagrun for example_branch_labels to 2023-10-10 00:00:00+00:00
[2023-10-12 17:34:49,521] {scheduler_job.py:190} INFO - Processing /home/airflow/.local/lib/python3.6/site-packages/airflow/example_dags/example_branch_labels.py took 0.090 seconds
[2023-10-12 17:35:20,324] {scheduler_job.py:182} INFO - Started process (PID=893) to work on /home/airflow/.local/lib/python3.6/site-packages/airflow/example_dags/example_branch_labels.py
[2023-10-12 17:35:20,325] {scheduler_job.py:633} INFO - Processing file /home/airflow/.local/lib/python3.6/site-packages/airflow/example_dags/example_branch_labels.py for tasks to queue
[2023-10-12 17:35:20,326] {logging_mixin.py:104} INFO - [2023-10-12 17:35:20,326] {dagbag.py:496} INFO - Filling up the DagBag from /home/airflow/.local/lib/python3.6/site-packages/airflow/example_dags/example_branch_labels.py
[2023-10-12 17:35:20,340] {scheduler_job.py:643} INFO - DAG(s) dict_keys(['example_branch_labels']) retrieved from /home/airflow/.local/lib/python3.6/site-packages/airflow/example_dags/example_branch_labels.py
[2023-10-12 17:35:20,368] {logging_mixin.py:104} INFO - [2023-10-12 17:35:20,367] {dag.py:1833} INFO - Sync 1 DAGs
[2023-10-12 17:35:20,393] {logging_mixin.py:104} INFO - [2023-10-12 17:35:20,393] {dag.py:2306} INFO - Setting next_dagrun for example_branch_labels to 2023-10-10 00:00:00+00:00
[2023-10-12 17:35:20,408] {scheduler_job.py:190} INFO - Processing /home/airflow/.local/lib/python3.6/site-packages/airflow/example_dags/example_branch_labels.py took 0.087 seconds
[2023-10-12 17:35:50,435] {scheduler_job.py:182} INFO - Started process (PID=977) to work on /home/airflow/.local/lib/python3.6/site-packages/airflow/example_dags/example_branch_labels.py
[2023-10-12 17:35:50,436] {scheduler_job.py:633} INFO - Processing file /home/airflow/.local/lib/python3.6/site-packages/airflow/example_dags/example_branch_labels.py for tasks to queue
[2023-10-12 17:35:50,437] {logging_mixin.py:104} INFO - [2023-10-12 17:35:50,437] {dagbag.py:496} INFO - Filling up the DagBag from /home/airflow/.local/lib/python3.6/site-packages/airflow/example_dags/example_branch_labels.py
[2023-10-12 17:35:50,451] {scheduler_job.py:643} INFO - DAG(s) dict_keys(['example_branch_labels']) retrieved from /home/airflow/.local/lib/python3.6/site-packages/airflow/example_dags/example_branch_labels.py
[2023-10-12 17:35:50,478] {logging_mixin.py:104} INFO - [2023-10-12 17:35:50,478] {dag.py:1833} INFO - Sync 1 DAGs
[2023-10-12 17:35:50,499] {logging_mixin.py:104} INFO - [2023-10-12 17:35:50,499] {dag.py:2306} INFO - Setting next_dagrun for example_branch_labels to 2023-10-10 00:00:00+00:00
[2023-10-12 17:35:50,513] {scheduler_job.py:190} INFO - Processing /home/airflow/.local/lib/python3.6/site-packages/airflow/example_dags/example_branch_labels.py took 0.081 seconds
[2023-10-12 17:36:20,671] {scheduler_job.py:182} INFO - Started process (PID=1061) to work on /home/airflow/.local/lib/python3.6/site-packages/airflow/example_dags/example_branch_labels.py
[2023-10-12 17:36:20,672] {scheduler_job.py:633} INFO - Processing file /home/airflow/.local/lib/python3.6/site-packages/airflow/example_dags/example_branch_labels.py for tasks to queue
[2023-10-12 17:36:20,673] {logging_mixin.py:104} INFO - [2023-10-12 17:36:20,673] {dagbag.py:496} INFO - Filling up the DagBag from /home/airflow/.local/lib/python3.6/site-packages/airflow/example_dags/example_branch_labels.py
[2023-10-12 17:36:20,682] {scheduler_job.py:643} INFO - DAG(s) dict_keys(['example_branch_labels']) retrieved from /home/airflow/.local/lib/python3.6/site-packages/airflow/example_dags/example_branch_labels.py
[2023-10-12 17:36:20,703] {logging_mixin.py:104} INFO - [2023-10-12 17:36:20,703] {dag.py:1833} INFO - Sync 1 DAGs
[2023-10-12 17:36:20,721] {logging_mixin.py:104} INFO - [2023-10-12 17:36:20,720] {dag.py:2306} INFO - Setting next_dagrun for example_branch_labels to 2023-10-10 00:00:00+00:00
[2023-10-12 17:36:20,733] {scheduler_job.py:190} INFO - Processing /home/airflow/.local/lib/python3.6/site-packages/airflow/example_dags/example_branch_labels.py took 0.064 seconds
[2023-10-12 17:36:50,783] {scheduler_job.py:182} INFO - Started process (PID=1136) to work on /home/airflow/.local/lib/python3.6/site-packages/airflow/example_dags/example_branch_labels.py
[2023-10-12 17:36:50,784] {scheduler_job.py:633} INFO - Processing file /home/airflow/.local/lib/python3.6/site-packages/airflow/example_dags/example_branch_labels.py for tasks to queue
[2023-10-12 17:36:50,784] {logging_mixin.py:104} INFO - [2023-10-12 17:36:50,784] {dagbag.py:496} INFO - Filling up the DagBag from /home/airflow/.local/lib/python3.6/site-packages/airflow/example_dags/example_branch_labels.py
[2023-10-12 17:36:50,792] {scheduler_job.py:643} INFO - DAG(s) dict_keys(['example_branch_labels']) retrieved from /home/airflow/.local/lib/python3.6/site-packages/airflow/example_dags/example_branch_labels.py
[2023-10-12 17:36:50,811] {logging_mixin.py:104} INFO - [2023-10-12 17:36:50,811] {dag.py:1833} INFO - Sync 1 DAGs
[2023-10-12 17:36:50,827] {logging_mixin.py:104} INFO - [2023-10-12 17:36:50,827] {dag.py:2306} INFO - Setting next_dagrun for example_branch_labels to 2023-10-10 00:00:00+00:00
[2023-10-12 17:36:50,836] {scheduler_job.py:190} INFO - Processing /home/airflow/.local/lib/python3.6/site-packages/airflow/example_dags/example_branch_labels.py took 0.055 seconds
[2023-10-12 17:37:21,484] {scheduler_job.py:182} INFO - Started process (PID=1229) to work on /home/airflow/.local/lib/python3.6/site-packages/airflow/example_dags/example_branch_labels.py
[2023-10-12 17:37:21,486] {scheduler_job.py:633} INFO - Processing file /home/airflow/.local/lib/python3.6/site-packages/airflow/example_dags/example_branch_labels.py for tasks to queue
[2023-10-12 17:37:21,487] {logging_mixin.py:104} INFO - [2023-10-12 17:37:21,487] {dagbag.py:496} INFO - Filling up the DagBag from /home/airflow/.local/lib/python3.6/site-packages/airflow/example_dags/example_branch_labels.py
[2023-10-12 17:37:21,502] {scheduler_job.py:643} INFO - DAG(s) dict_keys(['example_branch_labels']) retrieved from /home/airflow/.local/lib/python3.6/site-packages/airflow/example_dags/example_branch_labels.py
[2023-10-12 17:37:21,527] {logging_mixin.py:104} INFO - [2023-10-12 17:37:21,527] {dag.py:1833} INFO - Sync 1 DAGs
[2023-10-12 17:37:21,548] {logging_mixin.py:104} INFO - [2023-10-12 17:37:21,548] {dag.py:2306} INFO - Setting next_dagrun for example_branch_labels to 2023-10-10 00:00:00+00:00
[2023-10-12 17:37:21,561] {scheduler_job.py:190} INFO - Processing /home/airflow/.local/lib/python3.6/site-packages/airflow/example_dags/example_branch_labels.py took 0.081 seconds
[2023-10-12 17:37:52,442] {scheduler_job.py:182} INFO - Started process (PID=1304) to work on /home/airflow/.local/lib/python3.6/site-packages/airflow/example_dags/example_branch_labels.py
[2023-10-12 17:37:52,443] {scheduler_job.py:633} INFO - Processing file /home/airflow/.local/lib/python3.6/site-packages/airflow/example_dags/example_branch_labels.py for tasks to queue
[2023-10-12 17:37:52,444] {logging_mixin.py:104} INFO - [2023-10-12 17:37:52,444] {dagbag.py:496} INFO - Filling up the DagBag from /home/airflow/.local/lib/python3.6/site-packages/airflow/example_dags/example_branch_labels.py
[2023-10-12 17:37:52,466] {scheduler_job.py:643} INFO - DAG(s) dict_keys(['example_branch_labels']) retrieved from /home/airflow/.local/lib/python3.6/site-packages/airflow/example_dags/example_branch_labels.py
[2023-10-12 17:37:52,495] {logging_mixin.py:104} INFO - [2023-10-12 17:37:52,494] {dag.py:1833} INFO - Sync 1 DAGs
[2023-10-12 17:37:52,515] {logging_mixin.py:104} INFO - [2023-10-12 17:37:52,515] {dag.py:2306} INFO - Setting next_dagrun for example_branch_labels to 2023-10-10 00:00:00+00:00
[2023-10-12 17:37:52,528] {scheduler_job.py:190} INFO - Processing /home/airflow/.local/lib/python3.6/site-packages/airflow/example_dags/example_branch_labels.py took 0.091 seconds
[2023-10-12 17:38:22,869] {scheduler_job.py:182} INFO - Started process (PID=1397) to work on /home/airflow/.local/lib/python3.6/site-packages/airflow/example_dags/example_branch_labels.py
[2023-10-12 17:38:22,870] {scheduler_job.py:633} INFO - Processing file /home/airflow/.local/lib/python3.6/site-packages/airflow/example_dags/example_branch_labels.py for tasks to queue
[2023-10-12 17:38:22,871] {logging_mixin.py:104} INFO - [2023-10-12 17:38:22,871] {dagbag.py:496} INFO - Filling up the DagBag from /home/airflow/.local/lib/python3.6/site-packages/airflow/example_dags/example_branch_labels.py
[2023-10-12 17:38:22,887] {scheduler_job.py:643} INFO - DAG(s) dict_keys(['example_branch_labels']) retrieved from /home/airflow/.local/lib/python3.6/site-packages/airflow/example_dags/example_branch_labels.py
[2023-10-12 17:38:22,916] {logging_mixin.py:104} INFO - [2023-10-12 17:38:22,916] {dag.py:1833} INFO - Sync 1 DAGs
[2023-10-12 17:38:22,940] {logging_mixin.py:104} INFO - [2023-10-12 17:38:22,940] {dag.py:2306} INFO - Setting next_dagrun for example_branch_labels to 2023-10-10 00:00:00+00:00
[2023-10-12 17:38:22,959] {scheduler_job.py:190} INFO - Processing /home/airflow/.local/lib/python3.6/site-packages/airflow/example_dags/example_branch_labels.py took 0.093 seconds
[2023-10-12 17:38:53,253] {scheduler_job.py:182} INFO - Started process (PID=1471) to work on /home/airflow/.local/lib/python3.6/site-packages/airflow/example_dags/example_branch_labels.py
[2023-10-12 17:38:53,254] {scheduler_job.py:633} INFO - Processing file /home/airflow/.local/lib/python3.6/site-packages/airflow/example_dags/example_branch_labels.py for tasks to queue
[2023-10-12 17:38:53,255] {logging_mixin.py:104} INFO - [2023-10-12 17:38:53,254] {dagbag.py:496} INFO - Filling up the DagBag from /home/airflow/.local/lib/python3.6/site-packages/airflow/example_dags/example_branch_labels.py
[2023-10-12 17:38:53,267] {scheduler_job.py:643} INFO - DAG(s) dict_keys(['example_branch_labels']) retrieved from /home/airflow/.local/lib/python3.6/site-packages/airflow/example_dags/example_branch_labels.py
[2023-10-12 17:38:53,293] {logging_mixin.py:104} INFO - [2023-10-12 17:38:53,293] {dag.py:1833} INFO - Sync 1 DAGs
[2023-10-12 17:38:53,313] {logging_mixin.py:104} INFO - [2023-10-12 17:38:53,313] {dag.py:2306} INFO - Setting next_dagrun for example_branch_labels to 2023-10-10 00:00:00+00:00
[2023-10-12 17:38:53,324] {scheduler_job.py:190} INFO - Processing /home/airflow/.local/lib/python3.6/site-packages/airflow/example_dags/example_branch_labels.py took 0.075 seconds
[2023-10-12 17:39:23,437] {scheduler_job.py:182} INFO - Started process (PID=1563) to work on /home/airflow/.local/lib/python3.6/site-packages/airflow/example_dags/example_branch_labels.py
[2023-10-12 17:39:23,438] {scheduler_job.py:633} INFO - Processing file /home/airflow/.local/lib/python3.6/site-packages/airflow/example_dags/example_branch_labels.py for tasks to queue
[2023-10-12 17:39:23,439] {logging_mixin.py:104} INFO - [2023-10-12 17:39:23,438] {dagbag.py:496} INFO - Filling up the DagBag from /home/airflow/.local/lib/python3.6/site-packages/airflow/example_dags/example_branch_labels.py
[2023-10-12 17:39:23,451] {scheduler_job.py:643} INFO - DAG(s) dict_keys(['example_branch_labels']) retrieved from /home/airflow/.local/lib/python3.6/site-packages/airflow/example_dags/example_branch_labels.py
[2023-10-12 17:39:23,480] {logging_mixin.py:104} INFO - [2023-10-12 17:39:23,480] {dag.py:1833} INFO - Sync 1 DAGs
[2023-10-12 17:39:23,505] {logging_mixin.py:104} INFO - [2023-10-12 17:39:23,505] {dag.py:2306} INFO - Setting next_dagrun for example_branch_labels to 2023-10-10 00:00:00+00:00
[2023-10-12 17:39:23,522] {scheduler_job.py:190} INFO - Processing /home/airflow/.local/lib/python3.6/site-packages/airflow/example_dags/example_branch_labels.py took 0.088 seconds
[2023-10-12 17:39:53,717] {scheduler_job.py:182} INFO - Started process (PID=1637) to work on /home/airflow/.local/lib/python3.6/site-packages/airflow/example_dags/example_branch_labels.py
[2023-10-12 17:39:53,718] {scheduler_job.py:633} INFO - Processing file /home/airflow/.local/lib/python3.6/site-packages/airflow/example_dags/example_branch_labels.py for tasks to queue
[2023-10-12 17:39:53,720] {logging_mixin.py:104} INFO - [2023-10-12 17:39:53,719] {dagbag.py:496} INFO - Filling up the DagBag from /home/airflow/.local/lib/python3.6/site-packages/airflow/example_dags/example_branch_labels.py
[2023-10-12 17:39:53,737] {scheduler_job.py:643} INFO - DAG(s) dict_keys(['example_branch_labels']) retrieved from /home/airflow/.local/lib/python3.6/site-packages/airflow/example_dags/example_branch_labels.py
[2023-10-12 17:39:53,768] {logging_mixin.py:104} INFO - [2023-10-12 17:39:53,768] {dag.py:1833} INFO - Sync 1 DAGs
[2023-10-12 17:39:53,802] {logging_mixin.py:104} INFO - [2023-10-12 17:39:53,802] {dag.py:2306} INFO - Setting next_dagrun for example_branch_labels to 2023-10-10 00:00:00+00:00
[2023-10-12 17:39:53,818] {scheduler_job.py:190} INFO - Processing /home/airflow/.local/lib/python3.6/site-packages/airflow/example_dags/example_branch_labels.py took 0.106 seconds
[2023-10-12 17:40:23,918] {scheduler_job.py:182} INFO - Started process (PID=1709) to work on /home/airflow/.local/lib/python3.6/site-packages/airflow/example_dags/example_branch_labels.py
[2023-10-12 17:40:23,919] {scheduler_job.py:633} INFO - Processing file /home/airflow/.local/lib/python3.6/site-packages/airflow/example_dags/example_branch_labels.py for tasks to queue
[2023-10-12 17:40:23,920] {logging_mixin.py:104} INFO - [2023-10-12 17:40:23,920] {dagbag.py:496} INFO - Filling up the DagBag from /home/airflow/.local/lib/python3.6/site-packages/airflow/example_dags/example_branch_labels.py
[2023-10-12 17:40:23,948] {scheduler_job.py:643} INFO - DAG(s) dict_keys(['example_branch_labels']) retrieved from /home/airflow/.local/lib/python3.6/site-packages/airflow/example_dags/example_branch_labels.py
[2023-10-12 17:40:23,981] {logging_mixin.py:104} INFO - [2023-10-12 17:40:23,981] {dag.py:1833} INFO - Sync 1 DAGs
[2023-10-12 17:40:24,007] {logging_mixin.py:104} INFO - [2023-10-12 17:40:24,007] {dag.py:2306} INFO - Setting next_dagrun for example_branch_labels to 2023-10-10 00:00:00+00:00
[2023-10-12 17:40:24,020] {scheduler_job.py:190} INFO - Processing /home/airflow/.local/lib/python3.6/site-packages/airflow/example_dags/example_branch_labels.py took 0.111 seconds
[2023-10-12 17:40:54,189] {scheduler_job.py:182} INFO - Started process (PID=1781) to work on /home/airflow/.local/lib/python3.6/site-packages/airflow/example_dags/example_branch_labels.py
[2023-10-12 17:40:54,189] {scheduler_job.py:633} INFO - Processing file /home/airflow/.local/lib/python3.6/site-packages/airflow/example_dags/example_branch_labels.py for tasks to queue
[2023-10-12 17:40:54,190] {logging_mixin.py:104} INFO - [2023-10-12 17:40:54,190] {dagbag.py:496} INFO - Filling up the DagBag from /home/airflow/.local/lib/python3.6/site-packages/airflow/example_dags/example_branch_labels.py
[2023-10-12 17:40:54,201] {scheduler_job.py:643} INFO - DAG(s) dict_keys(['example_branch_labels']) retrieved from /home/airflow/.local/lib/python3.6/site-packages/airflow/example_dags/example_branch_labels.py
[2023-10-12 17:40:54,230] {logging_mixin.py:104} INFO - [2023-10-12 17:40:54,230] {dag.py:1833} INFO - Sync 1 DAGs
[2023-10-12 17:40:54,254] {logging_mixin.py:104} INFO - [2023-10-12 17:40:54,254] {dag.py:2306} INFO - Setting next_dagrun for example_branch_labels to 2023-10-10 00:00:00+00:00
[2023-10-12 17:40:54,265] {scheduler_job.py:190} INFO - Processing /home/airflow/.local/lib/python3.6/site-packages/airflow/example_dags/example_branch_labels.py took 0.079 seconds
