[2023-10-12 17:30:21,725] {scheduler_job.py:182} INFO - Started process (PID=108) to work on /home/airflow/.local/lib/python3.6/site-packages/airflow/example_dags/example_trigger_target_dag.py
[2023-10-12 17:30:21,726] {scheduler_job.py:633} INFO - Processing file /home/airflow/.local/lib/python3.6/site-packages/airflow/example_dags/example_trigger_target_dag.py for tasks to queue
[2023-10-12 17:30:21,727] {logging_mixin.py:104} INFO - [2023-10-12 17:30:21,727] {dagbag.py:496} INFO - Filling up the DagBag from /home/airflow/.local/lib/python3.6/site-packages/airflow/example_dags/example_trigger_target_dag.py
[2023-10-12 17:30:21,743] {scheduler_job.py:643} INFO - DAG(s) dict_keys(['example_trigger_target_dag']) retrieved from /home/airflow/.local/lib/python3.6/site-packages/airflow/example_dags/example_trigger_target_dag.py
[2023-10-12 17:30:21,998] {logging_mixin.py:104} INFO - [2023-10-12 17:30:21,997] {dag.py:1833} INFO - Sync 1 DAGs
[2023-10-12 17:30:22,013] {logging_mixin.py:104} INFO - [2023-10-12 17:30:22,013] {dag.py:2306} INFO - Setting next_dagrun for example_trigger_target_dag to None
[2023-10-12 17:30:22,028] {scheduler_job.py:190} INFO - Processing /home/airflow/.local/lib/python3.6/site-packages/airflow/example_dags/example_trigger_target_dag.py took 0.307 seconds
[2023-10-12 17:30:52,253] {scheduler_job.py:182} INFO - Started process (PID=207) to work on /home/airflow/.local/lib/python3.6/site-packages/airflow/example_dags/example_trigger_target_dag.py
[2023-10-12 17:30:52,254] {scheduler_job.py:633} INFO - Processing file /home/airflow/.local/lib/python3.6/site-packages/airflow/example_dags/example_trigger_target_dag.py for tasks to queue
[2023-10-12 17:30:52,255] {logging_mixin.py:104} INFO - [2023-10-12 17:30:52,255] {dagbag.py:496} INFO - Filling up the DagBag from /home/airflow/.local/lib/python3.6/site-packages/airflow/example_dags/example_trigger_target_dag.py
[2023-10-12 17:30:52,274] {scheduler_job.py:643} INFO - DAG(s) dict_keys(['example_trigger_target_dag']) retrieved from /home/airflow/.local/lib/python3.6/site-packages/airflow/example_dags/example_trigger_target_dag.py
[2023-10-12 17:30:52,303] {logging_mixin.py:104} INFO - [2023-10-12 17:30:52,303] {dag.py:1833} INFO - Sync 1 DAGs
[2023-10-12 17:30:52,326] {logging_mixin.py:104} INFO - [2023-10-12 17:30:52,326] {dag.py:2306} INFO - Setting next_dagrun for example_trigger_target_dag to None
[2023-10-12 17:30:52,343] {scheduler_job.py:190} INFO - Processing /home/airflow/.local/lib/python3.6/site-packages/airflow/example_dags/example_trigger_target_dag.py took 0.093 seconds
[2023-10-12 17:31:22,454] {scheduler_job.py:182} INFO - Started process (PID=293) to work on /home/airflow/.local/lib/python3.6/site-packages/airflow/example_dags/example_trigger_target_dag.py
[2023-10-12 17:31:22,455] {scheduler_job.py:633} INFO - Processing file /home/airflow/.local/lib/python3.6/site-packages/airflow/example_dags/example_trigger_target_dag.py for tasks to queue
[2023-10-12 17:31:22,455] {logging_mixin.py:104} INFO - [2023-10-12 17:31:22,455] {dagbag.py:496} INFO - Filling up the DagBag from /home/airflow/.local/lib/python3.6/site-packages/airflow/example_dags/example_trigger_target_dag.py
[2023-10-12 17:31:22,465] {scheduler_job.py:643} INFO - DAG(s) dict_keys(['example_trigger_target_dag']) retrieved from /home/airflow/.local/lib/python3.6/site-packages/airflow/example_dags/example_trigger_target_dag.py
[2023-10-12 17:31:22,488] {logging_mixin.py:104} INFO - [2023-10-12 17:31:22,487] {dag.py:1833} INFO - Sync 1 DAGs
[2023-10-12 17:31:22,501] {logging_mixin.py:104} INFO - [2023-10-12 17:31:22,501] {dag.py:2306} INFO - Setting next_dagrun for example_trigger_target_dag to None
[2023-10-12 17:31:22,514] {scheduler_job.py:190} INFO - Processing /home/airflow/.local/lib/python3.6/site-packages/airflow/example_dags/example_trigger_target_dag.py took 0.063 seconds
[2023-10-12 17:31:53,016] {scheduler_job.py:182} INFO - Started process (PID=368) to work on /home/airflow/.local/lib/python3.6/site-packages/airflow/example_dags/example_trigger_target_dag.py
[2023-10-12 17:31:53,017] {scheduler_job.py:633} INFO - Processing file /home/airflow/.local/lib/python3.6/site-packages/airflow/example_dags/example_trigger_target_dag.py for tasks to queue
[2023-10-12 17:31:53,018] {logging_mixin.py:104} INFO - [2023-10-12 17:31:53,018] {dagbag.py:496} INFO - Filling up the DagBag from /home/airflow/.local/lib/python3.6/site-packages/airflow/example_dags/example_trigger_target_dag.py
[2023-10-12 17:31:53,030] {scheduler_job.py:643} INFO - DAG(s) dict_keys(['example_trigger_target_dag']) retrieved from /home/airflow/.local/lib/python3.6/site-packages/airflow/example_dags/example_trigger_target_dag.py
[2023-10-12 17:31:53,053] {logging_mixin.py:104} INFO - [2023-10-12 17:31:53,053] {dag.py:1833} INFO - Sync 1 DAGs
[2023-10-12 17:31:53,069] {logging_mixin.py:104} INFO - [2023-10-12 17:31:53,069] {dag.py:2306} INFO - Setting next_dagrun for example_trigger_target_dag to None
[2023-10-12 17:31:53,083] {scheduler_job.py:190} INFO - Processing /home/airflow/.local/lib/python3.6/site-packages/airflow/example_dags/example_trigger_target_dag.py took 0.069 seconds
[2023-10-12 17:32:24,664] {scheduler_job.py:182} INFO - Started process (PID=462) to work on /home/airflow/.local/lib/python3.6/site-packages/airflow/example_dags/example_trigger_target_dag.py
[2023-10-12 17:32:24,665] {scheduler_job.py:633} INFO - Processing file /home/airflow/.local/lib/python3.6/site-packages/airflow/example_dags/example_trigger_target_dag.py for tasks to queue
[2023-10-12 17:32:24,666] {logging_mixin.py:104} INFO - [2023-10-12 17:32:24,666] {dagbag.py:496} INFO - Filling up the DagBag from /home/airflow/.local/lib/python3.6/site-packages/airflow/example_dags/example_trigger_target_dag.py
[2023-10-12 17:32:24,679] {scheduler_job.py:643} INFO - DAG(s) dict_keys(['example_trigger_target_dag']) retrieved from /home/airflow/.local/lib/python3.6/site-packages/airflow/example_dags/example_trigger_target_dag.py
[2023-10-12 17:32:24,702] {logging_mixin.py:104} INFO - [2023-10-12 17:32:24,702] {dag.py:1833} INFO - Sync 1 DAGs
[2023-10-12 17:32:24,718] {logging_mixin.py:104} INFO - [2023-10-12 17:32:24,718] {dag.py:2306} INFO - Setting next_dagrun for example_trigger_target_dag to None
[2023-10-12 17:32:24,732] {scheduler_job.py:190} INFO - Processing /home/airflow/.local/lib/python3.6/site-packages/airflow/example_dags/example_trigger_target_dag.py took 0.070 seconds
[2023-10-12 17:32:55,815] {scheduler_job.py:182} INFO - Started process (PID=537) to work on /home/airflow/.local/lib/python3.6/site-packages/airflow/example_dags/example_trigger_target_dag.py
[2023-10-12 17:32:55,816] {scheduler_job.py:633} INFO - Processing file /home/airflow/.local/lib/python3.6/site-packages/airflow/example_dags/example_trigger_target_dag.py for tasks to queue
[2023-10-12 17:32:55,816] {logging_mixin.py:104} INFO - [2023-10-12 17:32:55,816] {dagbag.py:496} INFO - Filling up the DagBag from /home/airflow/.local/lib/python3.6/site-packages/airflow/example_dags/example_trigger_target_dag.py
[2023-10-12 17:32:55,826] {scheduler_job.py:643} INFO - DAG(s) dict_keys(['example_trigger_target_dag']) retrieved from /home/airflow/.local/lib/python3.6/site-packages/airflow/example_dags/example_trigger_target_dag.py
[2023-10-12 17:32:55,846] {logging_mixin.py:104} INFO - [2023-10-12 17:32:55,846] {dag.py:1833} INFO - Sync 1 DAGs
[2023-10-12 17:32:55,860] {logging_mixin.py:104} INFO - [2023-10-12 17:32:55,860] {dag.py:2306} INFO - Setting next_dagrun for example_trigger_target_dag to None
[2023-10-12 17:32:55,873] {scheduler_job.py:190} INFO - Processing /home/airflow/.local/lib/python3.6/site-packages/airflow/example_dags/example_trigger_target_dag.py took 0.060 seconds
[2023-10-12 17:33:26,347] {scheduler_job.py:182} INFO - Started process (PID=595) to work on /home/airflow/.local/lib/python3.6/site-packages/airflow/example_dags/example_trigger_target_dag.py
[2023-10-12 17:33:26,348] {scheduler_job.py:633} INFO - Processing file /home/airflow/.local/lib/python3.6/site-packages/airflow/example_dags/example_trigger_target_dag.py for tasks to queue
[2023-10-12 17:33:26,349] {logging_mixin.py:104} INFO - [2023-10-12 17:33:26,348] {dagbag.py:496} INFO - Filling up the DagBag from /home/airflow/.local/lib/python3.6/site-packages/airflow/example_dags/example_trigger_target_dag.py
[2023-10-12 17:33:26,363] {scheduler_job.py:643} INFO - DAG(s) dict_keys(['example_trigger_target_dag']) retrieved from /home/airflow/.local/lib/python3.6/site-packages/airflow/example_dags/example_trigger_target_dag.py
[2023-10-12 17:33:26,389] {logging_mixin.py:104} INFO - [2023-10-12 17:33:26,389] {dag.py:1833} INFO - Sync 1 DAGs
[2023-10-12 17:33:26,409] {logging_mixin.py:104} INFO - [2023-10-12 17:33:26,409] {dag.py:2306} INFO - Setting next_dagrun for example_trigger_target_dag to None
[2023-10-12 17:33:26,427] {scheduler_job.py:190} INFO - Processing /home/airflow/.local/lib/python3.6/site-packages/airflow/example_dags/example_trigger_target_dag.py took 0.082 seconds
[2023-10-12 17:33:56,667] {scheduler_job.py:182} INFO - Started process (PID=679) to work on /home/airflow/.local/lib/python3.6/site-packages/airflow/example_dags/example_trigger_target_dag.py
[2023-10-12 17:33:56,668] {scheduler_job.py:633} INFO - Processing file /home/airflow/.local/lib/python3.6/site-packages/airflow/example_dags/example_trigger_target_dag.py for tasks to queue
[2023-10-12 17:33:56,668] {logging_mixin.py:104} INFO - [2023-10-12 17:33:56,668] {dagbag.py:496} INFO - Filling up the DagBag from /home/airflow/.local/lib/python3.6/site-packages/airflow/example_dags/example_trigger_target_dag.py
[2023-10-12 17:33:56,678] {scheduler_job.py:643} INFO - DAG(s) dict_keys(['example_trigger_target_dag']) retrieved from /home/airflow/.local/lib/python3.6/site-packages/airflow/example_dags/example_trigger_target_dag.py
[2023-10-12 17:33:56,698] {logging_mixin.py:104} INFO - [2023-10-12 17:33:56,698] {dag.py:1833} INFO - Sync 1 DAGs
[2023-10-12 17:33:56,712] {logging_mixin.py:104} INFO - [2023-10-12 17:33:56,712] {dag.py:2306} INFO - Setting next_dagrun for example_trigger_target_dag to None
[2023-10-12 17:33:56,723] {scheduler_job.py:190} INFO - Processing /home/airflow/.local/lib/python3.6/site-packages/airflow/example_dags/example_trigger_target_dag.py took 0.058 seconds
[2023-10-12 17:34:26,827] {scheduler_job.py:182} INFO - Started process (PID=761) to work on /home/airflow/.local/lib/python3.6/site-packages/airflow/example_dags/example_trigger_target_dag.py
[2023-10-12 17:34:26,829] {scheduler_job.py:633} INFO - Processing file /home/airflow/.local/lib/python3.6/site-packages/airflow/example_dags/example_trigger_target_dag.py for tasks to queue
[2023-10-12 17:34:26,830] {logging_mixin.py:104} INFO - [2023-10-12 17:34:26,830] {dagbag.py:496} INFO - Filling up the DagBag from /home/airflow/.local/lib/python3.6/site-packages/airflow/example_dags/example_trigger_target_dag.py
[2023-10-12 17:34:26,852] {scheduler_job.py:643} INFO - DAG(s) dict_keys(['example_trigger_target_dag']) retrieved from /home/airflow/.local/lib/python3.6/site-packages/airflow/example_dags/example_trigger_target_dag.py
[2023-10-12 17:34:26,895] {logging_mixin.py:104} INFO - [2023-10-12 17:34:26,895] {dag.py:1833} INFO - Sync 1 DAGs
[2023-10-12 17:34:26,925] {logging_mixin.py:104} INFO - [2023-10-12 17:34:26,925] {dag.py:2306} INFO - Setting next_dagrun for example_trigger_target_dag to None
[2023-10-12 17:34:26,951] {scheduler_job.py:190} INFO - Processing /home/airflow/.local/lib/python3.6/site-packages/airflow/example_dags/example_trigger_target_dag.py took 0.129 seconds
[2023-10-12 17:34:57,509] {scheduler_job.py:182} INFO - Started process (PID=843) to work on /home/airflow/.local/lib/python3.6/site-packages/airflow/example_dags/example_trigger_target_dag.py
[2023-10-12 17:34:57,511] {scheduler_job.py:633} INFO - Processing file /home/airflow/.local/lib/python3.6/site-packages/airflow/example_dags/example_trigger_target_dag.py for tasks to queue
[2023-10-12 17:34:57,512] {logging_mixin.py:104} INFO - [2023-10-12 17:34:57,512] {dagbag.py:496} INFO - Filling up the DagBag from /home/airflow/.local/lib/python3.6/site-packages/airflow/example_dags/example_trigger_target_dag.py
[2023-10-12 17:34:57,535] {scheduler_job.py:643} INFO - DAG(s) dict_keys(['example_trigger_target_dag']) retrieved from /home/airflow/.local/lib/python3.6/site-packages/airflow/example_dags/example_trigger_target_dag.py
[2023-10-12 17:34:57,571] {logging_mixin.py:104} INFO - [2023-10-12 17:34:57,571] {dag.py:1833} INFO - Sync 1 DAGs
[2023-10-12 17:34:57,599] {logging_mixin.py:104} INFO - [2023-10-12 17:34:57,599] {dag.py:2306} INFO - Setting next_dagrun for example_trigger_target_dag to None
[2023-10-12 17:34:57,616] {scheduler_job.py:190} INFO - Processing /home/airflow/.local/lib/python3.6/site-packages/airflow/example_dags/example_trigger_target_dag.py took 0.110 seconds
[2023-10-12 17:35:27,720] {scheduler_job.py:182} INFO - Started process (PID=927) to work on /home/airflow/.local/lib/python3.6/site-packages/airflow/example_dags/example_trigger_target_dag.py
[2023-10-12 17:35:27,721] {scheduler_job.py:633} INFO - Processing file /home/airflow/.local/lib/python3.6/site-packages/airflow/example_dags/example_trigger_target_dag.py for tasks to queue
[2023-10-12 17:35:27,722] {logging_mixin.py:104} INFO - [2023-10-12 17:35:27,722] {dagbag.py:496} INFO - Filling up the DagBag from /home/airflow/.local/lib/python3.6/site-packages/airflow/example_dags/example_trigger_target_dag.py
[2023-10-12 17:35:27,731] {scheduler_job.py:643} INFO - DAG(s) dict_keys(['example_trigger_target_dag']) retrieved from /home/airflow/.local/lib/python3.6/site-packages/airflow/example_dags/example_trigger_target_dag.py
[2023-10-12 17:35:27,751] {logging_mixin.py:104} INFO - [2023-10-12 17:35:27,751] {dag.py:1833} INFO - Sync 1 DAGs
[2023-10-12 17:35:27,765] {logging_mixin.py:104} INFO - [2023-10-12 17:35:27,765] {dag.py:2306} INFO - Setting next_dagrun for example_trigger_target_dag to None
[2023-10-12 17:35:27,778] {scheduler_job.py:190} INFO - Processing /home/airflow/.local/lib/python3.6/site-packages/airflow/example_dags/example_trigger_target_dag.py took 0.060 seconds
[2023-10-12 17:35:58,849] {scheduler_job.py:182} INFO - Started process (PID=1001) to work on /home/airflow/.local/lib/python3.6/site-packages/airflow/example_dags/example_trigger_target_dag.py
[2023-10-12 17:35:58,851] {scheduler_job.py:633} INFO - Processing file /home/airflow/.local/lib/python3.6/site-packages/airflow/example_dags/example_trigger_target_dag.py for tasks to queue
[2023-10-12 17:35:58,851] {logging_mixin.py:104} INFO - [2023-10-12 17:35:58,851] {dagbag.py:496} INFO - Filling up the DagBag from /home/airflow/.local/lib/python3.6/site-packages/airflow/example_dags/example_trigger_target_dag.py
[2023-10-12 17:35:58,867] {scheduler_job.py:643} INFO - DAG(s) dict_keys(['example_trigger_target_dag']) retrieved from /home/airflow/.local/lib/python3.6/site-packages/airflow/example_dags/example_trigger_target_dag.py
[2023-10-12 17:35:58,891] {logging_mixin.py:104} INFO - [2023-10-12 17:35:58,890] {dag.py:1833} INFO - Sync 1 DAGs
[2023-10-12 17:35:58,911] {logging_mixin.py:104} INFO - [2023-10-12 17:35:58,911] {dag.py:2306} INFO - Setting next_dagrun for example_trigger_target_dag to None
[2023-10-12 17:35:58,927] {scheduler_job.py:190} INFO - Processing /home/airflow/.local/lib/python3.6/site-packages/airflow/example_dags/example_trigger_target_dag.py took 0.080 seconds
[2023-10-12 17:36:29,446] {scheduler_job.py:182} INFO - Started process (PID=1096) to work on /home/airflow/.local/lib/python3.6/site-packages/airflow/example_dags/example_trigger_target_dag.py
[2023-10-12 17:36:29,448] {scheduler_job.py:633} INFO - Processing file /home/airflow/.local/lib/python3.6/site-packages/airflow/example_dags/example_trigger_target_dag.py for tasks to queue
[2023-10-12 17:36:29,448] {logging_mixin.py:104} INFO - [2023-10-12 17:36:29,448] {dagbag.py:496} INFO - Filling up the DagBag from /home/airflow/.local/lib/python3.6/site-packages/airflow/example_dags/example_trigger_target_dag.py
[2023-10-12 17:36:29,461] {scheduler_job.py:643} INFO - DAG(s) dict_keys(['example_trigger_target_dag']) retrieved from /home/airflow/.local/lib/python3.6/site-packages/airflow/example_dags/example_trigger_target_dag.py
[2023-10-12 17:36:29,485] {logging_mixin.py:104} INFO - [2023-10-12 17:36:29,485] {dag.py:1833} INFO - Sync 1 DAGs
[2023-10-12 17:36:29,501] {logging_mixin.py:104} INFO - [2023-10-12 17:36:29,501] {dag.py:2306} INFO - Setting next_dagrun for example_trigger_target_dag to None
[2023-10-12 17:36:29,515] {scheduler_job.py:190} INFO - Processing /home/airflow/.local/lib/python3.6/site-packages/airflow/example_dags/example_trigger_target_dag.py took 0.072 seconds
[2023-10-12 17:37:00,668] {scheduler_job.py:182} INFO - Started process (PID=1170) to work on /home/airflow/.local/lib/python3.6/site-packages/airflow/example_dags/example_trigger_target_dag.py
[2023-10-12 17:37:00,668] {scheduler_job.py:633} INFO - Processing file /home/airflow/.local/lib/python3.6/site-packages/airflow/example_dags/example_trigger_target_dag.py for tasks to queue
[2023-10-12 17:37:00,669] {logging_mixin.py:104} INFO - [2023-10-12 17:37:00,669] {dagbag.py:496} INFO - Filling up the DagBag from /home/airflow/.local/lib/python3.6/site-packages/airflow/example_dags/example_trigger_target_dag.py
[2023-10-12 17:37:00,681] {scheduler_job.py:643} INFO - DAG(s) dict_keys(['example_trigger_target_dag']) retrieved from /home/airflow/.local/lib/python3.6/site-packages/airflow/example_dags/example_trigger_target_dag.py
[2023-10-12 17:37:00,702] {logging_mixin.py:104} INFO - [2023-10-12 17:37:00,702] {dag.py:1833} INFO - Sync 1 DAGs
[2023-10-12 17:37:00,718] {logging_mixin.py:104} INFO - [2023-10-12 17:37:00,718] {dag.py:2306} INFO - Setting next_dagrun for example_trigger_target_dag to None
[2023-10-12 17:37:00,731] {scheduler_job.py:190} INFO - Processing /home/airflow/.local/lib/python3.6/site-packages/airflow/example_dags/example_trigger_target_dag.py took 0.066 seconds
[2023-10-12 17:37:31,127] {scheduler_job.py:182} INFO - Started process (PID=1264) to work on /home/airflow/.local/lib/python3.6/site-packages/airflow/example_dags/example_trigger_target_dag.py
[2023-10-12 17:37:31,129] {scheduler_job.py:633} INFO - Processing file /home/airflow/.local/lib/python3.6/site-packages/airflow/example_dags/example_trigger_target_dag.py for tasks to queue
[2023-10-12 17:37:31,130] {logging_mixin.py:104} INFO - [2023-10-12 17:37:31,129] {dagbag.py:496} INFO - Filling up the DagBag from /home/airflow/.local/lib/python3.6/site-packages/airflow/example_dags/example_trigger_target_dag.py
[2023-10-12 17:37:31,142] {scheduler_job.py:643} INFO - DAG(s) dict_keys(['example_trigger_target_dag']) retrieved from /home/airflow/.local/lib/python3.6/site-packages/airflow/example_dags/example_trigger_target_dag.py
[2023-10-12 17:37:31,222] {logging_mixin.py:104} INFO - [2023-10-12 17:37:31,222] {dag.py:1833} INFO - Sync 1 DAGs
[2023-10-12 17:37:31,240] {logging_mixin.py:104} INFO - [2023-10-12 17:37:31,240] {dag.py:2306} INFO - Setting next_dagrun for example_trigger_target_dag to None
[2023-10-12 17:37:31,255] {scheduler_job.py:190} INFO - Processing /home/airflow/.local/lib/python3.6/site-packages/airflow/example_dags/example_trigger_target_dag.py took 0.131 seconds
[2023-10-12 17:38:02,014] {scheduler_job.py:182} INFO - Started process (PID=1339) to work on /home/airflow/.local/lib/python3.6/site-packages/airflow/example_dags/example_trigger_target_dag.py
[2023-10-12 17:38:02,016] {scheduler_job.py:633} INFO - Processing file /home/airflow/.local/lib/python3.6/site-packages/airflow/example_dags/example_trigger_target_dag.py for tasks to queue
[2023-10-12 17:38:02,017] {logging_mixin.py:104} INFO - [2023-10-12 17:38:02,017] {dagbag.py:496} INFO - Filling up the DagBag from /home/airflow/.local/lib/python3.6/site-packages/airflow/example_dags/example_trigger_target_dag.py
[2023-10-12 17:38:02,043] {scheduler_job.py:643} INFO - DAG(s) dict_keys(['example_trigger_target_dag']) retrieved from /home/airflow/.local/lib/python3.6/site-packages/airflow/example_dags/example_trigger_target_dag.py
[2023-10-12 17:38:02,079] {logging_mixin.py:104} INFO - [2023-10-12 17:38:02,079] {dag.py:1833} INFO - Sync 1 DAGs
[2023-10-12 17:38:02,109] {logging_mixin.py:104} INFO - [2023-10-12 17:38:02,109] {dag.py:2306} INFO - Setting next_dagrun for example_trigger_target_dag to None
[2023-10-12 17:38:02,129] {scheduler_job.py:190} INFO - Processing /home/airflow/.local/lib/python3.6/site-packages/airflow/example_dags/example_trigger_target_dag.py took 0.120 seconds
[2023-10-12 17:38:32,309] {scheduler_job.py:182} INFO - Started process (PID=1430) to work on /home/airflow/.local/lib/python3.6/site-packages/airflow/example_dags/example_trigger_target_dag.py
[2023-10-12 17:38:32,310] {scheduler_job.py:633} INFO - Processing file /home/airflow/.local/lib/python3.6/site-packages/airflow/example_dags/example_trigger_target_dag.py for tasks to queue
[2023-10-12 17:38:32,311] {logging_mixin.py:104} INFO - [2023-10-12 17:38:32,311] {dagbag.py:496} INFO - Filling up the DagBag from /home/airflow/.local/lib/python3.6/site-packages/airflow/example_dags/example_trigger_target_dag.py
[2023-10-12 17:38:32,327] {scheduler_job.py:643} INFO - DAG(s) dict_keys(['example_trigger_target_dag']) retrieved from /home/airflow/.local/lib/python3.6/site-packages/airflow/example_dags/example_trigger_target_dag.py
[2023-10-12 17:38:32,354] {logging_mixin.py:104} INFO - [2023-10-12 17:38:32,354] {dag.py:1833} INFO - Sync 1 DAGs
[2023-10-12 17:38:32,373] {logging_mixin.py:104} INFO - [2023-10-12 17:38:32,373] {dag.py:2306} INFO - Setting next_dagrun for example_trigger_target_dag to None
[2023-10-12 17:38:32,387] {scheduler_job.py:190} INFO - Processing /home/airflow/.local/lib/python3.6/site-packages/airflow/example_dags/example_trigger_target_dag.py took 0.080 seconds
[2023-10-12 17:39:02,953] {scheduler_job.py:182} INFO - Started process (PID=1510) to work on /home/airflow/.local/lib/python3.6/site-packages/airflow/example_dags/example_trigger_target_dag.py
[2023-10-12 17:39:02,954] {scheduler_job.py:633} INFO - Processing file /home/airflow/.local/lib/python3.6/site-packages/airflow/example_dags/example_trigger_target_dag.py for tasks to queue
[2023-10-12 17:39:02,955] {logging_mixin.py:104} INFO - [2023-10-12 17:39:02,955] {dagbag.py:496} INFO - Filling up the DagBag from /home/airflow/.local/lib/python3.6/site-packages/airflow/example_dags/example_trigger_target_dag.py
[2023-10-12 17:39:02,968] {scheduler_job.py:643} INFO - DAG(s) dict_keys(['example_trigger_target_dag']) retrieved from /home/airflow/.local/lib/python3.6/site-packages/airflow/example_dags/example_trigger_target_dag.py
[2023-10-12 17:39:02,994] {logging_mixin.py:104} INFO - [2023-10-12 17:39:02,994] {dag.py:1833} INFO - Sync 1 DAGs
[2023-10-12 17:39:03,016] {logging_mixin.py:104} INFO - [2023-10-12 17:39:03,016] {dag.py:2306} INFO - Setting next_dagrun for example_trigger_target_dag to None
[2023-10-12 17:39:03,031] {scheduler_job.py:190} INFO - Processing /home/airflow/.local/lib/python3.6/site-packages/airflow/example_dags/example_trigger_target_dag.py took 0.081 seconds
[2023-10-12 17:39:33,222] {scheduler_job.py:182} INFO - Started process (PID=1595) to work on /home/airflow/.local/lib/python3.6/site-packages/airflow/example_dags/example_trigger_target_dag.py
[2023-10-12 17:39:33,223] {scheduler_job.py:633} INFO - Processing file /home/airflow/.local/lib/python3.6/site-packages/airflow/example_dags/example_trigger_target_dag.py for tasks to queue
[2023-10-12 17:39:33,224] {logging_mixin.py:104} INFO - [2023-10-12 17:39:33,223] {dagbag.py:496} INFO - Filling up the DagBag from /home/airflow/.local/lib/python3.6/site-packages/airflow/example_dags/example_trigger_target_dag.py
[2023-10-12 17:39:33,238] {scheduler_job.py:643} INFO - DAG(s) dict_keys(['example_trigger_target_dag']) retrieved from /home/airflow/.local/lib/python3.6/site-packages/airflow/example_dags/example_trigger_target_dag.py
[2023-10-12 17:39:33,268] {logging_mixin.py:104} INFO - [2023-10-12 17:39:33,268] {dag.py:1833} INFO - Sync 1 DAGs
[2023-10-12 17:39:33,287] {logging_mixin.py:104} INFO - [2023-10-12 17:39:33,286] {dag.py:2306} INFO - Setting next_dagrun for example_trigger_target_dag to None
[2023-10-12 17:39:33,300] {scheduler_job.py:190} INFO - Processing /home/airflow/.local/lib/python3.6/site-packages/airflow/example_dags/example_trigger_target_dag.py took 0.082 seconds
[2023-10-12 17:40:03,469] {scheduler_job.py:182} INFO - Started process (PID=1672) to work on /home/airflow/.local/lib/python3.6/site-packages/airflow/example_dags/example_trigger_target_dag.py
[2023-10-12 17:40:03,470] {scheduler_job.py:633} INFO - Processing file /home/airflow/.local/lib/python3.6/site-packages/airflow/example_dags/example_trigger_target_dag.py for tasks to queue
[2023-10-12 17:40:03,470] {logging_mixin.py:104} INFO - [2023-10-12 17:40:03,470] {dagbag.py:496} INFO - Filling up the DagBag from /home/airflow/.local/lib/python3.6/site-packages/airflow/example_dags/example_trigger_target_dag.py
[2023-10-12 17:40:03,486] {scheduler_job.py:643} INFO - DAG(s) dict_keys(['example_trigger_target_dag']) retrieved from /home/airflow/.local/lib/python3.6/site-packages/airflow/example_dags/example_trigger_target_dag.py
[2023-10-12 17:40:03,521] {logging_mixin.py:104} INFO - [2023-10-12 17:40:03,521] {dag.py:1833} INFO - Sync 1 DAGs
[2023-10-12 17:40:03,549] {logging_mixin.py:104} INFO - [2023-10-12 17:40:03,549] {dag.py:2306} INFO - Setting next_dagrun for example_trigger_target_dag to None
[2023-10-12 17:40:03,570] {scheduler_job.py:190} INFO - Processing /home/airflow/.local/lib/python3.6/site-packages/airflow/example_dags/example_trigger_target_dag.py took 0.104 seconds
[2023-10-12 17:40:33,824] {scheduler_job.py:182} INFO - Started process (PID=1755) to work on /home/airflow/.local/lib/python3.6/site-packages/airflow/example_dags/example_trigger_target_dag.py
[2023-10-12 17:40:33,825] {scheduler_job.py:633} INFO - Processing file /home/airflow/.local/lib/python3.6/site-packages/airflow/example_dags/example_trigger_target_dag.py for tasks to queue
[2023-10-12 17:40:33,826] {logging_mixin.py:104} INFO - [2023-10-12 17:40:33,826] {dagbag.py:496} INFO - Filling up the DagBag from /home/airflow/.local/lib/python3.6/site-packages/airflow/example_dags/example_trigger_target_dag.py
[2023-10-12 17:40:33,838] {scheduler_job.py:643} INFO - DAG(s) dict_keys(['example_trigger_target_dag']) retrieved from /home/airflow/.local/lib/python3.6/site-packages/airflow/example_dags/example_trigger_target_dag.py
[2023-10-12 17:40:33,859] {logging_mixin.py:104} INFO - [2023-10-12 17:40:33,859] {dag.py:1833} INFO - Sync 1 DAGs
[2023-10-12 17:40:33,874] {logging_mixin.py:104} INFO - [2023-10-12 17:40:33,874] {dag.py:2306} INFO - Setting next_dagrun for example_trigger_target_dag to None
[2023-10-12 17:40:33,887] {scheduler_job.py:190} INFO - Processing /home/airflow/.local/lib/python3.6/site-packages/airflow/example_dags/example_trigger_target_dag.py took 0.066 seconds
[2023-10-12 17:41:04,295] {scheduler_job.py:182} INFO - Started process (PID=1843) to work on /home/airflow/.local/lib/python3.6/site-packages/airflow/example_dags/example_trigger_target_dag.py
[2023-10-12 17:41:04,296] {scheduler_job.py:633} INFO - Processing file /home/airflow/.local/lib/python3.6/site-packages/airflow/example_dags/example_trigger_target_dag.py for tasks to queue
[2023-10-12 17:41:04,297] {logging_mixin.py:104} INFO - [2023-10-12 17:41:04,297] {dagbag.py:496} INFO - Filling up the DagBag from /home/airflow/.local/lib/python3.6/site-packages/airflow/example_dags/example_trigger_target_dag.py
[2023-10-12 17:41:04,315] {scheduler_job.py:643} INFO - DAG(s) dict_keys(['example_trigger_target_dag']) retrieved from /home/airflow/.local/lib/python3.6/site-packages/airflow/example_dags/example_trigger_target_dag.py
[2023-10-12 17:41:04,347] {logging_mixin.py:104} INFO - [2023-10-12 17:41:04,347] {dag.py:1833} INFO - Sync 1 DAGs
[2023-10-12 17:41:04,374] {logging_mixin.py:104} INFO - [2023-10-12 17:41:04,374] {dag.py:2306} INFO - Setting next_dagrun for example_trigger_target_dag to None
[2023-10-12 17:41:04,393] {scheduler_job.py:190} INFO - Processing /home/airflow/.local/lib/python3.6/site-packages/airflow/example_dags/example_trigger_target_dag.py took 0.102 seconds
