[2023-10-12 17:30:19,470] {scheduler_job.py:182} INFO - Started process (PID=97) to work on /home/airflow/.local/lib/python3.6/site-packages/airflow/example_dags/example_kubernetes_executor_config.py
[2023-10-12 17:30:19,472] {scheduler_job.py:633} INFO - Processing file /home/airflow/.local/lib/python3.6/site-packages/airflow/example_dags/example_kubernetes_executor_config.py for tasks to queue
[2023-10-12 17:30:19,473] {logging_mixin.py:104} INFO - [2023-10-12 17:30:19,473] {dagbag.py:496} INFO - Filling up the DagBag from /home/airflow/.local/lib/python3.6/site-packages/airflow/example_dags/example_kubernetes_executor_config.py
[2023-10-12 17:30:19,493] {scheduler_job.py:643} INFO - DAG(s) dict_keys(['example_kubernetes_executor_config']) retrieved from /home/airflow/.local/lib/python3.6/site-packages/airflow/example_dags/example_kubernetes_executor_config.py
[2023-10-12 17:30:19,826] {logging_mixin.py:104} INFO - [2023-10-12 17:30:19,826] {dag.py:1833} INFO - Sync 1 DAGs
[2023-10-12 17:30:19,848] {logging_mixin.py:104} INFO - [2023-10-12 17:30:19,848] {dag.py:2306} INFO - Setting next_dagrun for example_kubernetes_executor_config to None
[2023-10-12 17:30:19,865] {scheduler_job.py:190} INFO - Processing /home/airflow/.local/lib/python3.6/site-packages/airflow/example_dags/example_kubernetes_executor_config.py took 0.399 seconds
[2023-10-12 17:30:50,286] {scheduler_job.py:182} INFO - Started process (PID=190) to work on /home/airflow/.local/lib/python3.6/site-packages/airflow/example_dags/example_kubernetes_executor_config.py
[2023-10-12 17:30:50,287] {scheduler_job.py:633} INFO - Processing file /home/airflow/.local/lib/python3.6/site-packages/airflow/example_dags/example_kubernetes_executor_config.py for tasks to queue
[2023-10-12 17:30:50,287] {logging_mixin.py:104} INFO - [2023-10-12 17:30:50,287] {dagbag.py:496} INFO - Filling up the DagBag from /home/airflow/.local/lib/python3.6/site-packages/airflow/example_dags/example_kubernetes_executor_config.py
[2023-10-12 17:30:50,300] {scheduler_job.py:643} INFO - DAG(s) dict_keys(['example_kubernetes_executor_config']) retrieved from /home/airflow/.local/lib/python3.6/site-packages/airflow/example_dags/example_kubernetes_executor_config.py
[2023-10-12 17:30:50,326] {logging_mixin.py:104} INFO - [2023-10-12 17:30:50,326] {dag.py:1833} INFO - Sync 1 DAGs
[2023-10-12 17:30:50,342] {logging_mixin.py:104} INFO - [2023-10-12 17:30:50,342] {dag.py:2306} INFO - Setting next_dagrun for example_kubernetes_executor_config to None
[2023-10-12 17:30:50,358] {scheduler_job.py:190} INFO - Processing /home/airflow/.local/lib/python3.6/site-packages/airflow/example_dags/example_kubernetes_executor_config.py took 0.075 seconds
[2023-10-12 17:31:20,652] {scheduler_job.py:182} INFO - Started process (PID=283) to work on /home/airflow/.local/lib/python3.6/site-packages/airflow/example_dags/example_kubernetes_executor_config.py
[2023-10-12 17:31:20,653] {scheduler_job.py:633} INFO - Processing file /home/airflow/.local/lib/python3.6/site-packages/airflow/example_dags/example_kubernetes_executor_config.py for tasks to queue
[2023-10-12 17:31:20,654] {logging_mixin.py:104} INFO - [2023-10-12 17:31:20,653] {dagbag.py:496} INFO - Filling up the DagBag from /home/airflow/.local/lib/python3.6/site-packages/airflow/example_dags/example_kubernetes_executor_config.py
[2023-10-12 17:31:20,668] {scheduler_job.py:643} INFO - DAG(s) dict_keys(['example_kubernetes_executor_config']) retrieved from /home/airflow/.local/lib/python3.6/site-packages/airflow/example_dags/example_kubernetes_executor_config.py
[2023-10-12 17:31:20,701] {logging_mixin.py:104} INFO - [2023-10-12 17:31:20,701] {dag.py:1833} INFO - Sync 1 DAGs
[2023-10-12 17:31:20,718] {logging_mixin.py:104} INFO - [2023-10-12 17:31:20,718] {dag.py:2306} INFO - Setting next_dagrun for example_kubernetes_executor_config to None
[2023-10-12 17:31:20,732] {scheduler_job.py:190} INFO - Processing /home/airflow/.local/lib/python3.6/site-packages/airflow/example_dags/example_kubernetes_executor_config.py took 0.082 seconds
[2023-10-12 17:31:51,800] {scheduler_job.py:182} INFO - Started process (PID=358) to work on /home/airflow/.local/lib/python3.6/site-packages/airflow/example_dags/example_kubernetes_executor_config.py
[2023-10-12 17:31:51,801] {scheduler_job.py:633} INFO - Processing file /home/airflow/.local/lib/python3.6/site-packages/airflow/example_dags/example_kubernetes_executor_config.py for tasks to queue
[2023-10-12 17:31:51,802] {logging_mixin.py:104} INFO - [2023-10-12 17:31:51,802] {dagbag.py:496} INFO - Filling up the DagBag from /home/airflow/.local/lib/python3.6/site-packages/airflow/example_dags/example_kubernetes_executor_config.py
[2023-10-12 17:31:51,819] {scheduler_job.py:643} INFO - DAG(s) dict_keys(['example_kubernetes_executor_config']) retrieved from /home/airflow/.local/lib/python3.6/site-packages/airflow/example_dags/example_kubernetes_executor_config.py
[2023-10-12 17:31:51,853] {logging_mixin.py:104} INFO - [2023-10-12 17:31:51,853] {dag.py:1833} INFO - Sync 1 DAGs
[2023-10-12 17:31:51,879] {logging_mixin.py:104} INFO - [2023-10-12 17:31:51,879] {dag.py:2306} INFO - Setting next_dagrun for example_kubernetes_executor_config to None
[2023-10-12 17:31:51,895] {scheduler_job.py:190} INFO - Processing /home/airflow/.local/lib/python3.6/site-packages/airflow/example_dags/example_kubernetes_executor_config.py took 0.098 seconds
[2023-10-12 17:32:22,978] {scheduler_job.py:182} INFO - Started process (PID=419) to work on /home/airflow/.local/lib/python3.6/site-packages/airflow/example_dags/example_kubernetes_executor_config.py
[2023-10-12 17:32:22,980] {scheduler_job.py:633} INFO - Processing file /home/airflow/.local/lib/python3.6/site-packages/airflow/example_dags/example_kubernetes_executor_config.py for tasks to queue
[2023-10-12 17:32:22,981] {logging_mixin.py:104} INFO - [2023-10-12 17:32:22,981] {dagbag.py:496} INFO - Filling up the DagBag from /home/airflow/.local/lib/python3.6/site-packages/airflow/example_dags/example_kubernetes_executor_config.py
[2023-10-12 17:32:23,005] {scheduler_job.py:643} INFO - DAG(s) dict_keys(['example_kubernetes_executor_config']) retrieved from /home/airflow/.local/lib/python3.6/site-packages/airflow/example_dags/example_kubernetes_executor_config.py
[2023-10-12 17:32:23,045] {logging_mixin.py:104} INFO - [2023-10-12 17:32:23,045] {dag.py:1833} INFO - Sync 1 DAGs
[2023-10-12 17:32:23,069] {logging_mixin.py:104} INFO - [2023-10-12 17:32:23,069] {dag.py:2306} INFO - Setting next_dagrun for example_kubernetes_executor_config to None
[2023-10-12 17:32:23,097] {scheduler_job.py:190} INFO - Processing /home/airflow/.local/lib/python3.6/site-packages/airflow/example_dags/example_kubernetes_executor_config.py took 0.124 seconds
[2023-10-12 17:32:53,763] {scheduler_job.py:182} INFO - Started process (PID=503) to work on /home/airflow/.local/lib/python3.6/site-packages/airflow/example_dags/example_kubernetes_executor_config.py
[2023-10-12 17:32:53,764] {scheduler_job.py:633} INFO - Processing file /home/airflow/.local/lib/python3.6/site-packages/airflow/example_dags/example_kubernetes_executor_config.py for tasks to queue
[2023-10-12 17:32:53,765] {logging_mixin.py:104} INFO - [2023-10-12 17:32:53,765] {dagbag.py:496} INFO - Filling up the DagBag from /home/airflow/.local/lib/python3.6/site-packages/airflow/example_dags/example_kubernetes_executor_config.py
[2023-10-12 17:32:53,794] {scheduler_job.py:643} INFO - DAG(s) dict_keys(['example_kubernetes_executor_config']) retrieved from /home/airflow/.local/lib/python3.6/site-packages/airflow/example_dags/example_kubernetes_executor_config.py
[2023-10-12 17:32:53,831] {logging_mixin.py:104} INFO - [2023-10-12 17:32:53,830] {dag.py:1833} INFO - Sync 1 DAGs
[2023-10-12 17:32:53,854] {logging_mixin.py:104} INFO - [2023-10-12 17:32:53,854] {dag.py:2306} INFO - Setting next_dagrun for example_kubernetes_executor_config to None
[2023-10-12 17:32:53,877] {scheduler_job.py:190} INFO - Processing /home/airflow/.local/lib/python3.6/site-packages/airflow/example_dags/example_kubernetes_executor_config.py took 0.119 seconds
[2023-10-12 17:33:24,375] {scheduler_job.py:182} INFO - Started process (PID=584) to work on /home/airflow/.local/lib/python3.6/site-packages/airflow/example_dags/example_kubernetes_executor_config.py
[2023-10-12 17:33:24,378] {scheduler_job.py:633} INFO - Processing file /home/airflow/.local/lib/python3.6/site-packages/airflow/example_dags/example_kubernetes_executor_config.py for tasks to queue
[2023-10-12 17:33:24,379] {logging_mixin.py:104} INFO - [2023-10-12 17:33:24,378] {dagbag.py:496} INFO - Filling up the DagBag from /home/airflow/.local/lib/python3.6/site-packages/airflow/example_dags/example_kubernetes_executor_config.py
[2023-10-12 17:33:24,403] {scheduler_job.py:643} INFO - DAG(s) dict_keys(['example_kubernetes_executor_config']) retrieved from /home/airflow/.local/lib/python3.6/site-packages/airflow/example_dags/example_kubernetes_executor_config.py
[2023-10-12 17:33:24,553] {logging_mixin.py:104} INFO - [2023-10-12 17:33:24,553] {dag.py:1833} INFO - Sync 1 DAGs
[2023-10-12 17:33:24,581] {logging_mixin.py:104} INFO - [2023-10-12 17:33:24,581] {dag.py:2306} INFO - Setting next_dagrun for example_kubernetes_executor_config to None
[2023-10-12 17:33:24,598] {scheduler_job.py:190} INFO - Processing /home/airflow/.local/lib/python3.6/site-packages/airflow/example_dags/example_kubernetes_executor_config.py took 0.230 seconds
[2023-10-12 17:33:54,781] {scheduler_job.py:182} INFO - Started process (PID=667) to work on /home/airflow/.local/lib/python3.6/site-packages/airflow/example_dags/example_kubernetes_executor_config.py
[2023-10-12 17:33:54,783] {scheduler_job.py:633} INFO - Processing file /home/airflow/.local/lib/python3.6/site-packages/airflow/example_dags/example_kubernetes_executor_config.py for tasks to queue
[2023-10-12 17:33:54,784] {logging_mixin.py:104} INFO - [2023-10-12 17:33:54,784] {dagbag.py:496} INFO - Filling up the DagBag from /home/airflow/.local/lib/python3.6/site-packages/airflow/example_dags/example_kubernetes_executor_config.py
[2023-10-12 17:33:54,812] {scheduler_job.py:643} INFO - DAG(s) dict_keys(['example_kubernetes_executor_config']) retrieved from /home/airflow/.local/lib/python3.6/site-packages/airflow/example_dags/example_kubernetes_executor_config.py
[2023-10-12 17:33:54,857] {logging_mixin.py:104} INFO - [2023-10-12 17:33:54,857] {dag.py:1833} INFO - Sync 1 DAGs
[2023-10-12 17:33:54,889] {logging_mixin.py:104} INFO - [2023-10-12 17:33:54,889] {dag.py:2306} INFO - Setting next_dagrun for example_kubernetes_executor_config to None
[2023-10-12 17:33:54,907] {scheduler_job.py:190} INFO - Processing /home/airflow/.local/lib/python3.6/site-packages/airflow/example_dags/example_kubernetes_executor_config.py took 0.131 seconds
[2023-10-12 17:34:24,999] {scheduler_job.py:182} INFO - Started process (PID=751) to work on /home/airflow/.local/lib/python3.6/site-packages/airflow/example_dags/example_kubernetes_executor_config.py
[2023-10-12 17:34:25,000] {scheduler_job.py:633} INFO - Processing file /home/airflow/.local/lib/python3.6/site-packages/airflow/example_dags/example_kubernetes_executor_config.py for tasks to queue
[2023-10-12 17:34:25,001] {logging_mixin.py:104} INFO - [2023-10-12 17:34:25,001] {dagbag.py:496} INFO - Filling up the DagBag from /home/airflow/.local/lib/python3.6/site-packages/airflow/example_dags/example_kubernetes_executor_config.py
[2023-10-12 17:34:25,012] {scheduler_job.py:643} INFO - DAG(s) dict_keys(['example_kubernetes_executor_config']) retrieved from /home/airflow/.local/lib/python3.6/site-packages/airflow/example_dags/example_kubernetes_executor_config.py
[2023-10-12 17:34:25,037] {logging_mixin.py:104} INFO - [2023-10-12 17:34:25,037] {dag.py:1833} INFO - Sync 1 DAGs
[2023-10-12 17:34:25,052] {logging_mixin.py:104} INFO - [2023-10-12 17:34:25,052] {dag.py:2306} INFO - Setting next_dagrun for example_kubernetes_executor_config to None
[2023-10-12 17:34:25,065] {scheduler_job.py:190} INFO - Processing /home/airflow/.local/lib/python3.6/site-packages/airflow/example_dags/example_kubernetes_executor_config.py took 0.068 seconds
[2023-10-12 17:34:55,415] {scheduler_job.py:182} INFO - Started process (PID=824) to work on /home/airflow/.local/lib/python3.6/site-packages/airflow/example_dags/example_kubernetes_executor_config.py
[2023-10-12 17:34:55,417] {scheduler_job.py:633} INFO - Processing file /home/airflow/.local/lib/python3.6/site-packages/airflow/example_dags/example_kubernetes_executor_config.py for tasks to queue
[2023-10-12 17:34:55,418] {logging_mixin.py:104} INFO - [2023-10-12 17:34:55,417] {dagbag.py:496} INFO - Filling up the DagBag from /home/airflow/.local/lib/python3.6/site-packages/airflow/example_dags/example_kubernetes_executor_config.py
[2023-10-12 17:34:55,437] {scheduler_job.py:643} INFO - DAG(s) dict_keys(['example_kubernetes_executor_config']) retrieved from /home/airflow/.local/lib/python3.6/site-packages/airflow/example_dags/example_kubernetes_executor_config.py
[2023-10-12 17:34:55,466] {logging_mixin.py:104} INFO - [2023-10-12 17:34:55,466] {dag.py:1833} INFO - Sync 1 DAGs
[2023-10-12 17:34:55,486] {logging_mixin.py:104} INFO - [2023-10-12 17:34:55,486] {dag.py:2306} INFO - Setting next_dagrun for example_kubernetes_executor_config to None
[2023-10-12 17:34:55,504] {scheduler_job.py:190} INFO - Processing /home/airflow/.local/lib/python3.6/site-packages/airflow/example_dags/example_kubernetes_executor_config.py took 0.092 seconds
[2023-10-12 17:35:26,111] {scheduler_job.py:182} INFO - Started process (PID=917) to work on /home/airflow/.local/lib/python3.6/site-packages/airflow/example_dags/example_kubernetes_executor_config.py
[2023-10-12 17:35:26,112] {scheduler_job.py:633} INFO - Processing file /home/airflow/.local/lib/python3.6/site-packages/airflow/example_dags/example_kubernetes_executor_config.py for tasks to queue
[2023-10-12 17:35:26,113] {logging_mixin.py:104} INFO - [2023-10-12 17:35:26,113] {dagbag.py:496} INFO - Filling up the DagBag from /home/airflow/.local/lib/python3.6/site-packages/airflow/example_dags/example_kubernetes_executor_config.py
[2023-10-12 17:35:26,126] {scheduler_job.py:643} INFO - DAG(s) dict_keys(['example_kubernetes_executor_config']) retrieved from /home/airflow/.local/lib/python3.6/site-packages/airflow/example_dags/example_kubernetes_executor_config.py
[2023-10-12 17:35:26,151] {logging_mixin.py:104} INFO - [2023-10-12 17:35:26,151] {dag.py:1833} INFO - Sync 1 DAGs
[2023-10-12 17:35:26,169] {logging_mixin.py:104} INFO - [2023-10-12 17:35:26,169] {dag.py:2306} INFO - Setting next_dagrun for example_kubernetes_executor_config to None
[2023-10-12 17:35:26,185] {scheduler_job.py:190} INFO - Processing /home/airflow/.local/lib/python3.6/site-packages/airflow/example_dags/example_kubernetes_executor_config.py took 0.076 seconds
[2023-10-12 17:35:57,030] {scheduler_job.py:182} INFO - Started process (PID=991) to work on /home/airflow/.local/lib/python3.6/site-packages/airflow/example_dags/example_kubernetes_executor_config.py
[2023-10-12 17:35:57,031] {scheduler_job.py:633} INFO - Processing file /home/airflow/.local/lib/python3.6/site-packages/airflow/example_dags/example_kubernetes_executor_config.py for tasks to queue
[2023-10-12 17:35:57,032] {logging_mixin.py:104} INFO - [2023-10-12 17:35:57,032] {dagbag.py:496} INFO - Filling up the DagBag from /home/airflow/.local/lib/python3.6/site-packages/airflow/example_dags/example_kubernetes_executor_config.py
[2023-10-12 17:35:57,049] {scheduler_job.py:643} INFO - DAG(s) dict_keys(['example_kubernetes_executor_config']) retrieved from /home/airflow/.local/lib/python3.6/site-packages/airflow/example_dags/example_kubernetes_executor_config.py
[2023-10-12 17:35:57,077] {logging_mixin.py:104} INFO - [2023-10-12 17:35:57,077] {dag.py:1833} INFO - Sync 1 DAGs
[2023-10-12 17:35:57,095] {logging_mixin.py:104} INFO - [2023-10-12 17:35:57,095] {dag.py:2306} INFO - Setting next_dagrun for example_kubernetes_executor_config to None
[2023-10-12 17:35:57,111] {scheduler_job.py:190} INFO - Processing /home/airflow/.local/lib/python3.6/site-packages/airflow/example_dags/example_kubernetes_executor_config.py took 0.084 seconds
[2023-10-12 17:36:27,462] {scheduler_job.py:182} INFO - Started process (PID=1086) to work on /home/airflow/.local/lib/python3.6/site-packages/airflow/example_dags/example_kubernetes_executor_config.py
[2023-10-12 17:36:27,463] {scheduler_job.py:633} INFO - Processing file /home/airflow/.local/lib/python3.6/site-packages/airflow/example_dags/example_kubernetes_executor_config.py for tasks to queue
[2023-10-12 17:36:27,464] {logging_mixin.py:104} INFO - [2023-10-12 17:36:27,464] {dagbag.py:496} INFO - Filling up the DagBag from /home/airflow/.local/lib/python3.6/site-packages/airflow/example_dags/example_kubernetes_executor_config.py
[2023-10-12 17:36:27,476] {scheduler_job.py:643} INFO - DAG(s) dict_keys(['example_kubernetes_executor_config']) retrieved from /home/airflow/.local/lib/python3.6/site-packages/airflow/example_dags/example_kubernetes_executor_config.py
[2023-10-12 17:36:27,501] {logging_mixin.py:104} INFO - [2023-10-12 17:36:27,501] {dag.py:1833} INFO - Sync 1 DAGs
[2023-10-12 17:36:27,520] {logging_mixin.py:104} INFO - [2023-10-12 17:36:27,520] {dag.py:2306} INFO - Setting next_dagrun for example_kubernetes_executor_config to None
[2023-10-12 17:36:27,535] {scheduler_job.py:190} INFO - Processing /home/airflow/.local/lib/python3.6/site-packages/airflow/example_dags/example_kubernetes_executor_config.py took 0.075 seconds
[2023-10-12 17:36:57,583] {scheduler_job.py:182} INFO - Started process (PID=1159) to work on /home/airflow/.local/lib/python3.6/site-packages/airflow/example_dags/example_kubernetes_executor_config.py
[2023-10-12 17:36:57,585] {scheduler_job.py:633} INFO - Processing file /home/airflow/.local/lib/python3.6/site-packages/airflow/example_dags/example_kubernetes_executor_config.py for tasks to queue
[2023-10-12 17:36:57,586] {logging_mixin.py:104} INFO - [2023-10-12 17:36:57,586] {dagbag.py:496} INFO - Filling up the DagBag from /home/airflow/.local/lib/python3.6/site-packages/airflow/example_dags/example_kubernetes_executor_config.py
[2023-10-12 17:36:57,607] {scheduler_job.py:643} INFO - DAG(s) dict_keys(['example_kubernetes_executor_config']) retrieved from /home/airflow/.local/lib/python3.6/site-packages/airflow/example_dags/example_kubernetes_executor_config.py
[2023-10-12 17:36:57,655] {logging_mixin.py:104} INFO - [2023-10-12 17:36:57,655] {dag.py:1833} INFO - Sync 1 DAGs
[2023-10-12 17:36:57,681] {logging_mixin.py:104} INFO - [2023-10-12 17:36:57,680] {dag.py:2306} INFO - Setting next_dagrun for example_kubernetes_executor_config to None
[2023-10-12 17:36:57,699] {scheduler_job.py:190} INFO - Processing /home/airflow/.local/lib/python3.6/site-packages/airflow/example_dags/example_kubernetes_executor_config.py took 0.120 seconds
[2023-10-12 17:37:28,085] {scheduler_job.py:182} INFO - Started process (PID=1242) to work on /home/airflow/.local/lib/python3.6/site-packages/airflow/example_dags/example_kubernetes_executor_config.py
[2023-10-12 17:37:28,086] {scheduler_job.py:633} INFO - Processing file /home/airflow/.local/lib/python3.6/site-packages/airflow/example_dags/example_kubernetes_executor_config.py for tasks to queue
[2023-10-12 17:37:28,086] {logging_mixin.py:104} INFO - [2023-10-12 17:37:28,086] {dagbag.py:496} INFO - Filling up the DagBag from /home/airflow/.local/lib/python3.6/site-packages/airflow/example_dags/example_kubernetes_executor_config.py
[2023-10-12 17:37:28,096] {scheduler_job.py:643} INFO - DAG(s) dict_keys(['example_kubernetes_executor_config']) retrieved from /home/airflow/.local/lib/python3.6/site-packages/airflow/example_dags/example_kubernetes_executor_config.py
[2023-10-12 17:37:28,115] {logging_mixin.py:104} INFO - [2023-10-12 17:37:28,115] {dag.py:1833} INFO - Sync 1 DAGs
[2023-10-12 17:37:28,128] {logging_mixin.py:104} INFO - [2023-10-12 17:37:28,128] {dag.py:2306} INFO - Setting next_dagrun for example_kubernetes_executor_config to None
[2023-10-12 17:37:28,143] {scheduler_job.py:190} INFO - Processing /home/airflow/.local/lib/python3.6/site-packages/airflow/example_dags/example_kubernetes_executor_config.py took 0.060 seconds
[2023-10-12 17:37:59,229] {scheduler_job.py:182} INFO - Started process (PID=1328) to work on /home/airflow/.local/lib/python3.6/site-packages/airflow/example_dags/example_kubernetes_executor_config.py
[2023-10-12 17:37:59,231] {scheduler_job.py:633} INFO - Processing file /home/airflow/.local/lib/python3.6/site-packages/airflow/example_dags/example_kubernetes_executor_config.py for tasks to queue
[2023-10-12 17:37:59,232] {logging_mixin.py:104} INFO - [2023-10-12 17:37:59,232] {dagbag.py:496} INFO - Filling up the DagBag from /home/airflow/.local/lib/python3.6/site-packages/airflow/example_dags/example_kubernetes_executor_config.py
[2023-10-12 17:37:59,252] {scheduler_job.py:643} INFO - DAG(s) dict_keys(['example_kubernetes_executor_config']) retrieved from /home/airflow/.local/lib/python3.6/site-packages/airflow/example_dags/example_kubernetes_executor_config.py
[2023-10-12 17:37:59,290] {logging_mixin.py:104} INFO - [2023-10-12 17:37:59,290] {dag.py:1833} INFO - Sync 1 DAGs
[2023-10-12 17:37:59,322] {logging_mixin.py:104} INFO - [2023-10-12 17:37:59,321] {dag.py:2306} INFO - Setting next_dagrun for example_kubernetes_executor_config to None
[2023-10-12 17:37:59,342] {scheduler_job.py:190} INFO - Processing /home/airflow/.local/lib/python3.6/site-packages/airflow/example_dags/example_kubernetes_executor_config.py took 0.117 seconds
[2023-10-12 17:38:29,774] {scheduler_job.py:182} INFO - Started process (PID=1411) to work on /home/airflow/.local/lib/python3.6/site-packages/airflow/example_dags/example_kubernetes_executor_config.py
[2023-10-12 17:38:29,775] {scheduler_job.py:633} INFO - Processing file /home/airflow/.local/lib/python3.6/site-packages/airflow/example_dags/example_kubernetes_executor_config.py for tasks to queue
[2023-10-12 17:38:29,776] {logging_mixin.py:104} INFO - [2023-10-12 17:38:29,776] {dagbag.py:496} INFO - Filling up the DagBag from /home/airflow/.local/lib/python3.6/site-packages/airflow/example_dags/example_kubernetes_executor_config.py
[2023-10-12 17:38:29,788] {scheduler_job.py:643} INFO - DAG(s) dict_keys(['example_kubernetes_executor_config']) retrieved from /home/airflow/.local/lib/python3.6/site-packages/airflow/example_dags/example_kubernetes_executor_config.py
[2023-10-12 17:38:29,817] {logging_mixin.py:104} INFO - [2023-10-12 17:38:29,817] {dag.py:1833} INFO - Sync 1 DAGs
[2023-10-12 17:38:29,843] {logging_mixin.py:104} INFO - [2023-10-12 17:38:29,843] {dag.py:2306} INFO - Setting next_dagrun for example_kubernetes_executor_config to None
[2023-10-12 17:38:29,858] {scheduler_job.py:190} INFO - Processing /home/airflow/.local/lib/python3.6/site-packages/airflow/example_dags/example_kubernetes_executor_config.py took 0.086 seconds
[2023-10-12 17:39:00,084] {scheduler_job.py:182} INFO - Started process (PID=1495) to work on /home/airflow/.local/lib/python3.6/site-packages/airflow/example_dags/example_kubernetes_executor_config.py
[2023-10-12 17:39:00,085] {scheduler_job.py:633} INFO - Processing file /home/airflow/.local/lib/python3.6/site-packages/airflow/example_dags/example_kubernetes_executor_config.py for tasks to queue
[2023-10-12 17:39:00,086] {logging_mixin.py:104} INFO - [2023-10-12 17:39:00,086] {dagbag.py:496} INFO - Filling up the DagBag from /home/airflow/.local/lib/python3.6/site-packages/airflow/example_dags/example_kubernetes_executor_config.py
[2023-10-12 17:39:00,101] {scheduler_job.py:643} INFO - DAG(s) dict_keys(['example_kubernetes_executor_config']) retrieved from /home/airflow/.local/lib/python3.6/site-packages/airflow/example_dags/example_kubernetes_executor_config.py
[2023-10-12 17:39:00,128] {logging_mixin.py:104} INFO - [2023-10-12 17:39:00,128] {dag.py:1833} INFO - Sync 1 DAGs
[2023-10-12 17:39:00,149] {logging_mixin.py:104} INFO - [2023-10-12 17:39:00,149] {dag.py:2306} INFO - Setting next_dagrun for example_kubernetes_executor_config to None
[2023-10-12 17:39:00,163] {scheduler_job.py:190} INFO - Processing /home/airflow/.local/lib/python3.6/site-packages/airflow/example_dags/example_kubernetes_executor_config.py took 0.082 seconds
[2023-10-12 17:39:30,570] {scheduler_job.py:182} INFO - Started process (PID=1578) to work on /home/airflow/.local/lib/python3.6/site-packages/airflow/example_dags/example_kubernetes_executor_config.py
[2023-10-12 17:39:30,571] {scheduler_job.py:633} INFO - Processing file /home/airflow/.local/lib/python3.6/site-packages/airflow/example_dags/example_kubernetes_executor_config.py for tasks to queue
[2023-10-12 17:39:30,571] {logging_mixin.py:104} INFO - [2023-10-12 17:39:30,571] {dagbag.py:496} INFO - Filling up the DagBag from /home/airflow/.local/lib/python3.6/site-packages/airflow/example_dags/example_kubernetes_executor_config.py
[2023-10-12 17:39:30,585] {scheduler_job.py:643} INFO - DAG(s) dict_keys(['example_kubernetes_executor_config']) retrieved from /home/airflow/.local/lib/python3.6/site-packages/airflow/example_dags/example_kubernetes_executor_config.py
[2023-10-12 17:39:30,615] {logging_mixin.py:104} INFO - [2023-10-12 17:39:30,615] {dag.py:1833} INFO - Sync 1 DAGs
[2023-10-12 17:39:30,636] {logging_mixin.py:104} INFO - [2023-10-12 17:39:30,636] {dag.py:2306} INFO - Setting next_dagrun for example_kubernetes_executor_config to None
[2023-10-12 17:39:30,652] {scheduler_job.py:190} INFO - Processing /home/airflow/.local/lib/python3.6/site-packages/airflow/example_dags/example_kubernetes_executor_config.py took 0.085 seconds
[2023-10-12 17:40:01,629] {scheduler_job.py:182} INFO - Started process (PID=1662) to work on /home/airflow/.local/lib/python3.6/site-packages/airflow/example_dags/example_kubernetes_executor_config.py
[2023-10-12 17:40:01,632] {scheduler_job.py:633} INFO - Processing file /home/airflow/.local/lib/python3.6/site-packages/airflow/example_dags/example_kubernetes_executor_config.py for tasks to queue
[2023-10-12 17:40:01,633] {logging_mixin.py:104} INFO - [2023-10-12 17:40:01,633] {dagbag.py:496} INFO - Filling up the DagBag from /home/airflow/.local/lib/python3.6/site-packages/airflow/example_dags/example_kubernetes_executor_config.py
[2023-10-12 17:40:01,655] {scheduler_job.py:643} INFO - DAG(s) dict_keys(['example_kubernetes_executor_config']) retrieved from /home/airflow/.local/lib/python3.6/site-packages/airflow/example_dags/example_kubernetes_executor_config.py
[2023-10-12 17:40:01,707] {logging_mixin.py:104} INFO - [2023-10-12 17:40:01,706] {dag.py:1833} INFO - Sync 1 DAGs
[2023-10-12 17:40:01,738] {logging_mixin.py:104} INFO - [2023-10-12 17:40:01,738] {dag.py:2306} INFO - Setting next_dagrun for example_kubernetes_executor_config to None
[2023-10-12 17:40:01,768] {scheduler_job.py:190} INFO - Processing /home/airflow/.local/lib/python3.6/site-packages/airflow/example_dags/example_kubernetes_executor_config.py took 0.144 seconds
[2023-10-12 17:40:31,880] {scheduler_job.py:182} INFO - Started process (PID=1745) to work on /home/airflow/.local/lib/python3.6/site-packages/airflow/example_dags/example_kubernetes_executor_config.py
[2023-10-12 17:40:31,881] {scheduler_job.py:633} INFO - Processing file /home/airflow/.local/lib/python3.6/site-packages/airflow/example_dags/example_kubernetes_executor_config.py for tasks to queue
[2023-10-12 17:40:31,881] {logging_mixin.py:104} INFO - [2023-10-12 17:40:31,881] {dagbag.py:496} INFO - Filling up the DagBag from /home/airflow/.local/lib/python3.6/site-packages/airflow/example_dags/example_kubernetes_executor_config.py
[2023-10-12 17:40:31,895] {scheduler_job.py:643} INFO - DAG(s) dict_keys(['example_kubernetes_executor_config']) retrieved from /home/airflow/.local/lib/python3.6/site-packages/airflow/example_dags/example_kubernetes_executor_config.py
[2023-10-12 17:40:31,924] {logging_mixin.py:104} INFO - [2023-10-12 17:40:31,924] {dag.py:1833} INFO - Sync 1 DAGs
[2023-10-12 17:40:31,944] {logging_mixin.py:104} INFO - [2023-10-12 17:40:31,943] {dag.py:2306} INFO - Setting next_dagrun for example_kubernetes_executor_config to None
[2023-10-12 17:40:31,959] {scheduler_job.py:190} INFO - Processing /home/airflow/.local/lib/python3.6/site-packages/airflow/example_dags/example_kubernetes_executor_config.py took 0.082 seconds
[2023-10-12 17:41:02,151] {scheduler_job.py:182} INFO - Started process (PID=1818) to work on /home/airflow/.local/lib/python3.6/site-packages/airflow/example_dags/example_kubernetes_executor_config.py
[2023-10-12 17:41:02,152] {scheduler_job.py:633} INFO - Processing file /home/airflow/.local/lib/python3.6/site-packages/airflow/example_dags/example_kubernetes_executor_config.py for tasks to queue
[2023-10-12 17:41:02,153] {logging_mixin.py:104} INFO - [2023-10-12 17:41:02,153] {dagbag.py:496} INFO - Filling up the DagBag from /home/airflow/.local/lib/python3.6/site-packages/airflow/example_dags/example_kubernetes_executor_config.py
[2023-10-12 17:41:02,168] {scheduler_job.py:643} INFO - DAG(s) dict_keys(['example_kubernetes_executor_config']) retrieved from /home/airflow/.local/lib/python3.6/site-packages/airflow/example_dags/example_kubernetes_executor_config.py
[2023-10-12 17:41:02,199] {logging_mixin.py:104} INFO - [2023-10-12 17:41:02,199] {dag.py:1833} INFO - Sync 1 DAGs
[2023-10-12 17:41:02,217] {logging_mixin.py:104} INFO - [2023-10-12 17:41:02,217] {dag.py:2306} INFO - Setting next_dagrun for example_kubernetes_executor_config to None
[2023-10-12 17:41:02,232] {scheduler_job.py:190} INFO - Processing /home/airflow/.local/lib/python3.6/site-packages/airflow/example_dags/example_kubernetes_executor_config.py took 0.085 seconds
