[2023-10-12 17:30:18,479] {scheduler_job.py:182} INFO - Started process (PID=93) to work on /home/airflow/.local/lib/python3.6/site-packages/airflow/example_dags/example_task_group.py
[2023-10-12 17:30:18,481] {scheduler_job.py:633} INFO - Processing file /home/airflow/.local/lib/python3.6/site-packages/airflow/example_dags/example_task_group.py for tasks to queue
[2023-10-12 17:30:18,482] {logging_mixin.py:104} INFO - [2023-10-12 17:30:18,482] {dagbag.py:496} INFO - Filling up the DagBag from /home/airflow/.local/lib/python3.6/site-packages/airflow/example_dags/example_task_group.py
[2023-10-12 17:30:18,504] {scheduler_job.py:643} INFO - DAG(s) dict_keys(['example_task_group']) retrieved from /home/airflow/.local/lib/python3.6/site-packages/airflow/example_dags/example_task_group.py
[2023-10-12 17:30:18,959] {logging_mixin.py:104} INFO - [2023-10-12 17:30:18,959] {dag.py:1833} INFO - Sync 1 DAGs
[2023-10-12 17:30:18,988] {logging_mixin.py:104} INFO - [2023-10-12 17:30:18,988] {dag.py:2306} INFO - Setting next_dagrun for example_task_group to 2023-10-10 00:00:00+00:00
[2023-10-12 17:30:19,014] {scheduler_job.py:190} INFO - Processing /home/airflow/.local/lib/python3.6/site-packages/airflow/example_dags/example_task_group.py took 0.540 seconds
[2023-10-12 17:30:49,099] {scheduler_job.py:182} INFO - Started process (PID=186) to work on /home/airflow/.local/lib/python3.6/site-packages/airflow/example_dags/example_task_group.py
[2023-10-12 17:30:49,100] {scheduler_job.py:633} INFO - Processing file /home/airflow/.local/lib/python3.6/site-packages/airflow/example_dags/example_task_group.py for tasks to queue
[2023-10-12 17:30:49,101] {logging_mixin.py:104} INFO - [2023-10-12 17:30:49,101] {dagbag.py:496} INFO - Filling up the DagBag from /home/airflow/.local/lib/python3.6/site-packages/airflow/example_dags/example_task_group.py
[2023-10-12 17:30:49,115] {scheduler_job.py:643} INFO - DAG(s) dict_keys(['example_task_group']) retrieved from /home/airflow/.local/lib/python3.6/site-packages/airflow/example_dags/example_task_group.py
[2023-10-12 17:30:49,146] {logging_mixin.py:104} INFO - [2023-10-12 17:30:49,146] {dag.py:1833} INFO - Sync 1 DAGs
[2023-10-12 17:30:49,167] {logging_mixin.py:104} INFO - [2023-10-12 17:30:49,167] {dag.py:2306} INFO - Setting next_dagrun for example_task_group to 2023-10-10 00:00:00+00:00
[2023-10-12 17:30:49,181] {scheduler_job.py:190} INFO - Processing /home/airflow/.local/lib/python3.6/site-packages/airflow/example_dags/example_task_group.py took 0.085 seconds
[2023-10-12 17:31:19,953] {scheduler_job.py:182} INFO - Started process (PID=278) to work on /home/airflow/.local/lib/python3.6/site-packages/airflow/example_dags/example_task_group.py
[2023-10-12 17:31:19,954] {scheduler_job.py:633} INFO - Processing file /home/airflow/.local/lib/python3.6/site-packages/airflow/example_dags/example_task_group.py for tasks to queue
[2023-10-12 17:31:19,955] {logging_mixin.py:104} INFO - [2023-10-12 17:31:19,954] {dagbag.py:496} INFO - Filling up the DagBag from /home/airflow/.local/lib/python3.6/site-packages/airflow/example_dags/example_task_group.py
[2023-10-12 17:31:19,972] {scheduler_job.py:643} INFO - DAG(s) dict_keys(['example_task_group']) retrieved from /home/airflow/.local/lib/python3.6/site-packages/airflow/example_dags/example_task_group.py
[2023-10-12 17:31:20,000] {logging_mixin.py:104} INFO - [2023-10-12 17:31:20,000] {dag.py:1833} INFO - Sync 1 DAGs
[2023-10-12 17:31:20,019] {logging_mixin.py:104} INFO - [2023-10-12 17:31:20,019] {dag.py:2306} INFO - Setting next_dagrun for example_task_group to 2023-10-10 00:00:00+00:00
[2023-10-12 17:31:20,033] {scheduler_job.py:190} INFO - Processing /home/airflow/.local/lib/python3.6/site-packages/airflow/example_dags/example_task_group.py took 0.084 seconds
[2023-10-12 17:31:51,139] {scheduler_job.py:182} INFO - Started process (PID=343) to work on /home/airflow/.local/lib/python3.6/site-packages/airflow/example_dags/example_task_group.py
[2023-10-12 17:31:51,140] {scheduler_job.py:633} INFO - Processing file /home/airflow/.local/lib/python3.6/site-packages/airflow/example_dags/example_task_group.py for tasks to queue
[2023-10-12 17:31:51,141] {logging_mixin.py:104} INFO - [2023-10-12 17:31:51,141] {dagbag.py:496} INFO - Filling up the DagBag from /home/airflow/.local/lib/python3.6/site-packages/airflow/example_dags/example_task_group.py
[2023-10-12 17:31:51,157] {scheduler_job.py:643} INFO - DAG(s) dict_keys(['example_task_group']) retrieved from /home/airflow/.local/lib/python3.6/site-packages/airflow/example_dags/example_task_group.py
[2023-10-12 17:31:51,188] {logging_mixin.py:104} INFO - [2023-10-12 17:31:51,188] {dag.py:1833} INFO - Sync 1 DAGs
[2023-10-12 17:31:51,214] {logging_mixin.py:104} INFO - [2023-10-12 17:31:51,214] {dag.py:2306} INFO - Setting next_dagrun for example_task_group to 2023-10-10 00:00:00+00:00
[2023-10-12 17:31:51,233] {scheduler_job.py:190} INFO - Processing /home/airflow/.local/lib/python3.6/site-packages/airflow/example_dags/example_task_group.py took 0.097 seconds
[2023-10-12 17:32:21,516] {scheduler_job.py:182} INFO - Started process (PID=414) to work on /home/airflow/.local/lib/python3.6/site-packages/airflow/example_dags/example_task_group.py
[2023-10-12 17:32:21,517] {scheduler_job.py:633} INFO - Processing file /home/airflow/.local/lib/python3.6/site-packages/airflow/example_dags/example_task_group.py for tasks to queue
[2023-10-12 17:32:21,518] {logging_mixin.py:104} INFO - [2023-10-12 17:32:21,518] {dagbag.py:496} INFO - Filling up the DagBag from /home/airflow/.local/lib/python3.6/site-packages/airflow/example_dags/example_task_group.py
[2023-10-12 17:32:21,534] {scheduler_job.py:643} INFO - DAG(s) dict_keys(['example_task_group']) retrieved from /home/airflow/.local/lib/python3.6/site-packages/airflow/example_dags/example_task_group.py
[2023-10-12 17:32:21,578] {logging_mixin.py:104} INFO - [2023-10-12 17:32:21,577] {dag.py:1833} INFO - Sync 1 DAGs
[2023-10-12 17:32:21,605] {logging_mixin.py:104} INFO - [2023-10-12 17:32:21,604] {dag.py:2306} INFO - Setting next_dagrun for example_task_group to 2023-10-10 00:00:00+00:00
[2023-10-12 17:32:21,623] {scheduler_job.py:190} INFO - Processing /home/airflow/.local/lib/python3.6/site-packages/airflow/example_dags/example_task_group.py took 0.109 seconds
[2023-10-12 17:32:52,458] {scheduler_job.py:182} INFO - Started process (PID=499) to work on /home/airflow/.local/lib/python3.6/site-packages/airflow/example_dags/example_task_group.py
[2023-10-12 17:32:52,459] {scheduler_job.py:633} INFO - Processing file /home/airflow/.local/lib/python3.6/site-packages/airflow/example_dags/example_task_group.py for tasks to queue
[2023-10-12 17:32:52,460] {logging_mixin.py:104} INFO - [2023-10-12 17:32:52,460] {dagbag.py:496} INFO - Filling up the DagBag from /home/airflow/.local/lib/python3.6/site-packages/airflow/example_dags/example_task_group.py
[2023-10-12 17:32:52,475] {scheduler_job.py:643} INFO - DAG(s) dict_keys(['example_task_group']) retrieved from /home/airflow/.local/lib/python3.6/site-packages/airflow/example_dags/example_task_group.py
[2023-10-12 17:32:52,497] {logging_mixin.py:104} INFO - [2023-10-12 17:32:52,497] {dag.py:1833} INFO - Sync 1 DAGs
[2023-10-12 17:32:52,513] {logging_mixin.py:104} INFO - [2023-10-12 17:32:52,513] {dag.py:2306} INFO - Setting next_dagrun for example_task_group to 2023-10-10 00:00:00+00:00
[2023-10-12 17:32:52,526] {scheduler_job.py:190} INFO - Processing /home/airflow/.local/lib/python3.6/site-packages/airflow/example_dags/example_task_group.py took 0.070 seconds
[2023-10-12 17:33:22,928] {scheduler_job.py:182} INFO - Started process (PID=580) to work on /home/airflow/.local/lib/python3.6/site-packages/airflow/example_dags/example_task_group.py
[2023-10-12 17:33:22,930] {scheduler_job.py:633} INFO - Processing file /home/airflow/.local/lib/python3.6/site-packages/airflow/example_dags/example_task_group.py for tasks to queue
[2023-10-12 17:33:22,931] {logging_mixin.py:104} INFO - [2023-10-12 17:33:22,930] {dagbag.py:496} INFO - Filling up the DagBag from /home/airflow/.local/lib/python3.6/site-packages/airflow/example_dags/example_task_group.py
[2023-10-12 17:33:22,958] {scheduler_job.py:643} INFO - DAG(s) dict_keys(['example_task_group']) retrieved from /home/airflow/.local/lib/python3.6/site-packages/airflow/example_dags/example_task_group.py
[2023-10-12 17:33:23,003] {logging_mixin.py:104} INFO - [2023-10-12 17:33:23,003] {dag.py:1833} INFO - Sync 1 DAGs
[2023-10-12 17:33:23,032] {logging_mixin.py:104} INFO - [2023-10-12 17:33:23,031] {dag.py:2306} INFO - Setting next_dagrun for example_task_group to 2023-10-10 00:00:00+00:00
[2023-10-12 17:33:23,067] {scheduler_job.py:190} INFO - Processing /home/airflow/.local/lib/python3.6/site-packages/airflow/example_dags/example_task_group.py took 0.143 seconds
[2023-10-12 17:33:53,146] {scheduler_job.py:182} INFO - Started process (PID=653) to work on /home/airflow/.local/lib/python3.6/site-packages/airflow/example_dags/example_task_group.py
[2023-10-12 17:33:53,147] {scheduler_job.py:633} INFO - Processing file /home/airflow/.local/lib/python3.6/site-packages/airflow/example_dags/example_task_group.py for tasks to queue
[2023-10-12 17:33:53,147] {logging_mixin.py:104} INFO - [2023-10-12 17:33:53,147] {dagbag.py:496} INFO - Filling up the DagBag from /home/airflow/.local/lib/python3.6/site-packages/airflow/example_dags/example_task_group.py
[2023-10-12 17:33:53,158] {scheduler_job.py:643} INFO - DAG(s) dict_keys(['example_task_group']) retrieved from /home/airflow/.local/lib/python3.6/site-packages/airflow/example_dags/example_task_group.py
[2023-10-12 17:33:53,178] {logging_mixin.py:104} INFO - [2023-10-12 17:33:53,178] {dag.py:1833} INFO - Sync 1 DAGs
[2023-10-12 17:33:53,194] {logging_mixin.py:104} INFO - [2023-10-12 17:33:53,193] {dag.py:2306} INFO - Setting next_dagrun for example_task_group to 2023-10-10 00:00:00+00:00
[2023-10-12 17:33:53,207] {scheduler_job.py:190} INFO - Processing /home/airflow/.local/lib/python3.6/site-packages/airflow/example_dags/example_task_group.py took 0.062 seconds
[2023-10-12 17:34:23,536] {scheduler_job.py:182} INFO - Started process (PID=746) to work on /home/airflow/.local/lib/python3.6/site-packages/airflow/example_dags/example_task_group.py
[2023-10-12 17:34:23,537] {scheduler_job.py:633} INFO - Processing file /home/airflow/.local/lib/python3.6/site-packages/airflow/example_dags/example_task_group.py for tasks to queue
[2023-10-12 17:34:23,538] {logging_mixin.py:104} INFO - [2023-10-12 17:34:23,538] {dagbag.py:496} INFO - Filling up the DagBag from /home/airflow/.local/lib/python3.6/site-packages/airflow/example_dags/example_task_group.py
[2023-10-12 17:34:23,559] {scheduler_job.py:643} INFO - DAG(s) dict_keys(['example_task_group']) retrieved from /home/airflow/.local/lib/python3.6/site-packages/airflow/example_dags/example_task_group.py
[2023-10-12 17:34:23,600] {logging_mixin.py:104} INFO - [2023-10-12 17:34:23,599] {dag.py:1833} INFO - Sync 1 DAGs
[2023-10-12 17:34:23,623] {logging_mixin.py:104} INFO - [2023-10-12 17:34:23,623] {dag.py:2306} INFO - Setting next_dagrun for example_task_group to 2023-10-10 00:00:00+00:00
[2023-10-12 17:34:23,641] {scheduler_job.py:190} INFO - Processing /home/airflow/.local/lib/python3.6/site-packages/airflow/example_dags/example_task_group.py took 0.109 seconds
[2023-10-12 17:34:54,082] {scheduler_job.py:182} INFO - Started process (PID=819) to work on /home/airflow/.local/lib/python3.6/site-packages/airflow/example_dags/example_task_group.py
[2023-10-12 17:34:54,083] {scheduler_job.py:633} INFO - Processing file /home/airflow/.local/lib/python3.6/site-packages/airflow/example_dags/example_task_group.py for tasks to queue
[2023-10-12 17:34:54,084] {logging_mixin.py:104} INFO - [2023-10-12 17:34:54,083] {dagbag.py:496} INFO - Filling up the DagBag from /home/airflow/.local/lib/python3.6/site-packages/airflow/example_dags/example_task_group.py
[2023-10-12 17:34:54,103] {scheduler_job.py:643} INFO - DAG(s) dict_keys(['example_task_group']) retrieved from /home/airflow/.local/lib/python3.6/site-packages/airflow/example_dags/example_task_group.py
[2023-10-12 17:34:54,130] {logging_mixin.py:104} INFO - [2023-10-12 17:34:54,130] {dag.py:1833} INFO - Sync 1 DAGs
[2023-10-12 17:34:54,147] {logging_mixin.py:104} INFO - [2023-10-12 17:34:54,147] {dag.py:2306} INFO - Setting next_dagrun for example_task_group to 2023-10-10 00:00:00+00:00
[2023-10-12 17:34:54,160] {scheduler_job.py:190} INFO - Processing /home/airflow/.local/lib/python3.6/site-packages/airflow/example_dags/example_task_group.py took 0.083 seconds
[2023-10-12 17:35:24,754] {scheduler_job.py:182} INFO - Started process (PID=912) to work on /home/airflow/.local/lib/python3.6/site-packages/airflow/example_dags/example_task_group.py
[2023-10-12 17:35:24,755] {scheduler_job.py:633} INFO - Processing file /home/airflow/.local/lib/python3.6/site-packages/airflow/example_dags/example_task_group.py for tasks to queue
[2023-10-12 17:35:24,756] {logging_mixin.py:104} INFO - [2023-10-12 17:35:24,756] {dagbag.py:496} INFO - Filling up the DagBag from /home/airflow/.local/lib/python3.6/site-packages/airflow/example_dags/example_task_group.py
[2023-10-12 17:35:24,786] {scheduler_job.py:643} INFO - DAG(s) dict_keys(['example_task_group']) retrieved from /home/airflow/.local/lib/python3.6/site-packages/airflow/example_dags/example_task_group.py
[2023-10-12 17:35:24,836] {logging_mixin.py:104} INFO - [2023-10-12 17:35:24,835] {dag.py:1833} INFO - Sync 1 DAGs
[2023-10-12 17:35:24,860] {logging_mixin.py:104} INFO - [2023-10-12 17:35:24,860] {dag.py:2306} INFO - Setting next_dagrun for example_task_group to 2023-10-10 00:00:00+00:00
[2023-10-12 17:35:24,879] {scheduler_job.py:190} INFO - Processing /home/airflow/.local/lib/python3.6/site-packages/airflow/example_dags/example_task_group.py took 0.129 seconds
[2023-10-12 17:35:55,837] {scheduler_job.py:182} INFO - Started process (PID=986) to work on /home/airflow/.local/lib/python3.6/site-packages/airflow/example_dags/example_task_group.py
[2023-10-12 17:35:55,837] {scheduler_job.py:633} INFO - Processing file /home/airflow/.local/lib/python3.6/site-packages/airflow/example_dags/example_task_group.py for tasks to queue
[2023-10-12 17:35:55,838] {logging_mixin.py:104} INFO - [2023-10-12 17:35:55,838] {dagbag.py:496} INFO - Filling up the DagBag from /home/airflow/.local/lib/python3.6/site-packages/airflow/example_dags/example_task_group.py
[2023-10-12 17:35:55,848] {scheduler_job.py:643} INFO - DAG(s) dict_keys(['example_task_group']) retrieved from /home/airflow/.local/lib/python3.6/site-packages/airflow/example_dags/example_task_group.py
[2023-10-12 17:35:55,871] {logging_mixin.py:104} INFO - [2023-10-12 17:35:55,871] {dag.py:1833} INFO - Sync 1 DAGs
[2023-10-12 17:35:55,885] {logging_mixin.py:104} INFO - [2023-10-12 17:35:55,885] {dag.py:2306} INFO - Setting next_dagrun for example_task_group to 2023-10-10 00:00:00+00:00
[2023-10-12 17:35:55,897] {scheduler_job.py:190} INFO - Processing /home/airflow/.local/lib/python3.6/site-packages/airflow/example_dags/example_task_group.py took 0.062 seconds
[2023-10-12 17:36:26,173] {scheduler_job.py:182} INFO - Started process (PID=1080) to work on /home/airflow/.local/lib/python3.6/site-packages/airflow/example_dags/example_task_group.py
[2023-10-12 17:36:26,174] {scheduler_job.py:633} INFO - Processing file /home/airflow/.local/lib/python3.6/site-packages/airflow/example_dags/example_task_group.py for tasks to queue
[2023-10-12 17:36:26,175] {logging_mixin.py:104} INFO - [2023-10-12 17:36:26,175] {dagbag.py:496} INFO - Filling up the DagBag from /home/airflow/.local/lib/python3.6/site-packages/airflow/example_dags/example_task_group.py
[2023-10-12 17:36:26,186] {scheduler_job.py:643} INFO - DAG(s) dict_keys(['example_task_group']) retrieved from /home/airflow/.local/lib/python3.6/site-packages/airflow/example_dags/example_task_group.py
[2023-10-12 17:36:26,210] {logging_mixin.py:104} INFO - [2023-10-12 17:36:26,210] {dag.py:1833} INFO - Sync 1 DAGs
[2023-10-12 17:36:26,228] {logging_mixin.py:104} INFO - [2023-10-12 17:36:26,227] {dag.py:2306} INFO - Setting next_dagrun for example_task_group to 2023-10-10 00:00:00+00:00
[2023-10-12 17:36:26,243] {scheduler_job.py:190} INFO - Processing /home/airflow/.local/lib/python3.6/site-packages/airflow/example_dags/example_task_group.py took 0.072 seconds
[2023-10-12 17:36:56,364] {scheduler_job.py:182} INFO - Started process (PID=1155) to work on /home/airflow/.local/lib/python3.6/site-packages/airflow/example_dags/example_task_group.py
[2023-10-12 17:36:56,365] {scheduler_job.py:633} INFO - Processing file /home/airflow/.local/lib/python3.6/site-packages/airflow/example_dags/example_task_group.py for tasks to queue
[2023-10-12 17:36:56,365] {logging_mixin.py:104} INFO - [2023-10-12 17:36:56,365] {dagbag.py:496} INFO - Filling up the DagBag from /home/airflow/.local/lib/python3.6/site-packages/airflow/example_dags/example_task_group.py
[2023-10-12 17:36:56,375] {scheduler_job.py:643} INFO - DAG(s) dict_keys(['example_task_group']) retrieved from /home/airflow/.local/lib/python3.6/site-packages/airflow/example_dags/example_task_group.py
[2023-10-12 17:36:56,399] {logging_mixin.py:104} INFO - [2023-10-12 17:36:56,399] {dag.py:1833} INFO - Sync 1 DAGs
[2023-10-12 17:36:56,416] {logging_mixin.py:104} INFO - [2023-10-12 17:36:56,416] {dag.py:2306} INFO - Setting next_dagrun for example_task_group to 2023-10-10 00:00:00+00:00
[2023-10-12 17:36:56,430] {scheduler_job.py:190} INFO - Processing /home/airflow/.local/lib/python3.6/site-packages/airflow/example_dags/example_task_group.py took 0.068 seconds
[2023-10-12 17:37:26,918] {scheduler_job.py:182} INFO - Started process (PID=1238) to work on /home/airflow/.local/lib/python3.6/site-packages/airflow/example_dags/example_task_group.py
[2023-10-12 17:37:26,919] {scheduler_job.py:633} INFO - Processing file /home/airflow/.local/lib/python3.6/site-packages/airflow/example_dags/example_task_group.py for tasks to queue
[2023-10-12 17:37:26,920] {logging_mixin.py:104} INFO - [2023-10-12 17:37:26,919] {dagbag.py:496} INFO - Filling up the DagBag from /home/airflow/.local/lib/python3.6/site-packages/airflow/example_dags/example_task_group.py
[2023-10-12 17:37:26,930] {scheduler_job.py:643} INFO - DAG(s) dict_keys(['example_task_group']) retrieved from /home/airflow/.local/lib/python3.6/site-packages/airflow/example_dags/example_task_group.py
[2023-10-12 17:37:26,955] {logging_mixin.py:104} INFO - [2023-10-12 17:37:26,955] {dag.py:1833} INFO - Sync 1 DAGs
[2023-10-12 17:37:26,970] {logging_mixin.py:104} INFO - [2023-10-12 17:37:26,970] {dag.py:2306} INFO - Setting next_dagrun for example_task_group to 2023-10-10 00:00:00+00:00
[2023-10-12 17:37:26,984] {scheduler_job.py:190} INFO - Processing /home/airflow/.local/lib/python3.6/site-packages/airflow/example_dags/example_task_group.py took 0.069 seconds
[2023-10-12 17:37:57,841] {scheduler_job.py:182} INFO - Started process (PID=1323) to work on /home/airflow/.local/lib/python3.6/site-packages/airflow/example_dags/example_task_group.py
[2023-10-12 17:37:57,842] {scheduler_job.py:633} INFO - Processing file /home/airflow/.local/lib/python3.6/site-packages/airflow/example_dags/example_task_group.py for tasks to queue
[2023-10-12 17:37:57,843] {logging_mixin.py:104} INFO - [2023-10-12 17:37:57,843] {dagbag.py:496} INFO - Filling up the DagBag from /home/airflow/.local/lib/python3.6/site-packages/airflow/example_dags/example_task_group.py
[2023-10-12 17:37:57,859] {scheduler_job.py:643} INFO - DAG(s) dict_keys(['example_task_group']) retrieved from /home/airflow/.local/lib/python3.6/site-packages/airflow/example_dags/example_task_group.py
[2023-10-12 17:37:57,882] {logging_mixin.py:104} INFO - [2023-10-12 17:37:57,881] {dag.py:1833} INFO - Sync 1 DAGs
[2023-10-12 17:37:57,898] {logging_mixin.py:104} INFO - [2023-10-12 17:37:57,898] {dag.py:2306} INFO - Setting next_dagrun for example_task_group to 2023-10-10 00:00:00+00:00
[2023-10-12 17:37:57,914] {scheduler_job.py:190} INFO - Processing /home/airflow/.local/lib/python3.6/site-packages/airflow/example_dags/example_task_group.py took 0.076 seconds
[2023-10-12 17:38:28,567] {scheduler_job.py:182} INFO - Started process (PID=1406) to work on /home/airflow/.local/lib/python3.6/site-packages/airflow/example_dags/example_task_group.py
[2023-10-12 17:38:28,568] {scheduler_job.py:633} INFO - Processing file /home/airflow/.local/lib/python3.6/site-packages/airflow/example_dags/example_task_group.py for tasks to queue
[2023-10-12 17:38:28,568] {logging_mixin.py:104} INFO - [2023-10-12 17:38:28,568] {dagbag.py:496} INFO - Filling up the DagBag from /home/airflow/.local/lib/python3.6/site-packages/airflow/example_dags/example_task_group.py
[2023-10-12 17:38:28,580] {scheduler_job.py:643} INFO - DAG(s) dict_keys(['example_task_group']) retrieved from /home/airflow/.local/lib/python3.6/site-packages/airflow/example_dags/example_task_group.py
[2023-10-12 17:38:28,606] {logging_mixin.py:104} INFO - [2023-10-12 17:38:28,606] {dag.py:1833} INFO - Sync 1 DAGs
[2023-10-12 17:38:28,631] {logging_mixin.py:104} INFO - [2023-10-12 17:38:28,631] {dag.py:2306} INFO - Setting next_dagrun for example_task_group to 2023-10-10 00:00:00+00:00
[2023-10-12 17:38:28,647] {scheduler_job.py:190} INFO - Processing /home/airflow/.local/lib/python3.6/site-packages/airflow/example_dags/example_task_group.py took 0.081 seconds
[2023-10-12 17:38:58,790] {scheduler_job.py:182} INFO - Started process (PID=1490) to work on /home/airflow/.local/lib/python3.6/site-packages/airflow/example_dags/example_task_group.py
[2023-10-12 17:38:58,791] {scheduler_job.py:633} INFO - Processing file /home/airflow/.local/lib/python3.6/site-packages/airflow/example_dags/example_task_group.py for tasks to queue
[2023-10-12 17:38:58,792] {logging_mixin.py:104} INFO - [2023-10-12 17:38:58,792] {dagbag.py:496} INFO - Filling up the DagBag from /home/airflow/.local/lib/python3.6/site-packages/airflow/example_dags/example_task_group.py
[2023-10-12 17:38:58,809] {scheduler_job.py:643} INFO - DAG(s) dict_keys(['example_task_group']) retrieved from /home/airflow/.local/lib/python3.6/site-packages/airflow/example_dags/example_task_group.py
[2023-10-12 17:38:58,832] {logging_mixin.py:104} INFO - [2023-10-12 17:38:58,831] {dag.py:1833} INFO - Sync 1 DAGs
[2023-10-12 17:38:58,849] {logging_mixin.py:104} INFO - [2023-10-12 17:38:58,849] {dag.py:2306} INFO - Setting next_dagrun for example_task_group to 2023-10-10 00:00:00+00:00
[2023-10-12 17:38:58,863] {scheduler_job.py:190} INFO - Processing /home/airflow/.local/lib/python3.6/site-packages/airflow/example_dags/example_task_group.py took 0.075 seconds
[2023-10-12 17:39:29,243] {scheduler_job.py:182} INFO - Started process (PID=1573) to work on /home/airflow/.local/lib/python3.6/site-packages/airflow/example_dags/example_task_group.py
[2023-10-12 17:39:29,243] {scheduler_job.py:633} INFO - Processing file /home/airflow/.local/lib/python3.6/site-packages/airflow/example_dags/example_task_group.py for tasks to queue
[2023-10-12 17:39:29,244] {logging_mixin.py:104} INFO - [2023-10-12 17:39:29,244] {dagbag.py:496} INFO - Filling up the DagBag from /home/airflow/.local/lib/python3.6/site-packages/airflow/example_dags/example_task_group.py
[2023-10-12 17:39:29,258] {scheduler_job.py:643} INFO - DAG(s) dict_keys(['example_task_group']) retrieved from /home/airflow/.local/lib/python3.6/site-packages/airflow/example_dags/example_task_group.py
[2023-10-12 17:39:29,283] {logging_mixin.py:104} INFO - [2023-10-12 17:39:29,282] {dag.py:1833} INFO - Sync 1 DAGs
[2023-10-12 17:39:29,299] {logging_mixin.py:104} INFO - [2023-10-12 17:39:29,299] {dag.py:2306} INFO - Setting next_dagrun for example_task_group to 2023-10-10 00:00:00+00:00
[2023-10-12 17:39:29,311] {scheduler_job.py:190} INFO - Processing /home/airflow/.local/lib/python3.6/site-packages/airflow/example_dags/example_task_group.py took 0.071 seconds
[2023-10-12 17:40:00,127] {scheduler_job.py:182} INFO - Started process (PID=1657) to work on /home/airflow/.local/lib/python3.6/site-packages/airflow/example_dags/example_task_group.py
[2023-10-12 17:40:00,129] {scheduler_job.py:633} INFO - Processing file /home/airflow/.local/lib/python3.6/site-packages/airflow/example_dags/example_task_group.py for tasks to queue
[2023-10-12 17:40:00,130] {logging_mixin.py:104} INFO - [2023-10-12 17:40:00,129] {dagbag.py:496} INFO - Filling up the DagBag from /home/airflow/.local/lib/python3.6/site-packages/airflow/example_dags/example_task_group.py
[2023-10-12 17:40:00,146] {scheduler_job.py:643} INFO - DAG(s) dict_keys(['example_task_group']) retrieved from /home/airflow/.local/lib/python3.6/site-packages/airflow/example_dags/example_task_group.py
[2023-10-12 17:40:00,179] {logging_mixin.py:104} INFO - [2023-10-12 17:40:00,179] {dag.py:1833} INFO - Sync 1 DAGs
[2023-10-12 17:40:00,206] {logging_mixin.py:104} INFO - [2023-10-12 17:40:00,206] {dag.py:2306} INFO - Setting next_dagrun for example_task_group to 2023-10-10 00:00:00+00:00
[2023-10-12 17:40:00,226] {scheduler_job.py:190} INFO - Processing /home/airflow/.local/lib/python3.6/site-packages/airflow/example_dags/example_task_group.py took 0.102 seconds
[2023-10-12 17:40:30,682] {scheduler_job.py:182} INFO - Started process (PID=1740) to work on /home/airflow/.local/lib/python3.6/site-packages/airflow/example_dags/example_task_group.py
[2023-10-12 17:40:30,683] {scheduler_job.py:633} INFO - Processing file /home/airflow/.local/lib/python3.6/site-packages/airflow/example_dags/example_task_group.py for tasks to queue
[2023-10-12 17:40:30,683] {logging_mixin.py:104} INFO - [2023-10-12 17:40:30,683] {dagbag.py:496} INFO - Filling up the DagBag from /home/airflow/.local/lib/python3.6/site-packages/airflow/example_dags/example_task_group.py
[2023-10-12 17:40:30,695] {scheduler_job.py:643} INFO - DAG(s) dict_keys(['example_task_group']) retrieved from /home/airflow/.local/lib/python3.6/site-packages/airflow/example_dags/example_task_group.py
[2023-10-12 17:40:30,718] {logging_mixin.py:104} INFO - [2023-10-12 17:40:30,718] {dag.py:1833} INFO - Sync 1 DAGs
[2023-10-12 17:40:30,734] {logging_mixin.py:104} INFO - [2023-10-12 17:40:30,734] {dag.py:2306} INFO - Setting next_dagrun for example_task_group to 2023-10-10 00:00:00+00:00
[2023-10-12 17:40:30,748] {scheduler_job.py:190} INFO - Processing /home/airflow/.local/lib/python3.6/site-packages/airflow/example_dags/example_task_group.py took 0.068 seconds
[2023-10-12 17:41:00,934] {scheduler_job.py:182} INFO - Started process (PID=1814) to work on /home/airflow/.local/lib/python3.6/site-packages/airflow/example_dags/example_task_group.py
[2023-10-12 17:41:00,934] {scheduler_job.py:633} INFO - Processing file /home/airflow/.local/lib/python3.6/site-packages/airflow/example_dags/example_task_group.py for tasks to queue
[2023-10-12 17:41:00,935] {logging_mixin.py:104} INFO - [2023-10-12 17:41:00,935] {dagbag.py:496} INFO - Filling up the DagBag from /home/airflow/.local/lib/python3.6/site-packages/airflow/example_dags/example_task_group.py
[2023-10-12 17:41:00,950] {scheduler_job.py:643} INFO - DAG(s) dict_keys(['example_task_group']) retrieved from /home/airflow/.local/lib/python3.6/site-packages/airflow/example_dags/example_task_group.py
[2023-10-12 17:41:00,977] {logging_mixin.py:104} INFO - [2023-10-12 17:41:00,977] {dag.py:1833} INFO - Sync 1 DAGs
[2023-10-12 17:41:00,992] {logging_mixin.py:104} INFO - [2023-10-12 17:41:00,992] {dag.py:2306} INFO - Setting next_dagrun for example_task_group to 2023-10-10 00:00:00+00:00
[2023-10-12 17:41:01,004] {scheduler_job.py:190} INFO - Processing /home/airflow/.local/lib/python3.6/site-packages/airflow/example_dags/example_task_group.py took 0.073 seconds
