[2023-10-12 17:30:21,343] {scheduler_job.py:182} INFO - Started process (PID=106) to work on /home/airflow/.local/lib/python3.6/site-packages/airflow/example_dags/example_xcomargs.py
[2023-10-12 17:30:21,345] {scheduler_job.py:633} INFO - Processing file /home/airflow/.local/lib/python3.6/site-packages/airflow/example_dags/example_xcomargs.py for tasks to queue
[2023-10-12 17:30:21,346] {logging_mixin.py:104} INFO - [2023-10-12 17:30:21,345] {dagbag.py:496} INFO - Filling up the DagBag from /home/airflow/.local/lib/python3.6/site-packages/airflow/example_dags/example_xcomargs.py
[2023-10-12 17:30:21,367] {scheduler_job.py:643} INFO - DAG(s) dict_keys(['example_xcom_args', 'example_xcom_args_with_operators']) retrieved from /home/airflow/.local/lib/python3.6/site-packages/airflow/example_dags/example_xcomargs.py
[2023-10-12 17:30:21,662] {logging_mixin.py:104} INFO - [2023-10-12 17:30:21,661] {dag.py:1833} INFO - Sync 2 DAGs
[2023-10-12 17:30:21,681] {logging_mixin.py:104} INFO - [2023-10-12 17:30:21,681] {dag.py:2306} INFO - Setting next_dagrun for example_xcom_args to None
[2023-10-12 17:30:21,682] {logging_mixin.py:104} INFO - [2023-10-12 17:30:21,682] {dag.py:2306} INFO - Setting next_dagrun for example_xcom_args_with_operators to None
[2023-10-12 17:30:21,701] {scheduler_job.py:190} INFO - Processing /home/airflow/.local/lib/python3.6/site-packages/airflow/example_dags/example_xcomargs.py took 0.362 seconds
[2023-10-12 17:30:51,974] {scheduler_job.py:182} INFO - Started process (PID=199) to work on /home/airflow/.local/lib/python3.6/site-packages/airflow/example_dags/example_xcomargs.py
[2023-10-12 17:30:51,975] {scheduler_job.py:633} INFO - Processing file /home/airflow/.local/lib/python3.6/site-packages/airflow/example_dags/example_xcomargs.py for tasks to queue
[2023-10-12 17:30:51,976] {logging_mixin.py:104} INFO - [2023-10-12 17:30:51,976] {dagbag.py:496} INFO - Filling up the DagBag from /home/airflow/.local/lib/python3.6/site-packages/airflow/example_dags/example_xcomargs.py
[2023-10-12 17:30:51,998] {scheduler_job.py:643} INFO - DAG(s) dict_keys(['example_xcom_args', 'example_xcom_args_with_operators']) retrieved from /home/airflow/.local/lib/python3.6/site-packages/airflow/example_dags/example_xcomargs.py
[2023-10-12 17:30:52,410] {logging_mixin.py:104} INFO - [2023-10-12 17:30:52,410] {dag.py:1833} INFO - Sync 2 DAGs
[2023-10-12 17:30:52,434] {logging_mixin.py:104} INFO - [2023-10-12 17:30:52,434] {dag.py:2306} INFO - Setting next_dagrun for example_xcom_args to None
[2023-10-12 17:30:52,435] {logging_mixin.py:104} INFO - [2023-10-12 17:30:52,435] {dag.py:2306} INFO - Setting next_dagrun for example_xcom_args_with_operators to None
[2023-10-12 17:30:52,454] {scheduler_job.py:190} INFO - Processing /home/airflow/.local/lib/python3.6/site-packages/airflow/example_dags/example_xcomargs.py took 0.484 seconds
[2023-10-12 17:31:22,529] {scheduler_job.py:182} INFO - Started process (PID=295) to work on /home/airflow/.local/lib/python3.6/site-packages/airflow/example_dags/example_xcomargs.py
[2023-10-12 17:31:22,530] {scheduler_job.py:633} INFO - Processing file /home/airflow/.local/lib/python3.6/site-packages/airflow/example_dags/example_xcomargs.py for tasks to queue
[2023-10-12 17:31:22,531] {logging_mixin.py:104} INFO - [2023-10-12 17:31:22,530] {dagbag.py:496} INFO - Filling up the DagBag from /home/airflow/.local/lib/python3.6/site-packages/airflow/example_dags/example_xcomargs.py
[2023-10-12 17:31:22,546] {scheduler_job.py:643} INFO - DAG(s) dict_keys(['example_xcom_args', 'example_xcom_args_with_operators']) retrieved from /home/airflow/.local/lib/python3.6/site-packages/airflow/example_dags/example_xcomargs.py
[2023-10-12 17:31:22,726] {logging_mixin.py:104} INFO - [2023-10-12 17:31:22,726] {dag.py:1833} INFO - Sync 2 DAGs
[2023-10-12 17:31:22,740] {logging_mixin.py:104} INFO - [2023-10-12 17:31:22,739] {dag.py:2306} INFO - Setting next_dagrun for example_xcom_args to None
[2023-10-12 17:31:22,740] {logging_mixin.py:104} INFO - [2023-10-12 17:31:22,740] {dag.py:2306} INFO - Setting next_dagrun for example_xcom_args_with_operators to None
[2023-10-12 17:31:22,753] {scheduler_job.py:190} INFO - Processing /home/airflow/.local/lib/python3.6/site-packages/airflow/example_dags/example_xcomargs.py took 0.226 seconds
[2023-10-12 17:31:53,138] {scheduler_job.py:182} INFO - Started process (PID=371) to work on /home/airflow/.local/lib/python3.6/site-packages/airflow/example_dags/example_xcomargs.py
[2023-10-12 17:31:53,139] {scheduler_job.py:633} INFO - Processing file /home/airflow/.local/lib/python3.6/site-packages/airflow/example_dags/example_xcomargs.py for tasks to queue
[2023-10-12 17:31:53,140] {logging_mixin.py:104} INFO - [2023-10-12 17:31:53,140] {dagbag.py:496} INFO - Filling up the DagBag from /home/airflow/.local/lib/python3.6/site-packages/airflow/example_dags/example_xcomargs.py
[2023-10-12 17:31:53,158] {scheduler_job.py:643} INFO - DAG(s) dict_keys(['example_xcom_args', 'example_xcom_args_with_operators']) retrieved from /home/airflow/.local/lib/python3.6/site-packages/airflow/example_dags/example_xcomargs.py
[2023-10-12 17:31:53,388] {logging_mixin.py:104} INFO - [2023-10-12 17:31:53,388] {dag.py:1833} INFO - Sync 2 DAGs
[2023-10-12 17:31:53,404] {logging_mixin.py:104} INFO - [2023-10-12 17:31:53,404] {dag.py:2306} INFO - Setting next_dagrun for example_xcom_args to None
[2023-10-12 17:31:53,405] {logging_mixin.py:104} INFO - [2023-10-12 17:31:53,404] {dag.py:2306} INFO - Setting next_dagrun for example_xcom_args_with_operators to None
[2023-10-12 17:31:53,419] {scheduler_job.py:190} INFO - Processing /home/airflow/.local/lib/python3.6/site-packages/airflow/example_dags/example_xcomargs.py took 0.283 seconds
[2023-10-12 17:32:24,473] {scheduler_job.py:182} INFO - Started process (PID=460) to work on /home/airflow/.local/lib/python3.6/site-packages/airflow/example_dags/example_xcomargs.py
[2023-10-12 17:32:24,475] {scheduler_job.py:633} INFO - Processing file /home/airflow/.local/lib/python3.6/site-packages/airflow/example_dags/example_xcomargs.py for tasks to queue
[2023-10-12 17:32:24,475] {logging_mixin.py:104} INFO - [2023-10-12 17:32:24,475] {dagbag.py:496} INFO - Filling up the DagBag from /home/airflow/.local/lib/python3.6/site-packages/airflow/example_dags/example_xcomargs.py
[2023-10-12 17:32:24,495] {scheduler_job.py:643} INFO - DAG(s) dict_keys(['example_xcom_args', 'example_xcom_args_with_operators']) retrieved from /home/airflow/.local/lib/python3.6/site-packages/airflow/example_dags/example_xcomargs.py
[2023-10-12 17:32:24,760] {logging_mixin.py:104} INFO - [2023-10-12 17:32:24,760] {dag.py:1833} INFO - Sync 2 DAGs
[2023-10-12 17:32:24,777] {logging_mixin.py:104} INFO - [2023-10-12 17:32:24,777] {dag.py:2306} INFO - Setting next_dagrun for example_xcom_args to None
[2023-10-12 17:32:24,778] {logging_mixin.py:104} INFO - [2023-10-12 17:32:24,778] {dag.py:2306} INFO - Setting next_dagrun for example_xcom_args_with_operators to None
[2023-10-12 17:32:24,797] {scheduler_job.py:190} INFO - Processing /home/airflow/.local/lib/python3.6/site-packages/airflow/example_dags/example_xcomargs.py took 0.328 seconds
[2023-10-12 17:32:55,459] {scheduler_job.py:182} INFO - Started process (PID=524) to work on /home/airflow/.local/lib/python3.6/site-packages/airflow/example_dags/example_xcomargs.py
[2023-10-12 17:32:55,459] {scheduler_job.py:633} INFO - Processing file /home/airflow/.local/lib/python3.6/site-packages/airflow/example_dags/example_xcomargs.py for tasks to queue
[2023-10-12 17:32:55,460] {logging_mixin.py:104} INFO - [2023-10-12 17:32:55,460] {dagbag.py:496} INFO - Filling up the DagBag from /home/airflow/.local/lib/python3.6/site-packages/airflow/example_dags/example_xcomargs.py
[2023-10-12 17:32:55,476] {scheduler_job.py:643} INFO - DAG(s) dict_keys(['example_xcom_args', 'example_xcom_args_with_operators']) retrieved from /home/airflow/.local/lib/python3.6/site-packages/airflow/example_dags/example_xcomargs.py
[2023-10-12 17:32:55,675] {logging_mixin.py:104} INFO - [2023-10-12 17:32:55,675] {dag.py:1833} INFO - Sync 2 DAGs
[2023-10-12 17:32:55,692] {logging_mixin.py:104} INFO - [2023-10-12 17:32:55,692] {dag.py:2306} INFO - Setting next_dagrun for example_xcom_args to None
[2023-10-12 17:32:55,693] {logging_mixin.py:104} INFO - [2023-10-12 17:32:55,693] {dag.py:2306} INFO - Setting next_dagrun for example_xcom_args_with_operators to None
[2023-10-12 17:32:55,709] {scheduler_job.py:190} INFO - Processing /home/airflow/.local/lib/python3.6/site-packages/airflow/example_dags/example_xcomargs.py took 0.253 seconds
[2023-10-12 17:33:26,138] {scheduler_job.py:182} INFO - Started process (PID=593) to work on /home/airflow/.local/lib/python3.6/site-packages/airflow/example_dags/example_xcomargs.py
[2023-10-12 17:33:26,139] {scheduler_job.py:633} INFO - Processing file /home/airflow/.local/lib/python3.6/site-packages/airflow/example_dags/example_xcomargs.py for tasks to queue
[2023-10-12 17:33:26,140] {logging_mixin.py:104} INFO - [2023-10-12 17:33:26,140] {dagbag.py:496} INFO - Filling up the DagBag from /home/airflow/.local/lib/python3.6/site-packages/airflow/example_dags/example_xcomargs.py
[2023-10-12 17:33:26,162] {scheduler_job.py:643} INFO - DAG(s) dict_keys(['example_xcom_args', 'example_xcom_args_with_operators']) retrieved from /home/airflow/.local/lib/python3.6/site-packages/airflow/example_dags/example_xcomargs.py
[2023-10-12 17:33:26,195] {logging_mixin.py:104} INFO - [2023-10-12 17:33:26,194] {dag.py:1833} INFO - Sync 2 DAGs
[2023-10-12 17:33:26,217] {logging_mixin.py:104} INFO - [2023-10-12 17:33:26,217] {dag.py:2306} INFO - Setting next_dagrun for example_xcom_args to None
[2023-10-12 17:33:26,218] {logging_mixin.py:104} INFO - [2023-10-12 17:33:26,218] {dag.py:2306} INFO - Setting next_dagrun for example_xcom_args_with_operators to None
[2023-10-12 17:33:26,235] {scheduler_job.py:190} INFO - Processing /home/airflow/.local/lib/python3.6/site-packages/airflow/example_dags/example_xcomargs.py took 0.101 seconds
[2023-10-12 17:33:56,348] {scheduler_job.py:182} INFO - Started process (PID=676) to work on /home/airflow/.local/lib/python3.6/site-packages/airflow/example_dags/example_xcomargs.py
[2023-10-12 17:33:56,349] {scheduler_job.py:633} INFO - Processing file /home/airflow/.local/lib/python3.6/site-packages/airflow/example_dags/example_xcomargs.py for tasks to queue
[2023-10-12 17:33:56,350] {logging_mixin.py:104} INFO - [2023-10-12 17:33:56,350] {dagbag.py:496} INFO - Filling up the DagBag from /home/airflow/.local/lib/python3.6/site-packages/airflow/example_dags/example_xcomargs.py
[2023-10-12 17:33:56,378] {scheduler_job.py:643} INFO - DAG(s) dict_keys(['example_xcom_args', 'example_xcom_args_with_operators']) retrieved from /home/airflow/.local/lib/python3.6/site-packages/airflow/example_dags/example_xcomargs.py
[2023-10-12 17:33:56,615] {logging_mixin.py:104} INFO - [2023-10-12 17:33:56,615] {dag.py:1833} INFO - Sync 2 DAGs
[2023-10-12 17:33:56,632] {logging_mixin.py:104} INFO - [2023-10-12 17:33:56,631] {dag.py:2306} INFO - Setting next_dagrun for example_xcom_args to None
[2023-10-12 17:33:56,633] {logging_mixin.py:104} INFO - [2023-10-12 17:33:56,633] {dag.py:2306} INFO - Setting next_dagrun for example_xcom_args_with_operators to None
[2023-10-12 17:33:56,648] {scheduler_job.py:190} INFO - Processing /home/airflow/.local/lib/python3.6/site-packages/airflow/example_dags/example_xcomargs.py took 0.303 seconds
[2023-10-12 17:34:26,667] {scheduler_job.py:182} INFO - Started process (PID=759) to work on /home/airflow/.local/lib/python3.6/site-packages/airflow/example_dags/example_xcomargs.py
[2023-10-12 17:34:26,668] {scheduler_job.py:633} INFO - Processing file /home/airflow/.local/lib/python3.6/site-packages/airflow/example_dags/example_xcomargs.py for tasks to queue
[2023-10-12 17:34:26,669] {logging_mixin.py:104} INFO - [2023-10-12 17:34:26,669] {dagbag.py:496} INFO - Filling up the DagBag from /home/airflow/.local/lib/python3.6/site-packages/airflow/example_dags/example_xcomargs.py
[2023-10-12 17:34:26,690] {scheduler_job.py:643} INFO - DAG(s) dict_keys(['example_xcom_args', 'example_xcom_args_with_operators']) retrieved from /home/airflow/.local/lib/python3.6/site-packages/airflow/example_dags/example_xcomargs.py
[2023-10-12 17:34:27,036] {logging_mixin.py:104} INFO - [2023-10-12 17:34:27,036] {dag.py:1833} INFO - Sync 2 DAGs
[2023-10-12 17:34:27,057] {logging_mixin.py:104} INFO - [2023-10-12 17:34:27,057] {dag.py:2306} INFO - Setting next_dagrun for example_xcom_args to None
[2023-10-12 17:34:27,058] {logging_mixin.py:104} INFO - [2023-10-12 17:34:27,058] {dag.py:2306} INFO - Setting next_dagrun for example_xcom_args_with_operators to None
[2023-10-12 17:34:27,074] {scheduler_job.py:190} INFO - Processing /home/airflow/.local/lib/python3.6/site-packages/airflow/example_dags/example_xcomargs.py took 0.410 seconds
[2023-10-12 17:34:57,098] {scheduler_job.py:182} INFO - Started process (PID=840) to work on /home/airflow/.local/lib/python3.6/site-packages/airflow/example_dags/example_xcomargs.py
[2023-10-12 17:34:57,099] {scheduler_job.py:633} INFO - Processing file /home/airflow/.local/lib/python3.6/site-packages/airflow/example_dags/example_xcomargs.py for tasks to queue
[2023-10-12 17:34:57,099] {logging_mixin.py:104} INFO - [2023-10-12 17:34:57,099] {dagbag.py:496} INFO - Filling up the DagBag from /home/airflow/.local/lib/python3.6/site-packages/airflow/example_dags/example_xcomargs.py
[2023-10-12 17:34:57,127] {scheduler_job.py:643} INFO - DAG(s) dict_keys(['example_xcom_args', 'example_xcom_args_with_operators']) retrieved from /home/airflow/.local/lib/python3.6/site-packages/airflow/example_dags/example_xcomargs.py
[2023-10-12 17:34:57,489] {logging_mixin.py:104} INFO - [2023-10-12 17:34:57,489] {dag.py:1833} INFO - Sync 2 DAGs
[2023-10-12 17:34:57,529] {logging_mixin.py:104} INFO - [2023-10-12 17:34:57,529] {dag.py:2306} INFO - Setting next_dagrun for example_xcom_args to None
[2023-10-12 17:34:57,530] {logging_mixin.py:104} INFO - [2023-10-12 17:34:57,530] {dag.py:2306} INFO - Setting next_dagrun for example_xcom_args_with_operators to None
[2023-10-12 17:34:57,553] {scheduler_job.py:190} INFO - Processing /home/airflow/.local/lib/python3.6/site-packages/airflow/example_dags/example_xcomargs.py took 0.458 seconds
[2023-10-12 17:35:27,717] {scheduler_job.py:182} INFO - Started process (PID=926) to work on /home/airflow/.local/lib/python3.6/site-packages/airflow/example_dags/example_xcomargs.py
[2023-10-12 17:35:27,717] {scheduler_job.py:633} INFO - Processing file /home/airflow/.local/lib/python3.6/site-packages/airflow/example_dags/example_xcomargs.py for tasks to queue
[2023-10-12 17:35:27,718] {logging_mixin.py:104} INFO - [2023-10-12 17:35:27,718] {dagbag.py:496} INFO - Filling up the DagBag from /home/airflow/.local/lib/python3.6/site-packages/airflow/example_dags/example_xcomargs.py
[2023-10-12 17:35:27,732] {scheduler_job.py:643} INFO - DAG(s) dict_keys(['example_xcom_args', 'example_xcom_args_with_operators']) retrieved from /home/airflow/.local/lib/python3.6/site-packages/airflow/example_dags/example_xcomargs.py
[2023-10-12 17:35:27,890] {logging_mixin.py:104} INFO - [2023-10-12 17:35:27,889] {dag.py:1833} INFO - Sync 2 DAGs
[2023-10-12 17:35:27,904] {logging_mixin.py:104} INFO - [2023-10-12 17:35:27,904] {dag.py:2306} INFO - Setting next_dagrun for example_xcom_args to None
[2023-10-12 17:35:27,905] {logging_mixin.py:104} INFO - [2023-10-12 17:35:27,905] {dag.py:2306} INFO - Setting next_dagrun for example_xcom_args_with_operators to None
[2023-10-12 17:35:27,920] {scheduler_job.py:190} INFO - Processing /home/airflow/.local/lib/python3.6/site-packages/airflow/example_dags/example_xcomargs.py took 0.205 seconds
[2023-10-12 17:35:58,397] {scheduler_job.py:182} INFO - Started process (PID=999) to work on /home/airflow/.local/lib/python3.6/site-packages/airflow/example_dags/example_xcomargs.py
[2023-10-12 17:35:58,398] {scheduler_job.py:633} INFO - Processing file /home/airflow/.local/lib/python3.6/site-packages/airflow/example_dags/example_xcomargs.py for tasks to queue
[2023-10-12 17:35:58,399] {logging_mixin.py:104} INFO - [2023-10-12 17:35:58,399] {dagbag.py:496} INFO - Filling up the DagBag from /home/airflow/.local/lib/python3.6/site-packages/airflow/example_dags/example_xcomargs.py
[2023-10-12 17:35:58,426] {scheduler_job.py:643} INFO - DAG(s) dict_keys(['example_xcom_args', 'example_xcom_args_with_operators']) retrieved from /home/airflow/.local/lib/python3.6/site-packages/airflow/example_dags/example_xcomargs.py
[2023-10-12 17:35:58,790] {logging_mixin.py:104} INFO - [2023-10-12 17:35:58,789] {dag.py:1833} INFO - Sync 2 DAGs
[2023-10-12 17:35:58,812] {logging_mixin.py:104} INFO - [2023-10-12 17:35:58,812] {dag.py:2306} INFO - Setting next_dagrun for example_xcom_args to None
[2023-10-12 17:35:58,813] {logging_mixin.py:104} INFO - [2023-10-12 17:35:58,813] {dag.py:2306} INFO - Setting next_dagrun for example_xcom_args_with_operators to None
[2023-10-12 17:35:58,831] {scheduler_job.py:190} INFO - Processing /home/airflow/.local/lib/python3.6/site-packages/airflow/example_dags/example_xcomargs.py took 0.436 seconds
[2023-10-12 17:36:29,053] {scheduler_job.py:182} INFO - Started process (PID=1094) to work on /home/airflow/.local/lib/python3.6/site-packages/airflow/example_dags/example_xcomargs.py
[2023-10-12 17:36:29,054] {scheduler_job.py:633} INFO - Processing file /home/airflow/.local/lib/python3.6/site-packages/airflow/example_dags/example_xcomargs.py for tasks to queue
[2023-10-12 17:36:29,056] {logging_mixin.py:104} INFO - [2023-10-12 17:36:29,055] {dagbag.py:496} INFO - Filling up the DagBag from /home/airflow/.local/lib/python3.6/site-packages/airflow/example_dags/example_xcomargs.py
[2023-10-12 17:36:29,085] {scheduler_job.py:643} INFO - DAG(s) dict_keys(['example_xcom_args', 'example_xcom_args_with_operators']) retrieved from /home/airflow/.local/lib/python3.6/site-packages/airflow/example_dags/example_xcomargs.py
[2023-10-12 17:36:29,390] {logging_mixin.py:104} INFO - [2023-10-12 17:36:29,390] {dag.py:1833} INFO - Sync 2 DAGs
[2023-10-12 17:36:29,406] {logging_mixin.py:104} INFO - [2023-10-12 17:36:29,406] {dag.py:2306} INFO - Setting next_dagrun for example_xcom_args to None
[2023-10-12 17:36:29,407] {logging_mixin.py:104} INFO - [2023-10-12 17:36:29,407] {dag.py:2306} INFO - Setting next_dagrun for example_xcom_args_with_operators to None
[2023-10-12 17:36:29,424] {scheduler_job.py:190} INFO - Processing /home/airflow/.local/lib/python3.6/site-packages/airflow/example_dags/example_xcomargs.py took 0.374 seconds
[2023-10-12 17:37:00,418] {scheduler_job.py:182} INFO - Started process (PID=1168) to work on /home/airflow/.local/lib/python3.6/site-packages/airflow/example_dags/example_xcomargs.py
[2023-10-12 17:37:00,419] {scheduler_job.py:633} INFO - Processing file /home/airflow/.local/lib/python3.6/site-packages/airflow/example_dags/example_xcomargs.py for tasks to queue
[2023-10-12 17:37:00,420] {logging_mixin.py:104} INFO - [2023-10-12 17:37:00,420] {dagbag.py:496} INFO - Filling up the DagBag from /home/airflow/.local/lib/python3.6/site-packages/airflow/example_dags/example_xcomargs.py
[2023-10-12 17:37:00,438] {scheduler_job.py:643} INFO - DAG(s) dict_keys(['example_xcom_args', 'example_xcom_args_with_operators']) retrieved from /home/airflow/.local/lib/python3.6/site-packages/airflow/example_dags/example_xcomargs.py
[2023-10-12 17:37:00,624] {logging_mixin.py:104} INFO - [2023-10-12 17:37:00,624] {dag.py:1833} INFO - Sync 2 DAGs
[2023-10-12 17:37:00,637] {logging_mixin.py:104} INFO - [2023-10-12 17:37:00,637] {dag.py:2306} INFO - Setting next_dagrun for example_xcom_args to None
[2023-10-12 17:37:00,638] {logging_mixin.py:104} INFO - [2023-10-12 17:37:00,638] {dag.py:2306} INFO - Setting next_dagrun for example_xcom_args_with_operators to None
[2023-10-12 17:37:00,653] {scheduler_job.py:190} INFO - Processing /home/airflow/.local/lib/python3.6/site-packages/airflow/example_dags/example_xcomargs.py took 0.237 seconds
[2023-10-12 17:37:30,745] {scheduler_job.py:182} INFO - Started process (PID=1261) to work on /home/airflow/.local/lib/python3.6/site-packages/airflow/example_dags/example_xcomargs.py
[2023-10-12 17:37:30,746] {scheduler_job.py:633} INFO - Processing file /home/airflow/.local/lib/python3.6/site-packages/airflow/example_dags/example_xcomargs.py for tasks to queue
[2023-10-12 17:37:30,746] {logging_mixin.py:104} INFO - [2023-10-12 17:37:30,746] {dagbag.py:496} INFO - Filling up the DagBag from /home/airflow/.local/lib/python3.6/site-packages/airflow/example_dags/example_xcomargs.py
[2023-10-12 17:37:30,769] {scheduler_job.py:643} INFO - DAG(s) dict_keys(['example_xcom_args', 'example_xcom_args_with_operators']) retrieved from /home/airflow/.local/lib/python3.6/site-packages/airflow/example_dags/example_xcomargs.py
[2023-10-12 17:37:31,005] {logging_mixin.py:104} INFO - [2023-10-12 17:37:31,005] {dag.py:1833} INFO - Sync 2 DAGs
[2023-10-12 17:37:31,020] {logging_mixin.py:104} INFO - [2023-10-12 17:37:31,020] {dag.py:2306} INFO - Setting next_dagrun for example_xcom_args to None
[2023-10-12 17:37:31,021] {logging_mixin.py:104} INFO - [2023-10-12 17:37:31,021] {dag.py:2306} INFO - Setting next_dagrun for example_xcom_args_with_operators to None
[2023-10-12 17:37:31,038] {scheduler_job.py:190} INFO - Processing /home/airflow/.local/lib/python3.6/site-packages/airflow/example_dags/example_xcomargs.py took 0.295 seconds
[2023-10-12 17:38:01,083] {scheduler_job.py:182} INFO - Started process (PID=1336) to work on /home/airflow/.local/lib/python3.6/site-packages/airflow/example_dags/example_xcomargs.py
[2023-10-12 17:38:01,085] {scheduler_job.py:633} INFO - Processing file /home/airflow/.local/lib/python3.6/site-packages/airflow/example_dags/example_xcomargs.py for tasks to queue
[2023-10-12 17:38:01,101] {logging_mixin.py:104} INFO - [2023-10-12 17:38:01,100] {dagbag.py:496} INFO - Filling up the DagBag from /home/airflow/.local/lib/python3.6/site-packages/airflow/example_dags/example_xcomargs.py
[2023-10-12 17:38:01,138] {scheduler_job.py:643} INFO - DAG(s) dict_keys(['example_xcom_args', 'example_xcom_args_with_operators']) retrieved from /home/airflow/.local/lib/python3.6/site-packages/airflow/example_dags/example_xcomargs.py
[2023-10-12 17:38:01,725] {logging_mixin.py:104} INFO - [2023-10-12 17:38:01,724] {dag.py:1833} INFO - Sync 2 DAGs
[2023-10-12 17:38:01,775] {logging_mixin.py:104} INFO - [2023-10-12 17:38:01,775] {dag.py:2306} INFO - Setting next_dagrun for example_xcom_args to None
[2023-10-12 17:38:01,777] {logging_mixin.py:104} INFO - [2023-10-12 17:38:01,777] {dag.py:2306} INFO - Setting next_dagrun for example_xcom_args_with_operators to None
[2023-10-12 17:38:01,814] {scheduler_job.py:190} INFO - Processing /home/airflow/.local/lib/python3.6/site-packages/airflow/example_dags/example_xcomargs.py took 0.735 seconds
[2023-10-12 17:38:32,202] {scheduler_job.py:182} INFO - Started process (PID=1428) to work on /home/airflow/.local/lib/python3.6/site-packages/airflow/example_dags/example_xcomargs.py
[2023-10-12 17:38:32,203] {scheduler_job.py:633} INFO - Processing file /home/airflow/.local/lib/python3.6/site-packages/airflow/example_dags/example_xcomargs.py for tasks to queue
[2023-10-12 17:38:32,203] {logging_mixin.py:104} INFO - [2023-10-12 17:38:32,203] {dagbag.py:496} INFO - Filling up the DagBag from /home/airflow/.local/lib/python3.6/site-packages/airflow/example_dags/example_xcomargs.py
[2023-10-12 17:38:32,223] {scheduler_job.py:643} INFO - DAG(s) dict_keys(['example_xcom_args', 'example_xcom_args_with_operators']) retrieved from /home/airflow/.local/lib/python3.6/site-packages/airflow/example_dags/example_xcomargs.py
[2023-10-12 17:38:32,253] {logging_mixin.py:104} INFO - [2023-10-12 17:38:32,253] {dag.py:1833} INFO - Sync 2 DAGs
[2023-10-12 17:38:32,278] {logging_mixin.py:104} INFO - [2023-10-12 17:38:32,277] {dag.py:2306} INFO - Setting next_dagrun for example_xcom_args to None
[2023-10-12 17:38:32,278] {logging_mixin.py:104} INFO - [2023-10-12 17:38:32,278] {dag.py:2306} INFO - Setting next_dagrun for example_xcom_args_with_operators to None
[2023-10-12 17:38:32,293] {scheduler_job.py:190} INFO - Processing /home/airflow/.local/lib/python3.6/site-packages/airflow/example_dags/example_xcomargs.py took 0.094 seconds
[2023-10-12 17:39:02,862] {scheduler_job.py:182} INFO - Started process (PID=1508) to work on /home/airflow/.local/lib/python3.6/site-packages/airflow/example_dags/example_xcomargs.py
[2023-10-12 17:39:02,863] {scheduler_job.py:633} INFO - Processing file /home/airflow/.local/lib/python3.6/site-packages/airflow/example_dags/example_xcomargs.py for tasks to queue
[2023-10-12 17:39:02,864] {logging_mixin.py:104} INFO - [2023-10-12 17:39:02,864] {dagbag.py:496} INFO - Filling up the DagBag from /home/airflow/.local/lib/python3.6/site-packages/airflow/example_dags/example_xcomargs.py
[2023-10-12 17:39:02,882] {scheduler_job.py:643} INFO - DAG(s) dict_keys(['example_xcom_args', 'example_xcom_args_with_operators']) retrieved from /home/airflow/.local/lib/python3.6/site-packages/airflow/example_dags/example_xcomargs.py
[2023-10-12 17:39:03,184] {logging_mixin.py:104} INFO - [2023-10-12 17:39:03,184] {dag.py:1833} INFO - Sync 2 DAGs
[2023-10-12 17:39:03,210] {logging_mixin.py:104} INFO - [2023-10-12 17:39:03,209] {dag.py:2306} INFO - Setting next_dagrun for example_xcom_args to None
[2023-10-12 17:39:03,211] {logging_mixin.py:104} INFO - [2023-10-12 17:39:03,211] {dag.py:2306} INFO - Setting next_dagrun for example_xcom_args_with_operators to None
[2023-10-12 17:39:03,232] {scheduler_job.py:190} INFO - Processing /home/airflow/.local/lib/python3.6/site-packages/airflow/example_dags/example_xcomargs.py took 0.372 seconds
[2023-10-12 17:39:33,318] {scheduler_job.py:182} INFO - Started process (PID=1599) to work on /home/airflow/.local/lib/python3.6/site-packages/airflow/example_dags/example_xcomargs.py
[2023-10-12 17:39:33,319] {scheduler_job.py:633} INFO - Processing file /home/airflow/.local/lib/python3.6/site-packages/airflow/example_dags/example_xcomargs.py for tasks to queue
[2023-10-12 17:39:33,319] {logging_mixin.py:104} INFO - [2023-10-12 17:39:33,319] {dagbag.py:496} INFO - Filling up the DagBag from /home/airflow/.local/lib/python3.6/site-packages/airflow/example_dags/example_xcomargs.py
[2023-10-12 17:39:33,341] {scheduler_job.py:643} INFO - DAG(s) dict_keys(['example_xcom_args', 'example_xcom_args_with_operators']) retrieved from /home/airflow/.local/lib/python3.6/site-packages/airflow/example_dags/example_xcomargs.py
[2023-10-12 17:39:33,631] {logging_mixin.py:104} INFO - [2023-10-12 17:39:33,631] {dag.py:1833} INFO - Sync 2 DAGs
[2023-10-12 17:39:33,648] {logging_mixin.py:104} INFO - [2023-10-12 17:39:33,647] {dag.py:2306} INFO - Setting next_dagrun for example_xcom_args to None
[2023-10-12 17:39:33,648] {logging_mixin.py:104} INFO - [2023-10-12 17:39:33,648] {dag.py:2306} INFO - Setting next_dagrun for example_xcom_args_with_operators to None
[2023-10-12 17:39:33,667] {scheduler_job.py:190} INFO - Processing /home/airflow/.local/lib/python3.6/site-packages/airflow/example_dags/example_xcomargs.py took 0.351 seconds
[2023-10-12 17:40:03,734] {scheduler_job.py:182} INFO - Started process (PID=1679) to work on /home/airflow/.local/lib/python3.6/site-packages/airflow/example_dags/example_xcomargs.py
[2023-10-12 17:40:03,735] {scheduler_job.py:633} INFO - Processing file /home/airflow/.local/lib/python3.6/site-packages/airflow/example_dags/example_xcomargs.py for tasks to queue
[2023-10-12 17:40:03,735] {logging_mixin.py:104} INFO - [2023-10-12 17:40:03,735] {dagbag.py:496} INFO - Filling up the DagBag from /home/airflow/.local/lib/python3.6/site-packages/airflow/example_dags/example_xcomargs.py
[2023-10-12 17:40:03,761] {scheduler_job.py:643} INFO - DAG(s) dict_keys(['example_xcom_args', 'example_xcom_args_with_operators']) retrieved from /home/airflow/.local/lib/python3.6/site-packages/airflow/example_dags/example_xcomargs.py
[2023-10-12 17:40:04,059] {logging_mixin.py:104} INFO - [2023-10-12 17:40:04,058] {dag.py:1833} INFO - Sync 2 DAGs
[2023-10-12 17:40:04,085] {logging_mixin.py:104} INFO - [2023-10-12 17:40:04,085] {dag.py:2306} INFO - Setting next_dagrun for example_xcom_args to None
[2023-10-12 17:40:04,086] {logging_mixin.py:104} INFO - [2023-10-12 17:40:04,086] {dag.py:2306} INFO - Setting next_dagrun for example_xcom_args_with_operators to None
[2023-10-12 17:40:04,106] {scheduler_job.py:190} INFO - Processing /home/airflow/.local/lib/python3.6/site-packages/airflow/example_dags/example_xcomargs.py took 0.375 seconds
[2023-10-12 17:40:34,955] {scheduler_job.py:182} INFO - Started process (PID=1758) to work on /home/airflow/.local/lib/python3.6/site-packages/airflow/example_dags/example_xcomargs.py
[2023-10-12 17:40:34,956] {scheduler_job.py:633} INFO - Processing file /home/airflow/.local/lib/python3.6/site-packages/airflow/example_dags/example_xcomargs.py for tasks to queue
[2023-10-12 17:40:34,956] {logging_mixin.py:104} INFO - [2023-10-12 17:40:34,956] {dagbag.py:496} INFO - Filling up the DagBag from /home/airflow/.local/lib/python3.6/site-packages/airflow/example_dags/example_xcomargs.py
[2023-10-12 17:40:34,970] {scheduler_job.py:643} INFO - DAG(s) dict_keys(['example_xcom_args', 'example_xcom_args_with_operators']) retrieved from /home/airflow/.local/lib/python3.6/site-packages/airflow/example_dags/example_xcomargs.py
[2023-10-12 17:40:35,182] {logging_mixin.py:104} INFO - [2023-10-12 17:40:35,182] {dag.py:1833} INFO - Sync 2 DAGs
[2023-10-12 17:40:35,203] {logging_mixin.py:104} INFO - [2023-10-12 17:40:35,203] {dag.py:2306} INFO - Setting next_dagrun for example_xcom_args to None
[2023-10-12 17:40:35,205] {logging_mixin.py:104} INFO - [2023-10-12 17:40:35,204] {dag.py:2306} INFO - Setting next_dagrun for example_xcom_args_with_operators to None
[2023-10-12 17:40:35,223] {scheduler_job.py:190} INFO - Processing /home/airflow/.local/lib/python3.6/site-packages/airflow/example_dags/example_xcomargs.py took 0.270 seconds
[2023-10-12 17:41:05,763] {scheduler_job.py:182} INFO - Started process (PID=1852) to work on /home/airflow/.local/lib/python3.6/site-packages/airflow/example_dags/example_xcomargs.py
[2023-10-12 17:41:05,765] {scheduler_job.py:633} INFO - Processing file /home/airflow/.local/lib/python3.6/site-packages/airflow/example_dags/example_xcomargs.py for tasks to queue
[2023-10-12 17:41:05,767] {logging_mixin.py:104} INFO - [2023-10-12 17:41:05,767] {dagbag.py:496} INFO - Filling up the DagBag from /home/airflow/.local/lib/python3.6/site-packages/airflow/example_dags/example_xcomargs.py
[2023-10-12 17:41:05,810] {scheduler_job.py:643} INFO - DAG(s) dict_keys(['example_xcom_args', 'example_xcom_args_with_operators']) retrieved from /home/airflow/.local/lib/python3.6/site-packages/airflow/example_dags/example_xcomargs.py
[2023-10-12 17:41:06,338] {logging_mixin.py:104} INFO - [2023-10-12 17:41:06,338] {dag.py:1833} INFO - Sync 2 DAGs
[2023-10-12 17:41:06,378] {logging_mixin.py:104} INFO - [2023-10-12 17:41:06,378] {dag.py:2306} INFO - Setting next_dagrun for example_xcom_args to None
[2023-10-12 17:41:06,380] {logging_mixin.py:104} INFO - [2023-10-12 17:41:06,380] {dag.py:2306} INFO - Setting next_dagrun for example_xcom_args_with_operators to None
[2023-10-12 17:41:06,411] {scheduler_job.py:190} INFO - Processing /home/airflow/.local/lib/python3.6/site-packages/airflow/example_dags/example_xcomargs.py took 0.652 seconds
