[2023-10-12 17:30:16,218] {scheduler_job.py:182} INFO - Started process (PID=85) to work on /home/airflow/.local/lib/python3.6/site-packages/airflow/example_dags/tutorial_etl_dag.py
[2023-10-12 17:30:16,220] {scheduler_job.py:633} INFO - Processing file /home/airflow/.local/lib/python3.6/site-packages/airflow/example_dags/tutorial_etl_dag.py for tasks to queue
[2023-10-12 17:30:16,222] {logging_mixin.py:104} INFO - [2023-10-12 17:30:16,221] {dagbag.py:496} INFO - Filling up the DagBag from /home/airflow/.local/lib/python3.6/site-packages/airflow/example_dags/tutorial_etl_dag.py
[2023-10-12 17:30:16,260] {scheduler_job.py:643} INFO - DAG(s) dict_keys(['tutorial_etl_dag']) retrieved from /home/airflow/.local/lib/python3.6/site-packages/airflow/example_dags/tutorial_etl_dag.py
[2023-10-12 17:30:16,507] {logging_mixin.py:104} INFO - [2023-10-12 17:30:16,507] {dag.py:1833} INFO - Sync 1 DAGs
[2023-10-12 17:30:16,526] {logging_mixin.py:104} INFO - [2023-10-12 17:30:16,526] {dag.py:2306} INFO - Setting next_dagrun for tutorial_etl_dag to None
[2023-10-12 17:30:16,542] {scheduler_job.py:190} INFO - Processing /home/airflow/.local/lib/python3.6/site-packages/airflow/example_dags/tutorial_etl_dag.py took 0.328 seconds
[2023-10-12 17:30:47,483] {scheduler_job.py:182} INFO - Started process (PID=156) to work on /home/airflow/.local/lib/python3.6/site-packages/airflow/example_dags/tutorial_etl_dag.py
[2023-10-12 17:30:47,484] {scheduler_job.py:633} INFO - Processing file /home/airflow/.local/lib/python3.6/site-packages/airflow/example_dags/tutorial_etl_dag.py for tasks to queue
[2023-10-12 17:30:47,484] {logging_mixin.py:104} INFO - [2023-10-12 17:30:47,484] {dagbag.py:496} INFO - Filling up the DagBag from /home/airflow/.local/lib/python3.6/site-packages/airflow/example_dags/tutorial_etl_dag.py
[2023-10-12 17:30:47,494] {scheduler_job.py:643} INFO - DAG(s) dict_keys(['tutorial_etl_dag']) retrieved from /home/airflow/.local/lib/python3.6/site-packages/airflow/example_dags/tutorial_etl_dag.py
[2023-10-12 17:30:47,517] {logging_mixin.py:104} INFO - [2023-10-12 17:30:47,517] {dag.py:1833} INFO - Sync 1 DAGs
[2023-10-12 17:30:47,551] {logging_mixin.py:104} INFO - [2023-10-12 17:30:47,551] {dag.py:2306} INFO - Setting next_dagrun for tutorial_etl_dag to None
[2023-10-12 17:30:47,572] {scheduler_job.py:190} INFO - Processing /home/airflow/.local/lib/python3.6/site-packages/airflow/example_dags/tutorial_etl_dag.py took 0.092 seconds
[2023-10-12 17:31:17,858] {scheduler_job.py:182} INFO - Started process (PID=238) to work on /home/airflow/.local/lib/python3.6/site-packages/airflow/example_dags/tutorial_etl_dag.py
[2023-10-12 17:31:17,859] {scheduler_job.py:633} INFO - Processing file /home/airflow/.local/lib/python3.6/site-packages/airflow/example_dags/tutorial_etl_dag.py for tasks to queue
[2023-10-12 17:31:17,859] {logging_mixin.py:104} INFO - [2023-10-12 17:31:17,859] {dagbag.py:496} INFO - Filling up the DagBag from /home/airflow/.local/lib/python3.6/site-packages/airflow/example_dags/tutorial_etl_dag.py
[2023-10-12 17:31:17,868] {scheduler_job.py:643} INFO - DAG(s) dict_keys(['tutorial_etl_dag']) retrieved from /home/airflow/.local/lib/python3.6/site-packages/airflow/example_dags/tutorial_etl_dag.py
[2023-10-12 17:31:17,891] {logging_mixin.py:104} INFO - [2023-10-12 17:31:17,891] {dag.py:1833} INFO - Sync 1 DAGs
[2023-10-12 17:31:17,906] {logging_mixin.py:104} INFO - [2023-10-12 17:31:17,906] {dag.py:2306} INFO - Setting next_dagrun for tutorial_etl_dag to None
[2023-10-12 17:31:17,918] {scheduler_job.py:190} INFO - Processing /home/airflow/.local/lib/python3.6/site-packages/airflow/example_dags/tutorial_etl_dag.py took 0.062 seconds
[2023-10-12 17:31:48,326] {scheduler_job.py:182} INFO - Started process (PID=323) to work on /home/airflow/.local/lib/python3.6/site-packages/airflow/example_dags/tutorial_etl_dag.py
[2023-10-12 17:31:48,327] {scheduler_job.py:633} INFO - Processing file /home/airflow/.local/lib/python3.6/site-packages/airflow/example_dags/tutorial_etl_dag.py for tasks to queue
[2023-10-12 17:31:48,328] {logging_mixin.py:104} INFO - [2023-10-12 17:31:48,328] {dagbag.py:496} INFO - Filling up the DagBag from /home/airflow/.local/lib/python3.6/site-packages/airflow/example_dags/tutorial_etl_dag.py
[2023-10-12 17:31:48,343] {scheduler_job.py:643} INFO - DAG(s) dict_keys(['tutorial_etl_dag']) retrieved from /home/airflow/.local/lib/python3.6/site-packages/airflow/example_dags/tutorial_etl_dag.py
[2023-10-12 17:31:48,370] {logging_mixin.py:104} INFO - [2023-10-12 17:31:48,370] {dag.py:1833} INFO - Sync 1 DAGs
[2023-10-12 17:31:48,392] {logging_mixin.py:104} INFO - [2023-10-12 17:31:48,392] {dag.py:2306} INFO - Setting next_dagrun for tutorial_etl_dag to None
[2023-10-12 17:31:48,407] {scheduler_job.py:190} INFO - Processing /home/airflow/.local/lib/python3.6/site-packages/airflow/example_dags/tutorial_etl_dag.py took 0.085 seconds
[2023-10-12 17:32:18,800] {scheduler_job.py:182} INFO - Started process (PID=406) to work on /home/airflow/.local/lib/python3.6/site-packages/airflow/example_dags/tutorial_etl_dag.py
[2023-10-12 17:32:18,801] {scheduler_job.py:633} INFO - Processing file /home/airflow/.local/lib/python3.6/site-packages/airflow/example_dags/tutorial_etl_dag.py for tasks to queue
[2023-10-12 17:32:18,802] {logging_mixin.py:104} INFO - [2023-10-12 17:32:18,802] {dagbag.py:496} INFO - Filling up the DagBag from /home/airflow/.local/lib/python3.6/site-packages/airflow/example_dags/tutorial_etl_dag.py
[2023-10-12 17:32:18,812] {scheduler_job.py:643} INFO - DAG(s) dict_keys(['tutorial_etl_dag']) retrieved from /home/airflow/.local/lib/python3.6/site-packages/airflow/example_dags/tutorial_etl_dag.py
[2023-10-12 17:32:18,833] {logging_mixin.py:104} INFO - [2023-10-12 17:32:18,833] {dag.py:1833} INFO - Sync 1 DAGs
[2023-10-12 17:32:18,848] {logging_mixin.py:104} INFO - [2023-10-12 17:32:18,848] {dag.py:2306} INFO - Setting next_dagrun for tutorial_etl_dag to None
[2023-10-12 17:32:18,861] {scheduler_job.py:190} INFO - Processing /home/airflow/.local/lib/python3.6/site-packages/airflow/example_dags/tutorial_etl_dag.py took 0.063 seconds
[2023-10-12 17:32:49,157] {scheduler_job.py:182} INFO - Started process (PID=491) to work on /home/airflow/.local/lib/python3.6/site-packages/airflow/example_dags/tutorial_etl_dag.py
[2023-10-12 17:32:49,157] {scheduler_job.py:633} INFO - Processing file /home/airflow/.local/lib/python3.6/site-packages/airflow/example_dags/tutorial_etl_dag.py for tasks to queue
[2023-10-12 17:32:49,158] {logging_mixin.py:104} INFO - [2023-10-12 17:32:49,158] {dagbag.py:496} INFO - Filling up the DagBag from /home/airflow/.local/lib/python3.6/site-packages/airflow/example_dags/tutorial_etl_dag.py
[2023-10-12 17:32:49,171] {scheduler_job.py:643} INFO - DAG(s) dict_keys(['tutorial_etl_dag']) retrieved from /home/airflow/.local/lib/python3.6/site-packages/airflow/example_dags/tutorial_etl_dag.py
[2023-10-12 17:32:49,195] {logging_mixin.py:104} INFO - [2023-10-12 17:32:49,195] {dag.py:1833} INFO - Sync 1 DAGs
[2023-10-12 17:32:49,210] {logging_mixin.py:104} INFO - [2023-10-12 17:32:49,210] {dag.py:2306} INFO - Setting next_dagrun for tutorial_etl_dag to None
[2023-10-12 17:32:49,223] {scheduler_job.py:190} INFO - Processing /home/airflow/.local/lib/python3.6/site-packages/airflow/example_dags/tutorial_etl_dag.py took 0.069 seconds
[2023-10-12 17:33:19,258] {scheduler_job.py:182} INFO - Started process (PID=572) to work on /home/airflow/.local/lib/python3.6/site-packages/airflow/example_dags/tutorial_etl_dag.py
[2023-10-12 17:33:19,259] {scheduler_job.py:633} INFO - Processing file /home/airflow/.local/lib/python3.6/site-packages/airflow/example_dags/tutorial_etl_dag.py for tasks to queue
[2023-10-12 17:33:19,259] {logging_mixin.py:104} INFO - [2023-10-12 17:33:19,259] {dagbag.py:496} INFO - Filling up the DagBag from /home/airflow/.local/lib/python3.6/site-packages/airflow/example_dags/tutorial_etl_dag.py
[2023-10-12 17:33:19,274] {scheduler_job.py:643} INFO - DAG(s) dict_keys(['tutorial_etl_dag']) retrieved from /home/airflow/.local/lib/python3.6/site-packages/airflow/example_dags/tutorial_etl_dag.py
[2023-10-12 17:33:19,306] {logging_mixin.py:104} INFO - [2023-10-12 17:33:19,305] {dag.py:1833} INFO - Sync 1 DAGs
[2023-10-12 17:33:19,330] {logging_mixin.py:104} INFO - [2023-10-12 17:33:19,330] {dag.py:2306} INFO - Setting next_dagrun for tutorial_etl_dag to None
[2023-10-12 17:33:19,345] {scheduler_job.py:190} INFO - Processing /home/airflow/.local/lib/python3.6/site-packages/airflow/example_dags/tutorial_etl_dag.py took 0.091 seconds
[2023-10-12 17:33:49,781] {scheduler_job.py:182} INFO - Started process (PID=646) to work on /home/airflow/.local/lib/python3.6/site-packages/airflow/example_dags/tutorial_etl_dag.py
[2023-10-12 17:33:49,782] {scheduler_job.py:633} INFO - Processing file /home/airflow/.local/lib/python3.6/site-packages/airflow/example_dags/tutorial_etl_dag.py for tasks to queue
[2023-10-12 17:33:49,783] {logging_mixin.py:104} INFO - [2023-10-12 17:33:49,783] {dagbag.py:496} INFO - Filling up the DagBag from /home/airflow/.local/lib/python3.6/site-packages/airflow/example_dags/tutorial_etl_dag.py
[2023-10-12 17:33:49,796] {scheduler_job.py:643} INFO - DAG(s) dict_keys(['tutorial_etl_dag']) retrieved from /home/airflow/.local/lib/python3.6/site-packages/airflow/example_dags/tutorial_etl_dag.py
[2023-10-12 17:33:49,825] {logging_mixin.py:104} INFO - [2023-10-12 17:33:49,825] {dag.py:1833} INFO - Sync 1 DAGs
[2023-10-12 17:33:49,843] {logging_mixin.py:104} INFO - [2023-10-12 17:33:49,842] {dag.py:2306} INFO - Setting next_dagrun for tutorial_etl_dag to None
[2023-10-12 17:33:49,858] {scheduler_job.py:190} INFO - Processing /home/airflow/.local/lib/python3.6/site-packages/airflow/example_dags/tutorial_etl_dag.py took 0.081 seconds
[2023-10-12 17:34:20,086] {scheduler_job.py:182} INFO - Started process (PID=737) to work on /home/airflow/.local/lib/python3.6/site-packages/airflow/example_dags/tutorial_etl_dag.py
[2023-10-12 17:34:20,086] {scheduler_job.py:633} INFO - Processing file /home/airflow/.local/lib/python3.6/site-packages/airflow/example_dags/tutorial_etl_dag.py for tasks to queue
[2023-10-12 17:34:20,087] {logging_mixin.py:104} INFO - [2023-10-12 17:34:20,087] {dagbag.py:496} INFO - Filling up the DagBag from /home/airflow/.local/lib/python3.6/site-packages/airflow/example_dags/tutorial_etl_dag.py
[2023-10-12 17:34:20,095] {scheduler_job.py:643} INFO - DAG(s) dict_keys(['tutorial_etl_dag']) retrieved from /home/airflow/.local/lib/python3.6/site-packages/airflow/example_dags/tutorial_etl_dag.py
[2023-10-12 17:34:20,115] {logging_mixin.py:104} INFO - [2023-10-12 17:34:20,115] {dag.py:1833} INFO - Sync 1 DAGs
[2023-10-12 17:34:20,130] {logging_mixin.py:104} INFO - [2023-10-12 17:34:20,129] {dag.py:2306} INFO - Setting next_dagrun for tutorial_etl_dag to None
[2023-10-12 17:34:20,141] {scheduler_job.py:190} INFO - Processing /home/airflow/.local/lib/python3.6/site-packages/airflow/example_dags/tutorial_etl_dag.py took 0.058 seconds
[2023-10-12 17:34:50,549] {scheduler_job.py:182} INFO - Started process (PID=812) to work on /home/airflow/.local/lib/python3.6/site-packages/airflow/example_dags/tutorial_etl_dag.py
[2023-10-12 17:34:50,550] {scheduler_job.py:633} INFO - Processing file /home/airflow/.local/lib/python3.6/site-packages/airflow/example_dags/tutorial_etl_dag.py for tasks to queue
[2023-10-12 17:34:50,551] {logging_mixin.py:104} INFO - [2023-10-12 17:34:50,551] {dagbag.py:496} INFO - Filling up the DagBag from /home/airflow/.local/lib/python3.6/site-packages/airflow/example_dags/tutorial_etl_dag.py
[2023-10-12 17:34:50,569] {scheduler_job.py:643} INFO - DAG(s) dict_keys(['tutorial_etl_dag']) retrieved from /home/airflow/.local/lib/python3.6/site-packages/airflow/example_dags/tutorial_etl_dag.py
[2023-10-12 17:34:50,603] {logging_mixin.py:104} INFO - [2023-10-12 17:34:50,603] {dag.py:1833} INFO - Sync 1 DAGs
[2023-10-12 17:34:50,626] {logging_mixin.py:104} INFO - [2023-10-12 17:34:50,625] {dag.py:2306} INFO - Setting next_dagrun for tutorial_etl_dag to None
[2023-10-12 17:34:50,643] {scheduler_job.py:190} INFO - Processing /home/airflow/.local/lib/python3.6/site-packages/airflow/example_dags/tutorial_etl_dag.py took 0.097 seconds
[2023-10-12 17:35:21,427] {scheduler_job.py:182} INFO - Started process (PID=895) to work on /home/airflow/.local/lib/python3.6/site-packages/airflow/example_dags/tutorial_etl_dag.py
[2023-10-12 17:35:21,428] {scheduler_job.py:633} INFO - Processing file /home/airflow/.local/lib/python3.6/site-packages/airflow/example_dags/tutorial_etl_dag.py for tasks to queue
[2023-10-12 17:35:21,428] {logging_mixin.py:104} INFO - [2023-10-12 17:35:21,428] {dagbag.py:496} INFO - Filling up the DagBag from /home/airflow/.local/lib/python3.6/site-packages/airflow/example_dags/tutorial_etl_dag.py
[2023-10-12 17:35:21,437] {scheduler_job.py:643} INFO - DAG(s) dict_keys(['tutorial_etl_dag']) retrieved from /home/airflow/.local/lib/python3.6/site-packages/airflow/example_dags/tutorial_etl_dag.py
[2023-10-12 17:35:21,459] {logging_mixin.py:104} INFO - [2023-10-12 17:35:21,458] {dag.py:1833} INFO - Sync 1 DAGs
[2023-10-12 17:35:21,474] {logging_mixin.py:104} INFO - [2023-10-12 17:35:21,473] {dag.py:2306} INFO - Setting next_dagrun for tutorial_etl_dag to None
[2023-10-12 17:35:21,487] {scheduler_job.py:190} INFO - Processing /home/airflow/.local/lib/python3.6/site-packages/airflow/example_dags/tutorial_etl_dag.py took 0.063 seconds
[2023-10-12 17:35:51,587] {scheduler_job.py:182} INFO - Started process (PID=978) to work on /home/airflow/.local/lib/python3.6/site-packages/airflow/example_dags/tutorial_etl_dag.py
[2023-10-12 17:35:51,588] {scheduler_job.py:633} INFO - Processing file /home/airflow/.local/lib/python3.6/site-packages/airflow/example_dags/tutorial_etl_dag.py for tasks to queue
[2023-10-12 17:35:51,588] {logging_mixin.py:104} INFO - [2023-10-12 17:35:51,588] {dagbag.py:496} INFO - Filling up the DagBag from /home/airflow/.local/lib/python3.6/site-packages/airflow/example_dags/tutorial_etl_dag.py
[2023-10-12 17:35:51,598] {scheduler_job.py:643} INFO - DAG(s) dict_keys(['tutorial_etl_dag']) retrieved from /home/airflow/.local/lib/python3.6/site-packages/airflow/example_dags/tutorial_etl_dag.py
[2023-10-12 17:35:51,619] {logging_mixin.py:104} INFO - [2023-10-12 17:35:51,619] {dag.py:1833} INFO - Sync 1 DAGs
[2023-10-12 17:35:51,634] {logging_mixin.py:104} INFO - [2023-10-12 17:35:51,634] {dag.py:2306} INFO - Setting next_dagrun for tutorial_etl_dag to None
[2023-10-12 17:35:51,644] {scheduler_job.py:190} INFO - Processing /home/airflow/.local/lib/python3.6/site-packages/airflow/example_dags/tutorial_etl_dag.py took 0.059 seconds
[2023-10-12 17:36:21,754] {scheduler_job.py:182} INFO - Started process (PID=1062) to work on /home/airflow/.local/lib/python3.6/site-packages/airflow/example_dags/tutorial_etl_dag.py
[2023-10-12 17:36:21,755] {scheduler_job.py:633} INFO - Processing file /home/airflow/.local/lib/python3.6/site-packages/airflow/example_dags/tutorial_etl_dag.py for tasks to queue
[2023-10-12 17:36:21,755] {logging_mixin.py:104} INFO - [2023-10-12 17:36:21,755] {dagbag.py:496} INFO - Filling up the DagBag from /home/airflow/.local/lib/python3.6/site-packages/airflow/example_dags/tutorial_etl_dag.py
[2023-10-12 17:36:21,764] {scheduler_job.py:643} INFO - DAG(s) dict_keys(['tutorial_etl_dag']) retrieved from /home/airflow/.local/lib/python3.6/site-packages/airflow/example_dags/tutorial_etl_dag.py
[2023-10-12 17:36:21,785] {logging_mixin.py:104} INFO - [2023-10-12 17:36:21,784] {dag.py:1833} INFO - Sync 1 DAGs
[2023-10-12 17:36:21,797] {logging_mixin.py:104} INFO - [2023-10-12 17:36:21,797] {dag.py:2306} INFO - Setting next_dagrun for tutorial_etl_dag to None
[2023-10-12 17:36:21,810] {scheduler_job.py:190} INFO - Processing /home/airflow/.local/lib/python3.6/site-packages/airflow/example_dags/tutorial_etl_dag.py took 0.058 seconds
[2023-10-12 17:36:51,861] {scheduler_job.py:182} INFO - Started process (PID=1146) to work on /home/airflow/.local/lib/python3.6/site-packages/airflow/example_dags/tutorial_etl_dag.py
[2023-10-12 17:36:51,862] {scheduler_job.py:633} INFO - Processing file /home/airflow/.local/lib/python3.6/site-packages/airflow/example_dags/tutorial_etl_dag.py for tasks to queue
[2023-10-12 17:36:51,863] {logging_mixin.py:104} INFO - [2023-10-12 17:36:51,862] {dagbag.py:496} INFO - Filling up the DagBag from /home/airflow/.local/lib/python3.6/site-packages/airflow/example_dags/tutorial_etl_dag.py
[2023-10-12 17:36:51,873] {scheduler_job.py:643} INFO - DAG(s) dict_keys(['tutorial_etl_dag']) retrieved from /home/airflow/.local/lib/python3.6/site-packages/airflow/example_dags/tutorial_etl_dag.py
[2023-10-12 17:36:51,905] {logging_mixin.py:104} INFO - [2023-10-12 17:36:51,904] {dag.py:1833} INFO - Sync 1 DAGs
[2023-10-12 17:36:51,930] {logging_mixin.py:104} INFO - [2023-10-12 17:36:51,929] {dag.py:2306} INFO - Setting next_dagrun for tutorial_etl_dag to None
[2023-10-12 17:36:51,948] {scheduler_job.py:190} INFO - Processing /home/airflow/.local/lib/python3.6/site-packages/airflow/example_dags/tutorial_etl_dag.py took 0.090 seconds
[2023-10-12 17:37:22,506] {scheduler_job.py:182} INFO - Started process (PID=1231) to work on /home/airflow/.local/lib/python3.6/site-packages/airflow/example_dags/tutorial_etl_dag.py
[2023-10-12 17:37:22,510] {scheduler_job.py:633} INFO - Processing file /home/airflow/.local/lib/python3.6/site-packages/airflow/example_dags/tutorial_etl_dag.py for tasks to queue
[2023-10-12 17:37:22,511] {logging_mixin.py:104} INFO - [2023-10-12 17:37:22,511] {dagbag.py:496} INFO - Filling up the DagBag from /home/airflow/.local/lib/python3.6/site-packages/airflow/example_dags/tutorial_etl_dag.py
[2023-10-12 17:37:22,531] {scheduler_job.py:643} INFO - DAG(s) dict_keys(['tutorial_etl_dag']) retrieved from /home/airflow/.local/lib/python3.6/site-packages/airflow/example_dags/tutorial_etl_dag.py
[2023-10-12 17:37:22,564] {logging_mixin.py:104} INFO - [2023-10-12 17:37:22,564] {dag.py:1833} INFO - Sync 1 DAGs
[2023-10-12 17:37:22,589] {logging_mixin.py:104} INFO - [2023-10-12 17:37:22,589] {dag.py:2306} INFO - Setting next_dagrun for tutorial_etl_dag to None
[2023-10-12 17:37:22,608] {scheduler_job.py:190} INFO - Processing /home/airflow/.local/lib/python3.6/site-packages/airflow/example_dags/tutorial_etl_dag.py took 0.106 seconds
[2023-10-12 17:37:53,458] {scheduler_job.py:182} INFO - Started process (PID=1313) to work on /home/airflow/.local/lib/python3.6/site-packages/airflow/example_dags/tutorial_etl_dag.py
[2023-10-12 17:37:53,458] {scheduler_job.py:633} INFO - Processing file /home/airflow/.local/lib/python3.6/site-packages/airflow/example_dags/tutorial_etl_dag.py for tasks to queue
[2023-10-12 17:37:53,459] {logging_mixin.py:104} INFO - [2023-10-12 17:37:53,459] {dagbag.py:496} INFO - Filling up the DagBag from /home/airflow/.local/lib/python3.6/site-packages/airflow/example_dags/tutorial_etl_dag.py
[2023-10-12 17:37:53,471] {scheduler_job.py:643} INFO - DAG(s) dict_keys(['tutorial_etl_dag']) retrieved from /home/airflow/.local/lib/python3.6/site-packages/airflow/example_dags/tutorial_etl_dag.py
[2023-10-12 17:37:53,498] {logging_mixin.py:104} INFO - [2023-10-12 17:37:53,498] {dag.py:1833} INFO - Sync 1 DAGs
[2023-10-12 17:37:53,516] {logging_mixin.py:104} INFO - [2023-10-12 17:37:53,515] {dag.py:2306} INFO - Setting next_dagrun for tutorial_etl_dag to None
[2023-10-12 17:37:53,532] {scheduler_job.py:190} INFO - Processing /home/airflow/.local/lib/python3.6/site-packages/airflow/example_dags/tutorial_etl_dag.py took 0.077 seconds
[2023-10-12 17:38:23,992] {scheduler_job.py:182} INFO - Started process (PID=1399) to work on /home/airflow/.local/lib/python3.6/site-packages/airflow/example_dags/tutorial_etl_dag.py
[2023-10-12 17:38:23,993] {scheduler_job.py:633} INFO - Processing file /home/airflow/.local/lib/python3.6/site-packages/airflow/example_dags/tutorial_etl_dag.py for tasks to queue
[2023-10-12 17:38:23,994] {logging_mixin.py:104} INFO - [2023-10-12 17:38:23,994] {dagbag.py:496} INFO - Filling up the DagBag from /home/airflow/.local/lib/python3.6/site-packages/airflow/example_dags/tutorial_etl_dag.py
[2023-10-12 17:38:24,011] {scheduler_job.py:643} INFO - DAG(s) dict_keys(['tutorial_etl_dag']) retrieved from /home/airflow/.local/lib/python3.6/site-packages/airflow/example_dags/tutorial_etl_dag.py
[2023-10-12 17:38:24,040] {logging_mixin.py:104} INFO - [2023-10-12 17:38:24,040] {dag.py:1833} INFO - Sync 1 DAGs
[2023-10-12 17:38:24,067] {logging_mixin.py:104} INFO - [2023-10-12 17:38:24,067] {dag.py:2306} INFO - Setting next_dagrun for tutorial_etl_dag to None
[2023-10-12 17:38:24,090] {scheduler_job.py:190} INFO - Processing /home/airflow/.local/lib/python3.6/site-packages/airflow/example_dags/tutorial_etl_dag.py took 0.102 seconds
[2023-10-12 17:38:54,354] {scheduler_job.py:182} INFO - Started process (PID=1473) to work on /home/airflow/.local/lib/python3.6/site-packages/airflow/example_dags/tutorial_etl_dag.py
[2023-10-12 17:38:54,355] {scheduler_job.py:633} INFO - Processing file /home/airflow/.local/lib/python3.6/site-packages/airflow/example_dags/tutorial_etl_dag.py for tasks to queue
[2023-10-12 17:38:54,356] {logging_mixin.py:104} INFO - [2023-10-12 17:38:54,356] {dagbag.py:496} INFO - Filling up the DagBag from /home/airflow/.local/lib/python3.6/site-packages/airflow/example_dags/tutorial_etl_dag.py
[2023-10-12 17:38:54,374] {scheduler_job.py:643} INFO - DAG(s) dict_keys(['tutorial_etl_dag']) retrieved from /home/airflow/.local/lib/python3.6/site-packages/airflow/example_dags/tutorial_etl_dag.py
[2023-10-12 17:38:54,405] {logging_mixin.py:104} INFO - [2023-10-12 17:38:54,405] {dag.py:1833} INFO - Sync 1 DAGs
[2023-10-12 17:38:54,430] {logging_mixin.py:104} INFO - [2023-10-12 17:38:54,430] {dag.py:2306} INFO - Setting next_dagrun for tutorial_etl_dag to None
[2023-10-12 17:38:54,452] {scheduler_job.py:190} INFO - Processing /home/airflow/.local/lib/python3.6/site-packages/airflow/example_dags/tutorial_etl_dag.py took 0.102 seconds
[2023-10-12 17:39:24,953] {scheduler_job.py:182} INFO - Started process (PID=1566) to work on /home/airflow/.local/lib/python3.6/site-packages/airflow/example_dags/tutorial_etl_dag.py
[2023-10-12 17:39:24,955] {scheduler_job.py:633} INFO - Processing file /home/airflow/.local/lib/python3.6/site-packages/airflow/example_dags/tutorial_etl_dag.py for tasks to queue
[2023-10-12 17:39:24,956] {logging_mixin.py:104} INFO - [2023-10-12 17:39:24,956] {dagbag.py:496} INFO - Filling up the DagBag from /home/airflow/.local/lib/python3.6/site-packages/airflow/example_dags/tutorial_etl_dag.py
[2023-10-12 17:39:24,983] {scheduler_job.py:643} INFO - DAG(s) dict_keys(['tutorial_etl_dag']) retrieved from /home/airflow/.local/lib/python3.6/site-packages/airflow/example_dags/tutorial_etl_dag.py
[2023-10-12 17:39:25,022] {logging_mixin.py:104} INFO - [2023-10-12 17:39:25,022] {dag.py:1833} INFO - Sync 1 DAGs
[2023-10-12 17:39:25,052] {logging_mixin.py:104} INFO - [2023-10-12 17:39:25,052] {dag.py:2306} INFO - Setting next_dagrun for tutorial_etl_dag to None
[2023-10-12 17:39:25,072] {scheduler_job.py:190} INFO - Processing /home/airflow/.local/lib/python3.6/site-packages/airflow/example_dags/tutorial_etl_dag.py took 0.123 seconds
[2023-10-12 17:39:55,823] {scheduler_job.py:182} INFO - Started process (PID=1640) to work on /home/airflow/.local/lib/python3.6/site-packages/airflow/example_dags/tutorial_etl_dag.py
[2023-10-12 17:39:55,823] {scheduler_job.py:633} INFO - Processing file /home/airflow/.local/lib/python3.6/site-packages/airflow/example_dags/tutorial_etl_dag.py for tasks to queue
[2023-10-12 17:39:55,824] {logging_mixin.py:104} INFO - [2023-10-12 17:39:55,824] {dagbag.py:496} INFO - Filling up the DagBag from /home/airflow/.local/lib/python3.6/site-packages/airflow/example_dags/tutorial_etl_dag.py
[2023-10-12 17:39:55,836] {scheduler_job.py:643} INFO - DAG(s) dict_keys(['tutorial_etl_dag']) retrieved from /home/airflow/.local/lib/python3.6/site-packages/airflow/example_dags/tutorial_etl_dag.py
[2023-10-12 17:39:55,860] {logging_mixin.py:104} INFO - [2023-10-12 17:39:55,860] {dag.py:1833} INFO - Sync 1 DAGs
[2023-10-12 17:39:55,879] {logging_mixin.py:104} INFO - [2023-10-12 17:39:55,879] {dag.py:2306} INFO - Setting next_dagrun for tutorial_etl_dag to None
[2023-10-12 17:39:55,893] {scheduler_job.py:190} INFO - Processing /home/airflow/.local/lib/python3.6/site-packages/airflow/example_dags/tutorial_etl_dag.py took 0.073 seconds
[2023-10-12 17:40:26,177] {scheduler_job.py:182} INFO - Started process (PID=1733) to work on /home/airflow/.local/lib/python3.6/site-packages/airflow/example_dags/tutorial_etl_dag.py
[2023-10-12 17:40:26,178] {scheduler_job.py:633} INFO - Processing file /home/airflow/.local/lib/python3.6/site-packages/airflow/example_dags/tutorial_etl_dag.py for tasks to queue
[2023-10-12 17:40:26,178] {logging_mixin.py:104} INFO - [2023-10-12 17:40:26,178] {dagbag.py:496} INFO - Filling up the DagBag from /home/airflow/.local/lib/python3.6/site-packages/airflow/example_dags/tutorial_etl_dag.py
[2023-10-12 17:40:26,193] {scheduler_job.py:643} INFO - DAG(s) dict_keys(['tutorial_etl_dag']) retrieved from /home/airflow/.local/lib/python3.6/site-packages/airflow/example_dags/tutorial_etl_dag.py
[2023-10-12 17:40:26,226] {logging_mixin.py:104} INFO - [2023-10-12 17:40:26,226] {dag.py:1833} INFO - Sync 1 DAGs
[2023-10-12 17:40:26,248] {logging_mixin.py:104} INFO - [2023-10-12 17:40:26,248] {dag.py:2306} INFO - Setting next_dagrun for tutorial_etl_dag to None
[2023-10-12 17:40:26,265] {scheduler_job.py:190} INFO - Processing /home/airflow/.local/lib/python3.6/site-packages/airflow/example_dags/tutorial_etl_dag.py took 0.091 seconds
[2023-10-12 17:40:56,574] {scheduler_job.py:182} INFO - Started process (PID=1795) to work on /home/airflow/.local/lib/python3.6/site-packages/airflow/example_dags/tutorial_etl_dag.py
[2023-10-12 17:40:56,575] {scheduler_job.py:633} INFO - Processing file /home/airflow/.local/lib/python3.6/site-packages/airflow/example_dags/tutorial_etl_dag.py for tasks to queue
[2023-10-12 17:40:56,575] {logging_mixin.py:104} INFO - [2023-10-12 17:40:56,575] {dagbag.py:496} INFO - Filling up the DagBag from /home/airflow/.local/lib/python3.6/site-packages/airflow/example_dags/tutorial_etl_dag.py
[2023-10-12 17:40:56,586] {scheduler_job.py:643} INFO - DAG(s) dict_keys(['tutorial_etl_dag']) retrieved from /home/airflow/.local/lib/python3.6/site-packages/airflow/example_dags/tutorial_etl_dag.py
[2023-10-12 17:40:56,611] {logging_mixin.py:104} INFO - [2023-10-12 17:40:56,610] {dag.py:1833} INFO - Sync 1 DAGs
[2023-10-12 17:40:56,628] {logging_mixin.py:104} INFO - [2023-10-12 17:40:56,628] {dag.py:2306} INFO - Setting next_dagrun for tutorial_etl_dag to None
[2023-10-12 17:40:56,644] {scheduler_job.py:190} INFO - Processing /home/airflow/.local/lib/python3.6/site-packages/airflow/example_dags/tutorial_etl_dag.py took 0.073 seconds
