[2023-10-06 19:41:03,400] {taskinstance.py:896} INFO - Dependencies all met for <TaskInstance: airflow_exam.transform_into_fulldata.csv 2023-10-06T19:40:00+00:00 [queued]>
[2023-10-06 19:41:03,412] {taskinstance.py:896} INFO - Dependencies all met for <TaskInstance: airflow_exam.transform_into_fulldata.csv 2023-10-06T19:40:00+00:00 [queued]>
[2023-10-06 19:41:03,413] {taskinstance.py:1087} INFO - 
--------------------------------------------------------------------------------
[2023-10-06 19:41:03,413] {taskinstance.py:1088} INFO - Starting attempt 1 of 1
[2023-10-06 19:41:03,413] {taskinstance.py:1089} INFO - 
--------------------------------------------------------------------------------
[2023-10-06 19:41:03,429] {taskinstance.py:1107} INFO - Executing <Task(PythonOperator): transform_into_fulldata.csv> on 2023-10-06T19:40:00+00:00
[2023-10-06 19:41:03,436] {standard_task_runner.py:52} INFO - Started process 7547 to run task
[2023-10-06 19:41:03,439] {standard_task_runner.py:76} INFO - Running: ['***', 'tasks', 'run', '***_exam', 'transform_into_fulldata.csv', '2023-10-06T19:40:00+00:00', '--job-id', '537', '--pool', 'default_pool', '--raw', '--subdir', 'DAGS_FOLDER/DAG.py', '--cfg-path', '/tmp/tmpqam_abrh', '--error-file', '/tmp/tmpqv7sgowd']
[2023-10-06 19:41:03,440] {standard_task_runner.py:77} INFO - Job 537: Subtask transform_into_fulldata.csv
[2023-10-06 19:41:03,481] {logging_mixin.py:104} INFO - Running <TaskInstance: ***_exam.transform_into_fulldata.csv 2023-10-06T19:40:00+00:00 [running]> on host 3a3d0401ac26
[2023-10-06 19:41:03,535] {taskinstance.py:1302} INFO - Exporting the following env vars:
AIRFLOW_CTX_DAG_OWNER=***
AIRFLOW_CTX_DAG_ID=***_exam
AIRFLOW_CTX_TASK_ID=transform_into_fulldata.csv
AIRFLOW_CTX_EXECUTION_DATE=2023-10-06T19:40:00+00:00
AIRFLOW_CTX_DAG_RUN_ID=scheduled__2023-10-06T19:40:00+00:00
[2023-10-06 19:41:03,542] {logging_mixin.py:104} INFO - 
[2023-10-06 19:41:03,558] {logging_mixin.py:104} INFO -     temperature        city  pression              date
0       289.04       Paris      1026  2023-10-06 19:41
1       290.28      London      1023  2023-10-06 19:41
2       292.74  Washington      1024  2023-10-06 19:41
3       289.04       Paris      1026  2023-10-06 19:40
4       290.28      London      1023  2023-10-06 19:40
5       292.74  Washington      1024  2023-10-06 19:40
6       289.04       Paris      1026  2023-10-06 19:39
7       290.28      London      1023  2023-10-06 19:39
8       292.74  Washington      1024  2023-10-06 19:39
9       289.04       Paris      1026  2023-10-06 19:38
[2023-10-06 19:41:03,562] {python.py:151} INFO - Done. Returned value was: None
[2023-10-06 19:41:03,572] {taskinstance.py:1211} INFO - Marking task as SUCCESS. dag_id=***_exam, task_id=transform_into_fulldata.csv, execution_date=20231006T194000, start_date=20231006T194103, end_date=20231006T194103
[2023-10-06 19:41:03,604] {taskinstance.py:1265} INFO - 3 downstream tasks scheduled from follow-on schedule check
[2023-10-06 19:41:03,651] {local_task_job.py:151} INFO - Task exited with return code 0
