[2024-03-21 19:19:04,461] {taskinstance.py:896} INFO - Dependencies all met for <TaskInstance: airflow_exam.transform_into_fulldata.csv 2024-03-21T19:18:00+00:00 [queued]>
[2024-03-21 19:19:04,484] {taskinstance.py:896} INFO - Dependencies all met for <TaskInstance: airflow_exam.transform_into_fulldata.csv 2024-03-21T19:18:00+00:00 [queued]>
[2024-03-21 19:19:04,485] {taskinstance.py:1087} INFO - 
--------------------------------------------------------------------------------
[2024-03-21 19:19:04,485] {taskinstance.py:1088} INFO - Starting attempt 1 of 1
[2024-03-21 19:19:04,485] {taskinstance.py:1089} INFO - 
--------------------------------------------------------------------------------
[2024-03-21 19:19:04,497] {taskinstance.py:1107} INFO - Executing <Task(PythonOperator): transform_into_fulldata.csv> on 2024-03-21T19:18:00+00:00
[2024-03-21 19:19:04,506] {standard_task_runner.py:52} INFO - Started process 46978 to run task
[2024-03-21 19:19:04,509] {standard_task_runner.py:76} INFO - Running: ['***', 'tasks', 'run', '***_exam', 'transform_into_fulldata.csv', '2024-03-21T19:18:00+00:00', '--job-id', '10577', '--pool', 'default_pool', '--raw', '--subdir', 'DAGS_FOLDER/DAG.py', '--cfg-path', '/tmp/tmpm2kji25o', '--error-file', '/tmp/tmp33ha5lgz']
[2024-03-21 19:19:04,510] {standard_task_runner.py:77} INFO - Job 10577: Subtask transform_into_fulldata.csv
[2024-03-21 19:19:04,566] {logging_mixin.py:104} INFO - Running <TaskInstance: ***_exam.transform_into_fulldata.csv 2024-03-21T19:18:00+00:00 [running]> on host 3a3d0401ac26
[2024-03-21 19:19:04,661] {taskinstance.py:1302} INFO - Exporting the following env vars:
AIRFLOW_CTX_DAG_OWNER=***
AIRFLOW_CTX_DAG_ID=***_exam
AIRFLOW_CTX_TASK_ID=transform_into_fulldata.csv
AIRFLOW_CTX_EXECUTION_DATE=2024-03-21T19:18:00+00:00
AIRFLOW_CTX_DAG_RUN_ID=scheduled__2024-03-21T19:18:00+00:00
[2024-03-21 19:19:04,826] {logging_mixin.py:104} INFO - 
[2024-03-21 19:19:04,853] {logging_mixin.py:104} INFO -     temperature        city  pression              date
0       288.84       Paris      1025  2024-03-21 19:19
1       287.00      London      1022  2024-03-21 19:19
2       286.46  Washington      1014  2024-03-21 19:19
3       288.84       Paris      1025  2024-03-21 19:18
4       287.00      London      1022  2024-03-21 19:18
5       286.46  Washington      1014  2024-03-21 19:18
6       288.99       Paris      1025  2024-03-21 19:17
7       287.16      London      1022  2024-03-21 19:17
8       286.46  Washington      1014  2024-03-21 19:17
9       288.99       Paris      1025  2024-03-21 19:16
[2024-03-21 19:19:04,880] {python.py:151} INFO - Done. Returned value was: None
[2024-03-21 19:19:04,896] {taskinstance.py:1211} INFO - Marking task as SUCCESS. dag_id=***_exam, task_id=transform_into_fulldata.csv, execution_date=20240321T191800, start_date=20240321T191904, end_date=20240321T191904
[2024-03-21 19:19:04,945] {taskinstance.py:1265} INFO - 3 downstream tasks scheduled from follow-on schedule check
[2024-03-21 19:19:04,966] {local_task_job.py:151} INFO - Task exited with return code 0
