[2024-03-15 17:19:05,201] {taskinstance.py:896} INFO - Dependencies all met for <TaskInstance: airflow_exam.transform_into_fulldata.csv 2024-03-15T17:18:00+00:00 [queued]>
[2024-03-15 17:19:05,224] {taskinstance.py:896} INFO - Dependencies all met for <TaskInstance: airflow_exam.transform_into_fulldata.csv 2024-03-15T17:18:00+00:00 [queued]>
[2024-03-15 17:19:05,225] {taskinstance.py:1087} INFO - 
--------------------------------------------------------------------------------
[2024-03-15 17:19:05,225] {taskinstance.py:1088} INFO - Starting attempt 1 of 1
[2024-03-15 17:19:05,225] {taskinstance.py:1089} INFO - 
--------------------------------------------------------------------------------
[2024-03-15 17:19:05,240] {taskinstance.py:1107} INFO - Executing <Task(PythonOperator): transform_into_fulldata.csv> on 2024-03-15T17:18:00+00:00
[2024-03-15 17:19:05,249] {standard_task_runner.py:52} INFO - Started process 32054 to run task
[2024-03-15 17:19:05,253] {standard_task_runner.py:76} INFO - Running: ['***', 'tasks', 'run', '***_exam', 'transform_into_fulldata.csv', '2024-03-15T17:18:00+00:00', '--job-id', '2866', '--pool', 'default_pool', '--raw', '--subdir', 'DAGS_FOLDER/DAG.py', '--cfg-path', '/tmp/tmpzez5j5cz', '--error-file', '/tmp/tmp7xdwqucr']
[2024-03-15 17:19:05,253] {standard_task_runner.py:77} INFO - Job 2866: Subtask transform_into_fulldata.csv
[2024-03-15 17:19:05,308] {logging_mixin.py:104} INFO - Running <TaskInstance: ***_exam.transform_into_fulldata.csv 2024-03-15T17:18:00+00:00 [running]> on host 3a3d0401ac26
[2024-03-15 17:19:05,372] {taskinstance.py:1302} INFO - Exporting the following env vars:
AIRFLOW_CTX_DAG_OWNER=***
AIRFLOW_CTX_DAG_ID=***_exam
AIRFLOW_CTX_TASK_ID=transform_into_fulldata.csv
AIRFLOW_CTX_EXECUTION_DATE=2024-03-15T17:18:00+00:00
AIRFLOW_CTX_DAG_RUN_ID=scheduled__2024-03-15T17:18:00+00:00
[2024-03-15 17:19:05,397] {logging_mixin.py:104} INFO - 
[2024-03-15 17:19:05,419] {logging_mixin.py:104} INFO -     temperature        city  pression              date
0       287.89       Paris      1011  2024-03-15 17:19
1       286.53      London      1004  2024-03-15 17:19
2       281.24  Washington      1026  2024-03-15 17:19
3       287.89       Paris      1011  2024-03-15 17:18
4       286.53      London      1004  2024-03-15 17:18
5       281.24  Washington      1026  2024-03-15 17:18
6       287.89       Paris      1011  2024-03-15 17:17
7       286.53      London      1004  2024-03-15 17:17
8       281.24  Washington      1026  2024-03-15 17:17
9       287.89       Paris      1011  2024-03-15 17:16
[2024-03-15 17:19:05,426] {python.py:151} INFO - Done. Returned value was: None
[2024-03-15 17:19:05,440] {taskinstance.py:1211} INFO - Marking task as SUCCESS. dag_id=***_exam, task_id=transform_into_fulldata.csv, execution_date=20240315T171800, start_date=20240315T171905, end_date=20240315T171905
[2024-03-15 17:19:05,478] {taskinstance.py:1265} INFO - 3 downstream tasks scheduled from follow-on schedule check
[2024-03-15 17:19:05,505] {local_task_job.py:151} INFO - Task exited with return code 0
