[2024-03-15 14:19:09,595] {taskinstance.py:896} INFO - Dependencies all met for <TaskInstance: airflow_exam.train_best_model 2024-03-15T14:18:00+00:00 [queued]>
[2024-03-15 14:19:09,614] {taskinstance.py:896} INFO - Dependencies all met for <TaskInstance: airflow_exam.train_best_model 2024-03-15T14:18:00+00:00 [queued]>
[2024-03-15 14:19:09,614] {taskinstance.py:1087} INFO - 
--------------------------------------------------------------------------------
[2024-03-15 14:19:09,614] {taskinstance.py:1088} INFO - Starting attempt 1 of 1
[2024-03-15 14:19:09,614] {taskinstance.py:1089} INFO - 
--------------------------------------------------------------------------------
[2024-03-15 14:19:09,624] {taskinstance.py:1107} INFO - Executing <Task(PythonOperator): train_best_model> on 2024-03-15T14:18:00+00:00
[2024-03-15 14:19:09,631] {standard_task_runner.py:52} INFO - Started process 5584 to run task
[2024-03-15 14:19:09,633] {standard_task_runner.py:76} INFO - Running: ['***', 'tasks', 'run', '***_exam', 'train_best_model', '2024-03-15T14:18:00+00:00', '--job-id', '1903', '--pool', 'default_pool', '--raw', '--subdir', 'DAGS_FOLDER/DAG.py', '--cfg-path', '/tmp/tmpopa5ku92', '--error-file', '/tmp/tmpru28x3ti']
[2024-03-15 14:19:09,634] {standard_task_runner.py:77} INFO - Job 1903: Subtask train_best_model
[2024-03-15 14:19:09,676] {logging_mixin.py:104} INFO - Running <TaskInstance: ***_exam.train_best_model 2024-03-15T14:18:00+00:00 [running]> on host 3a3d0401ac26
[2024-03-15 14:19:09,733] {taskinstance.py:1302} INFO - Exporting the following env vars:
AIRFLOW_CTX_DAG_OWNER=***
AIRFLOW_CTX_DAG_ID=***_exam
AIRFLOW_CTX_TASK_ID=train_best_model
AIRFLOW_CTX_EXECUTION_DATE=2024-03-15T14:18:00+00:00
AIRFLOW_CTX_DAG_RUN_ID=scheduled__2024-03-15T14:18:00+00:00
[2024-03-15 14:19:09,823] {logging_mixin.py:104} INFO - LinearRegression() saved at  /app/clean_data/best_model.pickle
[2024-03-15 14:19:09,824] {python.py:151} INFO - Done. Returned value was: None
[2024-03-15 14:19:09,834] {taskinstance.py:1211} INFO - Marking task as SUCCESS. dag_id=***_exam, task_id=train_best_model, execution_date=20240315T141800, start_date=20240315T141909, end_date=20240315T141909
[2024-03-15 14:19:09,864] {taskinstance.py:1265} INFO - 0 downstream tasks scheduled from follow-on schedule check
[2024-03-15 14:19:09,887] {local_task_job.py:151} INFO - Task exited with return code 0
