[2023-10-06 20:13:07,505] {taskinstance.py:896} INFO - Dependencies all met for <TaskInstance: airflow_exam.compute_rf_score 2023-10-06T20:12:00+00:00 [queued]>
[2023-10-06 20:13:07,518] {taskinstance.py:896} INFO - Dependencies all met for <TaskInstance: airflow_exam.compute_rf_score 2023-10-06T20:12:00+00:00 [queued]>
[2023-10-06 20:13:07,519] {taskinstance.py:1087} INFO - 
--------------------------------------------------------------------------------
[2023-10-06 20:13:07,519] {taskinstance.py:1088} INFO - Starting attempt 1 of 1
[2023-10-06 20:13:07,519] {taskinstance.py:1089} INFO - 
--------------------------------------------------------------------------------
[2023-10-06 20:13:07,537] {taskinstance.py:1107} INFO - Executing <Task(PythonOperator): compute_rf_score> on 2023-10-06T20:12:00+00:00
[2023-10-06 20:13:07,546] {standard_task_runner.py:52} INFO - Started process 13694 to run task
[2023-10-06 20:13:07,549] {standard_task_runner.py:76} INFO - Running: ['***', 'tasks', 'run', '***_exam', 'compute_rf_score', '2023-10-06T20:12:00+00:00', '--job-id', '763', '--pool', 'default_pool', '--raw', '--subdir', 'DAGS_FOLDER/DAG.py', '--cfg-path', '/tmp/tmpq8s1fz07', '--error-file', '/tmp/tmppwyf9_j9']
[2023-10-06 20:13:07,550] {standard_task_runner.py:77} INFO - Job 763: Subtask compute_rf_score
[2023-10-06 20:13:07,612] {logging_mixin.py:104} INFO - Running <TaskInstance: ***_exam.compute_rf_score 2023-10-06T20:12:00+00:00 [running]> on host 3a3d0401ac26
[2023-10-06 20:13:07,672] {taskinstance.py:1302} INFO - Exporting the following env vars:
AIRFLOW_CTX_DAG_OWNER=***
AIRFLOW_CTX_DAG_ID=***_exam
AIRFLOW_CTX_TASK_ID=compute_rf_score
AIRFLOW_CTX_EXECUTION_DATE=2023-10-06T20:12:00+00:00
AIRFLOW_CTX_DAG_RUN_ID=scheduled__2023-10-06T20:12:00+00:00
[2023-10-06 20:13:08,230] {python.py:151} INFO - Done. Returned value was: None
[2023-10-06 20:13:08,241] {taskinstance.py:1211} INFO - Marking task as SUCCESS. dag_id=***_exam, task_id=compute_rf_score, execution_date=20231006T201200, start_date=20231006T201307, end_date=20231006T201308
[2023-10-06 20:13:08,273] {taskinstance.py:1265} INFO - 1 downstream tasks scheduled from follow-on schedule check
[2023-10-06 20:13:08,284] {local_task_job.py:151} INFO - Task exited with return code 0
