[2024-03-21 20:43:04,906] {taskinstance.py:896} INFO - Dependencies all met for <TaskInstance: airflow_exam.transform_into_fulldata.csv 2024-03-21T20:42:00+00:00 [queued]>
[2024-03-21 20:43:04,934] {taskinstance.py:896} INFO - Dependencies all met for <TaskInstance: airflow_exam.transform_into_fulldata.csv 2024-03-21T20:42:00+00:00 [queued]>
[2024-03-21 20:43:04,934] {taskinstance.py:1087} INFO - 
--------------------------------------------------------------------------------
[2024-03-21 20:43:04,934] {taskinstance.py:1088} INFO - Starting attempt 1 of 1
[2024-03-21 20:43:04,934] {taskinstance.py:1089} INFO - 
--------------------------------------------------------------------------------
[2024-03-21 20:43:04,950] {taskinstance.py:1107} INFO - Executing <Task(PythonOperator): transform_into_fulldata.csv> on 2024-03-21T20:42:00+00:00
[2024-03-21 20:43:04,960] {standard_task_runner.py:52} INFO - Started process 65225 to run task
[2024-03-21 20:43:04,966] {standard_task_runner.py:76} INFO - Running: ['***', 'tasks', 'run', '***_exam', 'transform_into_fulldata.csv', '2024-03-21T20:42:00+00:00', '--job-id', '11165', '--pool', 'default_pool', '--raw', '--subdir', 'DAGS_FOLDER/DAG.py', '--cfg-path', '/tmp/tmp_ft_1617', '--error-file', '/tmp/tmpkh4n5r38']
[2024-03-21 20:43:04,967] {standard_task_runner.py:77} INFO - Job 11165: Subtask transform_into_fulldata.csv
[2024-03-21 20:43:05,033] {logging_mixin.py:104} INFO - Running <TaskInstance: ***_exam.transform_into_fulldata.csv 2024-03-21T20:42:00+00:00 [running]> on host 3a3d0401ac26
[2024-03-21 20:43:05,118] {taskinstance.py:1302} INFO - Exporting the following env vars:
AIRFLOW_CTX_DAG_OWNER=***
AIRFLOW_CTX_DAG_ID=***_exam
AIRFLOW_CTX_TASK_ID=transform_into_fulldata.csv
AIRFLOW_CTX_EXECUTION_DATE=2024-03-21T20:42:00+00:00
AIRFLOW_CTX_DAG_RUN_ID=scheduled__2024-03-21T20:42:00+00:00
[2024-03-21 20:43:05,288] {logging_mixin.py:104} INFO - 
[2024-03-21 20:43:05,342] {logging_mixin.py:104} INFO -     temperature        city  pression              date
0       287.71       Paris      1025  2024-03-21 20:43
1       285.58      London      1022  2024-03-21 20:43
2       287.53  Washington      1013  2024-03-21 20:43
3       287.71       Paris      1025  2024-03-21 20:42
4       285.75      London      1022  2024-03-21 20:42
5       287.53  Washington      1013  2024-03-21 20:42
6       287.71       Paris      1025  2024-03-21 20:41
7       285.75      London      1022  2024-03-21 20:41
8       287.53  Washington      1013  2024-03-21 20:41
9       287.71       Paris      1025  2024-03-21 20:40
[2024-03-21 20:43:05,372] {python.py:151} INFO - Done. Returned value was: None
[2024-03-21 20:43:05,389] {taskinstance.py:1211} INFO - Marking task as SUCCESS. dag_id=***_exam, task_id=transform_into_fulldata.csv, execution_date=20240321T204200, start_date=20240321T204304, end_date=20240321T204305
[2024-03-21 20:43:05,440] {taskinstance.py:1265} INFO - 3 downstream tasks scheduled from follow-on schedule check
[2024-03-21 20:43:05,458] {local_task_job.py:151} INFO - Task exited with return code 0
