[2024-03-15 22:35:03,769] {taskinstance.py:896} INFO - Dependencies all met for <TaskInstance: airflow_exam.transform_into_data.csv 2024-03-15T22:34:00+00:00 [queued]>
[2024-03-15 22:35:03,795] {taskinstance.py:896} INFO - Dependencies all met for <TaskInstance: airflow_exam.transform_into_data.csv 2024-03-15T22:34:00+00:00 [queued]>
[2024-03-15 22:35:03,795] {taskinstance.py:1087} INFO - 
--------------------------------------------------------------------------------
[2024-03-15 22:35:03,795] {taskinstance.py:1088} INFO - Starting attempt 1 of 1
[2024-03-15 22:35:03,795] {taskinstance.py:1089} INFO - 
--------------------------------------------------------------------------------
[2024-03-15 22:35:03,810] {taskinstance.py:1107} INFO - Executing <Task(PythonOperator): transform_into_data.csv> on 2024-03-15T22:34:00+00:00
[2024-03-15 22:35:03,820] {standard_task_runner.py:52} INFO - Started process 78703 to run task
[2024-03-15 22:35:03,825] {standard_task_runner.py:76} INFO - Running: ['***', 'tasks', 'run', '***_exam', 'transform_into_data.csv', '2024-03-15T22:34:00+00:00', '--job-id', '4483', '--pool', 'default_pool', '--raw', '--subdir', 'DAGS_FOLDER/DAG.py', '--cfg-path', '/tmp/tmp_2oeq4gj', '--error-file', '/tmp/tmpl7ws97y8']
[2024-03-15 22:35:03,825] {standard_task_runner.py:77} INFO - Job 4483: Subtask transform_into_data.csv
[2024-03-15 22:35:03,885] {logging_mixin.py:104} INFO - Running <TaskInstance: ***_exam.transform_into_data.csv 2024-03-15T22:34:00+00:00 [running]> on host 3a3d0401ac26
[2024-03-15 22:35:03,959] {taskinstance.py:1302} INFO - Exporting the following env vars:
AIRFLOW_CTX_DAG_OWNER=***
AIRFLOW_CTX_DAG_ID=***_exam
AIRFLOW_CTX_TASK_ID=transform_into_data.csv
AIRFLOW_CTX_EXECUTION_DATE=2024-03-15T22:34:00+00:00
AIRFLOW_CTX_DAG_RUN_ID=scheduled__2024-03-15T22:34:00+00:00
[2024-03-15 22:35:03,967] {logging_mixin.py:104} INFO - 
[2024-03-15 22:35:03,996] {logging_mixin.py:104} INFO -     temperature        city  pression              date
0       285.48       Paris      1014  2024-03-15 22:35
1       282.81      London      1011  2024-03-15 22:35
2       289.04  Washington      1022  2024-03-15 22:35
3       285.48       Paris      1014  2024-03-15 22:34
4       282.81      London      1011  2024-03-15 22:34
5       288.86  Washington      1022  2024-03-15 22:34
6       285.48       Paris      1014  2024-03-15 22:33
7       282.81      London      1011  2024-03-15 22:33
8       288.86  Washington      1022  2024-03-15 22:33
9       285.48       Paris      1014  2024-03-15 22:32
[2024-03-15 22:35:04,002] {python.py:151} INFO - Done. Returned value was: None
[2024-03-15 22:35:04,017] {taskinstance.py:1211} INFO - Marking task as SUCCESS. dag_id=***_exam, task_id=transform_into_data.csv, execution_date=20240315T223400, start_date=20240315T223503, end_date=20240315T223504
[2024-03-15 22:35:04,052] {taskinstance.py:1265} INFO - 0 downstream tasks scheduled from follow-on schedule check
[2024-03-15 22:35:04,077] {local_task_job.py:151} INFO - Task exited with return code 0
