[2023-10-06 19:46:05,170] {taskinstance.py:896} INFO - Dependencies all met for <TaskInstance: airflow_exam.compute_dt_score 2023-10-06T19:45:00+00:00 [queued]>
[2023-10-06 19:46:05,188] {taskinstance.py:896} INFO - Dependencies all met for <TaskInstance: airflow_exam.compute_dt_score 2023-10-06T19:45:00+00:00 [queued]>
[2023-10-06 19:46:05,188] {taskinstance.py:1087} INFO - 
--------------------------------------------------------------------------------
[2023-10-06 19:46:05,189] {taskinstance.py:1088} INFO - Starting attempt 1 of 1
[2023-10-06 19:46:05,189] {taskinstance.py:1089} INFO - 
--------------------------------------------------------------------------------
[2023-10-06 19:46:05,210] {taskinstance.py:1107} INFO - Executing <Task(PythonOperator): compute_dt_score> on 2023-10-06T19:45:00+00:00
[2023-10-06 19:46:05,221] {standard_task_runner.py:52} INFO - Started process 8545 to run task
[2023-10-06 19:46:05,225] {standard_task_runner.py:76} INFO - Running: ['***', 'tasks', 'run', '***_exam', 'compute_dt_score', '2023-10-06T19:45:00+00:00', '--job-id', '574', '--pool', 'default_pool', '--raw', '--subdir', 'DAGS_FOLDER/DAG.py', '--cfg-path', '/tmp/tmpye26qx58', '--error-file', '/tmp/tmp_611p2x5']
[2023-10-06 19:46:05,225] {standard_task_runner.py:77} INFO - Job 574: Subtask compute_dt_score
[2023-10-06 19:46:05,281] {logging_mixin.py:104} INFO - Running <TaskInstance: ***_exam.compute_dt_score 2023-10-06T19:45:00+00:00 [running]> on host 3a3d0401ac26
[2023-10-06 19:46:05,364] {taskinstance.py:1302} INFO - Exporting the following env vars:
AIRFLOW_CTX_DAG_OWNER=***
AIRFLOW_CTX_DAG_ID=***_exam
AIRFLOW_CTX_TASK_ID=compute_dt_score
AIRFLOW_CTX_EXECUTION_DATE=2023-10-06T19:45:00+00:00
AIRFLOW_CTX_DAG_RUN_ID=scheduled__2023-10-06T19:45:00+00:00
[2023-10-06 19:46:05,533] {python.py:151} INFO - Done. Returned value was: None
[2023-10-06 19:46:05,546] {taskinstance.py:1211} INFO - Marking task as SUCCESS. dag_id=***_exam, task_id=compute_dt_score, execution_date=20231006T194500, start_date=20231006T194605, end_date=20231006T194605
[2023-10-06 19:46:05,585] {taskinstance.py:1265} INFO - 0 downstream tasks scheduled from follow-on schedule check
[2023-10-06 19:46:05,597] {local_task_job.py:151} INFO - Task exited with return code 0
