[2024-03-16 03:36:05,058] {taskinstance.py:896} INFO - Dependencies all met for <TaskInstance: airflow_exam.transform_into_data.csv 2024-03-16T03:35:00+00:00 [queued]>
[2024-03-16 03:36:05,078] {taskinstance.py:896} INFO - Dependencies all met for <TaskInstance: airflow_exam.transform_into_data.csv 2024-03-16T03:35:00+00:00 [queued]>
[2024-03-16 03:36:05,078] {taskinstance.py:1087} INFO - 
--------------------------------------------------------------------------------
[2024-03-16 03:36:05,078] {taskinstance.py:1088} INFO - Starting attempt 1 of 1
[2024-03-16 03:36:05,078] {taskinstance.py:1089} INFO - 
--------------------------------------------------------------------------------
[2024-03-16 03:36:05,090] {taskinstance.py:1107} INFO - Executing <Task(PythonOperator): transform_into_data.csv> on 2024-03-16T03:35:00+00:00
[2024-03-16 03:36:05,100] {standard_task_runner.py:52} INFO - Started process 141950 to run task
[2024-03-16 03:36:05,104] {standard_task_runner.py:76} INFO - Running: ['***', 'tasks', 'run', '***_exam', 'transform_into_data.csv', '2024-03-16T03:35:00+00:00', '--job-id', '6584', '--pool', 'default_pool', '--raw', '--subdir', 'DAGS_FOLDER/DAG.py', '--cfg-path', '/tmp/tmp86669i5y', '--error-file', '/tmp/tmpbhagxewp']
[2024-03-16 03:36:05,104] {standard_task_runner.py:77} INFO - Job 6584: Subtask transform_into_data.csv
[2024-03-16 03:36:05,161] {logging_mixin.py:104} INFO - Running <TaskInstance: ***_exam.transform_into_data.csv 2024-03-16T03:35:00+00:00 [running]> on host 3a3d0401ac26
[2024-03-16 03:36:05,237] {taskinstance.py:1302} INFO - Exporting the following env vars:
AIRFLOW_CTX_DAG_OWNER=***
AIRFLOW_CTX_DAG_ID=***_exam
AIRFLOW_CTX_TASK_ID=transform_into_data.csv
AIRFLOW_CTX_EXECUTION_DATE=2024-03-16T03:35:00+00:00
AIRFLOW_CTX_DAG_RUN_ID=scheduled__2024-03-16T03:35:00+00:00
[2024-03-16 03:36:05,245] {logging_mixin.py:104} INFO - 
[2024-03-16 03:36:05,307] {logging_mixin.py:104} INFO -     temperature        city  pression              date
0       284.04       Paris      1017  2024-03-16 03:36
1       281.53      London      1016  2024-03-16 03:36
2       282.42  Washington      1023  2024-03-16 03:36
3       284.04       Paris      1017  2024-03-16 03:35
4       281.53      London      1016  2024-03-16 03:35
5       282.42  Washington      1023  2024-03-16 03:35
6       284.04       Paris      1017  2024-03-16 03:34
7       281.53      London      1016  2024-03-16 03:34
8       282.42  Washington      1023  2024-03-16 03:34
9       284.04       Paris      1017  2024-03-16 03:33
[2024-03-16 03:36:05,313] {python.py:151} INFO - Done. Returned value was: None
[2024-03-16 03:36:05,347] {taskinstance.py:1211} INFO - Marking task as SUCCESS. dag_id=***_exam, task_id=transform_into_data.csv, execution_date=20240316T033500, start_date=20240316T033605, end_date=20240316T033605
[2024-03-16 03:36:05,405] {taskinstance.py:1265} INFO - 0 downstream tasks scheduled from follow-on schedule check
[2024-03-16 03:36:05,436] {local_task_job.py:151} INFO - Task exited with return code 0
