[2024-03-16 01:44:04,145] {taskinstance.py:896} INFO - Dependencies all met for <TaskInstance: airflow_exam.transform_into_data.csv 2024-03-16T01:43:00+00:00 [queued]>
[2024-03-16 01:44:04,179] {taskinstance.py:896} INFO - Dependencies all met for <TaskInstance: airflow_exam.transform_into_data.csv 2024-03-16T01:43:00+00:00 [queued]>
[2024-03-16 01:44:04,180] {taskinstance.py:1087} INFO - 
--------------------------------------------------------------------------------
[2024-03-16 01:44:04,180] {taskinstance.py:1088} INFO - Starting attempt 1 of 1
[2024-03-16 01:44:04,180] {taskinstance.py:1089} INFO - 
--------------------------------------------------------------------------------
[2024-03-16 01:44:04,198] {taskinstance.py:1107} INFO - Executing <Task(PythonOperator): transform_into_data.csv> on 2024-03-16T01:43:00+00:00
[2024-03-16 01:44:04,211] {standard_task_runner.py:52} INFO - Started process 117927 to run task
[2024-03-16 01:44:04,216] {standard_task_runner.py:76} INFO - Running: ['***', 'tasks', 'run', '***_exam', 'transform_into_data.csv', '2024-03-16T01:43:00+00:00', '--job-id', '5799', '--pool', 'default_pool', '--raw', '--subdir', 'DAGS_FOLDER/DAG.py', '--cfg-path', '/tmp/tmpdfkgk5ed', '--error-file', '/tmp/tmpcg5siuk5']
[2024-03-16 01:44:04,217] {standard_task_runner.py:77} INFO - Job 5799: Subtask transform_into_data.csv
[2024-03-16 01:44:04,288] {logging_mixin.py:104} INFO - Running <TaskInstance: ***_exam.transform_into_data.csv 2024-03-16T01:43:00+00:00 [running]> on host 3a3d0401ac26
[2024-03-16 01:44:04,376] {taskinstance.py:1302} INFO - Exporting the following env vars:
AIRFLOW_CTX_DAG_OWNER=***
AIRFLOW_CTX_DAG_ID=***_exam
AIRFLOW_CTX_TASK_ID=transform_into_data.csv
AIRFLOW_CTX_EXECUTION_DATE=2024-03-16T01:43:00+00:00
AIRFLOW_CTX_DAG_RUN_ID=scheduled__2024-03-16T01:43:00+00:00
[2024-03-16 01:44:04,385] {logging_mixin.py:104} INFO - 
[2024-03-16 01:44:04,410] {logging_mixin.py:104} INFO -     temperature        city  pression              date
0       284.55       Paris      1016  2024-03-16 01:44
1       281.07      London      1014  2024-03-16 01:44
2       284.30  Washington      1022  2024-03-16 01:44
3       284.55       Paris      1016  2024-03-16 01:43
4       281.07      London      1014  2024-03-16 01:43
5       284.30  Washington      1022  2024-03-16 01:43
6       284.55       Paris      1016  2024-03-16 01:42
7       281.07      London      1014  2024-03-16 01:42
8       284.30  Washington      1022  2024-03-16 01:42
9       284.55       Paris      1016  2024-03-16 01:41
[2024-03-16 01:44:04,416] {python.py:151} INFO - Done. Returned value was: None
[2024-03-16 01:44:04,432] {taskinstance.py:1211} INFO - Marking task as SUCCESS. dag_id=***_exam, task_id=transform_into_data.csv, execution_date=20240316T014300, start_date=20240316T014404, end_date=20240316T014404
[2024-03-16 01:44:04,472] {taskinstance.py:1265} INFO - 0 downstream tasks scheduled from follow-on schedule check
[2024-03-16 01:44:04,509] {local_task_job.py:151} INFO - Task exited with return code 0
