[2024-03-21 18:21:06,066] {taskinstance.py:896} INFO - Dependencies all met for <TaskInstance: airflow_exam.transform_into_fulldata.csv 2024-03-21T18:20:00+00:00 [queued]>
[2024-03-21 18:21:06,099] {taskinstance.py:896} INFO - Dependencies all met for <TaskInstance: airflow_exam.transform_into_fulldata.csv 2024-03-21T18:20:00+00:00 [queued]>
[2024-03-21 18:21:06,099] {taskinstance.py:1087} INFO - 
--------------------------------------------------------------------------------
[2024-03-21 18:21:06,100] {taskinstance.py:1088} INFO - Starting attempt 1 of 1
[2024-03-21 18:21:06,100] {taskinstance.py:1089} INFO - 
--------------------------------------------------------------------------------
[2024-03-21 18:21:06,118] {taskinstance.py:1107} INFO - Executing <Task(PythonOperator): transform_into_fulldata.csv> on 2024-03-21T18:20:00+00:00
[2024-03-21 18:21:06,130] {standard_task_runner.py:52} INFO - Started process 34538 to run task
[2024-03-21 18:21:06,135] {standard_task_runner.py:76} INFO - Running: ['***', 'tasks', 'run', '***_exam', 'transform_into_fulldata.csv', '2024-03-21T18:20:00+00:00', '--job-id', '10172', '--pool', 'default_pool', '--raw', '--subdir', 'DAGS_FOLDER/DAG.py', '--cfg-path', '/tmp/tmp073hrtws', '--error-file', '/tmp/tmpovc7p_mg']
[2024-03-21 18:21:06,136] {standard_task_runner.py:77} INFO - Job 10172: Subtask transform_into_fulldata.csv
[2024-03-21 18:21:06,205] {logging_mixin.py:104} INFO - Running <TaskInstance: ***_exam.transform_into_fulldata.csv 2024-03-21T18:20:00+00:00 [running]> on host 3a3d0401ac26
[2024-03-21 18:21:06,292] {taskinstance.py:1302} INFO - Exporting the following env vars:
AIRFLOW_CTX_DAG_OWNER=***
AIRFLOW_CTX_DAG_ID=***_exam
AIRFLOW_CTX_TASK_ID=transform_into_fulldata.csv
AIRFLOW_CTX_EXECUTION_DATE=2024-03-21T18:20:00+00:00
AIRFLOW_CTX_DAG_RUN_ID=scheduled__2024-03-21T18:20:00+00:00
[2024-03-21 18:21:06,417] {logging_mixin.py:104} INFO - 
[2024-03-21 18:21:06,447] {logging_mixin.py:104} INFO -     temperature        city  pression              date
0       289.91       Paris      1025  2024-03-21 18:21
1       287.98      London      1022  2024-03-21 18:21
2       284.73  Washington      1014  2024-03-21 18:21
3       289.91       Paris      1025  2024-03-21 18:20
4       287.98      London      1022  2024-03-21 18:20
5       284.73  Washington      1014  2024-03-21 18:20
6       289.91       Paris      1025  2024-03-21 18:19
7       287.98      London      1022  2024-03-21 18:19
8       284.73  Washington      1014  2024-03-21 18:19
9       289.91       Paris      1025  2024-03-21 18:18
[2024-03-21 18:21:06,465] {python.py:151} INFO - Done. Returned value was: None
[2024-03-21 18:21:06,479] {taskinstance.py:1211} INFO - Marking task as SUCCESS. dag_id=***_exam, task_id=transform_into_fulldata.csv, execution_date=20240321T182000, start_date=20240321T182106, end_date=20240321T182106
[2024-03-21 18:21:06,522] {taskinstance.py:1265} INFO - 3 downstream tasks scheduled from follow-on schedule check
[2024-03-21 18:21:06,548] {local_task_job.py:151} INFO - Task exited with return code 0
