[2024-03-20 20:56:05,598] {taskinstance.py:896} INFO - Dependencies all met for <TaskInstance: airflow_exam.transform_into_data.csv 2024-03-20T20:55:00+00:00 [queued]>
[2024-03-20 20:56:05,622] {taskinstance.py:896} INFO - Dependencies all met for <TaskInstance: airflow_exam.transform_into_data.csv 2024-03-20T20:55:00+00:00 [queued]>
[2024-03-20 20:56:05,622] {taskinstance.py:1087} INFO - 
--------------------------------------------------------------------------------
[2024-03-20 20:56:05,622] {taskinstance.py:1088} INFO - Starting attempt 1 of 1
[2024-03-20 20:56:05,622] {taskinstance.py:1089} INFO - 
--------------------------------------------------------------------------------
[2024-03-20 20:56:05,652] {taskinstance.py:1107} INFO - Executing <Task(PythonOperator): transform_into_data.csv> on 2024-03-20T20:55:00+00:00
[2024-03-20 20:56:05,663] {standard_task_runner.py:52} INFO - Started process 5554 to run task
[2024-03-20 20:56:05,670] {standard_task_runner.py:76} INFO - Running: ['***', 'tasks', 'run', '***_exam', 'transform_into_data.csv', '2024-03-20T20:55:00+00:00', '--job-id', '7009', '--pool', 'default_pool', '--raw', '--subdir', 'DAGS_FOLDER/DAG.py', '--cfg-path', '/tmp/tmpflhf1v9r', '--error-file', '/tmp/tmpodwa8y_n']
[2024-03-20 20:56:05,671] {standard_task_runner.py:77} INFO - Job 7009: Subtask transform_into_data.csv
[2024-03-20 20:56:05,784] {logging_mixin.py:104} INFO - Running <TaskInstance: ***_exam.transform_into_data.csv 2024-03-20T20:55:00+00:00 [running]> on host 3a3d0401ac26
[2024-03-20 20:56:05,878] {taskinstance.py:1302} INFO - Exporting the following env vars:
AIRFLOW_CTX_DAG_OWNER=***
AIRFLOW_CTX_DAG_ID=***_exam
AIRFLOW_CTX_TASK_ID=transform_into_data.csv
AIRFLOW_CTX_EXECUTION_DATE=2024-03-20T20:55:00+00:00
AIRFLOW_CTX_DAG_RUN_ID=scheduled__2024-03-20T20:55:00+00:00
[2024-03-20 20:56:05,887] {logging_mixin.py:104} INFO - 
[2024-03-20 20:56:05,920] {logging_mixin.py:104} INFO -     temperature        city  pression              date
0       286.56       Paris      1019  2024-03-20 20:56
1       286.45      London      1020  2024-03-20 20:56
2       290.55  Washington      1008  2024-03-20 20:56
3       286.56       Paris      1019  2024-03-20 20:55
4       286.45      London      1020  2024-03-20 20:55
5       290.55  Washington      1008  2024-03-20 20:55
6       286.56       Paris      1019  2024-03-20 20:54
7       286.66      London      1020  2024-03-20 20:54
8       290.55  Washington      1008  2024-03-20 20:54
9       286.56       Paris      1019  2024-03-20 20:53
[2024-03-20 20:56:05,926] {python.py:151} INFO - Done. Returned value was: None
[2024-03-20 20:56:05,943] {taskinstance.py:1211} INFO - Marking task as SUCCESS. dag_id=***_exam, task_id=transform_into_data.csv, execution_date=20240320T205500, start_date=20240320T205605, end_date=20240320T205605
[2024-03-20 20:56:05,985] {taskinstance.py:1265} INFO - 0 downstream tasks scheduled from follow-on schedule check
[2024-03-20 20:56:06,007] {local_task_job.py:151} INFO - Task exited with return code 0
