[2024-03-15 19:12:04,490] {taskinstance.py:896} INFO - Dependencies all met for <TaskInstance: airflow_exam.transform_into_fulldata.csv 2024-03-15T19:11:00+00:00 [queued]>
[2024-03-15 19:12:04,529] {taskinstance.py:896} INFO - Dependencies all met for <TaskInstance: airflow_exam.transform_into_fulldata.csv 2024-03-15T19:11:00+00:00 [queued]>
[2024-03-15 19:12:04,529] {taskinstance.py:1087} INFO - 
--------------------------------------------------------------------------------
[2024-03-15 19:12:04,529] {taskinstance.py:1088} INFO - Starting attempt 1 of 1
[2024-03-15 19:12:04,530] {taskinstance.py:1089} INFO - 
--------------------------------------------------------------------------------
[2024-03-15 19:12:04,549] {taskinstance.py:1107} INFO - Executing <Task(PythonOperator): transform_into_fulldata.csv> on 2024-03-15T19:11:00+00:00
[2024-03-15 19:12:04,565] {standard_task_runner.py:52} INFO - Started process 54913 to run task
[2024-03-15 19:12:04,570] {standard_task_runner.py:76} INFO - Running: ['***', 'tasks', 'run', '***_exam', 'transform_into_fulldata.csv', '2024-03-15T19:11:00+00:00', '--job-id', '3657', '--pool', 'default_pool', '--raw', '--subdir', 'DAGS_FOLDER/DAG.py', '--cfg-path', '/tmp/tmpshwf31_w', '--error-file', '/tmp/tmp1egjym5g']
[2024-03-15 19:12:04,571] {standard_task_runner.py:77} INFO - Job 3657: Subtask transform_into_fulldata.csv
[2024-03-15 19:12:04,654] {logging_mixin.py:104} INFO - Running <TaskInstance: ***_exam.transform_into_fulldata.csv 2024-03-15T19:11:00+00:00 [running]> on host 3a3d0401ac26
[2024-03-15 19:12:04,751] {taskinstance.py:1302} INFO - Exporting the following env vars:
AIRFLOW_CTX_DAG_OWNER=***
AIRFLOW_CTX_DAG_ID=***_exam
AIRFLOW_CTX_TASK_ID=transform_into_fulldata.csv
AIRFLOW_CTX_EXECUTION_DATE=2024-03-15T19:11:00+00:00
AIRFLOW_CTX_DAG_RUN_ID=scheduled__2024-03-15T19:11:00+00:00
[2024-03-15 19:12:04,809] {logging_mixin.py:104} INFO - 
[2024-03-15 19:12:04,836] {logging_mixin.py:104} INFO -     temperature        city  pression              date
0       286.72       Paris      1012  2024-03-15 19:12
1       285.03      London      1008  2024-03-15 19:12
2       283.50  Washington      1025  2024-03-15 19:12
3       286.72       Paris      1012  2024-03-15 19:11
4       285.03      London      1008  2024-03-15 19:11
5       283.50  Washington      1025  2024-03-15 19:11
6       286.72       Paris      1012  2024-03-15 19:10
7       285.03      London      1008  2024-03-15 19:10
8       283.50  Washington      1025  2024-03-15 19:10
9       286.60       Paris      1012  2024-03-15 19:09
[2024-03-15 19:12:04,845] {python.py:151} INFO - Done. Returned value was: None
[2024-03-15 19:12:04,861] {taskinstance.py:1211} INFO - Marking task as SUCCESS. dag_id=***_exam, task_id=transform_into_fulldata.csv, execution_date=20240315T191100, start_date=20240315T191204, end_date=20240315T191204
[2024-03-15 19:12:04,910] {taskinstance.py:1265} INFO - 3 downstream tasks scheduled from follow-on schedule check
[2024-03-15 19:12:04,942] {local_task_job.py:151} INFO - Task exited with return code 0
