[2024-03-16 01:46:04,154] {taskinstance.py:896} INFO - Dependencies all met for <TaskInstance: airflow_exam.transform_into_fulldata.csv 2024-03-16T01:45:00+00:00 [queued]>
[2024-03-16 01:46:04,184] {taskinstance.py:896} INFO - Dependencies all met for <TaskInstance: airflow_exam.transform_into_fulldata.csv 2024-03-16T01:45:00+00:00 [queued]>
[2024-03-16 01:46:04,185] {taskinstance.py:1087} INFO - 
--------------------------------------------------------------------------------
[2024-03-16 01:46:04,185] {taskinstance.py:1088} INFO - Starting attempt 1 of 1
[2024-03-16 01:46:04,185] {taskinstance.py:1089} INFO - 
--------------------------------------------------------------------------------
[2024-03-16 01:46:04,201] {taskinstance.py:1107} INFO - Executing <Task(PythonOperator): transform_into_fulldata.csv> on 2024-03-16T01:45:00+00:00
[2024-03-16 01:46:04,213] {standard_task_runner.py:52} INFO - Started process 118353 to run task
[2024-03-16 01:46:04,218] {standard_task_runner.py:76} INFO - Running: ['***', 'tasks', 'run', '***_exam', 'transform_into_fulldata.csv', '2024-03-16T01:45:00+00:00', '--job-id', '5813', '--pool', 'default_pool', '--raw', '--subdir', 'DAGS_FOLDER/DAG.py', '--cfg-path', '/tmp/tmpu1_bq0nh', '--error-file', '/tmp/tmpmy5p_p09']
[2024-03-16 01:46:04,219] {standard_task_runner.py:77} INFO - Job 5813: Subtask transform_into_fulldata.csv
[2024-03-16 01:46:04,295] {logging_mixin.py:104} INFO - Running <TaskInstance: ***_exam.transform_into_fulldata.csv 2024-03-16T01:45:00+00:00 [running]> on host 3a3d0401ac26
[2024-03-16 01:46:04,481] {taskinstance.py:1302} INFO - Exporting the following env vars:
AIRFLOW_CTX_DAG_OWNER=***
AIRFLOW_CTX_DAG_ID=***_exam
AIRFLOW_CTX_TASK_ID=transform_into_fulldata.csv
AIRFLOW_CTX_EXECUTION_DATE=2024-03-16T01:45:00+00:00
AIRFLOW_CTX_DAG_RUN_ID=scheduled__2024-03-16T01:45:00+00:00
[2024-03-16 01:46:04,667] {logging_mixin.py:104} INFO - 
[2024-03-16 01:46:04,707] {logging_mixin.py:104} INFO -     temperature        city  pression              date
0       284.55       Paris      1016  2024-03-16 01:46
1       281.08      London      1014  2024-03-16 01:46
2       284.30  Washington      1022  2024-03-16 01:46
3       284.55       Paris      1016  2024-03-16 01:45
4       281.08      London      1014  2024-03-16 01:45
5       284.30  Washington      1022  2024-03-16 01:45
6       284.55       Paris      1016  2024-03-16 01:44
7       281.07      London      1014  2024-03-16 01:44
8       284.30  Washington      1022  2024-03-16 01:44
9       284.55       Paris      1016  2024-03-16 01:43
[2024-03-16 01:46:04,726] {python.py:151} INFO - Done. Returned value was: None
[2024-03-16 01:46:04,746] {taskinstance.py:1211} INFO - Marking task as SUCCESS. dag_id=***_exam, task_id=transform_into_fulldata.csv, execution_date=20240316T014500, start_date=20240316T014604, end_date=20240316T014604
[2024-03-16 01:46:04,836] {taskinstance.py:1265} INFO - 3 downstream tasks scheduled from follow-on schedule check
[2024-03-16 01:46:04,862] {local_task_job.py:151} INFO - Task exited with return code 0
