[2024-03-15 18:06:04,592] {taskinstance.py:896} INFO - Dependencies all met for <TaskInstance: airflow_exam.transform_into_data.csv 2024-03-15T18:05:00+00:00 [queued]>
[2024-03-15 18:06:04,625] {taskinstance.py:896} INFO - Dependencies all met for <TaskInstance: airflow_exam.transform_into_data.csv 2024-03-15T18:05:00+00:00 [queued]>
[2024-03-15 18:06:04,626] {taskinstance.py:1087} INFO - 
--------------------------------------------------------------------------------
[2024-03-15 18:06:04,626] {taskinstance.py:1088} INFO - Starting attempt 1 of 1
[2024-03-15 18:06:04,626] {taskinstance.py:1089} INFO - 
--------------------------------------------------------------------------------
[2024-03-15 18:06:04,645] {taskinstance.py:1107} INFO - Executing <Task(PythonOperator): transform_into_data.csv> on 2024-03-15T18:05:00+00:00
[2024-03-15 18:06:04,657] {standard_task_runner.py:52} INFO - Started process 41679 to run task
[2024-03-15 18:06:04,661] {standard_task_runner.py:76} INFO - Running: ['***', 'tasks', 'run', '***_exam', 'transform_into_data.csv', '2024-03-15T18:05:00+00:00', '--job-id', '3195', '--pool', 'default_pool', '--raw', '--subdir', 'DAGS_FOLDER/DAG.py', '--cfg-path', '/tmp/tmpj77fh_52', '--error-file', '/tmp/tmp7x_dbsgm']
[2024-03-15 18:06:04,662] {standard_task_runner.py:77} INFO - Job 3195: Subtask transform_into_data.csv
[2024-03-15 18:06:04,734] {logging_mixin.py:104} INFO - Running <TaskInstance: ***_exam.transform_into_data.csv 2024-03-15T18:05:00+00:00 [running]> on host 3a3d0401ac26
[2024-03-15 18:06:04,831] {taskinstance.py:1302} INFO - Exporting the following env vars:
AIRFLOW_CTX_DAG_OWNER=***
AIRFLOW_CTX_DAG_ID=***_exam
AIRFLOW_CTX_TASK_ID=transform_into_data.csv
AIRFLOW_CTX_EXECUTION_DATE=2024-03-15T18:05:00+00:00
AIRFLOW_CTX_DAG_RUN_ID=scheduled__2024-03-15T18:05:00+00:00
[2024-03-15 18:06:04,837] {logging_mixin.py:104} INFO - 
[2024-03-15 18:06:04,859] {logging_mixin.py:104} INFO -     temperature        city  pression              date
0       286.88       Paris      1011  2024-03-15 18:06
1       285.76      London      1005  2024-03-15 18:06
2       281.12  Washington      1026  2024-03-15 18:06
3       286.88       Paris      1011  2024-03-15 18:05
4       285.83      London      1005  2024-03-15 18:05
5       281.12  Washington      1026  2024-03-15 18:05
6       286.88       Paris      1011  2024-03-15 18:04
7       285.83      London      1005  2024-03-15 18:04
8       281.12  Washington      1026  2024-03-15 18:04
9       286.85       Paris      1011  2024-03-15 18:03
[2024-03-15 18:06:04,868] {python.py:151} INFO - Done. Returned value was: None
[2024-03-15 18:06:04,882] {taskinstance.py:1211} INFO - Marking task as SUCCESS. dag_id=***_exam, task_id=transform_into_data.csv, execution_date=20240315T180500, start_date=20240315T180604, end_date=20240315T180604
[2024-03-15 18:06:04,922] {taskinstance.py:1265} INFO - 0 downstream tasks scheduled from follow-on schedule check
[2024-03-15 18:06:04,954] {local_task_job.py:151} INFO - Task exited with return code 0
