[2024-03-21 01:01:05,787] {taskinstance.py:896} INFO - Dependencies all met for <TaskInstance: airflow_exam.transform_into_data.csv 2024-03-21T01:00:00+00:00 [queued]>
[2024-03-21 01:01:05,810] {taskinstance.py:896} INFO - Dependencies all met for <TaskInstance: airflow_exam.transform_into_data.csv 2024-03-21T01:00:00+00:00 [queued]>
[2024-03-21 01:01:05,811] {taskinstance.py:1087} INFO - 
--------------------------------------------------------------------------------
[2024-03-21 01:01:05,811] {taskinstance.py:1088} INFO - Starting attempt 1 of 1
[2024-03-21 01:01:05,811] {taskinstance.py:1089} INFO - 
--------------------------------------------------------------------------------
[2024-03-21 01:01:05,835] {taskinstance.py:1107} INFO - Executing <Task(PythonOperator): transform_into_data.csv> on 2024-03-21T01:00:00+00:00
[2024-03-21 01:01:05,848] {standard_task_runner.py:52} INFO - Started process 8735 to run task
[2024-03-21 01:01:05,854] {standard_task_runner.py:76} INFO - Running: ['***', 'tasks', 'run', '***_exam', 'transform_into_data.csv', '2024-03-21T01:00:00+00:00', '--job-id', '8654', '--pool', 'default_pool', '--raw', '--subdir', 'DAGS_FOLDER/DAG.py', '--cfg-path', '/tmp/tmpwa91runv', '--error-file', '/tmp/tmpqd45t1_5']
[2024-03-21 01:01:05,855] {standard_task_runner.py:77} INFO - Job 8654: Subtask transform_into_data.csv
[2024-03-21 01:01:05,925] {logging_mixin.py:104} INFO - Running <TaskInstance: ***_exam.transform_into_data.csv 2024-03-21T01:00:00+00:00 [running]> on host 3a3d0401ac26
[2024-03-21 01:01:06,013] {taskinstance.py:1302} INFO - Exporting the following env vars:
AIRFLOW_CTX_DAG_OWNER=***
AIRFLOW_CTX_DAG_ID=***_exam
AIRFLOW_CTX_TASK_ID=transform_into_data.csv
AIRFLOW_CTX_EXECUTION_DATE=2024-03-21T01:00:00+00:00
AIRFLOW_CTX_DAG_RUN_ID=scheduled__2024-03-21T01:00:00+00:00
[2024-03-21 01:01:06,021] {logging_mixin.py:104} INFO - 
[2024-03-21 01:01:06,051] {logging_mixin.py:104} INFO -     temperature        city  pression              date
0       285.64       Paris      1021  2024-03-21 01:01
1       284.00      London      1023  2024-03-21 01:01
2       287.87  Washington      1007  2024-03-21 01:01
3       285.64       Paris      1021  2024-03-21 01:00
4       284.00      London      1023  2024-03-21 01:00
5       287.87  Washington      1007  2024-03-21 01:00
6       285.64       Paris      1021  2024-03-21 00:59
7       283.80      London      1022  2024-03-21 00:59
8       287.95  Washington      1007  2024-03-21 00:59
9       285.64       Paris      1021  2024-03-21 00:58
[2024-03-21 01:01:06,057] {python.py:151} INFO - Done. Returned value was: None
[2024-03-21 01:01:06,074] {taskinstance.py:1211} INFO - Marking task as SUCCESS. dag_id=***_exam, task_id=transform_into_data.csv, execution_date=20240321T010000, start_date=20240321T010105, end_date=20240321T010106
[2024-03-21 01:01:06,126] {taskinstance.py:1265} INFO - 0 downstream tasks scheduled from follow-on schedule check
[2024-03-21 01:01:06,146] {local_task_job.py:151} INFO - Task exited with return code 0
