[2023-10-06 20:29:04,327] {taskinstance.py:896} INFO - Dependencies all met for <TaskInstance: airflow_exam.transform_into_data.csv 2023-10-06T20:28:00+00:00 [queued]>
[2023-10-06 20:29:04,339] {taskinstance.py:896} INFO - Dependencies all met for <TaskInstance: airflow_exam.transform_into_data.csv 2023-10-06T20:28:00+00:00 [queued]>
[2023-10-06 20:29:04,339] {taskinstance.py:1087} INFO - 
--------------------------------------------------------------------------------
[2023-10-06 20:29:04,339] {taskinstance.py:1088} INFO - Starting attempt 1 of 1
[2023-10-06 20:29:04,339] {taskinstance.py:1089} INFO - 
--------------------------------------------------------------------------------
[2023-10-06 20:29:04,353] {taskinstance.py:1107} INFO - Executing <Task(PythonOperator): transform_into_data.csv> on 2023-10-06T20:28:00+00:00
[2023-10-06 20:29:04,360] {standard_task_runner.py:52} INFO - Started process 16691 to run task
[2023-10-06 20:29:04,362] {standard_task_runner.py:76} INFO - Running: ['***', 'tasks', 'run', '***_exam', 'transform_into_data.csv', '2023-10-06T20:28:00+00:00', '--job-id', '873', '--pool', 'default_pool', '--raw', '--subdir', 'DAGS_FOLDER/DAG.py', '--cfg-path', '/tmp/tmp18cushm5', '--error-file', '/tmp/tmpp9z4pkn8']
[2023-10-06 20:29:04,363] {standard_task_runner.py:77} INFO - Job 873: Subtask transform_into_data.csv
[2023-10-06 20:29:04,404] {logging_mixin.py:104} INFO - Running <TaskInstance: ***_exam.transform_into_data.csv 2023-10-06T20:28:00+00:00 [running]> on host 3a3d0401ac26
[2023-10-06 20:29:04,456] {taskinstance.py:1302} INFO - Exporting the following env vars:
AIRFLOW_CTX_DAG_OWNER=***
AIRFLOW_CTX_DAG_ID=***_exam
AIRFLOW_CTX_TASK_ID=transform_into_data.csv
AIRFLOW_CTX_EXECUTION_DATE=2023-10-06T20:28:00+00:00
AIRFLOW_CTX_DAG_RUN_ID=scheduled__2023-10-06T20:28:00+00:00
[2023-10-06 20:29:04,461] {logging_mixin.py:104} INFO - 
[2023-10-06 20:29:04,476] {logging_mixin.py:104} INFO -     temperature        city  pression              date
0       287.74       Paris      1026  2023-10-06 20:29
1       289.97      London      1023  2023-10-06 20:29
2       294.14  Washington      1024  2023-10-06 20:29
3       287.74       Paris      1026  2023-10-06 20:28
4       289.97      London      1023  2023-10-06 20:28
5       293.91  Washington      1024  2023-10-06 20:28
6       287.91       Paris      1026  2023-10-06 20:27
7       289.95      London      1023  2023-10-06 20:27
8       293.91  Washington      1024  2023-10-06 20:27
9       287.91       Paris      1026  2023-10-06 20:26
[2023-10-06 20:29:04,480] {python.py:151} INFO - Done. Returned value was: None
[2023-10-06 20:29:04,490] {taskinstance.py:1211} INFO - Marking task as SUCCESS. dag_id=***_exam, task_id=transform_into_data.csv, execution_date=20231006T202800, start_date=20231006T202904, end_date=20231006T202904
[2023-10-06 20:29:04,516] {taskinstance.py:1265} INFO - 0 downstream tasks scheduled from follow-on schedule check
[2023-10-06 20:29:04,535] {local_task_job.py:151} INFO - Task exited with return code 0
