[2023-10-11 17:21:05,004] {taskinstance.py:896} INFO - Dependencies all met for <TaskInstance: airflow_exam.transform_into_data.csv 2023-10-11T17:20:00+00:00 [queued]>
[2023-10-11 17:21:05,027] {taskinstance.py:896} INFO - Dependencies all met for <TaskInstance: airflow_exam.transform_into_data.csv 2023-10-11T17:20:00+00:00 [queued]>
[2023-10-11 17:21:05,027] {taskinstance.py:1087} INFO - 
--------------------------------------------------------------------------------
[2023-10-11 17:21:05,027] {taskinstance.py:1088} INFO - Starting attempt 1 of 1
[2023-10-11 17:21:05,027] {taskinstance.py:1089} INFO - 
--------------------------------------------------------------------------------
[2023-10-11 17:21:05,051] {taskinstance.py:1107} INFO - Executing <Task(PythonOperator): transform_into_data.csv> on 2023-10-11T17:20:00+00:00
[2023-10-11 17:21:05,067] {standard_task_runner.py:52} INFO - Started process 1944 to run task
[2023-10-11 17:21:05,071] {standard_task_runner.py:76} INFO - Running: ['***', 'tasks', 'run', '***_exam', 'transform_into_data.csv', '2023-10-11T17:20:00+00:00', '--job-id', '1527', '--pool', 'default_pool', '--raw', '--subdir', 'DAGS_FOLDER/DAG.py', '--cfg-path', '/tmp/tmp4cg49emu', '--error-file', '/tmp/tmph6czj5gb']
[2023-10-11 17:21:05,072] {standard_task_runner.py:77} INFO - Job 1527: Subtask transform_into_data.csv
[2023-10-11 17:21:05,160] {logging_mixin.py:104} INFO - Running <TaskInstance: ***_exam.transform_into_data.csv 2023-10-11T17:20:00+00:00 [running]> on host 3a3d0401ac26
[2023-10-11 17:21:05,319] {taskinstance.py:1302} INFO - Exporting the following env vars:
AIRFLOW_CTX_DAG_OWNER=***
AIRFLOW_CTX_DAG_ID=***_exam
AIRFLOW_CTX_TASK_ID=transform_into_data.csv
AIRFLOW_CTX_EXECUTION_DATE=2023-10-11T17:20:00+00:00
AIRFLOW_CTX_DAG_RUN_ID=scheduled__2023-10-11T17:20:00+00:00
[2023-10-11 17:21:05,329] {logging_mixin.py:104} INFO - 
[2023-10-11 17:21:05,367] {logging_mixin.py:104} INFO -     temperature        city  pression              date
0       296.48       Paris      1015  2023-10-11 17:21
1       290.60      London      1012  2023-10-11 17:21
2       282.37  Washington      1004  2023-10-11 17:21
3       296.48       Paris      1015  2023-10-11 17:20
4       290.60      London      1012  2023-10-11 17:20
5       282.37  Washington      1004  2023-10-11 17:20
6       296.48       Paris      1015  2023-10-11 17:19
7       290.68      London      1012  2023-10-11 17:19
8       282.37  Washington      1004  2023-10-11 17:19
9       296.48       Paris      1015  2023-10-11 17:18
[2023-10-11 17:21:05,375] {python.py:151} INFO - Done. Returned value was: None
[2023-10-11 17:21:05,395] {taskinstance.py:1211} INFO - Marking task as SUCCESS. dag_id=***_exam, task_id=transform_into_data.csv, execution_date=20231011T172000, start_date=20231011T172105, end_date=20231011T172105
[2023-10-11 17:21:05,496] {taskinstance.py:1265} INFO - 0 downstream tasks scheduled from follow-on schedule check
[2023-10-11 17:21:05,529] {local_task_job.py:151} INFO - Task exited with return code 0
