[2024-03-15 14:19:04,100] {taskinstance.py:896} INFO - Dependencies all met for <TaskInstance: airflow_exam.transform_into_data.csv 2024-03-15T14:18:00+00:00 [queued]>
[2024-03-15 14:19:04,120] {taskinstance.py:896} INFO - Dependencies all met for <TaskInstance: airflow_exam.transform_into_data.csv 2024-03-15T14:18:00+00:00 [queued]>
[2024-03-15 14:19:04,120] {taskinstance.py:1087} INFO - 
--------------------------------------------------------------------------------
[2024-03-15 14:19:04,120] {taskinstance.py:1088} INFO - Starting attempt 1 of 1
[2024-03-15 14:19:04,120] {taskinstance.py:1089} INFO - 
--------------------------------------------------------------------------------
[2024-03-15 14:19:04,131] {taskinstance.py:1107} INFO - Executing <Task(PythonOperator): transform_into_data.csv> on 2024-03-15T14:18:00+00:00
[2024-03-15 14:19:04,138] {standard_task_runner.py:52} INFO - Started process 5511 to run task
[2024-03-15 14:19:04,140] {standard_task_runner.py:76} INFO - Running: ['***', 'tasks', 'run', '***_exam', 'transform_into_data.csv', '2024-03-15T14:18:00+00:00', '--job-id', '1899', '--pool', 'default_pool', '--raw', '--subdir', 'DAGS_FOLDER/DAG.py', '--cfg-path', '/tmp/tmpllt2c6s3', '--error-file', '/tmp/tmpuk6hawml']
[2024-03-15 14:19:04,141] {standard_task_runner.py:77} INFO - Job 1899: Subtask transform_into_data.csv
[2024-03-15 14:19:04,184] {logging_mixin.py:104} INFO - Running <TaskInstance: ***_exam.transform_into_data.csv 2024-03-15T14:18:00+00:00 [running]> on host 3a3d0401ac26
[2024-03-15 14:19:04,245] {taskinstance.py:1302} INFO - Exporting the following env vars:
AIRFLOW_CTX_DAG_OWNER=***
AIRFLOW_CTX_DAG_ID=***_exam
AIRFLOW_CTX_TASK_ID=transform_into_data.csv
AIRFLOW_CTX_EXECUTION_DATE=2024-03-15T14:18:00+00:00
AIRFLOW_CTX_DAG_RUN_ID=scheduled__2024-03-15T14:18:00+00:00
[2024-03-15 14:19:04,250] {logging_mixin.py:104} INFO - 
[2024-03-15 14:19:04,268] {logging_mixin.py:104} INFO -     temperature        city  pression              date
0       289.48       Paris      1012  2024-03-15 14:19
1       287.32      London      1004  2024-03-15 14:19
2       274.21  Washington      1029  2024-03-15 14:19
3       288.88       Paris      1012  2024-03-15 14:18
4       287.36      London      1004  2024-03-15 14:18
5       274.45  Washington      1029  2024-03-15 14:18
6       288.88       Paris      1012  2024-03-15 14:17
7       287.36      London      1004  2024-03-15 14:17
8       274.45  Washington      1029  2024-03-15 14:17
9       288.88       Paris      1012  2024-03-15 14:16
[2024-03-15 14:19:04,272] {python.py:151} INFO - Done. Returned value was: None
[2024-03-15 14:19:04,284] {taskinstance.py:1211} INFO - Marking task as SUCCESS. dag_id=***_exam, task_id=transform_into_data.csv, execution_date=20240315T141800, start_date=20240315T141904, end_date=20240315T141904
[2024-03-15 14:19:04,317] {taskinstance.py:1265} INFO - 0 downstream tasks scheduled from follow-on schedule check
[2024-03-15 14:19:04,353] {local_task_job.py:151} INFO - Task exited with return code 0
