[2024-03-15 22:18:04,864] {taskinstance.py:896} INFO - Dependencies all met for <TaskInstance: airflow_exam.transform_into_fulldata.csv 2024-03-15T22:17:00+00:00 [queued]>
[2024-03-15 22:18:04,882] {taskinstance.py:896} INFO - Dependencies all met for <TaskInstance: airflow_exam.transform_into_fulldata.csv 2024-03-15T22:17:00+00:00 [queued]>
[2024-03-15 22:18:04,882] {taskinstance.py:1087} INFO - 
--------------------------------------------------------------------------------
[2024-03-15 22:18:04,882] {taskinstance.py:1088} INFO - Starting attempt 1 of 1
[2024-03-15 22:18:04,882] {taskinstance.py:1089} INFO - 
--------------------------------------------------------------------------------
[2024-03-15 22:18:04,892] {taskinstance.py:1107} INFO - Executing <Task(PythonOperator): transform_into_fulldata.csv> on 2024-03-15T22:17:00+00:00
[2024-03-15 22:18:04,899] {standard_task_runner.py:52} INFO - Started process 75219 to run task
[2024-03-15 22:18:04,902] {standard_task_runner.py:76} INFO - Running: ['***', 'tasks', 'run', '***_exam', 'transform_into_fulldata.csv', '2024-03-15T22:17:00+00:00', '--job-id', '4365', '--pool', 'default_pool', '--raw', '--subdir', 'DAGS_FOLDER/DAG.py', '--cfg-path', '/tmp/tmp7n7v8xt5', '--error-file', '/tmp/tmpwkxsj4er']
[2024-03-15 22:18:04,903] {standard_task_runner.py:77} INFO - Job 4365: Subtask transform_into_fulldata.csv
[2024-03-15 22:18:04,944] {logging_mixin.py:104} INFO - Running <TaskInstance: ***_exam.transform_into_fulldata.csv 2024-03-15T22:17:00+00:00 [running]> on host 3a3d0401ac26
[2024-03-15 22:18:05,002] {taskinstance.py:1302} INFO - Exporting the following env vars:
AIRFLOW_CTX_DAG_OWNER=***
AIRFLOW_CTX_DAG_ID=***_exam
AIRFLOW_CTX_TASK_ID=transform_into_fulldata.csv
AIRFLOW_CTX_EXECUTION_DATE=2024-03-15T22:17:00+00:00
AIRFLOW_CTX_DAG_RUN_ID=scheduled__2024-03-15T22:17:00+00:00
[2024-03-15 22:18:05,035] {logging_mixin.py:104} INFO - 
[2024-03-15 22:18:05,050] {logging_mixin.py:104} INFO -     temperature        city  pression              date
0       285.35       Paris      1014  2024-03-15 22:18
1       283.11      London      1010  2024-03-15 22:18
2       288.64  Washington      1022  2024-03-15 22:18
3       285.35       Paris      1014  2024-03-15 22:17
4       283.11      London      1010  2024-03-15 22:17
5       288.64  Washington      1022  2024-03-15 22:17
6       285.35       Paris      1014  2024-03-15 22:16
7       283.11      London      1010  2024-03-15 22:16
8       288.64  Washington      1022  2024-03-15 22:16
9       285.35       Paris      1014  2024-03-15 22:15
[2024-03-15 22:18:05,057] {python.py:151} INFO - Done. Returned value was: None
[2024-03-15 22:18:05,071] {taskinstance.py:1211} INFO - Marking task as SUCCESS. dag_id=***_exam, task_id=transform_into_fulldata.csv, execution_date=20240315T221700, start_date=20240315T221804, end_date=20240315T221805
[2024-03-15 22:18:05,105] {taskinstance.py:1265} INFO - 3 downstream tasks scheduled from follow-on schedule check
[2024-03-15 22:18:05,115] {local_task_job.py:151} INFO - Task exited with return code 0
