[2024-03-16 03:07:05,669] {taskinstance.py:896} INFO - Dependencies all met for <TaskInstance: airflow_exam.transform_into_fulldata.csv 2024-03-16T03:06:00+00:00 [queued]>
[2024-03-16 03:07:05,701] {taskinstance.py:896} INFO - Dependencies all met for <TaskInstance: airflow_exam.transform_into_fulldata.csv 2024-03-16T03:06:00+00:00 [queued]>
[2024-03-16 03:07:05,701] {taskinstance.py:1087} INFO - 
--------------------------------------------------------------------------------
[2024-03-16 03:07:05,702] {taskinstance.py:1088} INFO - Starting attempt 1 of 1
[2024-03-16 03:07:05,702] {taskinstance.py:1089} INFO - 
--------------------------------------------------------------------------------
[2024-03-16 03:07:05,722] {taskinstance.py:1107} INFO - Executing <Task(PythonOperator): transform_into_fulldata.csv> on 2024-03-16T03:06:00+00:00
[2024-03-16 03:07:05,734] {standard_task_runner.py:52} INFO - Started process 135777 to run task
[2024-03-16 03:07:05,742] {standard_task_runner.py:76} INFO - Running: ['***', 'tasks', 'run', '***_exam', 'transform_into_fulldata.csv', '2024-03-16T03:06:00+00:00', '--job-id', '6381', '--pool', 'default_pool', '--raw', '--subdir', 'DAGS_FOLDER/DAG.py', '--cfg-path', '/tmp/tmpjhsq5543', '--error-file', '/tmp/tmpp3s65hhx']
[2024-03-16 03:07:05,743] {standard_task_runner.py:77} INFO - Job 6381: Subtask transform_into_fulldata.csv
[2024-03-16 03:07:05,816] {logging_mixin.py:104} INFO - Running <TaskInstance: ***_exam.transform_into_fulldata.csv 2024-03-16T03:06:00+00:00 [running]> on host 3a3d0401ac26
[2024-03-16 03:07:05,913] {taskinstance.py:1302} INFO - Exporting the following env vars:
AIRFLOW_CTX_DAG_OWNER=***
AIRFLOW_CTX_DAG_ID=***_exam
AIRFLOW_CTX_TASK_ID=transform_into_fulldata.csv
AIRFLOW_CTX_EXECUTION_DATE=2024-03-16T03:06:00+00:00
AIRFLOW_CTX_DAG_RUN_ID=scheduled__2024-03-16T03:06:00+00:00
[2024-03-16 03:07:06,001] {logging_mixin.py:104} INFO - 
[2024-03-16 03:07:06,032] {logging_mixin.py:104} INFO -     temperature        city  pression              date
0       284.07       Paris      1017  2024-03-16 03:07
1       281.51      London      1015  2024-03-16 03:07
2       282.62  Washington      1023  2024-03-16 03:07
3       284.07       Paris      1017  2024-03-16 03:06
4       281.51      London      1015  2024-03-16 03:06
5       282.62  Washington      1023  2024-03-16 03:06
6       284.07       Paris      1017  2024-03-16 03:05
7       281.44      London      1015  2024-03-16 03:05
8       282.62  Washington      1023  2024-03-16 03:05
9       284.07       Paris      1017  2024-03-16 03:04
[2024-03-16 03:07:06,049] {python.py:151} INFO - Done. Returned value was: None
[2024-03-16 03:07:06,065] {taskinstance.py:1211} INFO - Marking task as SUCCESS. dag_id=***_exam, task_id=transform_into_fulldata.csv, execution_date=20240316T030600, start_date=20240316T030705, end_date=20240316T030706
[2024-03-16 03:07:06,116] {taskinstance.py:1265} INFO - 3 downstream tasks scheduled from follow-on schedule check
[2024-03-16 03:07:06,154] {local_task_job.py:151} INFO - Task exited with return code 0
