[2023-10-06 14:05:07,560] {taskinstance.py:896} INFO - Dependencies all met for <TaskInstance: airflow_exam.transform_into_fulldata.csv 2023-10-06T14:03:48.810481+00:00 [queued]>
[2023-10-06 14:05:07,571] {taskinstance.py:896} INFO - Dependencies all met for <TaskInstance: airflow_exam.transform_into_fulldata.csv 2023-10-06T14:03:48.810481+00:00 [queued]>
[2023-10-06 14:05:07,571] {taskinstance.py:1087} INFO - 
--------------------------------------------------------------------------------
[2023-10-06 14:05:07,571] {taskinstance.py:1088} INFO - Starting attempt 1 of 1
[2023-10-06 14:05:07,571] {taskinstance.py:1089} INFO - 
--------------------------------------------------------------------------------
[2023-10-06 14:05:07,587] {taskinstance.py:1107} INFO - Executing <Task(PythonOperator): transform_into_fulldata.csv> on 2023-10-06T14:03:48.810481+00:00
[2023-10-06 14:05:07,593] {standard_task_runner.py:52} INFO - Started process 27202 to run task
[2023-10-06 14:05:07,596] {standard_task_runner.py:76} INFO - Running: ['***', 'tasks', 'run', '***_exam', 'transform_into_fulldata.csv', '2023-10-06T14:03:48.810481+00:00', '--job-id', '267', '--pool', 'default_pool', '--raw', '--subdir', 'DAGS_FOLDER/DAG.py', '--cfg-path', '/tmp/tmpx4s42vkk', '--error-file', '/tmp/tmp2xf5hpyx']
[2023-10-06 14:05:07,596] {standard_task_runner.py:77} INFO - Job 267: Subtask transform_into_fulldata.csv
[2023-10-06 14:05:07,638] {logging_mixin.py:104} INFO - Running <TaskInstance: ***_exam.transform_into_fulldata.csv 2023-10-06T14:03:48.810481+00:00 [running]> on host 3a3d0401ac26
[2023-10-06 14:05:07,695] {taskinstance.py:1302} INFO - Exporting the following env vars:
AIRFLOW_CTX_DAG_OWNER=***
AIRFLOW_CTX_DAG_ID=***_exam
AIRFLOW_CTX_TASK_ID=transform_into_fulldata.csv
AIRFLOW_CTX_EXECUTION_DATE=2023-10-06T14:03:48.810481+00:00
AIRFLOW_CTX_DAG_RUN_ID=manual__2023-10-06T14:03:48.810481+00:00
[2023-10-06 14:05:07,700] {logging_mixin.py:104} INFO - 
[2023-10-06 14:05:07,715] {logging_mixin.py:104} INFO -     temperature        city  pression              date
0       295.30       Paris      1026  2023-10-06 14:05
1       294.34      London      1023  2023-10-06 14:05
2       283.36  Washington      1027  2023-10-06 14:05
3       292.93       Paris      1026  2023-10-06 12:02
4       292.43      London      1024  2023-10-06 12:02
5       284.21  Washington      1028  2023-10-06 12:02
6       292.82       Paris      1026  2023-10-06 11:53
7       292.43      London      1024  2023-10-06 11:53
8       284.85  Washington      1028  2023-10-06 11:53
9       292.82       Paris      1026  2023-10-06 11:49
[2023-10-06 14:05:07,718] {python.py:151} INFO - Done. Returned value was: None
[2023-10-06 14:05:07,729] {taskinstance.py:1211} INFO - Marking task as SUCCESS. dag_id=***_exam, task_id=transform_into_fulldata.csv, execution_date=20231006T140348, start_date=20231006T140507, end_date=20231006T140507
[2023-10-06 14:05:07,763] {taskinstance.py:1265} INFO - 3 downstream tasks scheduled from follow-on schedule check
[2023-10-06 14:05:07,809] {local_task_job.py:151} INFO - Task exited with return code 0
