[2023-10-07 15:54:16,742] {taskinstance.py:896} INFO - Dependencies all met for <TaskInstance: airflow_exam.compute_rf_score 2023-10-07T15:53:00+00:00 [queued]>
[2023-10-07 15:54:16,760] {taskinstance.py:896} INFO - Dependencies all met for <TaskInstance: airflow_exam.compute_rf_score 2023-10-07T15:53:00+00:00 [queued]>
[2023-10-07 15:54:16,761] {taskinstance.py:1087} INFO - 
--------------------------------------------------------------------------------
[2023-10-07 15:54:16,761] {taskinstance.py:1088} INFO - Starting attempt 1 of 1
[2023-10-07 15:54:16,761] {taskinstance.py:1089} INFO - 
--------------------------------------------------------------------------------
[2023-10-07 15:54:16,772] {taskinstance.py:1107} INFO - Executing <Task(PythonOperator): compute_rf_score> on 2023-10-07T15:53:00+00:00
[2023-10-07 15:54:16,780] {standard_task_runner.py:52} INFO - Started process 1660 to run task
[2023-10-07 15:54:16,783] {standard_task_runner.py:76} INFO - Running: ['***', 'tasks', 'run', '***_exam', 'compute_rf_score', '2023-10-07T15:53:00+00:00', '--job-id', '1266', '--pool', 'default_pool', '--raw', '--subdir', 'DAGS_FOLDER/DAG.py', '--cfg-path', '/tmp/tmpidhh31kj', '--error-file', '/tmp/tmpa04633p3']
[2023-10-07 15:54:16,784] {standard_task_runner.py:77} INFO - Job 1266: Subtask compute_rf_score
[2023-10-07 15:54:16,832] {logging_mixin.py:104} INFO - Running <TaskInstance: ***_exam.compute_rf_score 2023-10-07T15:53:00+00:00 [running]> on host 3a3d0401ac26
[2023-10-07 15:54:16,892] {taskinstance.py:1302} INFO - Exporting the following env vars:
AIRFLOW_CTX_DAG_OWNER=***
AIRFLOW_CTX_DAG_ID=***_exam
AIRFLOW_CTX_TASK_ID=compute_rf_score
AIRFLOW_CTX_EXECUTION_DATE=2023-10-07T15:53:00+00:00
AIRFLOW_CTX_DAG_RUN_ID=scheduled__2023-10-07T15:53:00+00:00
[2023-10-07 15:54:17,469] {python.py:151} INFO - Done. Returned value was: None
[2023-10-07 15:54:17,479] {taskinstance.py:1211} INFO - Marking task as SUCCESS. dag_id=***_exam, task_id=compute_rf_score, execution_date=20231007T155300, start_date=20231007T155416, end_date=20231007T155417
[2023-10-07 15:54:17,513] {taskinstance.py:1265} INFO - 1 downstream tasks scheduled from follow-on schedule check
[2023-10-07 15:54:17,558] {local_task_job.py:151} INFO - Task exited with return code 0
