[2024-03-21 01:06:04,300] {taskinstance.py:896} INFO - Dependencies all met for <TaskInstance: airflow_exam.transform_into_fulldata.csv 2024-03-21T01:05:00+00:00 [queued]>
[2024-03-21 01:06:04,320] {taskinstance.py:896} INFO - Dependencies all met for <TaskInstance: airflow_exam.transform_into_fulldata.csv 2024-03-21T01:05:00+00:00 [queued]>
[2024-03-21 01:06:04,320] {taskinstance.py:1087} INFO - 
--------------------------------------------------------------------------------
[2024-03-21 01:06:04,320] {taskinstance.py:1088} INFO - Starting attempt 1 of 1
[2024-03-21 01:06:04,320] {taskinstance.py:1089} INFO - 
--------------------------------------------------------------------------------
[2024-03-21 01:06:04,344] {taskinstance.py:1107} INFO - Executing <Task(PythonOperator): transform_into_fulldata.csv> on 2024-03-21T01:05:00+00:00
[2024-03-21 01:06:04,355] {standard_task_runner.py:52} INFO - Started process 9818 to run task
[2024-03-21 01:06:04,359] {standard_task_runner.py:76} INFO - Running: ['***', 'tasks', 'run', '***_exam', 'transform_into_fulldata.csv', '2024-03-21T01:05:00+00:00', '--job-id', '8688', '--pool', 'default_pool', '--raw', '--subdir', 'DAGS_FOLDER/DAG.py', '--cfg-path', '/tmp/tmpuwoh_iwi', '--error-file', '/tmp/tmp2nqx26qf']
[2024-03-21 01:06:04,360] {standard_task_runner.py:77} INFO - Job 8688: Subtask transform_into_fulldata.csv
[2024-03-21 01:06:04,425] {logging_mixin.py:104} INFO - Running <TaskInstance: ***_exam.transform_into_fulldata.csv 2024-03-21T01:05:00+00:00 [running]> on host 3a3d0401ac26
[2024-03-21 01:06:04,515] {taskinstance.py:1302} INFO - Exporting the following env vars:
AIRFLOW_CTX_DAG_OWNER=***
AIRFLOW_CTX_DAG_ID=***_exam
AIRFLOW_CTX_TASK_ID=transform_into_fulldata.csv
AIRFLOW_CTX_EXECUTION_DATE=2024-03-21T01:05:00+00:00
AIRFLOW_CTX_DAG_RUN_ID=scheduled__2024-03-21T01:05:00+00:00
[2024-03-21 01:06:04,640] {logging_mixin.py:104} INFO - 
[2024-03-21 01:06:04,673] {logging_mixin.py:104} INFO -     temperature        city  pression              date
0       285.61       Paris      1021  2024-03-21 01:06
1       283.80      London      1022  2024-03-21 01:06
2       287.87  Washington      1007  2024-03-21 01:06
3       285.61       Paris      1021  2024-03-21 01:05
4       283.80      London      1022  2024-03-21 01:05
5       287.87  Washington      1007  2024-03-21 01:05
6       285.61       Paris      1021  2024-03-21 01:04
7       283.80      London      1022  2024-03-21 01:04
8       287.87  Washington      1007  2024-03-21 01:04
9       285.61       Paris      1021  2024-03-21 01:03
[2024-03-21 01:06:04,696] {python.py:151} INFO - Done. Returned value was: None
[2024-03-21 01:06:04,714] {taskinstance.py:1211} INFO - Marking task as SUCCESS. dag_id=***_exam, task_id=transform_into_fulldata.csv, execution_date=20240321T010500, start_date=20240321T010604, end_date=20240321T010604
[2024-03-21 01:06:04,769] {taskinstance.py:1265} INFO - 3 downstream tasks scheduled from follow-on schedule check
[2024-03-21 01:06:04,813] {local_task_job.py:151} INFO - Task exited with return code 0
