[2024-03-16 02:04:05,143] {taskinstance.py:896} INFO - Dependencies all met for <TaskInstance: airflow_exam.transform_into_data.csv 2024-03-16T02:03:00+00:00 [queued]>
[2024-03-16 02:04:05,170] {taskinstance.py:896} INFO - Dependencies all met for <TaskInstance: airflow_exam.transform_into_data.csv 2024-03-16T02:03:00+00:00 [queued]>
[2024-03-16 02:04:05,170] {taskinstance.py:1087} INFO - 
--------------------------------------------------------------------------------
[2024-03-16 02:04:05,170] {taskinstance.py:1088} INFO - Starting attempt 1 of 1
[2024-03-16 02:04:05,170] {taskinstance.py:1089} INFO - 
--------------------------------------------------------------------------------
[2024-03-16 02:04:05,186] {taskinstance.py:1107} INFO - Executing <Task(PythonOperator): transform_into_data.csv> on 2024-03-16T02:03:00+00:00
[2024-03-16 02:04:05,196] {standard_task_runner.py:52} INFO - Started process 122229 to run task
[2024-03-16 02:04:05,199] {standard_task_runner.py:76} INFO - Running: ['***', 'tasks', 'run', '***_exam', 'transform_into_data.csv', '2024-03-16T02:03:00+00:00', '--job-id', '5939', '--pool', 'default_pool', '--raw', '--subdir', 'DAGS_FOLDER/DAG.py', '--cfg-path', '/tmp/tmpvxlc6he0', '--error-file', '/tmp/tmpxus4zucu']
[2024-03-16 02:04:05,200] {standard_task_runner.py:77} INFO - Job 5939: Subtask transform_into_data.csv
[2024-03-16 02:04:05,254] {logging_mixin.py:104} INFO - Running <TaskInstance: ***_exam.transform_into_data.csv 2024-03-16T02:03:00+00:00 [running]> on host 3a3d0401ac26
[2024-03-16 02:04:05,330] {taskinstance.py:1302} INFO - Exporting the following env vars:
AIRFLOW_CTX_DAG_OWNER=***
AIRFLOW_CTX_DAG_ID=***_exam
AIRFLOW_CTX_TASK_ID=transform_into_data.csv
AIRFLOW_CTX_EXECUTION_DATE=2024-03-16T02:03:00+00:00
AIRFLOW_CTX_DAG_RUN_ID=scheduled__2024-03-16T02:03:00+00:00
[2024-03-16 02:04:05,337] {logging_mixin.py:104} INFO - 
[2024-03-16 02:04:05,364] {logging_mixin.py:104} INFO -     temperature        city  pression              date
0       284.37       Paris      1016  2024-03-16 02:04
1       281.13      London      1014  2024-03-16 02:04
2       282.65  Washington      1022  2024-03-16 02:04
3       284.37       Paris      1016  2024-03-16 02:03
4       281.13      London      1014  2024-03-16 02:03
5       282.65  Washington      1022  2024-03-16 02:03
6       284.37       Paris      1016  2024-03-16 02:02
7       281.13      London      1014  2024-03-16 02:02
8       282.65  Washington      1022  2024-03-16 02:02
9       284.37       Paris      1016  2024-03-16 02:01
[2024-03-16 02:04:05,368] {python.py:151} INFO - Done. Returned value was: None
[2024-03-16 02:04:05,383] {taskinstance.py:1211} INFO - Marking task as SUCCESS. dag_id=***_exam, task_id=transform_into_data.csv, execution_date=20240316T020300, start_date=20240316T020405, end_date=20240316T020405
[2024-03-16 02:04:05,424] {taskinstance.py:1265} INFO - 0 downstream tasks scheduled from follow-on schedule check
[2024-03-16 02:04:05,453] {local_task_job.py:151} INFO - Task exited with return code 0
