[2024-03-21 17:26:04,623] {taskinstance.py:896} INFO - Dependencies all met for <TaskInstance: airflow_exam.transform_into_data.csv 2024-03-21T17:25:00+00:00 [queued]>
[2024-03-21 17:26:04,645] {taskinstance.py:896} INFO - Dependencies all met for <TaskInstance: airflow_exam.transform_into_data.csv 2024-03-21T17:25:00+00:00 [queued]>
[2024-03-21 17:26:04,645] {taskinstance.py:1087} INFO - 
--------------------------------------------------------------------------------
[2024-03-21 17:26:04,645] {taskinstance.py:1088} INFO - Starting attempt 1 of 1
[2024-03-21 17:26:04,645] {taskinstance.py:1089} INFO - 
--------------------------------------------------------------------------------
[2024-03-21 17:26:04,657] {taskinstance.py:1107} INFO - Executing <Task(PythonOperator): transform_into_data.csv> on 2024-03-21T17:25:00+00:00
[2024-03-21 17:26:04,665] {standard_task_runner.py:52} INFO - Started process 22669 to run task
[2024-03-21 17:26:04,669] {standard_task_runner.py:76} INFO - Running: ['***', 'tasks', 'run', '***_exam', 'transform_into_data.csv', '2024-03-21T17:25:00+00:00', '--job-id', '9786', '--pool', 'default_pool', '--raw', '--subdir', 'DAGS_FOLDER/DAG.py', '--cfg-path', '/tmp/tmpjk55b8op', '--error-file', '/tmp/tmpt5inxquf']
[2024-03-21 17:26:04,669] {standard_task_runner.py:77} INFO - Job 9786: Subtask transform_into_data.csv
[2024-03-21 17:26:04,722] {logging_mixin.py:104} INFO - Running <TaskInstance: ***_exam.transform_into_data.csv 2024-03-21T17:25:00+00:00 [running]> on host 3a3d0401ac26
[2024-03-21 17:26:04,794] {taskinstance.py:1302} INFO - Exporting the following env vars:
AIRFLOW_CTX_DAG_OWNER=***
AIRFLOW_CTX_DAG_ID=***_exam
AIRFLOW_CTX_TASK_ID=transform_into_data.csv
AIRFLOW_CTX_EXECUTION_DATE=2024-03-21T17:25:00+00:00
AIRFLOW_CTX_DAG_RUN_ID=scheduled__2024-03-21T17:25:00+00:00
[2024-03-21 17:26:04,801] {logging_mixin.py:104} INFO - 
[2024-03-21 17:26:04,820] {logging_mixin.py:104} INFO -     temperature        city  pression              date
0       291.74       Paris      1025  2024-03-21 17:26
1       288.54      London      1022  2024-03-21 17:26
2       282.55  Washington      1015  2024-03-21 17:26
3       291.74       Paris      1025  2024-03-21 17:25
4       288.79      London      1022  2024-03-21 17:25
5       282.55  Washington      1015  2024-03-21 17:25
6       291.74       Paris      1025  2024-03-21 17:24
7       288.79      London      1022  2024-03-21 17:24
8       282.55  Washington      1015  2024-03-21 17:24
9       291.74       Paris      1025  2024-03-21 17:23
[2024-03-21 17:26:04,823] {python.py:151} INFO - Done. Returned value was: None
[2024-03-21 17:26:04,837] {taskinstance.py:1211} INFO - Marking task as SUCCESS. dag_id=***_exam, task_id=transform_into_data.csv, execution_date=20240321T172500, start_date=20240321T172604, end_date=20240321T172604
[2024-03-21 17:26:04,870] {taskinstance.py:1265} INFO - 0 downstream tasks scheduled from follow-on schedule check
[2024-03-21 17:26:04,881] {local_task_job.py:151} INFO - Task exited with return code 0
