[2024-03-15 16:56:05,316] {taskinstance.py:896} INFO - Dependencies all met for <TaskInstance: airflow_exam.transform_into_data.csv 2024-03-15T16:55:00+00:00 [queued]>
[2024-03-15 16:56:05,345] {taskinstance.py:896} INFO - Dependencies all met for <TaskInstance: airflow_exam.transform_into_data.csv 2024-03-15T16:55:00+00:00 [queued]>
[2024-03-15 16:56:05,346] {taskinstance.py:1087} INFO - 
--------------------------------------------------------------------------------
[2024-03-15 16:56:05,346] {taskinstance.py:1088} INFO - Starting attempt 1 of 1
[2024-03-15 16:56:05,346] {taskinstance.py:1089} INFO - 
--------------------------------------------------------------------------------
[2024-03-15 16:56:05,363] {taskinstance.py:1107} INFO - Executing <Task(PythonOperator): transform_into_data.csv> on 2024-03-15T16:55:00+00:00
[2024-03-15 16:56:05,374] {standard_task_runner.py:52} INFO - Started process 27455 to run task
[2024-03-15 16:56:05,378] {standard_task_runner.py:76} INFO - Running: ['***', 'tasks', 'run', '***_exam', 'transform_into_data.csv', '2024-03-15T16:55:00+00:00', '--job-id', '2704', '--pool', 'default_pool', '--raw', '--subdir', 'DAGS_FOLDER/DAG.py', '--cfg-path', '/tmp/tmpx6_1zcsa', '--error-file', '/tmp/tmp_v6v5qu_']
[2024-03-15 16:56:05,379] {standard_task_runner.py:77} INFO - Job 2704: Subtask transform_into_data.csv
[2024-03-15 16:56:05,453] {logging_mixin.py:104} INFO - Running <TaskInstance: ***_exam.transform_into_data.csv 2024-03-15T16:55:00+00:00 [running]> on host 3a3d0401ac26
[2024-03-15 16:56:05,539] {taskinstance.py:1302} INFO - Exporting the following env vars:
AIRFLOW_CTX_DAG_OWNER=***
AIRFLOW_CTX_DAG_ID=***_exam
AIRFLOW_CTX_TASK_ID=transform_into_data.csv
AIRFLOW_CTX_EXECUTION_DATE=2024-03-15T16:55:00+00:00
AIRFLOW_CTX_DAG_RUN_ID=scheduled__2024-03-15T16:55:00+00:00
[2024-03-15 16:56:05,547] {logging_mixin.py:104} INFO - 
[2024-03-15 16:56:05,576] {logging_mixin.py:104} INFO -     temperature        city  pression              date
0       288.20       Paris      1011  2024-03-15 16:56
1       286.62      London      1004  2024-03-15 16:56
2       284.07  Washington      1026  2024-03-15 16:56
3       288.20       Paris      1011  2024-03-15 16:55
4       286.62      London      1004  2024-03-15 16:55
5       284.07  Washington      1026  2024-03-15 16:55
6       288.20       Paris      1011  2024-03-15 16:54
7       286.62      London      1004  2024-03-15 16:54
8       284.07  Washington      1026  2024-03-15 16:54
9       288.19       Paris      1011  2024-03-15 16:53
[2024-03-15 16:56:05,581] {python.py:151} INFO - Done. Returned value was: None
[2024-03-15 16:56:05,597] {taskinstance.py:1211} INFO - Marking task as SUCCESS. dag_id=***_exam, task_id=transform_into_data.csv, execution_date=20240315T165500, start_date=20240315T165605, end_date=20240315T165605
[2024-03-15 16:56:05,640] {taskinstance.py:1265} INFO - 0 downstream tasks scheduled from follow-on schedule check
[2024-03-15 16:56:05,673] {local_task_job.py:151} INFO - Task exited with return code 0
