[2024-03-15 16:16:05,675] {taskinstance.py:896} INFO - Dependencies all met for <TaskInstance: airflow_exam.transform_into_fulldata.csv 2024-03-15T16:15:00+00:00 [queued]>
[2024-03-15 16:16:05,695] {taskinstance.py:896} INFO - Dependencies all met for <TaskInstance: airflow_exam.transform_into_fulldata.csv 2024-03-15T16:15:00+00:00 [queued]>
[2024-03-15 16:16:05,695] {taskinstance.py:1087} INFO - 
--------------------------------------------------------------------------------
[2024-03-15 16:16:05,695] {taskinstance.py:1088} INFO - Starting attempt 1 of 1
[2024-03-15 16:16:05,695] {taskinstance.py:1089} INFO - 
--------------------------------------------------------------------------------
[2024-03-15 16:16:05,707] {taskinstance.py:1107} INFO - Executing <Task(PythonOperator): transform_into_fulldata.csv> on 2024-03-15T16:15:00+00:00
[2024-03-15 16:16:05,715] {standard_task_runner.py:52} INFO - Started process 19680 to run task
[2024-03-15 16:16:05,717] {standard_task_runner.py:76} INFO - Running: ['***', 'tasks', 'run', '***_exam', 'transform_into_fulldata.csv', '2024-03-15T16:15:00+00:00', '--job-id', '2423', '--pool', 'default_pool', '--raw', '--subdir', 'DAGS_FOLDER/DAG.py', '--cfg-path', '/tmp/tmpd_tgg8jc', '--error-file', '/tmp/tmpyknobe4w']
[2024-03-15 16:16:05,718] {standard_task_runner.py:77} INFO - Job 2423: Subtask transform_into_fulldata.csv
[2024-03-15 16:16:05,767] {logging_mixin.py:104} INFO - Running <TaskInstance: ***_exam.transform_into_fulldata.csv 2024-03-15T16:15:00+00:00 [running]> on host 3a3d0401ac26
[2024-03-15 16:16:05,839] {taskinstance.py:1302} INFO - Exporting the following env vars:
AIRFLOW_CTX_DAG_OWNER=***
AIRFLOW_CTX_DAG_ID=***_exam
AIRFLOW_CTX_TASK_ID=transform_into_fulldata.csv
AIRFLOW_CTX_EXECUTION_DATE=2024-03-15T16:15:00+00:00
AIRFLOW_CTX_DAG_RUN_ID=scheduled__2024-03-15T16:15:00+00:00
[2024-03-15 16:16:05,862] {logging_mixin.py:104} INFO - 
[2024-03-15 16:16:05,886] {logging_mixin.py:104} INFO -     temperature        city  pression              date
0       289.31       Paris      1011  2024-03-15 16:16
1       286.91      London      1004  2024-03-15 16:16
2       282.95  Washington      1027  2024-03-15 16:16
3       289.31       Paris      1011  2024-03-15 16:15
4       286.91      London      1004  2024-03-15 16:15
5       282.95  Washington      1027  2024-03-15 16:15
6       289.31       Paris      1011  2024-03-15 16:14
7       286.91      London      1004  2024-03-15 16:14
8       282.95  Washington      1027  2024-03-15 16:14
9       289.31       Paris      1011  2024-03-15 16:13
[2024-03-15 16:16:05,894] {python.py:151} INFO - Done. Returned value was: None
[2024-03-15 16:16:05,911] {taskinstance.py:1211} INFO - Marking task as SUCCESS. dag_id=***_exam, task_id=transform_into_fulldata.csv, execution_date=20240315T161500, start_date=20240315T161605, end_date=20240315T161605
[2024-03-15 16:16:05,963] {taskinstance.py:1265} INFO - 3 downstream tasks scheduled from follow-on schedule check
[2024-03-15 16:16:06,011] {local_task_job.py:151} INFO - Task exited with return code 0
