[2024-03-16 01:48:04,453] {taskinstance.py:896} INFO - Dependencies all met for <TaskInstance: airflow_exam.transform_into_fulldata.csv 2024-03-16T01:47:00+00:00 [queued]>
[2024-03-16 01:48:04,476] {taskinstance.py:896} INFO - Dependencies all met for <TaskInstance: airflow_exam.transform_into_fulldata.csv 2024-03-16T01:47:00+00:00 [queued]>
[2024-03-16 01:48:04,477] {taskinstance.py:1087} INFO - 
--------------------------------------------------------------------------------
[2024-03-16 01:48:04,477] {taskinstance.py:1088} INFO - Starting attempt 1 of 1
[2024-03-16 01:48:04,477] {taskinstance.py:1089} INFO - 
--------------------------------------------------------------------------------
[2024-03-16 01:48:04,489] {taskinstance.py:1107} INFO - Executing <Task(PythonOperator): transform_into_fulldata.csv> on 2024-03-16T01:47:00+00:00
[2024-03-16 01:48:04,499] {standard_task_runner.py:52} INFO - Started process 118783 to run task
[2024-03-16 01:48:04,502] {standard_task_runner.py:76} INFO - Running: ['***', 'tasks', 'run', '***_exam', 'transform_into_fulldata.csv', '2024-03-16T01:47:00+00:00', '--job-id', '5828', '--pool', 'default_pool', '--raw', '--subdir', 'DAGS_FOLDER/DAG.py', '--cfg-path', '/tmp/tmpvlxmmvcj', '--error-file', '/tmp/tmpo1ipu6ic']
[2024-03-16 01:48:04,502] {standard_task_runner.py:77} INFO - Job 5828: Subtask transform_into_fulldata.csv
[2024-03-16 01:48:04,557] {logging_mixin.py:104} INFO - Running <TaskInstance: ***_exam.transform_into_fulldata.csv 2024-03-16T01:47:00+00:00 [running]> on host 3a3d0401ac26
[2024-03-16 01:48:04,628] {taskinstance.py:1302} INFO - Exporting the following env vars:
AIRFLOW_CTX_DAG_OWNER=***
AIRFLOW_CTX_DAG_ID=***_exam
AIRFLOW_CTX_TASK_ID=transform_into_fulldata.csv
AIRFLOW_CTX_EXECUTION_DATE=2024-03-16T01:47:00+00:00
AIRFLOW_CTX_DAG_RUN_ID=scheduled__2024-03-16T01:47:00+00:00
[2024-03-16 01:48:04,690] {logging_mixin.py:104} INFO - 
[2024-03-16 01:48:04,714] {logging_mixin.py:104} INFO -     temperature        city  pression              date
0       284.55       Paris      1016  2024-03-16 01:48
1       281.08      London      1014  2024-03-16 01:48
2       284.30  Washington      1022  2024-03-16 01:48
3       284.55       Paris      1016  2024-03-16 01:47
4       281.08      London      1014  2024-03-16 01:47
5       284.30  Washington      1022  2024-03-16 01:47
6       284.55       Paris      1016  2024-03-16 01:46
7       281.08      London      1014  2024-03-16 01:46
8       284.30  Washington      1022  2024-03-16 01:46
9       284.55       Paris      1016  2024-03-16 01:45
[2024-03-16 01:48:04,726] {python.py:151} INFO - Done. Returned value was: None
[2024-03-16 01:48:04,743] {taskinstance.py:1211} INFO - Marking task as SUCCESS. dag_id=***_exam, task_id=transform_into_fulldata.csv, execution_date=20240316T014700, start_date=20240316T014804, end_date=20240316T014804
[2024-03-16 01:48:04,786] {taskinstance.py:1265} INFO - 3 downstream tasks scheduled from follow-on schedule check
[2024-03-16 01:48:04,796] {local_task_job.py:151} INFO - Task exited with return code 0
