[2024-03-15 22:29:04,037] {taskinstance.py:896} INFO - Dependencies all met for <TaskInstance: airflow_exam.transform_into_fulldata.csv 2024-03-15T22:28:00+00:00 [queued]>
[2024-03-15 22:29:04,062] {taskinstance.py:896} INFO - Dependencies all met for <TaskInstance: airflow_exam.transform_into_fulldata.csv 2024-03-15T22:28:00+00:00 [queued]>
[2024-03-15 22:29:04,062] {taskinstance.py:1087} INFO - 
--------------------------------------------------------------------------------
[2024-03-15 22:29:04,062] {taskinstance.py:1088} INFO - Starting attempt 1 of 1
[2024-03-15 22:29:04,062] {taskinstance.py:1089} INFO - 
--------------------------------------------------------------------------------
[2024-03-15 22:29:04,078] {taskinstance.py:1107} INFO - Executing <Task(PythonOperator): transform_into_fulldata.csv> on 2024-03-15T22:28:00+00:00
[2024-03-15 22:29:04,088] {standard_task_runner.py:52} INFO - Started process 77468 to run task
[2024-03-15 22:29:04,093] {standard_task_runner.py:76} INFO - Running: ['***', 'tasks', 'run', '***_exam', 'transform_into_fulldata.csv', '2024-03-15T22:28:00+00:00', '--job-id', '4442', '--pool', 'default_pool', '--raw', '--subdir', 'DAGS_FOLDER/DAG.py', '--cfg-path', '/tmp/tmpj5x0v8wf', '--error-file', '/tmp/tmpkj05qgma']
[2024-03-15 22:29:04,093] {standard_task_runner.py:77} INFO - Job 4442: Subtask transform_into_fulldata.csv
[2024-03-15 22:29:04,150] {logging_mixin.py:104} INFO - Running <TaskInstance: ***_exam.transform_into_fulldata.csv 2024-03-15T22:28:00+00:00 [running]> on host 3a3d0401ac26
[2024-03-15 22:29:04,227] {taskinstance.py:1302} INFO - Exporting the following env vars:
AIRFLOW_CTX_DAG_OWNER=***
AIRFLOW_CTX_DAG_ID=***_exam
AIRFLOW_CTX_TASK_ID=transform_into_fulldata.csv
AIRFLOW_CTX_EXECUTION_DATE=2024-03-15T22:28:00+00:00
AIRFLOW_CTX_DAG_RUN_ID=scheduled__2024-03-15T22:28:00+00:00
[2024-03-15 22:29:04,292] {logging_mixin.py:104} INFO - 
[2024-03-15 22:29:04,314] {logging_mixin.py:104} INFO -     temperature        city  pression              date
0       285.48       Paris      1014  2024-03-15 22:29
1       282.83      London      1011  2024-03-15 22:29
2       288.86  Washington      1022  2024-03-15 22:29
3       285.48       Paris      1014  2024-03-15 22:28
4       282.95      London      1011  2024-03-15 22:28
5       288.86  Washington      1022  2024-03-15 22:28
6       285.48       Paris      1014  2024-03-15 22:27
7       282.95      London      1011  2024-03-15 22:27
8       288.86  Washington      1022  2024-03-15 22:27
9       285.48       Paris      1014  2024-03-15 22:26
[2024-03-15 22:29:04,325] {python.py:151} INFO - Done. Returned value was: None
[2024-03-15 22:29:04,339] {taskinstance.py:1211} INFO - Marking task as SUCCESS. dag_id=***_exam, task_id=transform_into_fulldata.csv, execution_date=20240315T222800, start_date=20240315T222904, end_date=20240315T222904
[2024-03-15 22:29:04,390] {taskinstance.py:1265} INFO - 3 downstream tasks scheduled from follow-on schedule check
[2024-03-15 22:29:04,426] {local_task_job.py:151} INFO - Task exited with return code 0
