[2024-03-15 22:47:04,584] {taskinstance.py:896} INFO - Dependencies all met for <TaskInstance: airflow_exam.transform_into_data.csv 2024-03-15T22:46:00+00:00 [queued]>
[2024-03-15 22:47:04,606] {taskinstance.py:896} INFO - Dependencies all met for <TaskInstance: airflow_exam.transform_into_data.csv 2024-03-15T22:46:00+00:00 [queued]>
[2024-03-15 22:47:04,606] {taskinstance.py:1087} INFO - 
--------------------------------------------------------------------------------
[2024-03-15 22:47:04,606] {taskinstance.py:1088} INFO - Starting attempt 1 of 1
[2024-03-15 22:47:04,606] {taskinstance.py:1089} INFO - 
--------------------------------------------------------------------------------
[2024-03-15 22:47:04,618] {taskinstance.py:1107} INFO - Executing <Task(PythonOperator): transform_into_data.csv> on 2024-03-15T22:46:00+00:00
[2024-03-15 22:47:04,627] {standard_task_runner.py:52} INFO - Started process 81154 to run task
[2024-03-15 22:47:04,630] {standard_task_runner.py:76} INFO - Running: ['***', 'tasks', 'run', '***_exam', 'transform_into_data.csv', '2024-03-15T22:46:00+00:00', '--job-id', '4568', '--pool', 'default_pool', '--raw', '--subdir', 'DAGS_FOLDER/DAG.py', '--cfg-path', '/tmp/tmpihwzthpn', '--error-file', '/tmp/tmpzkjkipdr']
[2024-03-15 22:47:04,630] {standard_task_runner.py:77} INFO - Job 4568: Subtask transform_into_data.csv
[2024-03-15 22:47:04,684] {logging_mixin.py:104} INFO - Running <TaskInstance: ***_exam.transform_into_data.csv 2024-03-15T22:46:00+00:00 [running]> on host 3a3d0401ac26
[2024-03-15 22:47:04,752] {taskinstance.py:1302} INFO - Exporting the following env vars:
AIRFLOW_CTX_DAG_OWNER=***
AIRFLOW_CTX_DAG_ID=***_exam
AIRFLOW_CTX_TASK_ID=transform_into_data.csv
AIRFLOW_CTX_EXECUTION_DATE=2024-03-15T22:46:00+00:00
AIRFLOW_CTX_DAG_RUN_ID=scheduled__2024-03-15T22:46:00+00:00
[2024-03-15 22:47:04,757] {logging_mixin.py:104} INFO - 
[2024-03-15 22:47:04,780] {logging_mixin.py:104} INFO -     temperature        city  pression              date
0       285.48       Paris      1014  2024-03-15 22:47
1       282.68      London      1011  2024-03-15 22:47
2       289.08  Washington      1022  2024-03-15 22:47
3       285.48       Paris      1014  2024-03-15 22:46
4       282.68      London      1011  2024-03-15 22:46
5       289.08  Washington      1022  2024-03-15 22:46
6       285.48       Paris      1014  2024-03-15 22:45
7       282.68      London      1011  2024-03-15 22:45
8       289.08  Washington      1022  2024-03-15 22:45
9       285.48       Paris      1014  2024-03-15 22:44
[2024-03-15 22:47:04,784] {python.py:151} INFO - Done. Returned value was: None
[2024-03-15 22:47:04,796] {taskinstance.py:1211} INFO - Marking task as SUCCESS. dag_id=***_exam, task_id=transform_into_data.csv, execution_date=20240315T224600, start_date=20240315T224704, end_date=20240315T224704
[2024-03-15 22:47:04,836] {taskinstance.py:1265} INFO - 0 downstream tasks scheduled from follow-on schedule check
[2024-03-15 22:47:04,883] {local_task_job.py:151} INFO - Task exited with return code 0
