[2024-03-15 19:03:30,597] {taskinstance.py:896} INFO - Dependencies all met for <TaskInstance: airflow_exam.transform_into_fulldata.csv 2024-03-15T19:02:00+00:00 [queued]>
[2024-03-15 19:03:30,632] {taskinstance.py:896} INFO - Dependencies all met for <TaskInstance: airflow_exam.transform_into_fulldata.csv 2024-03-15T19:02:00+00:00 [queued]>
[2024-03-15 19:03:30,633] {taskinstance.py:1087} INFO - 
--------------------------------------------------------------------------------
[2024-03-15 19:03:30,633] {taskinstance.py:1088} INFO - Starting attempt 1 of 1
[2024-03-15 19:03:30,633] {taskinstance.py:1089} INFO - 
--------------------------------------------------------------------------------
[2024-03-15 19:03:30,653] {taskinstance.py:1107} INFO - Executing <Task(PythonOperator): transform_into_fulldata.csv> on 2024-03-15T19:02:00+00:00
[2024-03-15 19:03:30,666] {standard_task_runner.py:52} INFO - Started process 53115 to run task
[2024-03-15 19:03:30,669] {standard_task_runner.py:76} INFO - Running: ['***', 'tasks', 'run', '***_exam', 'transform_into_fulldata.csv', '2024-03-15T19:02:00+00:00', '--job-id', '3594', '--pool', 'default_pool', '--raw', '--subdir', 'DAGS_FOLDER/DAG.py', '--cfg-path', '/tmp/tmprl963cvo', '--error-file', '/tmp/tmpgiuog760']
[2024-03-15 19:03:30,670] {standard_task_runner.py:77} INFO - Job 3594: Subtask transform_into_fulldata.csv
[2024-03-15 19:03:30,733] {logging_mixin.py:104} INFO - Running <TaskInstance: ***_exam.transform_into_fulldata.csv 2024-03-15T19:02:00+00:00 [running]> on host 3a3d0401ac26
[2024-03-15 19:03:30,820] {taskinstance.py:1302} INFO - Exporting the following env vars:
AIRFLOW_CTX_DAG_OWNER=***
AIRFLOW_CTX_DAG_ID=***_exam
AIRFLOW_CTX_TASK_ID=transform_into_fulldata.csv
AIRFLOW_CTX_EXECUTION_DATE=2024-03-15T19:02:00+00:00
AIRFLOW_CTX_DAG_RUN_ID=scheduled__2024-03-15T19:02:00+00:00
[2024-03-15 19:03:30,867] {logging_mixin.py:104} INFO - 
[2024-03-15 19:03:30,892] {logging_mixin.py:104} INFO -     temperature        city  pression              date
0       286.63       Paris      1012  2024-03-15 19:03
1       285.12      London      1006  2024-03-15 19:03
2       283.31  Washington      1025  2024-03-15 19:03
3       286.63       Paris      1012  2024-03-15 19:02
4       285.12      London      1006  2024-03-15 19:02
5       283.31  Washington      1025  2024-03-15 19:02
6       286.63       Paris      1012  2024-03-15 19:01
7       285.28      London      1006  2024-03-15 19:01
8       282.57  Washington      1025  2024-03-15 19:01
9       286.76       Paris      1012  2024-03-15 19:00
[2024-03-15 19:03:30,905] {python.py:151} INFO - Done. Returned value was: None
[2024-03-15 19:03:30,921] {taskinstance.py:1211} INFO - Marking task as SUCCESS. dag_id=***_exam, task_id=transform_into_fulldata.csv, execution_date=20240315T190200, start_date=20240315T190330, end_date=20240315T190330
[2024-03-15 19:03:30,966] {taskinstance.py:1265} INFO - 3 downstream tasks scheduled from follow-on schedule check
[2024-03-15 19:03:31,002] {local_task_job.py:151} INFO - Task exited with return code 0
