[2024-03-21 01:53:07,572] {taskinstance.py:896} INFO - Dependencies all met for <TaskInstance: airflow_exam.transform_into_data.csv 2024-03-21T01:52:00+00:00 [queued]>
[2024-03-21 01:53:07,604] {taskinstance.py:896} INFO - Dependencies all met for <TaskInstance: airflow_exam.transform_into_data.csv 2024-03-21T01:52:00+00:00 [queued]>
[2024-03-21 01:53:07,605] {taskinstance.py:1087} INFO - 
--------------------------------------------------------------------------------
[2024-03-21 01:53:07,605] {taskinstance.py:1088} INFO - Starting attempt 1 of 1
[2024-03-21 01:53:07,605] {taskinstance.py:1089} INFO - 
--------------------------------------------------------------------------------
[2024-03-21 01:53:07,637] {taskinstance.py:1107} INFO - Executing <Task(PythonOperator): transform_into_data.csv> on 2024-03-21T01:52:00+00:00
[2024-03-21 01:53:07,653] {standard_task_runner.py:52} INFO - Started process 19869 to run task
[2024-03-21 01:53:07,660] {standard_task_runner.py:76} INFO - Running: ['***', 'tasks', 'run', '***_exam', 'transform_into_data.csv', '2024-03-21T01:52:00+00:00', '--job-id', '9018', '--pool', 'default_pool', '--raw', '--subdir', 'DAGS_FOLDER/DAG.py', '--cfg-path', '/tmp/tmpuaoz7k3j', '--error-file', '/tmp/tmpccfi70c0']
[2024-03-21 01:53:07,661] {standard_task_runner.py:77} INFO - Job 9018: Subtask transform_into_data.csv
[2024-03-21 01:53:07,753] {logging_mixin.py:104} INFO - Running <TaskInstance: ***_exam.transform_into_data.csv 2024-03-21T01:52:00+00:00 [running]> on host 3a3d0401ac26
[2024-03-21 01:53:07,861] {taskinstance.py:1302} INFO - Exporting the following env vars:
AIRFLOW_CTX_DAG_OWNER=***
AIRFLOW_CTX_DAG_ID=***_exam
AIRFLOW_CTX_TASK_ID=transform_into_data.csv
AIRFLOW_CTX_EXECUTION_DATE=2024-03-21T01:52:00+00:00
AIRFLOW_CTX_DAG_RUN_ID=scheduled__2024-03-21T01:52:00+00:00
[2024-03-21 01:53:07,869] {logging_mixin.py:104} INFO - 
[2024-03-21 01:53:07,901] {logging_mixin.py:104} INFO -     temperature        city  pression              date
0       285.08       Paris      1022  2024-03-21 01:53
1       283.17      London      1023  2024-03-21 01:53
2       284.64  Washington      1008  2024-03-21 01:53
3       285.33       Paris      1021  2024-03-21 01:52
4       283.16      London      1023  2024-03-21 01:52
5       285.04  Washington      1008  2024-03-21 01:52
6       285.33       Paris      1021  2024-03-21 01:51
7       283.16      London      1023  2024-03-21 01:51
8       285.04  Washington      1008  2024-03-21 01:51
9       285.33       Paris      1021  2024-03-21 01:50
[2024-03-21 01:53:07,908] {python.py:151} INFO - Done. Returned value was: None
[2024-03-21 01:53:07,924] {taskinstance.py:1211} INFO - Marking task as SUCCESS. dag_id=***_exam, task_id=transform_into_data.csv, execution_date=20240321T015200, start_date=20240321T015307, end_date=20240321T015307
[2024-03-21 01:53:07,977] {taskinstance.py:1265} INFO - 0 downstream tasks scheduled from follow-on schedule check
[2024-03-21 01:53:08,032] {local_task_job.py:151} INFO - Task exited with return code 0
