[2024-03-15 22:33:03,793] {taskinstance.py:896} INFO - Dependencies all met for <TaskInstance: airflow_exam.transform_into_fulldata.csv 2024-03-15T22:32:00+00:00 [queued]>
[2024-03-15 22:33:03,815] {taskinstance.py:896} INFO - Dependencies all met for <TaskInstance: airflow_exam.transform_into_fulldata.csv 2024-03-15T22:32:00+00:00 [queued]>
[2024-03-15 22:33:03,815] {taskinstance.py:1087} INFO - 
--------------------------------------------------------------------------------
[2024-03-15 22:33:03,815] {taskinstance.py:1088} INFO - Starting attempt 1 of 1
[2024-03-15 22:33:03,815] {taskinstance.py:1089} INFO - 
--------------------------------------------------------------------------------
[2024-03-15 22:33:03,826] {taskinstance.py:1107} INFO - Executing <Task(PythonOperator): transform_into_fulldata.csv> on 2024-03-15T22:32:00+00:00
[2024-03-15 22:33:03,835] {standard_task_runner.py:52} INFO - Started process 78289 to run task
[2024-03-15 22:33:03,838] {standard_task_runner.py:76} INFO - Running: ['***', 'tasks', 'run', '***_exam', 'transform_into_fulldata.csv', '2024-03-15T22:32:00+00:00', '--job-id', '4470', '--pool', 'default_pool', '--raw', '--subdir', 'DAGS_FOLDER/DAG.py', '--cfg-path', '/tmp/tmpjxcqagy4', '--error-file', '/tmp/tmpa1em8tyy']
[2024-03-15 22:33:03,838] {standard_task_runner.py:77} INFO - Job 4470: Subtask transform_into_fulldata.csv
[2024-03-15 22:33:03,899] {logging_mixin.py:104} INFO - Running <TaskInstance: ***_exam.transform_into_fulldata.csv 2024-03-15T22:32:00+00:00 [running]> on host 3a3d0401ac26
[2024-03-15 22:33:03,981] {taskinstance.py:1302} INFO - Exporting the following env vars:
AIRFLOW_CTX_DAG_OWNER=***
AIRFLOW_CTX_DAG_ID=***_exam
AIRFLOW_CTX_TASK_ID=transform_into_fulldata.csv
AIRFLOW_CTX_EXECUTION_DATE=2024-03-15T22:32:00+00:00
AIRFLOW_CTX_DAG_RUN_ID=scheduled__2024-03-15T22:32:00+00:00
[2024-03-15 22:33:04,034] {logging_mixin.py:104} INFO - 
[2024-03-15 22:33:04,066] {logging_mixin.py:104} INFO -     temperature        city  pression              date
0       285.48       Paris      1014  2024-03-15 22:33
1       282.81      London      1011  2024-03-15 22:33
2       288.86  Washington      1022  2024-03-15 22:33
3       285.48       Paris      1014  2024-03-15 22:32
4       282.81      London      1011  2024-03-15 22:32
5       288.86  Washington      1022  2024-03-15 22:32
6       285.48       Paris      1014  2024-03-15 22:31
7       282.83      London      1011  2024-03-15 22:31
8       288.86  Washington      1022  2024-03-15 22:31
9       285.48       Paris      1014  2024-03-15 22:30
[2024-03-15 22:33:04,081] {python.py:151} INFO - Done. Returned value was: None
[2024-03-15 22:33:04,102] {taskinstance.py:1211} INFO - Marking task as SUCCESS. dag_id=***_exam, task_id=transform_into_fulldata.csv, execution_date=20240315T223200, start_date=20240315T223303, end_date=20240315T223304
[2024-03-15 22:33:04,156] {taskinstance.py:1265} INFO - 3 downstream tasks scheduled from follow-on schedule check
[2024-03-15 22:33:04,172] {local_task_job.py:151} INFO - Task exited with return code 0
