[2024-03-15 18:19:03,790] {taskinstance.py:896} INFO - Dependencies all met for <TaskInstance: airflow_exam.transform_into_fulldata.csv 2024-03-15T18:18:00+00:00 [queued]>
[2024-03-15 18:19:03,814] {taskinstance.py:896} INFO - Dependencies all met for <TaskInstance: airflow_exam.transform_into_fulldata.csv 2024-03-15T18:18:00+00:00 [queued]>
[2024-03-15 18:19:03,814] {taskinstance.py:1087} INFO - 
--------------------------------------------------------------------------------
[2024-03-15 18:19:03,815] {taskinstance.py:1088} INFO - Starting attempt 1 of 1
[2024-03-15 18:19:03,815] {taskinstance.py:1089} INFO - 
--------------------------------------------------------------------------------
[2024-03-15 18:19:03,826] {taskinstance.py:1107} INFO - Executing <Task(PythonOperator): transform_into_fulldata.csv> on 2024-03-15T18:18:00+00:00
[2024-03-15 18:19:03,834] {standard_task_runner.py:52} INFO - Started process 44323 to run task
[2024-03-15 18:19:03,837] {standard_task_runner.py:76} INFO - Running: ['***', 'tasks', 'run', '***_exam', 'transform_into_fulldata.csv', '2024-03-15T18:18:00+00:00', '--job-id', '3285', '--pool', 'default_pool', '--raw', '--subdir', 'DAGS_FOLDER/DAG.py', '--cfg-path', '/tmp/tmpfl_jxg1j', '--error-file', '/tmp/tmp84j9mhzy']
[2024-03-15 18:19:03,837] {standard_task_runner.py:77} INFO - Job 3285: Subtask transform_into_fulldata.csv
[2024-03-15 18:19:03,883] {logging_mixin.py:104} INFO - Running <TaskInstance: ***_exam.transform_into_fulldata.csv 2024-03-15T18:18:00+00:00 [running]> on host 3a3d0401ac26
[2024-03-15 18:19:03,941] {taskinstance.py:1302} INFO - Exporting the following env vars:
AIRFLOW_CTX_DAG_OWNER=***
AIRFLOW_CTX_DAG_ID=***_exam
AIRFLOW_CTX_TASK_ID=transform_into_fulldata.csv
AIRFLOW_CTX_EXECUTION_DATE=2024-03-15T18:18:00+00:00
AIRFLOW_CTX_DAG_RUN_ID=scheduled__2024-03-15T18:18:00+00:00
[2024-03-15 18:19:03,967] {logging_mixin.py:104} INFO - 
[2024-03-15 18:19:03,981] {logging_mixin.py:104} INFO -     temperature        city  pression              date
0       286.70       Paris      1011  2024-03-15 18:19
1       285.50      London      1005  2024-03-15 18:19
2       281.45  Washington      1026  2024-03-15 18:19
3       286.75       Paris      1012  2024-03-15 18:18
4       285.62      London      1005  2024-03-15 18:18
5       281.12  Washington      1026  2024-03-15 18:18
6       286.75       Paris      1012  2024-03-15 18:17
7       285.62      London      1005  2024-03-15 18:17
8       281.12  Washington      1026  2024-03-15 18:17
9       286.75       Paris      1012  2024-03-15 18:16
[2024-03-15 18:19:03,988] {python.py:151} INFO - Done. Returned value was: None
[2024-03-15 18:19:04,000] {taskinstance.py:1211} INFO - Marking task as SUCCESS. dag_id=***_exam, task_id=transform_into_fulldata.csv, execution_date=20240315T181800, start_date=20240315T181903, end_date=20240315T181904
[2024-03-15 18:19:04,041] {taskinstance.py:1265} INFO - 3 downstream tasks scheduled from follow-on schedule check
[2024-03-15 18:19:04,090] {local_task_job.py:151} INFO - Task exited with return code 0
