[2024-03-20 22:54:05,125] {taskinstance.py:896} INFO - Dependencies all met for <TaskInstance: airflow_exam.transform_into_fulldata.csv 2024-03-20T22:53:00+00:00 [queued]>
[2024-03-20 22:54:05,141] {taskinstance.py:896} INFO - Dependencies all met for <TaskInstance: airflow_exam.transform_into_fulldata.csv 2024-03-20T22:53:00+00:00 [queued]>
[2024-03-20 22:54:05,141] {taskinstance.py:1087} INFO - 
--------------------------------------------------------------------------------
[2024-03-20 22:54:05,141] {taskinstance.py:1088} INFO - Starting attempt 1 of 1
[2024-03-20 22:54:05,141] {taskinstance.py:1089} INFO - 
--------------------------------------------------------------------------------
[2024-03-20 22:54:05,161] {taskinstance.py:1107} INFO - Executing <Task(PythonOperator): transform_into_fulldata.csv> on 2024-03-20T22:53:00+00:00
[2024-03-20 22:54:05,172] {standard_task_runner.py:52} INFO - Started process 30081 to run task
[2024-03-20 22:54:05,176] {standard_task_runner.py:76} INFO - Running: ['***', 'tasks', 'run', '***_exam', 'transform_into_fulldata.csv', '2024-03-20T22:53:00+00:00', '--job-id', '7822', '--pool', 'default_pool', '--raw', '--subdir', 'DAGS_FOLDER/DAG.py', '--cfg-path', '/tmp/tmpowyrov_f', '--error-file', '/tmp/tmp_p91yz3n']
[2024-03-20 22:54:05,176] {standard_task_runner.py:77} INFO - Job 7822: Subtask transform_into_fulldata.csv
[2024-03-20 22:54:05,225] {logging_mixin.py:104} INFO - Running <TaskInstance: ***_exam.transform_into_fulldata.csv 2024-03-20T22:53:00+00:00 [running]> on host 3a3d0401ac26
[2024-03-20 22:54:05,295] {taskinstance.py:1302} INFO - Exporting the following env vars:
AIRFLOW_CTX_DAG_OWNER=***
AIRFLOW_CTX_DAG_ID=***_exam
AIRFLOW_CTX_TASK_ID=transform_into_fulldata.csv
AIRFLOW_CTX_EXECUTION_DATE=2024-03-20T22:53:00+00:00
AIRFLOW_CTX_DAG_RUN_ID=scheduled__2024-03-20T22:53:00+00:00
[2024-03-20 22:54:05,409] {logging_mixin.py:104} INFO - 
[2024-03-20 22:54:05,436] {logging_mixin.py:104} INFO -     temperature        city  pression              date
0       286.59       Paris      1020  2024-03-20 22:54
1       285.22      London      1022  2024-03-20 22:54
2       290.90  Washington      1007  2024-03-20 22:54
3       286.59       Paris      1020  2024-03-20 22:53
4       285.22      London      1022  2024-03-20 22:53
5       290.91  Washington      1007  2024-03-20 22:53
6       286.59       Paris      1020  2024-03-20 22:52
7       285.22      London      1022  2024-03-20 22:52
8       290.91  Washington      1007  2024-03-20 22:52
9       286.59       Paris      1020  2024-03-20 22:51
[2024-03-20 22:54:05,449] {python.py:151} INFO - Done. Returned value was: None
[2024-03-20 22:54:05,460] {taskinstance.py:1211} INFO - Marking task as SUCCESS. dag_id=***_exam, task_id=transform_into_fulldata.csv, execution_date=20240320T225300, start_date=20240320T225405, end_date=20240320T225405
[2024-03-20 22:54:05,498] {taskinstance.py:1265} INFO - 3 downstream tasks scheduled from follow-on schedule check
[2024-03-20 22:54:05,509] {local_task_job.py:151} INFO - Task exited with return code 0
