[2024-03-15 18:27:05,580] {taskinstance.py:896} INFO - Dependencies all met for <TaskInstance: airflow_exam.transform_into_fulldata.csv 2024-03-15T18:26:00+00:00 [queued]>
[2024-03-15 18:27:05,620] {taskinstance.py:896} INFO - Dependencies all met for <TaskInstance: airflow_exam.transform_into_fulldata.csv 2024-03-15T18:26:00+00:00 [queued]>
[2024-03-15 18:27:05,620] {taskinstance.py:1087} INFO - 
--------------------------------------------------------------------------------
[2024-03-15 18:27:05,621] {taskinstance.py:1088} INFO - Starting attempt 1 of 1
[2024-03-15 18:27:05,621] {taskinstance.py:1089} INFO - 
--------------------------------------------------------------------------------
[2024-03-15 18:27:05,641] {taskinstance.py:1107} INFO - Executing <Task(PythonOperator): transform_into_fulldata.csv> on 2024-03-15T18:26:00+00:00
[2024-03-15 18:27:05,659] {standard_task_runner.py:52} INFO - Started process 45952 to run task
[2024-03-15 18:27:05,664] {standard_task_runner.py:76} INFO - Running: ['***', 'tasks', 'run', '***_exam', 'transform_into_fulldata.csv', '2024-03-15T18:26:00+00:00', '--job-id', '3342', '--pool', 'default_pool', '--raw', '--subdir', 'DAGS_FOLDER/DAG.py', '--cfg-path', '/tmp/tmpkg0myk2_', '--error-file', '/tmp/tmpaixdfhyq']
[2024-03-15 18:27:05,665] {standard_task_runner.py:77} INFO - Job 3342: Subtask transform_into_fulldata.csv
[2024-03-15 18:27:05,775] {logging_mixin.py:104} INFO - Running <TaskInstance: ***_exam.transform_into_fulldata.csv 2024-03-15T18:26:00+00:00 [running]> on host 3a3d0401ac26
[2024-03-15 18:27:05,893] {taskinstance.py:1302} INFO - Exporting the following env vars:
AIRFLOW_CTX_DAG_OWNER=***
AIRFLOW_CTX_DAG_ID=***_exam
AIRFLOW_CTX_TASK_ID=transform_into_fulldata.csv
AIRFLOW_CTX_EXECUTION_DATE=2024-03-15T18:26:00+00:00
AIRFLOW_CTX_DAG_RUN_ID=scheduled__2024-03-15T18:26:00+00:00
[2024-03-15 18:27:05,975] {logging_mixin.py:104} INFO - 
[2024-03-15 18:27:06,026] {logging_mixin.py:104} INFO -     temperature        city  pression              date
0       286.75       Paris      1012  2024-03-15 18:27
1       285.49      London      1006  2024-03-15 18:27
2       281.73  Washington      1026  2024-03-15 18:27
3       286.75       Paris      1012  2024-03-15 18:26
4       285.49      London      1006  2024-03-15 18:26
5       281.73  Washington      1026  2024-03-15 18:26
6       286.70       Paris      1011  2024-03-15 18:25
7       285.50      London      1005  2024-03-15 18:25
8       281.73  Washington      1026  2024-03-15 18:25
9       286.70       Paris      1011  2024-03-15 18:24
[2024-03-15 18:27:06,049] {python.py:151} INFO - Done. Returned value was: None
[2024-03-15 18:27:06,082] {taskinstance.py:1211} INFO - Marking task as SUCCESS. dag_id=***_exam, task_id=transform_into_fulldata.csv, execution_date=20240315T182600, start_date=20240315T182705, end_date=20240315T182706
[2024-03-15 18:27:06,148] {taskinstance.py:1265} INFO - 3 downstream tasks scheduled from follow-on schedule check
[2024-03-15 18:27:06,203] {local_task_job.py:151} INFO - Task exited with return code 0
