[2024-03-21 19:01:04,985] {taskinstance.py:896} INFO - Dependencies all met for <TaskInstance: airflow_exam.transform_into_fulldata.csv 2024-03-21T19:00:00+00:00 [queued]>
[2024-03-21 19:01:05,004] {taskinstance.py:896} INFO - Dependencies all met for <TaskInstance: airflow_exam.transform_into_fulldata.csv 2024-03-21T19:00:00+00:00 [queued]>
[2024-03-21 19:01:05,004] {taskinstance.py:1087} INFO - 
--------------------------------------------------------------------------------
[2024-03-21 19:01:05,004] {taskinstance.py:1088} INFO - Starting attempt 1 of 1
[2024-03-21 19:01:05,004] {taskinstance.py:1089} INFO - 
--------------------------------------------------------------------------------
[2024-03-21 19:01:05,015] {taskinstance.py:1107} INFO - Executing <Task(PythonOperator): transform_into_fulldata.csv> on 2024-03-21T19:00:00+00:00
[2024-03-21 19:01:05,024] {standard_task_runner.py:52} INFO - Started process 43130 to run task
[2024-03-21 19:01:05,029] {standard_task_runner.py:76} INFO - Running: ['***', 'tasks', 'run', '***_exam', 'transform_into_fulldata.csv', '2024-03-21T19:00:00+00:00', '--job-id', '10452', '--pool', 'default_pool', '--raw', '--subdir', 'DAGS_FOLDER/DAG.py', '--cfg-path', '/tmp/tmp29vd5w1e', '--error-file', '/tmp/tmpkxvtk5kp']
[2024-03-21 19:01:05,029] {standard_task_runner.py:77} INFO - Job 10452: Subtask transform_into_fulldata.csv
[2024-03-21 19:01:05,077] {logging_mixin.py:104} INFO - Running <TaskInstance: ***_exam.transform_into_fulldata.csv 2024-03-21T19:00:00+00:00 [running]> on host 3a3d0401ac26
[2024-03-21 19:01:05,143] {taskinstance.py:1302} INFO - Exporting the following env vars:
AIRFLOW_CTX_DAG_OWNER=***
AIRFLOW_CTX_DAG_ID=***_exam
AIRFLOW_CTX_TASK_ID=transform_into_fulldata.csv
AIRFLOW_CTX_EXECUTION_DATE=2024-03-21T19:00:00+00:00
AIRFLOW_CTX_DAG_RUN_ID=scheduled__2024-03-21T19:00:00+00:00
[2024-03-21 19:01:05,257] {logging_mixin.py:104} INFO - 
[2024-03-21 19:01:05,284] {logging_mixin.py:104} INFO -     temperature        city  pression              date
0       289.13       Paris      1025  2024-03-21 19:01
1       287.25      London      1022  2024-03-21 19:01
2       286.17  Washington      1014  2024-03-21 19:01
3       289.13       Paris      1025  2024-03-21 19:00
4       287.25      London      1022  2024-03-21 19:00
5       286.17  Washington      1014  2024-03-21 19:00
6       289.13       Paris      1025  2024-03-21 18:59
7       287.25      London      1022  2024-03-21 18:59
8       286.17  Washington      1014  2024-03-21 18:59
9       289.13       Paris      1025  2024-03-21 18:58
[2024-03-21 19:01:05,306] {python.py:151} INFO - Done. Returned value was: None
[2024-03-21 19:01:05,320] {taskinstance.py:1211} INFO - Marking task as SUCCESS. dag_id=***_exam, task_id=transform_into_fulldata.csv, execution_date=20240321T190000, start_date=20240321T190104, end_date=20240321T190105
[2024-03-21 19:01:05,356] {taskinstance.py:1265} INFO - 3 downstream tasks scheduled from follow-on schedule check
[2024-03-21 19:01:05,401] {local_task_job.py:151} INFO - Task exited with return code 0
