[2024-03-21 15:52:02,218] {taskinstance.py:896} INFO - Dependencies all met for <TaskInstance: airflow_exam.retrieve_raw_data 2024-03-21T15:51:00+00:00 [queued]>
[2024-03-21 15:52:02,242] {taskinstance.py:896} INFO - Dependencies all met for <TaskInstance: airflow_exam.retrieve_raw_data 2024-03-21T15:51:00+00:00 [queued]>
[2024-03-21 15:52:02,242] {taskinstance.py:1087} INFO - 
--------------------------------------------------------------------------------
[2024-03-21 15:52:02,242] {taskinstance.py:1088} INFO - Starting attempt 1 of 6
[2024-03-21 15:52:02,242] {taskinstance.py:1089} INFO - 
--------------------------------------------------------------------------------
[2024-03-21 15:52:02,256] {taskinstance.py:1107} INFO - Executing <Task(PythonOperator): retrieve_raw_data> on 2024-03-21T15:51:00+00:00
[2024-03-21 15:52:02,266] {standard_task_runner.py:52} INFO - Started process 2314 to run task
[2024-03-21 15:52:02,270] {standard_task_runner.py:76} INFO - Running: ['***', 'tasks', 'run', '***_exam', 'retrieve_raw_data', '2024-03-21T15:51:00+00:00', '--job-id', '9127', '--pool', 'default_pool', '--raw', '--subdir', 'DAGS_FOLDER/DAG.py', '--cfg-path', '/tmp/tmpbpno4c2q', '--error-file', '/tmp/tmpm04uyvsw']
[2024-03-21 15:52:02,271] {standard_task_runner.py:77} INFO - Job 9127: Subtask retrieve_raw_data
[2024-03-21 15:52:02,329] {logging_mixin.py:104} INFO - Running <TaskInstance: ***_exam.retrieve_raw_data 2024-03-21T15:51:00+00:00 [running]> on host 3a3d0401ac26
[2024-03-21 15:52:02,401] {taskinstance.py:1302} INFO - Exporting the following env vars:
AIRFLOW_CTX_DAG_OWNER=***
AIRFLOW_CTX_DAG_ID=***_exam
AIRFLOW_CTX_TASK_ID=retrieve_raw_data
AIRFLOW_CTX_EXECUTION_DATE=2024-03-21T15:51:00+00:00
AIRFLOW_CTX_DAG_RUN_ID=scheduled__2024-03-21T15:51:00+00:00
[2024-03-21 15:52:02,906] {python.py:151} INFO - Done. Returned value was: None
[2024-03-21 15:52:02,926] {taskinstance.py:1211} INFO - Marking task as SUCCESS. dag_id=***_exam, task_id=retrieve_raw_data, execution_date=20240321T155100, start_date=20240321T155202, end_date=20240321T155202
[2024-03-21 15:52:03,061] {taskinstance.py:1265} INFO - 0 downstream tasks scheduled from follow-on schedule check
[2024-03-21 15:52:03,137] {local_task_job.py:151} INFO - Task exited with return code 0
