[2024-03-21 18:24:03,942] {taskinstance.py:896} INFO - Dependencies all met for <TaskInstance: airflow_exam.transform_into_data.csv 2024-03-21T18:23:00+00:00 [queued]>
[2024-03-21 18:24:03,966] {taskinstance.py:896} INFO - Dependencies all met for <TaskInstance: airflow_exam.transform_into_data.csv 2024-03-21T18:23:00+00:00 [queued]>
[2024-03-21 18:24:03,966] {taskinstance.py:1087} INFO - 
--------------------------------------------------------------------------------
[2024-03-21 18:24:03,966] {taskinstance.py:1088} INFO - Starting attempt 1 of 1
[2024-03-21 18:24:03,966] {taskinstance.py:1089} INFO - 
--------------------------------------------------------------------------------
[2024-03-21 18:24:03,978] {taskinstance.py:1107} INFO - Executing <Task(PythonOperator): transform_into_data.csv> on 2024-03-21T18:23:00+00:00
[2024-03-21 18:24:03,987] {standard_task_runner.py:52} INFO - Started process 35182 to run task
[2024-03-21 18:24:03,991] {standard_task_runner.py:76} INFO - Running: ['***', 'tasks', 'run', '***_exam', 'transform_into_data.csv', '2024-03-21T18:23:00+00:00', '--job-id', '10193', '--pool', 'default_pool', '--raw', '--subdir', 'DAGS_FOLDER/DAG.py', '--cfg-path', '/tmp/tmpk18umfmh', '--error-file', '/tmp/tmpn2zzege3']
[2024-03-21 18:24:03,992] {standard_task_runner.py:77} INFO - Job 10193: Subtask transform_into_data.csv
[2024-03-21 18:24:04,049] {logging_mixin.py:104} INFO - Running <TaskInstance: ***_exam.transform_into_data.csv 2024-03-21T18:23:00+00:00 [running]> on host 3a3d0401ac26
[2024-03-21 18:24:04,113] {taskinstance.py:1302} INFO - Exporting the following env vars:
AIRFLOW_CTX_DAG_OWNER=***
AIRFLOW_CTX_DAG_ID=***_exam
AIRFLOW_CTX_TASK_ID=transform_into_data.csv
AIRFLOW_CTX_EXECUTION_DATE=2024-03-21T18:23:00+00:00
AIRFLOW_CTX_DAG_RUN_ID=scheduled__2024-03-21T18:23:00+00:00
[2024-03-21 18:24:04,119] {logging_mixin.py:104} INFO - 
[2024-03-21 18:24:04,136] {logging_mixin.py:104} INFO -     temperature        city  pression              date
0       289.91       Paris      1025  2024-03-21 18:24
1       287.90      London      1022  2024-03-21 18:24
2       284.73  Washington      1014  2024-03-21 18:24
3       289.91       Paris      1025  2024-03-21 18:23
4       287.90      London      1022  2024-03-21 18:23
5       284.73  Washington      1014  2024-03-21 18:23
6       289.91       Paris      1025  2024-03-21 18:22
7       287.90      London      1022  2024-03-21 18:22
8       284.73  Washington      1014  2024-03-21 18:22
9       289.91       Paris      1025  2024-03-21 18:21
[2024-03-21 18:24:04,140] {python.py:151} INFO - Done. Returned value was: None
[2024-03-21 18:24:04,152] {taskinstance.py:1211} INFO - Marking task as SUCCESS. dag_id=***_exam, task_id=transform_into_data.csv, execution_date=20240321T182300, start_date=20240321T182403, end_date=20240321T182404
[2024-03-21 18:24:04,183] {taskinstance.py:1265} INFO - 0 downstream tasks scheduled from follow-on schedule check
[2024-03-21 18:24:04,204] {local_task_job.py:151} INFO - Task exited with return code 0
