[2024-03-21 19:57:04,026] {taskinstance.py:896} INFO - Dependencies all met for <TaskInstance: airflow_exam.transform_into_data.csv 2024-03-21T19:56:00+00:00 [queued]>
[2024-03-21 19:57:04,049] {taskinstance.py:896} INFO - Dependencies all met for <TaskInstance: airflow_exam.transform_into_data.csv 2024-03-21T19:56:00+00:00 [queued]>
[2024-03-21 19:57:04,049] {taskinstance.py:1087} INFO - 
--------------------------------------------------------------------------------
[2024-03-21 19:57:04,049] {taskinstance.py:1088} INFO - Starting attempt 1 of 1
[2024-03-21 19:57:04,049] {taskinstance.py:1089} INFO - 
--------------------------------------------------------------------------------
[2024-03-21 19:57:04,063] {taskinstance.py:1107} INFO - Executing <Task(PythonOperator): transform_into_data.csv> on 2024-03-21T19:56:00+00:00
[2024-03-21 19:57:04,073] {standard_task_runner.py:52} INFO - Started process 55285 to run task
[2024-03-21 19:57:04,077] {standard_task_runner.py:76} INFO - Running: ['***', 'tasks', 'run', '***_exam', 'transform_into_data.csv', '2024-03-21T19:56:00+00:00', '--job-id', '10843', '--pool', 'default_pool', '--raw', '--subdir', 'DAGS_FOLDER/DAG.py', '--cfg-path', '/tmp/tmpon6yq49s', '--error-file', '/tmp/tmpqh6ezrur']
[2024-03-21 19:57:04,077] {standard_task_runner.py:77} INFO - Job 10843: Subtask transform_into_data.csv
[2024-03-21 19:57:04,127] {logging_mixin.py:104} INFO - Running <TaskInstance: ***_exam.transform_into_data.csv 2024-03-21T19:56:00+00:00 [running]> on host 3a3d0401ac26
[2024-03-21 19:57:04,199] {taskinstance.py:1302} INFO - Exporting the following env vars:
AIRFLOW_CTX_DAG_OWNER=***
AIRFLOW_CTX_DAG_ID=***_exam
AIRFLOW_CTX_TASK_ID=transform_into_data.csv
AIRFLOW_CTX_EXECUTION_DATE=2024-03-21T19:56:00+00:00
AIRFLOW_CTX_DAG_RUN_ID=scheduled__2024-03-21T19:56:00+00:00
[2024-03-21 19:57:04,206] {logging_mixin.py:104} INFO - 
[2024-03-21 19:57:04,226] {logging_mixin.py:104} INFO -     temperature        city  pression              date
0       288.38       Paris      1025  2024-03-21 19:57
1       286.53      London      1022  2024-03-21 19:57
2       286.95  Washington      1014  2024-03-21 19:57
3       288.38       Paris      1025  2024-03-21 19:56
4       286.53      London      1022  2024-03-21 19:56
5       286.95  Washington      1014  2024-03-21 19:56
6       288.38       Paris      1025  2024-03-21 19:55
7       286.53      London      1022  2024-03-21 19:55
8       286.95  Washington      1014  2024-03-21 19:55
9       288.38       Paris      1025  2024-03-21 19:54
[2024-03-21 19:57:04,230] {python.py:151} INFO - Done. Returned value was: None
[2024-03-21 19:57:04,246] {taskinstance.py:1211} INFO - Marking task as SUCCESS. dag_id=***_exam, task_id=transform_into_data.csv, execution_date=20240321T195600, start_date=20240321T195704, end_date=20240321T195704
[2024-03-21 19:57:04,282] {taskinstance.py:1265} INFO - 0 downstream tasks scheduled from follow-on schedule check
[2024-03-21 19:57:04,330] {local_task_job.py:151} INFO - Task exited with return code 0
