[2023-10-06 19:20:00,193] {taskinstance.py:896} INFO - Dependencies all met for <TaskInstance: airflow_exam.retrieve_raw_data 2023-10-06T19:19:57.977055+00:00 [queued]>
[2023-10-06 19:20:00,205] {taskinstance.py:896} INFO - Dependencies all met for <TaskInstance: airflow_exam.retrieve_raw_data 2023-10-06T19:19:57.977055+00:00 [queued]>
[2023-10-06 19:20:00,206] {taskinstance.py:1087} INFO - 
--------------------------------------------------------------------------------
[2023-10-06 19:20:00,206] {taskinstance.py:1088} INFO - Starting attempt 1 of 6
[2023-10-06 19:20:00,206] {taskinstance.py:1089} INFO - 
--------------------------------------------------------------------------------
[2023-10-06 19:20:00,221] {taskinstance.py:1107} INFO - Executing <Task(PythonOperator): retrieve_raw_data> on 2023-10-06T19:19:57.977055+00:00
[2023-10-06 19:20:00,227] {standard_task_runner.py:52} INFO - Started process 3443 to run task
[2023-10-06 19:20:00,230] {standard_task_runner.py:76} INFO - Running: ['***', 'tasks', 'run', '***_exam', 'retrieve_raw_data', '2023-10-06T19:19:57.977055+00:00', '--job-id', '382', '--pool', 'default_pool', '--raw', '--subdir', 'DAGS_FOLDER/DAG.py', '--cfg-path', '/tmp/tmpsssg1y_e', '--error-file', '/tmp/tmpoqvo74sy']
[2023-10-06 19:20:00,230] {standard_task_runner.py:77} INFO - Job 382: Subtask retrieve_raw_data
[2023-10-06 19:20:00,276] {logging_mixin.py:104} INFO - Running <TaskInstance: ***_exam.retrieve_raw_data 2023-10-06T19:19:57.977055+00:00 [running]> on host 3a3d0401ac26
[2023-10-06 19:20:00,337] {taskinstance.py:1302} INFO - Exporting the following env vars:
AIRFLOW_CTX_DAG_OWNER=***
AIRFLOW_CTX_DAG_ID=***_exam
AIRFLOW_CTX_TASK_ID=retrieve_raw_data
AIRFLOW_CTX_EXECUTION_DATE=2023-10-06T19:19:57.977055+00:00
AIRFLOW_CTX_DAG_RUN_ID=manual__2023-10-06T19:19:57.977055+00:00
[2023-10-06 19:20:00,901] {python.py:151} INFO - Done. Returned value was: None
[2023-10-06 19:20:00,913] {taskinstance.py:1211} INFO - Marking task as SUCCESS. dag_id=***_exam, task_id=retrieve_raw_data, execution_date=20231006T191957, start_date=20231006T192000, end_date=20231006T192000
[2023-10-06 19:20:00,948] {taskinstance.py:1265} INFO - 2 downstream tasks scheduled from follow-on schedule check
[2023-10-06 19:20:00,965] {local_task_job.py:151} INFO - Task exited with return code 0
