[2024-03-15 22:59:05,369] {taskinstance.py:896} INFO - Dependencies all met for <TaskInstance: airflow_exam.transform_into_data.csv 2024-03-15T22:58:00+00:00 [queued]>
[2024-03-15 22:59:05,402] {taskinstance.py:896} INFO - Dependencies all met for <TaskInstance: airflow_exam.transform_into_data.csv 2024-03-15T22:58:00+00:00 [queued]>
[2024-03-15 22:59:05,402] {taskinstance.py:1087} INFO - 
--------------------------------------------------------------------------------
[2024-03-15 22:59:05,402] {taskinstance.py:1088} INFO - Starting attempt 1 of 1
[2024-03-15 22:59:05,403] {taskinstance.py:1089} INFO - 
--------------------------------------------------------------------------------
[2024-03-15 22:59:05,417] {taskinstance.py:1107} INFO - Executing <Task(PythonOperator): transform_into_data.csv> on 2024-03-15T22:58:00+00:00
[2024-03-15 22:59:05,429] {standard_task_runner.py:52} INFO - Started process 83588 to run task
[2024-03-15 22:59:05,433] {standard_task_runner.py:76} INFO - Running: ['***', 'tasks', 'run', '***_exam', 'transform_into_data.csv', '2024-03-15T22:58:00+00:00', '--job-id', '4651', '--pool', 'default_pool', '--raw', '--subdir', 'DAGS_FOLDER/DAG.py', '--cfg-path', '/tmp/tmpr11hv4x_', '--error-file', '/tmp/tmpf3tzuz3c']
[2024-03-15 22:59:05,434] {standard_task_runner.py:77} INFO - Job 4651: Subtask transform_into_data.csv
[2024-03-15 22:59:05,505] {logging_mixin.py:104} INFO - Running <TaskInstance: ***_exam.transform_into_data.csv 2024-03-15T22:58:00+00:00 [running]> on host 3a3d0401ac26
[2024-03-15 22:59:05,603] {taskinstance.py:1302} INFO - Exporting the following env vars:
AIRFLOW_CTX_DAG_OWNER=***
AIRFLOW_CTX_DAG_ID=***_exam
AIRFLOW_CTX_TASK_ID=transform_into_data.csv
AIRFLOW_CTX_EXECUTION_DATE=2024-03-15T22:58:00+00:00
AIRFLOW_CTX_DAG_RUN_ID=scheduled__2024-03-15T22:58:00+00:00
[2024-03-15 22:59:05,611] {logging_mixin.py:104} INFO - 
[2024-03-15 22:59:05,637] {logging_mixin.py:104} INFO -     temperature        city  pression              date
0       285.38       Paris      1015  2024-03-15 22:59
1       282.48      London      1012  2024-03-15 22:59
2       289.50  Washington      1022  2024-03-15 22:59
3       285.38       Paris      1015  2024-03-15 22:58
4       282.48      London      1012  2024-03-15 22:58
5       289.50  Washington      1022  2024-03-15 22:58
6       285.38       Paris      1015  2024-03-15 22:57
7       282.48      London      1012  2024-03-15 22:57
8       289.50  Washington      1022  2024-03-15 22:57
9       285.48       Paris      1014  2024-03-15 22:56
[2024-03-15 22:59:05,643] {python.py:151} INFO - Done. Returned value was: None
[2024-03-15 22:59:05,662] {taskinstance.py:1211} INFO - Marking task as SUCCESS. dag_id=***_exam, task_id=transform_into_data.csv, execution_date=20240315T225800, start_date=20240315T225905, end_date=20240315T225905
[2024-03-15 22:59:05,713] {taskinstance.py:1265} INFO - 0 downstream tasks scheduled from follow-on schedule check
[2024-03-15 22:59:05,768] {local_task_job.py:151} INFO - Task exited with return code 0
