[2024-03-15 22:11:04,390] {taskinstance.py:896} INFO - Dependencies all met for <TaskInstance: airflow_exam.transform_into_fulldata.csv 2024-03-15T22:10:00+00:00 [queued]>
[2024-03-15 22:11:04,417] {taskinstance.py:896} INFO - Dependencies all met for <TaskInstance: airflow_exam.transform_into_fulldata.csv 2024-03-15T22:10:00+00:00 [queued]>
[2024-03-15 22:11:04,418] {taskinstance.py:1087} INFO - 
--------------------------------------------------------------------------------
[2024-03-15 22:11:04,418] {taskinstance.py:1088} INFO - Starting attempt 1 of 1
[2024-03-15 22:11:04,418] {taskinstance.py:1089} INFO - 
--------------------------------------------------------------------------------
[2024-03-15 22:11:04,434] {taskinstance.py:1107} INFO - Executing <Task(PythonOperator): transform_into_fulldata.csv> on 2024-03-15T22:10:00+00:00
[2024-03-15 22:11:04,446] {standard_task_runner.py:52} INFO - Started process 73773 to run task
[2024-03-15 22:11:04,451] {standard_task_runner.py:76} INFO - Running: ['***', 'tasks', 'run', '***_exam', 'transform_into_fulldata.csv', '2024-03-15T22:10:00+00:00', '--job-id', '4315', '--pool', 'default_pool', '--raw', '--subdir', 'DAGS_FOLDER/DAG.py', '--cfg-path', '/tmp/tmp5_2dptif', '--error-file', '/tmp/tmph__9q1ij']
[2024-03-15 22:11:04,451] {standard_task_runner.py:77} INFO - Job 4315: Subtask transform_into_fulldata.csv
[2024-03-15 22:11:04,514] {logging_mixin.py:104} INFO - Running <TaskInstance: ***_exam.transform_into_fulldata.csv 2024-03-15T22:10:00+00:00 [running]> on host 3a3d0401ac26
[2024-03-15 22:11:04,608] {taskinstance.py:1302} INFO - Exporting the following env vars:
AIRFLOW_CTX_DAG_OWNER=***
AIRFLOW_CTX_DAG_ID=***_exam
AIRFLOW_CTX_TASK_ID=transform_into_fulldata.csv
AIRFLOW_CTX_EXECUTION_DATE=2024-03-15T22:10:00+00:00
AIRFLOW_CTX_DAG_RUN_ID=scheduled__2024-03-15T22:10:00+00:00
[2024-03-15 22:11:04,672] {logging_mixin.py:104} INFO - 
[2024-03-15 22:11:04,700] {logging_mixin.py:104} INFO -     temperature        city  pression              date
0       285.35       Paris      1014  2024-03-15 22:11
1       283.11      London      1010  2024-03-15 22:11
2       288.77  Washington      1022  2024-03-15 22:11
3       285.35       Paris      1014  2024-03-15 22:10
4       283.11      London      1010  2024-03-15 22:10
5       288.77  Washington      1022  2024-03-15 22:10
6       285.35       Paris      1014  2024-03-15 22:09
7       283.11      London      1010  2024-03-15 22:09
8       288.77  Washington      1022  2024-03-15 22:09
9       285.35       Paris      1014  2024-03-15 22:08
[2024-03-15 22:11:04,713] {python.py:151} INFO - Done. Returned value was: None
[2024-03-15 22:11:04,727] {taskinstance.py:1211} INFO - Marking task as SUCCESS. dag_id=***_exam, task_id=transform_into_fulldata.csv, execution_date=20240315T221000, start_date=20240315T221104, end_date=20240315T221104
[2024-03-15 22:11:04,774] {taskinstance.py:1265} INFO - 3 downstream tasks scheduled from follow-on schedule check
[2024-03-15 22:11:04,823] {local_task_job.py:151} INFO - Task exited with return code 0
