[2024-03-21 17:11:05,578] {taskinstance.py:896} INFO - Dependencies all met for <TaskInstance: airflow_exam.transform_into_data.csv 2024-03-21T17:10:00+00:00 [queued]>
[2024-03-21 17:11:05,610] {taskinstance.py:896} INFO - Dependencies all met for <TaskInstance: airflow_exam.transform_into_data.csv 2024-03-21T17:10:00+00:00 [queued]>
[2024-03-21 17:11:05,611] {taskinstance.py:1087} INFO - 
--------------------------------------------------------------------------------
[2024-03-21 17:11:05,611] {taskinstance.py:1088} INFO - Starting attempt 1 of 1
[2024-03-21 17:11:05,611] {taskinstance.py:1089} INFO - 
--------------------------------------------------------------------------------
[2024-03-21 17:11:05,627] {taskinstance.py:1107} INFO - Executing <Task(PythonOperator): transform_into_data.csv> on 2024-03-21T17:10:00+00:00
[2024-03-21 17:11:05,639] {standard_task_runner.py:52} INFO - Started process 19432 to run task
[2024-03-21 17:11:05,646] {standard_task_runner.py:76} INFO - Running: ['***', 'tasks', 'run', '***_exam', 'transform_into_data.csv', '2024-03-21T17:10:00+00:00', '--job-id', '9682', '--pool', 'default_pool', '--raw', '--subdir', 'DAGS_FOLDER/DAG.py', '--cfg-path', '/tmp/tmpl7cmh6ki', '--error-file', '/tmp/tmpil6zouqr']
[2024-03-21 17:11:05,647] {standard_task_runner.py:77} INFO - Job 9682: Subtask transform_into_data.csv
[2024-03-21 17:11:05,778] {logging_mixin.py:104} INFO - Running <TaskInstance: ***_exam.transform_into_data.csv 2024-03-21T17:10:00+00:00 [running]> on host 3a3d0401ac26
[2024-03-21 17:11:05,911] {taskinstance.py:1302} INFO - Exporting the following env vars:
AIRFLOW_CTX_DAG_OWNER=***
AIRFLOW_CTX_DAG_ID=***_exam
AIRFLOW_CTX_TASK_ID=transform_into_data.csv
AIRFLOW_CTX_EXECUTION_DATE=2024-03-21T17:10:00+00:00
AIRFLOW_CTX_DAG_RUN_ID=scheduled__2024-03-21T17:10:00+00:00
[2024-03-21 17:11:05,922] {logging_mixin.py:104} INFO - 
[2024-03-21 17:11:05,963] {logging_mixin.py:104} INFO -     temperature        city  pression              date
0       291.63       Paris      1025  2024-03-21 17:11
1       288.84      London      1022  2024-03-21 17:11
2       282.55  Washington      1015  2024-03-21 17:11
3       291.63       Paris      1025  2024-03-21 17:10
4       288.84      London      1022  2024-03-21 17:10
5       282.30  Washington      1015  2024-03-21 17:10
6       291.63       Paris      1025  2024-03-21 17:09
7       288.84      London      1022  2024-03-21 17:09
8       282.30  Washington      1015  2024-03-21 17:09
9       291.81       Paris      1025  2024-03-21 17:08
[2024-03-21 17:11:05,969] {python.py:151} INFO - Done. Returned value was: None
[2024-03-21 17:11:05,985] {taskinstance.py:1211} INFO - Marking task as SUCCESS. dag_id=***_exam, task_id=transform_into_data.csv, execution_date=20240321T171000, start_date=20240321T171105, end_date=20240321T171105
[2024-03-21 17:11:06,033] {taskinstance.py:1265} INFO - 0 downstream tasks scheduled from follow-on schedule check
[2024-03-21 17:11:06,058] {local_task_job.py:151} INFO - Task exited with return code 0
