[2024-03-15 16:57:06,046] {taskinstance.py:896} INFO - Dependencies all met for <TaskInstance: airflow_exam.transform_into_fulldata.csv 2024-03-15T16:56:00+00:00 [queued]>
[2024-03-15 16:57:06,096] {taskinstance.py:896} INFO - Dependencies all met for <TaskInstance: airflow_exam.transform_into_fulldata.csv 2024-03-15T16:56:00+00:00 [queued]>
[2024-03-15 16:57:06,096] {taskinstance.py:1087} INFO - 
--------------------------------------------------------------------------------
[2024-03-15 16:57:06,097] {taskinstance.py:1088} INFO - Starting attempt 1 of 1
[2024-03-15 16:57:06,097] {taskinstance.py:1089} INFO - 
--------------------------------------------------------------------------------
[2024-03-15 16:57:06,120] {taskinstance.py:1107} INFO - Executing <Task(PythonOperator): transform_into_fulldata.csv> on 2024-03-15T16:56:00+00:00
[2024-03-15 16:57:06,137] {standard_task_runner.py:52} INFO - Started process 27641 to run task
[2024-03-15 16:57:06,139] {standard_task_runner.py:76} INFO - Running: ['***', 'tasks', 'run', '***_exam', 'transform_into_fulldata.csv', '2024-03-15T16:56:00+00:00', '--job-id', '2711', '--pool', 'default_pool', '--raw', '--subdir', 'DAGS_FOLDER/DAG.py', '--cfg-path', '/tmp/tmpo_1shfdn', '--error-file', '/tmp/tmp1q4_oou8']
[2024-03-15 16:57:06,140] {standard_task_runner.py:77} INFO - Job 2711: Subtask transform_into_fulldata.csv
[2024-03-15 16:57:06,249] {logging_mixin.py:104} INFO - Running <TaskInstance: ***_exam.transform_into_fulldata.csv 2024-03-15T16:56:00+00:00 [running]> on host 3a3d0401ac26
[2024-03-15 16:57:06,413] {taskinstance.py:1302} INFO - Exporting the following env vars:
AIRFLOW_CTX_DAG_OWNER=***
AIRFLOW_CTX_DAG_ID=***_exam
AIRFLOW_CTX_TASK_ID=transform_into_fulldata.csv
AIRFLOW_CTX_EXECUTION_DATE=2024-03-15T16:56:00+00:00
AIRFLOW_CTX_DAG_RUN_ID=scheduled__2024-03-15T16:56:00+00:00
[2024-03-15 16:57:06,455] {logging_mixin.py:104} INFO - 
[2024-03-15 16:57:06,503] {logging_mixin.py:104} INFO -     temperature        city  pression              date
0       287.95       Paris      1011  2024-03-15 16:57
1       286.62      London      1004  2024-03-15 16:57
2       284.07  Washington      1026  2024-03-15 16:57
3       288.20       Paris      1011  2024-03-15 16:56
4       286.62      London      1004  2024-03-15 16:56
5       284.07  Washington      1026  2024-03-15 16:56
6       288.20       Paris      1011  2024-03-15 16:55
7       286.62      London      1004  2024-03-15 16:55
8       284.07  Washington      1026  2024-03-15 16:55
9       288.20       Paris      1011  2024-03-15 16:54
[2024-03-15 16:57:06,541] {python.py:151} INFO - Done. Returned value was: None
[2024-03-15 16:57:06,575] {taskinstance.py:1211} INFO - Marking task as SUCCESS. dag_id=***_exam, task_id=transform_into_fulldata.csv, execution_date=20240315T165600, start_date=20240315T165706, end_date=20240315T165706
[2024-03-15 16:57:06,645] {taskinstance.py:1265} INFO - 3 downstream tasks scheduled from follow-on schedule check
[2024-03-15 16:57:06,697] {local_task_job.py:151} INFO - Task exited with return code 0
