[2024-03-16 00:46:09,772] {taskinstance.py:896} INFO - Dependencies all met for <TaskInstance: airflow_exam.compute_lr_score 2024-03-16T00:45:00+00:00 [queued]>
[2024-03-16 00:46:09,801] {taskinstance.py:896} INFO - Dependencies all met for <TaskInstance: airflow_exam.compute_lr_score 2024-03-16T00:45:00+00:00 [queued]>
[2024-03-16 00:46:09,801] {taskinstance.py:1087} INFO - 
--------------------------------------------------------------------------------
[2024-03-16 00:46:09,802] {taskinstance.py:1088} INFO - Starting attempt 1 of 1
[2024-03-16 00:46:09,802] {taskinstance.py:1089} INFO - 
--------------------------------------------------------------------------------
[2024-03-16 00:46:09,824] {taskinstance.py:1107} INFO - Executing <Task(PythonOperator): compute_lr_score> on 2024-03-16T00:45:00+00:00
[2024-03-16 00:46:09,837] {standard_task_runner.py:52} INFO - Started process 105559 to run task
[2024-03-16 00:46:09,848] {standard_task_runner.py:76} INFO - Running: ['***', 'tasks', 'run', '***_exam', 'compute_lr_score', '2024-03-16T00:45:00+00:00', '--job-id', '5397', '--pool', 'default_pool', '--raw', '--subdir', 'DAGS_FOLDER/DAG.py', '--cfg-path', '/tmp/tmp_4t4mrug', '--error-file', '/tmp/tmprw10rq1p']
[2024-03-16 00:46:09,849] {standard_task_runner.py:77} INFO - Job 5397: Subtask compute_lr_score
[2024-03-16 00:46:09,964] {logging_mixin.py:104} INFO - Running <TaskInstance: ***_exam.compute_lr_score 2024-03-16T00:45:00+00:00 [running]> on host 3a3d0401ac26
[2024-03-16 00:46:10,061] {taskinstance.py:1302} INFO - Exporting the following env vars:
AIRFLOW_CTX_DAG_OWNER=***
AIRFLOW_CTX_DAG_ID=***_exam
AIRFLOW_CTX_TASK_ID=compute_lr_score
AIRFLOW_CTX_EXECUTION_DATE=2024-03-16T00:45:00+00:00
AIRFLOW_CTX_DAG_RUN_ID=scheduled__2024-03-16T00:45:00+00:00
[2024-03-16 00:46:10,438] {python.py:151} INFO - Done. Returned value was: None
[2024-03-16 00:46:10,472] {taskinstance.py:1211} INFO - Marking task as SUCCESS. dag_id=***_exam, task_id=compute_lr_score, execution_date=20240316T004500, start_date=20240316T004609, end_date=20240316T004610
[2024-03-16 00:46:10,525] {taskinstance.py:1265} INFO - 0 downstream tasks scheduled from follow-on schedule check
[2024-03-16 00:46:10,545] {local_task_job.py:151} INFO - Task exited with return code 0
