[2024-03-21 18:46:04,672] {taskinstance.py:896} INFO - Dependencies all met for <TaskInstance: airflow_exam.transform_into_data.csv 2024-03-21T18:45:00+00:00 [queued]>
[2024-03-21 18:46:04,697] {taskinstance.py:896} INFO - Dependencies all met for <TaskInstance: airflow_exam.transform_into_data.csv 2024-03-21T18:45:00+00:00 [queued]>
[2024-03-21 18:46:04,698] {taskinstance.py:1087} INFO - 
--------------------------------------------------------------------------------
[2024-03-21 18:46:04,698] {taskinstance.py:1088} INFO - Starting attempt 1 of 1
[2024-03-21 18:46:04,698] {taskinstance.py:1089} INFO - 
--------------------------------------------------------------------------------
[2024-03-21 18:46:04,713] {taskinstance.py:1107} INFO - Executing <Task(PythonOperator): transform_into_data.csv> on 2024-03-21T18:45:00+00:00
[2024-03-21 18:46:04,724] {standard_task_runner.py:52} INFO - Started process 39902 to run task
[2024-03-21 18:46:04,730] {standard_task_runner.py:76} INFO - Running: ['***', 'tasks', 'run', '***_exam', 'transform_into_data.csv', '2024-03-21T18:45:00+00:00', '--job-id', '10347', '--pool', 'default_pool', '--raw', '--subdir', 'DAGS_FOLDER/DAG.py', '--cfg-path', '/tmp/tmph568q0i6', '--error-file', '/tmp/tmpkewqpqxr']
[2024-03-21 18:46:04,731] {standard_task_runner.py:77} INFO - Job 10347: Subtask transform_into_data.csv
[2024-03-21 18:46:04,796] {logging_mixin.py:104} INFO - Running <TaskInstance: ***_exam.transform_into_data.csv 2024-03-21T18:45:00+00:00 [running]> on host 3a3d0401ac26
[2024-03-21 18:46:04,873] {taskinstance.py:1302} INFO - Exporting the following env vars:
AIRFLOW_CTX_DAG_OWNER=***
AIRFLOW_CTX_DAG_ID=***_exam
AIRFLOW_CTX_TASK_ID=transform_into_data.csv
AIRFLOW_CTX_EXECUTION_DATE=2024-03-21T18:45:00+00:00
AIRFLOW_CTX_DAG_RUN_ID=scheduled__2024-03-21T18:45:00+00:00
[2024-03-21 18:46:04,884] {logging_mixin.py:104} INFO - 
[2024-03-21 18:46:04,916] {logging_mixin.py:104} INFO -     temperature        city  pression              date
0       289.17       Paris      1025  2024-03-21 18:46
1       287.73      London      1022  2024-03-21 18:46
2       285.62  Washington      1014  2024-03-21 18:46
3       289.74       Paris      1025  2024-03-21 18:45
4       287.73      London      1022  2024-03-21 18:45
5       285.62  Washington      1014  2024-03-21 18:45
6       289.74       Paris      1025  2024-03-21 18:44
7       287.73      London      1022  2024-03-21 18:44
8       285.62  Washington      1014  2024-03-21 18:44
9       289.74       Paris      1025  2024-03-21 18:43
[2024-03-21 18:46:04,921] {python.py:151} INFO - Done. Returned value was: None
[2024-03-21 18:46:04,936] {taskinstance.py:1211} INFO - Marking task as SUCCESS. dag_id=***_exam, task_id=transform_into_data.csv, execution_date=20240321T184500, start_date=20240321T184604, end_date=20240321T184604
[2024-03-21 18:46:04,975] {taskinstance.py:1265} INFO - 0 downstream tasks scheduled from follow-on schedule check
[2024-03-21 18:46:05,022] {local_task_job.py:151} INFO - Task exited with return code 0
