[2023-10-11 17:22:04,311] {taskinstance.py:896} INFO - Dependencies all met for <TaskInstance: airflow_exam.transform_into_fulldata.csv 2023-10-11T17:21:00+00:00 [queued]>
[2023-10-11 17:22:04,331] {taskinstance.py:896} INFO - Dependencies all met for <TaskInstance: airflow_exam.transform_into_fulldata.csv 2023-10-11T17:21:00+00:00 [queued]>
[2023-10-11 17:22:04,332] {taskinstance.py:1087} INFO - 
--------------------------------------------------------------------------------
[2023-10-11 17:22:04,332] {taskinstance.py:1088} INFO - Starting attempt 1 of 1
[2023-10-11 17:22:04,332] {taskinstance.py:1089} INFO - 
--------------------------------------------------------------------------------
[2023-10-11 17:22:04,354] {taskinstance.py:1107} INFO - Executing <Task(PythonOperator): transform_into_fulldata.csv> on 2023-10-11T17:21:00+00:00
[2023-10-11 17:22:04,364] {standard_task_runner.py:52} INFO - Started process 2127 to run task
[2023-10-11 17:22:04,369] {standard_task_runner.py:76} INFO - Running: ['***', 'tasks', 'run', '***_exam', 'transform_into_fulldata.csv', '2023-10-11T17:21:00+00:00', '--job-id', '1535', '--pool', 'default_pool', '--raw', '--subdir', 'DAGS_FOLDER/DAG.py', '--cfg-path', '/tmp/tmpxu14x95x', '--error-file', '/tmp/tmp2wb5t2io']
[2023-10-11 17:22:04,369] {standard_task_runner.py:77} INFO - Job 1535: Subtask transform_into_fulldata.csv
[2023-10-11 17:22:04,431] {logging_mixin.py:104} INFO - Running <TaskInstance: ***_exam.transform_into_fulldata.csv 2023-10-11T17:21:00+00:00 [running]> on host 3a3d0401ac26
[2023-10-11 17:22:04,621] {taskinstance.py:1302} INFO - Exporting the following env vars:
AIRFLOW_CTX_DAG_OWNER=***
AIRFLOW_CTX_DAG_ID=***_exam
AIRFLOW_CTX_TASK_ID=transform_into_fulldata.csv
AIRFLOW_CTX_EXECUTION_DATE=2023-10-11T17:21:00+00:00
AIRFLOW_CTX_DAG_RUN_ID=scheduled__2023-10-11T17:21:00+00:00
[2023-10-11 17:22:04,656] {logging_mixin.py:104} INFO - 
[2023-10-11 17:22:04,685] {logging_mixin.py:104} INFO -     temperature        city  pression              date
0       296.48       Paris      1015  2023-10-11 17:22
1       290.60      London      1012  2023-10-11 17:22
2       282.47  Washington      1004  2023-10-11 17:22
3       296.48       Paris      1015  2023-10-11 17:21
4       290.60      London      1012  2023-10-11 17:21
5       282.37  Washington      1004  2023-10-11 17:21
6       296.48       Paris      1015  2023-10-11 17:20
7       290.60      London      1012  2023-10-11 17:20
8       282.37  Washington      1004  2023-10-11 17:20
9       296.48       Paris      1015  2023-10-11 17:19
[2023-10-11 17:22:04,693] {python.py:151} INFO - Done. Returned value was: None
[2023-10-11 17:22:04,708] {taskinstance.py:1211} INFO - Marking task as SUCCESS. dag_id=***_exam, task_id=transform_into_fulldata.csv, execution_date=20231011T172100, start_date=20231011T172204, end_date=20231011T172204
[2023-10-11 17:22:04,780] {taskinstance.py:1265} INFO - 3 downstream tasks scheduled from follow-on schedule check
[2023-10-11 17:22:04,826] {local_task_job.py:151} INFO - Task exited with return code 0
