[2024-03-15 22:01:04,353] {taskinstance.py:896} INFO - Dependencies all met for <TaskInstance: airflow_exam.transform_into_data.csv 2024-03-15T22:00:00+00:00 [queued]>
[2024-03-15 22:01:04,379] {taskinstance.py:896} INFO - Dependencies all met for <TaskInstance: airflow_exam.transform_into_data.csv 2024-03-15T22:00:00+00:00 [queued]>
[2024-03-15 22:01:04,379] {taskinstance.py:1087} INFO - 
--------------------------------------------------------------------------------
[2024-03-15 22:01:04,379] {taskinstance.py:1088} INFO - Starting attempt 1 of 1
[2024-03-15 22:01:04,379] {taskinstance.py:1089} INFO - 
--------------------------------------------------------------------------------
[2024-03-15 22:01:04,393] {taskinstance.py:1107} INFO - Executing <Task(PythonOperator): transform_into_data.csv> on 2024-03-15T22:00:00+00:00
[2024-03-15 22:01:04,403] {standard_task_runner.py:52} INFO - Started process 71738 to run task
[2024-03-15 22:01:04,407] {standard_task_runner.py:76} INFO - Running: ['***', 'tasks', 'run', '***_exam', 'transform_into_data.csv', '2024-03-15T22:00:00+00:00', '--job-id', '4245', '--pool', 'default_pool', '--raw', '--subdir', 'DAGS_FOLDER/DAG.py', '--cfg-path', '/tmp/tmpf0avqyej', '--error-file', '/tmp/tmp7cyi89d2']
[2024-03-15 22:01:04,408] {standard_task_runner.py:77} INFO - Job 4245: Subtask transform_into_data.csv
[2024-03-15 22:01:04,467] {logging_mixin.py:104} INFO - Running <TaskInstance: ***_exam.transform_into_data.csv 2024-03-15T22:00:00+00:00 [running]> on host 3a3d0401ac26
[2024-03-15 22:01:04,544] {taskinstance.py:1302} INFO - Exporting the following env vars:
AIRFLOW_CTX_DAG_OWNER=***
AIRFLOW_CTX_DAG_ID=***_exam
AIRFLOW_CTX_TASK_ID=transform_into_data.csv
AIRFLOW_CTX_EXECUTION_DATE=2024-03-15T22:00:00+00:00
AIRFLOW_CTX_DAG_RUN_ID=scheduled__2024-03-15T22:00:00+00:00
[2024-03-15 22:01:04,552] {logging_mixin.py:104} INFO - 
[2024-03-15 22:01:04,584] {logging_mixin.py:104} INFO -     temperature        city  pression              date
0       285.48       Paris      1014  2024-03-15 22:01
1       283.32      London      1010  2024-03-15 22:01
2       288.89  Washington      1022  2024-03-15 22:01
3       285.48       Paris      1014  2024-03-15 22:00
4       283.32      London      1010  2024-03-15 22:00
5       288.04  Washington      1022  2024-03-15 22:00
6       285.48       Paris      1014  2024-03-15 21:59
7       283.32      London      1010  2024-03-15 21:59
8       288.04  Washington      1022  2024-03-15 21:59
9       285.48       Paris      1014  2024-03-15 21:58
[2024-03-15 22:01:04,590] {python.py:151} INFO - Done. Returned value was: None
[2024-03-15 22:01:04,603] {taskinstance.py:1211} INFO - Marking task as SUCCESS. dag_id=***_exam, task_id=transform_into_data.csv, execution_date=20240315T220000, start_date=20240315T220104, end_date=20240315T220104
[2024-03-15 22:01:04,638] {taskinstance.py:1265} INFO - 0 downstream tasks scheduled from follow-on schedule check
[2024-03-15 22:01:04,659] {local_task_job.py:151} INFO - Task exited with return code 0
