[2024-03-20 23:10:04,202] {taskinstance.py:896} INFO - Dependencies all met for <TaskInstance: airflow_exam.transform_into_fulldata.csv 2024-03-20T23:09:00+00:00 [queued]>
[2024-03-20 23:10:04,220] {taskinstance.py:896} INFO - Dependencies all met for <TaskInstance: airflow_exam.transform_into_fulldata.csv 2024-03-20T23:09:00+00:00 [queued]>
[2024-03-20 23:10:04,220] {taskinstance.py:1087} INFO - 
--------------------------------------------------------------------------------
[2024-03-20 23:10:04,220] {taskinstance.py:1088} INFO - Starting attempt 1 of 1
[2024-03-20 23:10:04,220] {taskinstance.py:1089} INFO - 
--------------------------------------------------------------------------------
[2024-03-20 23:10:04,244] {taskinstance.py:1107} INFO - Executing <Task(PythonOperator): transform_into_fulldata.csv> on 2024-03-20T23:09:00+00:00
[2024-03-20 23:10:04,254] {standard_task_runner.py:52} INFO - Started process 33475 to run task
[2024-03-20 23:10:04,259] {standard_task_runner.py:76} INFO - Running: ['***', 'tasks', 'run', '***_exam', 'transform_into_fulldata.csv', '2024-03-20T23:09:00+00:00', '--job-id', '7933', '--pool', 'default_pool', '--raw', '--subdir', 'DAGS_FOLDER/DAG.py', '--cfg-path', '/tmp/tmppazhoaul', '--error-file', '/tmp/tmp0uz3sush']
[2024-03-20 23:10:04,259] {standard_task_runner.py:77} INFO - Job 7933: Subtask transform_into_fulldata.csv
[2024-03-20 23:10:04,313] {logging_mixin.py:104} INFO - Running <TaskInstance: ***_exam.transform_into_fulldata.csv 2024-03-20T23:09:00+00:00 [running]> on host 3a3d0401ac26
[2024-03-20 23:10:04,389] {taskinstance.py:1302} INFO - Exporting the following env vars:
AIRFLOW_CTX_DAG_OWNER=***
AIRFLOW_CTX_DAG_ID=***_exam
AIRFLOW_CTX_TASK_ID=transform_into_fulldata.csv
AIRFLOW_CTX_EXECUTION_DATE=2024-03-20T23:09:00+00:00
AIRFLOW_CTX_DAG_RUN_ID=scheduled__2024-03-20T23:09:00+00:00
[2024-03-20 23:10:04,498] {logging_mixin.py:104} INFO - 
[2024-03-20 23:10:04,523] {logging_mixin.py:104} INFO -     temperature        city  pression              date
0       286.58       Paris      1020  2024-03-20 23:10
1       285.07      London      1022  2024-03-20 23:10
2       291.08  Washington      1007  2024-03-20 23:10
3       286.58       Paris      1020  2024-03-20 23:09
4       285.07      London      1022  2024-03-20 23:09
5       291.08  Washington      1007  2024-03-20 23:09
6       286.58       Paris      1020  2024-03-20 23:08
7       285.07      London      1022  2024-03-20 23:08
8       291.08  Washington      1007  2024-03-20 23:08
9       286.58       Paris      1020  2024-03-20 23:07
[2024-03-20 23:10:04,547] {python.py:151} INFO - Done. Returned value was: None
[2024-03-20 23:10:04,563] {taskinstance.py:1211} INFO - Marking task as SUCCESS. dag_id=***_exam, task_id=transform_into_fulldata.csv, execution_date=20240320T230900, start_date=20240320T231004, end_date=20240320T231004
[2024-03-20 23:10:04,615] {taskinstance.py:1265} INFO - 3 downstream tasks scheduled from follow-on schedule check
[2024-03-20 23:10:04,631] {local_task_job.py:151} INFO - Task exited with return code 0
