[2024-03-21 16:23:06,348] {taskinstance.py:896} INFO - Dependencies all met for <TaskInstance: airflow_exam.transform_into_data.csv 2024-03-21T16:22:00+00:00 [queued]>
[2024-03-21 16:23:06,372] {taskinstance.py:896} INFO - Dependencies all met for <TaskInstance: airflow_exam.transform_into_data.csv 2024-03-21T16:22:00+00:00 [queued]>
[2024-03-21 16:23:06,373] {taskinstance.py:1087} INFO - 
--------------------------------------------------------------------------------
[2024-03-21 16:23:06,373] {taskinstance.py:1088} INFO - Starting attempt 1 of 1
[2024-03-21 16:23:06,373] {taskinstance.py:1089} INFO - 
--------------------------------------------------------------------------------
[2024-03-21 16:23:06,386] {taskinstance.py:1107} INFO - Executing <Task(PythonOperator): transform_into_data.csv> on 2024-03-21T16:22:00+00:00
[2024-03-21 16:23:06,396] {standard_task_runner.py:52} INFO - Started process 9077 to run task
[2024-03-21 16:23:06,401] {standard_task_runner.py:76} INFO - Running: ['***', 'tasks', 'run', '***_exam', 'transform_into_data.csv', '2024-03-21T16:22:00+00:00', '--job-id', '9345', '--pool', 'default_pool', '--raw', '--subdir', 'DAGS_FOLDER/DAG.py', '--cfg-path', '/tmp/tmp8_hwmp8c', '--error-file', '/tmp/tmpk49ag5pq']
[2024-03-21 16:23:06,402] {standard_task_runner.py:77} INFO - Job 9345: Subtask transform_into_data.csv
[2024-03-21 16:23:06,454] {logging_mixin.py:104} INFO - Running <TaskInstance: ***_exam.transform_into_data.csv 2024-03-21T16:22:00+00:00 [running]> on host 3a3d0401ac26
[2024-03-21 16:23:06,528] {taskinstance.py:1302} INFO - Exporting the following env vars:
AIRFLOW_CTX_DAG_OWNER=***
AIRFLOW_CTX_DAG_ID=***_exam
AIRFLOW_CTX_TASK_ID=transform_into_data.csv
AIRFLOW_CTX_EXECUTION_DATE=2024-03-21T16:22:00+00:00
AIRFLOW_CTX_DAG_RUN_ID=scheduled__2024-03-21T16:22:00+00:00
[2024-03-21 16:23:06,536] {logging_mixin.py:104} INFO - 
[2024-03-21 16:23:06,563] {logging_mixin.py:104} INFO -     temperature        city  pression              date
0       292.89       Paris      1025  2024-03-21 16:23
1       289.46      London      1023  2024-03-21 16:23
2       281.04  Washington      1015  2024-03-21 16:23
3       292.89       Paris      1025  2024-03-21 16:22
4       289.46      London      1023  2024-03-21 16:22
5       281.04  Washington      1015  2024-03-21 16:22
6       292.89       Paris      1025  2024-03-21 16:21
7       289.46      London      1023  2024-03-21 16:21
8       281.04  Washington      1015  2024-03-21 16:21
9       292.89       Paris      1025  2024-03-21 16:20
[2024-03-21 16:23:06,569] {python.py:151} INFO - Done. Returned value was: None
[2024-03-21 16:23:06,586] {taskinstance.py:1211} INFO - Marking task as SUCCESS. dag_id=***_exam, task_id=transform_into_data.csv, execution_date=20240321T162200, start_date=20240321T162306, end_date=20240321T162306
[2024-03-21 16:23:06,632] {taskinstance.py:1265} INFO - 0 downstream tasks scheduled from follow-on schedule check
[2024-03-21 16:23:06,653] {local_task_job.py:151} INFO - Task exited with return code 0
