[2024-03-21 16:21:05,307] {taskinstance.py:896} INFO - Dependencies all met for <TaskInstance: airflow_exam.transform_into_data.csv 2024-03-21T16:20:00+00:00 [queued]>
[2024-03-21 16:21:05,334] {taskinstance.py:896} INFO - Dependencies all met for <TaskInstance: airflow_exam.transform_into_data.csv 2024-03-21T16:20:00+00:00 [queued]>
[2024-03-21 16:21:05,334] {taskinstance.py:1087} INFO - 
--------------------------------------------------------------------------------
[2024-03-21 16:21:05,334] {taskinstance.py:1088} INFO - Starting attempt 1 of 1
[2024-03-21 16:21:05,334] {taskinstance.py:1089} INFO - 
--------------------------------------------------------------------------------
[2024-03-21 16:21:05,348] {taskinstance.py:1107} INFO - Executing <Task(PythonOperator): transform_into_data.csv> on 2024-03-21T16:20:00+00:00
[2024-03-21 16:21:05,358] {standard_task_runner.py:52} INFO - Started process 8640 to run task
[2024-03-21 16:21:05,363] {standard_task_runner.py:76} INFO - Running: ['***', 'tasks', 'run', '***_exam', 'transform_into_data.csv', '2024-03-21T16:20:00+00:00', '--job-id', '9331', '--pool', 'default_pool', '--raw', '--subdir', 'DAGS_FOLDER/DAG.py', '--cfg-path', '/tmp/tmpfp9mx4hc', '--error-file', '/tmp/tmpcp1_3yyy']
[2024-03-21 16:21:05,364] {standard_task_runner.py:77} INFO - Job 9331: Subtask transform_into_data.csv
[2024-03-21 16:21:05,428] {logging_mixin.py:104} INFO - Running <TaskInstance: ***_exam.transform_into_data.csv 2024-03-21T16:20:00+00:00 [running]> on host 3a3d0401ac26
[2024-03-21 16:21:05,504] {taskinstance.py:1302} INFO - Exporting the following env vars:
AIRFLOW_CTX_DAG_OWNER=***
AIRFLOW_CTX_DAG_ID=***_exam
AIRFLOW_CTX_TASK_ID=transform_into_data.csv
AIRFLOW_CTX_EXECUTION_DATE=2024-03-21T16:20:00+00:00
AIRFLOW_CTX_DAG_RUN_ID=scheduled__2024-03-21T16:20:00+00:00
[2024-03-21 16:21:05,511] {logging_mixin.py:104} INFO - 
[2024-03-21 16:21:05,533] {logging_mixin.py:104} INFO -     temperature        city  pression              date
0       292.89       Paris      1025  2024-03-21 16:21
1       289.46      London      1023  2024-03-21 16:21
2       281.04  Washington      1015  2024-03-21 16:21
3       292.89       Paris      1025  2024-03-21 16:20
4       289.46      London      1023  2024-03-21 16:20
5       281.04  Washington      1015  2024-03-21 16:20
6       292.89       Paris      1025  2024-03-21 16:19
7       289.47      London      1023  2024-03-21 16:19
8       281.04  Washington      1015  2024-03-21 16:19
9       292.89       Paris      1025  2024-03-21 16:18
[2024-03-21 16:21:05,538] {python.py:151} INFO - Done. Returned value was: None
[2024-03-21 16:21:05,552] {taskinstance.py:1211} INFO - Marking task as SUCCESS. dag_id=***_exam, task_id=transform_into_data.csv, execution_date=20240321T162000, start_date=20240321T162105, end_date=20240321T162105
[2024-03-21 16:21:05,594] {taskinstance.py:1265} INFO - 0 downstream tasks scheduled from follow-on schedule check
[2024-03-21 16:21:05,615] {local_task_job.py:151} INFO - Task exited with return code 0
