[2024-03-21 19:50:04,127] {taskinstance.py:896} INFO - Dependencies all met for <TaskInstance: airflow_exam.transform_into_data.csv 2024-03-21T19:49:00+00:00 [queued]>
[2024-03-21 19:50:04,150] {taskinstance.py:896} INFO - Dependencies all met for <TaskInstance: airflow_exam.transform_into_data.csv 2024-03-21T19:49:00+00:00 [queued]>
[2024-03-21 19:50:04,151] {taskinstance.py:1087} INFO - 
--------------------------------------------------------------------------------
[2024-03-21 19:50:04,151] {taskinstance.py:1088} INFO - Starting attempt 1 of 1
[2024-03-21 19:50:04,151] {taskinstance.py:1089} INFO - 
--------------------------------------------------------------------------------
[2024-03-21 19:50:04,165] {taskinstance.py:1107} INFO - Executing <Task(PythonOperator): transform_into_data.csv> on 2024-03-21T19:49:00+00:00
[2024-03-21 19:50:04,175] {standard_task_runner.py:52} INFO - Started process 53743 to run task
[2024-03-21 19:50:04,178] {standard_task_runner.py:76} INFO - Running: ['***', 'tasks', 'run', '***_exam', 'transform_into_data.csv', '2024-03-21T19:49:00+00:00', '--job-id', '10794', '--pool', 'default_pool', '--raw', '--subdir', 'DAGS_FOLDER/DAG.py', '--cfg-path', '/tmp/tmp1v78try3', '--error-file', '/tmp/tmpcj578df9']
[2024-03-21 19:50:04,179] {standard_task_runner.py:77} INFO - Job 10794: Subtask transform_into_data.csv
[2024-03-21 19:50:04,239] {logging_mixin.py:104} INFO - Running <TaskInstance: ***_exam.transform_into_data.csv 2024-03-21T19:49:00+00:00 [running]> on host 3a3d0401ac26
[2024-03-21 19:50:04,313] {taskinstance.py:1302} INFO - Exporting the following env vars:
AIRFLOW_CTX_DAG_OWNER=***
AIRFLOW_CTX_DAG_ID=***_exam
AIRFLOW_CTX_TASK_ID=transform_into_data.csv
AIRFLOW_CTX_EXECUTION_DATE=2024-03-21T19:49:00+00:00
AIRFLOW_CTX_DAG_RUN_ID=scheduled__2024-03-21T19:49:00+00:00
[2024-03-21 19:50:04,321] {logging_mixin.py:104} INFO - 
[2024-03-21 19:50:04,351] {logging_mixin.py:104} INFO -     temperature        city  pression              date
0       288.38       Paris      1025  2024-03-21 19:50
1       286.59      London      1022  2024-03-21 19:50
2       287.00  Washington      1014  2024-03-21 19:50
3       288.38       Paris      1025  2024-03-21 19:49
4       286.59      London      1022  2024-03-21 19:49
5       287.00  Washington      1014  2024-03-21 19:49
6       288.61       Paris      1025  2024-03-21 19:48
7       286.61      London      1022  2024-03-21 19:48
8       286.81  Washington      1014  2024-03-21 19:48
9       288.61       Paris      1025  2024-03-21 19:47
[2024-03-21 19:50:04,355] {python.py:151} INFO - Done. Returned value was: None
[2024-03-21 19:50:04,366] {taskinstance.py:1211} INFO - Marking task as SUCCESS. dag_id=***_exam, task_id=transform_into_data.csv, execution_date=20240321T194900, start_date=20240321T195004, end_date=20240321T195004
[2024-03-21 19:50:04,398] {taskinstance.py:1265} INFO - 0 downstream tasks scheduled from follow-on schedule check
[2024-03-21 19:50:04,431] {local_task_job.py:151} INFO - Task exited with return code 0
