[2023-10-06 20:01:03,809] {taskinstance.py:896} INFO - Dependencies all met for <TaskInstance: airflow_exam.transform_into_fulldata.csv 2023-10-06T20:00:00+00:00 [queued]>
[2023-10-06 20:01:03,821] {taskinstance.py:896} INFO - Dependencies all met for <TaskInstance: airflow_exam.transform_into_fulldata.csv 2023-10-06T20:00:00+00:00 [queued]>
[2023-10-06 20:01:03,822] {taskinstance.py:1087} INFO - 
--------------------------------------------------------------------------------
[2023-10-06 20:01:03,822] {taskinstance.py:1088} INFO - Starting attempt 1 of 1
[2023-10-06 20:01:03,822] {taskinstance.py:1089} INFO - 
--------------------------------------------------------------------------------
[2023-10-06 20:01:03,835] {taskinstance.py:1107} INFO - Executing <Task(PythonOperator): transform_into_fulldata.csv> on 2023-10-06T20:00:00+00:00
[2023-10-06 20:01:03,841] {standard_task_runner.py:52} INFO - Started process 11365 to run task
[2023-10-06 20:01:03,844] {standard_task_runner.py:76} INFO - Running: ['***', 'tasks', 'run', '***_exam', 'transform_into_fulldata.csv', '2023-10-06T20:00:00+00:00', '--job-id', '677', '--pool', 'default_pool', '--raw', '--subdir', 'DAGS_FOLDER/DAG.py', '--cfg-path', '/tmp/tmpzjlmvhyc', '--error-file', '/tmp/tmpptpdupcx']
[2023-10-06 20:01:03,845] {standard_task_runner.py:77} INFO - Job 677: Subtask transform_into_fulldata.csv
[2023-10-06 20:01:03,884] {logging_mixin.py:104} INFO - Running <TaskInstance: ***_exam.transform_into_fulldata.csv 2023-10-06T20:00:00+00:00 [running]> on host 3a3d0401ac26
[2023-10-06 20:01:03,936] {taskinstance.py:1302} INFO - Exporting the following env vars:
AIRFLOW_CTX_DAG_OWNER=***
AIRFLOW_CTX_DAG_ID=***_exam
AIRFLOW_CTX_TASK_ID=transform_into_fulldata.csv
AIRFLOW_CTX_EXECUTION_DATE=2023-10-06T20:00:00+00:00
AIRFLOW_CTX_DAG_RUN_ID=scheduled__2023-10-06T20:00:00+00:00
[2023-10-06 20:01:03,942] {logging_mixin.py:104} INFO - 
[2023-10-06 20:01:03,960] {logging_mixin.py:104} INFO -     temperature        city  pression              date
0       288.25       Paris      1026  2023-10-06 20:01
1       290.12      London      1023  2023-10-06 20:01
2       293.21  Washington      1024  2023-10-06 20:01
3       288.25       Paris      1026  2023-10-06 20:00
4       290.12      London      1023  2023-10-06 20:00
5       293.21  Washington      1024  2023-10-06 20:00
6       288.25       Paris      1026  2023-10-06 19:59
7       290.12      London      1023  2023-10-06 19:59
8       293.21  Washington      1024  2023-10-06 19:59
9       288.25       Paris      1026  2023-10-06 19:58
[2023-10-06 20:01:03,964] {python.py:151} INFO - Done. Returned value was: None
[2023-10-06 20:01:03,974] {taskinstance.py:1211} INFO - Marking task as SUCCESS. dag_id=***_exam, task_id=transform_into_fulldata.csv, execution_date=20231006T200000, start_date=20231006T200103, end_date=20231006T200103
[2023-10-06 20:01:04,006] {taskinstance.py:1265} INFO - 3 downstream tasks scheduled from follow-on schedule check
[2023-10-06 20:01:04,016] {local_task_job.py:151} INFO - Task exited with return code 0
