[2024-03-15 23:20:05,745] {taskinstance.py:896} INFO - Dependencies all met for <TaskInstance: airflow_exam.transform_into_data.csv 2024-03-15T23:19:00+00:00 [queued]>
[2024-03-15 23:20:05,765] {taskinstance.py:896} INFO - Dependencies all met for <TaskInstance: airflow_exam.transform_into_data.csv 2024-03-15T23:19:00+00:00 [queued]>
[2024-03-15 23:20:05,766] {taskinstance.py:1087} INFO - 
--------------------------------------------------------------------------------
[2024-03-15 23:20:05,766] {taskinstance.py:1088} INFO - Starting attempt 1 of 1
[2024-03-15 23:20:05,766] {taskinstance.py:1089} INFO - 
--------------------------------------------------------------------------------
[2024-03-15 23:20:05,778] {taskinstance.py:1107} INFO - Executing <Task(PythonOperator): transform_into_data.csv> on 2024-03-15T23:19:00+00:00
[2024-03-15 23:20:05,786] {standard_task_runner.py:52} INFO - Started process 87872 to run task
[2024-03-15 23:20:05,790] {standard_task_runner.py:76} INFO - Running: ['***', 'tasks', 'run', '***_exam', 'transform_into_data.csv', '2024-03-15T23:19:00+00:00', '--job-id', '4798', '--pool', 'default_pool', '--raw', '--subdir', 'DAGS_FOLDER/DAG.py', '--cfg-path', '/tmp/tmplunskp68', '--error-file', '/tmp/tmp1jtkaite']
[2024-03-15 23:20:05,790] {standard_task_runner.py:77} INFO - Job 4798: Subtask transform_into_data.csv
[2024-03-15 23:20:05,839] {logging_mixin.py:104} INFO - Running <TaskInstance: ***_exam.transform_into_data.csv 2024-03-15T23:19:00+00:00 [running]> on host 3a3d0401ac26
[2024-03-15 23:20:05,911] {taskinstance.py:1302} INFO - Exporting the following env vars:
AIRFLOW_CTX_DAG_OWNER=***
AIRFLOW_CTX_DAG_ID=***_exam
AIRFLOW_CTX_TASK_ID=transform_into_data.csv
AIRFLOW_CTX_EXECUTION_DATE=2024-03-15T23:19:00+00:00
AIRFLOW_CTX_DAG_RUN_ID=scheduled__2024-03-15T23:19:00+00:00
[2024-03-15 23:20:05,917] {logging_mixin.py:104} INFO - 
[2024-03-15 23:20:05,937] {logging_mixin.py:104} INFO -     temperature        city  pression              date
0       285.10       Paris      1015  2024-03-15 23:20
1       282.23      London      1012  2024-03-15 23:20
2       289.47  Washington      1022  2024-03-15 23:20
3       285.10       Paris      1015  2024-03-15 23:19
4       282.23      London      1012  2024-03-15 23:19
5       289.47  Washington      1022  2024-03-15 23:19
6       285.10       Paris      1015  2024-03-15 23:18
7       282.23      London      1012  2024-03-15 23:18
8       289.47  Washington      1022  2024-03-15 23:18
9       285.29       Paris      1015  2024-03-15 23:17
[2024-03-15 23:20:05,942] {python.py:151} INFO - Done. Returned value was: None
[2024-03-15 23:20:05,955] {taskinstance.py:1211} INFO - Marking task as SUCCESS. dag_id=***_exam, task_id=transform_into_data.csv, execution_date=20240315T231900, start_date=20240315T232005, end_date=20240315T232005
[2024-03-15 23:20:05,989] {taskinstance.py:1265} INFO - 0 downstream tasks scheduled from follow-on schedule check
[2024-03-15 23:20:06,002] {local_task_job.py:151} INFO - Task exited with return code 0
