[2024-03-16 02:49:08,004] {taskinstance.py:896} INFO - Dependencies all met for <TaskInstance: airflow_exam.transform_into_data.csv 2024-03-16T02:48:00+00:00 [queued]>
[2024-03-16 02:49:08,079] {taskinstance.py:896} INFO - Dependencies all met for <TaskInstance: airflow_exam.transform_into_data.csv 2024-03-16T02:48:00+00:00 [queued]>
[2024-03-16 02:49:08,080] {taskinstance.py:1087} INFO - 
--------------------------------------------------------------------------------
[2024-03-16 02:49:08,080] {taskinstance.py:1088} INFO - Starting attempt 1 of 1
[2024-03-16 02:49:08,080] {taskinstance.py:1089} INFO - 
--------------------------------------------------------------------------------
[2024-03-16 02:49:08,111] {taskinstance.py:1107} INFO - Executing <Task(PythonOperator): transform_into_data.csv> on 2024-03-16T02:48:00+00:00
[2024-03-16 02:49:08,145] {standard_task_runner.py:52} INFO - Started process 131933 to run task
[2024-03-16 02:49:08,150] {standard_task_runner.py:76} INFO - Running: ['***', 'tasks', 'run', '***_exam', 'transform_into_data.csv', '2024-03-16T02:48:00+00:00', '--job-id', '6254', '--pool', 'default_pool', '--raw', '--subdir', 'DAGS_FOLDER/DAG.py', '--cfg-path', '/tmp/tmpdh3p4l7n', '--error-file', '/tmp/tmplzg977ug']
[2024-03-16 02:49:08,151] {standard_task_runner.py:77} INFO - Job 6254: Subtask transform_into_data.csv
[2024-03-16 02:49:08,231] {logging_mixin.py:104} INFO - Running <TaskInstance: ***_exam.transform_into_data.csv 2024-03-16T02:48:00+00:00 [running]> on host 3a3d0401ac26
[2024-03-16 02:49:08,337] {taskinstance.py:1302} INFO - Exporting the following env vars:
AIRFLOW_CTX_DAG_OWNER=***
AIRFLOW_CTX_DAG_ID=***_exam
AIRFLOW_CTX_TASK_ID=transform_into_data.csv
AIRFLOW_CTX_EXECUTION_DATE=2024-03-16T02:48:00+00:00
AIRFLOW_CTX_DAG_RUN_ID=scheduled__2024-03-16T02:48:00+00:00
[2024-03-16 02:49:08,347] {logging_mixin.py:104} INFO - 
[2024-03-16 02:49:08,384] {logging_mixin.py:104} INFO -     temperature        city  pression              date
0       284.22       Paris      1017  2024-03-16 02:49
1       281.31      London      1015  2024-03-16 02:49
2       282.52  Washington      1023  2024-03-16 02:49
3       284.22       Paris      1017  2024-03-16 02:48
4       281.31      London      1015  2024-03-16 02:48
5       282.52  Washington      1023  2024-03-16 02:48
6       284.22       Paris      1017  2024-03-16 02:47
7       281.31      London      1015  2024-03-16 02:47
8       282.52  Washington      1023  2024-03-16 02:47
9       284.22       Paris      1017  2024-03-16 02:46
[2024-03-16 02:49:08,391] {python.py:151} INFO - Done. Returned value was: None
[2024-03-16 02:49:08,409] {taskinstance.py:1211} INFO - Marking task as SUCCESS. dag_id=***_exam, task_id=transform_into_data.csv, execution_date=20240316T024800, start_date=20240316T024908, end_date=20240316T024908
[2024-03-16 02:49:08,470] {taskinstance.py:1265} INFO - 0 downstream tasks scheduled from follow-on schedule check
[2024-03-16 02:49:08,524] {local_task_job.py:151} INFO - Task exited with return code 0
