[2024-03-15 15:59:07,191] {taskinstance.py:896} INFO - Dependencies all met for <TaskInstance: airflow_exam.compute_dt_score 2024-03-15T15:58:00+00:00 [queued]>
[2024-03-15 15:59:07,239] {taskinstance.py:896} INFO - Dependencies all met for <TaskInstance: airflow_exam.compute_dt_score 2024-03-15T15:58:00+00:00 [queued]>
[2024-03-15 15:59:07,239] {taskinstance.py:1087} INFO - 
--------------------------------------------------------------------------------
[2024-03-15 15:59:07,240] {taskinstance.py:1088} INFO - Starting attempt 1 of 1
[2024-03-15 15:59:07,240] {taskinstance.py:1089} INFO - 
--------------------------------------------------------------------------------
[2024-03-15 15:59:07,257] {taskinstance.py:1107} INFO - Executing <Task(PythonOperator): compute_dt_score> on 2024-03-15T15:58:00+00:00
[2024-03-15 15:59:07,273] {standard_task_runner.py:52} INFO - Started process 16429 to run task
[2024-03-15 15:59:07,288] {standard_task_runner.py:76} INFO - Running: ['***', 'tasks', 'run', '***_exam', 'compute_dt_score', '2024-03-15T15:58:00+00:00', '--job-id', '2307', '--pool', 'default_pool', '--raw', '--subdir', 'DAGS_FOLDER/DAG.py', '--cfg-path', '/tmp/tmpvn8fg_t6', '--error-file', '/tmp/tmpe2md5pbf']
[2024-03-15 15:59:07,290] {standard_task_runner.py:77} INFO - Job 2307: Subtask compute_dt_score
[2024-03-15 15:59:07,505] {logging_mixin.py:104} INFO - Running <TaskInstance: ***_exam.compute_dt_score 2024-03-15T15:58:00+00:00 [running]> on host 3a3d0401ac26
[2024-03-15 15:59:07,593] {taskinstance.py:1302} INFO - Exporting the following env vars:
AIRFLOW_CTX_DAG_OWNER=***
AIRFLOW_CTX_DAG_ID=***_exam
AIRFLOW_CTX_TASK_ID=compute_dt_score
AIRFLOW_CTX_EXECUTION_DATE=2024-03-15T15:58:00+00:00
AIRFLOW_CTX_DAG_RUN_ID=scheduled__2024-03-15T15:58:00+00:00
[2024-03-15 15:59:07,875] {python.py:151} INFO - Done. Returned value was: None
[2024-03-15 15:59:07,892] {taskinstance.py:1211} INFO - Marking task as SUCCESS. dag_id=***_exam, task_id=compute_dt_score, execution_date=20240315T155800, start_date=20240315T155907, end_date=20240315T155907
[2024-03-15 15:59:07,953] {taskinstance.py:1265} INFO - 0 downstream tasks scheduled from follow-on schedule check
[2024-03-15 15:59:08,000] {local_task_job.py:151} INFO - Task exited with return code 0
