[2024-03-21 00:33:04,427] {taskinstance.py:896} INFO - Dependencies all met for <TaskInstance: airflow_exam.transform_into_data.csv 2024-03-21T00:32:00+00:00 [queued]>
[2024-03-21 00:33:04,445] {taskinstance.py:896} INFO - Dependencies all met for <TaskInstance: airflow_exam.transform_into_data.csv 2024-03-21T00:32:00+00:00 [queued]>
[2024-03-21 00:33:04,446] {taskinstance.py:1087} INFO - 
--------------------------------------------------------------------------------
[2024-03-21 00:33:04,446] {taskinstance.py:1088} INFO - Starting attempt 1 of 1
[2024-03-21 00:33:04,446] {taskinstance.py:1089} INFO - 
--------------------------------------------------------------------------------
[2024-03-21 00:33:04,466] {taskinstance.py:1107} INFO - Executing <Task(PythonOperator): transform_into_data.csv> on 2024-03-21T00:32:00+00:00
[2024-03-21 00:33:04,476] {standard_task_runner.py:52} INFO - Started process 2795 to run task
[2024-03-21 00:33:04,481] {standard_task_runner.py:76} INFO - Running: ['***', 'tasks', 'run', '***_exam', 'transform_into_data.csv', '2024-03-21T00:32:00+00:00', '--job-id', '8458', '--pool', 'default_pool', '--raw', '--subdir', 'DAGS_FOLDER/DAG.py', '--cfg-path', '/tmp/tmpbi8xlrcp', '--error-file', '/tmp/tmpzm2cjp90']
[2024-03-21 00:33:04,482] {standard_task_runner.py:77} INFO - Job 8458: Subtask transform_into_data.csv
[2024-03-21 00:33:04,532] {logging_mixin.py:104} INFO - Running <TaskInstance: ***_exam.transform_into_data.csv 2024-03-21T00:32:00+00:00 [running]> on host 3a3d0401ac26
[2024-03-21 00:33:04,600] {taskinstance.py:1302} INFO - Exporting the following env vars:
AIRFLOW_CTX_DAG_OWNER=***
AIRFLOW_CTX_DAG_ID=***_exam
AIRFLOW_CTX_TASK_ID=transform_into_data.csv
AIRFLOW_CTX_EXECUTION_DATE=2024-03-21T00:32:00+00:00
AIRFLOW_CTX_DAG_RUN_ID=scheduled__2024-03-21T00:32:00+00:00
[2024-03-21 00:33:04,607] {logging_mixin.py:104} INFO - 
[2024-03-21 00:33:04,626] {logging_mixin.py:104} INFO -     temperature        city  pression              date
0       285.74       Paris      1021  2024-03-21 00:33
1       284.24      London      1022  2024-03-21 00:33
2       290.02  Washington      1007  2024-03-21 00:33
3       285.74       Paris      1021  2024-03-21 00:32
4       284.24      London      1022  2024-03-21 00:32
5       290.02  Washington      1007  2024-03-21 00:32
6       285.74       Paris      1021  2024-03-21 00:31
7       284.38      London      1022  2024-03-21 00:31
8       290.28  Washington      1007  2024-03-21 00:31
9       285.74       Paris      1021  2024-03-21 00:30
[2024-03-21 00:33:04,630] {python.py:151} INFO - Done. Returned value was: None
[2024-03-21 00:33:04,645] {taskinstance.py:1211} INFO - Marking task as SUCCESS. dag_id=***_exam, task_id=transform_into_data.csv, execution_date=20240321T003200, start_date=20240321T003304, end_date=20240321T003304
[2024-03-21 00:33:04,683] {taskinstance.py:1265} INFO - 0 downstream tasks scheduled from follow-on schedule check
[2024-03-21 00:33:04,732] {local_task_job.py:151} INFO - Task exited with return code 0
