[2024-03-21 18:37:04,902] {taskinstance.py:896} INFO - Dependencies all met for <TaskInstance: airflow_exam.transform_into_data.csv 2024-03-21T18:36:00+00:00 [queued]>
[2024-03-21 18:37:04,944] {taskinstance.py:896} INFO - Dependencies all met for <TaskInstance: airflow_exam.transform_into_data.csv 2024-03-21T18:36:00+00:00 [queued]>
[2024-03-21 18:37:04,945] {taskinstance.py:1087} INFO - 
--------------------------------------------------------------------------------
[2024-03-21 18:37:04,945] {taskinstance.py:1088} INFO - Starting attempt 1 of 1
[2024-03-21 18:37:04,945] {taskinstance.py:1089} INFO - 
--------------------------------------------------------------------------------
[2024-03-21 18:37:04,968] {taskinstance.py:1107} INFO - Executing <Task(PythonOperator): transform_into_data.csv> on 2024-03-21T18:36:00+00:00
[2024-03-21 18:37:04,984] {standard_task_runner.py:52} INFO - Started process 37967 to run task
[2024-03-21 18:37:04,992] {standard_task_runner.py:76} INFO - Running: ['***', 'tasks', 'run', '***_exam', 'transform_into_data.csv', '2024-03-21T18:36:00+00:00', '--job-id', '10283', '--pool', 'default_pool', '--raw', '--subdir', 'DAGS_FOLDER/DAG.py', '--cfg-path', '/tmp/tmp_x4u6t43', '--error-file', '/tmp/tmprhxjzil9']
[2024-03-21 18:37:04,993] {standard_task_runner.py:77} INFO - Job 10283: Subtask transform_into_data.csv
[2024-03-21 18:37:05,088] {logging_mixin.py:104} INFO - Running <TaskInstance: ***_exam.transform_into_data.csv 2024-03-21T18:36:00+00:00 [running]> on host 3a3d0401ac26
[2024-03-21 18:37:05,174] {taskinstance.py:1302} INFO - Exporting the following env vars:
AIRFLOW_CTX_DAG_OWNER=***
AIRFLOW_CTX_DAG_ID=***_exam
AIRFLOW_CTX_TASK_ID=transform_into_data.csv
AIRFLOW_CTX_EXECUTION_DATE=2024-03-21T18:36:00+00:00
AIRFLOW_CTX_DAG_RUN_ID=scheduled__2024-03-21T18:36:00+00:00
[2024-03-21 18:37:05,181] {logging_mixin.py:104} INFO - 
[2024-03-21 18:37:05,205] {logging_mixin.py:104} INFO -     temperature        city  pression              date
0       289.77       Paris      1025  2024-03-21 18:37
1       287.79      London      1022  2024-03-21 18:37
2       285.16  Washington      1014  2024-03-21 18:37
3       289.90       Paris      1025  2024-03-21 18:36
4       287.79      London      1022  2024-03-21 18:36
5       285.16  Washington      1014  2024-03-21 18:36
6       289.90       Paris      1025  2024-03-21 18:35
7       287.79      London      1022  2024-03-21 18:35
8       285.16  Washington      1014  2024-03-21 18:35
9       289.90       Paris      1025  2024-03-21 18:34
[2024-03-21 18:37:05,211] {python.py:151} INFO - Done. Returned value was: None
[2024-03-21 18:37:05,226] {taskinstance.py:1211} INFO - Marking task as SUCCESS. dag_id=***_exam, task_id=transform_into_data.csv, execution_date=20240321T183600, start_date=20240321T183704, end_date=20240321T183705
[2024-03-21 18:37:05,262] {taskinstance.py:1265} INFO - 0 downstream tasks scheduled from follow-on schedule check
[2024-03-21 18:37:05,287] {local_task_job.py:151} INFO - Task exited with return code 0
