[2024-03-15 14:31:03,281] {taskinstance.py:896} INFO - Dependencies all met for <TaskInstance: airflow_exam.transform_into_data.csv 2024-03-15T14:30:00+00:00 [queued]>
[2024-03-15 14:31:03,302] {taskinstance.py:896} INFO - Dependencies all met for <TaskInstance: airflow_exam.transform_into_data.csv 2024-03-15T14:30:00+00:00 [queued]>
[2024-03-15 14:31:03,303] {taskinstance.py:1087} INFO - 
--------------------------------------------------------------------------------
[2024-03-15 14:31:03,303] {taskinstance.py:1088} INFO - Starting attempt 1 of 1
[2024-03-15 14:31:03,303] {taskinstance.py:1089} INFO - 
--------------------------------------------------------------------------------
[2024-03-15 14:31:03,314] {taskinstance.py:1107} INFO - Executing <Task(PythonOperator): transform_into_data.csv> on 2024-03-15T14:30:00+00:00
[2024-03-15 14:31:03,322] {standard_task_runner.py:52} INFO - Started process 7738 to run task
[2024-03-15 14:31:03,326] {standard_task_runner.py:76} INFO - Running: ['***', 'tasks', 'run', '***_exam', 'transform_into_data.csv', '2024-03-15T14:30:00+00:00', '--job-id', '1982', '--pool', 'default_pool', '--raw', '--subdir', 'DAGS_FOLDER/DAG.py', '--cfg-path', '/tmp/tmpv8k98vcr', '--error-file', '/tmp/tmpq541dypj']
[2024-03-15 14:31:03,326] {standard_task_runner.py:77} INFO - Job 1982: Subtask transform_into_data.csv
[2024-03-15 14:31:03,372] {logging_mixin.py:104} INFO - Running <TaskInstance: ***_exam.transform_into_data.csv 2024-03-15T14:30:00+00:00 [running]> on host 3a3d0401ac26
[2024-03-15 14:31:03,438] {taskinstance.py:1302} INFO - Exporting the following env vars:
AIRFLOW_CTX_DAG_OWNER=***
AIRFLOW_CTX_DAG_ID=***_exam
AIRFLOW_CTX_TASK_ID=transform_into_data.csv
AIRFLOW_CTX_EXECUTION_DATE=2024-03-15T14:30:00+00:00
AIRFLOW_CTX_DAG_RUN_ID=scheduled__2024-03-15T14:30:00+00:00
[2024-03-15 14:31:03,444] {logging_mixin.py:104} INFO - 
[2024-03-15 14:31:03,461] {logging_mixin.py:104} INFO -     temperature        city  pression              date
0       289.66       Paris      1012  2024-03-15 14:31
1       287.22      London      1004  2024-03-15 14:31
2       274.26  Washington      1029  2024-03-15 14:31
3       289.66       Paris      1012  2024-03-15 14:30
4       287.22      London      1004  2024-03-15 14:30
5       274.26  Washington      1029  2024-03-15 14:30
6       289.66       Paris      1012  2024-03-15 14:29
7       287.22      London      1004  2024-03-15 14:29
8       274.21  Washington      1029  2024-03-15 14:29
9       289.66       Paris      1012  2024-03-15 14:28
[2024-03-15 14:31:03,464] {python.py:151} INFO - Done. Returned value was: None
[2024-03-15 14:31:03,477] {taskinstance.py:1211} INFO - Marking task as SUCCESS. dag_id=***_exam, task_id=transform_into_data.csv, execution_date=20240315T143000, start_date=20240315T143103, end_date=20240315T143103
[2024-03-15 14:31:03,510] {taskinstance.py:1265} INFO - 0 downstream tasks scheduled from follow-on schedule check
[2024-03-15 14:31:03,538] {local_task_job.py:151} INFO - Task exited with return code 0
