[2024-03-16 01:58:05,804] {taskinstance.py:896} INFO - Dependencies all met for <TaskInstance: airflow_exam.transform_into_fulldata.csv 2024-03-16T01:57:00+00:00 [queued]>
[2024-03-16 01:58:05,836] {taskinstance.py:896} INFO - Dependencies all met for <TaskInstance: airflow_exam.transform_into_fulldata.csv 2024-03-16T01:57:00+00:00 [queued]>
[2024-03-16 01:58:05,837] {taskinstance.py:1087} INFO - 
--------------------------------------------------------------------------------
[2024-03-16 01:58:05,837] {taskinstance.py:1088} INFO - Starting attempt 1 of 1
[2024-03-16 01:58:05,837] {taskinstance.py:1089} INFO - 
--------------------------------------------------------------------------------
[2024-03-16 01:58:05,854] {taskinstance.py:1107} INFO - Executing <Task(PythonOperator): transform_into_fulldata.csv> on 2024-03-16T01:57:00+00:00
[2024-03-16 01:58:05,865] {standard_task_runner.py:52} INFO - Started process 120940 to run task
[2024-03-16 01:58:05,869] {standard_task_runner.py:76} INFO - Running: ['***', 'tasks', 'run', '***_exam', 'transform_into_fulldata.csv', '2024-03-16T01:57:00+00:00', '--job-id', '5898', '--pool', 'default_pool', '--raw', '--subdir', 'DAGS_FOLDER/DAG.py', '--cfg-path', '/tmp/tmpsvv1t1my', '--error-file', '/tmp/tmpni86im1x']
[2024-03-16 01:58:05,870] {standard_task_runner.py:77} INFO - Job 5898: Subtask transform_into_fulldata.csv
[2024-03-16 01:58:05,943] {logging_mixin.py:104} INFO - Running <TaskInstance: ***_exam.transform_into_fulldata.csv 2024-03-16T01:57:00+00:00 [running]> on host 3a3d0401ac26
[2024-03-16 01:58:06,056] {taskinstance.py:1302} INFO - Exporting the following env vars:
AIRFLOW_CTX_DAG_OWNER=***
AIRFLOW_CTX_DAG_ID=***_exam
AIRFLOW_CTX_TASK_ID=transform_into_fulldata.csv
AIRFLOW_CTX_EXECUTION_DATE=2024-03-16T01:57:00+00:00
AIRFLOW_CTX_DAG_RUN_ID=scheduled__2024-03-16T01:57:00+00:00
[2024-03-16 01:58:06,134] {logging_mixin.py:104} INFO - 
[2024-03-16 01:58:06,164] {logging_mixin.py:104} INFO -     temperature        city  pression              date
0       284.42       Paris      1016  2024-03-16 01:58
1       281.09      London      1014  2024-03-16 01:58
2       283.95  Washington      1022  2024-03-16 01:58
3       284.42       Paris      1016  2024-03-16 01:57
4       281.09      London      1014  2024-03-16 01:57
5       283.95  Washington      1022  2024-03-16 01:57
6       284.42       Paris      1016  2024-03-16 01:56
7       281.09      London      1014  2024-03-16 01:56
8       283.95  Washington      1022  2024-03-16 01:56
9       284.42       Paris      1016  2024-03-16 01:55
[2024-03-16 01:58:06,181] {python.py:151} INFO - Done. Returned value was: None
[2024-03-16 01:58:06,197] {taskinstance.py:1211} INFO - Marking task as SUCCESS. dag_id=***_exam, task_id=transform_into_fulldata.csv, execution_date=20240316T015700, start_date=20240316T015805, end_date=20240316T015806
[2024-03-16 01:58:06,252] {taskinstance.py:1265} INFO - 3 downstream tasks scheduled from follow-on schedule check
[2024-03-16 01:58:06,282] {local_task_job.py:151} INFO - Task exited with return code 0
