[2024-03-15 16:45:05,089] {taskinstance.py:896} INFO - Dependencies all met for <TaskInstance: airflow_exam.transform_into_fulldata.csv 2024-03-15T16:44:00+00:00 [queued]>
[2024-03-15 16:45:05,119] {taskinstance.py:896} INFO - Dependencies all met for <TaskInstance: airflow_exam.transform_into_fulldata.csv 2024-03-15T16:44:00+00:00 [queued]>
[2024-03-15 16:45:05,119] {taskinstance.py:1087} INFO - 
--------------------------------------------------------------------------------
[2024-03-15 16:45:05,119] {taskinstance.py:1088} INFO - Starting attempt 1 of 1
[2024-03-15 16:45:05,119] {taskinstance.py:1089} INFO - 
--------------------------------------------------------------------------------
[2024-03-15 16:45:05,133] {taskinstance.py:1107} INFO - Executing <Task(PythonOperator): transform_into_fulldata.csv> on 2024-03-15T16:44:00+00:00
[2024-03-15 16:45:05,146] {standard_task_runner.py:52} INFO - Started process 25330 to run task
[2024-03-15 16:45:05,151] {standard_task_runner.py:76} INFO - Running: ['***', 'tasks', 'run', '***_exam', 'transform_into_fulldata.csv', '2024-03-15T16:44:00+00:00', '--job-id', '2626', '--pool', 'default_pool', '--raw', '--subdir', 'DAGS_FOLDER/DAG.py', '--cfg-path', '/tmp/tmplba2neiw', '--error-file', '/tmp/tmpp640g9wj']
[2024-03-15 16:45:05,152] {standard_task_runner.py:77} INFO - Job 2626: Subtask transform_into_fulldata.csv
[2024-03-15 16:45:05,228] {logging_mixin.py:104} INFO - Running <TaskInstance: ***_exam.transform_into_fulldata.csv 2024-03-15T16:44:00+00:00 [running]> on host 3a3d0401ac26
[2024-03-15 16:45:05,342] {taskinstance.py:1302} INFO - Exporting the following env vars:
AIRFLOW_CTX_DAG_OWNER=***
AIRFLOW_CTX_DAG_ID=***_exam
AIRFLOW_CTX_TASK_ID=transform_into_fulldata.csv
AIRFLOW_CTX_EXECUTION_DATE=2024-03-15T16:44:00+00:00
AIRFLOW_CTX_DAG_RUN_ID=scheduled__2024-03-15T16:44:00+00:00
[2024-03-15 16:45:05,395] {logging_mixin.py:104} INFO - 
[2024-03-15 16:45:05,434] {logging_mixin.py:104} INFO -     temperature        city  pression              date
0       288.49       Paris      1011  2024-03-15 16:45
1       286.70      London      1004  2024-03-15 16:45
2       278.21  Washington      1026  2024-03-15 16:45
3       288.51       Paris      1011  2024-03-15 16:44
4       286.72      London      1004  2024-03-15 16:44
5       278.21  Washington      1026  2024-03-15 16:44
6       288.51       Paris      1011  2024-03-15 16:43
7       286.72      London      1004  2024-03-15 16:43
8       278.21  Washington      1026  2024-03-15 16:43
9       288.51       Paris      1011  2024-03-15 16:42
[2024-03-15 16:45:05,446] {python.py:151} INFO - Done. Returned value was: None
[2024-03-15 16:45:05,464] {taskinstance.py:1211} INFO - Marking task as SUCCESS. dag_id=***_exam, task_id=transform_into_fulldata.csv, execution_date=20240315T164400, start_date=20240315T164505, end_date=20240315T164505
[2024-03-15 16:45:05,531] {taskinstance.py:1265} INFO - 3 downstream tasks scheduled from follow-on schedule check
[2024-03-15 16:45:05,566] {local_task_job.py:151} INFO - Task exited with return code 0
