[2024-03-15 19:15:04,096] {taskinstance.py:896} INFO - Dependencies all met for <TaskInstance: airflow_exam.transform_into_data.csv 2024-03-15T19:14:00+00:00 [queued]>
[2024-03-15 19:15:04,122] {taskinstance.py:896} INFO - Dependencies all met for <TaskInstance: airflow_exam.transform_into_data.csv 2024-03-15T19:14:00+00:00 [queued]>
[2024-03-15 19:15:04,123] {taskinstance.py:1087} INFO - 
--------------------------------------------------------------------------------
[2024-03-15 19:15:04,123] {taskinstance.py:1088} INFO - Starting attempt 1 of 1
[2024-03-15 19:15:04,123] {taskinstance.py:1089} INFO - 
--------------------------------------------------------------------------------
[2024-03-15 19:15:04,138] {taskinstance.py:1107} INFO - Executing <Task(PythonOperator): transform_into_data.csv> on 2024-03-15T19:14:00+00:00
[2024-03-15 19:15:04,149] {standard_task_runner.py:52} INFO - Started process 55527 to run task
[2024-03-15 19:15:04,153] {standard_task_runner.py:76} INFO - Running: ['***', 'tasks', 'run', '***_exam', 'transform_into_data.csv', '2024-03-15T19:14:00+00:00', '--job-id', '3678', '--pool', 'default_pool', '--raw', '--subdir', 'DAGS_FOLDER/DAG.py', '--cfg-path', '/tmp/tmpa3orhz6d', '--error-file', '/tmp/tmp_7gjchj1']
[2024-03-15 19:15:04,154] {standard_task_runner.py:77} INFO - Job 3678: Subtask transform_into_data.csv
[2024-03-15 19:15:04,215] {logging_mixin.py:104} INFO - Running <TaskInstance: ***_exam.transform_into_data.csv 2024-03-15T19:14:00+00:00 [running]> on host 3a3d0401ac26
[2024-03-15 19:15:04,316] {taskinstance.py:1302} INFO - Exporting the following env vars:
AIRFLOW_CTX_DAG_OWNER=***
AIRFLOW_CTX_DAG_ID=***_exam
AIRFLOW_CTX_TASK_ID=transform_into_data.csv
AIRFLOW_CTX_EXECUTION_DATE=2024-03-15T19:14:00+00:00
AIRFLOW_CTX_DAG_RUN_ID=scheduled__2024-03-15T19:14:00+00:00
[2024-03-15 19:15:04,325] {logging_mixin.py:104} INFO - 
[2024-03-15 19:15:04,357] {logging_mixin.py:104} INFO -     temperature        city  pression              date
0       286.72       Paris      1012  2024-03-15 19:15
1       285.03      London      1008  2024-03-15 19:15
2       283.15  Washington      1025  2024-03-15 19:15
3       286.72       Paris      1012  2024-03-15 19:14
4       285.03      London      1008  2024-03-15 19:14
5       283.50  Washington      1025  2024-03-15 19:14
6       286.72       Paris      1012  2024-03-15 19:13
7       285.03      London      1008  2024-03-15 19:13
8       283.50  Washington      1025  2024-03-15 19:13
9       286.72       Paris      1012  2024-03-15 19:12
[2024-03-15 19:15:04,362] {python.py:151} INFO - Done. Returned value was: None
[2024-03-15 19:15:04,378] {taskinstance.py:1211} INFO - Marking task as SUCCESS. dag_id=***_exam, task_id=transform_into_data.csv, execution_date=20240315T191400, start_date=20240315T191504, end_date=20240315T191504
[2024-03-15 19:15:04,416] {taskinstance.py:1265} INFO - 0 downstream tasks scheduled from follow-on schedule check
[2024-03-15 19:15:04,449] {local_task_job.py:151} INFO - Task exited with return code 0
