[2024-03-21 19:36:04,566] {taskinstance.py:896} INFO - Dependencies all met for <TaskInstance: airflow_exam.transform_into_fulldata.csv 2024-03-21T19:35:00+00:00 [queued]>
[2024-03-21 19:36:04,583] {taskinstance.py:896} INFO - Dependencies all met for <TaskInstance: airflow_exam.transform_into_fulldata.csv 2024-03-21T19:35:00+00:00 [queued]>
[2024-03-21 19:36:04,584] {taskinstance.py:1087} INFO - 
--------------------------------------------------------------------------------
[2024-03-21 19:36:04,584] {taskinstance.py:1088} INFO - Starting attempt 1 of 1
[2024-03-21 19:36:04,584] {taskinstance.py:1089} INFO - 
--------------------------------------------------------------------------------
[2024-03-21 19:36:04,595] {taskinstance.py:1107} INFO - Executing <Task(PythonOperator): transform_into_fulldata.csv> on 2024-03-21T19:35:00+00:00
[2024-03-21 19:36:04,601] {standard_task_runner.py:52} INFO - Started process 50684 to run task
[2024-03-21 19:36:04,605] {standard_task_runner.py:76} INFO - Running: ['***', 'tasks', 'run', '***_exam', 'transform_into_fulldata.csv', '2024-03-21T19:35:00+00:00', '--job-id', '10697', '--pool', 'default_pool', '--raw', '--subdir', 'DAGS_FOLDER/DAG.py', '--cfg-path', '/tmp/tmppfbc2koe', '--error-file', '/tmp/tmpnd2swjbl']
[2024-03-21 19:36:04,605] {standard_task_runner.py:77} INFO - Job 10697: Subtask transform_into_fulldata.csv
[2024-03-21 19:36:04,651] {logging_mixin.py:104} INFO - Running <TaskInstance: ***_exam.transform_into_fulldata.csv 2024-03-21T19:35:00+00:00 [running]> on host 3a3d0401ac26
[2024-03-21 19:36:04,711] {taskinstance.py:1302} INFO - Exporting the following env vars:
AIRFLOW_CTX_DAG_OWNER=***
AIRFLOW_CTX_DAG_ID=***_exam
AIRFLOW_CTX_TASK_ID=transform_into_fulldata.csv
AIRFLOW_CTX_EXECUTION_DATE=2024-03-21T19:35:00+00:00
AIRFLOW_CTX_DAG_RUN_ID=scheduled__2024-03-21T19:35:00+00:00
[2024-03-21 19:36:04,797] {logging_mixin.py:104} INFO - 
[2024-03-21 19:36:04,816] {logging_mixin.py:104} INFO -     temperature        city  pression              date
0       288.65       Paris      1025  2024-03-21 19:36
1       286.87      London      1022  2024-03-21 19:36
2       286.81  Washington      1014  2024-03-21 19:36
3       288.65       Paris      1025  2024-03-21 19:35
4       286.87      London      1022  2024-03-21 19:35
5       286.81  Washington      1014  2024-03-21 19:35
6       288.65       Paris      1025  2024-03-21 19:34
7       286.98      London      1022  2024-03-21 19:34
8       286.59  Washington      1014  2024-03-21 19:34
9       288.65       Paris      1025  2024-03-21 19:33
[2024-03-21 19:36:04,831] {python.py:151} INFO - Done. Returned value was: None
[2024-03-21 19:36:04,840] {taskinstance.py:1211} INFO - Marking task as SUCCESS. dag_id=***_exam, task_id=transform_into_fulldata.csv, execution_date=20240321T193500, start_date=20240321T193604, end_date=20240321T193604
[2024-03-21 19:36:04,877] {taskinstance.py:1265} INFO - 3 downstream tasks scheduled from follow-on schedule check
[2024-03-21 19:36:04,898] {local_task_job.py:151} INFO - Task exited with return code 0
