[2024-03-16 01:37:04,428] {taskinstance.py:896} INFO - Dependencies all met for <TaskInstance: airflow_exam.transform_into_fulldata.csv 2024-03-16T01:36:00+00:00 [queued]>
[2024-03-16 01:37:04,456] {taskinstance.py:896} INFO - Dependencies all met for <TaskInstance: airflow_exam.transform_into_fulldata.csv 2024-03-16T01:36:00+00:00 [queued]>
[2024-03-16 01:37:04,457] {taskinstance.py:1087} INFO - 
--------------------------------------------------------------------------------
[2024-03-16 01:37:04,457] {taskinstance.py:1088} INFO - Starting attempt 1 of 1
[2024-03-16 01:37:04,457] {taskinstance.py:1089} INFO - 
--------------------------------------------------------------------------------
[2024-03-16 01:37:04,471] {taskinstance.py:1107} INFO - Executing <Task(PythonOperator): transform_into_fulldata.csv> on 2024-03-16T01:36:00+00:00
[2024-03-16 01:37:04,481] {standard_task_runner.py:52} INFO - Started process 116451 to run task
[2024-03-16 01:37:04,485] {standard_task_runner.py:76} INFO - Running: ['***', 'tasks', 'run', '***_exam', 'transform_into_fulldata.csv', '2024-03-16T01:36:00+00:00', '--job-id', '5751', '--pool', 'default_pool', '--raw', '--subdir', 'DAGS_FOLDER/DAG.py', '--cfg-path', '/tmp/tmpn8p11k0u', '--error-file', '/tmp/tmptht5yyqf']
[2024-03-16 01:37:04,486] {standard_task_runner.py:77} INFO - Job 5751: Subtask transform_into_fulldata.csv
[2024-03-16 01:37:04,549] {logging_mixin.py:104} INFO - Running <TaskInstance: ***_exam.transform_into_fulldata.csv 2024-03-16T01:36:00+00:00 [running]> on host 3a3d0401ac26
[2024-03-16 01:37:04,634] {taskinstance.py:1302} INFO - Exporting the following env vars:
AIRFLOW_CTX_DAG_OWNER=***
AIRFLOW_CTX_DAG_ID=***_exam
AIRFLOW_CTX_TASK_ID=transform_into_fulldata.csv
AIRFLOW_CTX_EXECUTION_DATE=2024-03-16T01:36:00+00:00
AIRFLOW_CTX_DAG_RUN_ID=scheduled__2024-03-16T01:36:00+00:00
[2024-03-16 01:37:04,706] {logging_mixin.py:104} INFO - 
[2024-03-16 01:37:04,739] {logging_mixin.py:104} INFO -     temperature        city  pression              date
0       284.55       Paris      1016  2024-03-16 01:37
1       281.07      London      1014  2024-03-16 01:37
2       284.30  Washington      1022  2024-03-16 01:37
3       284.55       Paris      1016  2024-03-16 01:36
4       281.07      London      1014  2024-03-16 01:36
5       284.30  Washington      1022  2024-03-16 01:36
6       284.55       Paris      1016  2024-03-16 01:35
7       281.07      London      1014  2024-03-16 01:35
8       284.30  Washington      1022  2024-03-16 01:35
9       284.55       Paris      1016  2024-03-16 01:34
[2024-03-16 01:37:04,754] {python.py:151} INFO - Done. Returned value was: None
[2024-03-16 01:37:04,770] {taskinstance.py:1211} INFO - Marking task as SUCCESS. dag_id=***_exam, task_id=transform_into_fulldata.csv, execution_date=20240316T013600, start_date=20240316T013704, end_date=20240316T013704
[2024-03-16 01:37:04,816] {taskinstance.py:1265} INFO - 3 downstream tasks scheduled from follow-on schedule check
[2024-03-16 01:37:04,859] {local_task_job.py:151} INFO - Task exited with return code 0
