[2024-03-15 17:31:04,485] {taskinstance.py:896} INFO - Dependencies all met for <TaskInstance: airflow_exam.transform_into_data.csv 2024-03-15T17:30:00+00:00 [queued]>
[2024-03-15 17:31:04,509] {taskinstance.py:896} INFO - Dependencies all met for <TaskInstance: airflow_exam.transform_into_data.csv 2024-03-15T17:30:00+00:00 [queued]>
[2024-03-15 17:31:04,509] {taskinstance.py:1087} INFO - 
--------------------------------------------------------------------------------
[2024-03-15 17:31:04,509] {taskinstance.py:1088} INFO - Starting attempt 1 of 1
[2024-03-15 17:31:04,509] {taskinstance.py:1089} INFO - 
--------------------------------------------------------------------------------
[2024-03-15 17:31:04,520] {taskinstance.py:1107} INFO - Executing <Task(PythonOperator): transform_into_data.csv> on 2024-03-15T17:30:00+00:00
[2024-03-15 17:31:04,528] {standard_task_runner.py:52} INFO - Started process 34524 to run task
[2024-03-15 17:31:04,532] {standard_task_runner.py:76} INFO - Running: ['***', 'tasks', 'run', '***_exam', 'transform_into_data.csv', '2024-03-15T17:30:00+00:00', '--job-id', '2949', '--pool', 'default_pool', '--raw', '--subdir', 'DAGS_FOLDER/DAG.py', '--cfg-path', '/tmp/tmpl51mdmwx', '--error-file', '/tmp/tmp_jbd6ooz']
[2024-03-15 17:31:04,532] {standard_task_runner.py:77} INFO - Job 2949: Subtask transform_into_data.csv
[2024-03-15 17:31:04,586] {logging_mixin.py:104} INFO - Running <TaskInstance: ***_exam.transform_into_data.csv 2024-03-15T17:30:00+00:00 [running]> on host 3a3d0401ac26
[2024-03-15 17:31:04,668] {taskinstance.py:1302} INFO - Exporting the following env vars:
AIRFLOW_CTX_DAG_OWNER=***
AIRFLOW_CTX_DAG_ID=***_exam
AIRFLOW_CTX_TASK_ID=transform_into_data.csv
AIRFLOW_CTX_EXECUTION_DATE=2024-03-15T17:30:00+00:00
AIRFLOW_CTX_DAG_RUN_ID=scheduled__2024-03-15T17:30:00+00:00
[2024-03-15 17:31:04,674] {logging_mixin.py:104} INFO - 
[2024-03-15 17:31:04,696] {logging_mixin.py:104} INFO -     temperature        city  pression              date
0       287.08       Paris      1011  2024-03-15 17:31
1       286.36      London      1005  2024-03-15 17:31
2       279.57  Washington      1026  2024-03-15 17:31
3       287.08       Paris      1011  2024-03-15 17:30
4       286.36      London      1005  2024-03-15 17:30
5       279.57  Washington      1026  2024-03-15 17:30
6       287.24       Paris      1011  2024-03-15 17:29
7       286.36      London      1005  2024-03-15 17:29
8       279.57  Washington      1026  2024-03-15 17:29
9       287.24       Paris      1011  2024-03-15 17:28
[2024-03-15 17:31:04,699] {python.py:151} INFO - Done. Returned value was: None
[2024-03-15 17:31:04,711] {taskinstance.py:1211} INFO - Marking task as SUCCESS. dag_id=***_exam, task_id=transform_into_data.csv, execution_date=20240315T173000, start_date=20240315T173104, end_date=20240315T173104
[2024-03-15 17:31:04,742] {taskinstance.py:1265} INFO - 0 downstream tasks scheduled from follow-on schedule check
[2024-03-15 17:31:04,784] {local_task_job.py:151} INFO - Task exited with return code 0
