[2024-03-16 00:16:06,600] {taskinstance.py:896} INFO - Dependencies all met for <TaskInstance: airflow_exam.transform_into_data.csv 2024-03-16T00:15:00+00:00 [queued]>
[2024-03-16 00:16:06,638] {taskinstance.py:896} INFO - Dependencies all met for <TaskInstance: airflow_exam.transform_into_data.csv 2024-03-16T00:15:00+00:00 [queued]>
[2024-03-16 00:16:06,638] {taskinstance.py:1087} INFO - 
--------------------------------------------------------------------------------
[2024-03-16 00:16:06,639] {taskinstance.py:1088} INFO - Starting attempt 1 of 1
[2024-03-16 00:16:06,639] {taskinstance.py:1089} INFO - 
--------------------------------------------------------------------------------
[2024-03-16 00:16:06,660] {taskinstance.py:1107} INFO - Executing <Task(PythonOperator): transform_into_data.csv> on 2024-03-16T00:15:00+00:00
[2024-03-16 00:16:06,675] {standard_task_runner.py:52} INFO - Started process 99187 to run task
[2024-03-16 00:16:06,680] {standard_task_runner.py:76} INFO - Running: ['***', 'tasks', 'run', '***_exam', 'transform_into_data.csv', '2024-03-16T00:15:00+00:00', '--job-id', '5184', '--pool', 'default_pool', '--raw', '--subdir', 'DAGS_FOLDER/DAG.py', '--cfg-path', '/tmp/tmptr2pfn3p', '--error-file', '/tmp/tmpwghfo3nf']
[2024-03-16 00:16:06,681] {standard_task_runner.py:77} INFO - Job 5184: Subtask transform_into_data.csv
[2024-03-16 00:16:06,765] {logging_mixin.py:104} INFO - Running <TaskInstance: ***_exam.transform_into_data.csv 2024-03-16T00:15:00+00:00 [running]> on host 3a3d0401ac26
[2024-03-16 00:16:06,883] {taskinstance.py:1302} INFO - Exporting the following env vars:
AIRFLOW_CTX_DAG_OWNER=***
AIRFLOW_CTX_DAG_ID=***_exam
AIRFLOW_CTX_TASK_ID=transform_into_data.csv
AIRFLOW_CTX_EXECUTION_DATE=2024-03-16T00:15:00+00:00
AIRFLOW_CTX_DAG_RUN_ID=scheduled__2024-03-16T00:15:00+00:00
[2024-03-16 00:16:06,893] {logging_mixin.py:104} INFO - 
[2024-03-16 00:16:06,942] {logging_mixin.py:104} INFO -     temperature        city  pression              date
0       284.81       Paris      1015  2024-03-16 00:16
1       281.49      London      1013  2024-03-16 00:16
2       288.83  Washington      1021  2024-03-16 00:16
3       284.81       Paris      1015  2024-03-16 00:15
4       281.49      London      1013  2024-03-16 00:15
5       288.83  Washington      1021  2024-03-16 00:15
6       284.81       Paris      1015  2024-03-16 00:14
7       281.49      London      1013  2024-03-16 00:14
8       289.07  Washington      1021  2024-03-16 00:14
9       284.81       Paris      1015  2024-03-16 00:13
[2024-03-16 00:16:06,951] {python.py:151} INFO - Done. Returned value was: None
[2024-03-16 00:16:06,982] {taskinstance.py:1211} INFO - Marking task as SUCCESS. dag_id=***_exam, task_id=transform_into_data.csv, execution_date=20240316T001500, start_date=20240316T001606, end_date=20240316T001606
[2024-03-16 00:16:07,050] {taskinstance.py:1265} INFO - 0 downstream tasks scheduled from follow-on schedule check
[2024-03-16 00:16:07,097] {local_task_job.py:151} INFO - Task exited with return code 0
