[2024-03-15 15:57:06,446] {taskinstance.py:896} INFO - Dependencies all met for <TaskInstance: airflow_exam.compute_rf_score 2024-03-15T15:56:00+00:00 [queued]>
[2024-03-15 15:57:06,476] {taskinstance.py:896} INFO - Dependencies all met for <TaskInstance: airflow_exam.compute_rf_score 2024-03-15T15:56:00+00:00 [queued]>
[2024-03-15 15:57:06,476] {taskinstance.py:1087} INFO - 
--------------------------------------------------------------------------------
[2024-03-15 15:57:06,476] {taskinstance.py:1088} INFO - Starting attempt 1 of 1
[2024-03-15 15:57:06,476] {taskinstance.py:1089} INFO - 
--------------------------------------------------------------------------------
[2024-03-15 15:57:06,489] {taskinstance.py:1107} INFO - Executing <Task(PythonOperator): compute_rf_score> on 2024-03-15T15:56:00+00:00
[2024-03-15 15:57:06,499] {standard_task_runner.py:52} INFO - Started process 16037 to run task
[2024-03-15 15:57:06,502] {standard_task_runner.py:76} INFO - Running: ['***', 'tasks', 'run', '***_exam', 'compute_rf_score', '2024-03-15T15:56:00+00:00', '--job-id', '2294', '--pool', 'default_pool', '--raw', '--subdir', 'DAGS_FOLDER/DAG.py', '--cfg-path', '/tmp/tmpb0no1hd8', '--error-file', '/tmp/tmpvsqzh__m']
[2024-03-15 15:57:06,503] {standard_task_runner.py:77} INFO - Job 2294: Subtask compute_rf_score
[2024-03-15 15:57:06,559] {logging_mixin.py:104} INFO - Running <TaskInstance: ***_exam.compute_rf_score 2024-03-15T15:56:00+00:00 [running]> on host 3a3d0401ac26
[2024-03-15 15:57:06,632] {taskinstance.py:1302} INFO - Exporting the following env vars:
AIRFLOW_CTX_DAG_OWNER=***
AIRFLOW_CTX_DAG_ID=***_exam
AIRFLOW_CTX_TASK_ID=compute_rf_score
AIRFLOW_CTX_EXECUTION_DATE=2024-03-15T15:56:00+00:00
AIRFLOW_CTX_DAG_RUN_ID=scheduled__2024-03-15T15:56:00+00:00
[2024-03-15 15:57:07,659] {python.py:151} INFO - Done. Returned value was: None
[2024-03-15 15:57:07,671] {taskinstance.py:1211} INFO - Marking task as SUCCESS. dag_id=***_exam, task_id=compute_rf_score, execution_date=20240315T155600, start_date=20240315T155706, end_date=20240315T155707
[2024-03-15 15:57:07,705] {taskinstance.py:1265} INFO - 1 downstream tasks scheduled from follow-on schedule check
[2024-03-15 15:57:07,720] {local_task_job.py:151} INFO - Task exited with return code 0
