[2024-03-15 19:26:02,526] {taskinstance.py:896} INFO - Dependencies all met for <TaskInstance: airflow_exam.retrieve_raw_data 2024-03-15T19:25:00+00:00 [queued]>
[2024-03-15 19:26:02,547] {taskinstance.py:896} INFO - Dependencies all met for <TaskInstance: airflow_exam.retrieve_raw_data 2024-03-15T19:25:00+00:00 [queued]>
[2024-03-15 19:26:02,548] {taskinstance.py:1087} INFO - 
--------------------------------------------------------------------------------
[2024-03-15 19:26:02,548] {taskinstance.py:1088} INFO - Starting attempt 1 of 6
[2024-03-15 19:26:02,548] {taskinstance.py:1089} INFO - 
--------------------------------------------------------------------------------
[2024-03-15 19:26:02,560] {taskinstance.py:1107} INFO - Executing <Task(PythonOperator): retrieve_raw_data> on 2024-03-15T19:25:00+00:00
[2024-03-15 19:26:02,568] {standard_task_runner.py:52} INFO - Started process 57753 to run task
[2024-03-15 19:26:02,571] {standard_task_runner.py:76} INFO - Running: ['***', 'tasks', 'run', '***_exam', 'retrieve_raw_data', '2024-03-15T19:25:00+00:00', '--job-id', '3754', '--pool', 'default_pool', '--raw', '--subdir', 'DAGS_FOLDER/DAG.py', '--cfg-path', '/tmp/tmpsz7b6h62', '--error-file', '/tmp/tmpzl09edjb']
[2024-03-15 19:26:02,572] {standard_task_runner.py:77} INFO - Job 3754: Subtask retrieve_raw_data
[2024-03-15 19:26:02,622] {logging_mixin.py:104} INFO - Running <TaskInstance: ***_exam.retrieve_raw_data 2024-03-15T19:25:00+00:00 [running]> on host 3a3d0401ac26
[2024-03-15 19:26:02,691] {taskinstance.py:1302} INFO - Exporting the following env vars:
AIRFLOW_CTX_DAG_OWNER=***
AIRFLOW_CTX_DAG_ID=***_exam
AIRFLOW_CTX_TASK_ID=retrieve_raw_data
AIRFLOW_CTX_EXECUTION_DATE=2024-03-15T19:25:00+00:00
AIRFLOW_CTX_DAG_RUN_ID=scheduled__2024-03-15T19:25:00+00:00
[2024-03-15 19:26:03,244] {python.py:151} INFO - Done. Returned value was: None
[2024-03-15 19:26:03,261] {taskinstance.py:1211} INFO - Marking task as SUCCESS. dag_id=***_exam, task_id=retrieve_raw_data, execution_date=20240315T192500, start_date=20240315T192602, end_date=20240315T192603
[2024-03-15 19:26:03,311] {taskinstance.py:1265} INFO - 2 downstream tasks scheduled from follow-on schedule check
[2024-03-15 19:26:03,348] {local_task_job.py:151} INFO - Task exited with return code 0
