[2024-03-21 01:21:07,352] {taskinstance.py:896} INFO - Dependencies all met for <TaskInstance: airflow_exam.compute_rf_score 2024-03-21T01:20:00+00:00 [queued]>
[2024-03-21 01:21:07,374] {taskinstance.py:896} INFO - Dependencies all met for <TaskInstance: airflow_exam.compute_rf_score 2024-03-21T01:20:00+00:00 [queued]>
[2024-03-21 01:21:07,375] {taskinstance.py:1087} INFO - 
--------------------------------------------------------------------------------
[2024-03-21 01:21:07,375] {taskinstance.py:1088} INFO - Starting attempt 1 of 1
[2024-03-21 01:21:07,375] {taskinstance.py:1089} INFO - 
--------------------------------------------------------------------------------
[2024-03-21 01:21:07,406] {taskinstance.py:1107} INFO - Executing <Task(PythonOperator): compute_rf_score> on 2024-03-21T01:20:00+00:00
[2024-03-21 01:21:07,423] {standard_task_runner.py:52} INFO - Started process 13075 to run task
[2024-03-21 01:21:07,428] {standard_task_runner.py:76} INFO - Running: ['***', 'tasks', 'run', '***_exam', 'compute_rf_score', '2024-03-21T01:20:00+00:00', '--job-id', '8797', '--pool', 'default_pool', '--raw', '--subdir', 'DAGS_FOLDER/DAG.py', '--cfg-path', '/tmp/tmpedbmlk29', '--error-file', '/tmp/tmpmfrtm1d4']
[2024-03-21 01:21:07,429] {standard_task_runner.py:77} INFO - Job 8797: Subtask compute_rf_score
[2024-03-21 01:21:07,515] {logging_mixin.py:104} INFO - Running <TaskInstance: ***_exam.compute_rf_score 2024-03-21T01:20:00+00:00 [running]> on host 3a3d0401ac26
[2024-03-21 01:21:07,645] {taskinstance.py:1302} INFO - Exporting the following env vars:
AIRFLOW_CTX_DAG_OWNER=***
AIRFLOW_CTX_DAG_ID=***_exam
AIRFLOW_CTX_TASK_ID=compute_rf_score
AIRFLOW_CTX_EXECUTION_DATE=2024-03-21T01:20:00+00:00
AIRFLOW_CTX_DAG_RUN_ID=scheduled__2024-03-21T01:20:00+00:00
[2024-03-21 01:21:11,909] {python.py:151} INFO - Done. Returned value was: None
[2024-03-21 01:21:11,926] {taskinstance.py:1211} INFO - Marking task as SUCCESS. dag_id=***_exam, task_id=compute_rf_score, execution_date=20240321T012000, start_date=20240321T012107, end_date=20240321T012111
[2024-03-21 01:21:11,979] {taskinstance.py:1265} INFO - 1 downstream tasks scheduled from follow-on schedule check
[2024-03-21 01:21:12,029] {local_task_job.py:151} INFO - Task exited with return code 0
