[2024-03-15 17:13:05,152] {taskinstance.py:896} INFO - Dependencies all met for <TaskInstance: airflow_exam.transform_into_fulldata.csv 2024-03-15T17:12:00+00:00 [queued]>
[2024-03-15 17:13:05,174] {taskinstance.py:896} INFO - Dependencies all met for <TaskInstance: airflow_exam.transform_into_fulldata.csv 2024-03-15T17:12:00+00:00 [queued]>
[2024-03-15 17:13:05,174] {taskinstance.py:1087} INFO - 
--------------------------------------------------------------------------------
[2024-03-15 17:13:05,174] {taskinstance.py:1088} INFO - Starting attempt 1 of 1
[2024-03-15 17:13:05,175] {taskinstance.py:1089} INFO - 
--------------------------------------------------------------------------------
[2024-03-15 17:13:05,185] {taskinstance.py:1107} INFO - Executing <Task(PythonOperator): transform_into_fulldata.csv> on 2024-03-15T17:12:00+00:00
[2024-03-15 17:13:05,194] {standard_task_runner.py:52} INFO - Started process 30805 to run task
[2024-03-15 17:13:05,197] {standard_task_runner.py:76} INFO - Running: ['***', 'tasks', 'run', '***_exam', 'transform_into_fulldata.csv', '2024-03-15T17:12:00+00:00', '--job-id', '2824', '--pool', 'default_pool', '--raw', '--subdir', 'DAGS_FOLDER/DAG.py', '--cfg-path', '/tmp/tmprlp5zq80', '--error-file', '/tmp/tmpzx0tty_e']
[2024-03-15 17:13:05,197] {standard_task_runner.py:77} INFO - Job 2824: Subtask transform_into_fulldata.csv
[2024-03-15 17:13:05,242] {logging_mixin.py:104} INFO - Running <TaskInstance: ***_exam.transform_into_fulldata.csv 2024-03-15T17:12:00+00:00 [running]> on host 3a3d0401ac26
[2024-03-15 17:13:05,300] {taskinstance.py:1302} INFO - Exporting the following env vars:
AIRFLOW_CTX_DAG_OWNER=***
AIRFLOW_CTX_DAG_ID=***_exam
AIRFLOW_CTX_TASK_ID=transform_into_fulldata.csv
AIRFLOW_CTX_EXECUTION_DATE=2024-03-15T17:12:00+00:00
AIRFLOW_CTX_DAG_RUN_ID=scheduled__2024-03-15T17:12:00+00:00
[2024-03-15 17:13:05,321] {logging_mixin.py:104} INFO - 
[2024-03-15 17:13:05,337] {logging_mixin.py:104} INFO -     temperature        city  pression              date
0       287.89       Paris      1011  2024-03-15 17:13
1       286.53      London      1004  2024-03-15 17:13
2       281.09  Washington      1026  2024-03-15 17:13
3       287.93       Paris      1011  2024-03-15 17:12
4       286.55      London      1005  2024-03-15 17:12
5       281.24  Washington      1026  2024-03-15 17:12
6       287.93       Paris      1011  2024-03-15 17:11
7       286.55      London      1005  2024-03-15 17:11
8       281.24  Washington      1026  2024-03-15 17:11
9       287.93       Paris      1011  2024-03-15 17:10
[2024-03-15 17:13:05,342] {python.py:151} INFO - Done. Returned value was: None
[2024-03-15 17:13:05,355] {taskinstance.py:1211} INFO - Marking task as SUCCESS. dag_id=***_exam, task_id=transform_into_fulldata.csv, execution_date=20240315T171200, start_date=20240315T171305, end_date=20240315T171305
[2024-03-15 17:13:05,392] {taskinstance.py:1265} INFO - 3 downstream tasks scheduled from follow-on schedule check
[2024-03-15 17:13:05,409] {local_task_job.py:151} INFO - Task exited with return code 0
