[2024-03-15 17:40:01,779] {taskinstance.py:896} INFO - Dependencies all met for <TaskInstance: airflow_exam.retrieve_raw_data 2024-03-15T17:39:00+00:00 [queued]>
[2024-03-15 17:40:01,800] {taskinstance.py:896} INFO - Dependencies all met for <TaskInstance: airflow_exam.retrieve_raw_data 2024-03-15T17:39:00+00:00 [queued]>
[2024-03-15 17:40:01,801] {taskinstance.py:1087} INFO - 
--------------------------------------------------------------------------------
[2024-03-15 17:40:01,801] {taskinstance.py:1088} INFO - Starting attempt 1 of 6
[2024-03-15 17:40:01,801] {taskinstance.py:1089} INFO - 
--------------------------------------------------------------------------------
[2024-03-15 17:40:01,823] {taskinstance.py:1107} INFO - Executing <Task(PythonOperator): retrieve_raw_data> on 2024-03-15T17:39:00+00:00
[2024-03-15 17:40:01,832] {standard_task_runner.py:52} INFO - Started process 36337 to run task
[2024-03-15 17:40:01,835] {standard_task_runner.py:76} INFO - Running: ['***', 'tasks', 'run', '***_exam', 'retrieve_raw_data', '2024-03-15T17:39:00+00:00', '--job-id', '3011', '--pool', 'default_pool', '--raw', '--subdir', 'DAGS_FOLDER/DAG.py', '--cfg-path', '/tmp/tmpu8dh5yr4', '--error-file', '/tmp/tmpkha4y1n6']
[2024-03-15 17:40:01,836] {standard_task_runner.py:77} INFO - Job 3011: Subtask retrieve_raw_data
[2024-03-15 17:40:01,892] {logging_mixin.py:104} INFO - Running <TaskInstance: ***_exam.retrieve_raw_data 2024-03-15T17:39:00+00:00 [running]> on host 3a3d0401ac26
[2024-03-15 17:40:01,956] {taskinstance.py:1302} INFO - Exporting the following env vars:
AIRFLOW_CTX_DAG_OWNER=***
AIRFLOW_CTX_DAG_ID=***_exam
AIRFLOW_CTX_TASK_ID=retrieve_raw_data
AIRFLOW_CTX_EXECUTION_DATE=2024-03-15T17:39:00+00:00
AIRFLOW_CTX_DAG_RUN_ID=scheduled__2024-03-15T17:39:00+00:00
[2024-03-15 17:40:02,715] {python.py:151} INFO - Done. Returned value was: None
[2024-03-15 17:40:02,730] {taskinstance.py:1211} INFO - Marking task as SUCCESS. dag_id=***_exam, task_id=retrieve_raw_data, execution_date=20240315T173900, start_date=20240315T174001, end_date=20240315T174002
[2024-03-15 17:40:02,785] {taskinstance.py:1265} INFO - 2 downstream tasks scheduled from follow-on schedule check
[2024-03-15 17:40:02,818] {local_task_job.py:151} INFO - Task exited with return code 0
