[2024-03-21 01:53:10,339] {taskinstance.py:896} INFO - Dependencies all met for <TaskInstance: airflow_exam.compute_dt_score 2024-03-21T01:52:00+00:00 [queued]>
[2024-03-21 01:53:10,377] {taskinstance.py:896} INFO - Dependencies all met for <TaskInstance: airflow_exam.compute_dt_score 2024-03-21T01:52:00+00:00 [queued]>
[2024-03-21 01:53:10,377] {taskinstance.py:1087} INFO - 
--------------------------------------------------------------------------------
[2024-03-21 01:53:10,377] {taskinstance.py:1088} INFO - Starting attempt 1 of 1
[2024-03-21 01:53:10,377] {taskinstance.py:1089} INFO - 
--------------------------------------------------------------------------------
[2024-03-21 01:53:10,426] {taskinstance.py:1107} INFO - Executing <Task(PythonOperator): compute_dt_score> on 2024-03-21T01:52:00+00:00
[2024-03-21 01:53:10,449] {standard_task_runner.py:52} INFO - Started process 19907 to run task
[2024-03-21 01:53:10,458] {standard_task_runner.py:76} INFO - Running: ['***', 'tasks', 'run', '***_exam', 'compute_dt_score', '2024-03-21T01:52:00+00:00', '--job-id', '9020', '--pool', 'default_pool', '--raw', '--subdir', 'DAGS_FOLDER/DAG.py', '--cfg-path', '/tmp/tmp4k134i0n', '--error-file', '/tmp/tmpz26l42b_']
[2024-03-21 01:53:10,459] {standard_task_runner.py:77} INFO - Job 9020: Subtask compute_dt_score
[2024-03-21 01:53:10,624] {logging_mixin.py:104} INFO - Running <TaskInstance: ***_exam.compute_dt_score 2024-03-21T01:52:00+00:00 [running]> on host 3a3d0401ac26
[2024-03-21 01:53:10,749] {taskinstance.py:1302} INFO - Exporting the following env vars:
AIRFLOW_CTX_DAG_OWNER=***
AIRFLOW_CTX_DAG_ID=***_exam
AIRFLOW_CTX_TASK_ID=compute_dt_score
AIRFLOW_CTX_EXECUTION_DATE=2024-03-21T01:52:00+00:00
AIRFLOW_CTX_DAG_RUN_ID=scheduled__2024-03-21T01:52:00+00:00
[2024-03-21 01:53:11,172] {python.py:151} INFO - Done. Returned value was: None
[2024-03-21 01:53:11,195] {taskinstance.py:1211} INFO - Marking task as SUCCESS. dag_id=***_exam, task_id=compute_dt_score, execution_date=20240321T015200, start_date=20240321T015310, end_date=20240321T015311
[2024-03-21 01:53:11,284] {taskinstance.py:1265} INFO - 0 downstream tasks scheduled from follow-on schedule check
[2024-03-21 01:53:11,330] {local_task_job.py:151} INFO - Task exited with return code 0
