[2024-03-15 19:11:05,954] {taskinstance.py:896} INFO - Dependencies all met for <TaskInstance: airflow_exam.transform_into_data.csv 2024-03-15T19:10:00+00:00 [queued]>
[2024-03-15 19:11:05,992] {taskinstance.py:896} INFO - Dependencies all met for <TaskInstance: airflow_exam.transform_into_data.csv 2024-03-15T19:10:00+00:00 [queued]>
[2024-03-15 19:11:05,992] {taskinstance.py:1087} INFO - 
--------------------------------------------------------------------------------
[2024-03-15 19:11:05,992] {taskinstance.py:1088} INFO - Starting attempt 1 of 1
[2024-03-15 19:11:05,993] {taskinstance.py:1089} INFO - 
--------------------------------------------------------------------------------
[2024-03-15 19:11:06,013] {taskinstance.py:1107} INFO - Executing <Task(PythonOperator): transform_into_data.csv> on 2024-03-15T19:10:00+00:00
[2024-03-15 19:11:06,032] {standard_task_runner.py:76} INFO - Running: ['***', 'tasks', 'run', '***_exam', 'transform_into_data.csv', '2024-03-15T19:10:00+00:00', '--job-id', '3650', '--pool', 'default_pool', '--raw', '--subdir', 'DAGS_FOLDER/DAG.py', '--cfg-path', '/tmp/tmppsjzlt5y', '--error-file', '/tmp/tmpq_99_mud']
[2024-03-15 19:11:06,027] {standard_task_runner.py:52} INFO - Started process 54716 to run task
[2024-03-15 19:11:06,033] {standard_task_runner.py:77} INFO - Job 3650: Subtask transform_into_data.csv
[2024-03-15 19:11:06,130] {logging_mixin.py:104} INFO - Running <TaskInstance: ***_exam.transform_into_data.csv 2024-03-15T19:10:00+00:00 [running]> on host 3a3d0401ac26
[2024-03-15 19:11:06,251] {taskinstance.py:1302} INFO - Exporting the following env vars:
AIRFLOW_CTX_DAG_OWNER=***
AIRFLOW_CTX_DAG_ID=***_exam
AIRFLOW_CTX_TASK_ID=transform_into_data.csv
AIRFLOW_CTX_EXECUTION_DATE=2024-03-15T19:10:00+00:00
AIRFLOW_CTX_DAG_RUN_ID=scheduled__2024-03-15T19:10:00+00:00
[2024-03-15 19:11:06,260] {logging_mixin.py:104} INFO - 
[2024-03-15 19:11:06,292] {logging_mixin.py:104} INFO -     temperature        city  pression              date
0       286.72       Paris      1012  2024-03-15 19:11
1       285.03      London      1008  2024-03-15 19:11
2       283.50  Washington      1025  2024-03-15 19:11
3       286.72       Paris      1012  2024-03-15 19:10
4       285.03      London      1008  2024-03-15 19:10
5       283.50  Washington      1025  2024-03-15 19:10
6       286.60       Paris      1012  2024-03-15 19:09
7       285.12      London      1006  2024-03-15 19:09
8       283.31  Washington      1025  2024-03-15 19:09
9       286.60       Paris      1012  2024-03-15 19:08
[2024-03-15 19:11:06,299] {python.py:151} INFO - Done. Returned value was: None
[2024-03-15 19:11:06,316] {taskinstance.py:1211} INFO - Marking task as SUCCESS. dag_id=***_exam, task_id=transform_into_data.csv, execution_date=20240315T191000, start_date=20240315T191105, end_date=20240315T191106
[2024-03-15 19:11:06,361] {taskinstance.py:1265} INFO - 0 downstream tasks scheduled from follow-on schedule check
[2024-03-15 19:11:06,411] {local_task_job.py:151} INFO - Task exited with return code 0
