[2024-03-21 18:37:07,738] {taskinstance.py:896} INFO - Dependencies all met for <TaskInstance: airflow_exam.compute_lr_score 2024-03-21T18:36:00+00:00 [queued]>
[2024-03-21 18:37:07,768] {taskinstance.py:896} INFO - Dependencies all met for <TaskInstance: airflow_exam.compute_lr_score 2024-03-21T18:36:00+00:00 [queued]>
[2024-03-21 18:37:07,768] {taskinstance.py:1087} INFO - 
--------------------------------------------------------------------------------
[2024-03-21 18:37:07,768] {taskinstance.py:1088} INFO - Starting attempt 1 of 1
[2024-03-21 18:37:07,768] {taskinstance.py:1089} INFO - 
--------------------------------------------------------------------------------
[2024-03-21 18:37:07,782] {taskinstance.py:1107} INFO - Executing <Task(PythonOperator): compute_lr_score> on 2024-03-21T18:36:00+00:00
[2024-03-21 18:37:07,792] {standard_task_runner.py:52} INFO - Started process 38005 to run task
[2024-03-21 18:37:07,797] {standard_task_runner.py:76} INFO - Running: ['***', 'tasks', 'run', '***_exam', 'compute_lr_score', '2024-03-21T18:36:00+00:00', '--job-id', '10285', '--pool', 'default_pool', '--raw', '--subdir', 'DAGS_FOLDER/DAG.py', '--cfg-path', '/tmp/tmp08b5k6wj', '--error-file', '/tmp/tmps7wu3f2v']
[2024-03-21 18:37:07,798] {standard_task_runner.py:77} INFO - Job 10285: Subtask compute_lr_score
[2024-03-21 18:37:07,870] {logging_mixin.py:104} INFO - Running <TaskInstance: ***_exam.compute_lr_score 2024-03-21T18:36:00+00:00 [running]> on host 3a3d0401ac26
[2024-03-21 18:37:07,954] {taskinstance.py:1302} INFO - Exporting the following env vars:
AIRFLOW_CTX_DAG_OWNER=***
AIRFLOW_CTX_DAG_ID=***_exam
AIRFLOW_CTX_TASK_ID=compute_lr_score
AIRFLOW_CTX_EXECUTION_DATE=2024-03-21T18:36:00+00:00
AIRFLOW_CTX_DAG_RUN_ID=scheduled__2024-03-21T18:36:00+00:00
[2024-03-21 18:37:08,188] {python.py:151} INFO - Done. Returned value was: None
[2024-03-21 18:37:08,221] {taskinstance.py:1211} INFO - Marking task as SUCCESS. dag_id=***_exam, task_id=compute_lr_score, execution_date=20240321T183600, start_date=20240321T183707, end_date=20240321T183708
[2024-03-21 18:37:08,330] {taskinstance.py:1265} INFO - 0 downstream tasks scheduled from follow-on schedule check
[2024-03-21 18:37:08,372] {local_task_job.py:151} INFO - Task exited with return code 0
