[2024-03-15 19:20:06,916] {taskinstance.py:896} INFO - Dependencies all met for <TaskInstance: airflow_exam.compute_rf_score 2024-03-15T19:19:00+00:00 [queued]>
[2024-03-15 19:20:06,938] {taskinstance.py:896} INFO - Dependencies all met for <TaskInstance: airflow_exam.compute_rf_score 2024-03-15T19:19:00+00:00 [queued]>
[2024-03-15 19:20:06,938] {taskinstance.py:1087} INFO - 
--------------------------------------------------------------------------------
[2024-03-15 19:20:06,938] {taskinstance.py:1088} INFO - Starting attempt 1 of 1
[2024-03-15 19:20:06,938] {taskinstance.py:1089} INFO - 
--------------------------------------------------------------------------------
[2024-03-15 19:20:06,949] {taskinstance.py:1107} INFO - Executing <Task(PythonOperator): compute_rf_score> on 2024-03-15T19:19:00+00:00
[2024-03-15 19:20:06,958] {standard_task_runner.py:52} INFO - Started process 56592 to run task
[2024-03-15 19:20:06,961] {standard_task_runner.py:76} INFO - Running: ['***', 'tasks', 'run', '***_exam', 'compute_rf_score', '2024-03-15T19:19:00+00:00', '--job-id', '3715', '--pool', 'default_pool', '--raw', '--subdir', 'DAGS_FOLDER/DAG.py', '--cfg-path', '/tmp/tmpt_pbtsp7', '--error-file', '/tmp/tmp2kt_59ci']
[2024-03-15 19:20:06,961] {standard_task_runner.py:77} INFO - Job 3715: Subtask compute_rf_score
[2024-03-15 19:20:07,015] {logging_mixin.py:104} INFO - Running <TaskInstance: ***_exam.compute_rf_score 2024-03-15T19:19:00+00:00 [running]> on host 3a3d0401ac26
[2024-03-15 19:20:07,089] {taskinstance.py:1302} INFO - Exporting the following env vars:
AIRFLOW_CTX_DAG_OWNER=***
AIRFLOW_CTX_DAG_ID=***_exam
AIRFLOW_CTX_TASK_ID=compute_rf_score
AIRFLOW_CTX_EXECUTION_DATE=2024-03-15T19:19:00+00:00
AIRFLOW_CTX_DAG_RUN_ID=scheduled__2024-03-15T19:19:00+00:00
[2024-03-15 19:20:08,489] {python.py:151} INFO - Done. Returned value was: None
[2024-03-15 19:20:08,502] {taskinstance.py:1211} INFO - Marking task as SUCCESS. dag_id=***_exam, task_id=compute_rf_score, execution_date=20240315T191900, start_date=20240315T192006, end_date=20240315T192008
[2024-03-15 19:20:08,540] {taskinstance.py:1265} INFO - 1 downstream tasks scheduled from follow-on schedule check
[2024-03-15 19:20:08,580] {local_task_job.py:151} INFO - Task exited with return code 0
