[2024-03-15 23:16:06,402] {taskinstance.py:896} INFO - Dependencies all met for <TaskInstance: airflow_exam.transform_into_data.csv 2024-03-15T23:15:00+00:00 [queued]>
[2024-03-15 23:16:06,428] {taskinstance.py:896} INFO - Dependencies all met for <TaskInstance: airflow_exam.transform_into_data.csv 2024-03-15T23:15:00+00:00 [queued]>
[2024-03-15 23:16:06,429] {taskinstance.py:1087} INFO - 
--------------------------------------------------------------------------------
[2024-03-15 23:16:06,429] {taskinstance.py:1088} INFO - Starting attempt 1 of 1
[2024-03-15 23:16:06,429] {taskinstance.py:1089} INFO - 
--------------------------------------------------------------------------------
[2024-03-15 23:16:06,442] {taskinstance.py:1107} INFO - Executing <Task(PythonOperator): transform_into_data.csv> on 2024-03-15T23:15:00+00:00
[2024-03-15 23:16:06,451] {standard_task_runner.py:52} INFO - Started process 87052 to run task
[2024-03-15 23:16:06,454] {standard_task_runner.py:76} INFO - Running: ['***', 'tasks', 'run', '***_exam', 'transform_into_data.csv', '2024-03-15T23:15:00+00:00', '--job-id', '4771', '--pool', 'default_pool', '--raw', '--subdir', 'DAGS_FOLDER/DAG.py', '--cfg-path', '/tmp/tmpk2kgws4x', '--error-file', '/tmp/tmp2wmuay8b']
[2024-03-15 23:16:06,454] {standard_task_runner.py:77} INFO - Job 4771: Subtask transform_into_data.csv
[2024-03-15 23:16:06,514] {logging_mixin.py:104} INFO - Running <TaskInstance: ***_exam.transform_into_data.csv 2024-03-15T23:15:00+00:00 [running]> on host 3a3d0401ac26
[2024-03-15 23:16:06,602] {taskinstance.py:1302} INFO - Exporting the following env vars:
AIRFLOW_CTX_DAG_OWNER=***
AIRFLOW_CTX_DAG_ID=***_exam
AIRFLOW_CTX_TASK_ID=transform_into_data.csv
AIRFLOW_CTX_EXECUTION_DATE=2024-03-15T23:15:00+00:00
AIRFLOW_CTX_DAG_RUN_ID=scheduled__2024-03-15T23:15:00+00:00
[2024-03-15 23:16:06,609] {logging_mixin.py:104} INFO - 
[2024-03-15 23:16:06,633] {logging_mixin.py:104} INFO -     temperature        city  pression              date
0       285.29       Paris      1015  2024-03-15 23:16
1       282.23      London      1012  2024-03-15 23:16
2       289.47  Washington      1022  2024-03-15 23:16
3       285.29       Paris      1015  2024-03-15 23:15
4       282.23      London      1012  2024-03-15 23:15
5       289.47  Washington      1022  2024-03-15 23:15
6       285.29       Paris      1015  2024-03-15 23:14
7       282.23      London      1012  2024-03-15 23:14
8       289.47  Washington      1022  2024-03-15 23:14
9       284.95       Paris      1015  2024-03-15 23:13
[2024-03-15 23:16:06,640] {python.py:151} INFO - Done. Returned value was: None
[2024-03-15 23:16:06,654] {taskinstance.py:1211} INFO - Marking task as SUCCESS. dag_id=***_exam, task_id=transform_into_data.csv, execution_date=20240315T231500, start_date=20240315T231606, end_date=20240315T231606
[2024-03-15 23:16:06,697] {taskinstance.py:1265} INFO - 0 downstream tasks scheduled from follow-on schedule check
[2024-03-15 23:16:06,747] {local_task_job.py:151} INFO - Task exited with return code 0
