[2023-10-11 17:16:03,803] {taskinstance.py:896} INFO - Dependencies all met for <TaskInstance: airflow_exam.transform_into_fulldata.csv 2023-10-11T17:15:00+00:00 [queued]>
[2023-10-11 17:16:03,821] {taskinstance.py:896} INFO - Dependencies all met for <TaskInstance: airflow_exam.transform_into_fulldata.csv 2023-10-11T17:15:00+00:00 [queued]>
[2023-10-11 17:16:03,821] {taskinstance.py:1087} INFO - 
--------------------------------------------------------------------------------
[2023-10-11 17:16:03,821] {taskinstance.py:1088} INFO - Starting attempt 1 of 1
[2023-10-11 17:16:03,822] {taskinstance.py:1089} INFO - 
--------------------------------------------------------------------------------
[2023-10-11 17:16:03,844] {taskinstance.py:1107} INFO - Executing <Task(PythonOperator): transform_into_fulldata.csv> on 2023-10-11T17:15:00+00:00
[2023-10-11 17:16:03,852] {standard_task_runner.py:52} INFO - Started process 1055 to run task
[2023-10-11 17:16:03,857] {standard_task_runner.py:76} INFO - Running: ['***', 'tasks', 'run', '***_exam', 'transform_into_fulldata.csv', '2023-10-11T17:15:00+00:00', '--job-id', '1492', '--pool', 'default_pool', '--raw', '--subdir', 'DAGS_FOLDER/DAG.py', '--cfg-path', '/tmp/tmpg21wqndn', '--error-file', '/tmp/tmpvvgahee2']
[2023-10-11 17:16:03,857] {standard_task_runner.py:77} INFO - Job 1492: Subtask transform_into_fulldata.csv
[2023-10-11 17:16:03,920] {logging_mixin.py:104} INFO - Running <TaskInstance: ***_exam.transform_into_fulldata.csv 2023-10-11T17:15:00+00:00 [running]> on host 3a3d0401ac26
[2023-10-11 17:16:03,993] {taskinstance.py:1302} INFO - Exporting the following env vars:
AIRFLOW_CTX_DAG_OWNER=***
AIRFLOW_CTX_DAG_ID=***_exam
AIRFLOW_CTX_TASK_ID=transform_into_fulldata.csv
AIRFLOW_CTX_EXECUTION_DATE=2023-10-11T17:15:00+00:00
AIRFLOW_CTX_DAG_RUN_ID=scheduled__2023-10-11T17:15:00+00:00
[2023-10-11 17:16:04,014] {logging_mixin.py:104} INFO - 
[2023-10-11 17:16:04,044] {logging_mixin.py:104} INFO -     temperature        city  pression              date
0       296.85       Paris      1015  2023-10-11 17:16
1       290.68      London      1012  2023-10-11 17:16
2       282.37  Washington      1004  2023-10-11 17:16
3       296.85       Paris      1015  2023-10-11 17:15
4       290.68      London      1012  2023-10-11 17:15
5       282.37  Washington      1004  2023-10-11 17:15
6       296.85       Paris      1015  2023-10-11 17:14
7       290.68      London      1012  2023-10-11 17:14
8       282.37  Washington      1004  2023-10-11 17:14
9       296.85       Paris      1015  2023-10-11 17:13
[2023-10-11 17:16:04,050] {python.py:151} INFO - Done. Returned value was: None
[2023-10-11 17:16:04,091] {taskinstance.py:1211} INFO - Marking task as SUCCESS. dag_id=***_exam, task_id=transform_into_fulldata.csv, execution_date=20231011T171500, start_date=20231011T171603, end_date=20231011T171604
[2023-10-11 17:16:04,128] {taskinstance.py:1265} INFO - 3 downstream tasks scheduled from follow-on schedule check
[2023-10-11 17:16:04,149] {local_task_job.py:151} INFO - Task exited with return code 0
