[2024-03-16 01:08:04,459] {taskinstance.py:896} INFO - Dependencies all met for <TaskInstance: airflow_exam.transform_into_fulldata.csv 2024-03-16T01:07:00+00:00 [queued]>
[2024-03-16 01:08:04,489] {taskinstance.py:896} INFO - Dependencies all met for <TaskInstance: airflow_exam.transform_into_fulldata.csv 2024-03-16T01:07:00+00:00 [queued]>
[2024-03-16 01:08:04,490] {taskinstance.py:1087} INFO - 
--------------------------------------------------------------------------------
[2024-03-16 01:08:04,490] {taskinstance.py:1088} INFO - Starting attempt 1 of 1
[2024-03-16 01:08:04,490] {taskinstance.py:1089} INFO - 
--------------------------------------------------------------------------------
[2024-03-16 01:08:04,507] {taskinstance.py:1107} INFO - Executing <Task(PythonOperator): transform_into_fulldata.csv> on 2024-03-16T01:07:00+00:00
[2024-03-16 01:08:04,518] {standard_task_runner.py:52} INFO - Started process 110226 to run task
[2024-03-16 01:08:04,523] {standard_task_runner.py:76} INFO - Running: ['***', 'tasks', 'run', '***_exam', 'transform_into_fulldata.csv', '2024-03-16T01:07:00+00:00', '--job-id', '5548', '--pool', 'default_pool', '--raw', '--subdir', 'DAGS_FOLDER/DAG.py', '--cfg-path', '/tmp/tmph5n6cs3k', '--error-file', '/tmp/tmpby9wuj7o']
[2024-03-16 01:08:04,524] {standard_task_runner.py:77} INFO - Job 5548: Subtask transform_into_fulldata.csv
[2024-03-16 01:08:04,588] {logging_mixin.py:104} INFO - Running <TaskInstance: ***_exam.transform_into_fulldata.csv 2024-03-16T01:07:00+00:00 [running]> on host 3a3d0401ac26
[2024-03-16 01:08:04,671] {taskinstance.py:1302} INFO - Exporting the following env vars:
AIRFLOW_CTX_DAG_OWNER=***
AIRFLOW_CTX_DAG_ID=***_exam
AIRFLOW_CTX_TASK_ID=transform_into_fulldata.csv
AIRFLOW_CTX_EXECUTION_DATE=2024-03-16T01:07:00+00:00
AIRFLOW_CTX_DAG_RUN_ID=scheduled__2024-03-16T01:07:00+00:00
[2024-03-16 01:08:04,752] {logging_mixin.py:104} INFO - 
[2024-03-16 01:08:04,787] {logging_mixin.py:104} INFO -     temperature        city  pression              date
0       284.61       Paris      1016  2024-03-16 01:08
1       281.08      London      1015  2024-03-16 01:08
2       286.76  Washington      1021  2024-03-16 01:08
3       284.61       Paris      1016  2024-03-16 01:07
4       281.08      London      1015  2024-03-16 01:07
5       286.76  Washington      1021  2024-03-16 01:07
6       284.61       Paris      1016  2024-03-16 01:06
7       281.08      London      1015  2024-03-16 01:06
8       286.75  Washington      1021  2024-03-16 01:06
9       284.61       Paris      1016  2024-03-16 01:05
[2024-03-16 01:08:04,802] {python.py:151} INFO - Done. Returned value was: None
[2024-03-16 01:08:04,818] {taskinstance.py:1211} INFO - Marking task as SUCCESS. dag_id=***_exam, task_id=transform_into_fulldata.csv, execution_date=20240316T010700, start_date=20240316T010804, end_date=20240316T010804
[2024-03-16 01:08:04,870] {taskinstance.py:1265} INFO - 3 downstream tasks scheduled from follow-on schedule check
[2024-03-16 01:08:04,896] {local_task_job.py:151} INFO - Task exited with return code 0
