[2024-03-21 00:31:06,348] {taskinstance.py:896} INFO - Dependencies all met for <TaskInstance: airflow_exam.transform_into_data.csv 2024-03-21T00:30:00+00:00 [queued]>
[2024-03-21 00:31:06,372] {taskinstance.py:896} INFO - Dependencies all met for <TaskInstance: airflow_exam.transform_into_data.csv 2024-03-21T00:30:00+00:00 [queued]>
[2024-03-21 00:31:06,373] {taskinstance.py:1087} INFO - 
--------------------------------------------------------------------------------
[2024-03-21 00:31:06,373] {taskinstance.py:1088} INFO - Starting attempt 1 of 1
[2024-03-21 00:31:06,373] {taskinstance.py:1089} INFO - 
--------------------------------------------------------------------------------
[2024-03-21 00:31:06,403] {taskinstance.py:1107} INFO - Executing <Task(PythonOperator): transform_into_data.csv> on 2024-03-21T00:30:00+00:00
[2024-03-21 00:31:06,417] {standard_task_runner.py:52} INFO - Started process 2359 to run task
[2024-03-21 00:31:06,423] {standard_task_runner.py:76} INFO - Running: ['***', 'tasks', 'run', '***_exam', 'transform_into_data.csv', '2024-03-21T00:30:00+00:00', '--job-id', '8444', '--pool', 'default_pool', '--raw', '--subdir', 'DAGS_FOLDER/DAG.py', '--cfg-path', '/tmp/tmp_3f1x36y', '--error-file', '/tmp/tmpjs2med97']
[2024-03-21 00:31:06,424] {standard_task_runner.py:77} INFO - Job 8444: Subtask transform_into_data.csv
[2024-03-21 00:31:06,528] {logging_mixin.py:104} INFO - Running <TaskInstance: ***_exam.transform_into_data.csv 2024-03-21T00:30:00+00:00 [running]> on host 3a3d0401ac26
[2024-03-21 00:31:06,683] {taskinstance.py:1302} INFO - Exporting the following env vars:
AIRFLOW_CTX_DAG_OWNER=***
AIRFLOW_CTX_DAG_ID=***_exam
AIRFLOW_CTX_TASK_ID=transform_into_data.csv
AIRFLOW_CTX_EXECUTION_DATE=2024-03-21T00:30:00+00:00
AIRFLOW_CTX_DAG_RUN_ID=scheduled__2024-03-21T00:30:00+00:00
[2024-03-21 00:31:06,697] {logging_mixin.py:104} INFO - 
[2024-03-21 00:31:06,737] {logging_mixin.py:104} INFO -     temperature        city  pression              date
0       285.74       Paris      1021  2024-03-21 00:31
1       284.38      London      1022  2024-03-21 00:31
2       290.28  Washington      1007  2024-03-21 00:31
3       285.74       Paris      1021  2024-03-21 00:30
4       284.38      London      1022  2024-03-21 00:30
5       290.28  Washington      1007  2024-03-21 00:30
6       285.74       Paris      1021  2024-03-21 00:29
7       284.38      London      1022  2024-03-21 00:29
8       290.28  Washington      1007  2024-03-21 00:29
9       286.15       Paris      1021  2024-03-21 00:03
[2024-03-21 00:31:06,748] {python.py:151} INFO - Done. Returned value was: None
[2024-03-21 00:31:06,769] {taskinstance.py:1211} INFO - Marking task as SUCCESS. dag_id=***_exam, task_id=transform_into_data.csv, execution_date=20240321T003000, start_date=20240321T003106, end_date=20240321T003106
[2024-03-21 00:31:06,825] {taskinstance.py:1265} INFO - 0 downstream tasks scheduled from follow-on schedule check
[2024-03-21 00:31:06,880] {local_task_job.py:151} INFO - Task exited with return code 0
