[2024-03-16 03:16:05,838] {taskinstance.py:896} INFO - Dependencies all met for <TaskInstance: airflow_exam.transform_into_fulldata.csv 2024-03-16T03:15:00+00:00 [queued]>
[2024-03-16 03:16:05,864] {taskinstance.py:896} INFO - Dependencies all met for <TaskInstance: airflow_exam.transform_into_fulldata.csv 2024-03-16T03:15:00+00:00 [queued]>
[2024-03-16 03:16:05,864] {taskinstance.py:1087} INFO - 
--------------------------------------------------------------------------------
[2024-03-16 03:16:05,864] {taskinstance.py:1088} INFO - Starting attempt 1 of 1
[2024-03-16 03:16:05,864] {taskinstance.py:1089} INFO - 
--------------------------------------------------------------------------------
[2024-03-16 03:16:05,876] {taskinstance.py:1107} INFO - Executing <Task(PythonOperator): transform_into_fulldata.csv> on 2024-03-16T03:15:00+00:00
[2024-03-16 03:16:05,886] {standard_task_runner.py:52} INFO - Started process 137694 to run task
[2024-03-16 03:16:05,889] {standard_task_runner.py:76} INFO - Running: ['***', 'tasks', 'run', '***_exam', 'transform_into_fulldata.csv', '2024-03-16T03:15:00+00:00', '--job-id', '6444', '--pool', 'default_pool', '--raw', '--subdir', 'DAGS_FOLDER/DAG.py', '--cfg-path', '/tmp/tmp54p4mqxg', '--error-file', '/tmp/tmp7l2z1hwa']
[2024-03-16 03:16:05,890] {standard_task_runner.py:77} INFO - Job 6444: Subtask transform_into_fulldata.csv
[2024-03-16 03:16:05,938] {logging_mixin.py:104} INFO - Running <TaskInstance: ***_exam.transform_into_fulldata.csv 2024-03-16T03:15:00+00:00 [running]> on host 3a3d0401ac26
[2024-03-16 03:16:06,008] {taskinstance.py:1302} INFO - Exporting the following env vars:
AIRFLOW_CTX_DAG_OWNER=***
AIRFLOW_CTX_DAG_ID=***_exam
AIRFLOW_CTX_TASK_ID=transform_into_fulldata.csv
AIRFLOW_CTX_EXECUTION_DATE=2024-03-16T03:15:00+00:00
AIRFLOW_CTX_DAG_RUN_ID=scheduled__2024-03-16T03:15:00+00:00
[2024-03-16 03:16:06,070] {logging_mixin.py:104} INFO - 
[2024-03-16 03:16:06,090] {logging_mixin.py:104} INFO -     temperature        city  pression              date
0       284.04       Paris      1017  2024-03-16 03:16
1       281.51      London      1015  2024-03-16 03:16
2       282.61  Washington      1023  2024-03-16 03:16
3       284.04       Paris      1017  2024-03-16 03:15
4       281.51      London      1015  2024-03-16 03:15
5       282.61  Washington      1023  2024-03-16 03:15
6       284.04       Paris      1017  2024-03-16 03:14
7       281.51      London      1015  2024-03-16 03:14
8       282.61  Washington      1023  2024-03-16 03:14
9       284.04       Paris      1017  2024-03-16 03:13
[2024-03-16 03:16:06,101] {python.py:151} INFO - Done. Returned value was: None
[2024-03-16 03:16:06,114] {taskinstance.py:1211} INFO - Marking task as SUCCESS. dag_id=***_exam, task_id=transform_into_fulldata.csv, execution_date=20240316T031500, start_date=20240316T031605, end_date=20240316T031606
[2024-03-16 03:16:06,153] {taskinstance.py:1265} INFO - 3 downstream tasks scheduled from follow-on schedule check
[2024-03-16 03:16:06,183] {local_task_job.py:151} INFO - Task exited with return code 0
