[2024-03-20 23:19:01,617] {taskinstance.py:896} INFO - Dependencies all met for <TaskInstance: airflow_exam.retrieve_raw_data 2024-03-20T23:18:00+00:00 [queued]>
[2024-03-20 23:19:01,635] {taskinstance.py:896} INFO - Dependencies all met for <TaskInstance: airflow_exam.retrieve_raw_data 2024-03-20T23:18:00+00:00 [queued]>
[2024-03-20 23:19:01,635] {taskinstance.py:1087} INFO - 
--------------------------------------------------------------------------------
[2024-03-20 23:19:01,635] {taskinstance.py:1088} INFO - Starting attempt 1 of 6
[2024-03-20 23:19:01,636] {taskinstance.py:1089} INFO - 
--------------------------------------------------------------------------------
[2024-03-20 23:19:01,657] {taskinstance.py:1107} INFO - Executing <Task(PythonOperator): retrieve_raw_data> on 2024-03-20T23:18:00+00:00
[2024-03-20 23:19:01,667] {standard_task_runner.py:52} INFO - Started process 35356 to run task
[2024-03-20 23:19:01,672] {standard_task_runner.py:76} INFO - Running: ['***', 'tasks', 'run', '***_exam', 'retrieve_raw_data', '2024-03-20T23:18:00+00:00', '--job-id', '7995', '--pool', 'default_pool', '--raw', '--subdir', 'DAGS_FOLDER/DAG.py', '--cfg-path', '/tmp/tmpsmo93xy5', '--error-file', '/tmp/tmp_j_btyi2']
[2024-03-20 23:19:01,672] {standard_task_runner.py:77} INFO - Job 7995: Subtask retrieve_raw_data
[2024-03-20 23:19:01,730] {logging_mixin.py:104} INFO - Running <TaskInstance: ***_exam.retrieve_raw_data 2024-03-20T23:18:00+00:00 [running]> on host 3a3d0401ac26
[2024-03-20 23:19:01,806] {taskinstance.py:1302} INFO - Exporting the following env vars:
AIRFLOW_CTX_DAG_OWNER=***
AIRFLOW_CTX_DAG_ID=***_exam
AIRFLOW_CTX_TASK_ID=retrieve_raw_data
AIRFLOW_CTX_EXECUTION_DATE=2024-03-20T23:18:00+00:00
AIRFLOW_CTX_DAG_RUN_ID=scheduled__2024-03-20T23:18:00+00:00
[2024-03-20 23:19:02,259] {python.py:151} INFO - Done. Returned value was: None
[2024-03-20 23:19:02,276] {taskinstance.py:1211} INFO - Marking task as SUCCESS. dag_id=***_exam, task_id=retrieve_raw_data, execution_date=20240320T231800, start_date=20240320T231901, end_date=20240320T231902
[2024-03-20 23:19:02,322] {taskinstance.py:1265} INFO - 2 downstream tasks scheduled from follow-on schedule check
[2024-03-20 23:19:02,336] {local_task_job.py:151} INFO - Task exited with return code 0
