[2024-03-16 04:00:08,595] {taskinstance.py:896} INFO - Dependencies all met for <TaskInstance: airflow_exam.transform_into_fulldata.csv 2024-03-16T03:59:00+00:00 [queued]>
[2024-03-16 04:00:08,638] {taskinstance.py:896} INFO - Dependencies all met for <TaskInstance: airflow_exam.transform_into_fulldata.csv 2024-03-16T03:59:00+00:00 [queued]>
[2024-03-16 04:00:08,638] {taskinstance.py:1087} INFO - 
--------------------------------------------------------------------------------
[2024-03-16 04:00:08,639] {taskinstance.py:1088} INFO - Starting attempt 1 of 1
[2024-03-16 04:00:08,639] {taskinstance.py:1089} INFO - 
--------------------------------------------------------------------------------
[2024-03-16 04:00:08,666] {taskinstance.py:1107} INFO - Executing <Task(PythonOperator): transform_into_fulldata.csv> on 2024-03-16T03:59:00+00:00
[2024-03-16 04:00:08,682] {standard_task_runner.py:52} INFO - Started process 147110 to run task
[2024-03-16 04:00:08,688] {standard_task_runner.py:76} INFO - Running: ['***', 'tasks', 'run', '***_exam', 'transform_into_fulldata.csv', '2024-03-16T03:59:00+00:00', '--job-id', '6752', '--pool', 'default_pool', '--raw', '--subdir', 'DAGS_FOLDER/DAG.py', '--cfg-path', '/tmp/tmpjhmwv7kt', '--error-file', '/tmp/tmpknp1gjwh']
[2024-03-16 04:00:08,688] {standard_task_runner.py:77} INFO - Job 6752: Subtask transform_into_fulldata.csv
[2024-03-16 04:00:08,781] {logging_mixin.py:104} INFO - Running <TaskInstance: ***_exam.transform_into_fulldata.csv 2024-03-16T03:59:00+00:00 [running]> on host 3a3d0401ac26
[2024-03-16 04:00:08,886] {taskinstance.py:1302} INFO - Exporting the following env vars:
AIRFLOW_CTX_DAG_OWNER=***
AIRFLOW_CTX_DAG_ID=***_exam
AIRFLOW_CTX_TASK_ID=transform_into_fulldata.csv
AIRFLOW_CTX_EXECUTION_DATE=2024-03-16T03:59:00+00:00
AIRFLOW_CTX_DAG_RUN_ID=scheduled__2024-03-16T03:59:00+00:00
[2024-03-16 04:00:08,975] {logging_mixin.py:104} INFO - 
[2024-03-16 04:00:09,011] {logging_mixin.py:104} INFO -     temperature        city  pression              date
0       283.91       Paris      1018  2024-03-16 04:00
1       281.50      London      1016  2024-03-16 04:00
2       281.72  Washington      1023  2024-03-16 04:00
3       283.91       Paris      1018  2024-03-16 03:59
4       281.50      London      1016  2024-03-16 03:59
5       281.72  Washington      1023  2024-03-16 03:59
6       283.91       Paris      1018  2024-03-16 03:58
7       281.50      London      1016  2024-03-16 03:58
8       281.72  Washington      1023  2024-03-16 03:58
9       283.84       Paris      1017  2024-03-16 03:57
[2024-03-16 04:00:09,028] {python.py:151} INFO - Done. Returned value was: None
[2024-03-16 04:00:09,041] {taskinstance.py:1211} INFO - Marking task as SUCCESS. dag_id=***_exam, task_id=transform_into_fulldata.csv, execution_date=20240316T035900, start_date=20240316T040008, end_date=20240316T040009
[2024-03-16 04:00:09,093] {taskinstance.py:1265} INFO - 3 downstream tasks scheduled from follow-on schedule check
[2024-03-16 04:00:09,141] {local_task_job.py:151} INFO - Task exited with return code 0
