[2024-03-16 03:49:01,749] {taskinstance.py:896} INFO - Dependencies all met for <TaskInstance: airflow_exam.retrieve_raw_data 2024-03-16T03:48:00+00:00 [queued]>
[2024-03-16 03:49:01,769] {taskinstance.py:896} INFO - Dependencies all met for <TaskInstance: airflow_exam.retrieve_raw_data 2024-03-16T03:48:00+00:00 [queued]>
[2024-03-16 03:49:01,770] {taskinstance.py:1087} INFO - 
--------------------------------------------------------------------------------
[2024-03-16 03:49:01,770] {taskinstance.py:1088} INFO - Starting attempt 1 of 6
[2024-03-16 03:49:01,770] {taskinstance.py:1089} INFO - 
--------------------------------------------------------------------------------
[2024-03-16 03:49:01,780] {taskinstance.py:1107} INFO - Executing <Task(PythonOperator): retrieve_raw_data> on 2024-03-16T03:48:00+00:00
[2024-03-16 03:49:01,787] {standard_task_runner.py:52} INFO - Started process 144702 to run task
[2024-03-16 03:49:01,790] {standard_task_runner.py:76} INFO - Running: ['***', 'tasks', 'run', '***_exam', 'retrieve_raw_data', '2024-03-16T03:48:00+00:00', '--job-id', '6673', '--pool', 'default_pool', '--raw', '--subdir', 'DAGS_FOLDER/DAG.py', '--cfg-path', '/tmp/tmpi5drubp1', '--error-file', '/tmp/tmplqy9wj7g']
[2024-03-16 03:49:01,791] {standard_task_runner.py:77} INFO - Job 6673: Subtask retrieve_raw_data
[2024-03-16 03:49:01,839] {logging_mixin.py:104} INFO - Running <TaskInstance: ***_exam.retrieve_raw_data 2024-03-16T03:48:00+00:00 [running]> on host 3a3d0401ac26
[2024-03-16 03:49:01,905] {taskinstance.py:1302} INFO - Exporting the following env vars:
AIRFLOW_CTX_DAG_OWNER=***
AIRFLOW_CTX_DAG_ID=***_exam
AIRFLOW_CTX_TASK_ID=retrieve_raw_data
AIRFLOW_CTX_EXECUTION_DATE=2024-03-16T03:48:00+00:00
AIRFLOW_CTX_DAG_RUN_ID=scheduled__2024-03-16T03:48:00+00:00
[2024-03-16 03:49:02,394] {python.py:151} INFO - Done. Returned value was: None
[2024-03-16 03:49:02,407] {taskinstance.py:1211} INFO - Marking task as SUCCESS. dag_id=***_exam, task_id=retrieve_raw_data, execution_date=20240316T034800, start_date=20240316T034901, end_date=20240316T034902
[2024-03-16 03:49:02,444] {taskinstance.py:1265} INFO - 2 downstream tasks scheduled from follow-on schedule check
[2024-03-16 03:49:02,486] {local_task_job.py:151} INFO - Task exited with return code 0
