[2024-03-16 01:57:05,024] {taskinstance.py:896} INFO - Dependencies all met for <TaskInstance: airflow_exam.transform_into_fulldata.csv 2024-03-16T01:56:00+00:00 [queued]>
[2024-03-16 01:57:05,046] {taskinstance.py:896} INFO - Dependencies all met for <TaskInstance: airflow_exam.transform_into_fulldata.csv 2024-03-16T01:56:00+00:00 [queued]>
[2024-03-16 01:57:05,046] {taskinstance.py:1087} INFO - 
--------------------------------------------------------------------------------
[2024-03-16 01:57:05,046] {taskinstance.py:1088} INFO - Starting attempt 1 of 1
[2024-03-16 01:57:05,046] {taskinstance.py:1089} INFO - 
--------------------------------------------------------------------------------
[2024-03-16 01:57:05,058] {taskinstance.py:1107} INFO - Executing <Task(PythonOperator): transform_into_fulldata.csv> on 2024-03-16T01:56:00+00:00
[2024-03-16 01:57:05,068] {standard_task_runner.py:52} INFO - Started process 120722 to run task
[2024-03-16 01:57:05,072] {standard_task_runner.py:76} INFO - Running: ['***', 'tasks', 'run', '***_exam', 'transform_into_fulldata.csv', '2024-03-16T01:56:00+00:00', '--job-id', '5891', '--pool', 'default_pool', '--raw', '--subdir', 'DAGS_FOLDER/DAG.py', '--cfg-path', '/tmp/tmpr797wgb4', '--error-file', '/tmp/tmphvni83r4']
[2024-03-16 01:57:05,072] {standard_task_runner.py:77} INFO - Job 5891: Subtask transform_into_fulldata.csv
[2024-03-16 01:57:05,122] {logging_mixin.py:104} INFO - Running <TaskInstance: ***_exam.transform_into_fulldata.csv 2024-03-16T01:56:00+00:00 [running]> on host 3a3d0401ac26
[2024-03-16 01:57:05,202] {taskinstance.py:1302} INFO - Exporting the following env vars:
AIRFLOW_CTX_DAG_OWNER=***
AIRFLOW_CTX_DAG_ID=***_exam
AIRFLOW_CTX_TASK_ID=transform_into_fulldata.csv
AIRFLOW_CTX_EXECUTION_DATE=2024-03-16T01:56:00+00:00
AIRFLOW_CTX_DAG_RUN_ID=scheduled__2024-03-16T01:56:00+00:00
[2024-03-16 01:57:05,280] {logging_mixin.py:104} INFO - 
[2024-03-16 01:57:05,304] {logging_mixin.py:104} INFO -     temperature        city  pression              date
0       284.42       Paris      1016  2024-03-16 01:57
1       281.09      London      1014  2024-03-16 01:57
2       283.95  Washington      1022  2024-03-16 01:57
3       284.42       Paris      1016  2024-03-16 01:56
4       281.09      London      1014  2024-03-16 01:56
5       283.95  Washington      1022  2024-03-16 01:56
6       284.42       Paris      1016  2024-03-16 01:55
7       281.09      London      1014  2024-03-16 01:55
8       283.95  Washington      1022  2024-03-16 01:55
9       284.42       Paris      1016  2024-03-16 01:54
[2024-03-16 01:57:05,318] {python.py:151} INFO - Done. Returned value was: None
[2024-03-16 01:57:05,334] {taskinstance.py:1211} INFO - Marking task as SUCCESS. dag_id=***_exam, task_id=transform_into_fulldata.csv, execution_date=20240316T015600, start_date=20240316T015705, end_date=20240316T015705
[2024-03-16 01:57:05,381] {taskinstance.py:1265} INFO - 3 downstream tasks scheduled from follow-on schedule check
[2024-03-16 01:57:05,405] {local_task_job.py:151} INFO - Task exited with return code 0
