[2024-03-15 22:25:04,665] {taskinstance.py:896} INFO - Dependencies all met for <TaskInstance: airflow_exam.transform_into_data.csv 2024-03-15T22:24:00+00:00 [queued]>
[2024-03-15 22:25:04,691] {taskinstance.py:896} INFO - Dependencies all met for <TaskInstance: airflow_exam.transform_into_data.csv 2024-03-15T22:24:00+00:00 [queued]>
[2024-03-15 22:25:04,692] {taskinstance.py:1087} INFO - 
--------------------------------------------------------------------------------
[2024-03-15 22:25:04,692] {taskinstance.py:1088} INFO - Starting attempt 1 of 1
[2024-03-15 22:25:04,692] {taskinstance.py:1089} INFO - 
--------------------------------------------------------------------------------
[2024-03-15 22:25:04,706] {taskinstance.py:1107} INFO - Executing <Task(PythonOperator): transform_into_data.csv> on 2024-03-15T22:24:00+00:00
[2024-03-15 22:25:04,717] {standard_task_runner.py:52} INFO - Started process 76644 to run task
[2024-03-15 22:25:04,721] {standard_task_runner.py:76} INFO - Running: ['***', 'tasks', 'run', '***_exam', 'transform_into_data.csv', '2024-03-15T22:24:00+00:00', '--job-id', '4413', '--pool', 'default_pool', '--raw', '--subdir', 'DAGS_FOLDER/DAG.py', '--cfg-path', '/tmp/tmp7z5fqumj', '--error-file', '/tmp/tmppauk3zgg']
[2024-03-15 22:25:04,721] {standard_task_runner.py:77} INFO - Job 4413: Subtask transform_into_data.csv
[2024-03-15 22:25:04,789] {logging_mixin.py:104} INFO - Running <TaskInstance: ***_exam.transform_into_data.csv 2024-03-15T22:24:00+00:00 [running]> on host 3a3d0401ac26
[2024-03-15 22:25:04,884] {taskinstance.py:1302} INFO - Exporting the following env vars:
AIRFLOW_CTX_DAG_OWNER=***
AIRFLOW_CTX_DAG_ID=***_exam
AIRFLOW_CTX_TASK_ID=transform_into_data.csv
AIRFLOW_CTX_EXECUTION_DATE=2024-03-15T22:24:00+00:00
AIRFLOW_CTX_DAG_RUN_ID=scheduled__2024-03-15T22:24:00+00:00
[2024-03-15 22:25:04,892] {logging_mixin.py:104} INFO - 
[2024-03-15 22:25:04,916] {logging_mixin.py:104} INFO -     temperature        city  pression              date
0       285.35       Paris      1014  2024-03-15 22:25
1       282.95      London      1011  2024-03-15 22:25
2       288.86  Washington      1022  2024-03-15 22:25
3       285.35       Paris      1014  2024-03-15 22:24
4       282.95      London      1011  2024-03-15 22:24
5       288.86  Washington      1022  2024-03-15 22:24
6       285.35       Paris      1014  2024-03-15 22:23
7       282.95      London      1011  2024-03-15 22:23
8       288.86  Washington      1022  2024-03-15 22:23
9       285.35       Paris      1014  2024-03-15 22:22
[2024-03-15 22:25:04,920] {python.py:151} INFO - Done. Returned value was: None
[2024-03-15 22:25:04,935] {taskinstance.py:1211} INFO - Marking task as SUCCESS. dag_id=***_exam, task_id=transform_into_data.csv, execution_date=20240315T222400, start_date=20240315T222504, end_date=20240315T222504
[2024-03-15 22:25:04,970] {taskinstance.py:1265} INFO - 0 downstream tasks scheduled from follow-on schedule check
[2024-03-15 22:25:05,014] {local_task_job.py:151} INFO - Task exited with return code 0
