[2024-03-21 18:24:03,905] {taskinstance.py:896} INFO - Dependencies all met for <TaskInstance: airflow_exam.transform_into_fulldata.csv 2024-03-21T18:23:00+00:00 [queued]>
[2024-03-21 18:24:03,924] {taskinstance.py:896} INFO - Dependencies all met for <TaskInstance: airflow_exam.transform_into_fulldata.csv 2024-03-21T18:23:00+00:00 [queued]>
[2024-03-21 18:24:03,924] {taskinstance.py:1087} INFO - 
--------------------------------------------------------------------------------
[2024-03-21 18:24:03,924] {taskinstance.py:1088} INFO - Starting attempt 1 of 1
[2024-03-21 18:24:03,924] {taskinstance.py:1089} INFO - 
--------------------------------------------------------------------------------
[2024-03-21 18:24:03,935] {taskinstance.py:1107} INFO - Executing <Task(PythonOperator): transform_into_fulldata.csv> on 2024-03-21T18:23:00+00:00
[2024-03-21 18:24:03,944] {standard_task_runner.py:52} INFO - Started process 35181 to run task
[2024-03-21 18:24:03,948] {standard_task_runner.py:76} INFO - Running: ['***', 'tasks', 'run', '***_exam', 'transform_into_fulldata.csv', '2024-03-21T18:23:00+00:00', '--job-id', '10192', '--pool', 'default_pool', '--raw', '--subdir', 'DAGS_FOLDER/DAG.py', '--cfg-path', '/tmp/tmpwxggd5_o', '--error-file', '/tmp/tmplhdqh9wr']
[2024-03-21 18:24:03,949] {standard_task_runner.py:77} INFO - Job 10192: Subtask transform_into_fulldata.csv
[2024-03-21 18:24:04,002] {logging_mixin.py:104} INFO - Running <TaskInstance: ***_exam.transform_into_fulldata.csv 2024-03-21T18:23:00+00:00 [running]> on host 3a3d0401ac26
[2024-03-21 18:24:04,076] {taskinstance.py:1302} INFO - Exporting the following env vars:
AIRFLOW_CTX_DAG_OWNER=***
AIRFLOW_CTX_DAG_ID=***_exam
AIRFLOW_CTX_TASK_ID=transform_into_fulldata.csv
AIRFLOW_CTX_EXECUTION_DATE=2024-03-21T18:23:00+00:00
AIRFLOW_CTX_DAG_RUN_ID=scheduled__2024-03-21T18:23:00+00:00
[2024-03-21 18:24:04,172] {logging_mixin.py:104} INFO - 
[2024-03-21 18:24:04,189] {logging_mixin.py:104} INFO -     temperature        city  pression              date
0       289.91       Paris      1025  2024-03-21 18:24
1       287.90      London      1022  2024-03-21 18:24
2       284.73  Washington      1014  2024-03-21 18:24
3       289.91       Paris      1025  2024-03-21 18:23
4       287.90      London      1022  2024-03-21 18:23
5       284.73  Washington      1014  2024-03-21 18:23
6       289.91       Paris      1025  2024-03-21 18:22
7       287.90      London      1022  2024-03-21 18:22
8       284.73  Washington      1014  2024-03-21 18:22
9       289.91       Paris      1025  2024-03-21 18:21
[2024-03-21 18:24:04,203] {python.py:151} INFO - Done. Returned value was: None
[2024-03-21 18:24:04,214] {taskinstance.py:1211} INFO - Marking task as SUCCESS. dag_id=***_exam, task_id=transform_into_fulldata.csv, execution_date=20240321T182300, start_date=20240321T182403, end_date=20240321T182404
[2024-03-21 18:24:04,249] {taskinstance.py:1265} INFO - 3 downstream tasks scheduled from follow-on schedule check
[2024-03-21 18:24:04,282] {local_task_job.py:151} INFO - Task exited with return code 0
