[2023-10-07 16:01:03,848] {taskinstance.py:896} INFO - Dependencies all met for <TaskInstance: airflow_exam.transform_into_fulldata.csv 2023-10-07T16:00:00+00:00 [queued]>
[2023-10-07 16:01:03,865] {taskinstance.py:896} INFO - Dependencies all met for <TaskInstance: airflow_exam.transform_into_fulldata.csv 2023-10-07T16:00:00+00:00 [queued]>
[2023-10-07 16:01:03,866] {taskinstance.py:1087} INFO - 
--------------------------------------------------------------------------------
[2023-10-07 16:01:03,866] {taskinstance.py:1088} INFO - Starting attempt 1 of 1
[2023-10-07 16:01:03,866] {taskinstance.py:1089} INFO - 
--------------------------------------------------------------------------------
[2023-10-07 16:01:03,874] {taskinstance.py:1107} INFO - Executing <Task(PythonOperator): transform_into_fulldata.csv> on 2023-10-07T16:00:00+00:00
[2023-10-07 16:01:03,883] {standard_task_runner.py:52} INFO - Started process 2954 to run task
[2023-10-07 16:01:03,886] {standard_task_runner.py:76} INFO - Running: ['***', 'tasks', 'run', '***_exam', 'transform_into_fulldata.csv', '2023-10-07T16:00:00+00:00', '--job-id', '1314', '--pool', 'default_pool', '--raw', '--subdir', 'DAGS_FOLDER/DAG.py', '--cfg-path', '/tmp/tmpvmdffro1', '--error-file', '/tmp/tmpi7b9fmgm']
[2023-10-07 16:01:03,887] {standard_task_runner.py:77} INFO - Job 1314: Subtask transform_into_fulldata.csv
[2023-10-07 16:01:03,934] {logging_mixin.py:104} INFO - Running <TaskInstance: ***_exam.transform_into_fulldata.csv 2023-10-07T16:00:00+00:00 [running]> on host 3a3d0401ac26
[2023-10-07 16:01:03,994] {taskinstance.py:1302} INFO - Exporting the following env vars:
AIRFLOW_CTX_DAG_OWNER=***
AIRFLOW_CTX_DAG_ID=***_exam
AIRFLOW_CTX_TASK_ID=transform_into_fulldata.csv
AIRFLOW_CTX_EXECUTION_DATE=2023-10-07T16:00:00+00:00
AIRFLOW_CTX_DAG_RUN_ID=scheduled__2023-10-07T16:00:00+00:00
[2023-10-07 16:01:04,005] {logging_mixin.py:104} INFO - 
[2023-10-07 16:01:04,022] {logging_mixin.py:104} INFO -     temperature        city  pression              date
0       298.15       Paris      1026  2023-10-07 16:01
1       296.57      London      1022  2023-10-07 16:01
2       281.37  Washington      1019  2023-10-07 16:01
3       298.15       Paris      1026  2023-10-07 16:00
4       296.57      London      1022  2023-10-07 16:00
5       281.37  Washington      1019  2023-10-07 16:00
6       298.15       Paris      1026  2023-10-07 15:59
7       296.57      London      1022  2023-10-07 15:59
8       281.37  Washington      1019  2023-10-07 15:59
9       298.15       Paris      1026  2023-10-07 15:58
[2023-10-07 16:01:04,026] {python.py:151} INFO - Done. Returned value was: None
[2023-10-07 16:01:04,037] {taskinstance.py:1211} INFO - Marking task as SUCCESS. dag_id=***_exam, task_id=transform_into_fulldata.csv, execution_date=20231007T160000, start_date=20231007T160103, end_date=20231007T160104
[2023-10-07 16:01:04,075] {taskinstance.py:1265} INFO - 3 downstream tasks scheduled from follow-on schedule check
[2023-10-07 16:01:04,098] {local_task_job.py:151} INFO - Task exited with return code 0
