[2023-10-07 16:03:03,053] {taskinstance.py:896} INFO - Dependencies all met for <TaskInstance: airflow_exam.transform_into_data.csv 2023-10-07T16:02:00+00:00 [queued]>
[2023-10-07 16:03:03,070] {taskinstance.py:896} INFO - Dependencies all met for <TaskInstance: airflow_exam.transform_into_data.csv 2023-10-07T16:02:00+00:00 [queued]>
[2023-10-07 16:03:03,071] {taskinstance.py:1087} INFO - 
--------------------------------------------------------------------------------
[2023-10-07 16:03:03,071] {taskinstance.py:1088} INFO - Starting attempt 1 of 1
[2023-10-07 16:03:03,071] {taskinstance.py:1089} INFO - 
--------------------------------------------------------------------------------
[2023-10-07 16:03:03,081] {taskinstance.py:1107} INFO - Executing <Task(PythonOperator): transform_into_data.csv> on 2023-10-07T16:02:00+00:00
[2023-10-07 16:03:03,088] {standard_task_runner.py:52} INFO - Started process 3325 to run task
[2023-10-07 16:03:03,091] {standard_task_runner.py:76} INFO - Running: ['***', 'tasks', 'run', '***_exam', 'transform_into_data.csv', '2023-10-07T16:02:00+00:00', '--job-id', '1327', '--pool', 'default_pool', '--raw', '--subdir', 'DAGS_FOLDER/DAG.py', '--cfg-path', '/tmp/tmp7hegty_c', '--error-file', '/tmp/tmpnobheiwt']
[2023-10-07 16:03:03,091] {standard_task_runner.py:77} INFO - Job 1327: Subtask transform_into_data.csv
[2023-10-07 16:03:03,133] {logging_mixin.py:104} INFO - Running <TaskInstance: ***_exam.transform_into_data.csv 2023-10-07T16:02:00+00:00 [running]> on host 3a3d0401ac26
[2023-10-07 16:03:03,188] {taskinstance.py:1302} INFO - Exporting the following env vars:
AIRFLOW_CTX_DAG_OWNER=***
AIRFLOW_CTX_DAG_ID=***_exam
AIRFLOW_CTX_TASK_ID=transform_into_data.csv
AIRFLOW_CTX_EXECUTION_DATE=2023-10-07T16:02:00+00:00
AIRFLOW_CTX_DAG_RUN_ID=scheduled__2023-10-07T16:02:00+00:00
[2023-10-07 16:03:03,193] {logging_mixin.py:104} INFO - 
[2023-10-07 16:03:03,209] {logging_mixin.py:104} INFO -     temperature        city  pression              date
0       298.15       Paris      1026  2023-10-07 16:03
1       296.50      London      1023  2023-10-07 16:03
2       281.37  Washington      1019  2023-10-07 16:03
3       298.15       Paris      1026  2023-10-07 16:02
4       296.57      London      1022  2023-10-07 16:02
5       281.37  Washington      1019  2023-10-07 16:02
6       298.15       Paris      1026  2023-10-07 16:01
7       296.57      London      1022  2023-10-07 16:01
8       281.37  Washington      1019  2023-10-07 16:01
9       298.15       Paris      1026  2023-10-07 16:00
[2023-10-07 16:03:03,212] {python.py:151} INFO - Done. Returned value was: None
[2023-10-07 16:03:03,268] {taskinstance.py:1211} INFO - Marking task as SUCCESS. dag_id=***_exam, task_id=transform_into_data.csv, execution_date=20231007T160200, start_date=20231007T160303, end_date=20231007T160303
[2023-10-07 16:03:03,296] {taskinstance.py:1265} INFO - 0 downstream tasks scheduled from follow-on schedule check
[2023-10-07 16:03:03,344] {local_task_job.py:151} INFO - Task exited with return code 0
