[2024-04-01 23:19:22,509] {scheduler_job.py:182} INFO - Started process (PID=97) to work on /home/airflow/.local/lib/python3.6/site-packages/airflow/example_dags/example_branch_operator.py
[2024-04-01 23:19:22,513] {scheduler_job.py:633} INFO - Processing file /home/airflow/.local/lib/python3.6/site-packages/airflow/example_dags/example_branch_operator.py for tasks to queue
[2024-04-01 23:19:22,515] {logging_mixin.py:104} INFO - [2024-04-01 23:19:22,514] {dagbag.py:496} INFO - Filling up the DagBag from /home/airflow/.local/lib/python3.6/site-packages/airflow/example_dags/example_branch_operator.py
[2024-04-01 23:19:22,547] {scheduler_job.py:643} INFO - DAG(s) dict_keys(['example_branch_operator']) retrieved from /home/airflow/.local/lib/python3.6/site-packages/airflow/example_dags/example_branch_operator.py
[2024-04-01 23:19:23,036] {logging_mixin.py:104} INFO - [2024-04-01 23:19:23,036] {dag.py:1833} INFO - Sync 1 DAGs
[2024-04-01 23:19:23,074] {logging_mixin.py:104} INFO - [2024-04-01 23:19:23,073] {dag.py:2306} INFO - Setting next_dagrun for example_branch_operator to 2024-03-30 00:00:00+00:00
[2024-04-01 23:19:23,102] {scheduler_job.py:190} INFO - Processing /home/airflow/.local/lib/python3.6/site-packages/airflow/example_dags/example_branch_operator.py took 0.599 seconds
[2024-04-01 23:19:53,270] {scheduler_job.py:182} INFO - Started process (PID=154) to work on /home/airflow/.local/lib/python3.6/site-packages/airflow/example_dags/example_branch_operator.py
[2024-04-01 23:19:53,271] {scheduler_job.py:633} INFO - Processing file /home/airflow/.local/lib/python3.6/site-packages/airflow/example_dags/example_branch_operator.py for tasks to queue
[2024-04-01 23:19:53,273] {logging_mixin.py:104} INFO - [2024-04-01 23:19:53,272] {dagbag.py:496} INFO - Filling up the DagBag from /home/airflow/.local/lib/python3.6/site-packages/airflow/example_dags/example_branch_operator.py
[2024-04-01 23:19:53,329] {scheduler_job.py:643} INFO - DAG(s) dict_keys(['example_branch_operator']) retrieved from /home/airflow/.local/lib/python3.6/site-packages/airflow/example_dags/example_branch_operator.py
[2024-04-01 23:19:53,393] {logging_mixin.py:104} INFO - [2024-04-01 23:19:53,393] {dag.py:1833} INFO - Sync 1 DAGs
[2024-04-01 23:19:53,453] {logging_mixin.py:104} INFO - [2024-04-01 23:19:53,453] {dag.py:2306} INFO - Setting next_dagrun for example_branch_operator to 2024-03-30 00:00:00+00:00
[2024-04-01 23:19:53,515] {scheduler_job.py:190} INFO - Processing /home/airflow/.local/lib/python3.6/site-packages/airflow/example_dags/example_branch_operator.py took 0.258 seconds
[2024-04-01 23:20:23,613] {scheduler_job.py:182} INFO - Started process (PID=247) to work on /home/airflow/.local/lib/python3.6/site-packages/airflow/example_dags/example_branch_operator.py
[2024-04-01 23:20:23,614] {scheduler_job.py:633} INFO - Processing file /home/airflow/.local/lib/python3.6/site-packages/airflow/example_dags/example_branch_operator.py for tasks to queue
[2024-04-01 23:20:23,614] {logging_mixin.py:104} INFO - [2024-04-01 23:20:23,614] {dagbag.py:496} INFO - Filling up the DagBag from /home/airflow/.local/lib/python3.6/site-packages/airflow/example_dags/example_branch_operator.py
[2024-04-01 23:20:23,627] {scheduler_job.py:643} INFO - DAG(s) dict_keys(['example_branch_operator']) retrieved from /home/airflow/.local/lib/python3.6/site-packages/airflow/example_dags/example_branch_operator.py
[2024-04-01 23:20:23,650] {logging_mixin.py:104} INFO - [2024-04-01 23:20:23,650] {dag.py:1833} INFO - Sync 1 DAGs
[2024-04-01 23:20:23,674] {logging_mixin.py:104} INFO - [2024-04-01 23:20:23,674] {dag.py:2306} INFO - Setting next_dagrun for example_branch_operator to 2024-03-30 00:00:00+00:00
[2024-04-01 23:20:23,687] {scheduler_job.py:190} INFO - Processing /home/airflow/.local/lib/python3.6/site-packages/airflow/example_dags/example_branch_operator.py took 0.076 seconds
[2024-04-01 23:20:54,269] {scheduler_job.py:182} INFO - Started process (PID=322) to work on /home/airflow/.local/lib/python3.6/site-packages/airflow/example_dags/example_branch_operator.py
[2024-04-01 23:20:54,270] {scheduler_job.py:633} INFO - Processing file /home/airflow/.local/lib/python3.6/site-packages/airflow/example_dags/example_branch_operator.py for tasks to queue
[2024-04-01 23:20:54,271] {logging_mixin.py:104} INFO - [2024-04-01 23:20:54,271] {dagbag.py:496} INFO - Filling up the DagBag from /home/airflow/.local/lib/python3.6/site-packages/airflow/example_dags/example_branch_operator.py
[2024-04-01 23:20:54,293] {scheduler_job.py:643} INFO - DAG(s) dict_keys(['example_branch_operator']) retrieved from /home/airflow/.local/lib/python3.6/site-packages/airflow/example_dags/example_branch_operator.py
[2024-04-01 23:20:54,328] {logging_mixin.py:104} INFO - [2024-04-01 23:20:54,328] {dag.py:1833} INFO - Sync 1 DAGs
[2024-04-01 23:20:54,359] {logging_mixin.py:104} INFO - [2024-04-01 23:20:54,359] {dag.py:2306} INFO - Setting next_dagrun for example_branch_operator to 2024-03-30 00:00:00+00:00
[2024-04-01 23:20:54,382] {scheduler_job.py:190} INFO - Processing /home/airflow/.local/lib/python3.6/site-packages/airflow/example_dags/example_branch_operator.py took 0.117 seconds
[2024-04-01 23:21:24,929] {scheduler_job.py:182} INFO - Started process (PID=405) to work on /home/airflow/.local/lib/python3.6/site-packages/airflow/example_dags/example_branch_operator.py
[2024-04-01 23:21:24,930] {scheduler_job.py:633} INFO - Processing file /home/airflow/.local/lib/python3.6/site-packages/airflow/example_dags/example_branch_operator.py for tasks to queue
[2024-04-01 23:21:24,933] {logging_mixin.py:104} INFO - [2024-04-01 23:21:24,931] {dagbag.py:496} INFO - Filling up the DagBag from /home/airflow/.local/lib/python3.6/site-packages/airflow/example_dags/example_branch_operator.py
[2024-04-01 23:21:24,967] {scheduler_job.py:643} INFO - DAG(s) dict_keys(['example_branch_operator']) retrieved from /home/airflow/.local/lib/python3.6/site-packages/airflow/example_dags/example_branch_operator.py
[2024-04-01 23:21:25,011] {logging_mixin.py:104} INFO - [2024-04-01 23:21:25,010] {dag.py:1833} INFO - Sync 1 DAGs
[2024-04-01 23:21:25,035] {logging_mixin.py:104} INFO - [2024-04-01 23:21:25,035] {dag.py:2306} INFO - Setting next_dagrun for example_branch_operator to 2024-03-30 00:00:00+00:00
[2024-04-01 23:21:25,050] {scheduler_job.py:190} INFO - Processing /home/airflow/.local/lib/python3.6/site-packages/airflow/example_dags/example_branch_operator.py took 0.126 seconds
[2024-04-01 23:21:55,235] {scheduler_job.py:182} INFO - Started process (PID=489) to work on /home/airflow/.local/lib/python3.6/site-packages/airflow/example_dags/example_branch_operator.py
[2024-04-01 23:21:55,236] {scheduler_job.py:633} INFO - Processing file /home/airflow/.local/lib/python3.6/site-packages/airflow/example_dags/example_branch_operator.py for tasks to queue
[2024-04-01 23:21:55,237] {logging_mixin.py:104} INFO - [2024-04-01 23:21:55,237] {dagbag.py:496} INFO - Filling up the DagBag from /home/airflow/.local/lib/python3.6/site-packages/airflow/example_dags/example_branch_operator.py
[2024-04-01 23:21:55,260] {scheduler_job.py:643} INFO - DAG(s) dict_keys(['example_branch_operator']) retrieved from /home/airflow/.local/lib/python3.6/site-packages/airflow/example_dags/example_branch_operator.py
[2024-04-01 23:21:55,300] {logging_mixin.py:104} INFO - [2024-04-01 23:21:55,299] {dag.py:1833} INFO - Sync 1 DAGs
[2024-04-01 23:21:55,336] {logging_mixin.py:104} INFO - [2024-04-01 23:21:55,336] {dag.py:2306} INFO - Setting next_dagrun for example_branch_operator to 2024-03-30 00:00:00+00:00
[2024-04-01 23:21:55,358] {scheduler_job.py:190} INFO - Processing /home/airflow/.local/lib/python3.6/site-packages/airflow/example_dags/example_branch_operator.py took 0.128 seconds
[2024-04-01 23:22:25,457] {scheduler_job.py:182} INFO - Started process (PID=571) to work on /home/airflow/.local/lib/python3.6/site-packages/airflow/example_dags/example_branch_operator.py
[2024-04-01 23:22:25,459] {scheduler_job.py:633} INFO - Processing file /home/airflow/.local/lib/python3.6/site-packages/airflow/example_dags/example_branch_operator.py for tasks to queue
[2024-04-01 23:22:25,460] {logging_mixin.py:104} INFO - [2024-04-01 23:22:25,460] {dagbag.py:496} INFO - Filling up the DagBag from /home/airflow/.local/lib/python3.6/site-packages/airflow/example_dags/example_branch_operator.py
[2024-04-01 23:22:25,478] {scheduler_job.py:643} INFO - DAG(s) dict_keys(['example_branch_operator']) retrieved from /home/airflow/.local/lib/python3.6/site-packages/airflow/example_dags/example_branch_operator.py
[2024-04-01 23:22:25,515] {logging_mixin.py:104} INFO - [2024-04-01 23:22:25,515] {dag.py:1833} INFO - Sync 1 DAGs
[2024-04-01 23:22:25,544] {logging_mixin.py:104} INFO - [2024-04-01 23:22:25,544] {dag.py:2306} INFO - Setting next_dagrun for example_branch_operator to 2024-03-30 00:00:00+00:00
[2024-04-01 23:22:25,558] {scheduler_job.py:190} INFO - Processing /home/airflow/.local/lib/python3.6/site-packages/airflow/example_dags/example_branch_operator.py took 0.105 seconds
[2024-04-01 23:22:56,429] {scheduler_job.py:182} INFO - Started process (PID=646) to work on /home/airflow/.local/lib/python3.6/site-packages/airflow/example_dags/example_branch_operator.py
[2024-04-01 23:22:56,430] {scheduler_job.py:633} INFO - Processing file /home/airflow/.local/lib/python3.6/site-packages/airflow/example_dags/example_branch_operator.py for tasks to queue
[2024-04-01 23:22:56,431] {logging_mixin.py:104} INFO - [2024-04-01 23:22:56,430] {dagbag.py:496} INFO - Filling up the DagBag from /home/airflow/.local/lib/python3.6/site-packages/airflow/example_dags/example_branch_operator.py
[2024-04-01 23:22:56,444] {scheduler_job.py:643} INFO - DAG(s) dict_keys(['example_branch_operator']) retrieved from /home/airflow/.local/lib/python3.6/site-packages/airflow/example_dags/example_branch_operator.py
[2024-04-01 23:22:56,473] {logging_mixin.py:104} INFO - [2024-04-01 23:22:56,472] {dag.py:1833} INFO - Sync 1 DAGs
[2024-04-01 23:22:56,493] {logging_mixin.py:104} INFO - [2024-04-01 23:22:56,493] {dag.py:2306} INFO - Setting next_dagrun for example_branch_operator to 2024-03-30 00:00:00+00:00
[2024-04-01 23:22:56,508] {scheduler_job.py:190} INFO - Processing /home/airflow/.local/lib/python3.6/site-packages/airflow/example_dags/example_branch_operator.py took 0.082 seconds
[2024-04-01 23:23:26,911] {scheduler_job.py:182} INFO - Started process (PID=729) to work on /home/airflow/.local/lib/python3.6/site-packages/airflow/example_dags/example_branch_operator.py
[2024-04-01 23:23:26,913] {scheduler_job.py:633} INFO - Processing file /home/airflow/.local/lib/python3.6/site-packages/airflow/example_dags/example_branch_operator.py for tasks to queue
[2024-04-01 23:23:26,914] {logging_mixin.py:104} INFO - [2024-04-01 23:23:26,914] {dagbag.py:496} INFO - Filling up the DagBag from /home/airflow/.local/lib/python3.6/site-packages/airflow/example_dags/example_branch_operator.py
[2024-04-01 23:23:26,940] {scheduler_job.py:643} INFO - DAG(s) dict_keys(['example_branch_operator']) retrieved from /home/airflow/.local/lib/python3.6/site-packages/airflow/example_dags/example_branch_operator.py
[2024-04-01 23:23:26,977] {logging_mixin.py:104} INFO - [2024-04-01 23:23:26,976] {dag.py:1833} INFO - Sync 1 DAGs
[2024-04-01 23:23:27,012] {logging_mixin.py:104} INFO - [2024-04-01 23:23:27,012] {dag.py:2306} INFO - Setting next_dagrun for example_branch_operator to 2024-03-30 00:00:00+00:00
[2024-04-01 23:23:27,033] {scheduler_job.py:190} INFO - Processing /home/airflow/.local/lib/python3.6/site-packages/airflow/example_dags/example_branch_operator.py took 0.127 seconds
[2024-04-01 23:23:57,207] {scheduler_job.py:182} INFO - Started process (PID=812) to work on /home/airflow/.local/lib/python3.6/site-packages/airflow/example_dags/example_branch_operator.py
[2024-04-01 23:23:57,208] {scheduler_job.py:633} INFO - Processing file /home/airflow/.local/lib/python3.6/site-packages/airflow/example_dags/example_branch_operator.py for tasks to queue
[2024-04-01 23:23:57,209] {logging_mixin.py:104} INFO - [2024-04-01 23:23:57,209] {dagbag.py:496} INFO - Filling up the DagBag from /home/airflow/.local/lib/python3.6/site-packages/airflow/example_dags/example_branch_operator.py
[2024-04-01 23:23:57,222] {scheduler_job.py:643} INFO - DAG(s) dict_keys(['example_branch_operator']) retrieved from /home/airflow/.local/lib/python3.6/site-packages/airflow/example_dags/example_branch_operator.py
[2024-04-01 23:23:57,246] {logging_mixin.py:104} INFO - [2024-04-01 23:23:57,246] {dag.py:1833} INFO - Sync 1 DAGs
[2024-04-01 23:23:57,264] {logging_mixin.py:104} INFO - [2024-04-01 23:23:57,264] {dag.py:2306} INFO - Setting next_dagrun for example_branch_operator to 2024-03-30 00:00:00+00:00
[2024-04-01 23:23:57,279] {scheduler_job.py:190} INFO - Processing /home/airflow/.local/lib/python3.6/site-packages/airflow/example_dags/example_branch_operator.py took 0.074 seconds
[2024-04-01 23:24:27,619] {scheduler_job.py:182} INFO - Started process (PID=896) to work on /home/airflow/.local/lib/python3.6/site-packages/airflow/example_dags/example_branch_operator.py
[2024-04-01 23:24:27,620] {scheduler_job.py:633} INFO - Processing file /home/airflow/.local/lib/python3.6/site-packages/airflow/example_dags/example_branch_operator.py for tasks to queue
[2024-04-01 23:24:27,621] {logging_mixin.py:104} INFO - [2024-04-01 23:24:27,621] {dagbag.py:496} INFO - Filling up the DagBag from /home/airflow/.local/lib/python3.6/site-packages/airflow/example_dags/example_branch_operator.py
[2024-04-01 23:24:27,633] {scheduler_job.py:643} INFO - DAG(s) dict_keys(['example_branch_operator']) retrieved from /home/airflow/.local/lib/python3.6/site-packages/airflow/example_dags/example_branch_operator.py
[2024-04-01 23:24:27,655] {logging_mixin.py:104} INFO - [2024-04-01 23:24:27,655] {dag.py:1833} INFO - Sync 1 DAGs
[2024-04-01 23:24:27,673] {logging_mixin.py:104} INFO - [2024-04-01 23:24:27,672] {dag.py:2306} INFO - Setting next_dagrun for example_branch_operator to 2024-03-30 00:00:00+00:00
[2024-04-01 23:24:27,685] {scheduler_job.py:190} INFO - Processing /home/airflow/.local/lib/python3.6/site-packages/airflow/example_dags/example_branch_operator.py took 0.068 seconds
[2024-04-01 23:24:57,922] {scheduler_job.py:182} INFO - Started process (PID=970) to work on /home/airflow/.local/lib/python3.6/site-packages/airflow/example_dags/example_branch_operator.py
[2024-04-01 23:24:57,923] {scheduler_job.py:633} INFO - Processing file /home/airflow/.local/lib/python3.6/site-packages/airflow/example_dags/example_branch_operator.py for tasks to queue
[2024-04-01 23:24:57,923] {logging_mixin.py:104} INFO - [2024-04-01 23:24:57,923] {dagbag.py:496} INFO - Filling up the DagBag from /home/airflow/.local/lib/python3.6/site-packages/airflow/example_dags/example_branch_operator.py
[2024-04-01 23:24:57,939] {scheduler_job.py:643} INFO - DAG(s) dict_keys(['example_branch_operator']) retrieved from /home/airflow/.local/lib/python3.6/site-packages/airflow/example_dags/example_branch_operator.py
[2024-04-01 23:24:57,968] {logging_mixin.py:104} INFO - [2024-04-01 23:24:57,967] {dag.py:1833} INFO - Sync 1 DAGs
[2024-04-01 23:24:57,989] {logging_mixin.py:104} INFO - [2024-04-01 23:24:57,989] {dag.py:2306} INFO - Setting next_dagrun for example_branch_operator to 2024-03-30 00:00:00+00:00
[2024-04-01 23:24:58,001] {scheduler_job.py:190} INFO - Processing /home/airflow/.local/lib/python3.6/site-packages/airflow/example_dags/example_branch_operator.py took 0.083 seconds
[2024-04-01 23:25:28,602] {scheduler_job.py:182} INFO - Started process (PID=1053) to work on /home/airflow/.local/lib/python3.6/site-packages/airflow/example_dags/example_branch_operator.py
[2024-04-01 23:25:28,613] {scheduler_job.py:633} INFO - Processing file /home/airflow/.local/lib/python3.6/site-packages/airflow/example_dags/example_branch_operator.py for tasks to queue
[2024-04-01 23:25:28,615] {logging_mixin.py:104} INFO - [2024-04-01 23:25:28,615] {dagbag.py:496} INFO - Filling up the DagBag from /home/airflow/.local/lib/python3.6/site-packages/airflow/example_dags/example_branch_operator.py
[2024-04-01 23:25:28,699] {scheduler_job.py:643} INFO - DAG(s) dict_keys(['example_branch_operator']) retrieved from /home/airflow/.local/lib/python3.6/site-packages/airflow/example_dags/example_branch_operator.py
[2024-04-01 23:25:28,777] {logging_mixin.py:104} INFO - [2024-04-01 23:25:28,775] {dag.py:1833} INFO - Sync 1 DAGs
[2024-04-01 23:25:28,842] {logging_mixin.py:104} INFO - [2024-04-01 23:25:28,841] {dag.py:2306} INFO - Setting next_dagrun for example_branch_operator to 2024-03-30 00:00:00+00:00
[2024-04-01 23:25:28,896] {scheduler_job.py:190} INFO - Processing /home/airflow/.local/lib/python3.6/site-packages/airflow/example_dags/example_branch_operator.py took 0.300 seconds
[2024-04-01 23:25:59,496] {scheduler_job.py:182} INFO - Started process (PID=1137) to work on /home/airflow/.local/lib/python3.6/site-packages/airflow/example_dags/example_branch_operator.py
[2024-04-01 23:25:59,497] {scheduler_job.py:633} INFO - Processing file /home/airflow/.local/lib/python3.6/site-packages/airflow/example_dags/example_branch_operator.py for tasks to queue
[2024-04-01 23:25:59,498] {logging_mixin.py:104} INFO - [2024-04-01 23:25:59,498] {dagbag.py:496} INFO - Filling up the DagBag from /home/airflow/.local/lib/python3.6/site-packages/airflow/example_dags/example_branch_operator.py
[2024-04-01 23:25:59,524] {scheduler_job.py:643} INFO - DAG(s) dict_keys(['example_branch_operator']) retrieved from /home/airflow/.local/lib/python3.6/site-packages/airflow/example_dags/example_branch_operator.py
[2024-04-01 23:25:59,559] {logging_mixin.py:104} INFO - [2024-04-01 23:25:59,559] {dag.py:1833} INFO - Sync 1 DAGs
[2024-04-01 23:25:59,585] {logging_mixin.py:104} INFO - [2024-04-01 23:25:59,585] {dag.py:2306} INFO - Setting next_dagrun for example_branch_operator to 2024-03-30 00:00:00+00:00
[2024-04-01 23:25:59,605] {scheduler_job.py:190} INFO - Processing /home/airflow/.local/lib/python3.6/site-packages/airflow/example_dags/example_branch_operator.py took 0.113 seconds
[2024-04-01 23:26:30,167] {scheduler_job.py:182} INFO - Started process (PID=1220) to work on /home/airflow/.local/lib/python3.6/site-packages/airflow/example_dags/example_branch_operator.py
[2024-04-01 23:26:30,170] {scheduler_job.py:633} INFO - Processing file /home/airflow/.local/lib/python3.6/site-packages/airflow/example_dags/example_branch_operator.py for tasks to queue
[2024-04-01 23:26:30,170] {logging_mixin.py:104} INFO - [2024-04-01 23:26:30,170] {dagbag.py:496} INFO - Filling up the DagBag from /home/airflow/.local/lib/python3.6/site-packages/airflow/example_dags/example_branch_operator.py
[2024-04-01 23:26:30,192] {scheduler_job.py:643} INFO - DAG(s) dict_keys(['example_branch_operator']) retrieved from /home/airflow/.local/lib/python3.6/site-packages/airflow/example_dags/example_branch_operator.py
[2024-04-01 23:26:30,222] {logging_mixin.py:104} INFO - [2024-04-01 23:26:30,221] {dag.py:1833} INFO - Sync 1 DAGs
[2024-04-01 23:26:30,245] {logging_mixin.py:104} INFO - [2024-04-01 23:26:30,244] {dag.py:2306} INFO - Setting next_dagrun for example_branch_operator to 2024-03-30 00:00:00+00:00
[2024-04-01 23:26:30,262] {scheduler_job.py:190} INFO - Processing /home/airflow/.local/lib/python3.6/site-packages/airflow/example_dags/example_branch_operator.py took 0.099 seconds
[2024-04-01 23:27:00,758] {scheduler_job.py:182} INFO - Started process (PID=1303) to work on /home/airflow/.local/lib/python3.6/site-packages/airflow/example_dags/example_branch_operator.py
[2024-04-01 23:27:00,760] {scheduler_job.py:633} INFO - Processing file /home/airflow/.local/lib/python3.6/site-packages/airflow/example_dags/example_branch_operator.py for tasks to queue
[2024-04-01 23:27:00,761] {logging_mixin.py:104} INFO - [2024-04-01 23:27:00,760] {dagbag.py:496} INFO - Filling up the DagBag from /home/airflow/.local/lib/python3.6/site-packages/airflow/example_dags/example_branch_operator.py
[2024-04-01 23:27:00,782] {scheduler_job.py:643} INFO - DAG(s) dict_keys(['example_branch_operator']) retrieved from /home/airflow/.local/lib/python3.6/site-packages/airflow/example_dags/example_branch_operator.py
[2024-04-01 23:27:00,820] {logging_mixin.py:104} INFO - [2024-04-01 23:27:00,820] {dag.py:1833} INFO - Sync 1 DAGs
[2024-04-01 23:27:00,855] {logging_mixin.py:104} INFO - [2024-04-01 23:27:00,855] {dag.py:2306} INFO - Setting next_dagrun for example_branch_operator to 2024-03-30 00:00:00+00:00
[2024-04-01 23:27:00,873] {scheduler_job.py:190} INFO - Processing /home/airflow/.local/lib/python3.6/site-packages/airflow/example_dags/example_branch_operator.py took 0.118 seconds
[2024-04-01 23:27:32,189] {scheduler_job.py:182} INFO - Started process (PID=1387) to work on /home/airflow/.local/lib/python3.6/site-packages/airflow/example_dags/example_branch_operator.py
[2024-04-01 23:27:32,193] {scheduler_job.py:633} INFO - Processing file /home/airflow/.local/lib/python3.6/site-packages/airflow/example_dags/example_branch_operator.py for tasks to queue
[2024-04-01 23:27:32,195] {logging_mixin.py:104} INFO - [2024-04-01 23:27:32,195] {dagbag.py:496} INFO - Filling up the DagBag from /home/airflow/.local/lib/python3.6/site-packages/airflow/example_dags/example_branch_operator.py
[2024-04-01 23:27:32,225] {scheduler_job.py:643} INFO - DAG(s) dict_keys(['example_branch_operator']) retrieved from /home/airflow/.local/lib/python3.6/site-packages/airflow/example_dags/example_branch_operator.py
[2024-04-01 23:27:32,269] {logging_mixin.py:104} INFO - [2024-04-01 23:27:32,269] {dag.py:1833} INFO - Sync 1 DAGs
[2024-04-01 23:27:32,306] {logging_mixin.py:104} INFO - [2024-04-01 23:27:32,306] {dag.py:2306} INFO - Setting next_dagrun for example_branch_operator to 2024-03-30 00:00:00+00:00
[2024-04-01 23:27:32,330] {scheduler_job.py:190} INFO - Processing /home/airflow/.local/lib/python3.6/site-packages/airflow/example_dags/example_branch_operator.py took 0.146 seconds
[2024-04-01 23:28:02,811] {scheduler_job.py:182} INFO - Started process (PID=1450) to work on /home/airflow/.local/lib/python3.6/site-packages/airflow/example_dags/example_branch_operator.py
[2024-04-01 23:28:02,813] {scheduler_job.py:633} INFO - Processing file /home/airflow/.local/lib/python3.6/site-packages/airflow/example_dags/example_branch_operator.py for tasks to queue
[2024-04-01 23:28:02,815] {logging_mixin.py:104} INFO - [2024-04-01 23:28:02,814] {dagbag.py:496} INFO - Filling up the DagBag from /home/airflow/.local/lib/python3.6/site-packages/airflow/example_dags/example_branch_operator.py
[2024-04-01 23:28:02,843] {scheduler_job.py:643} INFO - DAG(s) dict_keys(['example_branch_operator']) retrieved from /home/airflow/.local/lib/python3.6/site-packages/airflow/example_dags/example_branch_operator.py
[2024-04-01 23:28:02,888] {logging_mixin.py:104} INFO - [2024-04-01 23:28:02,887] {dag.py:1833} INFO - Sync 1 DAGs
[2024-04-01 23:28:02,950] {logging_mixin.py:104} INFO - [2024-04-01 23:28:02,946] {dag.py:2306} INFO - Setting next_dagrun for example_branch_operator to 2024-03-30 00:00:00+00:00
[2024-04-01 23:28:02,983] {scheduler_job.py:190} INFO - Processing /home/airflow/.local/lib/python3.6/site-packages/airflow/example_dags/example_branch_operator.py took 0.178 seconds
[2024-04-01 23:28:33,638] {scheduler_job.py:182} INFO - Started process (PID=1522) to work on /home/airflow/.local/lib/python3.6/site-packages/airflow/example_dags/example_branch_operator.py
[2024-04-01 23:28:33,640] {scheduler_job.py:633} INFO - Processing file /home/airflow/.local/lib/python3.6/site-packages/airflow/example_dags/example_branch_operator.py for tasks to queue
[2024-04-01 23:28:33,641] {logging_mixin.py:104} INFO - [2024-04-01 23:28:33,641] {dagbag.py:496} INFO - Filling up the DagBag from /home/airflow/.local/lib/python3.6/site-packages/airflow/example_dags/example_branch_operator.py
[2024-04-01 23:28:33,664] {scheduler_job.py:643} INFO - DAG(s) dict_keys(['example_branch_operator']) retrieved from /home/airflow/.local/lib/python3.6/site-packages/airflow/example_dags/example_branch_operator.py
[2024-04-01 23:28:33,695] {logging_mixin.py:104} INFO - [2024-04-01 23:28:33,694] {dag.py:1833} INFO - Sync 1 DAGs
[2024-04-01 23:28:33,728] {logging_mixin.py:104} INFO - [2024-04-01 23:28:33,727] {dag.py:2306} INFO - Setting next_dagrun for example_branch_operator to 2024-03-30 00:00:00+00:00
[2024-04-01 23:28:33,746] {scheduler_job.py:190} INFO - Processing /home/airflow/.local/lib/python3.6/site-packages/airflow/example_dags/example_branch_operator.py took 0.112 seconds
[2024-04-01 23:29:03,895] {scheduler_job.py:182} INFO - Started process (PID=1584) to work on /home/airflow/.local/lib/python3.6/site-packages/airflow/example_dags/example_branch_operator.py
[2024-04-01 23:29:03,897] {scheduler_job.py:633} INFO - Processing file /home/airflow/.local/lib/python3.6/site-packages/airflow/example_dags/example_branch_operator.py for tasks to queue
[2024-04-01 23:29:03,897] {logging_mixin.py:104} INFO - [2024-04-01 23:29:03,897] {dagbag.py:496} INFO - Filling up the DagBag from /home/airflow/.local/lib/python3.6/site-packages/airflow/example_dags/example_branch_operator.py
[2024-04-01 23:29:03,917] {scheduler_job.py:643} INFO - DAG(s) dict_keys(['example_branch_operator']) retrieved from /home/airflow/.local/lib/python3.6/site-packages/airflow/example_dags/example_branch_operator.py
[2024-04-01 23:29:03,951] {logging_mixin.py:104} INFO - [2024-04-01 23:29:03,951] {dag.py:1833} INFO - Sync 1 DAGs
[2024-04-01 23:29:03,978] {logging_mixin.py:104} INFO - [2024-04-01 23:29:03,978] {dag.py:2306} INFO - Setting next_dagrun for example_branch_operator to 2024-03-30 00:00:00+00:00
[2024-04-01 23:29:03,993] {scheduler_job.py:190} INFO - Processing /home/airflow/.local/lib/python3.6/site-packages/airflow/example_dags/example_branch_operator.py took 0.101 seconds
[2024-04-01 23:29:34,183] {scheduler_job.py:182} INFO - Started process (PID=1636) to work on /home/airflow/.local/lib/python3.6/site-packages/airflow/example_dags/example_branch_operator.py
[2024-04-01 23:29:34,185] {scheduler_job.py:633} INFO - Processing file /home/airflow/.local/lib/python3.6/site-packages/airflow/example_dags/example_branch_operator.py for tasks to queue
[2024-04-01 23:29:34,186] {logging_mixin.py:104} INFO - [2024-04-01 23:29:34,186] {dagbag.py:496} INFO - Filling up the DagBag from /home/airflow/.local/lib/python3.6/site-packages/airflow/example_dags/example_branch_operator.py
[2024-04-01 23:29:34,211] {scheduler_job.py:643} INFO - DAG(s) dict_keys(['example_branch_operator']) retrieved from /home/airflow/.local/lib/python3.6/site-packages/airflow/example_dags/example_branch_operator.py
[2024-04-01 23:29:34,254] {logging_mixin.py:104} INFO - [2024-04-01 23:29:34,253] {dag.py:1833} INFO - Sync 1 DAGs
[2024-04-01 23:29:34,288] {logging_mixin.py:104} INFO - [2024-04-01 23:29:34,287] {dag.py:2306} INFO - Setting next_dagrun for example_branch_operator to 2024-03-30 00:00:00+00:00
[2024-04-01 23:29:34,320] {scheduler_job.py:190} INFO - Processing /home/airflow/.local/lib/python3.6/site-packages/airflow/example_dags/example_branch_operator.py took 0.142 seconds
[2024-04-01 23:30:05,064] {scheduler_job.py:182} INFO - Started process (PID=1688) to work on /home/airflow/.local/lib/python3.6/site-packages/airflow/example_dags/example_branch_operator.py
[2024-04-01 23:30:05,065] {scheduler_job.py:633} INFO - Processing file /home/airflow/.local/lib/python3.6/site-packages/airflow/example_dags/example_branch_operator.py for tasks to queue
[2024-04-01 23:30:05,066] {logging_mixin.py:104} INFO - [2024-04-01 23:30:05,066] {dagbag.py:496} INFO - Filling up the DagBag from /home/airflow/.local/lib/python3.6/site-packages/airflow/example_dags/example_branch_operator.py
[2024-04-01 23:30:05,080] {scheduler_job.py:643} INFO - DAG(s) dict_keys(['example_branch_operator']) retrieved from /home/airflow/.local/lib/python3.6/site-packages/airflow/example_dags/example_branch_operator.py
[2024-04-01 23:30:05,104] {logging_mixin.py:104} INFO - [2024-04-01 23:30:05,103] {dag.py:1833} INFO - Sync 1 DAGs
[2024-04-01 23:30:05,125] {logging_mixin.py:104} INFO - [2024-04-01 23:30:05,125] {dag.py:2306} INFO - Setting next_dagrun for example_branch_operator to 2024-03-30 00:00:00+00:00
[2024-04-01 23:30:05,136] {scheduler_job.py:190} INFO - Processing /home/airflow/.local/lib/python3.6/site-packages/airflow/example_dags/example_branch_operator.py took 0.075 seconds
[2024-04-01 23:30:35,727] {scheduler_job.py:182} INFO - Started process (PID=1750) to work on /home/airflow/.local/lib/python3.6/site-packages/airflow/example_dags/example_branch_operator.py
[2024-04-01 23:30:35,728] {scheduler_job.py:633} INFO - Processing file /home/airflow/.local/lib/python3.6/site-packages/airflow/example_dags/example_branch_operator.py for tasks to queue
[2024-04-01 23:30:35,729] {logging_mixin.py:104} INFO - [2024-04-01 23:30:35,729] {dagbag.py:496} INFO - Filling up the DagBag from /home/airflow/.local/lib/python3.6/site-packages/airflow/example_dags/example_branch_operator.py
[2024-04-01 23:30:35,748] {scheduler_job.py:643} INFO - DAG(s) dict_keys(['example_branch_operator']) retrieved from /home/airflow/.local/lib/python3.6/site-packages/airflow/example_dags/example_branch_operator.py
[2024-04-01 23:30:35,784] {logging_mixin.py:104} INFO - [2024-04-01 23:30:35,784] {dag.py:1833} INFO - Sync 1 DAGs
[2024-04-01 23:30:35,811] {logging_mixin.py:104} INFO - [2024-04-01 23:30:35,811] {dag.py:2306} INFO - Setting next_dagrun for example_branch_operator to 2024-03-30 00:00:00+00:00
[2024-04-01 23:30:35,829] {scheduler_job.py:190} INFO - Processing /home/airflow/.local/lib/python3.6/site-packages/airflow/example_dags/example_branch_operator.py took 0.107 seconds
[2024-04-01 23:31:06,104] {scheduler_job.py:182} INFO - Started process (PID=1802) to work on /home/airflow/.local/lib/python3.6/site-packages/airflow/example_dags/example_branch_operator.py
[2024-04-01 23:31:06,105] {scheduler_job.py:633} INFO - Processing file /home/airflow/.local/lib/python3.6/site-packages/airflow/example_dags/example_branch_operator.py for tasks to queue
[2024-04-01 23:31:06,106] {logging_mixin.py:104} INFO - [2024-04-01 23:31:06,105] {dagbag.py:496} INFO - Filling up the DagBag from /home/airflow/.local/lib/python3.6/site-packages/airflow/example_dags/example_branch_operator.py
[2024-04-01 23:31:06,121] {scheduler_job.py:643} INFO - DAG(s) dict_keys(['example_branch_operator']) retrieved from /home/airflow/.local/lib/python3.6/site-packages/airflow/example_dags/example_branch_operator.py
[2024-04-01 23:31:06,152] {logging_mixin.py:104} INFO - [2024-04-01 23:31:06,152] {dag.py:1833} INFO - Sync 1 DAGs
[2024-04-01 23:31:06,172] {logging_mixin.py:104} INFO - [2024-04-01 23:31:06,172] {dag.py:2306} INFO - Setting next_dagrun for example_branch_operator to 2024-03-30 00:00:00+00:00
[2024-04-01 23:31:06,187] {scheduler_job.py:190} INFO - Processing /home/airflow/.local/lib/python3.6/site-packages/airflow/example_dags/example_branch_operator.py took 0.086 seconds
[2024-04-01 23:31:36,292] {scheduler_job.py:182} INFO - Started process (PID=1853) to work on /home/airflow/.local/lib/python3.6/site-packages/airflow/example_dags/example_branch_operator.py
[2024-04-01 23:31:36,295] {scheduler_job.py:633} INFO - Processing file /home/airflow/.local/lib/python3.6/site-packages/airflow/example_dags/example_branch_operator.py for tasks to queue
[2024-04-01 23:31:36,297] {logging_mixin.py:104} INFO - [2024-04-01 23:31:36,297] {dagbag.py:496} INFO - Filling up the DagBag from /home/airflow/.local/lib/python3.6/site-packages/airflow/example_dags/example_branch_operator.py
[2024-04-01 23:31:36,323] {scheduler_job.py:643} INFO - DAG(s) dict_keys(['example_branch_operator']) retrieved from /home/airflow/.local/lib/python3.6/site-packages/airflow/example_dags/example_branch_operator.py
[2024-04-01 23:31:36,365] {logging_mixin.py:104} INFO - [2024-04-01 23:31:36,365] {dag.py:1833} INFO - Sync 1 DAGs
[2024-04-01 23:31:36,394] {logging_mixin.py:104} INFO - [2024-04-01 23:31:36,394] {dag.py:2306} INFO - Setting next_dagrun for example_branch_operator to 2024-03-30 00:00:00+00:00
[2024-04-01 23:31:36,413] {scheduler_job.py:190} INFO - Processing /home/airflow/.local/lib/python3.6/site-packages/airflow/example_dags/example_branch_operator.py took 0.126 seconds
[2024-04-01 23:32:06,483] {scheduler_job.py:182} INFO - Started process (PID=1905) to work on /home/airflow/.local/lib/python3.6/site-packages/airflow/example_dags/example_branch_operator.py
[2024-04-01 23:32:06,484] {scheduler_job.py:633} INFO - Processing file /home/airflow/.local/lib/python3.6/site-packages/airflow/example_dags/example_branch_operator.py for tasks to queue
[2024-04-01 23:32:06,485] {logging_mixin.py:104} INFO - [2024-04-01 23:32:06,484] {dagbag.py:496} INFO - Filling up the DagBag from /home/airflow/.local/lib/python3.6/site-packages/airflow/example_dags/example_branch_operator.py
[2024-04-01 23:32:06,500] {scheduler_job.py:643} INFO - DAG(s) dict_keys(['example_branch_operator']) retrieved from /home/airflow/.local/lib/python3.6/site-packages/airflow/example_dags/example_branch_operator.py
[2024-04-01 23:32:06,523] {logging_mixin.py:104} INFO - [2024-04-01 23:32:06,523] {dag.py:1833} INFO - Sync 1 DAGs
[2024-04-01 23:32:06,540] {logging_mixin.py:104} INFO - [2024-04-01 23:32:06,540] {dag.py:2306} INFO - Setting next_dagrun for example_branch_operator to 2024-03-30 00:00:00+00:00
[2024-04-01 23:32:06,553] {scheduler_job.py:190} INFO - Processing /home/airflow/.local/lib/python3.6/site-packages/airflow/example_dags/example_branch_operator.py took 0.072 seconds
[2024-04-01 23:32:36,728] {scheduler_job.py:182} INFO - Started process (PID=1967) to work on /home/airflow/.local/lib/python3.6/site-packages/airflow/example_dags/example_branch_operator.py
[2024-04-01 23:32:36,729] {scheduler_job.py:633} INFO - Processing file /home/airflow/.local/lib/python3.6/site-packages/airflow/example_dags/example_branch_operator.py for tasks to queue
[2024-04-01 23:32:36,732] {logging_mixin.py:104} INFO - [2024-04-01 23:32:36,732] {dagbag.py:496} INFO - Filling up the DagBag from /home/airflow/.local/lib/python3.6/site-packages/airflow/example_dags/example_branch_operator.py
[2024-04-01 23:32:36,757] {scheduler_job.py:643} INFO - DAG(s) dict_keys(['example_branch_operator']) retrieved from /home/airflow/.local/lib/python3.6/site-packages/airflow/example_dags/example_branch_operator.py
[2024-04-01 23:32:36,791] {logging_mixin.py:104} INFO - [2024-04-01 23:32:36,791] {dag.py:1833} INFO - Sync 1 DAGs
[2024-04-01 23:32:36,817] {logging_mixin.py:104} INFO - [2024-04-01 23:32:36,817] {dag.py:2306} INFO - Setting next_dagrun for example_branch_operator to 2024-03-30 00:00:00+00:00
[2024-04-01 23:32:36,835] {scheduler_job.py:190} INFO - Processing /home/airflow/.local/lib/python3.6/site-packages/airflow/example_dags/example_branch_operator.py took 0.111 seconds
[2024-04-01 23:33:07,245] {scheduler_job.py:182} INFO - Started process (PID=2020) to work on /home/airflow/.local/lib/python3.6/site-packages/airflow/example_dags/example_branch_operator.py
[2024-04-01 23:33:07,246] {scheduler_job.py:633} INFO - Processing file /home/airflow/.local/lib/python3.6/site-packages/airflow/example_dags/example_branch_operator.py for tasks to queue
[2024-04-01 23:33:07,247] {logging_mixin.py:104} INFO - [2024-04-01 23:33:07,247] {dagbag.py:496} INFO - Filling up the DagBag from /home/airflow/.local/lib/python3.6/site-packages/airflow/example_dags/example_branch_operator.py
[2024-04-01 23:33:07,276] {scheduler_job.py:643} INFO - DAG(s) dict_keys(['example_branch_operator']) retrieved from /home/airflow/.local/lib/python3.6/site-packages/airflow/example_dags/example_branch_operator.py
[2024-04-01 23:33:07,314] {logging_mixin.py:104} INFO - [2024-04-01 23:33:07,314] {dag.py:1833} INFO - Sync 1 DAGs
[2024-04-01 23:33:07,338] {logging_mixin.py:104} INFO - [2024-04-01 23:33:07,338] {dag.py:2306} INFO - Setting next_dagrun for example_branch_operator to 2024-03-30 00:00:00+00:00
[2024-04-01 23:33:07,355] {scheduler_job.py:190} INFO - Processing /home/airflow/.local/lib/python3.6/site-packages/airflow/example_dags/example_branch_operator.py took 0.114 seconds
[2024-04-01 23:33:37,879] {scheduler_job.py:182} INFO - Started process (PID=2072) to work on /home/airflow/.local/lib/python3.6/site-packages/airflow/example_dags/example_branch_operator.py
[2024-04-01 23:33:37,880] {scheduler_job.py:633} INFO - Processing file /home/airflow/.local/lib/python3.6/site-packages/airflow/example_dags/example_branch_operator.py for tasks to queue
[2024-04-01 23:33:37,881] {logging_mixin.py:104} INFO - [2024-04-01 23:33:37,881] {dagbag.py:496} INFO - Filling up the DagBag from /home/airflow/.local/lib/python3.6/site-packages/airflow/example_dags/example_branch_operator.py
[2024-04-01 23:33:37,898] {scheduler_job.py:643} INFO - DAG(s) dict_keys(['example_branch_operator']) retrieved from /home/airflow/.local/lib/python3.6/site-packages/airflow/example_dags/example_branch_operator.py
[2024-04-01 23:33:37,925] {logging_mixin.py:104} INFO - [2024-04-01 23:33:37,925] {dag.py:1833} INFO - Sync 1 DAGs
[2024-04-01 23:33:37,944] {logging_mixin.py:104} INFO - [2024-04-01 23:33:37,943] {dag.py:2306} INFO - Setting next_dagrun for example_branch_operator to 2024-03-30 00:00:00+00:00
[2024-04-01 23:33:37,959] {scheduler_job.py:190} INFO - Processing /home/airflow/.local/lib/python3.6/site-packages/airflow/example_dags/example_branch_operator.py took 0.082 seconds
[2024-04-01 23:34:08,377] {scheduler_job.py:182} INFO - Started process (PID=2134) to work on /home/airflow/.local/lib/python3.6/site-packages/airflow/example_dags/example_branch_operator.py
[2024-04-01 23:34:08,378] {scheduler_job.py:633} INFO - Processing file /home/airflow/.local/lib/python3.6/site-packages/airflow/example_dags/example_branch_operator.py for tasks to queue
[2024-04-01 23:34:08,379] {logging_mixin.py:104} INFO - [2024-04-01 23:34:08,378] {dagbag.py:496} INFO - Filling up the DagBag from /home/airflow/.local/lib/python3.6/site-packages/airflow/example_dags/example_branch_operator.py
[2024-04-01 23:34:08,397] {scheduler_job.py:643} INFO - DAG(s) dict_keys(['example_branch_operator']) retrieved from /home/airflow/.local/lib/python3.6/site-packages/airflow/example_dags/example_branch_operator.py
[2024-04-01 23:34:08,425] {logging_mixin.py:104} INFO - [2024-04-01 23:34:08,425] {dag.py:1833} INFO - Sync 1 DAGs
[2024-04-01 23:34:08,447] {logging_mixin.py:104} INFO - [2024-04-01 23:34:08,447] {dag.py:2306} INFO - Setting next_dagrun for example_branch_operator to 2024-03-30 00:00:00+00:00
[2024-04-01 23:34:08,462] {scheduler_job.py:190} INFO - Processing /home/airflow/.local/lib/python3.6/site-packages/airflow/example_dags/example_branch_operator.py took 0.089 seconds
[2024-04-01 23:34:38,541] {scheduler_job.py:182} INFO - Started process (PID=2187) to work on /home/airflow/.local/lib/python3.6/site-packages/airflow/example_dags/example_branch_operator.py
[2024-04-01 23:34:38,543] {scheduler_job.py:633} INFO - Processing file /home/airflow/.local/lib/python3.6/site-packages/airflow/example_dags/example_branch_operator.py for tasks to queue
[2024-04-01 23:34:38,544] {logging_mixin.py:104} INFO - [2024-04-01 23:34:38,544] {dagbag.py:496} INFO - Filling up the DagBag from /home/airflow/.local/lib/python3.6/site-packages/airflow/example_dags/example_branch_operator.py
[2024-04-01 23:34:38,570] {scheduler_job.py:643} INFO - DAG(s) dict_keys(['example_branch_operator']) retrieved from /home/airflow/.local/lib/python3.6/site-packages/airflow/example_dags/example_branch_operator.py
[2024-04-01 23:34:38,604] {logging_mixin.py:104} INFO - [2024-04-01 23:34:38,604] {dag.py:1833} INFO - Sync 1 DAGs
[2024-04-01 23:34:38,632] {logging_mixin.py:104} INFO - [2024-04-01 23:34:38,632] {dag.py:2306} INFO - Setting next_dagrun for example_branch_operator to 2024-03-30 00:00:00+00:00
[2024-04-01 23:34:38,649] {scheduler_job.py:190} INFO - Processing /home/airflow/.local/lib/python3.6/site-packages/airflow/example_dags/example_branch_operator.py took 0.112 seconds
[2024-04-01 23:35:09,142] {scheduler_job.py:182} INFO - Started process (PID=2239) to work on /home/airflow/.local/lib/python3.6/site-packages/airflow/example_dags/example_branch_operator.py
[2024-04-01 23:35:09,143] {scheduler_job.py:633} INFO - Processing file /home/airflow/.local/lib/python3.6/site-packages/airflow/example_dags/example_branch_operator.py for tasks to queue
[2024-04-01 23:35:09,144] {logging_mixin.py:104} INFO - [2024-04-01 23:35:09,144] {dagbag.py:496} INFO - Filling up the DagBag from /home/airflow/.local/lib/python3.6/site-packages/airflow/example_dags/example_branch_operator.py
[2024-04-01 23:35:09,173] {scheduler_job.py:643} INFO - DAG(s) dict_keys(['example_branch_operator']) retrieved from /home/airflow/.local/lib/python3.6/site-packages/airflow/example_dags/example_branch_operator.py
[2024-04-01 23:35:09,209] {logging_mixin.py:104} INFO - [2024-04-01 23:35:09,209] {dag.py:1833} INFO - Sync 1 DAGs
[2024-04-01 23:35:09,241] {logging_mixin.py:104} INFO - [2024-04-01 23:35:09,240] {dag.py:2306} INFO - Setting next_dagrun for example_branch_operator to 2024-03-30 00:00:00+00:00
[2024-04-01 23:35:09,261] {scheduler_job.py:190} INFO - Processing /home/airflow/.local/lib/python3.6/site-packages/airflow/example_dags/example_branch_operator.py took 0.123 seconds
[2024-04-01 23:35:39,324] {scheduler_job.py:182} INFO - Started process (PID=2291) to work on /home/airflow/.local/lib/python3.6/site-packages/airflow/example_dags/example_branch_operator.py
[2024-04-01 23:35:39,326] {scheduler_job.py:633} INFO - Processing file /home/airflow/.local/lib/python3.6/site-packages/airflow/example_dags/example_branch_operator.py for tasks to queue
[2024-04-01 23:35:39,327] {logging_mixin.py:104} INFO - [2024-04-01 23:35:39,327] {dagbag.py:496} INFO - Filling up the DagBag from /home/airflow/.local/lib/python3.6/site-packages/airflow/example_dags/example_branch_operator.py
[2024-04-01 23:35:39,356] {scheduler_job.py:643} INFO - DAG(s) dict_keys(['example_branch_operator']) retrieved from /home/airflow/.local/lib/python3.6/site-packages/airflow/example_dags/example_branch_operator.py
[2024-04-01 23:35:39,394] {logging_mixin.py:104} INFO - [2024-04-01 23:35:39,393] {dag.py:1833} INFO - Sync 1 DAGs
[2024-04-01 23:35:39,426] {logging_mixin.py:104} INFO - [2024-04-01 23:35:39,426] {dag.py:2306} INFO - Setting next_dagrun for example_branch_operator to 2024-03-30 00:00:00+00:00
[2024-04-01 23:35:39,446] {scheduler_job.py:190} INFO - Processing /home/airflow/.local/lib/python3.6/site-packages/airflow/example_dags/example_branch_operator.py took 0.125 seconds
