[2024-04-01 23:19:25,891] {scheduler_job.py:182} INFO - Started process (PID=109) to work on /home/airflow/.local/lib/python3.6/site-packages/airflow/example_dags/example_kubernetes_executor.py
[2024-04-01 23:19:25,892] {scheduler_job.py:633} INFO - Processing file /home/airflow/.local/lib/python3.6/site-packages/airflow/example_dags/example_kubernetes_executor.py for tasks to queue
[2024-04-01 23:19:25,894] {logging_mixin.py:104} INFO - [2024-04-01 23:19:25,893] {dagbag.py:496} INFO - Filling up the DagBag from /home/airflow/.local/lib/python3.6/site-packages/airflow/example_dags/example_kubernetes_executor.py
[2024-04-01 23:19:25,909] {scheduler_job.py:643} INFO - DAG(s) dict_keys(['example_kubernetes_executor']) retrieved from /home/airflow/.local/lib/python3.6/site-packages/airflow/example_dags/example_kubernetes_executor.py
[2024-04-01 23:19:26,219] {logging_mixin.py:104} INFO - [2024-04-01 23:19:26,219] {dag.py:1833} INFO - Sync 1 DAGs
[2024-04-01 23:19:26,241] {logging_mixin.py:104} INFO - [2024-04-01 23:19:26,241] {dag.py:2306} INFO - Setting next_dagrun for example_kubernetes_executor to None
[2024-04-01 23:19:26,263] {scheduler_job.py:190} INFO - Processing /home/airflow/.local/lib/python3.6/site-packages/airflow/example_dags/example_kubernetes_executor.py took 0.376 seconds
[2024-04-01 23:19:57,141] {scheduler_job.py:182} INFO - Started process (PID=189) to work on /home/airflow/.local/lib/python3.6/site-packages/airflow/example_dags/example_kubernetes_executor.py
[2024-04-01 23:19:57,143] {scheduler_job.py:633} INFO - Processing file /home/airflow/.local/lib/python3.6/site-packages/airflow/example_dags/example_kubernetes_executor.py for tasks to queue
[2024-04-01 23:19:57,144] {logging_mixin.py:104} INFO - [2024-04-01 23:19:57,144] {dagbag.py:496} INFO - Filling up the DagBag from /home/airflow/.local/lib/python3.6/site-packages/airflow/example_dags/example_kubernetes_executor.py
[2024-04-01 23:19:57,236] {scheduler_job.py:643} INFO - DAG(s) dict_keys(['example_kubernetes_executor']) retrieved from /home/airflow/.local/lib/python3.6/site-packages/airflow/example_dags/example_kubernetes_executor.py
[2024-04-01 23:19:57,352] {logging_mixin.py:104} INFO - [2024-04-01 23:19:57,352] {dag.py:1833} INFO - Sync 1 DAGs
[2024-04-01 23:19:57,412] {logging_mixin.py:104} INFO - [2024-04-01 23:19:57,411] {dag.py:2306} INFO - Setting next_dagrun for example_kubernetes_executor to None
[2024-04-01 23:19:57,446] {scheduler_job.py:190} INFO - Processing /home/airflow/.local/lib/python3.6/site-packages/airflow/example_dags/example_kubernetes_executor.py took 0.320 seconds
[2024-04-01 23:20:27,855] {scheduler_job.py:182} INFO - Started process (PID=271) to work on /home/airflow/.local/lib/python3.6/site-packages/airflow/example_dags/example_kubernetes_executor.py
[2024-04-01 23:20:27,856] {scheduler_job.py:633} INFO - Processing file /home/airflow/.local/lib/python3.6/site-packages/airflow/example_dags/example_kubernetes_executor.py for tasks to queue
[2024-04-01 23:20:27,856] {logging_mixin.py:104} INFO - [2024-04-01 23:20:27,856] {dagbag.py:496} INFO - Filling up the DagBag from /home/airflow/.local/lib/python3.6/site-packages/airflow/example_dags/example_kubernetes_executor.py
[2024-04-01 23:20:27,868] {scheduler_job.py:643} INFO - DAG(s) dict_keys(['example_kubernetes_executor']) retrieved from /home/airflow/.local/lib/python3.6/site-packages/airflow/example_dags/example_kubernetes_executor.py
[2024-04-01 23:20:27,891] {logging_mixin.py:104} INFO - [2024-04-01 23:20:27,890] {dag.py:1833} INFO - Sync 1 DAGs
[2024-04-01 23:20:27,904] {logging_mixin.py:104} INFO - [2024-04-01 23:20:27,904] {dag.py:2306} INFO - Setting next_dagrun for example_kubernetes_executor to None
[2024-04-01 23:20:27,917] {scheduler_job.py:190} INFO - Processing /home/airflow/.local/lib/python3.6/site-packages/airflow/example_dags/example_kubernetes_executor.py took 0.065 seconds
[2024-04-01 23:20:58,197] {scheduler_job.py:182} INFO - Started process (PID=334) to work on /home/airflow/.local/lib/python3.6/site-packages/airflow/example_dags/example_kubernetes_executor.py
[2024-04-01 23:20:58,200] {scheduler_job.py:633} INFO - Processing file /home/airflow/.local/lib/python3.6/site-packages/airflow/example_dags/example_kubernetes_executor.py for tasks to queue
[2024-04-01 23:20:58,203] {logging_mixin.py:104} INFO - [2024-04-01 23:20:58,202] {dagbag.py:496} INFO - Filling up the DagBag from /home/airflow/.local/lib/python3.6/site-packages/airflow/example_dags/example_kubernetes_executor.py
[2024-04-01 23:20:58,240] {scheduler_job.py:643} INFO - DAG(s) dict_keys(['example_kubernetes_executor']) retrieved from /home/airflow/.local/lib/python3.6/site-packages/airflow/example_dags/example_kubernetes_executor.py
[2024-04-01 23:20:58,285] {logging_mixin.py:104} INFO - [2024-04-01 23:20:58,285] {dag.py:1833} INFO - Sync 1 DAGs
[2024-04-01 23:20:58,315] {logging_mixin.py:104} INFO - [2024-04-01 23:20:58,315] {dag.py:2306} INFO - Setting next_dagrun for example_kubernetes_executor to None
[2024-04-01 23:20:58,335] {scheduler_job.py:190} INFO - Processing /home/airflow/.local/lib/python3.6/site-packages/airflow/example_dags/example_kubernetes_executor.py took 0.146 seconds
[2024-04-01 23:21:28,721] {scheduler_job.py:182} INFO - Started process (PID=427) to work on /home/airflow/.local/lib/python3.6/site-packages/airflow/example_dags/example_kubernetes_executor.py
[2024-04-01 23:21:28,722] {scheduler_job.py:633} INFO - Processing file /home/airflow/.local/lib/python3.6/site-packages/airflow/example_dags/example_kubernetes_executor.py for tasks to queue
[2024-04-01 23:21:28,723] {logging_mixin.py:104} INFO - [2024-04-01 23:21:28,723] {dagbag.py:496} INFO - Filling up the DagBag from /home/airflow/.local/lib/python3.6/site-packages/airflow/example_dags/example_kubernetes_executor.py
[2024-04-01 23:21:28,745] {scheduler_job.py:643} INFO - DAG(s) dict_keys(['example_kubernetes_executor']) retrieved from /home/airflow/.local/lib/python3.6/site-packages/airflow/example_dags/example_kubernetes_executor.py
[2024-04-01 23:21:28,772] {logging_mixin.py:104} INFO - [2024-04-01 23:21:28,772] {dag.py:1833} INFO - Sync 1 DAGs
[2024-04-01 23:21:28,789] {logging_mixin.py:104} INFO - [2024-04-01 23:21:28,789] {dag.py:2306} INFO - Setting next_dagrun for example_kubernetes_executor to None
[2024-04-01 23:21:28,804] {scheduler_job.py:190} INFO - Processing /home/airflow/.local/lib/python3.6/site-packages/airflow/example_dags/example_kubernetes_executor.py took 0.086 seconds
[2024-04-01 23:21:59,020] {scheduler_job.py:182} INFO - Started process (PID=501) to work on /home/airflow/.local/lib/python3.6/site-packages/airflow/example_dags/example_kubernetes_executor.py
[2024-04-01 23:21:59,021] {scheduler_job.py:633} INFO - Processing file /home/airflow/.local/lib/python3.6/site-packages/airflow/example_dags/example_kubernetes_executor.py for tasks to queue
[2024-04-01 23:21:59,021] {logging_mixin.py:104} INFO - [2024-04-01 23:21:59,021] {dagbag.py:496} INFO - Filling up the DagBag from /home/airflow/.local/lib/python3.6/site-packages/airflow/example_dags/example_kubernetes_executor.py
[2024-04-01 23:21:59,037] {scheduler_job.py:643} INFO - DAG(s) dict_keys(['example_kubernetes_executor']) retrieved from /home/airflow/.local/lib/python3.6/site-packages/airflow/example_dags/example_kubernetes_executor.py
[2024-04-01 23:21:59,066] {logging_mixin.py:104} INFO - [2024-04-01 23:21:59,066] {dag.py:1833} INFO - Sync 1 DAGs
[2024-04-01 23:21:59,086] {logging_mixin.py:104} INFO - [2024-04-01 23:21:59,086] {dag.py:2306} INFO - Setting next_dagrun for example_kubernetes_executor to None
[2024-04-01 23:21:59,106] {scheduler_job.py:190} INFO - Processing /home/airflow/.local/lib/python3.6/site-packages/airflow/example_dags/example_kubernetes_executor.py took 0.090 seconds
[2024-04-01 23:22:29,669] {scheduler_job.py:182} INFO - Started process (PID=584) to work on /home/airflow/.local/lib/python3.6/site-packages/airflow/example_dags/example_kubernetes_executor.py
[2024-04-01 23:22:29,670] {scheduler_job.py:633} INFO - Processing file /home/airflow/.local/lib/python3.6/site-packages/airflow/example_dags/example_kubernetes_executor.py for tasks to queue
[2024-04-01 23:22:29,671] {logging_mixin.py:104} INFO - [2024-04-01 23:22:29,671] {dagbag.py:496} INFO - Filling up the DagBag from /home/airflow/.local/lib/python3.6/site-packages/airflow/example_dags/example_kubernetes_executor.py
[2024-04-01 23:22:29,689] {scheduler_job.py:643} INFO - DAG(s) dict_keys(['example_kubernetes_executor']) retrieved from /home/airflow/.local/lib/python3.6/site-packages/airflow/example_dags/example_kubernetes_executor.py
[2024-04-01 23:22:29,735] {logging_mixin.py:104} INFO - [2024-04-01 23:22:29,734] {dag.py:1833} INFO - Sync 1 DAGs
[2024-04-01 23:22:29,763] {logging_mixin.py:104} INFO - [2024-04-01 23:22:29,762] {dag.py:2306} INFO - Setting next_dagrun for example_kubernetes_executor to None
[2024-04-01 23:22:29,790] {scheduler_job.py:190} INFO - Processing /home/airflow/.local/lib/python3.6/site-packages/airflow/example_dags/example_kubernetes_executor.py took 0.125 seconds
[2024-04-01 23:23:00,088] {scheduler_job.py:182} INFO - Started process (PID=658) to work on /home/airflow/.local/lib/python3.6/site-packages/airflow/example_dags/example_kubernetes_executor.py
[2024-04-01 23:23:00,090] {scheduler_job.py:633} INFO - Processing file /home/airflow/.local/lib/python3.6/site-packages/airflow/example_dags/example_kubernetes_executor.py for tasks to queue
[2024-04-01 23:23:00,091] {logging_mixin.py:104} INFO - [2024-04-01 23:23:00,091] {dagbag.py:496} INFO - Filling up the DagBag from /home/airflow/.local/lib/python3.6/site-packages/airflow/example_dags/example_kubernetes_executor.py
[2024-04-01 23:23:00,114] {scheduler_job.py:643} INFO - DAG(s) dict_keys(['example_kubernetes_executor']) retrieved from /home/airflow/.local/lib/python3.6/site-packages/airflow/example_dags/example_kubernetes_executor.py
[2024-04-01 23:23:00,152] {logging_mixin.py:104} INFO - [2024-04-01 23:23:00,152] {dag.py:1833} INFO - Sync 1 DAGs
[2024-04-01 23:23:00,180] {logging_mixin.py:104} INFO - [2024-04-01 23:23:00,180] {dag.py:2306} INFO - Setting next_dagrun for example_kubernetes_executor to None
[2024-04-01 23:23:00,201] {scheduler_job.py:190} INFO - Processing /home/airflow/.local/lib/python3.6/site-packages/airflow/example_dags/example_kubernetes_executor.py took 0.117 seconds
[2024-04-01 23:23:30,659] {scheduler_job.py:182} INFO - Started process (PID=740) to work on /home/airflow/.local/lib/python3.6/site-packages/airflow/example_dags/example_kubernetes_executor.py
[2024-04-01 23:23:30,660] {scheduler_job.py:633} INFO - Processing file /home/airflow/.local/lib/python3.6/site-packages/airflow/example_dags/example_kubernetes_executor.py for tasks to queue
[2024-04-01 23:23:30,661] {logging_mixin.py:104} INFO - [2024-04-01 23:23:30,660] {dagbag.py:496} INFO - Filling up the DagBag from /home/airflow/.local/lib/python3.6/site-packages/airflow/example_dags/example_kubernetes_executor.py
[2024-04-01 23:23:30,676] {scheduler_job.py:643} INFO - DAG(s) dict_keys(['example_kubernetes_executor']) retrieved from /home/airflow/.local/lib/python3.6/site-packages/airflow/example_dags/example_kubernetes_executor.py
[2024-04-01 23:23:30,707] {logging_mixin.py:104} INFO - [2024-04-01 23:23:30,707] {dag.py:1833} INFO - Sync 1 DAGs
[2024-04-01 23:23:30,726] {logging_mixin.py:104} INFO - [2024-04-01 23:23:30,725] {dag.py:2306} INFO - Setting next_dagrun for example_kubernetes_executor to None
[2024-04-01 23:23:30,740] {scheduler_job.py:190} INFO - Processing /home/airflow/.local/lib/python3.6/site-packages/airflow/example_dags/example_kubernetes_executor.py took 0.085 seconds
[2024-04-01 23:24:00,946] {scheduler_job.py:182} INFO - Started process (PID=824) to work on /home/airflow/.local/lib/python3.6/site-packages/airflow/example_dags/example_kubernetes_executor.py
[2024-04-01 23:24:00,947] {scheduler_job.py:633} INFO - Processing file /home/airflow/.local/lib/python3.6/site-packages/airflow/example_dags/example_kubernetes_executor.py for tasks to queue
[2024-04-01 23:24:00,948] {logging_mixin.py:104} INFO - [2024-04-01 23:24:00,948] {dagbag.py:496} INFO - Filling up the DagBag from /home/airflow/.local/lib/python3.6/site-packages/airflow/example_dags/example_kubernetes_executor.py
[2024-04-01 23:24:00,965] {scheduler_job.py:643} INFO - DAG(s) dict_keys(['example_kubernetes_executor']) retrieved from /home/airflow/.local/lib/python3.6/site-packages/airflow/example_dags/example_kubernetes_executor.py
[2024-04-01 23:24:00,996] {logging_mixin.py:104} INFO - [2024-04-01 23:24:00,996] {dag.py:1833} INFO - Sync 1 DAGs
[2024-04-01 23:24:01,015] {logging_mixin.py:104} INFO - [2024-04-01 23:24:01,015] {dag.py:2306} INFO - Setting next_dagrun for example_kubernetes_executor to None
[2024-04-01 23:24:01,032] {scheduler_job.py:190} INFO - Processing /home/airflow/.local/lib/python3.6/site-packages/airflow/example_dags/example_kubernetes_executor.py took 0.090 seconds
[2024-04-01 23:24:31,211] {scheduler_job.py:182} INFO - Started process (PID=907) to work on /home/airflow/.local/lib/python3.6/site-packages/airflow/example_dags/example_kubernetes_executor.py
[2024-04-01 23:24:31,213] {scheduler_job.py:633} INFO - Processing file /home/airflow/.local/lib/python3.6/site-packages/airflow/example_dags/example_kubernetes_executor.py for tasks to queue
[2024-04-01 23:24:31,214] {logging_mixin.py:104} INFO - [2024-04-01 23:24:31,214] {dagbag.py:496} INFO - Filling up the DagBag from /home/airflow/.local/lib/python3.6/site-packages/airflow/example_dags/example_kubernetes_executor.py
[2024-04-01 23:24:31,229] {scheduler_job.py:643} INFO - DAG(s) dict_keys(['example_kubernetes_executor']) retrieved from /home/airflow/.local/lib/python3.6/site-packages/airflow/example_dags/example_kubernetes_executor.py
[2024-04-01 23:24:31,260] {logging_mixin.py:104} INFO - [2024-04-01 23:24:31,260] {dag.py:1833} INFO - Sync 1 DAGs
[2024-04-01 23:24:31,279] {logging_mixin.py:104} INFO - [2024-04-01 23:24:31,279] {dag.py:2306} INFO - Setting next_dagrun for example_kubernetes_executor to None
[2024-04-01 23:24:31,295] {scheduler_job.py:190} INFO - Processing /home/airflow/.local/lib/python3.6/site-packages/airflow/example_dags/example_kubernetes_executor.py took 0.087 seconds
[2024-04-01 23:25:01,730] {scheduler_job.py:182} INFO - Started process (PID=987) to work on /home/airflow/.local/lib/python3.6/site-packages/airflow/example_dags/example_kubernetes_executor.py
[2024-04-01 23:25:01,732] {scheduler_job.py:633} INFO - Processing file /home/airflow/.local/lib/python3.6/site-packages/airflow/example_dags/example_kubernetes_executor.py for tasks to queue
[2024-04-01 23:25:01,734] {logging_mixin.py:104} INFO - [2024-04-01 23:25:01,734] {dagbag.py:496} INFO - Filling up the DagBag from /home/airflow/.local/lib/python3.6/site-packages/airflow/example_dags/example_kubernetes_executor.py
[2024-04-01 23:25:01,778] {scheduler_job.py:643} INFO - DAG(s) dict_keys(['example_kubernetes_executor']) retrieved from /home/airflow/.local/lib/python3.6/site-packages/airflow/example_dags/example_kubernetes_executor.py
[2024-04-01 23:25:01,837] {logging_mixin.py:104} INFO - [2024-04-01 23:25:01,836] {dag.py:1833} INFO - Sync 1 DAGs
[2024-04-01 23:25:01,878] {logging_mixin.py:104} INFO - [2024-04-01 23:25:01,877] {dag.py:2306} INFO - Setting next_dagrun for example_kubernetes_executor to None
[2024-04-01 23:25:01,910] {scheduler_job.py:190} INFO - Processing /home/airflow/.local/lib/python3.6/site-packages/airflow/example_dags/example_kubernetes_executor.py took 0.193 seconds
[2024-04-01 23:25:32,561] {scheduler_job.py:182} INFO - Started process (PID=1074) to work on /home/airflow/.local/lib/python3.6/site-packages/airflow/example_dags/example_kubernetes_executor.py
[2024-04-01 23:25:32,562] {scheduler_job.py:633} INFO - Processing file /home/airflow/.local/lib/python3.6/site-packages/airflow/example_dags/example_kubernetes_executor.py for tasks to queue
[2024-04-01 23:25:32,562] {logging_mixin.py:104} INFO - [2024-04-01 23:25:32,562] {dagbag.py:496} INFO - Filling up the DagBag from /home/airflow/.local/lib/python3.6/site-packages/airflow/example_dags/example_kubernetes_executor.py
[2024-04-01 23:25:32,575] {scheduler_job.py:643} INFO - DAG(s) dict_keys(['example_kubernetes_executor']) retrieved from /home/airflow/.local/lib/python3.6/site-packages/airflow/example_dags/example_kubernetes_executor.py
[2024-04-01 23:25:32,602] {logging_mixin.py:104} INFO - [2024-04-01 23:25:32,601] {dag.py:1833} INFO - Sync 1 DAGs
[2024-04-01 23:25:32,617] {logging_mixin.py:104} INFO - [2024-04-01 23:25:32,617] {dag.py:2306} INFO - Setting next_dagrun for example_kubernetes_executor to None
[2024-04-01 23:25:32,630] {scheduler_job.py:190} INFO - Processing /home/airflow/.local/lib/python3.6/site-packages/airflow/example_dags/example_kubernetes_executor.py took 0.072 seconds
[2024-04-01 23:26:03,279] {scheduler_job.py:182} INFO - Started process (PID=1148) to work on /home/airflow/.local/lib/python3.6/site-packages/airflow/example_dags/example_kubernetes_executor.py
[2024-04-01 23:26:03,281] {scheduler_job.py:633} INFO - Processing file /home/airflow/.local/lib/python3.6/site-packages/airflow/example_dags/example_kubernetes_executor.py for tasks to queue
[2024-04-01 23:26:03,282] {logging_mixin.py:104} INFO - [2024-04-01 23:26:03,282] {dagbag.py:496} INFO - Filling up the DagBag from /home/airflow/.local/lib/python3.6/site-packages/airflow/example_dags/example_kubernetes_executor.py
[2024-04-01 23:26:03,305] {scheduler_job.py:643} INFO - DAG(s) dict_keys(['example_kubernetes_executor']) retrieved from /home/airflow/.local/lib/python3.6/site-packages/airflow/example_dags/example_kubernetes_executor.py
[2024-04-01 23:26:03,344] {logging_mixin.py:104} INFO - [2024-04-01 23:26:03,344] {dag.py:1833} INFO - Sync 1 DAGs
[2024-04-01 23:26:03,370] {logging_mixin.py:104} INFO - [2024-04-01 23:26:03,370] {dag.py:2306} INFO - Setting next_dagrun for example_kubernetes_executor to None
[2024-04-01 23:26:03,391] {scheduler_job.py:190} INFO - Processing /home/airflow/.local/lib/python3.6/site-packages/airflow/example_dags/example_kubernetes_executor.py took 0.117 seconds
[2024-04-01 23:26:33,761] {scheduler_job.py:182} INFO - Started process (PID=1231) to work on /home/airflow/.local/lib/python3.6/site-packages/airflow/example_dags/example_kubernetes_executor.py
[2024-04-01 23:26:33,765] {scheduler_job.py:633} INFO - Processing file /home/airflow/.local/lib/python3.6/site-packages/airflow/example_dags/example_kubernetes_executor.py for tasks to queue
[2024-04-01 23:26:33,766] {logging_mixin.py:104} INFO - [2024-04-01 23:26:33,766] {dagbag.py:496} INFO - Filling up the DagBag from /home/airflow/.local/lib/python3.6/site-packages/airflow/example_dags/example_kubernetes_executor.py
[2024-04-01 23:26:33,785] {scheduler_job.py:643} INFO - DAG(s) dict_keys(['example_kubernetes_executor']) retrieved from /home/airflow/.local/lib/python3.6/site-packages/airflow/example_dags/example_kubernetes_executor.py
[2024-04-01 23:26:33,831] {logging_mixin.py:104} INFO - [2024-04-01 23:26:33,831] {dag.py:1833} INFO - Sync 1 DAGs
[2024-04-01 23:26:33,868] {logging_mixin.py:104} INFO - [2024-04-01 23:26:33,868] {dag.py:2306} INFO - Setting next_dagrun for example_kubernetes_executor to None
[2024-04-01 23:26:33,900] {scheduler_job.py:190} INFO - Processing /home/airflow/.local/lib/python3.6/site-packages/airflow/example_dags/example_kubernetes_executor.py took 0.143 seconds
[2024-04-01 23:27:04,392] {scheduler_job.py:182} INFO - Started process (PID=1319) to work on /home/airflow/.local/lib/python3.6/site-packages/airflow/example_dags/example_kubernetes_executor.py
[2024-04-01 23:27:04,393] {scheduler_job.py:633} INFO - Processing file /home/airflow/.local/lib/python3.6/site-packages/airflow/example_dags/example_kubernetes_executor.py for tasks to queue
[2024-04-01 23:27:04,395] {logging_mixin.py:104} INFO - [2024-04-01 23:27:04,394] {dagbag.py:496} INFO - Filling up the DagBag from /home/airflow/.local/lib/python3.6/site-packages/airflow/example_dags/example_kubernetes_executor.py
[2024-04-01 23:27:04,410] {scheduler_job.py:643} INFO - DAG(s) dict_keys(['example_kubernetes_executor']) retrieved from /home/airflow/.local/lib/python3.6/site-packages/airflow/example_dags/example_kubernetes_executor.py
[2024-04-01 23:27:04,447] {logging_mixin.py:104} INFO - [2024-04-01 23:27:04,447] {dag.py:1833} INFO - Sync 1 DAGs
[2024-04-01 23:27:04,475] {logging_mixin.py:104} INFO - [2024-04-01 23:27:04,474] {dag.py:2306} INFO - Setting next_dagrun for example_kubernetes_executor to None
[2024-04-01 23:27:04,500] {scheduler_job.py:190} INFO - Processing /home/airflow/.local/lib/python3.6/site-packages/airflow/example_dags/example_kubernetes_executor.py took 0.112 seconds
[2024-04-01 23:27:34,990] {scheduler_job.py:182} INFO - Started process (PID=1398) to work on /home/airflow/.local/lib/python3.6/site-packages/airflow/example_dags/example_kubernetes_executor.py
[2024-04-01 23:27:34,992] {scheduler_job.py:633} INFO - Processing file /home/airflow/.local/lib/python3.6/site-packages/airflow/example_dags/example_kubernetes_executor.py for tasks to queue
[2024-04-01 23:27:34,992] {logging_mixin.py:104} INFO - [2024-04-01 23:27:34,992] {dagbag.py:496} INFO - Filling up the DagBag from /home/airflow/.local/lib/python3.6/site-packages/airflow/example_dags/example_kubernetes_executor.py
[2024-04-01 23:27:35,005] {scheduler_job.py:643} INFO - DAG(s) dict_keys(['example_kubernetes_executor']) retrieved from /home/airflow/.local/lib/python3.6/site-packages/airflow/example_dags/example_kubernetes_executor.py
[2024-04-01 23:27:35,031] {logging_mixin.py:104} INFO - [2024-04-01 23:27:35,030] {dag.py:1833} INFO - Sync 1 DAGs
[2024-04-01 23:27:35,048] {logging_mixin.py:104} INFO - [2024-04-01 23:27:35,048] {dag.py:2306} INFO - Setting next_dagrun for example_kubernetes_executor to None
[2024-04-01 23:27:35,062] {scheduler_job.py:190} INFO - Processing /home/airflow/.local/lib/python3.6/site-packages/airflow/example_dags/example_kubernetes_executor.py took 0.075 seconds
[2024-04-01 23:28:05,827] {scheduler_job.py:182} INFO - Started process (PID=1476) to work on /home/airflow/.local/lib/python3.6/site-packages/airflow/example_dags/example_kubernetes_executor.py
[2024-04-01 23:28:05,829] {scheduler_job.py:633} INFO - Processing file /home/airflow/.local/lib/python3.6/site-packages/airflow/example_dags/example_kubernetes_executor.py for tasks to queue
[2024-04-01 23:28:05,830] {logging_mixin.py:104} INFO - [2024-04-01 23:28:05,829] {dagbag.py:496} INFO - Filling up the DagBag from /home/airflow/.local/lib/python3.6/site-packages/airflow/example_dags/example_kubernetes_executor.py
[2024-04-01 23:28:05,858] {scheduler_job.py:643} INFO - DAG(s) dict_keys(['example_kubernetes_executor']) retrieved from /home/airflow/.local/lib/python3.6/site-packages/airflow/example_dags/example_kubernetes_executor.py
[2024-04-01 23:28:05,908] {logging_mixin.py:104} INFO - [2024-04-01 23:28:05,907] {dag.py:1833} INFO - Sync 1 DAGs
[2024-04-01 23:28:05,957] {logging_mixin.py:104} INFO - [2024-04-01 23:28:05,957] {dag.py:2306} INFO - Setting next_dagrun for example_kubernetes_executor to None
[2024-04-01 23:28:05,994] {scheduler_job.py:190} INFO - Processing /home/airflow/.local/lib/python3.6/site-packages/airflow/example_dags/example_kubernetes_executor.py took 0.173 seconds
[2024-04-01 23:28:36,417] {scheduler_job.py:182} INFO - Started process (PID=1542) to work on /home/airflow/.local/lib/python3.6/site-packages/airflow/example_dags/example_kubernetes_executor.py
[2024-04-01 23:28:36,419] {scheduler_job.py:633} INFO - Processing file /home/airflow/.local/lib/python3.6/site-packages/airflow/example_dags/example_kubernetes_executor.py for tasks to queue
[2024-04-01 23:28:36,419] {logging_mixin.py:104} INFO - [2024-04-01 23:28:36,419] {dagbag.py:496} INFO - Filling up the DagBag from /home/airflow/.local/lib/python3.6/site-packages/airflow/example_dags/example_kubernetes_executor.py
[2024-04-01 23:28:36,431] {scheduler_job.py:643} INFO - DAG(s) dict_keys(['example_kubernetes_executor']) retrieved from /home/airflow/.local/lib/python3.6/site-packages/airflow/example_dags/example_kubernetes_executor.py
[2024-04-01 23:28:36,460] {logging_mixin.py:104} INFO - [2024-04-01 23:28:36,460] {dag.py:1833} INFO - Sync 1 DAGs
[2024-04-01 23:28:36,479] {logging_mixin.py:104} INFO - [2024-04-01 23:28:36,479] {dag.py:2306} INFO - Setting next_dagrun for example_kubernetes_executor to None
[2024-04-01 23:28:36,494] {scheduler_job.py:190} INFO - Processing /home/airflow/.local/lib/python3.6/site-packages/airflow/example_dags/example_kubernetes_executor.py took 0.080 seconds
[2024-04-01 23:29:06,788] {scheduler_job.py:182} INFO - Started process (PID=1596) to work on /home/airflow/.local/lib/python3.6/site-packages/airflow/example_dags/example_kubernetes_executor.py
[2024-04-01 23:29:06,789] {scheduler_job.py:633} INFO - Processing file /home/airflow/.local/lib/python3.6/site-packages/airflow/example_dags/example_kubernetes_executor.py for tasks to queue
[2024-04-01 23:29:06,791] {logging_mixin.py:104} INFO - [2024-04-01 23:29:06,790] {dagbag.py:496} INFO - Filling up the DagBag from /home/airflow/.local/lib/python3.6/site-packages/airflow/example_dags/example_kubernetes_executor.py
[2024-04-01 23:29:06,809] {scheduler_job.py:643} INFO - DAG(s) dict_keys(['example_kubernetes_executor']) retrieved from /home/airflow/.local/lib/python3.6/site-packages/airflow/example_dags/example_kubernetes_executor.py
[2024-04-01 23:29:06,841] {logging_mixin.py:104} INFO - [2024-04-01 23:29:06,841] {dag.py:1833} INFO - Sync 1 DAGs
[2024-04-01 23:29:06,868] {logging_mixin.py:104} INFO - [2024-04-01 23:29:06,868] {dag.py:2306} INFO - Setting next_dagrun for example_kubernetes_executor to None
[2024-04-01 23:29:06,889] {scheduler_job.py:190} INFO - Processing /home/airflow/.local/lib/python3.6/site-packages/airflow/example_dags/example_kubernetes_executor.py took 0.106 seconds
[2024-04-01 23:29:37,268] {scheduler_job.py:182} INFO - Started process (PID=1648) to work on /home/airflow/.local/lib/python3.6/site-packages/airflow/example_dags/example_kubernetes_executor.py
[2024-04-01 23:29:37,270] {scheduler_job.py:633} INFO - Processing file /home/airflow/.local/lib/python3.6/site-packages/airflow/example_dags/example_kubernetes_executor.py for tasks to queue
[2024-04-01 23:29:37,271] {logging_mixin.py:104} INFO - [2024-04-01 23:29:37,271] {dagbag.py:496} INFO - Filling up the DagBag from /home/airflow/.local/lib/python3.6/site-packages/airflow/example_dags/example_kubernetes_executor.py
[2024-04-01 23:29:37,297] {scheduler_job.py:643} INFO - DAG(s) dict_keys(['example_kubernetes_executor']) retrieved from /home/airflow/.local/lib/python3.6/site-packages/airflow/example_dags/example_kubernetes_executor.py
[2024-04-01 23:29:37,359] {logging_mixin.py:104} INFO - [2024-04-01 23:29:37,358] {dag.py:1833} INFO - Sync 1 DAGs
[2024-04-01 23:29:37,400] {logging_mixin.py:104} INFO - [2024-04-01 23:29:37,400] {dag.py:2306} INFO - Setting next_dagrun for example_kubernetes_executor to None
[2024-04-01 23:29:37,422] {scheduler_job.py:190} INFO - Processing /home/airflow/.local/lib/python3.6/site-packages/airflow/example_dags/example_kubernetes_executor.py took 0.159 seconds
[2024-04-01 23:30:07,964] {scheduler_job.py:182} INFO - Started process (PID=1710) to work on /home/airflow/.local/lib/python3.6/site-packages/airflow/example_dags/example_kubernetes_executor.py
[2024-04-01 23:30:07,966] {scheduler_job.py:633} INFO - Processing file /home/airflow/.local/lib/python3.6/site-packages/airflow/example_dags/example_kubernetes_executor.py for tasks to queue
[2024-04-01 23:30:07,967] {logging_mixin.py:104} INFO - [2024-04-01 23:30:07,966] {dagbag.py:496} INFO - Filling up the DagBag from /home/airflow/.local/lib/python3.6/site-packages/airflow/example_dags/example_kubernetes_executor.py
[2024-04-01 23:30:07,993] {scheduler_job.py:643} INFO - DAG(s) dict_keys(['example_kubernetes_executor']) retrieved from /home/airflow/.local/lib/python3.6/site-packages/airflow/example_dags/example_kubernetes_executor.py
[2024-04-01 23:30:08,037] {logging_mixin.py:104} INFO - [2024-04-01 23:30:08,036] {dag.py:1833} INFO - Sync 1 DAGs
[2024-04-01 23:30:08,069] {logging_mixin.py:104} INFO - [2024-04-01 23:30:08,069] {dag.py:2306} INFO - Setting next_dagrun for example_kubernetes_executor to None
[2024-04-01 23:30:08,092] {scheduler_job.py:190} INFO - Processing /home/airflow/.local/lib/python3.6/site-packages/airflow/example_dags/example_kubernetes_executor.py took 0.134 seconds
[2024-04-01 23:30:38,384] {scheduler_job.py:182} INFO - Started process (PID=1762) to work on /home/airflow/.local/lib/python3.6/site-packages/airflow/example_dags/example_kubernetes_executor.py
[2024-04-01 23:30:38,385] {scheduler_job.py:633} INFO - Processing file /home/airflow/.local/lib/python3.6/site-packages/airflow/example_dags/example_kubernetes_executor.py for tasks to queue
[2024-04-01 23:30:38,386] {logging_mixin.py:104} INFO - [2024-04-01 23:30:38,386] {dagbag.py:496} INFO - Filling up the DagBag from /home/airflow/.local/lib/python3.6/site-packages/airflow/example_dags/example_kubernetes_executor.py
[2024-04-01 23:30:38,400] {scheduler_job.py:643} INFO - DAG(s) dict_keys(['example_kubernetes_executor']) retrieved from /home/airflow/.local/lib/python3.6/site-packages/airflow/example_dags/example_kubernetes_executor.py
[2024-04-01 23:30:38,429] {logging_mixin.py:104} INFO - [2024-04-01 23:30:38,429] {dag.py:1833} INFO - Sync 1 DAGs
[2024-04-01 23:30:38,445] {logging_mixin.py:104} INFO - [2024-04-01 23:30:38,445] {dag.py:2306} INFO - Setting next_dagrun for example_kubernetes_executor to None
[2024-04-01 23:30:38,462] {scheduler_job.py:190} INFO - Processing /home/airflow/.local/lib/python3.6/site-packages/airflow/example_dags/example_kubernetes_executor.py took 0.080 seconds
[2024-04-01 23:31:08,936] {scheduler_job.py:182} INFO - Started process (PID=1814) to work on /home/airflow/.local/lib/python3.6/site-packages/airflow/example_dags/example_kubernetes_executor.py
[2024-04-01 23:31:08,937] {scheduler_job.py:633} INFO - Processing file /home/airflow/.local/lib/python3.6/site-packages/airflow/example_dags/example_kubernetes_executor.py for tasks to queue
[2024-04-01 23:31:08,938] {logging_mixin.py:104} INFO - [2024-04-01 23:31:08,938] {dagbag.py:496} INFO - Filling up the DagBag from /home/airflow/.local/lib/python3.6/site-packages/airflow/example_dags/example_kubernetes_executor.py
[2024-04-01 23:31:08,955] {scheduler_job.py:643} INFO - DAG(s) dict_keys(['example_kubernetes_executor']) retrieved from /home/airflow/.local/lib/python3.6/site-packages/airflow/example_dags/example_kubernetes_executor.py
[2024-04-01 23:31:08,994] {logging_mixin.py:104} INFO - [2024-04-01 23:31:08,994] {dag.py:1833} INFO - Sync 1 DAGs
[2024-04-01 23:31:09,019] {logging_mixin.py:104} INFO - [2024-04-01 23:31:09,018] {dag.py:2306} INFO - Setting next_dagrun for example_kubernetes_executor to None
[2024-04-01 23:31:09,036] {scheduler_job.py:190} INFO - Processing /home/airflow/.local/lib/python3.6/site-packages/airflow/example_dags/example_kubernetes_executor.py took 0.103 seconds
[2024-04-01 23:31:39,305] {scheduler_job.py:182} INFO - Started process (PID=1866) to work on /home/airflow/.local/lib/python3.6/site-packages/airflow/example_dags/example_kubernetes_executor.py
[2024-04-01 23:31:39,308] {scheduler_job.py:633} INFO - Processing file /home/airflow/.local/lib/python3.6/site-packages/airflow/example_dags/example_kubernetes_executor.py for tasks to queue
[2024-04-01 23:31:39,310] {logging_mixin.py:104} INFO - [2024-04-01 23:31:39,310] {dagbag.py:496} INFO - Filling up the DagBag from /home/airflow/.local/lib/python3.6/site-packages/airflow/example_dags/example_kubernetes_executor.py
[2024-04-01 23:31:39,339] {scheduler_job.py:643} INFO - DAG(s) dict_keys(['example_kubernetes_executor']) retrieved from /home/airflow/.local/lib/python3.6/site-packages/airflow/example_dags/example_kubernetes_executor.py
[2024-04-01 23:31:39,376] {logging_mixin.py:104} INFO - [2024-04-01 23:31:39,376] {dag.py:1833} INFO - Sync 1 DAGs
[2024-04-01 23:31:39,400] {logging_mixin.py:104} INFO - [2024-04-01 23:31:39,400] {dag.py:2306} INFO - Setting next_dagrun for example_kubernetes_executor to None
[2024-04-01 23:31:39,417] {scheduler_job.py:190} INFO - Processing /home/airflow/.local/lib/python3.6/site-packages/airflow/example_dags/example_kubernetes_executor.py took 0.118 seconds
[2024-04-01 23:32:10,143] {scheduler_job.py:182} INFO - Started process (PID=1918) to work on /home/airflow/.local/lib/python3.6/site-packages/airflow/example_dags/example_kubernetes_executor.py
[2024-04-01 23:32:10,144] {scheduler_job.py:633} INFO - Processing file /home/airflow/.local/lib/python3.6/site-packages/airflow/example_dags/example_kubernetes_executor.py for tasks to queue
[2024-04-01 23:32:10,145] {logging_mixin.py:104} INFO - [2024-04-01 23:32:10,145] {dagbag.py:496} INFO - Filling up the DagBag from /home/airflow/.local/lib/python3.6/site-packages/airflow/example_dags/example_kubernetes_executor.py
[2024-04-01 23:32:10,159] {scheduler_job.py:643} INFO - DAG(s) dict_keys(['example_kubernetes_executor']) retrieved from /home/airflow/.local/lib/python3.6/site-packages/airflow/example_dags/example_kubernetes_executor.py
[2024-04-01 23:32:10,186] {logging_mixin.py:104} INFO - [2024-04-01 23:32:10,186] {dag.py:1833} INFO - Sync 1 DAGs
[2024-04-01 23:32:10,201] {logging_mixin.py:104} INFO - [2024-04-01 23:32:10,201] {dag.py:2306} INFO - Setting next_dagrun for example_kubernetes_executor to None
[2024-04-01 23:32:10,215] {scheduler_job.py:190} INFO - Processing /home/airflow/.local/lib/python3.6/site-packages/airflow/example_dags/example_kubernetes_executor.py took 0.076 seconds
[2024-04-01 23:32:41,098] {scheduler_job.py:182} INFO - Started process (PID=1980) to work on /home/airflow/.local/lib/python3.6/site-packages/airflow/example_dags/example_kubernetes_executor.py
[2024-04-01 23:32:41,101] {scheduler_job.py:633} INFO - Processing file /home/airflow/.local/lib/python3.6/site-packages/airflow/example_dags/example_kubernetes_executor.py for tasks to queue
[2024-04-01 23:32:41,103] {logging_mixin.py:104} INFO - [2024-04-01 23:32:41,103] {dagbag.py:496} INFO - Filling up the DagBag from /home/airflow/.local/lib/python3.6/site-packages/airflow/example_dags/example_kubernetes_executor.py
[2024-04-01 23:32:41,136] {scheduler_job.py:643} INFO - DAG(s) dict_keys(['example_kubernetes_executor']) retrieved from /home/airflow/.local/lib/python3.6/site-packages/airflow/example_dags/example_kubernetes_executor.py
[2024-04-01 23:32:41,201] {logging_mixin.py:104} INFO - [2024-04-01 23:32:41,199] {dag.py:1833} INFO - Sync 1 DAGs
[2024-04-01 23:32:41,241] {logging_mixin.py:104} INFO - [2024-04-01 23:32:41,241] {dag.py:2306} INFO - Setting next_dagrun for example_kubernetes_executor to None
[2024-04-01 23:32:41,278] {scheduler_job.py:190} INFO - Processing /home/airflow/.local/lib/python3.6/site-packages/airflow/example_dags/example_kubernetes_executor.py took 0.188 seconds
[2024-04-01 23:33:11,498] {scheduler_job.py:182} INFO - Started process (PID=2033) to work on /home/airflow/.local/lib/python3.6/site-packages/airflow/example_dags/example_kubernetes_executor.py
[2024-04-01 23:33:11,500] {scheduler_job.py:633} INFO - Processing file /home/airflow/.local/lib/python3.6/site-packages/airflow/example_dags/example_kubernetes_executor.py for tasks to queue
[2024-04-01 23:33:11,501] {logging_mixin.py:104} INFO - [2024-04-01 23:33:11,501] {dagbag.py:496} INFO - Filling up the DagBag from /home/airflow/.local/lib/python3.6/site-packages/airflow/example_dags/example_kubernetes_executor.py
[2024-04-01 23:33:11,520] {scheduler_job.py:643} INFO - DAG(s) dict_keys(['example_kubernetes_executor']) retrieved from /home/airflow/.local/lib/python3.6/site-packages/airflow/example_dags/example_kubernetes_executor.py
[2024-04-01 23:33:11,551] {logging_mixin.py:104} INFO - [2024-04-01 23:33:11,551] {dag.py:1833} INFO - Sync 1 DAGs
[2024-04-01 23:33:11,571] {logging_mixin.py:104} INFO - [2024-04-01 23:33:11,571] {dag.py:2306} INFO - Setting next_dagrun for example_kubernetes_executor to None
[2024-04-01 23:33:11,591] {scheduler_job.py:190} INFO - Processing /home/airflow/.local/lib/python3.6/site-packages/airflow/example_dags/example_kubernetes_executor.py took 0.102 seconds
[2024-04-01 23:33:41,829] {scheduler_job.py:182} INFO - Started process (PID=2085) to work on /home/airflow/.local/lib/python3.6/site-packages/airflow/example_dags/example_kubernetes_executor.py
[2024-04-01 23:33:41,830] {scheduler_job.py:633} INFO - Processing file /home/airflow/.local/lib/python3.6/site-packages/airflow/example_dags/example_kubernetes_executor.py for tasks to queue
[2024-04-01 23:33:41,831] {logging_mixin.py:104} INFO - [2024-04-01 23:33:41,831] {dagbag.py:496} INFO - Filling up the DagBag from /home/airflow/.local/lib/python3.6/site-packages/airflow/example_dags/example_kubernetes_executor.py
[2024-04-01 23:33:41,847] {scheduler_job.py:643} INFO - DAG(s) dict_keys(['example_kubernetes_executor']) retrieved from /home/airflow/.local/lib/python3.6/site-packages/airflow/example_dags/example_kubernetes_executor.py
[2024-04-01 23:33:41,877] {logging_mixin.py:104} INFO - [2024-04-01 23:33:41,876] {dag.py:1833} INFO - Sync 1 DAGs
[2024-04-01 23:33:41,899] {logging_mixin.py:104} INFO - [2024-04-01 23:33:41,899] {dag.py:2306} INFO - Setting next_dagrun for example_kubernetes_executor to None
[2024-04-01 23:33:41,916] {scheduler_job.py:190} INFO - Processing /home/airflow/.local/lib/python3.6/site-packages/airflow/example_dags/example_kubernetes_executor.py took 0.091 seconds
[2024-04-01 23:34:13,001] {scheduler_job.py:182} INFO - Started process (PID=2148) to work on /home/airflow/.local/lib/python3.6/site-packages/airflow/example_dags/example_kubernetes_executor.py
[2024-04-01 23:34:13,003] {scheduler_job.py:633} INFO - Processing file /home/airflow/.local/lib/python3.6/site-packages/airflow/example_dags/example_kubernetes_executor.py for tasks to queue
[2024-04-01 23:34:13,005] {logging_mixin.py:104} INFO - [2024-04-01 23:34:13,005] {dagbag.py:496} INFO - Filling up the DagBag from /home/airflow/.local/lib/python3.6/site-packages/airflow/example_dags/example_kubernetes_executor.py
[2024-04-01 23:34:13,063] {scheduler_job.py:643} INFO - DAG(s) dict_keys(['example_kubernetes_executor']) retrieved from /home/airflow/.local/lib/python3.6/site-packages/airflow/example_dags/example_kubernetes_executor.py
[2024-04-01 23:34:13,151] {logging_mixin.py:104} INFO - [2024-04-01 23:34:13,149] {dag.py:1833} INFO - Sync 1 DAGs
[2024-04-01 23:34:13,198] {logging_mixin.py:104} INFO - [2024-04-01 23:34:13,198] {dag.py:2306} INFO - Setting next_dagrun for example_kubernetes_executor to None
[2024-04-01 23:34:13,246] {scheduler_job.py:190} INFO - Processing /home/airflow/.local/lib/python3.6/site-packages/airflow/example_dags/example_kubernetes_executor.py took 0.259 seconds
[2024-04-01 23:34:43,696] {scheduler_job.py:182} INFO - Started process (PID=2200) to work on /home/airflow/.local/lib/python3.6/site-packages/airflow/example_dags/example_kubernetes_executor.py
[2024-04-01 23:34:43,697] {scheduler_job.py:633} INFO - Processing file /home/airflow/.local/lib/python3.6/site-packages/airflow/example_dags/example_kubernetes_executor.py for tasks to queue
[2024-04-01 23:34:43,698] {logging_mixin.py:104} INFO - [2024-04-01 23:34:43,697] {dagbag.py:496} INFO - Filling up the DagBag from /home/airflow/.local/lib/python3.6/site-packages/airflow/example_dags/example_kubernetes_executor.py
[2024-04-01 23:34:43,712] {scheduler_job.py:643} INFO - DAG(s) dict_keys(['example_kubernetes_executor']) retrieved from /home/airflow/.local/lib/python3.6/site-packages/airflow/example_dags/example_kubernetes_executor.py
[2024-04-01 23:34:43,741] {logging_mixin.py:104} INFO - [2024-04-01 23:34:43,740] {dag.py:1833} INFO - Sync 1 DAGs
[2024-04-01 23:34:43,764] {logging_mixin.py:104} INFO - [2024-04-01 23:34:43,764] {dag.py:2306} INFO - Setting next_dagrun for example_kubernetes_executor to None
[2024-04-01 23:34:43,782] {scheduler_job.py:190} INFO - Processing /home/airflow/.local/lib/python3.6/site-packages/airflow/example_dags/example_kubernetes_executor.py took 0.091 seconds
[2024-04-01 23:35:14,300] {scheduler_job.py:182} INFO - Started process (PID=2261) to work on /home/airflow/.local/lib/python3.6/site-packages/airflow/example_dags/example_kubernetes_executor.py
[2024-04-01 23:35:14,302] {scheduler_job.py:633} INFO - Processing file /home/airflow/.local/lib/python3.6/site-packages/airflow/example_dags/example_kubernetes_executor.py for tasks to queue
[2024-04-01 23:35:14,303] {logging_mixin.py:104} INFO - [2024-04-01 23:35:14,303] {dagbag.py:496} INFO - Filling up the DagBag from /home/airflow/.local/lib/python3.6/site-packages/airflow/example_dags/example_kubernetes_executor.py
[2024-04-01 23:35:14,320] {scheduler_job.py:643} INFO - DAG(s) dict_keys(['example_kubernetes_executor']) retrieved from /home/airflow/.local/lib/python3.6/site-packages/airflow/example_dags/example_kubernetes_executor.py
[2024-04-01 23:35:14,352] {logging_mixin.py:104} INFO - [2024-04-01 23:35:14,351] {dag.py:1833} INFO - Sync 1 DAGs
[2024-04-01 23:35:14,374] {logging_mixin.py:104} INFO - [2024-04-01 23:35:14,373] {dag.py:2306} INFO - Setting next_dagrun for example_kubernetes_executor to None
[2024-04-01 23:35:14,389] {scheduler_job.py:190} INFO - Processing /home/airflow/.local/lib/python3.6/site-packages/airflow/example_dags/example_kubernetes_executor.py took 0.092 seconds
[2024-04-01 23:35:45,340] {scheduler_job.py:182} INFO - Started process (PID=2314) to work on /home/airflow/.local/lib/python3.6/site-packages/airflow/example_dags/example_kubernetes_executor.py
[2024-04-01 23:35:45,341] {scheduler_job.py:633} INFO - Processing file /home/airflow/.local/lib/python3.6/site-packages/airflow/example_dags/example_kubernetes_executor.py for tasks to queue
[2024-04-01 23:35:45,342] {logging_mixin.py:104} INFO - [2024-04-01 23:35:45,342] {dagbag.py:496} INFO - Filling up the DagBag from /home/airflow/.local/lib/python3.6/site-packages/airflow/example_dags/example_kubernetes_executor.py
[2024-04-01 23:35:45,359] {scheduler_job.py:643} INFO - DAG(s) dict_keys(['example_kubernetes_executor']) retrieved from /home/airflow/.local/lib/python3.6/site-packages/airflow/example_dags/example_kubernetes_executor.py
[2024-04-01 23:35:45,391] {logging_mixin.py:104} INFO - [2024-04-01 23:35:45,391] {dag.py:1833} INFO - Sync 1 DAGs
[2024-04-01 23:35:45,413] {logging_mixin.py:104} INFO - [2024-04-01 23:35:45,413] {dag.py:2306} INFO - Setting next_dagrun for example_kubernetes_executor to None
[2024-04-01 23:35:45,430] {scheduler_job.py:190} INFO - Processing /home/airflow/.local/lib/python3.6/site-packages/airflow/example_dags/example_kubernetes_executor.py took 0.094 seconds
