[2024-04-01 23:19:28,435] {scheduler_job.py:182} INFO - Started process (PID=120) to work on /home/airflow/.local/lib/python3.6/site-packages/airflow/example_dags/example_subdag_operator.py
[2024-04-01 23:19:28,436] {scheduler_job.py:633} INFO - Processing file /home/airflow/.local/lib/python3.6/site-packages/airflow/example_dags/example_subdag_operator.py for tasks to queue
[2024-04-01 23:19:28,438] {logging_mixin.py:104} INFO - [2024-04-01 23:19:28,437] {dagbag.py:496} INFO - Filling up the DagBag from /home/airflow/.local/lib/python3.6/site-packages/airflow/example_dags/example_subdag_operator.py
[2024-04-01 23:19:28,495] {scheduler_job.py:643} INFO - DAG(s) dict_keys(['example_subdag_operator.section-1', 'example_subdag_operator.section-2', 'example_subdag_operator']) retrieved from /home/airflow/.local/lib/python3.6/site-packages/airflow/example_dags/example_subdag_operator.py
[2024-04-01 23:19:28,873] {logging_mixin.py:104} INFO - [2024-04-01 23:19:28,873] {dag.py:1833} INFO - Sync 3 DAGs
[2024-04-01 23:19:28,898] {logging_mixin.py:104} INFO - [2024-04-01 23:19:28,898] {dag.py:2306} INFO - Setting next_dagrun for example_subdag_operator to 2024-03-30 00:00:00+00:00
[2024-04-01 23:19:28,899] {logging_mixin.py:104} INFO - [2024-04-01 23:19:28,899] {dag.py:2306} INFO - Setting next_dagrun for example_subdag_operator.section-1 to None
[2024-04-01 23:19:28,899] {logging_mixin.py:104} INFO - [2024-04-01 23:19:28,899] {dag.py:2306} INFO - Setting next_dagrun for example_subdag_operator.section-2 to None
[2024-04-01 23:19:28,917] {logging_mixin.py:104} INFO - [2024-04-01 23:19:28,917] {dag.py:1833} INFO - Sync 2 DAGs
[2024-04-01 23:19:28,932] {logging_mixin.py:104} INFO - [2024-04-01 23:19:28,931] {dag.py:2306} INFO - Setting next_dagrun for example_subdag_operator.section-1 to None
[2024-04-01 23:19:28,932] {logging_mixin.py:104} INFO - [2024-04-01 23:19:28,932] {dag.py:2306} INFO - Setting next_dagrun for example_subdag_operator.section-2 to None
[2024-04-01 23:19:28,946] {scheduler_job.py:190} INFO - Processing /home/airflow/.local/lib/python3.6/site-packages/airflow/example_dags/example_subdag_operator.py took 0.515 seconds
[2024-04-01 23:19:59,129] {scheduler_job.py:182} INFO - Started process (PID=209) to work on /home/airflow/.local/lib/python3.6/site-packages/airflow/example_dags/example_subdag_operator.py
[2024-04-01 23:19:59,131] {scheduler_job.py:633} INFO - Processing file /home/airflow/.local/lib/python3.6/site-packages/airflow/example_dags/example_subdag_operator.py for tasks to queue
[2024-04-01 23:19:59,132] {logging_mixin.py:104} INFO - [2024-04-01 23:19:59,132] {dagbag.py:496} INFO - Filling up the DagBag from /home/airflow/.local/lib/python3.6/site-packages/airflow/example_dags/example_subdag_operator.py
[2024-04-01 23:19:59,202] {scheduler_job.py:643} INFO - DAG(s) dict_keys(['example_subdag_operator.section-1', 'example_subdag_operator.section-2', 'example_subdag_operator']) retrieved from /home/airflow/.local/lib/python3.6/site-packages/airflow/example_dags/example_subdag_operator.py
[2024-04-01 23:19:59,229] {logging_mixin.py:104} INFO - [2024-04-01 23:19:59,229] {dag.py:1833} INFO - Sync 3 DAGs
[2024-04-01 23:19:59,265] {logging_mixin.py:104} INFO - [2024-04-01 23:19:59,264] {dag.py:2306} INFO - Setting next_dagrun for example_subdag_operator to 2024-03-30 00:00:00+00:00
[2024-04-01 23:19:59,266] {logging_mixin.py:104} INFO - [2024-04-01 23:19:59,266] {dag.py:2306} INFO - Setting next_dagrun for example_subdag_operator.section-1 to None
[2024-04-01 23:19:59,267] {logging_mixin.py:104} INFO - [2024-04-01 23:19:59,267] {dag.py:2306} INFO - Setting next_dagrun for example_subdag_operator.section-2 to None
[2024-04-01 23:19:59,284] {logging_mixin.py:104} INFO - [2024-04-01 23:19:59,284] {dag.py:1833} INFO - Sync 2 DAGs
[2024-04-01 23:19:59,300] {logging_mixin.py:104} INFO - [2024-04-01 23:19:59,300] {dag.py:2306} INFO - Setting next_dagrun for example_subdag_operator.section-1 to None
[2024-04-01 23:19:59,300] {logging_mixin.py:104} INFO - [2024-04-01 23:19:59,300] {dag.py:2306} INFO - Setting next_dagrun for example_subdag_operator.section-2 to None
[2024-04-01 23:19:59,315] {scheduler_job.py:190} INFO - Processing /home/airflow/.local/lib/python3.6/site-packages/airflow/example_dags/example_subdag_operator.py took 0.194 seconds
[2024-04-01 23:20:29,786] {scheduler_job.py:182} INFO - Started process (PID=304) to work on /home/airflow/.local/lib/python3.6/site-packages/airflow/example_dags/example_subdag_operator.py
[2024-04-01 23:20:29,788] {scheduler_job.py:633} INFO - Processing file /home/airflow/.local/lib/python3.6/site-packages/airflow/example_dags/example_subdag_operator.py for tasks to queue
[2024-04-01 23:20:29,789] {logging_mixin.py:104} INFO - [2024-04-01 23:20:29,789] {dagbag.py:496} INFO - Filling up the DagBag from /home/airflow/.local/lib/python3.6/site-packages/airflow/example_dags/example_subdag_operator.py
[2024-04-01 23:20:29,900] {scheduler_job.py:643} INFO - DAG(s) dict_keys(['example_subdag_operator.section-1', 'example_subdag_operator.section-2', 'example_subdag_operator']) retrieved from /home/airflow/.local/lib/python3.6/site-packages/airflow/example_dags/example_subdag_operator.py
[2024-04-01 23:20:29,923] {logging_mixin.py:104} INFO - [2024-04-01 23:20:29,923] {dag.py:1833} INFO - Sync 3 DAGs
[2024-04-01 23:20:29,953] {logging_mixin.py:104} INFO - [2024-04-01 23:20:29,953] {dag.py:2306} INFO - Setting next_dagrun for example_subdag_operator to 2024-03-30 00:00:00+00:00
[2024-04-01 23:20:29,954] {logging_mixin.py:104} INFO - [2024-04-01 23:20:29,954] {dag.py:2306} INFO - Setting next_dagrun for example_subdag_operator.section-1 to None
[2024-04-01 23:20:29,955] {logging_mixin.py:104} INFO - [2024-04-01 23:20:29,954] {dag.py:2306} INFO - Setting next_dagrun for example_subdag_operator.section-2 to None
[2024-04-01 23:20:29,971] {logging_mixin.py:104} INFO - [2024-04-01 23:20:29,971] {dag.py:1833} INFO - Sync 2 DAGs
[2024-04-01 23:20:29,993] {logging_mixin.py:104} INFO - [2024-04-01 23:20:29,992] {dag.py:2306} INFO - Setting next_dagrun for example_subdag_operator.section-1 to None
[2024-04-01 23:20:29,993] {logging_mixin.py:104} INFO - [2024-04-01 23:20:29,993] {dag.py:2306} INFO - Setting next_dagrun for example_subdag_operator.section-2 to None
[2024-04-01 23:20:30,008] {scheduler_job.py:190} INFO - Processing /home/airflow/.local/lib/python3.6/site-packages/airflow/example_dags/example_subdag_operator.py took 0.227 seconds
[2024-04-01 23:21:02,284] {scheduler_job.py:182} INFO - Started process (PID=378) to work on /home/airflow/.local/lib/python3.6/site-packages/airflow/example_dags/example_subdag_operator.py
[2024-04-01 23:21:02,286] {scheduler_job.py:633} INFO - Processing file /home/airflow/.local/lib/python3.6/site-packages/airflow/example_dags/example_subdag_operator.py for tasks to queue
[2024-04-01 23:21:02,288] {logging_mixin.py:104} INFO - [2024-04-01 23:21:02,287] {dagbag.py:496} INFO - Filling up the DagBag from /home/airflow/.local/lib/python3.6/site-packages/airflow/example_dags/example_subdag_operator.py
[2024-04-01 23:21:02,458] {scheduler_job.py:643} INFO - DAG(s) dict_keys(['example_subdag_operator.section-1', 'example_subdag_operator.section-2', 'example_subdag_operator']) retrieved from /home/airflow/.local/lib/python3.6/site-packages/airflow/example_dags/example_subdag_operator.py
[2024-04-01 23:21:02,546] {logging_mixin.py:104} INFO - [2024-04-01 23:21:02,546] {dag.py:1833} INFO - Sync 3 DAGs
[2024-04-01 23:21:02,590] {logging_mixin.py:104} INFO - [2024-04-01 23:21:02,589] {dag.py:2306} INFO - Setting next_dagrun for example_subdag_operator to 2024-03-30 00:00:00+00:00
[2024-04-01 23:21:02,592] {logging_mixin.py:104} INFO - [2024-04-01 23:21:02,592] {dag.py:2306} INFO - Setting next_dagrun for example_subdag_operator.section-1 to None
[2024-04-01 23:21:02,592] {logging_mixin.py:104} INFO - [2024-04-01 23:21:02,592] {dag.py:2306} INFO - Setting next_dagrun for example_subdag_operator.section-2 to None
[2024-04-01 23:21:02,614] {logging_mixin.py:104} INFO - [2024-04-01 23:21:02,614] {dag.py:1833} INFO - Sync 2 DAGs
[2024-04-01 23:21:02,641] {logging_mixin.py:104} INFO - [2024-04-01 23:21:02,641] {dag.py:2306} INFO - Setting next_dagrun for example_subdag_operator.section-1 to None
[2024-04-01 23:21:02,642] {logging_mixin.py:104} INFO - [2024-04-01 23:21:02,642] {dag.py:2306} INFO - Setting next_dagrun for example_subdag_operator.section-2 to None
[2024-04-01 23:21:02,660] {scheduler_job.py:190} INFO - Processing /home/airflow/.local/lib/python3.6/site-packages/airflow/example_dags/example_subdag_operator.py took 0.402 seconds
[2024-04-01 23:21:33,389] {scheduler_job.py:182} INFO - Started process (PID=450) to work on /home/airflow/.local/lib/python3.6/site-packages/airflow/example_dags/example_subdag_operator.py
[2024-04-01 23:21:33,392] {scheduler_job.py:633} INFO - Processing file /home/airflow/.local/lib/python3.6/site-packages/airflow/example_dags/example_subdag_operator.py for tasks to queue
[2024-04-01 23:21:33,393] {logging_mixin.py:104} INFO - [2024-04-01 23:21:33,393] {dagbag.py:496} INFO - Filling up the DagBag from /home/airflow/.local/lib/python3.6/site-packages/airflow/example_dags/example_subdag_operator.py
[2024-04-01 23:21:33,472] {scheduler_job.py:643} INFO - DAG(s) dict_keys(['example_subdag_operator.section-1', 'example_subdag_operator.section-2', 'example_subdag_operator']) retrieved from /home/airflow/.local/lib/python3.6/site-packages/airflow/example_dags/example_subdag_operator.py
[2024-04-01 23:21:33,500] {logging_mixin.py:104} INFO - [2024-04-01 23:21:33,500] {dag.py:1833} INFO - Sync 3 DAGs
[2024-04-01 23:21:33,531] {logging_mixin.py:104} INFO - [2024-04-01 23:21:33,531] {dag.py:2306} INFO - Setting next_dagrun for example_subdag_operator to 2024-03-30 00:00:00+00:00
[2024-04-01 23:21:33,534] {logging_mixin.py:104} INFO - [2024-04-01 23:21:33,533] {dag.py:2306} INFO - Setting next_dagrun for example_subdag_operator.section-1 to None
[2024-04-01 23:21:33,534] {logging_mixin.py:104} INFO - [2024-04-01 23:21:33,534] {dag.py:2306} INFO - Setting next_dagrun for example_subdag_operator.section-2 to None
[2024-04-01 23:21:33,557] {logging_mixin.py:104} INFO - [2024-04-01 23:21:33,557] {dag.py:1833} INFO - Sync 2 DAGs
[2024-04-01 23:21:33,576] {logging_mixin.py:104} INFO - [2024-04-01 23:21:33,576] {dag.py:2306} INFO - Setting next_dagrun for example_subdag_operator.section-1 to None
[2024-04-01 23:21:33,576] {logging_mixin.py:104} INFO - [2024-04-01 23:21:33,576] {dag.py:2306} INFO - Setting next_dagrun for example_subdag_operator.section-2 to None
[2024-04-01 23:21:33,600] {scheduler_job.py:190} INFO - Processing /home/airflow/.local/lib/python3.6/site-packages/airflow/example_dags/example_subdag_operator.py took 0.226 seconds
[2024-04-01 23:22:04,108] {scheduler_job.py:182} INFO - Started process (PID=516) to work on /home/airflow/.local/lib/python3.6/site-packages/airflow/example_dags/example_subdag_operator.py
[2024-04-01 23:22:04,109] {scheduler_job.py:633} INFO - Processing file /home/airflow/.local/lib/python3.6/site-packages/airflow/example_dags/example_subdag_operator.py for tasks to queue
[2024-04-01 23:22:04,111] {logging_mixin.py:104} INFO - [2024-04-01 23:22:04,111] {dagbag.py:496} INFO - Filling up the DagBag from /home/airflow/.local/lib/python3.6/site-packages/airflow/example_dags/example_subdag_operator.py
[2024-04-01 23:22:04,159] {scheduler_job.py:643} INFO - DAG(s) dict_keys(['example_subdag_operator.section-1', 'example_subdag_operator.section-2', 'example_subdag_operator']) retrieved from /home/airflow/.local/lib/python3.6/site-packages/airflow/example_dags/example_subdag_operator.py
[2024-04-01 23:22:04,176] {logging_mixin.py:104} INFO - [2024-04-01 23:22:04,176] {dag.py:1833} INFO - Sync 3 DAGs
[2024-04-01 23:22:04,199] {logging_mixin.py:104} INFO - [2024-04-01 23:22:04,199] {dag.py:2306} INFO - Setting next_dagrun for example_subdag_operator to 2024-03-30 00:00:00+00:00
[2024-04-01 23:22:04,200] {logging_mixin.py:104} INFO - [2024-04-01 23:22:04,200] {dag.py:2306} INFO - Setting next_dagrun for example_subdag_operator.section-1 to None
[2024-04-01 23:22:04,201] {logging_mixin.py:104} INFO - [2024-04-01 23:22:04,201] {dag.py:2306} INFO - Setting next_dagrun for example_subdag_operator.section-2 to None
[2024-04-01 23:22:04,215] {logging_mixin.py:104} INFO - [2024-04-01 23:22:04,214] {dag.py:1833} INFO - Sync 2 DAGs
[2024-04-01 23:22:04,226] {logging_mixin.py:104} INFO - [2024-04-01 23:22:04,226] {dag.py:2306} INFO - Setting next_dagrun for example_subdag_operator.section-1 to None
[2024-04-01 23:22:04,227] {logging_mixin.py:104} INFO - [2024-04-01 23:22:04,227] {dag.py:2306} INFO - Setting next_dagrun for example_subdag_operator.section-2 to None
[2024-04-01 23:22:04,238] {scheduler_job.py:190} INFO - Processing /home/airflow/.local/lib/python3.6/site-packages/airflow/example_dags/example_subdag_operator.py took 0.137 seconds
[2024-04-01 23:22:34,681] {scheduler_job.py:182} INFO - Started process (PID=595) to work on /home/airflow/.local/lib/python3.6/site-packages/airflow/example_dags/example_subdag_operator.py
[2024-04-01 23:22:34,683] {scheduler_job.py:633} INFO - Processing file /home/airflow/.local/lib/python3.6/site-packages/airflow/example_dags/example_subdag_operator.py for tasks to queue
[2024-04-01 23:22:34,685] {logging_mixin.py:104} INFO - [2024-04-01 23:22:34,684] {dagbag.py:496} INFO - Filling up the DagBag from /home/airflow/.local/lib/python3.6/site-packages/airflow/example_dags/example_subdag_operator.py
[2024-04-01 23:22:34,739] {scheduler_job.py:643} INFO - DAG(s) dict_keys(['example_subdag_operator.section-1', 'example_subdag_operator.section-2', 'example_subdag_operator']) retrieved from /home/airflow/.local/lib/python3.6/site-packages/airflow/example_dags/example_subdag_operator.py
[2024-04-01 23:22:34,762] {logging_mixin.py:104} INFO - [2024-04-01 23:22:34,761] {dag.py:1833} INFO - Sync 3 DAGs
[2024-04-01 23:22:34,794] {logging_mixin.py:104} INFO - [2024-04-01 23:22:34,794] {dag.py:2306} INFO - Setting next_dagrun for example_subdag_operator to 2024-03-30 00:00:00+00:00
[2024-04-01 23:22:34,796] {logging_mixin.py:104} INFO - [2024-04-01 23:22:34,795] {dag.py:2306} INFO - Setting next_dagrun for example_subdag_operator.section-1 to None
[2024-04-01 23:22:34,796] {logging_mixin.py:104} INFO - [2024-04-01 23:22:34,796] {dag.py:2306} INFO - Setting next_dagrun for example_subdag_operator.section-2 to None
[2024-04-01 23:22:34,820] {logging_mixin.py:104} INFO - [2024-04-01 23:22:34,820] {dag.py:1833} INFO - Sync 2 DAGs
[2024-04-01 23:22:34,837] {logging_mixin.py:104} INFO - [2024-04-01 23:22:34,836] {dag.py:2306} INFO - Setting next_dagrun for example_subdag_operator.section-1 to None
[2024-04-01 23:22:34,837] {logging_mixin.py:104} INFO - [2024-04-01 23:22:34,837] {dag.py:2306} INFO - Setting next_dagrun for example_subdag_operator.section-2 to None
[2024-04-01 23:22:34,862] {scheduler_job.py:190} INFO - Processing /home/airflow/.local/lib/python3.6/site-packages/airflow/example_dags/example_subdag_operator.py took 0.185 seconds
[2024-04-01 23:23:05,256] {scheduler_job.py:182} INFO - Started process (PID=682) to work on /home/airflow/.local/lib/python3.6/site-packages/airflow/example_dags/example_subdag_operator.py
[2024-04-01 23:23:05,257] {scheduler_job.py:633} INFO - Processing file /home/airflow/.local/lib/python3.6/site-packages/airflow/example_dags/example_subdag_operator.py for tasks to queue
[2024-04-01 23:23:05,258] {logging_mixin.py:104} INFO - [2024-04-01 23:23:05,257] {dagbag.py:496} INFO - Filling up the DagBag from /home/airflow/.local/lib/python3.6/site-packages/airflow/example_dags/example_subdag_operator.py
[2024-04-01 23:23:05,303] {scheduler_job.py:643} INFO - DAG(s) dict_keys(['example_subdag_operator.section-1', 'example_subdag_operator.section-2', 'example_subdag_operator']) retrieved from /home/airflow/.local/lib/python3.6/site-packages/airflow/example_dags/example_subdag_operator.py
[2024-04-01 23:23:05,322] {logging_mixin.py:104} INFO - [2024-04-01 23:23:05,322] {dag.py:1833} INFO - Sync 3 DAGs
[2024-04-01 23:23:05,350] {logging_mixin.py:104} INFO - [2024-04-01 23:23:05,350] {dag.py:2306} INFO - Setting next_dagrun for example_subdag_operator to 2024-03-30 00:00:00+00:00
[2024-04-01 23:23:05,352] {logging_mixin.py:104} INFO - [2024-04-01 23:23:05,352] {dag.py:2306} INFO - Setting next_dagrun for example_subdag_operator.section-1 to None
[2024-04-01 23:23:05,353] {logging_mixin.py:104} INFO - [2024-04-01 23:23:05,352] {dag.py:2306} INFO - Setting next_dagrun for example_subdag_operator.section-2 to None
[2024-04-01 23:23:05,365] {logging_mixin.py:104} INFO - [2024-04-01 23:23:05,365] {dag.py:1833} INFO - Sync 2 DAGs
[2024-04-01 23:23:05,380] {logging_mixin.py:104} INFO - [2024-04-01 23:23:05,380] {dag.py:2306} INFO - Setting next_dagrun for example_subdag_operator.section-1 to None
[2024-04-01 23:23:05,381] {logging_mixin.py:104} INFO - [2024-04-01 23:23:05,381] {dag.py:2306} INFO - Setting next_dagrun for example_subdag_operator.section-2 to None
[2024-04-01 23:23:05,393] {scheduler_job.py:190} INFO - Processing /home/airflow/.local/lib/python3.6/site-packages/airflow/example_dags/example_subdag_operator.py took 0.141 seconds
[2024-04-01 23:23:35,559] {scheduler_job.py:182} INFO - Started process (PID=762) to work on /home/airflow/.local/lib/python3.6/site-packages/airflow/example_dags/example_subdag_operator.py
[2024-04-01 23:23:35,561] {scheduler_job.py:633} INFO - Processing file /home/airflow/.local/lib/python3.6/site-packages/airflow/example_dags/example_subdag_operator.py for tasks to queue
[2024-04-01 23:23:35,562] {logging_mixin.py:104} INFO - [2024-04-01 23:23:35,562] {dagbag.py:496} INFO - Filling up the DagBag from /home/airflow/.local/lib/python3.6/site-packages/airflow/example_dags/example_subdag_operator.py
[2024-04-01 23:23:35,612] {scheduler_job.py:643} INFO - DAG(s) dict_keys(['example_subdag_operator.section-1', 'example_subdag_operator.section-2', 'example_subdag_operator']) retrieved from /home/airflow/.local/lib/python3.6/site-packages/airflow/example_dags/example_subdag_operator.py
[2024-04-01 23:23:35,635] {logging_mixin.py:104} INFO - [2024-04-01 23:23:35,634] {dag.py:1833} INFO - Sync 3 DAGs
[2024-04-01 23:23:35,662] {logging_mixin.py:104} INFO - [2024-04-01 23:23:35,661] {dag.py:2306} INFO - Setting next_dagrun for example_subdag_operator to 2024-03-30 00:00:00+00:00
[2024-04-01 23:23:35,663] {logging_mixin.py:104} INFO - [2024-04-01 23:23:35,663] {dag.py:2306} INFO - Setting next_dagrun for example_subdag_operator.section-1 to None
[2024-04-01 23:23:35,663] {logging_mixin.py:104} INFO - [2024-04-01 23:23:35,663] {dag.py:2306} INFO - Setting next_dagrun for example_subdag_operator.section-2 to None
[2024-04-01 23:23:35,677] {logging_mixin.py:104} INFO - [2024-04-01 23:23:35,677] {dag.py:1833} INFO - Sync 2 DAGs
[2024-04-01 23:23:35,691] {logging_mixin.py:104} INFO - [2024-04-01 23:23:35,691] {dag.py:2306} INFO - Setting next_dagrun for example_subdag_operator.section-1 to None
[2024-04-01 23:23:35,691] {logging_mixin.py:104} INFO - [2024-04-01 23:23:35,691] {dag.py:2306} INFO - Setting next_dagrun for example_subdag_operator.section-2 to None
[2024-04-01 23:23:35,705] {scheduler_job.py:190} INFO - Processing /home/airflow/.local/lib/python3.6/site-packages/airflow/example_dags/example_subdag_operator.py took 0.149 seconds
[2024-04-01 23:24:06,135] {scheduler_job.py:182} INFO - Started process (PID=845) to work on /home/airflow/.local/lib/python3.6/site-packages/airflow/example_dags/example_subdag_operator.py
[2024-04-01 23:24:06,137] {scheduler_job.py:633} INFO - Processing file /home/airflow/.local/lib/python3.6/site-packages/airflow/example_dags/example_subdag_operator.py for tasks to queue
[2024-04-01 23:24:06,138] {logging_mixin.py:104} INFO - [2024-04-01 23:24:06,138] {dagbag.py:496} INFO - Filling up the DagBag from /home/airflow/.local/lib/python3.6/site-packages/airflow/example_dags/example_subdag_operator.py
[2024-04-01 23:24:06,200] {scheduler_job.py:643} INFO - DAG(s) dict_keys(['example_subdag_operator.section-1', 'example_subdag_operator.section-2', 'example_subdag_operator']) retrieved from /home/airflow/.local/lib/python3.6/site-packages/airflow/example_dags/example_subdag_operator.py
[2024-04-01 23:24:06,226] {logging_mixin.py:104} INFO - [2024-04-01 23:24:06,226] {dag.py:1833} INFO - Sync 3 DAGs
[2024-04-01 23:24:06,259] {logging_mixin.py:104} INFO - [2024-04-01 23:24:06,259] {dag.py:2306} INFO - Setting next_dagrun for example_subdag_operator to 2024-03-30 00:00:00+00:00
[2024-04-01 23:24:06,261] {logging_mixin.py:104} INFO - [2024-04-01 23:24:06,260] {dag.py:2306} INFO - Setting next_dagrun for example_subdag_operator.section-1 to None
[2024-04-01 23:24:06,261] {logging_mixin.py:104} INFO - [2024-04-01 23:24:06,261] {dag.py:2306} INFO - Setting next_dagrun for example_subdag_operator.section-2 to None
[2024-04-01 23:24:06,278] {logging_mixin.py:104} INFO - [2024-04-01 23:24:06,277] {dag.py:1833} INFO - Sync 2 DAGs
[2024-04-01 23:24:06,294] {logging_mixin.py:104} INFO - [2024-04-01 23:24:06,294] {dag.py:2306} INFO - Setting next_dagrun for example_subdag_operator.section-1 to None
[2024-04-01 23:24:06,295] {logging_mixin.py:104} INFO - [2024-04-01 23:24:06,295] {dag.py:2306} INFO - Setting next_dagrun for example_subdag_operator.section-2 to None
[2024-04-01 23:24:06,311] {scheduler_job.py:190} INFO - Processing /home/airflow/.local/lib/python3.6/site-packages/airflow/example_dags/example_subdag_operator.py took 0.185 seconds
[2024-04-01 23:24:37,155] {scheduler_job.py:182} INFO - Started process (PID=929) to work on /home/airflow/.local/lib/python3.6/site-packages/airflow/example_dags/example_subdag_operator.py
[2024-04-01 23:24:37,157] {scheduler_job.py:633} INFO - Processing file /home/airflow/.local/lib/python3.6/site-packages/airflow/example_dags/example_subdag_operator.py for tasks to queue
[2024-04-01 23:24:37,159] {logging_mixin.py:104} INFO - [2024-04-01 23:24:37,158] {dagbag.py:496} INFO - Filling up the DagBag from /home/airflow/.local/lib/python3.6/site-packages/airflow/example_dags/example_subdag_operator.py
[2024-04-01 23:24:37,207] {scheduler_job.py:643} INFO - DAG(s) dict_keys(['example_subdag_operator.section-1', 'example_subdag_operator.section-2', 'example_subdag_operator']) retrieved from /home/airflow/.local/lib/python3.6/site-packages/airflow/example_dags/example_subdag_operator.py
[2024-04-01 23:24:37,221] {logging_mixin.py:104} INFO - [2024-04-01 23:24:37,221] {dag.py:1833} INFO - Sync 3 DAGs
[2024-04-01 23:24:37,246] {logging_mixin.py:104} INFO - [2024-04-01 23:24:37,246] {dag.py:2306} INFO - Setting next_dagrun for example_subdag_operator to 2024-03-30 00:00:00+00:00
[2024-04-01 23:24:37,247] {logging_mixin.py:104} INFO - [2024-04-01 23:24:37,247] {dag.py:2306} INFO - Setting next_dagrun for example_subdag_operator.section-1 to None
[2024-04-01 23:24:37,248] {logging_mixin.py:104} INFO - [2024-04-01 23:24:37,248] {dag.py:2306} INFO - Setting next_dagrun for example_subdag_operator.section-2 to None
[2024-04-01 23:24:37,261] {logging_mixin.py:104} INFO - [2024-04-01 23:24:37,261] {dag.py:1833} INFO - Sync 2 DAGs
[2024-04-01 23:24:37,273] {logging_mixin.py:104} INFO - [2024-04-01 23:24:37,272] {dag.py:2306} INFO - Setting next_dagrun for example_subdag_operator.section-1 to None
[2024-04-01 23:24:37,273] {logging_mixin.py:104} INFO - [2024-04-01 23:24:37,273] {dag.py:2306} INFO - Setting next_dagrun for example_subdag_operator.section-2 to None
[2024-04-01 23:24:37,287] {scheduler_job.py:190} INFO - Processing /home/airflow/.local/lib/python3.6/site-packages/airflow/example_dags/example_subdag_operator.py took 0.138 seconds
[2024-04-01 23:25:07,670] {scheduler_job.py:182} INFO - Started process (PID=1007) to work on /home/airflow/.local/lib/python3.6/site-packages/airflow/example_dags/example_subdag_operator.py
[2024-04-01 23:25:07,671] {scheduler_job.py:633} INFO - Processing file /home/airflow/.local/lib/python3.6/site-packages/airflow/example_dags/example_subdag_operator.py for tasks to queue
[2024-04-01 23:25:07,673] {logging_mixin.py:104} INFO - [2024-04-01 23:25:07,673] {dagbag.py:496} INFO - Filling up the DagBag from /home/airflow/.local/lib/python3.6/site-packages/airflow/example_dags/example_subdag_operator.py
[2024-04-01 23:25:07,756] {scheduler_job.py:643} INFO - DAG(s) dict_keys(['example_subdag_operator.section-1', 'example_subdag_operator.section-2', 'example_subdag_operator']) retrieved from /home/airflow/.local/lib/python3.6/site-packages/airflow/example_dags/example_subdag_operator.py
[2024-04-01 23:25:07,782] {logging_mixin.py:104} INFO - [2024-04-01 23:25:07,782] {dag.py:1833} INFO - Sync 3 DAGs
[2024-04-01 23:25:07,815] {logging_mixin.py:104} INFO - [2024-04-01 23:25:07,814] {dag.py:2306} INFO - Setting next_dagrun for example_subdag_operator to 2024-03-30 00:00:00+00:00
[2024-04-01 23:25:07,817] {logging_mixin.py:104} INFO - [2024-04-01 23:25:07,817] {dag.py:2306} INFO - Setting next_dagrun for example_subdag_operator.section-1 to None
[2024-04-01 23:25:07,817] {logging_mixin.py:104} INFO - [2024-04-01 23:25:07,817] {dag.py:2306} INFO - Setting next_dagrun for example_subdag_operator.section-2 to None
[2024-04-01 23:25:07,847] {logging_mixin.py:104} INFO - [2024-04-01 23:25:07,840] {dag.py:1833} INFO - Sync 2 DAGs
[2024-04-01 23:25:07,877] {logging_mixin.py:104} INFO - [2024-04-01 23:25:07,877] {dag.py:2306} INFO - Setting next_dagrun for example_subdag_operator.section-1 to None
[2024-04-01 23:25:07,877] {logging_mixin.py:104} INFO - [2024-04-01 23:25:07,877] {dag.py:2306} INFO - Setting next_dagrun for example_subdag_operator.section-2 to None
[2024-04-01 23:25:07,893] {scheduler_job.py:190} INFO - Processing /home/airflow/.local/lib/python3.6/site-packages/airflow/example_dags/example_subdag_operator.py took 0.230 seconds
[2024-04-01 23:25:38,893] {scheduler_job.py:182} INFO - Started process (PID=1086) to work on /home/airflow/.local/lib/python3.6/site-packages/airflow/example_dags/example_subdag_operator.py
[2024-04-01 23:25:38,894] {scheduler_job.py:633} INFO - Processing file /home/airflow/.local/lib/python3.6/site-packages/airflow/example_dags/example_subdag_operator.py for tasks to queue
[2024-04-01 23:25:38,895] {logging_mixin.py:104} INFO - [2024-04-01 23:25:38,894] {dagbag.py:496} INFO - Filling up the DagBag from /home/airflow/.local/lib/python3.6/site-packages/airflow/example_dags/example_subdag_operator.py
[2024-04-01 23:25:38,928] {scheduler_job.py:643} INFO - DAG(s) dict_keys(['example_subdag_operator.section-1', 'example_subdag_operator.section-2', 'example_subdag_operator']) retrieved from /home/airflow/.local/lib/python3.6/site-packages/airflow/example_dags/example_subdag_operator.py
[2024-04-01 23:25:38,941] {logging_mixin.py:104} INFO - [2024-04-01 23:25:38,941] {dag.py:1833} INFO - Sync 3 DAGs
[2024-04-01 23:25:38,958] {logging_mixin.py:104} INFO - [2024-04-01 23:25:38,958] {dag.py:2306} INFO - Setting next_dagrun for example_subdag_operator to 2024-03-30 00:00:00+00:00
[2024-04-01 23:25:38,959] {logging_mixin.py:104} INFO - [2024-04-01 23:25:38,959] {dag.py:2306} INFO - Setting next_dagrun for example_subdag_operator.section-1 to None
[2024-04-01 23:25:38,959] {logging_mixin.py:104} INFO - [2024-04-01 23:25:38,959] {dag.py:2306} INFO - Setting next_dagrun for example_subdag_operator.section-2 to None
[2024-04-01 23:25:38,970] {logging_mixin.py:104} INFO - [2024-04-01 23:25:38,970] {dag.py:1833} INFO - Sync 2 DAGs
[2024-04-01 23:25:38,986] {logging_mixin.py:104} INFO - [2024-04-01 23:25:38,986] {dag.py:2306} INFO - Setting next_dagrun for example_subdag_operator.section-1 to None
[2024-04-01 23:25:38,986] {logging_mixin.py:104} INFO - [2024-04-01 23:25:38,986] {dag.py:2306} INFO - Setting next_dagrun for example_subdag_operator.section-2 to None
[2024-04-01 23:25:38,997] {scheduler_job.py:190} INFO - Processing /home/airflow/.local/lib/python3.6/site-packages/airflow/example_dags/example_subdag_operator.py took 0.106 seconds
[2024-04-01 23:26:09,343] {scheduler_job.py:182} INFO - Started process (PID=1176) to work on /home/airflow/.local/lib/python3.6/site-packages/airflow/example_dags/example_subdag_operator.py
[2024-04-01 23:26:09,356] {scheduler_job.py:633} INFO - Processing file /home/airflow/.local/lib/python3.6/site-packages/airflow/example_dags/example_subdag_operator.py for tasks to queue
[2024-04-01 23:26:09,358] {logging_mixin.py:104} INFO - [2024-04-01 23:26:09,357] {dagbag.py:496} INFO - Filling up the DagBag from /home/airflow/.local/lib/python3.6/site-packages/airflow/example_dags/example_subdag_operator.py
[2024-04-01 23:26:09,417] {scheduler_job.py:643} INFO - DAG(s) dict_keys(['example_subdag_operator.section-1', 'example_subdag_operator.section-2', 'example_subdag_operator']) retrieved from /home/airflow/.local/lib/python3.6/site-packages/airflow/example_dags/example_subdag_operator.py
[2024-04-01 23:26:09,439] {logging_mixin.py:104} INFO - [2024-04-01 23:26:09,439] {dag.py:1833} INFO - Sync 3 DAGs
[2024-04-01 23:26:09,467] {logging_mixin.py:104} INFO - [2024-04-01 23:26:09,467] {dag.py:2306} INFO - Setting next_dagrun for example_subdag_operator to 2024-03-30 00:00:00+00:00
[2024-04-01 23:26:09,469] {logging_mixin.py:104} INFO - [2024-04-01 23:26:09,469] {dag.py:2306} INFO - Setting next_dagrun for example_subdag_operator.section-1 to None
[2024-04-01 23:26:09,469] {logging_mixin.py:104} INFO - [2024-04-01 23:26:09,469] {dag.py:2306} INFO - Setting next_dagrun for example_subdag_operator.section-2 to None
[2024-04-01 23:26:09,490] {logging_mixin.py:104} INFO - [2024-04-01 23:26:09,490] {dag.py:1833} INFO - Sync 2 DAGs
[2024-04-01 23:26:09,515] {logging_mixin.py:104} INFO - [2024-04-01 23:26:09,515] {dag.py:2306} INFO - Setting next_dagrun for example_subdag_operator.section-1 to None
[2024-04-01 23:26:09,516] {logging_mixin.py:104} INFO - [2024-04-01 23:26:09,515] {dag.py:2306} INFO - Setting next_dagrun for example_subdag_operator.section-2 to None
[2024-04-01 23:26:09,530] {scheduler_job.py:190} INFO - Processing /home/airflow/.local/lib/python3.6/site-packages/airflow/example_dags/example_subdag_operator.py took 0.192 seconds
[2024-04-01 23:26:39,694] {scheduler_job.py:182} INFO - Started process (PID=1252) to work on /home/airflow/.local/lib/python3.6/site-packages/airflow/example_dags/example_subdag_operator.py
[2024-04-01 23:26:39,696] {scheduler_job.py:633} INFO - Processing file /home/airflow/.local/lib/python3.6/site-packages/airflow/example_dags/example_subdag_operator.py for tasks to queue
[2024-04-01 23:26:39,696] {logging_mixin.py:104} INFO - [2024-04-01 23:26:39,696] {dagbag.py:496} INFO - Filling up the DagBag from /home/airflow/.local/lib/python3.6/site-packages/airflow/example_dags/example_subdag_operator.py
[2024-04-01 23:26:39,733] {scheduler_job.py:643} INFO - DAG(s) dict_keys(['example_subdag_operator.section-1', 'example_subdag_operator.section-2', 'example_subdag_operator']) retrieved from /home/airflow/.local/lib/python3.6/site-packages/airflow/example_dags/example_subdag_operator.py
[2024-04-01 23:26:39,746] {logging_mixin.py:104} INFO - [2024-04-01 23:26:39,746] {dag.py:1833} INFO - Sync 3 DAGs
[2024-04-01 23:26:39,763] {logging_mixin.py:104} INFO - [2024-04-01 23:26:39,762] {dag.py:2306} INFO - Setting next_dagrun for example_subdag_operator to 2024-03-30 00:00:00+00:00
[2024-04-01 23:26:39,764] {logging_mixin.py:104} INFO - [2024-04-01 23:26:39,764] {dag.py:2306} INFO - Setting next_dagrun for example_subdag_operator.section-1 to None
[2024-04-01 23:26:39,764] {logging_mixin.py:104} INFO - [2024-04-01 23:26:39,764] {dag.py:2306} INFO - Setting next_dagrun for example_subdag_operator.section-2 to None
[2024-04-01 23:26:39,775] {logging_mixin.py:104} INFO - [2024-04-01 23:26:39,775] {dag.py:1833} INFO - Sync 2 DAGs
[2024-04-01 23:26:39,786] {logging_mixin.py:104} INFO - [2024-04-01 23:26:39,786] {dag.py:2306} INFO - Setting next_dagrun for example_subdag_operator.section-1 to None
[2024-04-01 23:26:39,787] {logging_mixin.py:104} INFO - [2024-04-01 23:26:39,787] {dag.py:2306} INFO - Setting next_dagrun for example_subdag_operator.section-2 to None
[2024-04-01 23:26:39,797] {scheduler_job.py:190} INFO - Processing /home/airflow/.local/lib/python3.6/site-packages/airflow/example_dags/example_subdag_operator.py took 0.105 seconds
[2024-04-01 23:27:10,601] {scheduler_job.py:182} INFO - Started process (PID=1335) to work on /home/airflow/.local/lib/python3.6/site-packages/airflow/example_dags/example_subdag_operator.py
[2024-04-01 23:27:10,604] {scheduler_job.py:633} INFO - Processing file /home/airflow/.local/lib/python3.6/site-packages/airflow/example_dags/example_subdag_operator.py for tasks to queue
[2024-04-01 23:27:10,606] {logging_mixin.py:104} INFO - [2024-04-01 23:27:10,605] {dagbag.py:496} INFO - Filling up the DagBag from /home/airflow/.local/lib/python3.6/site-packages/airflow/example_dags/example_subdag_operator.py
[2024-04-01 23:27:10,662] {scheduler_job.py:643} INFO - DAG(s) dict_keys(['example_subdag_operator.section-1', 'example_subdag_operator.section-2', 'example_subdag_operator']) retrieved from /home/airflow/.local/lib/python3.6/site-packages/airflow/example_dags/example_subdag_operator.py
[2024-04-01 23:27:10,679] {logging_mixin.py:104} INFO - [2024-04-01 23:27:10,679] {dag.py:1833} INFO - Sync 3 DAGs
[2024-04-01 23:27:10,706] {logging_mixin.py:104} INFO - [2024-04-01 23:27:10,705] {dag.py:2306} INFO - Setting next_dagrun for example_subdag_operator to 2024-03-30 00:00:00+00:00
[2024-04-01 23:27:10,708] {logging_mixin.py:104} INFO - [2024-04-01 23:27:10,707] {dag.py:2306} INFO - Setting next_dagrun for example_subdag_operator.section-1 to None
[2024-04-01 23:27:10,708] {logging_mixin.py:104} INFO - [2024-04-01 23:27:10,708] {dag.py:2306} INFO - Setting next_dagrun for example_subdag_operator.section-2 to None
[2024-04-01 23:27:10,725] {logging_mixin.py:104} INFO - [2024-04-01 23:27:10,725] {dag.py:1833} INFO - Sync 2 DAGs
[2024-04-01 23:27:10,740] {logging_mixin.py:104} INFO - [2024-04-01 23:27:10,740] {dag.py:2306} INFO - Setting next_dagrun for example_subdag_operator.section-1 to None
[2024-04-01 23:27:10,740] {logging_mixin.py:104} INFO - [2024-04-01 23:27:10,740] {dag.py:2306} INFO - Setting next_dagrun for example_subdag_operator.section-2 to None
[2024-04-01 23:27:10,755] {scheduler_job.py:190} INFO - Processing /home/airflow/.local/lib/python3.6/site-packages/airflow/example_dags/example_subdag_operator.py took 0.158 seconds
[2024-04-01 23:27:40,801] {scheduler_job.py:182} INFO - Started process (PID=1419) to work on /home/airflow/.local/lib/python3.6/site-packages/airflow/example_dags/example_subdag_operator.py
[2024-04-01 23:27:40,804] {scheduler_job.py:633} INFO - Processing file /home/airflow/.local/lib/python3.6/site-packages/airflow/example_dags/example_subdag_operator.py for tasks to queue
[2024-04-01 23:27:40,805] {logging_mixin.py:104} INFO - [2024-04-01 23:27:40,805] {dagbag.py:496} INFO - Filling up the DagBag from /home/airflow/.local/lib/python3.6/site-packages/airflow/example_dags/example_subdag_operator.py
[2024-04-01 23:27:40,860] {scheduler_job.py:643} INFO - DAG(s) dict_keys(['example_subdag_operator.section-1', 'example_subdag_operator.section-2', 'example_subdag_operator']) retrieved from /home/airflow/.local/lib/python3.6/site-packages/airflow/example_dags/example_subdag_operator.py
[2024-04-01 23:27:40,890] {logging_mixin.py:104} INFO - [2024-04-01 23:27:40,890] {dag.py:1833} INFO - Sync 3 DAGs
[2024-04-01 23:27:40,921] {logging_mixin.py:104} INFO - [2024-04-01 23:27:40,921] {dag.py:2306} INFO - Setting next_dagrun for example_subdag_operator to 2024-03-30 00:00:00+00:00
[2024-04-01 23:27:40,923] {logging_mixin.py:104} INFO - [2024-04-01 23:27:40,922] {dag.py:2306} INFO - Setting next_dagrun for example_subdag_operator.section-1 to None
[2024-04-01 23:27:40,923] {logging_mixin.py:104} INFO - [2024-04-01 23:27:40,923] {dag.py:2306} INFO - Setting next_dagrun for example_subdag_operator.section-2 to None
[2024-04-01 23:27:40,942] {logging_mixin.py:104} INFO - [2024-04-01 23:27:40,942] {dag.py:1833} INFO - Sync 2 DAGs
[2024-04-01 23:27:40,959] {logging_mixin.py:104} INFO - [2024-04-01 23:27:40,959] {dag.py:2306} INFO - Setting next_dagrun for example_subdag_operator.section-1 to None
[2024-04-01 23:27:40,960] {logging_mixin.py:104} INFO - [2024-04-01 23:27:40,960] {dag.py:2306} INFO - Setting next_dagrun for example_subdag_operator.section-2 to None
[2024-04-01 23:27:40,975] {scheduler_job.py:190} INFO - Processing /home/airflow/.local/lib/python3.6/site-packages/airflow/example_dags/example_subdag_operator.py took 0.180 seconds
[2024-04-01 23:28:11,061] {scheduler_job.py:182} INFO - Started process (PID=1502) to work on /home/airflow/.local/lib/python3.6/site-packages/airflow/example_dags/example_subdag_operator.py
[2024-04-01 23:28:11,062] {scheduler_job.py:633} INFO - Processing file /home/airflow/.local/lib/python3.6/site-packages/airflow/example_dags/example_subdag_operator.py for tasks to queue
[2024-04-01 23:28:11,063] {logging_mixin.py:104} INFO - [2024-04-01 23:28:11,063] {dagbag.py:496} INFO - Filling up the DagBag from /home/airflow/.local/lib/python3.6/site-packages/airflow/example_dags/example_subdag_operator.py
[2024-04-01 23:28:11,103] {scheduler_job.py:643} INFO - DAG(s) dict_keys(['example_subdag_operator.section-1', 'example_subdag_operator.section-2', 'example_subdag_operator']) retrieved from /home/airflow/.local/lib/python3.6/site-packages/airflow/example_dags/example_subdag_operator.py
[2024-04-01 23:28:11,119] {logging_mixin.py:104} INFO - [2024-04-01 23:28:11,119] {dag.py:1833} INFO - Sync 3 DAGs
[2024-04-01 23:28:11,138] {logging_mixin.py:104} INFO - [2024-04-01 23:28:11,138] {dag.py:2306} INFO - Setting next_dagrun for example_subdag_operator to 2024-03-30 00:00:00+00:00
[2024-04-01 23:28:11,141] {logging_mixin.py:104} INFO - [2024-04-01 23:28:11,140] {dag.py:2306} INFO - Setting next_dagrun for example_subdag_operator.section-1 to None
[2024-04-01 23:28:11,141] {logging_mixin.py:104} INFO - [2024-04-01 23:28:11,141] {dag.py:2306} INFO - Setting next_dagrun for example_subdag_operator.section-2 to None
[2024-04-01 23:28:11,153] {logging_mixin.py:104} INFO - [2024-04-01 23:28:11,153] {dag.py:1833} INFO - Sync 2 DAGs
[2024-04-01 23:28:11,162] {logging_mixin.py:104} INFO - [2024-04-01 23:28:11,162] {dag.py:2306} INFO - Setting next_dagrun for example_subdag_operator.section-1 to None
[2024-04-01 23:28:11,162] {logging_mixin.py:104} INFO - [2024-04-01 23:28:11,162] {dag.py:2306} INFO - Setting next_dagrun for example_subdag_operator.section-2 to None
[2024-04-01 23:28:11,171] {scheduler_job.py:190} INFO - Processing /home/airflow/.local/lib/python3.6/site-packages/airflow/example_dags/example_subdag_operator.py took 0.114 seconds
[2024-04-01 23:28:41,475] {scheduler_job.py:182} INFO - Started process (PID=1554) to work on /home/airflow/.local/lib/python3.6/site-packages/airflow/example_dags/example_subdag_operator.py
[2024-04-01 23:28:41,476] {scheduler_job.py:633} INFO - Processing file /home/airflow/.local/lib/python3.6/site-packages/airflow/example_dags/example_subdag_operator.py for tasks to queue
[2024-04-01 23:28:41,477] {logging_mixin.py:104} INFO - [2024-04-01 23:28:41,477] {dagbag.py:496} INFO - Filling up the DagBag from /home/airflow/.local/lib/python3.6/site-packages/airflow/example_dags/example_subdag_operator.py
[2024-04-01 23:28:41,542] {scheduler_job.py:643} INFO - DAG(s) dict_keys(['example_subdag_operator.section-1', 'example_subdag_operator.section-2', 'example_subdag_operator']) retrieved from /home/airflow/.local/lib/python3.6/site-packages/airflow/example_dags/example_subdag_operator.py
[2024-04-01 23:28:41,564] {logging_mixin.py:104} INFO - [2024-04-01 23:28:41,564] {dag.py:1833} INFO - Sync 3 DAGs
[2024-04-01 23:28:41,594] {logging_mixin.py:104} INFO - [2024-04-01 23:28:41,593] {dag.py:2306} INFO - Setting next_dagrun for example_subdag_operator to 2024-03-30 00:00:00+00:00
[2024-04-01 23:28:41,595] {logging_mixin.py:104} INFO - [2024-04-01 23:28:41,595] {dag.py:2306} INFO - Setting next_dagrun for example_subdag_operator.section-1 to None
[2024-04-01 23:28:41,596] {logging_mixin.py:104} INFO - [2024-04-01 23:28:41,596] {dag.py:2306} INFO - Setting next_dagrun for example_subdag_operator.section-2 to None
[2024-04-01 23:28:41,605] {logging_mixin.py:104} INFO - [2024-04-01 23:28:41,605] {dag.py:1833} INFO - Sync 2 DAGs
[2024-04-01 23:28:41,616] {logging_mixin.py:104} INFO - [2024-04-01 23:28:41,616] {dag.py:2306} INFO - Setting next_dagrun for example_subdag_operator.section-1 to None
[2024-04-01 23:28:41,616] {logging_mixin.py:104} INFO - [2024-04-01 23:28:41,616] {dag.py:2306} INFO - Setting next_dagrun for example_subdag_operator.section-2 to None
[2024-04-01 23:28:41,629] {scheduler_job.py:190} INFO - Processing /home/airflow/.local/lib/python3.6/site-packages/airflow/example_dags/example_subdag_operator.py took 0.159 seconds
[2024-04-01 23:29:12,092] {scheduler_job.py:182} INFO - Started process (PID=1607) to work on /home/airflow/.local/lib/python3.6/site-packages/airflow/example_dags/example_subdag_operator.py
[2024-04-01 23:29:12,094] {scheduler_job.py:633} INFO - Processing file /home/airflow/.local/lib/python3.6/site-packages/airflow/example_dags/example_subdag_operator.py for tasks to queue
[2024-04-01 23:29:12,095] {logging_mixin.py:104} INFO - [2024-04-01 23:29:12,095] {dagbag.py:496} INFO - Filling up the DagBag from /home/airflow/.local/lib/python3.6/site-packages/airflow/example_dags/example_subdag_operator.py
[2024-04-01 23:29:12,134] {scheduler_job.py:643} INFO - DAG(s) dict_keys(['example_subdag_operator.section-1', 'example_subdag_operator.section-2', 'example_subdag_operator']) retrieved from /home/airflow/.local/lib/python3.6/site-packages/airflow/example_dags/example_subdag_operator.py
[2024-04-01 23:29:12,148] {logging_mixin.py:104} INFO - [2024-04-01 23:29:12,147] {dag.py:1833} INFO - Sync 3 DAGs
[2024-04-01 23:29:12,166] {logging_mixin.py:104} INFO - [2024-04-01 23:29:12,166] {dag.py:2306} INFO - Setting next_dagrun for example_subdag_operator to 2024-03-30 00:00:00+00:00
[2024-04-01 23:29:12,167] {logging_mixin.py:104} INFO - [2024-04-01 23:29:12,167] {dag.py:2306} INFO - Setting next_dagrun for example_subdag_operator.section-1 to None
[2024-04-01 23:29:12,168] {logging_mixin.py:104} INFO - [2024-04-01 23:29:12,167] {dag.py:2306} INFO - Setting next_dagrun for example_subdag_operator.section-2 to None
[2024-04-01 23:29:12,178] {logging_mixin.py:104} INFO - [2024-04-01 23:29:12,178] {dag.py:1833} INFO - Sync 2 DAGs
[2024-04-01 23:29:12,188] {logging_mixin.py:104} INFO - [2024-04-01 23:29:12,188] {dag.py:2306} INFO - Setting next_dagrun for example_subdag_operator.section-1 to None
[2024-04-01 23:29:12,188] {logging_mixin.py:104} INFO - [2024-04-01 23:29:12,188] {dag.py:2306} INFO - Setting next_dagrun for example_subdag_operator.section-2 to None
[2024-04-01 23:29:12,201] {scheduler_job.py:190} INFO - Processing /home/airflow/.local/lib/python3.6/site-packages/airflow/example_dags/example_subdag_operator.py took 0.112 seconds
[2024-04-01 23:29:42,466] {scheduler_job.py:182} INFO - Started process (PID=1669) to work on /home/airflow/.local/lib/python3.6/site-packages/airflow/example_dags/example_subdag_operator.py
[2024-04-01 23:29:42,467] {scheduler_job.py:633} INFO - Processing file /home/airflow/.local/lib/python3.6/site-packages/airflow/example_dags/example_subdag_operator.py for tasks to queue
[2024-04-01 23:29:42,468] {logging_mixin.py:104} INFO - [2024-04-01 23:29:42,467] {dagbag.py:496} INFO - Filling up the DagBag from /home/airflow/.local/lib/python3.6/site-packages/airflow/example_dags/example_subdag_operator.py
[2024-04-01 23:29:42,509] {scheduler_job.py:643} INFO - DAG(s) dict_keys(['example_subdag_operator.section-1', 'example_subdag_operator.section-2', 'example_subdag_operator']) retrieved from /home/airflow/.local/lib/python3.6/site-packages/airflow/example_dags/example_subdag_operator.py
[2024-04-01 23:29:42,529] {logging_mixin.py:104} INFO - [2024-04-01 23:29:42,528] {dag.py:1833} INFO - Sync 3 DAGs
[2024-04-01 23:29:42,553] {logging_mixin.py:104} INFO - [2024-04-01 23:29:42,552] {dag.py:2306} INFO - Setting next_dagrun for example_subdag_operator to 2024-03-30 00:00:00+00:00
[2024-04-01 23:29:42,554] {logging_mixin.py:104} INFO - [2024-04-01 23:29:42,554] {dag.py:2306} INFO - Setting next_dagrun for example_subdag_operator.section-1 to None
[2024-04-01 23:29:42,554] {logging_mixin.py:104} INFO - [2024-04-01 23:29:42,554] {dag.py:2306} INFO - Setting next_dagrun for example_subdag_operator.section-2 to None
[2024-04-01 23:29:42,568] {logging_mixin.py:104} INFO - [2024-04-01 23:29:42,568] {dag.py:1833} INFO - Sync 2 DAGs
[2024-04-01 23:29:42,582] {logging_mixin.py:104} INFO - [2024-04-01 23:29:42,582] {dag.py:2306} INFO - Setting next_dagrun for example_subdag_operator.section-1 to None
[2024-04-01 23:29:42,583] {logging_mixin.py:104} INFO - [2024-04-01 23:29:42,583] {dag.py:2306} INFO - Setting next_dagrun for example_subdag_operator.section-2 to None
[2024-04-01 23:29:42,602] {scheduler_job.py:190} INFO - Processing /home/airflow/.local/lib/python3.6/site-packages/airflow/example_dags/example_subdag_operator.py took 0.140 seconds
[2024-04-01 23:30:13,062] {scheduler_job.py:182} INFO - Started process (PID=1720) to work on /home/airflow/.local/lib/python3.6/site-packages/airflow/example_dags/example_subdag_operator.py
[2024-04-01 23:30:13,064] {scheduler_job.py:633} INFO - Processing file /home/airflow/.local/lib/python3.6/site-packages/airflow/example_dags/example_subdag_operator.py for tasks to queue
[2024-04-01 23:30:13,065] {logging_mixin.py:104} INFO - [2024-04-01 23:30:13,065] {dagbag.py:496} INFO - Filling up the DagBag from /home/airflow/.local/lib/python3.6/site-packages/airflow/example_dags/example_subdag_operator.py
[2024-04-01 23:30:13,129] {scheduler_job.py:643} INFO - DAG(s) dict_keys(['example_subdag_operator.section-1', 'example_subdag_operator.section-2', 'example_subdag_operator']) retrieved from /home/airflow/.local/lib/python3.6/site-packages/airflow/example_dags/example_subdag_operator.py
[2024-04-01 23:30:13,153] {logging_mixin.py:104} INFO - [2024-04-01 23:30:13,153] {dag.py:1833} INFO - Sync 3 DAGs
[2024-04-01 23:30:13,183] {logging_mixin.py:104} INFO - [2024-04-01 23:30:13,183] {dag.py:2306} INFO - Setting next_dagrun for example_subdag_operator to 2024-03-30 00:00:00+00:00
[2024-04-01 23:30:13,185] {logging_mixin.py:104} INFO - [2024-04-01 23:30:13,184] {dag.py:2306} INFO - Setting next_dagrun for example_subdag_operator.section-1 to None
[2024-04-01 23:30:13,185] {logging_mixin.py:104} INFO - [2024-04-01 23:30:13,185] {dag.py:2306} INFO - Setting next_dagrun for example_subdag_operator.section-2 to None
[2024-04-01 23:30:13,202] {logging_mixin.py:104} INFO - [2024-04-01 23:30:13,201] {dag.py:1833} INFO - Sync 2 DAGs
[2024-04-01 23:30:13,227] {logging_mixin.py:104} INFO - [2024-04-01 23:30:13,227] {dag.py:2306} INFO - Setting next_dagrun for example_subdag_operator.section-1 to None
[2024-04-01 23:30:13,228] {logging_mixin.py:104} INFO - [2024-04-01 23:30:13,228] {dag.py:2306} INFO - Setting next_dagrun for example_subdag_operator.section-2 to None
[2024-04-01 23:30:13,245] {scheduler_job.py:190} INFO - Processing /home/airflow/.local/lib/python3.6/site-packages/airflow/example_dags/example_subdag_operator.py took 0.186 seconds
[2024-04-01 23:30:44,448] {scheduler_job.py:182} INFO - Started process (PID=1773) to work on /home/airflow/.local/lib/python3.6/site-packages/airflow/example_dags/example_subdag_operator.py
[2024-04-01 23:30:44,451] {scheduler_job.py:633} INFO - Processing file /home/airflow/.local/lib/python3.6/site-packages/airflow/example_dags/example_subdag_operator.py for tasks to queue
[2024-04-01 23:30:44,453] {logging_mixin.py:104} INFO - [2024-04-01 23:30:44,453] {dagbag.py:496} INFO - Filling up the DagBag from /home/airflow/.local/lib/python3.6/site-packages/airflow/example_dags/example_subdag_operator.py
[2024-04-01 23:30:44,512] {scheduler_job.py:643} INFO - DAG(s) dict_keys(['example_subdag_operator.section-1', 'example_subdag_operator.section-2', 'example_subdag_operator']) retrieved from /home/airflow/.local/lib/python3.6/site-packages/airflow/example_dags/example_subdag_operator.py
[2024-04-01 23:30:44,535] {logging_mixin.py:104} INFO - [2024-04-01 23:30:44,535] {dag.py:1833} INFO - Sync 3 DAGs
[2024-04-01 23:30:44,577] {logging_mixin.py:104} INFO - [2024-04-01 23:30:44,577] {dag.py:2306} INFO - Setting next_dagrun for example_subdag_operator to 2024-03-30 00:00:00+00:00
[2024-04-01 23:30:44,579] {logging_mixin.py:104} INFO - [2024-04-01 23:30:44,579] {dag.py:2306} INFO - Setting next_dagrun for example_subdag_operator.section-1 to None
[2024-04-01 23:30:44,580] {logging_mixin.py:104} INFO - [2024-04-01 23:30:44,579] {dag.py:2306} INFO - Setting next_dagrun for example_subdag_operator.section-2 to None
[2024-04-01 23:30:44,596] {logging_mixin.py:104} INFO - [2024-04-01 23:30:44,596] {dag.py:1833} INFO - Sync 2 DAGs
[2024-04-01 23:30:44,615] {logging_mixin.py:104} INFO - [2024-04-01 23:30:44,615] {dag.py:2306} INFO - Setting next_dagrun for example_subdag_operator.section-1 to None
[2024-04-01 23:30:44,616] {logging_mixin.py:104} INFO - [2024-04-01 23:30:44,616] {dag.py:2306} INFO - Setting next_dagrun for example_subdag_operator.section-2 to None
[2024-04-01 23:30:44,632] {scheduler_job.py:190} INFO - Processing /home/airflow/.local/lib/python3.6/site-packages/airflow/example_dags/example_subdag_operator.py took 0.190 seconds
