[2024-04-01 23:19:23,138] {scheduler_job.py:182} INFO - Started process (PID=98) to work on /home/airflow/.local/lib/python3.6/site-packages/airflow/example_dags/example_nested_branch_dag.py
[2024-04-01 23:19:23,140] {scheduler_job.py:633} INFO - Processing file /home/airflow/.local/lib/python3.6/site-packages/airflow/example_dags/example_nested_branch_dag.py for tasks to queue
[2024-04-01 23:19:23,141] {logging_mixin.py:104} INFO - [2024-04-01 23:19:23,141] {dagbag.py:496} INFO - Filling up the DagBag from /home/airflow/.local/lib/python3.6/site-packages/airflow/example_dags/example_nested_branch_dag.py
[2024-04-01 23:19:23,170] {scheduler_job.py:643} INFO - DAG(s) dict_keys(['example_nested_branch_dag']) retrieved from /home/airflow/.local/lib/python3.6/site-packages/airflow/example_dags/example_nested_branch_dag.py
[2024-04-01 23:19:23,646] {logging_mixin.py:104} INFO - [2024-04-01 23:19:23,646] {dag.py:1833} INFO - Sync 1 DAGs
[2024-04-01 23:19:23,679] {logging_mixin.py:104} INFO - [2024-04-01 23:19:23,679] {dag.py:2306} INFO - Setting next_dagrun for example_nested_branch_dag to 2024-03-30 00:00:00+00:00
[2024-04-01 23:19:23,702] {scheduler_job.py:190} INFO - Processing /home/airflow/.local/lib/python3.6/site-packages/airflow/example_dags/example_nested_branch_dag.py took 0.570 seconds
[2024-04-01 23:19:54,276] {scheduler_job.py:182} INFO - Started process (PID=167) to work on /home/airflow/.local/lib/python3.6/site-packages/airflow/example_dags/example_nested_branch_dag.py
[2024-04-01 23:19:54,279] {scheduler_job.py:633} INFO - Processing file /home/airflow/.local/lib/python3.6/site-packages/airflow/example_dags/example_nested_branch_dag.py for tasks to queue
[2024-04-01 23:19:54,284] {logging_mixin.py:104} INFO - [2024-04-01 23:19:54,284] {dagbag.py:496} INFO - Filling up the DagBag from /home/airflow/.local/lib/python3.6/site-packages/airflow/example_dags/example_nested_branch_dag.py
[2024-04-01 23:19:54,318] {scheduler_job.py:643} INFO - DAG(s) dict_keys(['example_nested_branch_dag']) retrieved from /home/airflow/.local/lib/python3.6/site-packages/airflow/example_dags/example_nested_branch_dag.py
[2024-04-01 23:19:54,405] {logging_mixin.py:104} INFO - [2024-04-01 23:19:54,405] {dag.py:1833} INFO - Sync 1 DAGs
[2024-04-01 23:19:54,442] {logging_mixin.py:104} INFO - [2024-04-01 23:19:54,442] {dag.py:2306} INFO - Setting next_dagrun for example_nested_branch_dag to 2024-03-30 00:00:00+00:00
[2024-04-01 23:19:54,482] {scheduler_job.py:190} INFO - Processing /home/airflow/.local/lib/python3.6/site-packages/airflow/example_dags/example_nested_branch_dag.py took 0.210 seconds
[2024-04-01 23:20:24,710] {scheduler_job.py:182} INFO - Started process (PID=248) to work on /home/airflow/.local/lib/python3.6/site-packages/airflow/example_dags/example_nested_branch_dag.py
[2024-04-01 23:20:24,712] {scheduler_job.py:633} INFO - Processing file /home/airflow/.local/lib/python3.6/site-packages/airflow/example_dags/example_nested_branch_dag.py for tasks to queue
[2024-04-01 23:20:24,713] {logging_mixin.py:104} INFO - [2024-04-01 23:20:24,713] {dagbag.py:496} INFO - Filling up the DagBag from /home/airflow/.local/lib/python3.6/site-packages/airflow/example_dags/example_nested_branch_dag.py
[2024-04-01 23:20:24,741] {scheduler_job.py:643} INFO - DAG(s) dict_keys(['example_nested_branch_dag']) retrieved from /home/airflow/.local/lib/python3.6/site-packages/airflow/example_dags/example_nested_branch_dag.py
[2024-04-01 23:20:24,788] {logging_mixin.py:104} INFO - [2024-04-01 23:20:24,788] {dag.py:1833} INFO - Sync 1 DAGs
[2024-04-01 23:20:24,827] {logging_mixin.py:104} INFO - [2024-04-01 23:20:24,826] {dag.py:2306} INFO - Setting next_dagrun for example_nested_branch_dag to 2024-03-30 00:00:00+00:00
[2024-04-01 23:20:24,845] {scheduler_job.py:190} INFO - Processing /home/airflow/.local/lib/python3.6/site-packages/airflow/example_dags/example_nested_branch_dag.py took 0.139 seconds
[2024-04-01 23:20:55,413] {scheduler_job.py:182} INFO - Started process (PID=323) to work on /home/airflow/.local/lib/python3.6/site-packages/airflow/example_dags/example_nested_branch_dag.py
[2024-04-01 23:20:55,414] {scheduler_job.py:633} INFO - Processing file /home/airflow/.local/lib/python3.6/site-packages/airflow/example_dags/example_nested_branch_dag.py for tasks to queue
[2024-04-01 23:20:55,415] {logging_mixin.py:104} INFO - [2024-04-01 23:20:55,415] {dagbag.py:496} INFO - Filling up the DagBag from /home/airflow/.local/lib/python3.6/site-packages/airflow/example_dags/example_nested_branch_dag.py
[2024-04-01 23:20:55,439] {scheduler_job.py:643} INFO - DAG(s) dict_keys(['example_nested_branch_dag']) retrieved from /home/airflow/.local/lib/python3.6/site-packages/airflow/example_dags/example_nested_branch_dag.py
[2024-04-01 23:20:55,474] {logging_mixin.py:104} INFO - [2024-04-01 23:20:55,473] {dag.py:1833} INFO - Sync 1 DAGs
[2024-04-01 23:20:55,499] {logging_mixin.py:104} INFO - [2024-04-01 23:20:55,498] {dag.py:2306} INFO - Setting next_dagrun for example_nested_branch_dag to 2024-03-30 00:00:00+00:00
[2024-04-01 23:20:55,514] {scheduler_job.py:190} INFO - Processing /home/airflow/.local/lib/python3.6/site-packages/airflow/example_dags/example_nested_branch_dag.py took 0.105 seconds
[2024-04-01 23:21:25,939] {scheduler_job.py:182} INFO - Started process (PID=406) to work on /home/airflow/.local/lib/python3.6/site-packages/airflow/example_dags/example_nested_branch_dag.py
[2024-04-01 23:21:25,940] {scheduler_job.py:633} INFO - Processing file /home/airflow/.local/lib/python3.6/site-packages/airflow/example_dags/example_nested_branch_dag.py for tasks to queue
[2024-04-01 23:21:25,942] {logging_mixin.py:104} INFO - [2024-04-01 23:21:25,942] {dagbag.py:496} INFO - Filling up the DagBag from /home/airflow/.local/lib/python3.6/site-packages/airflow/example_dags/example_nested_branch_dag.py
[2024-04-01 23:21:25,962] {scheduler_job.py:643} INFO - DAG(s) dict_keys(['example_nested_branch_dag']) retrieved from /home/airflow/.local/lib/python3.6/site-packages/airflow/example_dags/example_nested_branch_dag.py
[2024-04-01 23:21:26,000] {logging_mixin.py:104} INFO - [2024-04-01 23:21:26,000] {dag.py:1833} INFO - Sync 1 DAGs
[2024-04-01 23:21:26,030] {logging_mixin.py:104} INFO - [2024-04-01 23:21:26,030] {dag.py:2306} INFO - Setting next_dagrun for example_nested_branch_dag to 2024-03-30 00:00:00+00:00
[2024-04-01 23:21:26,053] {scheduler_job.py:190} INFO - Processing /home/airflow/.local/lib/python3.6/site-packages/airflow/example_dags/example_nested_branch_dag.py took 0.119 seconds
[2024-04-01 23:21:56,384] {scheduler_job.py:182} INFO - Started process (PID=490) to work on /home/airflow/.local/lib/python3.6/site-packages/airflow/example_dags/example_nested_branch_dag.py
[2024-04-01 23:21:56,385] {scheduler_job.py:633} INFO - Processing file /home/airflow/.local/lib/python3.6/site-packages/airflow/example_dags/example_nested_branch_dag.py for tasks to queue
[2024-04-01 23:21:56,386] {logging_mixin.py:104} INFO - [2024-04-01 23:21:56,386] {dagbag.py:496} INFO - Filling up the DagBag from /home/airflow/.local/lib/python3.6/site-packages/airflow/example_dags/example_nested_branch_dag.py
[2024-04-01 23:21:56,401] {scheduler_job.py:643} INFO - DAG(s) dict_keys(['example_nested_branch_dag']) retrieved from /home/airflow/.local/lib/python3.6/site-packages/airflow/example_dags/example_nested_branch_dag.py
[2024-04-01 23:21:56,431] {logging_mixin.py:104} INFO - [2024-04-01 23:21:56,431] {dag.py:1833} INFO - Sync 1 DAGs
[2024-04-01 23:21:56,449] {logging_mixin.py:104} INFO - [2024-04-01 23:21:56,449] {dag.py:2306} INFO - Setting next_dagrun for example_nested_branch_dag to 2024-03-30 00:00:00+00:00
[2024-04-01 23:21:56,462] {scheduler_job.py:190} INFO - Processing /home/airflow/.local/lib/python3.6/site-packages/airflow/example_dags/example_nested_branch_dag.py took 0.081 seconds
[2024-04-01 23:22:26,591] {scheduler_job.py:182} INFO - Started process (PID=573) to work on /home/airflow/.local/lib/python3.6/site-packages/airflow/example_dags/example_nested_branch_dag.py
[2024-04-01 23:22:26,593] {scheduler_job.py:633} INFO - Processing file /home/airflow/.local/lib/python3.6/site-packages/airflow/example_dags/example_nested_branch_dag.py for tasks to queue
[2024-04-01 23:22:26,594] {logging_mixin.py:104} INFO - [2024-04-01 23:22:26,594] {dagbag.py:496} INFO - Filling up the DagBag from /home/airflow/.local/lib/python3.6/site-packages/airflow/example_dags/example_nested_branch_dag.py
[2024-04-01 23:22:26,627] {scheduler_job.py:643} INFO - DAG(s) dict_keys(['example_nested_branch_dag']) retrieved from /home/airflow/.local/lib/python3.6/site-packages/airflow/example_dags/example_nested_branch_dag.py
[2024-04-01 23:22:26,674] {logging_mixin.py:104} INFO - [2024-04-01 23:22:26,674] {dag.py:1833} INFO - Sync 1 DAGs
[2024-04-01 23:22:26,716] {logging_mixin.py:104} INFO - [2024-04-01 23:22:26,715] {dag.py:2306} INFO - Setting next_dagrun for example_nested_branch_dag to 2024-03-30 00:00:00+00:00
[2024-04-01 23:22:26,741] {scheduler_job.py:190} INFO - Processing /home/airflow/.local/lib/python3.6/site-packages/airflow/example_dags/example_nested_branch_dag.py took 0.155 seconds
[2024-04-01 23:22:57,533] {scheduler_job.py:182} INFO - Started process (PID=647) to work on /home/airflow/.local/lib/python3.6/site-packages/airflow/example_dags/example_nested_branch_dag.py
[2024-04-01 23:22:57,535] {scheduler_job.py:633} INFO - Processing file /home/airflow/.local/lib/python3.6/site-packages/airflow/example_dags/example_nested_branch_dag.py for tasks to queue
[2024-04-01 23:22:57,536] {logging_mixin.py:104} INFO - [2024-04-01 23:22:57,536] {dagbag.py:496} INFO - Filling up the DagBag from /home/airflow/.local/lib/python3.6/site-packages/airflow/example_dags/example_nested_branch_dag.py
[2024-04-01 23:22:57,554] {scheduler_job.py:643} INFO - DAG(s) dict_keys(['example_nested_branch_dag']) retrieved from /home/airflow/.local/lib/python3.6/site-packages/airflow/example_dags/example_nested_branch_dag.py
[2024-04-01 23:22:57,589] {logging_mixin.py:104} INFO - [2024-04-01 23:22:57,589] {dag.py:1833} INFO - Sync 1 DAGs
[2024-04-01 23:22:57,622] {logging_mixin.py:104} INFO - [2024-04-01 23:22:57,622] {dag.py:2306} INFO - Setting next_dagrun for example_nested_branch_dag to 2024-03-30 00:00:00+00:00
[2024-04-01 23:22:57,639] {scheduler_job.py:190} INFO - Processing /home/airflow/.local/lib/python3.6/site-packages/airflow/example_dags/example_nested_branch_dag.py took 0.108 seconds
[2024-04-01 23:23:28,061] {scheduler_job.py:182} INFO - Started process (PID=730) to work on /home/airflow/.local/lib/python3.6/site-packages/airflow/example_dags/example_nested_branch_dag.py
[2024-04-01 23:23:28,062] {scheduler_job.py:633} INFO - Processing file /home/airflow/.local/lib/python3.6/site-packages/airflow/example_dags/example_nested_branch_dag.py for tasks to queue
[2024-04-01 23:23:28,064] {logging_mixin.py:104} INFO - [2024-04-01 23:23:28,063] {dagbag.py:496} INFO - Filling up the DagBag from /home/airflow/.local/lib/python3.6/site-packages/airflow/example_dags/example_nested_branch_dag.py
[2024-04-01 23:23:28,082] {scheduler_job.py:643} INFO - DAG(s) dict_keys(['example_nested_branch_dag']) retrieved from /home/airflow/.local/lib/python3.6/site-packages/airflow/example_dags/example_nested_branch_dag.py
[2024-04-01 23:23:28,115] {logging_mixin.py:104} INFO - [2024-04-01 23:23:28,115] {dag.py:1833} INFO - Sync 1 DAGs
[2024-04-01 23:23:28,145] {logging_mixin.py:104} INFO - [2024-04-01 23:23:28,145] {dag.py:2306} INFO - Setting next_dagrun for example_nested_branch_dag to 2024-03-30 00:00:00+00:00
[2024-04-01 23:23:28,164] {scheduler_job.py:190} INFO - Processing /home/airflow/.local/lib/python3.6/site-packages/airflow/example_dags/example_nested_branch_dag.py took 0.106 seconds
[2024-04-01 23:23:58,302] {scheduler_job.py:182} INFO - Started process (PID=814) to work on /home/airflow/.local/lib/python3.6/site-packages/airflow/example_dags/example_nested_branch_dag.py
[2024-04-01 23:23:58,304] {scheduler_job.py:633} INFO - Processing file /home/airflow/.local/lib/python3.6/site-packages/airflow/example_dags/example_nested_branch_dag.py for tasks to queue
[2024-04-01 23:23:58,305] {logging_mixin.py:104} INFO - [2024-04-01 23:23:58,305] {dagbag.py:496} INFO - Filling up the DagBag from /home/airflow/.local/lib/python3.6/site-packages/airflow/example_dags/example_nested_branch_dag.py
[2024-04-01 23:23:58,326] {scheduler_job.py:643} INFO - DAG(s) dict_keys(['example_nested_branch_dag']) retrieved from /home/airflow/.local/lib/python3.6/site-packages/airflow/example_dags/example_nested_branch_dag.py
[2024-04-01 23:23:58,360] {logging_mixin.py:104} INFO - [2024-04-01 23:23:58,360] {dag.py:1833} INFO - Sync 1 DAGs
[2024-04-01 23:23:58,387] {logging_mixin.py:104} INFO - [2024-04-01 23:23:58,386] {dag.py:2306} INFO - Setting next_dagrun for example_nested_branch_dag to 2024-03-30 00:00:00+00:00
[2024-04-01 23:23:58,411] {scheduler_job.py:190} INFO - Processing /home/airflow/.local/lib/python3.6/site-packages/airflow/example_dags/example_nested_branch_dag.py took 0.114 seconds
[2024-04-01 23:24:28,703] {scheduler_job.py:182} INFO - Started process (PID=897) to work on /home/airflow/.local/lib/python3.6/site-packages/airflow/example_dags/example_nested_branch_dag.py
[2024-04-01 23:24:28,704] {scheduler_job.py:633} INFO - Processing file /home/airflow/.local/lib/python3.6/site-packages/airflow/example_dags/example_nested_branch_dag.py for tasks to queue
[2024-04-01 23:24:28,705] {logging_mixin.py:104} INFO - [2024-04-01 23:24:28,705] {dagbag.py:496} INFO - Filling up the DagBag from /home/airflow/.local/lib/python3.6/site-packages/airflow/example_dags/example_nested_branch_dag.py
[2024-04-01 23:24:28,717] {scheduler_job.py:643} INFO - DAG(s) dict_keys(['example_nested_branch_dag']) retrieved from /home/airflow/.local/lib/python3.6/site-packages/airflow/example_dags/example_nested_branch_dag.py
[2024-04-01 23:24:28,739] {logging_mixin.py:104} INFO - [2024-04-01 23:24:28,739] {dag.py:1833} INFO - Sync 1 DAGs
[2024-04-01 23:24:28,756] {logging_mixin.py:104} INFO - [2024-04-01 23:24:28,756] {dag.py:2306} INFO - Setting next_dagrun for example_nested_branch_dag to 2024-03-30 00:00:00+00:00
[2024-04-01 23:24:28,769] {scheduler_job.py:190} INFO - Processing /home/airflow/.local/lib/python3.6/site-packages/airflow/example_dags/example_nested_branch_dag.py took 0.069 seconds
[2024-04-01 23:24:58,937] {scheduler_job.py:182} INFO - Started process (PID=971) to work on /home/airflow/.local/lib/python3.6/site-packages/airflow/example_dags/example_nested_branch_dag.py
[2024-04-01 23:24:58,939] {scheduler_job.py:633} INFO - Processing file /home/airflow/.local/lib/python3.6/site-packages/airflow/example_dags/example_nested_branch_dag.py for tasks to queue
[2024-04-01 23:24:58,940] {logging_mixin.py:104} INFO - [2024-04-01 23:24:58,939] {dagbag.py:496} INFO - Filling up the DagBag from /home/airflow/.local/lib/python3.6/site-packages/airflow/example_dags/example_nested_branch_dag.py
[2024-04-01 23:24:58,969] {scheduler_job.py:643} INFO - DAG(s) dict_keys(['example_nested_branch_dag']) retrieved from /home/airflow/.local/lib/python3.6/site-packages/airflow/example_dags/example_nested_branch_dag.py
[2024-04-01 23:24:59,008] {logging_mixin.py:104} INFO - [2024-04-01 23:24:59,008] {dag.py:1833} INFO - Sync 1 DAGs
[2024-04-01 23:24:59,037] {logging_mixin.py:104} INFO - [2024-04-01 23:24:59,037] {dag.py:2306} INFO - Setting next_dagrun for example_nested_branch_dag to 2024-03-30 00:00:00+00:00
[2024-04-01 23:24:59,053] {scheduler_job.py:190} INFO - Processing /home/airflow/.local/lib/python3.6/site-packages/airflow/example_dags/example_nested_branch_dag.py took 0.121 seconds
[2024-04-01 23:25:29,905] {scheduler_job.py:182} INFO - Started process (PID=1061) to work on /home/airflow/.local/lib/python3.6/site-packages/airflow/example_dags/example_nested_branch_dag.py
[2024-04-01 23:25:29,907] {scheduler_job.py:633} INFO - Processing file /home/airflow/.local/lib/python3.6/site-packages/airflow/example_dags/example_nested_branch_dag.py for tasks to queue
[2024-04-01 23:25:29,908] {logging_mixin.py:104} INFO - [2024-04-01 23:25:29,908] {dagbag.py:496} INFO - Filling up the DagBag from /home/airflow/.local/lib/python3.6/site-packages/airflow/example_dags/example_nested_branch_dag.py
[2024-04-01 23:25:29,941] {scheduler_job.py:643} INFO - DAG(s) dict_keys(['example_nested_branch_dag']) retrieved from /home/airflow/.local/lib/python3.6/site-packages/airflow/example_dags/example_nested_branch_dag.py
[2024-04-01 23:25:29,987] {logging_mixin.py:104} INFO - [2024-04-01 23:25:29,987] {dag.py:1833} INFO - Sync 1 DAGs
[2024-04-01 23:25:30,023] {logging_mixin.py:104} INFO - [2024-04-01 23:25:30,023] {dag.py:2306} INFO - Setting next_dagrun for example_nested_branch_dag to 2024-03-30 00:00:00+00:00
[2024-04-01 23:25:30,043] {scheduler_job.py:190} INFO - Processing /home/airflow/.local/lib/python3.6/site-packages/airflow/example_dags/example_nested_branch_dag.py took 0.144 seconds
[2024-04-01 23:26:00,631] {scheduler_job.py:182} INFO - Started process (PID=1138) to work on /home/airflow/.local/lib/python3.6/site-packages/airflow/example_dags/example_nested_branch_dag.py
[2024-04-01 23:26:00,632] {scheduler_job.py:633} INFO - Processing file /home/airflow/.local/lib/python3.6/site-packages/airflow/example_dags/example_nested_branch_dag.py for tasks to queue
[2024-04-01 23:26:00,634] {logging_mixin.py:104} INFO - [2024-04-01 23:26:00,633] {dagbag.py:496} INFO - Filling up the DagBag from /home/airflow/.local/lib/python3.6/site-packages/airflow/example_dags/example_nested_branch_dag.py
[2024-04-01 23:26:00,657] {scheduler_job.py:643} INFO - DAG(s) dict_keys(['example_nested_branch_dag']) retrieved from /home/airflow/.local/lib/python3.6/site-packages/airflow/example_dags/example_nested_branch_dag.py
[2024-04-01 23:26:00,689] {logging_mixin.py:104} INFO - [2024-04-01 23:26:00,688] {dag.py:1833} INFO - Sync 1 DAGs
[2024-04-01 23:26:00,715] {logging_mixin.py:104} INFO - [2024-04-01 23:26:00,715] {dag.py:2306} INFO - Setting next_dagrun for example_nested_branch_dag to 2024-03-30 00:00:00+00:00
[2024-04-01 23:26:00,735] {scheduler_job.py:190} INFO - Processing /home/airflow/.local/lib/python3.6/site-packages/airflow/example_dags/example_nested_branch_dag.py took 0.107 seconds
[2024-04-01 23:26:31,285] {scheduler_job.py:182} INFO - Started process (PID=1221) to work on /home/airflow/.local/lib/python3.6/site-packages/airflow/example_dags/example_nested_branch_dag.py
[2024-04-01 23:26:31,287] {scheduler_job.py:633} INFO - Processing file /home/airflow/.local/lib/python3.6/site-packages/airflow/example_dags/example_nested_branch_dag.py for tasks to queue
[2024-04-01 23:26:31,288] {logging_mixin.py:104} INFO - [2024-04-01 23:26:31,288] {dagbag.py:496} INFO - Filling up the DagBag from /home/airflow/.local/lib/python3.6/site-packages/airflow/example_dags/example_nested_branch_dag.py
[2024-04-01 23:26:31,300] {scheduler_job.py:643} INFO - DAG(s) dict_keys(['example_nested_branch_dag']) retrieved from /home/airflow/.local/lib/python3.6/site-packages/airflow/example_dags/example_nested_branch_dag.py
[2024-04-01 23:26:31,324] {logging_mixin.py:104} INFO - [2024-04-01 23:26:31,324] {dag.py:1833} INFO - Sync 1 DAGs
[2024-04-01 23:26:31,348] {logging_mixin.py:104} INFO - [2024-04-01 23:26:31,347] {dag.py:2306} INFO - Setting next_dagrun for example_nested_branch_dag to 2024-03-30 00:00:00+00:00
[2024-04-01 23:26:31,362] {scheduler_job.py:190} INFO - Processing /home/airflow/.local/lib/python3.6/site-packages/airflow/example_dags/example_nested_branch_dag.py took 0.080 seconds
[2024-04-01 23:27:01,770] {scheduler_job.py:182} INFO - Started process (PID=1305) to work on /home/airflow/.local/lib/python3.6/site-packages/airflow/example_dags/example_nested_branch_dag.py
[2024-04-01 23:27:01,772] {scheduler_job.py:633} INFO - Processing file /home/airflow/.local/lib/python3.6/site-packages/airflow/example_dags/example_nested_branch_dag.py for tasks to queue
[2024-04-01 23:27:01,773] {logging_mixin.py:104} INFO - [2024-04-01 23:27:01,773] {dagbag.py:496} INFO - Filling up the DagBag from /home/airflow/.local/lib/python3.6/site-packages/airflow/example_dags/example_nested_branch_dag.py
[2024-04-01 23:27:01,797] {scheduler_job.py:643} INFO - DAG(s) dict_keys(['example_nested_branch_dag']) retrieved from /home/airflow/.local/lib/python3.6/site-packages/airflow/example_dags/example_nested_branch_dag.py
[2024-04-01 23:27:01,836] {logging_mixin.py:104} INFO - [2024-04-01 23:27:01,836] {dag.py:1833} INFO - Sync 1 DAGs
[2024-04-01 23:27:01,873] {logging_mixin.py:104} INFO - [2024-04-01 23:27:01,872] {dag.py:2306} INFO - Setting next_dagrun for example_nested_branch_dag to 2024-03-30 00:00:00+00:00
[2024-04-01 23:27:01,895] {scheduler_job.py:190} INFO - Processing /home/airflow/.local/lib/python3.6/site-packages/airflow/example_dags/example_nested_branch_dag.py took 0.130 seconds
[2024-04-01 23:27:32,356] {scheduler_job.py:182} INFO - Started process (PID=1388) to work on /home/airflow/.local/lib/python3.6/site-packages/airflow/example_dags/example_nested_branch_dag.py
[2024-04-01 23:27:32,360] {scheduler_job.py:633} INFO - Processing file /home/airflow/.local/lib/python3.6/site-packages/airflow/example_dags/example_nested_branch_dag.py for tasks to queue
[2024-04-01 23:27:32,361] {logging_mixin.py:104} INFO - [2024-04-01 23:27:32,361] {dagbag.py:496} INFO - Filling up the DagBag from /home/airflow/.local/lib/python3.6/site-packages/airflow/example_dags/example_nested_branch_dag.py
[2024-04-01 23:27:32,397] {scheduler_job.py:643} INFO - DAG(s) dict_keys(['example_nested_branch_dag']) retrieved from /home/airflow/.local/lib/python3.6/site-packages/airflow/example_dags/example_nested_branch_dag.py
[2024-04-01 23:27:32,440] {logging_mixin.py:104} INFO - [2024-04-01 23:27:32,440] {dag.py:1833} INFO - Sync 1 DAGs
[2024-04-01 23:27:32,483] {logging_mixin.py:104} INFO - [2024-04-01 23:27:32,483] {dag.py:2306} INFO - Setting next_dagrun for example_nested_branch_dag to 2024-03-30 00:00:00+00:00
[2024-04-01 23:27:32,503] {scheduler_job.py:190} INFO - Processing /home/airflow/.local/lib/python3.6/site-packages/airflow/example_dags/example_nested_branch_dag.py took 0.152 seconds
[2024-04-01 23:28:03,023] {scheduler_job.py:182} INFO - Started process (PID=1451) to work on /home/airflow/.local/lib/python3.6/site-packages/airflow/example_dags/example_nested_branch_dag.py
[2024-04-01 23:28:03,025] {scheduler_job.py:633} INFO - Processing file /home/airflow/.local/lib/python3.6/site-packages/airflow/example_dags/example_nested_branch_dag.py for tasks to queue
[2024-04-01 23:28:03,027] {logging_mixin.py:104} INFO - [2024-04-01 23:28:03,026] {dagbag.py:496} INFO - Filling up the DagBag from /home/airflow/.local/lib/python3.6/site-packages/airflow/example_dags/example_nested_branch_dag.py
[2024-04-01 23:28:03,057] {scheduler_job.py:643} INFO - DAG(s) dict_keys(['example_nested_branch_dag']) retrieved from /home/airflow/.local/lib/python3.6/site-packages/airflow/example_dags/example_nested_branch_dag.py
[2024-04-01 23:28:03,102] {logging_mixin.py:104} INFO - [2024-04-01 23:28:03,102] {dag.py:1833} INFO - Sync 1 DAGs
[2024-04-01 23:28:03,144] {logging_mixin.py:104} INFO - [2024-04-01 23:28:03,144] {dag.py:2306} INFO - Setting next_dagrun for example_nested_branch_dag to 2024-03-30 00:00:00+00:00
[2024-04-01 23:28:03,171] {scheduler_job.py:190} INFO - Processing /home/airflow/.local/lib/python3.6/site-packages/airflow/example_dags/example_nested_branch_dag.py took 0.155 seconds
[2024-04-01 23:28:33,766] {scheduler_job.py:182} INFO - Started process (PID=1523) to work on /home/airflow/.local/lib/python3.6/site-packages/airflow/example_dags/example_nested_branch_dag.py
[2024-04-01 23:28:33,768] {scheduler_job.py:633} INFO - Processing file /home/airflow/.local/lib/python3.6/site-packages/airflow/example_dags/example_nested_branch_dag.py for tasks to queue
[2024-04-01 23:28:33,768] {logging_mixin.py:104} INFO - [2024-04-01 23:28:33,768] {dagbag.py:496} INFO - Filling up the DagBag from /home/airflow/.local/lib/python3.6/site-packages/airflow/example_dags/example_nested_branch_dag.py
[2024-04-01 23:28:33,791] {scheduler_job.py:643} INFO - DAG(s) dict_keys(['example_nested_branch_dag']) retrieved from /home/airflow/.local/lib/python3.6/site-packages/airflow/example_dags/example_nested_branch_dag.py
[2024-04-01 23:28:33,824] {logging_mixin.py:104} INFO - [2024-04-01 23:28:33,823] {dag.py:1833} INFO - Sync 1 DAGs
[2024-04-01 23:28:33,851] {logging_mixin.py:104} INFO - [2024-04-01 23:28:33,851] {dag.py:2306} INFO - Setting next_dagrun for example_nested_branch_dag to 2024-03-30 00:00:00+00:00
[2024-04-01 23:28:33,870] {scheduler_job.py:190} INFO - Processing /home/airflow/.local/lib/python3.6/site-packages/airflow/example_dags/example_nested_branch_dag.py took 0.108 seconds
[2024-04-01 23:29:04,017] {scheduler_job.py:182} INFO - Started process (PID=1586) to work on /home/airflow/.local/lib/python3.6/site-packages/airflow/example_dags/example_nested_branch_dag.py
[2024-04-01 23:29:04,019] {scheduler_job.py:633} INFO - Processing file /home/airflow/.local/lib/python3.6/site-packages/airflow/example_dags/example_nested_branch_dag.py for tasks to queue
[2024-04-01 23:29:04,020] {logging_mixin.py:104} INFO - [2024-04-01 23:29:04,020] {dagbag.py:496} INFO - Filling up the DagBag from /home/airflow/.local/lib/python3.6/site-packages/airflow/example_dags/example_nested_branch_dag.py
[2024-04-01 23:29:04,038] {scheduler_job.py:643} INFO - DAG(s) dict_keys(['example_nested_branch_dag']) retrieved from /home/airflow/.local/lib/python3.6/site-packages/airflow/example_dags/example_nested_branch_dag.py
[2024-04-01 23:29:04,071] {logging_mixin.py:104} INFO - [2024-04-01 23:29:04,071] {dag.py:1833} INFO - Sync 1 DAGs
[2024-04-01 23:29:04,097] {logging_mixin.py:104} INFO - [2024-04-01 23:29:04,097] {dag.py:2306} INFO - Setting next_dagrun for example_nested_branch_dag to 2024-03-30 00:00:00+00:00
[2024-04-01 23:29:04,116] {scheduler_job.py:190} INFO - Processing /home/airflow/.local/lib/python3.6/site-packages/airflow/example_dags/example_nested_branch_dag.py took 0.103 seconds
[2024-04-01 23:29:34,344] {scheduler_job.py:182} INFO - Started process (PID=1637) to work on /home/airflow/.local/lib/python3.6/site-packages/airflow/example_dags/example_nested_branch_dag.py
[2024-04-01 23:29:34,346] {scheduler_job.py:633} INFO - Processing file /home/airflow/.local/lib/python3.6/site-packages/airflow/example_dags/example_nested_branch_dag.py for tasks to queue
[2024-04-01 23:29:34,348] {logging_mixin.py:104} INFO - [2024-04-01 23:29:34,347] {dagbag.py:496} INFO - Filling up the DagBag from /home/airflow/.local/lib/python3.6/site-packages/airflow/example_dags/example_nested_branch_dag.py
[2024-04-01 23:29:34,391] {scheduler_job.py:643} INFO - DAG(s) dict_keys(['example_nested_branch_dag']) retrieved from /home/airflow/.local/lib/python3.6/site-packages/airflow/example_dags/example_nested_branch_dag.py
[2024-04-01 23:29:34,452] {logging_mixin.py:104} INFO - [2024-04-01 23:29:34,452] {dag.py:1833} INFO - Sync 1 DAGs
[2024-04-01 23:29:34,492] {logging_mixin.py:104} INFO - [2024-04-01 23:29:34,492] {dag.py:2306} INFO - Setting next_dagrun for example_nested_branch_dag to 2024-03-30 00:00:00+00:00
[2024-04-01 23:29:34,518] {scheduler_job.py:190} INFO - Processing /home/airflow/.local/lib/python3.6/site-packages/airflow/example_dags/example_nested_branch_dag.py took 0.182 seconds
[2024-04-01 23:30:05,151] {scheduler_job.py:182} INFO - Started process (PID=1689) to work on /home/airflow/.local/lib/python3.6/site-packages/airflow/example_dags/example_nested_branch_dag.py
[2024-04-01 23:30:05,152] {scheduler_job.py:633} INFO - Processing file /home/airflow/.local/lib/python3.6/site-packages/airflow/example_dags/example_nested_branch_dag.py for tasks to queue
[2024-04-01 23:30:05,153] {logging_mixin.py:104} INFO - [2024-04-01 23:30:05,153] {dagbag.py:496} INFO - Filling up the DagBag from /home/airflow/.local/lib/python3.6/site-packages/airflow/example_dags/example_nested_branch_dag.py
[2024-04-01 23:30:05,166] {scheduler_job.py:643} INFO - DAG(s) dict_keys(['example_nested_branch_dag']) retrieved from /home/airflow/.local/lib/python3.6/site-packages/airflow/example_dags/example_nested_branch_dag.py
[2024-04-01 23:30:05,190] {logging_mixin.py:104} INFO - [2024-04-01 23:30:05,190] {dag.py:1833} INFO - Sync 1 DAGs
[2024-04-01 23:30:05,210] {logging_mixin.py:104} INFO - [2024-04-01 23:30:05,210] {dag.py:2306} INFO - Setting next_dagrun for example_nested_branch_dag to 2024-03-30 00:00:00+00:00
[2024-04-01 23:30:05,223] {scheduler_job.py:190} INFO - Processing /home/airflow/.local/lib/python3.6/site-packages/airflow/example_dags/example_nested_branch_dag.py took 0.074 seconds
[2024-04-01 23:30:35,855] {scheduler_job.py:182} INFO - Started process (PID=1751) to work on /home/airflow/.local/lib/python3.6/site-packages/airflow/example_dags/example_nested_branch_dag.py
[2024-04-01 23:30:35,856] {scheduler_job.py:633} INFO - Processing file /home/airflow/.local/lib/python3.6/site-packages/airflow/example_dags/example_nested_branch_dag.py for tasks to queue
[2024-04-01 23:30:35,857] {logging_mixin.py:104} INFO - [2024-04-01 23:30:35,857] {dagbag.py:496} INFO - Filling up the DagBag from /home/airflow/.local/lib/python3.6/site-packages/airflow/example_dags/example_nested_branch_dag.py
[2024-04-01 23:30:35,883] {scheduler_job.py:643} INFO - DAG(s) dict_keys(['example_nested_branch_dag']) retrieved from /home/airflow/.local/lib/python3.6/site-packages/airflow/example_dags/example_nested_branch_dag.py
[2024-04-01 23:30:35,925] {logging_mixin.py:104} INFO - [2024-04-01 23:30:35,924] {dag.py:1833} INFO - Sync 1 DAGs
[2024-04-01 23:30:35,951] {logging_mixin.py:104} INFO - [2024-04-01 23:30:35,951] {dag.py:2306} INFO - Setting next_dagrun for example_nested_branch_dag to 2024-03-30 00:00:00+00:00
[2024-04-01 23:30:35,974] {scheduler_job.py:190} INFO - Processing /home/airflow/.local/lib/python3.6/site-packages/airflow/example_dags/example_nested_branch_dag.py took 0.123 seconds
[2024-04-01 23:31:06,203] {scheduler_job.py:182} INFO - Started process (PID=1803) to work on /home/airflow/.local/lib/python3.6/site-packages/airflow/example_dags/example_nested_branch_dag.py
[2024-04-01 23:31:06,205] {scheduler_job.py:633} INFO - Processing file /home/airflow/.local/lib/python3.6/site-packages/airflow/example_dags/example_nested_branch_dag.py for tasks to queue
[2024-04-01 23:31:06,205] {logging_mixin.py:104} INFO - [2024-04-01 23:31:06,205] {dagbag.py:496} INFO - Filling up the DagBag from /home/airflow/.local/lib/python3.6/site-packages/airflow/example_dags/example_nested_branch_dag.py
[2024-04-01 23:31:06,219] {scheduler_job.py:643} INFO - DAG(s) dict_keys(['example_nested_branch_dag']) retrieved from /home/airflow/.local/lib/python3.6/site-packages/airflow/example_dags/example_nested_branch_dag.py
[2024-04-01 23:31:06,246] {logging_mixin.py:104} INFO - [2024-04-01 23:31:06,246] {dag.py:1833} INFO - Sync 1 DAGs
[2024-04-01 23:31:06,268] {logging_mixin.py:104} INFO - [2024-04-01 23:31:06,268] {dag.py:2306} INFO - Setting next_dagrun for example_nested_branch_dag to 2024-03-30 00:00:00+00:00
[2024-04-01 23:31:06,283] {scheduler_job.py:190} INFO - Processing /home/airflow/.local/lib/python3.6/site-packages/airflow/example_dags/example_nested_branch_dag.py took 0.082 seconds
[2024-04-01 23:31:36,427] {scheduler_job.py:182} INFO - Started process (PID=1854) to work on /home/airflow/.local/lib/python3.6/site-packages/airflow/example_dags/example_nested_branch_dag.py
[2024-04-01 23:31:36,433] {scheduler_job.py:633} INFO - Processing file /home/airflow/.local/lib/python3.6/site-packages/airflow/example_dags/example_nested_branch_dag.py for tasks to queue
[2024-04-01 23:31:36,435] {logging_mixin.py:104} INFO - [2024-04-01 23:31:36,435] {dagbag.py:496} INFO - Filling up the DagBag from /home/airflow/.local/lib/python3.6/site-packages/airflow/example_dags/example_nested_branch_dag.py
[2024-04-01 23:31:36,471] {scheduler_job.py:643} INFO - DAG(s) dict_keys(['example_nested_branch_dag']) retrieved from /home/airflow/.local/lib/python3.6/site-packages/airflow/example_dags/example_nested_branch_dag.py
[2024-04-01 23:31:36,535] {logging_mixin.py:104} INFO - [2024-04-01 23:31:36,534] {dag.py:1833} INFO - Sync 1 DAGs
[2024-04-01 23:31:36,569] {logging_mixin.py:104} INFO - [2024-04-01 23:31:36,569] {dag.py:2306} INFO - Setting next_dagrun for example_nested_branch_dag to 2024-03-30 00:00:00+00:00
[2024-04-01 23:31:36,590] {scheduler_job.py:190} INFO - Processing /home/airflow/.local/lib/python3.6/site-packages/airflow/example_dags/example_nested_branch_dag.py took 0.168 seconds
[2024-04-01 23:32:07,666] {scheduler_job.py:182} INFO - Started process (PID=1908) to work on /home/airflow/.local/lib/python3.6/site-packages/airflow/example_dags/example_nested_branch_dag.py
[2024-04-01 23:32:07,667] {scheduler_job.py:633} INFO - Processing file /home/airflow/.local/lib/python3.6/site-packages/airflow/example_dags/example_nested_branch_dag.py for tasks to queue
[2024-04-01 23:32:07,667] {logging_mixin.py:104} INFO - [2024-04-01 23:32:07,667] {dagbag.py:496} INFO - Filling up the DagBag from /home/airflow/.local/lib/python3.6/site-packages/airflow/example_dags/example_nested_branch_dag.py
[2024-04-01 23:32:07,682] {scheduler_job.py:643} INFO - DAG(s) dict_keys(['example_nested_branch_dag']) retrieved from /home/airflow/.local/lib/python3.6/site-packages/airflow/example_dags/example_nested_branch_dag.py
[2024-04-01 23:32:07,705] {logging_mixin.py:104} INFO - [2024-04-01 23:32:07,705] {dag.py:1833} INFO - Sync 1 DAGs
[2024-04-01 23:32:07,724] {logging_mixin.py:104} INFO - [2024-04-01 23:32:07,724] {dag.py:2306} INFO - Setting next_dagrun for example_nested_branch_dag to 2024-03-30 00:00:00+00:00
[2024-04-01 23:32:07,739] {scheduler_job.py:190} INFO - Processing /home/airflow/.local/lib/python3.6/site-packages/airflow/example_dags/example_nested_branch_dag.py took 0.076 seconds
[2024-04-01 23:32:38,188] {scheduler_job.py:182} INFO - Started process (PID=1970) to work on /home/airflow/.local/lib/python3.6/site-packages/airflow/example_dags/example_nested_branch_dag.py
[2024-04-01 23:32:38,189] {scheduler_job.py:633} INFO - Processing file /home/airflow/.local/lib/python3.6/site-packages/airflow/example_dags/example_nested_branch_dag.py for tasks to queue
[2024-04-01 23:32:38,190] {logging_mixin.py:104} INFO - [2024-04-01 23:32:38,190] {dagbag.py:496} INFO - Filling up the DagBag from /home/airflow/.local/lib/python3.6/site-packages/airflow/example_dags/example_nested_branch_dag.py
[2024-04-01 23:32:38,211] {scheduler_job.py:643} INFO - DAG(s) dict_keys(['example_nested_branch_dag']) retrieved from /home/airflow/.local/lib/python3.6/site-packages/airflow/example_dags/example_nested_branch_dag.py
[2024-04-01 23:32:38,237] {logging_mixin.py:104} INFO - [2024-04-01 23:32:38,237] {dag.py:1833} INFO - Sync 1 DAGs
[2024-04-01 23:32:38,256] {logging_mixin.py:104} INFO - [2024-04-01 23:32:38,256] {dag.py:2306} INFO - Setting next_dagrun for example_nested_branch_dag to 2024-03-30 00:00:00+00:00
[2024-04-01 23:32:38,269] {scheduler_job.py:190} INFO - Processing /home/airflow/.local/lib/python3.6/site-packages/airflow/example_dags/example_nested_branch_dag.py took 0.084 seconds
[2024-04-01 23:33:08,854] {scheduler_job.py:182} INFO - Started process (PID=2023) to work on /home/airflow/.local/lib/python3.6/site-packages/airflow/example_dags/example_nested_branch_dag.py
[2024-04-01 23:33:08,855] {scheduler_job.py:633} INFO - Processing file /home/airflow/.local/lib/python3.6/site-packages/airflow/example_dags/example_nested_branch_dag.py for tasks to queue
[2024-04-01 23:33:08,856] {logging_mixin.py:104} INFO - [2024-04-01 23:33:08,855] {dagbag.py:496} INFO - Filling up the DagBag from /home/airflow/.local/lib/python3.6/site-packages/airflow/example_dags/example_nested_branch_dag.py
[2024-04-01 23:33:08,879] {scheduler_job.py:643} INFO - DAG(s) dict_keys(['example_nested_branch_dag']) retrieved from /home/airflow/.local/lib/python3.6/site-packages/airflow/example_dags/example_nested_branch_dag.py
[2024-04-01 23:33:08,912] {logging_mixin.py:104} INFO - [2024-04-01 23:33:08,911] {dag.py:1833} INFO - Sync 1 DAGs
[2024-04-01 23:33:08,942] {logging_mixin.py:104} INFO - [2024-04-01 23:33:08,942] {dag.py:2306} INFO - Setting next_dagrun for example_nested_branch_dag to 2024-03-30 00:00:00+00:00
[2024-04-01 23:33:08,959] {scheduler_job.py:190} INFO - Processing /home/airflow/.local/lib/python3.6/site-packages/airflow/example_dags/example_nested_branch_dag.py took 0.109 seconds
[2024-04-01 23:33:39,288] {scheduler_job.py:182} INFO - Started process (PID=2075) to work on /home/airflow/.local/lib/python3.6/site-packages/airflow/example_dags/example_nested_branch_dag.py
[2024-04-01 23:33:39,289] {scheduler_job.py:633} INFO - Processing file /home/airflow/.local/lib/python3.6/site-packages/airflow/example_dags/example_nested_branch_dag.py for tasks to queue
[2024-04-01 23:33:39,290] {logging_mixin.py:104} INFO - [2024-04-01 23:33:39,290] {dagbag.py:496} INFO - Filling up the DagBag from /home/airflow/.local/lib/python3.6/site-packages/airflow/example_dags/example_nested_branch_dag.py
[2024-04-01 23:33:39,310] {scheduler_job.py:643} INFO - DAG(s) dict_keys(['example_nested_branch_dag']) retrieved from /home/airflow/.local/lib/python3.6/site-packages/airflow/example_dags/example_nested_branch_dag.py
[2024-04-01 23:33:39,344] {logging_mixin.py:104} INFO - [2024-04-01 23:33:39,344] {dag.py:1833} INFO - Sync 1 DAGs
[2024-04-01 23:33:39,372] {logging_mixin.py:104} INFO - [2024-04-01 23:33:39,372] {dag.py:2306} INFO - Setting next_dagrun for example_nested_branch_dag to 2024-03-30 00:00:00+00:00
[2024-04-01 23:33:39,393] {scheduler_job.py:190} INFO - Processing /home/airflow/.local/lib/python3.6/site-packages/airflow/example_dags/example_nested_branch_dag.py took 0.109 seconds
[2024-04-01 23:34:09,926] {scheduler_job.py:182} INFO - Started process (PID=2138) to work on /home/airflow/.local/lib/python3.6/site-packages/airflow/example_dags/example_nested_branch_dag.py
[2024-04-01 23:34:09,930] {scheduler_job.py:633} INFO - Processing file /home/airflow/.local/lib/python3.6/site-packages/airflow/example_dags/example_nested_branch_dag.py for tasks to queue
[2024-04-01 23:34:09,932] {logging_mixin.py:104} INFO - [2024-04-01 23:34:09,931] {dagbag.py:496} INFO - Filling up the DagBag from /home/airflow/.local/lib/python3.6/site-packages/airflow/example_dags/example_nested_branch_dag.py
[2024-04-01 23:34:09,961] {scheduler_job.py:643} INFO - DAG(s) dict_keys(['example_nested_branch_dag']) retrieved from /home/airflow/.local/lib/python3.6/site-packages/airflow/example_dags/example_nested_branch_dag.py
[2024-04-01 23:34:10,004] {logging_mixin.py:104} INFO - [2024-04-01 23:34:10,003] {dag.py:1833} INFO - Sync 1 DAGs
[2024-04-01 23:34:10,042] {logging_mixin.py:104} INFO - [2024-04-01 23:34:10,042] {dag.py:2306} INFO - Setting next_dagrun for example_nested_branch_dag to 2024-03-30 00:00:00+00:00
[2024-04-01 23:34:10,061] {scheduler_job.py:190} INFO - Processing /home/airflow/.local/lib/python3.6/site-packages/airflow/example_dags/example_nested_branch_dag.py took 0.140 seconds
[2024-04-01 23:34:40,847] {scheduler_job.py:182} INFO - Started process (PID=2190) to work on /home/airflow/.local/lib/python3.6/site-packages/airflow/example_dags/example_nested_branch_dag.py
[2024-04-01 23:34:40,849] {scheduler_job.py:633} INFO - Processing file /home/airflow/.local/lib/python3.6/site-packages/airflow/example_dags/example_nested_branch_dag.py for tasks to queue
[2024-04-01 23:34:40,850] {logging_mixin.py:104} INFO - [2024-04-01 23:34:40,849] {dagbag.py:496} INFO - Filling up the DagBag from /home/airflow/.local/lib/python3.6/site-packages/airflow/example_dags/example_nested_branch_dag.py
[2024-04-01 23:34:40,893] {scheduler_job.py:643} INFO - DAG(s) dict_keys(['example_nested_branch_dag']) retrieved from /home/airflow/.local/lib/python3.6/site-packages/airflow/example_dags/example_nested_branch_dag.py
[2024-04-01 23:34:40,946] {logging_mixin.py:104} INFO - [2024-04-01 23:34:40,946] {dag.py:1833} INFO - Sync 1 DAGs
[2024-04-01 23:34:40,987] {logging_mixin.py:104} INFO - [2024-04-01 23:34:40,987] {dag.py:2306} INFO - Setting next_dagrun for example_nested_branch_dag to 2024-03-30 00:00:00+00:00
[2024-04-01 23:34:41,013] {scheduler_job.py:190} INFO - Processing /home/airflow/.local/lib/python3.6/site-packages/airflow/example_dags/example_nested_branch_dag.py took 0.172 seconds
[2024-04-01 23:35:11,286] {scheduler_job.py:182} INFO - Started process (PID=2241) to work on /home/airflow/.local/lib/python3.6/site-packages/airflow/example_dags/example_nested_branch_dag.py
[2024-04-01 23:35:11,287] {scheduler_job.py:633} INFO - Processing file /home/airflow/.local/lib/python3.6/site-packages/airflow/example_dags/example_nested_branch_dag.py for tasks to queue
[2024-04-01 23:35:11,288] {logging_mixin.py:104} INFO - [2024-04-01 23:35:11,288] {dagbag.py:496} INFO - Filling up the DagBag from /home/airflow/.local/lib/python3.6/site-packages/airflow/example_dags/example_nested_branch_dag.py
[2024-04-01 23:35:11,313] {scheduler_job.py:643} INFO - DAG(s) dict_keys(['example_nested_branch_dag']) retrieved from /home/airflow/.local/lib/python3.6/site-packages/airflow/example_dags/example_nested_branch_dag.py
[2024-04-01 23:35:11,352] {logging_mixin.py:104} INFO - [2024-04-01 23:35:11,352] {dag.py:1833} INFO - Sync 1 DAGs
[2024-04-01 23:35:11,383] {logging_mixin.py:104} INFO - [2024-04-01 23:35:11,383] {dag.py:2306} INFO - Setting next_dagrun for example_nested_branch_dag to 2024-03-30 00:00:00+00:00
[2024-04-01 23:35:11,404] {scheduler_job.py:190} INFO - Processing /home/airflow/.local/lib/python3.6/site-packages/airflow/example_dags/example_nested_branch_dag.py took 0.124 seconds
[2024-04-01 23:35:41,459] {scheduler_job.py:182} INFO - Started process (PID=2302) to work on /home/airflow/.local/lib/python3.6/site-packages/airflow/example_dags/example_nested_branch_dag.py
[2024-04-01 23:35:41,460] {scheduler_job.py:633} INFO - Processing file /home/airflow/.local/lib/python3.6/site-packages/airflow/example_dags/example_nested_branch_dag.py for tasks to queue
[2024-04-01 23:35:41,461] {logging_mixin.py:104} INFO - [2024-04-01 23:35:41,461] {dagbag.py:496} INFO - Filling up the DagBag from /home/airflow/.local/lib/python3.6/site-packages/airflow/example_dags/example_nested_branch_dag.py
[2024-04-01 23:35:41,480] {scheduler_job.py:643} INFO - DAG(s) dict_keys(['example_nested_branch_dag']) retrieved from /home/airflow/.local/lib/python3.6/site-packages/airflow/example_dags/example_nested_branch_dag.py
[2024-04-01 23:35:41,514] {logging_mixin.py:104} INFO - [2024-04-01 23:35:41,513] {dag.py:1833} INFO - Sync 1 DAGs
[2024-04-01 23:35:41,536] {logging_mixin.py:104} INFO - [2024-04-01 23:35:41,536] {dag.py:2306} INFO - Setting next_dagrun for example_nested_branch_dag to 2024-03-30 00:00:00+00:00
[2024-04-01 23:35:41,553] {scheduler_job.py:190} INFO - Processing /home/airflow/.local/lib/python3.6/site-packages/airflow/example_dags/example_nested_branch_dag.py took 0.097 seconds
