[2024-04-01 23:19:26,289] {scheduler_job.py:182} INFO - Started process (PID=111) to work on /home/airflow/.local/lib/python3.6/site-packages/airflow/example_dags/example_bash_operator.py
[2024-04-01 23:19:26,290] {scheduler_job.py:633} INFO - Processing file /home/airflow/.local/lib/python3.6/site-packages/airflow/example_dags/example_bash_operator.py for tasks to queue
[2024-04-01 23:19:26,291] {logging_mixin.py:104} INFO - [2024-04-01 23:19:26,291] {dagbag.py:496} INFO - Filling up the DagBag from /home/airflow/.local/lib/python3.6/site-packages/airflow/example_dags/example_bash_operator.py
[2024-04-01 23:19:26,317] {scheduler_job.py:643} INFO - DAG(s) dict_keys(['example_bash_operator']) retrieved from /home/airflow/.local/lib/python3.6/site-packages/airflow/example_dags/example_bash_operator.py
[2024-04-01 23:19:26,688] {logging_mixin.py:104} INFO - [2024-04-01 23:19:26,688] {dag.py:1833} INFO - Sync 1 DAGs
[2024-04-01 23:19:26,717] {logging_mixin.py:104} INFO - [2024-04-01 23:19:26,717] {dag.py:2306} INFO - Setting next_dagrun for example_bash_operator to 2024-03-30 00:00:00+00:00
[2024-04-01 23:19:26,741] {scheduler_job.py:190} INFO - Processing /home/airflow/.local/lib/python3.6/site-packages/airflow/example_dags/example_bash_operator.py took 0.455 seconds
[2024-04-01 23:19:57,506] {scheduler_job.py:182} INFO - Started process (PID=191) to work on /home/airflow/.local/lib/python3.6/site-packages/airflow/example_dags/example_bash_operator.py
[2024-04-01 23:19:57,509] {scheduler_job.py:633} INFO - Processing file /home/airflow/.local/lib/python3.6/site-packages/airflow/example_dags/example_bash_operator.py for tasks to queue
[2024-04-01 23:19:57,511] {logging_mixin.py:104} INFO - [2024-04-01 23:19:57,510] {dagbag.py:496} INFO - Filling up the DagBag from /home/airflow/.local/lib/python3.6/site-packages/airflow/example_dags/example_bash_operator.py
[2024-04-01 23:19:57,555] {scheduler_job.py:643} INFO - DAG(s) dict_keys(['example_bash_operator']) retrieved from /home/airflow/.local/lib/python3.6/site-packages/airflow/example_dags/example_bash_operator.py
[2024-04-01 23:19:57,613] {logging_mixin.py:104} INFO - [2024-04-01 23:19:57,612] {dag.py:1833} INFO - Sync 1 DAGs
[2024-04-01 23:19:57,650] {logging_mixin.py:104} INFO - [2024-04-01 23:19:57,650] {dag.py:2306} INFO - Setting next_dagrun for example_bash_operator to 2024-03-30 00:00:00+00:00
[2024-04-01 23:19:57,673] {scheduler_job.py:190} INFO - Processing /home/airflow/.local/lib/python3.6/site-packages/airflow/example_dags/example_bash_operator.py took 0.176 seconds
[2024-04-01 23:20:28,052] {scheduler_job.py:182} INFO - Started process (PID=292) to work on /home/airflow/.local/lib/python3.6/site-packages/airflow/example_dags/example_bash_operator.py
[2024-04-01 23:20:28,054] {scheduler_job.py:633} INFO - Processing file /home/airflow/.local/lib/python3.6/site-packages/airflow/example_dags/example_bash_operator.py for tasks to queue
[2024-04-01 23:20:28,054] {logging_mixin.py:104} INFO - [2024-04-01 23:20:28,054] {dagbag.py:496} INFO - Filling up the DagBag from /home/airflow/.local/lib/python3.6/site-packages/airflow/example_dags/example_bash_operator.py
[2024-04-01 23:20:28,074] {scheduler_job.py:643} INFO - DAG(s) dict_keys(['example_bash_operator']) retrieved from /home/airflow/.local/lib/python3.6/site-packages/airflow/example_dags/example_bash_operator.py
[2024-04-01 23:20:28,099] {logging_mixin.py:104} INFO - [2024-04-01 23:20:28,099] {dag.py:1833} INFO - Sync 1 DAGs
[2024-04-01 23:20:28,117] {logging_mixin.py:104} INFO - [2024-04-01 23:20:28,116] {dag.py:2306} INFO - Setting next_dagrun for example_bash_operator to 2024-03-30 00:00:00+00:00
[2024-04-01 23:20:28,128] {scheduler_job.py:190} INFO - Processing /home/airflow/.local/lib/python3.6/site-packages/airflow/example_dags/example_bash_operator.py took 0.079 seconds
[2024-04-01 23:20:58,364] {scheduler_job.py:182} INFO - Started process (PID=336) to work on /home/airflow/.local/lib/python3.6/site-packages/airflow/example_dags/example_bash_operator.py
[2024-04-01 23:20:58,365] {scheduler_job.py:633} INFO - Processing file /home/airflow/.local/lib/python3.6/site-packages/airflow/example_dags/example_bash_operator.py for tasks to queue
[2024-04-01 23:20:58,366] {logging_mixin.py:104} INFO - [2024-04-01 23:20:58,366] {dagbag.py:496} INFO - Filling up the DagBag from /home/airflow/.local/lib/python3.6/site-packages/airflow/example_dags/example_bash_operator.py
[2024-04-01 23:20:58,393] {scheduler_job.py:643} INFO - DAG(s) dict_keys(['example_bash_operator']) retrieved from /home/airflow/.local/lib/python3.6/site-packages/airflow/example_dags/example_bash_operator.py
[2024-04-01 23:20:58,435] {logging_mixin.py:104} INFO - [2024-04-01 23:20:58,435] {dag.py:1833} INFO - Sync 1 DAGs
[2024-04-01 23:20:58,472] {logging_mixin.py:104} INFO - [2024-04-01 23:20:58,472] {dag.py:2306} INFO - Setting next_dagrun for example_bash_operator to 2024-03-30 00:00:00+00:00
[2024-04-01 23:20:58,499] {scheduler_job.py:190} INFO - Processing /home/airflow/.local/lib/python3.6/site-packages/airflow/example_dags/example_bash_operator.py took 0.139 seconds
[2024-04-01 23:21:28,915] {scheduler_job.py:182} INFO - Started process (PID=429) to work on /home/airflow/.local/lib/python3.6/site-packages/airflow/example_dags/example_bash_operator.py
[2024-04-01 23:21:28,916] {scheduler_job.py:633} INFO - Processing file /home/airflow/.local/lib/python3.6/site-packages/airflow/example_dags/example_bash_operator.py for tasks to queue
[2024-04-01 23:21:28,916] {logging_mixin.py:104} INFO - [2024-04-01 23:21:28,916] {dagbag.py:496} INFO - Filling up the DagBag from /home/airflow/.local/lib/python3.6/site-packages/airflow/example_dags/example_bash_operator.py
[2024-04-01 23:21:28,929] {scheduler_job.py:643} INFO - DAG(s) dict_keys(['example_bash_operator']) retrieved from /home/airflow/.local/lib/python3.6/site-packages/airflow/example_dags/example_bash_operator.py
[2024-04-01 23:21:28,958] {logging_mixin.py:104} INFO - [2024-04-01 23:21:28,958] {dag.py:1833} INFO - Sync 1 DAGs
[2024-04-01 23:21:28,980] {logging_mixin.py:104} INFO - [2024-04-01 23:21:28,980] {dag.py:2306} INFO - Setting next_dagrun for example_bash_operator to 2024-03-30 00:00:00+00:00
[2024-04-01 23:21:29,000] {scheduler_job.py:190} INFO - Processing /home/airflow/.local/lib/python3.6/site-packages/airflow/example_dags/example_bash_operator.py took 0.088 seconds
[2024-04-01 23:21:59,127] {scheduler_job.py:182} INFO - Started process (PID=503) to work on /home/airflow/.local/lib/python3.6/site-packages/airflow/example_dags/example_bash_operator.py
[2024-04-01 23:21:59,128] {scheduler_job.py:633} INFO - Processing file /home/airflow/.local/lib/python3.6/site-packages/airflow/example_dags/example_bash_operator.py for tasks to queue
[2024-04-01 23:21:59,129] {logging_mixin.py:104} INFO - [2024-04-01 23:21:59,129] {dagbag.py:496} INFO - Filling up the DagBag from /home/airflow/.local/lib/python3.6/site-packages/airflow/example_dags/example_bash_operator.py
[2024-04-01 23:21:59,144] {scheduler_job.py:643} INFO - DAG(s) dict_keys(['example_bash_operator']) retrieved from /home/airflow/.local/lib/python3.6/site-packages/airflow/example_dags/example_bash_operator.py
[2024-04-01 23:21:59,177] {logging_mixin.py:104} INFO - [2024-04-01 23:21:59,176] {dag.py:1833} INFO - Sync 1 DAGs
[2024-04-01 23:21:59,203] {logging_mixin.py:104} INFO - [2024-04-01 23:21:59,203] {dag.py:2306} INFO - Setting next_dagrun for example_bash_operator to 2024-03-30 00:00:00+00:00
[2024-04-01 23:21:59,220] {scheduler_job.py:190} INFO - Processing /home/airflow/.local/lib/python3.6/site-packages/airflow/example_dags/example_bash_operator.py took 0.096 seconds
[2024-04-01 23:22:29,821] {scheduler_job.py:182} INFO - Started process (PID=586) to work on /home/airflow/.local/lib/python3.6/site-packages/airflow/example_dags/example_bash_operator.py
[2024-04-01 23:22:29,825] {scheduler_job.py:633} INFO - Processing file /home/airflow/.local/lib/python3.6/site-packages/airflow/example_dags/example_bash_operator.py for tasks to queue
[2024-04-01 23:22:29,827] {logging_mixin.py:104} INFO - [2024-04-01 23:22:29,827] {dagbag.py:496} INFO - Filling up the DagBag from /home/airflow/.local/lib/python3.6/site-packages/airflow/example_dags/example_bash_operator.py
[2024-04-01 23:22:29,854] {scheduler_job.py:643} INFO - DAG(s) dict_keys(['example_bash_operator']) retrieved from /home/airflow/.local/lib/python3.6/site-packages/airflow/example_dags/example_bash_operator.py
[2024-04-01 23:22:29,899] {logging_mixin.py:104} INFO - [2024-04-01 23:22:29,899] {dag.py:1833} INFO - Sync 1 DAGs
[2024-04-01 23:22:29,931] {logging_mixin.py:104} INFO - [2024-04-01 23:22:29,931] {dag.py:2306} INFO - Setting next_dagrun for example_bash_operator to 2024-03-30 00:00:00+00:00
[2024-04-01 23:22:29,954] {scheduler_job.py:190} INFO - Processing /home/airflow/.local/lib/python3.6/site-packages/airflow/example_dags/example_bash_operator.py took 0.140 seconds
[2024-04-01 23:23:00,363] {scheduler_job.py:182} INFO - Started process (PID=660) to work on /home/airflow/.local/lib/python3.6/site-packages/airflow/example_dags/example_bash_operator.py
[2024-04-01 23:23:00,370] {scheduler_job.py:633} INFO - Processing file /home/airflow/.local/lib/python3.6/site-packages/airflow/example_dags/example_bash_operator.py for tasks to queue
[2024-04-01 23:23:00,372] {logging_mixin.py:104} INFO - [2024-04-01 23:23:00,371] {dagbag.py:496} INFO - Filling up the DagBag from /home/airflow/.local/lib/python3.6/site-packages/airflow/example_dags/example_bash_operator.py
[2024-04-01 23:23:00,393] {scheduler_job.py:643} INFO - DAG(s) dict_keys(['example_bash_operator']) retrieved from /home/airflow/.local/lib/python3.6/site-packages/airflow/example_dags/example_bash_operator.py
[2024-04-01 23:23:00,427] {logging_mixin.py:104} INFO - [2024-04-01 23:23:00,427] {dag.py:1833} INFO - Sync 1 DAGs
[2024-04-01 23:23:00,456] {logging_mixin.py:104} INFO - [2024-04-01 23:23:00,456] {dag.py:2306} INFO - Setting next_dagrun for example_bash_operator to 2024-03-30 00:00:00+00:00
[2024-04-01 23:23:00,473] {scheduler_job.py:190} INFO - Processing /home/airflow/.local/lib/python3.6/site-packages/airflow/example_dags/example_bash_operator.py took 0.116 seconds
[2024-04-01 23:23:30,864] {scheduler_job.py:182} INFO - Started process (PID=743) to work on /home/airflow/.local/lib/python3.6/site-packages/airflow/example_dags/example_bash_operator.py
[2024-04-01 23:23:30,865] {scheduler_job.py:633} INFO - Processing file /home/airflow/.local/lib/python3.6/site-packages/airflow/example_dags/example_bash_operator.py for tasks to queue
[2024-04-01 23:23:30,865] {logging_mixin.py:104} INFO - [2024-04-01 23:23:30,865] {dagbag.py:496} INFO - Filling up the DagBag from /home/airflow/.local/lib/python3.6/site-packages/airflow/example_dags/example_bash_operator.py
[2024-04-01 23:23:30,877] {scheduler_job.py:643} INFO - DAG(s) dict_keys(['example_bash_operator']) retrieved from /home/airflow/.local/lib/python3.6/site-packages/airflow/example_dags/example_bash_operator.py
[2024-04-01 23:23:30,902] {logging_mixin.py:104} INFO - [2024-04-01 23:23:30,902] {dag.py:1833} INFO - Sync 1 DAGs
[2024-04-01 23:23:30,922] {logging_mixin.py:104} INFO - [2024-04-01 23:23:30,921] {dag.py:2306} INFO - Setting next_dagrun for example_bash_operator to 2024-03-30 00:00:00+00:00
[2024-04-01 23:23:30,934] {scheduler_job.py:190} INFO - Processing /home/airflow/.local/lib/python3.6/site-packages/airflow/example_dags/example_bash_operator.py took 0.073 seconds
[2024-04-01 23:24:01,092] {scheduler_job.py:182} INFO - Started process (PID=827) to work on /home/airflow/.local/lib/python3.6/site-packages/airflow/example_dags/example_bash_operator.py
[2024-04-01 23:24:01,093] {scheduler_job.py:633} INFO - Processing file /home/airflow/.local/lib/python3.6/site-packages/airflow/example_dags/example_bash_operator.py for tasks to queue
[2024-04-01 23:24:01,094] {logging_mixin.py:104} INFO - [2024-04-01 23:24:01,093] {dagbag.py:496} INFO - Filling up the DagBag from /home/airflow/.local/lib/python3.6/site-packages/airflow/example_dags/example_bash_operator.py
[2024-04-01 23:24:01,114] {scheduler_job.py:643} INFO - DAG(s) dict_keys(['example_bash_operator']) retrieved from /home/airflow/.local/lib/python3.6/site-packages/airflow/example_dags/example_bash_operator.py
[2024-04-01 23:24:01,149] {logging_mixin.py:104} INFO - [2024-04-01 23:24:01,149] {dag.py:1833} INFO - Sync 1 DAGs
[2024-04-01 23:24:01,181] {logging_mixin.py:104} INFO - [2024-04-01 23:24:01,180] {dag.py:2306} INFO - Setting next_dagrun for example_bash_operator to 2024-03-30 00:00:00+00:00
[2024-04-01 23:24:01,197] {scheduler_job.py:190} INFO - Processing /home/airflow/.local/lib/python3.6/site-packages/airflow/example_dags/example_bash_operator.py took 0.109 seconds
[2024-04-01 23:24:31,317] {scheduler_job.py:182} INFO - Started process (PID=909) to work on /home/airflow/.local/lib/python3.6/site-packages/airflow/example_dags/example_bash_operator.py
[2024-04-01 23:24:31,318] {scheduler_job.py:633} INFO - Processing file /home/airflow/.local/lib/python3.6/site-packages/airflow/example_dags/example_bash_operator.py for tasks to queue
[2024-04-01 23:24:31,319] {logging_mixin.py:104} INFO - [2024-04-01 23:24:31,319] {dagbag.py:496} INFO - Filling up the DagBag from /home/airflow/.local/lib/python3.6/site-packages/airflow/example_dags/example_bash_operator.py
[2024-04-01 23:24:31,337] {scheduler_job.py:643} INFO - DAG(s) dict_keys(['example_bash_operator']) retrieved from /home/airflow/.local/lib/python3.6/site-packages/airflow/example_dags/example_bash_operator.py
[2024-04-01 23:24:31,376] {logging_mixin.py:104} INFO - [2024-04-01 23:24:31,376] {dag.py:1833} INFO - Sync 1 DAGs
[2024-04-01 23:24:31,405] {logging_mixin.py:104} INFO - [2024-04-01 23:24:31,405] {dag.py:2306} INFO - Setting next_dagrun for example_bash_operator to 2024-03-30 00:00:00+00:00
[2024-04-01 23:24:31,421] {scheduler_job.py:190} INFO - Processing /home/airflow/.local/lib/python3.6/site-packages/airflow/example_dags/example_bash_operator.py took 0.107 seconds
[2024-04-01 23:25:01,945] {scheduler_job.py:182} INFO - Started process (PID=990) to work on /home/airflow/.local/lib/python3.6/site-packages/airflow/example_dags/example_bash_operator.py
[2024-04-01 23:25:01,948] {scheduler_job.py:633} INFO - Processing file /home/airflow/.local/lib/python3.6/site-packages/airflow/example_dags/example_bash_operator.py for tasks to queue
[2024-04-01 23:25:01,949] {logging_mixin.py:104} INFO - [2024-04-01 23:25:01,949] {dagbag.py:496} INFO - Filling up the DagBag from /home/airflow/.local/lib/python3.6/site-packages/airflow/example_dags/example_bash_operator.py
[2024-04-01 23:25:02,053] {scheduler_job.py:643} INFO - DAG(s) dict_keys(['example_bash_operator']) retrieved from /home/airflow/.local/lib/python3.6/site-packages/airflow/example_dags/example_bash_operator.py
[2024-04-01 23:25:02,116] {logging_mixin.py:104} INFO - [2024-04-01 23:25:02,116] {dag.py:1833} INFO - Sync 1 DAGs
[2024-04-01 23:25:02,162] {logging_mixin.py:104} INFO - [2024-04-01 23:25:02,161] {dag.py:2306} INFO - Setting next_dagrun for example_bash_operator to 2024-03-30 00:00:00+00:00
[2024-04-01 23:25:02,188] {scheduler_job.py:190} INFO - Processing /home/airflow/.local/lib/python3.6/site-packages/airflow/example_dags/example_bash_operator.py took 0.247 seconds
[2024-04-01 23:25:32,738] {scheduler_job.py:182} INFO - Started process (PID=1076) to work on /home/airflow/.local/lib/python3.6/site-packages/airflow/example_dags/example_bash_operator.py
[2024-04-01 23:25:32,739] {scheduler_job.py:633} INFO - Processing file /home/airflow/.local/lib/python3.6/site-packages/airflow/example_dags/example_bash_operator.py for tasks to queue
[2024-04-01 23:25:32,739] {logging_mixin.py:104} INFO - [2024-04-01 23:25:32,739] {dagbag.py:496} INFO - Filling up the DagBag from /home/airflow/.local/lib/python3.6/site-packages/airflow/example_dags/example_bash_operator.py
[2024-04-01 23:25:32,751] {scheduler_job.py:643} INFO - DAG(s) dict_keys(['example_bash_operator']) retrieved from /home/airflow/.local/lib/python3.6/site-packages/airflow/example_dags/example_bash_operator.py
[2024-04-01 23:25:32,772] {logging_mixin.py:104} INFO - [2024-04-01 23:25:32,772] {dag.py:1833} INFO - Sync 1 DAGs
[2024-04-01 23:25:32,792] {logging_mixin.py:104} INFO - [2024-04-01 23:25:32,791] {dag.py:2306} INFO - Setting next_dagrun for example_bash_operator to 2024-03-30 00:00:00+00:00
[2024-04-01 23:25:32,804] {scheduler_job.py:190} INFO - Processing /home/airflow/.local/lib/python3.6/site-packages/airflow/example_dags/example_bash_operator.py took 0.068 seconds
[2024-04-01 23:26:03,533] {scheduler_job.py:182} INFO - Started process (PID=1150) to work on /home/airflow/.local/lib/python3.6/site-packages/airflow/example_dags/example_bash_operator.py
[2024-04-01 23:26:03,535] {scheduler_job.py:633} INFO - Processing file /home/airflow/.local/lib/python3.6/site-packages/airflow/example_dags/example_bash_operator.py for tasks to queue
[2024-04-01 23:26:03,536] {logging_mixin.py:104} INFO - [2024-04-01 23:26:03,536] {dagbag.py:496} INFO - Filling up the DagBag from /home/airflow/.local/lib/python3.6/site-packages/airflow/example_dags/example_bash_operator.py
[2024-04-01 23:26:03,551] {scheduler_job.py:643} INFO - DAG(s) dict_keys(['example_bash_operator']) retrieved from /home/airflow/.local/lib/python3.6/site-packages/airflow/example_dags/example_bash_operator.py
[2024-04-01 23:26:03,576] {logging_mixin.py:104} INFO - [2024-04-01 23:26:03,576] {dag.py:1833} INFO - Sync 1 DAGs
[2024-04-01 23:26:03,598] {logging_mixin.py:104} INFO - [2024-04-01 23:26:03,598] {dag.py:2306} INFO - Setting next_dagrun for example_bash_operator to 2024-03-30 00:00:00+00:00
[2024-04-01 23:26:03,612] {scheduler_job.py:190} INFO - Processing /home/airflow/.local/lib/python3.6/site-packages/airflow/example_dags/example_bash_operator.py took 0.082 seconds
[2024-04-01 23:26:33,926] {scheduler_job.py:182} INFO - Started process (PID=1233) to work on /home/airflow/.local/lib/python3.6/site-packages/airflow/example_dags/example_bash_operator.py
[2024-04-01 23:26:33,928] {scheduler_job.py:633} INFO - Processing file /home/airflow/.local/lib/python3.6/site-packages/airflow/example_dags/example_bash_operator.py for tasks to queue
[2024-04-01 23:26:33,930] {logging_mixin.py:104} INFO - [2024-04-01 23:26:33,929] {dagbag.py:496} INFO - Filling up the DagBag from /home/airflow/.local/lib/python3.6/site-packages/airflow/example_dags/example_bash_operator.py
[2024-04-01 23:26:33,953] {scheduler_job.py:643} INFO - DAG(s) dict_keys(['example_bash_operator']) retrieved from /home/airflow/.local/lib/python3.6/site-packages/airflow/example_dags/example_bash_operator.py
[2024-04-01 23:26:33,990] {logging_mixin.py:104} INFO - [2024-04-01 23:26:33,990] {dag.py:1833} INFO - Sync 1 DAGs
[2024-04-01 23:26:34,020] {logging_mixin.py:104} INFO - [2024-04-01 23:26:34,020] {dag.py:2306} INFO - Setting next_dagrun for example_bash_operator to 2024-03-30 00:00:00+00:00
[2024-04-01 23:26:34,038] {scheduler_job.py:190} INFO - Processing /home/airflow/.local/lib/python3.6/site-packages/airflow/example_dags/example_bash_operator.py took 0.117 seconds
[2024-04-01 23:27:04,677] {scheduler_job.py:182} INFO - Started process (PID=1321) to work on /home/airflow/.local/lib/python3.6/site-packages/airflow/example_dags/example_bash_operator.py
[2024-04-01 23:27:04,679] {scheduler_job.py:633} INFO - Processing file /home/airflow/.local/lib/python3.6/site-packages/airflow/example_dags/example_bash_operator.py for tasks to queue
[2024-04-01 23:27:04,680] {logging_mixin.py:104} INFO - [2024-04-01 23:27:04,680] {dagbag.py:496} INFO - Filling up the DagBag from /home/airflow/.local/lib/python3.6/site-packages/airflow/example_dags/example_bash_operator.py
[2024-04-01 23:27:04,706] {scheduler_job.py:643} INFO - DAG(s) dict_keys(['example_bash_operator']) retrieved from /home/airflow/.local/lib/python3.6/site-packages/airflow/example_dags/example_bash_operator.py
[2024-04-01 23:27:04,750] {logging_mixin.py:104} INFO - [2024-04-01 23:27:04,750] {dag.py:1833} INFO - Sync 1 DAGs
[2024-04-01 23:27:04,781] {logging_mixin.py:104} INFO - [2024-04-01 23:27:04,781] {dag.py:2306} INFO - Setting next_dagrun for example_bash_operator to 2024-03-30 00:00:00+00:00
[2024-04-01 23:27:04,802] {scheduler_job.py:190} INFO - Processing /home/airflow/.local/lib/python3.6/site-packages/airflow/example_dags/example_bash_operator.py took 0.129 seconds
[2024-04-01 23:27:35,079] {scheduler_job.py:182} INFO - Started process (PID=1400) to work on /home/airflow/.local/lib/python3.6/site-packages/airflow/example_dags/example_bash_operator.py
[2024-04-01 23:27:35,080] {scheduler_job.py:633} INFO - Processing file /home/airflow/.local/lib/python3.6/site-packages/airflow/example_dags/example_bash_operator.py for tasks to queue
[2024-04-01 23:27:35,080] {logging_mixin.py:104} INFO - [2024-04-01 23:27:35,080] {dagbag.py:496} INFO - Filling up the DagBag from /home/airflow/.local/lib/python3.6/site-packages/airflow/example_dags/example_bash_operator.py
[2024-04-01 23:27:35,094] {scheduler_job.py:643} INFO - DAG(s) dict_keys(['example_bash_operator']) retrieved from /home/airflow/.local/lib/python3.6/site-packages/airflow/example_dags/example_bash_operator.py
[2024-04-01 23:27:35,128] {logging_mixin.py:104} INFO - [2024-04-01 23:27:35,128] {dag.py:1833} INFO - Sync 1 DAGs
[2024-04-01 23:27:35,151] {logging_mixin.py:104} INFO - [2024-04-01 23:27:35,151] {dag.py:2306} INFO - Setting next_dagrun for example_bash_operator to 2024-03-30 00:00:00+00:00
[2024-04-01 23:27:35,170] {scheduler_job.py:190} INFO - Processing /home/airflow/.local/lib/python3.6/site-packages/airflow/example_dags/example_bash_operator.py took 0.094 seconds
[2024-04-01 23:28:06,213] {scheduler_job.py:182} INFO - Started process (PID=1485) to work on /home/airflow/.local/lib/python3.6/site-packages/airflow/example_dags/example_bash_operator.py
[2024-04-01 23:28:06,215] {scheduler_job.py:633} INFO - Processing file /home/airflow/.local/lib/python3.6/site-packages/airflow/example_dags/example_bash_operator.py for tasks to queue
[2024-04-01 23:28:06,217] {logging_mixin.py:104} INFO - [2024-04-01 23:28:06,217] {dagbag.py:496} INFO - Filling up the DagBag from /home/airflow/.local/lib/python3.6/site-packages/airflow/example_dags/example_bash_operator.py
[2024-04-01 23:28:06,279] {scheduler_job.py:643} INFO - DAG(s) dict_keys(['example_bash_operator']) retrieved from /home/airflow/.local/lib/python3.6/site-packages/airflow/example_dags/example_bash_operator.py
[2024-04-01 23:28:06,325] {logging_mixin.py:104} INFO - [2024-04-01 23:28:06,325] {dag.py:1833} INFO - Sync 1 DAGs
[2024-04-01 23:28:06,367] {logging_mixin.py:104} INFO - [2024-04-01 23:28:06,367] {dag.py:2306} INFO - Setting next_dagrun for example_bash_operator to 2024-03-30 00:00:00+00:00
[2024-04-01 23:28:06,417] {scheduler_job.py:190} INFO - Processing /home/airflow/.local/lib/python3.6/site-packages/airflow/example_dags/example_bash_operator.py took 0.210 seconds
[2024-04-01 23:28:36,641] {scheduler_job.py:182} INFO - Started process (PID=1545) to work on /home/airflow/.local/lib/python3.6/site-packages/airflow/example_dags/example_bash_operator.py
[2024-04-01 23:28:36,642] {scheduler_job.py:633} INFO - Processing file /home/airflow/.local/lib/python3.6/site-packages/airflow/example_dags/example_bash_operator.py for tasks to queue
[2024-04-01 23:28:36,644] {logging_mixin.py:104} INFO - [2024-04-01 23:28:36,643] {dagbag.py:496} INFO - Filling up the DagBag from /home/airflow/.local/lib/python3.6/site-packages/airflow/example_dags/example_bash_operator.py
[2024-04-01 23:28:36,658] {scheduler_job.py:643} INFO - DAG(s) dict_keys(['example_bash_operator']) retrieved from /home/airflow/.local/lib/python3.6/site-packages/airflow/example_dags/example_bash_operator.py
[2024-04-01 23:28:36,686] {logging_mixin.py:104} INFO - [2024-04-01 23:28:36,686] {dag.py:1833} INFO - Sync 1 DAGs
[2024-04-01 23:28:36,710] {logging_mixin.py:104} INFO - [2024-04-01 23:28:36,709] {dag.py:2306} INFO - Setting next_dagrun for example_bash_operator to 2024-03-30 00:00:00+00:00
[2024-04-01 23:28:36,724] {scheduler_job.py:190} INFO - Processing /home/airflow/.local/lib/python3.6/site-packages/airflow/example_dags/example_bash_operator.py took 0.086 seconds
[2024-04-01 23:29:06,911] {scheduler_job.py:182} INFO - Started process (PID=1598) to work on /home/airflow/.local/lib/python3.6/site-packages/airflow/example_dags/example_bash_operator.py
[2024-04-01 23:29:06,912] {scheduler_job.py:633} INFO - Processing file /home/airflow/.local/lib/python3.6/site-packages/airflow/example_dags/example_bash_operator.py for tasks to queue
[2024-04-01 23:29:06,912] {logging_mixin.py:104} INFO - [2024-04-01 23:29:06,912] {dagbag.py:496} INFO - Filling up the DagBag from /home/airflow/.local/lib/python3.6/site-packages/airflow/example_dags/example_bash_operator.py
[2024-04-01 23:29:06,929] {scheduler_job.py:643} INFO - DAG(s) dict_keys(['example_bash_operator']) retrieved from /home/airflow/.local/lib/python3.6/site-packages/airflow/example_dags/example_bash_operator.py
[2024-04-01 23:29:06,961] {logging_mixin.py:104} INFO - [2024-04-01 23:29:06,961] {dag.py:1833} INFO - Sync 1 DAGs
[2024-04-01 23:29:06,989] {logging_mixin.py:104} INFO - [2024-04-01 23:29:06,989] {dag.py:2306} INFO - Setting next_dagrun for example_bash_operator to 2024-03-30 00:00:00+00:00
[2024-04-01 23:29:07,005] {scheduler_job.py:190} INFO - Processing /home/airflow/.local/lib/python3.6/site-packages/airflow/example_dags/example_bash_operator.py took 0.097 seconds
[2024-04-01 23:29:37,449] {scheduler_job.py:182} INFO - Started process (PID=1650) to work on /home/airflow/.local/lib/python3.6/site-packages/airflow/example_dags/example_bash_operator.py
[2024-04-01 23:29:37,450] {scheduler_job.py:633} INFO - Processing file /home/airflow/.local/lib/python3.6/site-packages/airflow/example_dags/example_bash_operator.py for tasks to queue
[2024-04-01 23:29:37,451] {logging_mixin.py:104} INFO - [2024-04-01 23:29:37,451] {dagbag.py:496} INFO - Filling up the DagBag from /home/airflow/.local/lib/python3.6/site-packages/airflow/example_dags/example_bash_operator.py
[2024-04-01 23:29:37,480] {scheduler_job.py:643} INFO - DAG(s) dict_keys(['example_bash_operator']) retrieved from /home/airflow/.local/lib/python3.6/site-packages/airflow/example_dags/example_bash_operator.py
[2024-04-01 23:29:37,520] {logging_mixin.py:104} INFO - [2024-04-01 23:29:37,520] {dag.py:1833} INFO - Sync 1 DAGs
[2024-04-01 23:29:37,556] {logging_mixin.py:104} INFO - [2024-04-01 23:29:37,556] {dag.py:2306} INFO - Setting next_dagrun for example_bash_operator to 2024-03-30 00:00:00+00:00
[2024-04-01 23:29:37,585] {scheduler_job.py:190} INFO - Processing /home/airflow/.local/lib/python3.6/site-packages/airflow/example_dags/example_bash_operator.py took 0.141 seconds
[2024-04-01 23:30:08,122] {scheduler_job.py:182} INFO - Started process (PID=1712) to work on /home/airflow/.local/lib/python3.6/site-packages/airflow/example_dags/example_bash_operator.py
[2024-04-01 23:30:08,124] {scheduler_job.py:633} INFO - Processing file /home/airflow/.local/lib/python3.6/site-packages/airflow/example_dags/example_bash_operator.py for tasks to queue
[2024-04-01 23:30:08,125] {logging_mixin.py:104} INFO - [2024-04-01 23:30:08,125] {dagbag.py:496} INFO - Filling up the DagBag from /home/airflow/.local/lib/python3.6/site-packages/airflow/example_dags/example_bash_operator.py
[2024-04-01 23:30:08,153] {scheduler_job.py:643} INFO - DAG(s) dict_keys(['example_bash_operator']) retrieved from /home/airflow/.local/lib/python3.6/site-packages/airflow/example_dags/example_bash_operator.py
[2024-04-01 23:30:08,202] {logging_mixin.py:104} INFO - [2024-04-01 23:30:08,201] {dag.py:1833} INFO - Sync 1 DAGs
[2024-04-01 23:30:08,267] {logging_mixin.py:104} INFO - [2024-04-01 23:30:08,267] {dag.py:2306} INFO - Setting next_dagrun for example_bash_operator to 2024-03-30 00:00:00+00:00
[2024-04-01 23:30:08,290] {scheduler_job.py:190} INFO - Processing /home/airflow/.local/lib/python3.6/site-packages/airflow/example_dags/example_bash_operator.py took 0.172 seconds
[2024-04-01 23:30:38,478] {scheduler_job.py:182} INFO - Started process (PID=1764) to work on /home/airflow/.local/lib/python3.6/site-packages/airflow/example_dags/example_bash_operator.py
[2024-04-01 23:30:38,479] {scheduler_job.py:633} INFO - Processing file /home/airflow/.local/lib/python3.6/site-packages/airflow/example_dags/example_bash_operator.py for tasks to queue
[2024-04-01 23:30:38,480] {logging_mixin.py:104} INFO - [2024-04-01 23:30:38,480] {dagbag.py:496} INFO - Filling up the DagBag from /home/airflow/.local/lib/python3.6/site-packages/airflow/example_dags/example_bash_operator.py
[2024-04-01 23:30:38,494] {scheduler_job.py:643} INFO - DAG(s) dict_keys(['example_bash_operator']) retrieved from /home/airflow/.local/lib/python3.6/site-packages/airflow/example_dags/example_bash_operator.py
[2024-04-01 23:30:38,521] {logging_mixin.py:104} INFO - [2024-04-01 23:30:38,521] {dag.py:1833} INFO - Sync 1 DAGs
[2024-04-01 23:30:38,552] {logging_mixin.py:104} INFO - [2024-04-01 23:30:38,551] {dag.py:2306} INFO - Setting next_dagrun for example_bash_operator to 2024-03-30 00:00:00+00:00
[2024-04-01 23:30:38,567] {scheduler_job.py:190} INFO - Processing /home/airflow/.local/lib/python3.6/site-packages/airflow/example_dags/example_bash_operator.py took 0.091 seconds
[2024-04-01 23:31:09,061] {scheduler_job.py:182} INFO - Started process (PID=1816) to work on /home/airflow/.local/lib/python3.6/site-packages/airflow/example_dags/example_bash_operator.py
[2024-04-01 23:31:09,063] {scheduler_job.py:633} INFO - Processing file /home/airflow/.local/lib/python3.6/site-packages/airflow/example_dags/example_bash_operator.py for tasks to queue
[2024-04-01 23:31:09,065] {logging_mixin.py:104} INFO - [2024-04-01 23:31:09,065] {dagbag.py:496} INFO - Filling up the DagBag from /home/airflow/.local/lib/python3.6/site-packages/airflow/example_dags/example_bash_operator.py
[2024-04-01 23:31:09,090] {scheduler_job.py:643} INFO - DAG(s) dict_keys(['example_bash_operator']) retrieved from /home/airflow/.local/lib/python3.6/site-packages/airflow/example_dags/example_bash_operator.py
[2024-04-01 23:31:09,126] {logging_mixin.py:104} INFO - [2024-04-01 23:31:09,126] {dag.py:1833} INFO - Sync 1 DAGs
[2024-04-01 23:31:09,155] {logging_mixin.py:104} INFO - [2024-04-01 23:31:09,155] {dag.py:2306} INFO - Setting next_dagrun for example_bash_operator to 2024-03-30 00:00:00+00:00
[2024-04-01 23:31:09,169] {scheduler_job.py:190} INFO - Processing /home/airflow/.local/lib/python3.6/site-packages/airflow/example_dags/example_bash_operator.py took 0.114 seconds
[2024-04-01 23:31:39,445] {scheduler_job.py:182} INFO - Started process (PID=1868) to work on /home/airflow/.local/lib/python3.6/site-packages/airflow/example_dags/example_bash_operator.py
[2024-04-01 23:31:39,448] {scheduler_job.py:633} INFO - Processing file /home/airflow/.local/lib/python3.6/site-packages/airflow/example_dags/example_bash_operator.py for tasks to queue
[2024-04-01 23:31:39,449] {logging_mixin.py:104} INFO - [2024-04-01 23:31:39,449] {dagbag.py:496} INFO - Filling up the DagBag from /home/airflow/.local/lib/python3.6/site-packages/airflow/example_dags/example_bash_operator.py
[2024-04-01 23:31:39,478] {scheduler_job.py:643} INFO - DAG(s) dict_keys(['example_bash_operator']) retrieved from /home/airflow/.local/lib/python3.6/site-packages/airflow/example_dags/example_bash_operator.py
[2024-04-01 23:31:39,514] {logging_mixin.py:104} INFO - [2024-04-01 23:31:39,513] {dag.py:1833} INFO - Sync 1 DAGs
[2024-04-01 23:31:39,553] {logging_mixin.py:104} INFO - [2024-04-01 23:31:39,553] {dag.py:2306} INFO - Setting next_dagrun for example_bash_operator to 2024-03-30 00:00:00+00:00
[2024-04-01 23:31:39,568] {scheduler_job.py:190} INFO - Processing /home/airflow/.local/lib/python3.6/site-packages/airflow/example_dags/example_bash_operator.py took 0.128 seconds
[2024-04-01 23:32:10,232] {scheduler_job.py:182} INFO - Started process (PID=1920) to work on /home/airflow/.local/lib/python3.6/site-packages/airflow/example_dags/example_bash_operator.py
[2024-04-01 23:32:10,233] {scheduler_job.py:633} INFO - Processing file /home/airflow/.local/lib/python3.6/site-packages/airflow/example_dags/example_bash_operator.py for tasks to queue
[2024-04-01 23:32:10,234] {logging_mixin.py:104} INFO - [2024-04-01 23:32:10,233] {dagbag.py:496} INFO - Filling up the DagBag from /home/airflow/.local/lib/python3.6/site-packages/airflow/example_dags/example_bash_operator.py
[2024-04-01 23:32:10,247] {scheduler_job.py:643} INFO - DAG(s) dict_keys(['example_bash_operator']) retrieved from /home/airflow/.local/lib/python3.6/site-packages/airflow/example_dags/example_bash_operator.py
[2024-04-01 23:32:10,275] {logging_mixin.py:104} INFO - [2024-04-01 23:32:10,275] {dag.py:1833} INFO - Sync 1 DAGs
[2024-04-01 23:32:10,294] {logging_mixin.py:104} INFO - [2024-04-01 23:32:10,294] {dag.py:2306} INFO - Setting next_dagrun for example_bash_operator to 2024-03-30 00:00:00+00:00
[2024-04-01 23:32:10,308] {scheduler_job.py:190} INFO - Processing /home/airflow/.local/lib/python3.6/site-packages/airflow/example_dags/example_bash_operator.py took 0.079 seconds
[2024-04-01 23:32:41,319] {scheduler_job.py:182} INFO - Started process (PID=1982) to work on /home/airflow/.local/lib/python3.6/site-packages/airflow/example_dags/example_bash_operator.py
[2024-04-01 23:32:41,322] {scheduler_job.py:633} INFO - Processing file /home/airflow/.local/lib/python3.6/site-packages/airflow/example_dags/example_bash_operator.py for tasks to queue
[2024-04-01 23:32:41,324] {logging_mixin.py:104} INFO - [2024-04-01 23:32:41,323] {dagbag.py:496} INFO - Filling up the DagBag from /home/airflow/.local/lib/python3.6/site-packages/airflow/example_dags/example_bash_operator.py
[2024-04-01 23:32:41,352] {scheduler_job.py:643} INFO - DAG(s) dict_keys(['example_bash_operator']) retrieved from /home/airflow/.local/lib/python3.6/site-packages/airflow/example_dags/example_bash_operator.py
[2024-04-01 23:32:41,415] {logging_mixin.py:104} INFO - [2024-04-01 23:32:41,415] {dag.py:1833} INFO - Sync 1 DAGs
[2024-04-01 23:32:41,456] {logging_mixin.py:104} INFO - [2024-04-01 23:32:41,455] {dag.py:2306} INFO - Setting next_dagrun for example_bash_operator to 2024-03-30 00:00:00+00:00
[2024-04-01 23:32:41,496] {scheduler_job.py:190} INFO - Processing /home/airflow/.local/lib/python3.6/site-packages/airflow/example_dags/example_bash_operator.py took 0.182 seconds
[2024-04-01 23:33:11,621] {scheduler_job.py:182} INFO - Started process (PID=2035) to work on /home/airflow/.local/lib/python3.6/site-packages/airflow/example_dags/example_bash_operator.py
[2024-04-01 23:33:11,623] {scheduler_job.py:633} INFO - Processing file /home/airflow/.local/lib/python3.6/site-packages/airflow/example_dags/example_bash_operator.py for tasks to queue
[2024-04-01 23:33:11,624] {logging_mixin.py:104} INFO - [2024-04-01 23:33:11,624] {dagbag.py:496} INFO - Filling up the DagBag from /home/airflow/.local/lib/python3.6/site-packages/airflow/example_dags/example_bash_operator.py
[2024-04-01 23:33:11,645] {scheduler_job.py:643} INFO - DAG(s) dict_keys(['example_bash_operator']) retrieved from /home/airflow/.local/lib/python3.6/site-packages/airflow/example_dags/example_bash_operator.py
[2024-04-01 23:33:11,676] {logging_mixin.py:104} INFO - [2024-04-01 23:33:11,676] {dag.py:1833} INFO - Sync 1 DAGs
[2024-04-01 23:33:11,702] {logging_mixin.py:104} INFO - [2024-04-01 23:33:11,701] {dag.py:2306} INFO - Setting next_dagrun for example_bash_operator to 2024-03-30 00:00:00+00:00
[2024-04-01 23:33:11,720] {scheduler_job.py:190} INFO - Processing /home/airflow/.local/lib/python3.6/site-packages/airflow/example_dags/example_bash_operator.py took 0.101 seconds
[2024-04-01 23:33:41,940] {scheduler_job.py:182} INFO - Started process (PID=2093) to work on /home/airflow/.local/lib/python3.6/site-packages/airflow/example_dags/example_bash_operator.py
[2024-04-01 23:33:41,942] {scheduler_job.py:633} INFO - Processing file /home/airflow/.local/lib/python3.6/site-packages/airflow/example_dags/example_bash_operator.py for tasks to queue
[2024-04-01 23:33:41,943] {logging_mixin.py:104} INFO - [2024-04-01 23:33:41,942] {dagbag.py:496} INFO - Filling up the DagBag from /home/airflow/.local/lib/python3.6/site-packages/airflow/example_dags/example_bash_operator.py
[2024-04-01 23:33:41,964] {scheduler_job.py:643} INFO - DAG(s) dict_keys(['example_bash_operator']) retrieved from /home/airflow/.local/lib/python3.6/site-packages/airflow/example_dags/example_bash_operator.py
[2024-04-01 23:33:42,003] {logging_mixin.py:104} INFO - [2024-04-01 23:33:42,003] {dag.py:1833} INFO - Sync 1 DAGs
[2024-04-01 23:33:42,031] {logging_mixin.py:104} INFO - [2024-04-01 23:33:42,031] {dag.py:2306} INFO - Setting next_dagrun for example_bash_operator to 2024-03-30 00:00:00+00:00
[2024-04-01 23:33:42,049] {scheduler_job.py:190} INFO - Processing /home/airflow/.local/lib/python3.6/site-packages/airflow/example_dags/example_bash_operator.py took 0.112 seconds
[2024-04-01 23:34:13,458] {scheduler_job.py:182} INFO - Started process (PID=2150) to work on /home/airflow/.local/lib/python3.6/site-packages/airflow/example_dags/example_bash_operator.py
[2024-04-01 23:34:13,462] {scheduler_job.py:633} INFO - Processing file /home/airflow/.local/lib/python3.6/site-packages/airflow/example_dags/example_bash_operator.py for tasks to queue
[2024-04-01 23:34:13,464] {logging_mixin.py:104} INFO - [2024-04-01 23:34:13,464] {dagbag.py:496} INFO - Filling up the DagBag from /home/airflow/.local/lib/python3.6/site-packages/airflow/example_dags/example_bash_operator.py
[2024-04-01 23:34:13,497] {scheduler_job.py:643} INFO - DAG(s) dict_keys(['example_bash_operator']) retrieved from /home/airflow/.local/lib/python3.6/site-packages/airflow/example_dags/example_bash_operator.py
[2024-04-01 23:34:13,537] {logging_mixin.py:104} INFO - [2024-04-01 23:34:13,537] {dag.py:1833} INFO - Sync 1 DAGs
[2024-04-01 23:34:13,565] {logging_mixin.py:104} INFO - [2024-04-01 23:34:13,564] {dag.py:2306} INFO - Setting next_dagrun for example_bash_operator to 2024-03-30 00:00:00+00:00
[2024-04-01 23:34:13,585] {scheduler_job.py:190} INFO - Processing /home/airflow/.local/lib/python3.6/site-packages/airflow/example_dags/example_bash_operator.py took 0.131 seconds
[2024-04-01 23:34:43,812] {scheduler_job.py:182} INFO - Started process (PID=2202) to work on /home/airflow/.local/lib/python3.6/site-packages/airflow/example_dags/example_bash_operator.py
[2024-04-01 23:34:43,817] {scheduler_job.py:633} INFO - Processing file /home/airflow/.local/lib/python3.6/site-packages/airflow/example_dags/example_bash_operator.py for tasks to queue
[2024-04-01 23:34:43,819] {logging_mixin.py:104} INFO - [2024-04-01 23:34:43,818] {dagbag.py:496} INFO - Filling up the DagBag from /home/airflow/.local/lib/python3.6/site-packages/airflow/example_dags/example_bash_operator.py
[2024-04-01 23:34:43,843] {scheduler_job.py:643} INFO - DAG(s) dict_keys(['example_bash_operator']) retrieved from /home/airflow/.local/lib/python3.6/site-packages/airflow/example_dags/example_bash_operator.py
[2024-04-01 23:34:43,878] {logging_mixin.py:104} INFO - [2024-04-01 23:34:43,878] {dag.py:1833} INFO - Sync 1 DAGs
[2024-04-01 23:34:43,909] {logging_mixin.py:104} INFO - [2024-04-01 23:34:43,909] {dag.py:2306} INFO - Setting next_dagrun for example_bash_operator to 2024-03-30 00:00:00+00:00
[2024-04-01 23:34:43,928] {scheduler_job.py:190} INFO - Processing /home/airflow/.local/lib/python3.6/site-packages/airflow/example_dags/example_bash_operator.py took 0.119 seconds
[2024-04-01 23:35:14,413] {scheduler_job.py:182} INFO - Started process (PID=2263) to work on /home/airflow/.local/lib/python3.6/site-packages/airflow/example_dags/example_bash_operator.py
[2024-04-01 23:35:14,415] {scheduler_job.py:633} INFO - Processing file /home/airflow/.local/lib/python3.6/site-packages/airflow/example_dags/example_bash_operator.py for tasks to queue
[2024-04-01 23:35:14,415] {logging_mixin.py:104} INFO - [2024-04-01 23:35:14,415] {dagbag.py:496} INFO - Filling up the DagBag from /home/airflow/.local/lib/python3.6/site-packages/airflow/example_dags/example_bash_operator.py
[2024-04-01 23:35:14,437] {scheduler_job.py:643} INFO - DAG(s) dict_keys(['example_bash_operator']) retrieved from /home/airflow/.local/lib/python3.6/site-packages/airflow/example_dags/example_bash_operator.py
[2024-04-01 23:35:14,472] {logging_mixin.py:104} INFO - [2024-04-01 23:35:14,472] {dag.py:1833} INFO - Sync 1 DAGs
[2024-04-01 23:35:14,496] {logging_mixin.py:104} INFO - [2024-04-01 23:35:14,496] {dag.py:2306} INFO - Setting next_dagrun for example_bash_operator to 2024-03-30 00:00:00+00:00
[2024-04-01 23:35:14,513] {scheduler_job.py:190} INFO - Processing /home/airflow/.local/lib/python3.6/site-packages/airflow/example_dags/example_bash_operator.py took 0.104 seconds
[2024-04-01 23:35:45,456] {scheduler_job.py:182} INFO - Started process (PID=2316) to work on /home/airflow/.local/lib/python3.6/site-packages/airflow/example_dags/example_bash_operator.py
[2024-04-01 23:35:45,457] {scheduler_job.py:633} INFO - Processing file /home/airflow/.local/lib/python3.6/site-packages/airflow/example_dags/example_bash_operator.py for tasks to queue
[2024-04-01 23:35:45,458] {logging_mixin.py:104} INFO - [2024-04-01 23:35:45,458] {dagbag.py:496} INFO - Filling up the DagBag from /home/airflow/.local/lib/python3.6/site-packages/airflow/example_dags/example_bash_operator.py
[2024-04-01 23:35:45,478] {scheduler_job.py:643} INFO - DAG(s) dict_keys(['example_bash_operator']) retrieved from /home/airflow/.local/lib/python3.6/site-packages/airflow/example_dags/example_bash_operator.py
[2024-04-01 23:35:45,515] {logging_mixin.py:104} INFO - [2024-04-01 23:35:45,514] {dag.py:1833} INFO - Sync 1 DAGs
[2024-04-01 23:35:45,556] {logging_mixin.py:104} INFO - [2024-04-01 23:35:45,556] {dag.py:2306} INFO - Setting next_dagrun for example_bash_operator to 2024-03-30 00:00:00+00:00
[2024-04-01 23:35:45,574] {scheduler_job.py:190} INFO - Processing /home/airflow/.local/lib/python3.6/site-packages/airflow/example_dags/example_bash_operator.py took 0.121 seconds
