[2024-04-01 23:19:18,467] {scheduler_job.py:182} INFO - Started process (PID=66) to work on /home/airflow/.local/lib/python3.6/site-packages/airflow/example_dags/example_short_circuit_operator.py
[2024-04-01 23:19:18,468] {scheduler_job.py:633} INFO - Processing file /home/airflow/.local/lib/python3.6/site-packages/airflow/example_dags/example_short_circuit_operator.py for tasks to queue
[2024-04-01 23:19:18,470] {logging_mixin.py:104} INFO - [2024-04-01 23:19:18,469] {dagbag.py:496} INFO - Filling up the DagBag from /home/airflow/.local/lib/python3.6/site-packages/airflow/example_dags/example_short_circuit_operator.py
[2024-04-01 23:19:18,494] {scheduler_job.py:643} INFO - DAG(s) dict_keys(['example_short_circuit_operator']) retrieved from /home/airflow/.local/lib/python3.6/site-packages/airflow/example_dags/example_short_circuit_operator.py
[2024-04-01 23:19:19,641] {logging_mixin.py:104} INFO - [2024-04-01 23:19:19,640] {dag.py:1833} INFO - Sync 1 DAGs
[2024-04-01 23:19:19,678] {logging_mixin.py:104} INFO - [2024-04-01 23:19:19,678] {dag.py:2306} INFO - Setting next_dagrun for example_short_circuit_operator to 2024-03-30 00:00:00+00:00
[2024-04-01 23:19:19,715] {scheduler_job.py:190} INFO - Processing /home/airflow/.local/lib/python3.6/site-packages/airflow/example_dags/example_short_circuit_operator.py took 1.254 seconds
[2024-04-01 23:19:49,919] {scheduler_job.py:182} INFO - Started process (PID=142) to work on /home/airflow/.local/lib/python3.6/site-packages/airflow/example_dags/example_short_circuit_operator.py
[2024-04-01 23:19:49,926] {scheduler_job.py:633} INFO - Processing file /home/airflow/.local/lib/python3.6/site-packages/airflow/example_dags/example_short_circuit_operator.py for tasks to queue
[2024-04-01 23:19:49,927] {logging_mixin.py:104} INFO - [2024-04-01 23:19:49,927] {dagbag.py:496} INFO - Filling up the DagBag from /home/airflow/.local/lib/python3.6/site-packages/airflow/example_dags/example_short_circuit_operator.py
[2024-04-01 23:19:49,945] {scheduler_job.py:643} INFO - DAG(s) dict_keys(['example_short_circuit_operator']) retrieved from /home/airflow/.local/lib/python3.6/site-packages/airflow/example_dags/example_short_circuit_operator.py
[2024-04-01 23:19:49,979] {logging_mixin.py:104} INFO - [2024-04-01 23:19:49,979] {dag.py:1833} INFO - Sync 1 DAGs
[2024-04-01 23:19:50,000] {logging_mixin.py:104} INFO - [2024-04-01 23:19:50,000] {dag.py:2306} INFO - Setting next_dagrun for example_short_circuit_operator to 2024-03-30 00:00:00+00:00
[2024-04-01 23:19:50,017] {scheduler_job.py:190} INFO - Processing /home/airflow/.local/lib/python3.6/site-packages/airflow/example_dags/example_short_circuit_operator.py took 0.103 seconds
[2024-04-01 23:20:20,283] {scheduler_job.py:182} INFO - Started process (PID=241) to work on /home/airflow/.local/lib/python3.6/site-packages/airflow/example_dags/example_short_circuit_operator.py
[2024-04-01 23:20:20,285] {scheduler_job.py:633} INFO - Processing file /home/airflow/.local/lib/python3.6/site-packages/airflow/example_dags/example_short_circuit_operator.py for tasks to queue
[2024-04-01 23:20:20,286] {logging_mixin.py:104} INFO - [2024-04-01 23:20:20,286] {dagbag.py:496} INFO - Filling up the DagBag from /home/airflow/.local/lib/python3.6/site-packages/airflow/example_dags/example_short_circuit_operator.py
[2024-04-01 23:20:20,314] {scheduler_job.py:643} INFO - DAG(s) dict_keys(['example_short_circuit_operator']) retrieved from /home/airflow/.local/lib/python3.6/site-packages/airflow/example_dags/example_short_circuit_operator.py
[2024-04-01 23:20:20,349] {logging_mixin.py:104} INFO - [2024-04-01 23:20:20,349] {dag.py:1833} INFO - Sync 1 DAGs
[2024-04-01 23:20:20,372] {logging_mixin.py:104} INFO - [2024-04-01 23:20:20,372] {dag.py:2306} INFO - Setting next_dagrun for example_short_circuit_operator to 2024-03-30 00:00:00+00:00
[2024-04-01 23:20:20,390] {scheduler_job.py:190} INFO - Processing /home/airflow/.local/lib/python3.6/site-packages/airflow/example_dags/example_short_circuit_operator.py took 0.111 seconds
[2024-04-01 23:20:51,220] {scheduler_job.py:182} INFO - Started process (PID=316) to work on /home/airflow/.local/lib/python3.6/site-packages/airflow/example_dags/example_short_circuit_operator.py
[2024-04-01 23:20:51,222] {scheduler_job.py:633} INFO - Processing file /home/airflow/.local/lib/python3.6/site-packages/airflow/example_dags/example_short_circuit_operator.py for tasks to queue
[2024-04-01 23:20:51,224] {logging_mixin.py:104} INFO - [2024-04-01 23:20:51,224] {dagbag.py:496} INFO - Filling up the DagBag from /home/airflow/.local/lib/python3.6/site-packages/airflow/example_dags/example_short_circuit_operator.py
[2024-04-01 23:20:51,266] {scheduler_job.py:643} INFO - DAG(s) dict_keys(['example_short_circuit_operator']) retrieved from /home/airflow/.local/lib/python3.6/site-packages/airflow/example_dags/example_short_circuit_operator.py
[2024-04-01 23:20:51,347] {logging_mixin.py:104} INFO - [2024-04-01 23:20:51,347] {dag.py:1833} INFO - Sync 1 DAGs
[2024-04-01 23:20:51,404] {logging_mixin.py:104} INFO - [2024-04-01 23:20:51,403] {dag.py:2306} INFO - Setting next_dagrun for example_short_circuit_operator to 2024-03-30 00:00:00+00:00
[2024-04-01 23:20:51,436] {scheduler_job.py:190} INFO - Processing /home/airflow/.local/lib/python3.6/site-packages/airflow/example_dags/example_short_circuit_operator.py took 0.226 seconds
[2024-04-01 23:21:21,610] {scheduler_job.py:182} INFO - Started process (PID=399) to work on /home/airflow/.local/lib/python3.6/site-packages/airflow/example_dags/example_short_circuit_operator.py
[2024-04-01 23:21:21,612] {scheduler_job.py:633} INFO - Processing file /home/airflow/.local/lib/python3.6/site-packages/airflow/example_dags/example_short_circuit_operator.py for tasks to queue
[2024-04-01 23:21:21,612] {logging_mixin.py:104} INFO - [2024-04-01 23:21:21,612] {dagbag.py:496} INFO - Filling up the DagBag from /home/airflow/.local/lib/python3.6/site-packages/airflow/example_dags/example_short_circuit_operator.py
[2024-04-01 23:21:21,627] {scheduler_job.py:643} INFO - DAG(s) dict_keys(['example_short_circuit_operator']) retrieved from /home/airflow/.local/lib/python3.6/site-packages/airflow/example_dags/example_short_circuit_operator.py
[2024-04-01 23:21:21,653] {logging_mixin.py:104} INFO - [2024-04-01 23:21:21,652] {dag.py:1833} INFO - Sync 1 DAGs
[2024-04-01 23:21:21,675] {logging_mixin.py:104} INFO - [2024-04-01 23:21:21,675] {dag.py:2306} INFO - Setting next_dagrun for example_short_circuit_operator to 2024-03-30 00:00:00+00:00
[2024-04-01 23:21:21,688] {scheduler_job.py:190} INFO - Processing /home/airflow/.local/lib/python3.6/site-packages/airflow/example_dags/example_short_circuit_operator.py took 0.081 seconds
[2024-04-01 23:21:51,769] {scheduler_job.py:182} INFO - Started process (PID=473) to work on /home/airflow/.local/lib/python3.6/site-packages/airflow/example_dags/example_short_circuit_operator.py
[2024-04-01 23:21:51,771] {scheduler_job.py:633} INFO - Processing file /home/airflow/.local/lib/python3.6/site-packages/airflow/example_dags/example_short_circuit_operator.py for tasks to queue
[2024-04-01 23:21:51,772] {logging_mixin.py:104} INFO - [2024-04-01 23:21:51,772] {dagbag.py:496} INFO - Filling up the DagBag from /home/airflow/.local/lib/python3.6/site-packages/airflow/example_dags/example_short_circuit_operator.py
[2024-04-01 23:21:51,794] {scheduler_job.py:643} INFO - DAG(s) dict_keys(['example_short_circuit_operator']) retrieved from /home/airflow/.local/lib/python3.6/site-packages/airflow/example_dags/example_short_circuit_operator.py
[2024-04-01 23:21:51,828] {logging_mixin.py:104} INFO - [2024-04-01 23:21:51,828] {dag.py:1833} INFO - Sync 1 DAGs
[2024-04-01 23:21:51,857] {logging_mixin.py:104} INFO - [2024-04-01 23:21:51,857] {dag.py:2306} INFO - Setting next_dagrun for example_short_circuit_operator to 2024-03-30 00:00:00+00:00
[2024-04-01 23:21:51,879] {scheduler_job.py:190} INFO - Processing /home/airflow/.local/lib/python3.6/site-packages/airflow/example_dags/example_short_circuit_operator.py took 0.115 seconds
[2024-04-01 23:22:22,454] {scheduler_job.py:182} INFO - Started process (PID=565) to work on /home/airflow/.local/lib/python3.6/site-packages/airflow/example_dags/example_short_circuit_operator.py
[2024-04-01 23:22:22,456] {scheduler_job.py:633} INFO - Processing file /home/airflow/.local/lib/python3.6/site-packages/airflow/example_dags/example_short_circuit_operator.py for tasks to queue
[2024-04-01 23:22:22,457] {logging_mixin.py:104} INFO - [2024-04-01 23:22:22,457] {dagbag.py:496} INFO - Filling up the DagBag from /home/airflow/.local/lib/python3.6/site-packages/airflow/example_dags/example_short_circuit_operator.py
[2024-04-01 23:22:22,513] {scheduler_job.py:643} INFO - DAG(s) dict_keys(['example_short_circuit_operator']) retrieved from /home/airflow/.local/lib/python3.6/site-packages/airflow/example_dags/example_short_circuit_operator.py
[2024-04-01 23:22:22,638] {logging_mixin.py:104} INFO - [2024-04-01 23:22:22,637] {dag.py:1833} INFO - Sync 1 DAGs
[2024-04-01 23:22:22,675] {logging_mixin.py:104} INFO - [2024-04-01 23:22:22,674] {dag.py:2306} INFO - Setting next_dagrun for example_short_circuit_operator to 2024-03-30 00:00:00+00:00
[2024-04-01 23:22:22,729] {scheduler_job.py:190} INFO - Processing /home/airflow/.local/lib/python3.6/site-packages/airflow/example_dags/example_short_circuit_operator.py took 0.311 seconds
[2024-04-01 23:22:53,006] {scheduler_job.py:182} INFO - Started process (PID=640) to work on /home/airflow/.local/lib/python3.6/site-packages/airflow/example_dags/example_short_circuit_operator.py
[2024-04-01 23:22:53,007] {scheduler_job.py:633} INFO - Processing file /home/airflow/.local/lib/python3.6/site-packages/airflow/example_dags/example_short_circuit_operator.py for tasks to queue
[2024-04-01 23:22:53,009] {logging_mixin.py:104} INFO - [2024-04-01 23:22:53,009] {dagbag.py:496} INFO - Filling up the DagBag from /home/airflow/.local/lib/python3.6/site-packages/airflow/example_dags/example_short_circuit_operator.py
[2024-04-01 23:22:53,040] {scheduler_job.py:643} INFO - DAG(s) dict_keys(['example_short_circuit_operator']) retrieved from /home/airflow/.local/lib/python3.6/site-packages/airflow/example_dags/example_short_circuit_operator.py
[2024-04-01 23:22:53,087] {logging_mixin.py:104} INFO - [2024-04-01 23:22:53,087] {dag.py:1833} INFO - Sync 1 DAGs
[2024-04-01 23:22:53,119] {logging_mixin.py:104} INFO - [2024-04-01 23:22:53,118] {dag.py:2306} INFO - Setting next_dagrun for example_short_circuit_operator to 2024-03-30 00:00:00+00:00
[2024-04-01 23:22:53,138] {scheduler_job.py:190} INFO - Processing /home/airflow/.local/lib/python3.6/site-packages/airflow/example_dags/example_short_circuit_operator.py took 0.137 seconds
[2024-04-01 23:23:23,517] {scheduler_job.py:182} INFO - Started process (PID=723) to work on /home/airflow/.local/lib/python3.6/site-packages/airflow/example_dags/example_short_circuit_operator.py
[2024-04-01 23:23:23,518] {scheduler_job.py:633} INFO - Processing file /home/airflow/.local/lib/python3.6/site-packages/airflow/example_dags/example_short_circuit_operator.py for tasks to queue
[2024-04-01 23:23:23,519] {logging_mixin.py:104} INFO - [2024-04-01 23:23:23,519] {dagbag.py:496} INFO - Filling up the DagBag from /home/airflow/.local/lib/python3.6/site-packages/airflow/example_dags/example_short_circuit_operator.py
[2024-04-01 23:23:23,539] {scheduler_job.py:643} INFO - DAG(s) dict_keys(['example_short_circuit_operator']) retrieved from /home/airflow/.local/lib/python3.6/site-packages/airflow/example_dags/example_short_circuit_operator.py
[2024-04-01 23:23:23,583] {logging_mixin.py:104} INFO - [2024-04-01 23:23:23,582] {dag.py:1833} INFO - Sync 1 DAGs
[2024-04-01 23:23:23,609] {logging_mixin.py:104} INFO - [2024-04-01 23:23:23,608] {dag.py:2306} INFO - Setting next_dagrun for example_short_circuit_operator to 2024-03-30 00:00:00+00:00
[2024-04-01 23:23:23,626] {scheduler_job.py:190} INFO - Processing /home/airflow/.local/lib/python3.6/site-packages/airflow/example_dags/example_short_circuit_operator.py took 0.112 seconds
[2024-04-01 23:23:53,728] {scheduler_job.py:182} INFO - Started process (PID=797) to work on /home/airflow/.local/lib/python3.6/site-packages/airflow/example_dags/example_short_circuit_operator.py
[2024-04-01 23:23:53,730] {scheduler_job.py:633} INFO - Processing file /home/airflow/.local/lib/python3.6/site-packages/airflow/example_dags/example_short_circuit_operator.py for tasks to queue
[2024-04-01 23:23:53,731] {logging_mixin.py:104} INFO - [2024-04-01 23:23:53,731] {dagbag.py:496} INFO - Filling up the DagBag from /home/airflow/.local/lib/python3.6/site-packages/airflow/example_dags/example_short_circuit_operator.py
[2024-04-01 23:23:53,753] {scheduler_job.py:643} INFO - DAG(s) dict_keys(['example_short_circuit_operator']) retrieved from /home/airflow/.local/lib/python3.6/site-packages/airflow/example_dags/example_short_circuit_operator.py
[2024-04-01 23:23:53,787] {logging_mixin.py:104} INFO - [2024-04-01 23:23:53,786] {dag.py:1833} INFO - Sync 1 DAGs
[2024-04-01 23:23:53,812] {logging_mixin.py:104} INFO - [2024-04-01 23:23:53,812] {dag.py:2306} INFO - Setting next_dagrun for example_short_circuit_operator to 2024-03-30 00:00:00+00:00
[2024-04-01 23:23:53,829] {scheduler_job.py:190} INFO - Processing /home/airflow/.local/lib/python3.6/site-packages/airflow/example_dags/example_short_circuit_operator.py took 0.105 seconds
[2024-04-01 23:24:24,293] {scheduler_job.py:182} INFO - Started process (PID=890) to work on /home/airflow/.local/lib/python3.6/site-packages/airflow/example_dags/example_short_circuit_operator.py
[2024-04-01 23:24:24,295] {scheduler_job.py:633} INFO - Processing file /home/airflow/.local/lib/python3.6/site-packages/airflow/example_dags/example_short_circuit_operator.py for tasks to queue
[2024-04-01 23:24:24,296] {logging_mixin.py:104} INFO - [2024-04-01 23:24:24,296] {dagbag.py:496} INFO - Filling up the DagBag from /home/airflow/.local/lib/python3.6/site-packages/airflow/example_dags/example_short_circuit_operator.py
[2024-04-01 23:24:24,313] {scheduler_job.py:643} INFO - DAG(s) dict_keys(['example_short_circuit_operator']) retrieved from /home/airflow/.local/lib/python3.6/site-packages/airflow/example_dags/example_short_circuit_operator.py
[2024-04-01 23:24:24,344] {logging_mixin.py:104} INFO - [2024-04-01 23:24:24,344] {dag.py:1833} INFO - Sync 1 DAGs
[2024-04-01 23:24:24,362] {logging_mixin.py:104} INFO - [2024-04-01 23:24:24,362] {dag.py:2306} INFO - Setting next_dagrun for example_short_circuit_operator to 2024-03-30 00:00:00+00:00
[2024-04-01 23:24:24,377] {scheduler_job.py:190} INFO - Processing /home/airflow/.local/lib/python3.6/site-packages/airflow/example_dags/example_short_circuit_operator.py took 0.087 seconds
[2024-04-01 23:24:54,430] {scheduler_job.py:182} INFO - Started process (PID=964) to work on /home/airflow/.local/lib/python3.6/site-packages/airflow/example_dags/example_short_circuit_operator.py
[2024-04-01 23:24:54,432] {scheduler_job.py:633} INFO - Processing file /home/airflow/.local/lib/python3.6/site-packages/airflow/example_dags/example_short_circuit_operator.py for tasks to queue
[2024-04-01 23:24:54,433] {logging_mixin.py:104} INFO - [2024-04-01 23:24:54,433] {dagbag.py:496} INFO - Filling up the DagBag from /home/airflow/.local/lib/python3.6/site-packages/airflow/example_dags/example_short_circuit_operator.py
[2024-04-01 23:24:54,459] {scheduler_job.py:643} INFO - DAG(s) dict_keys(['example_short_circuit_operator']) retrieved from /home/airflow/.local/lib/python3.6/site-packages/airflow/example_dags/example_short_circuit_operator.py
[2024-04-01 23:24:54,493] {logging_mixin.py:104} INFO - [2024-04-01 23:24:54,492] {dag.py:1833} INFO - Sync 1 DAGs
[2024-04-01 23:24:54,516] {logging_mixin.py:104} INFO - [2024-04-01 23:24:54,515] {dag.py:2306} INFO - Setting next_dagrun for example_short_circuit_operator to 2024-03-30 00:00:00+00:00
[2024-04-01 23:24:54,536] {scheduler_job.py:190} INFO - Processing /home/airflow/.local/lib/python3.6/site-packages/airflow/example_dags/example_short_circuit_operator.py took 0.111 seconds
[2024-04-01 23:25:24,827] {scheduler_job.py:182} INFO - Started process (PID=1047) to work on /home/airflow/.local/lib/python3.6/site-packages/airflow/example_dags/example_short_circuit_operator.py
[2024-04-01 23:25:24,828] {scheduler_job.py:633} INFO - Processing file /home/airflow/.local/lib/python3.6/site-packages/airflow/example_dags/example_short_circuit_operator.py for tasks to queue
[2024-04-01 23:25:24,829] {logging_mixin.py:104} INFO - [2024-04-01 23:25:24,829] {dagbag.py:496} INFO - Filling up the DagBag from /home/airflow/.local/lib/python3.6/site-packages/airflow/example_dags/example_short_circuit_operator.py
[2024-04-01 23:25:24,842] {scheduler_job.py:643} INFO - DAG(s) dict_keys(['example_short_circuit_operator']) retrieved from /home/airflow/.local/lib/python3.6/site-packages/airflow/example_dags/example_short_circuit_operator.py
[2024-04-01 23:25:24,864] {logging_mixin.py:104} INFO - [2024-04-01 23:25:24,864] {dag.py:1833} INFO - Sync 1 DAGs
[2024-04-01 23:25:24,878] {logging_mixin.py:104} INFO - [2024-04-01 23:25:24,878] {dag.py:2306} INFO - Setting next_dagrun for example_short_circuit_operator to 2024-03-30 00:00:00+00:00
[2024-04-01 23:25:24,890] {scheduler_job.py:190} INFO - Processing /home/airflow/.local/lib/python3.6/site-packages/airflow/example_dags/example_short_circuit_operator.py took 0.065 seconds
[2024-04-01 23:25:55,116] {scheduler_job.py:182} INFO - Started process (PID=1121) to work on /home/airflow/.local/lib/python3.6/site-packages/airflow/example_dags/example_short_circuit_operator.py
[2024-04-01 23:25:55,117] {scheduler_job.py:633} INFO - Processing file /home/airflow/.local/lib/python3.6/site-packages/airflow/example_dags/example_short_circuit_operator.py for tasks to queue
[2024-04-01 23:25:55,118] {logging_mixin.py:104} INFO - [2024-04-01 23:25:55,118] {dagbag.py:496} INFO - Filling up the DagBag from /home/airflow/.local/lib/python3.6/site-packages/airflow/example_dags/example_short_circuit_operator.py
[2024-04-01 23:25:55,139] {scheduler_job.py:643} INFO - DAG(s) dict_keys(['example_short_circuit_operator']) retrieved from /home/airflow/.local/lib/python3.6/site-packages/airflow/example_dags/example_short_circuit_operator.py
[2024-04-01 23:25:55,172] {logging_mixin.py:104} INFO - [2024-04-01 23:25:55,172] {dag.py:1833} INFO - Sync 1 DAGs
[2024-04-01 23:25:55,194] {logging_mixin.py:104} INFO - [2024-04-01 23:25:55,193] {dag.py:2306} INFO - Setting next_dagrun for example_short_circuit_operator to 2024-03-30 00:00:00+00:00
[2024-04-01 23:25:55,211] {scheduler_job.py:190} INFO - Processing /home/airflow/.local/lib/python3.6/site-packages/airflow/example_dags/example_short_circuit_operator.py took 0.100 seconds
[2024-04-01 23:26:25,699] {scheduler_job.py:182} INFO - Started process (PID=1191) to work on /home/airflow/.local/lib/python3.6/site-packages/airflow/example_dags/example_short_circuit_operator.py
[2024-04-01 23:26:25,701] {scheduler_job.py:633} INFO - Processing file /home/airflow/.local/lib/python3.6/site-packages/airflow/example_dags/example_short_circuit_operator.py for tasks to queue
[2024-04-01 23:26:25,703] {logging_mixin.py:104} INFO - [2024-04-01 23:26:25,702] {dagbag.py:496} INFO - Filling up the DagBag from /home/airflow/.local/lib/python3.6/site-packages/airflow/example_dags/example_short_circuit_operator.py
[2024-04-01 23:26:25,717] {scheduler_job.py:643} INFO - DAG(s) dict_keys(['example_short_circuit_operator']) retrieved from /home/airflow/.local/lib/python3.6/site-packages/airflow/example_dags/example_short_circuit_operator.py
[2024-04-01 23:26:25,756] {logging_mixin.py:104} INFO - [2024-04-01 23:26:25,755] {dag.py:1833} INFO - Sync 1 DAGs
[2024-04-01 23:26:25,779] {logging_mixin.py:104} INFO - [2024-04-01 23:26:25,778] {dag.py:2306} INFO - Setting next_dagrun for example_short_circuit_operator to 2024-03-30 00:00:00+00:00
[2024-04-01 23:26:25,799] {scheduler_job.py:190} INFO - Processing /home/airflow/.local/lib/python3.6/site-packages/airflow/example_dags/example_short_circuit_operator.py took 0.104 seconds
[2024-04-01 23:26:55,895] {scheduler_job.py:182} INFO - Started process (PID=1265) to work on /home/airflow/.local/lib/python3.6/site-packages/airflow/example_dags/example_short_circuit_operator.py
[2024-04-01 23:26:55,896] {scheduler_job.py:633} INFO - Processing file /home/airflow/.local/lib/python3.6/site-packages/airflow/example_dags/example_short_circuit_operator.py for tasks to queue
[2024-04-01 23:26:55,897] {logging_mixin.py:104} INFO - [2024-04-01 23:26:55,897] {dagbag.py:496} INFO - Filling up the DagBag from /home/airflow/.local/lib/python3.6/site-packages/airflow/example_dags/example_short_circuit_operator.py
[2024-04-01 23:26:55,915] {scheduler_job.py:643} INFO - DAG(s) dict_keys(['example_short_circuit_operator']) retrieved from /home/airflow/.local/lib/python3.6/site-packages/airflow/example_dags/example_short_circuit_operator.py
[2024-04-01 23:26:55,952] {logging_mixin.py:104} INFO - [2024-04-01 23:26:55,951] {dag.py:1833} INFO - Sync 1 DAGs
[2024-04-01 23:26:55,979] {logging_mixin.py:104} INFO - [2024-04-01 23:26:55,979] {dag.py:2306} INFO - Setting next_dagrun for example_short_circuit_operator to 2024-03-30 00:00:00+00:00
[2024-04-01 23:26:56,001] {scheduler_job.py:190} INFO - Processing /home/airflow/.local/lib/python3.6/site-packages/airflow/example_dags/example_short_circuit_operator.py took 0.110 seconds
[2024-04-01 23:27:26,124] {scheduler_job.py:182} INFO - Started process (PID=1355) to work on /home/airflow/.local/lib/python3.6/site-packages/airflow/example_dags/example_short_circuit_operator.py
[2024-04-01 23:27:26,125] {scheduler_job.py:633} INFO - Processing file /home/airflow/.local/lib/python3.6/site-packages/airflow/example_dags/example_short_circuit_operator.py for tasks to queue
[2024-04-01 23:27:26,126] {logging_mixin.py:104} INFO - [2024-04-01 23:27:26,126] {dagbag.py:496} INFO - Filling up the DagBag from /home/airflow/.local/lib/python3.6/site-packages/airflow/example_dags/example_short_circuit_operator.py
[2024-04-01 23:27:26,138] {scheduler_job.py:643} INFO - DAG(s) dict_keys(['example_short_circuit_operator']) retrieved from /home/airflow/.local/lib/python3.6/site-packages/airflow/example_dags/example_short_circuit_operator.py
[2024-04-01 23:27:26,166] {logging_mixin.py:104} INFO - [2024-04-01 23:27:26,166] {dag.py:1833} INFO - Sync 1 DAGs
[2024-04-01 23:27:26,185] {logging_mixin.py:104} INFO - [2024-04-01 23:27:26,184] {dag.py:2306} INFO - Setting next_dagrun for example_short_circuit_operator to 2024-03-30 00:00:00+00:00
[2024-04-01 23:27:26,199] {scheduler_job.py:190} INFO - Processing /home/airflow/.local/lib/python3.6/site-packages/airflow/example_dags/example_short_circuit_operator.py took 0.078 seconds
[2024-04-01 23:27:56,228] {scheduler_job.py:182} INFO - Started process (PID=1432) to work on /home/airflow/.local/lib/python3.6/site-packages/airflow/example_dags/example_short_circuit_operator.py
[2024-04-01 23:27:56,230] {scheduler_job.py:633} INFO - Processing file /home/airflow/.local/lib/python3.6/site-packages/airflow/example_dags/example_short_circuit_operator.py for tasks to queue
[2024-04-01 23:27:56,231] {logging_mixin.py:104} INFO - [2024-04-01 23:27:56,231] {dagbag.py:496} INFO - Filling up the DagBag from /home/airflow/.local/lib/python3.6/site-packages/airflow/example_dags/example_short_circuit_operator.py
[2024-04-01 23:27:56,251] {scheduler_job.py:643} INFO - DAG(s) dict_keys(['example_short_circuit_operator']) retrieved from /home/airflow/.local/lib/python3.6/site-packages/airflow/example_dags/example_short_circuit_operator.py
[2024-04-01 23:27:56,289] {logging_mixin.py:104} INFO - [2024-04-01 23:27:56,289] {dag.py:1833} INFO - Sync 1 DAGs
[2024-04-01 23:27:56,323] {logging_mixin.py:104} INFO - [2024-04-01 23:27:56,322] {dag.py:2306} INFO - Setting next_dagrun for example_short_circuit_operator to 2024-03-30 00:00:00+00:00
[2024-04-01 23:27:56,344] {scheduler_job.py:190} INFO - Processing /home/airflow/.local/lib/python3.6/site-packages/airflow/example_dags/example_short_circuit_operator.py took 0.120 seconds
[2024-04-01 23:28:27,364] {scheduler_job.py:182} INFO - Started process (PID=1516) to work on /home/airflow/.local/lib/python3.6/site-packages/airflow/example_dags/example_short_circuit_operator.py
[2024-04-01 23:28:27,365] {scheduler_job.py:633} INFO - Processing file /home/airflow/.local/lib/python3.6/site-packages/airflow/example_dags/example_short_circuit_operator.py for tasks to queue
[2024-04-01 23:28:27,366] {logging_mixin.py:104} INFO - [2024-04-01 23:28:27,366] {dagbag.py:496} INFO - Filling up the DagBag from /home/airflow/.local/lib/python3.6/site-packages/airflow/example_dags/example_short_circuit_operator.py
[2024-04-01 23:28:27,378] {scheduler_job.py:643} INFO - DAG(s) dict_keys(['example_short_circuit_operator']) retrieved from /home/airflow/.local/lib/python3.6/site-packages/airflow/example_dags/example_short_circuit_operator.py
[2024-04-01 23:28:27,405] {logging_mixin.py:104} INFO - [2024-04-01 23:28:27,405] {dag.py:1833} INFO - Sync 1 DAGs
[2024-04-01 23:28:27,431] {logging_mixin.py:104} INFO - [2024-04-01 23:28:27,431] {dag.py:2306} INFO - Setting next_dagrun for example_short_circuit_operator to 2024-03-30 00:00:00+00:00
[2024-04-01 23:28:27,446] {scheduler_job.py:190} INFO - Processing /home/airflow/.local/lib/python3.6/site-packages/airflow/example_dags/example_short_circuit_operator.py took 0.084 seconds
[2024-04-01 23:28:57,715] {scheduler_job.py:182} INFO - Started process (PID=1568) to work on /home/airflow/.local/lib/python3.6/site-packages/airflow/example_dags/example_short_circuit_operator.py
[2024-04-01 23:28:57,717] {scheduler_job.py:633} INFO - Processing file /home/airflow/.local/lib/python3.6/site-packages/airflow/example_dags/example_short_circuit_operator.py for tasks to queue
[2024-04-01 23:28:57,718] {logging_mixin.py:104} INFO - [2024-04-01 23:28:57,718] {dagbag.py:496} INFO - Filling up the DagBag from /home/airflow/.local/lib/python3.6/site-packages/airflow/example_dags/example_short_circuit_operator.py
[2024-04-01 23:28:57,733] {scheduler_job.py:643} INFO - DAG(s) dict_keys(['example_short_circuit_operator']) retrieved from /home/airflow/.local/lib/python3.6/site-packages/airflow/example_dags/example_short_circuit_operator.py
[2024-04-01 23:28:57,763] {logging_mixin.py:104} INFO - [2024-04-01 23:28:57,763] {dag.py:1833} INFO - Sync 1 DAGs
[2024-04-01 23:28:57,783] {logging_mixin.py:104} INFO - [2024-04-01 23:28:57,783] {dag.py:2306} INFO - Setting next_dagrun for example_short_circuit_operator to 2024-03-30 00:00:00+00:00
[2024-04-01 23:28:57,799] {scheduler_job.py:190} INFO - Processing /home/airflow/.local/lib/python3.6/site-packages/airflow/example_dags/example_short_circuit_operator.py took 0.087 seconds
[2024-04-01 23:29:28,282] {scheduler_job.py:182} INFO - Started process (PID=1630) to work on /home/airflow/.local/lib/python3.6/site-packages/airflow/example_dags/example_short_circuit_operator.py
[2024-04-01 23:29:28,283] {scheduler_job.py:633} INFO - Processing file /home/airflow/.local/lib/python3.6/site-packages/airflow/example_dags/example_short_circuit_operator.py for tasks to queue
[2024-04-01 23:29:28,285] {logging_mixin.py:104} INFO - [2024-04-01 23:29:28,285] {dagbag.py:496} INFO - Filling up the DagBag from /home/airflow/.local/lib/python3.6/site-packages/airflow/example_dags/example_short_circuit_operator.py
[2024-04-01 23:29:28,306] {scheduler_job.py:643} INFO - DAG(s) dict_keys(['example_short_circuit_operator']) retrieved from /home/airflow/.local/lib/python3.6/site-packages/airflow/example_dags/example_short_circuit_operator.py
[2024-04-01 23:29:28,341] {logging_mixin.py:104} INFO - [2024-04-01 23:29:28,341] {dag.py:1833} INFO - Sync 1 DAGs
[2024-04-01 23:29:28,372] {logging_mixin.py:104} INFO - [2024-04-01 23:29:28,372] {dag.py:2306} INFO - Setting next_dagrun for example_short_circuit_operator to 2024-03-30 00:00:00+00:00
[2024-04-01 23:29:28,389] {scheduler_job.py:190} INFO - Processing /home/airflow/.local/lib/python3.6/site-packages/airflow/example_dags/example_short_circuit_operator.py took 0.112 seconds
[2024-04-01 23:29:58,889] {scheduler_job.py:182} INFO - Started process (PID=1682) to work on /home/airflow/.local/lib/python3.6/site-packages/airflow/example_dags/example_short_circuit_operator.py
[2024-04-01 23:29:58,890] {scheduler_job.py:633} INFO - Processing file /home/airflow/.local/lib/python3.6/site-packages/airflow/example_dags/example_short_circuit_operator.py for tasks to queue
[2024-04-01 23:29:58,891] {logging_mixin.py:104} INFO - [2024-04-01 23:29:58,891] {dagbag.py:496} INFO - Filling up the DagBag from /home/airflow/.local/lib/python3.6/site-packages/airflow/example_dags/example_short_circuit_operator.py
[2024-04-01 23:29:58,904] {scheduler_job.py:643} INFO - DAG(s) dict_keys(['example_short_circuit_operator']) retrieved from /home/airflow/.local/lib/python3.6/site-packages/airflow/example_dags/example_short_circuit_operator.py
[2024-04-01 23:29:58,929] {logging_mixin.py:104} INFO - [2024-04-01 23:29:58,929] {dag.py:1833} INFO - Sync 1 DAGs
[2024-04-01 23:29:58,953] {logging_mixin.py:104} INFO - [2024-04-01 23:29:58,952] {dag.py:2306} INFO - Setting next_dagrun for example_short_circuit_operator to 2024-03-30 00:00:00+00:00
[2024-04-01 23:29:58,970] {scheduler_job.py:190} INFO - Processing /home/airflow/.local/lib/python3.6/site-packages/airflow/example_dags/example_short_circuit_operator.py took 0.083 seconds
[2024-04-01 23:30:29,404] {scheduler_job.py:182} INFO - Started process (PID=1734) to work on /home/airflow/.local/lib/python3.6/site-packages/airflow/example_dags/example_short_circuit_operator.py
[2024-04-01 23:30:29,405] {scheduler_job.py:633} INFO - Processing file /home/airflow/.local/lib/python3.6/site-packages/airflow/example_dags/example_short_circuit_operator.py for tasks to queue
[2024-04-01 23:30:29,406] {logging_mixin.py:104} INFO - [2024-04-01 23:30:29,406] {dagbag.py:496} INFO - Filling up the DagBag from /home/airflow/.local/lib/python3.6/site-packages/airflow/example_dags/example_short_circuit_operator.py
[2024-04-01 23:30:29,419] {scheduler_job.py:643} INFO - DAG(s) dict_keys(['example_short_circuit_operator']) retrieved from /home/airflow/.local/lib/python3.6/site-packages/airflow/example_dags/example_short_circuit_operator.py
[2024-04-01 23:30:29,445] {logging_mixin.py:104} INFO - [2024-04-01 23:30:29,445] {dag.py:1833} INFO - Sync 1 DAGs
[2024-04-01 23:30:29,460] {logging_mixin.py:104} INFO - [2024-04-01 23:30:29,460] {dag.py:2306} INFO - Setting next_dagrun for example_short_circuit_operator to 2024-03-30 00:00:00+00:00
[2024-04-01 23:30:29,473] {scheduler_job.py:190} INFO - Processing /home/airflow/.local/lib/python3.6/site-packages/airflow/example_dags/example_short_circuit_operator.py took 0.072 seconds
[2024-04-01 23:30:59,746] {scheduler_job.py:182} INFO - Started process (PID=1786) to work on /home/airflow/.local/lib/python3.6/site-packages/airflow/example_dags/example_short_circuit_operator.py
[2024-04-01 23:30:59,748] {scheduler_job.py:633} INFO - Processing file /home/airflow/.local/lib/python3.6/site-packages/airflow/example_dags/example_short_circuit_operator.py for tasks to queue
[2024-04-01 23:30:59,749] {logging_mixin.py:104} INFO - [2024-04-01 23:30:59,749] {dagbag.py:496} INFO - Filling up the DagBag from /home/airflow/.local/lib/python3.6/site-packages/airflow/example_dags/example_short_circuit_operator.py
[2024-04-01 23:30:59,774] {scheduler_job.py:643} INFO - DAG(s) dict_keys(['example_short_circuit_operator']) retrieved from /home/airflow/.local/lib/python3.6/site-packages/airflow/example_dags/example_short_circuit_operator.py
[2024-04-01 23:30:59,823] {logging_mixin.py:104} INFO - [2024-04-01 23:30:59,823] {dag.py:1833} INFO - Sync 1 DAGs
[2024-04-01 23:30:59,855] {logging_mixin.py:104} INFO - [2024-04-01 23:30:59,854] {dag.py:2306} INFO - Setting next_dagrun for example_short_circuit_operator to 2024-03-30 00:00:00+00:00
[2024-04-01 23:30:59,873] {scheduler_job.py:190} INFO - Processing /home/airflow/.local/lib/python3.6/site-packages/airflow/example_dags/example_short_circuit_operator.py took 0.134 seconds
[2024-04-01 23:31:30,126] {scheduler_job.py:182} INFO - Started process (PID=1845) to work on /home/airflow/.local/lib/python3.6/site-packages/airflow/example_dags/example_short_circuit_operator.py
[2024-04-01 23:31:30,130] {scheduler_job.py:633} INFO - Processing file /home/airflow/.local/lib/python3.6/site-packages/airflow/example_dags/example_short_circuit_operator.py for tasks to queue
[2024-04-01 23:31:30,131] {logging_mixin.py:104} INFO - [2024-04-01 23:31:30,131] {dagbag.py:496} INFO - Filling up the DagBag from /home/airflow/.local/lib/python3.6/site-packages/airflow/example_dags/example_short_circuit_operator.py
[2024-04-01 23:31:30,152] {scheduler_job.py:643} INFO - DAG(s) dict_keys(['example_short_circuit_operator']) retrieved from /home/airflow/.local/lib/python3.6/site-packages/airflow/example_dags/example_short_circuit_operator.py
[2024-04-01 23:31:30,208] {logging_mixin.py:104} INFO - [2024-04-01 23:31:30,207] {dag.py:1833} INFO - Sync 1 DAGs
[2024-04-01 23:31:30,245] {logging_mixin.py:104} INFO - [2024-04-01 23:31:30,245] {dag.py:2306} INFO - Setting next_dagrun for example_short_circuit_operator to 2024-03-30 00:00:00+00:00
[2024-04-01 23:31:30,266] {scheduler_job.py:190} INFO - Processing /home/airflow/.local/lib/python3.6/site-packages/airflow/example_dags/example_short_circuit_operator.py took 0.145 seconds
[2024-04-01 23:32:00,945] {scheduler_job.py:182} INFO - Started process (PID=1900) to work on /home/airflow/.local/lib/python3.6/site-packages/airflow/example_dags/example_short_circuit_operator.py
[2024-04-01 23:32:00,946] {scheduler_job.py:633} INFO - Processing file /home/airflow/.local/lib/python3.6/site-packages/airflow/example_dags/example_short_circuit_operator.py for tasks to queue
[2024-04-01 23:32:00,947] {logging_mixin.py:104} INFO - [2024-04-01 23:32:00,947] {dagbag.py:496} INFO - Filling up the DagBag from /home/airflow/.local/lib/python3.6/site-packages/airflow/example_dags/example_short_circuit_operator.py
[2024-04-01 23:32:00,958] {scheduler_job.py:643} INFO - DAG(s) dict_keys(['example_short_circuit_operator']) retrieved from /home/airflow/.local/lib/python3.6/site-packages/airflow/example_dags/example_short_circuit_operator.py
[2024-04-01 23:32:00,984] {logging_mixin.py:104} INFO - [2024-04-01 23:32:00,984] {dag.py:1833} INFO - Sync 1 DAGs
[2024-04-01 23:32:01,002] {logging_mixin.py:104} INFO - [2024-04-01 23:32:01,002] {dag.py:2306} INFO - Setting next_dagrun for example_short_circuit_operator to 2024-03-30 00:00:00+00:00
[2024-04-01 23:32:01,025] {scheduler_job.py:190} INFO - Processing /home/airflow/.local/lib/python3.6/site-packages/airflow/example_dags/example_short_circuit_operator.py took 0.082 seconds
[2024-04-01 23:32:31,480] {scheduler_job.py:182} INFO - Started process (PID=1952) to work on /home/airflow/.local/lib/python3.6/site-packages/airflow/example_dags/example_short_circuit_operator.py
[2024-04-01 23:32:31,482] {scheduler_job.py:633} INFO - Processing file /home/airflow/.local/lib/python3.6/site-packages/airflow/example_dags/example_short_circuit_operator.py for tasks to queue
[2024-04-01 23:32:31,483] {logging_mixin.py:104} INFO - [2024-04-01 23:32:31,483] {dagbag.py:496} INFO - Filling up the DagBag from /home/airflow/.local/lib/python3.6/site-packages/airflow/example_dags/example_short_circuit_operator.py
[2024-04-01 23:32:31,499] {scheduler_job.py:643} INFO - DAG(s) dict_keys(['example_short_circuit_operator']) retrieved from /home/airflow/.local/lib/python3.6/site-packages/airflow/example_dags/example_short_circuit_operator.py
[2024-04-01 23:32:31,531] {logging_mixin.py:104} INFO - [2024-04-01 23:32:31,531] {dag.py:1833} INFO - Sync 1 DAGs
[2024-04-01 23:32:31,553] {logging_mixin.py:104} INFO - [2024-04-01 23:32:31,552] {dag.py:2306} INFO - Setting next_dagrun for example_short_circuit_operator to 2024-03-30 00:00:00+00:00
[2024-04-01 23:32:31,569] {scheduler_job.py:190} INFO - Processing /home/airflow/.local/lib/python3.6/site-packages/airflow/example_dags/example_short_circuit_operator.py took 0.092 seconds
[2024-04-01 23:33:01,947] {scheduler_job.py:182} INFO - Started process (PID=2015) to work on /home/airflow/.local/lib/python3.6/site-packages/airflow/example_dags/example_short_circuit_operator.py
[2024-04-01 23:33:01,949] {scheduler_job.py:633} INFO - Processing file /home/airflow/.local/lib/python3.6/site-packages/airflow/example_dags/example_short_circuit_operator.py for tasks to queue
[2024-04-01 23:33:01,951] {logging_mixin.py:104} INFO - [2024-04-01 23:33:01,951] {dagbag.py:496} INFO - Filling up the DagBag from /home/airflow/.local/lib/python3.6/site-packages/airflow/example_dags/example_short_circuit_operator.py
[2024-04-01 23:33:01,980] {scheduler_job.py:643} INFO - DAG(s) dict_keys(['example_short_circuit_operator']) retrieved from /home/airflow/.local/lib/python3.6/site-packages/airflow/example_dags/example_short_circuit_operator.py
[2024-04-01 23:33:02,040] {logging_mixin.py:104} INFO - [2024-04-01 23:33:02,040] {dag.py:1833} INFO - Sync 1 DAGs
[2024-04-01 23:33:02,086] {logging_mixin.py:104} INFO - [2024-04-01 23:33:02,085] {dag.py:2306} INFO - Setting next_dagrun for example_short_circuit_operator to 2024-03-30 00:00:00+00:00
[2024-04-01 23:33:02,116] {scheduler_job.py:190} INFO - Processing /home/airflow/.local/lib/python3.6/site-packages/airflow/example_dags/example_short_circuit_operator.py took 0.175 seconds
[2024-04-01 23:33:32,716] {scheduler_job.py:182} INFO - Started process (PID=2068) to work on /home/airflow/.local/lib/python3.6/site-packages/airflow/example_dags/example_short_circuit_operator.py
[2024-04-01 23:33:32,717] {scheduler_job.py:633} INFO - Processing file /home/airflow/.local/lib/python3.6/site-packages/airflow/example_dags/example_short_circuit_operator.py for tasks to queue
[2024-04-01 23:33:32,718] {logging_mixin.py:104} INFO - [2024-04-01 23:33:32,718] {dagbag.py:496} INFO - Filling up the DagBag from /home/airflow/.local/lib/python3.6/site-packages/airflow/example_dags/example_short_circuit_operator.py
[2024-04-01 23:33:32,733] {scheduler_job.py:643} INFO - DAG(s) dict_keys(['example_short_circuit_operator']) retrieved from /home/airflow/.local/lib/python3.6/site-packages/airflow/example_dags/example_short_circuit_operator.py
[2024-04-01 23:33:32,756] {logging_mixin.py:104} INFO - [2024-04-01 23:33:32,756] {dag.py:1833} INFO - Sync 1 DAGs
[2024-04-01 23:33:32,777] {logging_mixin.py:104} INFO - [2024-04-01 23:33:32,777] {dag.py:2306} INFO - Setting next_dagrun for example_short_circuit_operator to 2024-03-30 00:00:00+00:00
[2024-04-01 23:33:32,795] {scheduler_job.py:190} INFO - Processing /home/airflow/.local/lib/python3.6/site-packages/airflow/example_dags/example_short_circuit_operator.py took 0.082 seconds
[2024-04-01 23:34:03,235] {scheduler_job.py:182} INFO - Started process (PID=2121) to work on /home/airflow/.local/lib/python3.6/site-packages/airflow/example_dags/example_short_circuit_operator.py
[2024-04-01 23:34:03,237] {scheduler_job.py:633} INFO - Processing file /home/airflow/.local/lib/python3.6/site-packages/airflow/example_dags/example_short_circuit_operator.py for tasks to queue
[2024-04-01 23:34:03,239] {logging_mixin.py:104} INFO - [2024-04-01 23:34:03,239] {dagbag.py:496} INFO - Filling up the DagBag from /home/airflow/.local/lib/python3.6/site-packages/airflow/example_dags/example_short_circuit_operator.py
[2024-04-01 23:34:03,263] {scheduler_job.py:643} INFO - DAG(s) dict_keys(['example_short_circuit_operator']) retrieved from /home/airflow/.local/lib/python3.6/site-packages/airflow/example_dags/example_short_circuit_operator.py
[2024-04-01 23:34:03,302] {logging_mixin.py:104} INFO - [2024-04-01 23:34:03,301] {dag.py:1833} INFO - Sync 1 DAGs
[2024-04-01 23:34:03,321] {logging_mixin.py:104} INFO - [2024-04-01 23:34:03,321] {dag.py:2306} INFO - Setting next_dagrun for example_short_circuit_operator to 2024-03-30 00:00:00+00:00
[2024-04-01 23:34:03,335] {scheduler_job.py:190} INFO - Processing /home/airflow/.local/lib/python3.6/site-packages/airflow/example_dags/example_short_circuit_operator.py took 0.104 seconds
[2024-04-01 23:34:33,364] {scheduler_job.py:182} INFO - Started process (PID=2173) to work on /home/airflow/.local/lib/python3.6/site-packages/airflow/example_dags/example_short_circuit_operator.py
[2024-04-01 23:34:33,365] {scheduler_job.py:633} INFO - Processing file /home/airflow/.local/lib/python3.6/site-packages/airflow/example_dags/example_short_circuit_operator.py for tasks to queue
[2024-04-01 23:34:33,365] {logging_mixin.py:104} INFO - [2024-04-01 23:34:33,365] {dagbag.py:496} INFO - Filling up the DagBag from /home/airflow/.local/lib/python3.6/site-packages/airflow/example_dags/example_short_circuit_operator.py
[2024-04-01 23:34:33,381] {scheduler_job.py:643} INFO - DAG(s) dict_keys(['example_short_circuit_operator']) retrieved from /home/airflow/.local/lib/python3.6/site-packages/airflow/example_dags/example_short_circuit_operator.py
[2024-04-01 23:34:33,408] {logging_mixin.py:104} INFO - [2024-04-01 23:34:33,408] {dag.py:1833} INFO - Sync 1 DAGs
[2024-04-01 23:34:33,432] {logging_mixin.py:104} INFO - [2024-04-01 23:34:33,432] {dag.py:2306} INFO - Setting next_dagrun for example_short_circuit_operator to 2024-03-30 00:00:00+00:00
[2024-04-01 23:34:33,446] {scheduler_job.py:190} INFO - Processing /home/airflow/.local/lib/python3.6/site-packages/airflow/example_dags/example_short_circuit_operator.py took 0.085 seconds
[2024-04-01 23:35:03,975] {scheduler_job.py:182} INFO - Started process (PID=2235) to work on /home/airflow/.local/lib/python3.6/site-packages/airflow/example_dags/example_short_circuit_operator.py
[2024-04-01 23:35:03,976] {scheduler_job.py:633} INFO - Processing file /home/airflow/.local/lib/python3.6/site-packages/airflow/example_dags/example_short_circuit_operator.py for tasks to queue
[2024-04-01 23:35:03,977] {logging_mixin.py:104} INFO - [2024-04-01 23:35:03,977] {dagbag.py:496} INFO - Filling up the DagBag from /home/airflow/.local/lib/python3.6/site-packages/airflow/example_dags/example_short_circuit_operator.py
[2024-04-01 23:35:03,990] {scheduler_job.py:643} INFO - DAG(s) dict_keys(['example_short_circuit_operator']) retrieved from /home/airflow/.local/lib/python3.6/site-packages/airflow/example_dags/example_short_circuit_operator.py
[2024-04-01 23:35:04,015] {logging_mixin.py:104} INFO - [2024-04-01 23:35:04,014] {dag.py:1833} INFO - Sync 1 DAGs
[2024-04-01 23:35:04,033] {logging_mixin.py:104} INFO - [2024-04-01 23:35:04,033] {dag.py:2306} INFO - Setting next_dagrun for example_short_circuit_operator to 2024-03-30 00:00:00+00:00
[2024-04-01 23:35:04,048] {scheduler_job.py:190} INFO - Processing /home/airflow/.local/lib/python3.6/site-packages/airflow/example_dags/example_short_circuit_operator.py took 0.075 seconds
[2024-04-01 23:35:34,160] {scheduler_job.py:182} INFO - Started process (PID=2287) to work on /home/airflow/.local/lib/python3.6/site-packages/airflow/example_dags/example_short_circuit_operator.py
[2024-04-01 23:35:34,161] {scheduler_job.py:633} INFO - Processing file /home/airflow/.local/lib/python3.6/site-packages/airflow/example_dags/example_short_circuit_operator.py for tasks to queue
[2024-04-01 23:35:34,162] {logging_mixin.py:104} INFO - [2024-04-01 23:35:34,162] {dagbag.py:496} INFO - Filling up the DagBag from /home/airflow/.local/lib/python3.6/site-packages/airflow/example_dags/example_short_circuit_operator.py
[2024-04-01 23:35:34,177] {scheduler_job.py:643} INFO - DAG(s) dict_keys(['example_short_circuit_operator']) retrieved from /home/airflow/.local/lib/python3.6/site-packages/airflow/example_dags/example_short_circuit_operator.py
[2024-04-01 23:35:34,212] {logging_mixin.py:104} INFO - [2024-04-01 23:35:34,212] {dag.py:1833} INFO - Sync 1 DAGs
[2024-04-01 23:35:34,230] {logging_mixin.py:104} INFO - [2024-04-01 23:35:34,230] {dag.py:2306} INFO - Setting next_dagrun for example_short_circuit_operator to 2024-03-30 00:00:00+00:00
[2024-04-01 23:35:34,245] {scheduler_job.py:190} INFO - Processing /home/airflow/.local/lib/python3.6/site-packages/airflow/example_dags/example_short_circuit_operator.py took 0.087 seconds
