[2024-04-01 23:19:20,861] {scheduler_job.py:182} INFO - Started process (PID=94) to work on /home/airflow/.local/lib/python3.6/site-packages/airflow/example_dags/example_branch_labels.py
[2024-04-01 23:19:20,863] {scheduler_job.py:633} INFO - Processing file /home/airflow/.local/lib/python3.6/site-packages/airflow/example_dags/example_branch_labels.py for tasks to queue
[2024-04-01 23:19:20,864] {logging_mixin.py:104} INFO - [2024-04-01 23:19:20,863] {dagbag.py:496} INFO - Filling up the DagBag from /home/airflow/.local/lib/python3.6/site-packages/airflow/example_dags/example_branch_labels.py
[2024-04-01 23:19:20,881] {scheduler_job.py:643} INFO - DAG(s) dict_keys(['example_branch_labels']) retrieved from /home/airflow/.local/lib/python3.6/site-packages/airflow/example_dags/example_branch_labels.py
[2024-04-01 23:19:21,310] {logging_mixin.py:104} INFO - [2024-04-01 23:19:21,310] {dag.py:1833} INFO - Sync 1 DAGs
[2024-04-01 23:19:21,347] {logging_mixin.py:104} INFO - [2024-04-01 23:19:21,347] {dag.py:2306} INFO - Setting next_dagrun for example_branch_labels to 2024-03-30 00:00:00+00:00
[2024-04-01 23:19:21,380] {scheduler_job.py:190} INFO - Processing /home/airflow/.local/lib/python3.6/site-packages/airflow/example_dags/example_branch_labels.py took 0.523 seconds
[2024-04-01 23:19:52,272] {scheduler_job.py:182} INFO - Started process (PID=151) to work on /home/airflow/.local/lib/python3.6/site-packages/airflow/example_dags/example_branch_labels.py
[2024-04-01 23:19:52,274] {scheduler_job.py:633} INFO - Processing file /home/airflow/.local/lib/python3.6/site-packages/airflow/example_dags/example_branch_labels.py for tasks to queue
[2024-04-01 23:19:52,276] {logging_mixin.py:104} INFO - [2024-04-01 23:19:52,276] {dagbag.py:496} INFO - Filling up the DagBag from /home/airflow/.local/lib/python3.6/site-packages/airflow/example_dags/example_branch_labels.py
[2024-04-01 23:19:52,300] {scheduler_job.py:643} INFO - DAG(s) dict_keys(['example_branch_labels']) retrieved from /home/airflow/.local/lib/python3.6/site-packages/airflow/example_dags/example_branch_labels.py
[2024-04-01 23:19:52,382] {logging_mixin.py:104} INFO - [2024-04-01 23:19:52,381] {dag.py:1833} INFO - Sync 1 DAGs
[2024-04-01 23:19:52,418] {logging_mixin.py:104} INFO - [2024-04-01 23:19:52,418] {dag.py:2306} INFO - Setting next_dagrun for example_branch_labels to 2024-03-30 00:00:00+00:00
[2024-04-01 23:19:52,457] {scheduler_job.py:190} INFO - Processing /home/airflow/.local/lib/python3.6/site-packages/airflow/example_dags/example_branch_labels.py took 0.190 seconds
[2024-04-01 23:20:22,502] {scheduler_job.py:182} INFO - Started process (PID=244) to work on /home/airflow/.local/lib/python3.6/site-packages/airflow/example_dags/example_branch_labels.py
[2024-04-01 23:20:22,503] {scheduler_job.py:633} INFO - Processing file /home/airflow/.local/lib/python3.6/site-packages/airflow/example_dags/example_branch_labels.py for tasks to queue
[2024-04-01 23:20:22,504] {logging_mixin.py:104} INFO - [2024-04-01 23:20:22,503] {dagbag.py:496} INFO - Filling up the DagBag from /home/airflow/.local/lib/python3.6/site-packages/airflow/example_dags/example_branch_labels.py
[2024-04-01 23:20:22,512] {scheduler_job.py:643} INFO - DAG(s) dict_keys(['example_branch_labels']) retrieved from /home/airflow/.local/lib/python3.6/site-packages/airflow/example_dags/example_branch_labels.py
[2024-04-01 23:20:22,537] {logging_mixin.py:104} INFO - [2024-04-01 23:20:22,536] {dag.py:1833} INFO - Sync 1 DAGs
[2024-04-01 23:20:22,560] {logging_mixin.py:104} INFO - [2024-04-01 23:20:22,560] {dag.py:2306} INFO - Setting next_dagrun for example_branch_labels to 2024-03-30 00:00:00+00:00
[2024-04-01 23:20:22,570] {scheduler_job.py:190} INFO - Processing /home/airflow/.local/lib/python3.6/site-packages/airflow/example_dags/example_branch_labels.py took 0.070 seconds
[2024-04-01 23:20:52,769] {scheduler_job.py:182} INFO - Started process (PID=319) to work on /home/airflow/.local/lib/python3.6/site-packages/airflow/example_dags/example_branch_labels.py
[2024-04-01 23:20:52,799] {scheduler_job.py:633} INFO - Processing file /home/airflow/.local/lib/python3.6/site-packages/airflow/example_dags/example_branch_labels.py for tasks to queue
[2024-04-01 23:20:52,801] {logging_mixin.py:104} INFO - [2024-04-01 23:20:52,800] {dagbag.py:496} INFO - Filling up the DagBag from /home/airflow/.local/lib/python3.6/site-packages/airflow/example_dags/example_branch_labels.py
[2024-04-01 23:20:52,881] {scheduler_job.py:643} INFO - DAG(s) dict_keys(['example_branch_labels']) retrieved from /home/airflow/.local/lib/python3.6/site-packages/airflow/example_dags/example_branch_labels.py
[2024-04-01 23:20:52,997] {logging_mixin.py:104} INFO - [2024-04-01 23:20:52,997] {dag.py:1833} INFO - Sync 1 DAGs
[2024-04-01 23:20:53,054] {logging_mixin.py:104} INFO - [2024-04-01 23:20:53,053] {dag.py:2306} INFO - Setting next_dagrun for example_branch_labels to 2024-03-30 00:00:00+00:00
[2024-04-01 23:20:53,084] {scheduler_job.py:190} INFO - Processing /home/airflow/.local/lib/python3.6/site-packages/airflow/example_dags/example_branch_labels.py took 0.345 seconds
[2024-04-01 23:21:23,722] {scheduler_job.py:182} INFO - Started process (PID=402) to work on /home/airflow/.local/lib/python3.6/site-packages/airflow/example_dags/example_branch_labels.py
[2024-04-01 23:21:23,723] {scheduler_job.py:633} INFO - Processing file /home/airflow/.local/lib/python3.6/site-packages/airflow/example_dags/example_branch_labels.py for tasks to queue
[2024-04-01 23:21:23,724] {logging_mixin.py:104} INFO - [2024-04-01 23:21:23,723] {dagbag.py:496} INFO - Filling up the DagBag from /home/airflow/.local/lib/python3.6/site-packages/airflow/example_dags/example_branch_labels.py
[2024-04-01 23:21:23,736] {scheduler_job.py:643} INFO - DAG(s) dict_keys(['example_branch_labels']) retrieved from /home/airflow/.local/lib/python3.6/site-packages/airflow/example_dags/example_branch_labels.py
[2024-04-01 23:21:23,759] {logging_mixin.py:104} INFO - [2024-04-01 23:21:23,758] {dag.py:1833} INFO - Sync 1 DAGs
[2024-04-01 23:21:23,776] {logging_mixin.py:104} INFO - [2024-04-01 23:21:23,776] {dag.py:2306} INFO - Setting next_dagrun for example_branch_labels to 2024-03-30 00:00:00+00:00
[2024-04-01 23:21:23,787] {scheduler_job.py:190} INFO - Processing /home/airflow/.local/lib/python3.6/site-packages/airflow/example_dags/example_branch_labels.py took 0.069 seconds
[2024-04-01 23:21:53,929] {scheduler_job.py:182} INFO - Started process (PID=486) to work on /home/airflow/.local/lib/python3.6/site-packages/airflow/example_dags/example_branch_labels.py
[2024-04-01 23:21:53,931] {scheduler_job.py:633} INFO - Processing file /home/airflow/.local/lib/python3.6/site-packages/airflow/example_dags/example_branch_labels.py for tasks to queue
[2024-04-01 23:21:53,932] {logging_mixin.py:104} INFO - [2024-04-01 23:21:53,932] {dagbag.py:496} INFO - Filling up the DagBag from /home/airflow/.local/lib/python3.6/site-packages/airflow/example_dags/example_branch_labels.py
[2024-04-01 23:21:53,958] {scheduler_job.py:643} INFO - DAG(s) dict_keys(['example_branch_labels']) retrieved from /home/airflow/.local/lib/python3.6/site-packages/airflow/example_dags/example_branch_labels.py
[2024-04-01 23:21:54,003] {logging_mixin.py:104} INFO - [2024-04-01 23:21:54,003] {dag.py:1833} INFO - Sync 1 DAGs
[2024-04-01 23:21:54,048] {logging_mixin.py:104} INFO - [2024-04-01 23:21:54,048] {dag.py:2306} INFO - Setting next_dagrun for example_branch_labels to 2024-03-30 00:00:00+00:00
[2024-04-01 23:21:54,063] {scheduler_job.py:190} INFO - Processing /home/airflow/.local/lib/python3.6/site-packages/airflow/example_dags/example_branch_labels.py took 0.139 seconds
[2024-04-01 23:22:24,782] {scheduler_job.py:182} INFO - Started process (PID=569) to work on /home/airflow/.local/lib/python3.6/site-packages/airflow/example_dags/example_branch_labels.py
[2024-04-01 23:22:24,787] {scheduler_job.py:633} INFO - Processing file /home/airflow/.local/lib/python3.6/site-packages/airflow/example_dags/example_branch_labels.py for tasks to queue
[2024-04-01 23:22:24,788] {logging_mixin.py:104} INFO - [2024-04-01 23:22:24,788] {dagbag.py:496} INFO - Filling up the DagBag from /home/airflow/.local/lib/python3.6/site-packages/airflow/example_dags/example_branch_labels.py
[2024-04-01 23:22:24,812] {scheduler_job.py:643} INFO - DAG(s) dict_keys(['example_branch_labels']) retrieved from /home/airflow/.local/lib/python3.6/site-packages/airflow/example_dags/example_branch_labels.py
[2024-04-01 23:22:24,860] {logging_mixin.py:104} INFO - [2024-04-01 23:22:24,860] {dag.py:1833} INFO - Sync 1 DAGs
[2024-04-01 23:22:24,899] {logging_mixin.py:104} INFO - [2024-04-01 23:22:24,899] {dag.py:2306} INFO - Setting next_dagrun for example_branch_labels to 2024-03-30 00:00:00+00:00
[2024-04-01 23:22:24,921] {scheduler_job.py:190} INFO - Processing /home/airflow/.local/lib/python3.6/site-packages/airflow/example_dags/example_branch_labels.py took 0.145 seconds
[2024-04-01 23:22:55,169] {scheduler_job.py:182} INFO - Started process (PID=642) to work on /home/airflow/.local/lib/python3.6/site-packages/airflow/example_dags/example_branch_labels.py
[2024-04-01 23:22:55,170] {scheduler_job.py:633} INFO - Processing file /home/airflow/.local/lib/python3.6/site-packages/airflow/example_dags/example_branch_labels.py for tasks to queue
[2024-04-01 23:22:55,171] {logging_mixin.py:104} INFO - [2024-04-01 23:22:55,171] {dagbag.py:496} INFO - Filling up the DagBag from /home/airflow/.local/lib/python3.6/site-packages/airflow/example_dags/example_branch_labels.py
[2024-04-01 23:22:55,181] {scheduler_job.py:643} INFO - DAG(s) dict_keys(['example_branch_labels']) retrieved from /home/airflow/.local/lib/python3.6/site-packages/airflow/example_dags/example_branch_labels.py
[2024-04-01 23:22:55,206] {logging_mixin.py:104} INFO - [2024-04-01 23:22:55,206] {dag.py:1833} INFO - Sync 1 DAGs
[2024-04-01 23:22:55,226] {logging_mixin.py:104} INFO - [2024-04-01 23:22:55,226] {dag.py:2306} INFO - Setting next_dagrun for example_branch_labels to 2024-03-30 00:00:00+00:00
[2024-04-01 23:22:55,236] {scheduler_job.py:190} INFO - Processing /home/airflow/.local/lib/python3.6/site-packages/airflow/example_dags/example_branch_labels.py took 0.070 seconds
[2024-04-01 23:23:25,532] {scheduler_job.py:182} INFO - Started process (PID=725) to work on /home/airflow/.local/lib/python3.6/site-packages/airflow/example_dags/example_branch_labels.py
[2024-04-01 23:23:25,534] {scheduler_job.py:633} INFO - Processing file /home/airflow/.local/lib/python3.6/site-packages/airflow/example_dags/example_branch_labels.py for tasks to queue
[2024-04-01 23:23:25,535] {logging_mixin.py:104} INFO - [2024-04-01 23:23:25,535] {dagbag.py:496} INFO - Filling up the DagBag from /home/airflow/.local/lib/python3.6/site-packages/airflow/example_dags/example_branch_labels.py
[2024-04-01 23:23:25,550] {scheduler_job.py:643} INFO - DAG(s) dict_keys(['example_branch_labels']) retrieved from /home/airflow/.local/lib/python3.6/site-packages/airflow/example_dags/example_branch_labels.py
[2024-04-01 23:23:25,583] {logging_mixin.py:104} INFO - [2024-04-01 23:23:25,583] {dag.py:1833} INFO - Sync 1 DAGs
[2024-04-01 23:23:25,632] {logging_mixin.py:104} INFO - [2024-04-01 23:23:25,632] {dag.py:2306} INFO - Setting next_dagrun for example_branch_labels to 2024-03-30 00:00:00+00:00
[2024-04-01 23:23:25,650] {scheduler_job.py:190} INFO - Processing /home/airflow/.local/lib/python3.6/site-packages/airflow/example_dags/example_branch_labels.py took 0.120 seconds
[2024-04-01 23:23:55,744] {scheduler_job.py:182} INFO - Started process (PID=799) to work on /home/airflow/.local/lib/python3.6/site-packages/airflow/example_dags/example_branch_labels.py
[2024-04-01 23:23:55,745] {scheduler_job.py:633} INFO - Processing file /home/airflow/.local/lib/python3.6/site-packages/airflow/example_dags/example_branch_labels.py for tasks to queue
[2024-04-01 23:23:55,746] {logging_mixin.py:104} INFO - [2024-04-01 23:23:55,746] {dagbag.py:496} INFO - Filling up the DagBag from /home/airflow/.local/lib/python3.6/site-packages/airflow/example_dags/example_branch_labels.py
[2024-04-01 23:23:55,757] {scheduler_job.py:643} INFO - DAG(s) dict_keys(['example_branch_labels']) retrieved from /home/airflow/.local/lib/python3.6/site-packages/airflow/example_dags/example_branch_labels.py
[2024-04-01 23:23:55,780] {logging_mixin.py:104} INFO - [2024-04-01 23:23:55,780] {dag.py:1833} INFO - Sync 1 DAGs
[2024-04-01 23:23:55,803] {logging_mixin.py:104} INFO - [2024-04-01 23:23:55,803] {dag.py:2306} INFO - Setting next_dagrun for example_branch_labels to 2024-03-30 00:00:00+00:00
[2024-04-01 23:23:55,814] {scheduler_job.py:190} INFO - Processing /home/airflow/.local/lib/python3.6/site-packages/airflow/example_dags/example_branch_labels.py took 0.072 seconds
[2024-04-01 23:24:26,411] {scheduler_job.py:182} INFO - Started process (PID=892) to work on /home/airflow/.local/lib/python3.6/site-packages/airflow/example_dags/example_branch_labels.py
[2024-04-01 23:24:26,412] {scheduler_job.py:633} INFO - Processing file /home/airflow/.local/lib/python3.6/site-packages/airflow/example_dags/example_branch_labels.py for tasks to queue
[2024-04-01 23:24:26,412] {logging_mixin.py:104} INFO - [2024-04-01 23:24:26,412] {dagbag.py:496} INFO - Filling up the DagBag from /home/airflow/.local/lib/python3.6/site-packages/airflow/example_dags/example_branch_labels.py
[2024-04-01 23:24:26,424] {scheduler_job.py:643} INFO - DAG(s) dict_keys(['example_branch_labels']) retrieved from /home/airflow/.local/lib/python3.6/site-packages/airflow/example_dags/example_branch_labels.py
[2024-04-01 23:24:26,454] {logging_mixin.py:104} INFO - [2024-04-01 23:24:26,454] {dag.py:1833} INFO - Sync 1 DAGs
[2024-04-01 23:24:26,477] {logging_mixin.py:104} INFO - [2024-04-01 23:24:26,477] {dag.py:2306} INFO - Setting next_dagrun for example_branch_labels to 2024-03-30 00:00:00+00:00
[2024-04-01 23:24:26,490] {scheduler_job.py:190} INFO - Processing /home/airflow/.local/lib/python3.6/site-packages/airflow/example_dags/example_branch_labels.py took 0.082 seconds
[2024-04-01 23:24:56,585] {scheduler_job.py:182} INFO - Started process (PID=966) to work on /home/airflow/.local/lib/python3.6/site-packages/airflow/example_dags/example_branch_labels.py
[2024-04-01 23:24:56,587] {scheduler_job.py:633} INFO - Processing file /home/airflow/.local/lib/python3.6/site-packages/airflow/example_dags/example_branch_labels.py for tasks to queue
[2024-04-01 23:24:56,588] {logging_mixin.py:104} INFO - [2024-04-01 23:24:56,587] {dagbag.py:496} INFO - Filling up the DagBag from /home/airflow/.local/lib/python3.6/site-packages/airflow/example_dags/example_branch_labels.py
[2024-04-01 23:24:56,605] {scheduler_job.py:643} INFO - DAG(s) dict_keys(['example_branch_labels']) retrieved from /home/airflow/.local/lib/python3.6/site-packages/airflow/example_dags/example_branch_labels.py
[2024-04-01 23:24:56,640] {logging_mixin.py:104} INFO - [2024-04-01 23:24:56,640] {dag.py:1833} INFO - Sync 1 DAGs
[2024-04-01 23:24:56,674] {logging_mixin.py:104} INFO - [2024-04-01 23:24:56,674] {dag.py:2306} INFO - Setting next_dagrun for example_branch_labels to 2024-03-30 00:00:00+00:00
[2024-04-01 23:24:56,689] {scheduler_job.py:190} INFO - Processing /home/airflow/.local/lib/python3.6/site-packages/airflow/example_dags/example_branch_labels.py took 0.107 seconds
[2024-04-01 23:25:26,914] {scheduler_job.py:182} INFO - Started process (PID=1049) to work on /home/airflow/.local/lib/python3.6/site-packages/airflow/example_dags/example_branch_labels.py
[2024-04-01 23:25:26,915] {scheduler_job.py:633} INFO - Processing file /home/airflow/.local/lib/python3.6/site-packages/airflow/example_dags/example_branch_labels.py for tasks to queue
[2024-04-01 23:25:26,916] {logging_mixin.py:104} INFO - [2024-04-01 23:25:26,916] {dagbag.py:496} INFO - Filling up the DagBag from /home/airflow/.local/lib/python3.6/site-packages/airflow/example_dags/example_branch_labels.py
[2024-04-01 23:25:26,928] {scheduler_job.py:643} INFO - DAG(s) dict_keys(['example_branch_labels']) retrieved from /home/airflow/.local/lib/python3.6/site-packages/airflow/example_dags/example_branch_labels.py
[2024-04-01 23:25:26,954] {logging_mixin.py:104} INFO - [2024-04-01 23:25:26,954] {dag.py:1833} INFO - Sync 1 DAGs
[2024-04-01 23:25:26,987] {logging_mixin.py:104} INFO - [2024-04-01 23:25:26,987] {dag.py:2306} INFO - Setting next_dagrun for example_branch_labels to 2024-03-30 00:00:00+00:00
[2024-04-01 23:25:27,006] {scheduler_job.py:190} INFO - Processing /home/airflow/.local/lib/python3.6/site-packages/airflow/example_dags/example_branch_labels.py took 0.095 seconds
[2024-04-01 23:25:57,247] {scheduler_job.py:182} INFO - Started process (PID=1133) to work on /home/airflow/.local/lib/python3.6/site-packages/airflow/example_dags/example_branch_labels.py
[2024-04-01 23:25:57,249] {scheduler_job.py:633} INFO - Processing file /home/airflow/.local/lib/python3.6/site-packages/airflow/example_dags/example_branch_labels.py for tasks to queue
[2024-04-01 23:25:57,250] {logging_mixin.py:104} INFO - [2024-04-01 23:25:57,249] {dagbag.py:496} INFO - Filling up the DagBag from /home/airflow/.local/lib/python3.6/site-packages/airflow/example_dags/example_branch_labels.py
[2024-04-01 23:25:57,264] {scheduler_job.py:643} INFO - DAG(s) dict_keys(['example_branch_labels']) retrieved from /home/airflow/.local/lib/python3.6/site-packages/airflow/example_dags/example_branch_labels.py
[2024-04-01 23:25:57,298] {logging_mixin.py:104} INFO - [2024-04-01 23:25:57,298] {dag.py:1833} INFO - Sync 1 DAGs
[2024-04-01 23:25:57,328] {logging_mixin.py:104} INFO - [2024-04-01 23:25:57,328] {dag.py:2306} INFO - Setting next_dagrun for example_branch_labels to 2024-03-30 00:00:00+00:00
[2024-04-01 23:25:57,343] {scheduler_job.py:190} INFO - Processing /home/airflow/.local/lib/python3.6/site-packages/airflow/example_dags/example_branch_labels.py took 0.100 seconds
[2024-04-01 23:26:27,825] {scheduler_job.py:182} INFO - Started process (PID=1216) to work on /home/airflow/.local/lib/python3.6/site-packages/airflow/example_dags/example_branch_labels.py
[2024-04-01 23:26:27,827] {scheduler_job.py:633} INFO - Processing file /home/airflow/.local/lib/python3.6/site-packages/airflow/example_dags/example_branch_labels.py for tasks to queue
[2024-04-01 23:26:27,828] {logging_mixin.py:104} INFO - [2024-04-01 23:26:27,827] {dagbag.py:496} INFO - Filling up the DagBag from /home/airflow/.local/lib/python3.6/site-packages/airflow/example_dags/example_branch_labels.py
[2024-04-01 23:26:27,840] {scheduler_job.py:643} INFO - DAG(s) dict_keys(['example_branch_labels']) retrieved from /home/airflow/.local/lib/python3.6/site-packages/airflow/example_dags/example_branch_labels.py
[2024-04-01 23:26:27,866] {logging_mixin.py:104} INFO - [2024-04-01 23:26:27,866] {dag.py:1833} INFO - Sync 1 DAGs
[2024-04-01 23:26:27,885] {logging_mixin.py:104} INFO - [2024-04-01 23:26:27,884] {dag.py:2306} INFO - Setting next_dagrun for example_branch_labels to 2024-03-30 00:00:00+00:00
[2024-04-01 23:26:27,896] {scheduler_job.py:190} INFO - Processing /home/airflow/.local/lib/python3.6/site-packages/airflow/example_dags/example_branch_labels.py took 0.073 seconds
[2024-04-01 23:26:58,035] {scheduler_job.py:182} INFO - Started process (PID=1267) to work on /home/airflow/.local/lib/python3.6/site-packages/airflow/example_dags/example_branch_labels.py
[2024-04-01 23:26:58,037] {scheduler_job.py:633} INFO - Processing file /home/airflow/.local/lib/python3.6/site-packages/airflow/example_dags/example_branch_labels.py for tasks to queue
[2024-04-01 23:26:58,038] {logging_mixin.py:104} INFO - [2024-04-01 23:26:58,037] {dagbag.py:496} INFO - Filling up the DagBag from /home/airflow/.local/lib/python3.6/site-packages/airflow/example_dags/example_branch_labels.py
[2024-04-01 23:26:58,054] {scheduler_job.py:643} INFO - DAG(s) dict_keys(['example_branch_labels']) retrieved from /home/airflow/.local/lib/python3.6/site-packages/airflow/example_dags/example_branch_labels.py
[2024-04-01 23:26:58,088] {logging_mixin.py:104} INFO - [2024-04-01 23:26:58,088] {dag.py:1833} INFO - Sync 1 DAGs
[2024-04-01 23:26:58,110] {logging_mixin.py:104} INFO - [2024-04-01 23:26:58,110] {dag.py:2306} INFO - Setting next_dagrun for example_branch_labels to 2024-03-30 00:00:00+00:00
[2024-04-01 23:26:58,124] {scheduler_job.py:190} INFO - Processing /home/airflow/.local/lib/python3.6/site-packages/airflow/example_dags/example_branch_labels.py took 0.093 seconds
[2024-04-01 23:27:28,225] {scheduler_job.py:182} INFO - Started process (PID=1360) to work on /home/airflow/.local/lib/python3.6/site-packages/airflow/example_dags/example_branch_labels.py
[2024-04-01 23:27:28,226] {scheduler_job.py:633} INFO - Processing file /home/airflow/.local/lib/python3.6/site-packages/airflow/example_dags/example_branch_labels.py for tasks to queue
[2024-04-01 23:27:28,227] {logging_mixin.py:104} INFO - [2024-04-01 23:27:28,226] {dagbag.py:496} INFO - Filling up the DagBag from /home/airflow/.local/lib/python3.6/site-packages/airflow/example_dags/example_branch_labels.py
[2024-04-01 23:27:28,237] {scheduler_job.py:643} INFO - DAG(s) dict_keys(['example_branch_labels']) retrieved from /home/airflow/.local/lib/python3.6/site-packages/airflow/example_dags/example_branch_labels.py
[2024-04-01 23:27:28,263] {logging_mixin.py:104} INFO - [2024-04-01 23:27:28,263] {dag.py:1833} INFO - Sync 1 DAGs
[2024-04-01 23:27:28,282] {logging_mixin.py:104} INFO - [2024-04-01 23:27:28,282] {dag.py:2306} INFO - Setting next_dagrun for example_branch_labels to 2024-03-30 00:00:00+00:00
[2024-04-01 23:27:28,294] {scheduler_job.py:190} INFO - Processing /home/airflow/.local/lib/python3.6/site-packages/airflow/example_dags/example_branch_labels.py took 0.072 seconds
[2024-04-01 23:27:58,383] {scheduler_job.py:182} INFO - Started process (PID=1434) to work on /home/airflow/.local/lib/python3.6/site-packages/airflow/example_dags/example_branch_labels.py
[2024-04-01 23:27:58,385] {scheduler_job.py:633} INFO - Processing file /home/airflow/.local/lib/python3.6/site-packages/airflow/example_dags/example_branch_labels.py for tasks to queue
[2024-04-01 23:27:58,387] {logging_mixin.py:104} INFO - [2024-04-01 23:27:58,386] {dagbag.py:496} INFO - Filling up the DagBag from /home/airflow/.local/lib/python3.6/site-packages/airflow/example_dags/example_branch_labels.py
[2024-04-01 23:27:58,407] {scheduler_job.py:643} INFO - DAG(s) dict_keys(['example_branch_labels']) retrieved from /home/airflow/.local/lib/python3.6/site-packages/airflow/example_dags/example_branch_labels.py
[2024-04-01 23:27:58,447] {logging_mixin.py:104} INFO - [2024-04-01 23:27:58,446] {dag.py:1833} INFO - Sync 1 DAGs
[2024-04-01 23:27:58,473] {logging_mixin.py:104} INFO - [2024-04-01 23:27:58,472] {dag.py:2306} INFO - Setting next_dagrun for example_branch_labels to 2024-03-30 00:00:00+00:00
[2024-04-01 23:27:58,486] {scheduler_job.py:190} INFO - Processing /home/airflow/.local/lib/python3.6/site-packages/airflow/example_dags/example_branch_labels.py took 0.108 seconds
[2024-04-01 23:28:29,382] {scheduler_job.py:182} INFO - Started process (PID=1518) to work on /home/airflow/.local/lib/python3.6/site-packages/airflow/example_dags/example_branch_labels.py
[2024-04-01 23:28:29,383] {scheduler_job.py:633} INFO - Processing file /home/airflow/.local/lib/python3.6/site-packages/airflow/example_dags/example_branch_labels.py for tasks to queue
[2024-04-01 23:28:29,383] {logging_mixin.py:104} INFO - [2024-04-01 23:28:29,383] {dagbag.py:496} INFO - Filling up the DagBag from /home/airflow/.local/lib/python3.6/site-packages/airflow/example_dags/example_branch_labels.py
[2024-04-01 23:28:29,394] {scheduler_job.py:643} INFO - DAG(s) dict_keys(['example_branch_labels']) retrieved from /home/airflow/.local/lib/python3.6/site-packages/airflow/example_dags/example_branch_labels.py
[2024-04-01 23:28:29,419] {logging_mixin.py:104} INFO - [2024-04-01 23:28:29,418] {dag.py:1833} INFO - Sync 1 DAGs
[2024-04-01 23:28:29,440] {logging_mixin.py:104} INFO - [2024-04-01 23:28:29,439] {dag.py:2306} INFO - Setting next_dagrun for example_branch_labels to 2024-03-30 00:00:00+00:00
[2024-04-01 23:28:29,452] {scheduler_job.py:190} INFO - Processing /home/airflow/.local/lib/python3.6/site-packages/airflow/example_dags/example_branch_labels.py took 0.073 seconds
[2024-04-01 23:28:59,819] {scheduler_job.py:182} INFO - Started process (PID=1570) to work on /home/airflow/.local/lib/python3.6/site-packages/airflow/example_dags/example_branch_labels.py
[2024-04-01 23:28:59,820] {scheduler_job.py:633} INFO - Processing file /home/airflow/.local/lib/python3.6/site-packages/airflow/example_dags/example_branch_labels.py for tasks to queue
[2024-04-01 23:28:59,821] {logging_mixin.py:104} INFO - [2024-04-01 23:28:59,821] {dagbag.py:496} INFO - Filling up the DagBag from /home/airflow/.local/lib/python3.6/site-packages/airflow/example_dags/example_branch_labels.py
[2024-04-01 23:28:59,836] {scheduler_job.py:643} INFO - DAG(s) dict_keys(['example_branch_labels']) retrieved from /home/airflow/.local/lib/python3.6/site-packages/airflow/example_dags/example_branch_labels.py
[2024-04-01 23:28:59,859] {logging_mixin.py:104} INFO - [2024-04-01 23:28:59,859] {dag.py:1833} INFO - Sync 1 DAGs
[2024-04-01 23:28:59,877] {logging_mixin.py:104} INFO - [2024-04-01 23:28:59,877] {dag.py:2306} INFO - Setting next_dagrun for example_branch_labels to 2024-03-30 00:00:00+00:00
[2024-04-01 23:28:59,886] {scheduler_job.py:190} INFO - Processing /home/airflow/.local/lib/python3.6/site-packages/airflow/example_dags/example_branch_labels.py took 0.069 seconds
[2024-04-01 23:29:30,428] {scheduler_job.py:182} INFO - Started process (PID=1632) to work on /home/airflow/.local/lib/python3.6/site-packages/airflow/example_dags/example_branch_labels.py
[2024-04-01 23:29:30,430] {scheduler_job.py:633} INFO - Processing file /home/airflow/.local/lib/python3.6/site-packages/airflow/example_dags/example_branch_labels.py for tasks to queue
[2024-04-01 23:29:30,433] {logging_mixin.py:104} INFO - [2024-04-01 23:29:30,433] {dagbag.py:496} INFO - Filling up the DagBag from /home/airflow/.local/lib/python3.6/site-packages/airflow/example_dags/example_branch_labels.py
[2024-04-01 23:29:30,455] {scheduler_job.py:643} INFO - DAG(s) dict_keys(['example_branch_labels']) retrieved from /home/airflow/.local/lib/python3.6/site-packages/airflow/example_dags/example_branch_labels.py
[2024-04-01 23:29:30,512] {logging_mixin.py:104} INFO - [2024-04-01 23:29:30,511] {dag.py:1833} INFO - Sync 1 DAGs
[2024-04-01 23:29:30,548] {logging_mixin.py:104} INFO - [2024-04-01 23:29:30,548] {dag.py:2306} INFO - Setting next_dagrun for example_branch_labels to 2024-03-30 00:00:00+00:00
[2024-04-01 23:29:30,569] {scheduler_job.py:190} INFO - Processing /home/airflow/.local/lib/python3.6/site-packages/airflow/example_dags/example_branch_labels.py took 0.148 seconds
[2024-04-01 23:30:00,905] {scheduler_job.py:182} INFO - Started process (PID=1684) to work on /home/airflow/.local/lib/python3.6/site-packages/airflow/example_dags/example_branch_labels.py
[2024-04-01 23:30:00,906] {scheduler_job.py:633} INFO - Processing file /home/airflow/.local/lib/python3.6/site-packages/airflow/example_dags/example_branch_labels.py for tasks to queue
[2024-04-01 23:30:00,907] {logging_mixin.py:104} INFO - [2024-04-01 23:30:00,907] {dagbag.py:496} INFO - Filling up the DagBag from /home/airflow/.local/lib/python3.6/site-packages/airflow/example_dags/example_branch_labels.py
[2024-04-01 23:30:00,916] {scheduler_job.py:643} INFO - DAG(s) dict_keys(['example_branch_labels']) retrieved from /home/airflow/.local/lib/python3.6/site-packages/airflow/example_dags/example_branch_labels.py
[2024-04-01 23:30:00,938] {logging_mixin.py:104} INFO - [2024-04-01 23:30:00,938] {dag.py:1833} INFO - Sync 1 DAGs
[2024-04-01 23:30:00,956] {logging_mixin.py:104} INFO - [2024-04-01 23:30:00,956] {dag.py:2306} INFO - Setting next_dagrun for example_branch_labels to 2024-03-30 00:00:00+00:00
[2024-04-01 23:30:00,967] {scheduler_job.py:190} INFO - Processing /home/airflow/.local/lib/python3.6/site-packages/airflow/example_dags/example_branch_labels.py took 0.064 seconds
[2024-04-01 23:30:31,503] {scheduler_job.py:182} INFO - Started process (PID=1736) to work on /home/airflow/.local/lib/python3.6/site-packages/airflow/example_dags/example_branch_labels.py
[2024-04-01 23:30:31,504] {scheduler_job.py:633} INFO - Processing file /home/airflow/.local/lib/python3.6/site-packages/airflow/example_dags/example_branch_labels.py for tasks to queue
[2024-04-01 23:30:31,505] {logging_mixin.py:104} INFO - [2024-04-01 23:30:31,505] {dagbag.py:496} INFO - Filling up the DagBag from /home/airflow/.local/lib/python3.6/site-packages/airflow/example_dags/example_branch_labels.py
[2024-04-01 23:30:31,529] {scheduler_job.py:643} INFO - DAG(s) dict_keys(['example_branch_labels']) retrieved from /home/airflow/.local/lib/python3.6/site-packages/airflow/example_dags/example_branch_labels.py
[2024-04-01 23:30:31,571] {logging_mixin.py:104} INFO - [2024-04-01 23:30:31,571] {dag.py:1833} INFO - Sync 1 DAGs
[2024-04-01 23:30:31,611] {logging_mixin.py:104} INFO - [2024-04-01 23:30:31,610] {dag.py:2306} INFO - Setting next_dagrun for example_branch_labels to 2024-03-30 00:00:00+00:00
[2024-04-01 23:30:31,624] {scheduler_job.py:190} INFO - Processing /home/airflow/.local/lib/python3.6/site-packages/airflow/example_dags/example_branch_labels.py took 0.126 seconds
[2024-04-01 23:31:01,771] {scheduler_job.py:182} INFO - Started process (PID=1797) to work on /home/airflow/.local/lib/python3.6/site-packages/airflow/example_dags/example_branch_labels.py
[2024-04-01 23:31:01,773] {scheduler_job.py:633} INFO - Processing file /home/airflow/.local/lib/python3.6/site-packages/airflow/example_dags/example_branch_labels.py for tasks to queue
[2024-04-01 23:31:01,775] {logging_mixin.py:104} INFO - [2024-04-01 23:31:01,775] {dagbag.py:496} INFO - Filling up the DagBag from /home/airflow/.local/lib/python3.6/site-packages/airflow/example_dags/example_branch_labels.py
[2024-04-01 23:31:01,799] {scheduler_job.py:643} INFO - DAG(s) dict_keys(['example_branch_labels']) retrieved from /home/airflow/.local/lib/python3.6/site-packages/airflow/example_dags/example_branch_labels.py
[2024-04-01 23:31:01,857] {logging_mixin.py:104} INFO - [2024-04-01 23:31:01,856] {dag.py:1833} INFO - Sync 1 DAGs
[2024-04-01 23:31:01,906] {logging_mixin.py:104} INFO - [2024-04-01 23:31:01,906] {dag.py:2306} INFO - Setting next_dagrun for example_branch_labels to 2024-03-30 00:00:00+00:00
[2024-04-01 23:31:01,956] {scheduler_job.py:190} INFO - Processing /home/airflow/.local/lib/python3.6/site-packages/airflow/example_dags/example_branch_labels.py took 0.190 seconds
[2024-04-01 23:31:32,153] {scheduler_job.py:182} INFO - Started process (PID=1851) to work on /home/airflow/.local/lib/python3.6/site-packages/airflow/example_dags/example_branch_labels.py
[2024-04-01 23:31:32,158] {scheduler_job.py:633} INFO - Processing file /home/airflow/.local/lib/python3.6/site-packages/airflow/example_dags/example_branch_labels.py for tasks to queue
[2024-04-01 23:31:32,160] {logging_mixin.py:104} INFO - [2024-04-01 23:31:32,160] {dagbag.py:496} INFO - Filling up the DagBag from /home/airflow/.local/lib/python3.6/site-packages/airflow/example_dags/example_branch_labels.py
[2024-04-01 23:31:32,191] {scheduler_job.py:643} INFO - DAG(s) dict_keys(['example_branch_labels']) retrieved from /home/airflow/.local/lib/python3.6/site-packages/airflow/example_dags/example_branch_labels.py
[2024-04-01 23:31:32,244] {logging_mixin.py:104} INFO - [2024-04-01 23:31:32,244] {dag.py:1833} INFO - Sync 1 DAGs
[2024-04-01 23:31:32,273] {logging_mixin.py:104} INFO - [2024-04-01 23:31:32,273] {dag.py:2306} INFO - Setting next_dagrun for example_branch_labels to 2024-03-30 00:00:00+00:00
[2024-04-01 23:31:32,289] {scheduler_job.py:190} INFO - Processing /home/airflow/.local/lib/python3.6/site-packages/airflow/example_dags/example_branch_labels.py took 0.141 seconds
[2024-04-01 23:32:02,465] {scheduler_job.py:182} INFO - Started process (PID=1903) to work on /home/airflow/.local/lib/python3.6/site-packages/airflow/example_dags/example_branch_labels.py
[2024-04-01 23:32:02,466] {scheduler_job.py:633} INFO - Processing file /home/airflow/.local/lib/python3.6/site-packages/airflow/example_dags/example_branch_labels.py for tasks to queue
[2024-04-01 23:32:02,467] {logging_mixin.py:104} INFO - [2024-04-01 23:32:02,466] {dagbag.py:496} INFO - Filling up the DagBag from /home/airflow/.local/lib/python3.6/site-packages/airflow/example_dags/example_branch_labels.py
[2024-04-01 23:32:02,482] {scheduler_job.py:643} INFO - DAG(s) dict_keys(['example_branch_labels']) retrieved from /home/airflow/.local/lib/python3.6/site-packages/airflow/example_dags/example_branch_labels.py
[2024-04-01 23:32:02,511] {logging_mixin.py:104} INFO - [2024-04-01 23:32:02,511] {dag.py:1833} INFO - Sync 1 DAGs
[2024-04-01 23:32:02,535] {logging_mixin.py:104} INFO - [2024-04-01 23:32:02,535] {dag.py:2306} INFO - Setting next_dagrun for example_branch_labels to 2024-03-30 00:00:00+00:00
[2024-04-01 23:32:02,546] {scheduler_job.py:190} INFO - Processing /home/airflow/.local/lib/python3.6/site-packages/airflow/example_dags/example_branch_labels.py took 0.084 seconds
[2024-04-01 23:32:32,631] {scheduler_job.py:182} INFO - Started process (PID=1955) to work on /home/airflow/.local/lib/python3.6/site-packages/airflow/example_dags/example_branch_labels.py
[2024-04-01 23:32:32,634] {scheduler_job.py:633} INFO - Processing file /home/airflow/.local/lib/python3.6/site-packages/airflow/example_dags/example_branch_labels.py for tasks to queue
[2024-04-01 23:32:32,636] {logging_mixin.py:104} INFO - [2024-04-01 23:32:32,635] {dagbag.py:496} INFO - Filling up the DagBag from /home/airflow/.local/lib/python3.6/site-packages/airflow/example_dags/example_branch_labels.py
[2024-04-01 23:32:32,658] {scheduler_job.py:643} INFO - DAG(s) dict_keys(['example_branch_labels']) retrieved from /home/airflow/.local/lib/python3.6/site-packages/airflow/example_dags/example_branch_labels.py
[2024-04-01 23:32:32,698] {logging_mixin.py:104} INFO - [2024-04-01 23:32:32,698] {dag.py:1833} INFO - Sync 1 DAGs
[2024-04-01 23:32:32,727] {logging_mixin.py:104} INFO - [2024-04-01 23:32:32,727] {dag.py:2306} INFO - Setting next_dagrun for example_branch_labels to 2024-03-30 00:00:00+00:00
[2024-04-01 23:32:32,739] {scheduler_job.py:190} INFO - Processing /home/airflow/.local/lib/python3.6/site-packages/airflow/example_dags/example_branch_labels.py took 0.119 seconds
[2024-04-01 23:33:02,988] {scheduler_job.py:182} INFO - Started process (PID=2017) to work on /home/airflow/.local/lib/python3.6/site-packages/airflow/example_dags/example_branch_labels.py
[2024-04-01 23:33:02,990] {scheduler_job.py:633} INFO - Processing file /home/airflow/.local/lib/python3.6/site-packages/airflow/example_dags/example_branch_labels.py for tasks to queue
[2024-04-01 23:33:03,003] {logging_mixin.py:104} INFO - [2024-04-01 23:33:03,002] {dagbag.py:496} INFO - Filling up the DagBag from /home/airflow/.local/lib/python3.6/site-packages/airflow/example_dags/example_branch_labels.py
[2024-04-01 23:33:03,055] {scheduler_job.py:643} INFO - DAG(s) dict_keys(['example_branch_labels']) retrieved from /home/airflow/.local/lib/python3.6/site-packages/airflow/example_dags/example_branch_labels.py
[2024-04-01 23:33:03,128] {logging_mixin.py:104} INFO - [2024-04-01 23:33:03,128] {dag.py:1833} INFO - Sync 1 DAGs
[2024-04-01 23:33:03,182] {logging_mixin.py:104} INFO - [2024-04-01 23:33:03,182] {dag.py:2306} INFO - Setting next_dagrun for example_branch_labels to 2024-03-30 00:00:00+00:00
[2024-04-01 23:33:03,219] {scheduler_job.py:190} INFO - Processing /home/airflow/.local/lib/python3.6/site-packages/airflow/example_dags/example_branch_labels.py took 0.238 seconds
[2024-04-01 23:33:33,768] {scheduler_job.py:182} INFO - Started process (PID=2070) to work on /home/airflow/.local/lib/python3.6/site-packages/airflow/example_dags/example_branch_labels.py
[2024-04-01 23:33:33,770] {scheduler_job.py:633} INFO - Processing file /home/airflow/.local/lib/python3.6/site-packages/airflow/example_dags/example_branch_labels.py for tasks to queue
[2024-04-01 23:33:33,771] {logging_mixin.py:104} INFO - [2024-04-01 23:33:33,770] {dagbag.py:496} INFO - Filling up the DagBag from /home/airflow/.local/lib/python3.6/site-packages/airflow/example_dags/example_branch_labels.py
[2024-04-01 23:33:33,784] {scheduler_job.py:643} INFO - DAG(s) dict_keys(['example_branch_labels']) retrieved from /home/airflow/.local/lib/python3.6/site-packages/airflow/example_dags/example_branch_labels.py
[2024-04-01 23:33:33,813] {logging_mixin.py:104} INFO - [2024-04-01 23:33:33,813] {dag.py:1833} INFO - Sync 1 DAGs
[2024-04-01 23:33:33,837] {logging_mixin.py:104} INFO - [2024-04-01 23:33:33,836] {dag.py:2306} INFO - Setting next_dagrun for example_branch_labels to 2024-03-30 00:00:00+00:00
[2024-04-01 23:33:33,850] {scheduler_job.py:190} INFO - Processing /home/airflow/.local/lib/python3.6/site-packages/airflow/example_dags/example_branch_labels.py took 0.085 seconds
[2024-04-01 23:34:04,283] {scheduler_job.py:182} INFO - Started process (PID=2123) to work on /home/airflow/.local/lib/python3.6/site-packages/airflow/example_dags/example_branch_labels.py
[2024-04-01 23:34:04,284] {scheduler_job.py:633} INFO - Processing file /home/airflow/.local/lib/python3.6/site-packages/airflow/example_dags/example_branch_labels.py for tasks to queue
[2024-04-01 23:34:04,284] {logging_mixin.py:104} INFO - [2024-04-01 23:34:04,284] {dagbag.py:496} INFO - Filling up the DagBag from /home/airflow/.local/lib/python3.6/site-packages/airflow/example_dags/example_branch_labels.py
[2024-04-01 23:34:04,294] {scheduler_job.py:643} INFO - DAG(s) dict_keys(['example_branch_labels']) retrieved from /home/airflow/.local/lib/python3.6/site-packages/airflow/example_dags/example_branch_labels.py
[2024-04-01 23:34:04,317] {logging_mixin.py:104} INFO - [2024-04-01 23:34:04,317] {dag.py:1833} INFO - Sync 1 DAGs
[2024-04-01 23:34:04,334] {logging_mixin.py:104} INFO - [2024-04-01 23:34:04,334] {dag.py:2306} INFO - Setting next_dagrun for example_branch_labels to 2024-03-30 00:00:00+00:00
[2024-04-01 23:34:04,345] {scheduler_job.py:190} INFO - Processing /home/airflow/.local/lib/python3.6/site-packages/airflow/example_dags/example_branch_labels.py took 0.066 seconds
[2024-04-01 23:34:34,381] {scheduler_job.py:182} INFO - Started process (PID=2182) to work on /home/airflow/.local/lib/python3.6/site-packages/airflow/example_dags/example_branch_labels.py
[2024-04-01 23:34:34,383] {scheduler_job.py:633} INFO - Processing file /home/airflow/.local/lib/python3.6/site-packages/airflow/example_dags/example_branch_labels.py for tasks to queue
[2024-04-01 23:34:34,385] {logging_mixin.py:104} INFO - [2024-04-01 23:34:34,384] {dagbag.py:496} INFO - Filling up the DagBag from /home/airflow/.local/lib/python3.6/site-packages/airflow/example_dags/example_branch_labels.py
[2024-04-01 23:34:34,403] {scheduler_job.py:643} INFO - DAG(s) dict_keys(['example_branch_labels']) retrieved from /home/airflow/.local/lib/python3.6/site-packages/airflow/example_dags/example_branch_labels.py
[2024-04-01 23:34:34,440] {logging_mixin.py:104} INFO - [2024-04-01 23:34:34,440] {dag.py:1833} INFO - Sync 1 DAGs
[2024-04-01 23:34:34,480] {logging_mixin.py:104} INFO - [2024-04-01 23:34:34,480] {dag.py:2306} INFO - Setting next_dagrun for example_branch_labels to 2024-03-30 00:00:00+00:00
[2024-04-01 23:34:34,497] {scheduler_job.py:190} INFO - Processing /home/airflow/.local/lib/python3.6/site-packages/airflow/example_dags/example_branch_labels.py took 0.120 seconds
[2024-04-01 23:35:05,040] {scheduler_job.py:182} INFO - Started process (PID=2237) to work on /home/airflow/.local/lib/python3.6/site-packages/airflow/example_dags/example_branch_labels.py
[2024-04-01 23:35:05,041] {scheduler_job.py:633} INFO - Processing file /home/airflow/.local/lib/python3.6/site-packages/airflow/example_dags/example_branch_labels.py for tasks to queue
[2024-04-01 23:35:05,041] {logging_mixin.py:104} INFO - [2024-04-01 23:35:05,041] {dagbag.py:496} INFO - Filling up the DagBag from /home/airflow/.local/lib/python3.6/site-packages/airflow/example_dags/example_branch_labels.py
[2024-04-01 23:35:05,056] {scheduler_job.py:643} INFO - DAG(s) dict_keys(['example_branch_labels']) retrieved from /home/airflow/.local/lib/python3.6/site-packages/airflow/example_dags/example_branch_labels.py
[2024-04-01 23:35:05,081] {logging_mixin.py:104} INFO - [2024-04-01 23:35:05,080] {dag.py:1833} INFO - Sync 1 DAGs
[2024-04-01 23:35:05,098] {logging_mixin.py:104} INFO - [2024-04-01 23:35:05,098] {dag.py:2306} INFO - Setting next_dagrun for example_branch_labels to 2024-03-30 00:00:00+00:00
[2024-04-01 23:35:05,109] {scheduler_job.py:190} INFO - Processing /home/airflow/.local/lib/python3.6/site-packages/airflow/example_dags/example_branch_labels.py took 0.072 seconds
[2024-04-01 23:35:35,202] {scheduler_job.py:182} INFO - Started process (PID=2289) to work on /home/airflow/.local/lib/python3.6/site-packages/airflow/example_dags/example_branch_labels.py
[2024-04-01 23:35:35,204] {scheduler_job.py:633} INFO - Processing file /home/airflow/.local/lib/python3.6/site-packages/airflow/example_dags/example_branch_labels.py for tasks to queue
[2024-04-01 23:35:35,205] {logging_mixin.py:104} INFO - [2024-04-01 23:35:35,205] {dagbag.py:496} INFO - Filling up the DagBag from /home/airflow/.local/lib/python3.6/site-packages/airflow/example_dags/example_branch_labels.py
[2024-04-01 23:35:35,224] {scheduler_job.py:643} INFO - DAG(s) dict_keys(['example_branch_labels']) retrieved from /home/airflow/.local/lib/python3.6/site-packages/airflow/example_dags/example_branch_labels.py
[2024-04-01 23:35:35,254] {logging_mixin.py:104} INFO - [2024-04-01 23:35:35,253] {dag.py:1833} INFO - Sync 1 DAGs
[2024-04-01 23:35:35,280] {logging_mixin.py:104} INFO - [2024-04-01 23:35:35,280] {dag.py:2306} INFO - Setting next_dagrun for example_branch_labels to 2024-03-30 00:00:00+00:00
[2024-04-01 23:35:35,294] {scheduler_job.py:190} INFO - Processing /home/airflow/.local/lib/python3.6/site-packages/airflow/example_dags/example_branch_labels.py took 0.096 seconds
