[2024-04-01 23:19:20,280] {scheduler_job.py:182} INFO - Started process (PID=82) to work on /home/airflow/.local/lib/python3.6/site-packages/airflow/example_dags/example_external_task_marker_dag.py
[2024-04-01 23:19:20,282] {scheduler_job.py:633} INFO - Processing file /home/airflow/.local/lib/python3.6/site-packages/airflow/example_dags/example_external_task_marker_dag.py for tasks to queue
[2024-04-01 23:19:20,283] {logging_mixin.py:104} INFO - [2024-04-01 23:19:20,282] {dagbag.py:496} INFO - Filling up the DagBag from /home/airflow/.local/lib/python3.6/site-packages/airflow/example_dags/example_external_task_marker_dag.py
[2024-04-01 23:19:20,305] {scheduler_job.py:643} INFO - DAG(s) dict_keys(['example_external_task_marker_parent', 'example_external_task_marker_child']) retrieved from /home/airflow/.local/lib/python3.6/site-packages/airflow/example_dags/example_external_task_marker_dag.py
[2024-04-01 23:19:20,785] {logging_mixin.py:104} INFO - [2024-04-01 23:19:20,785] {dag.py:1833} INFO - Sync 2 DAGs
[2024-04-01 23:19:20,809] {logging_mixin.py:104} INFO - [2024-04-01 23:19:20,809] {dag.py:2306} INFO - Setting next_dagrun for example_external_task_marker_child to None
[2024-04-01 23:19:20,811] {logging_mixin.py:104} INFO - [2024-04-01 23:19:20,810] {dag.py:2306} INFO - Setting next_dagrun for example_external_task_marker_parent to None
[2024-04-01 23:19:20,833] {scheduler_job.py:190} INFO - Processing /home/airflow/.local/lib/python3.6/site-packages/airflow/example_dags/example_external_task_marker_dag.py took 0.558 seconds
[2024-04-01 23:19:51,056] {scheduler_job.py:182} INFO - Started process (PID=144) to work on /home/airflow/.local/lib/python3.6/site-packages/airflow/example_dags/example_external_task_marker_dag.py
[2024-04-01 23:19:51,058] {scheduler_job.py:633} INFO - Processing file /home/airflow/.local/lib/python3.6/site-packages/airflow/example_dags/example_external_task_marker_dag.py for tasks to queue
[2024-04-01 23:19:51,059] {logging_mixin.py:104} INFO - [2024-04-01 23:19:51,058] {dagbag.py:496} INFO - Filling up the DagBag from /home/airflow/.local/lib/python3.6/site-packages/airflow/example_dags/example_external_task_marker_dag.py
[2024-04-01 23:19:51,080] {scheduler_job.py:643} INFO - DAG(s) dict_keys(['example_external_task_marker_parent', 'example_external_task_marker_child']) retrieved from /home/airflow/.local/lib/python3.6/site-packages/airflow/example_dags/example_external_task_marker_dag.py
[2024-04-01 23:19:51,174] {logging_mixin.py:104} INFO - [2024-04-01 23:19:51,174] {dag.py:1833} INFO - Sync 2 DAGs
[2024-04-01 23:19:51,226] {logging_mixin.py:104} INFO - [2024-04-01 23:19:51,225] {dag.py:2306} INFO - Setting next_dagrun for example_external_task_marker_child to None
[2024-04-01 23:19:51,229] {logging_mixin.py:104} INFO - [2024-04-01 23:19:51,228] {dag.py:2306} INFO - Setting next_dagrun for example_external_task_marker_parent to None
[2024-04-01 23:19:51,254] {scheduler_job.py:190} INFO - Processing /home/airflow/.local/lib/python3.6/site-packages/airflow/example_dags/example_external_task_marker_dag.py took 0.207 seconds
[2024-04-01 23:20:21,416] {scheduler_job.py:182} INFO - Started process (PID=243) to work on /home/airflow/.local/lib/python3.6/site-packages/airflow/example_dags/example_external_task_marker_dag.py
[2024-04-01 23:20:21,418] {scheduler_job.py:633} INFO - Processing file /home/airflow/.local/lib/python3.6/site-packages/airflow/example_dags/example_external_task_marker_dag.py for tasks to queue
[2024-04-01 23:20:21,419] {logging_mixin.py:104} INFO - [2024-04-01 23:20:21,418] {dagbag.py:496} INFO - Filling up the DagBag from /home/airflow/.local/lib/python3.6/site-packages/airflow/example_dags/example_external_task_marker_dag.py
[2024-04-01 23:20:21,433] {scheduler_job.py:643} INFO - DAG(s) dict_keys(['example_external_task_marker_parent', 'example_external_task_marker_child']) retrieved from /home/airflow/.local/lib/python3.6/site-packages/airflow/example_dags/example_external_task_marker_dag.py
[2024-04-01 23:20:21,467] {logging_mixin.py:104} INFO - [2024-04-01 23:20:21,466] {dag.py:1833} INFO - Sync 2 DAGs
[2024-04-01 23:20:21,488] {logging_mixin.py:104} INFO - [2024-04-01 23:20:21,487] {dag.py:2306} INFO - Setting next_dagrun for example_external_task_marker_child to None
[2024-04-01 23:20:21,489] {logging_mixin.py:104} INFO - [2024-04-01 23:20:21,489] {dag.py:2306} INFO - Setting next_dagrun for example_external_task_marker_parent to None
[2024-04-01 23:20:21,504] {scheduler_job.py:190} INFO - Processing /home/airflow/.local/lib/python3.6/site-packages/airflow/example_dags/example_external_task_marker_dag.py took 0.091 seconds
[2024-04-01 23:20:52,292] {scheduler_job.py:182} INFO - Started process (PID=318) to work on /home/airflow/.local/lib/python3.6/site-packages/airflow/example_dags/example_external_task_marker_dag.py
[2024-04-01 23:20:52,295] {scheduler_job.py:633} INFO - Processing file /home/airflow/.local/lib/python3.6/site-packages/airflow/example_dags/example_external_task_marker_dag.py for tasks to queue
[2024-04-01 23:20:52,298] {logging_mixin.py:104} INFO - [2024-04-01 23:20:52,298] {dagbag.py:496} INFO - Filling up the DagBag from /home/airflow/.local/lib/python3.6/site-packages/airflow/example_dags/example_external_task_marker_dag.py
[2024-04-01 23:20:52,331] {scheduler_job.py:643} INFO - DAG(s) dict_keys(['example_external_task_marker_parent', 'example_external_task_marker_child']) retrieved from /home/airflow/.local/lib/python3.6/site-packages/airflow/example_dags/example_external_task_marker_dag.py
[2024-04-01 23:20:53,065] {logging_mixin.py:104} INFO - [2024-04-01 23:20:53,065] {dag.py:1833} INFO - Sync 2 DAGs
[2024-04-01 23:20:53,108] {logging_mixin.py:104} INFO - [2024-04-01 23:20:53,108] {dag.py:2306} INFO - Setting next_dagrun for example_external_task_marker_child to None
[2024-04-01 23:20:53,109] {logging_mixin.py:104} INFO - [2024-04-01 23:20:53,109] {dag.py:2306} INFO - Setting next_dagrun for example_external_task_marker_parent to None
[2024-04-01 23:20:53,146] {scheduler_job.py:190} INFO - Processing /home/airflow/.local/lib/python3.6/site-packages/airflow/example_dags/example_external_task_marker_dag.py took 0.861 seconds
[2024-04-01 23:21:23,715] {scheduler_job.py:182} INFO - Started process (PID=401) to work on /home/airflow/.local/lib/python3.6/site-packages/airflow/example_dags/example_external_task_marker_dag.py
[2024-04-01 23:21:23,716] {scheduler_job.py:633} INFO - Processing file /home/airflow/.local/lib/python3.6/site-packages/airflow/example_dags/example_external_task_marker_dag.py for tasks to queue
[2024-04-01 23:21:23,717] {logging_mixin.py:104} INFO - [2024-04-01 23:21:23,717] {dagbag.py:496} INFO - Filling up the DagBag from /home/airflow/.local/lib/python3.6/site-packages/airflow/example_dags/example_external_task_marker_dag.py
[2024-04-01 23:21:23,729] {scheduler_job.py:643} INFO - DAG(s) dict_keys(['example_external_task_marker_parent', 'example_external_task_marker_child']) retrieved from /home/airflow/.local/lib/python3.6/site-packages/airflow/example_dags/example_external_task_marker_dag.py
[2024-04-01 23:21:23,756] {logging_mixin.py:104} INFO - [2024-04-01 23:21:23,756] {dag.py:1833} INFO - Sync 2 DAGs
[2024-04-01 23:21:23,773] {logging_mixin.py:104} INFO - [2024-04-01 23:21:23,773] {dag.py:2306} INFO - Setting next_dagrun for example_external_task_marker_child to None
[2024-04-01 23:21:23,773] {logging_mixin.py:104} INFO - [2024-04-01 23:21:23,773] {dag.py:2306} INFO - Setting next_dagrun for example_external_task_marker_parent to None
[2024-04-01 23:21:23,786] {scheduler_job.py:190} INFO - Processing /home/airflow/.local/lib/python3.6/site-packages/airflow/example_dags/example_external_task_marker_dag.py took 0.075 seconds
[2024-04-01 23:21:53,923] {scheduler_job.py:182} INFO - Started process (PID=485) to work on /home/airflow/.local/lib/python3.6/site-packages/airflow/example_dags/example_external_task_marker_dag.py
[2024-04-01 23:21:53,925] {scheduler_job.py:633} INFO - Processing file /home/airflow/.local/lib/python3.6/site-packages/airflow/example_dags/example_external_task_marker_dag.py for tasks to queue
[2024-04-01 23:21:53,926] {logging_mixin.py:104} INFO - [2024-04-01 23:21:53,926] {dagbag.py:496} INFO - Filling up the DagBag from /home/airflow/.local/lib/python3.6/site-packages/airflow/example_dags/example_external_task_marker_dag.py
[2024-04-01 23:21:53,951] {scheduler_job.py:643} INFO - DAG(s) dict_keys(['example_external_task_marker_parent', 'example_external_task_marker_child']) retrieved from /home/airflow/.local/lib/python3.6/site-packages/airflow/example_dags/example_external_task_marker_dag.py
[2024-04-01 23:21:54,340] {logging_mixin.py:104} INFO - [2024-04-01 23:21:54,340] {dag.py:1833} INFO - Sync 2 DAGs
[2024-04-01 23:21:54,371] {logging_mixin.py:104} INFO - [2024-04-01 23:21:54,370] {dag.py:2306} INFO - Setting next_dagrun for example_external_task_marker_child to None
[2024-04-01 23:21:54,372] {logging_mixin.py:104} INFO - [2024-04-01 23:21:54,372] {dag.py:2306} INFO - Setting next_dagrun for example_external_task_marker_parent to None
[2024-04-01 23:21:54,395] {scheduler_job.py:190} INFO - Processing /home/airflow/.local/lib/python3.6/site-packages/airflow/example_dags/example_external_task_marker_dag.py took 0.480 seconds
[2024-04-01 23:22:24,771] {scheduler_job.py:182} INFO - Started process (PID=568) to work on /home/airflow/.local/lib/python3.6/site-packages/airflow/example_dags/example_external_task_marker_dag.py
[2024-04-01 23:22:24,772] {scheduler_job.py:633} INFO - Processing file /home/airflow/.local/lib/python3.6/site-packages/airflow/example_dags/example_external_task_marker_dag.py for tasks to queue
[2024-04-01 23:22:24,774] {logging_mixin.py:104} INFO - [2024-04-01 23:22:24,773] {dagbag.py:496} INFO - Filling up the DagBag from /home/airflow/.local/lib/python3.6/site-packages/airflow/example_dags/example_external_task_marker_dag.py
[2024-04-01 23:22:24,801] {scheduler_job.py:643} INFO - DAG(s) dict_keys(['example_external_task_marker_parent', 'example_external_task_marker_child']) retrieved from /home/airflow/.local/lib/python3.6/site-packages/airflow/example_dags/example_external_task_marker_dag.py
[2024-04-01 23:22:25,233] {logging_mixin.py:104} INFO - [2024-04-01 23:22:25,232] {dag.py:1833} INFO - Sync 2 DAGs
[2024-04-01 23:22:25,257] {logging_mixin.py:104} INFO - [2024-04-01 23:22:25,257] {dag.py:2306} INFO - Setting next_dagrun for example_external_task_marker_child to None
[2024-04-01 23:22:25,258] {logging_mixin.py:104} INFO - [2024-04-01 23:22:25,258] {dag.py:2306} INFO - Setting next_dagrun for example_external_task_marker_parent to None
[2024-04-01 23:22:25,280] {scheduler_job.py:190} INFO - Processing /home/airflow/.local/lib/python3.6/site-packages/airflow/example_dags/example_external_task_marker_dag.py took 0.515 seconds
[2024-04-01 23:22:56,232] {scheduler_job.py:182} INFO - Started process (PID=643) to work on /home/airflow/.local/lib/python3.6/site-packages/airflow/example_dags/example_external_task_marker_dag.py
[2024-04-01 23:22:56,234] {scheduler_job.py:633} INFO - Processing file /home/airflow/.local/lib/python3.6/site-packages/airflow/example_dags/example_external_task_marker_dag.py for tasks to queue
[2024-04-01 23:22:56,234] {logging_mixin.py:104} INFO - [2024-04-01 23:22:56,234] {dagbag.py:496} INFO - Filling up the DagBag from /home/airflow/.local/lib/python3.6/site-packages/airflow/example_dags/example_external_task_marker_dag.py
[2024-04-01 23:22:56,247] {scheduler_job.py:643} INFO - DAG(s) dict_keys(['example_external_task_marker_parent', 'example_external_task_marker_child']) retrieved from /home/airflow/.local/lib/python3.6/site-packages/airflow/example_dags/example_external_task_marker_dag.py
[2024-04-01 23:22:56,281] {logging_mixin.py:104} INFO - [2024-04-01 23:22:56,281] {dag.py:1833} INFO - Sync 2 DAGs
[2024-04-01 23:22:56,299] {logging_mixin.py:104} INFO - [2024-04-01 23:22:56,298] {dag.py:2306} INFO - Setting next_dagrun for example_external_task_marker_child to None
[2024-04-01 23:22:56,300] {logging_mixin.py:104} INFO - [2024-04-01 23:22:56,300] {dag.py:2306} INFO - Setting next_dagrun for example_external_task_marker_parent to None
[2024-04-01 23:22:56,316] {scheduler_job.py:190} INFO - Processing /home/airflow/.local/lib/python3.6/site-packages/airflow/example_dags/example_external_task_marker_dag.py took 0.087 seconds
[2024-04-01 23:23:26,627] {scheduler_job.py:182} INFO - Started process (PID=726) to work on /home/airflow/.local/lib/python3.6/site-packages/airflow/example_dags/example_external_task_marker_dag.py
[2024-04-01 23:23:26,628] {scheduler_job.py:633} INFO - Processing file /home/airflow/.local/lib/python3.6/site-packages/airflow/example_dags/example_external_task_marker_dag.py for tasks to queue
[2024-04-01 23:23:26,630] {logging_mixin.py:104} INFO - [2024-04-01 23:23:26,629] {dagbag.py:496} INFO - Filling up the DagBag from /home/airflow/.local/lib/python3.6/site-packages/airflow/example_dags/example_external_task_marker_dag.py
[2024-04-01 23:23:26,647] {scheduler_job.py:643} INFO - DAG(s) dict_keys(['example_external_task_marker_parent', 'example_external_task_marker_child']) retrieved from /home/airflow/.local/lib/python3.6/site-packages/airflow/example_dags/example_external_task_marker_dag.py
[2024-04-01 23:23:26,691] {logging_mixin.py:104} INFO - [2024-04-01 23:23:26,691] {dag.py:1833} INFO - Sync 2 DAGs
[2024-04-01 23:23:26,720] {logging_mixin.py:104} INFO - [2024-04-01 23:23:26,720] {dag.py:2306} INFO - Setting next_dagrun for example_external_task_marker_child to None
[2024-04-01 23:23:26,722] {logging_mixin.py:104} INFO - [2024-04-01 23:23:26,721] {dag.py:2306} INFO - Setting next_dagrun for example_external_task_marker_parent to None
[2024-04-01 23:23:26,744] {scheduler_job.py:190} INFO - Processing /home/airflow/.local/lib/python3.6/site-packages/airflow/example_dags/example_external_task_marker_dag.py took 0.123 seconds
[2024-04-01 23:23:56,836] {scheduler_job.py:182} INFO - Started process (PID=809) to work on /home/airflow/.local/lib/python3.6/site-packages/airflow/example_dags/example_external_task_marker_dag.py
[2024-04-01 23:23:56,837] {scheduler_job.py:633} INFO - Processing file /home/airflow/.local/lib/python3.6/site-packages/airflow/example_dags/example_external_task_marker_dag.py for tasks to queue
[2024-04-01 23:23:56,838] {logging_mixin.py:104} INFO - [2024-04-01 23:23:56,838] {dagbag.py:496} INFO - Filling up the DagBag from /home/airflow/.local/lib/python3.6/site-packages/airflow/example_dags/example_external_task_marker_dag.py
[2024-04-01 23:23:56,850] {scheduler_job.py:643} INFO - DAG(s) dict_keys(['example_external_task_marker_parent', 'example_external_task_marker_child']) retrieved from /home/airflow/.local/lib/python3.6/site-packages/airflow/example_dags/example_external_task_marker_dag.py
[2024-04-01 23:23:57,061] {logging_mixin.py:104} INFO - [2024-04-01 23:23:57,061] {dag.py:1833} INFO - Sync 2 DAGs
[2024-04-01 23:23:57,075] {logging_mixin.py:104} INFO - [2024-04-01 23:23:57,075] {dag.py:2306} INFO - Setting next_dagrun for example_external_task_marker_child to None
[2024-04-01 23:23:57,076] {logging_mixin.py:104} INFO - [2024-04-01 23:23:57,076] {dag.py:2306} INFO - Setting next_dagrun for example_external_task_marker_parent to None
[2024-04-01 23:23:57,090] {scheduler_job.py:190} INFO - Processing /home/airflow/.local/lib/python3.6/site-packages/airflow/example_dags/example_external_task_marker_dag.py took 0.257 seconds
[2024-04-01 23:24:27,444] {scheduler_job.py:182} INFO - Started process (PID=893) to work on /home/airflow/.local/lib/python3.6/site-packages/airflow/example_dags/example_external_task_marker_dag.py
[2024-04-01 23:24:27,445] {scheduler_job.py:633} INFO - Processing file /home/airflow/.local/lib/python3.6/site-packages/airflow/example_dags/example_external_task_marker_dag.py for tasks to queue
[2024-04-01 23:24:27,446] {logging_mixin.py:104} INFO - [2024-04-01 23:24:27,446] {dagbag.py:496} INFO - Filling up the DagBag from /home/airflow/.local/lib/python3.6/site-packages/airflow/example_dags/example_external_task_marker_dag.py
[2024-04-01 23:24:27,457] {scheduler_job.py:643} INFO - DAG(s) dict_keys(['example_external_task_marker_parent', 'example_external_task_marker_child']) retrieved from /home/airflow/.local/lib/python3.6/site-packages/airflow/example_dags/example_external_task_marker_dag.py
[2024-04-01 23:24:27,484] {logging_mixin.py:104} INFO - [2024-04-01 23:24:27,484] {dag.py:1833} INFO - Sync 2 DAGs
[2024-04-01 23:24:27,503] {logging_mixin.py:104} INFO - [2024-04-01 23:24:27,503] {dag.py:2306} INFO - Setting next_dagrun for example_external_task_marker_child to None
[2024-04-01 23:24:27,504] {logging_mixin.py:104} INFO - [2024-04-01 23:24:27,504] {dag.py:2306} INFO - Setting next_dagrun for example_external_task_marker_parent to None
[2024-04-01 23:24:27,517] {scheduler_job.py:190} INFO - Processing /home/airflow/.local/lib/python3.6/site-packages/airflow/example_dags/example_external_task_marker_dag.py took 0.076 seconds
[2024-04-01 23:24:57,600] {scheduler_job.py:182} INFO - Started process (PID=967) to work on /home/airflow/.local/lib/python3.6/site-packages/airflow/example_dags/example_external_task_marker_dag.py
[2024-04-01 23:24:57,601] {scheduler_job.py:633} INFO - Processing file /home/airflow/.local/lib/python3.6/site-packages/airflow/example_dags/example_external_task_marker_dag.py for tasks to queue
[2024-04-01 23:24:57,602] {logging_mixin.py:104} INFO - [2024-04-01 23:24:57,602] {dagbag.py:496} INFO - Filling up the DagBag from /home/airflow/.local/lib/python3.6/site-packages/airflow/example_dags/example_external_task_marker_dag.py
[2024-04-01 23:24:57,615] {scheduler_job.py:643} INFO - DAG(s) dict_keys(['example_external_task_marker_parent', 'example_external_task_marker_child']) retrieved from /home/airflow/.local/lib/python3.6/site-packages/airflow/example_dags/example_external_task_marker_dag.py
[2024-04-01 23:24:57,873] {logging_mixin.py:104} INFO - [2024-04-01 23:24:57,873] {dag.py:1833} INFO - Sync 2 DAGs
[2024-04-01 23:24:57,893] {logging_mixin.py:104} INFO - [2024-04-01 23:24:57,893] {dag.py:2306} INFO - Setting next_dagrun for example_external_task_marker_child to None
[2024-04-01 23:24:57,894] {logging_mixin.py:104} INFO - [2024-04-01 23:24:57,894] {dag.py:2306} INFO - Setting next_dagrun for example_external_task_marker_parent to None
[2024-04-01 23:24:57,911] {scheduler_job.py:190} INFO - Processing /home/airflow/.local/lib/python3.6/site-packages/airflow/example_dags/example_external_task_marker_dag.py took 0.314 seconds
[2024-04-01 23:25:27,940] {scheduler_job.py:182} INFO - Started process (PID=1050) to work on /home/airflow/.local/lib/python3.6/site-packages/airflow/example_dags/example_external_task_marker_dag.py
[2024-04-01 23:25:27,942] {scheduler_job.py:633} INFO - Processing file /home/airflow/.local/lib/python3.6/site-packages/airflow/example_dags/example_external_task_marker_dag.py for tasks to queue
[2024-04-01 23:25:27,954] {logging_mixin.py:104} INFO - [2024-04-01 23:25:27,954] {dagbag.py:496} INFO - Filling up the DagBag from /home/airflow/.local/lib/python3.6/site-packages/airflow/example_dags/example_external_task_marker_dag.py
[2024-04-01 23:25:27,982] {scheduler_job.py:643} INFO - DAG(s) dict_keys(['example_external_task_marker_parent', 'example_external_task_marker_child']) retrieved from /home/airflow/.local/lib/python3.6/site-packages/airflow/example_dags/example_external_task_marker_dag.py
[2024-04-01 23:25:28,444] {logging_mixin.py:104} INFO - [2024-04-01 23:25:28,444] {dag.py:1833} INFO - Sync 2 DAGs
[2024-04-01 23:25:28,479] {logging_mixin.py:104} INFO - [2024-04-01 23:25:28,479] {dag.py:2306} INFO - Setting next_dagrun for example_external_task_marker_child to None
[2024-04-01 23:25:28,481] {logging_mixin.py:104} INFO - [2024-04-01 23:25:28,480] {dag.py:2306} INFO - Setting next_dagrun for example_external_task_marker_parent to None
[2024-04-01 23:25:28,522] {scheduler_job.py:190} INFO - Processing /home/airflow/.local/lib/python3.6/site-packages/airflow/example_dags/example_external_task_marker_dag.py took 0.587 seconds
[2024-04-01 23:25:59,263] {scheduler_job.py:182} INFO - Started process (PID=1134) to work on /home/airflow/.local/lib/python3.6/site-packages/airflow/example_dags/example_external_task_marker_dag.py
[2024-04-01 23:25:59,265] {scheduler_job.py:633} INFO - Processing file /home/airflow/.local/lib/python3.6/site-packages/airflow/example_dags/example_external_task_marker_dag.py for tasks to queue
[2024-04-01 23:25:59,266] {logging_mixin.py:104} INFO - [2024-04-01 23:25:59,265] {dagbag.py:496} INFO - Filling up the DagBag from /home/airflow/.local/lib/python3.6/site-packages/airflow/example_dags/example_external_task_marker_dag.py
[2024-04-01 23:25:59,283] {scheduler_job.py:643} INFO - DAG(s) dict_keys(['example_external_task_marker_parent', 'example_external_task_marker_child']) retrieved from /home/airflow/.local/lib/python3.6/site-packages/airflow/example_dags/example_external_task_marker_dag.py
[2024-04-01 23:25:59,591] {logging_mixin.py:104} INFO - [2024-04-01 23:25:59,591] {dag.py:1833} INFO - Sync 2 DAGs
[2024-04-01 23:25:59,611] {logging_mixin.py:104} INFO - [2024-04-01 23:25:59,611] {dag.py:2306} INFO - Setting next_dagrun for example_external_task_marker_child to None
[2024-04-01 23:25:59,613] {logging_mixin.py:104} INFO - [2024-04-01 23:25:59,612] {dag.py:2306} INFO - Setting next_dagrun for example_external_task_marker_parent to None
[2024-04-01 23:25:59,631] {scheduler_job.py:190} INFO - Processing /home/airflow/.local/lib/python3.6/site-packages/airflow/example_dags/example_external_task_marker_dag.py took 0.371 seconds
[2024-04-01 23:26:29,930] {scheduler_job.py:182} INFO - Started process (PID=1217) to work on /home/airflow/.local/lib/python3.6/site-packages/airflow/example_dags/example_external_task_marker_dag.py
[2024-04-01 23:26:29,933] {scheduler_job.py:633} INFO - Processing file /home/airflow/.local/lib/python3.6/site-packages/airflow/example_dags/example_external_task_marker_dag.py for tasks to queue
[2024-04-01 23:26:29,934] {logging_mixin.py:104} INFO - [2024-04-01 23:26:29,934] {dagbag.py:496} INFO - Filling up the DagBag from /home/airflow/.local/lib/python3.6/site-packages/airflow/example_dags/example_external_task_marker_dag.py
[2024-04-01 23:26:29,950] {scheduler_job.py:643} INFO - DAG(s) dict_keys(['example_external_task_marker_parent', 'example_external_task_marker_child']) retrieved from /home/airflow/.local/lib/python3.6/site-packages/airflow/example_dags/example_external_task_marker_dag.py
[2024-04-01 23:26:30,238] {logging_mixin.py:104} INFO - [2024-04-01 23:26:30,237] {dag.py:1833} INFO - Sync 2 DAGs
[2024-04-01 23:26:30,259] {logging_mixin.py:104} INFO - [2024-04-01 23:26:30,259] {dag.py:2306} INFO - Setting next_dagrun for example_external_task_marker_child to None
[2024-04-01 23:26:30,260] {logging_mixin.py:104} INFO - [2024-04-01 23:26:30,260] {dag.py:2306} INFO - Setting next_dagrun for example_external_task_marker_parent to None
[2024-04-01 23:26:30,278] {scheduler_job.py:190} INFO - Processing /home/airflow/.local/lib/python3.6/site-packages/airflow/example_dags/example_external_task_marker_dag.py took 0.352 seconds
[2024-04-01 23:27:00,611] {scheduler_job.py:182} INFO - Started process (PID=1301) to work on /home/airflow/.local/lib/python3.6/site-packages/airflow/example_dags/example_external_task_marker_dag.py
[2024-04-01 23:27:00,612] {scheduler_job.py:633} INFO - Processing file /home/airflow/.local/lib/python3.6/site-packages/airflow/example_dags/example_external_task_marker_dag.py for tasks to queue
[2024-04-01 23:27:00,614] {logging_mixin.py:104} INFO - [2024-04-01 23:27:00,613] {dagbag.py:496} INFO - Filling up the DagBag from /home/airflow/.local/lib/python3.6/site-packages/airflow/example_dags/example_external_task_marker_dag.py
[2024-04-01 23:27:00,631] {scheduler_job.py:643} INFO - DAG(s) dict_keys(['example_external_task_marker_parent', 'example_external_task_marker_child']) retrieved from /home/airflow/.local/lib/python3.6/site-packages/airflow/example_dags/example_external_task_marker_dag.py
[2024-04-01 23:27:00,675] {logging_mixin.py:104} INFO - [2024-04-01 23:27:00,675] {dag.py:1833} INFO - Sync 2 DAGs
[2024-04-01 23:27:00,701] {logging_mixin.py:104} INFO - [2024-04-01 23:27:00,701] {dag.py:2306} INFO - Setting next_dagrun for example_external_task_marker_child to None
[2024-04-01 23:27:00,703] {logging_mixin.py:104} INFO - [2024-04-01 23:27:00,703] {dag.py:2306} INFO - Setting next_dagrun for example_external_task_marker_parent to None
[2024-04-01 23:27:00,733] {scheduler_job.py:190} INFO - Processing /home/airflow/.local/lib/python3.6/site-packages/airflow/example_dags/example_external_task_marker_dag.py took 0.128 seconds
[2024-04-01 23:27:31,264] {scheduler_job.py:182} INFO - Started process (PID=1384) to work on /home/airflow/.local/lib/python3.6/site-packages/airflow/example_dags/example_external_task_marker_dag.py
[2024-04-01 23:27:31,266] {scheduler_job.py:633} INFO - Processing file /home/airflow/.local/lib/python3.6/site-packages/airflow/example_dags/example_external_task_marker_dag.py for tasks to queue
[2024-04-01 23:27:31,267] {logging_mixin.py:104} INFO - [2024-04-01 23:27:31,267] {dagbag.py:496} INFO - Filling up the DagBag from /home/airflow/.local/lib/python3.6/site-packages/airflow/example_dags/example_external_task_marker_dag.py
[2024-04-01 23:27:31,281] {scheduler_job.py:643} INFO - DAG(s) dict_keys(['example_external_task_marker_parent', 'example_external_task_marker_child']) retrieved from /home/airflow/.local/lib/python3.6/site-packages/airflow/example_dags/example_external_task_marker_dag.py
[2024-04-01 23:27:31,316] {logging_mixin.py:104} INFO - [2024-04-01 23:27:31,316] {dag.py:1833} INFO - Sync 2 DAGs
[2024-04-01 23:27:31,338] {logging_mixin.py:104} INFO - [2024-04-01 23:27:31,338] {dag.py:2306} INFO - Setting next_dagrun for example_external_task_marker_child to None
[2024-04-01 23:27:31,340] {logging_mixin.py:104} INFO - [2024-04-01 23:27:31,340] {dag.py:2306} INFO - Setting next_dagrun for example_external_task_marker_parent to None
[2024-04-01 23:27:31,362] {scheduler_job.py:190} INFO - Processing /home/airflow/.local/lib/python3.6/site-packages/airflow/example_dags/example_external_task_marker_dag.py took 0.102 seconds
[2024-04-01 23:28:01,509] {scheduler_job.py:182} INFO - Started process (PID=1435) to work on /home/airflow/.local/lib/python3.6/site-packages/airflow/example_dags/example_external_task_marker_dag.py
[2024-04-01 23:28:01,510] {scheduler_job.py:633} INFO - Processing file /home/airflow/.local/lib/python3.6/site-packages/airflow/example_dags/example_external_task_marker_dag.py for tasks to queue
[2024-04-01 23:28:01,511] {logging_mixin.py:104} INFO - [2024-04-01 23:28:01,511] {dagbag.py:496} INFO - Filling up the DagBag from /home/airflow/.local/lib/python3.6/site-packages/airflow/example_dags/example_external_task_marker_dag.py
[2024-04-01 23:28:01,525] {scheduler_job.py:643} INFO - DAG(s) dict_keys(['example_external_task_marker_parent', 'example_external_task_marker_child']) retrieved from /home/airflow/.local/lib/python3.6/site-packages/airflow/example_dags/example_external_task_marker_dag.py
[2024-04-01 23:28:01,558] {logging_mixin.py:104} INFO - [2024-04-01 23:28:01,557] {dag.py:1833} INFO - Sync 2 DAGs
[2024-04-01 23:28:01,574] {logging_mixin.py:104} INFO - [2024-04-01 23:28:01,574] {dag.py:2306} INFO - Setting next_dagrun for example_external_task_marker_child to None
[2024-04-01 23:28:01,575] {logging_mixin.py:104} INFO - [2024-04-01 23:28:01,575] {dag.py:2306} INFO - Setting next_dagrun for example_external_task_marker_parent to None
[2024-04-01 23:28:01,591] {scheduler_job.py:190} INFO - Processing /home/airflow/.local/lib/python3.6/site-packages/airflow/example_dags/example_external_task_marker_dag.py took 0.085 seconds
[2024-04-01 23:28:32,462] {scheduler_job.py:182} INFO - Started process (PID=1519) to work on /home/airflow/.local/lib/python3.6/site-packages/airflow/example_dags/example_external_task_marker_dag.py
[2024-04-01 23:28:32,463] {scheduler_job.py:633} INFO - Processing file /home/airflow/.local/lib/python3.6/site-packages/airflow/example_dags/example_external_task_marker_dag.py for tasks to queue
[2024-04-01 23:28:32,464] {logging_mixin.py:104} INFO - [2024-04-01 23:28:32,464] {dagbag.py:496} INFO - Filling up the DagBag from /home/airflow/.local/lib/python3.6/site-packages/airflow/example_dags/example_external_task_marker_dag.py
[2024-04-01 23:28:32,478] {scheduler_job.py:643} INFO - DAG(s) dict_keys(['example_external_task_marker_parent', 'example_external_task_marker_child']) retrieved from /home/airflow/.local/lib/python3.6/site-packages/airflow/example_dags/example_external_task_marker_dag.py
[2024-04-01 23:28:32,510] {logging_mixin.py:104} INFO - [2024-04-01 23:28:32,510] {dag.py:1833} INFO - Sync 2 DAGs
[2024-04-01 23:28:32,525] {logging_mixin.py:104} INFO - [2024-04-01 23:28:32,525] {dag.py:2306} INFO - Setting next_dagrun for example_external_task_marker_child to None
[2024-04-01 23:28:32,525] {logging_mixin.py:104} INFO - [2024-04-01 23:28:32,525] {dag.py:2306} INFO - Setting next_dagrun for example_external_task_marker_parent to None
[2024-04-01 23:28:32,540] {scheduler_job.py:190} INFO - Processing /home/airflow/.local/lib/python3.6/site-packages/airflow/example_dags/example_external_task_marker_dag.py took 0.081 seconds
[2024-04-01 23:29:02,824] {scheduler_job.py:182} INFO - Started process (PID=1582) to work on /home/airflow/.local/lib/python3.6/site-packages/airflow/example_dags/example_external_task_marker_dag.py
[2024-04-01 23:29:02,825] {scheduler_job.py:633} INFO - Processing file /home/airflow/.local/lib/python3.6/site-packages/airflow/example_dags/example_external_task_marker_dag.py for tasks to queue
[2024-04-01 23:29:02,826] {logging_mixin.py:104} INFO - [2024-04-01 23:29:02,826] {dagbag.py:496} INFO - Filling up the DagBag from /home/airflow/.local/lib/python3.6/site-packages/airflow/example_dags/example_external_task_marker_dag.py
[2024-04-01 23:29:02,839] {scheduler_job.py:643} INFO - DAG(s) dict_keys(['example_external_task_marker_parent', 'example_external_task_marker_child']) retrieved from /home/airflow/.local/lib/python3.6/site-packages/airflow/example_dags/example_external_task_marker_dag.py
[2024-04-01 23:29:03,096] {logging_mixin.py:104} INFO - [2024-04-01 23:29:03,096] {dag.py:1833} INFO - Sync 2 DAGs
[2024-04-01 23:29:03,121] {logging_mixin.py:104} INFO - [2024-04-01 23:29:03,121] {dag.py:2306} INFO - Setting next_dagrun for example_external_task_marker_child to None
[2024-04-01 23:29:03,122] {logging_mixin.py:104} INFO - [2024-04-01 23:29:03,122] {dag.py:2306} INFO - Setting next_dagrun for example_external_task_marker_parent to None
[2024-04-01 23:29:03,143] {scheduler_job.py:190} INFO - Processing /home/airflow/.local/lib/python3.6/site-packages/airflow/example_dags/example_external_task_marker_dag.py took 0.322 seconds
[2024-04-01 23:29:33,624] {scheduler_job.py:182} INFO - Started process (PID=1634) to work on /home/airflow/.local/lib/python3.6/site-packages/airflow/example_dags/example_external_task_marker_dag.py
[2024-04-01 23:29:33,626] {scheduler_job.py:633} INFO - Processing file /home/airflow/.local/lib/python3.6/site-packages/airflow/example_dags/example_external_task_marker_dag.py for tasks to queue
[2024-04-01 23:29:33,627] {logging_mixin.py:104} INFO - [2024-04-01 23:29:33,627] {dagbag.py:496} INFO - Filling up the DagBag from /home/airflow/.local/lib/python3.6/site-packages/airflow/example_dags/example_external_task_marker_dag.py
[2024-04-01 23:29:33,660] {scheduler_job.py:643} INFO - DAG(s) dict_keys(['example_external_task_marker_parent', 'example_external_task_marker_child']) retrieved from /home/airflow/.local/lib/python3.6/site-packages/airflow/example_dags/example_external_task_marker_dag.py
[2024-04-01 23:29:34,091] {logging_mixin.py:104} INFO - [2024-04-01 23:29:34,091] {dag.py:1833} INFO - Sync 2 DAGs
[2024-04-01 23:29:34,117] {logging_mixin.py:104} INFO - [2024-04-01 23:29:34,117] {dag.py:2306} INFO - Setting next_dagrun for example_external_task_marker_child to None
[2024-04-01 23:29:34,119] {logging_mixin.py:104} INFO - [2024-04-01 23:29:34,118] {dag.py:2306} INFO - Setting next_dagrun for example_external_task_marker_parent to None
[2024-04-01 23:29:34,144] {scheduler_job.py:190} INFO - Processing /home/airflow/.local/lib/python3.6/site-packages/airflow/example_dags/example_external_task_marker_dag.py took 0.533 seconds
[2024-04-01 23:30:04,969] {scheduler_job.py:182} INFO - Started process (PID=1686) to work on /home/airflow/.local/lib/python3.6/site-packages/airflow/example_dags/example_external_task_marker_dag.py
[2024-04-01 23:30:04,970] {scheduler_job.py:633} INFO - Processing file /home/airflow/.local/lib/python3.6/site-packages/airflow/example_dags/example_external_task_marker_dag.py for tasks to queue
[2024-04-01 23:30:04,971] {logging_mixin.py:104} INFO - [2024-04-01 23:30:04,971] {dagbag.py:496} INFO - Filling up the DagBag from /home/airflow/.local/lib/python3.6/site-packages/airflow/example_dags/example_external_task_marker_dag.py
[2024-04-01 23:30:04,981] {scheduler_job.py:643} INFO - DAG(s) dict_keys(['example_external_task_marker_parent', 'example_external_task_marker_child']) retrieved from /home/airflow/.local/lib/python3.6/site-packages/airflow/example_dags/example_external_task_marker_dag.py
[2024-04-01 23:30:05,009] {logging_mixin.py:104} INFO - [2024-04-01 23:30:05,009] {dag.py:1833} INFO - Sync 2 DAGs
[2024-04-01 23:30:05,028] {logging_mixin.py:104} INFO - [2024-04-01 23:30:05,028] {dag.py:2306} INFO - Setting next_dagrun for example_external_task_marker_child to None
[2024-04-01 23:30:05,029] {logging_mixin.py:104} INFO - [2024-04-01 23:30:05,029] {dag.py:2306} INFO - Setting next_dagrun for example_external_task_marker_parent to None
[2024-04-01 23:30:05,045] {scheduler_job.py:190} INFO - Processing /home/airflow/.local/lib/python3.6/site-packages/airflow/example_dags/example_external_task_marker_dag.py took 0.079 seconds
[2024-04-01 23:30:35,567] {scheduler_job.py:182} INFO - Started process (PID=1748) to work on /home/airflow/.local/lib/python3.6/site-packages/airflow/example_dags/example_external_task_marker_dag.py
[2024-04-01 23:30:35,570] {scheduler_job.py:633} INFO - Processing file /home/airflow/.local/lib/python3.6/site-packages/airflow/example_dags/example_external_task_marker_dag.py for tasks to queue
[2024-04-01 23:30:35,572] {logging_mixin.py:104} INFO - [2024-04-01 23:30:35,571] {dagbag.py:496} INFO - Filling up the DagBag from /home/airflow/.local/lib/python3.6/site-packages/airflow/example_dags/example_external_task_marker_dag.py
[2024-04-01 23:30:35,597] {scheduler_job.py:643} INFO - DAG(s) dict_keys(['example_external_task_marker_parent', 'example_external_task_marker_child']) retrieved from /home/airflow/.local/lib/python3.6/site-packages/airflow/example_dags/example_external_task_marker_dag.py
[2024-04-01 23:30:35,648] {logging_mixin.py:104} INFO - [2024-04-01 23:30:35,648] {dag.py:1833} INFO - Sync 2 DAGs
[2024-04-01 23:30:35,674] {logging_mixin.py:104} INFO - [2024-04-01 23:30:35,674] {dag.py:2306} INFO - Setting next_dagrun for example_external_task_marker_child to None
[2024-04-01 23:30:35,676] {logging_mixin.py:104} INFO - [2024-04-01 23:30:35,675] {dag.py:2306} INFO - Setting next_dagrun for example_external_task_marker_parent to None
[2024-04-01 23:30:35,699] {scheduler_job.py:190} INFO - Processing /home/airflow/.local/lib/python3.6/site-packages/airflow/example_dags/example_external_task_marker_dag.py took 0.139 seconds
[2024-04-01 23:31:06,005] {scheduler_job.py:182} INFO - Started process (PID=1800) to work on /home/airflow/.local/lib/python3.6/site-packages/airflow/example_dags/example_external_task_marker_dag.py
[2024-04-01 23:31:06,007] {scheduler_job.py:633} INFO - Processing file /home/airflow/.local/lib/python3.6/site-packages/airflow/example_dags/example_external_task_marker_dag.py for tasks to queue
[2024-04-01 23:31:06,007] {logging_mixin.py:104} INFO - [2024-04-01 23:31:06,007] {dagbag.py:496} INFO - Filling up the DagBag from /home/airflow/.local/lib/python3.6/site-packages/airflow/example_dags/example_external_task_marker_dag.py
[2024-04-01 23:31:06,021] {scheduler_job.py:643} INFO - DAG(s) dict_keys(['example_external_task_marker_parent', 'example_external_task_marker_child']) retrieved from /home/airflow/.local/lib/python3.6/site-packages/airflow/example_dags/example_external_task_marker_dag.py
[2024-04-01 23:31:06,275] {logging_mixin.py:104} INFO - [2024-04-01 23:31:06,275] {dag.py:1833} INFO - Sync 2 DAGs
[2024-04-01 23:31:06,293] {logging_mixin.py:104} INFO - [2024-04-01 23:31:06,293] {dag.py:2306} INFO - Setting next_dagrun for example_external_task_marker_child to None
[2024-04-01 23:31:06,294] {logging_mixin.py:104} INFO - [2024-04-01 23:31:06,294] {dag.py:2306} INFO - Setting next_dagrun for example_external_task_marker_parent to None
[2024-04-01 23:31:06,313] {scheduler_job.py:190} INFO - Processing /home/airflow/.local/lib/python3.6/site-packages/airflow/example_dags/example_external_task_marker_dag.py took 0.310 seconds
[2024-04-01 23:31:36,451] {scheduler_job.py:182} INFO - Started process (PID=1855) to work on /home/airflow/.local/lib/python3.6/site-packages/airflow/example_dags/example_external_task_marker_dag.py
[2024-04-01 23:31:36,454] {scheduler_job.py:633} INFO - Processing file /home/airflow/.local/lib/python3.6/site-packages/airflow/example_dags/example_external_task_marker_dag.py for tasks to queue
[2024-04-01 23:31:36,455] {logging_mixin.py:104} INFO - [2024-04-01 23:31:36,455] {dagbag.py:496} INFO - Filling up the DagBag from /home/airflow/.local/lib/python3.6/site-packages/airflow/example_dags/example_external_task_marker_dag.py
[2024-04-01 23:31:36,478] {scheduler_job.py:643} INFO - DAG(s) dict_keys(['example_external_task_marker_parent', 'example_external_task_marker_child']) retrieved from /home/airflow/.local/lib/python3.6/site-packages/airflow/example_dags/example_external_task_marker_dag.py
[2024-04-01 23:31:36,852] {logging_mixin.py:104} INFO - [2024-04-01 23:31:36,851] {dag.py:1833} INFO - Sync 2 DAGs
[2024-04-01 23:31:36,876] {logging_mixin.py:104} INFO - [2024-04-01 23:31:36,876] {dag.py:2306} INFO - Setting next_dagrun for example_external_task_marker_child to None
[2024-04-01 23:31:36,878] {logging_mixin.py:104} INFO - [2024-04-01 23:31:36,878] {dag.py:2306} INFO - Setting next_dagrun for example_external_task_marker_parent to None
[2024-04-01 23:31:36,900] {scheduler_job.py:190} INFO - Processing /home/airflow/.local/lib/python3.6/site-packages/airflow/example_dags/example_external_task_marker_dag.py took 0.457 seconds
[2024-04-01 23:32:07,574] {scheduler_job.py:182} INFO - Started process (PID=1906) to work on /home/airflow/.local/lib/python3.6/site-packages/airflow/example_dags/example_external_task_marker_dag.py
[2024-04-01 23:32:07,576] {scheduler_job.py:633} INFO - Processing file /home/airflow/.local/lib/python3.6/site-packages/airflow/example_dags/example_external_task_marker_dag.py for tasks to queue
[2024-04-01 23:32:07,576] {logging_mixin.py:104} INFO - [2024-04-01 23:32:07,576] {dagbag.py:496} INFO - Filling up the DagBag from /home/airflow/.local/lib/python3.6/site-packages/airflow/example_dags/example_external_task_marker_dag.py
[2024-04-01 23:32:07,587] {scheduler_job.py:643} INFO - DAG(s) dict_keys(['example_external_task_marker_parent', 'example_external_task_marker_child']) retrieved from /home/airflow/.local/lib/python3.6/site-packages/airflow/example_dags/example_external_task_marker_dag.py
[2024-04-01 23:32:07,620] {logging_mixin.py:104} INFO - [2024-04-01 23:32:07,620] {dag.py:1833} INFO - Sync 2 DAGs
[2024-04-01 23:32:07,637] {logging_mixin.py:104} INFO - [2024-04-01 23:32:07,637] {dag.py:2306} INFO - Setting next_dagrun for example_external_task_marker_child to None
[2024-04-01 23:32:07,638] {logging_mixin.py:104} INFO - [2024-04-01 23:32:07,638] {dag.py:2306} INFO - Setting next_dagrun for example_external_task_marker_parent to None
[2024-04-01 23:32:07,652] {scheduler_job.py:190} INFO - Processing /home/airflow/.local/lib/python3.6/site-packages/airflow/example_dags/example_external_task_marker_dag.py took 0.080 seconds
[2024-04-01 23:32:37,845] {scheduler_job.py:182} INFO - Started process (PID=1968) to work on /home/airflow/.local/lib/python3.6/site-packages/airflow/example_dags/example_external_task_marker_dag.py
[2024-04-01 23:32:37,846] {scheduler_job.py:633} INFO - Processing file /home/airflow/.local/lib/python3.6/site-packages/airflow/example_dags/example_external_task_marker_dag.py for tasks to queue
[2024-04-01 23:32:37,846] {logging_mixin.py:104} INFO - [2024-04-01 23:32:37,846] {dagbag.py:496} INFO - Filling up the DagBag from /home/airflow/.local/lib/python3.6/site-packages/airflow/example_dags/example_external_task_marker_dag.py
[2024-04-01 23:32:37,858] {scheduler_job.py:643} INFO - DAG(s) dict_keys(['example_external_task_marker_parent', 'example_external_task_marker_child']) retrieved from /home/airflow/.local/lib/python3.6/site-packages/airflow/example_dags/example_external_task_marker_dag.py
[2024-04-01 23:32:38,132] {logging_mixin.py:104} INFO - [2024-04-01 23:32:38,132] {dag.py:1833} INFO - Sync 2 DAGs
[2024-04-01 23:32:38,151] {logging_mixin.py:104} INFO - [2024-04-01 23:32:38,151] {dag.py:2306} INFO - Setting next_dagrun for example_external_task_marker_child to None
[2024-04-01 23:32:38,152] {logging_mixin.py:104} INFO - [2024-04-01 23:32:38,151] {dag.py:2306} INFO - Setting next_dagrun for example_external_task_marker_parent to None
[2024-04-01 23:32:38,168] {scheduler_job.py:190} INFO - Processing /home/airflow/.local/lib/python3.6/site-packages/airflow/example_dags/example_external_task_marker_dag.py took 0.326 seconds
[2024-04-01 23:33:08,365] {scheduler_job.py:182} INFO - Started process (PID=2021) to work on /home/airflow/.local/lib/python3.6/site-packages/airflow/example_dags/example_external_task_marker_dag.py
[2024-04-01 23:33:08,368] {scheduler_job.py:633} INFO - Processing file /home/airflow/.local/lib/python3.6/site-packages/airflow/example_dags/example_external_task_marker_dag.py for tasks to queue
[2024-04-01 23:33:08,369] {logging_mixin.py:104} INFO - [2024-04-01 23:33:08,369] {dagbag.py:496} INFO - Filling up the DagBag from /home/airflow/.local/lib/python3.6/site-packages/airflow/example_dags/example_external_task_marker_dag.py
[2024-04-01 23:33:08,388] {scheduler_job.py:643} INFO - DAG(s) dict_keys(['example_external_task_marker_parent', 'example_external_task_marker_child']) retrieved from /home/airflow/.local/lib/python3.6/site-packages/airflow/example_dags/example_external_task_marker_dag.py
[2024-04-01 23:33:08,760] {logging_mixin.py:104} INFO - [2024-04-01 23:33:08,760] {dag.py:1833} INFO - Sync 2 DAGs
[2024-04-01 23:33:08,796] {logging_mixin.py:104} INFO - [2024-04-01 23:33:08,796] {dag.py:2306} INFO - Setting next_dagrun for example_external_task_marker_child to None
[2024-04-01 23:33:08,798] {logging_mixin.py:104} INFO - [2024-04-01 23:33:08,797] {dag.py:2306} INFO - Setting next_dagrun for example_external_task_marker_parent to None
[2024-04-01 23:33:08,825] {scheduler_job.py:190} INFO - Processing /home/airflow/.local/lib/python3.6/site-packages/airflow/example_dags/example_external_task_marker_dag.py took 0.465 seconds
[2024-04-01 23:33:38,973] {scheduler_job.py:182} INFO - Started process (PID=2073) to work on /home/airflow/.local/lib/python3.6/site-packages/airflow/example_dags/example_external_task_marker_dag.py
[2024-04-01 23:33:38,974] {scheduler_job.py:633} INFO - Processing file /home/airflow/.local/lib/python3.6/site-packages/airflow/example_dags/example_external_task_marker_dag.py for tasks to queue
[2024-04-01 23:33:38,975] {logging_mixin.py:104} INFO - [2024-04-01 23:33:38,975] {dagbag.py:496} INFO - Filling up the DagBag from /home/airflow/.local/lib/python3.6/site-packages/airflow/example_dags/example_external_task_marker_dag.py
[2024-04-01 23:33:38,987] {scheduler_job.py:643} INFO - DAG(s) dict_keys(['example_external_task_marker_parent', 'example_external_task_marker_child']) retrieved from /home/airflow/.local/lib/python3.6/site-packages/airflow/example_dags/example_external_task_marker_dag.py
[2024-04-01 23:33:39,232] {logging_mixin.py:104} INFO - [2024-04-01 23:33:39,232] {dag.py:1833} INFO - Sync 2 DAGs
[2024-04-01 23:33:39,251] {logging_mixin.py:104} INFO - [2024-04-01 23:33:39,250] {dag.py:2306} INFO - Setting next_dagrun for example_external_task_marker_child to None
[2024-04-01 23:33:39,252] {logging_mixin.py:104} INFO - [2024-04-01 23:33:39,251] {dag.py:2306} INFO - Setting next_dagrun for example_external_task_marker_parent to None
[2024-04-01 23:33:39,267] {scheduler_job.py:190} INFO - Processing /home/airflow/.local/lib/python3.6/site-packages/airflow/example_dags/example_external_task_marker_dag.py took 0.297 seconds
[2024-04-01 23:34:09,469] {scheduler_job.py:182} INFO - Started process (PID=2136) to work on /home/airflow/.local/lib/python3.6/site-packages/airflow/example_dags/example_external_task_marker_dag.py
[2024-04-01 23:34:09,470] {scheduler_job.py:633} INFO - Processing file /home/airflow/.local/lib/python3.6/site-packages/airflow/example_dags/example_external_task_marker_dag.py for tasks to queue
[2024-04-01 23:34:09,471] {logging_mixin.py:104} INFO - [2024-04-01 23:34:09,471] {dagbag.py:496} INFO - Filling up the DagBag from /home/airflow/.local/lib/python3.6/site-packages/airflow/example_dags/example_external_task_marker_dag.py
[2024-04-01 23:34:09,488] {scheduler_job.py:643} INFO - DAG(s) dict_keys(['example_external_task_marker_parent', 'example_external_task_marker_child']) retrieved from /home/airflow/.local/lib/python3.6/site-packages/airflow/example_dags/example_external_task_marker_dag.py
[2024-04-01 23:34:09,844] {logging_mixin.py:104} INFO - [2024-04-01 23:34:09,843] {dag.py:1833} INFO - Sync 2 DAGs
[2024-04-01 23:34:09,869] {logging_mixin.py:104} INFO - [2024-04-01 23:34:09,869] {dag.py:2306} INFO - Setting next_dagrun for example_external_task_marker_child to None
[2024-04-01 23:34:09,870] {logging_mixin.py:104} INFO - [2024-04-01 23:34:09,870] {dag.py:2306} INFO - Setting next_dagrun for example_external_task_marker_parent to None
[2024-04-01 23:34:09,895] {scheduler_job.py:190} INFO - Processing /home/airflow/.local/lib/python3.6/site-packages/airflow/example_dags/example_external_task_marker_dag.py took 0.430 seconds
[2024-04-01 23:34:40,669] {scheduler_job.py:182} INFO - Started process (PID=2188) to work on /home/airflow/.local/lib/python3.6/site-packages/airflow/example_dags/example_external_task_marker_dag.py
[2024-04-01 23:34:40,671] {scheduler_job.py:633} INFO - Processing file /home/airflow/.local/lib/python3.6/site-packages/airflow/example_dags/example_external_task_marker_dag.py for tasks to queue
[2024-04-01 23:34:40,672] {logging_mixin.py:104} INFO - [2024-04-01 23:34:40,672] {dagbag.py:496} INFO - Filling up the DagBag from /home/airflow/.local/lib/python3.6/site-packages/airflow/example_dags/example_external_task_marker_dag.py
[2024-04-01 23:34:40,700] {scheduler_job.py:643} INFO - DAG(s) dict_keys(['example_external_task_marker_parent', 'example_external_task_marker_child']) retrieved from /home/airflow/.local/lib/python3.6/site-packages/airflow/example_dags/example_external_task_marker_dag.py
[2024-04-01 23:34:40,754] {logging_mixin.py:104} INFO - [2024-04-01 23:34:40,754] {dag.py:1833} INFO - Sync 2 DAGs
[2024-04-01 23:34:40,787] {logging_mixin.py:104} INFO - [2024-04-01 23:34:40,787] {dag.py:2306} INFO - Setting next_dagrun for example_external_task_marker_child to None
[2024-04-01 23:34:40,789] {logging_mixin.py:104} INFO - [2024-04-01 23:34:40,789] {dag.py:2306} INFO - Setting next_dagrun for example_external_task_marker_parent to None
[2024-04-01 23:34:40,816] {scheduler_job.py:190} INFO - Processing /home/airflow/.local/lib/python3.6/site-packages/airflow/example_dags/example_external_task_marker_dag.py took 0.153 seconds
[2024-04-01 23:35:11,275] {scheduler_job.py:182} INFO - Started process (PID=2240) to work on /home/airflow/.local/lib/python3.6/site-packages/airflow/example_dags/example_external_task_marker_dag.py
[2024-04-01 23:35:11,277] {scheduler_job.py:633} INFO - Processing file /home/airflow/.local/lib/python3.6/site-packages/airflow/example_dags/example_external_task_marker_dag.py for tasks to queue
[2024-04-01 23:35:11,279] {logging_mixin.py:104} INFO - [2024-04-01 23:35:11,279] {dagbag.py:496} INFO - Filling up the DagBag from /home/airflow/.local/lib/python3.6/site-packages/airflow/example_dags/example_external_task_marker_dag.py
[2024-04-01 23:35:11,301] {scheduler_job.py:643} INFO - DAG(s) dict_keys(['example_external_task_marker_parent', 'example_external_task_marker_child']) retrieved from /home/airflow/.local/lib/python3.6/site-packages/airflow/example_dags/example_external_task_marker_dag.py
[2024-04-01 23:35:11,746] {logging_mixin.py:104} INFO - [2024-04-01 23:35:11,745] {dag.py:1833} INFO - Sync 2 DAGs
[2024-04-01 23:35:11,773] {logging_mixin.py:104} INFO - [2024-04-01 23:35:11,773] {dag.py:2306} INFO - Setting next_dagrun for example_external_task_marker_child to None
[2024-04-01 23:35:11,774] {logging_mixin.py:104} INFO - [2024-04-01 23:35:11,774] {dag.py:2306} INFO - Setting next_dagrun for example_external_task_marker_parent to None
[2024-04-01 23:35:11,803] {scheduler_job.py:190} INFO - Processing /home/airflow/.local/lib/python3.6/site-packages/airflow/example_dags/example_external_task_marker_dag.py took 0.533 seconds
[2024-04-01 23:35:42,474] {scheduler_job.py:182} INFO - Started process (PID=2303) to work on /home/airflow/.local/lib/python3.6/site-packages/airflow/example_dags/example_external_task_marker_dag.py
[2024-04-01 23:35:42,476] {scheduler_job.py:633} INFO - Processing file /home/airflow/.local/lib/python3.6/site-packages/airflow/example_dags/example_external_task_marker_dag.py for tasks to queue
[2024-04-01 23:35:42,477] {logging_mixin.py:104} INFO - [2024-04-01 23:35:42,477] {dagbag.py:496} INFO - Filling up the DagBag from /home/airflow/.local/lib/python3.6/site-packages/airflow/example_dags/example_external_task_marker_dag.py
[2024-04-01 23:35:42,493] {scheduler_job.py:643} INFO - DAG(s) dict_keys(['example_external_task_marker_parent', 'example_external_task_marker_child']) retrieved from /home/airflow/.local/lib/python3.6/site-packages/airflow/example_dags/example_external_task_marker_dag.py
[2024-04-01 23:35:42,755] {logging_mixin.py:104} INFO - [2024-04-01 23:35:42,754] {dag.py:1833} INFO - Sync 2 DAGs
[2024-04-01 23:35:42,776] {logging_mixin.py:104} INFO - [2024-04-01 23:35:42,776] {dag.py:2306} INFO - Setting next_dagrun for example_external_task_marker_child to None
[2024-04-01 23:35:42,777] {logging_mixin.py:104} INFO - [2024-04-01 23:35:42,777] {dag.py:2306} INFO - Setting next_dagrun for example_external_task_marker_parent to None
[2024-04-01 23:35:42,795] {scheduler_job.py:190} INFO - Processing /home/airflow/.local/lib/python3.6/site-packages/airflow/example_dags/example_external_task_marker_dag.py took 0.324 seconds
