[2024-04-01 23:19:27,496] {scheduler_job.py:182} INFO - Started process (PID=116) to work on /home/airflow/.local/lib/python3.6/site-packages/airflow/example_dags/tutorial_taskflow_api_etl.py
[2024-04-01 23:19:27,498] {scheduler_job.py:633} INFO - Processing file /home/airflow/.local/lib/python3.6/site-packages/airflow/example_dags/tutorial_taskflow_api_etl.py for tasks to queue
[2024-04-01 23:19:27,499] {logging_mixin.py:104} INFO - [2024-04-01 23:19:27,498] {dagbag.py:496} INFO - Filling up the DagBag from /home/airflow/.local/lib/python3.6/site-packages/airflow/example_dags/tutorial_taskflow_api_etl.py
[2024-04-01 23:19:27,524] {scheduler_job.py:643} INFO - DAG(s) dict_keys(['tutorial_taskflow_api_etl']) retrieved from /home/airflow/.local/lib/python3.6/site-packages/airflow/example_dags/tutorial_taskflow_api_etl.py
[2024-04-01 23:19:27,899] {logging_mixin.py:104} INFO - [2024-04-01 23:19:27,899] {dag.py:1833} INFO - Sync 1 DAGs
[2024-04-01 23:19:27,924] {logging_mixin.py:104} INFO - [2024-04-01 23:19:27,924] {dag.py:2306} INFO - Setting next_dagrun for tutorial_taskflow_api_etl to None
[2024-04-01 23:19:27,949] {scheduler_job.py:190} INFO - Processing /home/airflow/.local/lib/python3.6/site-packages/airflow/example_dags/tutorial_taskflow_api_etl.py took 0.457 seconds
[2024-04-01 23:19:58,009] {scheduler_job.py:182} INFO - Started process (PID=196) to work on /home/airflow/.local/lib/python3.6/site-packages/airflow/example_dags/tutorial_taskflow_api_etl.py
[2024-04-01 23:19:58,011] {scheduler_job.py:633} INFO - Processing file /home/airflow/.local/lib/python3.6/site-packages/airflow/example_dags/tutorial_taskflow_api_etl.py for tasks to queue
[2024-04-01 23:19:58,012] {logging_mixin.py:104} INFO - [2024-04-01 23:19:58,012] {dagbag.py:496} INFO - Filling up the DagBag from /home/airflow/.local/lib/python3.6/site-packages/airflow/example_dags/tutorial_taskflow_api_etl.py
[2024-04-01 23:19:58,043] {scheduler_job.py:643} INFO - DAG(s) dict_keys(['tutorial_taskflow_api_etl']) retrieved from /home/airflow/.local/lib/python3.6/site-packages/airflow/example_dags/tutorial_taskflow_api_etl.py
[2024-04-01 23:19:58,470] {logging_mixin.py:104} INFO - [2024-04-01 23:19:58,470] {dag.py:1833} INFO - Sync 1 DAGs
[2024-04-01 23:19:58,498] {logging_mixin.py:104} INFO - [2024-04-01 23:19:58,498] {dag.py:2306} INFO - Setting next_dagrun for tutorial_taskflow_api_etl to None
[2024-04-01 23:19:58,585] {scheduler_job.py:190} INFO - Processing /home/airflow/.local/lib/python3.6/site-packages/airflow/example_dags/tutorial_taskflow_api_etl.py took 0.579 seconds
[2024-04-01 23:20:28,947] {scheduler_job.py:182} INFO - Started process (PID=299) to work on /home/airflow/.local/lib/python3.6/site-packages/airflow/example_dags/tutorial_taskflow_api_etl.py
[2024-04-01 23:20:28,949] {scheduler_job.py:633} INFO - Processing file /home/airflow/.local/lib/python3.6/site-packages/airflow/example_dags/tutorial_taskflow_api_etl.py for tasks to queue
[2024-04-01 23:20:28,950] {logging_mixin.py:104} INFO - [2024-04-01 23:20:28,950] {dagbag.py:496} INFO - Filling up the DagBag from /home/airflow/.local/lib/python3.6/site-packages/airflow/example_dags/tutorial_taskflow_api_etl.py
[2024-04-01 23:20:28,977] {scheduler_job.py:643} INFO - DAG(s) dict_keys(['tutorial_taskflow_api_etl']) retrieved from /home/airflow/.local/lib/python3.6/site-packages/airflow/example_dags/tutorial_taskflow_api_etl.py
[2024-04-01 23:20:29,341] {logging_mixin.py:104} INFO - [2024-04-01 23:20:29,341] {dag.py:1833} INFO - Sync 1 DAGs
[2024-04-01 23:20:29,369] {logging_mixin.py:104} INFO - [2024-04-01 23:20:29,368] {dag.py:2306} INFO - Setting next_dagrun for tutorial_taskflow_api_etl to None
[2024-04-01 23:20:29,393] {scheduler_job.py:190} INFO - Processing /home/airflow/.local/lib/python3.6/site-packages/airflow/example_dags/tutorial_taskflow_api_etl.py took 0.450 seconds
[2024-04-01 23:21:00,561] {scheduler_job.py:182} INFO - Started process (PID=373) to work on /home/airflow/.local/lib/python3.6/site-packages/airflow/example_dags/tutorial_taskflow_api_etl.py
[2024-04-01 23:21:00,563] {scheduler_job.py:633} INFO - Processing file /home/airflow/.local/lib/python3.6/site-packages/airflow/example_dags/tutorial_taskflow_api_etl.py for tasks to queue
[2024-04-01 23:21:00,565] {logging_mixin.py:104} INFO - [2024-04-01 23:21:00,564] {dagbag.py:496} INFO - Filling up the DagBag from /home/airflow/.local/lib/python3.6/site-packages/airflow/example_dags/tutorial_taskflow_api_etl.py
[2024-04-01 23:21:00,601] {scheduler_job.py:643} INFO - DAG(s) dict_keys(['tutorial_taskflow_api_etl']) retrieved from /home/airflow/.local/lib/python3.6/site-packages/airflow/example_dags/tutorial_taskflow_api_etl.py
[2024-04-01 23:21:01,091] {logging_mixin.py:104} INFO - [2024-04-01 23:21:01,090] {dag.py:1833} INFO - Sync 1 DAGs
[2024-04-01 23:21:01,126] {logging_mixin.py:104} INFO - [2024-04-01 23:21:01,126] {dag.py:2306} INFO - Setting next_dagrun for tutorial_taskflow_api_etl to None
[2024-04-01 23:21:01,181] {scheduler_job.py:190} INFO - Processing /home/airflow/.local/lib/python3.6/site-packages/airflow/example_dags/tutorial_taskflow_api_etl.py took 0.627 seconds
[2024-04-01 23:21:31,238] {scheduler_job.py:182} INFO - Started process (PID=434) to work on /home/airflow/.local/lib/python3.6/site-packages/airflow/example_dags/tutorial_taskflow_api_etl.py
[2024-04-01 23:21:31,241] {scheduler_job.py:633} INFO - Processing file /home/airflow/.local/lib/python3.6/site-packages/airflow/example_dags/tutorial_taskflow_api_etl.py for tasks to queue
[2024-04-01 23:21:31,242] {logging_mixin.py:104} INFO - [2024-04-01 23:21:31,242] {dagbag.py:496} INFO - Filling up the DagBag from /home/airflow/.local/lib/python3.6/site-packages/airflow/example_dags/tutorial_taskflow_api_etl.py
[2024-04-01 23:21:31,277] {scheduler_job.py:643} INFO - DAG(s) dict_keys(['tutorial_taskflow_api_etl']) retrieved from /home/airflow/.local/lib/python3.6/site-packages/airflow/example_dags/tutorial_taskflow_api_etl.py
[2024-04-01 23:21:31,315] {logging_mixin.py:104} INFO - [2024-04-01 23:21:31,314] {dag.py:1833} INFO - Sync 1 DAGs
[2024-04-01 23:21:31,338] {logging_mixin.py:104} INFO - [2024-04-01 23:21:31,337] {dag.py:2306} INFO - Setting next_dagrun for tutorial_taskflow_api_etl to None
[2024-04-01 23:21:31,353] {scheduler_job.py:190} INFO - Processing /home/airflow/.local/lib/python3.6/site-packages/airflow/example_dags/tutorial_taskflow_api_etl.py took 0.120 seconds
[2024-04-01 23:22:01,460] {scheduler_job.py:182} INFO - Started process (PID=507) to work on /home/airflow/.local/lib/python3.6/site-packages/airflow/example_dags/tutorial_taskflow_api_etl.py
[2024-04-01 23:22:01,461] {scheduler_job.py:633} INFO - Processing file /home/airflow/.local/lib/python3.6/site-packages/airflow/example_dags/tutorial_taskflow_api_etl.py for tasks to queue
[2024-04-01 23:22:01,461] {logging_mixin.py:104} INFO - [2024-04-01 23:22:01,461] {dagbag.py:496} INFO - Filling up the DagBag from /home/airflow/.local/lib/python3.6/site-packages/airflow/example_dags/tutorial_taskflow_api_etl.py
[2024-04-01 23:22:01,480] {scheduler_job.py:643} INFO - DAG(s) dict_keys(['tutorial_taskflow_api_etl']) retrieved from /home/airflow/.local/lib/python3.6/site-packages/airflow/example_dags/tutorial_taskflow_api_etl.py
[2024-04-01 23:22:01,747] {logging_mixin.py:104} INFO - [2024-04-01 23:22:01,747] {dag.py:1833} INFO - Sync 1 DAGs
[2024-04-01 23:22:01,775] {logging_mixin.py:104} INFO - [2024-04-01 23:22:01,775] {dag.py:2306} INFO - Setting next_dagrun for tutorial_taskflow_api_etl to None
[2024-04-01 23:22:01,796] {scheduler_job.py:190} INFO - Processing /home/airflow/.local/lib/python3.6/site-packages/airflow/example_dags/tutorial_taskflow_api_etl.py took 0.338 seconds
[2024-04-01 23:22:32,100] {scheduler_job.py:182} INFO - Started process (PID=590) to work on /home/airflow/.local/lib/python3.6/site-packages/airflow/example_dags/tutorial_taskflow_api_etl.py
[2024-04-01 23:22:32,102] {scheduler_job.py:633} INFO - Processing file /home/airflow/.local/lib/python3.6/site-packages/airflow/example_dags/tutorial_taskflow_api_etl.py for tasks to queue
[2024-04-01 23:22:32,103] {logging_mixin.py:104} INFO - [2024-04-01 23:22:32,103] {dagbag.py:496} INFO - Filling up the DagBag from /home/airflow/.local/lib/python3.6/site-packages/airflow/example_dags/tutorial_taskflow_api_etl.py
[2024-04-01 23:22:32,125] {scheduler_job.py:643} INFO - DAG(s) dict_keys(['tutorial_taskflow_api_etl']) retrieved from /home/airflow/.local/lib/python3.6/site-packages/airflow/example_dags/tutorial_taskflow_api_etl.py
[2024-04-01 23:22:32,540] {logging_mixin.py:104} INFO - [2024-04-01 23:22:32,539] {dag.py:1833} INFO - Sync 1 DAGs
[2024-04-01 23:22:32,574] {logging_mixin.py:104} INFO - [2024-04-01 23:22:32,574] {dag.py:2306} INFO - Setting next_dagrun for tutorial_taskflow_api_etl to None
[2024-04-01 23:22:32,611] {scheduler_job.py:190} INFO - Processing /home/airflow/.local/lib/python3.6/site-packages/airflow/example_dags/tutorial_taskflow_api_etl.py took 0.514 seconds
[2024-04-01 23:23:02,647] {scheduler_job.py:182} INFO - Started process (PID=664) to work on /home/airflow/.local/lib/python3.6/site-packages/airflow/example_dags/tutorial_taskflow_api_etl.py
[2024-04-01 23:23:02,648] {scheduler_job.py:633} INFO - Processing file /home/airflow/.local/lib/python3.6/site-packages/airflow/example_dags/tutorial_taskflow_api_etl.py for tasks to queue
[2024-04-01 23:23:02,651] {logging_mixin.py:104} INFO - [2024-04-01 23:23:02,651] {dagbag.py:496} INFO - Filling up the DagBag from /home/airflow/.local/lib/python3.6/site-packages/airflow/example_dags/tutorial_taskflow_api_etl.py
[2024-04-01 23:23:02,682] {scheduler_job.py:643} INFO - DAG(s) dict_keys(['tutorial_taskflow_api_etl']) retrieved from /home/airflow/.local/lib/python3.6/site-packages/airflow/example_dags/tutorial_taskflow_api_etl.py
[2024-04-01 23:23:03,114] {logging_mixin.py:104} INFO - [2024-04-01 23:23:03,113] {dag.py:1833} INFO - Sync 1 DAGs
[2024-04-01 23:23:03,145] {logging_mixin.py:104} INFO - [2024-04-01 23:23:03,144] {dag.py:2306} INFO - Setting next_dagrun for tutorial_taskflow_api_etl to None
[2024-04-01 23:23:03,176] {scheduler_job.py:190} INFO - Processing /home/airflow/.local/lib/python3.6/site-packages/airflow/example_dags/tutorial_taskflow_api_etl.py took 0.533 seconds
[2024-04-01 23:23:34,185] {scheduler_job.py:182} INFO - Started process (PID=760) to work on /home/airflow/.local/lib/python3.6/site-packages/airflow/example_dags/tutorial_taskflow_api_etl.py
[2024-04-01 23:23:34,186] {scheduler_job.py:633} INFO - Processing file /home/airflow/.local/lib/python3.6/site-packages/airflow/example_dags/tutorial_taskflow_api_etl.py for tasks to queue
[2024-04-01 23:23:34,188] {logging_mixin.py:104} INFO - [2024-04-01 23:23:34,188] {dagbag.py:496} INFO - Filling up the DagBag from /home/airflow/.local/lib/python3.6/site-packages/airflow/example_dags/tutorial_taskflow_api_etl.py
[2024-04-01 23:23:34,219] {scheduler_job.py:643} INFO - DAG(s) dict_keys(['tutorial_taskflow_api_etl']) retrieved from /home/airflow/.local/lib/python3.6/site-packages/airflow/example_dags/tutorial_taskflow_api_etl.py
[2024-04-01 23:23:34,489] {logging_mixin.py:104} INFO - [2024-04-01 23:23:34,489] {dag.py:1833} INFO - Sync 1 DAGs
[2024-04-01 23:23:34,510] {logging_mixin.py:104} INFO - [2024-04-01 23:23:34,510] {dag.py:2306} INFO - Setting next_dagrun for tutorial_taskflow_api_etl to None
[2024-04-01 23:23:34,528] {scheduler_job.py:190} INFO - Processing /home/airflow/.local/lib/python3.6/site-packages/airflow/example_dags/tutorial_taskflow_api_etl.py took 0.349 seconds
[2024-04-01 23:24:04,599] {scheduler_job.py:182} INFO - Started process (PID=838) to work on /home/airflow/.local/lib/python3.6/site-packages/airflow/example_dags/tutorial_taskflow_api_etl.py
[2024-04-01 23:24:04,601] {scheduler_job.py:633} INFO - Processing file /home/airflow/.local/lib/python3.6/site-packages/airflow/example_dags/tutorial_taskflow_api_etl.py for tasks to queue
[2024-04-01 23:24:04,603] {logging_mixin.py:104} INFO - [2024-04-01 23:24:04,602] {dagbag.py:496} INFO - Filling up the DagBag from /home/airflow/.local/lib/python3.6/site-packages/airflow/example_dags/tutorial_taskflow_api_etl.py
[2024-04-01 23:24:04,637] {scheduler_job.py:643} INFO - DAG(s) dict_keys(['tutorial_taskflow_api_etl']) retrieved from /home/airflow/.local/lib/python3.6/site-packages/airflow/example_dags/tutorial_taskflow_api_etl.py
[2024-04-01 23:24:05,044] {logging_mixin.py:104} INFO - [2024-04-01 23:24:05,044] {dag.py:1833} INFO - Sync 1 DAGs
[2024-04-01 23:24:05,065] {logging_mixin.py:104} INFO - [2024-04-01 23:24:05,065] {dag.py:2306} INFO - Setting next_dagrun for tutorial_taskflow_api_etl to None
[2024-04-01 23:24:05,083] {scheduler_job.py:190} INFO - Processing /home/airflow/.local/lib/python3.6/site-packages/airflow/example_dags/tutorial_taskflow_api_etl.py took 0.489 seconds
[2024-04-01 23:24:35,774] {scheduler_job.py:182} INFO - Started process (PID=926) to work on /home/airflow/.local/lib/python3.6/site-packages/airflow/example_dags/tutorial_taskflow_api_etl.py
[2024-04-01 23:24:35,775] {scheduler_job.py:633} INFO - Processing file /home/airflow/.local/lib/python3.6/site-packages/airflow/example_dags/tutorial_taskflow_api_etl.py for tasks to queue
[2024-04-01 23:24:35,776] {logging_mixin.py:104} INFO - [2024-04-01 23:24:35,776] {dagbag.py:496} INFO - Filling up the DagBag from /home/airflow/.local/lib/python3.6/site-packages/airflow/example_dags/tutorial_taskflow_api_etl.py
[2024-04-01 23:24:35,794] {scheduler_job.py:643} INFO - DAG(s) dict_keys(['tutorial_taskflow_api_etl']) retrieved from /home/airflow/.local/lib/python3.6/site-packages/airflow/example_dags/tutorial_taskflow_api_etl.py
[2024-04-01 23:24:36,066] {logging_mixin.py:104} INFO - [2024-04-01 23:24:36,066] {dag.py:1833} INFO - Sync 1 DAGs
[2024-04-01 23:24:36,086] {logging_mixin.py:104} INFO - [2024-04-01 23:24:36,086] {dag.py:2306} INFO - Setting next_dagrun for tutorial_taskflow_api_etl to None
[2024-04-01 23:24:36,105] {scheduler_job.py:190} INFO - Processing /home/airflow/.local/lib/python3.6/site-packages/airflow/example_dags/tutorial_taskflow_api_etl.py took 0.333 seconds
[2024-04-01 23:25:06,354] {scheduler_job.py:182} INFO - Started process (PID=1005) to work on /home/airflow/.local/lib/python3.6/site-packages/airflow/example_dags/tutorial_taskflow_api_etl.py
[2024-04-01 23:25:06,356] {scheduler_job.py:633} INFO - Processing file /home/airflow/.local/lib/python3.6/site-packages/airflow/example_dags/tutorial_taskflow_api_etl.py for tasks to queue
[2024-04-01 23:25:06,358] {logging_mixin.py:104} INFO - [2024-04-01 23:25:06,357] {dagbag.py:496} INFO - Filling up the DagBag from /home/airflow/.local/lib/python3.6/site-packages/airflow/example_dags/tutorial_taskflow_api_etl.py
[2024-04-01 23:25:06,392] {scheduler_job.py:643} INFO - DAG(s) dict_keys(['tutorial_taskflow_api_etl']) retrieved from /home/airflow/.local/lib/python3.6/site-packages/airflow/example_dags/tutorial_taskflow_api_etl.py
[2024-04-01 23:25:06,505] {logging_mixin.py:104} INFO - [2024-04-01 23:25:06,505] {dag.py:1833} INFO - Sync 1 DAGs
[2024-04-01 23:25:06,576] {logging_mixin.py:104} INFO - [2024-04-01 23:25:06,576] {dag.py:2306} INFO - Setting next_dagrun for tutorial_taskflow_api_etl to None
[2024-04-01 23:25:06,609] {scheduler_job.py:190} INFO - Processing /home/airflow/.local/lib/python3.6/site-packages/airflow/example_dags/tutorial_taskflow_api_etl.py took 0.285 seconds
[2024-04-01 23:25:37,498] {scheduler_job.py:182} INFO - Started process (PID=1084) to work on /home/airflow/.local/lib/python3.6/site-packages/airflow/example_dags/tutorial_taskflow_api_etl.py
[2024-04-01 23:25:37,499] {scheduler_job.py:633} INFO - Processing file /home/airflow/.local/lib/python3.6/site-packages/airflow/example_dags/tutorial_taskflow_api_etl.py for tasks to queue
[2024-04-01 23:25:37,500] {logging_mixin.py:104} INFO - [2024-04-01 23:25:37,500] {dagbag.py:496} INFO - Filling up the DagBag from /home/airflow/.local/lib/python3.6/site-packages/airflow/example_dags/tutorial_taskflow_api_etl.py
[2024-04-01 23:25:37,525] {scheduler_job.py:643} INFO - DAG(s) dict_keys(['tutorial_taskflow_api_etl']) retrieved from /home/airflow/.local/lib/python3.6/site-packages/airflow/example_dags/tutorial_taskflow_api_etl.py
[2024-04-01 23:25:37,847] {logging_mixin.py:104} INFO - [2024-04-01 23:25:37,846] {dag.py:1833} INFO - Sync 1 DAGs
[2024-04-01 23:25:37,862] {logging_mixin.py:104} INFO - [2024-04-01 23:25:37,861] {dag.py:2306} INFO - Setting next_dagrun for tutorial_taskflow_api_etl to None
[2024-04-01 23:25:37,877] {scheduler_job.py:190} INFO - Processing /home/airflow/.local/lib/python3.6/site-packages/airflow/example_dags/tutorial_taskflow_api_etl.py took 0.382 seconds
[2024-04-01 23:26:08,135] {scheduler_job.py:182} INFO - Started process (PID=1167) to work on /home/airflow/.local/lib/python3.6/site-packages/airflow/example_dags/tutorial_taskflow_api_etl.py
[2024-04-01 23:26:08,136] {scheduler_job.py:633} INFO - Processing file /home/airflow/.local/lib/python3.6/site-packages/airflow/example_dags/tutorial_taskflow_api_etl.py for tasks to queue
[2024-04-01 23:26:08,138] {logging_mixin.py:104} INFO - [2024-04-01 23:26:08,137] {dagbag.py:496} INFO - Filling up the DagBag from /home/airflow/.local/lib/python3.6/site-packages/airflow/example_dags/tutorial_taskflow_api_etl.py
[2024-04-01 23:26:08,163] {scheduler_job.py:643} INFO - DAG(s) dict_keys(['tutorial_taskflow_api_etl']) retrieved from /home/airflow/.local/lib/python3.6/site-packages/airflow/example_dags/tutorial_taskflow_api_etl.py
[2024-04-01 23:26:08,198] {logging_mixin.py:104} INFO - [2024-04-01 23:26:08,197] {dag.py:1833} INFO - Sync 1 DAGs
[2024-04-01 23:26:08,223] {logging_mixin.py:104} INFO - [2024-04-01 23:26:08,222] {dag.py:2306} INFO - Setting next_dagrun for tutorial_taskflow_api_etl to None
[2024-04-01 23:26:08,245] {scheduler_job.py:190} INFO - Processing /home/airflow/.local/lib/python3.6/site-packages/airflow/example_dags/tutorial_taskflow_api_etl.py took 0.115 seconds
[2024-04-01 23:26:38,314] {scheduler_job.py:182} INFO - Started process (PID=1250) to work on /home/airflow/.local/lib/python3.6/site-packages/airflow/example_dags/tutorial_taskflow_api_etl.py
[2024-04-01 23:26:38,317] {scheduler_job.py:633} INFO - Processing file /home/airflow/.local/lib/python3.6/site-packages/airflow/example_dags/tutorial_taskflow_api_etl.py for tasks to queue
[2024-04-01 23:26:38,318] {logging_mixin.py:104} INFO - [2024-04-01 23:26:38,318] {dagbag.py:496} INFO - Filling up the DagBag from /home/airflow/.local/lib/python3.6/site-packages/airflow/example_dags/tutorial_taskflow_api_etl.py
[2024-04-01 23:26:38,340] {scheduler_job.py:643} INFO - DAG(s) dict_keys(['tutorial_taskflow_api_etl']) retrieved from /home/airflow/.local/lib/python3.6/site-packages/airflow/example_dags/tutorial_taskflow_api_etl.py
[2024-04-01 23:26:38,629] {logging_mixin.py:104} INFO - [2024-04-01 23:26:38,628] {dag.py:1833} INFO - Sync 1 DAGs
[2024-04-01 23:26:38,647] {logging_mixin.py:104} INFO - [2024-04-01 23:26:38,647] {dag.py:2306} INFO - Setting next_dagrun for tutorial_taskflow_api_etl to None
[2024-04-01 23:26:38,666] {scheduler_job.py:190} INFO - Processing /home/airflow/.local/lib/python3.6/site-packages/airflow/example_dags/tutorial_taskflow_api_etl.py took 0.356 seconds
[2024-04-01 23:27:09,180] {scheduler_job.py:182} INFO - Started process (PID=1334) to work on /home/airflow/.local/lib/python3.6/site-packages/airflow/example_dags/tutorial_taskflow_api_etl.py
[2024-04-01 23:27:09,182] {scheduler_job.py:633} INFO - Processing file /home/airflow/.local/lib/python3.6/site-packages/airflow/example_dags/tutorial_taskflow_api_etl.py for tasks to queue
[2024-04-01 23:27:09,184] {logging_mixin.py:104} INFO - [2024-04-01 23:27:09,183] {dagbag.py:496} INFO - Filling up the DagBag from /home/airflow/.local/lib/python3.6/site-packages/airflow/example_dags/tutorial_taskflow_api_etl.py
[2024-04-01 23:27:09,211] {scheduler_job.py:643} INFO - DAG(s) dict_keys(['tutorial_taskflow_api_etl']) retrieved from /home/airflow/.local/lib/python3.6/site-packages/airflow/example_dags/tutorial_taskflow_api_etl.py
[2024-04-01 23:27:09,523] {logging_mixin.py:104} INFO - [2024-04-01 23:27:09,522] {dag.py:1833} INFO - Sync 1 DAGs
[2024-04-01 23:27:09,550] {logging_mixin.py:104} INFO - [2024-04-01 23:27:09,550] {dag.py:2306} INFO - Setting next_dagrun for tutorial_taskflow_api_etl to None
[2024-04-01 23:27:09,573] {scheduler_job.py:190} INFO - Processing /home/airflow/.local/lib/python3.6/site-packages/airflow/example_dags/tutorial_taskflow_api_etl.py took 0.399 seconds
[2024-04-01 23:27:39,657] {scheduler_job.py:182} INFO - Started process (PID=1417) to work on /home/airflow/.local/lib/python3.6/site-packages/airflow/example_dags/tutorial_taskflow_api_etl.py
[2024-04-01 23:27:39,658] {scheduler_job.py:633} INFO - Processing file /home/airflow/.local/lib/python3.6/site-packages/airflow/example_dags/tutorial_taskflow_api_etl.py for tasks to queue
[2024-04-01 23:27:39,659] {logging_mixin.py:104} INFO - [2024-04-01 23:27:39,659] {dagbag.py:496} INFO - Filling up the DagBag from /home/airflow/.local/lib/python3.6/site-packages/airflow/example_dags/tutorial_taskflow_api_etl.py
[2024-04-01 23:27:39,683] {scheduler_job.py:643} INFO - DAG(s) dict_keys(['tutorial_taskflow_api_etl']) retrieved from /home/airflow/.local/lib/python3.6/site-packages/airflow/example_dags/tutorial_taskflow_api_etl.py
[2024-04-01 23:27:39,719] {logging_mixin.py:104} INFO - [2024-04-01 23:27:39,719] {dag.py:1833} INFO - Sync 1 DAGs
[2024-04-01 23:27:39,756] {logging_mixin.py:104} INFO - [2024-04-01 23:27:39,755] {dag.py:2306} INFO - Setting next_dagrun for tutorial_taskflow_api_etl to None
[2024-04-01 23:27:39,774] {scheduler_job.py:190} INFO - Processing /home/airflow/.local/lib/python3.6/site-packages/airflow/example_dags/tutorial_taskflow_api_etl.py took 0.122 seconds
[2024-04-01 23:28:09,933] {scheduler_job.py:182} INFO - Started process (PID=1501) to work on /home/airflow/.local/lib/python3.6/site-packages/airflow/example_dags/tutorial_taskflow_api_etl.py
[2024-04-01 23:28:09,935] {scheduler_job.py:633} INFO - Processing file /home/airflow/.local/lib/python3.6/site-packages/airflow/example_dags/tutorial_taskflow_api_etl.py for tasks to queue
[2024-04-01 23:28:09,936] {logging_mixin.py:104} INFO - [2024-04-01 23:28:09,936] {dagbag.py:496} INFO - Filling up the DagBag from /home/airflow/.local/lib/python3.6/site-packages/airflow/example_dags/tutorial_taskflow_api_etl.py
[2024-04-01 23:28:09,958] {scheduler_job.py:643} INFO - DAG(s) dict_keys(['tutorial_taskflow_api_etl']) retrieved from /home/airflow/.local/lib/python3.6/site-packages/airflow/example_dags/tutorial_taskflow_api_etl.py
[2024-04-01 23:28:09,989] {logging_mixin.py:104} INFO - [2024-04-01 23:28:09,989] {dag.py:1833} INFO - Sync 1 DAGs
[2024-04-01 23:28:10,017] {logging_mixin.py:104} INFO - [2024-04-01 23:28:10,016] {dag.py:2306} INFO - Setting next_dagrun for tutorial_taskflow_api_etl to None
[2024-04-01 23:28:10,040] {scheduler_job.py:190} INFO - Processing /home/airflow/.local/lib/python3.6/site-packages/airflow/example_dags/tutorial_taskflow_api_etl.py took 0.112 seconds
[2024-04-01 23:28:40,467] {scheduler_job.py:182} INFO - Started process (PID=1553) to work on /home/airflow/.local/lib/python3.6/site-packages/airflow/example_dags/tutorial_taskflow_api_etl.py
[2024-04-01 23:28:40,468] {scheduler_job.py:633} INFO - Processing file /home/airflow/.local/lib/python3.6/site-packages/airflow/example_dags/tutorial_taskflow_api_etl.py for tasks to queue
[2024-04-01 23:28:40,469] {logging_mixin.py:104} INFO - [2024-04-01 23:28:40,469] {dagbag.py:496} INFO - Filling up the DagBag from /home/airflow/.local/lib/python3.6/site-packages/airflow/example_dags/tutorial_taskflow_api_etl.py
[2024-04-01 23:28:40,489] {scheduler_job.py:643} INFO - DAG(s) dict_keys(['tutorial_taskflow_api_etl']) retrieved from /home/airflow/.local/lib/python3.6/site-packages/airflow/example_dags/tutorial_taskflow_api_etl.py
[2024-04-01 23:28:40,753] {logging_mixin.py:104} INFO - [2024-04-01 23:28:40,753] {dag.py:1833} INFO - Sync 1 DAGs
[2024-04-01 23:28:40,771] {logging_mixin.py:104} INFO - [2024-04-01 23:28:40,771] {dag.py:2306} INFO - Setting next_dagrun for tutorial_taskflow_api_etl to None
[2024-04-01 23:28:40,788] {scheduler_job.py:190} INFO - Processing /home/airflow/.local/lib/python3.6/site-packages/airflow/example_dags/tutorial_taskflow_api_etl.py took 0.325 seconds
[2024-04-01 23:29:11,765] {scheduler_job.py:182} INFO - Started process (PID=1606) to work on /home/airflow/.local/lib/python3.6/site-packages/airflow/example_dags/tutorial_taskflow_api_etl.py
[2024-04-01 23:29:11,766] {scheduler_job.py:633} INFO - Processing file /home/airflow/.local/lib/python3.6/site-packages/airflow/example_dags/tutorial_taskflow_api_etl.py for tasks to queue
[2024-04-01 23:29:11,766] {logging_mixin.py:104} INFO - [2024-04-01 23:29:11,766] {dagbag.py:496} INFO - Filling up the DagBag from /home/airflow/.local/lib/python3.6/site-packages/airflow/example_dags/tutorial_taskflow_api_etl.py
[2024-04-01 23:29:11,784] {scheduler_job.py:643} INFO - DAG(s) dict_keys(['tutorial_taskflow_api_etl']) retrieved from /home/airflow/.local/lib/python3.6/site-packages/airflow/example_dags/tutorial_taskflow_api_etl.py
[2024-04-01 23:29:12,042] {logging_mixin.py:104} INFO - [2024-04-01 23:29:12,042] {dag.py:1833} INFO - Sync 1 DAGs
[2024-04-01 23:29:12,057] {logging_mixin.py:104} INFO - [2024-04-01 23:29:12,056] {dag.py:2306} INFO - Setting next_dagrun for tutorial_taskflow_api_etl to None
[2024-04-01 23:29:12,072] {scheduler_job.py:190} INFO - Processing /home/airflow/.local/lib/python3.6/site-packages/airflow/example_dags/tutorial_taskflow_api_etl.py took 0.311 seconds
[2024-04-01 23:29:42,448] {scheduler_job.py:182} INFO - Started process (PID=1668) to work on /home/airflow/.local/lib/python3.6/site-packages/airflow/example_dags/tutorial_taskflow_api_etl.py
[2024-04-01 23:29:42,449] {scheduler_job.py:633} INFO - Processing file /home/airflow/.local/lib/python3.6/site-packages/airflow/example_dags/tutorial_taskflow_api_etl.py for tasks to queue
[2024-04-01 23:29:42,450] {logging_mixin.py:104} INFO - [2024-04-01 23:29:42,450] {dagbag.py:496} INFO - Filling up the DagBag from /home/airflow/.local/lib/python3.6/site-packages/airflow/example_dags/tutorial_taskflow_api_etl.py
[2024-04-01 23:29:42,471] {scheduler_job.py:643} INFO - DAG(s) dict_keys(['tutorial_taskflow_api_etl']) retrieved from /home/airflow/.local/lib/python3.6/site-packages/airflow/example_dags/tutorial_taskflow_api_etl.py
[2024-04-01 23:29:42,779] {logging_mixin.py:104} INFO - [2024-04-01 23:29:42,779] {dag.py:1833} INFO - Sync 1 DAGs
[2024-04-01 23:29:42,799] {logging_mixin.py:104} INFO - [2024-04-01 23:29:42,799] {dag.py:2306} INFO - Setting next_dagrun for tutorial_taskflow_api_etl to None
[2024-04-01 23:29:42,816] {scheduler_job.py:190} INFO - Processing /home/airflow/.local/lib/python3.6/site-packages/airflow/example_dags/tutorial_taskflow_api_etl.py took 0.372 seconds
[2024-04-01 23:30:13,340] {scheduler_job.py:182} INFO - Started process (PID=1722) to work on /home/airflow/.local/lib/python3.6/site-packages/airflow/example_dags/tutorial_taskflow_api_etl.py
[2024-04-01 23:30:13,342] {scheduler_job.py:633} INFO - Processing file /home/airflow/.local/lib/python3.6/site-packages/airflow/example_dags/tutorial_taskflow_api_etl.py for tasks to queue
[2024-04-01 23:30:13,343] {logging_mixin.py:104} INFO - [2024-04-01 23:30:13,343] {dagbag.py:496} INFO - Filling up the DagBag from /home/airflow/.local/lib/python3.6/site-packages/airflow/example_dags/tutorial_taskflow_api_etl.py
[2024-04-01 23:30:13,369] {scheduler_job.py:643} INFO - DAG(s) dict_keys(['tutorial_taskflow_api_etl']) retrieved from /home/airflow/.local/lib/python3.6/site-packages/airflow/example_dags/tutorial_taskflow_api_etl.py
[2024-04-01 23:30:13,705] {logging_mixin.py:104} INFO - [2024-04-01 23:30:13,705] {dag.py:1833} INFO - Sync 1 DAGs
[2024-04-01 23:30:13,729] {logging_mixin.py:104} INFO - [2024-04-01 23:30:13,729] {dag.py:2306} INFO - Setting next_dagrun for tutorial_taskflow_api_etl to None
[2024-04-01 23:30:13,746] {scheduler_job.py:190} INFO - Processing /home/airflow/.local/lib/python3.6/site-packages/airflow/example_dags/tutorial_taskflow_api_etl.py took 0.409 seconds
[2024-04-01 23:30:43,991] {scheduler_job.py:182} INFO - Started process (PID=1772) to work on /home/airflow/.local/lib/python3.6/site-packages/airflow/example_dags/tutorial_taskflow_api_etl.py
[2024-04-01 23:30:43,993] {scheduler_job.py:633} INFO - Processing file /home/airflow/.local/lib/python3.6/site-packages/airflow/example_dags/tutorial_taskflow_api_etl.py for tasks to queue
[2024-04-01 23:30:43,994] {logging_mixin.py:104} INFO - [2024-04-01 23:30:43,994] {dagbag.py:496} INFO - Filling up the DagBag from /home/airflow/.local/lib/python3.6/site-packages/airflow/example_dags/tutorial_taskflow_api_etl.py
[2024-04-01 23:30:44,015] {scheduler_job.py:643} INFO - DAG(s) dict_keys(['tutorial_taskflow_api_etl']) retrieved from /home/airflow/.local/lib/python3.6/site-packages/airflow/example_dags/tutorial_taskflow_api_etl.py
[2024-04-01 23:30:44,527] {logging_mixin.py:104} INFO - [2024-04-01 23:30:44,527] {dag.py:1833} INFO - Sync 1 DAGs
[2024-04-01 23:30:44,556] {logging_mixin.py:104} INFO - [2024-04-01 23:30:44,556] {dag.py:2306} INFO - Setting next_dagrun for tutorial_taskflow_api_etl to None
[2024-04-01 23:30:44,588] {scheduler_job.py:190} INFO - Processing /home/airflow/.local/lib/python3.6/site-packages/airflow/example_dags/tutorial_taskflow_api_etl.py took 0.600 seconds
[2024-04-01 23:31:15,263] {scheduler_job.py:182} INFO - Started process (PID=1833) to work on /home/airflow/.local/lib/python3.6/site-packages/airflow/example_dags/tutorial_taskflow_api_etl.py
[2024-04-01 23:31:15,292] {scheduler_job.py:633} INFO - Processing file /home/airflow/.local/lib/python3.6/site-packages/airflow/example_dags/tutorial_taskflow_api_etl.py for tasks to queue
[2024-04-01 23:31:15,295] {logging_mixin.py:104} INFO - [2024-04-01 23:31:15,293] {dagbag.py:496} INFO - Filling up the DagBag from /home/airflow/.local/lib/python3.6/site-packages/airflow/example_dags/tutorial_taskflow_api_etl.py
[2024-04-01 23:31:15,338] {scheduler_job.py:643} INFO - DAG(s) dict_keys(['tutorial_taskflow_api_etl']) retrieved from /home/airflow/.local/lib/python3.6/site-packages/airflow/example_dags/tutorial_taskflow_api_etl.py
[2024-04-01 23:31:15,506] {logging_mixin.py:104} INFO - [2024-04-01 23:31:15,505] {dag.py:1833} INFO - Sync 1 DAGs
[2024-04-01 23:31:15,660] {logging_mixin.py:104} INFO - [2024-04-01 23:31:15,660] {dag.py:2306} INFO - Setting next_dagrun for tutorial_taskflow_api_etl to None
[2024-04-01 23:31:15,703] {scheduler_job.py:190} INFO - Processing /home/airflow/.local/lib/python3.6/site-packages/airflow/example_dags/tutorial_taskflow_api_etl.py took 0.445 seconds
[2024-04-01 23:31:46,365] {scheduler_job.py:182} INFO - Started process (PID=1886) to work on /home/airflow/.local/lib/python3.6/site-packages/airflow/example_dags/tutorial_taskflow_api_etl.py
[2024-04-01 23:31:46,368] {scheduler_job.py:633} INFO - Processing file /home/airflow/.local/lib/python3.6/site-packages/airflow/example_dags/tutorial_taskflow_api_etl.py for tasks to queue
[2024-04-01 23:31:46,370] {logging_mixin.py:104} INFO - [2024-04-01 23:31:46,370] {dagbag.py:496} INFO - Filling up the DagBag from /home/airflow/.local/lib/python3.6/site-packages/airflow/example_dags/tutorial_taskflow_api_etl.py
[2024-04-01 23:31:46,419] {scheduler_job.py:643} INFO - DAG(s) dict_keys(['tutorial_taskflow_api_etl']) retrieved from /home/airflow/.local/lib/python3.6/site-packages/airflow/example_dags/tutorial_taskflow_api_etl.py
[2024-04-01 23:31:46,982] {logging_mixin.py:104} INFO - [2024-04-01 23:31:46,982] {dag.py:1833} INFO - Sync 1 DAGs
[2024-04-01 23:31:47,010] {logging_mixin.py:104} INFO - [2024-04-01 23:31:47,009] {dag.py:2306} INFO - Setting next_dagrun for tutorial_taskflow_api_etl to None
[2024-04-01 23:31:47,038] {scheduler_job.py:190} INFO - Processing /home/airflow/.local/lib/python3.6/site-packages/airflow/example_dags/tutorial_taskflow_api_etl.py took 0.677 seconds
[2024-04-01 23:32:18,035] {scheduler_job.py:182} INFO - Started process (PID=1938) to work on /home/airflow/.local/lib/python3.6/site-packages/airflow/example_dags/tutorial_taskflow_api_etl.py
[2024-04-01 23:32:18,037] {scheduler_job.py:633} INFO - Processing file /home/airflow/.local/lib/python3.6/site-packages/airflow/example_dags/tutorial_taskflow_api_etl.py for tasks to queue
[2024-04-01 23:32:18,039] {logging_mixin.py:104} INFO - [2024-04-01 23:32:18,038] {dagbag.py:496} INFO - Filling up the DagBag from /home/airflow/.local/lib/python3.6/site-packages/airflow/example_dags/tutorial_taskflow_api_etl.py
[2024-04-01 23:32:18,068] {scheduler_job.py:643} INFO - DAG(s) dict_keys(['tutorial_taskflow_api_etl']) retrieved from /home/airflow/.local/lib/python3.6/site-packages/airflow/example_dags/tutorial_taskflow_api_etl.py
[2024-04-01 23:32:18,382] {logging_mixin.py:104} INFO - [2024-04-01 23:32:18,382] {dag.py:1833} INFO - Sync 1 DAGs
[2024-04-01 23:32:18,399] {logging_mixin.py:104} INFO - [2024-04-01 23:32:18,398] {dag.py:2306} INFO - Setting next_dagrun for tutorial_taskflow_api_etl to None
[2024-04-01 23:32:18,413] {scheduler_job.py:190} INFO - Processing /home/airflow/.local/lib/python3.6/site-packages/airflow/example_dags/tutorial_taskflow_api_etl.py took 0.385 seconds
[2024-04-01 23:32:48,491] {scheduler_job.py:182} INFO - Started process (PID=1999) to work on /home/airflow/.local/lib/python3.6/site-packages/airflow/example_dags/tutorial_taskflow_api_etl.py
[2024-04-01 23:32:48,492] {scheduler_job.py:633} INFO - Processing file /home/airflow/.local/lib/python3.6/site-packages/airflow/example_dags/tutorial_taskflow_api_etl.py for tasks to queue
[2024-04-01 23:32:48,494] {logging_mixin.py:104} INFO - [2024-04-01 23:32:48,494] {dagbag.py:496} INFO - Filling up the DagBag from /home/airflow/.local/lib/python3.6/site-packages/airflow/example_dags/tutorial_taskflow_api_etl.py
[2024-04-01 23:32:48,514] {scheduler_job.py:643} INFO - DAG(s) dict_keys(['tutorial_taskflow_api_etl']) retrieved from /home/airflow/.local/lib/python3.6/site-packages/airflow/example_dags/tutorial_taskflow_api_etl.py
[2024-04-01 23:32:48,834] {logging_mixin.py:104} INFO - [2024-04-01 23:32:48,834] {dag.py:1833} INFO - Sync 1 DAGs
[2024-04-01 23:32:48,854] {logging_mixin.py:104} INFO - [2024-04-01 23:32:48,854] {dag.py:2306} INFO - Setting next_dagrun for tutorial_taskflow_api_etl to None
[2024-04-01 23:32:48,873] {scheduler_job.py:190} INFO - Processing /home/airflow/.local/lib/python3.6/site-packages/airflow/example_dags/tutorial_taskflow_api_etl.py took 0.387 seconds
[2024-04-01 23:33:19,403] {scheduler_job.py:182} INFO - Started process (PID=2053) to work on /home/airflow/.local/lib/python3.6/site-packages/airflow/example_dags/tutorial_taskflow_api_etl.py
[2024-04-01 23:33:19,404] {scheduler_job.py:633} INFO - Processing file /home/airflow/.local/lib/python3.6/site-packages/airflow/example_dags/tutorial_taskflow_api_etl.py for tasks to queue
[2024-04-01 23:33:19,405] {logging_mixin.py:104} INFO - [2024-04-01 23:33:19,404] {dagbag.py:496} INFO - Filling up the DagBag from /home/airflow/.local/lib/python3.6/site-packages/airflow/example_dags/tutorial_taskflow_api_etl.py
[2024-04-01 23:33:19,424] {scheduler_job.py:643} INFO - DAG(s) dict_keys(['tutorial_taskflow_api_etl']) retrieved from /home/airflow/.local/lib/python3.6/site-packages/airflow/example_dags/tutorial_taskflow_api_etl.py
[2024-04-01 23:33:19,615] {logging_mixin.py:104} INFO - [2024-04-01 23:33:19,615] {dag.py:1833} INFO - Sync 1 DAGs
[2024-04-01 23:33:19,630] {logging_mixin.py:104} INFO - [2024-04-01 23:33:19,630] {dag.py:2306} INFO - Setting next_dagrun for tutorial_taskflow_api_etl to None
[2024-04-01 23:33:19,644] {scheduler_job.py:190} INFO - Processing /home/airflow/.local/lib/python3.6/site-packages/airflow/example_dags/tutorial_taskflow_api_etl.py took 0.244 seconds
[2024-04-01 23:33:49,805] {scheduler_job.py:182} INFO - Started process (PID=2105) to work on /home/airflow/.local/lib/python3.6/site-packages/airflow/example_dags/tutorial_taskflow_api_etl.py
[2024-04-01 23:33:49,807] {scheduler_job.py:633} INFO - Processing file /home/airflow/.local/lib/python3.6/site-packages/airflow/example_dags/tutorial_taskflow_api_etl.py for tasks to queue
[2024-04-01 23:33:49,808] {logging_mixin.py:104} INFO - [2024-04-01 23:33:49,808] {dagbag.py:496} INFO - Filling up the DagBag from /home/airflow/.local/lib/python3.6/site-packages/airflow/example_dags/tutorial_taskflow_api_etl.py
[2024-04-01 23:33:49,830] {scheduler_job.py:643} INFO - DAG(s) dict_keys(['tutorial_taskflow_api_etl']) retrieved from /home/airflow/.local/lib/python3.6/site-packages/airflow/example_dags/tutorial_taskflow_api_etl.py
[2024-04-01 23:33:50,062] {logging_mixin.py:104} INFO - [2024-04-01 23:33:50,061] {dag.py:1833} INFO - Sync 1 DAGs
[2024-04-01 23:33:50,076] {logging_mixin.py:104} INFO - [2024-04-01 23:33:50,076] {dag.py:2306} INFO - Setting next_dagrun for tutorial_taskflow_api_etl to None
[2024-04-01 23:33:50,091] {scheduler_job.py:190} INFO - Processing /home/airflow/.local/lib/python3.6/site-packages/airflow/example_dags/tutorial_taskflow_api_etl.py took 0.290 seconds
[2024-04-01 23:34:20,715] {scheduler_job.py:182} INFO - Started process (PID=2165) to work on /home/airflow/.local/lib/python3.6/site-packages/airflow/example_dags/tutorial_taskflow_api_etl.py
[2024-04-01 23:34:20,717] {scheduler_job.py:633} INFO - Processing file /home/airflow/.local/lib/python3.6/site-packages/airflow/example_dags/tutorial_taskflow_api_etl.py for tasks to queue
[2024-04-01 23:34:20,719] {logging_mixin.py:104} INFO - [2024-04-01 23:34:20,719] {dagbag.py:496} INFO - Filling up the DagBag from /home/airflow/.local/lib/python3.6/site-packages/airflow/example_dags/tutorial_taskflow_api_etl.py
[2024-04-01 23:34:20,762] {scheduler_job.py:643} INFO - DAG(s) dict_keys(['tutorial_taskflow_api_etl']) retrieved from /home/airflow/.local/lib/python3.6/site-packages/airflow/example_dags/tutorial_taskflow_api_etl.py
[2024-04-01 23:34:21,179] {logging_mixin.py:104} INFO - [2024-04-01 23:34:21,179] {dag.py:1833} INFO - Sync 1 DAGs
[2024-04-01 23:34:21,208] {logging_mixin.py:104} INFO - [2024-04-01 23:34:21,208] {dag.py:2306} INFO - Setting next_dagrun for tutorial_taskflow_api_etl to None
[2024-04-01 23:34:21,231] {scheduler_job.py:190} INFO - Processing /home/airflow/.local/lib/python3.6/site-packages/airflow/example_dags/tutorial_taskflow_api_etl.py took 0.522 seconds
[2024-04-01 23:34:51,617] {scheduler_job.py:182} INFO - Started process (PID=2220) to work on /home/airflow/.local/lib/python3.6/site-packages/airflow/example_dags/tutorial_taskflow_api_etl.py
[2024-04-01 23:34:51,619] {scheduler_job.py:633} INFO - Processing file /home/airflow/.local/lib/python3.6/site-packages/airflow/example_dags/tutorial_taskflow_api_etl.py for tasks to queue
[2024-04-01 23:34:51,619] {logging_mixin.py:104} INFO - [2024-04-01 23:34:51,619] {dagbag.py:496} INFO - Filling up the DagBag from /home/airflow/.local/lib/python3.6/site-packages/airflow/example_dags/tutorial_taskflow_api_etl.py
[2024-04-01 23:34:51,638] {scheduler_job.py:643} INFO - DAG(s) dict_keys(['tutorial_taskflow_api_etl']) retrieved from /home/airflow/.local/lib/python3.6/site-packages/airflow/example_dags/tutorial_taskflow_api_etl.py
[2024-04-01 23:34:51,888] {logging_mixin.py:104} INFO - [2024-04-01 23:34:51,888] {dag.py:1833} INFO - Sync 1 DAGs
[2024-04-01 23:34:51,902] {logging_mixin.py:104} INFO - [2024-04-01 23:34:51,902] {dag.py:2306} INFO - Setting next_dagrun for tutorial_taskflow_api_etl to None
[2024-04-01 23:34:51,915] {scheduler_job.py:190} INFO - Processing /home/airflow/.local/lib/python3.6/site-packages/airflow/example_dags/tutorial_taskflow_api_etl.py took 0.302 seconds
[2024-04-01 23:35:22,037] {scheduler_job.py:182} INFO - Started process (PID=2272) to work on /home/airflow/.local/lib/python3.6/site-packages/airflow/example_dags/tutorial_taskflow_api_etl.py
[2024-04-01 23:35:22,039] {scheduler_job.py:633} INFO - Processing file /home/airflow/.local/lib/python3.6/site-packages/airflow/example_dags/tutorial_taskflow_api_etl.py for tasks to queue
[2024-04-01 23:35:22,040] {logging_mixin.py:104} INFO - [2024-04-01 23:35:22,040] {dagbag.py:496} INFO - Filling up the DagBag from /home/airflow/.local/lib/python3.6/site-packages/airflow/example_dags/tutorial_taskflow_api_etl.py
[2024-04-01 23:35:22,099] {scheduler_job.py:643} INFO - DAG(s) dict_keys(['tutorial_taskflow_api_etl']) retrieved from /home/airflow/.local/lib/python3.6/site-packages/airflow/example_dags/tutorial_taskflow_api_etl.py
[2024-04-01 23:35:23,014] {logging_mixin.py:104} INFO - [2024-04-01 23:35:23,014] {dag.py:1833} INFO - Sync 1 DAGs
[2024-04-01 23:35:23,045] {logging_mixin.py:104} INFO - [2024-04-01 23:35:23,045] {dag.py:2306} INFO - Setting next_dagrun for tutorial_taskflow_api_etl to None
[2024-04-01 23:35:23,068] {scheduler_job.py:190} INFO - Processing /home/airflow/.local/lib/python3.6/site-packages/airflow/example_dags/tutorial_taskflow_api_etl.py took 1.046 seconds
