[2024-04-01 23:19:21,977] {scheduler_job.py:182} INFO - Started process (PID=96) to work on /home/airflow/.local/lib/python3.6/site-packages/airflow/example_dags/tutorial_etl_dag.py
[2024-04-01 23:19:21,980] {scheduler_job.py:633} INFO - Processing file /home/airflow/.local/lib/python3.6/site-packages/airflow/example_dags/tutorial_etl_dag.py for tasks to queue
[2024-04-01 23:19:21,986] {logging_mixin.py:104} INFO - [2024-04-01 23:19:21,985] {dagbag.py:496} INFO - Filling up the DagBag from /home/airflow/.local/lib/python3.6/site-packages/airflow/example_dags/tutorial_etl_dag.py
[2024-04-01 23:19:22,004] {scheduler_job.py:643} INFO - DAG(s) dict_keys(['tutorial_etl_dag']) retrieved from /home/airflow/.local/lib/python3.6/site-packages/airflow/example_dags/tutorial_etl_dag.py
[2024-04-01 23:19:22,421] {logging_mixin.py:104} INFO - [2024-04-01 23:19:22,420] {dag.py:1833} INFO - Sync 1 DAGs
[2024-04-01 23:19:22,450] {logging_mixin.py:104} INFO - [2024-04-01 23:19:22,450] {dag.py:2306} INFO - Setting next_dagrun for tutorial_etl_dag to None
[2024-04-01 23:19:22,475] {scheduler_job.py:190} INFO - Processing /home/airflow/.local/lib/python3.6/site-packages/airflow/example_dags/tutorial_etl_dag.py took 0.502 seconds
[2024-04-01 23:19:53,011] {scheduler_job.py:182} INFO - Started process (PID=153) to work on /home/airflow/.local/lib/python3.6/site-packages/airflow/example_dags/tutorial_etl_dag.py
[2024-04-01 23:19:53,013] {scheduler_job.py:633} INFO - Processing file /home/airflow/.local/lib/python3.6/site-packages/airflow/example_dags/tutorial_etl_dag.py for tasks to queue
[2024-04-01 23:19:53,015] {logging_mixin.py:104} INFO - [2024-04-01 23:19:53,014] {dagbag.py:496} INFO - Filling up the DagBag from /home/airflow/.local/lib/python3.6/site-packages/airflow/example_dags/tutorial_etl_dag.py
[2024-04-01 23:19:53,055] {scheduler_job.py:643} INFO - DAG(s) dict_keys(['tutorial_etl_dag']) retrieved from /home/airflow/.local/lib/python3.6/site-packages/airflow/example_dags/tutorial_etl_dag.py
[2024-04-01 23:19:53,136] {logging_mixin.py:104} INFO - [2024-04-01 23:19:53,136] {dag.py:1833} INFO - Sync 1 DAGs
[2024-04-01 23:19:53,186] {logging_mixin.py:104} INFO - [2024-04-01 23:19:53,185] {dag.py:2306} INFO - Setting next_dagrun for tutorial_etl_dag to None
[2024-04-01 23:19:53,225] {scheduler_job.py:190} INFO - Processing /home/airflow/.local/lib/python3.6/site-packages/airflow/example_dags/tutorial_etl_dag.py took 0.227 seconds
[2024-04-01 23:20:23,532] {scheduler_job.py:182} INFO - Started process (PID=246) to work on /home/airflow/.local/lib/python3.6/site-packages/airflow/example_dags/tutorial_etl_dag.py
[2024-04-01 23:20:23,533] {scheduler_job.py:633} INFO - Processing file /home/airflow/.local/lib/python3.6/site-packages/airflow/example_dags/tutorial_etl_dag.py for tasks to queue
[2024-04-01 23:20:23,534] {logging_mixin.py:104} INFO - [2024-04-01 23:20:23,534] {dagbag.py:496} INFO - Filling up the DagBag from /home/airflow/.local/lib/python3.6/site-packages/airflow/example_dags/tutorial_etl_dag.py
[2024-04-01 23:20:23,544] {scheduler_job.py:643} INFO - DAG(s) dict_keys(['tutorial_etl_dag']) retrieved from /home/airflow/.local/lib/python3.6/site-packages/airflow/example_dags/tutorial_etl_dag.py
[2024-04-01 23:20:23,572] {logging_mixin.py:104} INFO - [2024-04-01 23:20:23,572] {dag.py:1833} INFO - Sync 1 DAGs
[2024-04-01 23:20:23,587] {logging_mixin.py:104} INFO - [2024-04-01 23:20:23,587] {dag.py:2306} INFO - Setting next_dagrun for tutorial_etl_dag to None
[2024-04-01 23:20:23,599] {scheduler_job.py:190} INFO - Processing /home/airflow/.local/lib/python3.6/site-packages/airflow/example_dags/tutorial_etl_dag.py took 0.069 seconds
[2024-04-01 23:20:54,149] {scheduler_job.py:182} INFO - Started process (PID=321) to work on /home/airflow/.local/lib/python3.6/site-packages/airflow/example_dags/tutorial_etl_dag.py
[2024-04-01 23:20:54,150] {scheduler_job.py:633} INFO - Processing file /home/airflow/.local/lib/python3.6/site-packages/airflow/example_dags/tutorial_etl_dag.py for tasks to queue
[2024-04-01 23:20:54,151] {logging_mixin.py:104} INFO - [2024-04-01 23:20:54,151] {dagbag.py:496} INFO - Filling up the DagBag from /home/airflow/.local/lib/python3.6/site-packages/airflow/example_dags/tutorial_etl_dag.py
[2024-04-01 23:20:54,166] {scheduler_job.py:643} INFO - DAG(s) dict_keys(['tutorial_etl_dag']) retrieved from /home/airflow/.local/lib/python3.6/site-packages/airflow/example_dags/tutorial_etl_dag.py
[2024-04-01 23:20:54,198] {logging_mixin.py:104} INFO - [2024-04-01 23:20:54,198] {dag.py:1833} INFO - Sync 1 DAGs
[2024-04-01 23:20:54,228] {logging_mixin.py:104} INFO - [2024-04-01 23:20:54,227] {dag.py:2306} INFO - Setting next_dagrun for tutorial_etl_dag to None
[2024-04-01 23:20:54,244] {scheduler_job.py:190} INFO - Processing /home/airflow/.local/lib/python3.6/site-packages/airflow/example_dags/tutorial_etl_dag.py took 0.100 seconds
[2024-04-01 23:21:24,796] {scheduler_job.py:182} INFO - Started process (PID=404) to work on /home/airflow/.local/lib/python3.6/site-packages/airflow/example_dags/tutorial_etl_dag.py
[2024-04-01 23:21:24,797] {scheduler_job.py:633} INFO - Processing file /home/airflow/.local/lib/python3.6/site-packages/airflow/example_dags/tutorial_etl_dag.py for tasks to queue
[2024-04-01 23:21:24,798] {logging_mixin.py:104} INFO - [2024-04-01 23:21:24,797] {dagbag.py:496} INFO - Filling up the DagBag from /home/airflow/.local/lib/python3.6/site-packages/airflow/example_dags/tutorial_etl_dag.py
[2024-04-01 23:21:24,814] {scheduler_job.py:643} INFO - DAG(s) dict_keys(['tutorial_etl_dag']) retrieved from /home/airflow/.local/lib/python3.6/site-packages/airflow/example_dags/tutorial_etl_dag.py
[2024-04-01 23:21:24,848] {logging_mixin.py:104} INFO - [2024-04-01 23:21:24,847] {dag.py:1833} INFO - Sync 1 DAGs
[2024-04-01 23:21:24,876] {logging_mixin.py:104} INFO - [2024-04-01 23:21:24,876] {dag.py:2306} INFO - Setting next_dagrun for tutorial_etl_dag to None
[2024-04-01 23:21:24,898] {scheduler_job.py:190} INFO - Processing /home/airflow/.local/lib/python3.6/site-packages/airflow/example_dags/tutorial_etl_dag.py took 0.107 seconds
[2024-04-01 23:21:55,109] {scheduler_job.py:182} INFO - Started process (PID=488) to work on /home/airflow/.local/lib/python3.6/site-packages/airflow/example_dags/tutorial_etl_dag.py
[2024-04-01 23:21:55,110] {scheduler_job.py:633} INFO - Processing file /home/airflow/.local/lib/python3.6/site-packages/airflow/example_dags/tutorial_etl_dag.py for tasks to queue
[2024-04-01 23:21:55,111] {logging_mixin.py:104} INFO - [2024-04-01 23:21:55,111] {dagbag.py:496} INFO - Filling up the DagBag from /home/airflow/.local/lib/python3.6/site-packages/airflow/example_dags/tutorial_etl_dag.py
[2024-04-01 23:21:55,128] {scheduler_job.py:643} INFO - DAG(s) dict_keys(['tutorial_etl_dag']) retrieved from /home/airflow/.local/lib/python3.6/site-packages/airflow/example_dags/tutorial_etl_dag.py
[2024-04-01 23:21:55,162] {logging_mixin.py:104} INFO - [2024-04-01 23:21:55,162] {dag.py:1833} INFO - Sync 1 DAGs
[2024-04-01 23:21:55,190] {logging_mixin.py:104} INFO - [2024-04-01 23:21:55,190] {dag.py:2306} INFO - Setting next_dagrun for tutorial_etl_dag to None
[2024-04-01 23:21:55,211] {scheduler_job.py:190} INFO - Processing /home/airflow/.local/lib/python3.6/site-packages/airflow/example_dags/tutorial_etl_dag.py took 0.105 seconds
[2024-04-01 23:22:25,311] {scheduler_job.py:182} INFO - Started process (PID=570) to work on /home/airflow/.local/lib/python3.6/site-packages/airflow/example_dags/tutorial_etl_dag.py
[2024-04-01 23:22:25,313] {scheduler_job.py:633} INFO - Processing file /home/airflow/.local/lib/python3.6/site-packages/airflow/example_dags/tutorial_etl_dag.py for tasks to queue
[2024-04-01 23:22:25,315] {logging_mixin.py:104} INFO - [2024-04-01 23:22:25,314] {dagbag.py:496} INFO - Filling up the DagBag from /home/airflow/.local/lib/python3.6/site-packages/airflow/example_dags/tutorial_etl_dag.py
[2024-04-01 23:22:25,341] {scheduler_job.py:643} INFO - DAG(s) dict_keys(['tutorial_etl_dag']) retrieved from /home/airflow/.local/lib/python3.6/site-packages/airflow/example_dags/tutorial_etl_dag.py
[2024-04-01 23:22:25,376] {logging_mixin.py:104} INFO - [2024-04-01 23:22:25,376] {dag.py:1833} INFO - Sync 1 DAGs
[2024-04-01 23:22:25,402] {logging_mixin.py:104} INFO - [2024-04-01 23:22:25,401] {dag.py:2306} INFO - Setting next_dagrun for tutorial_etl_dag to None
[2024-04-01 23:22:25,430] {scheduler_job.py:190} INFO - Processing /home/airflow/.local/lib/python3.6/site-packages/airflow/example_dags/tutorial_etl_dag.py took 0.125 seconds
[2024-04-01 23:22:56,336] {scheduler_job.py:182} INFO - Started process (PID=645) to work on /home/airflow/.local/lib/python3.6/site-packages/airflow/example_dags/tutorial_etl_dag.py
[2024-04-01 23:22:56,337] {scheduler_job.py:633} INFO - Processing file /home/airflow/.local/lib/python3.6/site-packages/airflow/example_dags/tutorial_etl_dag.py for tasks to queue
[2024-04-01 23:22:56,338] {logging_mixin.py:104} INFO - [2024-04-01 23:22:56,338] {dagbag.py:496} INFO - Filling up the DagBag from /home/airflow/.local/lib/python3.6/site-packages/airflow/example_dags/tutorial_etl_dag.py
[2024-04-01 23:22:56,355] {scheduler_job.py:643} INFO - DAG(s) dict_keys(['tutorial_etl_dag']) retrieved from /home/airflow/.local/lib/python3.6/site-packages/airflow/example_dags/tutorial_etl_dag.py
[2024-04-01 23:22:56,380] {logging_mixin.py:104} INFO - [2024-04-01 23:22:56,380] {dag.py:1833} INFO - Sync 1 DAGs
[2024-04-01 23:22:56,399] {logging_mixin.py:104} INFO - [2024-04-01 23:22:56,399] {dag.py:2306} INFO - Setting next_dagrun for tutorial_etl_dag to None
[2024-04-01 23:22:56,413] {scheduler_job.py:190} INFO - Processing /home/airflow/.local/lib/python3.6/site-packages/airflow/example_dags/tutorial_etl_dag.py took 0.081 seconds
[2024-04-01 23:23:26,770] {scheduler_job.py:182} INFO - Started process (PID=728) to work on /home/airflow/.local/lib/python3.6/site-packages/airflow/example_dags/tutorial_etl_dag.py
[2024-04-01 23:23:26,771] {scheduler_job.py:633} INFO - Processing file /home/airflow/.local/lib/python3.6/site-packages/airflow/example_dags/tutorial_etl_dag.py for tasks to queue
[2024-04-01 23:23:26,772] {logging_mixin.py:104} INFO - [2024-04-01 23:23:26,772] {dagbag.py:496} INFO - Filling up the DagBag from /home/airflow/.local/lib/python3.6/site-packages/airflow/example_dags/tutorial_etl_dag.py
[2024-04-01 23:23:26,788] {scheduler_job.py:643} INFO - DAG(s) dict_keys(['tutorial_etl_dag']) retrieved from /home/airflow/.local/lib/python3.6/site-packages/airflow/example_dags/tutorial_etl_dag.py
[2024-04-01 23:23:26,828] {logging_mixin.py:104} INFO - [2024-04-01 23:23:26,828] {dag.py:1833} INFO - Sync 1 DAGs
[2024-04-01 23:23:26,854] {logging_mixin.py:104} INFO - [2024-04-01 23:23:26,854] {dag.py:2306} INFO - Setting next_dagrun for tutorial_etl_dag to None
[2024-04-01 23:23:26,880] {scheduler_job.py:190} INFO - Processing /home/airflow/.local/lib/python3.6/site-packages/airflow/example_dags/tutorial_etl_dag.py took 0.115 seconds
[2024-04-01 23:23:57,116] {scheduler_job.py:182} INFO - Started process (PID=811) to work on /home/airflow/.local/lib/python3.6/site-packages/airflow/example_dags/tutorial_etl_dag.py
[2024-04-01 23:23:57,117] {scheduler_job.py:633} INFO - Processing file /home/airflow/.local/lib/python3.6/site-packages/airflow/example_dags/tutorial_etl_dag.py for tasks to queue
[2024-04-01 23:23:57,118] {logging_mixin.py:104} INFO - [2024-04-01 23:23:57,117] {dagbag.py:496} INFO - Filling up the DagBag from /home/airflow/.local/lib/python3.6/site-packages/airflow/example_dags/tutorial_etl_dag.py
[2024-04-01 23:23:57,132] {scheduler_job.py:643} INFO - DAG(s) dict_keys(['tutorial_etl_dag']) retrieved from /home/airflow/.local/lib/python3.6/site-packages/airflow/example_dags/tutorial_etl_dag.py
[2024-04-01 23:23:57,159] {logging_mixin.py:104} INFO - [2024-04-01 23:23:57,159] {dag.py:1833} INFO - Sync 1 DAGs
[2024-04-01 23:23:57,179] {logging_mixin.py:104} INFO - [2024-04-01 23:23:57,179] {dag.py:2306} INFO - Setting next_dagrun for tutorial_etl_dag to None
[2024-04-01 23:23:57,191] {scheduler_job.py:190} INFO - Processing /home/airflow/.local/lib/python3.6/site-packages/airflow/example_dags/tutorial_etl_dag.py took 0.079 seconds
[2024-04-01 23:24:27,534] {scheduler_job.py:182} INFO - Started process (PID=895) to work on /home/airflow/.local/lib/python3.6/site-packages/airflow/example_dags/tutorial_etl_dag.py
[2024-04-01 23:24:27,535] {scheduler_job.py:633} INFO - Processing file /home/airflow/.local/lib/python3.6/site-packages/airflow/example_dags/tutorial_etl_dag.py for tasks to queue
[2024-04-01 23:24:27,535] {logging_mixin.py:104} INFO - [2024-04-01 23:24:27,535] {dagbag.py:496} INFO - Filling up the DagBag from /home/airflow/.local/lib/python3.6/site-packages/airflow/example_dags/tutorial_etl_dag.py
[2024-04-01 23:24:27,545] {scheduler_job.py:643} INFO - DAG(s) dict_keys(['tutorial_etl_dag']) retrieved from /home/airflow/.local/lib/python3.6/site-packages/airflow/example_dags/tutorial_etl_dag.py
[2024-04-01 23:24:27,569] {logging_mixin.py:104} INFO - [2024-04-01 23:24:27,569] {dag.py:1833} INFO - Sync 1 DAGs
[2024-04-01 23:24:27,590] {logging_mixin.py:104} INFO - [2024-04-01 23:24:27,590] {dag.py:2306} INFO - Setting next_dagrun for tutorial_etl_dag to None
[2024-04-01 23:24:27,604] {scheduler_job.py:190} INFO - Processing /home/airflow/.local/lib/python3.6/site-packages/airflow/example_dags/tutorial_etl_dag.py took 0.073 seconds
[2024-04-01 23:24:57,831] {scheduler_job.py:182} INFO - Started process (PID=969) to work on /home/airflow/.local/lib/python3.6/site-packages/airflow/example_dags/tutorial_etl_dag.py
[2024-04-01 23:24:57,832] {scheduler_job.py:633} INFO - Processing file /home/airflow/.local/lib/python3.6/site-packages/airflow/example_dags/tutorial_etl_dag.py for tasks to queue
[2024-04-01 23:24:57,833] {logging_mixin.py:104} INFO - [2024-04-01 23:24:57,833] {dagbag.py:496} INFO - Filling up the DagBag from /home/airflow/.local/lib/python3.6/site-packages/airflow/example_dags/tutorial_etl_dag.py
[2024-04-01 23:24:57,845] {scheduler_job.py:643} INFO - DAG(s) dict_keys(['tutorial_etl_dag']) retrieved from /home/airflow/.local/lib/python3.6/site-packages/airflow/example_dags/tutorial_etl_dag.py
[2024-04-01 23:24:57,871] {logging_mixin.py:104} INFO - [2024-04-01 23:24:57,871] {dag.py:1833} INFO - Sync 1 DAGs
[2024-04-01 23:24:57,891] {logging_mixin.py:104} INFO - [2024-04-01 23:24:57,891] {dag.py:2306} INFO - Setting next_dagrun for tutorial_etl_dag to None
[2024-04-01 23:24:57,904] {scheduler_job.py:190} INFO - Processing /home/airflow/.local/lib/python3.6/site-packages/airflow/example_dags/tutorial_etl_dag.py took 0.076 seconds
[2024-04-01 23:25:28,582] {scheduler_job.py:182} INFO - Started process (PID=1052) to work on /home/airflow/.local/lib/python3.6/site-packages/airflow/example_dags/tutorial_etl_dag.py
[2024-04-01 23:25:28,583] {scheduler_job.py:633} INFO - Processing file /home/airflow/.local/lib/python3.6/site-packages/airflow/example_dags/tutorial_etl_dag.py for tasks to queue
[2024-04-01 23:25:28,585] {logging_mixin.py:104} INFO - [2024-04-01 23:25:28,585] {dagbag.py:496} INFO - Filling up the DagBag from /home/airflow/.local/lib/python3.6/site-packages/airflow/example_dags/tutorial_etl_dag.py
[2024-04-01 23:25:28,641] {scheduler_job.py:643} INFO - DAG(s) dict_keys(['tutorial_etl_dag']) retrieved from /home/airflow/.local/lib/python3.6/site-packages/airflow/example_dags/tutorial_etl_dag.py
[2024-04-01 23:25:28,733] {logging_mixin.py:104} INFO - [2024-04-01 23:25:28,733] {dag.py:1833} INFO - Sync 1 DAGs
[2024-04-01 23:25:28,796] {logging_mixin.py:104} INFO - [2024-04-01 23:25:28,795] {dag.py:2306} INFO - Setting next_dagrun for tutorial_etl_dag to None
[2024-04-01 23:25:28,852] {scheduler_job.py:190} INFO - Processing /home/airflow/.local/lib/python3.6/site-packages/airflow/example_dags/tutorial_etl_dag.py took 0.275 seconds
[2024-04-01 23:25:59,383] {scheduler_job.py:182} INFO - Started process (PID=1136) to work on /home/airflow/.local/lib/python3.6/site-packages/airflow/example_dags/tutorial_etl_dag.py
[2024-04-01 23:25:59,385] {scheduler_job.py:633} INFO - Processing file /home/airflow/.local/lib/python3.6/site-packages/airflow/example_dags/tutorial_etl_dag.py for tasks to queue
[2024-04-01 23:25:59,386] {logging_mixin.py:104} INFO - [2024-04-01 23:25:59,385] {dagbag.py:496} INFO - Filling up the DagBag from /home/airflow/.local/lib/python3.6/site-packages/airflow/example_dags/tutorial_etl_dag.py
[2024-04-01 23:25:59,405] {scheduler_job.py:643} INFO - DAG(s) dict_keys(['tutorial_etl_dag']) retrieved from /home/airflow/.local/lib/python3.6/site-packages/airflow/example_dags/tutorial_etl_dag.py
[2024-04-01 23:25:59,435] {logging_mixin.py:104} INFO - [2024-04-01 23:25:59,434] {dag.py:1833} INFO - Sync 1 DAGs
[2024-04-01 23:25:59,457] {logging_mixin.py:104} INFO - [2024-04-01 23:25:59,457] {dag.py:2306} INFO - Setting next_dagrun for tutorial_etl_dag to None
[2024-04-01 23:25:59,475] {scheduler_job.py:190} INFO - Processing /home/airflow/.local/lib/python3.6/site-packages/airflow/example_dags/tutorial_etl_dag.py took 0.095 seconds
[2024-04-01 23:26:30,057] {scheduler_job.py:182} INFO - Started process (PID=1219) to work on /home/airflow/.local/lib/python3.6/site-packages/airflow/example_dags/tutorial_etl_dag.py
[2024-04-01 23:26:30,059] {scheduler_job.py:633} INFO - Processing file /home/airflow/.local/lib/python3.6/site-packages/airflow/example_dags/tutorial_etl_dag.py for tasks to queue
[2024-04-01 23:26:30,060] {logging_mixin.py:104} INFO - [2024-04-01 23:26:30,059] {dagbag.py:496} INFO - Filling up the DagBag from /home/airflow/.local/lib/python3.6/site-packages/airflow/example_dags/tutorial_etl_dag.py
[2024-04-01 23:26:30,074] {scheduler_job.py:643} INFO - DAG(s) dict_keys(['tutorial_etl_dag']) retrieved from /home/airflow/.local/lib/python3.6/site-packages/airflow/example_dags/tutorial_etl_dag.py
[2024-04-01 23:26:30,107] {logging_mixin.py:104} INFO - [2024-04-01 23:26:30,107] {dag.py:1833} INFO - Sync 1 DAGs
[2024-04-01 23:26:30,129] {logging_mixin.py:104} INFO - [2024-04-01 23:26:30,128] {dag.py:2306} INFO - Setting next_dagrun for tutorial_etl_dag to None
[2024-04-01 23:26:30,144] {scheduler_job.py:190} INFO - Processing /home/airflow/.local/lib/python3.6/site-packages/airflow/example_dags/tutorial_etl_dag.py took 0.091 seconds
[2024-04-01 23:27:00,618] {scheduler_job.py:182} INFO - Started process (PID=1302) to work on /home/airflow/.local/lib/python3.6/site-packages/airflow/example_dags/tutorial_etl_dag.py
[2024-04-01 23:27:00,619] {scheduler_job.py:633} INFO - Processing file /home/airflow/.local/lib/python3.6/site-packages/airflow/example_dags/tutorial_etl_dag.py for tasks to queue
[2024-04-01 23:27:00,620] {logging_mixin.py:104} INFO - [2024-04-01 23:27:00,620] {dagbag.py:496} INFO - Filling up the DagBag from /home/airflow/.local/lib/python3.6/site-packages/airflow/example_dags/tutorial_etl_dag.py
[2024-04-01 23:27:00,641] {scheduler_job.py:643} INFO - DAG(s) dict_keys(['tutorial_etl_dag']) retrieved from /home/airflow/.local/lib/python3.6/site-packages/airflow/example_dags/tutorial_etl_dag.py
[2024-04-01 23:27:00,677] {logging_mixin.py:104} INFO - [2024-04-01 23:27:00,676] {dag.py:1833} INFO - Sync 1 DAGs
[2024-04-01 23:27:00,703] {logging_mixin.py:104} INFO - [2024-04-01 23:27:00,703] {dag.py:2306} INFO - Setting next_dagrun for tutorial_etl_dag to None
[2024-04-01 23:27:00,731] {scheduler_job.py:190} INFO - Processing /home/airflow/.local/lib/python3.6/site-packages/airflow/example_dags/tutorial_etl_dag.py took 0.118 seconds
[2024-04-01 23:27:32,017] {scheduler_job.py:182} INFO - Started process (PID=1386) to work on /home/airflow/.local/lib/python3.6/site-packages/airflow/example_dags/tutorial_etl_dag.py
[2024-04-01 23:27:32,018] {scheduler_job.py:633} INFO - Processing file /home/airflow/.local/lib/python3.6/site-packages/airflow/example_dags/tutorial_etl_dag.py for tasks to queue
[2024-04-01 23:27:32,019] {logging_mixin.py:104} INFO - [2024-04-01 23:27:32,019] {dagbag.py:496} INFO - Filling up the DagBag from /home/airflow/.local/lib/python3.6/site-packages/airflow/example_dags/tutorial_etl_dag.py
[2024-04-01 23:27:32,043] {scheduler_job.py:643} INFO - DAG(s) dict_keys(['tutorial_etl_dag']) retrieved from /home/airflow/.local/lib/python3.6/site-packages/airflow/example_dags/tutorial_etl_dag.py
[2024-04-01 23:27:32,098] {logging_mixin.py:104} INFO - [2024-04-01 23:27:32,097] {dag.py:1833} INFO - Sync 1 DAGs
[2024-04-01 23:27:32,132] {logging_mixin.py:104} INFO - [2024-04-01 23:27:32,132] {dag.py:2306} INFO - Setting next_dagrun for tutorial_etl_dag to None
[2024-04-01 23:27:32,159] {scheduler_job.py:190} INFO - Processing /home/airflow/.local/lib/python3.6/site-packages/airflow/example_dags/tutorial_etl_dag.py took 0.147 seconds
[2024-04-01 23:28:02,666] {scheduler_job.py:182} INFO - Started process (PID=1449) to work on /home/airflow/.local/lib/python3.6/site-packages/airflow/example_dags/tutorial_etl_dag.py
[2024-04-01 23:28:02,668] {scheduler_job.py:633} INFO - Processing file /home/airflow/.local/lib/python3.6/site-packages/airflow/example_dags/tutorial_etl_dag.py for tasks to queue
[2024-04-01 23:28:02,668] {logging_mixin.py:104} INFO - [2024-04-01 23:28:02,668] {dagbag.py:496} INFO - Filling up the DagBag from /home/airflow/.local/lib/python3.6/site-packages/airflow/example_dags/tutorial_etl_dag.py
[2024-04-01 23:28:02,686] {scheduler_job.py:643} INFO - DAG(s) dict_keys(['tutorial_etl_dag']) retrieved from /home/airflow/.local/lib/python3.6/site-packages/airflow/example_dags/tutorial_etl_dag.py
[2024-04-01 23:28:02,724] {logging_mixin.py:104} INFO - [2024-04-01 23:28:02,724] {dag.py:1833} INFO - Sync 1 DAGs
[2024-04-01 23:28:02,749] {logging_mixin.py:104} INFO - [2024-04-01 23:28:02,748] {dag.py:2306} INFO - Setting next_dagrun for tutorial_etl_dag to None
[2024-04-01 23:28:02,770] {scheduler_job.py:190} INFO - Processing /home/airflow/.local/lib/python3.6/site-packages/airflow/example_dags/tutorial_etl_dag.py took 0.108 seconds
[2024-04-01 23:28:33,501] {scheduler_job.py:182} INFO - Started process (PID=1521) to work on /home/airflow/.local/lib/python3.6/site-packages/airflow/example_dags/tutorial_etl_dag.py
[2024-04-01 23:28:33,502] {scheduler_job.py:633} INFO - Processing file /home/airflow/.local/lib/python3.6/site-packages/airflow/example_dags/tutorial_etl_dag.py for tasks to queue
[2024-04-01 23:28:33,503] {logging_mixin.py:104} INFO - [2024-04-01 23:28:33,503] {dagbag.py:496} INFO - Filling up the DagBag from /home/airflow/.local/lib/python3.6/site-packages/airflow/example_dags/tutorial_etl_dag.py
[2024-04-01 23:28:33,527] {scheduler_job.py:643} INFO - DAG(s) dict_keys(['tutorial_etl_dag']) retrieved from /home/airflow/.local/lib/python3.6/site-packages/airflow/example_dags/tutorial_etl_dag.py
[2024-04-01 23:28:33,563] {logging_mixin.py:104} INFO - [2024-04-01 23:28:33,563] {dag.py:1833} INFO - Sync 1 DAGs
[2024-04-01 23:28:33,593] {logging_mixin.py:104} INFO - [2024-04-01 23:28:33,593] {dag.py:2306} INFO - Setting next_dagrun for tutorial_etl_dag to None
[2024-04-01 23:28:33,613] {scheduler_job.py:190} INFO - Processing /home/airflow/.local/lib/python3.6/site-packages/airflow/example_dags/tutorial_etl_dag.py took 0.117 seconds
[2024-04-01 23:29:03,890] {scheduler_job.py:182} INFO - Started process (PID=1583) to work on /home/airflow/.local/lib/python3.6/site-packages/airflow/example_dags/tutorial_etl_dag.py
[2024-04-01 23:29:03,892] {scheduler_job.py:633} INFO - Processing file /home/airflow/.local/lib/python3.6/site-packages/airflow/example_dags/tutorial_etl_dag.py for tasks to queue
[2024-04-01 23:29:03,892] {logging_mixin.py:104} INFO - [2024-04-01 23:29:03,892] {dagbag.py:496} INFO - Filling up the DagBag from /home/airflow/.local/lib/python3.6/site-packages/airflow/example_dags/tutorial_etl_dag.py
[2024-04-01 23:29:03,907] {scheduler_job.py:643} INFO - DAG(s) dict_keys(['tutorial_etl_dag']) retrieved from /home/airflow/.local/lib/python3.6/site-packages/airflow/example_dags/tutorial_etl_dag.py
[2024-04-01 23:29:03,937] {logging_mixin.py:104} INFO - [2024-04-01 23:29:03,937] {dag.py:1833} INFO - Sync 1 DAGs
[2024-04-01 23:29:03,965] {logging_mixin.py:104} INFO - [2024-04-01 23:29:03,964] {dag.py:2306} INFO - Setting next_dagrun for tutorial_etl_dag to None
[2024-04-01 23:29:03,979] {scheduler_job.py:190} INFO - Processing /home/airflow/.local/lib/python3.6/site-packages/airflow/example_dags/tutorial_etl_dag.py took 0.093 seconds
[2024-04-01 23:29:34,174] {scheduler_job.py:182} INFO - Started process (PID=1635) to work on /home/airflow/.local/lib/python3.6/site-packages/airflow/example_dags/tutorial_etl_dag.py
[2024-04-01 23:29:34,177] {scheduler_job.py:633} INFO - Processing file /home/airflow/.local/lib/python3.6/site-packages/airflow/example_dags/tutorial_etl_dag.py for tasks to queue
[2024-04-01 23:29:34,178] {logging_mixin.py:104} INFO - [2024-04-01 23:29:34,178] {dagbag.py:496} INFO - Filling up the DagBag from /home/airflow/.local/lib/python3.6/site-packages/airflow/example_dags/tutorial_etl_dag.py
[2024-04-01 23:29:34,200] {scheduler_job.py:643} INFO - DAG(s) dict_keys(['tutorial_etl_dag']) retrieved from /home/airflow/.local/lib/python3.6/site-packages/airflow/example_dags/tutorial_etl_dag.py
[2024-04-01 23:29:34,241] {logging_mixin.py:104} INFO - [2024-04-01 23:29:34,240] {dag.py:1833} INFO - Sync 1 DAGs
[2024-04-01 23:29:34,268] {logging_mixin.py:104} INFO - [2024-04-01 23:29:34,267] {dag.py:2306} INFO - Setting next_dagrun for tutorial_etl_dag to None
[2024-04-01 23:29:34,291] {scheduler_job.py:190} INFO - Processing /home/airflow/.local/lib/python3.6/site-packages/airflow/example_dags/tutorial_etl_dag.py took 0.121 seconds
[2024-04-01 23:30:04,974] {scheduler_job.py:182} INFO - Started process (PID=1687) to work on /home/airflow/.local/lib/python3.6/site-packages/airflow/example_dags/tutorial_etl_dag.py
[2024-04-01 23:30:04,975] {scheduler_job.py:633} INFO - Processing file /home/airflow/.local/lib/python3.6/site-packages/airflow/example_dags/tutorial_etl_dag.py for tasks to queue
[2024-04-01 23:30:04,976] {logging_mixin.py:104} INFO - [2024-04-01 23:30:04,976] {dagbag.py:496} INFO - Filling up the DagBag from /home/airflow/.local/lib/python3.6/site-packages/airflow/example_dags/tutorial_etl_dag.py
[2024-04-01 23:30:04,989] {scheduler_job.py:643} INFO - DAG(s) dict_keys(['tutorial_etl_dag']) retrieved from /home/airflow/.local/lib/python3.6/site-packages/airflow/example_dags/tutorial_etl_dag.py
[2024-04-01 23:30:05,013] {logging_mixin.py:104} INFO - [2024-04-01 23:30:05,013] {dag.py:1833} INFO - Sync 1 DAGs
[2024-04-01 23:30:05,032] {logging_mixin.py:104} INFO - [2024-04-01 23:30:05,032] {dag.py:2306} INFO - Setting next_dagrun for tutorial_etl_dag to None
[2024-04-01 23:30:05,048] {scheduler_job.py:190} INFO - Processing /home/airflow/.local/lib/python3.6/site-packages/airflow/example_dags/tutorial_etl_dag.py took 0.077 seconds
[2024-04-01 23:30:35,582] {scheduler_job.py:182} INFO - Started process (PID=1749) to work on /home/airflow/.local/lib/python3.6/site-packages/airflow/example_dags/tutorial_etl_dag.py
[2024-04-01 23:30:35,585] {scheduler_job.py:633} INFO - Processing file /home/airflow/.local/lib/python3.6/site-packages/airflow/example_dags/tutorial_etl_dag.py for tasks to queue
[2024-04-01 23:30:35,586] {logging_mixin.py:104} INFO - [2024-04-01 23:30:35,586] {dagbag.py:496} INFO - Filling up the DagBag from /home/airflow/.local/lib/python3.6/site-packages/airflow/example_dags/tutorial_etl_dag.py
[2024-04-01 23:30:35,606] {scheduler_job.py:643} INFO - DAG(s) dict_keys(['tutorial_etl_dag']) retrieved from /home/airflow/.local/lib/python3.6/site-packages/airflow/example_dags/tutorial_etl_dag.py
[2024-04-01 23:30:35,646] {logging_mixin.py:104} INFO - [2024-04-01 23:30:35,645] {dag.py:1833} INFO - Sync 1 DAGs
[2024-04-01 23:30:35,673] {logging_mixin.py:104} INFO - [2024-04-01 23:30:35,673] {dag.py:2306} INFO - Setting next_dagrun for tutorial_etl_dag to None
[2024-04-01 23:30:35,698] {scheduler_job.py:190} INFO - Processing /home/airflow/.local/lib/python3.6/site-packages/airflow/example_dags/tutorial_etl_dag.py took 0.123 seconds
[2024-04-01 23:31:06,010] {scheduler_job.py:182} INFO - Started process (PID=1801) to work on /home/airflow/.local/lib/python3.6/site-packages/airflow/example_dags/tutorial_etl_dag.py
[2024-04-01 23:31:06,011] {scheduler_job.py:633} INFO - Processing file /home/airflow/.local/lib/python3.6/site-packages/airflow/example_dags/tutorial_etl_dag.py for tasks to queue
[2024-04-01 23:31:06,012] {logging_mixin.py:104} INFO - [2024-04-01 23:31:06,012] {dagbag.py:496} INFO - Filling up the DagBag from /home/airflow/.local/lib/python3.6/site-packages/airflow/example_dags/tutorial_etl_dag.py
[2024-04-01 23:31:06,025] {scheduler_job.py:643} INFO - DAG(s) dict_keys(['tutorial_etl_dag']) retrieved from /home/airflow/.local/lib/python3.6/site-packages/airflow/example_dags/tutorial_etl_dag.py
[2024-04-01 23:31:06,049] {logging_mixin.py:104} INFO - [2024-04-01 23:31:06,049] {dag.py:1833} INFO - Sync 1 DAGs
[2024-04-01 23:31:06,068] {logging_mixin.py:104} INFO - [2024-04-01 23:31:06,068] {dag.py:2306} INFO - Setting next_dagrun for tutorial_etl_dag to None
[2024-04-01 23:31:06,083] {scheduler_job.py:190} INFO - Processing /home/airflow/.local/lib/python3.6/site-packages/airflow/example_dags/tutorial_etl_dag.py took 0.075 seconds
[2024-04-01 23:31:36,279] {scheduler_job.py:182} INFO - Started process (PID=1852) to work on /home/airflow/.local/lib/python3.6/site-packages/airflow/example_dags/tutorial_etl_dag.py
[2024-04-01 23:31:36,286] {scheduler_job.py:633} INFO - Processing file /home/airflow/.local/lib/python3.6/site-packages/airflow/example_dags/tutorial_etl_dag.py for tasks to queue
[2024-04-01 23:31:36,288] {logging_mixin.py:104} INFO - [2024-04-01 23:31:36,288] {dagbag.py:496} INFO - Filling up the DagBag from /home/airflow/.local/lib/python3.6/site-packages/airflow/example_dags/tutorial_etl_dag.py
[2024-04-01 23:31:36,311] {scheduler_job.py:643} INFO - DAG(s) dict_keys(['tutorial_etl_dag']) retrieved from /home/airflow/.local/lib/python3.6/site-packages/airflow/example_dags/tutorial_etl_dag.py
[2024-04-01 23:31:36,353] {logging_mixin.py:104} INFO - [2024-04-01 23:31:36,353] {dag.py:1833} INFO - Sync 1 DAGs
[2024-04-01 23:31:36,379] {logging_mixin.py:104} INFO - [2024-04-01 23:31:36,379] {dag.py:2306} INFO - Setting next_dagrun for tutorial_etl_dag to None
[2024-04-01 23:31:36,399] {scheduler_job.py:190} INFO - Processing /home/airflow/.local/lib/python3.6/site-packages/airflow/example_dags/tutorial_etl_dag.py took 0.128 seconds
[2024-04-01 23:32:06,478] {scheduler_job.py:182} INFO - Started process (PID=1904) to work on /home/airflow/.local/lib/python3.6/site-packages/airflow/example_dags/tutorial_etl_dag.py
[2024-04-01 23:32:06,479] {scheduler_job.py:633} INFO - Processing file /home/airflow/.local/lib/python3.6/site-packages/airflow/example_dags/tutorial_etl_dag.py for tasks to queue
[2024-04-01 23:32:06,480] {logging_mixin.py:104} INFO - [2024-04-01 23:32:06,480] {dagbag.py:496} INFO - Filling up the DagBag from /home/airflow/.local/lib/python3.6/site-packages/airflow/example_dags/tutorial_etl_dag.py
[2024-04-01 23:32:06,491] {scheduler_job.py:643} INFO - DAG(s) dict_keys(['tutorial_etl_dag']) retrieved from /home/airflow/.local/lib/python3.6/site-packages/airflow/example_dags/tutorial_etl_dag.py
[2024-04-01 23:32:06,516] {logging_mixin.py:104} INFO - [2024-04-01 23:32:06,516] {dag.py:1833} INFO - Sync 1 DAGs
[2024-04-01 23:32:06,533] {logging_mixin.py:104} INFO - [2024-04-01 23:32:06,533] {dag.py:2306} INFO - Setting next_dagrun for tutorial_etl_dag to None
[2024-04-01 23:32:06,545] {scheduler_job.py:190} INFO - Processing /home/airflow/.local/lib/python3.6/site-packages/airflow/example_dags/tutorial_etl_dag.py took 0.069 seconds
[2024-04-01 23:32:36,720] {scheduler_job.py:182} INFO - Started process (PID=1966) to work on /home/airflow/.local/lib/python3.6/site-packages/airflow/example_dags/tutorial_etl_dag.py
[2024-04-01 23:32:36,721] {scheduler_job.py:633} INFO - Processing file /home/airflow/.local/lib/python3.6/site-packages/airflow/example_dags/tutorial_etl_dag.py for tasks to queue
[2024-04-01 23:32:36,722] {logging_mixin.py:104} INFO - [2024-04-01 23:32:36,722] {dagbag.py:496} INFO - Filling up the DagBag from /home/airflow/.local/lib/python3.6/site-packages/airflow/example_dags/tutorial_etl_dag.py
[2024-04-01 23:32:36,743] {scheduler_job.py:643} INFO - DAG(s) dict_keys(['tutorial_etl_dag']) retrieved from /home/airflow/.local/lib/python3.6/site-packages/airflow/example_dags/tutorial_etl_dag.py
[2024-04-01 23:32:36,781] {logging_mixin.py:104} INFO - [2024-04-01 23:32:36,780] {dag.py:1833} INFO - Sync 1 DAGs
[2024-04-01 23:32:36,802] {logging_mixin.py:104} INFO - [2024-04-01 23:32:36,802] {dag.py:2306} INFO - Setting next_dagrun for tutorial_etl_dag to None
[2024-04-01 23:32:36,819] {scheduler_job.py:190} INFO - Processing /home/airflow/.local/lib/python3.6/site-packages/airflow/example_dags/tutorial_etl_dag.py took 0.102 seconds
[2024-04-01 23:33:07,238] {scheduler_job.py:182} INFO - Started process (PID=2019) to work on /home/airflow/.local/lib/python3.6/site-packages/airflow/example_dags/tutorial_etl_dag.py
[2024-04-01 23:33:07,239] {scheduler_job.py:633} INFO - Processing file /home/airflow/.local/lib/python3.6/site-packages/airflow/example_dags/tutorial_etl_dag.py for tasks to queue
[2024-04-01 23:33:07,240] {logging_mixin.py:104} INFO - [2024-04-01 23:33:07,240] {dagbag.py:496} INFO - Filling up the DagBag from /home/airflow/.local/lib/python3.6/site-packages/airflow/example_dags/tutorial_etl_dag.py
[2024-04-01 23:33:07,258] {scheduler_job.py:643} INFO - DAG(s) dict_keys(['tutorial_etl_dag']) retrieved from /home/airflow/.local/lib/python3.6/site-packages/airflow/example_dags/tutorial_etl_dag.py
[2024-04-01 23:33:07,299] {logging_mixin.py:104} INFO - [2024-04-01 23:33:07,299] {dag.py:1833} INFO - Sync 1 DAGs
[2024-04-01 23:33:07,322] {logging_mixin.py:104} INFO - [2024-04-01 23:33:07,322] {dag.py:2306} INFO - Setting next_dagrun for tutorial_etl_dag to None
[2024-04-01 23:33:07,338] {scheduler_job.py:190} INFO - Processing /home/airflow/.local/lib/python3.6/site-packages/airflow/example_dags/tutorial_etl_dag.py took 0.103 seconds
[2024-04-01 23:33:37,874] {scheduler_job.py:182} INFO - Started process (PID=2071) to work on /home/airflow/.local/lib/python3.6/site-packages/airflow/example_dags/tutorial_etl_dag.py
[2024-04-01 23:33:37,875] {scheduler_job.py:633} INFO - Processing file /home/airflow/.local/lib/python3.6/site-packages/airflow/example_dags/tutorial_etl_dag.py for tasks to queue
[2024-04-01 23:33:37,876] {logging_mixin.py:104} INFO - [2024-04-01 23:33:37,876] {dagbag.py:496} INFO - Filling up the DagBag from /home/airflow/.local/lib/python3.6/site-packages/airflow/example_dags/tutorial_etl_dag.py
[2024-04-01 23:33:37,891] {scheduler_job.py:643} INFO - DAG(s) dict_keys(['tutorial_etl_dag']) retrieved from /home/airflow/.local/lib/python3.6/site-packages/airflow/example_dags/tutorial_etl_dag.py
[2024-04-01 23:33:37,917] {logging_mixin.py:104} INFO - [2024-04-01 23:33:37,916] {dag.py:1833} INFO - Sync 1 DAGs
[2024-04-01 23:33:37,934] {logging_mixin.py:104} INFO - [2024-04-01 23:33:37,934] {dag.py:2306} INFO - Setting next_dagrun for tutorial_etl_dag to None
[2024-04-01 23:33:37,948] {scheduler_job.py:190} INFO - Processing /home/airflow/.local/lib/python3.6/site-packages/airflow/example_dags/tutorial_etl_dag.py took 0.077 seconds
[2024-04-01 23:34:08,371] {scheduler_job.py:182} INFO - Started process (PID=2133) to work on /home/airflow/.local/lib/python3.6/site-packages/airflow/example_dags/tutorial_etl_dag.py
[2024-04-01 23:34:08,372] {scheduler_job.py:633} INFO - Processing file /home/airflow/.local/lib/python3.6/site-packages/airflow/example_dags/tutorial_etl_dag.py for tasks to queue
[2024-04-01 23:34:08,373] {logging_mixin.py:104} INFO - [2024-04-01 23:34:08,373] {dagbag.py:496} INFO - Filling up the DagBag from /home/airflow/.local/lib/python3.6/site-packages/airflow/example_dags/tutorial_etl_dag.py
[2024-04-01 23:34:08,386] {scheduler_job.py:643} INFO - DAG(s) dict_keys(['tutorial_etl_dag']) retrieved from /home/airflow/.local/lib/python3.6/site-packages/airflow/example_dags/tutorial_etl_dag.py
[2024-04-01 23:34:08,410] {logging_mixin.py:104} INFO - [2024-04-01 23:34:08,410] {dag.py:1833} INFO - Sync 1 DAGs
[2024-04-01 23:34:08,430] {logging_mixin.py:104} INFO - [2024-04-01 23:34:08,429] {dag.py:2306} INFO - Setting next_dagrun for tutorial_etl_dag to None
[2024-04-01 23:34:08,444] {scheduler_job.py:190} INFO - Processing /home/airflow/.local/lib/python3.6/site-packages/airflow/example_dags/tutorial_etl_dag.py took 0.076 seconds
[2024-04-01 23:34:38,536] {scheduler_job.py:182} INFO - Started process (PID=2186) to work on /home/airflow/.local/lib/python3.6/site-packages/airflow/example_dags/tutorial_etl_dag.py
[2024-04-01 23:34:38,538] {scheduler_job.py:633} INFO - Processing file /home/airflow/.local/lib/python3.6/site-packages/airflow/example_dags/tutorial_etl_dag.py for tasks to queue
[2024-04-01 23:34:38,539] {logging_mixin.py:104} INFO - [2024-04-01 23:34:38,539] {dagbag.py:496} INFO - Filling up the DagBag from /home/airflow/.local/lib/python3.6/site-packages/airflow/example_dags/tutorial_etl_dag.py
[2024-04-01 23:34:38,558] {scheduler_job.py:643} INFO - DAG(s) dict_keys(['tutorial_etl_dag']) retrieved from /home/airflow/.local/lib/python3.6/site-packages/airflow/example_dags/tutorial_etl_dag.py
[2024-04-01 23:34:38,593] {logging_mixin.py:104} INFO - [2024-04-01 23:34:38,593] {dag.py:1833} INFO - Sync 1 DAGs
[2024-04-01 23:34:38,615] {logging_mixin.py:104} INFO - [2024-04-01 23:34:38,615] {dag.py:2306} INFO - Setting next_dagrun for tutorial_etl_dag to None
[2024-04-01 23:34:38,634] {scheduler_job.py:190} INFO - Processing /home/airflow/.local/lib/python3.6/site-packages/airflow/example_dags/tutorial_etl_dag.py took 0.109 seconds
[2024-04-01 23:35:09,137] {scheduler_job.py:182} INFO - Started process (PID=2238) to work on /home/airflow/.local/lib/python3.6/site-packages/airflow/example_dags/tutorial_etl_dag.py
[2024-04-01 23:35:09,138] {scheduler_job.py:633} INFO - Processing file /home/airflow/.local/lib/python3.6/site-packages/airflow/example_dags/tutorial_etl_dag.py for tasks to queue
[2024-04-01 23:35:09,139] {logging_mixin.py:104} INFO - [2024-04-01 23:35:09,139] {dagbag.py:496} INFO - Filling up the DagBag from /home/airflow/.local/lib/python3.6/site-packages/airflow/example_dags/tutorial_etl_dag.py
[2024-04-01 23:35:09,157] {scheduler_job.py:643} INFO - DAG(s) dict_keys(['tutorial_etl_dag']) retrieved from /home/airflow/.local/lib/python3.6/site-packages/airflow/example_dags/tutorial_etl_dag.py
[2024-04-01 23:35:09,192] {logging_mixin.py:104} INFO - [2024-04-01 23:35:09,192] {dag.py:1833} INFO - Sync 1 DAGs
[2024-04-01 23:35:09,220] {logging_mixin.py:104} INFO - [2024-04-01 23:35:09,220] {dag.py:2306} INFO - Setting next_dagrun for tutorial_etl_dag to None
[2024-04-01 23:35:09,239] {scheduler_job.py:190} INFO - Processing /home/airflow/.local/lib/python3.6/site-packages/airflow/example_dags/tutorial_etl_dag.py took 0.107 seconds
[2024-04-01 23:35:39,317] {scheduler_job.py:182} INFO - Started process (PID=2290) to work on /home/airflow/.local/lib/python3.6/site-packages/airflow/example_dags/tutorial_etl_dag.py
[2024-04-01 23:35:39,319] {scheduler_job.py:633} INFO - Processing file /home/airflow/.local/lib/python3.6/site-packages/airflow/example_dags/tutorial_etl_dag.py for tasks to queue
[2024-04-01 23:35:39,321] {logging_mixin.py:104} INFO - [2024-04-01 23:35:39,320] {dagbag.py:496} INFO - Filling up the DagBag from /home/airflow/.local/lib/python3.6/site-packages/airflow/example_dags/tutorial_etl_dag.py
[2024-04-01 23:35:39,341] {scheduler_job.py:643} INFO - DAG(s) dict_keys(['tutorial_etl_dag']) retrieved from /home/airflow/.local/lib/python3.6/site-packages/airflow/example_dags/tutorial_etl_dag.py
[2024-04-01 23:35:39,381] {logging_mixin.py:104} INFO - [2024-04-01 23:35:39,380] {dag.py:1833} INFO - Sync 1 DAGs
[2024-04-01 23:35:39,409] {logging_mixin.py:104} INFO - [2024-04-01 23:35:39,409] {dag.py:2306} INFO - Setting next_dagrun for tutorial_etl_dag to None
[2024-04-01 23:35:39,428] {scheduler_job.py:190} INFO - Processing /home/airflow/.local/lib/python3.6/site-packages/airflow/example_dags/tutorial_etl_dag.py took 0.114 seconds
