[2024-03-21 18:12:04,875] {taskinstance.py:896} INFO - Dependencies all met for <TaskInstance: airflow_exam.transform_into_data.csv 2024-03-21T18:11:00+00:00 [queued]>
[2024-03-21 18:12:04,900] {taskinstance.py:896} INFO - Dependencies all met for <TaskInstance: airflow_exam.transform_into_data.csv 2024-03-21T18:11:00+00:00 [queued]>
[2024-03-21 18:12:04,900] {taskinstance.py:1087} INFO - 
--------------------------------------------------------------------------------
[2024-03-21 18:12:04,901] {taskinstance.py:1088} INFO - Starting attempt 1 of 1
[2024-03-21 18:12:04,901] {taskinstance.py:1089} INFO - 
--------------------------------------------------------------------------------
[2024-03-21 18:12:04,915] {taskinstance.py:1107} INFO - Executing <Task(PythonOperator): transform_into_data.csv> on 2024-03-21T18:11:00+00:00
[2024-03-21 18:12:04,928] {standard_task_runner.py:52} INFO - Started process 32621 to run task
[2024-03-21 18:12:04,932] {standard_task_runner.py:76} INFO - Running: ['***', 'tasks', 'run', '***_exam', 'transform_into_data.csv', '2024-03-21T18:11:00+00:00', '--job-id', '10108', '--pool', 'default_pool', '--raw', '--subdir', 'DAGS_FOLDER/DAG.py', '--cfg-path', '/tmp/tmp59t97y4w', '--error-file', '/tmp/tmpktvyg4f9']
[2024-03-21 18:12:04,933] {standard_task_runner.py:77} INFO - Job 10108: Subtask transform_into_data.csv
[2024-03-21 18:12:05,007] {logging_mixin.py:104} INFO - Running <TaskInstance: ***_exam.transform_into_data.csv 2024-03-21T18:11:00+00:00 [running]> on host 3a3d0401ac26
[2024-03-21 18:12:05,102] {taskinstance.py:1302} INFO - Exporting the following env vars:
AIRFLOW_CTX_DAG_OWNER=***
AIRFLOW_CTX_DAG_ID=***_exam
AIRFLOW_CTX_TASK_ID=transform_into_data.csv
AIRFLOW_CTX_EXECUTION_DATE=2024-03-21T18:11:00+00:00
AIRFLOW_CTX_DAG_RUN_ID=scheduled__2024-03-21T18:11:00+00:00
[2024-03-21 18:12:05,111] {logging_mixin.py:104} INFO - 
[2024-03-21 18:12:05,144] {logging_mixin.py:104} INFO -     temperature        city  pression              date
0       290.53       Paris      1025  2024-03-21 18:12
1       288.09      London      1022  2024-03-21 18:12
2       284.63  Washington      1014  2024-03-21 18:12
3       290.53       Paris      1025  2024-03-21 18:11
4       288.09      London      1022  2024-03-21 18:11
5       284.63  Washington      1014  2024-03-21 18:11
6       290.53       Paris      1025  2024-03-21 18:10
7       288.09      London      1022  2024-03-21 18:10
8       284.63  Washington      1014  2024-03-21 18:10
9       290.56       Paris      1025  2024-03-21 18:09
[2024-03-21 18:12:05,154] {python.py:151} INFO - Done. Returned value was: None
[2024-03-21 18:12:05,170] {taskinstance.py:1211} INFO - Marking task as SUCCESS. dag_id=***_exam, task_id=transform_into_data.csv, execution_date=20240321T181100, start_date=20240321T181204, end_date=20240321T181205
[2024-03-21 18:12:05,207] {taskinstance.py:1265} INFO - 0 downstream tasks scheduled from follow-on schedule check
[2024-03-21 18:12:05,225] {local_task_job.py:151} INFO - Task exited with return code 0
