[2023-10-06 19:52:03,137] {taskinstance.py:896} INFO - Dependencies all met for <TaskInstance: airflow_exam.transform_into_data.csv 2023-10-06T19:51:00+00:00 [queued]>
[2023-10-06 19:52:03,150] {taskinstance.py:896} INFO - Dependencies all met for <TaskInstance: airflow_exam.transform_into_data.csv 2023-10-06T19:51:00+00:00 [queued]>
[2023-10-06 19:52:03,150] {taskinstance.py:1087} INFO - 
--------------------------------------------------------------------------------
[2023-10-06 19:52:03,150] {taskinstance.py:1088} INFO - Starting attempt 1 of 1
[2023-10-06 19:52:03,150] {taskinstance.py:1089} INFO - 
--------------------------------------------------------------------------------
[2023-10-06 19:52:03,166] {taskinstance.py:1107} INFO - Executing <Task(PythonOperator): transform_into_data.csv> on 2023-10-06T19:51:00+00:00
[2023-10-06 19:52:03,174] {standard_task_runner.py:52} INFO - Started process 9642 to run task
[2023-10-06 19:52:03,177] {standard_task_runner.py:76} INFO - Running: ['***', 'tasks', 'run', '***_exam', 'transform_into_data.csv', '2023-10-06T19:51:00+00:00', '--job-id', '614', '--pool', 'default_pool', '--raw', '--subdir', 'DAGS_FOLDER/DAG.py', '--cfg-path', '/tmp/tmptpb9g77j', '--error-file', '/tmp/tmp_h3krho8']
[2023-10-06 19:52:03,178] {standard_task_runner.py:77} INFO - Job 614: Subtask transform_into_data.csv
[2023-10-06 19:52:03,221] {logging_mixin.py:104} INFO - Running <TaskInstance: ***_exam.transform_into_data.csv 2023-10-06T19:51:00+00:00 [running]> on host 3a3d0401ac26
[2023-10-06 19:52:03,281] {taskinstance.py:1302} INFO - Exporting the following env vars:
AIRFLOW_CTX_DAG_OWNER=***
AIRFLOW_CTX_DAG_ID=***_exam
AIRFLOW_CTX_TASK_ID=transform_into_data.csv
AIRFLOW_CTX_EXECUTION_DATE=2023-10-06T19:51:00+00:00
AIRFLOW_CTX_DAG_RUN_ID=scheduled__2023-10-06T19:51:00+00:00
[2023-10-06 19:52:03,287] {logging_mixin.py:104} INFO - 
[2023-10-06 19:52:03,304] {logging_mixin.py:104} INFO -     temperature        city  pression              date
0       289.02       Paris      1025  2023-10-06 19:52
1       290.16      London      1023  2023-10-06 19:52
2       292.95  Washington      1024  2023-10-06 19:52
3       289.02       Paris      1025  2023-10-06 19:51
4       290.16      London      1023  2023-10-06 19:51
5       292.95  Washington      1024  2023-10-06 19:51
6       289.02       Paris      1025  2023-10-06 19:50
7       290.16      London      1023  2023-10-06 19:50
8       292.95  Washington      1024  2023-10-06 19:50
9       289.02       Paris      1025  2023-10-06 19:49
[2023-10-06 19:52:03,308] {python.py:151} INFO - Done. Returned value was: None
[2023-10-06 19:52:03,320] {taskinstance.py:1211} INFO - Marking task as SUCCESS. dag_id=***_exam, task_id=transform_into_data.csv, execution_date=20231006T195100, start_date=20231006T195203, end_date=20231006T195203
[2023-10-06 19:52:03,350] {taskinstance.py:1265} INFO - 0 downstream tasks scheduled from follow-on schedule check
[2023-10-06 19:52:03,389] {local_task_job.py:151} INFO - Task exited with return code 0
