[2024-03-15 18:40:04,010] {taskinstance.py:896} INFO - Dependencies all met for <TaskInstance: airflow_exam.transform_into_data.csv 2024-03-15T18:39:00+00:00 [queued]>
[2024-03-15 18:40:04,030] {taskinstance.py:896} INFO - Dependencies all met for <TaskInstance: airflow_exam.transform_into_data.csv 2024-03-15T18:39:00+00:00 [queued]>
[2024-03-15 18:40:04,030] {taskinstance.py:1087} INFO - 
--------------------------------------------------------------------------------
[2024-03-15 18:40:04,030] {taskinstance.py:1088} INFO - Starting attempt 1 of 1
[2024-03-15 18:40:04,030] {taskinstance.py:1089} INFO - 
--------------------------------------------------------------------------------
[2024-03-15 18:40:04,042] {taskinstance.py:1107} INFO - Executing <Task(PythonOperator): transform_into_data.csv> on 2024-03-15T18:39:00+00:00
[2024-03-15 18:40:04,051] {standard_task_runner.py:52} INFO - Started process 48491 to run task
[2024-03-15 18:40:04,054] {standard_task_runner.py:76} INFO - Running: ['***', 'tasks', 'run', '***_exam', 'transform_into_data.csv', '2024-03-15T18:39:00+00:00', '--job-id', '3432', '--pool', 'default_pool', '--raw', '--subdir', 'DAGS_FOLDER/DAG.py', '--cfg-path', '/tmp/tmp2ztbirrp', '--error-file', '/tmp/tmpzv9j1k0h']
[2024-03-15 18:40:04,055] {standard_task_runner.py:77} INFO - Job 3432: Subtask transform_into_data.csv
[2024-03-15 18:40:04,111] {logging_mixin.py:104} INFO - Running <TaskInstance: ***_exam.transform_into_data.csv 2024-03-15T18:39:00+00:00 [running]> on host 3a3d0401ac26
[2024-03-15 18:40:04,187] {taskinstance.py:1302} INFO - Exporting the following env vars:
AIRFLOW_CTX_DAG_OWNER=***
AIRFLOW_CTX_DAG_ID=***_exam
AIRFLOW_CTX_TASK_ID=transform_into_data.csv
AIRFLOW_CTX_EXECUTION_DATE=2024-03-15T18:39:00+00:00
AIRFLOW_CTX_DAG_RUN_ID=scheduled__2024-03-15T18:39:00+00:00
[2024-03-15 18:40:04,212] {logging_mixin.py:104} INFO - 
[2024-03-15 18:40:04,246] {logging_mixin.py:104} INFO -     temperature        city  pression              date
0       286.69       Paris      1012  2024-03-15 18:40
1       285.48      London      1006  2024-03-15 18:40
2       282.36  Washington      1025  2024-03-15 18:40
3       286.69       Paris      1012  2024-03-15 18:39
4       285.48      London      1006  2024-03-15 18:39
5       282.36  Washington      1025  2024-03-15 18:39
6       286.69       Paris      1012  2024-03-15 18:38
7       285.48      London      1006  2024-03-15 18:38
8       282.36  Washington      1025  2024-03-15 18:38
9       286.69       Paris      1012  2024-03-15 18:37
[2024-03-15 18:40:04,251] {python.py:151} INFO - Done. Returned value was: None
[2024-03-15 18:40:04,265] {taskinstance.py:1211} INFO - Marking task as SUCCESS. dag_id=***_exam, task_id=transform_into_data.csv, execution_date=20240315T183900, start_date=20240315T184004, end_date=20240315T184004
[2024-03-15 18:40:04,300] {taskinstance.py:1265} INFO - 0 downstream tasks scheduled from follow-on schedule check
[2024-03-15 18:40:04,347] {local_task_job.py:151} INFO - Task exited with return code 0
