[2024-03-15 18:31:04,633] {taskinstance.py:896} INFO - Dependencies all met for <TaskInstance: airflow_exam.transform_into_data.csv 2024-03-15T18:30:00+00:00 [queued]>
[2024-03-15 18:31:04,661] {taskinstance.py:896} INFO - Dependencies all met for <TaskInstance: airflow_exam.transform_into_data.csv 2024-03-15T18:30:00+00:00 [queued]>
[2024-03-15 18:31:04,661] {taskinstance.py:1087} INFO - 
--------------------------------------------------------------------------------
[2024-03-15 18:31:04,661] {taskinstance.py:1088} INFO - Starting attempt 1 of 1
[2024-03-15 18:31:04,661] {taskinstance.py:1089} INFO - 
--------------------------------------------------------------------------------
[2024-03-15 18:31:04,675] {taskinstance.py:1107} INFO - Executing <Task(PythonOperator): transform_into_data.csv> on 2024-03-15T18:30:00+00:00
[2024-03-15 18:31:04,685] {standard_task_runner.py:52} INFO - Started process 46751 to run task
[2024-03-15 18:31:04,689] {standard_task_runner.py:76} INFO - Running: ['***', 'tasks', 'run', '***_exam', 'transform_into_data.csv', '2024-03-15T18:30:00+00:00', '--job-id', '3370', '--pool', 'default_pool', '--raw', '--subdir', 'DAGS_FOLDER/DAG.py', '--cfg-path', '/tmp/tmp3msjwpdd', '--error-file', '/tmp/tmpil862aes']
[2024-03-15 18:31:04,690] {standard_task_runner.py:77} INFO - Job 3370: Subtask transform_into_data.csv
[2024-03-15 18:31:04,753] {logging_mixin.py:104} INFO - Running <TaskInstance: ***_exam.transform_into_data.csv 2024-03-15T18:30:00+00:00 [running]> on host 3a3d0401ac26
[2024-03-15 18:31:04,835] {taskinstance.py:1302} INFO - Exporting the following env vars:
AIRFLOW_CTX_DAG_OWNER=***
AIRFLOW_CTX_DAG_ID=***_exam
AIRFLOW_CTX_TASK_ID=transform_into_data.csv
AIRFLOW_CTX_EXECUTION_DATE=2024-03-15T18:30:00+00:00
AIRFLOW_CTX_DAG_RUN_ID=scheduled__2024-03-15T18:30:00+00:00
[2024-03-15 18:31:04,843] {logging_mixin.py:104} INFO - 
[2024-03-15 18:31:04,878] {logging_mixin.py:104} INFO -     temperature        city  pression              date
0       286.75       Paris      1012  2024-03-15 18:31
1       285.49      London      1006  2024-03-15 18:31
2       281.73  Washington      1026  2024-03-15 18:31
3       286.75       Paris      1012  2024-03-15 18:30
4       285.49      London      1006  2024-03-15 18:30
5       281.73  Washington      1026  2024-03-15 18:30
6       286.75       Paris      1012  2024-03-15 18:29
7       285.49      London      1006  2024-03-15 18:29
8       281.73  Washington      1026  2024-03-15 18:29
9       286.75       Paris      1012  2024-03-15 18:28
[2024-03-15 18:31:04,884] {python.py:151} INFO - Done. Returned value was: None
[2024-03-15 18:31:04,901] {taskinstance.py:1211} INFO - Marking task as SUCCESS. dag_id=***_exam, task_id=transform_into_data.csv, execution_date=20240315T183000, start_date=20240315T183104, end_date=20240315T183104
[2024-03-15 18:31:04,948] {taskinstance.py:1265} INFO - 0 downstream tasks scheduled from follow-on schedule check
[2024-03-15 18:31:04,981] {local_task_job.py:151} INFO - Task exited with return code 0
