[2024-03-21 01:28:04,627] {taskinstance.py:896} INFO - Dependencies all met for <TaskInstance: airflow_exam.transform_into_fulldata.csv 2024-03-21T01:27:00+00:00 [queued]>
[2024-03-21 01:28:04,645] {taskinstance.py:896} INFO - Dependencies all met for <TaskInstance: airflow_exam.transform_into_fulldata.csv 2024-03-21T01:27:00+00:00 [queued]>
[2024-03-21 01:28:04,645] {taskinstance.py:1087} INFO - 
--------------------------------------------------------------------------------
[2024-03-21 01:28:04,645] {taskinstance.py:1088} INFO - Starting attempt 1 of 1
[2024-03-21 01:28:04,646] {taskinstance.py:1089} INFO - 
--------------------------------------------------------------------------------
[2024-03-21 01:28:04,670] {taskinstance.py:1107} INFO - Executing <Task(PythonOperator): transform_into_fulldata.csv> on 2024-03-21T01:27:00+00:00
[2024-03-21 01:28:04,682] {standard_task_runner.py:52} INFO - Started process 14514 to run task
[2024-03-21 01:28:04,687] {standard_task_runner.py:76} INFO - Running: ['***', 'tasks', 'run', '***_exam', 'transform_into_fulldata.csv', '2024-03-21T01:27:00+00:00', '--job-id', '8843', '--pool', 'default_pool', '--raw', '--subdir', 'DAGS_FOLDER/DAG.py', '--cfg-path', '/tmp/tmp9rylo3xi', '--error-file', '/tmp/tmpu4pecey3']
[2024-03-21 01:28:04,688] {standard_task_runner.py:77} INFO - Job 8843: Subtask transform_into_fulldata.csv
[2024-03-21 01:28:04,755] {logging_mixin.py:104} INFO - Running <TaskInstance: ***_exam.transform_into_fulldata.csv 2024-03-21T01:27:00+00:00 [running]> on host 3a3d0401ac26
[2024-03-21 01:28:04,831] {taskinstance.py:1302} INFO - Exporting the following env vars:
AIRFLOW_CTX_DAG_OWNER=***
AIRFLOW_CTX_DAG_ID=***_exam
AIRFLOW_CTX_TASK_ID=transform_into_fulldata.csv
AIRFLOW_CTX_EXECUTION_DATE=2024-03-21T01:27:00+00:00
AIRFLOW_CTX_DAG_RUN_ID=scheduled__2024-03-21T01:27:00+00:00
[2024-03-21 01:28:04,942] {logging_mixin.py:104} INFO - 
[2024-03-21 01:28:04,964] {logging_mixin.py:104} INFO -     temperature        city  pression              date
0       285.53       Paris      1021  2024-03-21 01:28
1       283.57      London      1023  2024-03-21 01:28
2       287.56  Washington      1007  2024-03-21 01:28
3       285.53       Paris      1021  2024-03-21 01:27
4       283.57      London      1023  2024-03-21 01:27
5       287.56  Washington      1007  2024-03-21 01:27
6       285.53       Paris      1021  2024-03-21 01:26
7       283.57      London      1023  2024-03-21 01:26
8       287.56  Washington      1007  2024-03-21 01:26
9       285.53       Paris      1021  2024-03-21 01:25
[2024-03-21 01:28:04,978] {python.py:151} INFO - Done. Returned value was: None
[2024-03-21 01:28:04,992] {taskinstance.py:1211} INFO - Marking task as SUCCESS. dag_id=***_exam, task_id=transform_into_fulldata.csv, execution_date=20240321T012700, start_date=20240321T012804, end_date=20240321T012804
[2024-03-21 01:28:05,032] {taskinstance.py:1265} INFO - 3 downstream tasks scheduled from follow-on schedule check
[2024-03-21 01:28:05,061] {local_task_job.py:151} INFO - Task exited with return code 0
