[2024-03-16 03:54:04,364] {taskinstance.py:896} INFO - Dependencies all met for <TaskInstance: airflow_exam.transform_into_data.csv 2024-03-16T03:53:00+00:00 [queued]>
[2024-03-16 03:54:04,396] {taskinstance.py:896} INFO - Dependencies all met for <TaskInstance: airflow_exam.transform_into_data.csv 2024-03-16T03:53:00+00:00 [queued]>
[2024-03-16 03:54:04,397] {taskinstance.py:1087} INFO - 
--------------------------------------------------------------------------------
[2024-03-16 03:54:04,397] {taskinstance.py:1088} INFO - Starting attempt 1 of 1
[2024-03-16 03:54:04,397] {taskinstance.py:1089} INFO - 
--------------------------------------------------------------------------------
[2024-03-16 03:54:04,415] {taskinstance.py:1107} INFO - Executing <Task(PythonOperator): transform_into_data.csv> on 2024-03-16T03:53:00+00:00
[2024-03-16 03:54:04,429] {standard_task_runner.py:52} INFO - Started process 145821 to run task
[2024-03-16 03:54:04,434] {standard_task_runner.py:76} INFO - Running: ['***', 'tasks', 'run', '***_exam', 'transform_into_data.csv', '2024-03-16T03:53:00+00:00', '--job-id', '6710', '--pool', 'default_pool', '--raw', '--subdir', 'DAGS_FOLDER/DAG.py', '--cfg-path', '/tmp/tmp9y5ru2ji', '--error-file', '/tmp/tmpwmd939mq']
[2024-03-16 03:54:04,435] {standard_task_runner.py:77} INFO - Job 6710: Subtask transform_into_data.csv
[2024-03-16 03:54:04,504] {logging_mixin.py:104} INFO - Running <TaskInstance: ***_exam.transform_into_data.csv 2024-03-16T03:53:00+00:00 [running]> on host 3a3d0401ac26
[2024-03-16 03:54:04,592] {taskinstance.py:1302} INFO - Exporting the following env vars:
AIRFLOW_CTX_DAG_OWNER=***
AIRFLOW_CTX_DAG_ID=***_exam
AIRFLOW_CTX_TASK_ID=transform_into_data.csv
AIRFLOW_CTX_EXECUTION_DATE=2024-03-16T03:53:00+00:00
AIRFLOW_CTX_DAG_RUN_ID=scheduled__2024-03-16T03:53:00+00:00
[2024-03-16 03:54:04,601] {logging_mixin.py:104} INFO - 
[2024-03-16 03:54:04,633] {logging_mixin.py:104} INFO -     temperature        city  pression              date
0       283.82       Paris      1018  2024-03-16 03:54
1       281.45      London      1016  2024-03-16 03:54
2       282.12  Washington      1023  2024-03-16 03:54
3       284.04       Paris      1017  2024-03-16 03:53
4       281.45      London      1016  2024-03-16 03:53
5       282.12  Washington      1023  2024-03-16 03:53
6       284.04       Paris      1017  2024-03-16 03:52
7       281.45      London      1016  2024-03-16 03:52
8       282.12  Washington      1023  2024-03-16 03:52
9       283.84       Paris      1017  2024-03-16 03:51
[2024-03-16 03:54:04,640] {python.py:151} INFO - Done. Returned value was: None
[2024-03-16 03:54:04,658] {taskinstance.py:1211} INFO - Marking task as SUCCESS. dag_id=***_exam, task_id=transform_into_data.csv, execution_date=20240316T035300, start_date=20240316T035404, end_date=20240316T035404
[2024-03-16 03:54:04,704] {taskinstance.py:1265} INFO - 0 downstream tasks scheduled from follow-on schedule check
[2024-03-16 03:54:04,726] {local_task_job.py:151} INFO - Task exited with return code 0
