[2024-03-15 17:59:04,090] {taskinstance.py:896} INFO - Dependencies all met for <TaskInstance: airflow_exam.transform_into_data.csv 2024-03-15T17:58:00+00:00 [queued]>
[2024-03-15 17:59:04,111] {taskinstance.py:896} INFO - Dependencies all met for <TaskInstance: airflow_exam.transform_into_data.csv 2024-03-15T17:58:00+00:00 [queued]>
[2024-03-15 17:59:04,111] {taskinstance.py:1087} INFO - 
--------------------------------------------------------------------------------
[2024-03-15 17:59:04,111] {taskinstance.py:1088} INFO - Starting attempt 1 of 1
[2024-03-15 17:59:04,111] {taskinstance.py:1089} INFO - 
--------------------------------------------------------------------------------
[2024-03-15 17:59:04,120] {taskinstance.py:1107} INFO - Executing <Task(PythonOperator): transform_into_data.csv> on 2024-03-15T17:58:00+00:00
[2024-03-15 17:59:04,127] {standard_task_runner.py:52} INFO - Started process 40235 to run task
[2024-03-15 17:59:04,130] {standard_task_runner.py:76} INFO - Running: ['***', 'tasks', 'run', '***_exam', 'transform_into_data.csv', '2024-03-15T17:58:00+00:00', '--job-id', '3146', '--pool', 'default_pool', '--raw', '--subdir', 'DAGS_FOLDER/DAG.py', '--cfg-path', '/tmp/tmpaxbbhii5', '--error-file', '/tmp/tmptjusv2sj']
[2024-03-15 17:59:04,130] {standard_task_runner.py:77} INFO - Job 3146: Subtask transform_into_data.csv
[2024-03-15 17:59:04,172] {logging_mixin.py:104} INFO - Running <TaskInstance: ***_exam.transform_into_data.csv 2024-03-15T17:58:00+00:00 [running]> on host 3a3d0401ac26
[2024-03-15 17:59:04,233] {taskinstance.py:1302} INFO - Exporting the following env vars:
AIRFLOW_CTX_DAG_OWNER=***
AIRFLOW_CTX_DAG_ID=***_exam
AIRFLOW_CTX_TASK_ID=transform_into_data.csv
AIRFLOW_CTX_EXECUTION_DATE=2024-03-15T17:58:00+00:00
AIRFLOW_CTX_DAG_RUN_ID=scheduled__2024-03-15T17:58:00+00:00
[2024-03-15 17:59:04,237] {logging_mixin.py:104} INFO - 
[2024-03-15 17:59:04,253] {logging_mixin.py:104} INFO -     temperature        city  pression              date
0       286.88       Paris      1011  2024-03-15 17:59
1       285.83      London      1005  2024-03-15 17:59
2       282.79  Washington      1026  2024-03-15 17:59
3       286.88       Paris      1011  2024-03-15 17:58
4       285.83      London      1005  2024-03-15 17:58
5       282.79  Washington      1026  2024-03-15 17:58
6       286.88       Paris      1011  2024-03-15 17:57
7       285.83      London      1005  2024-03-15 17:57
8       282.79  Washington      1026  2024-03-15 17:57
9       286.88       Paris      1011  2024-03-15 17:56
[2024-03-15 17:59:04,261] {python.py:151} INFO - Done. Returned value was: None
[2024-03-15 17:59:04,271] {taskinstance.py:1211} INFO - Marking task as SUCCESS. dag_id=***_exam, task_id=transform_into_data.csv, execution_date=20240315T175800, start_date=20240315T175904, end_date=20240315T175904
[2024-03-15 17:59:04,302] {taskinstance.py:1265} INFO - 0 downstream tasks scheduled from follow-on schedule check
[2024-03-15 17:59:04,343] {local_task_job.py:151} INFO - Task exited with return code 0
