[2023-10-06 19:20:05,712] {taskinstance.py:896} INFO - Dependencies all met for <TaskInstance: airflow_exam.transform_into_data.csv 2023-10-06T19:19:00+00:00 [queued]>
[2023-10-06 19:20:05,734] {taskinstance.py:896} INFO - Dependencies all met for <TaskInstance: airflow_exam.transform_into_data.csv 2023-10-06T19:19:00+00:00 [queued]>
[2023-10-06 19:20:05,734] {taskinstance.py:1087} INFO - 
--------------------------------------------------------------------------------
[2023-10-06 19:20:05,735] {taskinstance.py:1088} INFO - Starting attempt 1 of 1
[2023-10-06 19:20:05,735] {taskinstance.py:1089} INFO - 
--------------------------------------------------------------------------------
[2023-10-06 19:20:05,762] {taskinstance.py:1107} INFO - Executing <Task(PythonOperator): transform_into_data.csv> on 2023-10-06T19:19:00+00:00
[2023-10-06 19:20:05,774] {standard_task_runner.py:52} INFO - Started process 3558 to run task
[2023-10-06 19:20:05,780] {standard_task_runner.py:76} INFO - Running: ['***', 'tasks', 'run', '***_exam', 'transform_into_data.csv', '2023-10-06T19:19:00+00:00', '--job-id', '390', '--pool', 'default_pool', '--raw', '--subdir', 'DAGS_FOLDER/DAG.py', '--cfg-path', '/tmp/tmpur9sgjzi', '--error-file', '/tmp/tmp6lgy7k7b']
[2023-10-06 19:20:05,781] {standard_task_runner.py:77} INFO - Job 390: Subtask transform_into_data.csv
[2023-10-06 19:20:05,864] {logging_mixin.py:104} INFO - Running <TaskInstance: ***_exam.transform_into_data.csv 2023-10-06T19:19:00+00:00 [running]> on host 3a3d0401ac26
[2023-10-06 19:20:05,959] {taskinstance.py:1302} INFO - Exporting the following env vars:
AIRFLOW_CTX_DAG_OWNER=***
AIRFLOW_CTX_DAG_ID=***_exam
AIRFLOW_CTX_TASK_ID=transform_into_data.csv
AIRFLOW_CTX_EXECUTION_DATE=2023-10-06T19:19:00+00:00
AIRFLOW_CTX_DAG_RUN_ID=scheduled__2023-10-06T19:19:00+00:00
[2023-10-06 19:20:05,968] {logging_mixin.py:104} INFO - 
[2023-10-06 19:20:06,006] {logging_mixin.py:104} INFO -     temperature        city  pression              date
0       289.07       Paris      1026  2023-10-06 19:20
1       290.46      London      1023  2023-10-06 19:20
2       291.89  Washington      1025  2023-10-06 19:20
3       289.07       Paris      1026  2023-10-06 19:19
4       290.46      London      1023  2023-10-06 19:19
5       291.89  Washington      1025  2023-10-06 19:19
6       295.70       Paris      1025  2023-10-06 14:25
7       294.37      London      1023  2023-10-06 14:25
8       283.28  Washington      1027  2023-10-06 14:25
9       295.70       Paris      1025  2023-10-06 14:24
[2023-10-06 19:20:06,015] {python.py:151} INFO - Done. Returned value was: None
[2023-10-06 19:20:06,033] {taskinstance.py:1211} INFO - Marking task as SUCCESS. dag_id=***_exam, task_id=transform_into_data.csv, execution_date=20231006T191900, start_date=20231006T192005, end_date=20231006T192006
[2023-10-06 19:20:06,079] {taskinstance.py:1265} INFO - 0 downstream tasks scheduled from follow-on schedule check
[2023-10-06 19:20:06,113] {local_task_job.py:151} INFO - Task exited with return code 0
