[2024-03-16 01:31:05,305] {taskinstance.py:896} INFO - Dependencies all met for <TaskInstance: airflow_exam.transform_into_fulldata.csv 2024-03-16T01:30:00+00:00 [queued]>
[2024-03-16 01:31:05,331] {taskinstance.py:896} INFO - Dependencies all met for <TaskInstance: airflow_exam.transform_into_fulldata.csv 2024-03-16T01:30:00+00:00 [queued]>
[2024-03-16 01:31:05,331] {taskinstance.py:1087} INFO - 
--------------------------------------------------------------------------------
[2024-03-16 01:31:05,332] {taskinstance.py:1088} INFO - Starting attempt 1 of 1
[2024-03-16 01:31:05,332] {taskinstance.py:1089} INFO - 
--------------------------------------------------------------------------------
[2024-03-16 01:31:05,346] {taskinstance.py:1107} INFO - Executing <Task(PythonOperator): transform_into_fulldata.csv> on 2024-03-16T01:30:00+00:00
[2024-03-16 01:31:05,357] {standard_task_runner.py:52} INFO - Started process 115159 to run task
[2024-03-16 01:31:05,362] {standard_task_runner.py:76} INFO - Running: ['***', 'tasks', 'run', '***_exam', 'transform_into_fulldata.csv', '2024-03-16T01:30:00+00:00', '--job-id', '5708', '--pool', 'default_pool', '--raw', '--subdir', 'DAGS_FOLDER/DAG.py', '--cfg-path', '/tmp/tmpab0cmdmj', '--error-file', '/tmp/tmplm25etbv']
[2024-03-16 01:31:05,363] {standard_task_runner.py:77} INFO - Job 5708: Subtask transform_into_fulldata.csv
[2024-03-16 01:31:05,424] {logging_mixin.py:104} INFO - Running <TaskInstance: ***_exam.transform_into_fulldata.csv 2024-03-16T01:30:00+00:00 [running]> on host 3a3d0401ac26
[2024-03-16 01:31:05,504] {taskinstance.py:1302} INFO - Exporting the following env vars:
AIRFLOW_CTX_DAG_OWNER=***
AIRFLOW_CTX_DAG_ID=***_exam
AIRFLOW_CTX_TASK_ID=transform_into_fulldata.csv
AIRFLOW_CTX_EXECUTION_DATE=2024-03-16T01:30:00+00:00
AIRFLOW_CTX_DAG_RUN_ID=scheduled__2024-03-16T01:30:00+00:00
[2024-03-16 01:31:05,585] {logging_mixin.py:104} INFO - 
[2024-03-16 01:31:05,616] {logging_mixin.py:104} INFO -     temperature        city  pression              date
0       284.55       Paris      1016  2024-03-16 01:31
1       280.97      London      1014  2024-03-16 01:31
2       287.82  Washington      1021  2024-03-16 01:31
3       284.55       Paris      1016  2024-03-16 01:30
4       280.97      London      1014  2024-03-16 01:30
5       287.82  Washington      1021  2024-03-16 01:30
6       284.54       Paris      1016  2024-03-16 01:29
7       280.96      London      1014  2024-03-16 01:29
8       288.15  Washington      1021  2024-03-16 01:29
9       284.54       Paris      1016  2024-03-16 01:28
[2024-03-16 01:31:05,630] {python.py:151} INFO - Done. Returned value was: None
[2024-03-16 01:31:05,647] {taskinstance.py:1211} INFO - Marking task as SUCCESS. dag_id=***_exam, task_id=transform_into_fulldata.csv, execution_date=20240316T013000, start_date=20240316T013105, end_date=20240316T013105
[2024-03-16 01:31:05,700] {taskinstance.py:1265} INFO - 3 downstream tasks scheduled from follow-on schedule check
[2024-03-16 01:31:05,734] {local_task_job.py:151} INFO - Task exited with return code 0
