[2024-03-21 00:51:04,014] {taskinstance.py:896} INFO - Dependencies all met for <TaskInstance: airflow_exam.transform_into_data.csv 2024-03-21T00:50:00+00:00 [queued]>
[2024-03-21 00:51:04,032] {taskinstance.py:896} INFO - Dependencies all met for <TaskInstance: airflow_exam.transform_into_data.csv 2024-03-21T00:50:00+00:00 [queued]>
[2024-03-21 00:51:04,033] {taskinstance.py:1087} INFO - 
--------------------------------------------------------------------------------
[2024-03-21 00:51:04,033] {taskinstance.py:1088} INFO - Starting attempt 1 of 1
[2024-03-21 00:51:04,033] {taskinstance.py:1089} INFO - 
--------------------------------------------------------------------------------
[2024-03-21 00:51:04,059] {taskinstance.py:1107} INFO - Executing <Task(PythonOperator): transform_into_data.csv> on 2024-03-21T00:50:00+00:00
[2024-03-21 00:51:04,071] {standard_task_runner.py:52} INFO - Started process 6603 to run task
[2024-03-21 00:51:04,076] {standard_task_runner.py:76} INFO - Running: ['***', 'tasks', 'run', '***_exam', 'transform_into_data.csv', '2024-03-21T00:50:00+00:00', '--job-id', '8584', '--pool', 'default_pool', '--raw', '--subdir', 'DAGS_FOLDER/DAG.py', '--cfg-path', '/tmp/tmp8cbjuy4t', '--error-file', '/tmp/tmputae3q7o']
[2024-03-21 00:51:04,077] {standard_task_runner.py:77} INFO - Job 8584: Subtask transform_into_data.csv
[2024-03-21 00:51:04,153] {logging_mixin.py:104} INFO - Running <TaskInstance: ***_exam.transform_into_data.csv 2024-03-21T00:50:00+00:00 [running]> on host 3a3d0401ac26
[2024-03-21 00:51:04,255] {taskinstance.py:1302} INFO - Exporting the following env vars:
AIRFLOW_CTX_DAG_OWNER=***
AIRFLOW_CTX_DAG_ID=***_exam
AIRFLOW_CTX_TASK_ID=transform_into_data.csv
AIRFLOW_CTX_EXECUTION_DATE=2024-03-21T00:50:00+00:00
AIRFLOW_CTX_DAG_RUN_ID=scheduled__2024-03-21T00:50:00+00:00
[2024-03-21 00:51:04,264] {logging_mixin.py:104} INFO - 
[2024-03-21 00:51:04,290] {logging_mixin.py:104} INFO -     temperature        city  pression              date
0       285.68       Paris      1021  2024-03-21 00:51
1       284.00      London      1023  2024-03-21 00:51
2       287.95  Washington      1007  2024-03-21 00:51
3       285.64       Paris      1021  2024-03-21 00:50
4       284.03      London      1023  2024-03-21 00:50
5       287.76  Washington      1007  2024-03-21 00:50
6       285.68       Paris      1021  2024-03-21 00:49
7       284.03      London      1023  2024-03-21 00:49
8       287.76  Washington      1007  2024-03-21 00:49
9       285.68       Paris      1021  2024-03-21 00:48
[2024-03-21 00:51:04,295] {python.py:151} INFO - Done. Returned value was: None
[2024-03-21 00:51:04,313] {taskinstance.py:1211} INFO - Marking task as SUCCESS. dag_id=***_exam, task_id=transform_into_data.csv, execution_date=20240321T005000, start_date=20240321T005104, end_date=20240321T005104
[2024-03-21 00:51:04,358] {taskinstance.py:1265} INFO - 0 downstream tasks scheduled from follow-on schedule check
[2024-03-21 00:51:04,387] {local_task_job.py:151} INFO - Task exited with return code 0
