[2024-03-20 23:05:05,019] {taskinstance.py:896} INFO - Dependencies all met for <TaskInstance: airflow_exam.transform_into_data.csv 2024-03-20T23:04:00+00:00 [queued]>
[2024-03-20 23:05:05,040] {taskinstance.py:896} INFO - Dependencies all met for <TaskInstance: airflow_exam.transform_into_data.csv 2024-03-20T23:04:00+00:00 [queued]>
[2024-03-20 23:05:05,040] {taskinstance.py:1087} INFO - 
--------------------------------------------------------------------------------
[2024-03-20 23:05:05,040] {taskinstance.py:1088} INFO - Starting attempt 1 of 1
[2024-03-20 23:05:05,040] {taskinstance.py:1089} INFO - 
--------------------------------------------------------------------------------
[2024-03-20 23:05:05,066] {taskinstance.py:1107} INFO - Executing <Task(PythonOperator): transform_into_data.csv> on 2024-03-20T23:04:00+00:00
[2024-03-20 23:05:05,077] {standard_task_runner.py:52} INFO - Started process 32413 to run task
[2024-03-20 23:05:05,084] {standard_task_runner.py:76} INFO - Running: ['***', 'tasks', 'run', '***_exam', 'transform_into_data.csv', '2024-03-20T23:04:00+00:00', '--job-id', '7898', '--pool', 'default_pool', '--raw', '--subdir', 'DAGS_FOLDER/DAG.py', '--cfg-path', '/tmp/tmp0ce7qbxp', '--error-file', '/tmp/tmpq5jwp2xf']
[2024-03-20 23:05:05,085] {standard_task_runner.py:77} INFO - Job 7898: Subtask transform_into_data.csv
[2024-03-20 23:05:05,157] {logging_mixin.py:104} INFO - Running <TaskInstance: ***_exam.transform_into_data.csv 2024-03-20T23:04:00+00:00 [running]> on host 3a3d0401ac26
[2024-03-20 23:05:05,257] {taskinstance.py:1302} INFO - Exporting the following env vars:
AIRFLOW_CTX_DAG_OWNER=***
AIRFLOW_CTX_DAG_ID=***_exam
AIRFLOW_CTX_TASK_ID=transform_into_data.csv
AIRFLOW_CTX_EXECUTION_DATE=2024-03-20T23:04:00+00:00
AIRFLOW_CTX_DAG_RUN_ID=scheduled__2024-03-20T23:04:00+00:00
[2024-03-20 23:05:05,270] {logging_mixin.py:104} INFO - 
[2024-03-20 23:05:05,311] {logging_mixin.py:104} INFO -     temperature        city  pression              date
0       286.58       Paris      1020  2024-03-20 23:05
1       285.10      London      1022  2024-03-20 23:05
2       290.36  Washington      1007  2024-03-20 23:05
3       286.59       Paris      1020  2024-03-20 23:04
4       285.10      London      1022  2024-03-20 23:04
5       290.36  Washington      1007  2024-03-20 23:04
6       286.59       Paris      1020  2024-03-20 23:03
7       285.23      London      1022  2024-03-20 23:03
8       290.36  Washington      1007  2024-03-20 23:03
9       286.59       Paris      1020  2024-03-20 23:02
[2024-03-20 23:05:05,319] {python.py:151} INFO - Done. Returned value was: None
[2024-03-20 23:05:05,340] {taskinstance.py:1211} INFO - Marking task as SUCCESS. dag_id=***_exam, task_id=transform_into_data.csv, execution_date=20240320T230400, start_date=20240320T230505, end_date=20240320T230505
[2024-03-20 23:05:05,385] {taskinstance.py:1265} INFO - 0 downstream tasks scheduled from follow-on schedule check
[2024-03-20 23:05:05,416] {local_task_job.py:151} INFO - Task exited with return code 0
