[2024-03-21 18:30:10,183] {taskinstance.py:896} INFO - Dependencies all met for <TaskInstance: airflow_exam.compute_rf_score 2024-03-21T18:29:00+00:00 [queued]>
[2024-03-21 18:30:10,211] {taskinstance.py:896} INFO - Dependencies all met for <TaskInstance: airflow_exam.compute_rf_score 2024-03-21T18:29:00+00:00 [queued]>
[2024-03-21 18:30:10,212] {taskinstance.py:1087} INFO - 
--------------------------------------------------------------------------------
[2024-03-21 18:30:10,212] {taskinstance.py:1088} INFO - Starting attempt 1 of 1
[2024-03-21 18:30:10,212] {taskinstance.py:1089} INFO - 
--------------------------------------------------------------------------------
[2024-03-21 18:30:10,227] {taskinstance.py:1107} INFO - Executing <Task(PythonOperator): compute_rf_score> on 2024-03-21T18:29:00+00:00
[2024-03-21 18:30:10,239] {standard_task_runner.py:52} INFO - Started process 36498 to run task
[2024-03-21 18:30:10,244] {standard_task_runner.py:76} INFO - Running: ['***', 'tasks', 'run', '***_exam', 'compute_rf_score', '2024-03-21T18:29:00+00:00', '--job-id', '10238', '--pool', 'default_pool', '--raw', '--subdir', 'DAGS_FOLDER/DAG.py', '--cfg-path', '/tmp/tmpr2bz0n0z', '--error-file', '/tmp/tmpf4qibr0j']
[2024-03-21 18:30:10,245] {standard_task_runner.py:77} INFO - Job 10238: Subtask compute_rf_score
[2024-03-21 18:30:10,310] {logging_mixin.py:104} INFO - Running <TaskInstance: ***_exam.compute_rf_score 2024-03-21T18:29:00+00:00 [running]> on host 3a3d0401ac26
[2024-03-21 18:30:10,397] {taskinstance.py:1302} INFO - Exporting the following env vars:
AIRFLOW_CTX_DAG_OWNER=***
AIRFLOW_CTX_DAG_ID=***_exam
AIRFLOW_CTX_TASK_ID=compute_rf_score
AIRFLOW_CTX_EXECUTION_DATE=2024-03-21T18:29:00+00:00
AIRFLOW_CTX_DAG_RUN_ID=scheduled__2024-03-21T18:29:00+00:00
[2024-03-21 18:30:14,514] {python.py:151} INFO - Done. Returned value was: None
[2024-03-21 18:30:14,527] {taskinstance.py:1211} INFO - Marking task as SUCCESS. dag_id=***_exam, task_id=compute_rf_score, execution_date=20240321T182900, start_date=20240321T183010, end_date=20240321T183014
[2024-03-21 18:30:14,569] {taskinstance.py:1265} INFO - 1 downstream tasks scheduled from follow-on schedule check
[2024-03-21 18:30:14,607] {local_task_job.py:151} INFO - Task exited with return code 0
