[2024-03-21 19:42:05,979] {taskinstance.py:896} INFO - Dependencies all met for <TaskInstance: airflow_exam.compute_dt_score 2024-03-21T19:41:00+00:00 [queued]>
[2024-03-21 19:42:06,007] {taskinstance.py:896} INFO - Dependencies all met for <TaskInstance: airflow_exam.compute_dt_score 2024-03-21T19:41:00+00:00 [queued]>
[2024-03-21 19:42:06,007] {taskinstance.py:1087} INFO - 
--------------------------------------------------------------------------------
[2024-03-21 19:42:06,007] {taskinstance.py:1088} INFO - Starting attempt 1 of 1
[2024-03-21 19:42:06,007] {taskinstance.py:1089} INFO - 
--------------------------------------------------------------------------------
[2024-03-21 19:42:06,021] {taskinstance.py:1107} INFO - Executing <Task(PythonOperator): compute_dt_score> on 2024-03-21T19:41:00+00:00
[2024-03-21 19:42:06,032] {standard_task_runner.py:52} INFO - Started process 52034 to run task
[2024-03-21 19:42:06,038] {standard_task_runner.py:76} INFO - Running: ['***', 'tasks', 'run', '***_exam', 'compute_dt_score', '2024-03-21T19:41:00+00:00', '--job-id', '10742', '--pool', 'default_pool', '--raw', '--subdir', 'DAGS_FOLDER/DAG.py', '--cfg-path', '/tmp/tmp5ke7dvuy', '--error-file', '/tmp/tmpn7ajyenw']
[2024-03-21 19:42:06,038] {standard_task_runner.py:77} INFO - Job 10742: Subtask compute_dt_score
[2024-03-21 19:42:06,117] {logging_mixin.py:104} INFO - Running <TaskInstance: ***_exam.compute_dt_score 2024-03-21T19:41:00+00:00 [running]> on host 3a3d0401ac26
[2024-03-21 19:42:06,203] {taskinstance.py:1302} INFO - Exporting the following env vars:
AIRFLOW_CTX_DAG_OWNER=***
AIRFLOW_CTX_DAG_ID=***_exam
AIRFLOW_CTX_TASK_ID=compute_dt_score
AIRFLOW_CTX_EXECUTION_DATE=2024-03-21T19:41:00+00:00
AIRFLOW_CTX_DAG_RUN_ID=scheduled__2024-03-21T19:41:00+00:00
[2024-03-21 19:42:06,545] {python.py:151} INFO - Done. Returned value was: None
[2024-03-21 19:42:06,561] {taskinstance.py:1211} INFO - Marking task as SUCCESS. dag_id=***_exam, task_id=compute_dt_score, execution_date=20240321T194100, start_date=20240321T194205, end_date=20240321T194206
[2024-03-21 19:42:06,616] {taskinstance.py:1265} INFO - 0 downstream tasks scheduled from follow-on schedule check
[2024-03-21 19:42:06,656] {local_task_job.py:151} INFO - Task exited with return code 0
