[2024-03-16 02:36:04,534] {taskinstance.py:896} INFO - Dependencies all met for <TaskInstance: airflow_exam.transform_into_fulldata.csv 2024-03-16T02:35:00+00:00 [queued]>
[2024-03-16 02:36:04,556] {taskinstance.py:896} INFO - Dependencies all met for <TaskInstance: airflow_exam.transform_into_fulldata.csv 2024-03-16T02:35:00+00:00 [queued]>
[2024-03-16 02:36:04,557] {taskinstance.py:1087} INFO - 
--------------------------------------------------------------------------------
[2024-03-16 02:36:04,557] {taskinstance.py:1088} INFO - Starting attempt 1 of 1
[2024-03-16 02:36:04,557] {taskinstance.py:1089} INFO - 
--------------------------------------------------------------------------------
[2024-03-16 02:36:04,569] {taskinstance.py:1107} INFO - Executing <Task(PythonOperator): transform_into_fulldata.csv> on 2024-03-16T02:35:00+00:00
[2024-03-16 02:36:04,577] {standard_task_runner.py:52} INFO - Started process 129152 to run task
[2024-03-16 02:36:04,580] {standard_task_runner.py:76} INFO - Running: ['***', 'tasks', 'run', '***_exam', 'transform_into_fulldata.csv', '2024-03-16T02:35:00+00:00', '--job-id', '6163', '--pool', 'default_pool', '--raw', '--subdir', 'DAGS_FOLDER/DAG.py', '--cfg-path', '/tmp/tmpj5eg34e2', '--error-file', '/tmp/tmpfwgu5je9']
[2024-03-16 02:36:04,580] {standard_task_runner.py:77} INFO - Job 6163: Subtask transform_into_fulldata.csv
[2024-03-16 02:36:04,628] {logging_mixin.py:104} INFO - Running <TaskInstance: ***_exam.transform_into_fulldata.csv 2024-03-16T02:35:00+00:00 [running]> on host 3a3d0401ac26
[2024-03-16 02:36:04,698] {taskinstance.py:1302} INFO - Exporting the following env vars:
AIRFLOW_CTX_DAG_OWNER=***
AIRFLOW_CTX_DAG_ID=***_exam
AIRFLOW_CTX_TASK_ID=transform_into_fulldata.csv
AIRFLOW_CTX_EXECUTION_DATE=2024-03-16T02:35:00+00:00
AIRFLOW_CTX_DAG_RUN_ID=scheduled__2024-03-16T02:35:00+00:00
[2024-03-16 02:36:04,766] {logging_mixin.py:104} INFO - 
[2024-03-16 02:36:04,787] {logging_mixin.py:104} INFO -     temperature        city  pression              date
0       284.22       Paris      1017  2024-03-16 02:36
1       281.30      London      1015  2024-03-16 02:36
2       280.76  Washington      1023  2024-03-16 02:36
3       284.22       Paris      1017  2024-03-16 02:35
4       281.28      London      1015  2024-03-16 02:35
5       283.95  Washington      1022  2024-03-16 02:35
6       284.22       Paris      1017  2024-03-16 02:34
7       281.28      London      1015  2024-03-16 02:34
8       283.95  Washington      1022  2024-03-16 02:34
9       284.22       Paris      1017  2024-03-16 02:33
[2024-03-16 02:36:04,798] {python.py:151} INFO - Done. Returned value was: None
[2024-03-16 02:36:04,811] {taskinstance.py:1211} INFO - Marking task as SUCCESS. dag_id=***_exam, task_id=transform_into_fulldata.csv, execution_date=20240316T023500, start_date=20240316T023604, end_date=20240316T023604
[2024-03-16 02:36:04,848] {taskinstance.py:1265} INFO - 3 downstream tasks scheduled from follow-on schedule check
[2024-03-16 02:36:04,873] {local_task_job.py:151} INFO - Task exited with return code 0
