[2024-03-15 21:05:04,779] {taskinstance.py:896} INFO - Dependencies all met for <TaskInstance: airflow_exam.transform_into_data.csv 2024-03-15T21:04:00+00:00 [queued]>
[2024-03-15 21:05:04,802] {taskinstance.py:896} INFO - Dependencies all met for <TaskInstance: airflow_exam.transform_into_data.csv 2024-03-15T21:04:00+00:00 [queued]>
[2024-03-15 21:05:04,802] {taskinstance.py:1087} INFO - 
--------------------------------------------------------------------------------
[2024-03-15 21:05:04,802] {taskinstance.py:1088} INFO - Starting attempt 1 of 1
[2024-03-15 21:05:04,802] {taskinstance.py:1089} INFO - 
--------------------------------------------------------------------------------
[2024-03-15 21:05:04,814] {taskinstance.py:1107} INFO - Executing <Task(PythonOperator): transform_into_data.csv> on 2024-03-15T21:04:00+00:00
[2024-03-15 21:05:04,823] {standard_task_runner.py:52} INFO - Started process 60380 to run task
[2024-03-15 21:05:04,827] {standard_task_runner.py:76} INFO - Running: ['***', 'tasks', 'run', '***_exam', 'transform_into_data.csv', '2024-03-15T21:04:00+00:00', '--job-id', '3854', '--pool', 'default_pool', '--raw', '--subdir', 'DAGS_FOLDER/DAG.py', '--cfg-path', '/tmp/tmpnah_znv7', '--error-file', '/tmp/tmpcinqt9ob']
[2024-03-15 21:05:04,828] {standard_task_runner.py:77} INFO - Job 3854: Subtask transform_into_data.csv
[2024-03-15 21:05:04,885] {logging_mixin.py:104} INFO - Running <TaskInstance: ***_exam.transform_into_data.csv 2024-03-15T21:04:00+00:00 [running]> on host 3a3d0401ac26
[2024-03-15 21:05:04,962] {taskinstance.py:1302} INFO - Exporting the following env vars:
AIRFLOW_CTX_DAG_OWNER=***
AIRFLOW_CTX_DAG_ID=***_exam
AIRFLOW_CTX_TASK_ID=transform_into_data.csv
AIRFLOW_CTX_EXECUTION_DATE=2024-03-15T21:04:00+00:00
AIRFLOW_CTX_DAG_RUN_ID=scheduled__2024-03-15T21:04:00+00:00
[2024-03-15 21:05:04,971] {logging_mixin.py:104} INFO - 
[2024-03-15 21:05:05,004] {logging_mixin.py:104} INFO -     temperature        city  pression              date
0       285.70       Paris      1013  2024-03-15 21:05
1       284.49      London      1008  2024-03-15 21:05
2       286.97  Washington      1024  2024-03-15 21:05
3       285.70       Paris      1013  2024-03-15 21:04
4       284.49      London      1008  2024-03-15 21:04
5       286.97  Washington      1024  2024-03-15 21:04
6       285.70       Paris      1013  2024-03-15 21:03
7       284.49      London      1008  2024-03-15 21:03
8       286.97  Washington      1024  2024-03-15 21:03
9       285.70       Paris      1013  2024-03-15 21:02
[2024-03-15 21:05:05,011] {python.py:151} INFO - Done. Returned value was: None
[2024-03-15 21:05:05,030] {taskinstance.py:1211} INFO - Marking task as SUCCESS. dag_id=***_exam, task_id=transform_into_data.csv, execution_date=20240315T210400, start_date=20240315T210504, end_date=20240315T210505
[2024-03-15 21:05:05,074] {taskinstance.py:1265} INFO - 0 downstream tasks scheduled from follow-on schedule check
[2024-03-15 21:05:05,119] {local_task_job.py:151} INFO - Task exited with return code 0
