[2024-03-15 16:17:04,970] {taskinstance.py:896} INFO - Dependencies all met for <TaskInstance: airflow_exam.transform_into_data.csv 2024-03-15T16:16:00+00:00 [queued]>
[2024-03-15 16:17:04,995] {taskinstance.py:896} INFO - Dependencies all met for <TaskInstance: airflow_exam.transform_into_data.csv 2024-03-15T16:16:00+00:00 [queued]>
[2024-03-15 16:17:04,995] {taskinstance.py:1087} INFO - 
--------------------------------------------------------------------------------
[2024-03-15 16:17:04,995] {taskinstance.py:1088} INFO - Starting attempt 1 of 1
[2024-03-15 16:17:04,995] {taskinstance.py:1089} INFO - 
--------------------------------------------------------------------------------
[2024-03-15 16:17:05,009] {taskinstance.py:1107} INFO - Executing <Task(PythonOperator): transform_into_data.csv> on 2024-03-15T16:16:00+00:00
[2024-03-15 16:17:05,019] {standard_task_runner.py:52} INFO - Started process 19873 to run task
[2024-03-15 16:17:05,023] {standard_task_runner.py:76} INFO - Running: ['***', 'tasks', 'run', '***_exam', 'transform_into_data.csv', '2024-03-15T16:16:00+00:00', '--job-id', '2430', '--pool', 'default_pool', '--raw', '--subdir', 'DAGS_FOLDER/DAG.py', '--cfg-path', '/tmp/tmpx2j_7zcz', '--error-file', '/tmp/tmpg5tg4mjf']
[2024-03-15 16:17:05,024] {standard_task_runner.py:77} INFO - Job 2430: Subtask transform_into_data.csv
[2024-03-15 16:17:05,082] {logging_mixin.py:104} INFO - Running <TaskInstance: ***_exam.transform_into_data.csv 2024-03-15T16:16:00+00:00 [running]> on host 3a3d0401ac26
[2024-03-15 16:17:05,162] {taskinstance.py:1302} INFO - Exporting the following env vars:
AIRFLOW_CTX_DAG_OWNER=***
AIRFLOW_CTX_DAG_ID=***_exam
AIRFLOW_CTX_TASK_ID=transform_into_data.csv
AIRFLOW_CTX_EXECUTION_DATE=2024-03-15T16:16:00+00:00
AIRFLOW_CTX_DAG_RUN_ID=scheduled__2024-03-15T16:16:00+00:00
[2024-03-15 16:17:05,170] {logging_mixin.py:104} INFO - 
[2024-03-15 16:17:05,202] {logging_mixin.py:104} INFO -     temperature        city  pression              date
0       289.31       Paris      1011  2024-03-15 16:17
1       286.91      London      1004  2024-03-15 16:17
2       282.95  Washington      1027  2024-03-15 16:17
3       289.31       Paris      1011  2024-03-15 16:16
4       286.91      London      1004  2024-03-15 16:16
5       282.95  Washington      1027  2024-03-15 16:16
6       289.31       Paris      1011  2024-03-15 16:15
7       286.91      London      1004  2024-03-15 16:15
8       282.95  Washington      1027  2024-03-15 16:15
9       289.31       Paris      1011  2024-03-15 16:14
[2024-03-15 16:17:05,209] {python.py:151} INFO - Done. Returned value was: None
[2024-03-15 16:17:05,226] {taskinstance.py:1211} INFO - Marking task as SUCCESS. dag_id=***_exam, task_id=transform_into_data.csv, execution_date=20240315T161600, start_date=20240315T161704, end_date=20240315T161705
[2024-03-15 16:17:05,263] {taskinstance.py:1265} INFO - 0 downstream tasks scheduled from follow-on schedule check
[2024-03-15 16:17:05,315] {local_task_job.py:151} INFO - Task exited with return code 0
