[2023-10-07 16:10:05,573] {taskinstance.py:896} INFO - Dependencies all met for <TaskInstance: airflow_exam.compute_rf_score 2023-10-07T16:09:00+00:00 [queued]>
[2023-10-07 16:10:05,592] {taskinstance.py:896} INFO - Dependencies all met for <TaskInstance: airflow_exam.compute_rf_score 2023-10-07T16:09:00+00:00 [queued]>
[2023-10-07 16:10:05,592] {taskinstance.py:1087} INFO - 
--------------------------------------------------------------------------------
[2023-10-07 16:10:05,592] {taskinstance.py:1088} INFO - Starting attempt 1 of 1
[2023-10-07 16:10:05,592] {taskinstance.py:1089} INFO - 
--------------------------------------------------------------------------------
[2023-10-07 16:10:05,602] {taskinstance.py:1107} INFO - Executing <Task(PythonOperator): compute_rf_score> on 2023-10-07T16:09:00+00:00
[2023-10-07 16:10:05,610] {standard_task_runner.py:52} INFO - Started process 4716 to run task
[2023-10-07 16:10:05,613] {standard_task_runner.py:76} INFO - Running: ['***', 'tasks', 'run', '***_exam', 'compute_rf_score', '2023-10-07T16:09:00+00:00', '--job-id', '1378', '--pool', 'default_pool', '--raw', '--subdir', 'DAGS_FOLDER/DAG.py', '--cfg-path', '/tmp/tmpz78p_ksi', '--error-file', '/tmp/tmp0nm4zz69']
[2023-10-07 16:10:05,614] {standard_task_runner.py:77} INFO - Job 1378: Subtask compute_rf_score
[2023-10-07 16:10:05,662] {logging_mixin.py:104} INFO - Running <TaskInstance: ***_exam.compute_rf_score 2023-10-07T16:09:00+00:00 [running]> on host 3a3d0401ac26
[2023-10-07 16:10:05,722] {taskinstance.py:1302} INFO - Exporting the following env vars:
AIRFLOW_CTX_DAG_OWNER=***
AIRFLOW_CTX_DAG_ID=***_exam
AIRFLOW_CTX_TASK_ID=compute_rf_score
AIRFLOW_CTX_EXECUTION_DATE=2023-10-07T16:09:00+00:00
AIRFLOW_CTX_DAG_RUN_ID=scheduled__2023-10-07T16:09:00+00:00
[2023-10-07 16:10:06,302] {python.py:151} INFO - Done. Returned value was: None
[2023-10-07 16:10:06,314] {taskinstance.py:1211} INFO - Marking task as SUCCESS. dag_id=***_exam, task_id=compute_rf_score, execution_date=20231007T160900, start_date=20231007T161005, end_date=20231007T161006
[2023-10-07 16:10:06,346] {taskinstance.py:1265} INFO - 1 downstream tasks scheduled from follow-on schedule check
[2023-10-07 16:10:06,389] {local_task_job.py:151} INFO - Task exited with return code 0
