[2023-10-06 19:47:03,678] {taskinstance.py:896} INFO - Dependencies all met for <TaskInstance: airflow_exam.transform_into_fulldata.csv 2023-10-06T19:46:00+00:00 [queued]>
[2023-10-06 19:47:03,691] {taskinstance.py:896} INFO - Dependencies all met for <TaskInstance: airflow_exam.transform_into_fulldata.csv 2023-10-06T19:46:00+00:00 [queued]>
[2023-10-06 19:47:03,691] {taskinstance.py:1087} INFO - 
--------------------------------------------------------------------------------
[2023-10-06 19:47:03,691] {taskinstance.py:1088} INFO - Starting attempt 1 of 1
[2023-10-06 19:47:03,691] {taskinstance.py:1089} INFO - 
--------------------------------------------------------------------------------
[2023-10-06 19:47:03,708] {taskinstance.py:1107} INFO - Executing <Task(PythonOperator): transform_into_fulldata.csv> on 2023-10-06T19:46:00+00:00
[2023-10-06 19:47:03,716] {standard_task_runner.py:52} INFO - Started process 8692 to run task
[2023-10-06 19:47:03,719] {standard_task_runner.py:76} INFO - Running: ['***', 'tasks', 'run', '***_exam', 'transform_into_fulldata.csv', '2023-10-06T19:46:00+00:00', '--job-id', '579', '--pool', 'default_pool', '--raw', '--subdir', 'DAGS_FOLDER/DAG.py', '--cfg-path', '/tmp/tmpk8mk08t9', '--error-file', '/tmp/tmpt6s09oa2']
[2023-10-06 19:47:03,720] {standard_task_runner.py:77} INFO - Job 579: Subtask transform_into_fulldata.csv
[2023-10-06 19:47:03,766] {logging_mixin.py:104} INFO - Running <TaskInstance: ***_exam.transform_into_fulldata.csv 2023-10-06T19:46:00+00:00 [running]> on host 3a3d0401ac26
[2023-10-06 19:47:03,825] {taskinstance.py:1302} INFO - Exporting the following env vars:
AIRFLOW_CTX_DAG_OWNER=***
AIRFLOW_CTX_DAG_ID=***_exam
AIRFLOW_CTX_TASK_ID=transform_into_fulldata.csv
AIRFLOW_CTX_EXECUTION_DATE=2023-10-06T19:46:00+00:00
AIRFLOW_CTX_DAG_RUN_ID=scheduled__2023-10-06T19:46:00+00:00
[2023-10-06 19:47:03,833] {logging_mixin.py:104} INFO - 
[2023-10-06 19:47:03,849] {logging_mixin.py:104} INFO -     temperature        city  pression              date
0       289.02       Paris      1025  2023-10-06 19:47
1       290.16      London      1023  2023-10-06 19:47
2       292.95  Washington      1024  2023-10-06 19:47
3       289.02       Paris      1025  2023-10-06 19:46
4       290.25      London      1023  2023-10-06 19:46
5       292.95  Washington      1024  2023-10-06 19:46
6       289.02       Paris      1025  2023-10-06 19:45
7       290.25      London      1023  2023-10-06 19:45
8       292.95  Washington      1024  2023-10-06 19:45
9       288.40       Paris      1025  2023-10-06 19:44
[2023-10-06 19:47:03,853] {python.py:151} INFO - Done. Returned value was: None
[2023-10-06 19:47:03,864] {taskinstance.py:1211} INFO - Marking task as SUCCESS. dag_id=***_exam, task_id=transform_into_fulldata.csv, execution_date=20231006T194600, start_date=20231006T194703, end_date=20231006T194703
[2023-10-06 19:47:03,896] {taskinstance.py:1265} INFO - 3 downstream tasks scheduled from follow-on schedule check
[2023-10-06 19:47:03,931] {local_task_job.py:151} INFO - Task exited with return code 0
