[2024-03-21 17:07:07,445] {taskinstance.py:896} INFO - Dependencies all met for <TaskInstance: airflow_exam.transform_into_data.csv 2024-03-21T17:06:00+00:00 [queued]>
[2024-03-21 17:07:07,473] {taskinstance.py:896} INFO - Dependencies all met for <TaskInstance: airflow_exam.transform_into_data.csv 2024-03-21T17:06:00+00:00 [queued]>
[2024-03-21 17:07:07,473] {taskinstance.py:1087} INFO - 
--------------------------------------------------------------------------------
[2024-03-21 17:07:07,473] {taskinstance.py:1088} INFO - Starting attempt 1 of 1
[2024-03-21 17:07:07,473] {taskinstance.py:1089} INFO - 
--------------------------------------------------------------------------------
[2024-03-21 17:07:07,487] {taskinstance.py:1107} INFO - Executing <Task(PythonOperator): transform_into_data.csv> on 2024-03-21T17:06:00+00:00
[2024-03-21 17:07:07,499] {standard_task_runner.py:52} INFO - Started process 18570 to run task
[2024-03-21 17:07:07,503] {standard_task_runner.py:76} INFO - Running: ['***', 'tasks', 'run', '***_exam', 'transform_into_data.csv', '2024-03-21T17:06:00+00:00', '--job-id', '9653', '--pool', 'default_pool', '--raw', '--subdir', 'DAGS_FOLDER/DAG.py', '--cfg-path', '/tmp/tmpemt1xali', '--error-file', '/tmp/tmp7qy0m0xd']
[2024-03-21 17:07:07,504] {standard_task_runner.py:77} INFO - Job 9653: Subtask transform_into_data.csv
[2024-03-21 17:07:07,600] {logging_mixin.py:104} INFO - Running <TaskInstance: ***_exam.transform_into_data.csv 2024-03-21T17:06:00+00:00 [running]> on host 3a3d0401ac26
[2024-03-21 17:07:07,722] {taskinstance.py:1302} INFO - Exporting the following env vars:
AIRFLOW_CTX_DAG_OWNER=***
AIRFLOW_CTX_DAG_ID=***_exam
AIRFLOW_CTX_TASK_ID=transform_into_data.csv
AIRFLOW_CTX_EXECUTION_DATE=2024-03-21T17:06:00+00:00
AIRFLOW_CTX_DAG_RUN_ID=scheduled__2024-03-21T17:06:00+00:00
[2024-03-21 17:07:07,752] {logging_mixin.py:104} INFO - 
[2024-03-21 17:07:07,806] {logging_mixin.py:104} INFO -     temperature        city  pression              date
0       291.81       Paris      1025  2024-03-21 17:07
1       288.80      London      1022  2024-03-21 17:07
2       282.52  Washington      1015  2024-03-21 17:07
3       291.81       Paris      1025  2024-03-21 17:06
4       288.80      London      1022  2024-03-21 17:06
5       282.52  Washington      1015  2024-03-21 17:06
6       291.81       Paris      1025  2024-03-21 17:05
7       288.94      London      1022  2024-03-21 17:05
8       282.17  Washington      1015  2024-03-21 17:05
9       291.81       Paris      1025  2024-03-21 17:04
[2024-03-21 17:07:07,813] {python.py:151} INFO - Done. Returned value was: None
[2024-03-21 17:07:07,832] {taskinstance.py:1211} INFO - Marking task as SUCCESS. dag_id=***_exam, task_id=transform_into_data.csv, execution_date=20240321T170600, start_date=20240321T170707, end_date=20240321T170707
[2024-03-21 17:07:07,890] {taskinstance.py:1265} INFO - 0 downstream tasks scheduled from follow-on schedule check
[2024-03-21 17:07:07,922] {local_task_job.py:151} INFO - Task exited with return code 0
