[2023-10-06 10:31:42,512] {taskinstance.py:896} INFO - Dependencies all met for <TaskInstance: airflow_exam.transform_into_data.csv 2023-10-06T10:31:38.487248+00:00 [queued]>
[2023-10-06 10:31:42,525] {taskinstance.py:896} INFO - Dependencies all met for <TaskInstance: airflow_exam.transform_into_data.csv 2023-10-06T10:31:38.487248+00:00 [queued]>
[2023-10-06 10:31:42,526] {taskinstance.py:1087} INFO - 
--------------------------------------------------------------------------------
[2023-10-06 10:31:42,526] {taskinstance.py:1088} INFO - Starting attempt 1 of 1
[2023-10-06 10:31:42,526] {taskinstance.py:1089} INFO - 
--------------------------------------------------------------------------------
[2023-10-06 10:31:42,543] {taskinstance.py:1107} INFO - Executing <Task(PythonOperator): transform_into_data.csv> on 2023-10-06T10:31:38.487248+00:00
[2023-10-06 10:31:42,547] {standard_task_runner.py:52} INFO - Started process 5648 to run task
[2023-10-06 10:31:42,549] {standard_task_runner.py:76} INFO - Running: ['***', 'tasks', 'run', '***_exam', 'transform_into_data.csv', '2023-10-06T10:31:38.487248+00:00', '--job-id', '255', '--pool', 'default_pool', '--raw', '--subdir', 'DAGS_FOLDER/DAG.py', '--cfg-path', '/tmp/tmpvqdhkh2b', '--error-file', '/tmp/tmpl8fzbbqu']
[2023-10-06 10:31:42,550] {standard_task_runner.py:77} INFO - Job 255: Subtask transform_into_data.csv
[2023-10-06 10:31:42,594] {logging_mixin.py:104} INFO - Running <TaskInstance: ***_exam.transform_into_data.csv 2023-10-06T10:31:38.487248+00:00 [running]> on host 3a3d0401ac26
[2023-10-06 10:31:42,653] {taskinstance.py:1302} INFO - Exporting the following env vars:
AIRFLOW_CTX_DAG_OWNER=***
AIRFLOW_CTX_DAG_ID=***_exam
AIRFLOW_CTX_TASK_ID=transform_into_data.csv
AIRFLOW_CTX_EXECUTION_DATE=2023-10-06T10:31:38.487248+00:00
AIRFLOW_CTX_DAG_RUN_ID=manual__2023-10-06T10:31:38.487248+00:00
[2023-10-06 10:31:42,656] {logging_mixin.py:104} INFO - 
[2023-10-06 10:31:42,670] {logging_mixin.py:104} INFO -     temperature        city  pression              date
0       290.96       Paris      1027  2023-10-06 10:31
1       290.67      London      1024  2023-10-06 10:31
2       285.55  Washington      1027  2023-10-06 10:31
3       287.50       Paris      1026  2023-10-05 20:33
4       287.33      London      1024  2023-10-05 20:33
5       295.17  Washington      1024  2023-10-05 20:33
6       288.43       Paris      1026  2023-10-05 19:27
7       287.72      London      1024  2023-10-05 19:27
8       292.89  Washington      1025  2023-10-05 19:27
9       290.92       Paris      1026  2023-10-05 19:21
[2023-10-06 10:31:42,674] {python.py:151} INFO - Done. Returned value was: None
[2023-10-06 10:31:42,685] {taskinstance.py:1211} INFO - Marking task as SUCCESS. dag_id=***_exam, task_id=transform_into_data.csv, execution_date=20231006T103138, start_date=20231006T103142, end_date=20231006T103142
[2023-10-06 10:31:42,712] {taskinstance.py:1265} INFO - 0 downstream tasks scheduled from follow-on schedule check
[2023-10-06 10:31:42,722] {local_task_job.py:151} INFO - Task exited with return code 0
