[2024-03-16 02:55:08,324] {taskinstance.py:896} INFO - Dependencies all met for <TaskInstance: airflow_exam.compute_lr_score 2024-03-16T02:54:00+00:00 [queued]>
[2024-03-16 02:55:08,358] {taskinstance.py:896} INFO - Dependencies all met for <TaskInstance: airflow_exam.compute_lr_score 2024-03-16T02:54:00+00:00 [queued]>
[2024-03-16 02:55:08,359] {taskinstance.py:1087} INFO - 
--------------------------------------------------------------------------------
[2024-03-16 02:55:08,360] {taskinstance.py:1088} INFO - Starting attempt 1 of 1
[2024-03-16 02:55:08,362] {taskinstance.py:1089} INFO - 
--------------------------------------------------------------------------------
[2024-03-16 02:55:08,381] {taskinstance.py:1107} INFO - Executing <Task(PythonOperator): compute_lr_score> on 2024-03-16T02:54:00+00:00
[2024-03-16 02:55:08,395] {standard_task_runner.py:52} INFO - Started process 133252 to run task
[2024-03-16 02:55:08,402] {standard_task_runner.py:76} INFO - Running: ['***', 'tasks', 'run', '***_exam', 'compute_lr_score', '2024-03-16T02:54:00+00:00', '--job-id', '6299', '--pool', 'default_pool', '--raw', '--subdir', 'DAGS_FOLDER/DAG.py', '--cfg-path', '/tmp/tmpkaqjdbck', '--error-file', '/tmp/tmpm72k05pt']
[2024-03-16 02:55:08,403] {standard_task_runner.py:77} INFO - Job 6299: Subtask compute_lr_score
[2024-03-16 02:55:08,486] {logging_mixin.py:104} INFO - Running <TaskInstance: ***_exam.compute_lr_score 2024-03-16T02:54:00+00:00 [running]> on host 3a3d0401ac26
[2024-03-16 02:55:08,606] {taskinstance.py:1302} INFO - Exporting the following env vars:
AIRFLOW_CTX_DAG_OWNER=***
AIRFLOW_CTX_DAG_ID=***_exam
AIRFLOW_CTX_TASK_ID=compute_lr_score
AIRFLOW_CTX_EXECUTION_DATE=2024-03-16T02:54:00+00:00
AIRFLOW_CTX_DAG_RUN_ID=scheduled__2024-03-16T02:54:00+00:00
[2024-03-16 02:55:08,980] {python.py:151} INFO - Done. Returned value was: None
[2024-03-16 02:55:09,017] {taskinstance.py:1211} INFO - Marking task as SUCCESS. dag_id=***_exam, task_id=compute_lr_score, execution_date=20240316T025400, start_date=20240316T025508, end_date=20240316T025509
[2024-03-16 02:55:09,104] {taskinstance.py:1265} INFO - 0 downstream tasks scheduled from follow-on schedule check
[2024-03-16 02:55:09,137] {local_task_job.py:151} INFO - Task exited with return code 0
