[2024-03-21 15:54:08,203] {taskinstance.py:896} INFO - Dependencies all met for <TaskInstance: airflow_exam.compute_lr_score 2024-03-21T15:53:00+00:00 [queued]>
[2024-03-21 15:54:08,229] {taskinstance.py:896} INFO - Dependencies all met for <TaskInstance: airflow_exam.compute_lr_score 2024-03-21T15:53:00+00:00 [queued]>
[2024-03-21 15:54:08,229] {taskinstance.py:1087} INFO - 
--------------------------------------------------------------------------------
[2024-03-21 15:54:08,229] {taskinstance.py:1088} INFO - Starting attempt 1 of 1
[2024-03-21 15:54:08,230] {taskinstance.py:1089} INFO - 
--------------------------------------------------------------------------------
[2024-03-21 15:54:08,245] {taskinstance.py:1107} INFO - Executing <Task(PythonOperator): compute_lr_score> on 2024-03-21T15:53:00+00:00
[2024-03-21 15:54:08,255] {standard_task_runner.py:52} INFO - Started process 2827 to run task
[2024-03-21 15:54:08,259] {standard_task_runner.py:76} INFO - Running: ['***', 'tasks', 'run', '***_exam', 'compute_lr_score', '2024-03-21T15:53:00+00:00', '--job-id', '9146', '--pool', 'default_pool', '--raw', '--subdir', 'DAGS_FOLDER/DAG.py', '--cfg-path', '/tmp/tmpe7tb0dx3', '--error-file', '/tmp/tmptvtehnz3']
[2024-03-21 15:54:08,260] {standard_task_runner.py:77} INFO - Job 9146: Subtask compute_lr_score
[2024-03-21 15:54:08,320] {logging_mixin.py:104} INFO - Running <TaskInstance: ***_exam.compute_lr_score 2024-03-21T15:53:00+00:00 [running]> on host 3a3d0401ac26
[2024-03-21 15:54:08,394] {taskinstance.py:1302} INFO - Exporting the following env vars:
AIRFLOW_CTX_DAG_OWNER=***
AIRFLOW_CTX_DAG_ID=***_exam
AIRFLOW_CTX_TASK_ID=compute_lr_score
AIRFLOW_CTX_EXECUTION_DATE=2024-03-21T15:53:00+00:00
AIRFLOW_CTX_DAG_RUN_ID=scheduled__2024-03-21T15:53:00+00:00
[2024-03-21 15:54:08,641] {python.py:151} INFO - Done. Returned value was: None
[2024-03-21 15:54:08,670] {taskinstance.py:1211} INFO - Marking task as SUCCESS. dag_id=***_exam, task_id=compute_lr_score, execution_date=20240321T155300, start_date=20240321T155408, end_date=20240321T155408
[2024-03-21 15:54:08,719] {taskinstance.py:1265} INFO - 0 downstream tasks scheduled from follow-on schedule check
[2024-03-21 15:54:08,752] {local_task_job.py:151} INFO - Task exited with return code 0
