[2024-03-15 21:47:05,297] {taskinstance.py:896} INFO - Dependencies all met for <TaskInstance: airflow_exam.transform_into_fulldata.csv 2024-03-15T21:46:00+00:00 [queued]>
[2024-03-15 21:47:05,327] {taskinstance.py:896} INFO - Dependencies all met for <TaskInstance: airflow_exam.transform_into_fulldata.csv 2024-03-15T21:46:00+00:00 [queued]>
[2024-03-15 21:47:05,327] {taskinstance.py:1087} INFO - 
--------------------------------------------------------------------------------
[2024-03-15 21:47:05,328] {taskinstance.py:1088} INFO - Starting attempt 1 of 1
[2024-03-15 21:47:05,328] {taskinstance.py:1089} INFO - 
--------------------------------------------------------------------------------
[2024-03-15 21:47:05,347] {taskinstance.py:1107} INFO - Executing <Task(PythonOperator): transform_into_fulldata.csv> on 2024-03-15T21:46:00+00:00
[2024-03-15 21:47:05,361] {standard_task_runner.py:52} INFO - Started process 68893 to run task
[2024-03-15 21:47:05,366] {standard_task_runner.py:76} INFO - Running: ['***', 'tasks', 'run', '***_exam', 'transform_into_fulldata.csv', '2024-03-15T21:46:00+00:00', '--job-id', '4147', '--pool', 'default_pool', '--raw', '--subdir', 'DAGS_FOLDER/DAG.py', '--cfg-path', '/tmp/tmpjfswe7vh', '--error-file', '/tmp/tmpwng9nopi']
[2024-03-15 21:47:05,367] {standard_task_runner.py:77} INFO - Job 4147: Subtask transform_into_fulldata.csv
[2024-03-15 21:47:05,463] {logging_mixin.py:104} INFO - Running <TaskInstance: ***_exam.transform_into_fulldata.csv 2024-03-15T21:46:00+00:00 [running]> on host 3a3d0401ac26
[2024-03-15 21:47:05,585] {taskinstance.py:1302} INFO - Exporting the following env vars:
AIRFLOW_CTX_DAG_OWNER=***
AIRFLOW_CTX_DAG_ID=***_exam
AIRFLOW_CTX_TASK_ID=transform_into_fulldata.csv
AIRFLOW_CTX_EXECUTION_DATE=2024-03-15T21:46:00+00:00
AIRFLOW_CTX_DAG_RUN_ID=scheduled__2024-03-15T21:46:00+00:00
[2024-03-15 21:47:05,659] {logging_mixin.py:104} INFO - 
[2024-03-15 21:47:05,684] {logging_mixin.py:104} INFO -     temperature        city  pression              date
0       285.44       Paris      1013  2024-03-15 21:47
1       283.65      London      1010  2024-03-15 21:47
2       288.67  Washington      1022  2024-03-15 21:47
3       285.44       Paris      1013  2024-03-15 21:46
4       283.65      London      1010  2024-03-15 21:46
5       288.67  Washington      1022  2024-03-15 21:46
6       285.44       Paris      1013  2024-03-15 21:45
7       283.65      London      1010  2024-03-15 21:45
8       288.67  Washington      1022  2024-03-15 21:45
9       285.40       Paris      1014  2024-03-15 21:44
[2024-03-15 21:47:05,694] {python.py:151} INFO - Done. Returned value was: None
[2024-03-15 21:47:05,716] {taskinstance.py:1211} INFO - Marking task as SUCCESS. dag_id=***_exam, task_id=transform_into_fulldata.csv, execution_date=20240315T214600, start_date=20240315T214705, end_date=20240315T214705
[2024-03-15 21:47:05,768] {taskinstance.py:1265} INFO - 3 downstream tasks scheduled from follow-on schedule check
[2024-03-15 21:47:05,822] {local_task_job.py:151} INFO - Task exited with return code 0
