[2024-03-16 00:53:04,799] {taskinstance.py:896} INFO - Dependencies all met for <TaskInstance: airflow_exam.transform_into_fulldata.csv 2024-03-16T00:52:00+00:00 [queued]>
[2024-03-16 00:53:04,826] {taskinstance.py:896} INFO - Dependencies all met for <TaskInstance: airflow_exam.transform_into_fulldata.csv 2024-03-16T00:52:00+00:00 [queued]>
[2024-03-16 00:53:04,826] {taskinstance.py:1087} INFO - 
--------------------------------------------------------------------------------
[2024-03-16 00:53:04,826] {taskinstance.py:1088} INFO - Starting attempt 1 of 1
[2024-03-16 00:53:04,827] {taskinstance.py:1089} INFO - 
--------------------------------------------------------------------------------
[2024-03-16 00:53:04,839] {taskinstance.py:1107} INFO - Executing <Task(PythonOperator): transform_into_fulldata.csv> on 2024-03-16T00:52:00+00:00
[2024-03-16 00:53:04,848] {standard_task_runner.py:52} INFO - Started process 107019 to run task
[2024-03-16 00:53:04,851] {standard_task_runner.py:76} INFO - Running: ['***', 'tasks', 'run', '***_exam', 'transform_into_fulldata.csv', '2024-03-16T00:52:00+00:00', '--job-id', '5442', '--pool', 'default_pool', '--raw', '--subdir', 'DAGS_FOLDER/DAG.py', '--cfg-path', '/tmp/tmp4d0zcdub', '--error-file', '/tmp/tmpcsol_i5n']
[2024-03-16 00:53:04,852] {standard_task_runner.py:77} INFO - Job 5442: Subtask transform_into_fulldata.csv
[2024-03-16 00:53:04,903] {logging_mixin.py:104} INFO - Running <TaskInstance: ***_exam.transform_into_fulldata.csv 2024-03-16T00:52:00+00:00 [running]> on host 3a3d0401ac26
[2024-03-16 00:53:04,972] {taskinstance.py:1302} INFO - Exporting the following env vars:
AIRFLOW_CTX_DAG_OWNER=***
AIRFLOW_CTX_DAG_ID=***_exam
AIRFLOW_CTX_TASK_ID=transform_into_fulldata.csv
AIRFLOW_CTX_EXECUTION_DATE=2024-03-16T00:52:00+00:00
AIRFLOW_CTX_DAG_RUN_ID=scheduled__2024-03-16T00:52:00+00:00
[2024-03-16 00:53:05,032] {logging_mixin.py:104} INFO - 
[2024-03-16 00:53:05,058] {logging_mixin.py:104} INFO -     temperature        city  pression              date
0       284.61       Paris      1016  2024-03-16 00:53
1       281.36      London      1013  2024-03-16 00:53
2       287.46  Washington      1021  2024-03-16 00:53
3       284.61       Paris      1016  2024-03-16 00:52
4       281.28      London      1013  2024-03-16 00:52
5       287.67  Washington      1021  2024-03-16 00:52
6       284.61       Paris      1016  2024-03-16 00:51
7       281.33      London      1013  2024-03-16 00:51
8       287.67  Washington      1021  2024-03-16 00:51
9       284.61       Paris      1016  2024-03-16 00:50
[2024-03-16 00:53:05,074] {python.py:151} INFO - Done. Returned value was: None
[2024-03-16 00:53:05,089] {taskinstance.py:1211} INFO - Marking task as SUCCESS. dag_id=***_exam, task_id=transform_into_fulldata.csv, execution_date=20240316T005200, start_date=20240316T005304, end_date=20240316T005305
[2024-03-16 00:53:05,135] {taskinstance.py:1265} INFO - 3 downstream tasks scheduled from follow-on schedule check
[2024-03-16 00:53:05,185] {local_task_job.py:151} INFO - Task exited with return code 0
