[2024-03-21 01:48:03,753] {taskinstance.py:896} INFO - Dependencies all met for <TaskInstance: airflow_exam.transform_into_fulldata.csv 2024-03-21T01:47:00+00:00 [queued]>
[2024-03-21 01:48:03,771] {taskinstance.py:896} INFO - Dependencies all met for <TaskInstance: airflow_exam.transform_into_fulldata.csv 2024-03-21T01:47:00+00:00 [queued]>
[2024-03-21 01:48:03,771] {taskinstance.py:1087} INFO - 
--------------------------------------------------------------------------------
[2024-03-21 01:48:03,771] {taskinstance.py:1088} INFO - Starting attempt 1 of 1
[2024-03-21 01:48:03,771] {taskinstance.py:1089} INFO - 
--------------------------------------------------------------------------------
[2024-03-21 01:48:03,795] {taskinstance.py:1107} INFO - Executing <Task(PythonOperator): transform_into_fulldata.csv> on 2024-03-21T01:47:00+00:00
[2024-03-21 01:48:03,805] {standard_task_runner.py:52} INFO - Started process 18781 to run task
[2024-03-21 01:48:03,811] {standard_task_runner.py:76} INFO - Running: ['***', 'tasks', 'run', '***_exam', 'transform_into_fulldata.csv', '2024-03-21T01:47:00+00:00', '--job-id', '8983', '--pool', 'default_pool', '--raw', '--subdir', 'DAGS_FOLDER/DAG.py', '--cfg-path', '/tmp/tmppeh_asbn', '--error-file', '/tmp/tmpqrhb673p']
[2024-03-21 01:48:03,811] {standard_task_runner.py:77} INFO - Job 8983: Subtask transform_into_fulldata.csv
[2024-03-21 01:48:03,882] {logging_mixin.py:104} INFO - Running <TaskInstance: ***_exam.transform_into_fulldata.csv 2024-03-21T01:47:00+00:00 [running]> on host 3a3d0401ac26
[2024-03-21 01:48:03,968] {taskinstance.py:1302} INFO - Exporting the following env vars:
AIRFLOW_CTX_DAG_OWNER=***
AIRFLOW_CTX_DAG_ID=***_exam
AIRFLOW_CTX_TASK_ID=transform_into_fulldata.csv
AIRFLOW_CTX_EXECUTION_DATE=2024-03-21T01:47:00+00:00
AIRFLOW_CTX_DAG_RUN_ID=scheduled__2024-03-21T01:47:00+00:00
[2024-03-21 01:48:04,104] {logging_mixin.py:104} INFO - 
[2024-03-21 01:48:04,138] {logging_mixin.py:104} INFO -     temperature        city  pression              date
0       285.08       Paris      1022  2024-03-21 01:48
1       283.18      London      1023  2024-03-21 01:48
2       285.05  Washington      1008  2024-03-21 01:48
3       285.08       Paris      1022  2024-03-21 01:47
4       283.18      London      1023  2024-03-21 01:47
5       285.05  Washington      1008  2024-03-21 01:47
6       285.33       Paris      1021  2024-03-21 01:46
7       283.18      London      1023  2024-03-21 01:46
8       285.05  Washington      1008  2024-03-21 01:46
9       285.33       Paris      1021  2024-03-21 01:45
[2024-03-21 01:48:04,161] {python.py:151} INFO - Done. Returned value was: None
[2024-03-21 01:48:04,177] {taskinstance.py:1211} INFO - Marking task as SUCCESS. dag_id=***_exam, task_id=transform_into_fulldata.csv, execution_date=20240321T014700, start_date=20240321T014803, end_date=20240321T014804
[2024-03-21 01:48:04,222] {taskinstance.py:1265} INFO - 3 downstream tasks scheduled from follow-on schedule check
[2024-03-21 01:48:04,264] {local_task_job.py:151} INFO - Task exited with return code 0
