[2023-10-06 19:29:04,098] {taskinstance.py:896} INFO - Dependencies all met for <TaskInstance: airflow_exam.transform_into_data.csv 2023-10-06T19:28:00+00:00 [queued]>
[2023-10-06 19:29:04,131] {taskinstance.py:896} INFO - Dependencies all met for <TaskInstance: airflow_exam.transform_into_data.csv 2023-10-06T19:28:00+00:00 [queued]>
[2023-10-06 19:29:04,131] {taskinstance.py:1087} INFO - 
--------------------------------------------------------------------------------
[2023-10-06 19:29:04,131] {taskinstance.py:1088} INFO - Starting attempt 1 of 1
[2023-10-06 19:29:04,132] {taskinstance.py:1089} INFO - 
--------------------------------------------------------------------------------
[2023-10-06 19:29:04,153] {taskinstance.py:1107} INFO - Executing <Task(PythonOperator): transform_into_data.csv> on 2023-10-06T19:28:00+00:00
[2023-10-06 19:29:04,165] {standard_task_runner.py:52} INFO - Started process 5252 to run task
[2023-10-06 19:29:04,169] {standard_task_runner.py:76} INFO - Running: ['***', 'tasks', 'run', '***_exam', 'transform_into_data.csv', '2023-10-06T19:28:00+00:00', '--job-id', '453', '--pool', 'default_pool', '--raw', '--subdir', 'DAGS_FOLDER/DAG.py', '--cfg-path', '/tmp/tmpvch0q3vq', '--error-file', '/tmp/tmp41fhneun']
[2023-10-06 19:29:04,170] {standard_task_runner.py:77} INFO - Job 453: Subtask transform_into_data.csv
[2023-10-06 19:29:04,253] {logging_mixin.py:104} INFO - Running <TaskInstance: ***_exam.transform_into_data.csv 2023-10-06T19:28:00+00:00 [running]> on host 3a3d0401ac26
[2023-10-06 19:29:04,465] {taskinstance.py:1302} INFO - Exporting the following env vars:
AIRFLOW_CTX_DAG_OWNER=***
AIRFLOW_CTX_DAG_ID=***_exam
AIRFLOW_CTX_TASK_ID=transform_into_data.csv
AIRFLOW_CTX_EXECUTION_DATE=2023-10-06T19:28:00+00:00
AIRFLOW_CTX_DAG_RUN_ID=scheduled__2023-10-06T19:28:00+00:00
[2023-10-06 19:29:04,491] {logging_mixin.py:104} INFO - 
[2023-10-06 19:29:04,562] {logging_mixin.py:104} INFO -     temperature        city  pression              date
0       289.07       Paris      1026  2023-10-06 19:29
1       290.35      London      1023  2023-10-06 19:29
2       292.25  Washington      1025  2023-10-06 19:29
3       289.07       Paris      1026  2023-10-06 19:28
4       290.35      London      1023  2023-10-06 19:28
5       292.25  Washington      1025  2023-10-06 19:28
6       289.07       Paris      1026  2023-10-06 19:27
7       290.35      London      1023  2023-10-06 19:27
8       292.25  Washington      1025  2023-10-06 19:27
9       289.07       Paris      1026  2023-10-06 19:26
[2023-10-06 19:29:04,570] {python.py:151} INFO - Done. Returned value was: None
[2023-10-06 19:29:04,588] {taskinstance.py:1211} INFO - Marking task as SUCCESS. dag_id=***_exam, task_id=transform_into_data.csv, execution_date=20231006T192800, start_date=20231006T192904, end_date=20231006T192904
[2023-10-06 19:29:04,640] {taskinstance.py:1265} INFO - 0 downstream tasks scheduled from follow-on schedule check
[2023-10-06 19:29:04,664] {local_task_job.py:151} INFO - Task exited with return code 0
