[2023-10-06 19:19:35,001] {taskinstance.py:896} INFO - Dependencies all met for <TaskInstance: airflow_exam.transform_into_fulldata.csv 2023-10-06T19:19:05.151180+00:00 [queued]>
[2023-10-06 19:19:35,017] {taskinstance.py:896} INFO - Dependencies all met for <TaskInstance: airflow_exam.transform_into_fulldata.csv 2023-10-06T19:19:05.151180+00:00 [queued]>
[2023-10-06 19:19:35,018] {taskinstance.py:1087} INFO - 
--------------------------------------------------------------------------------
[2023-10-06 19:19:35,018] {taskinstance.py:1088} INFO - Starting attempt 1 of 1
[2023-10-06 19:19:35,018] {taskinstance.py:1089} INFO - 
--------------------------------------------------------------------------------
[2023-10-06 19:19:35,037] {taskinstance.py:1107} INFO - Executing <Task(PythonOperator): transform_into_fulldata.csv> on 2023-10-06T19:19:05.151180+00:00
[2023-10-06 19:19:35,047] {standard_task_runner.py:52} INFO - Started process 3284 to run task
[2023-10-06 19:19:35,050] {standard_task_runner.py:76} INFO - Running: ['***', 'tasks', 'run', '***_exam', 'transform_into_fulldata.csv', '2023-10-06T19:19:05.151180+00:00', '--job-id', '373', '--pool', 'default_pool', '--raw', '--subdir', 'DAGS_FOLDER/DAG.py', '--cfg-path', '/tmp/tmpnlilxxw9', '--error-file', '/tmp/tmpqi3o9lxk']
[2023-10-06 19:19:35,051] {standard_task_runner.py:77} INFO - Job 373: Subtask transform_into_fulldata.csv
[2023-10-06 19:19:35,109] {logging_mixin.py:104} INFO - Running <TaskInstance: ***_exam.transform_into_fulldata.csv 2023-10-06T19:19:05.151180+00:00 [running]> on host 3a3d0401ac26
[2023-10-06 19:19:35,197] {taskinstance.py:1302} INFO - Exporting the following env vars:
AIRFLOW_CTX_DAG_OWNER=***
AIRFLOW_CTX_DAG_ID=***_exam
AIRFLOW_CTX_TASK_ID=transform_into_fulldata.csv
AIRFLOW_CTX_EXECUTION_DATE=2023-10-06T19:19:05.151180+00:00
AIRFLOW_CTX_DAG_RUN_ID=manual__2023-10-06T19:19:05.151180+00:00
[2023-10-06 19:19:35,233] {logging_mixin.py:104} INFO - 
[2023-10-06 19:19:35,263] {logging_mixin.py:104} INFO -     temperature        city  pression              date
0       289.07       Paris      1026  2023-10-06 19:19
1       290.46      London      1023  2023-10-06 19:19
2       291.89  Washington      1025  2023-10-06 19:19
3       295.70       Paris      1025  2023-10-06 14:25
4       294.37      London      1023  2023-10-06 14:25
5       283.28  Washington      1027  2023-10-06 14:25
6       295.70       Paris      1025  2023-10-06 14:24
7       294.37      London      1023  2023-10-06 14:24
8       283.28  Washington      1027  2023-10-06 14:24
9       295.70       Paris      1025  2023-10-06 14:23
[2023-10-06 19:19:35,269] {python.py:151} INFO - Done. Returned value was: None
[2023-10-06 19:19:35,283] {taskinstance.py:1211} INFO - Marking task as SUCCESS. dag_id=***_exam, task_id=transform_into_fulldata.csv, execution_date=20231006T191905, start_date=20231006T191935, end_date=20231006T191935
[2023-10-06 19:19:35,330] {taskinstance.py:1265} INFO - 3 downstream tasks scheduled from follow-on schedule check
[2023-10-06 19:19:35,343] {local_task_job.py:151} INFO - Task exited with return code 0
