[2023-10-07 15:54:06,647] {taskinstance.py:896} INFO - Dependencies all met for <TaskInstance: airflow_exam.transform_into_data.csv 2023-10-07T15:24:00+00:00 [queued]>
[2023-10-07 15:54:06,708] {taskinstance.py:896} INFO - Dependencies all met for <TaskInstance: airflow_exam.transform_into_data.csv 2023-10-07T15:24:00+00:00 [queued]>
[2023-10-07 15:54:06,709] {taskinstance.py:1087} INFO - 
--------------------------------------------------------------------------------
[2023-10-07 15:54:06,709] {taskinstance.py:1088} INFO - Starting attempt 1 of 1
[2023-10-07 15:54:06,709] {taskinstance.py:1089} INFO - 
--------------------------------------------------------------------------------
[2023-10-07 15:54:06,746] {taskinstance.py:1107} INFO - Executing <Task(PythonOperator): transform_into_data.csv> on 2023-10-07T15:24:00+00:00
[2023-10-07 15:54:06,797] {standard_task_runner.py:52} INFO - Started process 1369 to run task
[2023-10-07 15:54:06,814] {standard_task_runner.py:76} INFO - Running: ['***', 'tasks', 'run', '***_exam', 'transform_into_data.csv', '2023-10-07T15:24:00+00:00', '--job-id', '1243', '--pool', 'default_pool', '--raw', '--subdir', 'DAGS_FOLDER/DAG.py', '--cfg-path', '/tmp/tmp4ql77_c_', '--error-file', '/tmp/tmpjaj0icxv']
[2023-10-07 15:54:06,815] {standard_task_runner.py:77} INFO - Job 1243: Subtask transform_into_data.csv
[2023-10-07 15:54:07,146] {logging_mixin.py:104} INFO - Running <TaskInstance: ***_exam.transform_into_data.csv 2023-10-07T15:24:00+00:00 [running]> on host 3a3d0401ac26
[2023-10-07 15:54:07,428] {taskinstance.py:1302} INFO - Exporting the following env vars:
AIRFLOW_CTX_DAG_OWNER=***
AIRFLOW_CTX_DAG_ID=***_exam
AIRFLOW_CTX_TASK_ID=transform_into_data.csv
AIRFLOW_CTX_EXECUTION_DATE=2023-10-07T15:24:00+00:00
AIRFLOW_CTX_DAG_RUN_ID=scheduled__2023-10-07T15:24:00+00:00
[2023-10-07 15:54:07,441] {logging_mixin.py:104} INFO - 
[2023-10-07 15:54:07,505] {logging_mixin.py:104} INFO -     temperature        city  pression              date
0       298.15       Paris      1026  2023-10-07 15:53
1       296.57      London      1022  2023-10-07 15:53
2       281.37  Washington      1019  2023-10-07 15:53
3       297.39       Paris      1026  2023-10-07 13:25
4       296.84      London      1023  2023-10-07 13:25
5       284.18  Washington      1020  2023-10-07 13:25
6       297.39       Paris      1026  2023-10-07 13:24
7       296.84      London      1023  2023-10-07 13:24
8       284.18  Washington      1020  2023-10-07 13:24
9       285.69       Paris      1026  2023-10-06 23:32
[2023-10-07 15:54:07,513] {python.py:151} INFO - Done. Returned value was: None
[2023-10-07 15:54:07,598] {taskinstance.py:1211} INFO - Marking task as SUCCESS. dag_id=***_exam, task_id=transform_into_data.csv, execution_date=20231007T152400, start_date=20231007T155406, end_date=20231007T155407
[2023-10-07 15:54:07,792] {taskinstance.py:1265} INFO - 0 downstream tasks scheduled from follow-on schedule check
[2023-10-07 15:54:07,843] {local_task_job.py:151} INFO - Task exited with return code 0
