[2024-03-16 02:27:03,886] {taskinstance.py:896} INFO - Dependencies all met for <TaskInstance: airflow_exam.transform_into_fulldata.csv 2024-03-16T02:26:00+00:00 [queued]>
[2024-03-16 02:27:03,909] {taskinstance.py:896} INFO - Dependencies all met for <TaskInstance: airflow_exam.transform_into_fulldata.csv 2024-03-16T02:26:00+00:00 [queued]>
[2024-03-16 02:27:03,909] {taskinstance.py:1087} INFO - 
--------------------------------------------------------------------------------
[2024-03-16 02:27:03,909] {taskinstance.py:1088} INFO - Starting attempt 1 of 1
[2024-03-16 02:27:03,910] {taskinstance.py:1089} INFO - 
--------------------------------------------------------------------------------
[2024-03-16 02:27:03,924] {taskinstance.py:1107} INFO - Executing <Task(PythonOperator): transform_into_fulldata.csv> on 2024-03-16T02:26:00+00:00
[2024-03-16 02:27:03,934] {standard_task_runner.py:52} INFO - Started process 127204 to run task
[2024-03-16 02:27:03,939] {standard_task_runner.py:76} INFO - Running: ['***', 'tasks', 'run', '***_exam', 'transform_into_fulldata.csv', '2024-03-16T02:26:00+00:00', '--job-id', '6101', '--pool', 'default_pool', '--raw', '--subdir', 'DAGS_FOLDER/DAG.py', '--cfg-path', '/tmp/tmpyr5883as', '--error-file', '/tmp/tmp2pyqea7d']
[2024-03-16 02:27:03,939] {standard_task_runner.py:77} INFO - Job 6101: Subtask transform_into_fulldata.csv
[2024-03-16 02:27:04,006] {logging_mixin.py:104} INFO - Running <TaskInstance: ***_exam.transform_into_fulldata.csv 2024-03-16T02:26:00+00:00 [running]> on host 3a3d0401ac26
[2024-03-16 02:27:04,081] {taskinstance.py:1302} INFO - Exporting the following env vars:
AIRFLOW_CTX_DAG_OWNER=***
AIRFLOW_CTX_DAG_ID=***_exam
AIRFLOW_CTX_TASK_ID=transform_into_fulldata.csv
AIRFLOW_CTX_EXECUTION_DATE=2024-03-16T02:26:00+00:00
AIRFLOW_CTX_DAG_RUN_ID=scheduled__2024-03-16T02:26:00+00:00
[2024-03-16 02:27:04,149] {logging_mixin.py:104} INFO - 
[2024-03-16 02:27:04,169] {logging_mixin.py:104} INFO -     temperature        city  pression              date
0       284.22       Paris      1017  2024-03-16 02:27
1       281.19      London      1015  2024-03-16 02:27
2       283.77  Washington      1022  2024-03-16 02:27
3       284.37       Paris      1017  2024-03-16 02:26
4       281.28      London      1015  2024-03-16 02:26
5       283.95  Washington      1022  2024-03-16 02:26
6       284.37       Paris      1017  2024-03-16 02:25
7       281.15      London      1014  2024-03-16 02:25
8       283.95  Washington      1022  2024-03-16 02:25
9       284.37       Paris      1017  2024-03-16 02:24
[2024-03-16 02:27:04,178] {python.py:151} INFO - Done. Returned value was: None
[2024-03-16 02:27:04,192] {taskinstance.py:1211} INFO - Marking task as SUCCESS. dag_id=***_exam, task_id=transform_into_fulldata.csv, execution_date=20240316T022600, start_date=20240316T022703, end_date=20240316T022704
[2024-03-16 02:27:04,230] {taskinstance.py:1265} INFO - 3 downstream tasks scheduled from follow-on schedule check
[2024-03-16 02:27:04,270] {local_task_job.py:151} INFO - Task exited with return code 0
