[2024-03-15 17:00:11,937] {taskinstance.py:896} INFO - Dependencies all met for <TaskInstance: airflow_exam.transform_into_fulldata.csv 2024-03-15T16:59:00+00:00 [queued]>
[2024-03-15 17:00:11,983] {taskinstance.py:896} INFO - Dependencies all met for <TaskInstance: airflow_exam.transform_into_fulldata.csv 2024-03-15T16:59:00+00:00 [queued]>
[2024-03-15 17:00:11,985] {taskinstance.py:1087} INFO - 
--------------------------------------------------------------------------------
[2024-03-15 17:00:11,986] {taskinstance.py:1088} INFO - Starting attempt 1 of 1
[2024-03-15 17:00:11,986] {taskinstance.py:1089} INFO - 
--------------------------------------------------------------------------------
[2024-03-15 17:00:12,011] {taskinstance.py:1107} INFO - Executing <Task(PythonOperator): transform_into_fulldata.csv> on 2024-03-15T16:59:00+00:00
[2024-03-15 17:00:12,034] {standard_task_runner.py:52} INFO - Started process 28256 to run task
[2024-03-15 17:00:12,044] {standard_task_runner.py:76} INFO - Running: ['***', 'tasks', 'run', '***_exam', 'transform_into_fulldata.csv', '2024-03-15T16:59:00+00:00', '--job-id', '2732', '--pool', 'default_pool', '--raw', '--subdir', 'DAGS_FOLDER/DAG.py', '--cfg-path', '/tmp/tmpswqtdno4', '--error-file', '/tmp/tmpzb6gp5za']
[2024-03-15 17:00:12,045] {standard_task_runner.py:77} INFO - Job 2732: Subtask transform_into_fulldata.csv
[2024-03-15 17:00:12,129] {logging_mixin.py:104} INFO - Running <TaskInstance: ***_exam.transform_into_fulldata.csv 2024-03-15T16:59:00+00:00 [running]> on host 3a3d0401ac26
[2024-03-15 17:00:12,268] {taskinstance.py:1302} INFO - Exporting the following env vars:
AIRFLOW_CTX_DAG_OWNER=***
AIRFLOW_CTX_DAG_ID=***_exam
AIRFLOW_CTX_TASK_ID=transform_into_fulldata.csv
AIRFLOW_CTX_EXECUTION_DATE=2024-03-15T16:59:00+00:00
AIRFLOW_CTX_DAG_RUN_ID=scheduled__2024-03-15T16:59:00+00:00
[2024-03-15 17:00:12,354] {logging_mixin.py:104} INFO - 
[2024-03-15 17:00:12,391] {logging_mixin.py:104} INFO -     temperature        city  pression              date
0       287.95       Paris      1011  2024-03-15 17:00
1       286.62      London      1004  2024-03-15 17:00
2       284.07  Washington      1026  2024-03-15 17:00
3       287.95       Paris      1011  2024-03-15 16:59
4       286.62      London      1004  2024-03-15 16:59
5       284.07  Washington      1026  2024-03-15 16:59
6       287.95       Paris      1011  2024-03-15 16:58
7       286.62      London      1004  2024-03-15 16:58
8       284.07  Washington      1026  2024-03-15 16:58
9       287.95       Paris      1011  2024-03-15 16:57
[2024-03-15 17:00:12,407] {python.py:151} INFO - Done. Returned value was: None
[2024-03-15 17:00:12,453] {taskinstance.py:1211} INFO - Marking task as SUCCESS. dag_id=***_exam, task_id=transform_into_fulldata.csv, execution_date=20240315T165900, start_date=20240315T170011, end_date=20240315T170012
[2024-03-15 17:00:12,614] {taskinstance.py:1265} INFO - 3 downstream tasks scheduled from follow-on schedule check
[2024-03-15 17:00:12,656] {local_task_job.py:151} INFO - Task exited with return code 0
