[2024-03-15 17:40:04,835] {taskinstance.py:896} INFO - Dependencies all met for <TaskInstance: airflow_exam.transform_into_data.csv 2024-03-15T17:39:00+00:00 [queued]>
[2024-03-15 17:40:04,861] {taskinstance.py:896} INFO - Dependencies all met for <TaskInstance: airflow_exam.transform_into_data.csv 2024-03-15T17:39:00+00:00 [queued]>
[2024-03-15 17:40:04,861] {taskinstance.py:1087} INFO - 
--------------------------------------------------------------------------------
[2024-03-15 17:40:04,861] {taskinstance.py:1088} INFO - Starting attempt 1 of 1
[2024-03-15 17:40:04,861] {taskinstance.py:1089} INFO - 
--------------------------------------------------------------------------------
[2024-03-15 17:40:04,874] {taskinstance.py:1107} INFO - Executing <Task(PythonOperator): transform_into_data.csv> on 2024-03-15T17:39:00+00:00
[2024-03-15 17:40:04,885] {standard_task_runner.py:52} INFO - Started process 36372 to run task
[2024-03-15 17:40:04,888] {standard_task_runner.py:76} INFO - Running: ['***', 'tasks', 'run', '***_exam', 'transform_into_data.csv', '2024-03-15T17:39:00+00:00', '--job-id', '3012', '--pool', 'default_pool', '--raw', '--subdir', 'DAGS_FOLDER/DAG.py', '--cfg-path', '/tmp/tmpusjuznvr', '--error-file', '/tmp/tmpeku_2z5z']
[2024-03-15 17:40:04,888] {standard_task_runner.py:77} INFO - Job 3012: Subtask transform_into_data.csv
[2024-03-15 17:40:04,941] {logging_mixin.py:104} INFO - Running <TaskInstance: ***_exam.transform_into_data.csv 2024-03-15T17:39:00+00:00 [running]> on host 3a3d0401ac26
[2024-03-15 17:40:05,019] {taskinstance.py:1302} INFO - Exporting the following env vars:
AIRFLOW_CTX_DAG_OWNER=***
AIRFLOW_CTX_DAG_ID=***_exam
AIRFLOW_CTX_TASK_ID=transform_into_data.csv
AIRFLOW_CTX_EXECUTION_DATE=2024-03-15T17:39:00+00:00
AIRFLOW_CTX_DAG_RUN_ID=scheduled__2024-03-15T17:39:00+00:00
[2024-03-15 17:40:05,026] {logging_mixin.py:104} INFO - 
[2024-03-15 17:40:05,053] {logging_mixin.py:104} INFO -     temperature        city  pression              date
0       287.07       Paris      1011  2024-03-15 17:40
1       286.17      London      1005  2024-03-15 17:40
2       280.79  Washington      1026  2024-03-15 17:40
3       287.09       Paris      1011  2024-03-15 17:39
4       286.17      London      1005  2024-03-15 17:39
5       280.79  Washington      1026  2024-03-15 17:39
6       287.09       Paris      1011  2024-03-15 17:38
7       286.17      London      1005  2024-03-15 17:38
8       280.79  Washington      1026  2024-03-15 17:38
9       287.09       Paris      1011  2024-03-15 17:37
[2024-03-15 17:40:05,058] {python.py:151} INFO - Done. Returned value was: None
[2024-03-15 17:40:05,073] {taskinstance.py:1211} INFO - Marking task as SUCCESS. dag_id=***_exam, task_id=transform_into_data.csv, execution_date=20240315T173900, start_date=20240315T174004, end_date=20240315T174005
[2024-03-15 17:40:05,111] {taskinstance.py:1265} INFO - 0 downstream tasks scheduled from follow-on schedule check
[2024-03-15 17:40:05,142] {local_task_job.py:151} INFO - Task exited with return code 0
