[2024-03-15 21:55:03,771] {taskinstance.py:896} INFO - Dependencies all met for <TaskInstance: airflow_exam.transform_into_data.csv 2024-03-15T21:54:00+00:00 [queued]>
[2024-03-15 21:55:03,793] {taskinstance.py:896} INFO - Dependencies all met for <TaskInstance: airflow_exam.transform_into_data.csv 2024-03-15T21:54:00+00:00 [queued]>
[2024-03-15 21:55:03,793] {taskinstance.py:1087} INFO - 
--------------------------------------------------------------------------------
[2024-03-15 21:55:03,793] {taskinstance.py:1088} INFO - Starting attempt 1 of 1
[2024-03-15 21:55:03,794] {taskinstance.py:1089} INFO - 
--------------------------------------------------------------------------------
[2024-03-15 21:55:03,807] {taskinstance.py:1107} INFO - Executing <Task(PythonOperator): transform_into_data.csv> on 2024-03-15T21:54:00+00:00
[2024-03-15 21:55:03,818] {standard_task_runner.py:52} INFO - Started process 70513 to run task
[2024-03-15 21:55:03,823] {standard_task_runner.py:76} INFO - Running: ['***', 'tasks', 'run', '***_exam', 'transform_into_data.csv', '2024-03-15T21:54:00+00:00', '--job-id', '4203', '--pool', 'default_pool', '--raw', '--subdir', 'DAGS_FOLDER/DAG.py', '--cfg-path', '/tmp/tmppij8ms2p', '--error-file', '/tmp/tmp1e24zwlf']
[2024-03-15 21:55:03,824] {standard_task_runner.py:77} INFO - Job 4203: Subtask transform_into_data.csv
[2024-03-15 21:55:03,885] {logging_mixin.py:104} INFO - Running <TaskInstance: ***_exam.transform_into_data.csv 2024-03-15T21:54:00+00:00 [running]> on host 3a3d0401ac26
[2024-03-15 21:55:03,960] {taskinstance.py:1302} INFO - Exporting the following env vars:
AIRFLOW_CTX_DAG_OWNER=***
AIRFLOW_CTX_DAG_ID=***_exam
AIRFLOW_CTX_TASK_ID=transform_into_data.csv
AIRFLOW_CTX_EXECUTION_DATE=2024-03-15T21:54:00+00:00
AIRFLOW_CTX_DAG_RUN_ID=scheduled__2024-03-15T21:54:00+00:00
[2024-03-15 21:55:03,965] {logging_mixin.py:104} INFO - 
[2024-03-15 21:55:03,987] {logging_mixin.py:104} INFO -     temperature        city  pression              date
0       285.48       Paris      1014  2024-03-15 21:55
1       283.50      London      1010  2024-03-15 21:55
2       288.04  Washington      1022  2024-03-15 21:55
3       285.40       Paris      1014  2024-03-15 21:54
4       283.50      London      1010  2024-03-15 21:54
5       288.04  Washington      1022  2024-03-15 21:54
6       285.40       Paris      1014  2024-03-15 21:53
7       283.50      London      1010  2024-03-15 21:53
8       288.04  Washington      1022  2024-03-15 21:53
9       285.40       Paris      1014  2024-03-15 21:52
[2024-03-15 21:55:03,993] {python.py:151} INFO - Done. Returned value was: None
[2024-03-15 21:55:04,007] {taskinstance.py:1211} INFO - Marking task as SUCCESS. dag_id=***_exam, task_id=transform_into_data.csv, execution_date=20240315T215400, start_date=20240315T215503, end_date=20240315T215504
[2024-03-15 21:55:04,050] {taskinstance.py:1265} INFO - 0 downstream tasks scheduled from follow-on schedule check
[2024-03-15 21:55:04,075] {local_task_job.py:151} INFO - Task exited with return code 0
