[2024-03-21 19:48:04,485] {taskinstance.py:896} INFO - Dependencies all met for <TaskInstance: airflow_exam.transform_into_data.csv 2024-03-21T19:47:00+00:00 [queued]>
[2024-03-21 19:48:04,516] {taskinstance.py:896} INFO - Dependencies all met for <TaskInstance: airflow_exam.transform_into_data.csv 2024-03-21T19:47:00+00:00 [queued]>
[2024-03-21 19:48:04,517] {taskinstance.py:1087} INFO - 
--------------------------------------------------------------------------------
[2024-03-21 19:48:04,517] {taskinstance.py:1088} INFO - Starting attempt 1 of 1
[2024-03-21 19:48:04,517] {taskinstance.py:1089} INFO - 
--------------------------------------------------------------------------------
[2024-03-21 19:48:04,533] {taskinstance.py:1107} INFO - Executing <Task(PythonOperator): transform_into_data.csv> on 2024-03-21T19:47:00+00:00
[2024-03-21 19:48:04,547] {standard_task_runner.py:52} INFO - Started process 53305 to run task
[2024-03-21 19:48:04,552] {standard_task_runner.py:76} INFO - Running: ['***', 'tasks', 'run', '***_exam', 'transform_into_data.csv', '2024-03-21T19:47:00+00:00', '--job-id', '10780', '--pool', 'default_pool', '--raw', '--subdir', 'DAGS_FOLDER/DAG.py', '--cfg-path', '/tmp/tmpk5_bf2rg', '--error-file', '/tmp/tmphbtxlr_a']
[2024-03-21 19:48:04,553] {standard_task_runner.py:77} INFO - Job 10780: Subtask transform_into_data.csv
[2024-03-21 19:48:04,636] {logging_mixin.py:104} INFO - Running <TaskInstance: ***_exam.transform_into_data.csv 2024-03-21T19:47:00+00:00 [running]> on host 3a3d0401ac26
[2024-03-21 19:48:04,737] {taskinstance.py:1302} INFO - Exporting the following env vars:
AIRFLOW_CTX_DAG_OWNER=***
AIRFLOW_CTX_DAG_ID=***_exam
AIRFLOW_CTX_TASK_ID=transform_into_data.csv
AIRFLOW_CTX_EXECUTION_DATE=2024-03-21T19:47:00+00:00
AIRFLOW_CTX_DAG_RUN_ID=scheduled__2024-03-21T19:47:00+00:00
[2024-03-21 19:48:04,746] {logging_mixin.py:104} INFO - 
[2024-03-21 19:48:04,782] {logging_mixin.py:104} INFO -     temperature        city  pression              date
0       288.61       Paris      1025  2024-03-21 19:48
1       286.61      London      1022  2024-03-21 19:48
2       286.81  Washington      1014  2024-03-21 19:48
3       288.61       Paris      1025  2024-03-21 19:47
4       286.61      London      1022  2024-03-21 19:47
5       286.81  Washington      1014  2024-03-21 19:47
6       288.61       Paris      1025  2024-03-21 19:46
7       286.61      London      1022  2024-03-21 19:46
8       286.81  Washington      1014  2024-03-21 19:46
9       288.61       Paris      1025  2024-03-21 19:45
[2024-03-21 19:48:04,788] {python.py:151} INFO - Done. Returned value was: None
[2024-03-21 19:48:04,803] {taskinstance.py:1211} INFO - Marking task as SUCCESS. dag_id=***_exam, task_id=transform_into_data.csv, execution_date=20240321T194700, start_date=20240321T194804, end_date=20240321T194804
[2024-03-21 19:48:04,845] {taskinstance.py:1265} INFO - 0 downstream tasks scheduled from follow-on schedule check
[2024-03-21 19:48:04,886] {local_task_job.py:151} INFO - Task exited with return code 0
