[2024-03-16 00:15:04,831] {taskinstance.py:896} INFO - Dependencies all met for <TaskInstance: airflow_exam.transform_into_fulldata.csv 2024-03-16T00:14:00+00:00 [queued]>
[2024-03-16 00:15:04,863] {taskinstance.py:896} INFO - Dependencies all met for <TaskInstance: airflow_exam.transform_into_fulldata.csv 2024-03-16T00:14:00+00:00 [queued]>
[2024-03-16 00:15:04,864] {taskinstance.py:1087} INFO - 
--------------------------------------------------------------------------------
[2024-03-16 00:15:04,864] {taskinstance.py:1088} INFO - Starting attempt 1 of 1
[2024-03-16 00:15:04,864] {taskinstance.py:1089} INFO - 
--------------------------------------------------------------------------------
[2024-03-16 00:15:04,881] {taskinstance.py:1107} INFO - Executing <Task(PythonOperator): transform_into_fulldata.csv> on 2024-03-16T00:14:00+00:00
[2024-03-16 00:15:04,893] {standard_task_runner.py:52} INFO - Started process 98978 to run task
[2024-03-16 00:15:04,898] {standard_task_runner.py:76} INFO - Running: ['***', 'tasks', 'run', '***_exam', 'transform_into_fulldata.csv', '2024-03-16T00:14:00+00:00', '--job-id', '5176', '--pool', 'default_pool', '--raw', '--subdir', 'DAGS_FOLDER/DAG.py', '--cfg-path', '/tmp/tmpjd3a_f_v', '--error-file', '/tmp/tmpwpu2uh9_']
[2024-03-16 00:15:04,899] {standard_task_runner.py:77} INFO - Job 5176: Subtask transform_into_fulldata.csv
[2024-03-16 00:15:04,996] {logging_mixin.py:104} INFO - Running <TaskInstance: ***_exam.transform_into_fulldata.csv 2024-03-16T00:14:00+00:00 [running]> on host 3a3d0401ac26
[2024-03-16 00:15:05,095] {taskinstance.py:1302} INFO - Exporting the following env vars:
AIRFLOW_CTX_DAG_OWNER=***
AIRFLOW_CTX_DAG_ID=***_exam
AIRFLOW_CTX_TASK_ID=transform_into_fulldata.csv
AIRFLOW_CTX_EXECUTION_DATE=2024-03-16T00:14:00+00:00
AIRFLOW_CTX_DAG_RUN_ID=scheduled__2024-03-16T00:14:00+00:00
[2024-03-16 00:15:05,183] {logging_mixin.py:104} INFO - 
[2024-03-16 00:15:05,217] {logging_mixin.py:104} INFO -     temperature        city  pression              date
0       284.81       Paris      1015  2024-03-16 00:15
1       281.49      London      1013  2024-03-16 00:15
2       288.83  Washington      1021  2024-03-16 00:15
3       284.81       Paris      1015  2024-03-16 00:14
4       281.49      London      1013  2024-03-16 00:14
5       289.07  Washington      1021  2024-03-16 00:14
6       284.81       Paris      1015  2024-03-16 00:13
7       281.49      London      1013  2024-03-16 00:13
8       289.07  Washington      1021  2024-03-16 00:13
9       284.81       Paris      1015  2024-03-16 00:12
[2024-03-16 00:15:05,233] {python.py:151} INFO - Done. Returned value was: None
[2024-03-16 00:15:05,252] {taskinstance.py:1211} INFO - Marking task as SUCCESS. dag_id=***_exam, task_id=transform_into_fulldata.csv, execution_date=20240316T001400, start_date=20240316T001504, end_date=20240316T001505
[2024-03-16 00:15:05,310] {taskinstance.py:1265} INFO - 3 downstream tasks scheduled from follow-on schedule check
[2024-03-16 00:15:05,355] {local_task_job.py:151} INFO - Task exited with return code 0
