[2023-10-07 16:11:03,978] {taskinstance.py:896} INFO - Dependencies all met for <TaskInstance: airflow_exam.transform_into_fulldata.csv 2023-10-07T16:10:00+00:00 [queued]>
[2023-10-07 16:11:03,996] {taskinstance.py:896} INFO - Dependencies all met for <TaskInstance: airflow_exam.transform_into_fulldata.csv 2023-10-07T16:10:00+00:00 [queued]>
[2023-10-07 16:11:03,996] {taskinstance.py:1087} INFO - 
--------------------------------------------------------------------------------
[2023-10-07 16:11:03,996] {taskinstance.py:1088} INFO - Starting attempt 1 of 1
[2023-10-07 16:11:03,996] {taskinstance.py:1089} INFO - 
--------------------------------------------------------------------------------
[2023-10-07 16:11:04,008] {taskinstance.py:1107} INFO - Executing <Task(PythonOperator): transform_into_fulldata.csv> on 2023-10-07T16:10:00+00:00
[2023-10-07 16:11:04,015] {standard_task_runner.py:52} INFO - Started process 4875 to run task
[2023-10-07 16:11:04,018] {standard_task_runner.py:76} INFO - Running: ['***', 'tasks', 'run', '***_exam', 'transform_into_fulldata.csv', '2023-10-07T16:10:00+00:00', '--job-id', '1384', '--pool', 'default_pool', '--raw', '--subdir', 'DAGS_FOLDER/DAG.py', '--cfg-path', '/tmp/tmpy1it27pi', '--error-file', '/tmp/tmpe13e_36_']
[2023-10-07 16:11:04,018] {standard_task_runner.py:77} INFO - Job 1384: Subtask transform_into_fulldata.csv
[2023-10-07 16:11:04,060] {logging_mixin.py:104} INFO - Running <TaskInstance: ***_exam.transform_into_fulldata.csv 2023-10-07T16:10:00+00:00 [running]> on host 3a3d0401ac26
[2023-10-07 16:11:04,117] {taskinstance.py:1302} INFO - Exporting the following env vars:
AIRFLOW_CTX_DAG_OWNER=***
AIRFLOW_CTX_DAG_ID=***_exam
AIRFLOW_CTX_TASK_ID=transform_into_fulldata.csv
AIRFLOW_CTX_EXECUTION_DATE=2023-10-07T16:10:00+00:00
AIRFLOW_CTX_DAG_RUN_ID=scheduled__2023-10-07T16:10:00+00:00
[2023-10-07 16:11:04,128] {logging_mixin.py:104} INFO - 
[2023-10-07 16:11:04,143] {logging_mixin.py:104} INFO -     temperature        city  pression              date
0       298.13       Paris      1026  2023-10-07 16:11
1       296.50      London      1023  2023-10-07 16:11
2       288.35  Washington      1019  2023-10-07 16:11
3       298.13       Paris      1026  2023-10-07 16:10
4       296.50      London      1023  2023-10-07 16:10
5       288.35  Washington      1019  2023-10-07 16:10
6       298.13       Paris      1026  2023-10-07 16:09
7       296.50      London      1023  2023-10-07 16:09
8       288.35  Washington      1019  2023-10-07 16:09
9       298.13       Paris      1026  2023-10-07 16:08
[2023-10-07 16:11:04,147] {python.py:151} INFO - Done. Returned value was: None
[2023-10-07 16:11:04,158] {taskinstance.py:1211} INFO - Marking task as SUCCESS. dag_id=***_exam, task_id=transform_into_fulldata.csv, execution_date=20231007T161000, start_date=20231007T161103, end_date=20231007T161104
[2023-10-07 16:11:04,202] {taskinstance.py:1265} INFO - 3 downstream tasks scheduled from follow-on schedule check
[2023-10-07 16:11:04,231] {local_task_job.py:151} INFO - Task exited with return code 0
