[2023-10-07 16:04:03,945] {taskinstance.py:896} INFO - Dependencies all met for <TaskInstance: airflow_exam.transform_into_fulldata.csv 2023-10-07T16:03:00+00:00 [queued]>
[2023-10-07 16:04:03,964] {taskinstance.py:896} INFO - Dependencies all met for <TaskInstance: airflow_exam.transform_into_fulldata.csv 2023-10-07T16:03:00+00:00 [queued]>
[2023-10-07 16:04:03,964] {taskinstance.py:1087} INFO - 
--------------------------------------------------------------------------------
[2023-10-07 16:04:03,964] {taskinstance.py:1088} INFO - Starting attempt 1 of 1
[2023-10-07 16:04:03,964] {taskinstance.py:1089} INFO - 
--------------------------------------------------------------------------------
[2023-10-07 16:04:03,975] {taskinstance.py:1107} INFO - Executing <Task(PythonOperator): transform_into_fulldata.csv> on 2023-10-07T16:03:00+00:00
[2023-10-07 16:04:03,982] {standard_task_runner.py:52} INFO - Started process 3522 to run task
[2023-10-07 16:04:03,985] {standard_task_runner.py:76} INFO - Running: ['***', 'tasks', 'run', '***_exam', 'transform_into_fulldata.csv', '2023-10-07T16:03:00+00:00', '--job-id', '1335', '--pool', 'default_pool', '--raw', '--subdir', 'DAGS_FOLDER/DAG.py', '--cfg-path', '/tmp/tmp_swo9wll', '--error-file', '/tmp/tmpdjfl6j2h']
[2023-10-07 16:04:03,985] {standard_task_runner.py:77} INFO - Job 1335: Subtask transform_into_fulldata.csv
[2023-10-07 16:04:04,029] {logging_mixin.py:104} INFO - Running <TaskInstance: ***_exam.transform_into_fulldata.csv 2023-10-07T16:03:00+00:00 [running]> on host 3a3d0401ac26
[2023-10-07 16:04:04,088] {taskinstance.py:1302} INFO - Exporting the following env vars:
AIRFLOW_CTX_DAG_OWNER=***
AIRFLOW_CTX_DAG_ID=***_exam
AIRFLOW_CTX_TASK_ID=transform_into_fulldata.csv
AIRFLOW_CTX_EXECUTION_DATE=2023-10-07T16:03:00+00:00
AIRFLOW_CTX_DAG_RUN_ID=scheduled__2023-10-07T16:03:00+00:00
[2023-10-07 16:04:04,098] {logging_mixin.py:104} INFO - 
[2023-10-07 16:04:04,115] {logging_mixin.py:104} INFO -     temperature        city  pression              date
0       298.13       Paris      1026  2023-10-07 16:04
1       296.50      London      1023  2023-10-07 16:04
2       288.35  Washington      1019  2023-10-07 16:04
3       298.15       Paris      1026  2023-10-07 16:03
4       296.50      London      1023  2023-10-07 16:03
5       281.37  Washington      1019  2023-10-07 16:03
6       298.15       Paris      1026  2023-10-07 16:02
7       296.57      London      1022  2023-10-07 16:02
8       281.37  Washington      1019  2023-10-07 16:02
9       298.15       Paris      1026  2023-10-07 16:01
[2023-10-07 16:04:04,119] {python.py:151} INFO - Done. Returned value was: None
[2023-10-07 16:04:04,131] {taskinstance.py:1211} INFO - Marking task as SUCCESS. dag_id=***_exam, task_id=transform_into_fulldata.csv, execution_date=20231007T160300, start_date=20231007T160403, end_date=20231007T160404
[2023-10-07 16:04:04,163] {taskinstance.py:1265} INFO - 3 downstream tasks scheduled from follow-on schedule check
[2023-10-07 16:04:04,197] {local_task_job.py:151} INFO - Task exited with return code 0
