[2024-03-16 03:19:04,364] {taskinstance.py:896} INFO - Dependencies all met for <TaskInstance: airflow_exam.transform_into_fulldata.csv 2024-03-16T03:18:00+00:00 [queued]>
[2024-03-16 03:19:04,396] {taskinstance.py:896} INFO - Dependencies all met for <TaskInstance: airflow_exam.transform_into_fulldata.csv 2024-03-16T03:18:00+00:00 [queued]>
[2024-03-16 03:19:04,397] {taskinstance.py:1087} INFO - 
--------------------------------------------------------------------------------
[2024-03-16 03:19:04,397] {taskinstance.py:1088} INFO - Starting attempt 1 of 1
[2024-03-16 03:19:04,397] {taskinstance.py:1089} INFO - 
--------------------------------------------------------------------------------
[2024-03-16 03:19:04,411] {taskinstance.py:1107} INFO - Executing <Task(PythonOperator): transform_into_fulldata.csv> on 2024-03-16T03:18:00+00:00
[2024-03-16 03:19:04,420] {standard_task_runner.py:52} INFO - Started process 138317 to run task
[2024-03-16 03:19:04,424] {standard_task_runner.py:76} INFO - Running: ['***', 'tasks', 'run', '***_exam', 'transform_into_fulldata.csv', '2024-03-16T03:18:00+00:00', '--job-id', '6464', '--pool', 'default_pool', '--raw', '--subdir', 'DAGS_FOLDER/DAG.py', '--cfg-path', '/tmp/tmpqs_j7i4u', '--error-file', '/tmp/tmpdjx2_odq']
[2024-03-16 03:19:04,425] {standard_task_runner.py:77} INFO - Job 6464: Subtask transform_into_fulldata.csv
[2024-03-16 03:19:04,488] {logging_mixin.py:104} INFO - Running <TaskInstance: ***_exam.transform_into_fulldata.csv 2024-03-16T03:18:00+00:00 [running]> on host 3a3d0401ac26
[2024-03-16 03:19:04,564] {taskinstance.py:1302} INFO - Exporting the following env vars:
AIRFLOW_CTX_DAG_OWNER=***
AIRFLOW_CTX_DAG_ID=***_exam
AIRFLOW_CTX_TASK_ID=transform_into_fulldata.csv
AIRFLOW_CTX_EXECUTION_DATE=2024-03-16T03:18:00+00:00
AIRFLOW_CTX_DAG_RUN_ID=scheduled__2024-03-16T03:18:00+00:00
[2024-03-16 03:19:04,657] {logging_mixin.py:104} INFO - 
[2024-03-16 03:19:04,688] {logging_mixin.py:104} INFO -     temperature        city  pression              date
0       284.04       Paris      1017  2024-03-16 03:19
1       281.51      London      1015  2024-03-16 03:19
2       282.51  Washington      1023  2024-03-16 03:19
3       284.04       Paris      1017  2024-03-16 03:18
4       281.50      London      1015  2024-03-16 03:18
5       282.61  Washington      1023  2024-03-16 03:18
6       284.04       Paris      1017  2024-03-16 03:17
7       281.50      London      1015  2024-03-16 03:17
8       282.61  Washington      1023  2024-03-16 03:17
9       284.04       Paris      1017  2024-03-16 03:16
[2024-03-16 03:19:04,707] {python.py:151} INFO - Done. Returned value was: None
[2024-03-16 03:19:04,721] {taskinstance.py:1211} INFO - Marking task as SUCCESS. dag_id=***_exam, task_id=transform_into_fulldata.csv, execution_date=20240316T031800, start_date=20240316T031904, end_date=20240316T031904
[2024-03-16 03:19:04,770] {taskinstance.py:1265} INFO - 3 downstream tasks scheduled from follow-on schedule check
[2024-03-16 03:19:04,797] {local_task_job.py:151} INFO - Task exited with return code 0
