[2024-03-15 15:38:04,671] {taskinstance.py:896} INFO - Dependencies all met for <TaskInstance: airflow_exam.transform_into_fulldata.csv 2024-03-15T15:37:00+00:00 [queued]>
[2024-03-15 15:38:04,699] {taskinstance.py:896} INFO - Dependencies all met for <TaskInstance: airflow_exam.transform_into_fulldata.csv 2024-03-15T15:37:00+00:00 [queued]>
[2024-03-15 15:38:04,700] {taskinstance.py:1087} INFO - 
--------------------------------------------------------------------------------
[2024-03-15 15:38:04,700] {taskinstance.py:1088} INFO - Starting attempt 1 of 1
[2024-03-15 15:38:04,700] {taskinstance.py:1089} INFO - 
--------------------------------------------------------------------------------
[2024-03-15 15:38:04,716] {taskinstance.py:1107} INFO - Executing <Task(PythonOperator): transform_into_fulldata.csv> on 2024-03-15T15:37:00+00:00
[2024-03-15 15:38:04,730] {standard_task_runner.py:52} INFO - Started process 12272 to run task
[2024-03-15 15:38:04,735] {standard_task_runner.py:76} INFO - Running: ['***', 'tasks', 'run', '***_exam', 'transform_into_fulldata.csv', '2024-03-15T15:37:00+00:00', '--job-id', '2158', '--pool', 'default_pool', '--raw', '--subdir', 'DAGS_FOLDER/DAG.py', '--cfg-path', '/tmp/tmp131gvb4h', '--error-file', '/tmp/tmpu7cb0zw8']
[2024-03-15 15:38:04,736] {standard_task_runner.py:77} INFO - Job 2158: Subtask transform_into_fulldata.csv
[2024-03-15 15:38:04,829] {logging_mixin.py:104} INFO - Running <TaskInstance: ***_exam.transform_into_fulldata.csv 2024-03-15T15:37:00+00:00 [running]> on host 3a3d0401ac26
[2024-03-15 15:38:04,933] {taskinstance.py:1302} INFO - Exporting the following env vars:
AIRFLOW_CTX_DAG_OWNER=***
AIRFLOW_CTX_DAG_ID=***_exam
AIRFLOW_CTX_TASK_ID=transform_into_fulldata.csv
AIRFLOW_CTX_EXECUTION_DATE=2024-03-15T15:37:00+00:00
AIRFLOW_CTX_DAG_RUN_ID=scheduled__2024-03-15T15:37:00+00:00
[2024-03-15 15:38:04,962] {logging_mixin.py:104} INFO - 
[2024-03-15 15:38:04,987] {logging_mixin.py:104} INFO -     temperature        city  pression              date
0       289.90       Paris      1011  2024-03-15 15:38
1       287.09      London      1004  2024-03-15 15:38
2       282.32  Washington      1027  2024-03-15 15:38
3       289.90       Paris      1011  2024-03-15 15:37
4       287.09      London      1004  2024-03-15 15:37
5       282.32  Washington      1027  2024-03-15 15:37
6       289.90       Paris      1011  2024-03-15 15:36
7       287.09      London      1004  2024-03-15 15:36
8       275.87  Washington      1028  2024-03-15 15:36
9       289.90       Paris      1011  2024-03-15 15:35
[2024-03-15 15:38:04,996] {python.py:151} INFO - Done. Returned value was: None
[2024-03-15 15:38:05,013] {taskinstance.py:1211} INFO - Marking task as SUCCESS. dag_id=***_exam, task_id=transform_into_fulldata.csv, execution_date=20240315T153700, start_date=20240315T153804, end_date=20240315T153805
[2024-03-15 15:38:05,062] {taskinstance.py:1265} INFO - 3 downstream tasks scheduled from follow-on schedule check
[2024-03-15 15:38:05,108] {local_task_job.py:151} INFO - Task exited with return code 0
