[2024-03-16 04:06:04,627] {taskinstance.py:896} INFO - Dependencies all met for <TaskInstance: airflow_exam.transform_into_fulldata.csv 2024-03-16T04:05:00+00:00 [queued]>
[2024-03-16 04:06:04,663] {taskinstance.py:896} INFO - Dependencies all met for <TaskInstance: airflow_exam.transform_into_fulldata.csv 2024-03-16T04:05:00+00:00 [queued]>
[2024-03-16 04:06:04,664] {taskinstance.py:1087} INFO - 
--------------------------------------------------------------------------------
[2024-03-16 04:06:04,664] {taskinstance.py:1088} INFO - Starting attempt 1 of 1
[2024-03-16 04:06:04,664] {taskinstance.py:1089} INFO - 
--------------------------------------------------------------------------------
[2024-03-16 04:06:04,681] {taskinstance.py:1107} INFO - Executing <Task(PythonOperator): transform_into_fulldata.csv> on 2024-03-16T04:05:00+00:00
[2024-03-16 04:06:04,694] {standard_task_runner.py:52} INFO - Started process 148374 to run task
[2024-03-16 04:06:04,699] {standard_task_runner.py:76} INFO - Running: ['***', 'tasks', 'run', '***_exam', 'transform_into_fulldata.csv', '2024-03-16T04:05:00+00:00', '--job-id', '6794', '--pool', 'default_pool', '--raw', '--subdir', 'DAGS_FOLDER/DAG.py', '--cfg-path', '/tmp/tmprt6f_5rh', '--error-file', '/tmp/tmpkb3zzaix']
[2024-03-16 04:06:04,700] {standard_task_runner.py:77} INFO - Job 6794: Subtask transform_into_fulldata.csv
[2024-03-16 04:06:04,785] {logging_mixin.py:104} INFO - Running <TaskInstance: ***_exam.transform_into_fulldata.csv 2024-03-16T04:05:00+00:00 [running]> on host 3a3d0401ac26
[2024-03-16 04:06:04,883] {taskinstance.py:1302} INFO - Exporting the following env vars:
AIRFLOW_CTX_DAG_OWNER=***
AIRFLOW_CTX_DAG_ID=***_exam
AIRFLOW_CTX_TASK_ID=transform_into_fulldata.csv
AIRFLOW_CTX_EXECUTION_DATE=2024-03-16T04:05:00+00:00
AIRFLOW_CTX_DAG_RUN_ID=scheduled__2024-03-16T04:05:00+00:00
[2024-03-16 04:06:04,992] {logging_mixin.py:104} INFO - 
[2024-03-16 04:06:05,037] {logging_mixin.py:104} INFO -     temperature        city  pression              date
0       283.91       Paris      1018  2024-03-16 04:06
1       281.50      London      1016  2024-03-16 04:06
2       281.64  Washington      1023  2024-03-16 04:06
3       283.91       Paris      1018  2024-03-16 04:05
4       281.50      London      1016  2024-03-16 04:05
5       281.72  Washington      1023  2024-03-16 04:05
6       283.91       Paris      1018  2024-03-16 04:04
7       281.50      London      1016  2024-03-16 04:04
8       281.72  Washington      1023  2024-03-16 04:04
9       283.91       Paris      1018  2024-03-16 04:03
[2024-03-16 04:06:05,056] {python.py:151} INFO - Done. Returned value was: None
[2024-03-16 04:06:05,076] {taskinstance.py:1211} INFO - Marking task as SUCCESS. dag_id=***_exam, task_id=transform_into_fulldata.csv, execution_date=20240316T040500, start_date=20240316T040604, end_date=20240316T040605
[2024-03-16 04:06:05,135] {taskinstance.py:1265} INFO - 3 downstream tasks scheduled from follow-on schedule check
[2024-03-16 04:06:05,155] {local_task_job.py:151} INFO - Task exited with return code 0
