[2024-03-15 16:32:04,856] {taskinstance.py:896} INFO - Dependencies all met for <TaskInstance: airflow_exam.transform_into_fulldata.csv 2024-03-15T16:31:00+00:00 [queued]>
[2024-03-15 16:32:04,879] {taskinstance.py:896} INFO - Dependencies all met for <TaskInstance: airflow_exam.transform_into_fulldata.csv 2024-03-15T16:31:00+00:00 [queued]>
[2024-03-15 16:32:04,879] {taskinstance.py:1087} INFO - 
--------------------------------------------------------------------------------
[2024-03-15 16:32:04,879] {taskinstance.py:1088} INFO - Starting attempt 1 of 1
[2024-03-15 16:32:04,879] {taskinstance.py:1089} INFO - 
--------------------------------------------------------------------------------
[2024-03-15 16:32:04,890] {taskinstance.py:1107} INFO - Executing <Task(PythonOperator): transform_into_fulldata.csv> on 2024-03-15T16:31:00+00:00
[2024-03-15 16:32:04,899] {standard_task_runner.py:52} INFO - Started process 22804 to run task
[2024-03-15 16:32:04,902] {standard_task_runner.py:76} INFO - Running: ['***', 'tasks', 'run', '***_exam', 'transform_into_fulldata.csv', '2024-03-15T16:31:00+00:00', '--job-id', '2535', '--pool', 'default_pool', '--raw', '--subdir', 'DAGS_FOLDER/DAG.py', '--cfg-path', '/tmp/tmp4cpoch69', '--error-file', '/tmp/tmpj8uinlrw']
[2024-03-15 16:32:04,902] {standard_task_runner.py:77} INFO - Job 2535: Subtask transform_into_fulldata.csv
[2024-03-15 16:32:04,950] {logging_mixin.py:104} INFO - Running <TaskInstance: ***_exam.transform_into_fulldata.csv 2024-03-15T16:31:00+00:00 [running]> on host 3a3d0401ac26
[2024-03-15 16:32:05,016] {taskinstance.py:1302} INFO - Exporting the following env vars:
AIRFLOW_CTX_DAG_OWNER=***
AIRFLOW_CTX_DAG_ID=***_exam
AIRFLOW_CTX_TASK_ID=transform_into_fulldata.csv
AIRFLOW_CTX_EXECUTION_DATE=2024-03-15T16:31:00+00:00
AIRFLOW_CTX_DAG_RUN_ID=scheduled__2024-03-15T16:31:00+00:00
[2024-03-15 16:32:05,040] {logging_mixin.py:104} INFO - 
[2024-03-15 16:32:05,060] {logging_mixin.py:104} INFO -     temperature        city  pression              date
0       288.63       Paris      1011  2024-03-15 16:32
1       286.82      London      1004  2024-03-15 16:32
2       279.05  Washington      1027  2024-03-15 16:32
3       288.63       Paris      1011  2024-03-15 16:31
4       286.82      London      1004  2024-03-15 16:31
5       279.05  Washington      1027  2024-03-15 16:31
6       288.88       Paris      1011  2024-03-15 16:30
7       286.82      London      1004  2024-03-15 16:30
8       280.49  Washington      1027  2024-03-15 16:30
9       288.88       Paris      1011  2024-03-15 16:29
[2024-03-15 16:32:05,067] {python.py:151} INFO - Done. Returned value was: None
[2024-03-15 16:32:05,080] {taskinstance.py:1211} INFO - Marking task as SUCCESS. dag_id=***_exam, task_id=transform_into_fulldata.csv, execution_date=20240315T163100, start_date=20240315T163204, end_date=20240315T163205
[2024-03-15 16:32:05,121] {taskinstance.py:1265} INFO - 3 downstream tasks scheduled from follow-on schedule check
[2024-03-15 16:32:05,154] {local_task_job.py:151} INFO - Task exited with return code 0
