[2024-03-21 00:38:05,105] {taskinstance.py:896} INFO - Dependencies all met for <TaskInstance: airflow_exam.transform_into_fulldata.csv 2024-03-21T00:37:00+00:00 [queued]>
[2024-03-21 00:38:05,125] {taskinstance.py:896} INFO - Dependencies all met for <TaskInstance: airflow_exam.transform_into_fulldata.csv 2024-03-21T00:37:00+00:00 [queued]>
[2024-03-21 00:38:05,125] {taskinstance.py:1087} INFO - 
--------------------------------------------------------------------------------
[2024-03-21 00:38:05,125] {taskinstance.py:1088} INFO - Starting attempt 1 of 1
[2024-03-21 00:38:05,126] {taskinstance.py:1089} INFO - 
--------------------------------------------------------------------------------
[2024-03-21 00:38:05,150] {taskinstance.py:1107} INFO - Executing <Task(PythonOperator): transform_into_fulldata.csv> on 2024-03-21T00:37:00+00:00
[2024-03-21 00:38:05,163] {standard_task_runner.py:52} INFO - Started process 3859 to run task
[2024-03-21 00:38:05,168] {standard_task_runner.py:76} INFO - Running: ['***', 'tasks', 'run', '***_exam', 'transform_into_fulldata.csv', '2024-03-21T00:37:00+00:00', '--job-id', '8493', '--pool', 'default_pool', '--raw', '--subdir', 'DAGS_FOLDER/DAG.py', '--cfg-path', '/tmp/tmpg4mdyjq9', '--error-file', '/tmp/tmpcxwe9ptd']
[2024-03-21 00:38:05,169] {standard_task_runner.py:77} INFO - Job 8493: Subtask transform_into_fulldata.csv
[2024-03-21 00:38:05,236] {logging_mixin.py:104} INFO - Running <TaskInstance: ***_exam.transform_into_fulldata.csv 2024-03-21T00:37:00+00:00 [running]> on host 3a3d0401ac26
[2024-03-21 00:38:05,381] {taskinstance.py:1302} INFO - Exporting the following env vars:
AIRFLOW_CTX_DAG_OWNER=***
AIRFLOW_CTX_DAG_ID=***_exam
AIRFLOW_CTX_TASK_ID=transform_into_fulldata.csv
AIRFLOW_CTX_EXECUTION_DATE=2024-03-21T00:37:00+00:00
AIRFLOW_CTX_DAG_RUN_ID=scheduled__2024-03-21T00:37:00+00:00
[2024-03-21 00:38:05,528] {logging_mixin.py:104} INFO - 
[2024-03-21 00:38:05,563] {logging_mixin.py:104} INFO -     temperature        city  pression              date
0       285.74       Paris      1021  2024-03-21 00:38
1       284.08      London      1022  2024-03-21 00:38
2       290.02  Washington      1007  2024-03-21 00:38
3       285.74       Paris      1021  2024-03-21 00:37
4       284.08      London      1022  2024-03-21 00:37
5       290.02  Washington      1007  2024-03-21 00:37
6       285.74       Paris      1021  2024-03-21 00:36
7       284.24      London      1022  2024-03-21 00:36
8       290.02  Washington      1007  2024-03-21 00:36
9       285.74       Paris      1021  2024-03-21 00:35
[2024-03-21 00:38:05,586] {python.py:151} INFO - Done. Returned value was: None
[2024-03-21 00:38:05,605] {taskinstance.py:1211} INFO - Marking task as SUCCESS. dag_id=***_exam, task_id=transform_into_fulldata.csv, execution_date=20240321T003700, start_date=20240321T003805, end_date=20240321T003805
[2024-03-21 00:38:05,655] {taskinstance.py:1265} INFO - 3 downstream tasks scheduled from follow-on schedule check
[2024-03-21 00:38:05,701] {local_task_job.py:151} INFO - Task exited with return code 0
