[2024-03-16 04:05:04,376] {taskinstance.py:896} INFO - Dependencies all met for <TaskInstance: airflow_exam.transform_into_fulldata.csv 2024-03-16T04:04:00+00:00 [queued]>
[2024-03-16 04:05:04,405] {taskinstance.py:896} INFO - Dependencies all met for <TaskInstance: airflow_exam.transform_into_fulldata.csv 2024-03-16T04:04:00+00:00 [queued]>
[2024-03-16 04:05:04,405] {taskinstance.py:1087} INFO - 
--------------------------------------------------------------------------------
[2024-03-16 04:05:04,405] {taskinstance.py:1088} INFO - Starting attempt 1 of 1
[2024-03-16 04:05:04,405] {taskinstance.py:1089} INFO - 
--------------------------------------------------------------------------------
[2024-03-16 04:05:04,420] {taskinstance.py:1107} INFO - Executing <Task(PythonOperator): transform_into_fulldata.csv> on 2024-03-16T04:04:00+00:00
[2024-03-16 04:05:04,431] {standard_task_runner.py:52} INFO - Started process 148165 to run task
[2024-03-16 04:05:04,435] {standard_task_runner.py:76} INFO - Running: ['***', 'tasks', 'run', '***_exam', 'transform_into_fulldata.csv', '2024-03-16T04:04:00+00:00', '--job-id', '6787', '--pool', 'default_pool', '--raw', '--subdir', 'DAGS_FOLDER/DAG.py', '--cfg-path', '/tmp/tmp0p1yycb1', '--error-file', '/tmp/tmpl9uz1uzk']
[2024-03-16 04:05:04,436] {standard_task_runner.py:77} INFO - Job 6787: Subtask transform_into_fulldata.csv
[2024-03-16 04:05:04,505] {logging_mixin.py:104} INFO - Running <TaskInstance: ***_exam.transform_into_fulldata.csv 2024-03-16T04:04:00+00:00 [running]> on host 3a3d0401ac26
[2024-03-16 04:05:04,605] {taskinstance.py:1302} INFO - Exporting the following env vars:
AIRFLOW_CTX_DAG_OWNER=***
AIRFLOW_CTX_DAG_ID=***_exam
AIRFLOW_CTX_TASK_ID=transform_into_fulldata.csv
AIRFLOW_CTX_EXECUTION_DATE=2024-03-16T04:04:00+00:00
AIRFLOW_CTX_DAG_RUN_ID=scheduled__2024-03-16T04:04:00+00:00
[2024-03-16 04:05:04,717] {logging_mixin.py:104} INFO - 
[2024-03-16 04:05:04,748] {logging_mixin.py:104} INFO -     temperature        city  pression              date
0       283.91       Paris      1018  2024-03-16 04:05
1       281.50      London      1016  2024-03-16 04:05
2       281.72  Washington      1023  2024-03-16 04:05
3       283.91       Paris      1018  2024-03-16 04:04
4       281.50      London      1016  2024-03-16 04:04
5       281.72  Washington      1023  2024-03-16 04:04
6       283.91       Paris      1018  2024-03-16 04:03
7       281.50      London      1016  2024-03-16 04:03
8       281.72  Washington      1023  2024-03-16 04:03
9       283.91       Paris      1018  2024-03-16 04:02
[2024-03-16 04:05:04,763] {python.py:151} INFO - Done. Returned value was: None
[2024-03-16 04:05:04,778] {taskinstance.py:1211} INFO - Marking task as SUCCESS. dag_id=***_exam, task_id=transform_into_fulldata.csv, execution_date=20240316T040400, start_date=20240316T040504, end_date=20240316T040504
[2024-03-16 04:05:04,835] {taskinstance.py:1265} INFO - 3 downstream tasks scheduled from follow-on schedule check
[2024-03-16 04:05:04,888] {local_task_job.py:151} INFO - Task exited with return code 0
