[2024-03-16 02:44:08,442] {taskinstance.py:896} INFO - Dependencies all met for <TaskInstance: airflow_exam.compute_lr_score 2024-03-16T02:43:00+00:00 [queued]>
[2024-03-16 02:44:08,469] {taskinstance.py:896} INFO - Dependencies all met for <TaskInstance: airflow_exam.compute_lr_score 2024-03-16T02:43:00+00:00 [queued]>
[2024-03-16 02:44:08,469] {taskinstance.py:1087} INFO - 
--------------------------------------------------------------------------------
[2024-03-16 02:44:08,470] {taskinstance.py:1088} INFO - Starting attempt 1 of 1
[2024-03-16 02:44:08,470] {taskinstance.py:1089} INFO - 
--------------------------------------------------------------------------------
[2024-03-16 02:44:08,484] {taskinstance.py:1107} INFO - Executing <Task(PythonOperator): compute_lr_score> on 2024-03-16T02:43:00+00:00
[2024-03-16 02:44:08,494] {standard_task_runner.py:52} INFO - Started process 130896 to run task
[2024-03-16 02:44:08,499] {standard_task_runner.py:76} INFO - Running: ['***', 'tasks', 'run', '***_exam', 'compute_lr_score', '2024-03-16T02:43:00+00:00', '--job-id', '6221', '--pool', 'default_pool', '--raw', '--subdir', 'DAGS_FOLDER/DAG.py', '--cfg-path', '/tmp/tmpf7cgs8mr', '--error-file', '/tmp/tmpava98ily']
[2024-03-16 02:44:08,500] {standard_task_runner.py:77} INFO - Job 6221: Subtask compute_lr_score
[2024-03-16 02:44:08,561] {logging_mixin.py:104} INFO - Running <TaskInstance: ***_exam.compute_lr_score 2024-03-16T02:43:00+00:00 [running]> on host 3a3d0401ac26
[2024-03-16 02:44:08,641] {taskinstance.py:1302} INFO - Exporting the following env vars:
AIRFLOW_CTX_DAG_OWNER=***
AIRFLOW_CTX_DAG_ID=***_exam
AIRFLOW_CTX_TASK_ID=compute_lr_score
AIRFLOW_CTX_EXECUTION_DATE=2024-03-16T02:43:00+00:00
AIRFLOW_CTX_DAG_RUN_ID=scheduled__2024-03-16T02:43:00+00:00
[2024-03-16 02:44:08,926] {python.py:151} INFO - Done. Returned value was: None
[2024-03-16 02:44:08,944] {taskinstance.py:1211} INFO - Marking task as SUCCESS. dag_id=***_exam, task_id=compute_lr_score, execution_date=20240316T024300, start_date=20240316T024408, end_date=20240316T024408
[2024-03-16 02:44:09,007] {taskinstance.py:1265} INFO - 0 downstream tasks scheduled from follow-on schedule check
[2024-03-16 02:44:09,031] {local_task_job.py:151} INFO - Task exited with return code 0
