[2023-10-06 19:59:04,799] {taskinstance.py:896} INFO - Dependencies all met for <TaskInstance: airflow_exam.compute_lr_score 2023-10-06T19:58:00+00:00 [queued]>
[2023-10-06 19:59:04,823] {taskinstance.py:896} INFO - Dependencies all met for <TaskInstance: airflow_exam.compute_lr_score 2023-10-06T19:58:00+00:00 [queued]>
[2023-10-06 19:59:04,824] {taskinstance.py:1087} INFO - 
--------------------------------------------------------------------------------
[2023-10-06 19:59:04,824] {taskinstance.py:1088} INFO - Starting attempt 1 of 1
[2023-10-06 19:59:04,824] {taskinstance.py:1089} INFO - 
--------------------------------------------------------------------------------
[2023-10-06 19:59:04,847] {taskinstance.py:1107} INFO - Executing <Task(PythonOperator): compute_lr_score> on 2023-10-06T19:58:00+00:00
[2023-10-06 19:59:04,855] {standard_task_runner.py:52} INFO - Started process 11032 to run task
[2023-10-06 19:59:04,859] {standard_task_runner.py:76} INFO - Running: ['***', 'tasks', 'run', '***_exam', 'compute_lr_score', '2023-10-06T19:58:00+00:00', '--job-id', '665', '--pool', 'default_pool', '--raw', '--subdir', 'DAGS_FOLDER/DAG.py', '--cfg-path', '/tmp/tmp107qifhp', '--error-file', '/tmp/tmp8kjnn654']
[2023-10-06 19:59:04,860] {standard_task_runner.py:77} INFO - Job 665: Subtask compute_lr_score
[2023-10-06 19:59:04,906] {logging_mixin.py:104} INFO - Running <TaskInstance: ***_exam.compute_lr_score 2023-10-06T19:58:00+00:00 [running]> on host 3a3d0401ac26
[2023-10-06 19:59:04,980] {taskinstance.py:1302} INFO - Exporting the following env vars:
AIRFLOW_CTX_DAG_OWNER=***
AIRFLOW_CTX_DAG_ID=***_exam
AIRFLOW_CTX_TASK_ID=compute_lr_score
AIRFLOW_CTX_EXECUTION_DATE=2023-10-06T19:58:00+00:00
AIRFLOW_CTX_DAG_RUN_ID=scheduled__2023-10-06T19:58:00+00:00
[2023-10-06 19:59:05,170] {python.py:151} INFO - Done. Returned value was: None
[2023-10-06 19:59:05,185] {taskinstance.py:1211} INFO - Marking task as SUCCESS. dag_id=***_exam, task_id=compute_lr_score, execution_date=20231006T195800, start_date=20231006T195904, end_date=20231006T195905
[2023-10-06 19:59:05,230] {taskinstance.py:1265} INFO - 0 downstream tasks scheduled from follow-on schedule check
[2023-10-06 19:59:05,272] {local_task_job.py:151} INFO - Task exited with return code 0
