[2024-03-21 15:55:04,065] {taskinstance.py:896} INFO - Dependencies all met for <TaskInstance: airflow_exam.transform_into_data.csv 2024-03-21T15:54:00+00:00 [queued]>
[2024-03-21 15:55:04,092] {taskinstance.py:896} INFO - Dependencies all met for <TaskInstance: airflow_exam.transform_into_data.csv 2024-03-21T15:54:00+00:00 [queued]>
[2024-03-21 15:55:04,092] {taskinstance.py:1087} INFO - 
--------------------------------------------------------------------------------
[2024-03-21 15:55:04,093] {taskinstance.py:1088} INFO - Starting attempt 1 of 1
[2024-03-21 15:55:04,093] {taskinstance.py:1089} INFO - 
--------------------------------------------------------------------------------
[2024-03-21 15:55:04,107] {taskinstance.py:1107} INFO - Executing <Task(PythonOperator): transform_into_data.csv> on 2024-03-21T15:54:00+00:00
[2024-03-21 15:55:04,117] {standard_task_runner.py:52} INFO - Started process 2996 to run task
[2024-03-21 15:55:04,122] {standard_task_runner.py:76} INFO - Running: ['***', 'tasks', 'run', '***_exam', 'transform_into_data.csv', '2024-03-21T15:54:00+00:00', '--job-id', '9149', '--pool', 'default_pool', '--raw', '--subdir', 'DAGS_FOLDER/DAG.py', '--cfg-path', '/tmp/tmp7yeb0h7u', '--error-file', '/tmp/tmpoljx5v6m']
[2024-03-21 15:55:04,123] {standard_task_runner.py:77} INFO - Job 9149: Subtask transform_into_data.csv
[2024-03-21 15:55:04,184] {logging_mixin.py:104} INFO - Running <TaskInstance: ***_exam.transform_into_data.csv 2024-03-21T15:54:00+00:00 [running]> on host 3a3d0401ac26
[2024-03-21 15:55:04,255] {taskinstance.py:1302} INFO - Exporting the following env vars:
AIRFLOW_CTX_DAG_OWNER=***
AIRFLOW_CTX_DAG_ID=***_exam
AIRFLOW_CTX_TASK_ID=transform_into_data.csv
AIRFLOW_CTX_EXECUTION_DATE=2024-03-21T15:54:00+00:00
AIRFLOW_CTX_DAG_RUN_ID=scheduled__2024-03-21T15:54:00+00:00
[2024-03-21 15:55:04,261] {logging_mixin.py:104} INFO - 
[2024-03-21 15:55:04,290] {logging_mixin.py:104} INFO -     temperature        city  pression              date
0       292.80       Paris      1025  2024-03-21 15:55
1       289.66      London      1023  2024-03-21 15:55
2       280.27  Washington      1015  2024-03-21 15:55
3       292.80       Paris      1025  2024-03-21 15:54
4       289.66      London      1023  2024-03-21 15:54
5       280.27  Washington      1015  2024-03-21 15:54
6       292.80       Paris      1025  2024-03-21 15:53
7       289.66      London      1023  2024-03-21 15:53
8       280.27  Washington      1015  2024-03-21 15:53
9       292.80       Paris      1025  2024-03-21 15:52
[2024-03-21 15:55:04,295] {python.py:151} INFO - Done. Returned value was: None
[2024-03-21 15:55:04,309] {taskinstance.py:1211} INFO - Marking task as SUCCESS. dag_id=***_exam, task_id=transform_into_data.csv, execution_date=20240321T155400, start_date=20240321T155504, end_date=20240321T155504
[2024-03-21 15:55:04,350] {taskinstance.py:1265} INFO - 0 downstream tasks scheduled from follow-on schedule check
[2024-03-21 15:55:04,374] {local_task_job.py:151} INFO - Task exited with return code 0
