[2024-03-16 00:25:04,850] {taskinstance.py:896} INFO - Dependencies all met for <TaskInstance: airflow_exam.transform_into_data.csv 2024-03-16T00:24:00+00:00 [queued]>
[2024-03-16 00:25:04,874] {taskinstance.py:896} INFO - Dependencies all met for <TaskInstance: airflow_exam.transform_into_data.csv 2024-03-16T00:24:00+00:00 [queued]>
[2024-03-16 00:25:04,874] {taskinstance.py:1087} INFO - 
--------------------------------------------------------------------------------
[2024-03-16 00:25:04,875] {taskinstance.py:1088} INFO - Starting attempt 1 of 1
[2024-03-16 00:25:04,875] {taskinstance.py:1089} INFO - 
--------------------------------------------------------------------------------
[2024-03-16 00:25:04,887] {taskinstance.py:1107} INFO - Executing <Task(PythonOperator): transform_into_data.csv> on 2024-03-16T00:24:00+00:00
[2024-03-16 00:25:04,898] {standard_task_runner.py:52} INFO - Started process 101045 to run task
[2024-03-16 00:25:04,902] {standard_task_runner.py:76} INFO - Running: ['***', 'tasks', 'run', '***_exam', 'transform_into_data.csv', '2024-03-16T00:24:00+00:00', '--job-id', '5246', '--pool', 'default_pool', '--raw', '--subdir', 'DAGS_FOLDER/DAG.py', '--cfg-path', '/tmp/tmpmtv9i0r9', '--error-file', '/tmp/tmpgratc0i0']
[2024-03-16 00:25:04,903] {standard_task_runner.py:77} INFO - Job 5246: Subtask transform_into_data.csv
[2024-03-16 00:25:04,965] {logging_mixin.py:104} INFO - Running <TaskInstance: ***_exam.transform_into_data.csv 2024-03-16T00:24:00+00:00 [running]> on host 3a3d0401ac26
[2024-03-16 00:25:05,040] {taskinstance.py:1302} INFO - Exporting the following env vars:
AIRFLOW_CTX_DAG_OWNER=***
AIRFLOW_CTX_DAG_ID=***_exam
AIRFLOW_CTX_TASK_ID=transform_into_data.csv
AIRFLOW_CTX_EXECUTION_DATE=2024-03-16T00:24:00+00:00
AIRFLOW_CTX_DAG_RUN_ID=scheduled__2024-03-16T00:24:00+00:00
[2024-03-16 00:25:05,048] {logging_mixin.py:104} INFO - 
[2024-03-16 00:25:05,067] {logging_mixin.py:104} INFO -     temperature        city  pression              date
0       284.76       Paris      1015  2024-03-16 00:25
1       281.44      London      1013  2024-03-16 00:25
2       288.82  Washington      1021  2024-03-16 00:25
3       284.51       Paris      1016  2024-03-16 00:24
4       281.37      London      1013  2024-03-16 00:24
5       289.07  Washington      1021  2024-03-16 00:24
6       284.51       Paris      1016  2024-03-16 00:23
7       281.46      London      1013  2024-03-16 00:23
8       289.07  Washington      1021  2024-03-16 00:23
9       284.51       Paris      1016  2024-03-16 00:22
[2024-03-16 00:25:05,071] {python.py:151} INFO - Done. Returned value was: None
[2024-03-16 00:25:05,084] {taskinstance.py:1211} INFO - Marking task as SUCCESS. dag_id=***_exam, task_id=transform_into_data.csv, execution_date=20240316T002400, start_date=20240316T002504, end_date=20240316T002505
[2024-03-16 00:25:05,114] {taskinstance.py:1265} INFO - 0 downstream tasks scheduled from follow-on schedule check
[2024-03-16 00:25:05,155] {local_task_job.py:151} INFO - Task exited with return code 0
