[2024-03-15 22:50:01,389] {taskinstance.py:896} INFO - Dependencies all met for <TaskInstance: airflow_exam.retrieve_raw_data 2024-03-15T22:49:00+00:00 [queued]>
[2024-03-15 22:50:01,409] {taskinstance.py:896} INFO - Dependencies all met for <TaskInstance: airflow_exam.retrieve_raw_data 2024-03-15T22:49:00+00:00 [queued]>
[2024-03-15 22:50:01,409] {taskinstance.py:1087} INFO - 
--------------------------------------------------------------------------------
[2024-03-15 22:50:01,409] {taskinstance.py:1088} INFO - Starting attempt 1 of 6
[2024-03-15 22:50:01,409] {taskinstance.py:1089} INFO - 
--------------------------------------------------------------------------------
[2024-03-15 22:50:01,420] {taskinstance.py:1107} INFO - Executing <Task(PythonOperator): retrieve_raw_data> on 2024-03-15T22:49:00+00:00
[2024-03-15 22:50:01,428] {standard_task_runner.py:52} INFO - Started process 81740 to run task
[2024-03-15 22:50:01,432] {standard_task_runner.py:76} INFO - Running: ['***', 'tasks', 'run', '***_exam', 'retrieve_raw_data', '2024-03-15T22:49:00+00:00', '--job-id', '4587', '--pool', 'default_pool', '--raw', '--subdir', 'DAGS_FOLDER/DAG.py', '--cfg-path', '/tmp/tmp25fl28qr', '--error-file', '/tmp/tmp80hgkm7d']
[2024-03-15 22:50:01,433] {standard_task_runner.py:77} INFO - Job 4587: Subtask retrieve_raw_data
[2024-03-15 22:50:01,483] {logging_mixin.py:104} INFO - Running <TaskInstance: ***_exam.retrieve_raw_data 2024-03-15T22:49:00+00:00 [running]> on host 3a3d0401ac26
[2024-03-15 22:50:01,551] {taskinstance.py:1302} INFO - Exporting the following env vars:
AIRFLOW_CTX_DAG_OWNER=***
AIRFLOW_CTX_DAG_ID=***_exam
AIRFLOW_CTX_TASK_ID=retrieve_raw_data
AIRFLOW_CTX_EXECUTION_DATE=2024-03-15T22:49:00+00:00
AIRFLOW_CTX_DAG_RUN_ID=scheduled__2024-03-15T22:49:00+00:00
[2024-03-15 22:50:02,000] {python.py:151} INFO - Done. Returned value was: None
[2024-03-15 22:50:02,015] {taskinstance.py:1211} INFO - Marking task as SUCCESS. dag_id=***_exam, task_id=retrieve_raw_data, execution_date=20240315T224900, start_date=20240315T225001, end_date=20240315T225002
[2024-03-15 22:50:02,067] {taskinstance.py:1265} INFO - 2 downstream tasks scheduled from follow-on schedule check
[2024-03-15 22:50:02,088] {local_task_job.py:151} INFO - Task exited with return code 0
