[2024-03-15 22:14:06,107] {taskinstance.py:896} INFO - Dependencies all met for <TaskInstance: airflow_exam.compute_rf_score 2024-03-15T22:13:00+00:00 [queued]>
[2024-03-15 22:14:06,134] {taskinstance.py:896} INFO - Dependencies all met for <TaskInstance: airflow_exam.compute_rf_score 2024-03-15T22:13:00+00:00 [queued]>
[2024-03-15 22:14:06,134] {taskinstance.py:1087} INFO - 
--------------------------------------------------------------------------------
[2024-03-15 22:14:06,134] {taskinstance.py:1088} INFO - Starting attempt 1 of 1
[2024-03-15 22:14:06,135] {taskinstance.py:1089} INFO - 
--------------------------------------------------------------------------------
[2024-03-15 22:14:06,150] {taskinstance.py:1107} INFO - Executing <Task(PythonOperator): compute_rf_score> on 2024-03-15T22:13:00+00:00
[2024-03-15 22:14:06,160] {standard_task_runner.py:52} INFO - Started process 74436 to run task
[2024-03-15 22:14:06,165] {standard_task_runner.py:76} INFO - Running: ['***', 'tasks', 'run', '***_exam', 'compute_rf_score', '2024-03-15T22:13:00+00:00', '--job-id', '4339', '--pool', 'default_pool', '--raw', '--subdir', 'DAGS_FOLDER/DAG.py', '--cfg-path', '/tmp/tmpn0x83hyf', '--error-file', '/tmp/tmpg4w8scqf']
[2024-03-15 22:14:06,165] {standard_task_runner.py:77} INFO - Job 4339: Subtask compute_rf_score
[2024-03-15 22:14:06,229] {logging_mixin.py:104} INFO - Running <TaskInstance: ***_exam.compute_rf_score 2024-03-15T22:13:00+00:00 [running]> on host 3a3d0401ac26
[2024-03-15 22:14:06,314] {taskinstance.py:1302} INFO - Exporting the following env vars:
AIRFLOW_CTX_DAG_OWNER=***
AIRFLOW_CTX_DAG_ID=***_exam
AIRFLOW_CTX_TASK_ID=compute_rf_score
AIRFLOW_CTX_EXECUTION_DATE=2024-03-15T22:13:00+00:00
AIRFLOW_CTX_DAG_RUN_ID=scheduled__2024-03-15T22:13:00+00:00
[2024-03-15 22:14:08,102] {python.py:151} INFO - Done. Returned value was: None
[2024-03-15 22:14:08,115] {taskinstance.py:1211} INFO - Marking task as SUCCESS. dag_id=***_exam, task_id=compute_rf_score, execution_date=20240315T221300, start_date=20240315T221406, end_date=20240315T221408
[2024-03-15 22:14:08,157] {taskinstance.py:1265} INFO - 1 downstream tasks scheduled from follow-on schedule check
[2024-03-15 22:14:08,193] {local_task_job.py:151} INFO - Task exited with return code 0
