[2024-03-15 17:31:06,973] {taskinstance.py:896} INFO - Dependencies all met for <TaskInstance: airflow_exam.compute_dt_score 2024-03-15T17:30:00+00:00 [queued]>
[2024-03-15 17:31:07,000] {taskinstance.py:896} INFO - Dependencies all met for <TaskInstance: airflow_exam.compute_dt_score 2024-03-15T17:30:00+00:00 [queued]>
[2024-03-15 17:31:07,000] {taskinstance.py:1087} INFO - 
--------------------------------------------------------------------------------
[2024-03-15 17:31:07,000] {taskinstance.py:1088} INFO - Starting attempt 1 of 1
[2024-03-15 17:31:07,000] {taskinstance.py:1089} INFO - 
--------------------------------------------------------------------------------
[2024-03-15 17:31:07,015] {taskinstance.py:1107} INFO - Executing <Task(PythonOperator): compute_dt_score> on 2024-03-15T17:30:00+00:00
[2024-03-15 17:31:07,026] {standard_task_runner.py:52} INFO - Started process 34563 to run task
[2024-03-15 17:31:07,030] {standard_task_runner.py:76} INFO - Running: ['***', 'tasks', 'run', '***_exam', 'compute_dt_score', '2024-03-15T17:30:00+00:00', '--job-id', '2952', '--pool', 'default_pool', '--raw', '--subdir', 'DAGS_FOLDER/DAG.py', '--cfg-path', '/tmp/tmpftbdgtht', '--error-file', '/tmp/tmp1d2u2o87']
[2024-03-15 17:31:07,030] {standard_task_runner.py:77} INFO - Job 2952: Subtask compute_dt_score
[2024-03-15 17:31:07,096] {logging_mixin.py:104} INFO - Running <TaskInstance: ***_exam.compute_dt_score 2024-03-15T17:30:00+00:00 [running]> on host 3a3d0401ac26
[2024-03-15 17:31:07,174] {taskinstance.py:1302} INFO - Exporting the following env vars:
AIRFLOW_CTX_DAG_OWNER=***
AIRFLOW_CTX_DAG_ID=***_exam
AIRFLOW_CTX_TASK_ID=compute_dt_score
AIRFLOW_CTX_EXECUTION_DATE=2024-03-15T17:30:00+00:00
AIRFLOW_CTX_DAG_RUN_ID=scheduled__2024-03-15T17:30:00+00:00
[2024-03-15 17:31:07,330] {python.py:151} INFO - Done. Returned value was: None
[2024-03-15 17:31:07,346] {taskinstance.py:1211} INFO - Marking task as SUCCESS. dag_id=***_exam, task_id=compute_dt_score, execution_date=20240315T173000, start_date=20240315T173106, end_date=20240315T173107
[2024-03-15 17:31:07,396] {taskinstance.py:1265} INFO - 0 downstream tasks scheduled from follow-on schedule check
[2024-03-15 17:31:07,443] {local_task_job.py:151} INFO - Task exited with return code 0
