[2024-03-15 14:28:03,886] {taskinstance.py:896} INFO - Dependencies all met for <TaskInstance: airflow_exam.transform_into_data.csv 2024-03-15T14:27:00+00:00 [queued]>
[2024-03-15 14:28:03,911] {taskinstance.py:896} INFO - Dependencies all met for <TaskInstance: airflow_exam.transform_into_data.csv 2024-03-15T14:27:00+00:00 [queued]>
[2024-03-15 14:28:03,912] {taskinstance.py:1087} INFO - 
--------------------------------------------------------------------------------
[2024-03-15 14:28:03,912] {taskinstance.py:1088} INFO - Starting attempt 1 of 1
[2024-03-15 14:28:03,912] {taskinstance.py:1089} INFO - 
--------------------------------------------------------------------------------
[2024-03-15 14:28:03,928] {taskinstance.py:1107} INFO - Executing <Task(PythonOperator): transform_into_data.csv> on 2024-03-15T14:27:00+00:00
[2024-03-15 14:28:03,938] {standard_task_runner.py:52} INFO - Started process 7192 to run task
[2024-03-15 14:28:03,942] {standard_task_runner.py:76} INFO - Running: ['***', 'tasks', 'run', '***_exam', 'transform_into_data.csv', '2024-03-15T14:27:00+00:00', '--job-id', '1962', '--pool', 'default_pool', '--raw', '--subdir', 'DAGS_FOLDER/DAG.py', '--cfg-path', '/tmp/tmpcuysk72_', '--error-file', '/tmp/tmp7qxytbmo']
[2024-03-15 14:28:03,943] {standard_task_runner.py:77} INFO - Job 1962: Subtask transform_into_data.csv
[2024-03-15 14:28:04,005] {logging_mixin.py:104} INFO - Running <TaskInstance: ***_exam.transform_into_data.csv 2024-03-15T14:27:00+00:00 [running]> on host 3a3d0401ac26
[2024-03-15 14:28:04,098] {taskinstance.py:1302} INFO - Exporting the following env vars:
AIRFLOW_CTX_DAG_OWNER=***
AIRFLOW_CTX_DAG_ID=***_exam
AIRFLOW_CTX_TASK_ID=transform_into_data.csv
AIRFLOW_CTX_EXECUTION_DATE=2024-03-15T14:27:00+00:00
AIRFLOW_CTX_DAG_RUN_ID=scheduled__2024-03-15T14:27:00+00:00
[2024-03-15 14:28:04,105] {logging_mixin.py:104} INFO - 
[2024-03-15 14:28:04,136] {logging_mixin.py:104} INFO -     temperature        city  pression              date
0       289.66       Paris      1012  2024-03-15 14:28
1       287.22      London      1004  2024-03-15 14:28
2       274.21  Washington      1029  2024-03-15 14:28
3       289.49       Paris      1012  2024-03-15 14:27
4       287.25      London      1004  2024-03-15 14:27
5       274.41  Washington      1029  2024-03-15 14:27
6       289.49       Paris      1012  2024-03-15 14:26
7       287.25      London      1004  2024-03-15 14:26
8       274.41  Washington      1029  2024-03-15 14:26
9       289.49       Paris      1012  2024-03-15 14:25
[2024-03-15 14:28:04,142] {python.py:151} INFO - Done. Returned value was: None
[2024-03-15 14:28:04,158] {taskinstance.py:1211} INFO - Marking task as SUCCESS. dag_id=***_exam, task_id=transform_into_data.csv, execution_date=20240315T142700, start_date=20240315T142803, end_date=20240315T142804
[2024-03-15 14:28:04,211] {taskinstance.py:1265} INFO - 0 downstream tasks scheduled from follow-on schedule check
[2024-03-15 14:28:04,235] {local_task_job.py:151} INFO - Task exited with return code 0
