[2024-03-16 02:48:04,871] {taskinstance.py:896} INFO - Dependencies all met for <TaskInstance: airflow_exam.transform_into_fulldata.csv 2024-03-16T02:47:00+00:00 [queued]>
[2024-03-16 02:48:04,898] {taskinstance.py:896} INFO - Dependencies all met for <TaskInstance: airflow_exam.transform_into_fulldata.csv 2024-03-16T02:47:00+00:00 [queued]>
[2024-03-16 02:48:04,899] {taskinstance.py:1087} INFO - 
--------------------------------------------------------------------------------
[2024-03-16 02:48:04,899] {taskinstance.py:1088} INFO - Starting attempt 1 of 1
[2024-03-16 02:48:04,899] {taskinstance.py:1089} INFO - 
--------------------------------------------------------------------------------
[2024-03-16 02:48:04,915] {taskinstance.py:1107} INFO - Executing <Task(PythonOperator): transform_into_fulldata.csv> on 2024-03-16T02:47:00+00:00
[2024-03-16 02:48:04,925] {standard_task_runner.py:52} INFO - Started process 131715 to run task
[2024-03-16 02:48:04,930] {standard_task_runner.py:76} INFO - Running: ['***', 'tasks', 'run', '***_exam', 'transform_into_fulldata.csv', '2024-03-16T02:47:00+00:00', '--job-id', '6247', '--pool', 'default_pool', '--raw', '--subdir', 'DAGS_FOLDER/DAG.py', '--cfg-path', '/tmp/tmpuqje_h7u', '--error-file', '/tmp/tmpogskwptd']
[2024-03-16 02:48:04,931] {standard_task_runner.py:77} INFO - Job 6247: Subtask transform_into_fulldata.csv
[2024-03-16 02:48:05,000] {logging_mixin.py:104} INFO - Running <TaskInstance: ***_exam.transform_into_fulldata.csv 2024-03-16T02:47:00+00:00 [running]> on host 3a3d0401ac26
[2024-03-16 02:48:05,123] {taskinstance.py:1302} INFO - Exporting the following env vars:
AIRFLOW_CTX_DAG_OWNER=***
AIRFLOW_CTX_DAG_ID=***_exam
AIRFLOW_CTX_TASK_ID=transform_into_fulldata.csv
AIRFLOW_CTX_EXECUTION_DATE=2024-03-16T02:47:00+00:00
AIRFLOW_CTX_DAG_RUN_ID=scheduled__2024-03-16T02:47:00+00:00
[2024-03-16 02:48:05,229] {logging_mixin.py:104} INFO - 
[2024-03-16 02:48:05,264] {logging_mixin.py:104} INFO -     temperature        city  pression              date
0       284.22       Paris      1017  2024-03-16 02:48
1       281.31      London      1015  2024-03-16 02:48
2       282.52  Washington      1023  2024-03-16 02:48
3       284.22       Paris      1017  2024-03-16 02:47
4       281.31      London      1015  2024-03-16 02:47
5       282.52  Washington      1023  2024-03-16 02:47
6       284.22       Paris      1017  2024-03-16 02:46
7       281.31      London      1015  2024-03-16 02:46
8       282.52  Washington      1023  2024-03-16 02:46
9       284.22       Paris      1017  2024-03-16 02:45
[2024-03-16 02:48:05,281] {python.py:151} INFO - Done. Returned value was: None
[2024-03-16 02:48:05,295] {taskinstance.py:1211} INFO - Marking task as SUCCESS. dag_id=***_exam, task_id=transform_into_fulldata.csv, execution_date=20240316T024700, start_date=20240316T024804, end_date=20240316T024805
[2024-03-16 02:48:05,337] {taskinstance.py:1265} INFO - 3 downstream tasks scheduled from follow-on schedule check
[2024-03-16 02:48:05,383] {local_task_job.py:151} INFO - Task exited with return code 0
