[2023-10-05 17:04:38,543] {taskinstance.py:896} INFO - Dependencies all met for <TaskInstance: airflow_exam.retrieve_raw_data 2023-10-05T17:04:37.559107+00:00 [queued]>
[2023-10-05 17:04:38,555] {taskinstance.py:896} INFO - Dependencies all met for <TaskInstance: airflow_exam.retrieve_raw_data 2023-10-05T17:04:37.559107+00:00 [queued]>
[2023-10-05 17:04:38,555] {taskinstance.py:1087} INFO - 
--------------------------------------------------------------------------------
[2023-10-05 17:04:38,555] {taskinstance.py:1088} INFO - Starting attempt 1 of 6
[2023-10-05 17:04:38,555] {taskinstance.py:1089} INFO - 
--------------------------------------------------------------------------------
[2023-10-05 17:04:38,570] {taskinstance.py:1107} INFO - Executing <Task(PythonOperator): retrieve_raw_data> on 2023-10-05T17:04:37.559107+00:00
[2023-10-05 17:04:38,575] {standard_task_runner.py:52} INFO - Started process 17468 to run task
[2023-10-05 17:04:38,578] {standard_task_runner.py:76} INFO - Running: ['***', 'tasks', 'run', '***_exam', 'retrieve_raw_data', '2023-10-05T17:04:37.559107+00:00', '--job-id', '146', '--pool', 'default_pool', '--raw', '--subdir', 'DAGS_FOLDER/DAG.py', '--cfg-path', '/tmp/tmpsb_htit_', '--error-file', '/tmp/tmpb492n8hj']
[2023-10-05 17:04:38,578] {standard_task_runner.py:77} INFO - Job 146: Subtask retrieve_raw_data
[2023-10-05 17:04:38,616] {logging_mixin.py:104} INFO - Running <TaskInstance: ***_exam.retrieve_raw_data 2023-10-05T17:04:37.559107+00:00 [running]> on host 3a3d0401ac26
[2023-10-05 17:04:38,671] {taskinstance.py:1302} INFO - Exporting the following env vars:
AIRFLOW_CTX_DAG_OWNER=***
AIRFLOW_CTX_DAG_ID=***_exam
AIRFLOW_CTX_TASK_ID=retrieve_raw_data
AIRFLOW_CTX_EXECUTION_DATE=2023-10-05T17:04:37.559107+00:00
AIRFLOW_CTX_DAG_RUN_ID=manual__2023-10-05T17:04:37.559107+00:00
[2023-10-05 17:04:39,050] {python.py:151} INFO - Done. Returned value was: None
[2023-10-05 17:04:39,064] {taskinstance.py:1211} INFO - Marking task as SUCCESS. dag_id=***_exam, task_id=retrieve_raw_data, execution_date=20231005T170437, start_date=20231005T170438, end_date=20231005T170439
[2023-10-05 17:04:39,092] {taskinstance.py:1265} INFO - 0 downstream tasks scheduled from follow-on schedule check
[2023-10-05 17:04:39,114] {local_task_job.py:151} INFO - Task exited with return code 0
