[2024-03-15 17:48:04,687] {taskinstance.py:896} INFO - Dependencies all met for <TaskInstance: airflow_exam.transform_into_fulldata.csv 2024-03-15T17:47:00+00:00 [queued]>
[2024-03-15 17:48:04,723] {taskinstance.py:896} INFO - Dependencies all met for <TaskInstance: airflow_exam.transform_into_fulldata.csv 2024-03-15T17:47:00+00:00 [queued]>
[2024-03-15 17:48:04,724] {taskinstance.py:1087} INFO - 
--------------------------------------------------------------------------------
[2024-03-15 17:48:04,724] {taskinstance.py:1088} INFO - Starting attempt 1 of 1
[2024-03-15 17:48:04,724] {taskinstance.py:1089} INFO - 
--------------------------------------------------------------------------------
[2024-03-15 17:48:04,746] {taskinstance.py:1107} INFO - Executing <Task(PythonOperator): transform_into_fulldata.csv> on 2024-03-15T17:47:00+00:00
[2024-03-15 17:48:04,761] {standard_task_runner.py:52} INFO - Started process 37992 to run task
[2024-03-15 17:48:04,766] {standard_task_runner.py:76} INFO - Running: ['***', 'tasks', 'run', '***_exam', 'transform_into_fulldata.csv', '2024-03-15T17:47:00+00:00', '--job-id', '3068', '--pool', 'default_pool', '--raw', '--subdir', 'DAGS_FOLDER/DAG.py', '--cfg-path', '/tmp/tmpvdia7m46', '--error-file', '/tmp/tmp753ecr8j']
[2024-03-15 17:48:04,767] {standard_task_runner.py:77} INFO - Job 3068: Subtask transform_into_fulldata.csv
[2024-03-15 17:48:04,890] {logging_mixin.py:104} INFO - Running <TaskInstance: ***_exam.transform_into_fulldata.csv 2024-03-15T17:47:00+00:00 [running]> on host 3a3d0401ac26
[2024-03-15 17:48:05,041] {taskinstance.py:1302} INFO - Exporting the following env vars:
AIRFLOW_CTX_DAG_OWNER=***
AIRFLOW_CTX_DAG_ID=***_exam
AIRFLOW_CTX_TASK_ID=transform_into_fulldata.csv
AIRFLOW_CTX_EXECUTION_DATE=2024-03-15T17:47:00+00:00
AIRFLOW_CTX_DAG_RUN_ID=scheduled__2024-03-15T17:47:00+00:00
[2024-03-15 17:48:05,096] {logging_mixin.py:104} INFO - 
[2024-03-15 17:48:05,130] {logging_mixin.py:104} INFO -     temperature        city  pression              date
0       287.07       Paris      1011  2024-03-15 17:48
1       285.90      London      1005  2024-03-15 17:48
2       281.30  Washington      1026  2024-03-15 17:48
3       287.07       Paris      1011  2024-03-15 17:47
4       285.90      London      1005  2024-03-15 17:47
5       281.30  Washington      1026  2024-03-15 17:47
6       287.07       Paris      1011  2024-03-15 17:46
7       285.90      London      1005  2024-03-15 17:46
8       281.30  Washington      1026  2024-03-15 17:46
9       287.07       Paris      1011  2024-03-15 17:45
[2024-03-15 17:48:05,141] {python.py:151} INFO - Done. Returned value was: None
[2024-03-15 17:48:05,167] {taskinstance.py:1211} INFO - Marking task as SUCCESS. dag_id=***_exam, task_id=transform_into_fulldata.csv, execution_date=20240315T174700, start_date=20240315T174804, end_date=20240315T174805
[2024-03-15 17:48:05,255] {taskinstance.py:1265} INFO - 3 downstream tasks scheduled from follow-on schedule check
[2024-03-15 17:48:05,284] {local_task_job.py:151} INFO - Task exited with return code 0
