[2024-03-15 22:12:05,007] {taskinstance.py:896} INFO - Dependencies all met for <TaskInstance: airflow_exam.transform_into_data.csv 2024-03-15T22:11:00+00:00 [queued]>
[2024-03-15 22:12:05,053] {taskinstance.py:896} INFO - Dependencies all met for <TaskInstance: airflow_exam.transform_into_data.csv 2024-03-15T22:11:00+00:00 [queued]>
[2024-03-15 22:12:05,054] {taskinstance.py:1087} INFO - 
--------------------------------------------------------------------------------
[2024-03-15 22:12:05,054] {taskinstance.py:1088} INFO - Starting attempt 1 of 1
[2024-03-15 22:12:05,054] {taskinstance.py:1089} INFO - 
--------------------------------------------------------------------------------
[2024-03-15 22:12:05,085] {taskinstance.py:1107} INFO - Executing <Task(PythonOperator): transform_into_data.csv> on 2024-03-15T22:11:00+00:00
[2024-03-15 22:12:05,105] {standard_task_runner.py:52} INFO - Started process 73982 to run task
[2024-03-15 22:12:05,112] {standard_task_runner.py:76} INFO - Running: ['***', 'tasks', 'run', '***_exam', 'transform_into_data.csv', '2024-03-15T22:11:00+00:00', '--job-id', '4323', '--pool', 'default_pool', '--raw', '--subdir', 'DAGS_FOLDER/DAG.py', '--cfg-path', '/tmp/tmpbco7chyg', '--error-file', '/tmp/tmpwpuc03y_']
[2024-03-15 22:12:05,113] {standard_task_runner.py:77} INFO - Job 4323: Subtask transform_into_data.csv
[2024-03-15 22:12:05,249] {logging_mixin.py:104} INFO - Running <TaskInstance: ***_exam.transform_into_data.csv 2024-03-15T22:11:00+00:00 [running]> on host 3a3d0401ac26
[2024-03-15 22:12:05,433] {taskinstance.py:1302} INFO - Exporting the following env vars:
AIRFLOW_CTX_DAG_OWNER=***
AIRFLOW_CTX_DAG_ID=***_exam
AIRFLOW_CTX_TASK_ID=transform_into_data.csv
AIRFLOW_CTX_EXECUTION_DATE=2024-03-15T22:11:00+00:00
AIRFLOW_CTX_DAG_RUN_ID=scheduled__2024-03-15T22:11:00+00:00
[2024-03-15 22:12:05,441] {logging_mixin.py:104} INFO - 
[2024-03-15 22:12:05,478] {logging_mixin.py:104} INFO -     temperature        city  pression              date
0       285.35       Paris      1014  2024-03-15 22:12
1       283.11      London      1010  2024-03-15 22:12
2       288.77  Washington      1022  2024-03-15 22:12
3       285.35       Paris      1014  2024-03-15 22:11
4       283.11      London      1010  2024-03-15 22:11
5       288.77  Washington      1022  2024-03-15 22:11
6       285.35       Paris      1014  2024-03-15 22:10
7       283.11      London      1010  2024-03-15 22:10
8       288.77  Washington      1022  2024-03-15 22:10
9       285.35       Paris      1014  2024-03-15 22:09
[2024-03-15 22:12:05,485] {python.py:151} INFO - Done. Returned value was: None
[2024-03-15 22:12:05,505] {taskinstance.py:1211} INFO - Marking task as SUCCESS. dag_id=***_exam, task_id=transform_into_data.csv, execution_date=20240315T221100, start_date=20240315T221205, end_date=20240315T221205
[2024-03-15 22:12:05,568] {taskinstance.py:1265} INFO - 0 downstream tasks scheduled from follow-on schedule check
[2024-03-15 22:12:05,594] {local_task_job.py:151} INFO - Task exited with return code 0
