[2023-10-06 20:42:04,615] {taskinstance.py:896} INFO - Dependencies all met for <TaskInstance: airflow_exam.transform_into_fulldata.csv 2023-10-06T20:41:00+00:00 [queued]>
[2023-10-06 20:42:04,638] {taskinstance.py:896} INFO - Dependencies all met for <TaskInstance: airflow_exam.transform_into_fulldata.csv 2023-10-06T20:41:00+00:00 [queued]>
[2023-10-06 20:42:04,639] {taskinstance.py:1087} INFO - 
--------------------------------------------------------------------------------
[2023-10-06 20:42:04,640] {taskinstance.py:1088} INFO - Starting attempt 1 of 1
[2023-10-06 20:42:04,641] {taskinstance.py:1089} INFO - 
--------------------------------------------------------------------------------
[2023-10-06 20:42:04,668] {taskinstance.py:1107} INFO - Executing <Task(PythonOperator): transform_into_fulldata.csv> on 2023-10-06T20:41:00+00:00
[2023-10-06 20:42:04,680] {standard_task_runner.py:52} INFO - Started process 19150 to run task
[2023-10-06 20:42:04,686] {standard_task_runner.py:76} INFO - Running: ['***', 'tasks', 'run', '***_exam', 'transform_into_fulldata.csv', '2023-10-06T20:41:00+00:00', '--job-id', '964', '--pool', 'default_pool', '--raw', '--subdir', 'DAGS_FOLDER/DAG.py', '--cfg-path', '/tmp/tmp1qgxxlaj', '--error-file', '/tmp/tmpyli129sx']
[2023-10-06 20:42:04,687] {standard_task_runner.py:77} INFO - Job 964: Subtask transform_into_fulldata.csv
[2023-10-06 20:42:04,779] {logging_mixin.py:104} INFO - Running <TaskInstance: ***_exam.transform_into_fulldata.csv 2023-10-06T20:41:00+00:00 [running]> on host 3a3d0401ac26
[2023-10-06 20:42:04,866] {taskinstance.py:1302} INFO - Exporting the following env vars:
AIRFLOW_CTX_DAG_OWNER=***
AIRFLOW_CTX_DAG_ID=***_exam
AIRFLOW_CTX_TASK_ID=transform_into_fulldata.csv
AIRFLOW_CTX_EXECUTION_DATE=2023-10-06T20:41:00+00:00
AIRFLOW_CTX_DAG_RUN_ID=scheduled__2023-10-06T20:41:00+00:00
[2023-10-06 20:42:04,885] {logging_mixin.py:104} INFO - 
[2023-10-06 20:42:04,916] {logging_mixin.py:104} INFO -     temperature        city  pression              date
0       287.79       Paris      1026  2023-10-06 20:42
1       289.99      London      1023  2023-10-06 20:42
2       294.47  Washington      1023  2023-10-06 20:42
3       287.79       Paris      1026  2023-10-06 20:41
4       289.99      London      1023  2023-10-06 20:41
5       294.47  Washington      1023  2023-10-06 20:41
6       287.71       Paris      1026  2023-10-06 20:40
7       289.87      London      1023  2023-10-06 20:40
8       294.57  Washington      1023  2023-10-06 20:40
9       287.71       Paris      1026  2023-10-06 20:39
[2023-10-06 20:42:04,926] {python.py:151} INFO - Done. Returned value was: None
[2023-10-06 20:42:04,944] {taskinstance.py:1211} INFO - Marking task as SUCCESS. dag_id=***_exam, task_id=transform_into_fulldata.csv, execution_date=20231006T204100, start_date=20231006T204204, end_date=20231006T204204
[2023-10-06 20:42:05,015] {taskinstance.py:1265} INFO - 0 downstream tasks scheduled from follow-on schedule check
[2023-10-06 20:42:05,062] {local_task_job.py:151} INFO - Task exited with return code 0
