[2023-10-06 19:42:04,144] {taskinstance.py:896} INFO - Dependencies all met for <TaskInstance: airflow_exam.transform_into_data.csv 2023-10-06T19:41:00+00:00 [queued]>
[2023-10-06 19:42:04,157] {taskinstance.py:896} INFO - Dependencies all met for <TaskInstance: airflow_exam.transform_into_data.csv 2023-10-06T19:41:00+00:00 [queued]>
[2023-10-06 19:42:04,158] {taskinstance.py:1087} INFO - 
--------------------------------------------------------------------------------
[2023-10-06 19:42:04,158] {taskinstance.py:1088} INFO - Starting attempt 1 of 1
[2023-10-06 19:42:04,158] {taskinstance.py:1089} INFO - 
--------------------------------------------------------------------------------
[2023-10-06 19:42:04,173] {taskinstance.py:1107} INFO - Executing <Task(PythonOperator): transform_into_data.csv> on 2023-10-06T19:41:00+00:00
[2023-10-06 19:42:04,179] {standard_task_runner.py:52} INFO - Started process 7744 to run task
[2023-10-06 19:42:04,182] {standard_task_runner.py:76} INFO - Running: ['***', 'tasks', 'run', '***_exam', 'transform_into_data.csv', '2023-10-06T19:41:00+00:00', '--job-id', '545', '--pool', 'default_pool', '--raw', '--subdir', 'DAGS_FOLDER/DAG.py', '--cfg-path', '/tmp/tmpmhjwgt8p', '--error-file', '/tmp/tmpxydgyvkx']
[2023-10-06 19:42:04,182] {standard_task_runner.py:77} INFO - Job 545: Subtask transform_into_data.csv
[2023-10-06 19:42:04,223] {logging_mixin.py:104} INFO - Running <TaskInstance: ***_exam.transform_into_data.csv 2023-10-06T19:41:00+00:00 [running]> on host 3a3d0401ac26
[2023-10-06 19:42:04,283] {taskinstance.py:1302} INFO - Exporting the following env vars:
AIRFLOW_CTX_DAG_OWNER=***
AIRFLOW_CTX_DAG_ID=***_exam
AIRFLOW_CTX_TASK_ID=transform_into_data.csv
AIRFLOW_CTX_EXECUTION_DATE=2023-10-06T19:41:00+00:00
AIRFLOW_CTX_DAG_RUN_ID=scheduled__2023-10-06T19:41:00+00:00
[2023-10-06 19:42:04,288] {logging_mixin.py:104} INFO - 
[2023-10-06 19:42:04,310] {logging_mixin.py:104} INFO -     temperature        city  pression              date
0       289.04       Paris      1026  2023-10-06 19:42
1       290.28      London      1023  2023-10-06 19:42
2       292.74  Washington      1024  2023-10-06 19:42
3       289.04       Paris      1026  2023-10-06 19:41
4       290.28      London      1023  2023-10-06 19:41
5       292.74  Washington      1024  2023-10-06 19:41
6       289.04       Paris      1026  2023-10-06 19:40
7       290.28      London      1023  2023-10-06 19:40
8       292.74  Washington      1024  2023-10-06 19:40
9       289.04       Paris      1026  2023-10-06 19:39
[2023-10-06 19:42:04,313] {python.py:151} INFO - Done. Returned value was: None
[2023-10-06 19:42:04,324] {taskinstance.py:1211} INFO - Marking task as SUCCESS. dag_id=***_exam, task_id=transform_into_data.csv, execution_date=20231006T194100, start_date=20231006T194204, end_date=20231006T194204
[2023-10-06 19:42:04,350] {taskinstance.py:1265} INFO - 0 downstream tasks scheduled from follow-on schedule check
[2023-10-06 19:42:04,395] {local_task_job.py:151} INFO - Task exited with return code 0
