[2024-03-20 21:32:07,781] {taskinstance.py:896} INFO - Dependencies all met for <TaskInstance: airflow_exam.compute_rf_score 2024-03-20T21:31:00+00:00 [queued]>
[2024-03-20 21:32:07,801] {taskinstance.py:896} INFO - Dependencies all met for <TaskInstance: airflow_exam.compute_rf_score 2024-03-20T21:31:00+00:00 [queued]>
[2024-03-20 21:32:07,801] {taskinstance.py:1087} INFO - 
--------------------------------------------------------------------------------
[2024-03-20 21:32:07,801] {taskinstance.py:1088} INFO - Starting attempt 1 of 1
[2024-03-20 21:32:07,801] {taskinstance.py:1089} INFO - 
--------------------------------------------------------------------------------
[2024-03-20 21:32:07,825] {taskinstance.py:1107} INFO - Executing <Task(PythonOperator): compute_rf_score> on 2024-03-20T21:31:00+00:00
[2024-03-20 21:32:07,836] {standard_task_runner.py:52} INFO - Started process 12667 to run task
[2024-03-20 21:32:07,841] {standard_task_runner.py:76} INFO - Running: ['***', 'tasks', 'run', '***_exam', 'compute_rf_score', '2024-03-20T21:31:00+00:00', '--job-id', '7249', '--pool', 'default_pool', '--raw', '--subdir', 'DAGS_FOLDER/DAG.py', '--cfg-path', '/tmp/tmpcc0lem9y', '--error-file', '/tmp/tmpgrvfdu7u']
[2024-03-20 21:32:07,842] {standard_task_runner.py:77} INFO - Job 7249: Subtask compute_rf_score
[2024-03-20 21:32:07,902] {logging_mixin.py:104} INFO - Running <TaskInstance: ***_exam.compute_rf_score 2024-03-20T21:31:00+00:00 [running]> on host 3a3d0401ac26
[2024-03-20 21:32:07,975] {taskinstance.py:1302} INFO - Exporting the following env vars:
AIRFLOW_CTX_DAG_OWNER=***
AIRFLOW_CTX_DAG_ID=***_exam
AIRFLOW_CTX_TASK_ID=compute_rf_score
AIRFLOW_CTX_EXECUTION_DATE=2024-03-20T21:31:00+00:00
AIRFLOW_CTX_DAG_RUN_ID=scheduled__2024-03-20T21:31:00+00:00
[2024-03-20 21:32:10,287] {python.py:151} INFO - Done. Returned value was: None
[2024-03-20 21:32:10,301] {taskinstance.py:1211} INFO - Marking task as SUCCESS. dag_id=***_exam, task_id=compute_rf_score, execution_date=20240320T213100, start_date=20240320T213207, end_date=20240320T213210
[2024-03-20 21:32:10,344] {taskinstance.py:1265} INFO - 1 downstream tasks scheduled from follow-on schedule check
[2024-03-20 21:32:10,383] {local_task_job.py:151} INFO - Task exited with return code 0
