[2024-03-21 00:32:04,865] {taskinstance.py:896} INFO - Dependencies all met for <TaskInstance: airflow_exam.transform_into_data.csv 2024-03-21T00:31:00+00:00 [queued]>
[2024-03-21 00:32:04,886] {taskinstance.py:896} INFO - Dependencies all met for <TaskInstance: airflow_exam.transform_into_data.csv 2024-03-21T00:31:00+00:00 [queued]>
[2024-03-21 00:32:04,886] {taskinstance.py:1087} INFO - 
--------------------------------------------------------------------------------
[2024-03-21 00:32:04,887] {taskinstance.py:1088} INFO - Starting attempt 1 of 1
[2024-03-21 00:32:04,887] {taskinstance.py:1089} INFO - 
--------------------------------------------------------------------------------
[2024-03-21 00:32:04,909] {taskinstance.py:1107} INFO - Executing <Task(PythonOperator): transform_into_data.csv> on 2024-03-21T00:31:00+00:00
[2024-03-21 00:32:04,921] {standard_task_runner.py:52} INFO - Started process 2577 to run task
[2024-03-21 00:32:04,927] {standard_task_runner.py:76} INFO - Running: ['***', 'tasks', 'run', '***_exam', 'transform_into_data.csv', '2024-03-21T00:31:00+00:00', '--job-id', '8451', '--pool', 'default_pool', '--raw', '--subdir', 'DAGS_FOLDER/DAG.py', '--cfg-path', '/tmp/tmpc2ue8ty8', '--error-file', '/tmp/tmpz_x9te32']
[2024-03-21 00:32:04,927] {standard_task_runner.py:77} INFO - Job 8451: Subtask transform_into_data.csv
[2024-03-21 00:32:05,007] {logging_mixin.py:104} INFO - Running <TaskInstance: ***_exam.transform_into_data.csv 2024-03-21T00:31:00+00:00 [running]> on host 3a3d0401ac26
[2024-03-21 00:32:05,096] {taskinstance.py:1302} INFO - Exporting the following env vars:
AIRFLOW_CTX_DAG_OWNER=***
AIRFLOW_CTX_DAG_ID=***_exam
AIRFLOW_CTX_TASK_ID=transform_into_data.csv
AIRFLOW_CTX_EXECUTION_DATE=2024-03-21T00:31:00+00:00
AIRFLOW_CTX_DAG_RUN_ID=scheduled__2024-03-21T00:31:00+00:00
[2024-03-21 00:32:05,104] {logging_mixin.py:104} INFO - 
[2024-03-21 00:32:05,126] {logging_mixin.py:104} INFO -     temperature        city  pression              date
0       285.74       Paris      1021  2024-03-21 00:32
1       284.24      London      1022  2024-03-21 00:32
2       290.02  Washington      1007  2024-03-21 00:32
3       285.74       Paris      1021  2024-03-21 00:31
4       284.38      London      1022  2024-03-21 00:31
5       290.28  Washington      1007  2024-03-21 00:31
6       285.74       Paris      1021  2024-03-21 00:30
7       284.38      London      1022  2024-03-21 00:30
8       290.28  Washington      1007  2024-03-21 00:30
9       285.74       Paris      1021  2024-03-21 00:29
[2024-03-21 00:32:05,131] {python.py:151} INFO - Done. Returned value was: None
[2024-03-21 00:32:05,146] {taskinstance.py:1211} INFO - Marking task as SUCCESS. dag_id=***_exam, task_id=transform_into_data.csv, execution_date=20240321T003100, start_date=20240321T003204, end_date=20240321T003205
[2024-03-21 00:32:05,186] {taskinstance.py:1265} INFO - 0 downstream tasks scheduled from follow-on schedule check
[2024-03-21 00:32:05,218] {local_task_job.py:151} INFO - Task exited with return code 0
