[2023-10-06 20:44:04,826] {taskinstance.py:896} INFO - Dependencies all met for <TaskInstance: airflow_exam.transform_into_fulldata.csv 2023-10-06T20:43:00+00:00 [queued]>
[2023-10-06 20:44:04,842] {taskinstance.py:896} INFO - Dependencies all met for <TaskInstance: airflow_exam.transform_into_fulldata.csv 2023-10-06T20:43:00+00:00 [queued]>
[2023-10-06 20:44:04,842] {taskinstance.py:1087} INFO - 
--------------------------------------------------------------------------------
[2023-10-06 20:44:04,842] {taskinstance.py:1088} INFO - Starting attempt 1 of 1
[2023-10-06 20:44:04,842] {taskinstance.py:1089} INFO - 
--------------------------------------------------------------------------------
[2023-10-06 20:44:04,861] {taskinstance.py:1107} INFO - Executing <Task(PythonOperator): transform_into_fulldata.csv> on 2023-10-06T20:43:00+00:00
[2023-10-06 20:44:04,870] {standard_task_runner.py:52} INFO - Started process 19511 to run task
[2023-10-06 20:44:04,874] {standard_task_runner.py:76} INFO - Running: ['***', 'tasks', 'run', '***_exam', 'transform_into_fulldata.csv', '2023-10-06T20:43:00+00:00', '--job-id', '979', '--pool', 'default_pool', '--raw', '--subdir', 'DAGS_FOLDER/DAG.py', '--cfg-path', '/tmp/tmpwi4e17yf', '--error-file', '/tmp/tmpnug8no1y']
[2023-10-06 20:44:04,875] {standard_task_runner.py:77} INFO - Job 979: Subtask transform_into_fulldata.csv
[2023-10-06 20:44:04,949] {logging_mixin.py:104} INFO - Running <TaskInstance: ***_exam.transform_into_fulldata.csv 2023-10-06T20:43:00+00:00 [running]> on host 3a3d0401ac26
[2023-10-06 20:44:05,029] {taskinstance.py:1302} INFO - Exporting the following env vars:
AIRFLOW_CTX_DAG_OWNER=***
AIRFLOW_CTX_DAG_ID=***_exam
AIRFLOW_CTX_TASK_ID=transform_into_fulldata.csv
AIRFLOW_CTX_EXECUTION_DATE=2023-10-06T20:43:00+00:00
AIRFLOW_CTX_DAG_RUN_ID=scheduled__2023-10-06T20:43:00+00:00
[2023-10-06 20:44:05,047] {logging_mixin.py:104} INFO - 
[2023-10-06 20:44:05,077] {logging_mixin.py:104} INFO -     temperature        city  pression              date
0       287.71       Paris      1026  2023-10-06 20:44
1       289.82      London      1023  2023-10-06 20:44
2       294.47  Washington      1023  2023-10-06 20:44
3       287.71       Paris      1026  2023-10-06 20:43
4       289.82      London      1023  2023-10-06 20:43
5       294.47  Washington      1023  2023-10-06 20:43
6       287.79       Paris      1026  2023-10-06 20:42
7       289.99      London      1023  2023-10-06 20:42
8       294.47  Washington      1023  2023-10-06 20:42
9       287.79       Paris      1026  2023-10-06 20:41
[2023-10-06 20:44:05,084] {python.py:151} INFO - Done. Returned value was: None
[2023-10-06 20:44:05,097] {taskinstance.py:1211} INFO - Marking task as SUCCESS. dag_id=***_exam, task_id=transform_into_fulldata.csv, execution_date=20231006T204300, start_date=20231006T204404, end_date=20231006T204405
[2023-10-06 20:44:05,134] {taskinstance.py:1265} INFO - 3 downstream tasks scheduled from follow-on schedule check
[2023-10-06 20:44:05,169] {local_task_job.py:151} INFO - Task exited with return code 0
