[2024-03-21 01:50:04,514] {taskinstance.py:896} INFO - Dependencies all met for <TaskInstance: airflow_exam.transform_into_data.csv 2024-03-21T01:49:00+00:00 [queued]>
[2024-03-21 01:50:04,530] {taskinstance.py:896} INFO - Dependencies all met for <TaskInstance: airflow_exam.transform_into_data.csv 2024-03-21T01:49:00+00:00 [queued]>
[2024-03-21 01:50:04,531] {taskinstance.py:1087} INFO - 
--------------------------------------------------------------------------------
[2024-03-21 01:50:04,531] {taskinstance.py:1088} INFO - Starting attempt 1 of 1
[2024-03-21 01:50:04,531] {taskinstance.py:1089} INFO - 
--------------------------------------------------------------------------------
[2024-03-21 01:50:04,554] {taskinstance.py:1107} INFO - Executing <Task(PythonOperator): transform_into_data.csv> on 2024-03-21T01:49:00+00:00
[2024-03-21 01:50:04,566] {standard_task_runner.py:52} INFO - Started process 19218 to run task
[2024-03-21 01:50:04,572] {standard_task_runner.py:76} INFO - Running: ['***', 'tasks', 'run', '***_exam', 'transform_into_data.csv', '2024-03-21T01:49:00+00:00', '--job-id', '8996', '--pool', 'default_pool', '--raw', '--subdir', 'DAGS_FOLDER/DAG.py', '--cfg-path', '/tmp/tmpxdzrrinr', '--error-file', '/tmp/tmpkhov_j7w']
[2024-03-21 01:50:04,573] {standard_task_runner.py:77} INFO - Job 8996: Subtask transform_into_data.csv
[2024-03-21 01:50:04,643] {logging_mixin.py:104} INFO - Running <TaskInstance: ***_exam.transform_into_data.csv 2024-03-21T01:49:00+00:00 [running]> on host 3a3d0401ac26
[2024-03-21 01:50:04,737] {taskinstance.py:1302} INFO - Exporting the following env vars:
AIRFLOW_CTX_DAG_OWNER=***
AIRFLOW_CTX_DAG_ID=***_exam
AIRFLOW_CTX_TASK_ID=transform_into_data.csv
AIRFLOW_CTX_EXECUTION_DATE=2024-03-21T01:49:00+00:00
AIRFLOW_CTX_DAG_RUN_ID=scheduled__2024-03-21T01:49:00+00:00
[2024-03-21 01:50:04,748] {logging_mixin.py:104} INFO - 
[2024-03-21 01:50:04,781] {logging_mixin.py:104} INFO -     temperature        city  pression              date
0       285.33       Paris      1021  2024-03-21 01:50
1       283.20      London      1023  2024-03-21 01:50
2       285.04  Washington      1008  2024-03-21 01:50
3       285.33       Paris      1021  2024-03-21 01:49
4       283.20      London      1023  2024-03-21 01:49
5       285.04  Washington      1008  2024-03-21 01:49
6       285.08       Paris      1022  2024-03-21 01:48
7       283.18      London      1023  2024-03-21 01:48
8       285.05  Washington      1008  2024-03-21 01:48
9       285.08       Paris      1022  2024-03-21 01:47
[2024-03-21 01:50:04,787] {python.py:151} INFO - Done. Returned value was: None
[2024-03-21 01:50:04,805] {taskinstance.py:1211} INFO - Marking task as SUCCESS. dag_id=***_exam, task_id=transform_into_data.csv, execution_date=20240321T014900, start_date=20240321T015004, end_date=20240321T015004
[2024-03-21 01:50:04,844] {taskinstance.py:1265} INFO - 0 downstream tasks scheduled from follow-on schedule check
[2024-03-21 01:50:04,866] {local_task_job.py:151} INFO - Task exited with return code 0
