[2024-03-21 01:14:04,273] {taskinstance.py:896} INFO - Dependencies all met for <TaskInstance: airflow_exam.transform_into_fulldata.csv 2024-03-21T01:13:00+00:00 [queued]>
[2024-03-21 01:14:04,289] {taskinstance.py:896} INFO - Dependencies all met for <TaskInstance: airflow_exam.transform_into_fulldata.csv 2024-03-21T01:13:00+00:00 [queued]>
[2024-03-21 01:14:04,289] {taskinstance.py:1087} INFO - 
--------------------------------------------------------------------------------
[2024-03-21 01:14:04,290] {taskinstance.py:1088} INFO - Starting attempt 1 of 1
[2024-03-21 01:14:04,290] {taskinstance.py:1089} INFO - 
--------------------------------------------------------------------------------
[2024-03-21 01:14:04,312] {taskinstance.py:1107} INFO - Executing <Task(PythonOperator): transform_into_fulldata.csv> on 2024-03-21T01:13:00+00:00
[2024-03-21 01:14:04,323] {standard_task_runner.py:52} INFO - Started process 11535 to run task
[2024-03-21 01:14:04,328] {standard_task_runner.py:76} INFO - Running: ['***', 'tasks', 'run', '***_exam', 'transform_into_fulldata.csv', '2024-03-21T01:13:00+00:00', '--job-id', '8744', '--pool', 'default_pool', '--raw', '--subdir', 'DAGS_FOLDER/DAG.py', '--cfg-path', '/tmp/tmpubp6wlnj', '--error-file', '/tmp/tmp_z219dtz']
[2024-03-21 01:14:04,328] {standard_task_runner.py:77} INFO - Job 8744: Subtask transform_into_fulldata.csv
[2024-03-21 01:14:04,404] {logging_mixin.py:104} INFO - Running <TaskInstance: ***_exam.transform_into_fulldata.csv 2024-03-21T01:13:00+00:00 [running]> on host 3a3d0401ac26
[2024-03-21 01:14:04,504] {taskinstance.py:1302} INFO - Exporting the following env vars:
AIRFLOW_CTX_DAG_OWNER=***
AIRFLOW_CTX_DAG_ID=***_exam
AIRFLOW_CTX_TASK_ID=transform_into_fulldata.csv
AIRFLOW_CTX_EXECUTION_DATE=2024-03-21T01:13:00+00:00
AIRFLOW_CTX_DAG_RUN_ID=scheduled__2024-03-21T01:13:00+00:00
[2024-03-21 01:14:04,626] {logging_mixin.py:104} INFO - 
[2024-03-21 01:14:04,654] {logging_mixin.py:104} INFO -     temperature        city  pression              date
0       285.61       Paris      1021  2024-03-21 01:14
1       283.74      London      1023  2024-03-21 01:14
2       288.06  Washington      1007  2024-03-21 01:14
3       285.61       Paris      1021  2024-03-21 01:13
4       283.74      London      1023  2024-03-21 01:13
5       288.06  Washington      1007  2024-03-21 01:13
6       285.61       Paris      1021  2024-03-21 01:12
7       283.74      London      1023  2024-03-21 01:12
8       288.06  Washington      1007  2024-03-21 01:12
9       285.61       Paris      1021  2024-03-21 01:11
[2024-03-21 01:14:04,675] {python.py:151} INFO - Done. Returned value was: None
[2024-03-21 01:14:04,690] {taskinstance.py:1211} INFO - Marking task as SUCCESS. dag_id=***_exam, task_id=transform_into_fulldata.csv, execution_date=20240321T011300, start_date=20240321T011404, end_date=20240321T011404
[2024-03-21 01:14:04,746] {taskinstance.py:1265} INFO - 3 downstream tasks scheduled from follow-on schedule check
[2024-03-21 01:14:04,781] {local_task_job.py:151} INFO - Task exited with return code 0
