[2024-03-16 02:38:04,702] {taskinstance.py:896} INFO - Dependencies all met for <TaskInstance: airflow_exam.transform_into_fulldata.csv 2024-03-16T02:37:00+00:00 [queued]>
[2024-03-16 02:38:04,726] {taskinstance.py:896} INFO - Dependencies all met for <TaskInstance: airflow_exam.transform_into_fulldata.csv 2024-03-16T02:37:00+00:00 [queued]>
[2024-03-16 02:38:04,727] {taskinstance.py:1087} INFO - 
--------------------------------------------------------------------------------
[2024-03-16 02:38:04,727] {taskinstance.py:1088} INFO - Starting attempt 1 of 1
[2024-03-16 02:38:04,727] {taskinstance.py:1089} INFO - 
--------------------------------------------------------------------------------
[2024-03-16 02:38:04,739] {taskinstance.py:1107} INFO - Executing <Task(PythonOperator): transform_into_fulldata.csv> on 2024-03-16T02:37:00+00:00
[2024-03-16 02:38:04,748] {standard_task_runner.py:52} INFO - Started process 129568 to run task
[2024-03-16 02:38:04,753] {standard_task_runner.py:76} INFO - Running: ['***', 'tasks', 'run', '***_exam', 'transform_into_fulldata.csv', '2024-03-16T02:37:00+00:00', '--job-id', '6177', '--pool', 'default_pool', '--raw', '--subdir', 'DAGS_FOLDER/DAG.py', '--cfg-path', '/tmp/tmpcexf9o1i', '--error-file', '/tmp/tmp7ita26jm']
[2024-03-16 02:38:04,753] {standard_task_runner.py:77} INFO - Job 6177: Subtask transform_into_fulldata.csv
[2024-03-16 02:38:04,821] {logging_mixin.py:104} INFO - Running <TaskInstance: ***_exam.transform_into_fulldata.csv 2024-03-16T02:37:00+00:00 [running]> on host 3a3d0401ac26
[2024-03-16 02:38:04,910] {taskinstance.py:1302} INFO - Exporting the following env vars:
AIRFLOW_CTX_DAG_OWNER=***
AIRFLOW_CTX_DAG_ID=***_exam
AIRFLOW_CTX_TASK_ID=transform_into_fulldata.csv
AIRFLOW_CTX_EXECUTION_DATE=2024-03-16T02:37:00+00:00
AIRFLOW_CTX_DAG_RUN_ID=scheduled__2024-03-16T02:37:00+00:00
[2024-03-16 02:38:05,011] {logging_mixin.py:104} INFO - 
[2024-03-16 02:38:05,045] {logging_mixin.py:104} INFO -     temperature        city  pression              date
0       284.22       Paris      1017  2024-03-16 02:38
1       281.30      London      1015  2024-03-16 02:38
2       280.76  Washington      1023  2024-03-16 02:38
3       284.22       Paris      1017  2024-03-16 02:37
4       281.30      London      1015  2024-03-16 02:37
5       280.76  Washington      1023  2024-03-16 02:37
6       284.22       Paris      1017  2024-03-16 02:36
7       281.30      London      1015  2024-03-16 02:36
8       280.76  Washington      1023  2024-03-16 02:36
9       284.22       Paris      1017  2024-03-16 02:35
[2024-03-16 02:38:05,065] {python.py:151} INFO - Done. Returned value was: None
[2024-03-16 02:38:05,083] {taskinstance.py:1211} INFO - Marking task as SUCCESS. dag_id=***_exam, task_id=transform_into_fulldata.csv, execution_date=20240316T023700, start_date=20240316T023804, end_date=20240316T023805
[2024-03-16 02:38:05,138] {taskinstance.py:1265} INFO - 3 downstream tasks scheduled from follow-on schedule check
[2024-03-16 02:38:05,166] {local_task_job.py:151} INFO - Task exited with return code 0
