[2024-03-21 16:57:05,545] {taskinstance.py:896} INFO - Dependencies all met for <TaskInstance: airflow_exam.transform_into_fulldata.csv 2024-03-21T16:56:00+00:00 [queued]>
[2024-03-21 16:57:05,571] {taskinstance.py:896} INFO - Dependencies all met for <TaskInstance: airflow_exam.transform_into_fulldata.csv 2024-03-21T16:56:00+00:00 [queued]>
[2024-03-21 16:57:05,572] {taskinstance.py:1087} INFO - 
--------------------------------------------------------------------------------
[2024-03-21 16:57:05,572] {taskinstance.py:1088} INFO - Starting attempt 1 of 1
[2024-03-21 16:57:05,572] {taskinstance.py:1089} INFO - 
--------------------------------------------------------------------------------
[2024-03-21 16:57:05,587] {taskinstance.py:1107} INFO - Executing <Task(PythonOperator): transform_into_fulldata.csv> on 2024-03-21T16:56:00+00:00
[2024-03-21 16:57:05,597] {standard_task_runner.py:52} INFO - Started process 16449 to run task
[2024-03-21 16:57:05,603] {standard_task_runner.py:76} INFO - Running: ['***', 'tasks', 'run', '***_exam', 'transform_into_fulldata.csv', '2024-03-21T16:56:00+00:00', '--job-id', '9584', '--pool', 'default_pool', '--raw', '--subdir', 'DAGS_FOLDER/DAG.py', '--cfg-path', '/tmp/tmp39yz5f2j', '--error-file', '/tmp/tmp_ef9jl75']
[2024-03-21 16:57:05,603] {standard_task_runner.py:77} INFO - Job 9584: Subtask transform_into_fulldata.csv
[2024-03-21 16:57:05,667] {logging_mixin.py:104} INFO - Running <TaskInstance: ***_exam.transform_into_fulldata.csv 2024-03-21T16:56:00+00:00 [running]> on host 3a3d0401ac26
[2024-03-21 16:57:05,761] {taskinstance.py:1302} INFO - Exporting the following env vars:
AIRFLOW_CTX_DAG_OWNER=***
AIRFLOW_CTX_DAG_ID=***_exam
AIRFLOW_CTX_TASK_ID=transform_into_fulldata.csv
AIRFLOW_CTX_EXECUTION_DATE=2024-03-21T16:56:00+00:00
AIRFLOW_CTX_DAG_RUN_ID=scheduled__2024-03-21T16:56:00+00:00
[2024-03-21 16:57:05,910] {logging_mixin.py:104} INFO - 
[2024-03-21 16:57:05,946] {logging_mixin.py:104} INFO -     temperature        city  pression              date
0       292.10       Paris      1025  2024-03-21 16:57
1       288.94      London      1022  2024-03-21 16:57
2       282.17  Washington      1015  2024-03-21 16:57
3       292.10       Paris      1025  2024-03-21 16:56
4       288.94      London      1022  2024-03-21 16:56
5       282.17  Washington      1015  2024-03-21 16:56
6       292.10       Paris      1025  2024-03-21 16:55
7       288.94      London      1022  2024-03-21 16:55
8       282.17  Washington      1015  2024-03-21 16:55
9       292.10       Paris      1025  2024-03-21 16:54
[2024-03-21 16:57:05,963] {python.py:151} INFO - Done. Returned value was: None
[2024-03-21 16:57:05,977] {taskinstance.py:1211} INFO - Marking task as SUCCESS. dag_id=***_exam, task_id=transform_into_fulldata.csv, execution_date=20240321T165600, start_date=20240321T165705, end_date=20240321T165705
[2024-03-21 16:57:06,025] {taskinstance.py:1265} INFO - 3 downstream tasks scheduled from follow-on schedule check
[2024-03-21 16:57:06,056] {local_task_job.py:151} INFO - Task exited with return code 0
