[2024-03-21 16:45:07,943] {taskinstance.py:896} INFO - Dependencies all met for <TaskInstance: airflow_exam.transform_into_fulldata.csv 2024-03-21T16:44:00+00:00 [queued]>
[2024-03-21 16:45:07,969] {taskinstance.py:896} INFO - Dependencies all met for <TaskInstance: airflow_exam.transform_into_fulldata.csv 2024-03-21T16:44:00+00:00 [queued]>
[2024-03-21 16:45:07,969] {taskinstance.py:1087} INFO - 
--------------------------------------------------------------------------------
[2024-03-21 16:45:07,969] {taskinstance.py:1088} INFO - Starting attempt 1 of 1
[2024-03-21 16:45:07,969] {taskinstance.py:1089} INFO - 
--------------------------------------------------------------------------------
[2024-03-21 16:45:07,985] {taskinstance.py:1107} INFO - Executing <Task(PythonOperator): transform_into_fulldata.csv> on 2024-03-21T16:44:00+00:00
[2024-03-21 16:45:07,999] {standard_task_runner.py:52} INFO - Started process 13844 to run task
[2024-03-21 16:45:08,004] {standard_task_runner.py:76} INFO - Running: ['***', 'tasks', 'run', '***_exam', 'transform_into_fulldata.csv', '2024-03-21T16:44:00+00:00', '--job-id', '9499', '--pool', 'default_pool', '--raw', '--subdir', 'DAGS_FOLDER/DAG.py', '--cfg-path', '/tmp/tmpahgv8daw', '--error-file', '/tmp/tmprfy3568k']
[2024-03-21 16:45:08,004] {standard_task_runner.py:77} INFO - Job 9499: Subtask transform_into_fulldata.csv
[2024-03-21 16:45:08,067] {logging_mixin.py:104} INFO - Running <TaskInstance: ***_exam.transform_into_fulldata.csv 2024-03-21T16:44:00+00:00 [running]> on host 3a3d0401ac26
[2024-03-21 16:45:08,135] {taskinstance.py:1302} INFO - Exporting the following env vars:
AIRFLOW_CTX_DAG_OWNER=***
AIRFLOW_CTX_DAG_ID=***_exam
AIRFLOW_CTX_TASK_ID=transform_into_fulldata.csv
AIRFLOW_CTX_EXECUTION_DATE=2024-03-21T16:44:00+00:00
AIRFLOW_CTX_DAG_RUN_ID=scheduled__2024-03-21T16:44:00+00:00
[2024-03-21 16:45:08,264] {logging_mixin.py:104} INFO - 
[2024-03-21 16:45:08,292] {logging_mixin.py:104} INFO -     temperature        city  pression              date
0       292.30       Paris      1025  2024-03-21 16:45
1       289.14      London      1022  2024-03-21 16:45
2       281.84  Washington      1015  2024-03-21 16:45
3       292.30       Paris      1025  2024-03-21 16:44
4       289.25      London      1022  2024-03-21 16:44
5       281.84  Washington      1015  2024-03-21 16:44
6       292.30       Paris      1025  2024-03-21 16:43
7       289.25      London      1022  2024-03-21 16:43
8       281.84  Washington      1015  2024-03-21 16:43
9       292.30       Paris      1025  2024-03-21 16:42
[2024-03-21 16:45:08,311] {python.py:151} INFO - Done. Returned value was: None
[2024-03-21 16:45:08,325] {taskinstance.py:1211} INFO - Marking task as SUCCESS. dag_id=***_exam, task_id=transform_into_fulldata.csv, execution_date=20240321T164400, start_date=20240321T164507, end_date=20240321T164508
[2024-03-21 16:45:08,373] {taskinstance.py:1265} INFO - 3 downstream tasks scheduled from follow-on schedule check
[2024-03-21 16:45:08,418] {local_task_job.py:151} INFO - Task exited with return code 0
