[2024-03-21 18:50:04,615] {taskinstance.py:896} INFO - Dependencies all met for <TaskInstance: airflow_exam.transform_into_data.csv 2024-03-21T18:49:00+00:00 [queued]>
[2024-03-21 18:50:04,640] {taskinstance.py:896} INFO - Dependencies all met for <TaskInstance: airflow_exam.transform_into_data.csv 2024-03-21T18:49:00+00:00 [queued]>
[2024-03-21 18:50:04,640] {taskinstance.py:1087} INFO - 
--------------------------------------------------------------------------------
[2024-03-21 18:50:04,640] {taskinstance.py:1088} INFO - Starting attempt 1 of 1
[2024-03-21 18:50:04,641] {taskinstance.py:1089} INFO - 
--------------------------------------------------------------------------------
[2024-03-21 18:50:04,653] {taskinstance.py:1107} INFO - Executing <Task(PythonOperator): transform_into_data.csv> on 2024-03-21T18:49:00+00:00
[2024-03-21 18:50:04,661] {standard_task_runner.py:52} INFO - Started process 40778 to run task
[2024-03-21 18:50:04,665] {standard_task_runner.py:76} INFO - Running: ['***', 'tasks', 'run', '***_exam', 'transform_into_data.csv', '2024-03-21T18:49:00+00:00', '--job-id', '10374', '--pool', 'default_pool', '--raw', '--subdir', 'DAGS_FOLDER/DAG.py', '--cfg-path', '/tmp/tmpiork_9by', '--error-file', '/tmp/tmp9k_ea1cs']
[2024-03-21 18:50:04,665] {standard_task_runner.py:77} INFO - Job 10374: Subtask transform_into_data.csv
[2024-03-21 18:50:04,718] {logging_mixin.py:104} INFO - Running <TaskInstance: ***_exam.transform_into_data.csv 2024-03-21T18:49:00+00:00 [running]> on host 3a3d0401ac26
[2024-03-21 18:50:04,799] {taskinstance.py:1302} INFO - Exporting the following env vars:
AIRFLOW_CTX_DAG_OWNER=***
AIRFLOW_CTX_DAG_ID=***_exam
AIRFLOW_CTX_TASK_ID=transform_into_data.csv
AIRFLOW_CTX_EXECUTION_DATE=2024-03-21T18:49:00+00:00
AIRFLOW_CTX_DAG_RUN_ID=scheduled__2024-03-21T18:49:00+00:00
[2024-03-21 18:50:04,809] {logging_mixin.py:104} INFO - 
[2024-03-21 18:50:04,836] {logging_mixin.py:104} INFO -     temperature        city  pression              date
0       289.17       Paris      1025  2024-03-21 18:50
1       287.61      London      1022  2024-03-21 18:50
2       285.62  Washington      1014  2024-03-21 18:50
3       289.17       Paris      1025  2024-03-21 18:49
4       287.61      London      1022  2024-03-21 18:49
5       285.62  Washington      1014  2024-03-21 18:49
6       289.17       Paris      1025  2024-03-21 18:48
7       287.61      London      1022  2024-03-21 18:48
8       285.62  Washington      1014  2024-03-21 18:48
9       289.17       Paris      1025  2024-03-21 18:47
[2024-03-21 18:50:04,842] {python.py:151} INFO - Done. Returned value was: None
[2024-03-21 18:50:04,861] {taskinstance.py:1211} INFO - Marking task as SUCCESS. dag_id=***_exam, task_id=transform_into_data.csv, execution_date=20240321T184900, start_date=20240321T185004, end_date=20240321T185004
[2024-03-21 18:50:04,897] {taskinstance.py:1265} INFO - 0 downstream tasks scheduled from follow-on schedule check
[2024-03-21 18:50:04,917] {local_task_job.py:151} INFO - Task exited with return code 0
