[2024-03-21 16:35:04,797] {taskinstance.py:896} INFO - Dependencies all met for <TaskInstance: airflow_exam.transform_into_data.csv 2024-03-21T16:34:00+00:00 [queued]>
[2024-03-21 16:35:04,821] {taskinstance.py:896} INFO - Dependencies all met for <TaskInstance: airflow_exam.transform_into_data.csv 2024-03-21T16:34:00+00:00 [queued]>
[2024-03-21 16:35:04,822] {taskinstance.py:1087} INFO - 
--------------------------------------------------------------------------------
[2024-03-21 16:35:04,822] {taskinstance.py:1088} INFO - Starting attempt 1 of 1
[2024-03-21 16:35:04,822] {taskinstance.py:1089} INFO - 
--------------------------------------------------------------------------------
[2024-03-21 16:35:04,835] {taskinstance.py:1107} INFO - Executing <Task(PythonOperator): transform_into_data.csv> on 2024-03-21T16:34:00+00:00
[2024-03-21 16:35:04,845] {standard_task_runner.py:52} INFO - Started process 11679 to run task
[2024-03-21 16:35:04,853] {standard_task_runner.py:76} INFO - Running: ['***', 'tasks', 'run', '***_exam', 'transform_into_data.csv', '2024-03-21T16:34:00+00:00', '--job-id', '9429', '--pool', 'default_pool', '--raw', '--subdir', 'DAGS_FOLDER/DAG.py', '--cfg-path', '/tmp/tmp8xzfqqgp', '--error-file', '/tmp/tmp1vx5azz8']
[2024-03-21 16:35:04,855] {standard_task_runner.py:77} INFO - Job 9429: Subtask transform_into_data.csv
[2024-03-21 16:35:04,920] {logging_mixin.py:104} INFO - Running <TaskInstance: ***_exam.transform_into_data.csv 2024-03-21T16:34:00+00:00 [running]> on host 3a3d0401ac26
[2024-03-21 16:35:05,010] {taskinstance.py:1302} INFO - Exporting the following env vars:
AIRFLOW_CTX_DAG_OWNER=***
AIRFLOW_CTX_DAG_ID=***_exam
AIRFLOW_CTX_TASK_ID=transform_into_data.csv
AIRFLOW_CTX_EXECUTION_DATE=2024-03-21T16:34:00+00:00
AIRFLOW_CTX_DAG_RUN_ID=scheduled__2024-03-21T16:34:00+00:00
[2024-03-21 16:35:05,019] {logging_mixin.py:104} INFO - 
[2024-03-21 16:35:05,043] {logging_mixin.py:104} INFO -     temperature        city  pression              date
0       292.52       Paris      1025  2024-03-21 16:35
1       289.32      London      1023  2024-03-21 16:35
2       281.37  Washington      1015  2024-03-21 16:35
3       292.52       Paris      1025  2024-03-21 16:34
4       289.32      London      1023  2024-03-21 16:34
5       281.37  Washington      1015  2024-03-21 16:34
6       292.88       Paris      1025  2024-03-21 16:33
7       289.32      London      1023  2024-03-21 16:33
8       281.37  Washington      1015  2024-03-21 16:33
9       292.88       Paris      1025  2024-03-21 16:32
[2024-03-21 16:35:05,048] {python.py:151} INFO - Done. Returned value was: None
[2024-03-21 16:35:05,062] {taskinstance.py:1211} INFO - Marking task as SUCCESS. dag_id=***_exam, task_id=transform_into_data.csv, execution_date=20240321T163400, start_date=20240321T163504, end_date=20240321T163505
[2024-03-21 16:35:05,096] {taskinstance.py:1265} INFO - 0 downstream tasks scheduled from follow-on schedule check
[2024-03-21 16:35:05,144] {local_task_job.py:151} INFO - Task exited with return code 0
