[2024-03-15 18:12:04,792] {taskinstance.py:896} INFO - Dependencies all met for <TaskInstance: airflow_exam.transform_into_data.csv 2024-03-15T18:11:00+00:00 [queued]>
[2024-03-15 18:12:04,819] {taskinstance.py:896} INFO - Dependencies all met for <TaskInstance: airflow_exam.transform_into_data.csv 2024-03-15T18:11:00+00:00 [queued]>
[2024-03-15 18:12:04,819] {taskinstance.py:1087} INFO - 
--------------------------------------------------------------------------------
[2024-03-15 18:12:04,819] {taskinstance.py:1088} INFO - Starting attempt 1 of 1
[2024-03-15 18:12:04,820] {taskinstance.py:1089} INFO - 
--------------------------------------------------------------------------------
[2024-03-15 18:12:04,834] {taskinstance.py:1107} INFO - Executing <Task(PythonOperator): transform_into_data.csv> on 2024-03-15T18:11:00+00:00
[2024-03-15 18:12:04,843] {standard_task_runner.py:52} INFO - Started process 42903 to run task
[2024-03-15 18:12:04,847] {standard_task_runner.py:76} INFO - Running: ['***', 'tasks', 'run', '***_exam', 'transform_into_data.csv', '2024-03-15T18:11:00+00:00', '--job-id', '3237', '--pool', 'default_pool', '--raw', '--subdir', 'DAGS_FOLDER/DAG.py', '--cfg-path', '/tmp/tmpnd_3cvv7', '--error-file', '/tmp/tmpjlkan9mm']
[2024-03-15 18:12:04,847] {standard_task_runner.py:77} INFO - Job 3237: Subtask transform_into_data.csv
[2024-03-15 18:12:04,915] {logging_mixin.py:104} INFO - Running <TaskInstance: ***_exam.transform_into_data.csv 2024-03-15T18:11:00+00:00 [running]> on host 3a3d0401ac26
[2024-03-15 18:12:04,991] {taskinstance.py:1302} INFO - Exporting the following env vars:
AIRFLOW_CTX_DAG_OWNER=***
AIRFLOW_CTX_DAG_ID=***_exam
AIRFLOW_CTX_TASK_ID=transform_into_data.csv
AIRFLOW_CTX_EXECUTION_DATE=2024-03-15T18:11:00+00:00
AIRFLOW_CTX_DAG_RUN_ID=scheduled__2024-03-15T18:11:00+00:00
[2024-03-15 18:12:04,997] {logging_mixin.py:104} INFO - 
[2024-03-15 18:12:05,024] {logging_mixin.py:104} INFO -     temperature        city  pression              date
0       286.85       Paris      1011  2024-03-15 18:12
1       285.62      London      1005  2024-03-15 18:12
2       281.12  Washington      1026  2024-03-15 18:12
3       286.85       Paris      1011  2024-03-15 18:11
4       285.62      London      1005  2024-03-15 18:11
5       281.12  Washington      1026  2024-03-15 18:11
6       286.85       Paris      1011  2024-03-15 18:10
7       285.82      London      1005  2024-03-15 18:10
8       282.75  Washington      1026  2024-03-15 18:10
9       286.85       Paris      1011  2024-03-15 18:09
[2024-03-15 18:12:05,028] {python.py:151} INFO - Done. Returned value was: None
[2024-03-15 18:12:05,042] {taskinstance.py:1211} INFO - Marking task as SUCCESS. dag_id=***_exam, task_id=transform_into_data.csv, execution_date=20240315T181100, start_date=20240315T181204, end_date=20240315T181205
[2024-03-15 18:12:05,081] {taskinstance.py:1265} INFO - 0 downstream tasks scheduled from follow-on schedule check
[2024-03-15 18:12:05,100] {local_task_job.py:151} INFO - Task exited with return code 0
