[2024-03-21 01:33:04,987] {taskinstance.py:896} INFO - Dependencies all met for <TaskInstance: airflow_exam.transform_into_data.csv 2024-03-21T01:32:00+00:00 [queued]>
[2024-03-21 01:33:05,005] {taskinstance.py:896} INFO - Dependencies all met for <TaskInstance: airflow_exam.transform_into_data.csv 2024-03-21T01:32:00+00:00 [queued]>
[2024-03-21 01:33:05,005] {taskinstance.py:1087} INFO - 
--------------------------------------------------------------------------------
[2024-03-21 01:33:05,006] {taskinstance.py:1088} INFO - Starting attempt 1 of 1
[2024-03-21 01:33:05,006] {taskinstance.py:1089} INFO - 
--------------------------------------------------------------------------------
[2024-03-21 01:33:05,032] {taskinstance.py:1107} INFO - Executing <Task(PythonOperator): transform_into_data.csv> on 2024-03-21T01:32:00+00:00
[2024-03-21 01:33:05,046] {standard_task_runner.py:52} INFO - Started process 15596 to run task
[2024-03-21 01:33:05,053] {standard_task_runner.py:76} INFO - Running: ['***', 'tasks', 'run', '***_exam', 'transform_into_data.csv', '2024-03-21T01:32:00+00:00', '--job-id', '8877', '--pool', 'default_pool', '--raw', '--subdir', 'DAGS_FOLDER/DAG.py', '--cfg-path', '/tmp/tmpx0dv5gje', '--error-file', '/tmp/tmpcv240lox']
[2024-03-21 01:33:05,054] {standard_task_runner.py:77} INFO - Job 8877: Subtask transform_into_data.csv
[2024-03-21 01:33:05,146] {logging_mixin.py:104} INFO - Running <TaskInstance: ***_exam.transform_into_data.csv 2024-03-21T01:32:00+00:00 [running]> on host 3a3d0401ac26
[2024-03-21 01:33:05,231] {taskinstance.py:1302} INFO - Exporting the following env vars:
AIRFLOW_CTX_DAG_OWNER=***
AIRFLOW_CTX_DAG_ID=***_exam
AIRFLOW_CTX_TASK_ID=transform_into_data.csv
AIRFLOW_CTX_EXECUTION_DATE=2024-03-21T01:32:00+00:00
AIRFLOW_CTX_DAG_RUN_ID=scheduled__2024-03-21T01:32:00+00:00
[2024-03-21 01:33:05,237] {logging_mixin.py:104} INFO - 
[2024-03-21 01:33:05,258] {logging_mixin.py:104} INFO -     temperature        city  pression              date
0       285.44       Paris      1021  2024-03-21 01:33
1       283.39      London      1023  2024-03-21 01:33
2       288.07  Washington      1008  2024-03-21 01:33
3       285.44       Paris      1021  2024-03-21 01:32
4       283.39      London      1023  2024-03-21 01:32
5       288.07  Washington      1008  2024-03-21 01:32
6       285.44       Paris      1021  2024-03-21 01:31
7       283.39      London      1023  2024-03-21 01:31
8       288.07  Washington      1008  2024-03-21 01:31
9       285.66       Paris      1021  2024-03-21 01:30
[2024-03-21 01:33:05,263] {python.py:151} INFO - Done. Returned value was: None
[2024-03-21 01:33:05,275] {taskinstance.py:1211} INFO - Marking task as SUCCESS. dag_id=***_exam, task_id=transform_into_data.csv, execution_date=20240321T013200, start_date=20240321T013304, end_date=20240321T013305
[2024-03-21 01:33:05,313] {taskinstance.py:1265} INFO - 0 downstream tasks scheduled from follow-on schedule check
[2024-03-21 01:33:05,349] {local_task_job.py:151} INFO - Task exited with return code 0
