[2024-03-15 15:30:10,866] {taskinstance.py:896} INFO - Dependencies all met for <TaskInstance: airflow_exam.compute_rf_score 2024-03-15T15:29:00+00:00 [queued]>
[2024-03-15 15:30:10,895] {taskinstance.py:896} INFO - Dependencies all met for <TaskInstance: airflow_exam.compute_rf_score 2024-03-15T15:29:00+00:00 [queued]>
[2024-03-15 15:30:10,896] {taskinstance.py:1087} INFO - 
--------------------------------------------------------------------------------
[2024-03-15 15:30:10,896] {taskinstance.py:1088} INFO - Starting attempt 1 of 1
[2024-03-15 15:30:10,896] {taskinstance.py:1089} INFO - 
--------------------------------------------------------------------------------
[2024-03-15 15:30:10,911] {taskinstance.py:1107} INFO - Executing <Task(PythonOperator): compute_rf_score> on 2024-03-15T15:29:00+00:00
[2024-03-15 15:30:10,921] {standard_task_runner.py:52} INFO - Started process 10758 to run task
[2024-03-15 15:30:10,926] {standard_task_runner.py:76} INFO - Running: ['***', 'tasks', 'run', '***_exam', 'compute_rf_score', '2024-03-15T15:29:00+00:00', '--job-id', '2103', '--pool', 'default_pool', '--raw', '--subdir', 'DAGS_FOLDER/DAG.py', '--cfg-path', '/tmp/tmp5csx8tdd', '--error-file', '/tmp/tmpetcvn0zw']
[2024-03-15 15:30:10,926] {standard_task_runner.py:77} INFO - Job 2103: Subtask compute_rf_score
[2024-03-15 15:30:10,992] {logging_mixin.py:104} INFO - Running <TaskInstance: ***_exam.compute_rf_score 2024-03-15T15:29:00+00:00 [running]> on host 3a3d0401ac26
[2024-03-15 15:30:11,066] {taskinstance.py:1302} INFO - Exporting the following env vars:
AIRFLOW_CTX_DAG_OWNER=***
AIRFLOW_CTX_DAG_ID=***_exam
AIRFLOW_CTX_TASK_ID=compute_rf_score
AIRFLOW_CTX_EXECUTION_DATE=2024-03-15T15:29:00+00:00
AIRFLOW_CTX_DAG_RUN_ID=scheduled__2024-03-15T15:29:00+00:00
[2024-03-15 15:30:12,087] {python.py:151} INFO - Done. Returned value was: None
[2024-03-15 15:30:12,102] {taskinstance.py:1211} INFO - Marking task as SUCCESS. dag_id=***_exam, task_id=compute_rf_score, execution_date=20240315T152900, start_date=20240315T153010, end_date=20240315T153012
[2024-03-15 15:30:12,142] {taskinstance.py:1265} INFO - 1 downstream tasks scheduled from follow-on schedule check
[2024-03-15 15:30:12,184] {local_task_job.py:151} INFO - Task exited with return code 0
