[2024-03-21 16:06:04,583] {taskinstance.py:896} INFO - Dependencies all met for <TaskInstance: airflow_exam.transform_into_data.csv 2024-03-21T16:05:00+00:00 [queued]>
[2024-03-21 16:06:04,605] {taskinstance.py:896} INFO - Dependencies all met for <TaskInstance: airflow_exam.transform_into_data.csv 2024-03-21T16:05:00+00:00 [queued]>
[2024-03-21 16:06:04,606] {taskinstance.py:1087} INFO - 
--------------------------------------------------------------------------------
[2024-03-21 16:06:04,606] {taskinstance.py:1088} INFO - Starting attempt 1 of 1
[2024-03-21 16:06:04,606] {taskinstance.py:1089} INFO - 
--------------------------------------------------------------------------------
[2024-03-21 16:06:04,617] {taskinstance.py:1107} INFO - Executing <Task(PythonOperator): transform_into_data.csv> on 2024-03-21T16:05:00+00:00
[2024-03-21 16:06:04,625] {standard_task_runner.py:52} INFO - Started process 5369 to run task
[2024-03-21 16:06:04,628] {standard_task_runner.py:76} INFO - Running: ['***', 'tasks', 'run', '***_exam', 'transform_into_data.csv', '2024-03-21T16:05:00+00:00', '--job-id', '9227', '--pool', 'default_pool', '--raw', '--subdir', 'DAGS_FOLDER/DAG.py', '--cfg-path', '/tmp/tmpqjp5o3fv', '--error-file', '/tmp/tmpqezudlc2']
[2024-03-21 16:06:04,628] {standard_task_runner.py:77} INFO - Job 9227: Subtask transform_into_data.csv
[2024-03-21 16:06:04,678] {logging_mixin.py:104} INFO - Running <TaskInstance: ***_exam.transform_into_data.csv 2024-03-21T16:05:00+00:00 [running]> on host 3a3d0401ac26
[2024-03-21 16:06:04,749] {taskinstance.py:1302} INFO - Exporting the following env vars:
AIRFLOW_CTX_DAG_OWNER=***
AIRFLOW_CTX_DAG_ID=***_exam
AIRFLOW_CTX_TASK_ID=transform_into_data.csv
AIRFLOW_CTX_EXECUTION_DATE=2024-03-21T16:05:00+00:00
AIRFLOW_CTX_DAG_RUN_ID=scheduled__2024-03-21T16:05:00+00:00
[2024-03-21 16:06:04,755] {logging_mixin.py:104} INFO - 
[2024-03-21 16:06:04,773] {logging_mixin.py:104} INFO -     temperature        city  pression              date
0       292.80       Paris      1025  2024-03-21 16:06
1       289.55      London      1023  2024-03-21 16:06
2       280.52  Washington      1015  2024-03-21 16:06
3       292.80       Paris      1025  2024-03-21 16:05
4       289.55      London      1023  2024-03-21 16:05
5       280.52  Washington      1015  2024-03-21 16:05
6       292.80       Paris      1025  2024-03-21 16:04
7       289.55      London      1023  2024-03-21 16:04
8       280.52  Washington      1015  2024-03-21 16:04
9       292.80       Paris      1025  2024-03-21 16:03
[2024-03-21 16:06:04,777] {python.py:151} INFO - Done. Returned value was: None
[2024-03-21 16:06:04,790] {taskinstance.py:1211} INFO - Marking task as SUCCESS. dag_id=***_exam, task_id=transform_into_data.csv, execution_date=20240321T160500, start_date=20240321T160604, end_date=20240321T160604
[2024-03-21 16:06:04,824] {taskinstance.py:1265} INFO - 0 downstream tasks scheduled from follow-on schedule check
[2024-03-21 16:06:04,841] {local_task_job.py:151} INFO - Task exited with return code 0
