[2024-03-21 16:25:05,229] {taskinstance.py:896} INFO - Dependencies all met for <TaskInstance: airflow_exam.transform_into_data.csv 2024-03-21T16:24:00+00:00 [queued]>
[2024-03-21 16:25:05,255] {taskinstance.py:896} INFO - Dependencies all met for <TaskInstance: airflow_exam.transform_into_data.csv 2024-03-21T16:24:00+00:00 [queued]>
[2024-03-21 16:25:05,255] {taskinstance.py:1087} INFO - 
--------------------------------------------------------------------------------
[2024-03-21 16:25:05,255] {taskinstance.py:1088} INFO - Starting attempt 1 of 1
[2024-03-21 16:25:05,255] {taskinstance.py:1089} INFO - 
--------------------------------------------------------------------------------
[2024-03-21 16:25:05,267] {taskinstance.py:1107} INFO - Executing <Task(PythonOperator): transform_into_data.csv> on 2024-03-21T16:24:00+00:00
[2024-03-21 16:25:05,276] {standard_task_runner.py:52} INFO - Started process 9514 to run task
[2024-03-21 16:25:05,279] {standard_task_runner.py:76} INFO - Running: ['***', 'tasks', 'run', '***_exam', 'transform_into_data.csv', '2024-03-21T16:24:00+00:00', '--job-id', '9359', '--pool', 'default_pool', '--raw', '--subdir', 'DAGS_FOLDER/DAG.py', '--cfg-path', '/tmp/tmprgyur_u_', '--error-file', '/tmp/tmpiqkd5rq5']
[2024-03-21 16:25:05,279] {standard_task_runner.py:77} INFO - Job 9359: Subtask transform_into_data.csv
[2024-03-21 16:25:05,330] {logging_mixin.py:104} INFO - Running <TaskInstance: ***_exam.transform_into_data.csv 2024-03-21T16:24:00+00:00 [running]> on host 3a3d0401ac26
[2024-03-21 16:25:05,393] {taskinstance.py:1302} INFO - Exporting the following env vars:
AIRFLOW_CTX_DAG_OWNER=***
AIRFLOW_CTX_DAG_ID=***_exam
AIRFLOW_CTX_TASK_ID=transform_into_data.csv
AIRFLOW_CTX_EXECUTION_DATE=2024-03-21T16:24:00+00:00
AIRFLOW_CTX_DAG_RUN_ID=scheduled__2024-03-21T16:24:00+00:00
[2024-03-21 16:25:05,398] {logging_mixin.py:104} INFO - 
[2024-03-21 16:25:05,417] {logging_mixin.py:104} INFO -     temperature        city  pression              date
0       292.89       Paris      1025  2024-03-21 16:25
1       289.46      London      1023  2024-03-21 16:25
2       281.04  Washington      1015  2024-03-21 16:25
3       292.89       Paris      1025  2024-03-21 16:24
4       289.46      London      1023  2024-03-21 16:24
5       281.04  Washington      1015  2024-03-21 16:24
6       292.89       Paris      1025  2024-03-21 16:23
7       289.46      London      1023  2024-03-21 16:23
8       281.04  Washington      1015  2024-03-21 16:23
9       292.89       Paris      1025  2024-03-21 16:22
[2024-03-21 16:25:05,420] {python.py:151} INFO - Done. Returned value was: None
[2024-03-21 16:25:05,432] {taskinstance.py:1211} INFO - Marking task as SUCCESS. dag_id=***_exam, task_id=transform_into_data.csv, execution_date=20240321T162400, start_date=20240321T162505, end_date=20240321T162505
[2024-03-21 16:25:05,462] {taskinstance.py:1265} INFO - 0 downstream tasks scheduled from follow-on schedule check
[2024-03-21 16:25:05,492] {local_task_job.py:151} INFO - Task exited with return code 0
