[2024-03-20 21:34:05,313] {taskinstance.py:896} INFO - Dependencies all met for <TaskInstance: airflow_exam.transform_into_data.csv 2024-03-20T21:33:00+00:00 [queued]>
[2024-03-20 21:34:05,332] {taskinstance.py:896} INFO - Dependencies all met for <TaskInstance: airflow_exam.transform_into_data.csv 2024-03-20T21:33:00+00:00 [queued]>
[2024-03-20 21:34:05,332] {taskinstance.py:1087} INFO - 
--------------------------------------------------------------------------------
[2024-03-20 21:34:05,333] {taskinstance.py:1088} INFO - Starting attempt 1 of 1
[2024-03-20 21:34:05,333] {taskinstance.py:1089} INFO - 
--------------------------------------------------------------------------------
[2024-03-20 21:34:05,358] {taskinstance.py:1107} INFO - Executing <Task(PythonOperator): transform_into_data.csv> on 2024-03-20T21:33:00+00:00
[2024-03-20 21:34:05,371] {standard_task_runner.py:52} INFO - Started process 13066 to run task
[2024-03-20 21:34:05,376] {standard_task_runner.py:76} INFO - Running: ['***', 'tasks', 'run', '***_exam', 'transform_into_data.csv', '2024-03-20T21:33:00+00:00', '--job-id', '7262', '--pool', 'default_pool', '--raw', '--subdir', 'DAGS_FOLDER/DAG.py', '--cfg-path', '/tmp/tmpac6aws3j', '--error-file', '/tmp/tmpkyytvzdk']
[2024-03-20 21:34:05,377] {standard_task_runner.py:77} INFO - Job 7262: Subtask transform_into_data.csv
[2024-03-20 21:34:05,467] {logging_mixin.py:104} INFO - Running <TaskInstance: ***_exam.transform_into_data.csv 2024-03-20T21:33:00+00:00 [running]> on host 3a3d0401ac26
[2024-03-20 21:34:05,632] {taskinstance.py:1302} INFO - Exporting the following env vars:
AIRFLOW_CTX_DAG_OWNER=***
AIRFLOW_CTX_DAG_ID=***_exam
AIRFLOW_CTX_TASK_ID=transform_into_data.csv
AIRFLOW_CTX_EXECUTION_DATE=2024-03-20T21:33:00+00:00
AIRFLOW_CTX_DAG_RUN_ID=scheduled__2024-03-20T21:33:00+00:00
[2024-03-20 21:34:05,646] {logging_mixin.py:104} INFO - 
[2024-03-20 21:34:05,684] {logging_mixin.py:104} INFO -     temperature        city  pression              date
0       286.33       Paris      1019  2024-03-20 21:34
1       285.66      London      1020  2024-03-20 21:34
2       291.01  Washington      1008  2024-03-20 21:34
3       286.57       Paris      1019  2024-03-20 21:33
4       285.81      London      1020  2024-03-20 21:33
5       291.01  Washington      1008  2024-03-20 21:33
6       286.57       Paris      1019  2024-03-20 21:32
7       285.81      London      1020  2024-03-20 21:32
8       291.01  Washington      1008  2024-03-20 21:32
9       286.57       Paris      1019  2024-03-20 21:31
[2024-03-20 21:34:05,691] {python.py:151} INFO - Done. Returned value was: None
[2024-03-20 21:34:05,713] {taskinstance.py:1211} INFO - Marking task as SUCCESS. dag_id=***_exam, task_id=transform_into_data.csv, execution_date=20240320T213300, start_date=20240320T213405, end_date=20240320T213405
[2024-03-20 21:34:05,758] {taskinstance.py:1265} INFO - 0 downstream tasks scheduled from follow-on schedule check
[2024-03-20 21:34:05,796] {local_task_job.py:151} INFO - Task exited with return code 0
