[2024-03-15 16:52:04,761] {taskinstance.py:896} INFO - Dependencies all met for <TaskInstance: airflow_exam.transform_into_fulldata.csv 2024-03-15T16:51:00+00:00 [queued]>
[2024-03-15 16:52:04,784] {taskinstance.py:896} INFO - Dependencies all met for <TaskInstance: airflow_exam.transform_into_fulldata.csv 2024-03-15T16:51:00+00:00 [queued]>
[2024-03-15 16:52:04,785] {taskinstance.py:1087} INFO - 
--------------------------------------------------------------------------------
[2024-03-15 16:52:04,785] {taskinstance.py:1088} INFO - Starting attempt 1 of 1
[2024-03-15 16:52:04,785] {taskinstance.py:1089} INFO - 
--------------------------------------------------------------------------------
[2024-03-15 16:52:04,799] {taskinstance.py:1107} INFO - Executing <Task(PythonOperator): transform_into_fulldata.csv> on 2024-03-15T16:51:00+00:00
[2024-03-15 16:52:04,808] {standard_task_runner.py:52} INFO - Started process 26677 to run task
[2024-03-15 16:52:04,812] {standard_task_runner.py:76} INFO - Running: ['***', 'tasks', 'run', '***_exam', 'transform_into_fulldata.csv', '2024-03-15T16:51:00+00:00', '--job-id', '2676', '--pool', 'default_pool', '--raw', '--subdir', 'DAGS_FOLDER/DAG.py', '--cfg-path', '/tmp/tmpt043pmkk', '--error-file', '/tmp/tmpryy5fdgs']
[2024-03-15 16:52:04,813] {standard_task_runner.py:77} INFO - Job 2676: Subtask transform_into_fulldata.csv
[2024-03-15 16:52:04,876] {logging_mixin.py:104} INFO - Running <TaskInstance: ***_exam.transform_into_fulldata.csv 2024-03-15T16:51:00+00:00 [running]> on host 3a3d0401ac26
[2024-03-15 16:52:04,958] {taskinstance.py:1302} INFO - Exporting the following env vars:
AIRFLOW_CTX_DAG_OWNER=***
AIRFLOW_CTX_DAG_ID=***_exam
AIRFLOW_CTX_TASK_ID=transform_into_fulldata.csv
AIRFLOW_CTX_EXECUTION_DATE=2024-03-15T16:51:00+00:00
AIRFLOW_CTX_DAG_RUN_ID=scheduled__2024-03-15T16:51:00+00:00
[2024-03-15 16:52:05,001] {logging_mixin.py:104} INFO - 
[2024-03-15 16:52:05,034] {logging_mixin.py:104} INFO -     temperature        city  pression              date
0       288.19       Paris      1011  2024-03-15 16:52
1       286.70      London      1004  2024-03-15 16:52
2       284.07  Washington      1026  2024-03-15 16:52
3       288.19       Paris      1011  2024-03-15 16:51
4       286.70      London      1004  2024-03-15 16:51
5       284.07  Washington      1026  2024-03-15 16:51
6       288.19       Paris      1011  2024-03-15 16:50
7       286.70      London      1004  2024-03-15 16:50
8       284.07  Washington      1026  2024-03-15 16:50
9       288.19       Paris      1011  2024-03-15 16:49
[2024-03-15 16:52:05,044] {python.py:151} INFO - Done. Returned value was: None
[2024-03-15 16:52:05,061] {taskinstance.py:1211} INFO - Marking task as SUCCESS. dag_id=***_exam, task_id=transform_into_fulldata.csv, execution_date=20240315T165100, start_date=20240315T165204, end_date=20240315T165205
[2024-03-15 16:52:05,106] {taskinstance.py:1265} INFO - 3 downstream tasks scheduled from follow-on schedule check
[2024-03-15 16:52:05,145] {local_task_job.py:151} INFO - Task exited with return code 0
