[2024-03-16 03:35:05,285] {taskinstance.py:896} INFO - Dependencies all met for <TaskInstance: airflow_exam.transform_into_data.csv 2024-03-16T03:34:00+00:00 [queued]>
[2024-03-16 03:35:05,313] {taskinstance.py:896} INFO - Dependencies all met for <TaskInstance: airflow_exam.transform_into_data.csv 2024-03-16T03:34:00+00:00 [queued]>
[2024-03-16 03:35:05,313] {taskinstance.py:1087} INFO - 
--------------------------------------------------------------------------------
[2024-03-16 03:35:05,313] {taskinstance.py:1088} INFO - Starting attempt 1 of 1
[2024-03-16 03:35:05,313] {taskinstance.py:1089} INFO - 
--------------------------------------------------------------------------------
[2024-03-16 03:35:05,331] {taskinstance.py:1107} INFO - Executing <Task(PythonOperator): transform_into_data.csv> on 2024-03-16T03:34:00+00:00
[2024-03-16 03:35:05,342] {standard_task_runner.py:52} INFO - Started process 141732 to run task
[2024-03-16 03:35:05,347] {standard_task_runner.py:76} INFO - Running: ['***', 'tasks', 'run', '***_exam', 'transform_into_data.csv', '2024-03-16T03:34:00+00:00', '--job-id', '6577', '--pool', 'default_pool', '--raw', '--subdir', 'DAGS_FOLDER/DAG.py', '--cfg-path', '/tmp/tmptw7hdrf3', '--error-file', '/tmp/tmpd07p7hux']
[2024-03-16 03:35:05,348] {standard_task_runner.py:77} INFO - Job 6577: Subtask transform_into_data.csv
[2024-03-16 03:35:05,424] {logging_mixin.py:104} INFO - Running <TaskInstance: ***_exam.transform_into_data.csv 2024-03-16T03:34:00+00:00 [running]> on host 3a3d0401ac26
[2024-03-16 03:35:05,525] {taskinstance.py:1302} INFO - Exporting the following env vars:
AIRFLOW_CTX_DAG_OWNER=***
AIRFLOW_CTX_DAG_ID=***_exam
AIRFLOW_CTX_TASK_ID=transform_into_data.csv
AIRFLOW_CTX_EXECUTION_DATE=2024-03-16T03:34:00+00:00
AIRFLOW_CTX_DAG_RUN_ID=scheduled__2024-03-16T03:34:00+00:00
[2024-03-16 03:35:05,537] {logging_mixin.py:104} INFO - 
[2024-03-16 03:35:05,581] {logging_mixin.py:104} INFO -     temperature        city  pression              date
0       284.04       Paris      1017  2024-03-16 03:35
1       281.53      London      1016  2024-03-16 03:35
2       282.42  Washington      1023  2024-03-16 03:35
3       284.04       Paris      1017  2024-03-16 03:34
4       281.53      London      1016  2024-03-16 03:34
5       282.42  Washington      1023  2024-03-16 03:34
6       284.04       Paris      1017  2024-03-16 03:33
7       281.53      London      1016  2024-03-16 03:33
8       282.42  Washington      1023  2024-03-16 03:33
9       284.04       Paris      1017  2024-03-16 03:32
[2024-03-16 03:35:05,588] {python.py:151} INFO - Done. Returned value was: None
[2024-03-16 03:35:05,608] {taskinstance.py:1211} INFO - Marking task as SUCCESS. dag_id=***_exam, task_id=transform_into_data.csv, execution_date=20240316T033400, start_date=20240316T033505, end_date=20240316T033505
[2024-03-16 03:35:05,658] {taskinstance.py:1265} INFO - 0 downstream tasks scheduled from follow-on schedule check
[2024-03-16 03:35:05,679] {local_task_job.py:151} INFO - Task exited with return code 0
