[2024-03-15 21:12:07,813] {taskinstance.py:896} INFO - Dependencies all met for <TaskInstance: airflow_exam.compute_dt_score 2024-03-15T21:11:00+00:00 [queued]>
[2024-03-15 21:12:07,834] {taskinstance.py:896} INFO - Dependencies all met for <TaskInstance: airflow_exam.compute_dt_score 2024-03-15T21:11:00+00:00 [queued]>
[2024-03-15 21:12:07,835] {taskinstance.py:1087} INFO - 
--------------------------------------------------------------------------------
[2024-03-15 21:12:07,835] {taskinstance.py:1088} INFO - Starting attempt 1 of 1
[2024-03-15 21:12:07,835] {taskinstance.py:1089} INFO - 
--------------------------------------------------------------------------------
[2024-03-15 21:12:07,845] {taskinstance.py:1107} INFO - Executing <Task(PythonOperator): compute_dt_score> on 2024-03-15T21:11:00+00:00
[2024-03-15 21:12:07,853] {standard_task_runner.py:52} INFO - Started process 61861 to run task
[2024-03-15 21:12:07,856] {standard_task_runner.py:76} INFO - Running: ['***', 'tasks', 'run', '***_exam', 'compute_dt_score', '2024-03-15T21:11:00+00:00', '--job-id', '3904', '--pool', 'default_pool', '--raw', '--subdir', 'DAGS_FOLDER/DAG.py', '--cfg-path', '/tmp/tmpwdiqk956', '--error-file', '/tmp/tmp6fl28lku']
[2024-03-15 21:12:07,857] {standard_task_runner.py:77} INFO - Job 3904: Subtask compute_dt_score
[2024-03-15 21:12:07,904] {logging_mixin.py:104} INFO - Running <TaskInstance: ***_exam.compute_dt_score 2024-03-15T21:11:00+00:00 [running]> on host 3a3d0401ac26
[2024-03-15 21:12:07,969] {taskinstance.py:1302} INFO - Exporting the following env vars:
AIRFLOW_CTX_DAG_OWNER=***
AIRFLOW_CTX_DAG_ID=***_exam
AIRFLOW_CTX_TASK_ID=compute_dt_score
AIRFLOW_CTX_EXECUTION_DATE=2024-03-15T21:11:00+00:00
AIRFLOW_CTX_DAG_RUN_ID=scheduled__2024-03-15T21:11:00+00:00
[2024-03-15 21:12:08,175] {python.py:151} INFO - Done. Returned value was: None
[2024-03-15 21:12:08,187] {taskinstance.py:1211} INFO - Marking task as SUCCESS. dag_id=***_exam, task_id=compute_dt_score, execution_date=20240315T211100, start_date=20240315T211207, end_date=20240315T211208
[2024-03-15 21:12:08,226] {taskinstance.py:1265} INFO - 0 downstream tasks scheduled from follow-on schedule check
[2024-03-15 21:12:08,269] {local_task_job.py:151} INFO - Task exited with return code 0
