[2023-10-06 19:28:03,749] {taskinstance.py:896} INFO - Dependencies all met for <TaskInstance: airflow_exam.transform_into_fulldata.csv 2023-10-06T19:27:00+00:00 [queued]>
[2023-10-06 19:28:03,761] {taskinstance.py:896} INFO - Dependencies all met for <TaskInstance: airflow_exam.transform_into_fulldata.csv 2023-10-06T19:27:00+00:00 [queued]>
[2023-10-06 19:28:03,762] {taskinstance.py:1087} INFO - 
--------------------------------------------------------------------------------
[2023-10-06 19:28:03,762] {taskinstance.py:1088} INFO - Starting attempt 1 of 1
[2023-10-06 19:28:03,762] {taskinstance.py:1089} INFO - 
--------------------------------------------------------------------------------
[2023-10-06 19:28:03,776] {taskinstance.py:1107} INFO - Executing <Task(PythonOperator): transform_into_fulldata.csv> on 2023-10-06T19:27:00+00:00
[2023-10-06 19:28:03,783] {standard_task_runner.py:52} INFO - Started process 5057 to run task
[2023-10-06 19:28:03,785] {standard_task_runner.py:76} INFO - Running: ['***', 'tasks', 'run', '***_exam', 'transform_into_fulldata.csv', '2023-10-06T19:27:00+00:00', '--job-id', '447', '--pool', 'default_pool', '--raw', '--subdir', 'DAGS_FOLDER/DAG.py', '--cfg-path', '/tmp/tmp4n58fcmk', '--error-file', '/tmp/tmpf_fsqnwn']
[2023-10-06 19:28:03,786] {standard_task_runner.py:77} INFO - Job 447: Subtask transform_into_fulldata.csv
[2023-10-06 19:28:03,825] {logging_mixin.py:104} INFO - Running <TaskInstance: ***_exam.transform_into_fulldata.csv 2023-10-06T19:27:00+00:00 [running]> on host 3a3d0401ac26
[2023-10-06 19:28:03,877] {taskinstance.py:1302} INFO - Exporting the following env vars:
AIRFLOW_CTX_DAG_OWNER=***
AIRFLOW_CTX_DAG_ID=***_exam
AIRFLOW_CTX_TASK_ID=transform_into_fulldata.csv
AIRFLOW_CTX_EXECUTION_DATE=2023-10-06T19:27:00+00:00
AIRFLOW_CTX_DAG_RUN_ID=scheduled__2023-10-06T19:27:00+00:00
[2023-10-06 19:28:03,882] {logging_mixin.py:104} INFO - 
[2023-10-06 19:28:03,896] {logging_mixin.py:104} INFO -     temperature        city  pression              date
0       289.07       Paris      1026  2023-10-06 19:28
1       290.35      London      1023  2023-10-06 19:28
2       292.25  Washington      1025  2023-10-06 19:28
3       289.07       Paris      1026  2023-10-06 19:27
4       290.35      London      1023  2023-10-06 19:27
5       292.25  Washington      1025  2023-10-06 19:27
6       289.07       Paris      1026  2023-10-06 19:26
7       290.46      London      1023  2023-10-06 19:26
8       292.25  Washington      1025  2023-10-06 19:26
9       289.07       Paris      1026  2023-10-06 19:25
[2023-10-06 19:28:03,900] {python.py:151} INFO - Done. Returned value was: None
[2023-10-06 19:28:03,911] {taskinstance.py:1211} INFO - Marking task as SUCCESS. dag_id=***_exam, task_id=transform_into_fulldata.csv, execution_date=20231006T192700, start_date=20231006T192803, end_date=20231006T192803
[2023-10-06 19:28:03,941] {taskinstance.py:1265} INFO - 3 downstream tasks scheduled from follow-on schedule check
[2023-10-06 19:28:03,957] {local_task_job.py:151} INFO - Task exited with return code 0
