[2024-03-15 21:03:04,787] {taskinstance.py:896} INFO - Dependencies all met for <TaskInstance: airflow_exam.transform_into_data.csv 2024-03-15T21:02:00+00:00 [queued]>
[2024-03-15 21:03:04,826] {taskinstance.py:896} INFO - Dependencies all met for <TaskInstance: airflow_exam.transform_into_data.csv 2024-03-15T21:02:00+00:00 [queued]>
[2024-03-15 21:03:04,827] {taskinstance.py:1087} INFO - 
--------------------------------------------------------------------------------
[2024-03-15 21:03:04,827] {taskinstance.py:1088} INFO - Starting attempt 1 of 1
[2024-03-15 21:03:04,827] {taskinstance.py:1089} INFO - 
--------------------------------------------------------------------------------
[2024-03-15 21:03:04,846] {taskinstance.py:1107} INFO - Executing <Task(PythonOperator): transform_into_data.csv> on 2024-03-15T21:02:00+00:00
[2024-03-15 21:03:04,861] {standard_task_runner.py:52} INFO - Started process 59966 to run task
[2024-03-15 21:03:04,867] {standard_task_runner.py:76} INFO - Running: ['***', 'tasks', 'run', '***_exam', 'transform_into_data.csv', '2024-03-15T21:02:00+00:00', '--job-id', '3840', '--pool', 'default_pool', '--raw', '--subdir', 'DAGS_FOLDER/DAG.py', '--cfg-path', '/tmp/tmp0rb69ljh', '--error-file', '/tmp/tmpo9lp1d_r']
[2024-03-15 21:03:04,868] {standard_task_runner.py:77} INFO - Job 3840: Subtask transform_into_data.csv
[2024-03-15 21:03:04,958] {logging_mixin.py:104} INFO - Running <TaskInstance: ***_exam.transform_into_data.csv 2024-03-15T21:02:00+00:00 [running]> on host 3a3d0401ac26
[2024-03-15 21:03:05,080] {taskinstance.py:1302} INFO - Exporting the following env vars:
AIRFLOW_CTX_DAG_OWNER=***
AIRFLOW_CTX_DAG_ID=***_exam
AIRFLOW_CTX_TASK_ID=transform_into_data.csv
AIRFLOW_CTX_EXECUTION_DATE=2024-03-15T21:02:00+00:00
AIRFLOW_CTX_DAG_RUN_ID=scheduled__2024-03-15T21:02:00+00:00
[2024-03-15 21:03:05,090] {logging_mixin.py:104} INFO - 
[2024-03-15 21:03:05,121] {logging_mixin.py:104} INFO -     temperature        city  pression              date
0       285.70       Paris      1013  2024-03-15 21:03
1       284.49      London      1008  2024-03-15 21:03
2       286.97  Washington      1024  2024-03-15 21:03
3       285.70       Paris      1013  2024-03-15 21:02
4       284.49      London      1008  2024-03-15 21:02
5       286.97  Washington      1024  2024-03-15 21:02
6       285.70       Paris      1013  2024-03-15 21:01
7       284.49      London      1008  2024-03-15 21:01
8       286.97  Washington      1024  2024-03-15 21:01
9       285.70       Paris      1013  2024-03-15 21:00
[2024-03-15 21:03:05,127] {python.py:151} INFO - Done. Returned value was: None
[2024-03-15 21:03:05,145] {taskinstance.py:1211} INFO - Marking task as SUCCESS. dag_id=***_exam, task_id=transform_into_data.csv, execution_date=20240315T210200, start_date=20240315T210304, end_date=20240315T210305
[2024-03-15 21:03:05,205] {taskinstance.py:1265} INFO - 0 downstream tasks scheduled from follow-on schedule check
[2024-03-15 21:03:05,250] {local_task_job.py:151} INFO - Task exited with return code 0
