[2024-03-16 01:32:06,627] {taskinstance.py:896} INFO - Dependencies all met for <TaskInstance: airflow_exam.compute_dt_score 2024-03-16T01:31:00+00:00 [queued]>
[2024-03-16 01:32:06,649] {taskinstance.py:896} INFO - Dependencies all met for <TaskInstance: airflow_exam.compute_dt_score 2024-03-16T01:31:00+00:00 [queued]>
[2024-03-16 01:32:06,650] {taskinstance.py:1087} INFO - 
--------------------------------------------------------------------------------
[2024-03-16 01:32:06,650] {taskinstance.py:1088} INFO - Starting attempt 1 of 1
[2024-03-16 01:32:06,650] {taskinstance.py:1089} INFO - 
--------------------------------------------------------------------------------
[2024-03-16 01:32:06,661] {taskinstance.py:1107} INFO - Executing <Task(PythonOperator): compute_dt_score> on 2024-03-16T01:31:00+00:00
[2024-03-16 01:32:06,669] {standard_task_runner.py:52} INFO - Started process 115415 to run task
[2024-03-16 01:32:06,671] {standard_task_runner.py:76} INFO - Running: ['***', 'tasks', 'run', '***_exam', 'compute_dt_score', '2024-03-16T01:31:00+00:00', '--job-id', '5717', '--pool', 'default_pool', '--raw', '--subdir', 'DAGS_FOLDER/DAG.py', '--cfg-path', '/tmp/tmpmno2acfz', '--error-file', '/tmp/tmp4kmrd8g5']
[2024-03-16 01:32:06,672] {standard_task_runner.py:77} INFO - Job 5717: Subtask compute_dt_score
[2024-03-16 01:32:06,724] {logging_mixin.py:104} INFO - Running <TaskInstance: ***_exam.compute_dt_score 2024-03-16T01:31:00+00:00 [running]> on host 3a3d0401ac26
[2024-03-16 01:32:06,799] {taskinstance.py:1302} INFO - Exporting the following env vars:
AIRFLOW_CTX_DAG_OWNER=***
AIRFLOW_CTX_DAG_ID=***_exam
AIRFLOW_CTX_TASK_ID=compute_dt_score
AIRFLOW_CTX_EXECUTION_DATE=2024-03-16T01:31:00+00:00
AIRFLOW_CTX_DAG_RUN_ID=scheduled__2024-03-16T01:31:00+00:00
[2024-03-16 01:32:07,031] {python.py:151} INFO - Done. Returned value was: None
[2024-03-16 01:32:07,047] {taskinstance.py:1211} INFO - Marking task as SUCCESS. dag_id=***_exam, task_id=compute_dt_score, execution_date=20240316T013100, start_date=20240316T013206, end_date=20240316T013207
[2024-03-16 01:32:07,104] {taskinstance.py:1265} INFO - 0 downstream tasks scheduled from follow-on schedule check
[2024-03-16 01:32:07,125] {local_task_job.py:151} INFO - Task exited with return code 0
