[2024-03-20 20:39:04,205] {taskinstance.py:896} INFO - Dependencies all met for <TaskInstance: airflow_exam.transform_into_data.csv 2024-03-20T20:38:00+00:00 [queued]>
[2024-03-20 20:39:04,226] {taskinstance.py:896} INFO - Dependencies all met for <TaskInstance: airflow_exam.transform_into_data.csv 2024-03-20T20:38:00+00:00 [queued]>
[2024-03-20 20:39:04,227] {taskinstance.py:1087} INFO - 
--------------------------------------------------------------------------------
[2024-03-20 20:39:04,227] {taskinstance.py:1088} INFO - Starting attempt 1 of 1
[2024-03-20 20:39:04,227] {taskinstance.py:1089} INFO - 
--------------------------------------------------------------------------------
[2024-03-20 20:39:04,251] {taskinstance.py:1107} INFO - Executing <Task(PythonOperator): transform_into_data.csv> on 2024-03-20T20:38:00+00:00
[2024-03-20 20:39:04,263] {standard_task_runner.py:52} INFO - Started process 1913 to run task
[2024-03-20 20:39:04,267] {standard_task_runner.py:76} INFO - Running: ['***', 'tasks', 'run', '***_exam', 'transform_into_data.csv', '2024-03-20T20:38:00+00:00', '--job-id', '6890', '--pool', 'default_pool', '--raw', '--subdir', 'DAGS_FOLDER/DAG.py', '--cfg-path', '/tmp/tmp2zhxur10', '--error-file', '/tmp/tmpo8208x3g']
[2024-03-20 20:39:04,268] {standard_task_runner.py:77} INFO - Job 6890: Subtask transform_into_data.csv
[2024-03-20 20:39:04,331] {logging_mixin.py:104} INFO - Running <TaskInstance: ***_exam.transform_into_data.csv 2024-03-20T20:38:00+00:00 [running]> on host 3a3d0401ac26
[2024-03-20 20:39:04,411] {taskinstance.py:1302} INFO - Exporting the following env vars:
AIRFLOW_CTX_DAG_OWNER=***
AIRFLOW_CTX_DAG_ID=***_exam
AIRFLOW_CTX_TASK_ID=transform_into_data.csv
AIRFLOW_CTX_EXECUTION_DATE=2024-03-20T20:38:00+00:00
AIRFLOW_CTX_DAG_RUN_ID=scheduled__2024-03-20T20:38:00+00:00
[2024-03-20 20:39:04,419] {logging_mixin.py:104} INFO - 
[2024-03-20 20:39:04,443] {logging_mixin.py:104} INFO -     temperature        city  pression              date
0       287.45       Paris      1018  2024-03-20 20:39
1       286.77      London      1020  2024-03-20 20:39
2       290.18  Washington      1009  2024-03-20 20:39
3       287.45       Paris      1018  2024-03-20 20:38
4       286.77      London      1020  2024-03-20 20:38
5       290.18  Washington      1009  2024-03-20 20:38
6       287.71       Paris      1018  2024-03-20 20:37
7       286.77      London      1020  2024-03-20 20:37
8       290.18  Washington      1009  2024-03-20 20:37
9       287.71       Paris      1018  2024-03-20 20:36
[2024-03-20 20:39:04,447] {python.py:151} INFO - Done. Returned value was: None
[2024-03-20 20:39:04,462] {taskinstance.py:1211} INFO - Marking task as SUCCESS. dag_id=***_exam, task_id=transform_into_data.csv, execution_date=20240320T203800, start_date=20240320T203904, end_date=20240320T203904
[2024-03-20 20:39:04,497] {taskinstance.py:1265} INFO - 0 downstream tasks scheduled from follow-on schedule check
[2024-03-20 20:39:04,520] {local_task_job.py:151} INFO - Task exited with return code 0
