[2023-10-11 17:17:07,055] {taskinstance.py:896} INFO - Dependencies all met for <TaskInstance: airflow_exam.compute_dt_score 2023-10-11T17:16:00+00:00 [queued]>
[2023-10-11 17:17:07,077] {taskinstance.py:896} INFO - Dependencies all met for <TaskInstance: airflow_exam.compute_dt_score 2023-10-11T17:16:00+00:00 [queued]>
[2023-10-11 17:17:07,078] {taskinstance.py:1087} INFO - 
--------------------------------------------------------------------------------
[2023-10-11 17:17:07,078] {taskinstance.py:1088} INFO - Starting attempt 1 of 1
[2023-10-11 17:17:07,078] {taskinstance.py:1089} INFO - 
--------------------------------------------------------------------------------
[2023-10-11 17:17:07,104] {taskinstance.py:1107} INFO - Executing <Task(PythonOperator): compute_dt_score> on 2023-10-11T17:16:00+00:00
[2023-10-11 17:17:07,115] {standard_task_runner.py:52} INFO - Started process 1281 to run task
[2023-10-11 17:17:07,120] {standard_task_runner.py:76} INFO - Running: ['***', 'tasks', 'run', '***_exam', 'compute_dt_score', '2023-10-11T17:16:00+00:00', '--job-id', '1503', '--pool', 'default_pool', '--raw', '--subdir', 'DAGS_FOLDER/DAG.py', '--cfg-path', '/tmp/tmp_ynuv2wl', '--error-file', '/tmp/tmp6jbnrzam']
[2023-10-11 17:17:07,121] {standard_task_runner.py:77} INFO - Job 1503: Subtask compute_dt_score
[2023-10-11 17:17:07,194] {logging_mixin.py:104} INFO - Running <TaskInstance: ***_exam.compute_dt_score 2023-10-11T17:16:00+00:00 [running]> on host 3a3d0401ac26
[2023-10-11 17:17:07,320] {taskinstance.py:1302} INFO - Exporting the following env vars:
AIRFLOW_CTX_DAG_OWNER=***
AIRFLOW_CTX_DAG_ID=***_exam
AIRFLOW_CTX_TASK_ID=compute_dt_score
AIRFLOW_CTX_EXECUTION_DATE=2023-10-11T17:16:00+00:00
AIRFLOW_CTX_DAG_RUN_ID=scheduled__2023-10-11T17:16:00+00:00
[2023-10-11 17:17:07,638] {python.py:151} INFO - Done. Returned value was: None
[2023-10-11 17:17:07,653] {taskinstance.py:1211} INFO - Marking task as SUCCESS. dag_id=***_exam, task_id=compute_dt_score, execution_date=20231011T171600, start_date=20231011T171707, end_date=20231011T171707
[2023-10-11 17:17:07,711] {taskinstance.py:1265} INFO - 0 downstream tasks scheduled from follow-on schedule check
[2023-10-11 17:17:07,748] {local_task_job.py:151} INFO - Task exited with return code 0
