[2024-03-16 02:47:04,559] {taskinstance.py:896} INFO - Dependencies all met for <TaskInstance: airflow_exam.transform_into_fulldata.csv 2024-03-16T02:46:00+00:00 [queued]>
[2024-03-16 02:47:04,591] {taskinstance.py:896} INFO - Dependencies all met for <TaskInstance: airflow_exam.transform_into_fulldata.csv 2024-03-16T02:46:00+00:00 [queued]>
[2024-03-16 02:47:04,591] {taskinstance.py:1087} INFO - 
--------------------------------------------------------------------------------
[2024-03-16 02:47:04,591] {taskinstance.py:1088} INFO - Starting attempt 1 of 1
[2024-03-16 02:47:04,591] {taskinstance.py:1089} INFO - 
--------------------------------------------------------------------------------
[2024-03-16 02:47:04,607] {taskinstance.py:1107} INFO - Executing <Task(PythonOperator): transform_into_fulldata.csv> on 2024-03-16T02:46:00+00:00
[2024-03-16 02:47:04,619] {standard_task_runner.py:52} INFO - Started process 131508 to run task
[2024-03-16 02:47:04,625] {standard_task_runner.py:76} INFO - Running: ['***', 'tasks', 'run', '***_exam', 'transform_into_fulldata.csv', '2024-03-16T02:46:00+00:00', '--job-id', '6241', '--pool', 'default_pool', '--raw', '--subdir', 'DAGS_FOLDER/DAG.py', '--cfg-path', '/tmp/tmp3ygpq1ba', '--error-file', '/tmp/tmpoe6a7ozu']
[2024-03-16 02:47:04,626] {standard_task_runner.py:77} INFO - Job 6241: Subtask transform_into_fulldata.csv
[2024-03-16 02:47:04,714] {logging_mixin.py:104} INFO - Running <TaskInstance: ***_exam.transform_into_fulldata.csv 2024-03-16T02:46:00+00:00 [running]> on host 3a3d0401ac26
[2024-03-16 02:47:04,813] {taskinstance.py:1302} INFO - Exporting the following env vars:
AIRFLOW_CTX_DAG_OWNER=***
AIRFLOW_CTX_DAG_ID=***_exam
AIRFLOW_CTX_TASK_ID=transform_into_fulldata.csv
AIRFLOW_CTX_EXECUTION_DATE=2024-03-16T02:46:00+00:00
AIRFLOW_CTX_DAG_RUN_ID=scheduled__2024-03-16T02:46:00+00:00
[2024-03-16 02:47:04,917] {logging_mixin.py:104} INFO - 
[2024-03-16 02:47:04,944] {logging_mixin.py:104} INFO -     temperature        city  pression              date
0       284.22       Paris      1017  2024-03-16 02:47
1       281.31      London      1015  2024-03-16 02:47
2       282.52  Washington      1023  2024-03-16 02:47
3       284.22       Paris      1017  2024-03-16 02:46
4       281.31      London      1015  2024-03-16 02:46
5       282.52  Washington      1023  2024-03-16 02:46
6       284.22       Paris      1017  2024-03-16 02:45
7       281.32      London      1015  2024-03-16 02:45
8       280.63  Washington      1023  2024-03-16 02:45
9       284.22       Paris      1017  2024-03-16 02:44
[2024-03-16 02:47:04,959] {python.py:151} INFO - Done. Returned value was: None
[2024-03-16 02:47:04,973] {taskinstance.py:1211} INFO - Marking task as SUCCESS. dag_id=***_exam, task_id=transform_into_fulldata.csv, execution_date=20240316T024600, start_date=20240316T024704, end_date=20240316T024704
[2024-03-16 02:47:05,018] {taskinstance.py:1265} INFO - 3 downstream tasks scheduled from follow-on schedule check
[2024-03-16 02:47:05,045] {local_task_job.py:151} INFO - Task exited with return code 0
