[2023-10-11 17:12:08,964] {taskinstance.py:896} INFO - Dependencies all met for <TaskInstance: airflow_exam.compute_dt_score 2023-10-11T17:10:00+00:00 [queued]>
[2023-10-11 17:12:08,993] {taskinstance.py:896} INFO - Dependencies all met for <TaskInstance: airflow_exam.compute_dt_score 2023-10-11T17:10:00+00:00 [queued]>
[2023-10-11 17:12:08,993] {taskinstance.py:1087} INFO - 
--------------------------------------------------------------------------------
[2023-10-11 17:12:08,993] {taskinstance.py:1088} INFO - Starting attempt 1 of 1
[2023-10-11 17:12:08,993] {taskinstance.py:1089} INFO - 
--------------------------------------------------------------------------------
[2023-10-11 17:12:09,032] {taskinstance.py:1107} INFO - Executing <Task(PythonOperator): compute_dt_score> on 2023-10-11T17:10:00+00:00
[2023-10-11 17:12:09,118] {standard_task_runner.py:52} INFO - Started process 321 to run task
[2023-10-11 17:12:09,126] {standard_task_runner.py:76} INFO - Running: ['***', 'tasks', 'run', '***_exam', 'compute_dt_score', '2023-10-11T17:10:00+00:00', '--job-id', '1460', '--pool', 'default_pool', '--raw', '--subdir', 'DAGS_FOLDER/DAG.py', '--cfg-path', '/tmp/tmpewhq7qh9', '--error-file', '/tmp/tmpfetwdgo2']
[2023-10-11 17:12:09,127] {standard_task_runner.py:77} INFO - Job 1460: Subtask compute_dt_score
[2023-10-11 17:12:09,316] {logging_mixin.py:104} INFO - Running <TaskInstance: ***_exam.compute_dt_score 2023-10-11T17:10:00+00:00 [running]> on host 3a3d0401ac26
[2023-10-11 17:12:09,596] {taskinstance.py:1302} INFO - Exporting the following env vars:
AIRFLOW_CTX_DAG_OWNER=***
AIRFLOW_CTX_DAG_ID=***_exam
AIRFLOW_CTX_TASK_ID=compute_dt_score
AIRFLOW_CTX_EXECUTION_DATE=2023-10-11T17:10:00+00:00
AIRFLOW_CTX_DAG_RUN_ID=scheduled__2023-10-11T17:10:00+00:00
[2023-10-11 17:12:09,929] {python.py:151} INFO - Done. Returned value was: None
[2023-10-11 17:12:09,991] {taskinstance.py:1211} INFO - Marking task as SUCCESS. dag_id=***_exam, task_id=compute_dt_score, execution_date=20231011T171000, start_date=20231011T171208, end_date=20231011T171209
[2023-10-11 17:12:10,208] {taskinstance.py:1265} INFO - 0 downstream tasks scheduled from follow-on schedule check
[2023-10-11 17:12:10,269] {local_task_job.py:151} INFO - Task exited with return code 0
