[2023-10-07 15:53:54,168] {taskinstance.py:896} INFO - Dependencies all met for <TaskInstance: airflow_exam.compute_rf_score 2023-10-07T15:27:00+00:00 [queued]>
[2023-10-07 15:53:54,223] {taskinstance.py:896} INFO - Dependencies all met for <TaskInstance: airflow_exam.compute_rf_score 2023-10-07T15:27:00+00:00 [queued]>
[2023-10-07 15:53:54,225] {taskinstance.py:1087} INFO - 
--------------------------------------------------------------------------------
[2023-10-07 15:53:54,226] {taskinstance.py:1088} INFO - Starting attempt 1 of 1
[2023-10-07 15:53:54,227] {taskinstance.py:1089} INFO - 
--------------------------------------------------------------------------------
[2023-10-07 15:53:54,294] {taskinstance.py:1107} INFO - Executing <Task(PythonOperator): compute_rf_score> on 2023-10-07T15:27:00+00:00
[2023-10-07 15:53:54,320] {standard_task_runner.py:52} INFO - Started process 916 to run task
[2023-10-07 15:53:54,343] {standard_task_runner.py:76} INFO - Running: ['***', 'tasks', 'run', '***_exam', 'compute_rf_score', '2023-10-07T15:27:00+00:00', '--job-id', '1202', '--pool', 'default_pool', '--raw', '--subdir', 'DAGS_FOLDER/DAG.py', '--cfg-path', '/tmp/tmpxs7us502', '--error-file', '/tmp/tmpswel8u84']
[2023-10-07 15:53:54,344] {standard_task_runner.py:77} INFO - Job 1202: Subtask compute_rf_score
[2023-10-07 15:53:54,585] {logging_mixin.py:104} INFO - Running <TaskInstance: ***_exam.compute_rf_score 2023-10-07T15:27:00+00:00 [running]> on host 3a3d0401ac26
[2023-10-07 15:53:54,805] {taskinstance.py:1302} INFO - Exporting the following env vars:
AIRFLOW_CTX_DAG_OWNER=***
AIRFLOW_CTX_DAG_ID=***_exam
AIRFLOW_CTX_TASK_ID=compute_rf_score
AIRFLOW_CTX_EXECUTION_DATE=2023-10-07T15:27:00+00:00
AIRFLOW_CTX_DAG_RUN_ID=scheduled__2023-10-07T15:27:00+00:00
[2023-10-07 15:53:56,714] {python.py:151} INFO - Done. Returned value was: None
[2023-10-07 15:53:56,792] {taskinstance.py:1211} INFO - Marking task as SUCCESS. dag_id=***_exam, task_id=compute_rf_score, execution_date=20231007T152700, start_date=20231007T155354, end_date=20231007T155356
[2023-10-07 15:53:57,070] {taskinstance.py:1265} INFO - 0 downstream tasks scheduled from follow-on schedule check
[2023-10-07 15:53:57,137] {local_task_job.py:151} INFO - Task exited with return code 0
