[2024-03-20 20:52:05,209] {taskinstance.py:896} INFO - Dependencies all met for <TaskInstance: airflow_exam.transform_into_fulldata.csv 2024-03-20T20:51:00+00:00 [queued]>
[2024-03-20 20:52:05,226] {taskinstance.py:896} INFO - Dependencies all met for <TaskInstance: airflow_exam.transform_into_fulldata.csv 2024-03-20T20:51:00+00:00 [queued]>
[2024-03-20 20:52:05,226] {taskinstance.py:1087} INFO - 
--------------------------------------------------------------------------------
[2024-03-20 20:52:05,226] {taskinstance.py:1088} INFO - Starting attempt 1 of 1
[2024-03-20 20:52:05,226] {taskinstance.py:1089} INFO - 
--------------------------------------------------------------------------------
[2024-03-20 20:52:05,249] {taskinstance.py:1107} INFO - Executing <Task(PythonOperator): transform_into_fulldata.csv> on 2024-03-20T20:51:00+00:00
[2024-03-20 20:52:05,259] {standard_task_runner.py:52} INFO - Started process 4682 to run task
[2024-03-20 20:52:05,264] {standard_task_runner.py:76} INFO - Running: ['***', 'tasks', 'run', '***_exam', 'transform_into_fulldata.csv', '2024-03-20T20:51:00+00:00', '--job-id', '6982', '--pool', 'default_pool', '--raw', '--subdir', 'DAGS_FOLDER/DAG.py', '--cfg-path', '/tmp/tmpmc8jnf3l', '--error-file', '/tmp/tmpq5hk8_r5']
[2024-03-20 20:52:05,265] {standard_task_runner.py:77} INFO - Job 6982: Subtask transform_into_fulldata.csv
[2024-03-20 20:52:05,324] {logging_mixin.py:104} INFO - Running <TaskInstance: ***_exam.transform_into_fulldata.csv 2024-03-20T20:51:00+00:00 [running]> on host 3a3d0401ac26
[2024-03-20 20:52:05,400] {taskinstance.py:1302} INFO - Exporting the following env vars:
AIRFLOW_CTX_DAG_OWNER=***
AIRFLOW_CTX_DAG_ID=***_exam
AIRFLOW_CTX_TASK_ID=transform_into_fulldata.csv
AIRFLOW_CTX_EXECUTION_DATE=2024-03-20T20:51:00+00:00
AIRFLOW_CTX_DAG_RUN_ID=scheduled__2024-03-20T20:51:00+00:00
[2024-03-20 20:52:05,490] {logging_mixin.py:104} INFO - 
[2024-03-20 20:52:05,520] {logging_mixin.py:104} INFO -     temperature        city  pression              date
0       286.56       Paris      1019  2024-03-20 20:52
1       286.66      London      1020  2024-03-20 20:52
2       290.40  Washington      1008  2024-03-20 20:52
3       286.56       Paris      1019  2024-03-20 20:51
4       286.63      London      1020  2024-03-20 20:51
5       290.46  Washington      1008  2024-03-20 20:51
6       286.56       Paris      1019  2024-03-20 20:50
7       286.63      London      1020  2024-03-20 20:50
8       290.46  Washington      1008  2024-03-20 20:50
9       286.56       Paris      1019  2024-03-20 20:49
[2024-03-20 20:52:05,542] {python.py:151} INFO - Done. Returned value was: None
[2024-03-20 20:52:05,560] {taskinstance.py:1211} INFO - Marking task as SUCCESS. dag_id=***_exam, task_id=transform_into_fulldata.csv, execution_date=20240320T205100, start_date=20240320T205205, end_date=20240320T205205
[2024-03-20 20:52:05,607] {taskinstance.py:1265} INFO - 3 downstream tasks scheduled from follow-on schedule check
[2024-03-20 20:52:05,636] {local_task_job.py:151} INFO - Task exited with return code 0
