[2024-03-21 19:28:04,934] {taskinstance.py:896} INFO - Dependencies all met for <TaskInstance: airflow_exam.transform_into_fulldata.csv 2024-03-21T19:27:00+00:00 [queued]>
[2024-03-21 19:28:04,954] {taskinstance.py:896} INFO - Dependencies all met for <TaskInstance: airflow_exam.transform_into_fulldata.csv 2024-03-21T19:27:00+00:00 [queued]>
[2024-03-21 19:28:04,954] {taskinstance.py:1087} INFO - 
--------------------------------------------------------------------------------
[2024-03-21 19:28:04,955] {taskinstance.py:1088} INFO - Starting attempt 1 of 1
[2024-03-21 19:28:04,955] {taskinstance.py:1089} INFO - 
--------------------------------------------------------------------------------
[2024-03-21 19:28:04,966] {taskinstance.py:1107} INFO - Executing <Task(PythonOperator): transform_into_fulldata.csv> on 2024-03-21T19:27:00+00:00
[2024-03-21 19:28:04,975] {standard_task_runner.py:52} INFO - Started process 48934 to run task
[2024-03-21 19:28:04,979] {standard_task_runner.py:76} INFO - Running: ['***', 'tasks', 'run', '***_exam', 'transform_into_fulldata.csv', '2024-03-21T19:27:00+00:00', '--job-id', '10640', '--pool', 'default_pool', '--raw', '--subdir', 'DAGS_FOLDER/DAG.py', '--cfg-path', '/tmp/tmp7xpu9cgg', '--error-file', '/tmp/tmp8a67s4zg']
[2024-03-21 19:28:04,979] {standard_task_runner.py:77} INFO - Job 10640: Subtask transform_into_fulldata.csv
[2024-03-21 19:28:05,034] {logging_mixin.py:104} INFO - Running <TaskInstance: ***_exam.transform_into_fulldata.csv 2024-03-21T19:27:00+00:00 [running]> on host 3a3d0401ac26
[2024-03-21 19:28:05,099] {taskinstance.py:1302} INFO - Exporting the following env vars:
AIRFLOW_CTX_DAG_OWNER=***
AIRFLOW_CTX_DAG_ID=***_exam
AIRFLOW_CTX_TASK_ID=transform_into_fulldata.csv
AIRFLOW_CTX_EXECUTION_DATE=2024-03-21T19:27:00+00:00
AIRFLOW_CTX_DAG_RUN_ID=scheduled__2024-03-21T19:27:00+00:00
[2024-03-21 19:28:05,193] {logging_mixin.py:104} INFO - 
[2024-03-21 19:28:05,214] {logging_mixin.py:104} INFO -     temperature        city  pression              date
0       288.65       Paris      1025  2024-03-21 19:28
1       286.95      London      1022  2024-03-21 19:28
2       286.59  Washington      1014  2024-03-21 19:28
3       288.84       Paris      1025  2024-03-21 19:27
4       287.00      London      1022  2024-03-21 19:27
5       286.59  Washington      1014  2024-03-21 19:27
6       288.84       Paris      1025  2024-03-21 19:26
7       287.00      London      1022  2024-03-21 19:26
8       286.46  Washington      1014  2024-03-21 19:26
9       288.84       Paris      1025  2024-03-21 19:25
[2024-03-21 19:28:05,231] {python.py:151} INFO - Done. Returned value was: None
[2024-03-21 19:28:05,245] {taskinstance.py:1211} INFO - Marking task as SUCCESS. dag_id=***_exam, task_id=transform_into_fulldata.csv, execution_date=20240321T192700, start_date=20240321T192804, end_date=20240321T192805
[2024-03-21 19:28:05,286] {taskinstance.py:1265} INFO - 3 downstream tasks scheduled from follow-on schedule check
[2024-03-21 19:28:05,312] {local_task_job.py:151} INFO - Task exited with return code 0
