[2024-03-21 18:36:04,434] {taskinstance.py:896} INFO - Dependencies all met for <TaskInstance: airflow_exam.transform_into_data.csv 2024-03-21T18:35:00+00:00 [queued]>
[2024-03-21 18:36:04,460] {taskinstance.py:896} INFO - Dependencies all met for <TaskInstance: airflow_exam.transform_into_data.csv 2024-03-21T18:35:00+00:00 [queued]>
[2024-03-21 18:36:04,460] {taskinstance.py:1087} INFO - 
--------------------------------------------------------------------------------
[2024-03-21 18:36:04,460] {taskinstance.py:1088} INFO - Starting attempt 1 of 1
[2024-03-21 18:36:04,460] {taskinstance.py:1089} INFO - 
--------------------------------------------------------------------------------
[2024-03-21 18:36:04,473] {taskinstance.py:1107} INFO - Executing <Task(PythonOperator): transform_into_data.csv> on 2024-03-21T18:35:00+00:00
[2024-03-21 18:36:04,484] {standard_task_runner.py:52} INFO - Started process 37760 to run task
[2024-03-21 18:36:04,488] {standard_task_runner.py:76} INFO - Running: ['***', 'tasks', 'run', '***_exam', 'transform_into_data.csv', '2024-03-21T18:35:00+00:00', '--job-id', '10277', '--pool', 'default_pool', '--raw', '--subdir', 'DAGS_FOLDER/DAG.py', '--cfg-path', '/tmp/tmp10ptyisp', '--error-file', '/tmp/tmpzmnm42bt']
[2024-03-21 18:36:04,488] {standard_task_runner.py:77} INFO - Job 10277: Subtask transform_into_data.csv
[2024-03-21 18:36:04,549] {logging_mixin.py:104} INFO - Running <TaskInstance: ***_exam.transform_into_data.csv 2024-03-21T18:35:00+00:00 [running]> on host 3a3d0401ac26
[2024-03-21 18:36:04,625] {taskinstance.py:1302} INFO - Exporting the following env vars:
AIRFLOW_CTX_DAG_OWNER=***
AIRFLOW_CTX_DAG_ID=***_exam
AIRFLOW_CTX_TASK_ID=transform_into_data.csv
AIRFLOW_CTX_EXECUTION_DATE=2024-03-21T18:35:00+00:00
AIRFLOW_CTX_DAG_RUN_ID=scheduled__2024-03-21T18:35:00+00:00
[2024-03-21 18:36:04,631] {logging_mixin.py:104} INFO - 
[2024-03-21 18:36:04,653] {logging_mixin.py:104} INFO -     temperature        city  pression              date
0       289.90       Paris      1025  2024-03-21 18:36
1       287.79      London      1022  2024-03-21 18:36
2       285.16  Washington      1014  2024-03-21 18:36
3       289.90       Paris      1025  2024-03-21 18:35
4       287.79      London      1022  2024-03-21 18:35
5       285.16  Washington      1014  2024-03-21 18:35
6       289.90       Paris      1025  2024-03-21 18:34
7       287.79      London      1022  2024-03-21 18:34
8       285.16  Washington      1014  2024-03-21 18:34
9       289.91       Paris      1025  2024-03-21 18:33
[2024-03-21 18:36:04,657] {python.py:151} INFO - Done. Returned value was: None
[2024-03-21 18:36:04,670] {taskinstance.py:1211} INFO - Marking task as SUCCESS. dag_id=***_exam, task_id=transform_into_data.csv, execution_date=20240321T183500, start_date=20240321T183604, end_date=20240321T183604
[2024-03-21 18:36:04,703] {taskinstance.py:1265} INFO - 0 downstream tasks scheduled from follow-on schedule check
[2024-03-21 18:36:04,741] {local_task_job.py:151} INFO - Task exited with return code 0
