[2024-03-15 18:34:04,765] {taskinstance.py:896} INFO - Dependencies all met for <TaskInstance: airflow_exam.transform_into_fulldata.csv 2024-03-15T18:33:00+00:00 [queued]>
[2024-03-15 18:34:04,788] {taskinstance.py:896} INFO - Dependencies all met for <TaskInstance: airflow_exam.transform_into_fulldata.csv 2024-03-15T18:33:00+00:00 [queued]>
[2024-03-15 18:34:04,789] {taskinstance.py:1087} INFO - 
--------------------------------------------------------------------------------
[2024-03-15 18:34:04,789] {taskinstance.py:1088} INFO - Starting attempt 1 of 1
[2024-03-15 18:34:04,789] {taskinstance.py:1089} INFO - 
--------------------------------------------------------------------------------
[2024-03-15 18:34:04,802] {taskinstance.py:1107} INFO - Executing <Task(PythonOperator): transform_into_fulldata.csv> on 2024-03-15T18:33:00+00:00
[2024-03-15 18:34:04,811] {standard_task_runner.py:52} INFO - Started process 47363 to run task
[2024-03-15 18:34:04,815] {standard_task_runner.py:76} INFO - Running: ['***', 'tasks', 'run', '***_exam', 'transform_into_fulldata.csv', '2024-03-15T18:33:00+00:00', '--job-id', '3390', '--pool', 'default_pool', '--raw', '--subdir', 'DAGS_FOLDER/DAG.py', '--cfg-path', '/tmp/tmpjm8skc0b', '--error-file', '/tmp/tmpheehmvaq']
[2024-03-15 18:34:04,816] {standard_task_runner.py:77} INFO - Job 3390: Subtask transform_into_fulldata.csv
[2024-03-15 18:34:04,885] {logging_mixin.py:104} INFO - Running <TaskInstance: ***_exam.transform_into_fulldata.csv 2024-03-15T18:33:00+00:00 [running]> on host 3a3d0401ac26
[2024-03-15 18:34:04,965] {taskinstance.py:1302} INFO - Exporting the following env vars:
AIRFLOW_CTX_DAG_OWNER=***
AIRFLOW_CTX_DAG_ID=***_exam
AIRFLOW_CTX_TASK_ID=transform_into_fulldata.csv
AIRFLOW_CTX_EXECUTION_DATE=2024-03-15T18:33:00+00:00
AIRFLOW_CTX_DAG_RUN_ID=scheduled__2024-03-15T18:33:00+00:00
[2024-03-15 18:34:05,009] {logging_mixin.py:104} INFO - 
[2024-03-15 18:34:05,031] {logging_mixin.py:104} INFO -     temperature        city  pression              date
0       286.75       Paris      1012  2024-03-15 18:34
1       285.49      London      1006  2024-03-15 18:34
2       282.36  Washington      1025  2024-03-15 18:34
3       286.75       Paris      1012  2024-03-15 18:33
4       285.49      London      1006  2024-03-15 18:33
5       281.73  Washington      1026  2024-03-15 18:33
6       286.75       Paris      1012  2024-03-15 18:32
7       285.49      London      1006  2024-03-15 18:32
8       281.73  Washington      1026  2024-03-15 18:32
9       286.75       Paris      1012  2024-03-15 18:31
[2024-03-15 18:34:05,039] {python.py:151} INFO - Done. Returned value was: None
[2024-03-15 18:34:05,052] {taskinstance.py:1211} INFO - Marking task as SUCCESS. dag_id=***_exam, task_id=transform_into_fulldata.csv, execution_date=20240315T183300, start_date=20240315T183404, end_date=20240315T183405
[2024-03-15 18:34:05,092] {taskinstance.py:1265} INFO - 3 downstream tasks scheduled from follow-on schedule check
[2024-03-15 18:34:05,107] {local_task_job.py:151} INFO - Task exited with return code 0
