[2024-03-15 21:09:07,495] {taskinstance.py:896} INFO - Dependencies all met for <TaskInstance: airflow_exam.compute_lr_score 2024-03-15T21:08:00+00:00 [queued]>
[2024-03-15 21:09:07,527] {taskinstance.py:896} INFO - Dependencies all met for <TaskInstance: airflow_exam.compute_lr_score 2024-03-15T21:08:00+00:00 [queued]>
[2024-03-15 21:09:07,528] {taskinstance.py:1087} INFO - 
--------------------------------------------------------------------------------
[2024-03-15 21:09:07,528] {taskinstance.py:1088} INFO - Starting attempt 1 of 1
[2024-03-15 21:09:07,528] {taskinstance.py:1089} INFO - 
--------------------------------------------------------------------------------
[2024-03-15 21:09:07,546] {taskinstance.py:1107} INFO - Executing <Task(PythonOperator): compute_lr_score> on 2024-03-15T21:08:00+00:00
[2024-03-15 21:09:07,558] {standard_task_runner.py:52} INFO - Started process 61247 to run task
[2024-03-15 21:09:07,563] {standard_task_runner.py:76} INFO - Running: ['***', 'tasks', 'run', '***_exam', 'compute_lr_score', '2024-03-15T21:08:00+00:00', '--job-id', '3883', '--pool', 'default_pool', '--raw', '--subdir', 'DAGS_FOLDER/DAG.py', '--cfg-path', '/tmp/tmpjxvpimz0', '--error-file', '/tmp/tmp4bpxbpad']
[2024-03-15 21:09:07,563] {standard_task_runner.py:77} INFO - Job 3883: Subtask compute_lr_score
[2024-03-15 21:09:07,645] {logging_mixin.py:104} INFO - Running <TaskInstance: ***_exam.compute_lr_score 2024-03-15T21:08:00+00:00 [running]> on host 3a3d0401ac26
[2024-03-15 21:09:07,756] {taskinstance.py:1302} INFO - Exporting the following env vars:
AIRFLOW_CTX_DAG_OWNER=***
AIRFLOW_CTX_DAG_ID=***_exam
AIRFLOW_CTX_TASK_ID=compute_lr_score
AIRFLOW_CTX_EXECUTION_DATE=2024-03-15T21:08:00+00:00
AIRFLOW_CTX_DAG_RUN_ID=scheduled__2024-03-15T21:08:00+00:00
[2024-03-15 21:09:08,041] {python.py:151} INFO - Done. Returned value was: None
[2024-03-15 21:09:08,060] {taskinstance.py:1211} INFO - Marking task as SUCCESS. dag_id=***_exam, task_id=compute_lr_score, execution_date=20240315T210800, start_date=20240315T210907, end_date=20240315T210908
[2024-03-15 21:09:08,117] {taskinstance.py:1265} INFO - 0 downstream tasks scheduled from follow-on schedule check
[2024-03-15 21:09:08,139] {local_task_job.py:151} INFO - Task exited with return code 0
