[2024-03-15 16:15:05,645] {taskinstance.py:896} INFO - Dependencies all met for <TaskInstance: airflow_exam.transform_into_fulldata.csv 2024-03-15T16:14:00+00:00 [queued]>
[2024-03-15 16:15:05,675] {taskinstance.py:896} INFO - Dependencies all met for <TaskInstance: airflow_exam.transform_into_fulldata.csv 2024-03-15T16:14:00+00:00 [queued]>
[2024-03-15 16:15:05,676] {taskinstance.py:1087} INFO - 
--------------------------------------------------------------------------------
[2024-03-15 16:15:05,676] {taskinstance.py:1088} INFO - Starting attempt 1 of 1
[2024-03-15 16:15:05,676] {taskinstance.py:1089} INFO - 
--------------------------------------------------------------------------------
[2024-03-15 16:15:05,693] {taskinstance.py:1107} INFO - Executing <Task(PythonOperator): transform_into_fulldata.csv> on 2024-03-15T16:14:00+00:00
[2024-03-15 16:15:05,706] {standard_task_runner.py:52} INFO - Started process 19483 to run task
[2024-03-15 16:15:05,710] {standard_task_runner.py:76} INFO - Running: ['***', 'tasks', 'run', '***_exam', 'transform_into_fulldata.csv', '2024-03-15T16:14:00+00:00', '--job-id', '2416', '--pool', 'default_pool', '--raw', '--subdir', 'DAGS_FOLDER/DAG.py', '--cfg-path', '/tmp/tmphr53w8jl', '--error-file', '/tmp/tmpg8zkjzhm']
[2024-03-15 16:15:05,711] {standard_task_runner.py:77} INFO - Job 2416: Subtask transform_into_fulldata.csv
[2024-03-15 16:15:05,789] {logging_mixin.py:104} INFO - Running <TaskInstance: ***_exam.transform_into_fulldata.csv 2024-03-15T16:14:00+00:00 [running]> on host 3a3d0401ac26
[2024-03-15 16:15:05,885] {taskinstance.py:1302} INFO - Exporting the following env vars:
AIRFLOW_CTX_DAG_OWNER=***
AIRFLOW_CTX_DAG_ID=***_exam
AIRFLOW_CTX_TASK_ID=transform_into_fulldata.csv
AIRFLOW_CTX_EXECUTION_DATE=2024-03-15T16:14:00+00:00
AIRFLOW_CTX_DAG_RUN_ID=scheduled__2024-03-15T16:14:00+00:00
[2024-03-15 16:15:05,932] {logging_mixin.py:104} INFO - 
[2024-03-15 16:15:05,987] {logging_mixin.py:104} INFO -     temperature        city  pression              date
0       289.31       Paris      1011  2024-03-15 16:15
1       286.91      London      1004  2024-03-15 16:15
2       282.95  Washington      1027  2024-03-15 16:15
3       289.31       Paris      1011  2024-03-15 16:14
4       286.91      London      1004  2024-03-15 16:14
5       282.95  Washington      1027  2024-03-15 16:14
6       289.31       Paris      1011  2024-03-15 16:13
7       286.90      London      1004  2024-03-15 16:13
8       282.95  Washington      1027  2024-03-15 16:13
9       289.48       Paris      1011  2024-03-15 16:12
[2024-03-15 16:15:06,006] {python.py:151} INFO - Done. Returned value was: None
[2024-03-15 16:15:06,045] {taskinstance.py:1211} INFO - Marking task as SUCCESS. dag_id=***_exam, task_id=transform_into_fulldata.csv, execution_date=20240315T161400, start_date=20240315T161505, end_date=20240315T161506
[2024-03-15 16:15:06,133] {taskinstance.py:1265} INFO - 3 downstream tasks scheduled from follow-on schedule check
[2024-03-15 16:15:06,165] {local_task_job.py:151} INFO - Task exited with return code 0
