[2024-03-15 17:05:04,624] {taskinstance.py:896} INFO - Dependencies all met for <TaskInstance: airflow_exam.transform_into_fulldata.csv 2024-03-15T17:04:00+00:00 [queued]>
[2024-03-15 17:05:04,651] {taskinstance.py:896} INFO - Dependencies all met for <TaskInstance: airflow_exam.transform_into_fulldata.csv 2024-03-15T17:04:00+00:00 [queued]>
[2024-03-15 17:05:04,651] {taskinstance.py:1087} INFO - 
--------------------------------------------------------------------------------
[2024-03-15 17:05:04,651] {taskinstance.py:1088} INFO - Starting attempt 1 of 1
[2024-03-15 17:05:04,651] {taskinstance.py:1089} INFO - 
--------------------------------------------------------------------------------
[2024-03-15 17:05:04,666] {taskinstance.py:1107} INFO - Executing <Task(PythonOperator): transform_into_fulldata.csv> on 2024-03-15T17:04:00+00:00
[2024-03-15 17:05:04,677] {standard_task_runner.py:52} INFO - Started process 29208 to run task
[2024-03-15 17:05:04,681] {standard_task_runner.py:76} INFO - Running: ['***', 'tasks', 'run', '***_exam', 'transform_into_fulldata.csv', '2024-03-15T17:04:00+00:00', '--job-id', '2768', '--pool', 'default_pool', '--raw', '--subdir', 'DAGS_FOLDER/DAG.py', '--cfg-path', '/tmp/tmpwife_kfq', '--error-file', '/tmp/tmp2ihtsxg2']
[2024-03-15 17:05:04,682] {standard_task_runner.py:77} INFO - Job 2768: Subtask transform_into_fulldata.csv
[2024-03-15 17:05:04,741] {logging_mixin.py:104} INFO - Running <TaskInstance: ***_exam.transform_into_fulldata.csv 2024-03-15T17:04:00+00:00 [running]> on host 3a3d0401ac26
[2024-03-15 17:05:04,814] {taskinstance.py:1302} INFO - Exporting the following env vars:
AIRFLOW_CTX_DAG_OWNER=***
AIRFLOW_CTX_DAG_ID=***_exam
AIRFLOW_CTX_TASK_ID=transform_into_fulldata.csv
AIRFLOW_CTX_EXECUTION_DATE=2024-03-15T17:04:00+00:00
AIRFLOW_CTX_DAG_RUN_ID=scheduled__2024-03-15T17:04:00+00:00
[2024-03-15 17:05:04,851] {logging_mixin.py:104} INFO - 
[2024-03-15 17:05:04,872] {logging_mixin.py:104} INFO -     temperature        city  pression              date
0       287.95       Paris      1011  2024-03-15 17:05
1       286.63      London      1004  2024-03-15 17:05
2       281.09  Washington      1026  2024-03-15 17:05
3       287.95       Paris      1011  2024-03-15 17:04
4       286.63      London      1004  2024-03-15 17:04
5       281.09  Washington      1026  2024-03-15 17:04
6       287.95       Paris      1011  2024-03-15 17:03
7       286.62      London      1004  2024-03-15 17:03
8       281.09  Washington      1026  2024-03-15 17:03
9       287.95       Paris      1011  2024-03-15 17:02
[2024-03-15 17:05:04,879] {python.py:151} INFO - Done. Returned value was: None
[2024-03-15 17:05:04,892] {taskinstance.py:1211} INFO - Marking task as SUCCESS. dag_id=***_exam, task_id=transform_into_fulldata.csv, execution_date=20240315T170400, start_date=20240315T170504, end_date=20240315T170504
[2024-03-15 17:05:04,931] {taskinstance.py:1265} INFO - 3 downstream tasks scheduled from follow-on schedule check
[2024-03-15 17:05:04,974] {local_task_job.py:151} INFO - Task exited with return code 0
