[2024-03-20 23:25:05,762] {taskinstance.py:896} INFO - Dependencies all met for <TaskInstance: airflow_exam.transform_into_data.csv 2024-03-20T23:24:00+00:00 [queued]>
[2024-03-20 23:25:05,781] {taskinstance.py:896} INFO - Dependencies all met for <TaskInstance: airflow_exam.transform_into_data.csv 2024-03-20T23:24:00+00:00 [queued]>
[2024-03-20 23:25:05,782] {taskinstance.py:1087} INFO - 
--------------------------------------------------------------------------------
[2024-03-20 23:25:05,782] {taskinstance.py:1088} INFO - Starting attempt 1 of 1
[2024-03-20 23:25:05,782] {taskinstance.py:1089} INFO - 
--------------------------------------------------------------------------------
[2024-03-20 23:25:05,807] {taskinstance.py:1107} INFO - Executing <Task(PythonOperator): transform_into_data.csv> on 2024-03-20T23:24:00+00:00
[2024-03-20 23:25:05,819] {standard_task_runner.py:52} INFO - Started process 36681 to run task
[2024-03-20 23:25:05,825] {standard_task_runner.py:76} INFO - Running: ['***', 'tasks', 'run', '***_exam', 'transform_into_data.csv', '2024-03-20T23:24:00+00:00', '--job-id', '8039', '--pool', 'default_pool', '--raw', '--subdir', 'DAGS_FOLDER/DAG.py', '--cfg-path', '/tmp/tmpg78j_153', '--error-file', '/tmp/tmpqlre17si']
[2024-03-20 23:25:05,826] {standard_task_runner.py:77} INFO - Job 8039: Subtask transform_into_data.csv
[2024-03-20 23:25:05,894] {logging_mixin.py:104} INFO - Running <TaskInstance: ***_exam.transform_into_data.csv 2024-03-20T23:24:00+00:00 [running]> on host 3a3d0401ac26
[2024-03-20 23:25:05,976] {taskinstance.py:1302} INFO - Exporting the following env vars:
AIRFLOW_CTX_DAG_OWNER=***
AIRFLOW_CTX_DAG_ID=***_exam
AIRFLOW_CTX_TASK_ID=transform_into_data.csv
AIRFLOW_CTX_EXECUTION_DATE=2024-03-20T23:24:00+00:00
AIRFLOW_CTX_DAG_RUN_ID=scheduled__2024-03-20T23:24:00+00:00
[2024-03-20 23:25:05,985] {logging_mixin.py:104} INFO - 
[2024-03-20 23:25:06,006] {logging_mixin.py:104} INFO -     temperature        city  pression              date
0       286.59       Paris      1020  2024-03-20 23:25
1       285.07      London      1022  2024-03-20 23:25
2       290.99  Washington      1007  2024-03-20 23:25
3       286.59       Paris      1020  2024-03-20 23:24
4       285.07      London      1022  2024-03-20 23:24
5       290.99  Washington      1007  2024-03-20 23:24
6       286.59       Paris      1020  2024-03-20 23:23
7       285.07      London      1022  2024-03-20 23:23
8       290.99  Washington      1007  2024-03-20 23:23
9       286.59       Paris      1020  2024-03-20 23:22
[2024-03-20 23:25:06,011] {python.py:151} INFO - Done. Returned value was: None
[2024-03-20 23:25:06,028] {taskinstance.py:1211} INFO - Marking task as SUCCESS. dag_id=***_exam, task_id=transform_into_data.csv, execution_date=20240320T232400, start_date=20240320T232505, end_date=20240320T232506
[2024-03-20 23:25:06,068] {taskinstance.py:1265} INFO - 0 downstream tasks scheduled from follow-on schedule check
[2024-03-20 23:25:06,085] {local_task_job.py:151} INFO - Task exited with return code 0
