[2024-03-20 21:15:12,970] {taskinstance.py:896} INFO - Dependencies all met for <TaskInstance: airflow_exam.compute_dt_score 2024-03-20T21:14:00+00:00 [queued]>
[2024-03-20 21:15:13,010] {taskinstance.py:896} INFO - Dependencies all met for <TaskInstance: airflow_exam.compute_dt_score 2024-03-20T21:14:00+00:00 [queued]>
[2024-03-20 21:15:13,011] {taskinstance.py:1087} INFO - 
--------------------------------------------------------------------------------
[2024-03-20 21:15:13,011] {taskinstance.py:1088} INFO - Starting attempt 1 of 1
[2024-03-20 21:15:13,011] {taskinstance.py:1089} INFO - 
--------------------------------------------------------------------------------
[2024-03-20 21:15:13,096] {taskinstance.py:1107} INFO - Executing <Task(PythonOperator): compute_dt_score> on 2024-03-20T21:14:00+00:00
[2024-03-20 21:15:13,124] {standard_task_runner.py:52} INFO - Started process 9069 to run task
[2024-03-20 21:15:13,134] {standard_task_runner.py:76} INFO - Running: ['***', 'tasks', 'run', '***_exam', 'compute_dt_score', '2024-03-20T21:14:00+00:00', '--job-id', '7131', '--pool', 'default_pool', '--raw', '--subdir', 'DAGS_FOLDER/DAG.py', '--cfg-path', '/tmp/tmpgz8us0ph', '--error-file', '/tmp/tmpe49t47ib']
[2024-03-20 21:15:13,135] {standard_task_runner.py:77} INFO - Job 7131: Subtask compute_dt_score
[2024-03-20 21:15:13,423] {logging_mixin.py:104} INFO - Running <TaskInstance: ***_exam.compute_dt_score 2024-03-20T21:14:00+00:00 [running]> on host 3a3d0401ac26
[2024-03-20 21:15:13,900] {taskinstance.py:1302} INFO - Exporting the following env vars:
AIRFLOW_CTX_DAG_OWNER=***
AIRFLOW_CTX_DAG_ID=***_exam
AIRFLOW_CTX_TASK_ID=compute_dt_score
AIRFLOW_CTX_EXECUTION_DATE=2024-03-20T21:14:00+00:00
AIRFLOW_CTX_DAG_RUN_ID=scheduled__2024-03-20T21:14:00+00:00
[2024-03-20 21:15:15,036] {python.py:151} INFO - Done. Returned value was: None
[2024-03-20 21:15:15,095] {taskinstance.py:1211} INFO - Marking task as SUCCESS. dag_id=***_exam, task_id=compute_dt_score, execution_date=20240320T211400, start_date=20240320T211512, end_date=20240320T211515
[2024-03-20 21:15:15,452] {taskinstance.py:1265} INFO - 0 downstream tasks scheduled from follow-on schedule check
[2024-03-20 21:15:15,505] {local_task_job.py:151} INFO - Task exited with return code 0
