[2024-03-15 19:18:06,447] {taskinstance.py:896} INFO - Dependencies all met for <TaskInstance: airflow_exam.transform_into_fulldata.csv 2024-03-15T19:17:00+00:00 [queued]>
[2024-03-15 19:18:06,478] {taskinstance.py:896} INFO - Dependencies all met for <TaskInstance: airflow_exam.transform_into_fulldata.csv 2024-03-15T19:17:00+00:00 [queued]>
[2024-03-15 19:18:06,478] {taskinstance.py:1087} INFO - 
--------------------------------------------------------------------------------
[2024-03-15 19:18:06,479] {taskinstance.py:1088} INFO - Starting attempt 1 of 1
[2024-03-15 19:18:06,479] {taskinstance.py:1089} INFO - 
--------------------------------------------------------------------------------
[2024-03-15 19:18:06,496] {taskinstance.py:1107} INFO - Executing <Task(PythonOperator): transform_into_fulldata.csv> on 2024-03-15T19:17:00+00:00
[2024-03-15 19:18:06,508] {standard_task_runner.py:52} INFO - Started process 56139 to run task
[2024-03-15 19:18:06,512] {standard_task_runner.py:76} INFO - Running: ['***', 'tasks', 'run', '***_exam', 'transform_into_fulldata.csv', '2024-03-15T19:17:00+00:00', '--job-id', '3700', '--pool', 'default_pool', '--raw', '--subdir', 'DAGS_FOLDER/DAG.py', '--cfg-path', '/tmp/tmpolxk937q', '--error-file', '/tmp/tmpdcqiyiqf']
[2024-03-15 19:18:06,513] {standard_task_runner.py:77} INFO - Job 3700: Subtask transform_into_fulldata.csv
[2024-03-15 19:18:06,581] {logging_mixin.py:104} INFO - Running <TaskInstance: ***_exam.transform_into_fulldata.csv 2024-03-15T19:17:00+00:00 [running]> on host 3a3d0401ac26
[2024-03-15 19:18:06,664] {taskinstance.py:1302} INFO - Exporting the following env vars:
AIRFLOW_CTX_DAG_OWNER=***
AIRFLOW_CTX_DAG_ID=***_exam
AIRFLOW_CTX_TASK_ID=transform_into_fulldata.csv
AIRFLOW_CTX_EXECUTION_DATE=2024-03-15T19:17:00+00:00
AIRFLOW_CTX_DAG_RUN_ID=scheduled__2024-03-15T19:17:00+00:00
[2024-03-15 19:18:06,714] {logging_mixin.py:104} INFO - 
[2024-03-15 19:18:06,741] {logging_mixin.py:104} INFO -     temperature        city  pression              date
0       286.72       Paris      1012  2024-03-15 19:18
1       284.98      London      1008  2024-03-15 19:18
2       283.15  Washington      1025  2024-03-15 19:18
3       286.72       Paris      1012  2024-03-15 19:17
4       284.98      London      1008  2024-03-15 19:17
5       283.15  Washington      1025  2024-03-15 19:17
6       286.72       Paris      1012  2024-03-15 19:16
7       284.98      London      1008  2024-03-15 19:16
8       283.15  Washington      1025  2024-03-15 19:16
9       286.72       Paris      1012  2024-03-15 19:15
[2024-03-15 19:18:06,750] {python.py:151} INFO - Done. Returned value was: None
[2024-03-15 19:18:06,766] {taskinstance.py:1211} INFO - Marking task as SUCCESS. dag_id=***_exam, task_id=transform_into_fulldata.csv, execution_date=20240315T191700, start_date=20240315T191806, end_date=20240315T191806
[2024-03-15 19:18:06,807] {taskinstance.py:1265} INFO - 3 downstream tasks scheduled from follow-on schedule check
[2024-03-15 19:18:06,845] {local_task_job.py:151} INFO - Task exited with return code 0
