[2024-03-21 19:24:05,813] {taskinstance.py:896} INFO - Dependencies all met for <TaskInstance: airflow_exam.compute_dt_score 2024-03-21T19:23:00+00:00 [queued]>
[2024-03-21 19:24:05,842] {taskinstance.py:896} INFO - Dependencies all met for <TaskInstance: airflow_exam.compute_dt_score 2024-03-21T19:23:00+00:00 [queued]>
[2024-03-21 19:24:05,842] {taskinstance.py:1087} INFO - 
--------------------------------------------------------------------------------
[2024-03-21 19:24:05,842] {taskinstance.py:1088} INFO - Starting attempt 1 of 1
[2024-03-21 19:24:05,842] {taskinstance.py:1089} INFO - 
--------------------------------------------------------------------------------
[2024-03-21 19:24:05,856] {taskinstance.py:1107} INFO - Executing <Task(PythonOperator): compute_dt_score> on 2024-03-21T19:23:00+00:00
[2024-03-21 19:24:05,868] {standard_task_runner.py:52} INFO - Started process 48098 to run task
[2024-03-21 19:24:05,874] {standard_task_runner.py:76} INFO - Running: ['***', 'tasks', 'run', '***_exam', 'compute_dt_score', '2024-03-21T19:23:00+00:00', '--job-id', '10614', '--pool', 'default_pool', '--raw', '--subdir', 'DAGS_FOLDER/DAG.py', '--cfg-path', '/tmp/tmph7f8yob1', '--error-file', '/tmp/tmph1g76d2b']
[2024-03-21 19:24:05,875] {standard_task_runner.py:77} INFO - Job 10614: Subtask compute_dt_score
[2024-03-21 19:24:05,951] {logging_mixin.py:104} INFO - Running <TaskInstance: ***_exam.compute_dt_score 2024-03-21T19:23:00+00:00 [running]> on host 3a3d0401ac26
[2024-03-21 19:24:06,043] {taskinstance.py:1302} INFO - Exporting the following env vars:
AIRFLOW_CTX_DAG_OWNER=***
AIRFLOW_CTX_DAG_ID=***_exam
AIRFLOW_CTX_TASK_ID=compute_dt_score
AIRFLOW_CTX_EXECUTION_DATE=2024-03-21T19:23:00+00:00
AIRFLOW_CTX_DAG_RUN_ID=scheduled__2024-03-21T19:23:00+00:00
[2024-03-21 19:24:06,320] {python.py:151} INFO - Done. Returned value was: None
[2024-03-21 19:24:06,339] {taskinstance.py:1211} INFO - Marking task as SUCCESS. dag_id=***_exam, task_id=compute_dt_score, execution_date=20240321T192300, start_date=20240321T192405, end_date=20240321T192406
[2024-03-21 19:24:06,396] {taskinstance.py:1265} INFO - 0 downstream tasks scheduled from follow-on schedule check
[2024-03-21 19:24:06,448] {local_task_job.py:151} INFO - Task exited with return code 0
