[2024-03-15 21:56:05,197] {taskinstance.py:896} INFO - Dependencies all met for <TaskInstance: airflow_exam.transform_into_data.csv 2024-03-15T21:55:00+00:00 [queued]>
[2024-03-15 21:56:05,228] {taskinstance.py:896} INFO - Dependencies all met for <TaskInstance: airflow_exam.transform_into_data.csv 2024-03-15T21:55:00+00:00 [queued]>
[2024-03-15 21:56:05,228] {taskinstance.py:1087} INFO - 
--------------------------------------------------------------------------------
[2024-03-15 21:56:05,228] {taskinstance.py:1088} INFO - Starting attempt 1 of 1
[2024-03-15 21:56:05,228] {taskinstance.py:1089} INFO - 
--------------------------------------------------------------------------------
[2024-03-15 21:56:05,244] {taskinstance.py:1107} INFO - Executing <Task(PythonOperator): transform_into_data.csv> on 2024-03-15T21:55:00+00:00
[2024-03-15 21:56:05,253] {standard_task_runner.py:52} INFO - Started process 70732 to run task
[2024-03-15 21:56:05,258] {standard_task_runner.py:76} INFO - Running: ['***', 'tasks', 'run', '***_exam', 'transform_into_data.csv', '2024-03-15T21:55:00+00:00', '--job-id', '4210', '--pool', 'default_pool', '--raw', '--subdir', 'DAGS_FOLDER/DAG.py', '--cfg-path', '/tmp/tmpvx9v3rx4', '--error-file', '/tmp/tmpmf8_o0fc']
[2024-03-15 21:56:05,259] {standard_task_runner.py:77} INFO - Job 4210: Subtask transform_into_data.csv
[2024-03-15 21:56:05,333] {logging_mixin.py:104} INFO - Running <TaskInstance: ***_exam.transform_into_data.csv 2024-03-15T21:55:00+00:00 [running]> on host 3a3d0401ac26
[2024-03-15 21:56:05,443] {taskinstance.py:1302} INFO - Exporting the following env vars:
AIRFLOW_CTX_DAG_OWNER=***
AIRFLOW_CTX_DAG_ID=***_exam
AIRFLOW_CTX_TASK_ID=transform_into_data.csv
AIRFLOW_CTX_EXECUTION_DATE=2024-03-15T21:55:00+00:00
AIRFLOW_CTX_DAG_RUN_ID=scheduled__2024-03-15T21:55:00+00:00
[2024-03-15 21:56:05,454] {logging_mixin.py:104} INFO - 
[2024-03-15 21:56:05,501] {logging_mixin.py:104} INFO -     temperature        city  pression              date
0       285.48       Paris      1014  2024-03-15 21:56
1       283.50      London      1010  2024-03-15 21:56
2       288.04  Washington      1022  2024-03-15 21:56
3       285.48       Paris      1014  2024-03-15 21:55
4       283.50      London      1010  2024-03-15 21:55
5       288.04  Washington      1022  2024-03-15 21:55
6       285.40       Paris      1014  2024-03-15 21:54
7       283.50      London      1010  2024-03-15 21:54
8       288.04  Washington      1022  2024-03-15 21:54
9       285.40       Paris      1014  2024-03-15 21:53
[2024-03-15 21:56:05,510] {python.py:151} INFO - Done. Returned value was: None
[2024-03-15 21:56:05,533] {taskinstance.py:1211} INFO - Marking task as SUCCESS. dag_id=***_exam, task_id=transform_into_data.csv, execution_date=20240315T215500, start_date=20240315T215605, end_date=20240315T215605
[2024-03-15 21:56:05,592] {taskinstance.py:1265} INFO - 0 downstream tasks scheduled from follow-on schedule check
[2024-03-15 21:56:05,640] {local_task_job.py:151} INFO - Task exited with return code 0
