[2024-03-16 00:22:01,535] {taskinstance.py:896} INFO - Dependencies all met for <TaskInstance: airflow_exam.retrieve_raw_data 2024-03-16T00:21:00+00:00 [queued]>
[2024-03-16 00:22:01,553] {taskinstance.py:896} INFO - Dependencies all met for <TaskInstance: airflow_exam.retrieve_raw_data 2024-03-16T00:21:00+00:00 [queued]>
[2024-03-16 00:22:01,553] {taskinstance.py:1087} INFO - 
--------------------------------------------------------------------------------
[2024-03-16 00:22:01,553] {taskinstance.py:1088} INFO - Starting attempt 1 of 6
[2024-03-16 00:22:01,553] {taskinstance.py:1089} INFO - 
--------------------------------------------------------------------------------
[2024-03-16 00:22:01,563] {taskinstance.py:1107} INFO - Executing <Task(PythonOperator): retrieve_raw_data> on 2024-03-16T00:21:00+00:00
[2024-03-16 00:22:01,570] {standard_task_runner.py:52} INFO - Started process 100374 to run task
[2024-03-16 00:22:01,572] {standard_task_runner.py:76} INFO - Running: ['***', 'tasks', 'run', '***_exam', 'retrieve_raw_data', '2024-03-16T00:21:00+00:00', '--job-id', '5224', '--pool', 'default_pool', '--raw', '--subdir', 'DAGS_FOLDER/DAG.py', '--cfg-path', '/tmp/tmp6a4qiht4', '--error-file', '/tmp/tmpj94a2sty']
[2024-03-16 00:22:01,573] {standard_task_runner.py:77} INFO - Job 5224: Subtask retrieve_raw_data
[2024-03-16 00:22:01,615] {logging_mixin.py:104} INFO - Running <TaskInstance: ***_exam.retrieve_raw_data 2024-03-16T00:21:00+00:00 [running]> on host 3a3d0401ac26
[2024-03-16 00:22:01,672] {taskinstance.py:1302} INFO - Exporting the following env vars:
AIRFLOW_CTX_DAG_OWNER=***
AIRFLOW_CTX_DAG_ID=***_exam
AIRFLOW_CTX_TASK_ID=retrieve_raw_data
AIRFLOW_CTX_EXECUTION_DATE=2024-03-16T00:21:00+00:00
AIRFLOW_CTX_DAG_RUN_ID=scheduled__2024-03-16T00:21:00+00:00
[2024-03-16 00:22:02,186] {python.py:151} INFO - Done. Returned value was: None
[2024-03-16 00:22:02,199] {taskinstance.py:1211} INFO - Marking task as SUCCESS. dag_id=***_exam, task_id=retrieve_raw_data, execution_date=20240316T002100, start_date=20240316T002201, end_date=20240316T002202
[2024-03-16 00:22:02,237] {taskinstance.py:1265} INFO - 2 downstream tasks scheduled from follow-on schedule check
[2024-03-16 00:22:02,270] {local_task_job.py:151} INFO - Task exited with return code 0
