[2023-10-11 17:22:07,035] {taskinstance.py:896} INFO - Dependencies all met for <TaskInstance: airflow_exam.compute_rf_score 2023-10-11T17:21:00+00:00 [queued]>
[2023-10-11 17:22:07,056] {taskinstance.py:896} INFO - Dependencies all met for <TaskInstance: airflow_exam.compute_rf_score 2023-10-11T17:21:00+00:00 [queued]>
[2023-10-11 17:22:07,056] {taskinstance.py:1087} INFO - 
--------------------------------------------------------------------------------
[2023-10-11 17:22:07,056] {taskinstance.py:1088} INFO - Starting attempt 1 of 1
[2023-10-11 17:22:07,057] {taskinstance.py:1089} INFO - 
--------------------------------------------------------------------------------
[2023-10-11 17:22:07,079] {taskinstance.py:1107} INFO - Executing <Task(PythonOperator): compute_rf_score> on 2023-10-11T17:21:00+00:00
[2023-10-11 17:22:07,091] {standard_task_runner.py:52} INFO - Started process 2169 to run task
[2023-10-11 17:22:07,096] {standard_task_runner.py:76} INFO - Running: ['***', 'tasks', 'run', '***_exam', 'compute_rf_score', '2023-10-11T17:21:00+00:00', '--job-id', '1538', '--pool', 'default_pool', '--raw', '--subdir', 'DAGS_FOLDER/DAG.py', '--cfg-path', '/tmp/tmp9ccgqik7', '--error-file', '/tmp/tmp2kxev25m']
[2023-10-11 17:22:07,097] {standard_task_runner.py:77} INFO - Job 1538: Subtask compute_rf_score
[2023-10-11 17:22:07,161] {logging_mixin.py:104} INFO - Running <TaskInstance: ***_exam.compute_rf_score 2023-10-11T17:21:00+00:00 [running]> on host 3a3d0401ac26
[2023-10-11 17:22:07,235] {taskinstance.py:1302} INFO - Exporting the following env vars:
AIRFLOW_CTX_DAG_OWNER=***
AIRFLOW_CTX_DAG_ID=***_exam
AIRFLOW_CTX_TASK_ID=compute_rf_score
AIRFLOW_CTX_EXECUTION_DATE=2023-10-11T17:21:00+00:00
AIRFLOW_CTX_DAG_RUN_ID=scheduled__2023-10-11T17:21:00+00:00
[2023-10-11 17:22:08,035] {python.py:151} INFO - Done. Returned value was: None
[2023-10-11 17:22:08,077] {taskinstance.py:1211} INFO - Marking task as SUCCESS. dag_id=***_exam, task_id=compute_rf_score, execution_date=20231011T172100, start_date=20231011T172207, end_date=20231011T172208
[2023-10-11 17:22:08,112] {taskinstance.py:1265} INFO - 1 downstream tasks scheduled from follow-on schedule check
[2023-10-11 17:22:08,150] {local_task_job.py:151} INFO - Task exited with return code 0
