[2024-03-15 15:59:04,586] {taskinstance.py:896} INFO - Dependencies all met for <TaskInstance: airflow_exam.transform_into_fulldata.csv 2024-03-15T15:58:00+00:00 [queued]>
[2024-03-15 15:59:04,606] {taskinstance.py:896} INFO - Dependencies all met for <TaskInstance: airflow_exam.transform_into_fulldata.csv 2024-03-15T15:58:00+00:00 [queued]>
[2024-03-15 15:59:04,607] {taskinstance.py:1087} INFO - 
--------------------------------------------------------------------------------
[2024-03-15 15:59:04,607] {taskinstance.py:1088} INFO - Starting attempt 1 of 1
[2024-03-15 15:59:04,607] {taskinstance.py:1089} INFO - 
--------------------------------------------------------------------------------
[2024-03-15 15:59:04,618] {taskinstance.py:1107} INFO - Executing <Task(PythonOperator): transform_into_fulldata.csv> on 2024-03-15T15:58:00+00:00
[2024-03-15 15:59:04,627] {standard_task_runner.py:52} INFO - Started process 16391 to run task
[2024-03-15 15:59:04,630] {standard_task_runner.py:76} INFO - Running: ['***', 'tasks', 'run', '***_exam', 'transform_into_fulldata.csv', '2024-03-15T15:58:00+00:00', '--job-id', '2305', '--pool', 'default_pool', '--raw', '--subdir', 'DAGS_FOLDER/DAG.py', '--cfg-path', '/tmp/tmp1x7fem5b', '--error-file', '/tmp/tmpcjut38rg']
[2024-03-15 15:59:04,631] {standard_task_runner.py:77} INFO - Job 2305: Subtask transform_into_fulldata.csv
[2024-03-15 15:59:04,683] {logging_mixin.py:104} INFO - Running <TaskInstance: ***_exam.transform_into_fulldata.csv 2024-03-15T15:58:00+00:00 [running]> on host 3a3d0401ac26
[2024-03-15 15:59:04,752] {taskinstance.py:1302} INFO - Exporting the following env vars:
AIRFLOW_CTX_DAG_OWNER=***
AIRFLOW_CTX_DAG_ID=***_exam
AIRFLOW_CTX_TASK_ID=transform_into_fulldata.csv
AIRFLOW_CTX_EXECUTION_DATE=2024-03-15T15:58:00+00:00
AIRFLOW_CTX_DAG_RUN_ID=scheduled__2024-03-15T15:58:00+00:00
[2024-03-15 15:59:04,776] {logging_mixin.py:104} INFO - 
[2024-03-15 15:59:04,796] {logging_mixin.py:104} INFO -     temperature        city  pression              date
0       289.58       Paris      1011  2024-03-15 15:59
1       286.95      London      1004  2024-03-15 15:59
2       282.95  Washington      1027  2024-03-15 15:59
3       289.58       Paris      1011  2024-03-15 15:58
4       286.95      London      1004  2024-03-15 15:58
5       282.95  Washington      1027  2024-03-15 15:58
6       289.58       Paris      1011  2024-03-15 15:57
7       286.95      London      1004  2024-03-15 15:57
8       282.95  Washington      1027  2024-03-15 15:57
9       289.58       Paris      1011  2024-03-15 15:56
[2024-03-15 15:59:04,803] {python.py:151} INFO - Done. Returned value was: None
[2024-03-15 15:59:04,816] {taskinstance.py:1211} INFO - Marking task as SUCCESS. dag_id=***_exam, task_id=transform_into_fulldata.csv, execution_date=20240315T155800, start_date=20240315T155904, end_date=20240315T155904
[2024-03-15 15:59:04,856] {taskinstance.py:1265} INFO - 3 downstream tasks scheduled from follow-on schedule check
[2024-03-15 15:59:04,883] {local_task_job.py:151} INFO - Task exited with return code 0
