[2023-10-12 17:30:24,423] {taskinstance.py:896} INFO - Dependencies all met for <TaskInstance: airflow_exam.transform_into_fulldata.csv 2023-10-12T17:29:00+00:00 [queued]>
[2023-10-12 17:30:24,443] {taskinstance.py:896} INFO - Dependencies all met for <TaskInstance: airflow_exam.transform_into_fulldata.csv 2023-10-12T17:29:00+00:00 [queued]>
[2023-10-12 17:30:24,444] {taskinstance.py:1087} INFO - 
--------------------------------------------------------------------------------
[2023-10-12 17:30:24,444] {taskinstance.py:1088} INFO - Starting attempt 1 of 1
[2023-10-12 17:30:24,444] {taskinstance.py:1089} INFO - 
--------------------------------------------------------------------------------
[2023-10-12 17:30:24,469] {taskinstance.py:1107} INFO - Executing <Task(PythonOperator): transform_into_fulldata.csv> on 2023-10-12T17:29:00+00:00
[2023-10-12 17:30:24,479] {standard_task_runner.py:52} INFO - Started process 236 to run task
[2023-10-12 17:30:24,483] {standard_task_runner.py:76} INFO - Running: ['***', 'tasks', 'run', '***_exam', 'transform_into_fulldata.csv', '2023-10-12T17:29:00+00:00', '--job-id', '1574', '--pool', 'default_pool', '--raw', '--subdir', 'DAGS_FOLDER/DAG.py', '--cfg-path', '/tmp/tmprh5xi492', '--error-file', '/tmp/tmpsr7vj3h8']
[2023-10-12 17:30:24,484] {standard_task_runner.py:77} INFO - Job 1574: Subtask transform_into_fulldata.csv
[2023-10-12 17:30:24,546] {logging_mixin.py:104} INFO - Running <TaskInstance: ***_exam.transform_into_fulldata.csv 2023-10-12T17:29:00+00:00 [running]> on host 3a3d0401ac26
[2023-10-12 17:30:24,640] {taskinstance.py:1302} INFO - Exporting the following env vars:
AIRFLOW_CTX_DAG_OWNER=***
AIRFLOW_CTX_DAG_ID=***_exam
AIRFLOW_CTX_TASK_ID=transform_into_fulldata.csv
AIRFLOW_CTX_EXECUTION_DATE=2023-10-12T17:29:00+00:00
AIRFLOW_CTX_DAG_RUN_ID=scheduled__2023-10-12T17:29:00+00:00
[2023-10-12 17:30:24,662] {logging_mixin.py:104} INFO - 
[2023-10-12 17:30:24,684] {logging_mixin.py:104} INFO -     temperature        city  pression              date
0       294.86       Paris      1015  2023-10-12 17:30
1       288.48      London      1012  2023-10-12 17:30
2       283.71  Washington      1019  2023-10-12 17:30
3       296.48       Paris      1015  2023-10-11 17:26
4       290.60      London      1012  2023-10-11 17:26
5       282.47  Washington      1004  2023-10-11 17:26
6       296.48       Paris      1015  2023-10-11 17:25
7       290.60      London      1012  2023-10-11 17:25
8       282.47  Washington      1004  2023-10-11 17:25
9       296.48       Paris      1015  2023-10-11 17:24
[2023-10-12 17:30:24,689] {python.py:151} INFO - Done. Returned value was: None
[2023-10-12 17:30:24,703] {taskinstance.py:1211} INFO - Marking task as SUCCESS. dag_id=***_exam, task_id=transform_into_fulldata.csv, execution_date=20231012T172900, start_date=20231012T173024, end_date=20231012T173024
[2023-10-12 17:30:24,749] {taskinstance.py:1265} INFO - 3 downstream tasks scheduled from follow-on schedule check
[2023-10-12 17:30:24,815] {local_task_job.py:151} INFO - Task exited with return code 0
