[2024-03-15 17:10:05,645] {taskinstance.py:896} INFO - Dependencies all met for <TaskInstance: airflow_exam.transform_into_data.csv 2024-03-15T17:09:00+00:00 [queued]>
[2024-03-15 17:10:05,672] {taskinstance.py:896} INFO - Dependencies all met for <TaskInstance: airflow_exam.transform_into_data.csv 2024-03-15T17:09:00+00:00 [queued]>
[2024-03-15 17:10:05,672] {taskinstance.py:1087} INFO - 
--------------------------------------------------------------------------------
[2024-03-15 17:10:05,672] {taskinstance.py:1088} INFO - Starting attempt 1 of 1
[2024-03-15 17:10:05,672] {taskinstance.py:1089} INFO - 
--------------------------------------------------------------------------------
[2024-03-15 17:10:05,687] {taskinstance.py:1107} INFO - Executing <Task(PythonOperator): transform_into_data.csv> on 2024-03-15T17:09:00+00:00
[2024-03-15 17:10:05,698] {standard_task_runner.py:52} INFO - Started process 30192 to run task
[2024-03-15 17:10:05,702] {standard_task_runner.py:76} INFO - Running: ['***', 'tasks', 'run', '***_exam', 'transform_into_data.csv', '2024-03-15T17:09:00+00:00', '--job-id', '2802', '--pool', 'default_pool', '--raw', '--subdir', 'DAGS_FOLDER/DAG.py', '--cfg-path', '/tmp/tmp48riqbnc', '--error-file', '/tmp/tmppcyivolq']
[2024-03-15 17:10:05,702] {standard_task_runner.py:77} INFO - Job 2802: Subtask transform_into_data.csv
[2024-03-15 17:10:05,761] {logging_mixin.py:104} INFO - Running <TaskInstance: ***_exam.transform_into_data.csv 2024-03-15T17:09:00+00:00 [running]> on host 3a3d0401ac26
[2024-03-15 17:10:05,835] {taskinstance.py:1302} INFO - Exporting the following env vars:
AIRFLOW_CTX_DAG_OWNER=***
AIRFLOW_CTX_DAG_ID=***_exam
AIRFLOW_CTX_TASK_ID=transform_into_data.csv
AIRFLOW_CTX_EXECUTION_DATE=2024-03-15T17:09:00+00:00
AIRFLOW_CTX_DAG_RUN_ID=scheduled__2024-03-15T17:09:00+00:00
[2024-03-15 17:10:05,842] {logging_mixin.py:104} INFO - 
[2024-03-15 17:10:05,871] {logging_mixin.py:104} INFO -     temperature        city  pression              date
0       287.93       Paris      1011  2024-03-15 17:10
1       286.55      London      1005  2024-03-15 17:10
2       281.24  Washington      1026  2024-03-15 17:10
3       287.93       Paris      1011  2024-03-15 17:09
4       286.55      London      1005  2024-03-15 17:09
5       284.07  Washington      1026  2024-03-15 17:09
6       287.93       Paris      1011  2024-03-15 17:08
7       286.55      London      1005  2024-03-15 17:08
8       284.07  Washington      1026  2024-03-15 17:08
9       287.95       Paris      1011  2024-03-15 17:07
[2024-03-15 17:10:05,879] {python.py:151} INFO - Done. Returned value was: None
[2024-03-15 17:10:05,895] {taskinstance.py:1211} INFO - Marking task as SUCCESS. dag_id=***_exam, task_id=transform_into_data.csv, execution_date=20240315T170900, start_date=20240315T171005, end_date=20240315T171005
[2024-03-15 17:10:05,935] {taskinstance.py:1265} INFO - 0 downstream tasks scheduled from follow-on schedule check
[2024-03-15 17:10:05,954] {local_task_job.py:151} INFO - Task exited with return code 0
