[2024-03-21 00:40:04,502] {taskinstance.py:896} INFO - Dependencies all met for <TaskInstance: airflow_exam.transform_into_data.csv 2024-03-21T00:39:00+00:00 [queued]>
[2024-03-21 00:40:04,518] {taskinstance.py:896} INFO - Dependencies all met for <TaskInstance: airflow_exam.transform_into_data.csv 2024-03-21T00:39:00+00:00 [queued]>
[2024-03-21 00:40:04,519] {taskinstance.py:1087} INFO - 
--------------------------------------------------------------------------------
[2024-03-21 00:40:04,519] {taskinstance.py:1088} INFO - Starting attempt 1 of 1
[2024-03-21 00:40:04,519] {taskinstance.py:1089} INFO - 
--------------------------------------------------------------------------------
[2024-03-21 00:40:04,541] {taskinstance.py:1107} INFO - Executing <Task(PythonOperator): transform_into_data.csv> on 2024-03-21T00:39:00+00:00
[2024-03-21 00:40:04,556] {standard_task_runner.py:52} INFO - Started process 4275 to run task
[2024-03-21 00:40:04,562] {standard_task_runner.py:76} INFO - Running: ['***', 'tasks', 'run', '***_exam', 'transform_into_data.csv', '2024-03-21T00:39:00+00:00', '--job-id', '8507', '--pool', 'default_pool', '--raw', '--subdir', 'DAGS_FOLDER/DAG.py', '--cfg-path', '/tmp/tmpqyyrtn68', '--error-file', '/tmp/tmp578bnfy9']
[2024-03-21 00:40:04,562] {standard_task_runner.py:77} INFO - Job 8507: Subtask transform_into_data.csv
[2024-03-21 00:40:04,636] {logging_mixin.py:104} INFO - Running <TaskInstance: ***_exam.transform_into_data.csv 2024-03-21T00:39:00+00:00 [running]> on host 3a3d0401ac26
[2024-03-21 00:40:04,728] {taskinstance.py:1302} INFO - Exporting the following env vars:
AIRFLOW_CTX_DAG_OWNER=***
AIRFLOW_CTX_DAG_ID=***_exam
AIRFLOW_CTX_TASK_ID=transform_into_data.csv
AIRFLOW_CTX_EXECUTION_DATE=2024-03-21T00:39:00+00:00
AIRFLOW_CTX_DAG_RUN_ID=scheduled__2024-03-21T00:39:00+00:00
[2024-03-21 00:40:04,735] {logging_mixin.py:104} INFO - 
[2024-03-21 00:40:04,766] {logging_mixin.py:104} INFO -     temperature        city  pression              date
0       285.68       Paris      1021  2024-03-21 00:40
1       284.08      London      1022  2024-03-21 00:40
2       290.02  Washington      1007  2024-03-21 00:40
3       285.68       Paris      1021  2024-03-21 00:39
4       284.08      London      1022  2024-03-21 00:39
5       290.02  Washington      1007  2024-03-21 00:39
6       285.74       Paris      1021  2024-03-21 00:38
7       284.08      London      1022  2024-03-21 00:38
8       290.02  Washington      1007  2024-03-21 00:38
9       285.74       Paris      1021  2024-03-21 00:37
[2024-03-21 00:40:04,772] {python.py:151} INFO - Done. Returned value was: None
[2024-03-21 00:40:04,789] {taskinstance.py:1211} INFO - Marking task as SUCCESS. dag_id=***_exam, task_id=transform_into_data.csv, execution_date=20240321T003900, start_date=20240321T004004, end_date=20240321T004004
[2024-03-21 00:40:04,835] {taskinstance.py:1265} INFO - 0 downstream tasks scheduled from follow-on schedule check
[2024-03-21 00:40:04,894] {local_task_job.py:151} INFO - Task exited with return code 0
