[2024-03-21 19:52:04,431] {taskinstance.py:896} INFO - Dependencies all met for <TaskInstance: airflow_exam.transform_into_data.csv 2024-03-21T19:51:00+00:00 [queued]>
[2024-03-21 19:52:04,459] {taskinstance.py:896} INFO - Dependencies all met for <TaskInstance: airflow_exam.transform_into_data.csv 2024-03-21T19:51:00+00:00 [queued]>
[2024-03-21 19:52:04,459] {taskinstance.py:1087} INFO - 
--------------------------------------------------------------------------------
[2024-03-21 19:52:04,459] {taskinstance.py:1088} INFO - Starting attempt 1 of 1
[2024-03-21 19:52:04,459] {taskinstance.py:1089} INFO - 
--------------------------------------------------------------------------------
[2024-03-21 19:52:04,472] {taskinstance.py:1107} INFO - Executing <Task(PythonOperator): transform_into_data.csv> on 2024-03-21T19:51:00+00:00
[2024-03-21 19:52:04,481] {standard_task_runner.py:52} INFO - Started process 54189 to run task
[2024-03-21 19:52:04,484] {standard_task_runner.py:76} INFO - Running: ['***', 'tasks', 'run', '***_exam', 'transform_into_data.csv', '2024-03-21T19:51:00+00:00', '--job-id', '10808', '--pool', 'default_pool', '--raw', '--subdir', 'DAGS_FOLDER/DAG.py', '--cfg-path', '/tmp/tmpqa0njn1w', '--error-file', '/tmp/tmp_jdbpane']
[2024-03-21 19:52:04,484] {standard_task_runner.py:77} INFO - Job 10808: Subtask transform_into_data.csv
[2024-03-21 19:52:04,534] {logging_mixin.py:104} INFO - Running <TaskInstance: ***_exam.transform_into_data.csv 2024-03-21T19:51:00+00:00 [running]> on host 3a3d0401ac26
[2024-03-21 19:52:04,597] {taskinstance.py:1302} INFO - Exporting the following env vars:
AIRFLOW_CTX_DAG_OWNER=***
AIRFLOW_CTX_DAG_ID=***_exam
AIRFLOW_CTX_TASK_ID=transform_into_data.csv
AIRFLOW_CTX_EXECUTION_DATE=2024-03-21T19:51:00+00:00
AIRFLOW_CTX_DAG_RUN_ID=scheduled__2024-03-21T19:51:00+00:00
[2024-03-21 19:52:04,605] {logging_mixin.py:104} INFO - 
[2024-03-21 19:52:04,624] {logging_mixin.py:104} INFO -     temperature        city  pression              date
0       288.38       Paris      1025  2024-03-21 19:52
1       286.59      London      1022  2024-03-21 19:52
2       287.00  Washington      1014  2024-03-21 19:52
3       288.38       Paris      1025  2024-03-21 19:51
4       286.59      London      1022  2024-03-21 19:51
5       287.00  Washington      1014  2024-03-21 19:51
6       288.38       Paris      1025  2024-03-21 19:50
7       286.59      London      1022  2024-03-21 19:50
8       287.00  Washington      1014  2024-03-21 19:50
9       288.38       Paris      1025  2024-03-21 19:49
[2024-03-21 19:52:04,629] {python.py:151} INFO - Done. Returned value was: None
[2024-03-21 19:52:04,642] {taskinstance.py:1211} INFO - Marking task as SUCCESS. dag_id=***_exam, task_id=transform_into_data.csv, execution_date=20240321T195100, start_date=20240321T195204, end_date=20240321T195204
[2024-03-21 19:52:04,676] {taskinstance.py:1265} INFO - 0 downstream tasks scheduled from follow-on schedule check
[2024-03-21 19:52:04,697] {local_task_job.py:151} INFO - Task exited with return code 0
