[2024-03-21 16:25:05,264] {taskinstance.py:896} INFO - Dependencies all met for <TaskInstance: airflow_exam.transform_into_fulldata.csv 2024-03-21T16:24:00+00:00 [queued]>
[2024-03-21 16:25:05,287] {taskinstance.py:896} INFO - Dependencies all met for <TaskInstance: airflow_exam.transform_into_fulldata.csv 2024-03-21T16:24:00+00:00 [queued]>
[2024-03-21 16:25:05,287] {taskinstance.py:1087} INFO - 
--------------------------------------------------------------------------------
[2024-03-21 16:25:05,287] {taskinstance.py:1088} INFO - Starting attempt 1 of 1
[2024-03-21 16:25:05,287] {taskinstance.py:1089} INFO - 
--------------------------------------------------------------------------------
[2024-03-21 16:25:05,299] {taskinstance.py:1107} INFO - Executing <Task(PythonOperator): transform_into_fulldata.csv> on 2024-03-21T16:24:00+00:00
[2024-03-21 16:25:05,308] {standard_task_runner.py:52} INFO - Started process 9515 to run task
[2024-03-21 16:25:05,311] {standard_task_runner.py:76} INFO - Running: ['***', 'tasks', 'run', '***_exam', 'transform_into_fulldata.csv', '2024-03-21T16:24:00+00:00', '--job-id', '9360', '--pool', 'default_pool', '--raw', '--subdir', 'DAGS_FOLDER/DAG.py', '--cfg-path', '/tmp/tmp0pno4e4d', '--error-file', '/tmp/tmp_v7hmu82']
[2024-03-21 16:25:05,311] {standard_task_runner.py:77} INFO - Job 9360: Subtask transform_into_fulldata.csv
[2024-03-21 16:25:05,360] {logging_mixin.py:104} INFO - Running <TaskInstance: ***_exam.transform_into_fulldata.csv 2024-03-21T16:24:00+00:00 [running]> on host 3a3d0401ac26
[2024-03-21 16:25:05,424] {taskinstance.py:1302} INFO - Exporting the following env vars:
AIRFLOW_CTX_DAG_OWNER=***
AIRFLOW_CTX_DAG_ID=***_exam
AIRFLOW_CTX_TASK_ID=transform_into_fulldata.csv
AIRFLOW_CTX_EXECUTION_DATE=2024-03-21T16:24:00+00:00
AIRFLOW_CTX_DAG_RUN_ID=scheduled__2024-03-21T16:24:00+00:00
[2024-03-21 16:25:05,507] {logging_mixin.py:104} INFO - 
[2024-03-21 16:25:05,524] {logging_mixin.py:104} INFO -     temperature        city  pression              date
0       292.89       Paris      1025  2024-03-21 16:25
1       289.46      London      1023  2024-03-21 16:25
2       281.04  Washington      1015  2024-03-21 16:25
3       292.89       Paris      1025  2024-03-21 16:24
4       289.46      London      1023  2024-03-21 16:24
5       281.04  Washington      1015  2024-03-21 16:24
6       292.89       Paris      1025  2024-03-21 16:23
7       289.46      London      1023  2024-03-21 16:23
8       281.04  Washington      1015  2024-03-21 16:23
9       292.89       Paris      1025  2024-03-21 16:22
[2024-03-21 16:25:05,537] {python.py:151} INFO - Done. Returned value was: None
[2024-03-21 16:25:05,549] {taskinstance.py:1211} INFO - Marking task as SUCCESS. dag_id=***_exam, task_id=transform_into_fulldata.csv, execution_date=20240321T162400, start_date=20240321T162505, end_date=20240321T162505
[2024-03-21 16:25:05,588] {taskinstance.py:1265} INFO - 3 downstream tasks scheduled from follow-on schedule check
[2024-03-21 16:25:05,604] {local_task_job.py:151} INFO - Task exited with return code 0
