[2024-03-15 20:58:05,335] {taskinstance.py:896} INFO - Dependencies all met for <TaskInstance: airflow_exam.transform_into_fulldata.csv 2024-03-15T20:57:00+00:00 [queued]>
[2024-03-15 20:58:05,361] {taskinstance.py:896} INFO - Dependencies all met for <TaskInstance: airflow_exam.transform_into_fulldata.csv 2024-03-15T20:57:00+00:00 [queued]>
[2024-03-15 20:58:05,362] {taskinstance.py:1087} INFO - 
--------------------------------------------------------------------------------
[2024-03-15 20:58:05,362] {taskinstance.py:1088} INFO - Starting attempt 1 of 1
[2024-03-15 20:58:05,362] {taskinstance.py:1089} INFO - 
--------------------------------------------------------------------------------
[2024-03-15 20:58:05,375] {taskinstance.py:1107} INFO - Executing <Task(PythonOperator): transform_into_fulldata.csv> on 2024-03-15T20:57:00+00:00
[2024-03-15 20:58:05,386] {standard_task_runner.py:52} INFO - Started process 58946 to run task
[2024-03-15 20:58:05,391] {standard_task_runner.py:76} INFO - Running: ['***', 'tasks', 'run', '***_exam', 'transform_into_fulldata.csv', '2024-03-15T20:57:00+00:00', '--job-id', '3805', '--pool', 'default_pool', '--raw', '--subdir', 'DAGS_FOLDER/DAG.py', '--cfg-path', '/tmp/tmpo9xdll5b', '--error-file', '/tmp/tmpvn62fkug']
[2024-03-15 20:58:05,392] {standard_task_runner.py:77} INFO - Job 3805: Subtask transform_into_fulldata.csv
[2024-03-15 20:58:05,461] {logging_mixin.py:104} INFO - Running <TaskInstance: ***_exam.transform_into_fulldata.csv 2024-03-15T20:57:00+00:00 [running]> on host 3a3d0401ac26
[2024-03-15 20:58:05,586] {taskinstance.py:1302} INFO - Exporting the following env vars:
AIRFLOW_CTX_DAG_OWNER=***
AIRFLOW_CTX_DAG_ID=***_exam
AIRFLOW_CTX_TASK_ID=transform_into_fulldata.csv
AIRFLOW_CTX_EXECUTION_DATE=2024-03-15T20:57:00+00:00
AIRFLOW_CTX_DAG_RUN_ID=scheduled__2024-03-15T20:57:00+00:00
[2024-03-15 20:58:05,663] {logging_mixin.py:104} INFO - 
[2024-03-15 20:58:05,698] {logging_mixin.py:104} INFO -     temperature        city  pression              date
0       285.93       Paris      1013  2024-03-15 20:58
1       284.49      London      1008  2024-03-15 20:58
2       286.97  Washington      1024  2024-03-15 20:58
3       285.93       Paris      1013  2024-03-15 20:57
4       284.46      London      1008  2024-03-15 20:57
5       286.97  Washington      1024  2024-03-15 20:57
6       286.35       Paris      1013  2024-03-15 19:29
7       284.92      London      1006  2024-03-15 19:29
8       283.45  Washington      1025  2024-03-15 19:29
9       286.54       Paris      1013  2024-03-15 19:28
[2024-03-15 20:58:05,714] {python.py:151} INFO - Done. Returned value was: None
[2024-03-15 20:58:05,733] {taskinstance.py:1211} INFO - Marking task as SUCCESS. dag_id=***_exam, task_id=transform_into_fulldata.csv, execution_date=20240315T205700, start_date=20240315T205805, end_date=20240315T205805
[2024-03-15 20:58:05,783] {taskinstance.py:1265} INFO - 3 downstream tasks scheduled from follow-on schedule check
[2024-03-15 20:58:05,806] {local_task_job.py:151} INFO - Task exited with return code 0
