[2023-10-06 20:47:07,417] {taskinstance.py:896} INFO - Dependencies all met for <TaskInstance: airflow_exam.compute_dt_score 2023-10-06T20:46:00+00:00 [queued]>
[2023-10-06 20:47:07,435] {taskinstance.py:896} INFO - Dependencies all met for <TaskInstance: airflow_exam.compute_dt_score 2023-10-06T20:46:00+00:00 [queued]>
[2023-10-06 20:47:07,435] {taskinstance.py:1087} INFO - 
--------------------------------------------------------------------------------
[2023-10-06 20:47:07,435] {taskinstance.py:1088} INFO - Starting attempt 1 of 1
[2023-10-06 20:47:07,435] {taskinstance.py:1089} INFO - 
--------------------------------------------------------------------------------
[2023-10-06 20:47:07,457] {taskinstance.py:1107} INFO - Executing <Task(PythonOperator): compute_dt_score> on 2023-10-06T20:46:00+00:00
[2023-10-06 20:47:07,466] {standard_task_runner.py:52} INFO - Started process 20097 to run task
[2023-10-06 20:47:07,471] {standard_task_runner.py:76} INFO - Running: ['***', 'tasks', 'run', '***_exam', 'compute_dt_score', '2023-10-06T20:46:00+00:00', '--job-id', '1003', '--pool', 'default_pool', '--raw', '--subdir', 'DAGS_FOLDER/DAG.py', '--cfg-path', '/tmp/tmpf538a9l0', '--error-file', '/tmp/tmpvmevfwue']
[2023-10-06 20:47:07,472] {standard_task_runner.py:77} INFO - Job 1003: Subtask compute_dt_score
[2023-10-06 20:47:07,530] {logging_mixin.py:104} INFO - Running <TaskInstance: ***_exam.compute_dt_score 2023-10-06T20:46:00+00:00 [running]> on host 3a3d0401ac26
[2023-10-06 20:47:07,605] {taskinstance.py:1302} INFO - Exporting the following env vars:
AIRFLOW_CTX_DAG_OWNER=***
AIRFLOW_CTX_DAG_ID=***_exam
AIRFLOW_CTX_TASK_ID=compute_dt_score
AIRFLOW_CTX_EXECUTION_DATE=2023-10-06T20:46:00+00:00
AIRFLOW_CTX_DAG_RUN_ID=scheduled__2023-10-06T20:46:00+00:00
[2023-10-06 20:47:07,815] {python.py:151} INFO - Done. Returned value was: None
[2023-10-06 20:47:07,829] {taskinstance.py:1211} INFO - Marking task as SUCCESS. dag_id=***_exam, task_id=compute_dt_score, execution_date=20231006T204600, start_date=20231006T204707, end_date=20231006T204707
[2023-10-06 20:47:07,880] {taskinstance.py:1265} INFO - 0 downstream tasks scheduled from follow-on schedule check
[2023-10-06 20:47:07,924] {local_task_job.py:151} INFO - Task exited with return code 0
