[2024-03-20 22:55:05,259] {taskinstance.py:896} INFO - Dependencies all met for <TaskInstance: airflow_exam.transform_into_fulldata.csv 2024-03-20T22:54:00+00:00 [queued]>
[2024-03-20 22:55:05,278] {taskinstance.py:896} INFO - Dependencies all met for <TaskInstance: airflow_exam.transform_into_fulldata.csv 2024-03-20T22:54:00+00:00 [queued]>
[2024-03-20 22:55:05,278] {taskinstance.py:1087} INFO - 
--------------------------------------------------------------------------------
[2024-03-20 22:55:05,278] {taskinstance.py:1088} INFO - Starting attempt 1 of 1
[2024-03-20 22:55:05,278] {taskinstance.py:1089} INFO - 
--------------------------------------------------------------------------------
[2024-03-20 22:55:05,297] {taskinstance.py:1107} INFO - Executing <Task(PythonOperator): transform_into_fulldata.csv> on 2024-03-20T22:54:00+00:00
[2024-03-20 22:55:05,306] {standard_task_runner.py:52} INFO - Started process 30301 to run task
[2024-03-20 22:55:05,310] {standard_task_runner.py:76} INFO - Running: ['***', 'tasks', 'run', '***_exam', 'transform_into_fulldata.csv', '2024-03-20T22:54:00+00:00', '--job-id', '7829', '--pool', 'default_pool', '--raw', '--subdir', 'DAGS_FOLDER/DAG.py', '--cfg-path', '/tmp/tmpw6cbgcwj', '--error-file', '/tmp/tmpl4fuav0z']
[2024-03-20 22:55:05,311] {standard_task_runner.py:77} INFO - Job 7829: Subtask transform_into_fulldata.csv
[2024-03-20 22:55:05,364] {logging_mixin.py:104} INFO - Running <TaskInstance: ***_exam.transform_into_fulldata.csv 2024-03-20T22:54:00+00:00 [running]> on host 3a3d0401ac26
[2024-03-20 22:55:05,431] {taskinstance.py:1302} INFO - Exporting the following env vars:
AIRFLOW_CTX_DAG_OWNER=***
AIRFLOW_CTX_DAG_ID=***_exam
AIRFLOW_CTX_TASK_ID=transform_into_fulldata.csv
AIRFLOW_CTX_EXECUTION_DATE=2024-03-20T22:54:00+00:00
AIRFLOW_CTX_DAG_RUN_ID=scheduled__2024-03-20T22:54:00+00:00
[2024-03-20 22:55:05,506] {logging_mixin.py:104} INFO - 
[2024-03-20 22:55:05,522] {logging_mixin.py:104} INFO -     temperature        city  pression              date
0       286.59       Paris      1020  2024-03-20 22:55
1       285.22      London      1022  2024-03-20 22:55
2       290.90  Washington      1007  2024-03-20 22:55
3       286.59       Paris      1020  2024-03-20 22:54
4       285.22      London      1022  2024-03-20 22:54
5       290.90  Washington      1007  2024-03-20 22:54
6       286.59       Paris      1020  2024-03-20 22:53
7       285.22      London      1022  2024-03-20 22:53
8       290.91  Washington      1007  2024-03-20 22:53
9       286.59       Paris      1020  2024-03-20 22:52
[2024-03-20 22:55:05,533] {python.py:151} INFO - Done. Returned value was: None
[2024-03-20 22:55:05,546] {taskinstance.py:1211} INFO - Marking task as SUCCESS. dag_id=***_exam, task_id=transform_into_fulldata.csv, execution_date=20240320T225400, start_date=20240320T225505, end_date=20240320T225505
[2024-03-20 22:55:05,587] {taskinstance.py:1265} INFO - 3 downstream tasks scheduled from follow-on schedule check
[2024-03-20 22:55:05,602] {local_task_job.py:151} INFO - Task exited with return code 0
