[2024-03-15 15:39:05,047] {taskinstance.py:896} INFO - Dependencies all met for <TaskInstance: airflow_exam.transform_into_data.csv 2024-03-15T15:38:00+00:00 [queued]>
[2024-03-15 15:39:05,073] {taskinstance.py:896} INFO - Dependencies all met for <TaskInstance: airflow_exam.transform_into_data.csv 2024-03-15T15:38:00+00:00 [queued]>
[2024-03-15 15:39:05,073] {taskinstance.py:1087} INFO - 
--------------------------------------------------------------------------------
[2024-03-15 15:39:05,073] {taskinstance.py:1088} INFO - Starting attempt 1 of 1
[2024-03-15 15:39:05,073] {taskinstance.py:1089} INFO - 
--------------------------------------------------------------------------------
[2024-03-15 15:39:05,087] {taskinstance.py:1107} INFO - Executing <Task(PythonOperator): transform_into_data.csv> on 2024-03-15T15:38:00+00:00
[2024-03-15 15:39:05,097] {standard_task_runner.py:52} INFO - Started process 12479 to run task
[2024-03-15 15:39:05,100] {standard_task_runner.py:76} INFO - Running: ['***', 'tasks', 'run', '***_exam', 'transform_into_data.csv', '2024-03-15T15:38:00+00:00', '--job-id', '2165', '--pool', 'default_pool', '--raw', '--subdir', 'DAGS_FOLDER/DAG.py', '--cfg-path', '/tmp/tmpg765mipl', '--error-file', '/tmp/tmpg41gx7dy']
[2024-03-15 15:39:05,101] {standard_task_runner.py:77} INFO - Job 2165: Subtask transform_into_data.csv
[2024-03-15 15:39:05,154] {logging_mixin.py:104} INFO - Running <TaskInstance: ***_exam.transform_into_data.csv 2024-03-15T15:38:00+00:00 [running]> on host 3a3d0401ac26
[2024-03-15 15:39:05,229] {taskinstance.py:1302} INFO - Exporting the following env vars:
AIRFLOW_CTX_DAG_OWNER=***
AIRFLOW_CTX_DAG_ID=***_exam
AIRFLOW_CTX_TASK_ID=transform_into_data.csv
AIRFLOW_CTX_EXECUTION_DATE=2024-03-15T15:38:00+00:00
AIRFLOW_CTX_DAG_RUN_ID=scheduled__2024-03-15T15:38:00+00:00
[2024-03-15 15:39:05,235] {logging_mixin.py:104} INFO - 
[2024-03-15 15:39:05,255] {logging_mixin.py:104} INFO -     temperature        city  pression              date
0       289.90       Paris      1011  2024-03-15 15:39
1       287.05      London      1004  2024-03-15 15:39
2       282.32  Washington      1027  2024-03-15 15:39
3       289.90       Paris      1011  2024-03-15 15:38
4       287.09      London      1004  2024-03-15 15:38
5       282.32  Washington      1027  2024-03-15 15:38
6       289.90       Paris      1011  2024-03-15 15:37
7       287.09      London      1004  2024-03-15 15:37
8       282.32  Washington      1027  2024-03-15 15:37
9       289.90       Paris      1011  2024-03-15 15:36
[2024-03-15 15:39:05,259] {python.py:151} INFO - Done. Returned value was: None
[2024-03-15 15:39:05,273] {taskinstance.py:1211} INFO - Marking task as SUCCESS. dag_id=***_exam, task_id=transform_into_data.csv, execution_date=20240315T153800, start_date=20240315T153905, end_date=20240315T153905
[2024-03-15 15:39:05,305] {taskinstance.py:1265} INFO - 0 downstream tasks scheduled from follow-on schedule check
[2024-03-15 15:39:05,352] {local_task_job.py:151} INFO - Task exited with return code 0
