[2024-03-21 17:38:05,287] {taskinstance.py:896} INFO - Dependencies all met for <TaskInstance: airflow_exam.transform_into_fulldata.csv 2024-03-21T17:37:00+00:00 [queued]>
[2024-03-21 17:38:05,313] {taskinstance.py:896} INFO - Dependencies all met for <TaskInstance: airflow_exam.transform_into_fulldata.csv 2024-03-21T17:37:00+00:00 [queued]>
[2024-03-21 17:38:05,313] {taskinstance.py:1087} INFO - 
--------------------------------------------------------------------------------
[2024-03-21 17:38:05,313] {taskinstance.py:1088} INFO - Starting attempt 1 of 1
[2024-03-21 17:38:05,314] {taskinstance.py:1089} INFO - 
--------------------------------------------------------------------------------
[2024-03-21 17:38:05,328] {taskinstance.py:1107} INFO - Executing <Task(PythonOperator): transform_into_fulldata.csv> on 2024-03-21T17:37:00+00:00
[2024-03-21 17:38:05,339] {standard_task_runner.py:52} INFO - Started process 25264 to run task
[2024-03-21 17:38:05,344] {standard_task_runner.py:76} INFO - Running: ['***', 'tasks', 'run', '***_exam', 'transform_into_fulldata.csv', '2024-03-21T17:37:00+00:00', '--job-id', '9871', '--pool', 'default_pool', '--raw', '--subdir', 'DAGS_FOLDER/DAG.py', '--cfg-path', '/tmp/tmp0rlz0whc', '--error-file', '/tmp/tmpjv11adx_']
[2024-03-21 17:38:05,345] {standard_task_runner.py:77} INFO - Job 9871: Subtask transform_into_fulldata.csv
[2024-03-21 17:38:05,412] {logging_mixin.py:104} INFO - Running <TaskInstance: ***_exam.transform_into_fulldata.csv 2024-03-21T17:37:00+00:00 [running]> on host 3a3d0401ac26
[2024-03-21 17:38:05,497] {taskinstance.py:1302} INFO - Exporting the following env vars:
AIRFLOW_CTX_DAG_OWNER=***
AIRFLOW_CTX_DAG_ID=***_exam
AIRFLOW_CTX_TASK_ID=transform_into_fulldata.csv
AIRFLOW_CTX_EXECUTION_DATE=2024-03-21T17:37:00+00:00
AIRFLOW_CTX_DAG_RUN_ID=scheduled__2024-03-21T17:37:00+00:00
[2024-03-21 17:38:05,635] {logging_mixin.py:104} INFO - 
[2024-03-21 17:38:05,666] {logging_mixin.py:104} INFO -     temperature        city  pression              date
0       291.43       Paris      1025  2024-03-21 17:38
1       288.54      London      1022  2024-03-21 17:38
2       283.51  Washington      1014  2024-03-21 17:38
3       291.43       Paris      1025  2024-03-21 17:37
4       288.54      London      1022  2024-03-21 17:37
5       283.51  Washington      1014  2024-03-21 17:37
6       291.53       Paris      1025  2024-03-21 17:36
7       288.54      London      1022  2024-03-21 17:36
8       282.80  Washington      1015  2024-03-21 17:36
9       291.53       Paris      1025  2024-03-21 17:35
[2024-03-21 17:38:05,690] {python.py:151} INFO - Done. Returned value was: None
[2024-03-21 17:38:05,707] {taskinstance.py:1211} INFO - Marking task as SUCCESS. dag_id=***_exam, task_id=transform_into_fulldata.csv, execution_date=20240321T173700, start_date=20240321T173805, end_date=20240321T173805
[2024-03-21 17:38:05,760] {taskinstance.py:1265} INFO - 3 downstream tasks scheduled from follow-on schedule check
[2024-03-21 17:38:05,815] {local_task_job.py:151} INFO - Task exited with return code 0
