[2023-10-11 17:20:08,247] {taskinstance.py:896} INFO - Dependencies all met for <TaskInstance: airflow_exam.compute_rf_score 2023-10-11T17:19:00+00:00 [queued]>
[2023-10-11 17:20:08,267] {taskinstance.py:896} INFO - Dependencies all met for <TaskInstance: airflow_exam.compute_rf_score 2023-10-11T17:19:00+00:00 [queued]>
[2023-10-11 17:20:08,267] {taskinstance.py:1087} INFO - 
--------------------------------------------------------------------------------
[2023-10-11 17:20:08,267] {taskinstance.py:1088} INFO - Starting attempt 1 of 1
[2023-10-11 17:20:08,267] {taskinstance.py:1089} INFO - 
--------------------------------------------------------------------------------
[2023-10-11 17:20:08,291] {taskinstance.py:1107} INFO - Executing <Task(PythonOperator): compute_rf_score> on 2023-10-11T17:19:00+00:00
[2023-10-11 17:20:08,304] {standard_task_runner.py:52} INFO - Started process 1814 to run task
[2023-10-11 17:20:08,309] {standard_task_runner.py:76} INFO - Running: ['***', 'tasks', 'run', '***_exam', 'compute_rf_score', '2023-10-11T17:19:00+00:00', '--job-id', '1522', '--pool', 'default_pool', '--raw', '--subdir', 'DAGS_FOLDER/DAG.py', '--cfg-path', '/tmp/tmp5s3pyid1', '--error-file', '/tmp/tmpvzhj5owh']
[2023-10-11 17:20:08,309] {standard_task_runner.py:77} INFO - Job 1522: Subtask compute_rf_score
[2023-10-11 17:20:08,375] {logging_mixin.py:104} INFO - Running <TaskInstance: ***_exam.compute_rf_score 2023-10-11T17:19:00+00:00 [running]> on host 3a3d0401ac26
[2023-10-11 17:20:08,460] {taskinstance.py:1302} INFO - Exporting the following env vars:
AIRFLOW_CTX_DAG_OWNER=***
AIRFLOW_CTX_DAG_ID=***_exam
AIRFLOW_CTX_TASK_ID=compute_rf_score
AIRFLOW_CTX_EXECUTION_DATE=2023-10-11T17:19:00+00:00
AIRFLOW_CTX_DAG_RUN_ID=scheduled__2023-10-11T17:19:00+00:00
[2023-10-11 17:20:09,889] {python.py:151} INFO - Done. Returned value was: None
[2023-10-11 17:20:09,908] {taskinstance.py:1211} INFO - Marking task as SUCCESS. dag_id=***_exam, task_id=compute_rf_score, execution_date=20231011T171900, start_date=20231011T172008, end_date=20231011T172009
[2023-10-11 17:20:09,961] {taskinstance.py:1265} INFO - 1 downstream tasks scheduled from follow-on schedule check
[2023-10-11 17:20:10,003] {local_task_job.py:151} INFO - Task exited with return code 0
