[2024-03-15 23:32:04,517] {taskinstance.py:896} INFO - Dependencies all met for <TaskInstance: airflow_exam.transform_into_fulldata.csv 2024-03-15T23:31:00+00:00 [queued]>
[2024-03-15 23:32:04,544] {taskinstance.py:896} INFO - Dependencies all met for <TaskInstance: airflow_exam.transform_into_fulldata.csv 2024-03-15T23:31:00+00:00 [queued]>
[2024-03-15 23:32:04,544] {taskinstance.py:1087} INFO - 
--------------------------------------------------------------------------------
[2024-03-15 23:32:04,544] {taskinstance.py:1088} INFO - Starting attempt 1 of 1
[2024-03-15 23:32:04,545] {taskinstance.py:1089} INFO - 
--------------------------------------------------------------------------------
[2024-03-15 23:32:04,561] {taskinstance.py:1107} INFO - Executing <Task(PythonOperator): transform_into_fulldata.csv> on 2024-03-15T23:31:00+00:00
[2024-03-15 23:32:04,571] {standard_task_runner.py:52} INFO - Started process 90327 to run task
[2024-03-15 23:32:04,575] {standard_task_runner.py:76} INFO - Running: ['***', 'tasks', 'run', '***_exam', 'transform_into_fulldata.csv', '2024-03-15T23:31:00+00:00', '--job-id', '4883', '--pool', 'default_pool', '--raw', '--subdir', 'DAGS_FOLDER/DAG.py', '--cfg-path', '/tmp/tmpick53ycs', '--error-file', '/tmp/tmp8w_n_vtu']
[2024-03-15 23:32:04,576] {standard_task_runner.py:77} INFO - Job 4883: Subtask transform_into_fulldata.csv
[2024-03-15 23:32:04,643] {logging_mixin.py:104} INFO - Running <TaskInstance: ***_exam.transform_into_fulldata.csv 2024-03-15T23:31:00+00:00 [running]> on host 3a3d0401ac26
[2024-03-15 23:32:04,736] {taskinstance.py:1302} INFO - Exporting the following env vars:
AIRFLOW_CTX_DAG_OWNER=***
AIRFLOW_CTX_DAG_ID=***_exam
AIRFLOW_CTX_TASK_ID=transform_into_fulldata.csv
AIRFLOW_CTX_EXECUTION_DATE=2024-03-15T23:31:00+00:00
AIRFLOW_CTX_DAG_RUN_ID=scheduled__2024-03-15T23:31:00+00:00
[2024-03-15 23:32:04,805] {logging_mixin.py:104} INFO - 
[2024-03-15 23:32:04,835] {logging_mixin.py:104} INFO -     temperature        city  pression              date
0       285.00       Paris      1015  2024-03-15 23:32
1       281.97      London      1012  2024-03-15 23:32
2       289.63  Washington      1022  2024-03-15 23:32
3       285.00       Paris      1015  2024-03-15 23:31
4       281.97      London      1012  2024-03-15 23:31
5       289.63  Washington      1022  2024-03-15 23:31
6       285.00       Paris      1015  2024-03-15 23:30
7       281.97      London      1012  2024-03-15 23:30
8       289.63  Washington      1022  2024-03-15 23:30
9       285.00       Paris      1015  2024-03-15 23:29
[2024-03-15 23:32:04,859] {python.py:151} INFO - Done. Returned value was: None
[2024-03-15 23:32:04,879] {taskinstance.py:1211} INFO - Marking task as SUCCESS. dag_id=***_exam, task_id=transform_into_fulldata.csv, execution_date=20240315T233100, start_date=20240315T233204, end_date=20240315T233204
[2024-03-15 23:32:04,928] {taskinstance.py:1265} INFO - 3 downstream tasks scheduled from follow-on schedule check
[2024-03-15 23:32:04,949] {local_task_job.py:151} INFO - Task exited with return code 0
