[2024-03-16 02:39:05,570] {taskinstance.py:896} INFO - Dependencies all met for <TaskInstance: airflow_exam.transform_into_data.csv 2024-03-16T02:38:00+00:00 [queued]>
[2024-03-16 02:39:05,598] {taskinstance.py:896} INFO - Dependencies all met for <TaskInstance: airflow_exam.transform_into_data.csv 2024-03-16T02:38:00+00:00 [queued]>
[2024-03-16 02:39:05,599] {taskinstance.py:1087} INFO - 
--------------------------------------------------------------------------------
[2024-03-16 02:39:05,599] {taskinstance.py:1088} INFO - Starting attempt 1 of 1
[2024-03-16 02:39:05,599] {taskinstance.py:1089} INFO - 
--------------------------------------------------------------------------------
[2024-03-16 02:39:05,612] {taskinstance.py:1107} INFO - Executing <Task(PythonOperator): transform_into_data.csv> on 2024-03-16T02:38:00+00:00
[2024-03-16 02:39:05,622] {standard_task_runner.py:52} INFO - Started process 129798 to run task
[2024-03-16 02:39:05,627] {standard_task_runner.py:76} INFO - Running: ['***', 'tasks', 'run', '***_exam', 'transform_into_data.csv', '2024-03-16T02:38:00+00:00', '--job-id', '6184', '--pool', 'default_pool', '--raw', '--subdir', 'DAGS_FOLDER/DAG.py', '--cfg-path', '/tmp/tmpcdgf73tk', '--error-file', '/tmp/tmpvwijjxf4']
[2024-03-16 02:39:05,628] {standard_task_runner.py:77} INFO - Job 6184: Subtask transform_into_data.csv
[2024-03-16 02:39:05,716] {logging_mixin.py:104} INFO - Running <TaskInstance: ***_exam.transform_into_data.csv 2024-03-16T02:38:00+00:00 [running]> on host 3a3d0401ac26
[2024-03-16 02:39:05,820] {taskinstance.py:1302} INFO - Exporting the following env vars:
AIRFLOW_CTX_DAG_OWNER=***
AIRFLOW_CTX_DAG_ID=***_exam
AIRFLOW_CTX_TASK_ID=transform_into_data.csv
AIRFLOW_CTX_EXECUTION_DATE=2024-03-16T02:38:00+00:00
AIRFLOW_CTX_DAG_RUN_ID=scheduled__2024-03-16T02:38:00+00:00
[2024-03-16 02:39:05,828] {logging_mixin.py:104} INFO - 
[2024-03-16 02:39:05,857] {logging_mixin.py:104} INFO -     temperature        city  pression              date
0       284.22       Paris      1017  2024-03-16 02:39
1       281.30      London      1015  2024-03-16 02:39
2       280.76  Washington      1023  2024-03-16 02:39
3       284.22       Paris      1017  2024-03-16 02:38
4       281.30      London      1015  2024-03-16 02:38
5       280.76  Washington      1023  2024-03-16 02:38
6       284.22       Paris      1017  2024-03-16 02:37
7       281.30      London      1015  2024-03-16 02:37
8       280.76  Washington      1023  2024-03-16 02:37
9       284.22       Paris      1017  2024-03-16 02:36
[2024-03-16 02:39:05,862] {python.py:151} INFO - Done. Returned value was: None
[2024-03-16 02:39:05,877] {taskinstance.py:1211} INFO - Marking task as SUCCESS. dag_id=***_exam, task_id=transform_into_data.csv, execution_date=20240316T023800, start_date=20240316T023905, end_date=20240316T023905
[2024-03-16 02:39:05,917] {taskinstance.py:1265} INFO - 0 downstream tasks scheduled from follow-on schedule check
[2024-03-16 02:39:05,961] {local_task_job.py:151} INFO - Task exited with return code 0
