[2024-03-15 14:05:04,795] {taskinstance.py:896} INFO - Dependencies all met for <TaskInstance: airflow_exam.transform_into_fulldata.csv 2024-03-15T14:04:00+00:00 [queued]>
[2024-03-15 14:05:04,818] {taskinstance.py:896} INFO - Dependencies all met for <TaskInstance: airflow_exam.transform_into_fulldata.csv 2024-03-15T14:04:00+00:00 [queued]>
[2024-03-15 14:05:04,818] {taskinstance.py:1087} INFO - 
--------------------------------------------------------------------------------
[2024-03-15 14:05:04,818] {taskinstance.py:1088} INFO - Starting attempt 1 of 1
[2024-03-15 14:05:04,818] {taskinstance.py:1089} INFO - 
--------------------------------------------------------------------------------
[2024-03-15 14:05:04,830] {taskinstance.py:1107} INFO - Executing <Task(PythonOperator): transform_into_fulldata.csv> on 2024-03-15T14:04:00+00:00
[2024-03-15 14:05:04,839] {standard_task_runner.py:52} INFO - Started process 2932 to run task
[2024-03-15 14:05:04,843] {standard_task_runner.py:76} INFO - Running: ['***', 'tasks', 'run', '***_exam', 'transform_into_fulldata.csv', '2024-03-15T14:04:00+00:00', '--job-id', '1800', '--pool', 'default_pool', '--raw', '--subdir', 'DAGS_FOLDER/DAG.py', '--cfg-path', '/tmp/tmp4tg1bui7', '--error-file', '/tmp/tmp6sz18f17']
[2024-03-15 14:05:04,843] {standard_task_runner.py:77} INFO - Job 1800: Subtask transform_into_fulldata.csv
[2024-03-15 14:05:04,895] {logging_mixin.py:104} INFO - Running <TaskInstance: ***_exam.transform_into_fulldata.csv 2024-03-15T14:04:00+00:00 [running]> on host 3a3d0401ac26
[2024-03-15 14:05:04,967] {taskinstance.py:1302} INFO - Exporting the following env vars:
AIRFLOW_CTX_DAG_OWNER=***
AIRFLOW_CTX_DAG_ID=***_exam
AIRFLOW_CTX_TASK_ID=transform_into_fulldata.csv
AIRFLOW_CTX_EXECUTION_DATE=2024-03-15T14:04:00+00:00
AIRFLOW_CTX_DAG_RUN_ID=scheduled__2024-03-15T14:04:00+00:00
[2024-03-15 14:05:04,990] {logging_mixin.py:104} INFO - 
[2024-03-15 14:05:05,016] {logging_mixin.py:104} INFO -     temperature        city  pression              date
0       288.54       Paris      1012  2024-03-15 14:05
1       287.60      London      1004  2024-03-15 14:05
2       274.21  Washington      1029  2024-03-15 14:05
3       288.54       Paris      1012  2024-03-15 14:04
4       287.58      London      1004  2024-03-15 14:04
5       274.46  Washington      1029  2024-03-15 14:04
6       288.54       Paris      1012  2024-03-15 14:03
7       287.58      London      1004  2024-03-15 14:03
8       274.46  Washington      1029  2024-03-15 14:03
9       288.54       Paris      1012  2024-03-15 14:02
[2024-03-15 14:05:05,024] {python.py:151} INFO - Done. Returned value was: None
[2024-03-15 14:05:05,040] {taskinstance.py:1211} INFO - Marking task as SUCCESS. dag_id=***_exam, task_id=transform_into_fulldata.csv, execution_date=20240315T140400, start_date=20240315T140504, end_date=20240315T140505
[2024-03-15 14:05:05,081] {taskinstance.py:1265} INFO - 3 downstream tasks scheduled from follow-on schedule check
[2024-03-15 14:05:05,095] {local_task_job.py:151} INFO - Task exited with return code 0
