[2024-03-15 21:30:04,156] {taskinstance.py:896} INFO - Dependencies all met for <TaskInstance: airflow_exam.transform_into_data.csv 2024-03-15T21:29:00+00:00 [queued]>
[2024-03-15 21:30:04,177] {taskinstance.py:896} INFO - Dependencies all met for <TaskInstance: airflow_exam.transform_into_data.csv 2024-03-15T21:29:00+00:00 [queued]>
[2024-03-15 21:30:04,177] {taskinstance.py:1087} INFO - 
--------------------------------------------------------------------------------
[2024-03-15 21:30:04,177] {taskinstance.py:1088} INFO - Starting attempt 1 of 1
[2024-03-15 21:30:04,177] {taskinstance.py:1089} INFO - 
--------------------------------------------------------------------------------
[2024-03-15 21:30:04,189] {taskinstance.py:1107} INFO - Executing <Task(PythonOperator): transform_into_data.csv> on 2024-03-15T21:29:00+00:00
[2024-03-15 21:30:04,199] {standard_task_runner.py:52} INFO - Started process 65433 to run task
[2024-03-15 21:30:04,203] {standard_task_runner.py:76} INFO - Running: ['***', 'tasks', 'run', '***_exam', 'transform_into_data.csv', '2024-03-15T21:29:00+00:00', '--job-id', '4029', '--pool', 'default_pool', '--raw', '--subdir', 'DAGS_FOLDER/DAG.py', '--cfg-path', '/tmp/tmpwywkkzla', '--error-file', '/tmp/tmpab718yle']
[2024-03-15 21:30:04,204] {standard_task_runner.py:77} INFO - Job 4029: Subtask transform_into_data.csv
[2024-03-15 21:30:04,255] {logging_mixin.py:104} INFO - Running <TaskInstance: ***_exam.transform_into_data.csv 2024-03-15T21:29:00+00:00 [running]> on host 3a3d0401ac26
[2024-03-15 21:30:04,321] {taskinstance.py:1302} INFO - Exporting the following env vars:
AIRFLOW_CTX_DAG_OWNER=***
AIRFLOW_CTX_DAG_ID=***_exam
AIRFLOW_CTX_TASK_ID=transform_into_data.csv
AIRFLOW_CTX_EXECUTION_DATE=2024-03-15T21:29:00+00:00
AIRFLOW_CTX_DAG_RUN_ID=scheduled__2024-03-15T21:29:00+00:00
[2024-03-15 21:30:04,327] {logging_mixin.py:104} INFO - 
[2024-03-15 21:30:04,344] {logging_mixin.py:104} INFO -     temperature        city  pression              date
0       285.65       Paris      1013  2024-03-15 21:30
1       283.94      London      1009  2024-03-15 21:30
2       287.40  Washington      1024  2024-03-15 21:30
3       285.66       Paris      1013  2024-03-15 21:29
4       283.94      London      1009  2024-03-15 21:29
5       287.40  Washington      1024  2024-03-15 21:29
6       285.66       Paris      1013  2024-03-15 21:28
7       284.26      London      1009  2024-03-15 21:28
8       287.40  Washington      1024  2024-03-15 21:28
9       285.66       Paris      1013  2024-03-15 21:27
[2024-03-15 21:30:04,347] {python.py:151} INFO - Done. Returned value was: None
[2024-03-15 21:30:04,361] {taskinstance.py:1211} INFO - Marking task as SUCCESS. dag_id=***_exam, task_id=transform_into_data.csv, execution_date=20240315T212900, start_date=20240315T213004, end_date=20240315T213004
[2024-03-15 21:30:04,393] {taskinstance.py:1265} INFO - 0 downstream tasks scheduled from follow-on schedule check
[2024-03-15 21:30:04,416] {local_task_job.py:151} INFO - Task exited with return code 0
