[2024-03-15 16:05:04,473] {taskinstance.py:896} INFO - Dependencies all met for <TaskInstance: airflow_exam.transform_into_data.csv 2024-03-15T16:04:00+00:00 [queued]>
[2024-03-15 16:05:04,495] {taskinstance.py:896} INFO - Dependencies all met for <TaskInstance: airflow_exam.transform_into_data.csv 2024-03-15T16:04:00+00:00 [queued]>
[2024-03-15 16:05:04,496] {taskinstance.py:1087} INFO - 
--------------------------------------------------------------------------------
[2024-03-15 16:05:04,496] {taskinstance.py:1088} INFO - Starting attempt 1 of 1
[2024-03-15 16:05:04,496] {taskinstance.py:1089} INFO - 
--------------------------------------------------------------------------------
[2024-03-15 16:05:04,509] {taskinstance.py:1107} INFO - Executing <Task(PythonOperator): transform_into_data.csv> on 2024-03-15T16:04:00+00:00
[2024-03-15 16:05:04,518] {standard_task_runner.py:52} INFO - Started process 17559 to run task
[2024-03-15 16:05:04,521] {standard_task_runner.py:76} INFO - Running: ['***', 'tasks', 'run', '***_exam', 'transform_into_data.csv', '2024-03-15T16:04:00+00:00', '--job-id', '2347', '--pool', 'default_pool', '--raw', '--subdir', 'DAGS_FOLDER/DAG.py', '--cfg-path', '/tmp/tmpoi_ux8hp', '--error-file', '/tmp/tmps4ou33rj']
[2024-03-15 16:05:04,522] {standard_task_runner.py:77} INFO - Job 2347: Subtask transform_into_data.csv
[2024-03-15 16:05:04,572] {logging_mixin.py:104} INFO - Running <TaskInstance: ***_exam.transform_into_data.csv 2024-03-15T16:04:00+00:00 [running]> on host 3a3d0401ac26
[2024-03-15 16:05:04,643] {taskinstance.py:1302} INFO - Exporting the following env vars:
AIRFLOW_CTX_DAG_OWNER=***
AIRFLOW_CTX_DAG_ID=***_exam
AIRFLOW_CTX_TASK_ID=transform_into_data.csv
AIRFLOW_CTX_EXECUTION_DATE=2024-03-15T16:04:00+00:00
AIRFLOW_CTX_DAG_RUN_ID=scheduled__2024-03-15T16:04:00+00:00
[2024-03-15 16:05:04,651] {logging_mixin.py:104} INFO - 
[2024-03-15 16:05:04,682] {logging_mixin.py:104} INFO -     temperature        city  pression              date
0       289.42       Paris      1011  2024-03-15 16:05
1       286.90      London      1004  2024-03-15 16:05
2       282.95  Washington      1027  2024-03-15 16:05
3       289.42       Paris      1011  2024-03-15 16:04
4       286.90      London      1004  2024-03-15 16:04
5       282.95  Washington      1027  2024-03-15 16:04
6       289.58       Paris      1011  2024-03-15 16:03
7       286.90      London      1004  2024-03-15 16:03
8       282.95  Washington      1027  2024-03-15 16:03
9       289.58       Paris      1011  2024-03-15 16:02
[2024-03-15 16:05:04,688] {python.py:151} INFO - Done. Returned value was: None
[2024-03-15 16:05:04,702] {taskinstance.py:1211} INFO - Marking task as SUCCESS. dag_id=***_exam, task_id=transform_into_data.csv, execution_date=20240315T160400, start_date=20240315T160504, end_date=20240315T160504
[2024-03-15 16:05:04,744] {taskinstance.py:1265} INFO - 0 downstream tasks scheduled from follow-on schedule check
[2024-03-15 16:05:04,774] {local_task_job.py:151} INFO - Task exited with return code 0
