[2024-03-21 16:03:04,652] {taskinstance.py:896} INFO - Dependencies all met for <TaskInstance: airflow_exam.transform_into_data.csv 2024-03-21T16:02:00+00:00 [queued]>
[2024-03-21 16:03:04,679] {taskinstance.py:896} INFO - Dependencies all met for <TaskInstance: airflow_exam.transform_into_data.csv 2024-03-21T16:02:00+00:00 [queued]>
[2024-03-21 16:03:04,679] {taskinstance.py:1087} INFO - 
--------------------------------------------------------------------------------
[2024-03-21 16:03:04,679] {taskinstance.py:1088} INFO - Starting attempt 1 of 1
[2024-03-21 16:03:04,679] {taskinstance.py:1089} INFO - 
--------------------------------------------------------------------------------
[2024-03-21 16:03:04,697] {taskinstance.py:1107} INFO - Executing <Task(PythonOperator): transform_into_data.csv> on 2024-03-21T16:02:00+00:00
[2024-03-21 16:03:04,708] {standard_task_runner.py:52} INFO - Started process 4723 to run task
[2024-03-21 16:03:04,713] {standard_task_runner.py:76} INFO - Running: ['***', 'tasks', 'run', '***_exam', 'transform_into_data.csv', '2024-03-21T16:02:00+00:00', '--job-id', '9205', '--pool', 'default_pool', '--raw', '--subdir', 'DAGS_FOLDER/DAG.py', '--cfg-path', '/tmp/tmpv4k2ol58', '--error-file', '/tmp/tmphylc5osk']
[2024-03-21 16:03:04,714] {standard_task_runner.py:77} INFO - Job 9205: Subtask transform_into_data.csv
[2024-03-21 16:03:04,789] {logging_mixin.py:104} INFO - Running <TaskInstance: ***_exam.transform_into_data.csv 2024-03-21T16:02:00+00:00 [running]> on host 3a3d0401ac26
[2024-03-21 16:03:04,884] {taskinstance.py:1302} INFO - Exporting the following env vars:
AIRFLOW_CTX_DAG_OWNER=***
AIRFLOW_CTX_DAG_ID=***_exam
AIRFLOW_CTX_TASK_ID=transform_into_data.csv
AIRFLOW_CTX_EXECUTION_DATE=2024-03-21T16:02:00+00:00
AIRFLOW_CTX_DAG_RUN_ID=scheduled__2024-03-21T16:02:00+00:00
[2024-03-21 16:03:04,892] {logging_mixin.py:104} INFO - 
[2024-03-21 16:03:04,928] {logging_mixin.py:104} INFO -     temperature        city  pression              date
0       292.80       Paris      1025  2024-03-21 16:03
1       289.55      London      1023  2024-03-21 16:03
2       280.52  Washington      1015  2024-03-21 16:03
3       292.80       Paris      1025  2024-03-21 16:02
4       289.53      London      1023  2024-03-21 16:02
5       280.52  Washington      1015  2024-03-21 16:02
6       292.80       Paris      1025  2024-03-21 16:01
7       289.53      London      1023  2024-03-21 16:01
8       280.52  Washington      1015  2024-03-21 16:01
9       292.80       Paris      1025  2024-03-21 16:00
[2024-03-21 16:03:04,933] {python.py:151} INFO - Done. Returned value was: None
[2024-03-21 16:03:04,950] {taskinstance.py:1211} INFO - Marking task as SUCCESS. dag_id=***_exam, task_id=transform_into_data.csv, execution_date=20240321T160200, start_date=20240321T160304, end_date=20240321T160304
[2024-03-21 16:03:04,995] {taskinstance.py:1265} INFO - 0 downstream tasks scheduled from follow-on schedule check
[2024-03-21 16:03:05,047] {local_task_job.py:151} INFO - Task exited with return code 0
