[2024-04-01 23:20:00,291] {taskinstance.py:896} INFO - Dependencies all met for <TaskInstance: airflow_exam.compute_dt_score 2024-04-01T23:18:00+00:00 [queued]>
[2024-04-01 23:20:00,313] {taskinstance.py:896} INFO - Dependencies all met for <TaskInstance: airflow_exam.compute_dt_score 2024-04-01T23:18:00+00:00 [queued]>
[2024-04-01 23:20:00,314] {taskinstance.py:1087} INFO - 
--------------------------------------------------------------------------------
[2024-04-01 23:20:00,314] {taskinstance.py:1088} INFO - Starting attempt 1 of 1
[2024-04-01 23:20:00,314] {taskinstance.py:1089} INFO - 
--------------------------------------------------------------------------------
[2024-04-01 23:20:00,341] {taskinstance.py:1107} INFO - Executing <Task(PythonOperator): compute_dt_score> on 2024-04-01T23:18:00+00:00
[2024-04-01 23:20:00,355] {standard_task_runner.py:52} INFO - Started process 260 to run task
[2024-04-01 23:20:00,362] {standard_task_runner.py:76} INFO - Running: ['***', 'tasks', 'run', '***_exam', 'compute_dt_score', '2024-04-01T23:18:00+00:00', '--job-id', '11208', '--pool', 'default_pool', '--raw', '--subdir', 'DAGS_FOLDER/DAG.py', '--cfg-path', '/tmp/tmpqb16ih6o', '--error-file', '/tmp/tmp9237rhck']
[2024-04-01 23:20:00,363] {standard_task_runner.py:77} INFO - Job 11208: Subtask compute_dt_score
[2024-04-01 23:20:00,446] {logging_mixin.py:104} INFO - Running <TaskInstance: ***_exam.compute_dt_score 2024-04-01T23:18:00+00:00 [running]> on host 3a3d0401ac26
[2024-04-01 23:20:00,549] {taskinstance.py:1302} INFO - Exporting the following env vars:
AIRFLOW_CTX_DAG_OWNER=***
AIRFLOW_CTX_DAG_ID=***_exam
AIRFLOW_CTX_TASK_ID=compute_dt_score
AIRFLOW_CTX_EXECUTION_DATE=2024-04-01T23:18:00+00:00
AIRFLOW_CTX_DAG_RUN_ID=scheduled__2024-04-01T23:18:00+00:00
[2024-04-01 23:20:00,928] {python.py:151} INFO - Done. Returned value was: None
[2024-04-01 23:20:00,960] {taskinstance.py:1211} INFO - Marking task as SUCCESS. dag_id=***_exam, task_id=compute_dt_score, execution_date=20240401T231800, start_date=20240401T232000, end_date=20240401T232000
[2024-04-01 23:20:01,118] {taskinstance.py:1265} INFO - 0 downstream tasks scheduled from follow-on schedule check
[2024-04-01 23:20:01,221] {local_task_job.py:151} INFO - Task exited with return code 0
