[2024-03-20 21:19:04,285] {taskinstance.py:896} INFO - Dependencies all met for <TaskInstance: airflow_exam.transform_into_data.csv 2024-03-20T21:18:00+00:00 [queued]>
[2024-03-20 21:19:04,300] {taskinstance.py:896} INFO - Dependencies all met for <TaskInstance: airflow_exam.transform_into_data.csv 2024-03-20T21:18:00+00:00 [queued]>
[2024-03-20 21:19:04,301] {taskinstance.py:1087} INFO - 
--------------------------------------------------------------------------------
[2024-03-20 21:19:04,301] {taskinstance.py:1088} INFO - Starting attempt 1 of 1
[2024-03-20 21:19:04,301] {taskinstance.py:1089} INFO - 
--------------------------------------------------------------------------------
[2024-03-20 21:19:04,320] {taskinstance.py:1107} INFO - Executing <Task(PythonOperator): transform_into_data.csv> on 2024-03-20T21:18:00+00:00
[2024-03-20 21:19:04,330] {standard_task_runner.py:52} INFO - Started process 9863 to run task
[2024-03-20 21:19:04,333] {standard_task_runner.py:76} INFO - Running: ['***', 'tasks', 'run', '***_exam', 'transform_into_data.csv', '2024-03-20T21:18:00+00:00', '--job-id', '7157', '--pool', 'default_pool', '--raw', '--subdir', 'DAGS_FOLDER/DAG.py', '--cfg-path', '/tmp/tmprttdnlfv', '--error-file', '/tmp/tmpydqkc_y9']
[2024-03-20 21:19:04,334] {standard_task_runner.py:77} INFO - Job 7157: Subtask transform_into_data.csv
[2024-03-20 21:19:04,385] {logging_mixin.py:104} INFO - Running <TaskInstance: ***_exam.transform_into_data.csv 2024-03-20T21:18:00+00:00 [running]> on host 3a3d0401ac26
[2024-03-20 21:19:04,453] {taskinstance.py:1302} INFO - Exporting the following env vars:
AIRFLOW_CTX_DAG_OWNER=***
AIRFLOW_CTX_DAG_ID=***_exam
AIRFLOW_CTX_TASK_ID=transform_into_data.csv
AIRFLOW_CTX_EXECUTION_DATE=2024-03-20T21:18:00+00:00
AIRFLOW_CTX_DAG_RUN_ID=scheduled__2024-03-20T21:18:00+00:00
[2024-03-20 21:19:04,459] {logging_mixin.py:104} INFO - 
[2024-03-20 21:19:04,478] {logging_mixin.py:104} INFO -     temperature        city  pression              date
0       286.46       Paris      1019  2024-03-20 21:19
1       286.06      London      1020  2024-03-20 21:19
2       290.66  Washington      1008  2024-03-20 21:19
3       286.46       Paris      1019  2024-03-20 21:18
4       286.21      London      1020  2024-03-20 21:18
5       290.66  Washington      1008  2024-03-20 21:18
6       286.46       Paris      1019  2024-03-20 21:17
7       286.21      London      1020  2024-03-20 21:17
8       290.66  Washington      1008  2024-03-20 21:17
9       286.46       Paris      1019  2024-03-20 21:16
[2024-03-20 21:19:04,482] {python.py:151} INFO - Done. Returned value was: None
[2024-03-20 21:19:04,496] {taskinstance.py:1211} INFO - Marking task as SUCCESS. dag_id=***_exam, task_id=transform_into_data.csv, execution_date=20240320T211800, start_date=20240320T211904, end_date=20240320T211904
[2024-03-20 21:19:04,530] {taskinstance.py:1265} INFO - 0 downstream tasks scheduled from follow-on schedule check
[2024-03-20 21:19:04,546] {local_task_job.py:151} INFO - Task exited with return code 0
