[2024-03-15 22:57:05,770] {taskinstance.py:896} INFO - Dependencies all met for <TaskInstance: airflow_exam.transform_into_fulldata.csv 2024-03-15T22:56:00+00:00 [queued]>
[2024-03-15 22:57:05,793] {taskinstance.py:896} INFO - Dependencies all met for <TaskInstance: airflow_exam.transform_into_fulldata.csv 2024-03-15T22:56:00+00:00 [queued]>
[2024-03-15 22:57:05,793] {taskinstance.py:1087} INFO - 
--------------------------------------------------------------------------------
[2024-03-15 22:57:05,793] {taskinstance.py:1088} INFO - Starting attempt 1 of 1
[2024-03-15 22:57:05,793] {taskinstance.py:1089} INFO - 
--------------------------------------------------------------------------------
[2024-03-15 22:57:05,806] {taskinstance.py:1107} INFO - Executing <Task(PythonOperator): transform_into_fulldata.csv> on 2024-03-15T22:56:00+00:00
[2024-03-15 22:57:05,816] {standard_task_runner.py:52} INFO - Started process 83188 to run task
[2024-03-15 22:57:05,820] {standard_task_runner.py:76} INFO - Running: ['***', 'tasks', 'run', '***_exam', 'transform_into_fulldata.csv', '2024-03-15T22:56:00+00:00', '--job-id', '4638', '--pool', 'default_pool', '--raw', '--subdir', 'DAGS_FOLDER/DAG.py', '--cfg-path', '/tmp/tmpk6sh3vnr', '--error-file', '/tmp/tmpp3f1i2a2']
[2024-03-15 22:57:05,821] {standard_task_runner.py:77} INFO - Job 4638: Subtask transform_into_fulldata.csv
[2024-03-15 22:57:05,870] {logging_mixin.py:104} INFO - Running <TaskInstance: ***_exam.transform_into_fulldata.csv 2024-03-15T22:56:00+00:00 [running]> on host 3a3d0401ac26
[2024-03-15 22:57:05,938] {taskinstance.py:1302} INFO - Exporting the following env vars:
AIRFLOW_CTX_DAG_OWNER=***
AIRFLOW_CTX_DAG_ID=***_exam
AIRFLOW_CTX_TASK_ID=transform_into_fulldata.csv
AIRFLOW_CTX_EXECUTION_DATE=2024-03-15T22:56:00+00:00
AIRFLOW_CTX_DAG_RUN_ID=scheduled__2024-03-15T22:56:00+00:00
[2024-03-15 22:57:05,980] {logging_mixin.py:104} INFO - 
[2024-03-15 22:57:05,998] {logging_mixin.py:104} INFO -     temperature        city  pression              date
0       285.38       Paris      1015  2024-03-15 22:57
1       282.48      London      1012  2024-03-15 22:57
2       289.50  Washington      1022  2024-03-15 22:57
3       285.48       Paris      1014  2024-03-15 22:56
4       282.48      London      1012  2024-03-15 22:56
5       289.50  Washington      1022  2024-03-15 22:56
6       285.48       Paris      1014  2024-03-15 22:55
7       282.60      London      1011  2024-03-15 22:55
8       289.50  Washington      1022  2024-03-15 22:55
9       285.48       Paris      1014  2024-03-15 22:54
[2024-03-15 22:57:06,006] {python.py:151} INFO - Done. Returned value was: None
[2024-03-15 22:57:06,019] {taskinstance.py:1211} INFO - Marking task as SUCCESS. dag_id=***_exam, task_id=transform_into_fulldata.csv, execution_date=20240315T225600, start_date=20240315T225705, end_date=20240315T225706
[2024-03-15 22:57:06,060] {taskinstance.py:1265} INFO - 3 downstream tasks scheduled from follow-on schedule check
[2024-03-15 22:57:06,113] {local_task_job.py:151} INFO - Task exited with return code 0
