[2024-03-21 18:41:03,843] {taskinstance.py:896} INFO - Dependencies all met for <TaskInstance: airflow_exam.transform_into_fulldata.csv 2024-03-21T18:40:00+00:00 [queued]>
[2024-03-21 18:41:03,872] {taskinstance.py:896} INFO - Dependencies all met for <TaskInstance: airflow_exam.transform_into_fulldata.csv 2024-03-21T18:40:00+00:00 [queued]>
[2024-03-21 18:41:03,873] {taskinstance.py:1087} INFO - 
--------------------------------------------------------------------------------
[2024-03-21 18:41:03,873] {taskinstance.py:1088} INFO - Starting attempt 1 of 1
[2024-03-21 18:41:03,873] {taskinstance.py:1089} INFO - 
--------------------------------------------------------------------------------
[2024-03-21 18:41:03,889] {taskinstance.py:1107} INFO - Executing <Task(PythonOperator): transform_into_fulldata.csv> on 2024-03-21T18:40:00+00:00
[2024-03-21 18:41:03,900] {standard_task_runner.py:52} INFO - Started process 38820 to run task
[2024-03-21 18:41:03,905] {standard_task_runner.py:76} INFO - Running: ['***', 'tasks', 'run', '***_exam', 'transform_into_fulldata.csv', '2024-03-21T18:40:00+00:00', '--job-id', '10312', '--pool', 'default_pool', '--raw', '--subdir', 'DAGS_FOLDER/DAG.py', '--cfg-path', '/tmp/tmpojfla80s', '--error-file', '/tmp/tmpi0jmo8yk']
[2024-03-21 18:41:03,906] {standard_task_runner.py:77} INFO - Job 10312: Subtask transform_into_fulldata.csv
[2024-03-21 18:41:03,968] {logging_mixin.py:104} INFO - Running <TaskInstance: ***_exam.transform_into_fulldata.csv 2024-03-21T18:40:00+00:00 [running]> on host 3a3d0401ac26
[2024-03-21 18:41:04,053] {taskinstance.py:1302} INFO - Exporting the following env vars:
AIRFLOW_CTX_DAG_OWNER=***
AIRFLOW_CTX_DAG_ID=***_exam
AIRFLOW_CTX_TASK_ID=transform_into_fulldata.csv
AIRFLOW_CTX_EXECUTION_DATE=2024-03-21T18:40:00+00:00
AIRFLOW_CTX_DAG_RUN_ID=scheduled__2024-03-21T18:40:00+00:00
[2024-03-21 18:41:04,197] {logging_mixin.py:104} INFO - 
[2024-03-21 18:41:04,223] {logging_mixin.py:104} INFO -     temperature        city  pression              date
0       289.77       Paris      1025  2024-03-21 18:41
1       287.79      London      1022  2024-03-21 18:41
2       285.62  Washington      1014  2024-03-21 18:41
3       289.77       Paris      1025  2024-03-21 18:40
4       287.79      London      1022  2024-03-21 18:40
5       285.62  Washington      1014  2024-03-21 18:40
6       289.77       Paris      1025  2024-03-21 18:39
7       287.79      London      1022  2024-03-21 18:39
8       285.62  Washington      1014  2024-03-21 18:39
9       289.77       Paris      1025  2024-03-21 18:38
[2024-03-21 18:41:04,243] {python.py:151} INFO - Done. Returned value was: None
[2024-03-21 18:41:04,261] {taskinstance.py:1211} INFO - Marking task as SUCCESS. dag_id=***_exam, task_id=transform_into_fulldata.csv, execution_date=20240321T184000, start_date=20240321T184103, end_date=20240321T184104
[2024-03-21 18:41:04,329] {taskinstance.py:1265} INFO - 0 downstream tasks scheduled from follow-on schedule check
[2024-03-21 18:41:04,358] {local_task_job.py:151} INFO - Task exited with return code 0
