[2024-03-16 03:08:03,938] {taskinstance.py:896} INFO - Dependencies all met for <TaskInstance: airflow_exam.transform_into_fulldata.csv 2024-03-16T03:07:00+00:00 [queued]>
[2024-03-16 03:08:03,960] {taskinstance.py:896} INFO - Dependencies all met for <TaskInstance: airflow_exam.transform_into_fulldata.csv 2024-03-16T03:07:00+00:00 [queued]>
[2024-03-16 03:08:03,961] {taskinstance.py:1087} INFO - 
--------------------------------------------------------------------------------
[2024-03-16 03:08:03,961] {taskinstance.py:1088} INFO - Starting attempt 1 of 1
[2024-03-16 03:08:03,961] {taskinstance.py:1089} INFO - 
--------------------------------------------------------------------------------
[2024-03-16 03:08:03,973] {taskinstance.py:1107} INFO - Executing <Task(PythonOperator): transform_into_fulldata.csv> on 2024-03-16T03:07:00+00:00
[2024-03-16 03:08:03,982] {standard_task_runner.py:52} INFO - Started process 135986 to run task
[2024-03-16 03:08:03,985] {standard_task_runner.py:76} INFO - Running: ['***', 'tasks', 'run', '***_exam', 'transform_into_fulldata.csv', '2024-03-16T03:07:00+00:00', '--job-id', '6387', '--pool', 'default_pool', '--raw', '--subdir', 'DAGS_FOLDER/DAG.py', '--cfg-path', '/tmp/tmpewkzdbn8', '--error-file', '/tmp/tmpus3qbeaw']
[2024-03-16 03:08:03,986] {standard_task_runner.py:77} INFO - Job 6387: Subtask transform_into_fulldata.csv
[2024-03-16 03:08:04,037] {logging_mixin.py:104} INFO - Running <TaskInstance: ***_exam.transform_into_fulldata.csv 2024-03-16T03:07:00+00:00 [running]> on host 3a3d0401ac26
[2024-03-16 03:08:04,111] {taskinstance.py:1302} INFO - Exporting the following env vars:
AIRFLOW_CTX_DAG_OWNER=***
AIRFLOW_CTX_DAG_ID=***_exam
AIRFLOW_CTX_TASK_ID=transform_into_fulldata.csv
AIRFLOW_CTX_EXECUTION_DATE=2024-03-16T03:07:00+00:00
AIRFLOW_CTX_DAG_RUN_ID=scheduled__2024-03-16T03:07:00+00:00
[2024-03-16 03:08:04,193] {logging_mixin.py:104} INFO - 
[2024-03-16 03:08:04,217] {logging_mixin.py:104} INFO -     temperature        city  pression              date
0       284.07       Paris      1017  2024-03-16 03:08
1       281.51      London      1015  2024-03-16 03:08
2       282.62  Washington      1023  2024-03-16 03:08
3       284.07       Paris      1017  2024-03-16 03:07
4       281.51      London      1015  2024-03-16 03:07
5       282.62  Washington      1023  2024-03-16 03:07
6       284.07       Paris      1017  2024-03-16 03:06
7       281.51      London      1015  2024-03-16 03:06
8       282.62  Washington      1023  2024-03-16 03:06
9       284.07       Paris      1017  2024-03-16 03:05
[2024-03-16 03:08:04,228] {python.py:151} INFO - Done. Returned value was: None
[2024-03-16 03:08:04,243] {taskinstance.py:1211} INFO - Marking task as SUCCESS. dag_id=***_exam, task_id=transform_into_fulldata.csv, execution_date=20240316T030700, start_date=20240316T030803, end_date=20240316T030804
[2024-03-16 03:08:04,284] {taskinstance.py:1265} INFO - 3 downstream tasks scheduled from follow-on schedule check
[2024-03-16 03:08:04,318] {local_task_job.py:151} INFO - Task exited with return code 0
