[2024-03-21 19:34:03,779] {taskinstance.py:896} INFO - Dependencies all met for <TaskInstance: airflow_exam.transform_into_fulldata.csv 2024-03-21T19:33:00+00:00 [queued]>
[2024-03-21 19:34:03,801] {taskinstance.py:896} INFO - Dependencies all met for <TaskInstance: airflow_exam.transform_into_fulldata.csv 2024-03-21T19:33:00+00:00 [queued]>
[2024-03-21 19:34:03,802] {taskinstance.py:1087} INFO - 
--------------------------------------------------------------------------------
[2024-03-21 19:34:03,802] {taskinstance.py:1088} INFO - Starting attempt 1 of 1
[2024-03-21 19:34:03,802] {taskinstance.py:1089} INFO - 
--------------------------------------------------------------------------------
[2024-03-21 19:34:03,814] {taskinstance.py:1107} INFO - Executing <Task(PythonOperator): transform_into_fulldata.csv> on 2024-03-21T19:33:00+00:00
[2024-03-21 19:34:03,824] {standard_task_runner.py:52} INFO - Started process 50247 to run task
[2024-03-21 19:34:03,827] {standard_task_runner.py:76} INFO - Running: ['***', 'tasks', 'run', '***_exam', 'transform_into_fulldata.csv', '2024-03-21T19:33:00+00:00', '--job-id', '10683', '--pool', 'default_pool', '--raw', '--subdir', 'DAGS_FOLDER/DAG.py', '--cfg-path', '/tmp/tmp9ia_gewd', '--error-file', '/tmp/tmpmm_8m0ky']
[2024-03-21 19:34:03,828] {standard_task_runner.py:77} INFO - Job 10683: Subtask transform_into_fulldata.csv
[2024-03-21 19:34:03,880] {logging_mixin.py:104} INFO - Running <TaskInstance: ***_exam.transform_into_fulldata.csv 2024-03-21T19:33:00+00:00 [running]> on host 3a3d0401ac26
[2024-03-21 19:34:03,957] {taskinstance.py:1302} INFO - Exporting the following env vars:
AIRFLOW_CTX_DAG_OWNER=***
AIRFLOW_CTX_DAG_ID=***_exam
AIRFLOW_CTX_TASK_ID=transform_into_fulldata.csv
AIRFLOW_CTX_EXECUTION_DATE=2024-03-21T19:33:00+00:00
AIRFLOW_CTX_DAG_RUN_ID=scheduled__2024-03-21T19:33:00+00:00
[2024-03-21 19:34:04,074] {logging_mixin.py:104} INFO - 
[2024-03-21 19:34:04,094] {logging_mixin.py:104} INFO -     temperature        city  pression              date
0       288.65       Paris      1025  2024-03-21 19:34
1       286.98      London      1022  2024-03-21 19:34
2       286.59  Washington      1014  2024-03-21 19:34
3       288.65       Paris      1025  2024-03-21 19:33
4       286.98      London      1022  2024-03-21 19:33
5       286.59  Washington      1014  2024-03-21 19:33
6       288.65       Paris      1025  2024-03-21 19:32
7       286.98      London      1022  2024-03-21 19:32
8       286.59  Washington      1014  2024-03-21 19:32
9       288.65       Paris      1025  2024-03-21 19:31
[2024-03-21 19:34:04,110] {python.py:151} INFO - Done. Returned value was: None
[2024-03-21 19:34:04,123] {taskinstance.py:1211} INFO - Marking task as SUCCESS. dag_id=***_exam, task_id=transform_into_fulldata.csv, execution_date=20240321T193300, start_date=20240321T193403, end_date=20240321T193404
[2024-03-21 19:34:04,159] {taskinstance.py:1265} INFO - 3 downstream tasks scheduled from follow-on schedule check
[2024-03-21 19:34:04,202] {local_task_job.py:151} INFO - Task exited with return code 0
