[2024-03-20 22:47:05,442] {taskinstance.py:896} INFO - Dependencies all met for <TaskInstance: airflow_exam.transform_into_data.csv 2024-03-20T22:46:00+00:00 [queued]>
[2024-03-20 22:47:05,464] {taskinstance.py:896} INFO - Dependencies all met for <TaskInstance: airflow_exam.transform_into_data.csv 2024-03-20T22:46:00+00:00 [queued]>
[2024-03-20 22:47:05,465] {taskinstance.py:1087} INFO - 
--------------------------------------------------------------------------------
[2024-03-20 22:47:05,465] {taskinstance.py:1088} INFO - Starting attempt 1 of 1
[2024-03-20 22:47:05,465] {taskinstance.py:1089} INFO - 
--------------------------------------------------------------------------------
[2024-03-20 22:47:05,487] {taskinstance.py:1107} INFO - Executing <Task(PythonOperator): transform_into_data.csv> on 2024-03-20T22:46:00+00:00
[2024-03-20 22:47:05,496] {standard_task_runner.py:52} INFO - Started process 28571 to run task
[2024-03-20 22:47:05,505] {standard_task_runner.py:76} INFO - Running: ['***', 'tasks', 'run', '***_exam', 'transform_into_data.csv', '2024-03-20T22:46:00+00:00', '--job-id', '7772', '--pool', 'default_pool', '--raw', '--subdir', 'DAGS_FOLDER/DAG.py', '--cfg-path', '/tmp/tmp9rtjrv9z', '--error-file', '/tmp/tmpgdwwi_5e']
[2024-03-20 22:47:05,506] {standard_task_runner.py:77} INFO - Job 7772: Subtask transform_into_data.csv
[2024-03-20 22:47:05,577] {logging_mixin.py:104} INFO - Running <TaskInstance: ***_exam.transform_into_data.csv 2024-03-20T22:46:00+00:00 [running]> on host 3a3d0401ac26
[2024-03-20 22:47:05,670] {taskinstance.py:1302} INFO - Exporting the following env vars:
AIRFLOW_CTX_DAG_OWNER=***
AIRFLOW_CTX_DAG_ID=***_exam
AIRFLOW_CTX_TASK_ID=transform_into_data.csv
AIRFLOW_CTX_EXECUTION_DATE=2024-03-20T22:46:00+00:00
AIRFLOW_CTX_DAG_RUN_ID=scheduled__2024-03-20T22:46:00+00:00
[2024-03-20 22:47:05,681] {logging_mixin.py:104} INFO - 
[2024-03-20 22:47:05,714] {logging_mixin.py:104} INFO -     temperature        city  pression              date
0       286.53       Paris      1020  2024-03-20 22:47
1       285.19      London      1022  2024-03-20 22:47
2       290.25  Washington      1007  2024-03-20 22:47
3       286.53       Paris      1020  2024-03-20 22:46
4       285.19      London      1022  2024-03-20 22:46
5       290.25  Washington      1007  2024-03-20 22:46
6       286.53       Paris      1020  2024-03-20 22:45
7       285.19      London      1022  2024-03-20 22:45
8       290.25  Washington      1007  2024-03-20 22:45
9       286.53       Paris      1020  2024-03-20 22:44
[2024-03-20 22:47:05,722] {python.py:151} INFO - Done. Returned value was: None
[2024-03-20 22:47:05,743] {taskinstance.py:1211} INFO - Marking task as SUCCESS. dag_id=***_exam, task_id=transform_into_data.csv, execution_date=20240320T224600, start_date=20240320T224705, end_date=20240320T224705
[2024-03-20 22:47:05,793] {taskinstance.py:1265} INFO - 0 downstream tasks scheduled from follow-on schedule check
[2024-03-20 22:47:05,833] {local_task_job.py:151} INFO - Task exited with return code 0
