[2024-03-21 17:34:04,647] {taskinstance.py:896} INFO - Dependencies all met for <TaskInstance: airflow_exam.transform_into_fulldata.csv 2024-03-21T17:33:00+00:00 [queued]>
[2024-03-21 17:34:04,670] {taskinstance.py:896} INFO - Dependencies all met for <TaskInstance: airflow_exam.transform_into_fulldata.csv 2024-03-21T17:33:00+00:00 [queued]>
[2024-03-21 17:34:04,670] {taskinstance.py:1087} INFO - 
--------------------------------------------------------------------------------
[2024-03-21 17:34:04,670] {taskinstance.py:1088} INFO - Starting attempt 1 of 1
[2024-03-21 17:34:04,670] {taskinstance.py:1089} INFO - 
--------------------------------------------------------------------------------
[2024-03-21 17:34:04,685] {taskinstance.py:1107} INFO - Executing <Task(PythonOperator): transform_into_fulldata.csv> on 2024-03-21T17:33:00+00:00
[2024-03-21 17:34:04,695] {standard_task_runner.py:52} INFO - Started process 24398 to run task
[2024-03-21 17:34:04,699] {standard_task_runner.py:76} INFO - Running: ['***', 'tasks', 'run', '***_exam', 'transform_into_fulldata.csv', '2024-03-21T17:33:00+00:00', '--job-id', '9842', '--pool', 'default_pool', '--raw', '--subdir', 'DAGS_FOLDER/DAG.py', '--cfg-path', '/tmp/tmppmc77414', '--error-file', '/tmp/tmp5v0lwuxz']
[2024-03-21 17:34:04,700] {standard_task_runner.py:77} INFO - Job 9842: Subtask transform_into_fulldata.csv
[2024-03-21 17:34:04,760] {logging_mixin.py:104} INFO - Running <TaskInstance: ***_exam.transform_into_fulldata.csv 2024-03-21T17:33:00+00:00 [running]> on host 3a3d0401ac26
[2024-03-21 17:34:04,834] {taskinstance.py:1302} INFO - Exporting the following env vars:
AIRFLOW_CTX_DAG_OWNER=***
AIRFLOW_CTX_DAG_ID=***_exam
AIRFLOW_CTX_TASK_ID=transform_into_fulldata.csv
AIRFLOW_CTX_EXECUTION_DATE=2024-03-21T17:33:00+00:00
AIRFLOW_CTX_DAG_RUN_ID=scheduled__2024-03-21T17:33:00+00:00
[2024-03-21 17:34:04,938] {logging_mixin.py:104} INFO - 
[2024-03-21 17:34:04,958] {logging_mixin.py:104} INFO -     temperature        city  pression              date
0       291.53       Paris      1025  2024-03-21 17:34
1       288.54      London      1022  2024-03-21 17:34
2       282.80  Washington      1015  2024-03-21 17:34
3       291.53       Paris      1025  2024-03-21 17:33
4       288.54      London      1022  2024-03-21 17:33
5       282.80  Washington      1015  2024-03-21 17:33
6       291.53       Paris      1025  2024-03-21 17:32
7       288.66      London      1022  2024-03-21 17:32
8       282.80  Washington      1015  2024-03-21 17:32
9       291.53       Paris      1025  2024-03-21 17:31
[2024-03-21 17:34:04,973] {python.py:151} INFO - Done. Returned value was: None
[2024-03-21 17:34:04,987] {taskinstance.py:1211} INFO - Marking task as SUCCESS. dag_id=***_exam, task_id=transform_into_fulldata.csv, execution_date=20240321T173300, start_date=20240321T173404, end_date=20240321T173404
[2024-03-21 17:34:05,031] {taskinstance.py:1265} INFO - 3 downstream tasks scheduled from follow-on schedule check
[2024-03-21 17:34:05,073] {local_task_job.py:151} INFO - Task exited with return code 0
