[2024-03-16 03:43:08,023] {taskinstance.py:896} INFO - Dependencies all met for <TaskInstance: airflow_exam.compute_lr_score 2024-03-16T03:42:00+00:00 [queued]>
[2024-03-16 03:43:08,044] {taskinstance.py:896} INFO - Dependencies all met for <TaskInstance: airflow_exam.compute_lr_score 2024-03-16T03:42:00+00:00 [queued]>
[2024-03-16 03:43:08,044] {taskinstance.py:1087} INFO - 
--------------------------------------------------------------------------------
[2024-03-16 03:43:08,044] {taskinstance.py:1088} INFO - Starting attempt 1 of 1
[2024-03-16 03:43:08,044] {taskinstance.py:1089} INFO - 
--------------------------------------------------------------------------------
[2024-03-16 03:43:08,055] {taskinstance.py:1107} INFO - Executing <Task(PythonOperator): compute_lr_score> on 2024-03-16T03:42:00+00:00
[2024-03-16 03:43:08,066] {standard_task_runner.py:52} INFO - Started process 143497 to run task
[2024-03-16 03:43:08,069] {standard_task_runner.py:76} INFO - Running: ['***', 'tasks', 'run', '***_exam', 'compute_lr_score', '2024-03-16T03:42:00+00:00', '--job-id', '6635', '--pool', 'default_pool', '--raw', '--subdir', 'DAGS_FOLDER/DAG.py', '--cfg-path', '/tmp/tmp9yoka9r3', '--error-file', '/tmp/tmp203ojb_6']
[2024-03-16 03:43:08,070] {standard_task_runner.py:77} INFO - Job 6635: Subtask compute_lr_score
[2024-03-16 03:43:08,121] {logging_mixin.py:104} INFO - Running <TaskInstance: ***_exam.compute_lr_score 2024-03-16T03:42:00+00:00 [running]> on host 3a3d0401ac26
[2024-03-16 03:43:08,188] {taskinstance.py:1302} INFO - Exporting the following env vars:
AIRFLOW_CTX_DAG_OWNER=***
AIRFLOW_CTX_DAG_ID=***_exam
AIRFLOW_CTX_TASK_ID=compute_lr_score
AIRFLOW_CTX_EXECUTION_DATE=2024-03-16T03:42:00+00:00
AIRFLOW_CTX_DAG_RUN_ID=scheduled__2024-03-16T03:42:00+00:00
[2024-03-16 03:43:08,444] {python.py:151} INFO - Done. Returned value was: None
[2024-03-16 03:43:08,464] {taskinstance.py:1211} INFO - Marking task as SUCCESS. dag_id=***_exam, task_id=compute_lr_score, execution_date=20240316T034200, start_date=20240316T034308, end_date=20240316T034308
[2024-03-16 03:43:08,524] {taskinstance.py:1265} INFO - 0 downstream tasks scheduled from follow-on schedule check
[2024-03-16 03:43:08,563] {local_task_job.py:151} INFO - Task exited with return code 0
