[2024-03-21 19:10:05,062] {taskinstance.py:896} INFO - Dependencies all met for <TaskInstance: airflow_exam.transform_into_data.csv 2024-03-21T19:09:00+00:00 [queued]>
[2024-03-21 19:10:05,085] {taskinstance.py:896} INFO - Dependencies all met for <TaskInstance: airflow_exam.transform_into_data.csv 2024-03-21T19:09:00+00:00 [queued]>
[2024-03-21 19:10:05,085] {taskinstance.py:1087} INFO - 
--------------------------------------------------------------------------------
[2024-03-21 19:10:05,086] {taskinstance.py:1088} INFO - Starting attempt 1 of 1
[2024-03-21 19:10:05,086] {taskinstance.py:1089} INFO - 
--------------------------------------------------------------------------------
[2024-03-21 19:10:05,098] {taskinstance.py:1107} INFO - Executing <Task(PythonOperator): transform_into_data.csv> on 2024-03-21T19:09:00+00:00
[2024-03-21 19:10:05,108] {standard_task_runner.py:52} INFO - Started process 45064 to run task
[2024-03-21 19:10:05,111] {standard_task_runner.py:76} INFO - Running: ['***', 'tasks', 'run', '***_exam', 'transform_into_data.csv', '2024-03-21T19:09:00+00:00', '--job-id', '10514', '--pool', 'default_pool', '--raw', '--subdir', 'DAGS_FOLDER/DAG.py', '--cfg-path', '/tmp/tmpqn86wrow', '--error-file', '/tmp/tmppq4qcgvc']
[2024-03-21 19:10:05,111] {standard_task_runner.py:77} INFO - Job 10514: Subtask transform_into_data.csv
[2024-03-21 19:10:05,165] {logging_mixin.py:104} INFO - Running <TaskInstance: ***_exam.transform_into_data.csv 2024-03-21T19:09:00+00:00 [running]> on host 3a3d0401ac26
[2024-03-21 19:10:05,236] {taskinstance.py:1302} INFO - Exporting the following env vars:
AIRFLOW_CTX_DAG_OWNER=***
AIRFLOW_CTX_DAG_ID=***_exam
AIRFLOW_CTX_TASK_ID=transform_into_data.csv
AIRFLOW_CTX_EXECUTION_DATE=2024-03-21T19:09:00+00:00
AIRFLOW_CTX_DAG_RUN_ID=scheduled__2024-03-21T19:09:00+00:00
[2024-03-21 19:10:05,242] {logging_mixin.py:104} INFO - 
[2024-03-21 19:10:05,260] {logging_mixin.py:104} INFO -     temperature        city  pression              date
0       288.98       Paris      1025  2024-03-21 19:10
1       287.24      London      1022  2024-03-21 19:10
2       286.40  Washington      1014  2024-03-21 19:10
3       288.98       Paris      1025  2024-03-21 19:09
4       287.24      London      1022  2024-03-21 19:09
5       286.40  Washington      1014  2024-03-21 19:09
6       288.98       Paris      1025  2024-03-21 19:08
7       287.24      London      1022  2024-03-21 19:08
8       286.40  Washington      1014  2024-03-21 19:08
9       288.98       Paris      1025  2024-03-21 19:07
[2024-03-21 19:10:05,265] {python.py:151} INFO - Done. Returned value was: None
[2024-03-21 19:10:05,278] {taskinstance.py:1211} INFO - Marking task as SUCCESS. dag_id=***_exam, task_id=transform_into_data.csv, execution_date=20240321T190900, start_date=20240321T191005, end_date=20240321T191005
[2024-03-21 19:10:05,311] {taskinstance.py:1265} INFO - 0 downstream tasks scheduled from follow-on schedule check
[2024-03-21 19:10:05,324] {local_task_job.py:151} INFO - Task exited with return code 0
