[2024-03-20 23:23:07,053] {taskinstance.py:896} INFO - Dependencies all met for <TaskInstance: airflow_exam.compute_rf_score 2024-03-20T23:22:00+00:00 [queued]>
[2024-03-20 23:23:07,071] {taskinstance.py:896} INFO - Dependencies all met for <TaskInstance: airflow_exam.compute_rf_score 2024-03-20T23:22:00+00:00 [queued]>
[2024-03-20 23:23:07,071] {taskinstance.py:1087} INFO - 
--------------------------------------------------------------------------------
[2024-03-20 23:23:07,071] {taskinstance.py:1088} INFO - Starting attempt 1 of 1
[2024-03-20 23:23:07,071] {taskinstance.py:1089} INFO - 
--------------------------------------------------------------------------------
[2024-03-20 23:23:07,094] {taskinstance.py:1107} INFO - Executing <Task(PythonOperator): compute_rf_score> on 2024-03-20T23:22:00+00:00
[2024-03-20 23:23:07,106] {standard_task_runner.py:52} INFO - Started process 36293 to run task
[2024-03-20 23:23:07,111] {standard_task_runner.py:76} INFO - Running: ['***', 'tasks', 'run', '***_exam', 'compute_rf_score', '2024-03-20T23:22:00+00:00', '--job-id', '8026', '--pool', 'default_pool', '--raw', '--subdir', 'DAGS_FOLDER/DAG.py', '--cfg-path', '/tmp/tmpkyx1cl37', '--error-file', '/tmp/tmppau_nhq1']
[2024-03-20 23:23:07,111] {standard_task_runner.py:77} INFO - Job 8026: Subtask compute_rf_score
[2024-03-20 23:23:07,178] {logging_mixin.py:104} INFO - Running <TaskInstance: ***_exam.compute_rf_score 2024-03-20T23:22:00+00:00 [running]> on host 3a3d0401ac26
[2024-03-20 23:23:07,274] {taskinstance.py:1302} INFO - Exporting the following env vars:
AIRFLOW_CTX_DAG_OWNER=***
AIRFLOW_CTX_DAG_ID=***_exam
AIRFLOW_CTX_TASK_ID=compute_rf_score
AIRFLOW_CTX_EXECUTION_DATE=2024-03-20T23:22:00+00:00
AIRFLOW_CTX_DAG_RUN_ID=scheduled__2024-03-20T23:22:00+00:00
[2024-03-20 23:23:09,863] {python.py:151} INFO - Done. Returned value was: None
[2024-03-20 23:23:09,876] {taskinstance.py:1211} INFO - Marking task as SUCCESS. dag_id=***_exam, task_id=compute_rf_score, execution_date=20240320T232200, start_date=20240320T232307, end_date=20240320T232309
[2024-03-20 23:23:09,912] {taskinstance.py:1265} INFO - 1 downstream tasks scheduled from follow-on schedule check
[2024-03-20 23:23:09,940] {local_task_job.py:151} INFO - Task exited with return code 0
