[2024-03-21 19:03:04,865] {taskinstance.py:896} INFO - Dependencies all met for <TaskInstance: airflow_exam.transform_into_fulldata.csv 2024-03-21T19:02:00+00:00 [queued]>
[2024-03-21 19:03:04,886] {taskinstance.py:896} INFO - Dependencies all met for <TaskInstance: airflow_exam.transform_into_fulldata.csv 2024-03-21T19:02:00+00:00 [queued]>
[2024-03-21 19:03:04,886] {taskinstance.py:1087} INFO - 
--------------------------------------------------------------------------------
[2024-03-21 19:03:04,886] {taskinstance.py:1088} INFO - Starting attempt 1 of 1
[2024-03-21 19:03:04,887] {taskinstance.py:1089} INFO - 
--------------------------------------------------------------------------------
[2024-03-21 19:03:04,899] {taskinstance.py:1107} INFO - Executing <Task(PythonOperator): transform_into_fulldata.csv> on 2024-03-21T19:02:00+00:00
[2024-03-21 19:03:04,909] {standard_task_runner.py:52} INFO - Started process 43545 to run task
[2024-03-21 19:03:04,912] {standard_task_runner.py:76} INFO - Running: ['***', 'tasks', 'run', '***_exam', 'transform_into_fulldata.csv', '2024-03-21T19:02:00+00:00', '--job-id', '10466', '--pool', 'default_pool', '--raw', '--subdir', 'DAGS_FOLDER/DAG.py', '--cfg-path', '/tmp/tmpryl0p50o', '--error-file', '/tmp/tmp3xkxut50']
[2024-03-21 19:03:04,912] {standard_task_runner.py:77} INFO - Job 10466: Subtask transform_into_fulldata.csv
[2024-03-21 19:03:04,966] {logging_mixin.py:104} INFO - Running <TaskInstance: ***_exam.transform_into_fulldata.csv 2024-03-21T19:02:00+00:00 [running]> on host 3a3d0401ac26
[2024-03-21 19:03:05,048] {taskinstance.py:1302} INFO - Exporting the following env vars:
AIRFLOW_CTX_DAG_OWNER=***
AIRFLOW_CTX_DAG_ID=***_exam
AIRFLOW_CTX_TASK_ID=transform_into_fulldata.csv
AIRFLOW_CTX_EXECUTION_DATE=2024-03-21T19:02:00+00:00
AIRFLOW_CTX_DAG_RUN_ID=scheduled__2024-03-21T19:02:00+00:00
[2024-03-21 19:03:05,186] {logging_mixin.py:104} INFO - 
[2024-03-21 19:03:05,239] {logging_mixin.py:104} INFO -     temperature        city  pression              date
0       289.14       Paris      1025  2024-03-21 19:03
1       287.23      London      1022  2024-03-21 19:03
2       286.24  Washington      1014  2024-03-21 19:03
3       289.14       Paris      1025  2024-03-21 19:02
4       287.23      London      1022  2024-03-21 19:02
5       286.24  Washington      1014  2024-03-21 19:02
6       289.13       Paris      1025  2024-03-21 19:01
7       287.25      London      1022  2024-03-21 19:01
8       286.17  Washington      1014  2024-03-21 19:01
9       289.13       Paris      1025  2024-03-21 19:00
[2024-03-21 19:03:05,267] {python.py:151} INFO - Done. Returned value was: None
[2024-03-21 19:03:05,287] {taskinstance.py:1211} INFO - Marking task as SUCCESS. dag_id=***_exam, task_id=transform_into_fulldata.csv, execution_date=20240321T190200, start_date=20240321T190304, end_date=20240321T190305
[2024-03-21 19:03:05,332] {taskinstance.py:1265} INFO - 3 downstream tasks scheduled from follow-on schedule check
[2024-03-21 19:03:05,366] {local_task_job.py:151} INFO - Task exited with return code 0
