[2024-03-21 01:11:07,716] {taskinstance.py:896} INFO - Dependencies all met for <TaskInstance: airflow_exam.compute_lr_score 2024-03-21T01:10:00+00:00 [queued]>
[2024-03-21 01:11:07,737] {taskinstance.py:896} INFO - Dependencies all met for <TaskInstance: airflow_exam.compute_lr_score 2024-03-21T01:10:00+00:00 [queued]>
[2024-03-21 01:11:07,737] {taskinstance.py:1087} INFO - 
--------------------------------------------------------------------------------
[2024-03-21 01:11:07,737] {taskinstance.py:1088} INFO - Starting attempt 1 of 1
[2024-03-21 01:11:07,737] {taskinstance.py:1089} INFO - 
--------------------------------------------------------------------------------
[2024-03-21 01:11:07,764] {taskinstance.py:1107} INFO - Executing <Task(PythonOperator): compute_lr_score> on 2024-03-21T01:10:00+00:00
[2024-03-21 01:11:07,779] {standard_task_runner.py:52} INFO - Started process 10928 to run task
[2024-03-21 01:11:07,784] {standard_task_runner.py:76} INFO - Running: ['***', 'tasks', 'run', '***_exam', 'compute_lr_score', '2024-03-21T01:10:00+00:00', '--job-id', '8726', '--pool', 'default_pool', '--raw', '--subdir', 'DAGS_FOLDER/DAG.py', '--cfg-path', '/tmp/tmpt6ttc8w0', '--error-file', '/tmp/tmpxdr3fmjj']
[2024-03-21 01:11:07,785] {standard_task_runner.py:77} INFO - Job 8726: Subtask compute_lr_score
[2024-03-21 01:11:07,862] {logging_mixin.py:104} INFO - Running <TaskInstance: ***_exam.compute_lr_score 2024-03-21T01:10:00+00:00 [running]> on host 3a3d0401ac26
[2024-03-21 01:11:07,951] {taskinstance.py:1302} INFO - Exporting the following env vars:
AIRFLOW_CTX_DAG_OWNER=***
AIRFLOW_CTX_DAG_ID=***_exam
AIRFLOW_CTX_TASK_ID=compute_lr_score
AIRFLOW_CTX_EXECUTION_DATE=2024-03-21T01:10:00+00:00
AIRFLOW_CTX_DAG_RUN_ID=scheduled__2024-03-21T01:10:00+00:00
[2024-03-21 01:11:08,264] {python.py:151} INFO - Done. Returned value was: None
[2024-03-21 01:11:08,297] {taskinstance.py:1211} INFO - Marking task as SUCCESS. dag_id=***_exam, task_id=compute_lr_score, execution_date=20240321T011000, start_date=20240321T011107, end_date=20240321T011108
[2024-03-21 01:11:08,385] {taskinstance.py:1265} INFO - 0 downstream tasks scheduled from follow-on schedule check
[2024-03-21 01:11:08,439] {local_task_job.py:151} INFO - Task exited with return code 0
