[2024-03-21 19:41:03,567] {taskinstance.py:896} INFO - Dependencies all met for <TaskInstance: airflow_exam.transform_into_fulldata.csv 2024-03-21T19:40:00+00:00 [queued]>
[2024-03-21 19:41:03,592] {taskinstance.py:896} INFO - Dependencies all met for <TaskInstance: airflow_exam.transform_into_fulldata.csv 2024-03-21T19:40:00+00:00 [queued]>
[2024-03-21 19:41:03,593] {taskinstance.py:1087} INFO - 
--------------------------------------------------------------------------------
[2024-03-21 19:41:03,593] {taskinstance.py:1088} INFO - Starting attempt 1 of 1
[2024-03-21 19:41:03,593] {taskinstance.py:1089} INFO - 
--------------------------------------------------------------------------------
[2024-03-21 19:41:03,607] {taskinstance.py:1107} INFO - Executing <Task(PythonOperator): transform_into_fulldata.csv> on 2024-03-21T19:40:00+00:00
[2024-03-21 19:41:03,617] {standard_task_runner.py:52} INFO - Started process 51774 to run task
[2024-03-21 19:41:03,622] {standard_task_runner.py:76} INFO - Running: ['***', 'tasks', 'run', '***_exam', 'transform_into_fulldata.csv', '2024-03-21T19:40:00+00:00', '--job-id', '10731', '--pool', 'default_pool', '--raw', '--subdir', 'DAGS_FOLDER/DAG.py', '--cfg-path', '/tmp/tmpb5idh59n', '--error-file', '/tmp/tmp86ozy8ce']
[2024-03-21 19:41:03,622] {standard_task_runner.py:77} INFO - Job 10731: Subtask transform_into_fulldata.csv
[2024-03-21 19:41:03,690] {logging_mixin.py:104} INFO - Running <TaskInstance: ***_exam.transform_into_fulldata.csv 2024-03-21T19:40:00+00:00 [running]> on host 3a3d0401ac26
[2024-03-21 19:41:03,780] {taskinstance.py:1302} INFO - Exporting the following env vars:
AIRFLOW_CTX_DAG_OWNER=***
AIRFLOW_CTX_DAG_ID=***_exam
AIRFLOW_CTX_TASK_ID=transform_into_fulldata.csv
AIRFLOW_CTX_EXECUTION_DATE=2024-03-21T19:40:00+00:00
AIRFLOW_CTX_DAG_RUN_ID=scheduled__2024-03-21T19:40:00+00:00
[2024-03-21 19:41:03,928] {logging_mixin.py:104} INFO - 
[2024-03-21 19:41:03,955] {logging_mixin.py:104} INFO -     temperature        city  pression              date
0       288.65       Paris      1025  2024-03-21 19:41
1       286.75      London      1022  2024-03-21 19:41
2       286.81  Washington      1014  2024-03-21 19:41
3       288.65       Paris      1025  2024-03-21 19:40
4       286.75      London      1022  2024-03-21 19:40
5       286.59  Washington      1014  2024-03-21 19:40
6       288.65       Paris      1025  2024-03-21 19:39
7       286.75      London      1022  2024-03-21 19:39
8       286.59  Washington      1014  2024-03-21 19:39
9       288.65       Paris      1025  2024-03-21 19:38
[2024-03-21 19:41:03,976] {python.py:151} INFO - Done. Returned value was: None
[2024-03-21 19:41:03,992] {taskinstance.py:1211} INFO - Marking task as SUCCESS. dag_id=***_exam, task_id=transform_into_fulldata.csv, execution_date=20240321T194000, start_date=20240321T194103, end_date=20240321T194103
[2024-03-21 19:41:04,041] {taskinstance.py:1265} INFO - 3 downstream tasks scheduled from follow-on schedule check
[2024-03-21 19:41:04,075] {local_task_job.py:151} INFO - Task exited with return code 0
