[2023-10-06 20:34:07,429] {taskinstance.py:896} INFO - Dependencies all met for <TaskInstance: airflow_exam.train_best_model 2023-10-06T20:33:00+00:00 [queued]>
[2023-10-06 20:34:07,441] {taskinstance.py:896} INFO - Dependencies all met for <TaskInstance: airflow_exam.train_best_model 2023-10-06T20:33:00+00:00 [queued]>
[2023-10-06 20:34:07,442] {taskinstance.py:1087} INFO - 
--------------------------------------------------------------------------------
[2023-10-06 20:34:07,442] {taskinstance.py:1088} INFO - Starting attempt 1 of 1
[2023-10-06 20:34:07,442] {taskinstance.py:1089} INFO - 
--------------------------------------------------------------------------------
[2023-10-06 20:34:07,456] {taskinstance.py:1107} INFO - Executing <Task(PythonOperator): train_best_model> on 2023-10-06T20:33:00+00:00
[2023-10-06 20:34:07,462] {standard_task_runner.py:52} INFO - Started process 17685 to run task
[2023-10-06 20:34:07,465] {standard_task_runner.py:76} INFO - Running: ['***', 'tasks', 'run', '***_exam', 'train_best_model', '2023-10-06T20:33:00+00:00', '--job-id', '913', '--pool', 'default_pool', '--raw', '--subdir', 'DAGS_FOLDER/DAG.py', '--cfg-path', '/tmp/tmp33ajcqcx', '--error-file', '/tmp/tmpdae66pe7']
[2023-10-06 20:34:07,466] {standard_task_runner.py:77} INFO - Job 913: Subtask train_best_model
[2023-10-06 20:34:07,506] {logging_mixin.py:104} INFO - Running <TaskInstance: ***_exam.train_best_model 2023-10-06T20:33:00+00:00 [running]> on host 3a3d0401ac26
[2023-10-06 20:34:07,558] {taskinstance.py:1302} INFO - Exporting the following env vars:
AIRFLOW_CTX_DAG_OWNER=***
AIRFLOW_CTX_DAG_ID=***_exam
AIRFLOW_CTX_TASK_ID=train_best_model
AIRFLOW_CTX_EXECUTION_DATE=2023-10-06T20:33:00+00:00
AIRFLOW_CTX_DAG_RUN_ID=scheduled__2023-10-06T20:33:00+00:00
[2023-10-06 20:34:07,650] {logging_mixin.py:104} INFO - LinearRegression() saved at  /app/clean_data/best_model.pickle
[2023-10-06 20:34:07,652] {python.py:151} INFO - Done. Returned value was: None
[2023-10-06 20:34:07,663] {taskinstance.py:1211} INFO - Marking task as SUCCESS. dag_id=***_exam, task_id=train_best_model, execution_date=20231006T203300, start_date=20231006T203407, end_date=20231006T203407
[2023-10-06 20:34:07,691] {taskinstance.py:1265} INFO - 0 downstream tasks scheduled from follow-on schedule check
[2023-10-06 20:34:07,718] {local_task_job.py:151} INFO - Task exited with return code 0
