[2024-03-15 14:01:05,545] {taskinstance.py:896} INFO - Dependencies all met for <TaskInstance: airflow_exam.transform_into_data.csv 2024-03-15T14:00:00+00:00 [queued]>
[2024-03-15 14:01:05,576] {taskinstance.py:896} INFO - Dependencies all met for <TaskInstance: airflow_exam.transform_into_data.csv 2024-03-15T14:00:00+00:00 [queued]>
[2024-03-15 14:01:05,578] {taskinstance.py:1087} INFO - 
--------------------------------------------------------------------------------
[2024-03-15 14:01:05,578] {taskinstance.py:1088} INFO - Starting attempt 1 of 1
[2024-03-15 14:01:05,578] {taskinstance.py:1089} INFO - 
--------------------------------------------------------------------------------
[2024-03-15 14:01:05,593] {taskinstance.py:1107} INFO - Executing <Task(PythonOperator): transform_into_data.csv> on 2024-03-15T14:00:00+00:00
[2024-03-15 14:01:05,606] {standard_task_runner.py:52} INFO - Started process 2192 to run task
[2024-03-15 14:01:05,610] {standard_task_runner.py:76} INFO - Running: ['***', 'tasks', 'run', '***_exam', 'transform_into_data.csv', '2024-03-15T14:00:00+00:00', '--job-id', '1773', '--pool', 'default_pool', '--raw', '--subdir', 'DAGS_FOLDER/DAG.py', '--cfg-path', '/tmp/tmpbnbd_w_k', '--error-file', '/tmp/tmpyj5sdyzz']
[2024-03-15 14:01:05,611] {standard_task_runner.py:77} INFO - Job 1773: Subtask transform_into_data.csv
[2024-03-15 14:01:05,674] {logging_mixin.py:104} INFO - Running <TaskInstance: ***_exam.transform_into_data.csv 2024-03-15T14:00:00+00:00 [running]> on host 3a3d0401ac26
[2024-03-15 14:01:05,756] {taskinstance.py:1302} INFO - Exporting the following env vars:
AIRFLOW_CTX_DAG_OWNER=***
AIRFLOW_CTX_DAG_ID=***_exam
AIRFLOW_CTX_TASK_ID=transform_into_data.csv
AIRFLOW_CTX_EXECUTION_DATE=2024-03-15T14:00:00+00:00
AIRFLOW_CTX_DAG_RUN_ID=scheduled__2024-03-15T14:00:00+00:00
[2024-03-15 14:01:05,764] {logging_mixin.py:104} INFO - 
[2024-03-15 14:01:05,786] {logging_mixin.py:104} INFO -     temperature        city  pression              date
0       288.54       Paris      1012  2024-03-15 14:01
1       287.61      London      1004  2024-03-15 14:01
2       274.46  Washington      1029  2024-03-15 14:01
3       288.54       Paris      1012  2024-03-15 14:00
4       287.61      London      1004  2024-03-15 14:00
5       274.46  Washington      1029  2024-03-15 14:00
6       288.54       Paris      1012  2024-03-15 13:59
7       287.61      London      1004  2024-03-15 13:59
8       274.46  Washington      1029  2024-03-15 13:59
9       288.54       Paris      1012  2024-03-15 13:58
[2024-03-15 14:01:05,791] {python.py:151} INFO - Done. Returned value was: None
[2024-03-15 14:01:05,806] {taskinstance.py:1211} INFO - Marking task as SUCCESS. dag_id=***_exam, task_id=transform_into_data.csv, execution_date=20240315T140000, start_date=20240315T140105, end_date=20240315T140105
[2024-03-15 14:01:05,847] {taskinstance.py:1265} INFO - 0 downstream tasks scheduled from follow-on schedule check
[2024-03-15 14:01:05,862] {local_task_job.py:151} INFO - Task exited with return code 0
