[2024-03-21 16:18:05,136] {taskinstance.py:896} INFO - Dependencies all met for <TaskInstance: airflow_exam.transform_into_data.csv 2024-03-21T16:17:00+00:00 [queued]>
[2024-03-21 16:18:05,159] {taskinstance.py:896} INFO - Dependencies all met for <TaskInstance: airflow_exam.transform_into_data.csv 2024-03-21T16:17:00+00:00 [queued]>
[2024-03-21 16:18:05,160] {taskinstance.py:1087} INFO - 
--------------------------------------------------------------------------------
[2024-03-21 16:18:05,160] {taskinstance.py:1088} INFO - Starting attempt 1 of 1
[2024-03-21 16:18:05,160] {taskinstance.py:1089} INFO - 
--------------------------------------------------------------------------------
[2024-03-21 16:18:05,172] {taskinstance.py:1107} INFO - Executing <Task(PythonOperator): transform_into_data.csv> on 2024-03-21T16:17:00+00:00
[2024-03-21 16:18:05,181] {standard_task_runner.py:52} INFO - Started process 7974 to run task
[2024-03-21 16:18:05,186] {standard_task_runner.py:76} INFO - Running: ['***', 'tasks', 'run', '***_exam', 'transform_into_data.csv', '2024-03-21T16:17:00+00:00', '--job-id', '9310', '--pool', 'default_pool', '--raw', '--subdir', 'DAGS_FOLDER/DAG.py', '--cfg-path', '/tmp/tmpmb46x4ej', '--error-file', '/tmp/tmpytpnzvlc']
[2024-03-21 16:18:05,186] {standard_task_runner.py:77} INFO - Job 9310: Subtask transform_into_data.csv
[2024-03-21 16:18:05,242] {logging_mixin.py:104} INFO - Running <TaskInstance: ***_exam.transform_into_data.csv 2024-03-21T16:17:00+00:00 [running]> on host 3a3d0401ac26
[2024-03-21 16:18:05,306] {taskinstance.py:1302} INFO - Exporting the following env vars:
AIRFLOW_CTX_DAG_OWNER=***
AIRFLOW_CTX_DAG_ID=***_exam
AIRFLOW_CTX_TASK_ID=transform_into_data.csv
AIRFLOW_CTX_EXECUTION_DATE=2024-03-21T16:17:00+00:00
AIRFLOW_CTX_DAG_RUN_ID=scheduled__2024-03-21T16:17:00+00:00
[2024-03-21 16:18:05,313] {logging_mixin.py:104} INFO - 
[2024-03-21 16:18:05,332] {logging_mixin.py:104} INFO -     temperature        city  pression              date
0       292.89       Paris      1025  2024-03-21 16:18
1       289.47      London      1023  2024-03-21 16:18
2       281.04  Washington      1015  2024-03-21 16:18
3       292.89       Paris      1025  2024-03-21 16:17
4       289.47      London      1023  2024-03-21 16:17
5       281.04  Washington      1015  2024-03-21 16:17
6       292.99       Paris      1025  2024-03-21 16:16
7       289.46      London      1023  2024-03-21 16:16
8       281.04  Washington      1015  2024-03-21 16:16
9       292.99       Paris      1025  2024-03-21 16:15
[2024-03-21 16:18:05,336] {python.py:151} INFO - Done. Returned value was: None
[2024-03-21 16:18:05,349] {taskinstance.py:1211} INFO - Marking task as SUCCESS. dag_id=***_exam, task_id=transform_into_data.csv, execution_date=20240321T161700, start_date=20240321T161805, end_date=20240321T161805
[2024-03-21 16:18:05,382] {taskinstance.py:1265} INFO - 0 downstream tasks scheduled from follow-on schedule check
[2024-03-21 16:18:05,397] {local_task_job.py:151} INFO - Task exited with return code 0
