[2024-03-21 17:02:07,739] {taskinstance.py:896} INFO - Dependencies all met for <TaskInstance: airflow_exam.transform_into_fulldata.csv 2024-03-21T17:01:00+00:00 [queued]>
[2024-03-21 17:02:07,774] {taskinstance.py:896} INFO - Dependencies all met for <TaskInstance: airflow_exam.transform_into_fulldata.csv 2024-03-21T17:01:00+00:00 [queued]>
[2024-03-21 17:02:07,775] {taskinstance.py:1087} INFO - 
--------------------------------------------------------------------------------
[2024-03-21 17:02:07,775] {taskinstance.py:1088} INFO - Starting attempt 1 of 1
[2024-03-21 17:02:07,775] {taskinstance.py:1089} INFO - 
--------------------------------------------------------------------------------
[2024-03-21 17:02:07,794] {taskinstance.py:1107} INFO - Executing <Task(PythonOperator): transform_into_fulldata.csv> on 2024-03-21T17:01:00+00:00
[2024-03-21 17:02:07,815] {standard_task_runner.py:52} INFO - Started process 17532 to run task
[2024-03-21 17:02:07,823] {standard_task_runner.py:76} INFO - Running: ['***', 'tasks', 'run', '***_exam', 'transform_into_fulldata.csv', '2024-03-21T17:01:00+00:00', '--job-id', '9619', '--pool', 'default_pool', '--raw', '--subdir', 'DAGS_FOLDER/DAG.py', '--cfg-path', '/tmp/tmpbq44_xtc', '--error-file', '/tmp/tmpg9wqroty']
[2024-03-21 17:02:07,823] {standard_task_runner.py:77} INFO - Job 9619: Subtask transform_into_fulldata.csv
[2024-03-21 17:02:07,903] {logging_mixin.py:104} INFO - Running <TaskInstance: ***_exam.transform_into_fulldata.csv 2024-03-21T17:01:00+00:00 [running]> on host 3a3d0401ac26
[2024-03-21 17:02:08,017] {taskinstance.py:1302} INFO - Exporting the following env vars:
AIRFLOW_CTX_DAG_OWNER=***
AIRFLOW_CTX_DAG_ID=***_exam
AIRFLOW_CTX_TASK_ID=transform_into_fulldata.csv
AIRFLOW_CTX_EXECUTION_DATE=2024-03-21T17:01:00+00:00
AIRFLOW_CTX_DAG_RUN_ID=scheduled__2024-03-21T17:01:00+00:00
[2024-03-21 17:02:08,207] {logging_mixin.py:104} INFO - 
[2024-03-21 17:02:08,251] {logging_mixin.py:104} INFO -     temperature        city  pression              date
0       291.63       Paris      1025  2024-03-21 17:02
1       288.84      London      1022  2024-03-21 17:02
2       282.30  Washington      1015  2024-03-21 17:02
3       292.10       Paris      1025  2024-03-21 17:01
4       289.08      London      1022  2024-03-21 17:01
5       282.30  Washington      1015  2024-03-21 17:01
6       292.10       Paris      1025  2024-03-21 17:00
7       289.08      London      1022  2024-03-21 17:00
8       282.30  Washington      1015  2024-03-21 17:00
9       291.81       Paris      1025  2024-03-21 16:59
[2024-03-21 17:02:08,278] {python.py:151} INFO - Done. Returned value was: None
[2024-03-21 17:02:08,296] {taskinstance.py:1211} INFO - Marking task as SUCCESS. dag_id=***_exam, task_id=transform_into_fulldata.csv, execution_date=20240321T170100, start_date=20240321T170207, end_date=20240321T170208
[2024-03-21 17:02:08,353] {taskinstance.py:1265} INFO - 3 downstream tasks scheduled from follow-on schedule check
[2024-03-21 17:02:08,399] {local_task_job.py:151} INFO - Task exited with return code 0
