[2024-03-21 01:16:05,315] {taskinstance.py:896} INFO - Dependencies all met for <TaskInstance: airflow_exam.transform_into_fulldata.csv 2024-03-21T01:15:00+00:00 [queued]>
[2024-03-21 01:16:05,334] {taskinstance.py:896} INFO - Dependencies all met for <TaskInstance: airflow_exam.transform_into_fulldata.csv 2024-03-21T01:15:00+00:00 [queued]>
[2024-03-21 01:16:05,334] {taskinstance.py:1087} INFO - 
--------------------------------------------------------------------------------
[2024-03-21 01:16:05,334] {taskinstance.py:1088} INFO - Starting attempt 1 of 1
[2024-03-21 01:16:05,335] {taskinstance.py:1089} INFO - 
--------------------------------------------------------------------------------
[2024-03-21 01:16:05,357] {taskinstance.py:1107} INFO - Executing <Task(PythonOperator): transform_into_fulldata.csv> on 2024-03-21T01:15:00+00:00
[2024-03-21 01:16:05,369] {standard_task_runner.py:52} INFO - Started process 11973 to run task
[2024-03-21 01:16:05,374] {standard_task_runner.py:76} INFO - Running: ['***', 'tasks', 'run', '***_exam', 'transform_into_fulldata.csv', '2024-03-21T01:15:00+00:00', '--job-id', '8758', '--pool', 'default_pool', '--raw', '--subdir', 'DAGS_FOLDER/DAG.py', '--cfg-path', '/tmp/tmpycn2lbw8', '--error-file', '/tmp/tmpr7gocbpx']
[2024-03-21 01:16:05,374] {standard_task_runner.py:77} INFO - Job 8758: Subtask transform_into_fulldata.csv
[2024-03-21 01:16:05,441] {logging_mixin.py:104} INFO - Running <TaskInstance: ***_exam.transform_into_fulldata.csv 2024-03-21T01:15:00+00:00 [running]> on host 3a3d0401ac26
[2024-03-21 01:16:05,531] {taskinstance.py:1302} INFO - Exporting the following env vars:
AIRFLOW_CTX_DAG_OWNER=***
AIRFLOW_CTX_DAG_ID=***_exam
AIRFLOW_CTX_TASK_ID=transform_into_fulldata.csv
AIRFLOW_CTX_EXECUTION_DATE=2024-03-21T01:15:00+00:00
AIRFLOW_CTX_DAG_RUN_ID=scheduled__2024-03-21T01:15:00+00:00
[2024-03-21 01:16:05,655] {logging_mixin.py:104} INFO - 
[2024-03-21 01:16:05,678] {logging_mixin.py:104} INFO -     temperature        city  pression              date
0       285.61       Paris      1021  2024-03-21 01:16
1       283.74      London      1023  2024-03-21 01:16
2       288.06  Washington      1007  2024-03-21 01:16
3       285.61       Paris      1021  2024-03-21 01:15
4       283.74      London      1023  2024-03-21 01:15
5       288.06  Washington      1007  2024-03-21 01:15
6       285.61       Paris      1021  2024-03-21 01:14
7       283.74      London      1023  2024-03-21 01:14
8       288.06  Washington      1007  2024-03-21 01:14
9       285.61       Paris      1021  2024-03-21 01:13
[2024-03-21 01:16:05,693] {python.py:151} INFO - Done. Returned value was: None
[2024-03-21 01:16:05,707] {taskinstance.py:1211} INFO - Marking task as SUCCESS. dag_id=***_exam, task_id=transform_into_fulldata.csv, execution_date=20240321T011500, start_date=20240321T011605, end_date=20240321T011605
[2024-03-21 01:16:05,759] {taskinstance.py:1265} INFO - 3 downstream tasks scheduled from follow-on schedule check
[2024-03-21 01:16:05,787] {local_task_job.py:151} INFO - Task exited with return code 0
