[2023-10-06 20:44:04,794] {taskinstance.py:896} INFO - Dependencies all met for <TaskInstance: airflow_exam.transform_into_data.csv 2023-10-06T20:43:00+00:00 [queued]>
[2023-10-06 20:44:04,810] {taskinstance.py:896} INFO - Dependencies all met for <TaskInstance: airflow_exam.transform_into_data.csv 2023-10-06T20:43:00+00:00 [queued]>
[2023-10-06 20:44:04,810] {taskinstance.py:1087} INFO - 
--------------------------------------------------------------------------------
[2023-10-06 20:44:04,810] {taskinstance.py:1088} INFO - Starting attempt 1 of 1
[2023-10-06 20:44:04,810] {taskinstance.py:1089} INFO - 
--------------------------------------------------------------------------------
[2023-10-06 20:44:04,827] {taskinstance.py:1107} INFO - Executing <Task(PythonOperator): transform_into_data.csv> on 2023-10-06T20:43:00+00:00
[2023-10-06 20:44:04,836] {standard_task_runner.py:52} INFO - Started process 19510 to run task
[2023-10-06 20:44:04,841] {standard_task_runner.py:76} INFO - Running: ['***', 'tasks', 'run', '***_exam', 'transform_into_data.csv', '2023-10-06T20:43:00+00:00', '--job-id', '978', '--pool', 'default_pool', '--raw', '--subdir', 'DAGS_FOLDER/DAG.py', '--cfg-path', '/tmp/tmpd8kel3v8', '--error-file', '/tmp/tmpdcl46_s4']
[2023-10-06 20:44:04,841] {standard_task_runner.py:77} INFO - Job 978: Subtask transform_into_data.csv
[2023-10-06 20:44:04,904] {logging_mixin.py:104} INFO - Running <TaskInstance: ***_exam.transform_into_data.csv 2023-10-06T20:43:00+00:00 [running]> on host 3a3d0401ac26
[2023-10-06 20:44:04,993] {taskinstance.py:1302} INFO - Exporting the following env vars:
AIRFLOW_CTX_DAG_OWNER=***
AIRFLOW_CTX_DAG_ID=***_exam
AIRFLOW_CTX_TASK_ID=transform_into_data.csv
AIRFLOW_CTX_EXECUTION_DATE=2023-10-06T20:43:00+00:00
AIRFLOW_CTX_DAG_RUN_ID=scheduled__2023-10-06T20:43:00+00:00
[2023-10-06 20:44:05,004] {logging_mixin.py:104} INFO - 
[2023-10-06 20:44:05,035] {logging_mixin.py:104} INFO -     temperature        city  pression              date
0       287.71       Paris      1026  2023-10-06 20:44
1       289.82      London      1023  2023-10-06 20:44
2       294.47  Washington      1023  2023-10-06 20:44
3       287.71       Paris      1026  2023-10-06 20:43
4       289.82      London      1023  2023-10-06 20:43
5       294.47  Washington      1023  2023-10-06 20:43
6       287.79       Paris      1026  2023-10-06 20:42
7       289.99      London      1023  2023-10-06 20:42
8       294.47  Washington      1023  2023-10-06 20:42
9       287.79       Paris      1026  2023-10-06 20:41
[2023-10-06 20:44:05,042] {python.py:151} INFO - Done. Returned value was: None
[2023-10-06 20:44:05,055] {taskinstance.py:1211} INFO - Marking task as SUCCESS. dag_id=***_exam, task_id=transform_into_data.csv, execution_date=20231006T204300, start_date=20231006T204404, end_date=20231006T204405
[2023-10-06 20:44:05,088] {taskinstance.py:1265} INFO - 0 downstream tasks scheduled from follow-on schedule check
[2023-10-06 20:44:05,134] {local_task_job.py:151} INFO - Task exited with return code 0
