[2023-10-06 19:31:03,879] {taskinstance.py:896} INFO - Dependencies all met for <TaskInstance: airflow_exam.transform_into_data.csv 2023-10-06T19:30:00+00:00 [queued]>
[2023-10-06 19:31:03,891] {taskinstance.py:896} INFO - Dependencies all met for <TaskInstance: airflow_exam.transform_into_data.csv 2023-10-06T19:30:00+00:00 [queued]>
[2023-10-06 19:31:03,892] {taskinstance.py:1087} INFO - 
--------------------------------------------------------------------------------
[2023-10-06 19:31:03,892] {taskinstance.py:1088} INFO - Starting attempt 1 of 1
[2023-10-06 19:31:03,892] {taskinstance.py:1089} INFO - 
--------------------------------------------------------------------------------
[2023-10-06 19:31:03,907] {taskinstance.py:1107} INFO - Executing <Task(PythonOperator): transform_into_data.csv> on 2023-10-06T19:30:00+00:00
[2023-10-06 19:31:03,914] {standard_task_runner.py:52} INFO - Started process 5635 to run task
[2023-10-06 19:31:03,917] {standard_task_runner.py:76} INFO - Running: ['***', 'tasks', 'run', '***_exam', 'transform_into_data.csv', '2023-10-06T19:30:00+00:00', '--job-id', '467', '--pool', 'default_pool', '--raw', '--subdir', 'DAGS_FOLDER/DAG.py', '--cfg-path', '/tmp/tmp4q8vrc2b', '--error-file', '/tmp/tmp5s9yogjt']
[2023-10-06 19:31:03,918] {standard_task_runner.py:77} INFO - Job 467: Subtask transform_into_data.csv
[2023-10-06 19:31:03,959] {logging_mixin.py:104} INFO - Running <TaskInstance: ***_exam.transform_into_data.csv 2023-10-06T19:30:00+00:00 [running]> on host 3a3d0401ac26
[2023-10-06 19:31:04,011] {taskinstance.py:1302} INFO - Exporting the following env vars:
AIRFLOW_CTX_DAG_OWNER=***
AIRFLOW_CTX_DAG_ID=***_exam
AIRFLOW_CTX_TASK_ID=transform_into_data.csv
AIRFLOW_CTX_EXECUTION_DATE=2023-10-06T19:30:00+00:00
AIRFLOW_CTX_DAG_RUN_ID=scheduled__2023-10-06T19:30:00+00:00
[2023-10-06 19:31:04,016] {logging_mixin.py:104} INFO - 
[2023-10-06 19:31:04,034] {logging_mixin.py:104} INFO -     temperature        city  pression              date
0       289.07       Paris      1026  2023-10-06 19:31
1       290.35      London      1023  2023-10-06 19:31
2       292.25  Washington      1025  2023-10-06 19:31
3       289.07       Paris      1026  2023-10-06 19:30
4       290.35      London      1023  2023-10-06 19:30
5       292.25  Washington      1025  2023-10-06 19:30
6       289.07       Paris      1026  2023-10-06 19:29
7       290.35      London      1023  2023-10-06 19:29
8       292.25  Washington      1025  2023-10-06 19:29
9       289.07       Paris      1026  2023-10-06 19:28
[2023-10-06 19:31:04,037] {python.py:151} INFO - Done. Returned value was: None
[2023-10-06 19:31:04,047] {taskinstance.py:1211} INFO - Marking task as SUCCESS. dag_id=***_exam, task_id=transform_into_data.csv, execution_date=20231006T193000, start_date=20231006T193103, end_date=20231006T193104
[2023-10-06 19:31:04,079] {taskinstance.py:1265} INFO - 0 downstream tasks scheduled from follow-on schedule check
[2023-10-06 19:31:04,090] {local_task_job.py:151} INFO - Task exited with return code 0
