[2023-10-07 16:11:03,937] {taskinstance.py:896} INFO - Dependencies all met for <TaskInstance: airflow_exam.transform_into_data.csv 2023-10-07T16:10:00+00:00 [queued]>
[2023-10-07 16:11:03,956] {taskinstance.py:896} INFO - Dependencies all met for <TaskInstance: airflow_exam.transform_into_data.csv 2023-10-07T16:10:00+00:00 [queued]>
[2023-10-07 16:11:03,956] {taskinstance.py:1087} INFO - 
--------------------------------------------------------------------------------
[2023-10-07 16:11:03,956] {taskinstance.py:1088} INFO - Starting attempt 1 of 1
[2023-10-07 16:11:03,956] {taskinstance.py:1089} INFO - 
--------------------------------------------------------------------------------
[2023-10-07 16:11:03,967] {taskinstance.py:1107} INFO - Executing <Task(PythonOperator): transform_into_data.csv> on 2023-10-07T16:10:00+00:00
[2023-10-07 16:11:03,975] {standard_task_runner.py:52} INFO - Started process 4874 to run task
[2023-10-07 16:11:03,978] {standard_task_runner.py:76} INFO - Running: ['***', 'tasks', 'run', '***_exam', 'transform_into_data.csv', '2023-10-07T16:10:00+00:00', '--job-id', '1383', '--pool', 'default_pool', '--raw', '--subdir', 'DAGS_FOLDER/DAG.py', '--cfg-path', '/tmp/tmpb9cuk3ck', '--error-file', '/tmp/tmpza69529c']
[2023-10-07 16:11:03,979] {standard_task_runner.py:77} INFO - Job 1383: Subtask transform_into_data.csv
[2023-10-07 16:11:04,023] {logging_mixin.py:104} INFO - Running <TaskInstance: ***_exam.transform_into_data.csv 2023-10-07T16:10:00+00:00 [running]> on host 3a3d0401ac26
[2023-10-07 16:11:04,084] {taskinstance.py:1302} INFO - Exporting the following env vars:
AIRFLOW_CTX_DAG_OWNER=***
AIRFLOW_CTX_DAG_ID=***_exam
AIRFLOW_CTX_TASK_ID=transform_into_data.csv
AIRFLOW_CTX_EXECUTION_DATE=2023-10-07T16:10:00+00:00
AIRFLOW_CTX_DAG_RUN_ID=scheduled__2023-10-07T16:10:00+00:00
[2023-10-07 16:11:04,088] {logging_mixin.py:104} INFO - 
[2023-10-07 16:11:04,105] {logging_mixin.py:104} INFO -     temperature        city  pression              date
0       298.13       Paris      1026  2023-10-07 16:11
1       296.50      London      1023  2023-10-07 16:11
2       288.35  Washington      1019  2023-10-07 16:11
3       298.13       Paris      1026  2023-10-07 16:10
4       296.50      London      1023  2023-10-07 16:10
5       288.35  Washington      1019  2023-10-07 16:10
6       298.13       Paris      1026  2023-10-07 16:09
7       296.50      London      1023  2023-10-07 16:09
8       288.35  Washington      1019  2023-10-07 16:09
9       298.13       Paris      1026  2023-10-07 16:08
[2023-10-07 16:11:04,109] {python.py:151} INFO - Done. Returned value was: None
[2023-10-07 16:11:04,120] {taskinstance.py:1211} INFO - Marking task as SUCCESS. dag_id=***_exam, task_id=transform_into_data.csv, execution_date=20231007T161000, start_date=20231007T161103, end_date=20231007T161104
[2023-10-07 16:11:04,148] {taskinstance.py:1265} INFO - 0 downstream tasks scheduled from follow-on schedule check
[2023-10-07 16:11:04,191] {local_task_job.py:151} INFO - Task exited with return code 0
