[2024-03-16 03:18:05,739] {taskinstance.py:896} INFO - Dependencies all met for <TaskInstance: airflow_exam.transform_into_fulldata.csv 2024-03-16T03:17:00+00:00 [queued]>
[2024-03-16 03:18:05,762] {taskinstance.py:896} INFO - Dependencies all met for <TaskInstance: airflow_exam.transform_into_fulldata.csv 2024-03-16T03:17:00+00:00 [queued]>
[2024-03-16 03:18:05,763] {taskinstance.py:1087} INFO - 
--------------------------------------------------------------------------------
[2024-03-16 03:18:05,763] {taskinstance.py:1088} INFO - Starting attempt 1 of 1
[2024-03-16 03:18:05,763] {taskinstance.py:1089} INFO - 
--------------------------------------------------------------------------------
[2024-03-16 03:18:05,777] {taskinstance.py:1107} INFO - Executing <Task(PythonOperator): transform_into_fulldata.csv> on 2024-03-16T03:17:00+00:00
[2024-03-16 03:18:05,788] {standard_task_runner.py:52} INFO - Started process 138110 to run task
[2024-03-16 03:18:05,791] {standard_task_runner.py:76} INFO - Running: ['***', 'tasks', 'run', '***_exam', 'transform_into_fulldata.csv', '2024-03-16T03:17:00+00:00', '--job-id', '6458', '--pool', 'default_pool', '--raw', '--subdir', 'DAGS_FOLDER/DAG.py', '--cfg-path', '/tmp/tmpa77nt04o', '--error-file', '/tmp/tmplvu93zyl']
[2024-03-16 03:18:05,792] {standard_task_runner.py:77} INFO - Job 6458: Subtask transform_into_fulldata.csv
[2024-03-16 03:18:05,848] {logging_mixin.py:104} INFO - Running <TaskInstance: ***_exam.transform_into_fulldata.csv 2024-03-16T03:17:00+00:00 [running]> on host 3a3d0401ac26
[2024-03-16 03:18:05,934] {taskinstance.py:1302} INFO - Exporting the following env vars:
AIRFLOW_CTX_DAG_OWNER=***
AIRFLOW_CTX_DAG_ID=***_exam
AIRFLOW_CTX_TASK_ID=transform_into_fulldata.csv
AIRFLOW_CTX_EXECUTION_DATE=2024-03-16T03:17:00+00:00
AIRFLOW_CTX_DAG_RUN_ID=scheduled__2024-03-16T03:17:00+00:00
[2024-03-16 03:18:06,029] {logging_mixin.py:104} INFO - 
[2024-03-16 03:18:06,064] {logging_mixin.py:104} INFO -     temperature        city  pression              date
0       284.04       Paris      1017  2024-03-16 03:18
1       281.50      London      1015  2024-03-16 03:18
2       282.61  Washington      1023  2024-03-16 03:18
3       284.04       Paris      1017  2024-03-16 03:17
4       281.50      London      1015  2024-03-16 03:17
5       282.61  Washington      1023  2024-03-16 03:17
6       284.04       Paris      1017  2024-03-16 03:16
7       281.51      London      1015  2024-03-16 03:16
8       282.61  Washington      1023  2024-03-16 03:16
9       284.04       Paris      1017  2024-03-16 03:15
[2024-03-16 03:18:06,084] {python.py:151} INFO - Done. Returned value was: None
[2024-03-16 03:18:06,101] {taskinstance.py:1211} INFO - Marking task as SUCCESS. dag_id=***_exam, task_id=transform_into_fulldata.csv, execution_date=20240316T031700, start_date=20240316T031805, end_date=20240316T031806
[2024-03-16 03:18:06,154] {taskinstance.py:1265} INFO - 3 downstream tasks scheduled from follow-on schedule check
[2024-03-16 03:18:06,205] {local_task_job.py:151} INFO - Task exited with return code 0
