[2024-03-21 01:42:04,772] {taskinstance.py:896} INFO - Dependencies all met for <TaskInstance: airflow_exam.transform_into_data.csv 2024-03-21T01:41:00+00:00 [queued]>
[2024-03-21 01:42:04,796] {taskinstance.py:896} INFO - Dependencies all met for <TaskInstance: airflow_exam.transform_into_data.csv 2024-03-21T01:41:00+00:00 [queued]>
[2024-03-21 01:42:04,797] {taskinstance.py:1087} INFO - 
--------------------------------------------------------------------------------
[2024-03-21 01:42:04,797] {taskinstance.py:1088} INFO - Starting attempt 1 of 1
[2024-03-21 01:42:04,797] {taskinstance.py:1089} INFO - 
--------------------------------------------------------------------------------
[2024-03-21 01:42:04,823] {taskinstance.py:1107} INFO - Executing <Task(PythonOperator): transform_into_data.csv> on 2024-03-21T01:41:00+00:00
[2024-03-21 01:42:04,834] {standard_task_runner.py:52} INFO - Started process 17510 to run task
[2024-03-21 01:42:04,841] {standard_task_runner.py:76} INFO - Running: ['***', 'tasks', 'run', '***_exam', 'transform_into_data.csv', '2024-03-21T01:41:00+00:00', '--job-id', '8941', '--pool', 'default_pool', '--raw', '--subdir', 'DAGS_FOLDER/DAG.py', '--cfg-path', '/tmp/tmp173xanhn', '--error-file', '/tmp/tmpujx1kzq6']
[2024-03-21 01:42:04,842] {standard_task_runner.py:77} INFO - Job 8941: Subtask transform_into_data.csv
[2024-03-21 01:42:04,916] {logging_mixin.py:104} INFO - Running <TaskInstance: ***_exam.transform_into_data.csv 2024-03-21T01:41:00+00:00 [running]> on host 3a3d0401ac26
[2024-03-21 01:42:05,018] {taskinstance.py:1302} INFO - Exporting the following env vars:
AIRFLOW_CTX_DAG_OWNER=***
AIRFLOW_CTX_DAG_ID=***_exam
AIRFLOW_CTX_TASK_ID=transform_into_data.csv
AIRFLOW_CTX_EXECUTION_DATE=2024-03-21T01:41:00+00:00
AIRFLOW_CTX_DAG_RUN_ID=scheduled__2024-03-21T01:41:00+00:00
[2024-03-21 01:42:05,045] {logging_mixin.py:104} INFO - 
[2024-03-21 01:42:05,085] {logging_mixin.py:104} INFO -     temperature        city  pression              date
0       285.33       Paris      1021  2024-03-21 01:42
1       283.19      London      1023  2024-03-21 01:42
2       288.07  Washington      1007  2024-03-21 01:42
3       285.33       Paris      1021  2024-03-21 01:41
4       283.19      London      1023  2024-03-21 01:41
5       288.07  Washington      1007  2024-03-21 01:41
6       285.33       Paris      1021  2024-03-21 01:40
7       283.19      London      1023  2024-03-21 01:40
8       288.07  Washington      1007  2024-03-21 01:40
9       285.33       Paris      1021  2024-03-21 01:39
[2024-03-21 01:42:05,092] {python.py:151} INFO - Done. Returned value was: None
[2024-03-21 01:42:05,126] {taskinstance.py:1211} INFO - Marking task as SUCCESS. dag_id=***_exam, task_id=transform_into_data.csv, execution_date=20240321T014100, start_date=20240321T014204, end_date=20240321T014205
[2024-03-21 01:42:05,194] {taskinstance.py:1265} INFO - 0 downstream tasks scheduled from follow-on schedule check
[2024-03-21 01:42:05,255] {local_task_job.py:151} INFO - Task exited with return code 0
