[2024-03-21 18:48:04,021] {taskinstance.py:896} INFO - Dependencies all met for <TaskInstance: airflow_exam.transform_into_data.csv 2024-03-21T18:47:00+00:00 [queued]>
[2024-03-21 18:48:04,047] {taskinstance.py:896} INFO - Dependencies all met for <TaskInstance: airflow_exam.transform_into_data.csv 2024-03-21T18:47:00+00:00 [queued]>
[2024-03-21 18:48:04,048] {taskinstance.py:1087} INFO - 
--------------------------------------------------------------------------------
[2024-03-21 18:48:04,048] {taskinstance.py:1088} INFO - Starting attempt 1 of 1
[2024-03-21 18:48:04,048] {taskinstance.py:1089} INFO - 
--------------------------------------------------------------------------------
[2024-03-21 18:48:04,067] {taskinstance.py:1107} INFO - Executing <Task(PythonOperator): transform_into_data.csv> on 2024-03-21T18:47:00+00:00
[2024-03-21 18:48:04,079] {standard_task_runner.py:52} INFO - Started process 40341 to run task
[2024-03-21 18:48:04,085] {standard_task_runner.py:76} INFO - Running: ['***', 'tasks', 'run', '***_exam', 'transform_into_data.csv', '2024-03-21T18:47:00+00:00', '--job-id', '10361', '--pool', 'default_pool', '--raw', '--subdir', 'DAGS_FOLDER/DAG.py', '--cfg-path', '/tmp/tmpo95_ja6o', '--error-file', '/tmp/tmpkln8s66r']
[2024-03-21 18:48:04,086] {standard_task_runner.py:77} INFO - Job 10361: Subtask transform_into_data.csv
[2024-03-21 18:48:04,154] {logging_mixin.py:104} INFO - Running <TaskInstance: ***_exam.transform_into_data.csv 2024-03-21T18:47:00+00:00 [running]> on host 3a3d0401ac26
[2024-03-21 18:48:04,236] {taskinstance.py:1302} INFO - Exporting the following env vars:
AIRFLOW_CTX_DAG_OWNER=***
AIRFLOW_CTX_DAG_ID=***_exam
AIRFLOW_CTX_TASK_ID=transform_into_data.csv
AIRFLOW_CTX_EXECUTION_DATE=2024-03-21T18:47:00+00:00
AIRFLOW_CTX_DAG_RUN_ID=scheduled__2024-03-21T18:47:00+00:00
[2024-03-21 18:48:04,245] {logging_mixin.py:104} INFO - 
[2024-03-21 18:48:04,275] {logging_mixin.py:104} INFO -     temperature        city  pression              date
0       289.17       Paris      1025  2024-03-21 18:48
1       287.61      London      1022  2024-03-21 18:48
2       285.62  Washington      1014  2024-03-21 18:48
3       289.17       Paris      1025  2024-03-21 18:47
4       287.61      London      1022  2024-03-21 18:47
5       285.62  Washington      1014  2024-03-21 18:47
6       289.17       Paris      1025  2024-03-21 18:46
7       287.73      London      1022  2024-03-21 18:46
8       285.62  Washington      1014  2024-03-21 18:46
9       289.74       Paris      1025  2024-03-21 18:45
[2024-03-21 18:48:04,282] {python.py:151} INFO - Done. Returned value was: None
[2024-03-21 18:48:04,302] {taskinstance.py:1211} INFO - Marking task as SUCCESS. dag_id=***_exam, task_id=transform_into_data.csv, execution_date=20240321T184700, start_date=20240321T184804, end_date=20240321T184804
[2024-03-21 18:48:04,354] {taskinstance.py:1265} INFO - 0 downstream tasks scheduled from follow-on schedule check
[2024-03-21 18:48:04,419] {local_task_job.py:151} INFO - Task exited with return code 0
