[2023-10-06 20:17:01,223] {taskinstance.py:896} INFO - Dependencies all met for <TaskInstance: airflow_exam.retrieve_raw_data 2023-10-06T20:16:00+00:00 [queued]>
[2023-10-06 20:17:01,234] {taskinstance.py:896} INFO - Dependencies all met for <TaskInstance: airflow_exam.retrieve_raw_data 2023-10-06T20:16:00+00:00 [queued]>
[2023-10-06 20:17:01,235] {taskinstance.py:1087} INFO - 
--------------------------------------------------------------------------------
[2023-10-06 20:17:01,235] {taskinstance.py:1088} INFO - Starting attempt 1 of 6
[2023-10-06 20:17:01,235] {taskinstance.py:1089} INFO - 
--------------------------------------------------------------------------------
[2023-10-06 20:17:01,250] {taskinstance.py:1107} INFO - Executing <Task(PythonOperator): retrieve_raw_data> on 2023-10-06T20:16:00+00:00
[2023-10-06 20:17:01,256] {standard_task_runner.py:52} INFO - Started process 14373 to run task
[2023-10-06 20:17:01,259] {standard_task_runner.py:76} INFO - Running: ['***', 'tasks', 'run', '***_exam', 'retrieve_raw_data', '2023-10-06T20:16:00+00:00', '--job-id', '788', '--pool', 'default_pool', '--raw', '--subdir', 'DAGS_FOLDER/DAG.py', '--cfg-path', '/tmp/tmpph5o5ujt', '--error-file', '/tmp/tmpmii_ef2w']
[2023-10-06 20:17:01,259] {standard_task_runner.py:77} INFO - Job 788: Subtask retrieve_raw_data
[2023-10-06 20:17:01,300] {logging_mixin.py:104} INFO - Running <TaskInstance: ***_exam.retrieve_raw_data 2023-10-06T20:16:00+00:00 [running]> on host 3a3d0401ac26
[2023-10-06 20:17:01,354] {taskinstance.py:1302} INFO - Exporting the following env vars:
AIRFLOW_CTX_DAG_OWNER=***
AIRFLOW_CTX_DAG_ID=***_exam
AIRFLOW_CTX_TASK_ID=retrieve_raw_data
AIRFLOW_CTX_EXECUTION_DATE=2023-10-06T20:16:00+00:00
AIRFLOW_CTX_DAG_RUN_ID=scheduled__2023-10-06T20:16:00+00:00
[2023-10-06 20:17:01,831] {python.py:151} INFO - Done. Returned value was: None
[2023-10-06 20:17:01,842] {taskinstance.py:1211} INFO - Marking task as SUCCESS. dag_id=***_exam, task_id=retrieve_raw_data, execution_date=20231006T201600, start_date=20231006T201701, end_date=20231006T201701
[2023-10-06 20:17:01,878] {taskinstance.py:1265} INFO - 2 downstream tasks scheduled from follow-on schedule check
[2023-10-06 20:17:01,913] {local_task_job.py:151} INFO - Task exited with return code 0
