[2023-10-12 17:30:20,433] {taskinstance.py:896} INFO - Dependencies all met for <TaskInstance: airflow_exam.retrieve_raw_data 2023-10-11T17:26:00+00:00 [queued]>
[2023-10-12 17:30:20,450] {taskinstance.py:896} INFO - Dependencies all met for <TaskInstance: airflow_exam.retrieve_raw_data 2023-10-11T17:26:00+00:00 [queued]>
[2023-10-12 17:30:20,451] {taskinstance.py:1087} INFO - 
--------------------------------------------------------------------------------
[2023-10-12 17:30:20,451] {taskinstance.py:1088} INFO - Starting attempt 1 of 6
[2023-10-12 17:30:20,451] {taskinstance.py:1089} INFO - 
--------------------------------------------------------------------------------
[2023-10-12 17:30:20,474] {taskinstance.py:1107} INFO - Executing <Task(PythonOperator): retrieve_raw_data> on 2023-10-11T17:26:00+00:00
[2023-10-12 17:30:20,485] {standard_task_runner.py:52} INFO - Started process 168 to run task
[2023-10-12 17:30:20,491] {standard_task_runner.py:76} INFO - Running: ['***', 'tasks', 'run', '***_exam', 'retrieve_raw_data', '2023-10-11T17:26:00+00:00', '--job-id', '1567', '--pool', 'default_pool', '--raw', '--subdir', 'DAGS_FOLDER/DAG.py', '--cfg-path', '/tmp/tmpmvs6_40c', '--error-file', '/tmp/tmpff7vp_dg']
[2023-10-12 17:30:20,492] {standard_task_runner.py:77} INFO - Job 1567: Subtask retrieve_raw_data
[2023-10-12 17:30:20,576] {logging_mixin.py:104} INFO - Running <TaskInstance: ***_exam.retrieve_raw_data 2023-10-11T17:26:00+00:00 [running]> on host 3a3d0401ac26
[2023-10-12 17:30:20,679] {taskinstance.py:1302} INFO - Exporting the following env vars:
AIRFLOW_CTX_DAG_OWNER=***
AIRFLOW_CTX_DAG_ID=***_exam
AIRFLOW_CTX_TASK_ID=retrieve_raw_data
AIRFLOW_CTX_EXECUTION_DATE=2023-10-11T17:26:00+00:00
AIRFLOW_CTX_DAG_RUN_ID=scheduled__2023-10-11T17:26:00+00:00
[2023-10-12 17:30:21,219] {python.py:151} INFO - Done. Returned value was: None
[2023-10-12 17:30:21,232] {taskinstance.py:1211} INFO - Marking task as SUCCESS. dag_id=***_exam, task_id=retrieve_raw_data, execution_date=20231011T172600, start_date=20231012T173020, end_date=20231012T173021
[2023-10-12 17:30:21,283] {taskinstance.py:1265} INFO - 2 downstream tasks scheduled from follow-on schedule check
[2023-10-12 17:30:21,304] {local_task_job.py:151} INFO - Task exited with return code 0
