[2024-03-21 01:20:08,400] {taskinstance.py:896} INFO - Dependencies all met for <TaskInstance: airflow_exam.compute_rf_score 2024-03-21T01:19:00+00:00 [queued]>
[2024-03-21 01:20:08,422] {taskinstance.py:896} INFO - Dependencies all met for <TaskInstance: airflow_exam.compute_rf_score 2024-03-21T01:19:00+00:00 [queued]>
[2024-03-21 01:20:08,422] {taskinstance.py:1087} INFO - 
--------------------------------------------------------------------------------
[2024-03-21 01:20:08,422] {taskinstance.py:1088} INFO - Starting attempt 1 of 1
[2024-03-21 01:20:08,423] {taskinstance.py:1089} INFO - 
--------------------------------------------------------------------------------
[2024-03-21 01:20:08,445] {taskinstance.py:1107} INFO - Executing <Task(PythonOperator): compute_rf_score> on 2024-03-21T01:19:00+00:00
[2024-03-21 01:20:08,458] {standard_task_runner.py:52} INFO - Started process 12854 to run task
[2024-03-21 01:20:08,463] {standard_task_runner.py:76} INFO - Running: ['***', 'tasks', 'run', '***_exam', 'compute_rf_score', '2024-03-21T01:19:00+00:00', '--job-id', '8788', '--pool', 'default_pool', '--raw', '--subdir', 'DAGS_FOLDER/DAG.py', '--cfg-path', '/tmp/tmp0nrum8bx', '--error-file', '/tmp/tmpoyu2zplq']
[2024-03-21 01:20:08,464] {standard_task_runner.py:77} INFO - Job 8788: Subtask compute_rf_score
[2024-03-21 01:20:08,534] {logging_mixin.py:104} INFO - Running <TaskInstance: ***_exam.compute_rf_score 2024-03-21T01:19:00+00:00 [running]> on host 3a3d0401ac26
[2024-03-21 01:20:08,619] {taskinstance.py:1302} INFO - Exporting the following env vars:
AIRFLOW_CTX_DAG_OWNER=***
AIRFLOW_CTX_DAG_ID=***_exam
AIRFLOW_CTX_TASK_ID=compute_rf_score
AIRFLOW_CTX_EXECUTION_DATE=2024-03-21T01:19:00+00:00
AIRFLOW_CTX_DAG_RUN_ID=scheduled__2024-03-21T01:19:00+00:00
[2024-03-21 01:20:12,907] {python.py:151} INFO - Done. Returned value was: None
[2024-03-21 01:20:12,924] {taskinstance.py:1211} INFO - Marking task as SUCCESS. dag_id=***_exam, task_id=compute_rf_score, execution_date=20240321T011900, start_date=20240321T012008, end_date=20240321T012012
[2024-03-21 01:20:12,967] {taskinstance.py:1265} INFO - 1 downstream tasks scheduled from follow-on schedule check
[2024-03-21 01:20:12,981] {local_task_job.py:151} INFO - Task exited with return code 0
