[2023-10-07 15:57:03,728] {taskinstance.py:896} INFO - Dependencies all met for <TaskInstance: airflow_exam.transform_into_fulldata.csv 2023-10-07T15:56:00+00:00 [queued]>
[2023-10-07 15:57:03,746] {taskinstance.py:896} INFO - Dependencies all met for <TaskInstance: airflow_exam.transform_into_fulldata.csv 2023-10-07T15:56:00+00:00 [queued]>
[2023-10-07 15:57:03,747] {taskinstance.py:1087} INFO - 
--------------------------------------------------------------------------------
[2023-10-07 15:57:03,747] {taskinstance.py:1088} INFO - Starting attempt 1 of 1
[2023-10-07 15:57:03,747] {taskinstance.py:1089} INFO - 
--------------------------------------------------------------------------------
[2023-10-07 15:57:03,758] {taskinstance.py:1107} INFO - Executing <Task(PythonOperator): transform_into_fulldata.csv> on 2023-10-07T15:56:00+00:00
[2023-10-07 15:57:03,766] {standard_task_runner.py:52} INFO - Started process 2180 to run task
[2023-10-07 15:57:03,769] {standard_task_runner.py:76} INFO - Running: ['***', 'tasks', 'run', '***_exam', 'transform_into_fulldata.csv', '2023-10-07T15:56:00+00:00', '--job-id', '1286', '--pool', 'default_pool', '--raw', '--subdir', 'DAGS_FOLDER/DAG.py', '--cfg-path', '/tmp/tmp2if4f6nd', '--error-file', '/tmp/tmpsprrnghs']
[2023-10-07 15:57:03,769] {standard_task_runner.py:77} INFO - Job 1286: Subtask transform_into_fulldata.csv
[2023-10-07 15:57:03,816] {logging_mixin.py:104} INFO - Running <TaskInstance: ***_exam.transform_into_fulldata.csv 2023-10-07T15:56:00+00:00 [running]> on host 3a3d0401ac26
[2023-10-07 15:57:03,962] {taskinstance.py:1302} INFO - Exporting the following env vars:
AIRFLOW_CTX_DAG_OWNER=***
AIRFLOW_CTX_DAG_ID=***_exam
AIRFLOW_CTX_TASK_ID=transform_into_fulldata.csv
AIRFLOW_CTX_EXECUTION_DATE=2023-10-07T15:56:00+00:00
AIRFLOW_CTX_DAG_RUN_ID=scheduled__2023-10-07T15:56:00+00:00
[2023-10-07 15:57:03,972] {logging_mixin.py:104} INFO - 
[2023-10-07 15:57:03,987] {logging_mixin.py:104} INFO -     temperature        city  pression              date
0       298.15       Paris      1026  2023-10-07 15:57
1       296.57      London      1022  2023-10-07 15:57
2       281.37  Washington      1019  2023-10-07 15:57
3       298.15       Paris      1026  2023-10-07 15:56
4       296.57      London      1022  2023-10-07 15:56
5       281.37  Washington      1019  2023-10-07 15:56
6       298.15       Paris      1026  2023-10-07 15:55
7       296.57      London      1022  2023-10-07 15:55
8       281.37  Washington      1019  2023-10-07 15:55
9       298.15       Paris      1026  2023-10-07 15:54
[2023-10-07 15:57:03,992] {python.py:151} INFO - Done. Returned value was: None
[2023-10-07 15:57:04,003] {taskinstance.py:1211} INFO - Marking task as SUCCESS. dag_id=***_exam, task_id=transform_into_fulldata.csv, execution_date=20231007T155600, start_date=20231007T155703, end_date=20231007T155704
[2023-10-07 15:57:04,036] {taskinstance.py:1265} INFO - 3 downstream tasks scheduled from follow-on schedule check
[2023-10-07 15:57:04,062] {local_task_job.py:151} INFO - Task exited with return code 0
