[2024-03-21 18:03:07,722] {taskinstance.py:896} INFO - Dependencies all met for <TaskInstance: airflow_exam.transform_into_data.csv 2024-03-21T18:02:00+00:00 [queued]>
[2024-03-21 18:03:07,755] {taskinstance.py:896} INFO - Dependencies all met for <TaskInstance: airflow_exam.transform_into_data.csv 2024-03-21T18:02:00+00:00 [queued]>
[2024-03-21 18:03:07,756] {taskinstance.py:1087} INFO - 
--------------------------------------------------------------------------------
[2024-03-21 18:03:07,756] {taskinstance.py:1088} INFO - Starting attempt 1 of 1
[2024-03-21 18:03:07,756] {taskinstance.py:1089} INFO - 
--------------------------------------------------------------------------------
[2024-03-21 18:03:07,777] {taskinstance.py:1107} INFO - Executing <Task(PythonOperator): transform_into_data.csv> on 2024-03-21T18:02:00+00:00
[2024-03-21 18:03:07,789] {standard_task_runner.py:52} INFO - Started process 30675 to run task
[2024-03-21 18:03:07,795] {standard_task_runner.py:76} INFO - Running: ['***', 'tasks', 'run', '***_exam', 'transform_into_data.csv', '2024-03-21T18:02:00+00:00', '--job-id', '10046', '--pool', 'default_pool', '--raw', '--subdir', 'DAGS_FOLDER/DAG.py', '--cfg-path', '/tmp/tmpxju98nyt', '--error-file', '/tmp/tmpke0x_jeq']
[2024-03-21 18:03:07,796] {standard_task_runner.py:77} INFO - Job 10046: Subtask transform_into_data.csv
[2024-03-21 18:03:07,882] {logging_mixin.py:104} INFO - Running <TaskInstance: ***_exam.transform_into_data.csv 2024-03-21T18:02:00+00:00 [running]> on host 3a3d0401ac26
[2024-03-21 18:03:08,038] {taskinstance.py:1302} INFO - Exporting the following env vars:
AIRFLOW_CTX_DAG_OWNER=***
AIRFLOW_CTX_DAG_ID=***_exam
AIRFLOW_CTX_TASK_ID=transform_into_data.csv
AIRFLOW_CTX_EXECUTION_DATE=2024-03-21T18:02:00+00:00
AIRFLOW_CTX_DAG_RUN_ID=scheduled__2024-03-21T18:02:00+00:00
[2024-03-21 18:03:08,050] {logging_mixin.py:104} INFO - 
[2024-03-21 18:03:08,087] {logging_mixin.py:104} INFO -     temperature        city  pression              date
0       290.53       Paris      1025  2024-03-21 18:03
1       288.22      London      1022  2024-03-21 18:03
2       284.21  Washington      1014  2024-03-21 18:03
3       290.53       Paris      1025  2024-03-21 18:02
4       288.22      London      1022  2024-03-21 18:02
5       284.21  Washington      1014  2024-03-21 18:02
6       290.85       Paris      1025  2024-03-21 18:01
7       288.22      London      1022  2024-03-21 18:01
8       284.21  Washington      1014  2024-03-21 18:01
9       290.85       Paris      1025  2024-03-21 18:00
[2024-03-21 18:03:08,095] {python.py:151} INFO - Done. Returned value was: None
[2024-03-21 18:03:08,113] {taskinstance.py:1211} INFO - Marking task as SUCCESS. dag_id=***_exam, task_id=transform_into_data.csv, execution_date=20240321T180200, start_date=20240321T180307, end_date=20240321T180308
[2024-03-21 18:03:08,155] {taskinstance.py:1265} INFO - 0 downstream tasks scheduled from follow-on schedule check
[2024-03-21 18:03:08,208] {local_task_job.py:151} INFO - Task exited with return code 0
