[2024-03-15 21:47:05,358] {taskinstance.py:896} INFO - Dependencies all met for <TaskInstance: airflow_exam.transform_into_data.csv 2024-03-15T21:46:00+00:00 [queued]>
[2024-03-15 21:47:05,399] {taskinstance.py:896} INFO - Dependencies all met for <TaskInstance: airflow_exam.transform_into_data.csv 2024-03-15T21:46:00+00:00 [queued]>
[2024-03-15 21:47:05,399] {taskinstance.py:1087} INFO - 
--------------------------------------------------------------------------------
[2024-03-15 21:47:05,399] {taskinstance.py:1088} INFO - Starting attempt 1 of 1
[2024-03-15 21:47:05,400] {taskinstance.py:1089} INFO - 
--------------------------------------------------------------------------------
[2024-03-15 21:47:05,424] {taskinstance.py:1107} INFO - Executing <Task(PythonOperator): transform_into_data.csv> on 2024-03-15T21:46:00+00:00
[2024-03-15 21:47:05,436] {standard_task_runner.py:52} INFO - Started process 68894 to run task
[2024-03-15 21:47:05,442] {standard_task_runner.py:76} INFO - Running: ['***', 'tasks', 'run', '***_exam', 'transform_into_data.csv', '2024-03-15T21:46:00+00:00', '--job-id', '4148', '--pool', 'default_pool', '--raw', '--subdir', 'DAGS_FOLDER/DAG.py', '--cfg-path', '/tmp/tmpfk8vmviq', '--error-file', '/tmp/tmpqqx4u8ys']
[2024-03-15 21:47:05,443] {standard_task_runner.py:77} INFO - Job 4148: Subtask transform_into_data.csv
[2024-03-15 21:47:05,527] {logging_mixin.py:104} INFO - Running <TaskInstance: ***_exam.transform_into_data.csv 2024-03-15T21:46:00+00:00 [running]> on host 3a3d0401ac26
[2024-03-15 21:47:05,653] {taskinstance.py:1302} INFO - Exporting the following env vars:
AIRFLOW_CTX_DAG_OWNER=***
AIRFLOW_CTX_DAG_ID=***_exam
AIRFLOW_CTX_TASK_ID=transform_into_data.csv
AIRFLOW_CTX_EXECUTION_DATE=2024-03-15T21:46:00+00:00
AIRFLOW_CTX_DAG_RUN_ID=scheduled__2024-03-15T21:46:00+00:00
[2024-03-15 21:47:05,660] {logging_mixin.py:104} INFO - 
[2024-03-15 21:47:05,687] {logging_mixin.py:104} INFO -     temperature        city  pression              date
0       285.44       Paris      1013  2024-03-15 21:47
1       283.65      London      1010  2024-03-15 21:47
2       288.67  Washington      1022  2024-03-15 21:47
3       285.44       Paris      1013  2024-03-15 21:46
4       283.65      London      1010  2024-03-15 21:46
5       288.67  Washington      1022  2024-03-15 21:46
6       285.44       Paris      1013  2024-03-15 21:45
7       283.65      London      1010  2024-03-15 21:45
8       288.67  Washington      1022  2024-03-15 21:45
9       285.40       Paris      1014  2024-03-15 21:44
[2024-03-15 21:47:05,693] {python.py:151} INFO - Done. Returned value was: None
[2024-03-15 21:47:05,718] {taskinstance.py:1211} INFO - Marking task as SUCCESS. dag_id=***_exam, task_id=transform_into_data.csv, execution_date=20240315T214600, start_date=20240315T214705, end_date=20240315T214705
[2024-03-15 21:47:05,779] {taskinstance.py:1265} INFO - 0 downstream tasks scheduled from follow-on schedule check
[2024-03-15 21:47:05,821] {local_task_job.py:151} INFO - Task exited with return code 0
