[2024-03-15 17:58:04,811] {taskinstance.py:896} INFO - Dependencies all met for <TaskInstance: airflow_exam.transform_into_fulldata.csv 2024-03-15T17:57:00+00:00 [queued]>
[2024-03-15 17:58:04,839] {taskinstance.py:896} INFO - Dependencies all met for <TaskInstance: airflow_exam.transform_into_fulldata.csv 2024-03-15T17:57:00+00:00 [queued]>
[2024-03-15 17:58:04,840] {taskinstance.py:1087} INFO - 
--------------------------------------------------------------------------------
[2024-03-15 17:58:04,840] {taskinstance.py:1088} INFO - Starting attempt 1 of 1
[2024-03-15 17:58:04,840] {taskinstance.py:1089} INFO - 
--------------------------------------------------------------------------------
[2024-03-15 17:58:04,857] {taskinstance.py:1107} INFO - Executing <Task(PythonOperator): transform_into_fulldata.csv> on 2024-03-15T17:57:00+00:00
[2024-03-15 17:58:04,875] {standard_task_runner.py:52} INFO - Started process 40037 to run task
[2024-03-15 17:58:04,880] {standard_task_runner.py:76} INFO - Running: ['***', 'tasks', 'run', '***_exam', 'transform_into_fulldata.csv', '2024-03-15T17:57:00+00:00', '--job-id', '3139', '--pool', 'default_pool', '--raw', '--subdir', 'DAGS_FOLDER/DAG.py', '--cfg-path', '/tmp/tmpbq64gwj_', '--error-file', '/tmp/tmpzx4kj3a2']
[2024-03-15 17:58:04,881] {standard_task_runner.py:77} INFO - Job 3139: Subtask transform_into_fulldata.csv
[2024-03-15 17:58:04,959] {logging_mixin.py:104} INFO - Running <TaskInstance: ***_exam.transform_into_fulldata.csv 2024-03-15T17:57:00+00:00 [running]> on host 3a3d0401ac26
[2024-03-15 17:58:05,061] {taskinstance.py:1302} INFO - Exporting the following env vars:
AIRFLOW_CTX_DAG_OWNER=***
AIRFLOW_CTX_DAG_ID=***_exam
AIRFLOW_CTX_TASK_ID=transform_into_fulldata.csv
AIRFLOW_CTX_EXECUTION_DATE=2024-03-15T17:57:00+00:00
AIRFLOW_CTX_DAG_RUN_ID=scheduled__2024-03-15T17:57:00+00:00
[2024-03-15 17:58:05,110] {logging_mixin.py:104} INFO - 
[2024-03-15 17:58:05,141] {logging_mixin.py:104} INFO -     temperature        city  pression              date
0       286.88       Paris      1011  2024-03-15 17:58
1       285.83      London      1005  2024-03-15 17:58
2       282.79  Washington      1026  2024-03-15 17:58
3       286.88       Paris      1011  2024-03-15 17:57
4       285.83      London      1005  2024-03-15 17:57
5       282.79  Washington      1026  2024-03-15 17:57
6       286.88       Paris      1011  2024-03-15 17:56
7       285.90      London      1005  2024-03-15 17:56
8       281.30  Washington      1026  2024-03-15 17:56
9       286.88       Paris      1011  2024-03-15 17:55
[2024-03-15 17:58:05,150] {python.py:151} INFO - Done. Returned value was: None
[2024-03-15 17:58:05,165] {taskinstance.py:1211} INFO - Marking task as SUCCESS. dag_id=***_exam, task_id=transform_into_fulldata.csv, execution_date=20240315T175700, start_date=20240315T175804, end_date=20240315T175805
[2024-03-15 17:58:05,209] {taskinstance.py:1265} INFO - 3 downstream tasks scheduled from follow-on schedule check
[2024-03-15 17:58:05,251] {local_task_job.py:151} INFO - Task exited with return code 0
