[2024-03-15 18:42:05,128] {taskinstance.py:896} INFO - Dependencies all met for <TaskInstance: airflow_exam.transform_into_fulldata.csv 2024-03-15T18:41:00+00:00 [queued]>
[2024-03-15 18:42:05,160] {taskinstance.py:896} INFO - Dependencies all met for <TaskInstance: airflow_exam.transform_into_fulldata.csv 2024-03-15T18:41:00+00:00 [queued]>
[2024-03-15 18:42:05,161] {taskinstance.py:1087} INFO - 
--------------------------------------------------------------------------------
[2024-03-15 18:42:05,161] {taskinstance.py:1088} INFO - Starting attempt 1 of 1
[2024-03-15 18:42:05,161] {taskinstance.py:1089} INFO - 
--------------------------------------------------------------------------------
[2024-03-15 18:42:05,179] {taskinstance.py:1107} INFO - Executing <Task(PythonOperator): transform_into_fulldata.csv> on 2024-03-15T18:41:00+00:00
[2024-03-15 18:42:05,191] {standard_task_runner.py:52} INFO - Started process 48876 to run task
[2024-03-15 18:42:05,196] {standard_task_runner.py:76} INFO - Running: ['***', 'tasks', 'run', '***_exam', 'transform_into_fulldata.csv', '2024-03-15T18:41:00+00:00', '--job-id', '3447', '--pool', 'default_pool', '--raw', '--subdir', 'DAGS_FOLDER/DAG.py', '--cfg-path', '/tmp/tmpiun81xnr', '--error-file', '/tmp/tmpgghlyjjl']
[2024-03-15 18:42:05,197] {standard_task_runner.py:77} INFO - Job 3447: Subtask transform_into_fulldata.csv
[2024-03-15 18:42:05,265] {logging_mixin.py:104} INFO - Running <TaskInstance: ***_exam.transform_into_fulldata.csv 2024-03-15T18:41:00+00:00 [running]> on host 3a3d0401ac26
[2024-03-15 18:42:05,364] {taskinstance.py:1302} INFO - Exporting the following env vars:
AIRFLOW_CTX_DAG_OWNER=***
AIRFLOW_CTX_DAG_ID=***_exam
AIRFLOW_CTX_TASK_ID=transform_into_fulldata.csv
AIRFLOW_CTX_EXECUTION_DATE=2024-03-15T18:41:00+00:00
AIRFLOW_CTX_DAG_RUN_ID=scheduled__2024-03-15T18:41:00+00:00
[2024-03-15 18:42:05,657] {logging_mixin.py:104} INFO - 
[2024-03-15 18:42:05,694] {logging_mixin.py:104} INFO -     temperature        city  pression              date
0       286.68       Paris      1012  2024-03-15 18:42
1       285.34      London      1006  2024-03-15 18:42
2       282.44  Washington      1025  2024-03-15 18:42
3       286.69       Paris      1012  2024-03-15 18:41
4       285.48      London      1006  2024-03-15 18:41
5       282.36  Washington      1025  2024-03-15 18:41
6       286.69       Paris      1012  2024-03-15 18:40
7       285.48      London      1006  2024-03-15 18:40
8       282.36  Washington      1025  2024-03-15 18:40
9       286.69       Paris      1012  2024-03-15 18:39
[2024-03-15 18:42:05,706] {python.py:151} INFO - Done. Returned value was: None
[2024-03-15 18:42:05,721] {taskinstance.py:1211} INFO - Marking task as SUCCESS. dag_id=***_exam, task_id=transform_into_fulldata.csv, execution_date=20240315T184100, start_date=20240315T184205, end_date=20240315T184205
[2024-03-15 18:42:05,770] {taskinstance.py:1265} INFO - 3 downstream tasks scheduled from follow-on schedule check
[2024-03-15 18:42:05,810] {local_task_job.py:151} INFO - Task exited with return code 0
