[2024-03-16 03:53:04,244] {taskinstance.py:896} INFO - Dependencies all met for <TaskInstance: airflow_exam.transform_into_data.csv 2024-03-16T03:52:00+00:00 [queued]>
[2024-03-16 03:53:04,273] {taskinstance.py:896} INFO - Dependencies all met for <TaskInstance: airflow_exam.transform_into_data.csv 2024-03-16T03:52:00+00:00 [queued]>
[2024-03-16 03:53:04,273] {taskinstance.py:1087} INFO - 
--------------------------------------------------------------------------------
[2024-03-16 03:53:04,273] {taskinstance.py:1088} INFO - Starting attempt 1 of 1
[2024-03-16 03:53:04,273] {taskinstance.py:1089} INFO - 
--------------------------------------------------------------------------------
[2024-03-16 03:53:04,289] {taskinstance.py:1107} INFO - Executing <Task(PythonOperator): transform_into_data.csv> on 2024-03-16T03:52:00+00:00
[2024-03-16 03:53:04,300] {standard_task_runner.py:52} INFO - Started process 145602 to run task
[2024-03-16 03:53:04,303] {standard_task_runner.py:76} INFO - Running: ['***', 'tasks', 'run', '***_exam', 'transform_into_data.csv', '2024-03-16T03:52:00+00:00', '--job-id', '6702', '--pool', 'default_pool', '--raw', '--subdir', 'DAGS_FOLDER/DAG.py', '--cfg-path', '/tmp/tmp7bcqx1lw', '--error-file', '/tmp/tmp3ew7lup6']
[2024-03-16 03:53:04,304] {standard_task_runner.py:77} INFO - Job 6702: Subtask transform_into_data.csv
[2024-03-16 03:53:04,363] {logging_mixin.py:104} INFO - Running <TaskInstance: ***_exam.transform_into_data.csv 2024-03-16T03:52:00+00:00 [running]> on host 3a3d0401ac26
[2024-03-16 03:53:04,440] {taskinstance.py:1302} INFO - Exporting the following env vars:
AIRFLOW_CTX_DAG_OWNER=***
AIRFLOW_CTX_DAG_ID=***_exam
AIRFLOW_CTX_TASK_ID=transform_into_data.csv
AIRFLOW_CTX_EXECUTION_DATE=2024-03-16T03:52:00+00:00
AIRFLOW_CTX_DAG_RUN_ID=scheduled__2024-03-16T03:52:00+00:00
[2024-03-16 03:53:04,445] {logging_mixin.py:104} INFO - 
[2024-03-16 03:53:04,463] {logging_mixin.py:104} INFO -     temperature        city  pression              date
0       284.04       Paris      1017  2024-03-16 03:53
1       281.45      London      1016  2024-03-16 03:53
2       282.12  Washington      1023  2024-03-16 03:53
3       284.04       Paris      1017  2024-03-16 03:52
4       281.45      London      1016  2024-03-16 03:52
5       282.12  Washington      1023  2024-03-16 03:52
6       283.84       Paris      1017  2024-03-16 03:51
7       281.45      London      1016  2024-03-16 03:51
8       282.07  Washington      1023  2024-03-16 03:51
9       283.84       Paris      1017  2024-03-16 03:50
[2024-03-16 03:53:04,468] {python.py:151} INFO - Done. Returned value was: None
[2024-03-16 03:53:04,480] {taskinstance.py:1211} INFO - Marking task as SUCCESS. dag_id=***_exam, task_id=transform_into_data.csv, execution_date=20240316T035200, start_date=20240316T035304, end_date=20240316T035304
[2024-03-16 03:53:04,511] {taskinstance.py:1265} INFO - 0 downstream tasks scheduled from follow-on schedule check
[2024-03-16 03:53:04,557] {local_task_job.py:151} INFO - Task exited with return code 0
