[2024-03-21 20:05:03,408] {taskinstance.py:896} INFO - Dependencies all met for <TaskInstance: airflow_exam.retrieve_raw_data 2024-03-21T20:04:00+00:00 [queued]>
[2024-03-21 20:05:03,457] {taskinstance.py:896} INFO - Dependencies all met for <TaskInstance: airflow_exam.retrieve_raw_data 2024-03-21T20:04:00+00:00 [queued]>
[2024-03-21 20:05:03,457] {taskinstance.py:1087} INFO - 
--------------------------------------------------------------------------------
[2024-03-21 20:05:03,457] {taskinstance.py:1088} INFO - Starting attempt 1 of 6
[2024-03-21 20:05:03,458] {taskinstance.py:1089} INFO - 
--------------------------------------------------------------------------------
[2024-03-21 20:05:03,484] {taskinstance.py:1107} INFO - Executing <Task(PythonOperator): retrieve_raw_data> on 2024-03-21T20:04:00+00:00
[2024-03-21 20:05:03,498] {standard_task_runner.py:52} INFO - Started process 57007 to run task
[2024-03-21 20:05:03,508] {standard_task_runner.py:76} INFO - Running: ['***', 'tasks', 'run', '***_exam', 'retrieve_raw_data', '2024-03-21T20:04:00+00:00', '--job-id', '10898', '--pool', 'default_pool', '--raw', '--subdir', 'DAGS_FOLDER/DAG.py', '--cfg-path', '/tmp/tmpkj68fzoh', '--error-file', '/tmp/tmpv8c01irz']
[2024-03-21 20:05:03,509] {standard_task_runner.py:77} INFO - Job 10898: Subtask retrieve_raw_data
[2024-03-21 20:05:03,630] {logging_mixin.py:104} INFO - Running <TaskInstance: ***_exam.retrieve_raw_data 2024-03-21T20:04:00+00:00 [running]> on host 3a3d0401ac26
[2024-03-21 20:05:03,767] {taskinstance.py:1302} INFO - Exporting the following env vars:
AIRFLOW_CTX_DAG_OWNER=***
AIRFLOW_CTX_DAG_ID=***_exam
AIRFLOW_CTX_TASK_ID=retrieve_raw_data
AIRFLOW_CTX_EXECUTION_DATE=2024-03-21T20:04:00+00:00
AIRFLOW_CTX_DAG_RUN_ID=scheduled__2024-03-21T20:04:00+00:00
[2024-03-21 20:05:04,321] {python.py:151} INFO - Done. Returned value was: None
[2024-03-21 20:05:04,341] {taskinstance.py:1211} INFO - Marking task as SUCCESS. dag_id=***_exam, task_id=retrieve_raw_data, execution_date=20240321T200400, start_date=20240321T200503, end_date=20240321T200504
[2024-03-21 20:05:04,409] {taskinstance.py:1265} INFO - 2 downstream tasks scheduled from follow-on schedule check
[2024-03-21 20:05:04,457] {local_task_job.py:151} INFO - Task exited with return code 0
