[2024-03-15 17:47:04,505] {taskinstance.py:896} INFO - Dependencies all met for <TaskInstance: airflow_exam.transform_into_data.csv 2024-03-15T17:46:00+00:00 [queued]>
[2024-03-15 17:47:04,540] {taskinstance.py:896} INFO - Dependencies all met for <TaskInstance: airflow_exam.transform_into_data.csv 2024-03-15T17:46:00+00:00 [queued]>
[2024-03-15 17:47:04,540] {taskinstance.py:1087} INFO - 
--------------------------------------------------------------------------------
[2024-03-15 17:47:04,540] {taskinstance.py:1088} INFO - Starting attempt 1 of 1
[2024-03-15 17:47:04,540] {taskinstance.py:1089} INFO - 
--------------------------------------------------------------------------------
[2024-03-15 17:47:04,558] {taskinstance.py:1107} INFO - Executing <Task(PythonOperator): transform_into_data.csv> on 2024-03-15T17:46:00+00:00
[2024-03-15 17:47:04,569] {standard_task_runner.py:52} INFO - Started process 37785 to run task
[2024-03-15 17:47:04,573] {standard_task_runner.py:76} INFO - Running: ['***', 'tasks', 'run', '***_exam', 'transform_into_data.csv', '2024-03-15T17:46:00+00:00', '--job-id', '3061', '--pool', 'default_pool', '--raw', '--subdir', 'DAGS_FOLDER/DAG.py', '--cfg-path', '/tmp/tmp0qfww2s7', '--error-file', '/tmp/tmpqikokkr5']
[2024-03-15 17:47:04,573] {standard_task_runner.py:77} INFO - Job 3061: Subtask transform_into_data.csv
[2024-03-15 17:47:04,643] {logging_mixin.py:104} INFO - Running <TaskInstance: ***_exam.transform_into_data.csv 2024-03-15T17:46:00+00:00 [running]> on host 3a3d0401ac26
[2024-03-15 17:47:04,728] {taskinstance.py:1302} INFO - Exporting the following env vars:
AIRFLOW_CTX_DAG_OWNER=***
AIRFLOW_CTX_DAG_ID=***_exam
AIRFLOW_CTX_TASK_ID=transform_into_data.csv
AIRFLOW_CTX_EXECUTION_DATE=2024-03-15T17:46:00+00:00
AIRFLOW_CTX_DAG_RUN_ID=scheduled__2024-03-15T17:46:00+00:00
[2024-03-15 17:47:04,737] {logging_mixin.py:104} INFO - 
[2024-03-15 17:47:04,779] {logging_mixin.py:104} INFO -     temperature        city  pression              date
0       287.07       Paris      1011  2024-03-15 17:47
1       285.90      London      1005  2024-03-15 17:47
2       281.30  Washington      1026  2024-03-15 17:47
3       287.07       Paris      1011  2024-03-15 17:46
4       285.90      London      1005  2024-03-15 17:46
5       281.30  Washington      1026  2024-03-15 17:46
6       287.07       Paris      1011  2024-03-15 17:45
7       285.90      London      1005  2024-03-15 17:45
8       280.79  Washington      1026  2024-03-15 17:45
9       287.07       Paris      1011  2024-03-15 17:44
[2024-03-15 17:47:04,788] {python.py:151} INFO - Done. Returned value was: None
[2024-03-15 17:47:04,808] {taskinstance.py:1211} INFO - Marking task as SUCCESS. dag_id=***_exam, task_id=transform_into_data.csv, execution_date=20240315T174600, start_date=20240315T174704, end_date=20240315T174704
[2024-03-15 17:47:04,862] {taskinstance.py:1265} INFO - 0 downstream tasks scheduled from follow-on schedule check
[2024-03-15 17:47:04,905] {local_task_job.py:151} INFO - Task exited with return code 0
