[2024-03-21 18:29:12,957] {taskinstance.py:896} INFO - Dependencies all met for <TaskInstance: airflow_exam.compute_lr_score 2024-03-21T18:28:00+00:00 [queued]>
[2024-03-21 18:29:13,018] {taskinstance.py:896} INFO - Dependencies all met for <TaskInstance: airflow_exam.compute_lr_score 2024-03-21T18:28:00+00:00 [queued]>
[2024-03-21 18:29:13,018] {taskinstance.py:1087} INFO - 
--------------------------------------------------------------------------------
[2024-03-21 18:29:13,019] {taskinstance.py:1088} INFO - Starting attempt 1 of 1
[2024-03-21 18:29:13,019] {taskinstance.py:1089} INFO - 
--------------------------------------------------------------------------------
[2024-03-21 18:29:13,078] {taskinstance.py:1107} INFO - Executing <Task(PythonOperator): compute_lr_score> on 2024-03-21T18:28:00+00:00
[2024-03-21 18:29:13,126] {standard_task_runner.py:52} INFO - Started process 36300 to run task
[2024-03-21 18:29:13,145] {standard_task_runner.py:76} INFO - Running: ['***', 'tasks', 'run', '***_exam', 'compute_lr_score', '2024-03-21T18:28:00+00:00', '--job-id', '10229', '--pool', 'default_pool', '--raw', '--subdir', 'DAGS_FOLDER/DAG.py', '--cfg-path', '/tmp/tmpgy2axpls', '--error-file', '/tmp/tmpozeq51q6']
[2024-03-21 18:29:13,145] {standard_task_runner.py:77} INFO - Job 10229: Subtask compute_lr_score
[2024-03-21 18:29:13,345] {logging_mixin.py:104} INFO - Running <TaskInstance: ***_exam.compute_lr_score 2024-03-21T18:28:00+00:00 [running]> on host 3a3d0401ac26
[2024-03-21 18:29:13,500] {taskinstance.py:1302} INFO - Exporting the following env vars:
AIRFLOW_CTX_DAG_OWNER=***
AIRFLOW_CTX_DAG_ID=***_exam
AIRFLOW_CTX_TASK_ID=compute_lr_score
AIRFLOW_CTX_EXECUTION_DATE=2024-03-21T18:28:00+00:00
AIRFLOW_CTX_DAG_RUN_ID=scheduled__2024-03-21T18:28:00+00:00
[2024-03-21 18:29:14,031] {python.py:151} INFO - Done. Returned value was: None
[2024-03-21 18:29:14,054] {taskinstance.py:1211} INFO - Marking task as SUCCESS. dag_id=***_exam, task_id=compute_lr_score, execution_date=20240321T182800, start_date=20240321T182912, end_date=20240321T182914
[2024-03-21 18:29:14,125] {taskinstance.py:1265} INFO - 0 downstream tasks scheduled from follow-on schedule check
[2024-03-21 18:29:14,164] {local_task_job.py:151} INFO - Task exited with return code 0
