[2024-03-21 16:40:04,499] {taskinstance.py:896} INFO - Dependencies all met for <TaskInstance: airflow_exam.transform_into_fulldata.csv 2024-03-21T16:39:00+00:00 [queued]>
[2024-03-21 16:40:04,519] {taskinstance.py:896} INFO - Dependencies all met for <TaskInstance: airflow_exam.transform_into_fulldata.csv 2024-03-21T16:39:00+00:00 [queued]>
[2024-03-21 16:40:04,519] {taskinstance.py:1087} INFO - 
--------------------------------------------------------------------------------
[2024-03-21 16:40:04,519] {taskinstance.py:1088} INFO - Starting attempt 1 of 1
[2024-03-21 16:40:04,519] {taskinstance.py:1089} INFO - 
--------------------------------------------------------------------------------
[2024-03-21 16:40:04,531] {taskinstance.py:1107} INFO - Executing <Task(PythonOperator): transform_into_fulldata.csv> on 2024-03-21T16:39:00+00:00
[2024-03-21 16:40:04,539] {standard_task_runner.py:52} INFO - Started process 12761 to run task
[2024-03-21 16:40:04,542] {standard_task_runner.py:76} INFO - Running: ['***', 'tasks', 'run', '***_exam', 'transform_into_fulldata.csv', '2024-03-21T16:39:00+00:00', '--job-id', '9464', '--pool', 'default_pool', '--raw', '--subdir', 'DAGS_FOLDER/DAG.py', '--cfg-path', '/tmp/tmp5zoddife', '--error-file', '/tmp/tmpt_vnun9c']
[2024-03-21 16:40:04,542] {standard_task_runner.py:77} INFO - Job 9464: Subtask transform_into_fulldata.csv
[2024-03-21 16:40:04,589] {logging_mixin.py:104} INFO - Running <TaskInstance: ***_exam.transform_into_fulldata.csv 2024-03-21T16:39:00+00:00 [running]> on host 3a3d0401ac26
[2024-03-21 16:40:04,650] {taskinstance.py:1302} INFO - Exporting the following env vars:
AIRFLOW_CTX_DAG_OWNER=***
AIRFLOW_CTX_DAG_ID=***_exam
AIRFLOW_CTX_TASK_ID=transform_into_fulldata.csv
AIRFLOW_CTX_EXECUTION_DATE=2024-03-21T16:39:00+00:00
AIRFLOW_CTX_DAG_RUN_ID=scheduled__2024-03-21T16:39:00+00:00
[2024-03-21 16:40:04,730] {logging_mixin.py:104} INFO - 
[2024-03-21 16:40:04,748] {logging_mixin.py:104} INFO -     temperature        city  pression              date
0       292.52       Paris      1025  2024-03-21 16:40
1       289.14      London      1022  2024-03-21 16:40
2       281.76  Washington      1015  2024-03-21 16:40
3       292.52       Paris      1025  2024-03-21 16:39
4       289.32      London      1023  2024-03-21 16:39
5       281.76  Washington      1015  2024-03-21 16:39
6       292.52       Paris      1025  2024-03-21 16:38
7       289.32      London      1023  2024-03-21 16:38
8       281.37  Washington      1015  2024-03-21 16:38
9       292.52       Paris      1025  2024-03-21 16:37
[2024-03-21 16:40:04,761] {python.py:151} INFO - Done. Returned value was: None
[2024-03-21 16:40:04,774] {taskinstance.py:1211} INFO - Marking task as SUCCESS. dag_id=***_exam, task_id=transform_into_fulldata.csv, execution_date=20240321T163900, start_date=20240321T164004, end_date=20240321T164004
[2024-03-21 16:40:04,808] {taskinstance.py:1265} INFO - 3 downstream tasks scheduled from follow-on schedule check
[2024-03-21 16:40:04,835] {local_task_job.py:151} INFO - Task exited with return code 0
