[2024-03-21 20:11:07,238] {taskinstance.py:896} INFO - Dependencies all met for <TaskInstance: airflow_exam.compute_rf_score 2024-03-21T20:10:00+00:00 [queued]>
[2024-03-21 20:11:07,261] {taskinstance.py:896} INFO - Dependencies all met for <TaskInstance: airflow_exam.compute_rf_score 2024-03-21T20:10:00+00:00 [queued]>
[2024-03-21 20:11:07,261] {taskinstance.py:1087} INFO - 
--------------------------------------------------------------------------------
[2024-03-21 20:11:07,261] {taskinstance.py:1088} INFO - Starting attempt 1 of 1
[2024-03-21 20:11:07,261] {taskinstance.py:1089} INFO - 
--------------------------------------------------------------------------------
[2024-03-21 20:11:07,274] {taskinstance.py:1107} INFO - Executing <Task(PythonOperator): compute_rf_score> on 2024-03-21T20:10:00+00:00
[2024-03-21 20:11:07,283] {standard_task_runner.py:52} INFO - Started process 58337 to run task
[2024-03-21 20:11:07,287] {standard_task_runner.py:76} INFO - Running: ['***', 'tasks', 'run', '***_exam', 'compute_rf_score', '2024-03-21T20:10:00+00:00', '--job-id', '10944', '--pool', 'default_pool', '--raw', '--subdir', 'DAGS_FOLDER/DAG.py', '--cfg-path', '/tmp/tmpob3v44ow', '--error-file', '/tmp/tmp1s2nnymu']
[2024-03-21 20:11:07,288] {standard_task_runner.py:77} INFO - Job 10944: Subtask compute_rf_score
[2024-03-21 20:11:07,340] {logging_mixin.py:104} INFO - Running <TaskInstance: ***_exam.compute_rf_score 2024-03-21T20:10:00+00:00 [running]> on host 3a3d0401ac26
[2024-03-21 20:11:07,408] {taskinstance.py:1302} INFO - Exporting the following env vars:
AIRFLOW_CTX_DAG_OWNER=***
AIRFLOW_CTX_DAG_ID=***_exam
AIRFLOW_CTX_TASK_ID=compute_rf_score
AIRFLOW_CTX_EXECUTION_DATE=2024-03-21T20:10:00+00:00
AIRFLOW_CTX_DAG_RUN_ID=scheduled__2024-03-21T20:10:00+00:00
[2024-03-21 20:11:10,697] {python.py:151} INFO - Done. Returned value was: None
[2024-03-21 20:11:10,711] {taskinstance.py:1211} INFO - Marking task as SUCCESS. dag_id=***_exam, task_id=compute_rf_score, execution_date=20240321T201000, start_date=20240321T201107, end_date=20240321T201110
[2024-03-21 20:11:10,748] {taskinstance.py:1265} INFO - 1 downstream tasks scheduled from follow-on schedule check
[2024-03-21 20:11:10,797] {local_task_job.py:151} INFO - Task exited with return code 0
