[2024-03-20 23:31:05,352] {taskinstance.py:896} INFO - Dependencies all met for <TaskInstance: airflow_exam.transform_into_data.csv 2024-03-20T23:30:00+00:00 [queued]>
[2024-03-20 23:31:05,374] {taskinstance.py:896} INFO - Dependencies all met for <TaskInstance: airflow_exam.transform_into_data.csv 2024-03-20T23:30:00+00:00 [queued]>
[2024-03-20 23:31:05,375] {taskinstance.py:1087} INFO - 
--------------------------------------------------------------------------------
[2024-03-20 23:31:05,375] {taskinstance.py:1088} INFO - Starting attempt 1 of 1
[2024-03-20 23:31:05,375] {taskinstance.py:1089} INFO - 
--------------------------------------------------------------------------------
[2024-03-20 23:31:05,400] {taskinstance.py:1107} INFO - Executing <Task(PythonOperator): transform_into_data.csv> on 2024-03-20T23:30:00+00:00
[2024-03-20 23:31:05,414] {standard_task_runner.py:52} INFO - Started process 37986 to run task
[2024-03-20 23:31:05,426] {standard_task_runner.py:76} INFO - Running: ['***', 'tasks', 'run', '***_exam', 'transform_into_data.csv', '2024-03-20T23:30:00+00:00', '--job-id', '8081', '--pool', 'default_pool', '--raw', '--subdir', 'DAGS_FOLDER/DAG.py', '--cfg-path', '/tmp/tmpsh6jiqb_', '--error-file', '/tmp/tmpteus7z23']
[2024-03-20 23:31:05,427] {standard_task_runner.py:77} INFO - Job 8081: Subtask transform_into_data.csv
[2024-03-20 23:31:05,525] {logging_mixin.py:104} INFO - Running <TaskInstance: ***_exam.transform_into_data.csv 2024-03-20T23:30:00+00:00 [running]> on host 3a3d0401ac26
[2024-03-20 23:31:05,622] {taskinstance.py:1302} INFO - Exporting the following env vars:
AIRFLOW_CTX_DAG_OWNER=***
AIRFLOW_CTX_DAG_ID=***_exam
AIRFLOW_CTX_TASK_ID=transform_into_data.csv
AIRFLOW_CTX_EXECUTION_DATE=2024-03-20T23:30:00+00:00
AIRFLOW_CTX_DAG_RUN_ID=scheduled__2024-03-20T23:30:00+00:00
[2024-03-20 23:31:05,634] {logging_mixin.py:104} INFO - 
[2024-03-20 23:31:05,683] {logging_mixin.py:104} INFO -     temperature        city  pression              date
0       286.32       Paris      1021  2024-03-20 23:31
1       285.13      London      1022  2024-03-20 23:31
2       290.99  Washington      1007  2024-03-20 23:31
3       286.35       Paris      1021  2024-03-20 23:30
4       285.12      London      1022  2024-03-20 23:30
5       290.99  Washington      1007  2024-03-20 23:30
6       286.59       Paris      1020  2024-03-20 23:29
7       285.12      London      1022  2024-03-20 23:29
8       290.99  Washington      1007  2024-03-20 23:29
9       286.59       Paris      1020  2024-03-20 23:28
[2024-03-20 23:31:05,691] {python.py:151} INFO - Done. Returned value was: None
[2024-03-20 23:31:05,710] {taskinstance.py:1211} INFO - Marking task as SUCCESS. dag_id=***_exam, task_id=transform_into_data.csv, execution_date=20240320T233000, start_date=20240320T233105, end_date=20240320T233105
[2024-03-20 23:31:05,757] {taskinstance.py:1265} INFO - 0 downstream tasks scheduled from follow-on schedule check
[2024-03-20 23:31:05,797] {local_task_job.py:151} INFO - Task exited with return code 0
