[2024-03-15 23:05:06,734] {taskinstance.py:896} INFO - Dependencies all met for <TaskInstance: airflow_exam.compute_dt_score 2024-03-15T23:04:00+00:00 [queued]>
[2024-03-15 23:05:06,771] {taskinstance.py:896} INFO - Dependencies all met for <TaskInstance: airflow_exam.compute_dt_score 2024-03-15T23:04:00+00:00 [queued]>
[2024-03-15 23:05:06,772] {taskinstance.py:1087} INFO - 
--------------------------------------------------------------------------------
[2024-03-15 23:05:06,772] {taskinstance.py:1088} INFO - Starting attempt 1 of 1
[2024-03-15 23:05:06,772] {taskinstance.py:1089} INFO - 
--------------------------------------------------------------------------------
[2024-03-15 23:05:06,794] {taskinstance.py:1107} INFO - Executing <Task(PythonOperator): compute_dt_score> on 2024-03-15T23:04:00+00:00
[2024-03-15 23:05:06,807] {standard_task_runner.py:52} INFO - Started process 84846 to run task
[2024-03-15 23:05:06,813] {standard_task_runner.py:76} INFO - Running: ['***', 'tasks', 'run', '***_exam', 'compute_dt_score', '2024-03-15T23:04:00+00:00', '--job-id', '4697', '--pool', 'default_pool', '--raw', '--subdir', 'DAGS_FOLDER/DAG.py', '--cfg-path', '/tmp/tmpkg3_i62i', '--error-file', '/tmp/tmptlm9zr_d']
[2024-03-15 23:05:06,815] {standard_task_runner.py:77} INFO - Job 4697: Subtask compute_dt_score
[2024-03-15 23:05:06,887] {logging_mixin.py:104} INFO - Running <TaskInstance: ***_exam.compute_dt_score 2024-03-15T23:04:00+00:00 [running]> on host 3a3d0401ac26
[2024-03-15 23:05:06,987] {taskinstance.py:1302} INFO - Exporting the following env vars:
AIRFLOW_CTX_DAG_OWNER=***
AIRFLOW_CTX_DAG_ID=***_exam
AIRFLOW_CTX_TASK_ID=compute_dt_score
AIRFLOW_CTX_EXECUTION_DATE=2024-03-15T23:04:00+00:00
AIRFLOW_CTX_DAG_RUN_ID=scheduled__2024-03-15T23:04:00+00:00
[2024-03-15 23:05:07,300] {python.py:151} INFO - Done. Returned value was: None
[2024-03-15 23:05:07,316] {taskinstance.py:1211} INFO - Marking task as SUCCESS. dag_id=***_exam, task_id=compute_dt_score, execution_date=20240315T230400, start_date=20240315T230506, end_date=20240315T230507
[2024-03-15 23:05:07,371] {taskinstance.py:1265} INFO - 0 downstream tasks scheduled from follow-on schedule check
[2024-03-15 23:05:07,404] {local_task_job.py:151} INFO - Task exited with return code 0
