[2024-03-20 22:57:07,719] {taskinstance.py:896} INFO - Dependencies all met for <TaskInstance: airflow_exam.compute_lr_score 2024-03-20T22:56:00+00:00 [queued]>
[2024-03-20 22:57:07,742] {taskinstance.py:896} INFO - Dependencies all met for <TaskInstance: airflow_exam.compute_lr_score 2024-03-20T22:56:00+00:00 [queued]>
[2024-03-20 22:57:07,742] {taskinstance.py:1087} INFO - 
--------------------------------------------------------------------------------
[2024-03-20 22:57:07,742] {taskinstance.py:1088} INFO - Starting attempt 1 of 1
[2024-03-20 22:57:07,742] {taskinstance.py:1089} INFO - 
--------------------------------------------------------------------------------
[2024-03-20 22:57:07,768] {taskinstance.py:1107} INFO - Executing <Task(PythonOperator): compute_lr_score> on 2024-03-20T22:56:00+00:00
[2024-03-20 22:57:07,781] {standard_task_runner.py:52} INFO - Started process 30776 to run task
[2024-03-20 22:57:07,786] {standard_task_runner.py:76} INFO - Running: ['***', 'tasks', 'run', '***_exam', 'compute_lr_score', '2024-03-20T22:56:00+00:00', '--job-id', '7845', '--pool', 'default_pool', '--raw', '--subdir', 'DAGS_FOLDER/DAG.py', '--cfg-path', '/tmp/tmpa68y9_t6', '--error-file', '/tmp/tmpeun788ga']
[2024-03-20 22:57:07,787] {standard_task_runner.py:77} INFO - Job 7845: Subtask compute_lr_score
[2024-03-20 22:57:07,874] {logging_mixin.py:104} INFO - Running <TaskInstance: ***_exam.compute_lr_score 2024-03-20T22:56:00+00:00 [running]> on host 3a3d0401ac26
[2024-03-20 22:57:08,025] {taskinstance.py:1302} INFO - Exporting the following env vars:
AIRFLOW_CTX_DAG_OWNER=***
AIRFLOW_CTX_DAG_ID=***_exam
AIRFLOW_CTX_TASK_ID=compute_lr_score
AIRFLOW_CTX_EXECUTION_DATE=2024-03-20T22:56:00+00:00
AIRFLOW_CTX_DAG_RUN_ID=scheduled__2024-03-20T22:56:00+00:00
[2024-03-20 22:57:08,357] {python.py:151} INFO - Done. Returned value was: None
[2024-03-20 22:57:08,402] {taskinstance.py:1211} INFO - Marking task as SUCCESS. dag_id=***_exam, task_id=compute_lr_score, execution_date=20240320T225600, start_date=20240320T225707, end_date=20240320T225708
[2024-03-20 22:57:08,462] {taskinstance.py:1265} INFO - 0 downstream tasks scheduled from follow-on schedule check
[2024-03-20 22:57:08,498] {local_task_job.py:151} INFO - Task exited with return code 0
