[2023-10-06 19:48:03,794] {taskinstance.py:896} INFO - Dependencies all met for <TaskInstance: airflow_exam.transform_into_data.csv 2023-10-06T19:47:00+00:00 [queued]>
[2023-10-06 19:48:03,807] {taskinstance.py:896} INFO - Dependencies all met for <TaskInstance: airflow_exam.transform_into_data.csv 2023-10-06T19:47:00+00:00 [queued]>
[2023-10-06 19:48:03,807] {taskinstance.py:1087} INFO - 
--------------------------------------------------------------------------------
[2023-10-06 19:48:03,807] {taskinstance.py:1088} INFO - Starting attempt 1 of 1
[2023-10-06 19:48:03,808] {taskinstance.py:1089} INFO - 
--------------------------------------------------------------------------------
[2023-10-06 19:48:03,823] {taskinstance.py:1107} INFO - Executing <Task(PythonOperator): transform_into_data.csv> on 2023-10-06T19:47:00+00:00
[2023-10-06 19:48:03,829] {standard_task_runner.py:52} INFO - Started process 8879 to run task
[2023-10-06 19:48:03,833] {standard_task_runner.py:76} INFO - Running: ['***', 'tasks', 'run', '***_exam', 'transform_into_data.csv', '2023-10-06T19:47:00+00:00', '--job-id', '586', '--pool', 'default_pool', '--raw', '--subdir', 'DAGS_FOLDER/DAG.py', '--cfg-path', '/tmp/tmp22zxfrex', '--error-file', '/tmp/tmpesme_9dt']
[2023-10-06 19:48:03,833] {standard_task_runner.py:77} INFO - Job 586: Subtask transform_into_data.csv
[2023-10-06 19:48:03,871] {logging_mixin.py:104} INFO - Running <TaskInstance: ***_exam.transform_into_data.csv 2023-10-06T19:47:00+00:00 [running]> on host 3a3d0401ac26
[2023-10-06 19:48:03,924] {taskinstance.py:1302} INFO - Exporting the following env vars:
AIRFLOW_CTX_DAG_OWNER=***
AIRFLOW_CTX_DAG_ID=***_exam
AIRFLOW_CTX_TASK_ID=transform_into_data.csv
AIRFLOW_CTX_EXECUTION_DATE=2023-10-06T19:47:00+00:00
AIRFLOW_CTX_DAG_RUN_ID=scheduled__2023-10-06T19:47:00+00:00
[2023-10-06 19:48:03,928] {logging_mixin.py:104} INFO - 
[2023-10-06 19:48:03,946] {logging_mixin.py:104} INFO -     temperature        city  pression              date
0       289.02       Paris      1025  2023-10-06 19:48
1       290.16      London      1023  2023-10-06 19:48
2       292.95  Washington      1024  2023-10-06 19:48
3       289.02       Paris      1025  2023-10-06 19:47
4       290.16      London      1023  2023-10-06 19:47
5       292.95  Washington      1024  2023-10-06 19:47
6       289.02       Paris      1025  2023-10-06 19:46
7       290.25      London      1023  2023-10-06 19:46
8       292.95  Washington      1024  2023-10-06 19:46
9       289.02       Paris      1025  2023-10-06 19:45
[2023-10-06 19:48:03,950] {python.py:151} INFO - Done. Returned value was: None
[2023-10-06 19:48:03,961] {taskinstance.py:1211} INFO - Marking task as SUCCESS. dag_id=***_exam, task_id=transform_into_data.csv, execution_date=20231006T194700, start_date=20231006T194803, end_date=20231006T194803
[2023-10-06 19:48:03,988] {taskinstance.py:1265} INFO - 0 downstream tasks scheduled from follow-on schedule check
[2023-10-06 19:48:04,004] {local_task_job.py:151} INFO - Task exited with return code 0
