[2023-10-05 19:27:17,598] {taskinstance.py:896} INFO - Dependencies all met for <TaskInstance: airflow_exam.transform_into_fulldata.csv 2023-10-05T19:27:09.023779+00:00 [queued]>
[2023-10-05 19:27:17,618] {taskinstance.py:896} INFO - Dependencies all met for <TaskInstance: airflow_exam.transform_into_fulldata.csv 2023-10-05T19:27:09.023779+00:00 [queued]>
[2023-10-05 19:27:17,618] {taskinstance.py:1087} INFO - 
--------------------------------------------------------------------------------
[2023-10-05 19:27:17,618] {taskinstance.py:1088} INFO - Starting attempt 1 of 1
[2023-10-05 19:27:17,618] {taskinstance.py:1089} INFO - 
--------------------------------------------------------------------------------
[2023-10-05 19:27:17,628] {taskinstance.py:1107} INFO - Executing <Task(PythonOperator): transform_into_fulldata.csv> on 2023-10-05T19:27:09.023779+00:00
[2023-10-05 19:27:17,633] {standard_task_runner.py:52} INFO - Started process 1775 to run task
[2023-10-05 19:27:17,636] {standard_task_runner.py:76} INFO - Running: ['***', 'tasks', 'run', '***_exam', 'transform_into_fulldata.csv', '2023-10-05T19:27:09.023779+00:00', '--job-id', '218', '--pool', 'default_pool', '--raw', '--subdir', 'DAGS_FOLDER/DAG.py', '--cfg-path', '/tmp/tmp1guxped1', '--error-file', '/tmp/tmpdu4_lwb_']
[2023-10-05 19:27:17,637] {standard_task_runner.py:77} INFO - Job 218: Subtask transform_into_fulldata.csv
[2023-10-05 19:27:17,678] {logging_mixin.py:104} INFO - Running <TaskInstance: ***_exam.transform_into_fulldata.csv 2023-10-05T19:27:09.023779+00:00 [running]> on host 3a3d0401ac26
[2023-10-05 19:27:17,734] {taskinstance.py:1302} INFO - Exporting the following env vars:
AIRFLOW_CTX_DAG_OWNER=***
AIRFLOW_CTX_DAG_ID=***_exam
AIRFLOW_CTX_TASK_ID=transform_into_fulldata.csv
AIRFLOW_CTX_EXECUTION_DATE=2023-10-05T19:27:09.023779+00:00
AIRFLOW_CTX_DAG_RUN_ID=manual__2023-10-05T19:27:09.023779+00:00
[2023-10-05 19:27:17,739] {logging_mixin.py:104} INFO - 
[2023-10-05 19:27:17,756] {logging_mixin.py:104} INFO -     temperature        city  pression              date
0       288.43       Paris      1026  2023-10-05 19:27
1       287.72      London      1024  2023-10-05 19:27
2       292.89  Washington      1025  2023-10-05 19:27
3       290.92       Paris      1026  2023-10-05 19:21
4       290.06      London      1024  2023-10-05 19:21
5       289.15  Washington      1026  2023-10-05 19:21
6       288.66       Paris      1026  2023-10-05 19:20
7       287.74      London      1024  2023-10-05 19:20
8       292.89  Washington      1025  2023-10-05 19:20
9       288.66       Paris      1026  2023-10-05 19:19
[2023-10-05 19:27:17,759] {python.py:151} INFO - Done. Returned value was: None
[2023-10-05 19:27:17,770] {taskinstance.py:1211} INFO - Marking task as SUCCESS. dag_id=***_exam, task_id=transform_into_fulldata.csv, execution_date=20231005T192709, start_date=20231005T192717, end_date=20231005T192717
[2023-10-05 19:27:17,799] {taskinstance.py:1265} INFO - 0 downstream tasks scheduled from follow-on schedule check
[2023-10-05 19:27:17,808] {local_task_job.py:151} INFO - Task exited with return code 0
