[2023-10-05 20:33:47,823] {taskinstance.py:896} INFO - Dependencies all met for <TaskInstance: airflow_exam.transform_into_fulldata.csv 2023-10-05T20:33:45.256928+00:00 [queued]>
[2023-10-05 20:33:47,841] {taskinstance.py:896} INFO - Dependencies all met for <TaskInstance: airflow_exam.transform_into_fulldata.csv 2023-10-05T20:33:45.256928+00:00 [queued]>
[2023-10-05 20:33:47,841] {taskinstance.py:1087} INFO - 
--------------------------------------------------------------------------------
[2023-10-05 20:33:47,841] {taskinstance.py:1088} INFO - Starting attempt 1 of 1
[2023-10-05 20:33:47,841] {taskinstance.py:1089} INFO - 
--------------------------------------------------------------------------------
[2023-10-05 20:33:47,853] {taskinstance.py:1107} INFO - Executing <Task(PythonOperator): transform_into_fulldata.csv> on 2023-10-05T20:33:45.256928+00:00
[2023-10-05 20:33:47,859] {standard_task_runner.py:52} INFO - Started process 8480 to run task
[2023-10-05 20:33:47,863] {standard_task_runner.py:76} INFO - Running: ['***', 'tasks', 'run', '***_exam', 'transform_into_fulldata.csv', '2023-10-05T20:33:45.256928+00:00', '--job-id', '221', '--pool', 'default_pool', '--raw', '--subdir', 'DAGS_FOLDER/DAG.py', '--cfg-path', '/tmp/tmpfjuks2uv', '--error-file', '/tmp/tmpi6do4m1x']
[2023-10-05 20:33:47,864] {standard_task_runner.py:77} INFO - Job 221: Subtask transform_into_fulldata.csv
[2023-10-05 20:33:47,908] {logging_mixin.py:104} INFO - Running <TaskInstance: ***_exam.transform_into_fulldata.csv 2023-10-05T20:33:45.256928+00:00 [running]> on host 3a3d0401ac26
[2023-10-05 20:33:47,971] {taskinstance.py:1302} INFO - Exporting the following env vars:
AIRFLOW_CTX_DAG_OWNER=***
AIRFLOW_CTX_DAG_ID=***_exam
AIRFLOW_CTX_TASK_ID=transform_into_fulldata.csv
AIRFLOW_CTX_EXECUTION_DATE=2023-10-05T20:33:45.256928+00:00
AIRFLOW_CTX_DAG_RUN_ID=manual__2023-10-05T20:33:45.256928+00:00
[2023-10-05 20:33:47,978] {logging_mixin.py:104} INFO - 
[2023-10-05 20:33:47,992] {logging_mixin.py:104} INFO -     temperature        city  pression              date
0       287.50       Paris      1026  2023-10-05 20:33
1       287.33      London      1024  2023-10-05 20:33
2       295.17  Washington      1024  2023-10-05 20:33
3       288.43       Paris      1026  2023-10-05 19:27
4       287.72      London      1024  2023-10-05 19:27
5       292.89  Washington      1025  2023-10-05 19:27
6       290.92       Paris      1026  2023-10-05 19:21
7       290.06      London      1024  2023-10-05 19:21
8       289.15  Washington      1026  2023-10-05 19:21
9       288.66       Paris      1026  2023-10-05 19:20
[2023-10-05 20:33:47,995] {python.py:151} INFO - Done. Returned value was: None
[2023-10-05 20:33:48,006] {taskinstance.py:1211} INFO - Marking task as SUCCESS. dag_id=***_exam, task_id=transform_into_fulldata.csv, execution_date=20231005T203345, start_date=20231005T203347, end_date=20231005T203348
[2023-10-05 20:33:48,035] {taskinstance.py:1265} INFO - 0 downstream tasks scheduled from follow-on schedule check
[2023-10-05 20:33:48,075] {local_task_job.py:151} INFO - Task exited with return code 0
