[2023-10-06 19:22:04,256] {taskinstance.py:896} INFO - Dependencies all met for <TaskInstance: airflow_exam.transform_into_fulldata.csv 2023-10-06T19:21:00+00:00 [queued]>
[2023-10-06 19:22:04,272] {taskinstance.py:896} INFO - Dependencies all met for <TaskInstance: airflow_exam.transform_into_fulldata.csv 2023-10-06T19:21:00+00:00 [queued]>
[2023-10-06 19:22:04,272] {taskinstance.py:1087} INFO - 
--------------------------------------------------------------------------------
[2023-10-06 19:22:04,273] {taskinstance.py:1088} INFO - Starting attempt 1 of 1
[2023-10-06 19:22:04,273] {taskinstance.py:1089} INFO - 
--------------------------------------------------------------------------------
[2023-10-06 19:22:04,290] {taskinstance.py:1107} INFO - Executing <Task(PythonOperator): transform_into_fulldata.csv> on 2023-10-06T19:21:00+00:00
[2023-10-06 19:22:04,300] {standard_task_runner.py:52} INFO - Started process 3942 to run task
[2023-10-06 19:22:04,304] {standard_task_runner.py:76} INFO - Running: ['***', 'tasks', 'run', '***_exam', 'transform_into_fulldata.csv', '2023-10-06T19:21:00+00:00', '--job-id', '405', '--pool', 'default_pool', '--raw', '--subdir', 'DAGS_FOLDER/DAG.py', '--cfg-path', '/tmp/tmprs8tieds', '--error-file', '/tmp/tmphga5efdk']
[2023-10-06 19:22:04,305] {standard_task_runner.py:77} INFO - Job 405: Subtask transform_into_fulldata.csv
[2023-10-06 19:22:04,360] {logging_mixin.py:104} INFO - Running <TaskInstance: ***_exam.transform_into_fulldata.csv 2023-10-06T19:21:00+00:00 [running]> on host 3a3d0401ac26
[2023-10-06 19:22:04,432] {taskinstance.py:1302} INFO - Exporting the following env vars:
AIRFLOW_CTX_DAG_OWNER=***
AIRFLOW_CTX_DAG_ID=***_exam
AIRFLOW_CTX_TASK_ID=transform_into_fulldata.csv
AIRFLOW_CTX_EXECUTION_DATE=2023-10-06T19:21:00+00:00
AIRFLOW_CTX_DAG_RUN_ID=scheduled__2023-10-06T19:21:00+00:00
[2023-10-06 19:22:04,441] {logging_mixin.py:104} INFO - 
[2023-10-06 19:22:04,467] {logging_mixin.py:104} INFO -     temperature        city  pression              date
0       289.07       Paris      1026  2023-10-06 19:22
1       290.46      London      1023  2023-10-06 19:22
2       291.89  Washington      1025  2023-10-06 19:22
3       289.07       Paris      1026  2023-10-06 19:21
4       290.46      London      1023  2023-10-06 19:21
5       291.89  Washington      1025  2023-10-06 19:21
6       289.07       Paris      1026  2023-10-06 19:20
7       290.46      London      1023  2023-10-06 19:20
8       291.89  Washington      1025  2023-10-06 19:20
9       289.07       Paris      1026  2023-10-06 19:19
[2023-10-06 19:22:04,471] {python.py:151} INFO - Done. Returned value was: None
[2023-10-06 19:22:04,483] {taskinstance.py:1211} INFO - Marking task as SUCCESS. dag_id=***_exam, task_id=transform_into_fulldata.csv, execution_date=20231006T192100, start_date=20231006T192204, end_date=20231006T192204
[2023-10-06 19:22:04,517] {taskinstance.py:1265} INFO - 3 downstream tasks scheduled from follow-on schedule check
[2023-10-06 19:22:04,557] {local_task_job.py:151} INFO - Task exited with return code 0
