[2023-10-06 19:24:07,729] {taskinstance.py:896} INFO - Dependencies all met for <TaskInstance: airflow_exam.compute_dt_score 2023-10-06T19:23:00+00:00 [queued]>
[2023-10-06 19:24:07,754] {taskinstance.py:896} INFO - Dependencies all met for <TaskInstance: airflow_exam.compute_dt_score 2023-10-06T19:23:00+00:00 [queued]>
[2023-10-06 19:24:07,754] {taskinstance.py:1087} INFO - 
--------------------------------------------------------------------------------
[2023-10-06 19:24:07,755] {taskinstance.py:1088} INFO - Starting attempt 1 of 1
[2023-10-06 19:24:07,755] {taskinstance.py:1089} INFO - 
--------------------------------------------------------------------------------
[2023-10-06 19:24:07,776] {taskinstance.py:1107} INFO - Executing <Task(PythonOperator): compute_dt_score> on 2023-10-06T19:23:00+00:00
[2023-10-06 19:24:07,790] {standard_task_runner.py:52} INFO - Started process 4352 to run task
[2023-10-06 19:24:07,796] {standard_task_runner.py:76} INFO - Running: ['***', 'tasks', 'run', '***_exam', 'compute_dt_score', '2023-10-06T19:23:00+00:00', '--job-id', '420', '--pool', 'default_pool', '--raw', '--subdir', 'DAGS_FOLDER/DAG.py', '--cfg-path', '/tmp/tmpp8xcpoy9', '--error-file', '/tmp/tmprdbff3bw']
[2023-10-06 19:24:07,797] {standard_task_runner.py:77} INFO - Job 420: Subtask compute_dt_score
[2023-10-06 19:24:07,898] {logging_mixin.py:104} INFO - Running <TaskInstance: ***_exam.compute_dt_score 2023-10-06T19:23:00+00:00 [running]> on host 3a3d0401ac26
[2023-10-06 19:24:08,011] {taskinstance.py:1302} INFO - Exporting the following env vars:
AIRFLOW_CTX_DAG_OWNER=***
AIRFLOW_CTX_DAG_ID=***_exam
AIRFLOW_CTX_TASK_ID=compute_dt_score
AIRFLOW_CTX_EXECUTION_DATE=2023-10-06T19:23:00+00:00
AIRFLOW_CTX_DAG_RUN_ID=scheduled__2023-10-06T19:23:00+00:00
[2023-10-06 19:24:08,224] {python.py:151} INFO - Done. Returned value was: None
[2023-10-06 19:24:08,239] {taskinstance.py:1211} INFO - Marking task as SUCCESS. dag_id=***_exam, task_id=compute_dt_score, execution_date=20231006T192300, start_date=20231006T192407, end_date=20231006T192408
[2023-10-06 19:24:08,286] {taskinstance.py:1265} INFO - 0 downstream tasks scheduled from follow-on schedule check
[2023-10-06 19:24:08,331] {local_task_job.py:151} INFO - Task exited with return code 0
