[2024-03-20 20:42:04,369] {taskinstance.py:896} INFO - Dependencies all met for <TaskInstance: airflow_exam.transform_into_fulldata.csv 2024-03-20T20:41:00+00:00 [queued]>
[2024-03-20 20:42:04,391] {taskinstance.py:896} INFO - Dependencies all met for <TaskInstance: airflow_exam.transform_into_fulldata.csv 2024-03-20T20:41:00+00:00 [queued]>
[2024-03-20 20:42:04,391] {taskinstance.py:1087} INFO - 
--------------------------------------------------------------------------------
[2024-03-20 20:42:04,391] {taskinstance.py:1088} INFO - Starting attempt 1 of 1
[2024-03-20 20:42:04,391] {taskinstance.py:1089} INFO - 
--------------------------------------------------------------------------------
[2024-03-20 20:42:04,409] {taskinstance.py:1107} INFO - Executing <Task(PythonOperator): transform_into_fulldata.csv> on 2024-03-20T20:41:00+00:00
[2024-03-20 20:42:04,419] {standard_task_runner.py:52} INFO - Started process 2558 to run task
[2024-03-20 20:42:04,422] {standard_task_runner.py:76} INFO - Running: ['***', 'tasks', 'run', '***_exam', 'transform_into_fulldata.csv', '2024-03-20T20:41:00+00:00', '--job-id', '6912', '--pool', 'default_pool', '--raw', '--subdir', 'DAGS_FOLDER/DAG.py', '--cfg-path', '/tmp/tmpe99yx33x', '--error-file', '/tmp/tmpmukp2tlr']
[2024-03-20 20:42:04,423] {standard_task_runner.py:77} INFO - Job 6912: Subtask transform_into_fulldata.csv
[2024-03-20 20:42:04,474] {logging_mixin.py:104} INFO - Running <TaskInstance: ***_exam.transform_into_fulldata.csv 2024-03-20T20:41:00+00:00 [running]> on host 3a3d0401ac26
[2024-03-20 20:42:04,540] {taskinstance.py:1302} INFO - Exporting the following env vars:
AIRFLOW_CTX_DAG_OWNER=***
AIRFLOW_CTX_DAG_ID=***_exam
AIRFLOW_CTX_TASK_ID=transform_into_fulldata.csv
AIRFLOW_CTX_EXECUTION_DATE=2024-03-20T20:41:00+00:00
AIRFLOW_CTX_DAG_RUN_ID=scheduled__2024-03-20T20:41:00+00:00
[2024-03-20 20:42:04,651] {logging_mixin.py:104} INFO - 
[2024-03-20 20:42:04,691] {logging_mixin.py:104} INFO -     temperature        city  pression              date
0       287.45       Paris      1018  2024-03-20 20:42
1       286.77      London      1020  2024-03-20 20:42
2       290.18  Washington      1009  2024-03-20 20:42
3       287.45       Paris      1018  2024-03-20 20:41
4       286.77      London      1020  2024-03-20 20:41
5       290.18  Washington      1009  2024-03-20 20:41
6       287.45       Paris      1018  2024-03-20 20:40
7       286.77      London      1020  2024-03-20 20:40
8       290.18  Washington      1009  2024-03-20 20:40
9       287.45       Paris      1018  2024-03-20 20:39
[2024-03-20 20:42:04,707] {python.py:151} INFO - Done. Returned value was: None
[2024-03-20 20:42:04,721] {taskinstance.py:1211} INFO - Marking task as SUCCESS. dag_id=***_exam, task_id=transform_into_fulldata.csv, execution_date=20240320T204100, start_date=20240320T204204, end_date=20240320T204204
[2024-03-20 20:42:04,757] {taskinstance.py:1265} INFO - 3 downstream tasks scheduled from follow-on schedule check
[2024-03-20 20:42:04,795] {local_task_job.py:151} INFO - Task exited with return code 0
