[2024-04-01 23:21:09,750] {taskinstance.py:896} INFO - Dependencies all met for <TaskInstance: airflow_exam.compute_rf_score 2024-04-01T23:20:00+00:00 [queued]>
[2024-04-01 23:21:09,770] {taskinstance.py:896} INFO - Dependencies all met for <TaskInstance: airflow_exam.compute_rf_score 2024-04-01T23:20:00+00:00 [queued]>
[2024-04-01 23:21:09,771] {taskinstance.py:1087} INFO - 
--------------------------------------------------------------------------------
[2024-04-01 23:21:09,771] {taskinstance.py:1088} INFO - Starting attempt 1 of 1
[2024-04-01 23:21:09,771] {taskinstance.py:1089} INFO - 
--------------------------------------------------------------------------------
[2024-04-01 23:21:09,797] {taskinstance.py:1107} INFO - Executing <Task(PythonOperator): compute_rf_score> on 2024-04-01T23:20:00+00:00
[2024-04-01 23:21:09,809] {standard_task_runner.py:52} INFO - Started process 660 to run task
[2024-04-01 23:21:09,814] {standard_task_runner.py:76} INFO - Running: ['***', 'tasks', 'run', '***_exam', 'compute_rf_score', '2024-04-01T23:20:00+00:00', '--job-id', '11223', '--pool', 'default_pool', '--raw', '--subdir', 'DAGS_FOLDER/DAG.py', '--cfg-path', '/tmp/tmpdk5653sa', '--error-file', '/tmp/tmp1iakxi78']
[2024-04-01 23:21:09,815] {standard_task_runner.py:77} INFO - Job 11223: Subtask compute_rf_score
[2024-04-01 23:21:09,873] {logging_mixin.py:104} INFO - Running <TaskInstance: ***_exam.compute_rf_score 2024-04-01T23:20:00+00:00 [running]> on host 3a3d0401ac26
[2024-04-01 23:21:09,947] {taskinstance.py:1302} INFO - Exporting the following env vars:
AIRFLOW_CTX_DAG_OWNER=***
AIRFLOW_CTX_DAG_ID=***_exam
AIRFLOW_CTX_TASK_ID=compute_rf_score
AIRFLOW_CTX_EXECUTION_DATE=2024-04-01T23:20:00+00:00
AIRFLOW_CTX_DAG_RUN_ID=scheduled__2024-04-01T23:20:00+00:00
[2024-04-01 23:21:13,977] {python.py:151} INFO - Done. Returned value was: None
[2024-04-01 23:21:13,996] {taskinstance.py:1211} INFO - Marking task as SUCCESS. dag_id=***_exam, task_id=compute_rf_score, execution_date=20240401T232000, start_date=20240401T232109, end_date=20240401T232113
[2024-04-01 23:21:14,052] {taskinstance.py:1265} INFO - 1 downstream tasks scheduled from follow-on schedule check
[2024-04-01 23:21:14,095] {local_task_job.py:151} INFO - Task exited with return code 0
