[2024-03-21 20:22:04,460] {taskinstance.py:896} INFO - Dependencies all met for <TaskInstance: airflow_exam.transform_into_fulldata.csv 2024-03-21T20:21:00+00:00 [queued]>
[2024-03-21 20:22:04,484] {taskinstance.py:896} INFO - Dependencies all met for <TaskInstance: airflow_exam.transform_into_fulldata.csv 2024-03-21T20:21:00+00:00 [queued]>
[2024-03-21 20:22:04,484] {taskinstance.py:1087} INFO - 
--------------------------------------------------------------------------------
[2024-03-21 20:22:04,485] {taskinstance.py:1088} INFO - Starting attempt 1 of 1
[2024-03-21 20:22:04,485] {taskinstance.py:1089} INFO - 
--------------------------------------------------------------------------------
[2024-03-21 20:22:04,497] {taskinstance.py:1107} INFO - Executing <Task(PythonOperator): transform_into_fulldata.csv> on 2024-03-21T20:21:00+00:00
[2024-03-21 20:22:04,506] {standard_task_runner.py:52} INFO - Started process 60680 to run task
[2024-03-21 20:22:04,509] {standard_task_runner.py:76} INFO - Running: ['***', 'tasks', 'run', '***_exam', 'transform_into_fulldata.csv', '2024-03-21T20:21:00+00:00', '--job-id', '11018', '--pool', 'default_pool', '--raw', '--subdir', 'DAGS_FOLDER/DAG.py', '--cfg-path', '/tmp/tmpj8btgcbf', '--error-file', '/tmp/tmps_4q703m']
[2024-03-21 20:22:04,510] {standard_task_runner.py:77} INFO - Job 11018: Subtask transform_into_fulldata.csv
[2024-03-21 20:22:04,565] {logging_mixin.py:104} INFO - Running <TaskInstance: ***_exam.transform_into_fulldata.csv 2024-03-21T20:21:00+00:00 [running]> on host 3a3d0401ac26
[2024-03-21 20:22:04,639] {taskinstance.py:1302} INFO - Exporting the following env vars:
AIRFLOW_CTX_DAG_OWNER=***
AIRFLOW_CTX_DAG_ID=***_exam
AIRFLOW_CTX_TASK_ID=transform_into_fulldata.csv
AIRFLOW_CTX_EXECUTION_DATE=2024-03-21T20:21:00+00:00
AIRFLOW_CTX_DAG_RUN_ID=scheduled__2024-03-21T20:21:00+00:00
[2024-03-21 20:22:04,751] {logging_mixin.py:104} INFO - 
[2024-03-21 20:22:04,772] {logging_mixin.py:104} INFO -     temperature        city  pression              date
0       287.79       Paris      1025  2024-03-21 20:22
1       286.05      London      1022  2024-03-21 20:22
2       287.52  Washington      1013  2024-03-21 20:22
3       287.79       Paris      1025  2024-03-21 20:21
4       286.05      London      1022  2024-03-21 20:21
5       287.52  Washington      1013  2024-03-21 20:21
6       287.72       Paris      1025  2024-03-21 20:20
7       286.05      London      1022  2024-03-21 20:20
8       287.17  Washington      1013  2024-03-21 20:20
9       287.72       Paris      1025  2024-03-21 20:19
[2024-03-21 20:22:04,797] {python.py:151} INFO - Done. Returned value was: None
[2024-03-21 20:22:04,816] {taskinstance.py:1211} INFO - Marking task as SUCCESS. dag_id=***_exam, task_id=transform_into_fulldata.csv, execution_date=20240321T202100, start_date=20240321T202204, end_date=20240321T202204
[2024-03-21 20:22:04,864] {taskinstance.py:1265} INFO - 3 downstream tasks scheduled from follow-on schedule check
[2024-03-21 20:22:04,883] {local_task_job.py:151} INFO - Task exited with return code 0
