[2024-03-21 19:46:05,640] {taskinstance.py:896} INFO - Dependencies all met for <TaskInstance: airflow_exam.transform_into_data.csv 2024-03-21T19:45:00+00:00 [queued]>
[2024-03-21 19:46:05,665] {taskinstance.py:896} INFO - Dependencies all met for <TaskInstance: airflow_exam.transform_into_data.csv 2024-03-21T19:45:00+00:00 [queued]>
[2024-03-21 19:46:05,665] {taskinstance.py:1087} INFO - 
--------------------------------------------------------------------------------
[2024-03-21 19:46:05,665] {taskinstance.py:1088} INFO - Starting attempt 1 of 1
[2024-03-21 19:46:05,665] {taskinstance.py:1089} INFO - 
--------------------------------------------------------------------------------
[2024-03-21 19:46:05,680] {taskinstance.py:1107} INFO - Executing <Task(PythonOperator): transform_into_data.csv> on 2024-03-21T19:45:00+00:00
[2024-03-21 19:46:05,689] {standard_task_runner.py:52} INFO - Started process 52869 to run task
[2024-03-21 19:46:05,694] {standard_task_runner.py:76} INFO - Running: ['***', 'tasks', 'run', '***_exam', 'transform_into_data.csv', '2024-03-21T19:45:00+00:00', '--job-id', '10767', '--pool', 'default_pool', '--raw', '--subdir', 'DAGS_FOLDER/DAG.py', '--cfg-path', '/tmp/tmprl8ae545', '--error-file', '/tmp/tmpl25fafuh']
[2024-03-21 19:46:05,694] {standard_task_runner.py:77} INFO - Job 10767: Subtask transform_into_data.csv
[2024-03-21 19:46:05,754] {logging_mixin.py:104} INFO - Running <TaskInstance: ***_exam.transform_into_data.csv 2024-03-21T19:45:00+00:00 [running]> on host 3a3d0401ac26
[2024-03-21 19:46:05,840] {taskinstance.py:1302} INFO - Exporting the following env vars:
AIRFLOW_CTX_DAG_OWNER=***
AIRFLOW_CTX_DAG_ID=***_exam
AIRFLOW_CTX_TASK_ID=transform_into_data.csv
AIRFLOW_CTX_EXECUTION_DATE=2024-03-21T19:45:00+00:00
AIRFLOW_CTX_DAG_RUN_ID=scheduled__2024-03-21T19:45:00+00:00
[2024-03-21 19:46:05,851] {logging_mixin.py:104} INFO - 
[2024-03-21 19:46:05,880] {logging_mixin.py:104} INFO -     temperature        city  pression              date
0       288.61       Paris      1025  2024-03-21 19:46
1       286.61      London      1022  2024-03-21 19:46
2       286.81  Washington      1014  2024-03-21 19:46
3       288.61       Paris      1025  2024-03-21 19:45
4       286.61      London      1022  2024-03-21 19:45
5       286.81  Washington      1014  2024-03-21 19:45
6       288.61       Paris      1025  2024-03-21 19:44
7       286.75      London      1022  2024-03-21 19:44
8       286.81  Washington      1014  2024-03-21 19:44
9       288.61       Paris      1025  2024-03-21 19:43
[2024-03-21 19:46:05,885] {python.py:151} INFO - Done. Returned value was: None
[2024-03-21 19:46:05,900] {taskinstance.py:1211} INFO - Marking task as SUCCESS. dag_id=***_exam, task_id=transform_into_data.csv, execution_date=20240321T194500, start_date=20240321T194605, end_date=20240321T194605
[2024-03-21 19:46:05,948] {taskinstance.py:1265} INFO - 0 downstream tasks scheduled from follow-on schedule check
[2024-03-21 19:46:05,985] {local_task_job.py:151} INFO - Task exited with return code 0
