[2023-10-06 19:50:05,347] {taskinstance.py:896} INFO - Dependencies all met for <TaskInstance: airflow_exam.compute_rf_score 2023-10-06T19:49:00+00:00 [queued]>
[2023-10-06 19:50:05,362] {taskinstance.py:896} INFO - Dependencies all met for <TaskInstance: airflow_exam.compute_rf_score 2023-10-06T19:49:00+00:00 [queued]>
[2023-10-06 19:50:05,362] {taskinstance.py:1087} INFO - 
--------------------------------------------------------------------------------
[2023-10-06 19:50:05,362] {taskinstance.py:1088} INFO - Starting attempt 1 of 1
[2023-10-06 19:50:05,362] {taskinstance.py:1089} INFO - 
--------------------------------------------------------------------------------
[2023-10-06 19:50:05,379] {taskinstance.py:1107} INFO - Executing <Task(PythonOperator): compute_rf_score> on 2023-10-06T19:49:00+00:00
[2023-10-06 19:50:05,387] {standard_task_runner.py:52} INFO - Started process 9308 to run task
[2023-10-06 19:50:05,390] {standard_task_runner.py:76} INFO - Running: ['***', 'tasks', 'run', '***_exam', 'compute_rf_score', '2023-10-06T19:49:00+00:00', '--job-id', '602', '--pool', 'default_pool', '--raw', '--subdir', 'DAGS_FOLDER/DAG.py', '--cfg-path', '/tmp/tmpicc5ap7w', '--error-file', '/tmp/tmpsgc0fdzy']
[2023-10-06 19:50:05,391] {standard_task_runner.py:77} INFO - Job 602: Subtask compute_rf_score
[2023-10-06 19:50:05,443] {logging_mixin.py:104} INFO - Running <TaskInstance: ***_exam.compute_rf_score 2023-10-06T19:49:00+00:00 [running]> on host 3a3d0401ac26
[2023-10-06 19:50:05,515] {taskinstance.py:1302} INFO - Exporting the following env vars:
AIRFLOW_CTX_DAG_OWNER=***
AIRFLOW_CTX_DAG_ID=***_exam
AIRFLOW_CTX_TASK_ID=compute_rf_score
AIRFLOW_CTX_EXECUTION_DATE=2023-10-06T19:49:00+00:00
AIRFLOW_CTX_DAG_RUN_ID=scheduled__2023-10-06T19:49:00+00:00
[2023-10-06 19:50:06,177] {python.py:151} INFO - Done. Returned value was: None
[2023-10-06 19:50:06,188] {taskinstance.py:1211} INFO - Marking task as SUCCESS. dag_id=***_exam, task_id=compute_rf_score, execution_date=20231006T194900, start_date=20231006T195005, end_date=20231006T195006
[2023-10-06 19:50:06,218] {taskinstance.py:1265} INFO - 1 downstream tasks scheduled from follow-on schedule check
[2023-10-06 19:50:06,245] {local_task_job.py:151} INFO - Task exited with return code 0
