[2024-03-21 01:37:13,161] {taskinstance.py:896} INFO - Dependencies all met for <TaskInstance: airflow_exam.train_best_model 2024-03-21T01:36:00+00:00 [queued]>
[2024-03-21 01:37:13,179] {taskinstance.py:896} INFO - Dependencies all met for <TaskInstance: airflow_exam.train_best_model 2024-03-21T01:36:00+00:00 [queued]>
[2024-03-21 01:37:13,179] {taskinstance.py:1087} INFO - 
--------------------------------------------------------------------------------
[2024-03-21 01:37:13,179] {taskinstance.py:1088} INFO - Starting attempt 1 of 1
[2024-03-21 01:37:13,179] {taskinstance.py:1089} INFO - 
--------------------------------------------------------------------------------
[2024-03-21 01:37:13,203] {taskinstance.py:1107} INFO - Executing <Task(PythonOperator): train_best_model> on 2024-03-21T01:36:00+00:00
[2024-03-21 01:37:13,215] {standard_task_runner.py:52} INFO - Started process 16534 to run task
[2024-03-21 01:37:13,219] {standard_task_runner.py:76} INFO - Running: ['***', 'tasks', 'run', '***_exam', 'train_best_model', '2024-03-21T01:36:00+00:00', '--job-id', '8910', '--pool', 'default_pool', '--raw', '--subdir', 'DAGS_FOLDER/DAG.py', '--cfg-path', '/tmp/tmp17gc2goc', '--error-file', '/tmp/tmpjfybjk0v']
[2024-03-21 01:37:13,220] {standard_task_runner.py:77} INFO - Job 8910: Subtask train_best_model
[2024-03-21 01:37:13,289] {logging_mixin.py:104} INFO - Running <TaskInstance: ***_exam.train_best_model 2024-03-21T01:36:00+00:00 [running]> on host 3a3d0401ac26
[2024-03-21 01:37:13,375] {taskinstance.py:1302} INFO - Exporting the following env vars:
AIRFLOW_CTX_DAG_OWNER=***
AIRFLOW_CTX_DAG_ID=***_exam
AIRFLOW_CTX_TASK_ID=train_best_model
AIRFLOW_CTX_EXECUTION_DATE=2024-03-21T01:36:00+00:00
AIRFLOW_CTX_DAG_RUN_ID=scheduled__2024-03-21T01:36:00+00:00
[2024-03-21 01:37:13,610] {logging_mixin.py:104} INFO - LinearRegression() saved at  /app/clean_data/best_model.pickle
[2024-03-21 01:37:13,617] {python.py:151} INFO - Done. Returned value was: None
[2024-03-21 01:37:13,639] {taskinstance.py:1211} INFO - Marking task as SUCCESS. dag_id=***_exam, task_id=train_best_model, execution_date=20240321T013600, start_date=20240321T013713, end_date=20240321T013713
[2024-03-21 01:37:13,705] {taskinstance.py:1265} INFO - 0 downstream tasks scheduled from follow-on schedule check
[2024-03-21 01:37:13,763] {local_task_job.py:151} INFO - Task exited with return code 0
