[2024-03-15 13:58:04,937] {taskinstance.py:896} INFO - Dependencies all met for <TaskInstance: airflow_exam.transform_into_fulldata.csv 2024-03-15T13:57:00+00:00 [queued]>
[2024-03-15 13:58:04,958] {taskinstance.py:896} INFO - Dependencies all met for <TaskInstance: airflow_exam.transform_into_fulldata.csv 2024-03-15T13:57:00+00:00 [queued]>
[2024-03-15 13:58:04,958] {taskinstance.py:1087} INFO - 
--------------------------------------------------------------------------------
[2024-03-15 13:58:04,958] {taskinstance.py:1088} INFO - Starting attempt 1 of 1
[2024-03-15 13:58:04,958] {taskinstance.py:1089} INFO - 
--------------------------------------------------------------------------------
[2024-03-15 13:58:04,969] {taskinstance.py:1107} INFO - Executing <Task(PythonOperator): transform_into_fulldata.csv> on 2024-03-15T13:57:00+00:00
[2024-03-15 13:58:04,977] {standard_task_runner.py:52} INFO - Started process 1643 to run task
[2024-03-15 13:58:04,981] {standard_task_runner.py:76} INFO - Running: ['***', 'tasks', 'run', '***_exam', 'transform_into_fulldata.csv', '2024-03-15T13:57:00+00:00', '--job-id', '1751', '--pool', 'default_pool', '--raw', '--subdir', 'DAGS_FOLDER/DAG.py', '--cfg-path', '/tmp/tmpl_zhq92g', '--error-file', '/tmp/tmpuiixcgjn']
[2024-03-15 13:58:04,982] {standard_task_runner.py:77} INFO - Job 1751: Subtask transform_into_fulldata.csv
[2024-03-15 13:58:05,033] {logging_mixin.py:104} INFO - Running <TaskInstance: ***_exam.transform_into_fulldata.csv 2024-03-15T13:57:00+00:00 [running]> on host 3a3d0401ac26
[2024-03-15 13:58:05,108] {taskinstance.py:1302} INFO - Exporting the following env vars:
AIRFLOW_CTX_DAG_OWNER=***
AIRFLOW_CTX_DAG_ID=***_exam
AIRFLOW_CTX_TASK_ID=transform_into_fulldata.csv
AIRFLOW_CTX_EXECUTION_DATE=2024-03-15T13:57:00+00:00
AIRFLOW_CTX_DAG_RUN_ID=scheduled__2024-03-15T13:57:00+00:00
[2024-03-15 13:58:05,125] {logging_mixin.py:104} INFO - 
[2024-03-15 13:58:05,143] {logging_mixin.py:104} INFO -     temperature        city  pression              date
0       288.54       Paris      1012  2024-03-15 13:58
1       287.61      London      1004  2024-03-15 13:58
2       274.46  Washington      1029  2024-03-15 13:58
3       288.05       Paris      1012  2024-03-15 13:57
4       287.61      London      1004  2024-03-15 13:57
5       274.57  Washington      1029  2024-03-15 13:57
6       288.05       Paris      1012  2024-03-15 13:56
7       287.61      London      1004  2024-03-15 13:56
8       274.57  Washington      1029  2024-03-15 13:56
9       288.52       Paris      1012  2024-03-15 13:55
[2024-03-15 13:58:05,149] {python.py:151} INFO - Done. Returned value was: None
[2024-03-15 13:58:05,161] {taskinstance.py:1211} INFO - Marking task as SUCCESS. dag_id=***_exam, task_id=transform_into_fulldata.csv, execution_date=20240315T135700, start_date=20240315T135804, end_date=20240315T135805
[2024-03-15 13:58:05,200] {taskinstance.py:1265} INFO - 3 downstream tasks scheduled from follow-on schedule check
[2024-03-15 13:58:05,233] {local_task_job.py:151} INFO - Task exited with return code 0
