[2024-03-15 17:09:04,704] {taskinstance.py:896} INFO - Dependencies all met for <TaskInstance: airflow_exam.transform_into_fulldata.csv 2024-03-15T17:08:00+00:00 [queued]>
[2024-03-15 17:09:04,729] {taskinstance.py:896} INFO - Dependencies all met for <TaskInstance: airflow_exam.transform_into_fulldata.csv 2024-03-15T17:08:00+00:00 [queued]>
[2024-03-15 17:09:04,730] {taskinstance.py:1087} INFO - 
--------------------------------------------------------------------------------
[2024-03-15 17:09:04,730] {taskinstance.py:1088} INFO - Starting attempt 1 of 1
[2024-03-15 17:09:04,730] {taskinstance.py:1089} INFO - 
--------------------------------------------------------------------------------
[2024-03-15 17:09:04,742] {taskinstance.py:1107} INFO - Executing <Task(PythonOperator): transform_into_fulldata.csv> on 2024-03-15T17:08:00+00:00
[2024-03-15 17:09:04,753] {standard_task_runner.py:52} INFO - Started process 29984 to run task
[2024-03-15 17:09:04,757] {standard_task_runner.py:76} INFO - Running: ['***', 'tasks', 'run', '***_exam', 'transform_into_fulldata.csv', '2024-03-15T17:08:00+00:00', '--job-id', '2795', '--pool', 'default_pool', '--raw', '--subdir', 'DAGS_FOLDER/DAG.py', '--cfg-path', '/tmp/tmpo9fkmiba', '--error-file', '/tmp/tmpliqw5oh0']
[2024-03-15 17:09:04,757] {standard_task_runner.py:77} INFO - Job 2795: Subtask transform_into_fulldata.csv
[2024-03-15 17:09:04,808] {logging_mixin.py:104} INFO - Running <TaskInstance: ***_exam.transform_into_fulldata.csv 2024-03-15T17:08:00+00:00 [running]> on host 3a3d0401ac26
[2024-03-15 17:09:04,876] {taskinstance.py:1302} INFO - Exporting the following env vars:
AIRFLOW_CTX_DAG_OWNER=***
AIRFLOW_CTX_DAG_ID=***_exam
AIRFLOW_CTX_TASK_ID=transform_into_fulldata.csv
AIRFLOW_CTX_EXECUTION_DATE=2024-03-15T17:08:00+00:00
AIRFLOW_CTX_DAG_RUN_ID=scheduled__2024-03-15T17:08:00+00:00
[2024-03-15 17:09:04,902] {logging_mixin.py:104} INFO - 
[2024-03-15 17:09:04,920] {logging_mixin.py:104} INFO -     temperature        city  pression              date
0       287.93       Paris      1011  2024-03-15 17:09
1       286.55      London      1005  2024-03-15 17:09
2       284.07  Washington      1026  2024-03-15 17:09
3       287.93       Paris      1011  2024-03-15 17:08
4       286.55      London      1005  2024-03-15 17:08
5       284.07  Washington      1026  2024-03-15 17:08
6       287.95       Paris      1011  2024-03-15 17:07
7       286.63      London      1004  2024-03-15 17:07
8       281.09  Washington      1026  2024-03-15 17:07
9       287.95       Paris      1011  2024-03-15 17:06
[2024-03-15 17:09:04,926] {python.py:151} INFO - Done. Returned value was: None
[2024-03-15 17:09:04,940] {taskinstance.py:1211} INFO - Marking task as SUCCESS. dag_id=***_exam, task_id=transform_into_fulldata.csv, execution_date=20240315T170800, start_date=20240315T170904, end_date=20240315T170904
[2024-03-15 17:09:04,974] {taskinstance.py:1265} INFO - 3 downstream tasks scheduled from follow-on schedule check
[2024-03-15 17:09:05,009] {local_task_job.py:151} INFO - Task exited with return code 0
