[2024-03-20 21:45:05,402] {taskinstance.py:896} INFO - Dependencies all met for <TaskInstance: airflow_exam.transform_into_data.csv 2024-03-20T21:44:00+00:00 [queued]>
[2024-03-20 21:45:05,419] {taskinstance.py:896} INFO - Dependencies all met for <TaskInstance: airflow_exam.transform_into_data.csv 2024-03-20T21:44:00+00:00 [queued]>
[2024-03-20 21:45:05,419] {taskinstance.py:1087} INFO - 
--------------------------------------------------------------------------------
[2024-03-20 21:45:05,420] {taskinstance.py:1088} INFO - Starting attempt 1 of 1
[2024-03-20 21:45:05,420] {taskinstance.py:1089} INFO - 
--------------------------------------------------------------------------------
[2024-03-20 21:45:05,442] {taskinstance.py:1107} INFO - Executing <Task(PythonOperator): transform_into_data.csv> on 2024-03-20T21:44:00+00:00
[2024-03-20 21:45:05,452] {standard_task_runner.py:52} INFO - Started process 15416 to run task
[2024-03-20 21:45:05,457] {standard_task_runner.py:76} INFO - Running: ['***', 'tasks', 'run', '***_exam', 'transform_into_data.csv', '2024-03-20T21:44:00+00:00', '--job-id', '7338', '--pool', 'default_pool', '--raw', '--subdir', 'DAGS_FOLDER/DAG.py', '--cfg-path', '/tmp/tmp7znc2eiv', '--error-file', '/tmp/tmpy713zor8']
[2024-03-20 21:45:05,458] {standard_task_runner.py:77} INFO - Job 7338: Subtask transform_into_data.csv
[2024-03-20 21:45:05,522] {logging_mixin.py:104} INFO - Running <TaskInstance: ***_exam.transform_into_data.csv 2024-03-20T21:44:00+00:00 [running]> on host 3a3d0401ac26
[2024-03-20 21:45:05,606] {taskinstance.py:1302} INFO - Exporting the following env vars:
AIRFLOW_CTX_DAG_OWNER=***
AIRFLOW_CTX_DAG_ID=***_exam
AIRFLOW_CTX_TASK_ID=transform_into_data.csv
AIRFLOW_CTX_EXECUTION_DATE=2024-03-20T21:44:00+00:00
AIRFLOW_CTX_DAG_RUN_ID=scheduled__2024-03-20T21:44:00+00:00
[2024-03-20 21:45:05,616] {logging_mixin.py:104} INFO - 
[2024-03-20 21:45:05,645] {logging_mixin.py:104} INFO -     temperature        city  pression              date
0       286.33       Paris      1019  2024-03-20 21:45
1       285.68      London      1020  2024-03-20 21:45
2       291.01  Washington      1007  2024-03-20 21:45
3       286.33       Paris      1019  2024-03-20 21:44
4       285.68      London      1020  2024-03-20 21:44
5       291.01  Washington      1007  2024-03-20 21:44
6       286.33       Paris      1019  2024-03-20 21:43
7       285.68      London      1020  2024-03-20 21:43
8       291.01  Washington      1007  2024-03-20 21:43
9       286.33       Paris      1019  2024-03-20 21:42
[2024-03-20 21:45:05,652] {python.py:151} INFO - Done. Returned value was: None
[2024-03-20 21:45:05,668] {taskinstance.py:1211} INFO - Marking task as SUCCESS. dag_id=***_exam, task_id=transform_into_data.csv, execution_date=20240320T214400, start_date=20240320T214505, end_date=20240320T214505
[2024-03-20 21:45:05,710] {taskinstance.py:1265} INFO - 0 downstream tasks scheduled from follow-on schedule check
[2024-03-20 21:45:05,750] {local_task_job.py:151} INFO - Task exited with return code 0
