[2024-03-16 02:59:13,233] {taskinstance.py:896} INFO - Dependencies all met for <TaskInstance: airflow_exam.train_best_model 2024-03-16T02:58:00+00:00 [queued]>
[2024-03-16 02:59:13,255] {taskinstance.py:896} INFO - Dependencies all met for <TaskInstance: airflow_exam.train_best_model 2024-03-16T02:58:00+00:00 [queued]>
[2024-03-16 02:59:13,255] {taskinstance.py:1087} INFO - 
--------------------------------------------------------------------------------
[2024-03-16 02:59:13,255] {taskinstance.py:1088} INFO - Starting attempt 1 of 1
[2024-03-16 02:59:13,255] {taskinstance.py:1089} INFO - 
--------------------------------------------------------------------------------
[2024-03-16 02:59:13,267] {taskinstance.py:1107} INFO - Executing <Task(PythonOperator): train_best_model> on 2024-03-16T02:58:00+00:00
[2024-03-16 02:59:13,275] {standard_task_runner.py:52} INFO - Started process 134143 to run task
[2024-03-16 02:59:13,278] {standard_task_runner.py:76} INFO - Running: ['***', 'tasks', 'run', '***_exam', 'train_best_model', '2024-03-16T02:58:00+00:00', '--job-id', '6329', '--pool', 'default_pool', '--raw', '--subdir', 'DAGS_FOLDER/DAG.py', '--cfg-path', '/tmp/tmpb72fhp5c', '--error-file', '/tmp/tmpwrfyd0z1']
[2024-03-16 02:59:13,279] {standard_task_runner.py:77} INFO - Job 6329: Subtask train_best_model
[2024-03-16 02:59:13,332] {logging_mixin.py:104} INFO - Running <TaskInstance: ***_exam.train_best_model 2024-03-16T02:58:00+00:00 [running]> on host 3a3d0401ac26
[2024-03-16 02:59:13,397] {taskinstance.py:1302} INFO - Exporting the following env vars:
AIRFLOW_CTX_DAG_OWNER=***
AIRFLOW_CTX_DAG_ID=***_exam
AIRFLOW_CTX_TASK_ID=train_best_model
AIRFLOW_CTX_EXECUTION_DATE=2024-03-16T02:58:00+00:00
AIRFLOW_CTX_DAG_RUN_ID=scheduled__2024-03-16T02:58:00+00:00
[2024-03-16 02:59:13,522] {logging_mixin.py:104} INFO - LinearRegression() saved at  /app/clean_data/best_model.pickle
[2024-03-16 02:59:13,525] {python.py:151} INFO - Done. Returned value was: None
[2024-03-16 02:59:13,541] {taskinstance.py:1211} INFO - Marking task as SUCCESS. dag_id=***_exam, task_id=train_best_model, execution_date=20240316T025800, start_date=20240316T025913, end_date=20240316T025913
[2024-03-16 02:59:13,580] {taskinstance.py:1265} INFO - 0 downstream tasks scheduled from follow-on schedule check
[2024-03-16 02:59:13,613] {local_task_job.py:151} INFO - Task exited with return code 0
