[2024-03-15 17:35:05,805] {taskinstance.py:896} INFO - Dependencies all met for <TaskInstance: airflow_exam.transform_into_data.csv 2024-03-15T17:34:00+00:00 [queued]>
[2024-03-15 17:35:05,827] {taskinstance.py:896} INFO - Dependencies all met for <TaskInstance: airflow_exam.transform_into_data.csv 2024-03-15T17:34:00+00:00 [queued]>
[2024-03-15 17:35:05,828] {taskinstance.py:1087} INFO - 
--------------------------------------------------------------------------------
[2024-03-15 17:35:05,828] {taskinstance.py:1088} INFO - Starting attempt 1 of 1
[2024-03-15 17:35:05,828] {taskinstance.py:1089} INFO - 
--------------------------------------------------------------------------------
[2024-03-15 17:35:05,840] {taskinstance.py:1107} INFO - Executing <Task(PythonOperator): transform_into_data.csv> on 2024-03-15T17:34:00+00:00
[2024-03-15 17:35:05,848] {standard_task_runner.py:52} INFO - Started process 35355 to run task
[2024-03-15 17:35:05,852] {standard_task_runner.py:76} INFO - Running: ['***', 'tasks', 'run', '***_exam', 'transform_into_data.csv', '2024-03-15T17:34:00+00:00', '--job-id', '2977', '--pool', 'default_pool', '--raw', '--subdir', 'DAGS_FOLDER/DAG.py', '--cfg-path', '/tmp/tmpzx3nvk3f', '--error-file', '/tmp/tmpdmop3fi5']
[2024-03-15 17:35:05,852] {standard_task_runner.py:77} INFO - Job 2977: Subtask transform_into_data.csv
[2024-03-15 17:35:05,901] {logging_mixin.py:104} INFO - Running <TaskInstance: ***_exam.transform_into_data.csv 2024-03-15T17:34:00+00:00 [running]> on host 3a3d0401ac26
[2024-03-15 17:35:05,972] {taskinstance.py:1302} INFO - Exporting the following env vars:
AIRFLOW_CTX_DAG_OWNER=***
AIRFLOW_CTX_DAG_ID=***_exam
AIRFLOW_CTX_TASK_ID=transform_into_data.csv
AIRFLOW_CTX_EXECUTION_DATE=2024-03-15T17:34:00+00:00
AIRFLOW_CTX_DAG_RUN_ID=scheduled__2024-03-15T17:34:00+00:00
[2024-03-15 17:35:05,978] {logging_mixin.py:104} INFO - 
[2024-03-15 17:35:05,998] {logging_mixin.py:104} INFO -     temperature        city  pression              date
0       287.09       Paris      1011  2024-03-15 17:35
1       286.28      London      1005  2024-03-15 17:35
2       280.79  Washington      1026  2024-03-15 17:35
3       287.09       Paris      1011  2024-03-15 17:34
4       286.28      London      1005  2024-03-15 17:34
5       280.79  Washington      1026  2024-03-15 17:34
6       287.09       Paris      1011  2024-03-15 17:33
7       286.36      London      1005  2024-03-15 17:33
8       280.79  Washington      1026  2024-03-15 17:33
9       287.09       Paris      1011  2024-03-15 17:32
[2024-03-15 17:35:06,002] {python.py:151} INFO - Done. Returned value was: None
[2024-03-15 17:35:06,015] {taskinstance.py:1211} INFO - Marking task as SUCCESS. dag_id=***_exam, task_id=transform_into_data.csv, execution_date=20240315T173400, start_date=20240315T173505, end_date=20240315T173506
[2024-03-15 17:35:06,061] {taskinstance.py:1265} INFO - 0 downstream tasks scheduled from follow-on schedule check
[2024-03-15 17:35:06,105] {local_task_job.py:151} INFO - Task exited with return code 0
