[2023-10-07 16:02:01,144] {taskinstance.py:896} INFO - Dependencies all met for <TaskInstance: airflow_exam.retrieve_raw_data 2023-10-07T16:01:00+00:00 [queued]>
[2023-10-07 16:02:01,162] {taskinstance.py:896} INFO - Dependencies all met for <TaskInstance: airflow_exam.retrieve_raw_data 2023-10-07T16:01:00+00:00 [queued]>
[2023-10-07 16:02:01,162] {taskinstance.py:1087} INFO - 
--------------------------------------------------------------------------------
[2023-10-07 16:02:01,162] {taskinstance.py:1088} INFO - Starting attempt 1 of 6
[2023-10-07 16:02:01,162] {taskinstance.py:1089} INFO - 
--------------------------------------------------------------------------------
[2023-10-07 16:02:01,172] {taskinstance.py:1107} INFO - Executing <Task(PythonOperator): retrieve_raw_data> on 2023-10-07T16:01:00+00:00
[2023-10-07 16:02:01,179] {standard_task_runner.py:52} INFO - Started process 3104 to run task
[2023-10-07 16:02:01,182] {standard_task_runner.py:76} INFO - Running: ['***', 'tasks', 'run', '***_exam', 'retrieve_raw_data', '2023-10-07T16:01:00+00:00', '--job-id', '1319', '--pool', 'default_pool', '--raw', '--subdir', 'DAGS_FOLDER/DAG.py', '--cfg-path', '/tmp/tmpx8j6eq1w', '--error-file', '/tmp/tmp9ecbbmz6']
[2023-10-07 16:02:01,182] {standard_task_runner.py:77} INFO - Job 1319: Subtask retrieve_raw_data
[2023-10-07 16:02:01,227] {logging_mixin.py:104} INFO - Running <TaskInstance: ***_exam.retrieve_raw_data 2023-10-07T16:01:00+00:00 [running]> on host 3a3d0401ac26
[2023-10-07 16:02:01,287] {taskinstance.py:1302} INFO - Exporting the following env vars:
AIRFLOW_CTX_DAG_OWNER=***
AIRFLOW_CTX_DAG_ID=***_exam
AIRFLOW_CTX_TASK_ID=retrieve_raw_data
AIRFLOW_CTX_EXECUTION_DATE=2023-10-07T16:01:00+00:00
AIRFLOW_CTX_DAG_RUN_ID=scheduled__2023-10-07T16:01:00+00:00
[2023-10-07 16:02:01,817] {python.py:151} INFO - Done. Returned value was: None
[2023-10-07 16:02:01,829] {taskinstance.py:1211} INFO - Marking task as SUCCESS. dag_id=***_exam, task_id=retrieve_raw_data, execution_date=20231007T160100, start_date=20231007T160201, end_date=20231007T160201
[2023-10-07 16:02:01,864] {taskinstance.py:1265} INFO - 2 downstream tasks scheduled from follow-on schedule check
[2023-10-07 16:02:01,878] {local_task_job.py:151} INFO - Task exited with return code 0
