[2024-03-21 20:40:06,432] {taskinstance.py:896} INFO - Dependencies all met for <TaskInstance: airflow_exam.transform_into_data.csv 2024-03-21T20:39:00+00:00 [queued]>
[2024-03-21 20:40:06,463] {taskinstance.py:896} INFO - Dependencies all met for <TaskInstance: airflow_exam.transform_into_data.csv 2024-03-21T20:39:00+00:00 [queued]>
[2024-03-21 20:40:06,464] {taskinstance.py:1087} INFO - 
--------------------------------------------------------------------------------
[2024-03-21 20:40:06,464] {taskinstance.py:1088} INFO - Starting attempt 1 of 1
[2024-03-21 20:40:06,464] {taskinstance.py:1089} INFO - 
--------------------------------------------------------------------------------
[2024-03-21 20:40:06,479] {taskinstance.py:1107} INFO - Executing <Task(PythonOperator): transform_into_data.csv> on 2024-03-21T20:39:00+00:00
[2024-03-21 20:40:06,489] {standard_task_runner.py:52} INFO - Started process 64581 to run task
[2024-03-21 20:40:06,493] {standard_task_runner.py:76} INFO - Running: ['***', 'tasks', 'run', '***_exam', 'transform_into_data.csv', '2024-03-21T20:39:00+00:00', '--job-id', '11144', '--pool', 'default_pool', '--raw', '--subdir', 'DAGS_FOLDER/DAG.py', '--cfg-path', '/tmp/tmpsnda9qde', '--error-file', '/tmp/tmpqm0m4s_t']
[2024-03-21 20:40:06,494] {standard_task_runner.py:77} INFO - Job 11144: Subtask transform_into_data.csv
[2024-03-21 20:40:06,558] {logging_mixin.py:104} INFO - Running <TaskInstance: ***_exam.transform_into_data.csv 2024-03-21T20:39:00+00:00 [running]> on host 3a3d0401ac26
[2024-03-21 20:40:06,645] {taskinstance.py:1302} INFO - Exporting the following env vars:
AIRFLOW_CTX_DAG_OWNER=***
AIRFLOW_CTX_DAG_ID=***_exam
AIRFLOW_CTX_TASK_ID=transform_into_data.csv
AIRFLOW_CTX_EXECUTION_DATE=2024-03-21T20:39:00+00:00
AIRFLOW_CTX_DAG_RUN_ID=scheduled__2024-03-21T20:39:00+00:00
[2024-03-21 20:40:06,654] {logging_mixin.py:104} INFO - 
[2024-03-21 20:40:06,678] {logging_mixin.py:104} INFO -     temperature        city  pression              date
0       287.71       Paris      1025  2024-03-21 20:40
1       285.75      London      1022  2024-03-21 20:40
2       287.53  Washington      1013  2024-03-21 20:40
3       287.71       Paris      1025  2024-03-21 20:39
4       285.62      London      1022  2024-03-21 20:39
5       287.53  Washington      1013  2024-03-21 20:39
6       287.71       Paris      1025  2024-03-21 20:38
7       285.75      London      1022  2024-03-21 20:38
8       287.53  Washington      1013  2024-03-21 20:38
9       287.71       Paris      1025  2024-03-21 20:37
[2024-03-21 20:40:06,683] {python.py:151} INFO - Done. Returned value was: None
[2024-03-21 20:40:06,701] {taskinstance.py:1211} INFO - Marking task as SUCCESS. dag_id=***_exam, task_id=transform_into_data.csv, execution_date=20240321T203900, start_date=20240321T204006, end_date=20240321T204006
[2024-03-21 20:40:06,740] {taskinstance.py:1265} INFO - 0 downstream tasks scheduled from follow-on schedule check
[2024-03-21 20:40:06,786] {local_task_job.py:151} INFO - Task exited with return code 0
