[2024-03-15 16:30:06,445] {taskinstance.py:896} INFO - Dependencies all met for <TaskInstance: airflow_exam.compute_rf_score 2024-03-15T16:29:00+00:00 [queued]>
[2024-03-15 16:30:06,472] {taskinstance.py:896} INFO - Dependencies all met for <TaskInstance: airflow_exam.compute_rf_score 2024-03-15T16:29:00+00:00 [queued]>
[2024-03-15 16:30:06,472] {taskinstance.py:1087} INFO - 
--------------------------------------------------------------------------------
[2024-03-15 16:30:06,472] {taskinstance.py:1088} INFO - Starting attempt 1 of 1
[2024-03-15 16:30:06,472] {taskinstance.py:1089} INFO - 
--------------------------------------------------------------------------------
[2024-03-15 16:30:06,489] {taskinstance.py:1107} INFO - Executing <Task(PythonOperator): compute_rf_score> on 2024-03-15T16:29:00+00:00
[2024-03-15 16:30:06,500] {standard_task_runner.py:52} INFO - Started process 22457 to run task
[2024-03-15 16:30:06,503] {standard_task_runner.py:76} INFO - Running: ['***', 'tasks', 'run', '***_exam', 'compute_rf_score', '2024-03-15T16:29:00+00:00', '--job-id', '2525', '--pool', 'default_pool', '--raw', '--subdir', 'DAGS_FOLDER/DAG.py', '--cfg-path', '/tmp/tmpjadhzok8', '--error-file', '/tmp/tmppg6nayen']
[2024-03-15 16:30:06,504] {standard_task_runner.py:77} INFO - Job 2525: Subtask compute_rf_score
[2024-03-15 16:30:06,561] {logging_mixin.py:104} INFO - Running <TaskInstance: ***_exam.compute_rf_score 2024-03-15T16:29:00+00:00 [running]> on host 3a3d0401ac26
[2024-03-15 16:30:06,634] {taskinstance.py:1302} INFO - Exporting the following env vars:
AIRFLOW_CTX_DAG_OWNER=***
AIRFLOW_CTX_DAG_ID=***_exam
AIRFLOW_CTX_TASK_ID=compute_rf_score
AIRFLOW_CTX_EXECUTION_DATE=2024-03-15T16:29:00+00:00
AIRFLOW_CTX_DAG_RUN_ID=scheduled__2024-03-15T16:29:00+00:00
[2024-03-15 16:30:07,836] {python.py:151} INFO - Done. Returned value was: None
[2024-03-15 16:30:07,853] {taskinstance.py:1211} INFO - Marking task as SUCCESS. dag_id=***_exam, task_id=compute_rf_score, execution_date=20240315T162900, start_date=20240315T163006, end_date=20240315T163007
[2024-03-15 16:30:07,904] {taskinstance.py:1265} INFO - 1 downstream tasks scheduled from follow-on schedule check
[2024-03-15 16:30:07,962] {local_task_job.py:151} INFO - Task exited with return code 0
