[2023-10-06 20:15:04,393] {taskinstance.py:896} INFO - Dependencies all met for <TaskInstance: airflow_exam.transform_into_fulldata.csv 2023-10-06T20:14:00+00:00 [queued]>
[2023-10-06 20:15:04,414] {taskinstance.py:896} INFO - Dependencies all met for <TaskInstance: airflow_exam.transform_into_fulldata.csv 2023-10-06T20:14:00+00:00 [queued]>
[2023-10-06 20:15:04,414] {taskinstance.py:1087} INFO - 
--------------------------------------------------------------------------------
[2023-10-06 20:15:04,414] {taskinstance.py:1088} INFO - Starting attempt 1 of 1
[2023-10-06 20:15:04,415] {taskinstance.py:1089} INFO - 
--------------------------------------------------------------------------------
[2023-10-06 20:15:04,437] {taskinstance.py:1107} INFO - Executing <Task(PythonOperator): transform_into_fulldata.csv> on 2023-10-06T20:14:00+00:00
[2023-10-06 20:15:04,447] {standard_task_runner.py:52} INFO - Started process 14028 to run task
[2023-10-06 20:15:04,451] {standard_task_runner.py:76} INFO - Running: ['***', 'tasks', 'run', '***_exam', 'transform_into_fulldata.csv', '2023-10-06T20:14:00+00:00', '--job-id', '776', '--pool', 'default_pool', '--raw', '--subdir', 'DAGS_FOLDER/DAG.py', '--cfg-path', '/tmp/tmprzjjxjjk', '--error-file', '/tmp/tmp4xrf5h09']
[2023-10-06 20:15:04,452] {standard_task_runner.py:77} INFO - Job 776: Subtask transform_into_fulldata.csv
[2023-10-06 20:15:04,504] {logging_mixin.py:104} INFO - Running <TaskInstance: ***_exam.transform_into_fulldata.csv 2023-10-06T20:14:00+00:00 [running]> on host 3a3d0401ac26
[2023-10-06 20:15:04,573] {taskinstance.py:1302} INFO - Exporting the following env vars:
AIRFLOW_CTX_DAG_OWNER=***
AIRFLOW_CTX_DAG_ID=***_exam
AIRFLOW_CTX_TASK_ID=transform_into_fulldata.csv
AIRFLOW_CTX_EXECUTION_DATE=2023-10-06T20:14:00+00:00
AIRFLOW_CTX_DAG_RUN_ID=scheduled__2023-10-06T20:14:00+00:00
[2023-10-06 20:15:04,582] {logging_mixin.py:104} INFO - 
[2023-10-06 20:15:04,600] {logging_mixin.py:104} INFO -     temperature        city  pression              date
0       288.11       Paris      1026  2023-10-06 20:15
1       289.96      London      1023  2023-10-06 20:15
2       293.70  Washington      1024  2023-10-06 20:15
3       288.11       Paris      1026  2023-10-06 20:14
4       289.96      London      1023  2023-10-06 20:14
5       293.70  Washington      1024  2023-10-06 20:14
6       288.11       Paris      1026  2023-10-06 20:13
7       289.96      London      1023  2023-10-06 20:13
8       293.70  Washington      1024  2023-10-06 20:13
9       288.11       Paris      1026  2023-10-06 20:12
[2023-10-06 20:15:04,604] {python.py:151} INFO - Done. Returned value was: None
[2023-10-06 20:15:04,615] {taskinstance.py:1211} INFO - Marking task as SUCCESS. dag_id=***_exam, task_id=transform_into_fulldata.csv, execution_date=20231006T201400, start_date=20231006T201504, end_date=20231006T201504
[2023-10-06 20:15:04,652] {taskinstance.py:1265} INFO - 3 downstream tasks scheduled from follow-on schedule check
[2023-10-06 20:15:04,664] {local_task_job.py:151} INFO - Task exited with return code 0
