[2023-10-06 20:10:04,129] {taskinstance.py:896} INFO - Dependencies all met for <TaskInstance: airflow_exam.transform_into_fulldata.csv 2023-10-06T20:09:00+00:00 [queued]>
[2023-10-06 20:10:04,142] {taskinstance.py:896} INFO - Dependencies all met for <TaskInstance: airflow_exam.transform_into_fulldata.csv 2023-10-06T20:09:00+00:00 [queued]>
[2023-10-06 20:10:04,142] {taskinstance.py:1087} INFO - 
--------------------------------------------------------------------------------
[2023-10-06 20:10:04,142] {taskinstance.py:1088} INFO - Starting attempt 1 of 1
[2023-10-06 20:10:04,142] {taskinstance.py:1089} INFO - 
--------------------------------------------------------------------------------
[2023-10-06 20:10:04,160] {taskinstance.py:1107} INFO - Executing <Task(PythonOperator): transform_into_fulldata.csv> on 2023-10-06T20:09:00+00:00
[2023-10-06 20:10:04,168] {standard_task_runner.py:52} INFO - Started process 13090 to run task
[2023-10-06 20:10:04,171] {standard_task_runner.py:76} INFO - Running: ['***', 'tasks', 'run', '***_exam', 'transform_into_fulldata.csv', '2023-10-06T20:09:00+00:00', '--job-id', '741', '--pool', 'default_pool', '--raw', '--subdir', 'DAGS_FOLDER/DAG.py', '--cfg-path', '/tmp/tmpz0m6jxtq', '--error-file', '/tmp/tmp8o6o2t5r']
[2023-10-06 20:10:04,172] {standard_task_runner.py:77} INFO - Job 741: Subtask transform_into_fulldata.csv
[2023-10-06 20:10:04,220] {logging_mixin.py:104} INFO - Running <TaskInstance: ***_exam.transform_into_fulldata.csv 2023-10-06T20:09:00+00:00 [running]> on host 3a3d0401ac26
[2023-10-06 20:10:04,281] {taskinstance.py:1302} INFO - Exporting the following env vars:
AIRFLOW_CTX_DAG_OWNER=***
AIRFLOW_CTX_DAG_ID=***_exam
AIRFLOW_CTX_TASK_ID=transform_into_fulldata.csv
AIRFLOW_CTX_EXECUTION_DATE=2023-10-06T20:09:00+00:00
AIRFLOW_CTX_DAG_RUN_ID=scheduled__2023-10-06T20:09:00+00:00
[2023-10-06 20:10:04,289] {logging_mixin.py:104} INFO - 
[2023-10-06 20:10:04,308] {logging_mixin.py:104} INFO -     temperature        city  pression              date
0       288.11       Paris      1026  2023-10-06 20:10
1       289.96      London      1023  2023-10-06 20:10
2       293.70  Washington      1024  2023-10-06 20:10
3       288.11       Paris      1026  2023-10-06 20:09
4       289.96      London      1023  2023-10-06 20:09
5       293.70  Washington      1024  2023-10-06 20:09
6       288.11       Paris      1026  2023-10-06 20:08
7       289.96      London      1023  2023-10-06 20:08
8       293.70  Washington      1024  2023-10-06 20:08
9       288.11       Paris      1026  2023-10-06 20:07
[2023-10-06 20:10:04,313] {python.py:151} INFO - Done. Returned value was: None
[2023-10-06 20:10:04,323] {taskinstance.py:1211} INFO - Marking task as SUCCESS. dag_id=***_exam, task_id=transform_into_fulldata.csv, execution_date=20231006T200900, start_date=20231006T201004, end_date=20231006T201004
[2023-10-06 20:10:04,355] {taskinstance.py:1265} INFO - 3 downstream tasks scheduled from follow-on schedule check
[2023-10-06 20:10:04,464] {local_task_job.py:151} INFO - Task exited with return code 0
