[2024-03-20 21:50:05,619] {taskinstance.py:896} INFO - Dependencies all met for <TaskInstance: airflow_exam.transform_into_fulldata.csv 2024-03-20T21:49:00+00:00 [queued]>
[2024-03-20 21:50:05,641] {taskinstance.py:896} INFO - Dependencies all met for <TaskInstance: airflow_exam.transform_into_fulldata.csv 2024-03-20T21:49:00+00:00 [queued]>
[2024-03-20 21:50:05,642] {taskinstance.py:1087} INFO - 
--------------------------------------------------------------------------------
[2024-03-20 21:50:05,642] {taskinstance.py:1088} INFO - Starting attempt 1 of 1
[2024-03-20 21:50:05,642] {taskinstance.py:1089} INFO - 
--------------------------------------------------------------------------------
[2024-03-20 21:50:05,673] {taskinstance.py:1107} INFO - Executing <Task(PythonOperator): transform_into_fulldata.csv> on 2024-03-20T21:49:00+00:00
[2024-03-20 21:50:05,685] {standard_task_runner.py:52} INFO - Started process 16502 to run task
[2024-03-20 21:50:05,690] {standard_task_runner.py:76} INFO - Running: ['***', 'tasks', 'run', '***_exam', 'transform_into_fulldata.csv', '2024-03-20T21:49:00+00:00', '--job-id', '7374', '--pool', 'default_pool', '--raw', '--subdir', 'DAGS_FOLDER/DAG.py', '--cfg-path', '/tmp/tmpo_4grkqk', '--error-file', '/tmp/tmpyu403yjq']
[2024-03-20 21:50:05,690] {standard_task_runner.py:77} INFO - Job 7374: Subtask transform_into_fulldata.csv
[2024-03-20 21:50:05,763] {logging_mixin.py:104} INFO - Running <TaskInstance: ***_exam.transform_into_fulldata.csv 2024-03-20T21:49:00+00:00 [running]> on host 3a3d0401ac26
[2024-03-20 21:50:05,863] {taskinstance.py:1302} INFO - Exporting the following env vars:
AIRFLOW_CTX_DAG_OWNER=***
AIRFLOW_CTX_DAG_ID=***_exam
AIRFLOW_CTX_TASK_ID=transform_into_fulldata.csv
AIRFLOW_CTX_EXECUTION_DATE=2024-03-20T21:49:00+00:00
AIRFLOW_CTX_DAG_RUN_ID=scheduled__2024-03-20T21:49:00+00:00
[2024-03-20 21:50:05,970] {logging_mixin.py:104} INFO - 
[2024-03-20 21:50:06,004] {logging_mixin.py:104} INFO -     temperature        city  pression              date
0       286.66       Paris      1019  2024-03-20 21:50
1       285.59      London      1020  2024-03-20 21:50
2       290.52  Washington      1007  2024-03-20 21:50
3       286.66       Paris      1019  2024-03-20 21:49
4       285.59      London      1020  2024-03-20 21:49
5       290.52  Washington      1007  2024-03-20 21:49
6       286.66       Paris      1019  2024-03-20 21:48
7       285.59      London      1020  2024-03-20 21:48
8       290.52  Washington      1007  2024-03-20 21:48
9       286.33       Paris      1019  2024-03-20 21:47
[2024-03-20 21:50:06,025] {python.py:151} INFO - Done. Returned value was: None
[2024-03-20 21:50:06,042] {taskinstance.py:1211} INFO - Marking task as SUCCESS. dag_id=***_exam, task_id=transform_into_fulldata.csv, execution_date=20240320T214900, start_date=20240320T215005, end_date=20240320T215006
[2024-03-20 21:50:06,095] {taskinstance.py:1265} INFO - 3 downstream tasks scheduled from follow-on schedule check
[2024-03-20 21:50:06,145] {local_task_job.py:151} INFO - Task exited with return code 0
