[2024-03-21 01:19:05,378] {taskinstance.py:896} INFO - Dependencies all met for <TaskInstance: airflow_exam.transform_into_fulldata.csv 2024-03-21T01:18:00+00:00 [queued]>
[2024-03-21 01:19:05,402] {taskinstance.py:896} INFO - Dependencies all met for <TaskInstance: airflow_exam.transform_into_fulldata.csv 2024-03-21T01:18:00+00:00 [queued]>
[2024-03-21 01:19:05,403] {taskinstance.py:1087} INFO - 
--------------------------------------------------------------------------------
[2024-03-21 01:19:05,403] {taskinstance.py:1088} INFO - Starting attempt 1 of 1
[2024-03-21 01:19:05,403] {taskinstance.py:1089} INFO - 
--------------------------------------------------------------------------------
[2024-03-21 01:19:05,428] {taskinstance.py:1107} INFO - Executing <Task(PythonOperator): transform_into_fulldata.csv> on 2024-03-21T01:18:00+00:00
[2024-03-21 01:19:05,440] {standard_task_runner.py:52} INFO - Started process 12597 to run task
[2024-03-21 01:19:05,446] {standard_task_runner.py:76} INFO - Running: ['***', 'tasks', 'run', '***_exam', 'transform_into_fulldata.csv', '2024-03-21T01:18:00+00:00', '--job-id', '8779', '--pool', 'default_pool', '--raw', '--subdir', 'DAGS_FOLDER/DAG.py', '--cfg-path', '/tmp/tmpslbk8fsz', '--error-file', '/tmp/tmpvuwabh_n']
[2024-03-21 01:19:05,447] {standard_task_runner.py:77} INFO - Job 8779: Subtask transform_into_fulldata.csv
[2024-03-21 01:19:05,552] {logging_mixin.py:104} INFO - Running <TaskInstance: ***_exam.transform_into_fulldata.csv 2024-03-21T01:18:00+00:00 [running]> on host 3a3d0401ac26
[2024-03-21 01:19:05,658] {taskinstance.py:1302} INFO - Exporting the following env vars:
AIRFLOW_CTX_DAG_OWNER=***
AIRFLOW_CTX_DAG_ID=***_exam
AIRFLOW_CTX_TASK_ID=transform_into_fulldata.csv
AIRFLOW_CTX_EXECUTION_DATE=2024-03-21T01:18:00+00:00
AIRFLOW_CTX_DAG_RUN_ID=scheduled__2024-03-21T01:18:00+00:00
[2024-03-21 01:19:05,770] {logging_mixin.py:104} INFO - 
[2024-03-21 01:19:05,793] {logging_mixin.py:104} INFO -     temperature        city  pression              date
0       285.61       Paris      1021  2024-03-21 01:19
1       283.74      London      1023  2024-03-21 01:19
2       288.06  Washington      1007  2024-03-21 01:19
3       285.61       Paris      1021  2024-03-21 01:18
4       283.74      London      1023  2024-03-21 01:18
5       288.06  Washington      1007  2024-03-21 01:18
6       285.61       Paris      1021  2024-03-21 01:17
7       283.74      London      1023  2024-03-21 01:17
8       288.06  Washington      1007  2024-03-21 01:17
9       285.61       Paris      1021  2024-03-21 01:16
[2024-03-21 01:19:05,821] {python.py:151} INFO - Done. Returned value was: None
[2024-03-21 01:19:05,839] {taskinstance.py:1211} INFO - Marking task as SUCCESS. dag_id=***_exam, task_id=transform_into_fulldata.csv, execution_date=20240321T011800, start_date=20240321T011905, end_date=20240321T011905
[2024-03-21 01:19:05,889] {taskinstance.py:1265} INFO - 3 downstream tasks scheduled from follow-on schedule check
[2024-03-21 01:19:05,941] {local_task_job.py:151} INFO - Task exited with return code 0
