[2024-03-20 22:29:06,185] {taskinstance.py:896} INFO - Dependencies all met for <TaskInstance: airflow_exam.compute_lr_score 2024-03-20T22:28:00+00:00 [queued]>
[2024-03-20 22:29:06,203] {taskinstance.py:896} INFO - Dependencies all met for <TaskInstance: airflow_exam.compute_lr_score 2024-03-20T22:28:00+00:00 [queued]>
[2024-03-20 22:29:06,203] {taskinstance.py:1087} INFO - 
--------------------------------------------------------------------------------
[2024-03-20 22:29:06,203] {taskinstance.py:1088} INFO - Starting attempt 1 of 1
[2024-03-20 22:29:06,204] {taskinstance.py:1089} INFO - 
--------------------------------------------------------------------------------
[2024-03-20 22:29:06,228] {taskinstance.py:1107} INFO - Executing <Task(PythonOperator): compute_lr_score> on 2024-03-20T22:28:00+00:00
[2024-03-20 22:29:06,244] {standard_task_runner.py:52} INFO - Started process 24793 to run task
[2024-03-20 22:29:06,248] {standard_task_runner.py:76} INFO - Running: ['***', 'tasks', 'run', '***_exam', 'compute_lr_score', '2024-03-20T22:28:00+00:00', '--job-id', '7649', '--pool', 'default_pool', '--raw', '--subdir', 'DAGS_FOLDER/DAG.py', '--cfg-path', '/tmp/tmp3fz1cf49', '--error-file', '/tmp/tmpiu1ol71x']
[2024-03-20 22:29:06,249] {standard_task_runner.py:77} INFO - Job 7649: Subtask compute_lr_score
[2024-03-20 22:29:06,318] {logging_mixin.py:104} INFO - Running <TaskInstance: ***_exam.compute_lr_score 2024-03-20T22:28:00+00:00 [running]> on host 3a3d0401ac26
[2024-03-20 22:29:06,415] {taskinstance.py:1302} INFO - Exporting the following env vars:
AIRFLOW_CTX_DAG_OWNER=***
AIRFLOW_CTX_DAG_ID=***_exam
AIRFLOW_CTX_TASK_ID=compute_lr_score
AIRFLOW_CTX_EXECUTION_DATE=2024-03-20T22:28:00+00:00
AIRFLOW_CTX_DAG_RUN_ID=scheduled__2024-03-20T22:28:00+00:00
[2024-03-20 22:29:06,829] {python.py:151} INFO - Done. Returned value was: None
[2024-03-20 22:29:06,848] {taskinstance.py:1211} INFO - Marking task as SUCCESS. dag_id=***_exam, task_id=compute_lr_score, execution_date=20240320T222800, start_date=20240320T222906, end_date=20240320T222906
[2024-03-20 22:29:06,901] {taskinstance.py:1265} INFO - 0 downstream tasks scheduled from follow-on schedule check
[2024-03-20 22:29:06,935] {local_task_job.py:151} INFO - Task exited with return code 0
