[2024-03-21 00:58:05,515] {taskinstance.py:896} INFO - Dependencies all met for <TaskInstance: airflow_exam.transform_into_fulldata.csv 2024-03-21T00:57:00+00:00 [queued]>
[2024-03-21 00:58:05,532] {taskinstance.py:896} INFO - Dependencies all met for <TaskInstance: airflow_exam.transform_into_fulldata.csv 2024-03-21T00:57:00+00:00 [queued]>
[2024-03-21 00:58:05,532] {taskinstance.py:1087} INFO - 
--------------------------------------------------------------------------------
[2024-03-21 00:58:05,532] {taskinstance.py:1088} INFO - Starting attempt 1 of 1
[2024-03-21 00:58:05,533] {taskinstance.py:1089} INFO - 
--------------------------------------------------------------------------------
[2024-03-21 00:58:05,556] {taskinstance.py:1107} INFO - Executing <Task(PythonOperator): transform_into_fulldata.csv> on 2024-03-21T00:57:00+00:00
[2024-03-21 00:58:05,569] {standard_task_runner.py:52} INFO - Started process 8100 to run task
[2024-03-21 00:58:05,574] {standard_task_runner.py:76} INFO - Running: ['***', 'tasks', 'run', '***_exam', 'transform_into_fulldata.csv', '2024-03-21T00:57:00+00:00', '--job-id', '8632', '--pool', 'default_pool', '--raw', '--subdir', 'DAGS_FOLDER/DAG.py', '--cfg-path', '/tmp/tmp__rai6jl', '--error-file', '/tmp/tmpai8dqymd']
[2024-03-21 00:58:05,575] {standard_task_runner.py:77} INFO - Job 8632: Subtask transform_into_fulldata.csv
[2024-03-21 00:58:05,634] {logging_mixin.py:104} INFO - Running <TaskInstance: ***_exam.transform_into_fulldata.csv 2024-03-21T00:57:00+00:00 [running]> on host 3a3d0401ac26
[2024-03-21 00:58:05,710] {taskinstance.py:1302} INFO - Exporting the following env vars:
AIRFLOW_CTX_DAG_OWNER=***
AIRFLOW_CTX_DAG_ID=***_exam
AIRFLOW_CTX_TASK_ID=transform_into_fulldata.csv
AIRFLOW_CTX_EXECUTION_DATE=2024-03-21T00:57:00+00:00
AIRFLOW_CTX_DAG_RUN_ID=scheduled__2024-03-21T00:57:00+00:00
[2024-03-21 00:58:05,822] {logging_mixin.py:104} INFO - 
[2024-03-21 00:58:05,854] {logging_mixin.py:104} INFO -     temperature        city  pression              date
0       285.64       Paris      1021  2024-03-21 00:58
1       283.80      London      1022  2024-03-21 00:58
2       287.95  Washington      1007  2024-03-21 00:58
3       285.64       Paris      1021  2024-03-21 00:57
4       283.80      London      1022  2024-03-21 00:57
5       287.95  Washington      1007  2024-03-21 00:57
6       285.64       Paris      1021  2024-03-21 00:56
7       284.03      London      1023  2024-03-21 00:56
8       287.95  Washington      1007  2024-03-21 00:56
9       285.64       Paris      1021  2024-03-21 00:55
[2024-03-21 00:58:05,870] {python.py:151} INFO - Done. Returned value was: None
[2024-03-21 00:58:05,882] {taskinstance.py:1211} INFO - Marking task as SUCCESS. dag_id=***_exam, task_id=transform_into_fulldata.csv, execution_date=20240321T005700, start_date=20240321T005805, end_date=20240321T005805
[2024-03-21 00:58:05,924] {taskinstance.py:1265} INFO - 3 downstream tasks scheduled from follow-on schedule check
[2024-03-21 00:58:05,947] {local_task_job.py:151} INFO - Task exited with return code 0
