[2024-03-21 16:33:10,236] {taskinstance.py:896} INFO - Dependencies all met for <TaskInstance: airflow_exam.compute_lr_score 2024-03-21T16:32:00+00:00 [queued]>
[2024-03-21 16:33:10,281] {taskinstance.py:896} INFO - Dependencies all met for <TaskInstance: airflow_exam.compute_lr_score 2024-03-21T16:32:00+00:00 [queued]>
[2024-03-21 16:33:10,281] {taskinstance.py:1087} INFO - 
--------------------------------------------------------------------------------
[2024-03-21 16:33:10,281] {taskinstance.py:1088} INFO - Starting attempt 1 of 1
[2024-03-21 16:33:10,281] {taskinstance.py:1089} INFO - 
--------------------------------------------------------------------------------
[2024-03-21 16:33:10,308] {taskinstance.py:1107} INFO - Executing <Task(PythonOperator): compute_lr_score> on 2024-03-21T16:32:00+00:00
[2024-03-21 16:33:10,323] {standard_task_runner.py:52} INFO - Started process 11291 to run task
[2024-03-21 16:33:10,331] {standard_task_runner.py:76} INFO - Running: ['***', 'tasks', 'run', '***_exam', 'compute_lr_score', '2024-03-21T16:32:00+00:00', '--job-id', '9418', '--pool', 'default_pool', '--raw', '--subdir', 'DAGS_FOLDER/DAG.py', '--cfg-path', '/tmp/tmpuz8e8arg', '--error-file', '/tmp/tmp0w0o0qrl']
[2024-03-21 16:33:10,331] {standard_task_runner.py:77} INFO - Job 9418: Subtask compute_lr_score
[2024-03-21 16:33:10,435] {logging_mixin.py:104} INFO - Running <TaskInstance: ***_exam.compute_lr_score 2024-03-21T16:32:00+00:00 [running]> on host 3a3d0401ac26
[2024-03-21 16:33:10,666] {taskinstance.py:1302} INFO - Exporting the following env vars:
AIRFLOW_CTX_DAG_OWNER=***
AIRFLOW_CTX_DAG_ID=***_exam
AIRFLOW_CTX_TASK_ID=compute_lr_score
AIRFLOW_CTX_EXECUTION_DATE=2024-03-21T16:32:00+00:00
AIRFLOW_CTX_DAG_RUN_ID=scheduled__2024-03-21T16:32:00+00:00
[2024-03-21 16:33:11,530] {python.py:151} INFO - Done. Returned value was: None
[2024-03-21 16:33:11,553] {taskinstance.py:1211} INFO - Marking task as SUCCESS. dag_id=***_exam, task_id=compute_lr_score, execution_date=20240321T163200, start_date=20240321T163310, end_date=20240321T163311
[2024-03-21 16:33:11,637] {taskinstance.py:1265} INFO - 0 downstream tasks scheduled from follow-on schedule check
[2024-03-21 16:33:11,711] {local_task_job.py:151} INFO - Task exited with return code 0
