[2023-10-05 19:20:38,526] {taskinstance.py:896} INFO - Dependencies all met for <TaskInstance: airflow_exam.transform_into_csv 2023-10-05T19:20:35.850338+00:00 [queued]>
[2023-10-05 19:20:38,544] {taskinstance.py:896} INFO - Dependencies all met for <TaskInstance: airflow_exam.transform_into_csv 2023-10-05T19:20:35.850338+00:00 [queued]>
[2023-10-05 19:20:38,544] {taskinstance.py:1087} INFO - 
--------------------------------------------------------------------------------
[2023-10-05 19:20:38,544] {taskinstance.py:1088} INFO - Starting attempt 1 of 1
[2023-10-05 19:20:38,545] {taskinstance.py:1089} INFO - 
--------------------------------------------------------------------------------
[2023-10-05 19:20:38,554] {taskinstance.py:1107} INFO - Executing <Task(PythonOperator): transform_into_csv> on 2023-10-05T19:20:35.850338+00:00
[2023-10-05 19:20:38,559] {standard_task_runner.py:52} INFO - Started process 1086 to run task
[2023-10-05 19:20:38,562] {standard_task_runner.py:76} INFO - Running: ['***', 'tasks', 'run', '***_exam', 'transform_into_csv', '2023-10-05T19:20:35.850338+00:00', '--job-id', '209', '--pool', 'default_pool', '--raw', '--subdir', 'DAGS_FOLDER/DAG.py', '--cfg-path', '/tmp/tmpcz7jgzna', '--error-file', '/tmp/tmptbowzd5s']
[2023-10-05 19:20:38,563] {standard_task_runner.py:77} INFO - Job 209: Subtask transform_into_csv
[2023-10-05 19:20:38,602] {logging_mixin.py:104} INFO - Running <TaskInstance: ***_exam.transform_into_csv 2023-10-05T19:20:35.850338+00:00 [running]> on host 3a3d0401ac26
[2023-10-05 19:20:38,651] {taskinstance.py:1302} INFO - Exporting the following env vars:
AIRFLOW_CTX_DAG_OWNER=***
AIRFLOW_CTX_DAG_ID=***_exam
AIRFLOW_CTX_TASK_ID=transform_into_csv
AIRFLOW_CTX_EXECUTION_DATE=2023-10-05T19:20:35.850338+00:00
AIRFLOW_CTX_DAG_RUN_ID=manual__2023-10-05T19:20:35.850338+00:00
[2023-10-05 19:20:38,654] {logging_mixin.py:104} INFO - 
[2023-10-05 19:20:38,669] {logging_mixin.py:104} INFO -     temperature        city  pression              date
0       290.92       Paris      1026  2023-10-05 19:21
1       290.06      London      1024  2023-10-05 19:21
2       289.15  Washington      1026  2023-10-05 19:21
3       288.66       Paris      1026  2023-10-05 19:20
4       287.74      London      1024  2023-10-05 19:20
5       292.89  Washington      1025  2023-10-05 19:20
6       288.66       Paris      1026  2023-10-05 19:19
7       287.81      London      1024  2023-10-05 19:19
8       292.76  Washington      1025  2023-10-05 19:19
9       288.66       Paris      1026  2023-10-05 19:11
[2023-10-05 19:20:38,675] {python.py:151} INFO - Done. Returned value was: None
[2023-10-05 19:20:38,685] {taskinstance.py:1211} INFO - Marking task as SUCCESS. dag_id=***_exam, task_id=transform_into_csv, execution_date=20231005T192035, start_date=20231005T192038, end_date=20231005T192038
[2023-10-05 19:20:38,714] {taskinstance.py:1265} INFO - 0 downstream tasks scheduled from follow-on schedule check
[2023-10-05 19:20:38,734] {local_task_job.py:151} INFO - Task exited with return code 0
