[2024-03-16 01:26:04,158] {taskinstance.py:896} INFO - Dependencies all met for <TaskInstance: airflow_exam.transform_into_data.csv 2024-03-16T01:25:00+00:00 [queued]>
[2024-03-16 01:26:04,180] {taskinstance.py:896} INFO - Dependencies all met for <TaskInstance: airflow_exam.transform_into_data.csv 2024-03-16T01:25:00+00:00 [queued]>
[2024-03-16 01:26:04,180] {taskinstance.py:1087} INFO - 
--------------------------------------------------------------------------------
[2024-03-16 01:26:04,180] {taskinstance.py:1088} INFO - Starting attempt 1 of 1
[2024-03-16 01:26:04,180] {taskinstance.py:1089} INFO - 
--------------------------------------------------------------------------------
[2024-03-16 01:26:04,193] {taskinstance.py:1107} INFO - Executing <Task(PythonOperator): transform_into_data.csv> on 2024-03-16T01:25:00+00:00
[2024-03-16 01:26:04,202] {standard_task_runner.py:52} INFO - Started process 114080 to run task
[2024-03-16 01:26:04,206] {standard_task_runner.py:76} INFO - Running: ['***', 'tasks', 'run', '***_exam', 'transform_into_data.csv', '2024-03-16T01:25:00+00:00', '--job-id', '5674', '--pool', 'default_pool', '--raw', '--subdir', 'DAGS_FOLDER/DAG.py', '--cfg-path', '/tmp/tmptmziy_t3', '--error-file', '/tmp/tmp5ddry6lf']
[2024-03-16 01:26:04,207] {standard_task_runner.py:77} INFO - Job 5674: Subtask transform_into_data.csv
[2024-03-16 01:26:04,265] {logging_mixin.py:104} INFO - Running <TaskInstance: ***_exam.transform_into_data.csv 2024-03-16T01:25:00+00:00 [running]> on host 3a3d0401ac26
[2024-03-16 01:26:04,355] {taskinstance.py:1302} INFO - Exporting the following env vars:
AIRFLOW_CTX_DAG_OWNER=***
AIRFLOW_CTX_DAG_ID=***_exam
AIRFLOW_CTX_TASK_ID=transform_into_data.csv
AIRFLOW_CTX_EXECUTION_DATE=2024-03-16T01:25:00+00:00
AIRFLOW_CTX_DAG_RUN_ID=scheduled__2024-03-16T01:25:00+00:00
[2024-03-16 01:26:04,361] {logging_mixin.py:104} INFO - 
[2024-03-16 01:26:04,387] {logging_mixin.py:104} INFO -     temperature        city  pression              date
0       284.54       Paris      1016  2024-03-16 01:26
1       280.96      London      1014  2024-03-16 01:26
2       288.15  Washington      1021  2024-03-16 01:26
3       284.59       Paris      1016  2024-03-16 01:25
4       280.96      London      1014  2024-03-16 01:25
5       286.76  Washington      1021  2024-03-16 01:25
6       284.59       Paris      1016  2024-03-16 01:24
7       281.04      London      1014  2024-03-16 01:24
8       286.76  Washington      1021  2024-03-16 01:24
9       284.59       Paris      1016  2024-03-16 01:23
[2024-03-16 01:26:04,393] {python.py:151} INFO - Done. Returned value was: None
[2024-03-16 01:26:04,407] {taskinstance.py:1211} INFO - Marking task as SUCCESS. dag_id=***_exam, task_id=transform_into_data.csv, execution_date=20240316T012500, start_date=20240316T012604, end_date=20240316T012604
[2024-03-16 01:26:04,444] {taskinstance.py:1265} INFO - 0 downstream tasks scheduled from follow-on schedule check
[2024-03-16 01:26:04,458] {local_task_job.py:151} INFO - Task exited with return code 0
