[2024-03-15 23:05:04,833] {taskinstance.py:896} INFO - Dependencies all met for <TaskInstance: airflow_exam.transform_into_data.csv 2024-03-15T23:04:00+00:00 [queued]>
[2024-03-15 23:05:04,855] {taskinstance.py:896} INFO - Dependencies all met for <TaskInstance: airflow_exam.transform_into_data.csv 2024-03-15T23:04:00+00:00 [queued]>
[2024-03-15 23:05:04,856] {taskinstance.py:1087} INFO - 
--------------------------------------------------------------------------------
[2024-03-15 23:05:04,856] {taskinstance.py:1088} INFO - Starting attempt 1 of 1
[2024-03-15 23:05:04,856] {taskinstance.py:1089} INFO - 
--------------------------------------------------------------------------------
[2024-03-15 23:05:04,867] {taskinstance.py:1107} INFO - Executing <Task(PythonOperator): transform_into_data.csv> on 2024-03-15T23:04:00+00:00
[2024-03-15 23:05:04,876] {standard_task_runner.py:52} INFO - Started process 84807 to run task
[2024-03-15 23:05:04,878] {standard_task_runner.py:76} INFO - Running: ['***', 'tasks', 'run', '***_exam', 'transform_into_data.csv', '2024-03-15T23:04:00+00:00', '--job-id', '4694', '--pool', 'default_pool', '--raw', '--subdir', 'DAGS_FOLDER/DAG.py', '--cfg-path', '/tmp/tmp2on8kz9z', '--error-file', '/tmp/tmpyxuww5aa']
[2024-03-15 23:05:04,879] {standard_task_runner.py:77} INFO - Job 4694: Subtask transform_into_data.csv
[2024-03-15 23:05:04,922] {logging_mixin.py:104} INFO - Running <TaskInstance: ***_exam.transform_into_data.csv 2024-03-15T23:04:00+00:00 [running]> on host 3a3d0401ac26
[2024-03-15 23:05:04,984] {taskinstance.py:1302} INFO - Exporting the following env vars:
AIRFLOW_CTX_DAG_OWNER=***
AIRFLOW_CTX_DAG_ID=***_exam
AIRFLOW_CTX_TASK_ID=transform_into_data.csv
AIRFLOW_CTX_EXECUTION_DATE=2024-03-15T23:04:00+00:00
AIRFLOW_CTX_DAG_RUN_ID=scheduled__2024-03-15T23:04:00+00:00
[2024-03-15 23:05:04,990] {logging_mixin.py:104} INFO - 
[2024-03-15 23:05:05,006] {logging_mixin.py:104} INFO -     temperature        city  pression              date
0       285.13       Paris      1015  2024-03-15 23:05
1       282.40      London      1011  2024-03-15 23:05
2       289.24  Washington      1022  2024-03-15 23:05
3       285.38       Paris      1015  2024-03-15 23:04
4       282.48      London      1012  2024-03-15 23:04
5       289.50  Washington      1022  2024-03-15 23:04
6       285.38       Paris      1015  2024-03-15 23:03
7       282.48      London      1012  2024-03-15 23:03
8       289.50  Washington      1022  2024-03-15 23:03
9       285.38       Paris      1015  2024-03-15 23:02
[2024-03-15 23:05:05,010] {python.py:151} INFO - Done. Returned value was: None
[2024-03-15 23:05:05,023] {taskinstance.py:1211} INFO - Marking task as SUCCESS. dag_id=***_exam, task_id=transform_into_data.csv, execution_date=20240315T230400, start_date=20240315T230504, end_date=20240315T230505
[2024-03-15 23:05:05,057] {taskinstance.py:1265} INFO - 0 downstream tasks scheduled from follow-on schedule check
[2024-03-15 23:05:05,092] {local_task_job.py:151} INFO - Task exited with return code 0
