[2024-03-20 22:49:04,333] {taskinstance.py:896} INFO - Dependencies all met for <TaskInstance: airflow_exam.transform_into_fulldata.csv 2024-03-20T22:48:00+00:00 [queued]>
[2024-03-20 22:49:04,352] {taskinstance.py:896} INFO - Dependencies all met for <TaskInstance: airflow_exam.transform_into_fulldata.csv 2024-03-20T22:48:00+00:00 [queued]>
[2024-03-20 22:49:04,353] {taskinstance.py:1087} INFO - 
--------------------------------------------------------------------------------
[2024-03-20 22:49:04,353] {taskinstance.py:1088} INFO - Starting attempt 1 of 1
[2024-03-20 22:49:04,353] {taskinstance.py:1089} INFO - 
--------------------------------------------------------------------------------
[2024-03-20 22:49:04,378] {taskinstance.py:1107} INFO - Executing <Task(PythonOperator): transform_into_fulldata.csv> on 2024-03-20T22:48:00+00:00
[2024-03-20 22:49:04,390] {standard_task_runner.py:52} INFO - Started process 29009 to run task
[2024-03-20 22:49:04,395] {standard_task_runner.py:76} INFO - Running: ['***', 'tasks', 'run', '***_exam', 'transform_into_fulldata.csv', '2024-03-20T22:48:00+00:00', '--job-id', '7787', '--pool', 'default_pool', '--raw', '--subdir', 'DAGS_FOLDER/DAG.py', '--cfg-path', '/tmp/tmp0p_62148', '--error-file', '/tmp/tmp4e6dzlx1']
[2024-03-20 22:49:04,395] {standard_task_runner.py:77} INFO - Job 7787: Subtask transform_into_fulldata.csv
[2024-03-20 22:49:04,459] {logging_mixin.py:104} INFO - Running <TaskInstance: ***_exam.transform_into_fulldata.csv 2024-03-20T22:48:00+00:00 [running]> on host 3a3d0401ac26
[2024-03-20 22:49:04,544] {taskinstance.py:1302} INFO - Exporting the following env vars:
AIRFLOW_CTX_DAG_OWNER=***
AIRFLOW_CTX_DAG_ID=***_exam
AIRFLOW_CTX_TASK_ID=transform_into_fulldata.csv
AIRFLOW_CTX_EXECUTION_DATE=2024-03-20T22:48:00+00:00
AIRFLOW_CTX_DAG_RUN_ID=scheduled__2024-03-20T22:48:00+00:00
[2024-03-20 22:49:04,651] {logging_mixin.py:104} INFO - 
[2024-03-20 22:49:04,685] {logging_mixin.py:104} INFO -     temperature        city  pression              date
0       286.53       Paris      1020  2024-03-20 22:49
1       285.22      London      1022  2024-03-20 22:49
2       290.91  Washington      1007  2024-03-20 22:49
3       286.53       Paris      1020  2024-03-20 22:48
4       285.19      London      1022  2024-03-20 22:48
5       290.25  Washington      1007  2024-03-20 22:48
6       286.53       Paris      1020  2024-03-20 22:47
7       285.19      London      1022  2024-03-20 22:47
8       290.25  Washington      1007  2024-03-20 22:47
9       286.53       Paris      1020  2024-03-20 22:46
[2024-03-20 22:49:04,704] {python.py:151} INFO - Done. Returned value was: None
[2024-03-20 22:49:04,719] {taskinstance.py:1211} INFO - Marking task as SUCCESS. dag_id=***_exam, task_id=transform_into_fulldata.csv, execution_date=20240320T224800, start_date=20240320T224904, end_date=20240320T224904
[2024-03-20 22:49:04,767] {taskinstance.py:1265} INFO - 3 downstream tasks scheduled from follow-on schedule check
[2024-03-20 22:49:04,809] {local_task_job.py:151} INFO - Task exited with return code 0
