[2024-03-20 21:03:03,610] {taskinstance.py:896} INFO - Dependencies all met for <TaskInstance: airflow_exam.transform_into_fulldata.csv 2024-03-20T21:02:00+00:00 [queued]>
[2024-03-20 21:03:03,624] {taskinstance.py:896} INFO - Dependencies all met for <TaskInstance: airflow_exam.transform_into_fulldata.csv 2024-03-20T21:02:00+00:00 [queued]>
[2024-03-20 21:03:03,624] {taskinstance.py:1087} INFO - 
--------------------------------------------------------------------------------
[2024-03-20 21:03:03,624] {taskinstance.py:1088} INFO - Starting attempt 1 of 1
[2024-03-20 21:03:03,624] {taskinstance.py:1089} INFO - 
--------------------------------------------------------------------------------
[2024-03-20 21:03:03,643] {taskinstance.py:1107} INFO - Executing <Task(PythonOperator): transform_into_fulldata.csv> on 2024-03-20T21:02:00+00:00
[2024-03-20 21:03:03,652] {standard_task_runner.py:52} INFO - Started process 7076 to run task
[2024-03-20 21:03:03,655] {standard_task_runner.py:76} INFO - Running: ['***', 'tasks', 'run', '***_exam', 'transform_into_fulldata.csv', '2024-03-20T21:02:00+00:00', '--job-id', '7058', '--pool', 'default_pool', '--raw', '--subdir', 'DAGS_FOLDER/DAG.py', '--cfg-path', '/tmp/tmpeu5yvln2', '--error-file', '/tmp/tmpoe5985e_']
[2024-03-20 21:03:03,656] {standard_task_runner.py:77} INFO - Job 7058: Subtask transform_into_fulldata.csv
[2024-03-20 21:03:03,705] {logging_mixin.py:104} INFO - Running <TaskInstance: ***_exam.transform_into_fulldata.csv 2024-03-20T21:02:00+00:00 [running]> on host 3a3d0401ac26
[2024-03-20 21:03:03,779] {taskinstance.py:1302} INFO - Exporting the following env vars:
AIRFLOW_CTX_DAG_OWNER=***
AIRFLOW_CTX_DAG_ID=***_exam
AIRFLOW_CTX_TASK_ID=transform_into_fulldata.csv
AIRFLOW_CTX_EXECUTION_DATE=2024-03-20T21:02:00+00:00
AIRFLOW_CTX_DAG_RUN_ID=scheduled__2024-03-20T21:02:00+00:00
[2024-03-20 21:03:03,879] {logging_mixin.py:104} INFO - 
[2024-03-20 21:03:03,900] {logging_mixin.py:104} INFO -     temperature        city  pression              date
0       286.50       Paris      1019  2024-03-20 21:03
1       286.45      London      1020  2024-03-20 21:03
2       290.65  Washington      1008  2024-03-20 21:03
3       286.50       Paris      1019  2024-03-20 21:02
4       286.45      London      1020  2024-03-20 21:02
5       290.65  Washington      1008  2024-03-20 21:02
6       286.50       Paris      1019  2024-03-20 21:01
7       286.44      London      1020  2024-03-20 21:01
8       290.66  Washington      1008  2024-03-20 21:01
9       286.56       Paris      1019  2024-03-20 21:00
[2024-03-20 21:03:03,912] {python.py:151} INFO - Done. Returned value was: None
[2024-03-20 21:03:03,924] {taskinstance.py:1211} INFO - Marking task as SUCCESS. dag_id=***_exam, task_id=transform_into_fulldata.csv, execution_date=20240320T210200, start_date=20240320T210303, end_date=20240320T210303
[2024-03-20 21:03:03,962] {taskinstance.py:1265} INFO - 3 downstream tasks scheduled from follow-on schedule check
[2024-03-20 21:03:03,988] {local_task_job.py:151} INFO - Task exited with return code 0
