[2023-10-06 19:37:04,214] {taskinstance.py:896} INFO - Dependencies all met for <TaskInstance: airflow_exam.transform_into_data.csv 2023-10-06T19:36:00+00:00 [queued]>
[2023-10-06 19:37:04,225] {taskinstance.py:896} INFO - Dependencies all met for <TaskInstance: airflow_exam.transform_into_data.csv 2023-10-06T19:36:00+00:00 [queued]>
[2023-10-06 19:37:04,225] {taskinstance.py:1087} INFO - 
--------------------------------------------------------------------------------
[2023-10-06 19:37:04,225] {taskinstance.py:1088} INFO - Starting attempt 1 of 1
[2023-10-06 19:37:04,225] {taskinstance.py:1089} INFO - 
--------------------------------------------------------------------------------
[2023-10-06 19:37:04,241] {taskinstance.py:1107} INFO - Executing <Task(PythonOperator): transform_into_data.csv> on 2023-10-06T19:36:00+00:00
[2023-10-06 19:37:04,246] {standard_task_runner.py:52} INFO - Started process 6784 to run task
[2023-10-06 19:37:04,250] {standard_task_runner.py:76} INFO - Running: ['***', 'tasks', 'run', '***_exam', 'transform_into_data.csv', '2023-10-06T19:36:00+00:00', '--job-id', '510', '--pool', 'default_pool', '--raw', '--subdir', 'DAGS_FOLDER/DAG.py', '--cfg-path', '/tmp/tmpgn08klfa', '--error-file', '/tmp/tmpz9wlea8i']
[2023-10-06 19:37:04,250] {standard_task_runner.py:77} INFO - Job 510: Subtask transform_into_data.csv
[2023-10-06 19:37:04,292] {logging_mixin.py:104} INFO - Running <TaskInstance: ***_exam.transform_into_data.csv 2023-10-06T19:36:00+00:00 [running]> on host 3a3d0401ac26
[2023-10-06 19:37:04,347] {taskinstance.py:1302} INFO - Exporting the following env vars:
AIRFLOW_CTX_DAG_OWNER=***
AIRFLOW_CTX_DAG_ID=***_exam
AIRFLOW_CTX_TASK_ID=transform_into_data.csv
AIRFLOW_CTX_EXECUTION_DATE=2023-10-06T19:36:00+00:00
AIRFLOW_CTX_DAG_RUN_ID=scheduled__2023-10-06T19:36:00+00:00
[2023-10-06 19:37:04,352] {logging_mixin.py:104} INFO - 
[2023-10-06 19:37:04,367] {logging_mixin.py:104} INFO -     temperature        city  pression              date
0       289.04       Paris      1026  2023-10-06 19:37
1       290.35      London      1023  2023-10-06 19:37
2       292.74  Washington      1024  2023-10-06 19:37
3       289.04       Paris      1026  2023-10-06 19:36
4       290.35      London      1023  2023-10-06 19:36
5       292.25  Washington      1025  2023-10-06 19:36
6       289.04       Paris      1026  2023-10-06 19:35
7       290.35      London      1023  2023-10-06 19:35
8       292.25  Washington      1025  2023-10-06 19:35
9       289.04       Paris      1026  2023-10-06 19:34
[2023-10-06 19:37:04,370] {python.py:151} INFO - Done. Returned value was: None
[2023-10-06 19:37:04,381] {taskinstance.py:1211} INFO - Marking task as SUCCESS. dag_id=***_exam, task_id=transform_into_data.csv, execution_date=20231006T193600, start_date=20231006T193704, end_date=20231006T193704
[2023-10-06 19:37:04,408] {taskinstance.py:1265} INFO - 0 downstream tasks scheduled from follow-on schedule check
[2023-10-06 19:37:04,421] {local_task_job.py:151} INFO - Task exited with return code 0
