[2023-10-11 14:00:45,242] {scheduler_job.py:182} INFO - Started process (PID=436) to work on /home/airflow/.local/lib/python3.6/site-packages/airflow/example_dags/example_kubernetes_executor.py
[2023-10-11 14:00:45,244] {scheduler_job.py:633} INFO - Processing file /home/airflow/.local/lib/python3.6/site-packages/airflow/example_dags/example_kubernetes_executor.py for tasks to queue
[2023-10-11 14:00:45,245] {logging_mixin.py:104} INFO - [2023-10-11 14:00:45,245] {dagbag.py:496} INFO - Filling up the DagBag from /home/airflow/.local/lib/python3.6/site-packages/airflow/example_dags/example_kubernetes_executor.py
[2023-10-11 14:00:45,292] {scheduler_job.py:643} INFO - DAG(s) dict_keys(['example_kubernetes_executor']) retrieved from /home/airflow/.local/lib/python3.6/site-packages/airflow/example_dags/example_kubernetes_executor.py
[2023-10-11 14:00:51,867] {logging_mixin.py:104} INFO - [2023-10-11 14:00:51,867] {process_utils.py:207} INFO - Waiting up to 5 seconds for processes to exit...
[2023-10-11 17:11:55,238] {scheduler_job.py:182} INFO - Started process (PID=107) to work on /home/airflow/.local/lib/python3.6/site-packages/airflow/example_dags/example_kubernetes_executor.py
[2023-10-11 17:11:55,246] {scheduler_job.py:633} INFO - Processing file /home/airflow/.local/lib/python3.6/site-packages/airflow/example_dags/example_kubernetes_executor.py for tasks to queue
[2023-10-11 17:11:55,247] {logging_mixin.py:104} INFO - [2023-10-11 17:11:55,247] {dagbag.py:496} INFO - Filling up the DagBag from /home/airflow/.local/lib/python3.6/site-packages/airflow/example_dags/example_kubernetes_executor.py
[2023-10-11 17:11:55,263] {scheduler_job.py:643} INFO - DAG(s) dict_keys(['example_kubernetes_executor']) retrieved from /home/airflow/.local/lib/python3.6/site-packages/airflow/example_dags/example_kubernetes_executor.py
[2023-10-11 17:11:55,718] {logging_mixin.py:104} INFO - [2023-10-11 17:11:55,718] {dag.py:1833} INFO - Sync 1 DAGs
[2023-10-11 17:11:55,746] {logging_mixin.py:104} INFO - [2023-10-11 17:11:55,746] {dag.py:2306} INFO - Setting next_dagrun for example_kubernetes_executor to None
[2023-10-11 17:11:55,773] {scheduler_job.py:190} INFO - Processing /home/airflow/.local/lib/python3.6/site-packages/airflow/example_dags/example_kubernetes_executor.py took 0.552 seconds
[2023-10-11 17:12:26,131] {scheduler_job.py:182} INFO - Started process (PID=209) to work on /home/airflow/.local/lib/python3.6/site-packages/airflow/example_dags/example_kubernetes_executor.py
[2023-10-11 17:12:26,132] {scheduler_job.py:633} INFO - Processing file /home/airflow/.local/lib/python3.6/site-packages/airflow/example_dags/example_kubernetes_executor.py for tasks to queue
[2023-10-11 17:12:26,133] {logging_mixin.py:104} INFO - [2023-10-11 17:12:26,133] {dagbag.py:496} INFO - Filling up the DagBag from /home/airflow/.local/lib/python3.6/site-packages/airflow/example_dags/example_kubernetes_executor.py
[2023-10-11 17:12:26,151] {scheduler_job.py:643} INFO - DAG(s) dict_keys(['example_kubernetes_executor']) retrieved from /home/airflow/.local/lib/python3.6/site-packages/airflow/example_dags/example_kubernetes_executor.py
[2023-10-11 17:12:26,186] {logging_mixin.py:104} INFO - [2023-10-11 17:12:26,186] {dag.py:1833} INFO - Sync 1 DAGs
[2023-10-11 17:12:26,212] {logging_mixin.py:104} INFO - [2023-10-11 17:12:26,212] {dag.py:2306} INFO - Setting next_dagrun for example_kubernetes_executor to None
[2023-10-11 17:12:26,249] {scheduler_job.py:190} INFO - Processing /home/airflow/.local/lib/python3.6/site-packages/airflow/example_dags/example_kubernetes_executor.py took 0.123 seconds
[2023-10-11 17:12:56,367] {scheduler_job.py:182} INFO - Started process (PID=283) to work on /home/airflow/.local/lib/python3.6/site-packages/airflow/example_dags/example_kubernetes_executor.py
[2023-10-11 17:12:56,369] {scheduler_job.py:633} INFO - Processing file /home/airflow/.local/lib/python3.6/site-packages/airflow/example_dags/example_kubernetes_executor.py for tasks to queue
[2023-10-11 17:12:56,369] {logging_mixin.py:104} INFO - [2023-10-11 17:12:56,369] {dagbag.py:496} INFO - Filling up the DagBag from /home/airflow/.local/lib/python3.6/site-packages/airflow/example_dags/example_kubernetes_executor.py
[2023-10-11 17:12:56,383] {scheduler_job.py:643} INFO - DAG(s) dict_keys(['example_kubernetes_executor']) retrieved from /home/airflow/.local/lib/python3.6/site-packages/airflow/example_dags/example_kubernetes_executor.py
[2023-10-11 17:12:56,406] {logging_mixin.py:104} INFO - [2023-10-11 17:12:56,406] {dag.py:1833} INFO - Sync 1 DAGs
[2023-10-11 17:12:56,421] {logging_mixin.py:104} INFO - [2023-10-11 17:12:56,421] {dag.py:2306} INFO - Setting next_dagrun for example_kubernetes_executor to None
[2023-10-11 17:12:56,433] {scheduler_job.py:190} INFO - Processing /home/airflow/.local/lib/python3.6/site-packages/airflow/example_dags/example_kubernetes_executor.py took 0.068 seconds
[2023-10-11 17:13:26,776] {scheduler_job.py:182} INFO - Started process (PID=343) to work on /home/airflow/.local/lib/python3.6/site-packages/airflow/example_dags/example_kubernetes_executor.py
[2023-10-11 17:13:26,777] {scheduler_job.py:633} INFO - Processing file /home/airflow/.local/lib/python3.6/site-packages/airflow/example_dags/example_kubernetes_executor.py for tasks to queue
[2023-10-11 17:13:26,777] {logging_mixin.py:104} INFO - [2023-10-11 17:13:26,777] {dagbag.py:496} INFO - Filling up the DagBag from /home/airflow/.local/lib/python3.6/site-packages/airflow/example_dags/example_kubernetes_executor.py
[2023-10-11 17:13:26,789] {scheduler_job.py:643} INFO - DAG(s) dict_keys(['example_kubernetes_executor']) retrieved from /home/airflow/.local/lib/python3.6/site-packages/airflow/example_dags/example_kubernetes_executor.py
[2023-10-11 17:13:26,815] {logging_mixin.py:104} INFO - [2023-10-11 17:13:26,815] {dag.py:1833} INFO - Sync 1 DAGs
[2023-10-11 17:13:26,831] {logging_mixin.py:104} INFO - [2023-10-11 17:13:26,831] {dag.py:2306} INFO - Setting next_dagrun for example_kubernetes_executor to None
[2023-10-11 17:13:26,845] {scheduler_job.py:190} INFO - Processing /home/airflow/.local/lib/python3.6/site-packages/airflow/example_dags/example_kubernetes_executor.py took 0.072 seconds
[2023-10-11 17:13:57,352] {scheduler_job.py:182} INFO - Started process (PID=427) to work on /home/airflow/.local/lib/python3.6/site-packages/airflow/example_dags/example_kubernetes_executor.py
[2023-10-11 17:13:57,354] {scheduler_job.py:633} INFO - Processing file /home/airflow/.local/lib/python3.6/site-packages/airflow/example_dags/example_kubernetes_executor.py for tasks to queue
[2023-10-11 17:13:57,355] {logging_mixin.py:104} INFO - [2023-10-11 17:13:57,355] {dagbag.py:496} INFO - Filling up the DagBag from /home/airflow/.local/lib/python3.6/site-packages/airflow/example_dags/example_kubernetes_executor.py
[2023-10-11 17:13:57,374] {scheduler_job.py:643} INFO - DAG(s) dict_keys(['example_kubernetes_executor']) retrieved from /home/airflow/.local/lib/python3.6/site-packages/airflow/example_dags/example_kubernetes_executor.py
[2023-10-11 17:13:57,480] {logging_mixin.py:104} INFO - [2023-10-11 17:13:57,479] {dag.py:1833} INFO - Sync 1 DAGs
[2023-10-11 17:13:57,528] {logging_mixin.py:104} INFO - [2023-10-11 17:13:57,528] {dag.py:2306} INFO - Setting next_dagrun for example_kubernetes_executor to None
[2023-10-11 17:13:57,594] {scheduler_job.py:190} INFO - Processing /home/airflow/.local/lib/python3.6/site-packages/airflow/example_dags/example_kubernetes_executor.py took 0.246 seconds
[2023-10-11 17:14:28,215] {scheduler_job.py:182} INFO - Started process (PID=510) to work on /home/airflow/.local/lib/python3.6/site-packages/airflow/example_dags/example_kubernetes_executor.py
[2023-10-11 17:14:28,217] {scheduler_job.py:633} INFO - Processing file /home/airflow/.local/lib/python3.6/site-packages/airflow/example_dags/example_kubernetes_executor.py for tasks to queue
[2023-10-11 17:14:28,217] {logging_mixin.py:104} INFO - [2023-10-11 17:14:28,217] {dagbag.py:496} INFO - Filling up the DagBag from /home/airflow/.local/lib/python3.6/site-packages/airflow/example_dags/example_kubernetes_executor.py
[2023-10-11 17:14:28,226] {scheduler_job.py:643} INFO - DAG(s) dict_keys(['example_kubernetes_executor']) retrieved from /home/airflow/.local/lib/python3.6/site-packages/airflow/example_dags/example_kubernetes_executor.py
[2023-10-11 17:14:28,245] {logging_mixin.py:104} INFO - [2023-10-11 17:14:28,245] {dag.py:1833} INFO - Sync 1 DAGs
[2023-10-11 17:14:28,261] {logging_mixin.py:104} INFO - [2023-10-11 17:14:28,261] {dag.py:2306} INFO - Setting next_dagrun for example_kubernetes_executor to None
[2023-10-11 17:14:28,272] {scheduler_job.py:190} INFO - Processing /home/airflow/.local/lib/python3.6/site-packages/airflow/example_dags/example_kubernetes_executor.py took 0.058 seconds
[2023-10-11 17:14:58,782] {scheduler_job.py:182} INFO - Started process (PID=584) to work on /home/airflow/.local/lib/python3.6/site-packages/airflow/example_dags/example_kubernetes_executor.py
[2023-10-11 17:14:58,783] {scheduler_job.py:633} INFO - Processing file /home/airflow/.local/lib/python3.6/site-packages/airflow/example_dags/example_kubernetes_executor.py for tasks to queue
[2023-10-11 17:14:58,784] {logging_mixin.py:104} INFO - [2023-10-11 17:14:58,784] {dagbag.py:496} INFO - Filling up the DagBag from /home/airflow/.local/lib/python3.6/site-packages/airflow/example_dags/example_kubernetes_executor.py
[2023-10-11 17:14:58,802] {scheduler_job.py:643} INFO - DAG(s) dict_keys(['example_kubernetes_executor']) retrieved from /home/airflow/.local/lib/python3.6/site-packages/airflow/example_dags/example_kubernetes_executor.py
[2023-10-11 17:14:58,830] {logging_mixin.py:104} INFO - [2023-10-11 17:14:58,830] {dag.py:1833} INFO - Sync 1 DAGs
[2023-10-11 17:14:58,850] {logging_mixin.py:104} INFO - [2023-10-11 17:14:58,850] {dag.py:2306} INFO - Setting next_dagrun for example_kubernetes_executor to None
[2023-10-11 17:14:58,865] {scheduler_job.py:190} INFO - Processing /home/airflow/.local/lib/python3.6/site-packages/airflow/example_dags/example_kubernetes_executor.py took 0.087 seconds
[2023-10-11 17:15:29,627] {scheduler_job.py:182} INFO - Started process (PID=677) to work on /home/airflow/.local/lib/python3.6/site-packages/airflow/example_dags/example_kubernetes_executor.py
[2023-10-11 17:15:29,628] {scheduler_job.py:633} INFO - Processing file /home/airflow/.local/lib/python3.6/site-packages/airflow/example_dags/example_kubernetes_executor.py for tasks to queue
[2023-10-11 17:15:29,629] {logging_mixin.py:104} INFO - [2023-10-11 17:15:29,628] {dagbag.py:496} INFO - Filling up the DagBag from /home/airflow/.local/lib/python3.6/site-packages/airflow/example_dags/example_kubernetes_executor.py
[2023-10-11 17:15:29,639] {scheduler_job.py:643} INFO - DAG(s) dict_keys(['example_kubernetes_executor']) retrieved from /home/airflow/.local/lib/python3.6/site-packages/airflow/example_dags/example_kubernetes_executor.py
[2023-10-11 17:15:29,662] {logging_mixin.py:104} INFO - [2023-10-11 17:15:29,661] {dag.py:1833} INFO - Sync 1 DAGs
[2023-10-11 17:15:29,677] {logging_mixin.py:104} INFO - [2023-10-11 17:15:29,677] {dag.py:2306} INFO - Setting next_dagrun for example_kubernetes_executor to None
[2023-10-11 17:15:29,689] {scheduler_job.py:190} INFO - Processing /home/airflow/.local/lib/python3.6/site-packages/airflow/example_dags/example_kubernetes_executor.py took 0.064 seconds
[2023-10-11 17:16:00,200] {scheduler_job.py:182} INFO - Started process (PID=752) to work on /home/airflow/.local/lib/python3.6/site-packages/airflow/example_dags/example_kubernetes_executor.py
[2023-10-11 17:16:00,202] {scheduler_job.py:633} INFO - Processing file /home/airflow/.local/lib/python3.6/site-packages/airflow/example_dags/example_kubernetes_executor.py for tasks to queue
[2023-10-11 17:16:00,203] {logging_mixin.py:104} INFO - [2023-10-11 17:16:00,203] {dagbag.py:496} INFO - Filling up the DagBag from /home/airflow/.local/lib/python3.6/site-packages/airflow/example_dags/example_kubernetes_executor.py
[2023-10-11 17:16:00,218] {scheduler_job.py:643} INFO - DAG(s) dict_keys(['example_kubernetes_executor']) retrieved from /home/airflow/.local/lib/python3.6/site-packages/airflow/example_dags/example_kubernetes_executor.py
[2023-10-11 17:16:00,249] {logging_mixin.py:104} INFO - [2023-10-11 17:16:00,249] {dag.py:1833} INFO - Sync 1 DAGs
[2023-10-11 17:16:00,273] {logging_mixin.py:104} INFO - [2023-10-11 17:16:00,273] {dag.py:2306} INFO - Setting next_dagrun for example_kubernetes_executor to None
[2023-10-11 17:16:00,291] {scheduler_job.py:190} INFO - Processing /home/airflow/.local/lib/python3.6/site-packages/airflow/example_dags/example_kubernetes_executor.py took 0.094 seconds
[2023-10-11 17:16:30,887] {scheduler_job.py:182} INFO - Started process (PID=835) to work on /home/airflow/.local/lib/python3.6/site-packages/airflow/example_dags/example_kubernetes_executor.py
[2023-10-11 17:16:30,888] {scheduler_job.py:633} INFO - Processing file /home/airflow/.local/lib/python3.6/site-packages/airflow/example_dags/example_kubernetes_executor.py for tasks to queue
[2023-10-11 17:16:30,889] {logging_mixin.py:104} INFO - [2023-10-11 17:16:30,889] {dagbag.py:496} INFO - Filling up the DagBag from /home/airflow/.local/lib/python3.6/site-packages/airflow/example_dags/example_kubernetes_executor.py
[2023-10-11 17:16:30,900] {scheduler_job.py:643} INFO - DAG(s) dict_keys(['example_kubernetes_executor']) retrieved from /home/airflow/.local/lib/python3.6/site-packages/airflow/example_dags/example_kubernetes_executor.py
[2023-10-11 17:16:30,925] {logging_mixin.py:104} INFO - [2023-10-11 17:16:30,925] {dag.py:1833} INFO - Sync 1 DAGs
[2023-10-11 17:16:30,940] {logging_mixin.py:104} INFO - [2023-10-11 17:16:30,940] {dag.py:2306} INFO - Setting next_dagrun for example_kubernetes_executor to None
[2023-10-11 17:16:30,951] {scheduler_job.py:190} INFO - Processing /home/airflow/.local/lib/python3.6/site-packages/airflow/example_dags/example_kubernetes_executor.py took 0.067 seconds
[2023-10-11 17:17:01,780] {scheduler_job.py:182} INFO - Started process (PID=919) to work on /home/airflow/.local/lib/python3.6/site-packages/airflow/example_dags/example_kubernetes_executor.py
[2023-10-11 17:17:01,781] {scheduler_job.py:633} INFO - Processing file /home/airflow/.local/lib/python3.6/site-packages/airflow/example_dags/example_kubernetes_executor.py for tasks to queue
[2023-10-11 17:17:01,782] {logging_mixin.py:104} INFO - [2023-10-11 17:17:01,782] {dagbag.py:496} INFO - Filling up the DagBag from /home/airflow/.local/lib/python3.6/site-packages/airflow/example_dags/example_kubernetes_executor.py
[2023-10-11 17:17:01,793] {scheduler_job.py:643} INFO - DAG(s) dict_keys(['example_kubernetes_executor']) retrieved from /home/airflow/.local/lib/python3.6/site-packages/airflow/example_dags/example_kubernetes_executor.py
[2023-10-11 17:17:01,820] {logging_mixin.py:104} INFO - [2023-10-11 17:17:01,820] {dag.py:1833} INFO - Sync 1 DAGs
[2023-10-11 17:17:01,838] {logging_mixin.py:104} INFO - [2023-10-11 17:17:01,838] {dag.py:2306} INFO - Setting next_dagrun for example_kubernetes_executor to None
[2023-10-11 17:17:01,854] {scheduler_job.py:190} INFO - Processing /home/airflow/.local/lib/python3.6/site-packages/airflow/example_dags/example_kubernetes_executor.py took 0.076 seconds
[2023-10-11 17:17:32,177] {scheduler_job.py:182} INFO - Started process (PID=1003) to work on /home/airflow/.local/lib/python3.6/site-packages/airflow/example_dags/example_kubernetes_executor.py
[2023-10-11 17:17:32,180] {scheduler_job.py:633} INFO - Processing file /home/airflow/.local/lib/python3.6/site-packages/airflow/example_dags/example_kubernetes_executor.py for tasks to queue
[2023-10-11 17:17:32,185] {logging_mixin.py:104} INFO - [2023-10-11 17:17:32,181] {dagbag.py:496} INFO - Filling up the DagBag from /home/airflow/.local/lib/python3.6/site-packages/airflow/example_dags/example_kubernetes_executor.py
[2023-10-11 17:17:32,206] {scheduler_job.py:643} INFO - DAG(s) dict_keys(['example_kubernetes_executor']) retrieved from /home/airflow/.local/lib/python3.6/site-packages/airflow/example_dags/example_kubernetes_executor.py
[2023-10-11 17:17:32,244] {logging_mixin.py:104} INFO - [2023-10-11 17:17:32,244] {dag.py:1833} INFO - Sync 1 DAGs
[2023-10-11 17:17:32,271] {logging_mixin.py:104} INFO - [2023-10-11 17:17:32,271] {dag.py:2306} INFO - Setting next_dagrun for example_kubernetes_executor to None
[2023-10-11 17:17:32,293] {scheduler_job.py:190} INFO - Processing /home/airflow/.local/lib/python3.6/site-packages/airflow/example_dags/example_kubernetes_executor.py took 0.120 seconds
[2023-10-11 17:18:03,141] {scheduler_job.py:182} INFO - Started process (PID=1077) to work on /home/airflow/.local/lib/python3.6/site-packages/airflow/example_dags/example_kubernetes_executor.py
[2023-10-11 17:18:03,143] {scheduler_job.py:633} INFO - Processing file /home/airflow/.local/lib/python3.6/site-packages/airflow/example_dags/example_kubernetes_executor.py for tasks to queue
[2023-10-11 17:18:03,144] {logging_mixin.py:104} INFO - [2023-10-11 17:18:03,143] {dagbag.py:496} INFO - Filling up the DagBag from /home/airflow/.local/lib/python3.6/site-packages/airflow/example_dags/example_kubernetes_executor.py
[2023-10-11 17:18:03,162] {scheduler_job.py:643} INFO - DAG(s) dict_keys(['example_kubernetes_executor']) retrieved from /home/airflow/.local/lib/python3.6/site-packages/airflow/example_dags/example_kubernetes_executor.py
[2023-10-11 17:18:03,193] {logging_mixin.py:104} INFO - [2023-10-11 17:18:03,193] {dag.py:1833} INFO - Sync 1 DAGs
[2023-10-11 17:18:03,221] {logging_mixin.py:104} INFO - [2023-10-11 17:18:03,221] {dag.py:2306} INFO - Setting next_dagrun for example_kubernetes_executor to None
[2023-10-11 17:18:03,238] {scheduler_job.py:190} INFO - Processing /home/airflow/.local/lib/python3.6/site-packages/airflow/example_dags/example_kubernetes_executor.py took 0.101 seconds
[2023-10-11 17:18:33,398] {scheduler_job.py:182} INFO - Started process (PID=1170) to work on /home/airflow/.local/lib/python3.6/site-packages/airflow/example_dags/example_kubernetes_executor.py
[2023-10-11 17:18:33,409] {scheduler_job.py:633} INFO - Processing file /home/airflow/.local/lib/python3.6/site-packages/airflow/example_dags/example_kubernetes_executor.py for tasks to queue
[2023-10-11 17:18:33,416] {logging_mixin.py:104} INFO - [2023-10-11 17:18:33,416] {dagbag.py:496} INFO - Filling up the DagBag from /home/airflow/.local/lib/python3.6/site-packages/airflow/example_dags/example_kubernetes_executor.py
[2023-10-11 17:18:33,455] {scheduler_job.py:643} INFO - DAG(s) dict_keys(['example_kubernetes_executor']) retrieved from /home/airflow/.local/lib/python3.6/site-packages/airflow/example_dags/example_kubernetes_executor.py
[2023-10-11 17:18:33,527] {logging_mixin.py:104} INFO - [2023-10-11 17:18:33,527] {dag.py:1833} INFO - Sync 1 DAGs
[2023-10-11 17:18:33,567] {logging_mixin.py:104} INFO - [2023-10-11 17:18:33,567] {dag.py:2306} INFO - Setting next_dagrun for example_kubernetes_executor to None
[2023-10-11 17:18:33,597] {scheduler_job.py:190} INFO - Processing /home/airflow/.local/lib/python3.6/site-packages/airflow/example_dags/example_kubernetes_executor.py took 0.213 seconds
[2023-10-11 17:19:04,198] {scheduler_job.py:182} INFO - Started process (PID=1247) to work on /home/airflow/.local/lib/python3.6/site-packages/airflow/example_dags/example_kubernetes_executor.py
[2023-10-11 17:19:04,199] {scheduler_job.py:633} INFO - Processing file /home/airflow/.local/lib/python3.6/site-packages/airflow/example_dags/example_kubernetes_executor.py for tasks to queue
[2023-10-11 17:19:04,200] {logging_mixin.py:104} INFO - [2023-10-11 17:19:04,200] {dagbag.py:496} INFO - Filling up the DagBag from /home/airflow/.local/lib/python3.6/site-packages/airflow/example_dags/example_kubernetes_executor.py
[2023-10-11 17:19:04,211] {scheduler_job.py:643} INFO - DAG(s) dict_keys(['example_kubernetes_executor']) retrieved from /home/airflow/.local/lib/python3.6/site-packages/airflow/example_dags/example_kubernetes_executor.py
[2023-10-11 17:19:04,236] {logging_mixin.py:104} INFO - [2023-10-11 17:19:04,236] {dag.py:1833} INFO - Sync 1 DAGs
[2023-10-11 17:19:04,256] {logging_mixin.py:104} INFO - [2023-10-11 17:19:04,256] {dag.py:2306} INFO - Setting next_dagrun for example_kubernetes_executor to None
[2023-10-11 17:19:04,272] {scheduler_job.py:190} INFO - Processing /home/airflow/.local/lib/python3.6/site-packages/airflow/example_dags/example_kubernetes_executor.py took 0.077 seconds
[2023-10-11 17:19:35,412] {scheduler_job.py:182} INFO - Started process (PID=1327) to work on /home/airflow/.local/lib/python3.6/site-packages/airflow/example_dags/example_kubernetes_executor.py
[2023-10-11 17:19:35,413] {scheduler_job.py:633} INFO - Processing file /home/airflow/.local/lib/python3.6/site-packages/airflow/example_dags/example_kubernetes_executor.py for tasks to queue
[2023-10-11 17:19:35,414] {logging_mixin.py:104} INFO - [2023-10-11 17:19:35,414] {dagbag.py:496} INFO - Filling up the DagBag from /home/airflow/.local/lib/python3.6/site-packages/airflow/example_dags/example_kubernetes_executor.py
[2023-10-11 17:19:35,435] {scheduler_job.py:643} INFO - DAG(s) dict_keys(['example_kubernetes_executor']) retrieved from /home/airflow/.local/lib/python3.6/site-packages/airflow/example_dags/example_kubernetes_executor.py
[2023-10-11 17:19:35,475] {logging_mixin.py:104} INFO - [2023-10-11 17:19:35,474] {dag.py:1833} INFO - Sync 1 DAGs
[2023-10-11 17:19:35,505] {logging_mixin.py:104} INFO - [2023-10-11 17:19:35,505] {dag.py:2306} INFO - Setting next_dagrun for example_kubernetes_executor to None
[2023-10-11 17:19:35,529] {scheduler_job.py:190} INFO - Processing /home/airflow/.local/lib/python3.6/site-packages/airflow/example_dags/example_kubernetes_executor.py took 0.121 seconds
[2023-10-11 17:20:06,398] {scheduler_job.py:182} INFO - Started process (PID=1411) to work on /home/airflow/.local/lib/python3.6/site-packages/airflow/example_dags/example_kubernetes_executor.py
[2023-10-11 17:20:06,399] {scheduler_job.py:633} INFO - Processing file /home/airflow/.local/lib/python3.6/site-packages/airflow/example_dags/example_kubernetes_executor.py for tasks to queue
[2023-10-11 17:20:06,400] {logging_mixin.py:104} INFO - [2023-10-11 17:20:06,400] {dagbag.py:496} INFO - Filling up the DagBag from /home/airflow/.local/lib/python3.6/site-packages/airflow/example_dags/example_kubernetes_executor.py
[2023-10-11 17:20:06,421] {scheduler_job.py:643} INFO - DAG(s) dict_keys(['example_kubernetes_executor']) retrieved from /home/airflow/.local/lib/python3.6/site-packages/airflow/example_dags/example_kubernetes_executor.py
[2023-10-11 17:20:06,474] {logging_mixin.py:104} INFO - [2023-10-11 17:20:06,474] {dag.py:1833} INFO - Sync 1 DAGs
[2023-10-11 17:20:06,511] {logging_mixin.py:104} INFO - [2023-10-11 17:20:06,509] {dag.py:2306} INFO - Setting next_dagrun for example_kubernetes_executor to None
[2023-10-11 17:20:06,544] {scheduler_job.py:190} INFO - Processing /home/airflow/.local/lib/python3.6/site-packages/airflow/example_dags/example_kubernetes_executor.py took 0.151 seconds
[2023-10-11 17:20:37,247] {scheduler_job.py:182} INFO - Started process (PID=1485) to work on /home/airflow/.local/lib/python3.6/site-packages/airflow/example_dags/example_kubernetes_executor.py
[2023-10-11 17:20:37,249] {scheduler_job.py:633} INFO - Processing file /home/airflow/.local/lib/python3.6/site-packages/airflow/example_dags/example_kubernetes_executor.py for tasks to queue
[2023-10-11 17:20:37,250] {logging_mixin.py:104} INFO - [2023-10-11 17:20:37,250] {dagbag.py:496} INFO - Filling up the DagBag from /home/airflow/.local/lib/python3.6/site-packages/airflow/example_dags/example_kubernetes_executor.py
[2023-10-11 17:20:37,266] {scheduler_job.py:643} INFO - DAG(s) dict_keys(['example_kubernetes_executor']) retrieved from /home/airflow/.local/lib/python3.6/site-packages/airflow/example_dags/example_kubernetes_executor.py
[2023-10-11 17:20:37,299] {logging_mixin.py:104} INFO - [2023-10-11 17:20:37,299] {dag.py:1833} INFO - Sync 1 DAGs
[2023-10-11 17:20:37,325] {logging_mixin.py:104} INFO - [2023-10-11 17:20:37,325] {dag.py:2306} INFO - Setting next_dagrun for example_kubernetes_executor to None
[2023-10-11 17:20:37,341] {scheduler_job.py:190} INFO - Processing /home/airflow/.local/lib/python3.6/site-packages/airflow/example_dags/example_kubernetes_executor.py took 0.097 seconds
[2023-10-11 17:21:08,059] {scheduler_job.py:182} INFO - Started process (PID=1579) to work on /home/airflow/.local/lib/python3.6/site-packages/airflow/example_dags/example_kubernetes_executor.py
[2023-10-11 17:21:08,061] {scheduler_job.py:633} INFO - Processing file /home/airflow/.local/lib/python3.6/site-packages/airflow/example_dags/example_kubernetes_executor.py for tasks to queue
[2023-10-11 17:21:08,063] {logging_mixin.py:104} INFO - [2023-10-11 17:21:08,063] {dagbag.py:496} INFO - Filling up the DagBag from /home/airflow/.local/lib/python3.6/site-packages/airflow/example_dags/example_kubernetes_executor.py
[2023-10-11 17:21:08,085] {scheduler_job.py:643} INFO - DAG(s) dict_keys(['example_kubernetes_executor']) retrieved from /home/airflow/.local/lib/python3.6/site-packages/airflow/example_dags/example_kubernetes_executor.py
[2023-10-11 17:21:08,127] {logging_mixin.py:104} INFO - [2023-10-11 17:21:08,127] {dag.py:1833} INFO - Sync 1 DAGs
[2023-10-11 17:21:08,160] {logging_mixin.py:104} INFO - [2023-10-11 17:21:08,159] {dag.py:2306} INFO - Setting next_dagrun for example_kubernetes_executor to None
[2023-10-11 17:21:08,193] {scheduler_job.py:190} INFO - Processing /home/airflow/.local/lib/python3.6/site-packages/airflow/example_dags/example_kubernetes_executor.py took 0.148 seconds
[2023-10-11 17:21:39,123] {scheduler_job.py:182} INFO - Started process (PID=1653) to work on /home/airflow/.local/lib/python3.6/site-packages/airflow/example_dags/example_kubernetes_executor.py
[2023-10-11 17:21:39,124] {scheduler_job.py:633} INFO - Processing file /home/airflow/.local/lib/python3.6/site-packages/airflow/example_dags/example_kubernetes_executor.py for tasks to queue
[2023-10-11 17:21:39,125] {logging_mixin.py:104} INFO - [2023-10-11 17:21:39,125] {dagbag.py:496} INFO - Filling up the DagBag from /home/airflow/.local/lib/python3.6/site-packages/airflow/example_dags/example_kubernetes_executor.py
[2023-10-11 17:21:39,140] {scheduler_job.py:643} INFO - DAG(s) dict_keys(['example_kubernetes_executor']) retrieved from /home/airflow/.local/lib/python3.6/site-packages/airflow/example_dags/example_kubernetes_executor.py
[2023-10-11 17:21:39,166] {logging_mixin.py:104} INFO - [2023-10-11 17:21:39,165] {dag.py:1833} INFO - Sync 1 DAGs
[2023-10-11 17:21:39,184] {logging_mixin.py:104} INFO - [2023-10-11 17:21:39,184] {dag.py:2306} INFO - Setting next_dagrun for example_kubernetes_executor to None
[2023-10-11 17:21:39,198] {scheduler_job.py:190} INFO - Processing /home/airflow/.local/lib/python3.6/site-packages/airflow/example_dags/example_kubernetes_executor.py took 0.078 seconds
[2023-10-11 17:22:09,591] {scheduler_job.py:182} INFO - Started process (PID=1714) to work on /home/airflow/.local/lib/python3.6/site-packages/airflow/example_dags/example_kubernetes_executor.py
[2023-10-11 17:22:09,593] {scheduler_job.py:633} INFO - Processing file /home/airflow/.local/lib/python3.6/site-packages/airflow/example_dags/example_kubernetes_executor.py for tasks to queue
[2023-10-11 17:22:09,594] {logging_mixin.py:104} INFO - [2023-10-11 17:22:09,593] {dagbag.py:496} INFO - Filling up the DagBag from /home/airflow/.local/lib/python3.6/site-packages/airflow/example_dags/example_kubernetes_executor.py
[2023-10-11 17:22:09,607] {scheduler_job.py:643} INFO - DAG(s) dict_keys(['example_kubernetes_executor']) retrieved from /home/airflow/.local/lib/python3.6/site-packages/airflow/example_dags/example_kubernetes_executor.py
[2023-10-11 17:22:09,640] {logging_mixin.py:104} INFO - [2023-10-11 17:22:09,640] {dag.py:1833} INFO - Sync 1 DAGs
[2023-10-11 17:22:09,667] {logging_mixin.py:104} INFO - [2023-10-11 17:22:09,667] {dag.py:2306} INFO - Setting next_dagrun for example_kubernetes_executor to None
[2023-10-11 17:22:09,683] {scheduler_job.py:190} INFO - Processing /home/airflow/.local/lib/python3.6/site-packages/airflow/example_dags/example_kubernetes_executor.py took 0.094 seconds
[2023-10-11 17:22:40,559] {scheduler_job.py:182} INFO - Started process (PID=1798) to work on /home/airflow/.local/lib/python3.6/site-packages/airflow/example_dags/example_kubernetes_executor.py
[2023-10-11 17:22:40,560] {scheduler_job.py:633} INFO - Processing file /home/airflow/.local/lib/python3.6/site-packages/airflow/example_dags/example_kubernetes_executor.py for tasks to queue
[2023-10-11 17:22:40,562] {logging_mixin.py:104} INFO - [2023-10-11 17:22:40,561] {dagbag.py:496} INFO - Filling up the DagBag from /home/airflow/.local/lib/python3.6/site-packages/airflow/example_dags/example_kubernetes_executor.py
[2023-10-11 17:22:40,576] {scheduler_job.py:643} INFO - DAG(s) dict_keys(['example_kubernetes_executor']) retrieved from /home/airflow/.local/lib/python3.6/site-packages/airflow/example_dags/example_kubernetes_executor.py
[2023-10-11 17:22:40,612] {logging_mixin.py:104} INFO - [2023-10-11 17:22:40,612] {dag.py:1833} INFO - Sync 1 DAGs
[2023-10-11 17:22:40,632] {logging_mixin.py:104} INFO - [2023-10-11 17:22:40,631] {dag.py:2306} INFO - Setting next_dagrun for example_kubernetes_executor to None
[2023-10-11 17:22:40,644] {scheduler_job.py:190} INFO - Processing /home/airflow/.local/lib/python3.6/site-packages/airflow/example_dags/example_kubernetes_executor.py took 0.089 seconds
[2023-10-11 17:23:11,019] {scheduler_job.py:182} INFO - Started process (PID=1881) to work on /home/airflow/.local/lib/python3.6/site-packages/airflow/example_dags/example_kubernetes_executor.py
[2023-10-11 17:23:11,020] {scheduler_job.py:633} INFO - Processing file /home/airflow/.local/lib/python3.6/site-packages/airflow/example_dags/example_kubernetes_executor.py for tasks to queue
[2023-10-11 17:23:11,020] {logging_mixin.py:104} INFO - [2023-10-11 17:23:11,020] {dagbag.py:496} INFO - Filling up the DagBag from /home/airflow/.local/lib/python3.6/site-packages/airflow/example_dags/example_kubernetes_executor.py
[2023-10-11 17:23:11,030] {scheduler_job.py:643} INFO - DAG(s) dict_keys(['example_kubernetes_executor']) retrieved from /home/airflow/.local/lib/python3.6/site-packages/airflow/example_dags/example_kubernetes_executor.py
[2023-10-11 17:23:11,051] {logging_mixin.py:104} INFO - [2023-10-11 17:23:11,051] {dag.py:1833} INFO - Sync 1 DAGs
[2023-10-11 17:23:11,065] {logging_mixin.py:104} INFO - [2023-10-11 17:23:11,065] {dag.py:2306} INFO - Setting next_dagrun for example_kubernetes_executor to None
[2023-10-11 17:23:11,078] {scheduler_job.py:190} INFO - Processing /home/airflow/.local/lib/python3.6/site-packages/airflow/example_dags/example_kubernetes_executor.py took 0.061 seconds
[2023-10-11 17:23:41,768] {scheduler_job.py:182} INFO - Started process (PID=1962) to work on /home/airflow/.local/lib/python3.6/site-packages/airflow/example_dags/example_kubernetes_executor.py
[2023-10-11 17:23:41,769] {scheduler_job.py:633} INFO - Processing file /home/airflow/.local/lib/python3.6/site-packages/airflow/example_dags/example_kubernetes_executor.py for tasks to queue
[2023-10-11 17:23:41,770] {logging_mixin.py:104} INFO - [2023-10-11 17:23:41,770] {dagbag.py:496} INFO - Filling up the DagBag from /home/airflow/.local/lib/python3.6/site-packages/airflow/example_dags/example_kubernetes_executor.py
[2023-10-11 17:23:41,786] {scheduler_job.py:643} INFO - DAG(s) dict_keys(['example_kubernetes_executor']) retrieved from /home/airflow/.local/lib/python3.6/site-packages/airflow/example_dags/example_kubernetes_executor.py
[2023-10-11 17:23:41,815] {logging_mixin.py:104} INFO - [2023-10-11 17:23:41,815] {dag.py:1833} INFO - Sync 1 DAGs
[2023-10-11 17:23:41,834] {logging_mixin.py:104} INFO - [2023-10-11 17:23:41,834] {dag.py:2306} INFO - Setting next_dagrun for example_kubernetes_executor to None
[2023-10-11 17:23:41,848] {scheduler_job.py:190} INFO - Processing /home/airflow/.local/lib/python3.6/site-packages/airflow/example_dags/example_kubernetes_executor.py took 0.083 seconds
[2023-10-11 17:24:12,126] {scheduler_job.py:182} INFO - Started process (PID=2048) to work on /home/airflow/.local/lib/python3.6/site-packages/airflow/example_dags/example_kubernetes_executor.py
[2023-10-11 17:24:12,128] {scheduler_job.py:633} INFO - Processing file /home/airflow/.local/lib/python3.6/site-packages/airflow/example_dags/example_kubernetes_executor.py for tasks to queue
[2023-10-11 17:24:12,129] {logging_mixin.py:104} INFO - [2023-10-11 17:24:12,128] {dagbag.py:496} INFO - Filling up the DagBag from /home/airflow/.local/lib/python3.6/site-packages/airflow/example_dags/example_kubernetes_executor.py
[2023-10-11 17:24:12,138] {scheduler_job.py:643} INFO - DAG(s) dict_keys(['example_kubernetes_executor']) retrieved from /home/airflow/.local/lib/python3.6/site-packages/airflow/example_dags/example_kubernetes_executor.py
[2023-10-11 17:24:12,162] {logging_mixin.py:104} INFO - [2023-10-11 17:24:12,162] {dag.py:1833} INFO - Sync 1 DAGs
[2023-10-11 17:24:12,178] {logging_mixin.py:104} INFO - [2023-10-11 17:24:12,178] {dag.py:2306} INFO - Setting next_dagrun for example_kubernetes_executor to None
[2023-10-11 17:24:12,191] {scheduler_job.py:190} INFO - Processing /home/airflow/.local/lib/python3.6/site-packages/airflow/example_dags/example_kubernetes_executor.py took 0.067 seconds
[2023-10-11 17:24:42,426] {scheduler_job.py:182} INFO - Started process (PID=2122) to work on /home/airflow/.local/lib/python3.6/site-packages/airflow/example_dags/example_kubernetes_executor.py
[2023-10-11 17:24:42,427] {scheduler_job.py:633} INFO - Processing file /home/airflow/.local/lib/python3.6/site-packages/airflow/example_dags/example_kubernetes_executor.py for tasks to queue
[2023-10-11 17:24:42,427] {logging_mixin.py:104} INFO - [2023-10-11 17:24:42,427] {dagbag.py:496} INFO - Filling up the DagBag from /home/airflow/.local/lib/python3.6/site-packages/airflow/example_dags/example_kubernetes_executor.py
[2023-10-11 17:24:42,437] {scheduler_job.py:643} INFO - DAG(s) dict_keys(['example_kubernetes_executor']) retrieved from /home/airflow/.local/lib/python3.6/site-packages/airflow/example_dags/example_kubernetes_executor.py
[2023-10-11 17:24:42,459] {logging_mixin.py:104} INFO - [2023-10-11 17:24:42,459] {dag.py:1833} INFO - Sync 1 DAGs
[2023-10-11 17:24:42,474] {logging_mixin.py:104} INFO - [2023-10-11 17:24:42,473] {dag.py:2306} INFO - Setting next_dagrun for example_kubernetes_executor to None
[2023-10-11 17:24:42,488] {scheduler_job.py:190} INFO - Processing /home/airflow/.local/lib/python3.6/site-packages/airflow/example_dags/example_kubernetes_executor.py took 0.064 seconds
[2023-10-11 17:25:12,874] {scheduler_job.py:182} INFO - Started process (PID=2216) to work on /home/airflow/.local/lib/python3.6/site-packages/airflow/example_dags/example_kubernetes_executor.py
[2023-10-11 17:25:12,875] {scheduler_job.py:633} INFO - Processing file /home/airflow/.local/lib/python3.6/site-packages/airflow/example_dags/example_kubernetes_executor.py for tasks to queue
[2023-10-11 17:25:12,876] {logging_mixin.py:104} INFO - [2023-10-11 17:25:12,876] {dagbag.py:496} INFO - Filling up the DagBag from /home/airflow/.local/lib/python3.6/site-packages/airflow/example_dags/example_kubernetes_executor.py
[2023-10-11 17:25:12,887] {scheduler_job.py:643} INFO - DAG(s) dict_keys(['example_kubernetes_executor']) retrieved from /home/airflow/.local/lib/python3.6/site-packages/airflow/example_dags/example_kubernetes_executor.py
[2023-10-11 17:25:12,914] {logging_mixin.py:104} INFO - [2023-10-11 17:25:12,914] {dag.py:1833} INFO - Sync 1 DAGs
[2023-10-11 17:25:12,932] {logging_mixin.py:104} INFO - [2023-10-11 17:25:12,932] {dag.py:2306} INFO - Setting next_dagrun for example_kubernetes_executor to None
[2023-10-11 17:25:12,946] {scheduler_job.py:190} INFO - Processing /home/airflow/.local/lib/python3.6/site-packages/airflow/example_dags/example_kubernetes_executor.py took 0.074 seconds
[2023-10-11 17:25:43,352] {scheduler_job.py:182} INFO - Started process (PID=2291) to work on /home/airflow/.local/lib/python3.6/site-packages/airflow/example_dags/example_kubernetes_executor.py
[2023-10-11 17:25:43,354] {scheduler_job.py:633} INFO - Processing file /home/airflow/.local/lib/python3.6/site-packages/airflow/example_dags/example_kubernetes_executor.py for tasks to queue
[2023-10-11 17:25:43,355] {logging_mixin.py:104} INFO - [2023-10-11 17:25:43,355] {dagbag.py:496} INFO - Filling up the DagBag from /home/airflow/.local/lib/python3.6/site-packages/airflow/example_dags/example_kubernetes_executor.py
[2023-10-11 17:25:43,369] {scheduler_job.py:643} INFO - DAG(s) dict_keys(['example_kubernetes_executor']) retrieved from /home/airflow/.local/lib/python3.6/site-packages/airflow/example_dags/example_kubernetes_executor.py
[2023-10-11 17:25:43,397] {logging_mixin.py:104} INFO - [2023-10-11 17:25:43,396] {dag.py:1833} INFO - Sync 1 DAGs
[2023-10-11 17:25:43,415] {logging_mixin.py:104} INFO - [2023-10-11 17:25:43,414] {dag.py:2306} INFO - Setting next_dagrun for example_kubernetes_executor to None
[2023-10-11 17:25:43,430] {scheduler_job.py:190} INFO - Processing /home/airflow/.local/lib/python3.6/site-packages/airflow/example_dags/example_kubernetes_executor.py took 0.081 seconds
