[2023-10-11 14:00:18,808] {scheduler_job.py:182} INFO - Started process (PID=288) to work on /home/airflow/.local/lib/python3.6/site-packages/airflow/example_dags/example_task_group.py
[2023-10-11 14:00:18,810] {scheduler_job.py:633} INFO - Processing file /home/airflow/.local/lib/python3.6/site-packages/airflow/example_dags/example_task_group.py for tasks to queue
[2023-10-11 14:00:18,811] {logging_mixin.py:104} INFO - [2023-10-11 14:00:18,810] {dagbag.py:496} INFO - Filling up the DagBag from /home/airflow/.local/lib/python3.6/site-packages/airflow/example_dags/example_task_group.py
[2023-10-11 14:00:18,838] {scheduler_job.py:643} INFO - DAG(s) dict_keys(['example_task_group']) retrieved from /home/airflow/.local/lib/python3.6/site-packages/airflow/example_dags/example_task_group.py
[2023-10-11 14:00:24,320] {logging_mixin.py:104} INFO - [2023-10-11 14:00:24,320] {dag.py:1833} INFO - Sync 1 DAGs
[2023-10-11 14:00:24,348] {logging_mixin.py:104} INFO - [2023-10-11 14:00:24,346] {dag.py:1852} INFO - Creating ORM DAG for example_task_group
[2023-10-11 14:00:24,359] {logging_mixin.py:104} INFO - [2023-10-11 14:00:24,359] {dag.py:2306} INFO - Setting next_dagrun for example_task_group to 2023-10-09 00:00:00+00:00
[2023-10-11 14:00:24,383] {scheduler_job.py:190} INFO - Processing /home/airflow/.local/lib/python3.6/site-packages/airflow/example_dags/example_task_group.py took 5.581 seconds
[2023-10-11 17:11:53,916] {scheduler_job.py:182} INFO - Started process (PID=93) to work on /home/airflow/.local/lib/python3.6/site-packages/airflow/example_dags/example_task_group.py
[2023-10-11 17:11:53,919] {scheduler_job.py:633} INFO - Processing file /home/airflow/.local/lib/python3.6/site-packages/airflow/example_dags/example_task_group.py for tasks to queue
[2023-10-11 17:11:53,921] {logging_mixin.py:104} INFO - [2023-10-11 17:11:53,920] {dagbag.py:496} INFO - Filling up the DagBag from /home/airflow/.local/lib/python3.6/site-packages/airflow/example_dags/example_task_group.py
[2023-10-11 17:11:53,943] {scheduler_job.py:643} INFO - DAG(s) dict_keys(['example_task_group']) retrieved from /home/airflow/.local/lib/python3.6/site-packages/airflow/example_dags/example_task_group.py
[2023-10-11 17:11:54,243] {logging_mixin.py:104} INFO - [2023-10-11 17:11:54,242] {dag.py:1833} INFO - Sync 1 DAGs
[2023-10-11 17:11:54,265] {logging_mixin.py:104} INFO - [2023-10-11 17:11:54,265] {dag.py:2306} INFO - Setting next_dagrun for example_task_group to 2023-10-09 00:00:00+00:00
[2023-10-11 17:11:54,285] {scheduler_job.py:190} INFO - Processing /home/airflow/.local/lib/python3.6/site-packages/airflow/example_dags/example_task_group.py took 0.373 seconds
[2023-10-11 17:12:24,727] {scheduler_job.py:182} INFO - Started process (PID=203) to work on /home/airflow/.local/lib/python3.6/site-packages/airflow/example_dags/example_task_group.py
[2023-10-11 17:12:24,728] {scheduler_job.py:633} INFO - Processing file /home/airflow/.local/lib/python3.6/site-packages/airflow/example_dags/example_task_group.py for tasks to queue
[2023-10-11 17:12:24,729] {logging_mixin.py:104} INFO - [2023-10-11 17:12:24,729] {dagbag.py:496} INFO - Filling up the DagBag from /home/airflow/.local/lib/python3.6/site-packages/airflow/example_dags/example_task_group.py
[2023-10-11 17:12:24,765] {scheduler_job.py:643} INFO - DAG(s) dict_keys(['example_task_group']) retrieved from /home/airflow/.local/lib/python3.6/site-packages/airflow/example_dags/example_task_group.py
[2023-10-11 17:12:24,809] {logging_mixin.py:104} INFO - [2023-10-11 17:12:24,809] {dag.py:1833} INFO - Sync 1 DAGs
[2023-10-11 17:12:24,835] {logging_mixin.py:104} INFO - [2023-10-11 17:12:24,835] {dag.py:2306} INFO - Setting next_dagrun for example_task_group to 2023-10-09 00:00:00+00:00
[2023-10-11 17:12:24,856] {scheduler_job.py:190} INFO - Processing /home/airflow/.local/lib/python3.6/site-packages/airflow/example_dags/example_task_group.py took 0.147 seconds
[2023-10-11 17:12:55,878] {scheduler_job.py:182} INFO - Started process (PID=267) to work on /home/airflow/.local/lib/python3.6/site-packages/airflow/example_dags/example_task_group.py
[2023-10-11 17:12:55,879] {scheduler_job.py:633} INFO - Processing file /home/airflow/.local/lib/python3.6/site-packages/airflow/example_dags/example_task_group.py for tasks to queue
[2023-10-11 17:12:55,879] {logging_mixin.py:104} INFO - [2023-10-11 17:12:55,879] {dagbag.py:496} INFO - Filling up the DagBag from /home/airflow/.local/lib/python3.6/site-packages/airflow/example_dags/example_task_group.py
[2023-10-11 17:12:55,893] {scheduler_job.py:643} INFO - DAG(s) dict_keys(['example_task_group']) retrieved from /home/airflow/.local/lib/python3.6/site-packages/airflow/example_dags/example_task_group.py
[2023-10-11 17:12:55,916] {logging_mixin.py:104} INFO - [2023-10-11 17:12:55,916] {dag.py:1833} INFO - Sync 1 DAGs
[2023-10-11 17:12:55,936] {logging_mixin.py:104} INFO - [2023-10-11 17:12:55,936] {dag.py:2306} INFO - Setting next_dagrun for example_task_group to 2023-10-09 00:00:00+00:00
[2023-10-11 17:12:55,949] {scheduler_job.py:190} INFO - Processing /home/airflow/.local/lib/python3.6/site-packages/airflow/example_dags/example_task_group.py took 0.074 seconds
[2023-10-11 17:13:26,337] {scheduler_job.py:182} INFO - Started process (PID=338) to work on /home/airflow/.local/lib/python3.6/site-packages/airflow/example_dags/example_task_group.py
[2023-10-11 17:13:26,339] {scheduler_job.py:633} INFO - Processing file /home/airflow/.local/lib/python3.6/site-packages/airflow/example_dags/example_task_group.py for tasks to queue
[2023-10-11 17:13:26,340] {logging_mixin.py:104} INFO - [2023-10-11 17:13:26,339] {dagbag.py:496} INFO - Filling up the DagBag from /home/airflow/.local/lib/python3.6/site-packages/airflow/example_dags/example_task_group.py
[2023-10-11 17:13:26,357] {scheduler_job.py:643} INFO - DAG(s) dict_keys(['example_task_group']) retrieved from /home/airflow/.local/lib/python3.6/site-packages/airflow/example_dags/example_task_group.py
[2023-10-11 17:13:26,382] {logging_mixin.py:104} INFO - [2023-10-11 17:13:26,382] {dag.py:1833} INFO - Sync 1 DAGs
[2023-10-11 17:13:26,398] {logging_mixin.py:104} INFO - [2023-10-11 17:13:26,398] {dag.py:2306} INFO - Setting next_dagrun for example_task_group to 2023-10-09 00:00:00+00:00
[2023-10-11 17:13:26,410] {scheduler_job.py:190} INFO - Processing /home/airflow/.local/lib/python3.6/site-packages/airflow/example_dags/example_task_group.py took 0.076 seconds
[2023-10-11 17:13:56,879] {scheduler_job.py:182} INFO - Started process (PID=421) to work on /home/airflow/.local/lib/python3.6/site-packages/airflow/example_dags/example_task_group.py
[2023-10-11 17:13:56,881] {scheduler_job.py:633} INFO - Processing file /home/airflow/.local/lib/python3.6/site-packages/airflow/example_dags/example_task_group.py for tasks to queue
[2023-10-11 17:13:56,883] {logging_mixin.py:104} INFO - [2023-10-11 17:13:56,882] {dagbag.py:496} INFO - Filling up the DagBag from /home/airflow/.local/lib/python3.6/site-packages/airflow/example_dags/example_task_group.py
[2023-10-11 17:13:56,903] {scheduler_job.py:643} INFO - DAG(s) dict_keys(['example_task_group']) retrieved from /home/airflow/.local/lib/python3.6/site-packages/airflow/example_dags/example_task_group.py
[2023-10-11 17:13:56,938] {logging_mixin.py:104} INFO - [2023-10-11 17:13:56,937] {dag.py:1833} INFO - Sync 1 DAGs
[2023-10-11 17:13:56,959] {logging_mixin.py:104} INFO - [2023-10-11 17:13:56,959] {dag.py:2306} INFO - Setting next_dagrun for example_task_group to 2023-10-09 00:00:00+00:00
[2023-10-11 17:13:56,976] {scheduler_job.py:190} INFO - Processing /home/airflow/.local/lib/python3.6/site-packages/airflow/example_dags/example_task_group.py took 0.101 seconds
[2023-10-11 17:14:27,926] {scheduler_job.py:182} INFO - Started process (PID=505) to work on /home/airflow/.local/lib/python3.6/site-packages/airflow/example_dags/example_task_group.py
[2023-10-11 17:14:27,927] {scheduler_job.py:633} INFO - Processing file /home/airflow/.local/lib/python3.6/site-packages/airflow/example_dags/example_task_group.py for tasks to queue
[2023-10-11 17:14:27,927] {logging_mixin.py:104} INFO - [2023-10-11 17:14:27,927] {dagbag.py:496} INFO - Filling up the DagBag from /home/airflow/.local/lib/python3.6/site-packages/airflow/example_dags/example_task_group.py
[2023-10-11 17:14:27,939] {scheduler_job.py:643} INFO - DAG(s) dict_keys(['example_task_group']) retrieved from /home/airflow/.local/lib/python3.6/site-packages/airflow/example_dags/example_task_group.py
[2023-10-11 17:14:27,962] {logging_mixin.py:104} INFO - [2023-10-11 17:14:27,961] {dag.py:1833} INFO - Sync 1 DAGs
[2023-10-11 17:14:27,977] {logging_mixin.py:104} INFO - [2023-10-11 17:14:27,977] {dag.py:2306} INFO - Setting next_dagrun for example_task_group to 2023-10-09 00:00:00+00:00
[2023-10-11 17:14:27,990] {scheduler_job.py:190} INFO - Processing /home/airflow/.local/lib/python3.6/site-packages/airflow/example_dags/example_task_group.py took 0.067 seconds
[2023-10-11 17:14:58,037] {scheduler_job.py:182} INFO - Started process (PID=578) to work on /home/airflow/.local/lib/python3.6/site-packages/airflow/example_dags/example_task_group.py
[2023-10-11 17:14:58,038] {scheduler_job.py:633} INFO - Processing file /home/airflow/.local/lib/python3.6/site-packages/airflow/example_dags/example_task_group.py for tasks to queue
[2023-10-11 17:14:58,038] {logging_mixin.py:104} INFO - [2023-10-11 17:14:58,038] {dagbag.py:496} INFO - Filling up the DagBag from /home/airflow/.local/lib/python3.6/site-packages/airflow/example_dags/example_task_group.py
[2023-10-11 17:14:58,054] {scheduler_job.py:643} INFO - DAG(s) dict_keys(['example_task_group']) retrieved from /home/airflow/.local/lib/python3.6/site-packages/airflow/example_dags/example_task_group.py
[2023-10-11 17:14:58,087] {logging_mixin.py:104} INFO - [2023-10-11 17:14:58,087] {dag.py:1833} INFO - Sync 1 DAGs
[2023-10-11 17:14:58,130] {logging_mixin.py:104} INFO - [2023-10-11 17:14:58,130] {dag.py:2306} INFO - Setting next_dagrun for example_task_group to 2023-10-09 00:00:00+00:00
[2023-10-11 17:14:58,149] {scheduler_job.py:190} INFO - Processing /home/airflow/.local/lib/python3.6/site-packages/airflow/example_dags/example_task_group.py took 0.116 seconds
[2023-10-11 17:15:28,234] {scheduler_job.py:182} INFO - Started process (PID=670) to work on /home/airflow/.local/lib/python3.6/site-packages/airflow/example_dags/example_task_group.py
[2023-10-11 17:15:28,236] {scheduler_job.py:633} INFO - Processing file /home/airflow/.local/lib/python3.6/site-packages/airflow/example_dags/example_task_group.py for tasks to queue
[2023-10-11 17:15:28,237] {logging_mixin.py:104} INFO - [2023-10-11 17:15:28,236] {dagbag.py:496} INFO - Filling up the DagBag from /home/airflow/.local/lib/python3.6/site-packages/airflow/example_dags/example_task_group.py
[2023-10-11 17:15:28,251] {scheduler_job.py:643} INFO - DAG(s) dict_keys(['example_task_group']) retrieved from /home/airflow/.local/lib/python3.6/site-packages/airflow/example_dags/example_task_group.py
[2023-10-11 17:15:28,272] {logging_mixin.py:104} INFO - [2023-10-11 17:15:28,272] {dag.py:1833} INFO - Sync 1 DAGs
[2023-10-11 17:15:28,287] {logging_mixin.py:104} INFO - [2023-10-11 17:15:28,287] {dag.py:2306} INFO - Setting next_dagrun for example_task_group to 2023-10-09 00:00:00+00:00
[2023-10-11 17:15:28,298] {scheduler_job.py:190} INFO - Processing /home/airflow/.local/lib/python3.6/site-packages/airflow/example_dags/example_task_group.py took 0.066 seconds
[2023-10-11 17:15:58,762] {scheduler_job.py:182} INFO - Started process (PID=746) to work on /home/airflow/.local/lib/python3.6/site-packages/airflow/example_dags/example_task_group.py
[2023-10-11 17:15:58,764] {scheduler_job.py:633} INFO - Processing file /home/airflow/.local/lib/python3.6/site-packages/airflow/example_dags/example_task_group.py for tasks to queue
[2023-10-11 17:15:58,765] {logging_mixin.py:104} INFO - [2023-10-11 17:15:58,765] {dagbag.py:496} INFO - Filling up the DagBag from /home/airflow/.local/lib/python3.6/site-packages/airflow/example_dags/example_task_group.py
[2023-10-11 17:15:58,793] {scheduler_job.py:643} INFO - DAG(s) dict_keys(['example_task_group']) retrieved from /home/airflow/.local/lib/python3.6/site-packages/airflow/example_dags/example_task_group.py
[2023-10-11 17:15:58,842] {logging_mixin.py:104} INFO - [2023-10-11 17:15:58,842] {dag.py:1833} INFO - Sync 1 DAGs
[2023-10-11 17:15:58,866] {logging_mixin.py:104} INFO - [2023-10-11 17:15:58,866] {dag.py:2306} INFO - Setting next_dagrun for example_task_group to 2023-10-09 00:00:00+00:00
[2023-10-11 17:15:58,886] {scheduler_job.py:190} INFO - Processing /home/airflow/.local/lib/python3.6/site-packages/airflow/example_dags/example_task_group.py took 0.128 seconds
[2023-10-11 17:16:29,475] {scheduler_job.py:182} INFO - Started process (PID=829) to work on /home/airflow/.local/lib/python3.6/site-packages/airflow/example_dags/example_task_group.py
[2023-10-11 17:16:29,476] {scheduler_job.py:633} INFO - Processing file /home/airflow/.local/lib/python3.6/site-packages/airflow/example_dags/example_task_group.py for tasks to queue
[2023-10-11 17:16:29,476] {logging_mixin.py:104} INFO - [2023-10-11 17:16:29,476] {dagbag.py:496} INFO - Filling up the DagBag from /home/airflow/.local/lib/python3.6/site-packages/airflow/example_dags/example_task_group.py
[2023-10-11 17:16:29,486] {scheduler_job.py:643} INFO - DAG(s) dict_keys(['example_task_group']) retrieved from /home/airflow/.local/lib/python3.6/site-packages/airflow/example_dags/example_task_group.py
[2023-10-11 17:16:29,507] {logging_mixin.py:104} INFO - [2023-10-11 17:16:29,507] {dag.py:1833} INFO - Sync 1 DAGs
[2023-10-11 17:16:29,521] {logging_mixin.py:104} INFO - [2023-10-11 17:16:29,521] {dag.py:2306} INFO - Setting next_dagrun for example_task_group to 2023-10-09 00:00:00+00:00
[2023-10-11 17:16:29,531] {scheduler_job.py:190} INFO - Processing /home/airflow/.local/lib/python3.6/site-packages/airflow/example_dags/example_task_group.py took 0.058 seconds
[2023-10-11 17:17:00,306] {scheduler_job.py:182} INFO - Started process (PID=912) to work on /home/airflow/.local/lib/python3.6/site-packages/airflow/example_dags/example_task_group.py
[2023-10-11 17:17:00,307] {scheduler_job.py:633} INFO - Processing file /home/airflow/.local/lib/python3.6/site-packages/airflow/example_dags/example_task_group.py for tasks to queue
[2023-10-11 17:17:00,308] {logging_mixin.py:104} INFO - [2023-10-11 17:17:00,307] {dagbag.py:496} INFO - Filling up the DagBag from /home/airflow/.local/lib/python3.6/site-packages/airflow/example_dags/example_task_group.py
[2023-10-11 17:17:00,321] {scheduler_job.py:643} INFO - DAG(s) dict_keys(['example_task_group']) retrieved from /home/airflow/.local/lib/python3.6/site-packages/airflow/example_dags/example_task_group.py
[2023-10-11 17:17:00,344] {logging_mixin.py:104} INFO - [2023-10-11 17:17:00,344] {dag.py:1833} INFO - Sync 1 DAGs
[2023-10-11 17:17:00,360] {logging_mixin.py:104} INFO - [2023-10-11 17:17:00,360] {dag.py:2306} INFO - Setting next_dagrun for example_task_group to 2023-10-09 00:00:00+00:00
[2023-10-11 17:17:00,374] {scheduler_job.py:190} INFO - Processing /home/airflow/.local/lib/python3.6/site-packages/airflow/example_dags/example_task_group.py took 0.071 seconds
[2023-10-11 17:17:30,622] {scheduler_job.py:182} INFO - Started process (PID=997) to work on /home/airflow/.local/lib/python3.6/site-packages/airflow/example_dags/example_task_group.py
[2023-10-11 17:17:30,623] {scheduler_job.py:633} INFO - Processing file /home/airflow/.local/lib/python3.6/site-packages/airflow/example_dags/example_task_group.py for tasks to queue
[2023-10-11 17:17:30,624] {logging_mixin.py:104} INFO - [2023-10-11 17:17:30,624] {dagbag.py:496} INFO - Filling up the DagBag from /home/airflow/.local/lib/python3.6/site-packages/airflow/example_dags/example_task_group.py
[2023-10-11 17:17:30,643] {scheduler_job.py:643} INFO - DAG(s) dict_keys(['example_task_group']) retrieved from /home/airflow/.local/lib/python3.6/site-packages/airflow/example_dags/example_task_group.py
[2023-10-11 17:17:30,671] {logging_mixin.py:104} INFO - [2023-10-11 17:17:30,671] {dag.py:1833} INFO - Sync 1 DAGs
[2023-10-11 17:17:30,690] {logging_mixin.py:104} INFO - [2023-10-11 17:17:30,690] {dag.py:2306} INFO - Setting next_dagrun for example_task_group to 2023-10-09 00:00:00+00:00
[2023-10-11 17:17:30,706] {scheduler_job.py:190} INFO - Processing /home/airflow/.local/lib/python3.6/site-packages/airflow/example_dags/example_task_group.py took 0.088 seconds
[2023-10-11 17:18:00,893] {scheduler_job.py:182} INFO - Started process (PID=1071) to work on /home/airflow/.local/lib/python3.6/site-packages/airflow/example_dags/example_task_group.py
[2023-10-11 17:18:00,895] {scheduler_job.py:633} INFO - Processing file /home/airflow/.local/lib/python3.6/site-packages/airflow/example_dags/example_task_group.py for tasks to queue
[2023-10-11 17:18:00,896] {logging_mixin.py:104} INFO - [2023-10-11 17:18:00,896] {dagbag.py:496} INFO - Filling up the DagBag from /home/airflow/.local/lib/python3.6/site-packages/airflow/example_dags/example_task_group.py
[2023-10-11 17:18:00,914] {scheduler_job.py:643} INFO - DAG(s) dict_keys(['example_task_group']) retrieved from /home/airflow/.local/lib/python3.6/site-packages/airflow/example_dags/example_task_group.py
[2023-10-11 17:18:00,948] {logging_mixin.py:104} INFO - [2023-10-11 17:18:00,948] {dag.py:1833} INFO - Sync 1 DAGs
[2023-10-11 17:18:01,005] {logging_mixin.py:104} INFO - [2023-10-11 17:18:01,005] {dag.py:2306} INFO - Setting next_dagrun for example_task_group to 2023-10-09 00:00:00+00:00
[2023-10-11 17:18:01,039] {scheduler_job.py:190} INFO - Processing /home/airflow/.local/lib/python3.6/site-packages/airflow/example_dags/example_task_group.py took 0.149 seconds
[2023-10-11 17:18:31,546] {scheduler_job.py:182} INFO - Started process (PID=1164) to work on /home/airflow/.local/lib/python3.6/site-packages/airflow/example_dags/example_task_group.py
[2023-10-11 17:18:31,548] {scheduler_job.py:633} INFO - Processing file /home/airflow/.local/lib/python3.6/site-packages/airflow/example_dags/example_task_group.py for tasks to queue
[2023-10-11 17:18:31,550] {logging_mixin.py:104} INFO - [2023-10-11 17:18:31,550] {dagbag.py:496} INFO - Filling up the DagBag from /home/airflow/.local/lib/python3.6/site-packages/airflow/example_dags/example_task_group.py
[2023-10-11 17:18:31,611] {scheduler_job.py:643} INFO - DAG(s) dict_keys(['example_task_group']) retrieved from /home/airflow/.local/lib/python3.6/site-packages/airflow/example_dags/example_task_group.py
[2023-10-11 17:18:31,675] {logging_mixin.py:104} INFO - [2023-10-11 17:18:31,675] {dag.py:1833} INFO - Sync 1 DAGs
[2023-10-11 17:18:31,724] {logging_mixin.py:104} INFO - [2023-10-11 17:18:31,724] {dag.py:2306} INFO - Setting next_dagrun for example_task_group to 2023-10-09 00:00:00+00:00
[2023-10-11 17:18:31,752] {scheduler_job.py:190} INFO - Processing /home/airflow/.local/lib/python3.6/site-packages/airflow/example_dags/example_task_group.py took 0.210 seconds
[2023-10-11 17:19:01,898] {scheduler_job.py:182} INFO - Started process (PID=1228) to work on /home/airflow/.local/lib/python3.6/site-packages/airflow/example_dags/example_task_group.py
[2023-10-11 17:19:01,899] {scheduler_job.py:633} INFO - Processing file /home/airflow/.local/lib/python3.6/site-packages/airflow/example_dags/example_task_group.py for tasks to queue
[2023-10-11 17:19:01,900] {logging_mixin.py:104} INFO - [2023-10-11 17:19:01,899] {dagbag.py:496} INFO - Filling up the DagBag from /home/airflow/.local/lib/python3.6/site-packages/airflow/example_dags/example_task_group.py
[2023-10-11 17:19:01,909] {scheduler_job.py:643} INFO - DAG(s) dict_keys(['example_task_group']) retrieved from /home/airflow/.local/lib/python3.6/site-packages/airflow/example_dags/example_task_group.py
[2023-10-11 17:19:01,927] {logging_mixin.py:104} INFO - [2023-10-11 17:19:01,927] {dag.py:1833} INFO - Sync 1 DAGs
[2023-10-11 17:19:01,943] {logging_mixin.py:104} INFO - [2023-10-11 17:19:01,943] {dag.py:2306} INFO - Setting next_dagrun for example_task_group to 2023-10-09 00:00:00+00:00
[2023-10-11 17:19:01,954] {scheduler_job.py:190} INFO - Processing /home/airflow/.local/lib/python3.6/site-packages/airflow/example_dags/example_task_group.py took 0.058 seconds
[2023-10-11 17:19:32,742] {scheduler_job.py:182} INFO - Started process (PID=1321) to work on /home/airflow/.local/lib/python3.6/site-packages/airflow/example_dags/example_task_group.py
[2023-10-11 17:19:32,743] {scheduler_job.py:633} INFO - Processing file /home/airflow/.local/lib/python3.6/site-packages/airflow/example_dags/example_task_group.py for tasks to queue
[2023-10-11 17:19:32,744] {logging_mixin.py:104} INFO - [2023-10-11 17:19:32,744] {dagbag.py:496} INFO - Filling up the DagBag from /home/airflow/.local/lib/python3.6/site-packages/airflow/example_dags/example_task_group.py
[2023-10-11 17:19:32,761] {scheduler_job.py:643} INFO - DAG(s) dict_keys(['example_task_group']) retrieved from /home/airflow/.local/lib/python3.6/site-packages/airflow/example_dags/example_task_group.py
[2023-10-11 17:19:32,799] {logging_mixin.py:104} INFO - [2023-10-11 17:19:32,799] {dag.py:1833} INFO - Sync 1 DAGs
[2023-10-11 17:19:32,825] {logging_mixin.py:104} INFO - [2023-10-11 17:19:32,825] {dag.py:2306} INFO - Setting next_dagrun for example_task_group to 2023-10-09 00:00:00+00:00
[2023-10-11 17:19:32,845] {scheduler_job.py:190} INFO - Processing /home/airflow/.local/lib/python3.6/site-packages/airflow/example_dags/example_task_group.py took 0.107 seconds
[2023-10-11 17:20:03,632] {scheduler_job.py:182} INFO - Started process (PID=1400) to work on /home/airflow/.local/lib/python3.6/site-packages/airflow/example_dags/example_task_group.py
[2023-10-11 17:20:03,633] {scheduler_job.py:633} INFO - Processing file /home/airflow/.local/lib/python3.6/site-packages/airflow/example_dags/example_task_group.py for tasks to queue
[2023-10-11 17:20:03,634] {logging_mixin.py:104} INFO - [2023-10-11 17:20:03,634] {dagbag.py:496} INFO - Filling up the DagBag from /home/airflow/.local/lib/python3.6/site-packages/airflow/example_dags/example_task_group.py
[2023-10-11 17:20:03,659] {scheduler_job.py:643} INFO - DAG(s) dict_keys(['example_task_group']) retrieved from /home/airflow/.local/lib/python3.6/site-packages/airflow/example_dags/example_task_group.py
[2023-10-11 17:20:03,744] {logging_mixin.py:104} INFO - [2023-10-11 17:20:03,744] {dag.py:1833} INFO - Sync 1 DAGs
[2023-10-11 17:20:03,777] {logging_mixin.py:104} INFO - [2023-10-11 17:20:03,777] {dag.py:2306} INFO - Setting next_dagrun for example_task_group to 2023-10-09 00:00:00+00:00
[2023-10-11 17:20:03,801] {scheduler_job.py:190} INFO - Processing /home/airflow/.local/lib/python3.6/site-packages/airflow/example_dags/example_task_group.py took 0.173 seconds
[2023-10-11 17:20:34,581] {scheduler_job.py:182} INFO - Started process (PID=1479) to work on /home/airflow/.local/lib/python3.6/site-packages/airflow/example_dags/example_task_group.py
[2023-10-11 17:20:34,582] {scheduler_job.py:633} INFO - Processing file /home/airflow/.local/lib/python3.6/site-packages/airflow/example_dags/example_task_group.py for tasks to queue
[2023-10-11 17:20:34,583] {logging_mixin.py:104} INFO - [2023-10-11 17:20:34,583] {dagbag.py:496} INFO - Filling up the DagBag from /home/airflow/.local/lib/python3.6/site-packages/airflow/example_dags/example_task_group.py
[2023-10-11 17:20:34,600] {scheduler_job.py:643} INFO - DAG(s) dict_keys(['example_task_group']) retrieved from /home/airflow/.local/lib/python3.6/site-packages/airflow/example_dags/example_task_group.py
[2023-10-11 17:20:34,621] {logging_mixin.py:104} INFO - [2023-10-11 17:20:34,621] {dag.py:1833} INFO - Sync 1 DAGs
[2023-10-11 17:20:34,637] {logging_mixin.py:104} INFO - [2023-10-11 17:20:34,637] {dag.py:2306} INFO - Setting next_dagrun for example_task_group to 2023-10-09 00:00:00+00:00
[2023-10-11 17:20:34,652] {scheduler_job.py:190} INFO - Processing /home/airflow/.local/lib/python3.6/site-packages/airflow/example_dags/example_task_group.py took 0.073 seconds
[2023-10-11 17:21:05,564] {scheduler_job.py:182} INFO - Started process (PID=1565) to work on /home/airflow/.local/lib/python3.6/site-packages/airflow/example_dags/example_task_group.py
[2023-10-11 17:21:05,566] {scheduler_job.py:633} INFO - Processing file /home/airflow/.local/lib/python3.6/site-packages/airflow/example_dags/example_task_group.py for tasks to queue
[2023-10-11 17:21:05,567] {logging_mixin.py:104} INFO - [2023-10-11 17:21:05,567] {dagbag.py:496} INFO - Filling up the DagBag from /home/airflow/.local/lib/python3.6/site-packages/airflow/example_dags/example_task_group.py
[2023-10-11 17:21:05,590] {scheduler_job.py:643} INFO - DAG(s) dict_keys(['example_task_group']) retrieved from /home/airflow/.local/lib/python3.6/site-packages/airflow/example_dags/example_task_group.py
[2023-10-11 17:21:05,631] {logging_mixin.py:104} INFO - [2023-10-11 17:21:05,630] {dag.py:1833} INFO - Sync 1 DAGs
[2023-10-11 17:21:05,658] {logging_mixin.py:104} INFO - [2023-10-11 17:21:05,658] {dag.py:2306} INFO - Setting next_dagrun for example_task_group to 2023-10-09 00:00:00+00:00
[2023-10-11 17:21:05,677] {scheduler_job.py:190} INFO - Processing /home/airflow/.local/lib/python3.6/site-packages/airflow/example_dags/example_task_group.py took 0.117 seconds
[2023-10-11 17:21:35,818] {scheduler_job.py:182} INFO - Started process (PID=1624) to work on /home/airflow/.local/lib/python3.6/site-packages/airflow/example_dags/example_task_group.py
[2023-10-11 17:21:35,819] {scheduler_job.py:633} INFO - Processing file /home/airflow/.local/lib/python3.6/site-packages/airflow/example_dags/example_task_group.py for tasks to queue
[2023-10-11 17:21:35,820] {logging_mixin.py:104} INFO - [2023-10-11 17:21:35,820] {dagbag.py:496} INFO - Filling up the DagBag from /home/airflow/.local/lib/python3.6/site-packages/airflow/example_dags/example_task_group.py
[2023-10-11 17:21:35,833] {scheduler_job.py:643} INFO - DAG(s) dict_keys(['example_task_group']) retrieved from /home/airflow/.local/lib/python3.6/site-packages/airflow/example_dags/example_task_group.py
[2023-10-11 17:21:35,861] {logging_mixin.py:104} INFO - [2023-10-11 17:21:35,860] {dag.py:1833} INFO - Sync 1 DAGs
[2023-10-11 17:21:35,882] {logging_mixin.py:104} INFO - [2023-10-11 17:21:35,882] {dag.py:2306} INFO - Setting next_dagrun for example_task_group to 2023-10-09 00:00:00+00:00
[2023-10-11 17:21:35,897] {scheduler_job.py:190} INFO - Processing /home/airflow/.local/lib/python3.6/site-packages/airflow/example_dags/example_task_group.py took 0.081 seconds
[2023-10-11 17:22:06,040] {scheduler_job.py:182} INFO - Started process (PID=1708) to work on /home/airflow/.local/lib/python3.6/site-packages/airflow/example_dags/example_task_group.py
[2023-10-11 17:22:06,049] {scheduler_job.py:633} INFO - Processing file /home/airflow/.local/lib/python3.6/site-packages/airflow/example_dags/example_task_group.py for tasks to queue
[2023-10-11 17:22:06,051] {logging_mixin.py:104} INFO - [2023-10-11 17:22:06,050] {dagbag.py:496} INFO - Filling up the DagBag from /home/airflow/.local/lib/python3.6/site-packages/airflow/example_dags/example_task_group.py
[2023-10-11 17:22:06,077] {scheduler_job.py:643} INFO - DAG(s) dict_keys(['example_task_group']) retrieved from /home/airflow/.local/lib/python3.6/site-packages/airflow/example_dags/example_task_group.py
[2023-10-11 17:22:06,130] {logging_mixin.py:104} INFO - [2023-10-11 17:22:06,130] {dag.py:1833} INFO - Sync 1 DAGs
[2023-10-11 17:22:06,165] {logging_mixin.py:104} INFO - [2023-10-11 17:22:06,165] {dag.py:2306} INFO - Setting next_dagrun for example_task_group to 2023-10-09 00:00:00+00:00
[2023-10-11 17:22:06,188] {scheduler_job.py:190} INFO - Processing /home/airflow/.local/lib/python3.6/site-packages/airflow/example_dags/example_task_group.py took 0.152 seconds
[2023-10-11 17:22:37,006] {scheduler_job.py:182} INFO - Started process (PID=1791) to work on /home/airflow/.local/lib/python3.6/site-packages/airflow/example_dags/example_task_group.py
[2023-10-11 17:22:37,007] {scheduler_job.py:633} INFO - Processing file /home/airflow/.local/lib/python3.6/site-packages/airflow/example_dags/example_task_group.py for tasks to queue
[2023-10-11 17:22:37,008] {logging_mixin.py:104} INFO - [2023-10-11 17:22:37,008] {dagbag.py:496} INFO - Filling up the DagBag from /home/airflow/.local/lib/python3.6/site-packages/airflow/example_dags/example_task_group.py
[2023-10-11 17:22:37,023] {scheduler_job.py:643} INFO - DAG(s) dict_keys(['example_task_group']) retrieved from /home/airflow/.local/lib/python3.6/site-packages/airflow/example_dags/example_task_group.py
[2023-10-11 17:22:37,048] {logging_mixin.py:104} INFO - [2023-10-11 17:22:37,048] {dag.py:1833} INFO - Sync 1 DAGs
[2023-10-11 17:22:37,066] {logging_mixin.py:104} INFO - [2023-10-11 17:22:37,065] {dag.py:2306} INFO - Setting next_dagrun for example_task_group to 2023-10-09 00:00:00+00:00
[2023-10-11 17:22:37,079] {scheduler_job.py:190} INFO - Processing /home/airflow/.local/lib/python3.6/site-packages/airflow/example_dags/example_task_group.py took 0.075 seconds
[2023-10-11 17:23:07,593] {scheduler_job.py:182} INFO - Started process (PID=1875) to work on /home/airflow/.local/lib/python3.6/site-packages/airflow/example_dags/example_task_group.py
[2023-10-11 17:23:07,594] {scheduler_job.py:633} INFO - Processing file /home/airflow/.local/lib/python3.6/site-packages/airflow/example_dags/example_task_group.py for tasks to queue
[2023-10-11 17:23:07,595] {logging_mixin.py:104} INFO - [2023-10-11 17:23:07,595] {dagbag.py:496} INFO - Filling up the DagBag from /home/airflow/.local/lib/python3.6/site-packages/airflow/example_dags/example_task_group.py
[2023-10-11 17:23:07,613] {scheduler_job.py:643} INFO - DAG(s) dict_keys(['example_task_group']) retrieved from /home/airflow/.local/lib/python3.6/site-packages/airflow/example_dags/example_task_group.py
[2023-10-11 17:23:07,644] {logging_mixin.py:104} INFO - [2023-10-11 17:23:07,644] {dag.py:1833} INFO - Sync 1 DAGs
[2023-10-11 17:23:07,668] {logging_mixin.py:104} INFO - [2023-10-11 17:23:07,668] {dag.py:2306} INFO - Setting next_dagrun for example_task_group to 2023-10-09 00:00:00+00:00
[2023-10-11 17:23:07,683] {scheduler_job.py:190} INFO - Processing /home/airflow/.local/lib/python3.6/site-packages/airflow/example_dags/example_task_group.py took 0.093 seconds
[2023-10-11 17:23:38,283] {scheduler_job.py:182} INFO - Started process (PID=1949) to work on /home/airflow/.local/lib/python3.6/site-packages/airflow/example_dags/example_task_group.py
[2023-10-11 17:23:38,285] {scheduler_job.py:633} INFO - Processing file /home/airflow/.local/lib/python3.6/site-packages/airflow/example_dags/example_task_group.py for tasks to queue
[2023-10-11 17:23:38,286] {logging_mixin.py:104} INFO - [2023-10-11 17:23:38,285] {dagbag.py:496} INFO - Filling up the DagBag from /home/airflow/.local/lib/python3.6/site-packages/airflow/example_dags/example_task_group.py
[2023-10-11 17:23:38,304] {scheduler_job.py:643} INFO - DAG(s) dict_keys(['example_task_group']) retrieved from /home/airflow/.local/lib/python3.6/site-packages/airflow/example_dags/example_task_group.py
[2023-10-11 17:23:38,335] {logging_mixin.py:104} INFO - [2023-10-11 17:23:38,335] {dag.py:1833} INFO - Sync 1 DAGs
[2023-10-11 17:23:38,351] {logging_mixin.py:104} INFO - [2023-10-11 17:23:38,351] {dag.py:2306} INFO - Setting next_dagrun for example_task_group to 2023-10-09 00:00:00+00:00
[2023-10-11 17:23:38,367] {scheduler_job.py:190} INFO - Processing /home/airflow/.local/lib/python3.6/site-packages/airflow/example_dags/example_task_group.py took 0.087 seconds
[2023-10-11 17:24:08,809] {scheduler_job.py:182} INFO - Started process (PID=2042) to work on /home/airflow/.local/lib/python3.6/site-packages/airflow/example_dags/example_task_group.py
[2023-10-11 17:24:08,811] {scheduler_job.py:633} INFO - Processing file /home/airflow/.local/lib/python3.6/site-packages/airflow/example_dags/example_task_group.py for tasks to queue
[2023-10-11 17:24:08,811] {logging_mixin.py:104} INFO - [2023-10-11 17:24:08,811] {dagbag.py:496} INFO - Filling up the DagBag from /home/airflow/.local/lib/python3.6/site-packages/airflow/example_dags/example_task_group.py
[2023-10-11 17:24:08,823] {scheduler_job.py:643} INFO - DAG(s) dict_keys(['example_task_group']) retrieved from /home/airflow/.local/lib/python3.6/site-packages/airflow/example_dags/example_task_group.py
[2023-10-11 17:24:08,851] {logging_mixin.py:104} INFO - [2023-10-11 17:24:08,851] {dag.py:1833} INFO - Sync 1 DAGs
[2023-10-11 17:24:08,867] {logging_mixin.py:104} INFO - [2023-10-11 17:24:08,867] {dag.py:2306} INFO - Setting next_dagrun for example_task_group to 2023-10-09 00:00:00+00:00
[2023-10-11 17:24:08,878] {scheduler_job.py:190} INFO - Processing /home/airflow/.local/lib/python3.6/site-packages/airflow/example_dags/example_task_group.py took 0.071 seconds
[2023-10-11 17:24:39,185] {scheduler_job.py:182} INFO - Started process (PID=2116) to work on /home/airflow/.local/lib/python3.6/site-packages/airflow/example_dags/example_task_group.py
[2023-10-11 17:24:39,186] {scheduler_job.py:633} INFO - Processing file /home/airflow/.local/lib/python3.6/site-packages/airflow/example_dags/example_task_group.py for tasks to queue
[2023-10-11 17:24:39,187] {logging_mixin.py:104} INFO - [2023-10-11 17:24:39,187] {dagbag.py:496} INFO - Filling up the DagBag from /home/airflow/.local/lib/python3.6/site-packages/airflow/example_dags/example_task_group.py
[2023-10-11 17:24:39,203] {scheduler_job.py:643} INFO - DAG(s) dict_keys(['example_task_group']) retrieved from /home/airflow/.local/lib/python3.6/site-packages/airflow/example_dags/example_task_group.py
[2023-10-11 17:24:39,237] {logging_mixin.py:104} INFO - [2023-10-11 17:24:39,236] {dag.py:1833} INFO - Sync 1 DAGs
[2023-10-11 17:24:39,258] {logging_mixin.py:104} INFO - [2023-10-11 17:24:39,257] {dag.py:2306} INFO - Setting next_dagrun for example_task_group to 2023-10-09 00:00:00+00:00
[2023-10-11 17:24:39,274] {scheduler_job.py:190} INFO - Processing /home/airflow/.local/lib/python3.6/site-packages/airflow/example_dags/example_task_group.py took 0.090 seconds
[2023-10-11 17:25:09,532] {scheduler_job.py:182} INFO - Started process (PID=2199) to work on /home/airflow/.local/lib/python3.6/site-packages/airflow/example_dags/example_task_group.py
[2023-10-11 17:25:09,533] {scheduler_job.py:633} INFO - Processing file /home/airflow/.local/lib/python3.6/site-packages/airflow/example_dags/example_task_group.py for tasks to queue
[2023-10-11 17:25:09,533] {logging_mixin.py:104} INFO - [2023-10-11 17:25:09,533] {dagbag.py:496} INFO - Filling up the DagBag from /home/airflow/.local/lib/python3.6/site-packages/airflow/example_dags/example_task_group.py
[2023-10-11 17:25:09,546] {scheduler_job.py:643} INFO - DAG(s) dict_keys(['example_task_group']) retrieved from /home/airflow/.local/lib/python3.6/site-packages/airflow/example_dags/example_task_group.py
[2023-10-11 17:25:09,569] {logging_mixin.py:104} INFO - [2023-10-11 17:25:09,569] {dag.py:1833} INFO - Sync 1 DAGs
[2023-10-11 17:25:09,585] {logging_mixin.py:104} INFO - [2023-10-11 17:25:09,585] {dag.py:2306} INFO - Setting next_dagrun for example_task_group to 2023-10-09 00:00:00+00:00
[2023-10-11 17:25:09,597] {scheduler_job.py:190} INFO - Processing /home/airflow/.local/lib/python3.6/site-packages/airflow/example_dags/example_task_group.py took 0.067 seconds
[2023-10-11 17:25:39,954] {scheduler_job.py:182} INFO - Started process (PID=2285) to work on /home/airflow/.local/lib/python3.6/site-packages/airflow/example_dags/example_task_group.py
[2023-10-11 17:25:39,956] {scheduler_job.py:633} INFO - Processing file /home/airflow/.local/lib/python3.6/site-packages/airflow/example_dags/example_task_group.py for tasks to queue
[2023-10-11 17:25:39,957] {logging_mixin.py:104} INFO - [2023-10-11 17:25:39,957] {dagbag.py:496} INFO - Filling up the DagBag from /home/airflow/.local/lib/python3.6/site-packages/airflow/example_dags/example_task_group.py
[2023-10-11 17:25:39,972] {scheduler_job.py:643} INFO - DAG(s) dict_keys(['example_task_group']) retrieved from /home/airflow/.local/lib/python3.6/site-packages/airflow/example_dags/example_task_group.py
[2023-10-11 17:25:39,993] {logging_mixin.py:104} INFO - [2023-10-11 17:25:39,993] {dag.py:1833} INFO - Sync 1 DAGs
[2023-10-11 17:25:40,010] {logging_mixin.py:104} INFO - [2023-10-11 17:25:40,010] {dag.py:2306} INFO - Setting next_dagrun for example_task_group to 2023-10-09 00:00:00+00:00
[2023-10-11 17:25:40,023] {scheduler_job.py:190} INFO - Processing /home/airflow/.local/lib/python3.6/site-packages/airflow/example_dags/example_task_group.py took 0.072 seconds
[2023-10-11 17:30:55,929] {scheduler_job.py:182} INFO - Started process (PID=96) to work on /home/airflow/.local/lib/python3.6/site-packages/airflow/example_dags/example_task_group.py
[2023-10-11 17:30:55,932] {scheduler_job.py:633} INFO - Processing file /home/airflow/.local/lib/python3.6/site-packages/airflow/example_dags/example_task_group.py for tasks to queue
[2023-10-11 17:30:55,934] {logging_mixin.py:104} INFO - [2023-10-11 17:30:55,933] {dagbag.py:496} INFO - Filling up the DagBag from /home/airflow/.local/lib/python3.6/site-packages/airflow/example_dags/example_task_group.py
[2023-10-11 17:30:55,970] {scheduler_job.py:643} INFO - DAG(s) dict_keys(['example_task_group']) retrieved from /home/airflow/.local/lib/python3.6/site-packages/airflow/example_dags/example_task_group.py
[2023-10-11 17:30:56,039] {logging_mixin.py:104} INFO - [2023-10-11 17:30:56,039] {dag.py:1833} INFO - Sync 1 DAGs
[2023-10-11 17:30:56,083] {logging_mixin.py:104} INFO - [2023-10-11 17:30:56,083] {dag.py:2306} INFO - Setting next_dagrun for example_task_group to 2023-10-09 00:00:00+00:00
[2023-10-11 17:30:56,104] {scheduler_job.py:190} INFO - Processing /home/airflow/.local/lib/python3.6/site-packages/airflow/example_dags/example_task_group.py took 0.181 seconds
