[2023-10-11 14:00:33,316] {scheduler_job.py:182} INFO - Started process (PID=375) to work on /home/airflow/.local/lib/python3.6/site-packages/airflow/example_dags/example_short_circuit_operator.py
[2023-10-11 14:00:33,318] {scheduler_job.py:633} INFO - Processing file /home/airflow/.local/lib/python3.6/site-packages/airflow/example_dags/example_short_circuit_operator.py for tasks to queue
[2023-10-11 14:00:33,319] {logging_mixin.py:104} INFO - [2023-10-11 14:00:33,318] {dagbag.py:496} INFO - Filling up the DagBag from /home/airflow/.local/lib/python3.6/site-packages/airflow/example_dags/example_short_circuit_operator.py
[2023-10-11 14:00:33,343] {scheduler_job.py:643} INFO - DAG(s) dict_keys(['example_short_circuit_operator']) retrieved from /home/airflow/.local/lib/python3.6/site-packages/airflow/example_dags/example_short_circuit_operator.py
[2023-10-11 14:00:39,309] {logging_mixin.py:104} INFO - [2023-10-11 14:00:39,309] {dag.py:1833} INFO - Sync 1 DAGs
[2023-10-11 14:00:39,345] {logging_mixin.py:104} INFO - [2023-10-11 14:00:39,343] {dag.py:1852} INFO - Creating ORM DAG for example_short_circuit_operator
[2023-10-11 14:00:39,360] {logging_mixin.py:104} INFO - [2023-10-11 14:00:39,360] {dag.py:2306} INFO - Setting next_dagrun for example_short_circuit_operator to 2023-10-09 00:00:00+00:00
[2023-10-11 14:00:39,397] {scheduler_job.py:190} INFO - Processing /home/airflow/.local/lib/python3.6/site-packages/airflow/example_dags/example_short_circuit_operator.py took 6.086 seconds
[2023-10-11 17:11:49,430] {scheduler_job.py:182} INFO - Started process (PID=58) to work on /home/airflow/.local/lib/python3.6/site-packages/airflow/example_dags/example_short_circuit_operator.py
[2023-10-11 17:11:49,431] {scheduler_job.py:633} INFO - Processing file /home/airflow/.local/lib/python3.6/site-packages/airflow/example_dags/example_short_circuit_operator.py for tasks to queue
[2023-10-11 17:11:49,432] {logging_mixin.py:104} INFO - [2023-10-11 17:11:49,432] {dagbag.py:496} INFO - Filling up the DagBag from /home/airflow/.local/lib/python3.6/site-packages/airflow/example_dags/example_short_circuit_operator.py
[2023-10-11 17:11:49,449] {scheduler_job.py:643} INFO - DAG(s) dict_keys(['example_short_circuit_operator']) retrieved from /home/airflow/.local/lib/python3.6/site-packages/airflow/example_dags/example_short_circuit_operator.py
[2023-10-11 17:11:50,151] {logging_mixin.py:104} INFO - [2023-10-11 17:11:50,151] {dag.py:1833} INFO - Sync 1 DAGs
[2023-10-11 17:11:50,182] {logging_mixin.py:104} INFO - [2023-10-11 17:11:50,182] {dag.py:2306} INFO - Setting next_dagrun for example_short_circuit_operator to 2023-10-09 00:00:00+00:00
[2023-10-11 17:11:50,208] {scheduler_job.py:190} INFO - Processing /home/airflow/.local/lib/python3.6/site-packages/airflow/example_dags/example_short_circuit_operator.py took 0.782 seconds
[2023-10-11 17:12:20,578] {scheduler_job.py:182} INFO - Started process (PID=158) to work on /home/airflow/.local/lib/python3.6/site-packages/airflow/example_dags/example_short_circuit_operator.py
[2023-10-11 17:12:20,579] {scheduler_job.py:633} INFO - Processing file /home/airflow/.local/lib/python3.6/site-packages/airflow/example_dags/example_short_circuit_operator.py for tasks to queue
[2023-10-11 17:12:20,579] {logging_mixin.py:104} INFO - [2023-10-11 17:12:20,579] {dagbag.py:496} INFO - Filling up the DagBag from /home/airflow/.local/lib/python3.6/site-packages/airflow/example_dags/example_short_circuit_operator.py
[2023-10-11 17:12:20,597] {scheduler_job.py:643} INFO - DAG(s) dict_keys(['example_short_circuit_operator']) retrieved from /home/airflow/.local/lib/python3.6/site-packages/airflow/example_dags/example_short_circuit_operator.py
[2023-10-11 17:12:20,630] {logging_mixin.py:104} INFO - [2023-10-11 17:12:20,630] {dag.py:1833} INFO - Sync 1 DAGs
[2023-10-11 17:12:20,650] {logging_mixin.py:104} INFO - [2023-10-11 17:12:20,650] {dag.py:2306} INFO - Setting next_dagrun for example_short_circuit_operator to 2023-10-09 00:00:00+00:00
[2023-10-11 17:12:20,669] {scheduler_job.py:190} INFO - Processing /home/airflow/.local/lib/python3.6/site-packages/airflow/example_dags/example_short_circuit_operator.py took 0.094 seconds
[2023-10-11 17:12:50,789] {scheduler_job.py:182} INFO - Started process (PID=241) to work on /home/airflow/.local/lib/python3.6/site-packages/airflow/example_dags/example_short_circuit_operator.py
[2023-10-11 17:12:50,790] {scheduler_job.py:633} INFO - Processing file /home/airflow/.local/lib/python3.6/site-packages/airflow/example_dags/example_short_circuit_operator.py for tasks to queue
[2023-10-11 17:12:50,791] {logging_mixin.py:104} INFO - [2023-10-11 17:12:50,790] {dagbag.py:496} INFO - Filling up the DagBag from /home/airflow/.local/lib/python3.6/site-packages/airflow/example_dags/example_short_circuit_operator.py
[2023-10-11 17:12:50,823] {scheduler_job.py:643} INFO - DAG(s) dict_keys(['example_short_circuit_operator']) retrieved from /home/airflow/.local/lib/python3.6/site-packages/airflow/example_dags/example_short_circuit_operator.py
[2023-10-11 17:12:50,859] {logging_mixin.py:104} INFO - [2023-10-11 17:12:50,859] {dag.py:1833} INFO - Sync 1 DAGs
[2023-10-11 17:12:50,900] {logging_mixin.py:104} INFO - [2023-10-11 17:12:50,900] {dag.py:2306} INFO - Setting next_dagrun for example_short_circuit_operator to 2023-10-09 00:00:00+00:00
[2023-10-11 17:12:50,920] {scheduler_job.py:190} INFO - Processing /home/airflow/.local/lib/python3.6/site-packages/airflow/example_dags/example_short_circuit_operator.py took 0.134 seconds
[2023-10-11 17:13:21,355] {scheduler_job.py:182} INFO - Started process (PID=325) to work on /home/airflow/.local/lib/python3.6/site-packages/airflow/example_dags/example_short_circuit_operator.py
[2023-10-11 17:13:21,358] {scheduler_job.py:633} INFO - Processing file /home/airflow/.local/lib/python3.6/site-packages/airflow/example_dags/example_short_circuit_operator.py for tasks to queue
[2023-10-11 17:13:21,359] {logging_mixin.py:104} INFO - [2023-10-11 17:13:21,358] {dagbag.py:496} INFO - Filling up the DagBag from /home/airflow/.local/lib/python3.6/site-packages/airflow/example_dags/example_short_circuit_operator.py
[2023-10-11 17:13:21,380] {scheduler_job.py:643} INFO - DAG(s) dict_keys(['example_short_circuit_operator']) retrieved from /home/airflow/.local/lib/python3.6/site-packages/airflow/example_dags/example_short_circuit_operator.py
[2023-10-11 17:13:21,412] {logging_mixin.py:104} INFO - [2023-10-11 17:13:21,412] {dag.py:1833} INFO - Sync 1 DAGs
[2023-10-11 17:13:21,437] {logging_mixin.py:104} INFO - [2023-10-11 17:13:21,436] {dag.py:2306} INFO - Setting next_dagrun for example_short_circuit_operator to 2023-10-09 00:00:00+00:00
[2023-10-11 17:13:21,453] {scheduler_job.py:190} INFO - Processing /home/airflow/.local/lib/python3.6/site-packages/airflow/example_dags/example_short_circuit_operator.py took 0.101 seconds
[2023-10-11 17:13:51,760] {scheduler_job.py:182} INFO - Started process (PID=399) to work on /home/airflow/.local/lib/python3.6/site-packages/airflow/example_dags/example_short_circuit_operator.py
[2023-10-11 17:13:51,761] {scheduler_job.py:633} INFO - Processing file /home/airflow/.local/lib/python3.6/site-packages/airflow/example_dags/example_short_circuit_operator.py for tasks to queue
[2023-10-11 17:13:51,762] {logging_mixin.py:104} INFO - [2023-10-11 17:13:51,762] {dagbag.py:496} INFO - Filling up the DagBag from /home/airflow/.local/lib/python3.6/site-packages/airflow/example_dags/example_short_circuit_operator.py
[2023-10-11 17:13:51,773] {scheduler_job.py:643} INFO - DAG(s) dict_keys(['example_short_circuit_operator']) retrieved from /home/airflow/.local/lib/python3.6/site-packages/airflow/example_dags/example_short_circuit_operator.py
[2023-10-11 17:13:51,806] {logging_mixin.py:104} INFO - [2023-10-11 17:13:51,806] {dag.py:1833} INFO - Sync 1 DAGs
[2023-10-11 17:13:51,826] {logging_mixin.py:104} INFO - [2023-10-11 17:13:51,826] {dag.py:2306} INFO - Setting next_dagrun for example_short_circuit_operator to 2023-10-09 00:00:00+00:00
[2023-10-11 17:13:51,844] {scheduler_job.py:190} INFO - Processing /home/airflow/.local/lib/python3.6/site-packages/airflow/example_dags/example_short_circuit_operator.py took 0.086 seconds
[2023-10-11 17:14:21,875] {scheduler_job.py:182} INFO - Started process (PID=482) to work on /home/airflow/.local/lib/python3.6/site-packages/airflow/example_dags/example_short_circuit_operator.py
[2023-10-11 17:14:21,877] {scheduler_job.py:633} INFO - Processing file /home/airflow/.local/lib/python3.6/site-packages/airflow/example_dags/example_short_circuit_operator.py for tasks to queue
[2023-10-11 17:14:21,878] {logging_mixin.py:104} INFO - [2023-10-11 17:14:21,878] {dagbag.py:496} INFO - Filling up the DagBag from /home/airflow/.local/lib/python3.6/site-packages/airflow/example_dags/example_short_circuit_operator.py
[2023-10-11 17:14:21,910] {scheduler_job.py:643} INFO - DAG(s) dict_keys(['example_short_circuit_operator']) retrieved from /home/airflow/.local/lib/python3.6/site-packages/airflow/example_dags/example_short_circuit_operator.py
[2023-10-11 17:14:21,946] {logging_mixin.py:104} INFO - [2023-10-11 17:14:21,946] {dag.py:1833} INFO - Sync 1 DAGs
[2023-10-11 17:14:21,970] {logging_mixin.py:104} INFO - [2023-10-11 17:14:21,970] {dag.py:2306} INFO - Setting next_dagrun for example_short_circuit_operator to 2023-10-09 00:00:00+00:00
[2023-10-11 17:14:21,989] {scheduler_job.py:190} INFO - Processing /home/airflow/.local/lib/python3.6/site-packages/airflow/example_dags/example_short_circuit_operator.py took 0.119 seconds
[2023-10-11 17:14:52,208] {scheduler_job.py:182} INFO - Started process (PID=566) to work on /home/airflow/.local/lib/python3.6/site-packages/airflow/example_dags/example_short_circuit_operator.py
[2023-10-11 17:14:52,210] {scheduler_job.py:633} INFO - Processing file /home/airflow/.local/lib/python3.6/site-packages/airflow/example_dags/example_short_circuit_operator.py for tasks to queue
[2023-10-11 17:14:52,211] {logging_mixin.py:104} INFO - [2023-10-11 17:14:52,211] {dagbag.py:496} INFO - Filling up the DagBag from /home/airflow/.local/lib/python3.6/site-packages/airflow/example_dags/example_short_circuit_operator.py
[2023-10-11 17:14:52,233] {scheduler_job.py:643} INFO - DAG(s) dict_keys(['example_short_circuit_operator']) retrieved from /home/airflow/.local/lib/python3.6/site-packages/airflow/example_dags/example_short_circuit_operator.py
[2023-10-11 17:14:52,269] {logging_mixin.py:104} INFO - [2023-10-11 17:14:52,269] {dag.py:1833} INFO - Sync 1 DAGs
[2023-10-11 17:14:52,307] {logging_mixin.py:104} INFO - [2023-10-11 17:14:52,306] {dag.py:2306} INFO - Setting next_dagrun for example_short_circuit_operator to 2023-10-09 00:00:00+00:00
[2023-10-11 17:14:52,343] {scheduler_job.py:190} INFO - Processing /home/airflow/.local/lib/python3.6/site-packages/airflow/example_dags/example_short_circuit_operator.py took 0.138 seconds
[2023-10-11 17:15:22,664] {scheduler_job.py:182} INFO - Started process (PID=649) to work on /home/airflow/.local/lib/python3.6/site-packages/airflow/example_dags/example_short_circuit_operator.py
[2023-10-11 17:15:22,665] {scheduler_job.py:633} INFO - Processing file /home/airflow/.local/lib/python3.6/site-packages/airflow/example_dags/example_short_circuit_operator.py for tasks to queue
[2023-10-11 17:15:22,666] {logging_mixin.py:104} INFO - [2023-10-11 17:15:22,666] {dagbag.py:496} INFO - Filling up the DagBag from /home/airflow/.local/lib/python3.6/site-packages/airflow/example_dags/example_short_circuit_operator.py
[2023-10-11 17:15:22,687] {scheduler_job.py:643} INFO - DAG(s) dict_keys(['example_short_circuit_operator']) retrieved from /home/airflow/.local/lib/python3.6/site-packages/airflow/example_dags/example_short_circuit_operator.py
[2023-10-11 17:15:22,716] {logging_mixin.py:104} INFO - [2023-10-11 17:15:22,716] {dag.py:1833} INFO - Sync 1 DAGs
[2023-10-11 17:15:22,739] {logging_mixin.py:104} INFO - [2023-10-11 17:15:22,739] {dag.py:2306} INFO - Setting next_dagrun for example_short_circuit_operator to 2023-10-09 00:00:00+00:00
[2023-10-11 17:15:22,757] {scheduler_job.py:190} INFO - Processing /home/airflow/.local/lib/python3.6/site-packages/airflow/example_dags/example_short_circuit_operator.py took 0.096 seconds
[2023-10-11 17:15:52,939] {scheduler_job.py:182} INFO - Started process (PID=733) to work on /home/airflow/.local/lib/python3.6/site-packages/airflow/example_dags/example_short_circuit_operator.py
[2023-10-11 17:15:52,941] {scheduler_job.py:633} INFO - Processing file /home/airflow/.local/lib/python3.6/site-packages/airflow/example_dags/example_short_circuit_operator.py for tasks to queue
[2023-10-11 17:15:52,943] {logging_mixin.py:104} INFO - [2023-10-11 17:15:52,943] {dagbag.py:496} INFO - Filling up the DagBag from /home/airflow/.local/lib/python3.6/site-packages/airflow/example_dags/example_short_circuit_operator.py
[2023-10-11 17:15:52,968] {scheduler_job.py:643} INFO - DAG(s) dict_keys(['example_short_circuit_operator']) retrieved from /home/airflow/.local/lib/python3.6/site-packages/airflow/example_dags/example_short_circuit_operator.py
[2023-10-11 17:15:53,017] {logging_mixin.py:104} INFO - [2023-10-11 17:15:53,016] {dag.py:1833} INFO - Sync 1 DAGs
[2023-10-11 17:15:53,052] {logging_mixin.py:104} INFO - [2023-10-11 17:15:53,052] {dag.py:2306} INFO - Setting next_dagrun for example_short_circuit_operator to 2023-10-09 00:00:00+00:00
[2023-10-11 17:15:53,076] {scheduler_job.py:190} INFO - Processing /home/airflow/.local/lib/python3.6/site-packages/airflow/example_dags/example_short_circuit_operator.py took 0.142 seconds
[2023-10-11 17:16:23,604] {scheduler_job.py:182} INFO - Started process (PID=817) to work on /home/airflow/.local/lib/python3.6/site-packages/airflow/example_dags/example_short_circuit_operator.py
[2023-10-11 17:16:23,605] {scheduler_job.py:633} INFO - Processing file /home/airflow/.local/lib/python3.6/site-packages/airflow/example_dags/example_short_circuit_operator.py for tasks to queue
[2023-10-11 17:16:23,606] {logging_mixin.py:104} INFO - [2023-10-11 17:16:23,606] {dagbag.py:496} INFO - Filling up the DagBag from /home/airflow/.local/lib/python3.6/site-packages/airflow/example_dags/example_short_circuit_operator.py
[2023-10-11 17:16:23,619] {scheduler_job.py:643} INFO - DAG(s) dict_keys(['example_short_circuit_operator']) retrieved from /home/airflow/.local/lib/python3.6/site-packages/airflow/example_dags/example_short_circuit_operator.py
[2023-10-11 17:16:23,644] {logging_mixin.py:104} INFO - [2023-10-11 17:16:23,644] {dag.py:1833} INFO - Sync 1 DAGs
[2023-10-11 17:16:23,660] {logging_mixin.py:104} INFO - [2023-10-11 17:16:23,660] {dag.py:2306} INFO - Setting next_dagrun for example_short_circuit_operator to 2023-10-09 00:00:00+00:00
[2023-10-11 17:16:23,672] {scheduler_job.py:190} INFO - Processing /home/airflow/.local/lib/python3.6/site-packages/airflow/example_dags/example_short_circuit_operator.py took 0.070 seconds
[2023-10-11 17:16:53,909] {scheduler_job.py:182} INFO - Started process (PID=891) to work on /home/airflow/.local/lib/python3.6/site-packages/airflow/example_dags/example_short_circuit_operator.py
[2023-10-11 17:16:53,911] {scheduler_job.py:633} INFO - Processing file /home/airflow/.local/lib/python3.6/site-packages/airflow/example_dags/example_short_circuit_operator.py for tasks to queue
[2023-10-11 17:16:53,912] {logging_mixin.py:104} INFO - [2023-10-11 17:16:53,912] {dagbag.py:496} INFO - Filling up the DagBag from /home/airflow/.local/lib/python3.6/site-packages/airflow/example_dags/example_short_circuit_operator.py
[2023-10-11 17:16:53,927] {scheduler_job.py:643} INFO - DAG(s) dict_keys(['example_short_circuit_operator']) retrieved from /home/airflow/.local/lib/python3.6/site-packages/airflow/example_dags/example_short_circuit_operator.py
[2023-10-11 17:16:53,950] {logging_mixin.py:104} INFO - [2023-10-11 17:16:53,950] {dag.py:1833} INFO - Sync 1 DAGs
[2023-10-11 17:16:53,970] {logging_mixin.py:104} INFO - [2023-10-11 17:16:53,970] {dag.py:2306} INFO - Setting next_dagrun for example_short_circuit_operator to 2023-10-09 00:00:00+00:00
[2023-10-11 17:16:53,983] {scheduler_job.py:190} INFO - Processing /home/airflow/.local/lib/python3.6/site-packages/airflow/example_dags/example_short_circuit_operator.py took 0.077 seconds
[2023-10-11 17:17:24,204] {scheduler_job.py:182} INFO - Started process (PID=975) to work on /home/airflow/.local/lib/python3.6/site-packages/airflow/example_dags/example_short_circuit_operator.py
[2023-10-11 17:17:24,205] {scheduler_job.py:633} INFO - Processing file /home/airflow/.local/lib/python3.6/site-packages/airflow/example_dags/example_short_circuit_operator.py for tasks to queue
[2023-10-11 17:17:24,206] {logging_mixin.py:104} INFO - [2023-10-11 17:17:24,206] {dagbag.py:496} INFO - Filling up the DagBag from /home/airflow/.local/lib/python3.6/site-packages/airflow/example_dags/example_short_circuit_operator.py
[2023-10-11 17:17:24,218] {scheduler_job.py:643} INFO - DAG(s) dict_keys(['example_short_circuit_operator']) retrieved from /home/airflow/.local/lib/python3.6/site-packages/airflow/example_dags/example_short_circuit_operator.py
[2023-10-11 17:17:24,243] {logging_mixin.py:104} INFO - [2023-10-11 17:17:24,243] {dag.py:1833} INFO - Sync 1 DAGs
[2023-10-11 17:17:24,262] {logging_mixin.py:104} INFO - [2023-10-11 17:17:24,262] {dag.py:2306} INFO - Setting next_dagrun for example_short_circuit_operator to 2023-10-09 00:00:00+00:00
[2023-10-11 17:17:24,277] {scheduler_job.py:190} INFO - Processing /home/airflow/.local/lib/python3.6/site-packages/airflow/example_dags/example_short_circuit_operator.py took 0.075 seconds
[2023-10-11 17:17:54,302] {scheduler_job.py:182} INFO - Started process (PID=1059) to work on /home/airflow/.local/lib/python3.6/site-packages/airflow/example_dags/example_short_circuit_operator.py
[2023-10-11 17:17:54,304] {scheduler_job.py:633} INFO - Processing file /home/airflow/.local/lib/python3.6/site-packages/airflow/example_dags/example_short_circuit_operator.py for tasks to queue
[2023-10-11 17:17:54,305] {logging_mixin.py:104} INFO - [2023-10-11 17:17:54,305] {dagbag.py:496} INFO - Filling up the DagBag from /home/airflow/.local/lib/python3.6/site-packages/airflow/example_dags/example_short_circuit_operator.py
[2023-10-11 17:17:54,320] {scheduler_job.py:643} INFO - DAG(s) dict_keys(['example_short_circuit_operator']) retrieved from /home/airflow/.local/lib/python3.6/site-packages/airflow/example_dags/example_short_circuit_operator.py
[2023-10-11 17:17:54,354] {logging_mixin.py:104} INFO - [2023-10-11 17:17:54,354] {dag.py:1833} INFO - Sync 1 DAGs
[2023-10-11 17:17:54,383] {logging_mixin.py:104} INFO - [2023-10-11 17:17:54,382] {dag.py:2306} INFO - Setting next_dagrun for example_short_circuit_operator to 2023-10-09 00:00:00+00:00
[2023-10-11 17:17:54,404] {scheduler_job.py:190} INFO - Processing /home/airflow/.local/lib/python3.6/site-packages/airflow/example_dags/example_short_circuit_operator.py took 0.106 seconds
[2023-10-11 17:18:25,066] {scheduler_job.py:182} INFO - Started process (PID=1142) to work on /home/airflow/.local/lib/python3.6/site-packages/airflow/example_dags/example_short_circuit_operator.py
[2023-10-11 17:18:25,068] {scheduler_job.py:633} INFO - Processing file /home/airflow/.local/lib/python3.6/site-packages/airflow/example_dags/example_short_circuit_operator.py for tasks to queue
[2023-10-11 17:18:25,070] {logging_mixin.py:104} INFO - [2023-10-11 17:18:25,069] {dagbag.py:496} INFO - Filling up the DagBag from /home/airflow/.local/lib/python3.6/site-packages/airflow/example_dags/example_short_circuit_operator.py
[2023-10-11 17:18:25,091] {scheduler_job.py:643} INFO - DAG(s) dict_keys(['example_short_circuit_operator']) retrieved from /home/airflow/.local/lib/python3.6/site-packages/airflow/example_dags/example_short_circuit_operator.py
[2023-10-11 17:18:25,129] {logging_mixin.py:104} INFO - [2023-10-11 17:18:25,129] {dag.py:1833} INFO - Sync 1 DAGs
[2023-10-11 17:18:25,155] {logging_mixin.py:104} INFO - [2023-10-11 17:18:25,154] {dag.py:2306} INFO - Setting next_dagrun for example_short_circuit_operator to 2023-10-09 00:00:00+00:00
[2023-10-11 17:18:25,193] {scheduler_job.py:190} INFO - Processing /home/airflow/.local/lib/python3.6/site-packages/airflow/example_dags/example_short_circuit_operator.py took 0.131 seconds
[2023-10-11 17:18:55,418] {scheduler_job.py:182} INFO - Started process (PID=1216) to work on /home/airflow/.local/lib/python3.6/site-packages/airflow/example_dags/example_short_circuit_operator.py
[2023-10-11 17:18:55,420] {scheduler_job.py:633} INFO - Processing file /home/airflow/.local/lib/python3.6/site-packages/airflow/example_dags/example_short_circuit_operator.py for tasks to queue
[2023-10-11 17:18:55,421] {logging_mixin.py:104} INFO - [2023-10-11 17:18:55,420] {dagbag.py:496} INFO - Filling up the DagBag from /home/airflow/.local/lib/python3.6/site-packages/airflow/example_dags/example_short_circuit_operator.py
[2023-10-11 17:18:55,435] {scheduler_job.py:643} INFO - DAG(s) dict_keys(['example_short_circuit_operator']) retrieved from /home/airflow/.local/lib/python3.6/site-packages/airflow/example_dags/example_short_circuit_operator.py
[2023-10-11 17:18:55,458] {logging_mixin.py:104} INFO - [2023-10-11 17:18:55,458] {dag.py:1833} INFO - Sync 1 DAGs
[2023-10-11 17:18:55,476] {logging_mixin.py:104} INFO - [2023-10-11 17:18:55,476] {dag.py:2306} INFO - Setting next_dagrun for example_short_circuit_operator to 2023-10-09 00:00:00+00:00
[2023-10-11 17:18:55,489] {scheduler_job.py:190} INFO - Processing /home/airflow/.local/lib/python3.6/site-packages/airflow/example_dags/example_short_circuit_operator.py took 0.074 seconds
[2023-10-11 17:19:25,954] {scheduler_job.py:182} INFO - Started process (PID=1276) to work on /home/airflow/.local/lib/python3.6/site-packages/airflow/example_dags/example_short_circuit_operator.py
[2023-10-11 17:19:25,956] {scheduler_job.py:633} INFO - Processing file /home/airflow/.local/lib/python3.6/site-packages/airflow/example_dags/example_short_circuit_operator.py for tasks to queue
[2023-10-11 17:19:25,958] {logging_mixin.py:104} INFO - [2023-10-11 17:19:25,958] {dagbag.py:496} INFO - Filling up the DagBag from /home/airflow/.local/lib/python3.6/site-packages/airflow/example_dags/example_short_circuit_operator.py
[2023-10-11 17:19:25,977] {scheduler_job.py:643} INFO - DAG(s) dict_keys(['example_short_circuit_operator']) retrieved from /home/airflow/.local/lib/python3.6/site-packages/airflow/example_dags/example_short_circuit_operator.py
[2023-10-11 17:19:26,014] {logging_mixin.py:104} INFO - [2023-10-11 17:19:26,014] {dag.py:1833} INFO - Sync 1 DAGs
[2023-10-11 17:19:26,041] {logging_mixin.py:104} INFO - [2023-10-11 17:19:26,041] {dag.py:2306} INFO - Setting next_dagrun for example_short_circuit_operator to 2023-10-09 00:00:00+00:00
[2023-10-11 17:19:26,063] {scheduler_job.py:190} INFO - Processing /home/airflow/.local/lib/python3.6/site-packages/airflow/example_dags/example_short_circuit_operator.py took 0.113 seconds
[2023-10-11 17:19:56,653] {scheduler_job.py:182} INFO - Started process (PID=1351) to work on /home/airflow/.local/lib/python3.6/site-packages/airflow/example_dags/example_short_circuit_operator.py
[2023-10-11 17:19:56,655] {scheduler_job.py:633} INFO - Processing file /home/airflow/.local/lib/python3.6/site-packages/airflow/example_dags/example_short_circuit_operator.py for tasks to queue
[2023-10-11 17:19:56,656] {logging_mixin.py:104} INFO - [2023-10-11 17:19:56,656] {dagbag.py:496} INFO - Filling up the DagBag from /home/airflow/.local/lib/python3.6/site-packages/airflow/example_dags/example_short_circuit_operator.py
[2023-10-11 17:19:56,673] {scheduler_job.py:643} INFO - DAG(s) dict_keys(['example_short_circuit_operator']) retrieved from /home/airflow/.local/lib/python3.6/site-packages/airflow/example_dags/example_short_circuit_operator.py
[2023-10-11 17:19:56,701] {logging_mixin.py:104} INFO - [2023-10-11 17:19:56,701] {dag.py:1833} INFO - Sync 1 DAGs
[2023-10-11 17:19:56,719] {logging_mixin.py:104} INFO - [2023-10-11 17:19:56,719] {dag.py:2306} INFO - Setting next_dagrun for example_short_circuit_operator to 2023-10-09 00:00:00+00:00
[2023-10-11 17:19:56,735] {scheduler_job.py:190} INFO - Processing /home/airflow/.local/lib/python3.6/site-packages/airflow/example_dags/example_short_circuit_operator.py took 0.084 seconds
[2023-10-11 17:20:26,927] {scheduler_job.py:182} INFO - Started process (PID=1444) to work on /home/airflow/.local/lib/python3.6/site-packages/airflow/example_dags/example_short_circuit_operator.py
[2023-10-11 17:20:26,934] {scheduler_job.py:633} INFO - Processing file /home/airflow/.local/lib/python3.6/site-packages/airflow/example_dags/example_short_circuit_operator.py for tasks to queue
[2023-10-11 17:20:26,937] {logging_mixin.py:104} INFO - [2023-10-11 17:20:26,937] {dagbag.py:496} INFO - Filling up the DagBag from /home/airflow/.local/lib/python3.6/site-packages/airflow/example_dags/example_short_circuit_operator.py
[2023-10-11 17:20:26,965] {scheduler_job.py:643} INFO - DAG(s) dict_keys(['example_short_circuit_operator']) retrieved from /home/airflow/.local/lib/python3.6/site-packages/airflow/example_dags/example_short_circuit_operator.py
[2023-10-11 17:20:27,005] {logging_mixin.py:104} INFO - [2023-10-11 17:20:27,004] {dag.py:1833} INFO - Sync 1 DAGs
[2023-10-11 17:20:27,039] {logging_mixin.py:104} INFO - [2023-10-11 17:20:27,039] {dag.py:2306} INFO - Setting next_dagrun for example_short_circuit_operator to 2023-10-09 00:00:00+00:00
[2023-10-11 17:20:27,063] {scheduler_job.py:190} INFO - Processing /home/airflow/.local/lib/python3.6/site-packages/airflow/example_dags/example_short_circuit_operator.py took 0.141 seconds
[2023-10-11 17:20:57,901] {scheduler_job.py:182} INFO - Started process (PID=1519) to work on /home/airflow/.local/lib/python3.6/site-packages/airflow/example_dags/example_short_circuit_operator.py
[2023-10-11 17:20:57,902] {scheduler_job.py:633} INFO - Processing file /home/airflow/.local/lib/python3.6/site-packages/airflow/example_dags/example_short_circuit_operator.py for tasks to queue
[2023-10-11 17:20:57,903] {logging_mixin.py:104} INFO - [2023-10-11 17:20:57,903] {dagbag.py:496} INFO - Filling up the DagBag from /home/airflow/.local/lib/python3.6/site-packages/airflow/example_dags/example_short_circuit_operator.py
[2023-10-11 17:20:57,923] {scheduler_job.py:643} INFO - DAG(s) dict_keys(['example_short_circuit_operator']) retrieved from /home/airflow/.local/lib/python3.6/site-packages/airflow/example_dags/example_short_circuit_operator.py
[2023-10-11 17:20:57,947] {logging_mixin.py:104} INFO - [2023-10-11 17:20:57,946] {dag.py:1833} INFO - Sync 1 DAGs
[2023-10-11 17:20:57,962] {logging_mixin.py:104} INFO - [2023-10-11 17:20:57,962] {dag.py:2306} INFO - Setting next_dagrun for example_short_circuit_operator to 2023-10-09 00:00:00+00:00
[2023-10-11 17:20:57,974] {scheduler_job.py:190} INFO - Processing /home/airflow/.local/lib/python3.6/site-packages/airflow/example_dags/example_short_circuit_operator.py took 0.077 seconds
[2023-10-11 17:21:28,161] {scheduler_job.py:182} INFO - Started process (PID=1602) to work on /home/airflow/.local/lib/python3.6/site-packages/airflow/example_dags/example_short_circuit_operator.py
[2023-10-11 17:21:28,162] {scheduler_job.py:633} INFO - Processing file /home/airflow/.local/lib/python3.6/site-packages/airflow/example_dags/example_short_circuit_operator.py for tasks to queue
[2023-10-11 17:21:28,163] {logging_mixin.py:104} INFO - [2023-10-11 17:21:28,163] {dagbag.py:496} INFO - Filling up the DagBag from /home/airflow/.local/lib/python3.6/site-packages/airflow/example_dags/example_short_circuit_operator.py
[2023-10-11 17:21:28,179] {scheduler_job.py:643} INFO - DAG(s) dict_keys(['example_short_circuit_operator']) retrieved from /home/airflow/.local/lib/python3.6/site-packages/airflow/example_dags/example_short_circuit_operator.py
[2023-10-11 17:21:28,208] {logging_mixin.py:104} INFO - [2023-10-11 17:21:28,208] {dag.py:1833} INFO - Sync 1 DAGs
[2023-10-11 17:21:28,231] {logging_mixin.py:104} INFO - [2023-10-11 17:21:28,231] {dag.py:2306} INFO - Setting next_dagrun for example_short_circuit_operator to 2023-10-09 00:00:00+00:00
[2023-10-11 17:21:28,246] {scheduler_job.py:190} INFO - Processing /home/airflow/.local/lib/python3.6/site-packages/airflow/example_dags/example_short_circuit_operator.py took 0.088 seconds
[2023-10-11 17:21:59,241] {scheduler_job.py:182} INFO - Started process (PID=1684) to work on /home/airflow/.local/lib/python3.6/site-packages/airflow/example_dags/example_short_circuit_operator.py
[2023-10-11 17:21:59,242] {scheduler_job.py:633} INFO - Processing file /home/airflow/.local/lib/python3.6/site-packages/airflow/example_dags/example_short_circuit_operator.py for tasks to queue
[2023-10-11 17:21:59,243] {logging_mixin.py:104} INFO - [2023-10-11 17:21:59,243] {dagbag.py:496} INFO - Filling up the DagBag from /home/airflow/.local/lib/python3.6/site-packages/airflow/example_dags/example_short_circuit_operator.py
[2023-10-11 17:21:59,253] {scheduler_job.py:643} INFO - DAG(s) dict_keys(['example_short_circuit_operator']) retrieved from /home/airflow/.local/lib/python3.6/site-packages/airflow/example_dags/example_short_circuit_operator.py
[2023-10-11 17:21:59,274] {logging_mixin.py:104} INFO - [2023-10-11 17:21:59,274] {dag.py:1833} INFO - Sync 1 DAGs
[2023-10-11 17:21:59,290] {logging_mixin.py:104} INFO - [2023-10-11 17:21:59,290] {dag.py:2306} INFO - Setting next_dagrun for example_short_circuit_operator to 2023-10-09 00:00:00+00:00
[2023-10-11 17:21:59,302] {scheduler_job.py:190} INFO - Processing /home/airflow/.local/lib/python3.6/site-packages/airflow/example_dags/example_short_circuit_operator.py took 0.064 seconds
[2023-10-11 17:22:30,232] {scheduler_job.py:182} INFO - Started process (PID=1770) to work on /home/airflow/.local/lib/python3.6/site-packages/airflow/example_dags/example_short_circuit_operator.py
[2023-10-11 17:22:30,232] {scheduler_job.py:633} INFO - Processing file /home/airflow/.local/lib/python3.6/site-packages/airflow/example_dags/example_short_circuit_operator.py for tasks to queue
[2023-10-11 17:22:30,233] {logging_mixin.py:104} INFO - [2023-10-11 17:22:30,233] {dagbag.py:496} INFO - Filling up the DagBag from /home/airflow/.local/lib/python3.6/site-packages/airflow/example_dags/example_short_circuit_operator.py
[2023-10-11 17:22:30,242] {scheduler_job.py:643} INFO - DAG(s) dict_keys(['example_short_circuit_operator']) retrieved from /home/airflow/.local/lib/python3.6/site-packages/airflow/example_dags/example_short_circuit_operator.py
[2023-10-11 17:22:30,261] {logging_mixin.py:104} INFO - [2023-10-11 17:22:30,261] {dag.py:1833} INFO - Sync 1 DAGs
[2023-10-11 17:22:30,275] {logging_mixin.py:104} INFO - [2023-10-11 17:22:30,275] {dag.py:2306} INFO - Setting next_dagrun for example_short_circuit_operator to 2023-10-09 00:00:00+00:00
[2023-10-11 17:22:30,285] {scheduler_job.py:190} INFO - Processing /home/airflow/.local/lib/python3.6/site-packages/airflow/example_dags/example_short_circuit_operator.py took 0.055 seconds
[2023-10-11 17:23:01,015] {scheduler_job.py:182} INFO - Started process (PID=1844) to work on /home/airflow/.local/lib/python3.6/site-packages/airflow/example_dags/example_short_circuit_operator.py
[2023-10-11 17:23:01,016] {scheduler_job.py:633} INFO - Processing file /home/airflow/.local/lib/python3.6/site-packages/airflow/example_dags/example_short_circuit_operator.py for tasks to queue
[2023-10-11 17:23:01,017] {logging_mixin.py:104} INFO - [2023-10-11 17:23:01,017] {dagbag.py:496} INFO - Filling up the DagBag from /home/airflow/.local/lib/python3.6/site-packages/airflow/example_dags/example_short_circuit_operator.py
[2023-10-11 17:23:01,033] {scheduler_job.py:643} INFO - DAG(s) dict_keys(['example_short_circuit_operator']) retrieved from /home/airflow/.local/lib/python3.6/site-packages/airflow/example_dags/example_short_circuit_operator.py
[2023-10-11 17:23:01,067] {logging_mixin.py:104} INFO - [2023-10-11 17:23:01,067] {dag.py:1833} INFO - Sync 1 DAGs
[2023-10-11 17:23:01,094] {logging_mixin.py:104} INFO - [2023-10-11 17:23:01,093] {dag.py:2306} INFO - Setting next_dagrun for example_short_circuit_operator to 2023-10-09 00:00:00+00:00
[2023-10-11 17:23:01,111] {scheduler_job.py:190} INFO - Processing /home/airflow/.local/lib/python3.6/site-packages/airflow/example_dags/example_short_circuit_operator.py took 0.100 seconds
[2023-10-11 17:23:31,766] {scheduler_job.py:182} INFO - Started process (PID=1937) to work on /home/airflow/.local/lib/python3.6/site-packages/airflow/example_dags/example_short_circuit_operator.py
[2023-10-11 17:23:31,767] {scheduler_job.py:633} INFO - Processing file /home/airflow/.local/lib/python3.6/site-packages/airflow/example_dags/example_short_circuit_operator.py for tasks to queue
[2023-10-11 17:23:31,769] {logging_mixin.py:104} INFO - [2023-10-11 17:23:31,769] {dagbag.py:496} INFO - Filling up the DagBag from /home/airflow/.local/lib/python3.6/site-packages/airflow/example_dags/example_short_circuit_operator.py
[2023-10-11 17:23:31,791] {scheduler_job.py:643} INFO - DAG(s) dict_keys(['example_short_circuit_operator']) retrieved from /home/airflow/.local/lib/python3.6/site-packages/airflow/example_dags/example_short_circuit_operator.py
[2023-10-11 17:23:31,824] {logging_mixin.py:104} INFO - [2023-10-11 17:23:31,824] {dag.py:1833} INFO - Sync 1 DAGs
[2023-10-11 17:23:31,846] {logging_mixin.py:104} INFO - [2023-10-11 17:23:31,845] {dag.py:2306} INFO - Setting next_dagrun for example_short_circuit_operator to 2023-10-09 00:00:00+00:00
[2023-10-11 17:23:31,863] {scheduler_job.py:190} INFO - Processing /home/airflow/.local/lib/python3.6/site-packages/airflow/example_dags/example_short_circuit_operator.py took 0.101 seconds
[2023-10-11 17:24:02,076] {scheduler_job.py:182} INFO - Started process (PID=2011) to work on /home/airflow/.local/lib/python3.6/site-packages/airflow/example_dags/example_short_circuit_operator.py
[2023-10-11 17:24:02,078] {scheduler_job.py:633} INFO - Processing file /home/airflow/.local/lib/python3.6/site-packages/airflow/example_dags/example_short_circuit_operator.py for tasks to queue
[2023-10-11 17:24:02,079] {logging_mixin.py:104} INFO - [2023-10-11 17:24:02,079] {dagbag.py:496} INFO - Filling up the DagBag from /home/airflow/.local/lib/python3.6/site-packages/airflow/example_dags/example_short_circuit_operator.py
[2023-10-11 17:24:02,097] {scheduler_job.py:643} INFO - DAG(s) dict_keys(['example_short_circuit_operator']) retrieved from /home/airflow/.local/lib/python3.6/site-packages/airflow/example_dags/example_short_circuit_operator.py
[2023-10-11 17:24:02,127] {logging_mixin.py:104} INFO - [2023-10-11 17:24:02,127] {dag.py:1833} INFO - Sync 1 DAGs
[2023-10-11 17:24:02,144] {logging_mixin.py:104} INFO - [2023-10-11 17:24:02,143] {dag.py:2306} INFO - Setting next_dagrun for example_short_circuit_operator to 2023-10-09 00:00:00+00:00
[2023-10-11 17:24:02,157] {scheduler_job.py:190} INFO - Processing /home/airflow/.local/lib/python3.6/site-packages/airflow/example_dags/example_short_circuit_operator.py took 0.085 seconds
[2023-10-11 17:24:33,052] {scheduler_job.py:182} INFO - Started process (PID=2094) to work on /home/airflow/.local/lib/python3.6/site-packages/airflow/example_dags/example_short_circuit_operator.py
[2023-10-11 17:24:33,054] {scheduler_job.py:633} INFO - Processing file /home/airflow/.local/lib/python3.6/site-packages/airflow/example_dags/example_short_circuit_operator.py for tasks to queue
[2023-10-11 17:24:33,055] {logging_mixin.py:104} INFO - [2023-10-11 17:24:33,055] {dagbag.py:496} INFO - Filling up the DagBag from /home/airflow/.local/lib/python3.6/site-packages/airflow/example_dags/example_short_circuit_operator.py
[2023-10-11 17:24:33,072] {scheduler_job.py:643} INFO - DAG(s) dict_keys(['example_short_circuit_operator']) retrieved from /home/airflow/.local/lib/python3.6/site-packages/airflow/example_dags/example_short_circuit_operator.py
[2023-10-11 17:24:33,120] {logging_mixin.py:104} INFO - [2023-10-11 17:24:33,120] {dag.py:1833} INFO - Sync 1 DAGs
[2023-10-11 17:24:33,146] {logging_mixin.py:104} INFO - [2023-10-11 17:24:33,146] {dag.py:2306} INFO - Setting next_dagrun for example_short_circuit_operator to 2023-10-09 00:00:00+00:00
[2023-10-11 17:24:33,162] {scheduler_job.py:190} INFO - Processing /home/airflow/.local/lib/python3.6/site-packages/airflow/example_dags/example_short_circuit_operator.py took 0.113 seconds
[2023-10-11 17:25:03,420] {scheduler_job.py:182} INFO - Started process (PID=2182) to work on /home/airflow/.local/lib/python3.6/site-packages/airflow/example_dags/example_short_circuit_operator.py
[2023-10-11 17:25:03,421] {scheduler_job.py:633} INFO - Processing file /home/airflow/.local/lib/python3.6/site-packages/airflow/example_dags/example_short_circuit_operator.py for tasks to queue
[2023-10-11 17:25:03,423] {logging_mixin.py:104} INFO - [2023-10-11 17:25:03,423] {dagbag.py:496} INFO - Filling up the DagBag from /home/airflow/.local/lib/python3.6/site-packages/airflow/example_dags/example_short_circuit_operator.py
[2023-10-11 17:25:03,444] {scheduler_job.py:643} INFO - DAG(s) dict_keys(['example_short_circuit_operator']) retrieved from /home/airflow/.local/lib/python3.6/site-packages/airflow/example_dags/example_short_circuit_operator.py
[2023-10-11 17:25:03,479] {logging_mixin.py:104} INFO - [2023-10-11 17:25:03,479] {dag.py:1833} INFO - Sync 1 DAGs
[2023-10-11 17:25:03,505] {logging_mixin.py:104} INFO - [2023-10-11 17:25:03,505] {dag.py:2306} INFO - Setting next_dagrun for example_short_circuit_operator to 2023-10-09 00:00:00+00:00
[2023-10-11 17:25:03,522] {scheduler_job.py:190} INFO - Processing /home/airflow/.local/lib/python3.6/site-packages/airflow/example_dags/example_short_circuit_operator.py took 0.106 seconds
[2023-10-11 17:25:34,233] {scheduler_job.py:182} INFO - Started process (PID=2262) to work on /home/airflow/.local/lib/python3.6/site-packages/airflow/example_dags/example_short_circuit_operator.py
[2023-10-11 17:25:34,233] {scheduler_job.py:633} INFO - Processing file /home/airflow/.local/lib/python3.6/site-packages/airflow/example_dags/example_short_circuit_operator.py for tasks to queue
[2023-10-11 17:25:34,234] {logging_mixin.py:104} INFO - [2023-10-11 17:25:34,234] {dagbag.py:496} INFO - Filling up the DagBag from /home/airflow/.local/lib/python3.6/site-packages/airflow/example_dags/example_short_circuit_operator.py
[2023-10-11 17:25:34,246] {scheduler_job.py:643} INFO - DAG(s) dict_keys(['example_short_circuit_operator']) retrieved from /home/airflow/.local/lib/python3.6/site-packages/airflow/example_dags/example_short_circuit_operator.py
[2023-10-11 17:25:34,268] {logging_mixin.py:104} INFO - [2023-10-11 17:25:34,268] {dag.py:1833} INFO - Sync 1 DAGs
[2023-10-11 17:25:34,286] {logging_mixin.py:104} INFO - [2023-10-11 17:25:34,286] {dag.py:2306} INFO - Setting next_dagrun for example_short_circuit_operator to 2023-10-09 00:00:00+00:00
[2023-10-11 17:25:34,299] {scheduler_job.py:190} INFO - Processing /home/airflow/.local/lib/python3.6/site-packages/airflow/example_dags/example_short_circuit_operator.py took 0.069 seconds
[2023-10-11 17:26:04,616] {scheduler_job.py:182} INFO - Started process (PID=2356) to work on /home/airflow/.local/lib/python3.6/site-packages/airflow/example_dags/example_short_circuit_operator.py
[2023-10-11 17:26:04,617] {scheduler_job.py:633} INFO - Processing file /home/airflow/.local/lib/python3.6/site-packages/airflow/example_dags/example_short_circuit_operator.py for tasks to queue
[2023-10-11 17:26:04,618] {logging_mixin.py:104} INFO - [2023-10-11 17:26:04,618] {dagbag.py:496} INFO - Filling up the DagBag from /home/airflow/.local/lib/python3.6/site-packages/airflow/example_dags/example_short_circuit_operator.py
[2023-10-11 17:26:04,638] {scheduler_job.py:643} INFO - DAG(s) dict_keys(['example_short_circuit_operator']) retrieved from /home/airflow/.local/lib/python3.6/site-packages/airflow/example_dags/example_short_circuit_operator.py
[2023-10-11 17:26:04,670] {logging_mixin.py:104} INFO - [2023-10-11 17:26:04,669] {dag.py:1833} INFO - Sync 1 DAGs
[2023-10-11 17:26:04,709] {logging_mixin.py:104} INFO - [2023-10-11 17:26:04,709] {dag.py:2306} INFO - Setting next_dagrun for example_short_circuit_operator to 2023-10-09 00:00:00+00:00
[2023-10-11 17:26:04,759] {scheduler_job.py:190} INFO - Processing /home/airflow/.local/lib/python3.6/site-packages/airflow/example_dags/example_short_circuit_operator.py took 0.146 seconds
[2023-10-11 17:30:56,901] {scheduler_job.py:182} INFO - Started process (PID=101) to work on /home/airflow/.local/lib/python3.6/site-packages/airflow/example_dags/example_short_circuit_operator.py
[2023-10-11 17:30:56,903] {scheduler_job.py:633} INFO - Processing file /home/airflow/.local/lib/python3.6/site-packages/airflow/example_dags/example_short_circuit_operator.py for tasks to queue
[2023-10-11 17:30:56,905] {logging_mixin.py:104} INFO - [2023-10-11 17:30:56,904] {dagbag.py:496} INFO - Filling up the DagBag from /home/airflow/.local/lib/python3.6/site-packages/airflow/example_dags/example_short_circuit_operator.py
[2023-10-11 17:30:56,928] {scheduler_job.py:643} INFO - DAG(s) dict_keys(['example_short_circuit_operator']) retrieved from /home/airflow/.local/lib/python3.6/site-packages/airflow/example_dags/example_short_circuit_operator.py
[2023-10-11 17:30:56,981] {logging_mixin.py:104} INFO - [2023-10-11 17:30:56,981] {dag.py:1833} INFO - Sync 1 DAGs
[2023-10-11 17:30:57,026] {logging_mixin.py:104} INFO - [2023-10-11 17:30:57,025] {dag.py:2306} INFO - Setting next_dagrun for example_short_circuit_operator to 2023-10-09 00:00:00+00:00
[2023-10-11 17:30:57,052] {scheduler_job.py:190} INFO - Processing /home/airflow/.local/lib/python3.6/site-packages/airflow/example_dags/example_short_circuit_operator.py took 0.158 seconds
