[2023-10-11 13:59:55,251] {scheduler_job.py:182} INFO - Started process (PID=195) to work on /home/airflow/.local/lib/python3.6/site-packages/airflow/example_dags/example_latest_only_with_trigger.py
[2023-10-11 13:59:55,257] {scheduler_job.py:633} INFO - Processing file /home/airflow/.local/lib/python3.6/site-packages/airflow/example_dags/example_latest_only_with_trigger.py for tasks to queue
[2023-10-11 13:59:55,258] {logging_mixin.py:104} INFO - [2023-10-11 13:59:55,258] {dagbag.py:496} INFO - Filling up the DagBag from /home/airflow/.local/lib/python3.6/site-packages/airflow/example_dags/example_latest_only_with_trigger.py
[2023-10-11 13:59:55,297] {scheduler_job.py:643} INFO - DAG(s) dict_keys(['latest_only_with_trigger']) retrieved from /home/airflow/.local/lib/python3.6/site-packages/airflow/example_dags/example_latest_only_with_trigger.py
[2023-10-11 14:00:05,529] {logging_mixin.py:104} INFO - [2023-10-11 14:00:05,528] {dag.py:1833} INFO - Sync 1 DAGs
[2023-10-11 14:00:05,581] {logging_mixin.py:104} INFO - [2023-10-11 14:00:05,579] {dag.py:1852} INFO - Creating ORM DAG for latest_only_with_trigger
[2023-10-11 14:00:05,606] {logging_mixin.py:104} INFO - [2023-10-11 14:00:05,606] {dag.py:2306} INFO - Setting next_dagrun for latest_only_with_trigger to 2023-10-09 00:00:00+00:00
[2023-10-11 14:00:05,664] {scheduler_job.py:190} INFO - Processing /home/airflow/.local/lib/python3.6/site-packages/airflow/example_dags/example_latest_only_with_trigger.py took 10.420 seconds
[2023-10-11 17:11:57,667] {scheduler_job.py:182} INFO - Started process (PID=117) to work on /home/airflow/.local/lib/python3.6/site-packages/airflow/example_dags/example_latest_only_with_trigger.py
[2023-10-11 17:11:57,679] {scheduler_job.py:633} INFO - Processing file /home/airflow/.local/lib/python3.6/site-packages/airflow/example_dags/example_latest_only_with_trigger.py for tasks to queue
[2023-10-11 17:11:57,680] {logging_mixin.py:104} INFO - [2023-10-11 17:11:57,680] {dagbag.py:496} INFO - Filling up the DagBag from /home/airflow/.local/lib/python3.6/site-packages/airflow/example_dags/example_latest_only_with_trigger.py
[2023-10-11 17:11:57,706] {scheduler_job.py:643} INFO - DAG(s) dict_keys(['latest_only_with_trigger']) retrieved from /home/airflow/.local/lib/python3.6/site-packages/airflow/example_dags/example_latest_only_with_trigger.py
[2023-10-11 17:11:58,168] {logging_mixin.py:104} INFO - [2023-10-11 17:11:58,168] {dag.py:1833} INFO - Sync 1 DAGs
[2023-10-11 17:11:58,197] {logging_mixin.py:104} INFO - [2023-10-11 17:11:58,196] {dag.py:2306} INFO - Setting next_dagrun for latest_only_with_trigger to 2023-10-09 00:00:00+00:00
[2023-10-11 17:11:58,220] {scheduler_job.py:190} INFO - Processing /home/airflow/.local/lib/python3.6/site-packages/airflow/example_dags/example_latest_only_with_trigger.py took 0.556 seconds
[2023-10-11 17:12:28,461] {scheduler_job.py:182} INFO - Started process (PID=218) to work on /home/airflow/.local/lib/python3.6/site-packages/airflow/example_dags/example_latest_only_with_trigger.py
[2023-10-11 17:12:28,462] {scheduler_job.py:633} INFO - Processing file /home/airflow/.local/lib/python3.6/site-packages/airflow/example_dags/example_latest_only_with_trigger.py for tasks to queue
[2023-10-11 17:12:28,463] {logging_mixin.py:104} INFO - [2023-10-11 17:12:28,463] {dagbag.py:496} INFO - Filling up the DagBag from /home/airflow/.local/lib/python3.6/site-packages/airflow/example_dags/example_latest_only_with_trigger.py
[2023-10-11 17:12:28,480] {scheduler_job.py:643} INFO - DAG(s) dict_keys(['latest_only_with_trigger']) retrieved from /home/airflow/.local/lib/python3.6/site-packages/airflow/example_dags/example_latest_only_with_trigger.py
[2023-10-11 17:12:28,517] {logging_mixin.py:104} INFO - [2023-10-11 17:12:28,517] {dag.py:1833} INFO - Sync 1 DAGs
[2023-10-11 17:12:28,545] {logging_mixin.py:104} INFO - [2023-10-11 17:12:28,545] {dag.py:2306} INFO - Setting next_dagrun for latest_only_with_trigger to 2023-10-09 00:00:00+00:00
[2023-10-11 17:12:28,568] {scheduler_job.py:190} INFO - Processing /home/airflow/.local/lib/python3.6/site-packages/airflow/example_dags/example_latest_only_with_trigger.py took 0.111 seconds
[2023-10-11 17:12:58,903] {scheduler_job.py:182} INFO - Started process (PID=292) to work on /home/airflow/.local/lib/python3.6/site-packages/airflow/example_dags/example_latest_only_with_trigger.py
[2023-10-11 17:12:58,905] {scheduler_job.py:633} INFO - Processing file /home/airflow/.local/lib/python3.6/site-packages/airflow/example_dags/example_latest_only_with_trigger.py for tasks to queue
[2023-10-11 17:12:58,906] {logging_mixin.py:104} INFO - [2023-10-11 17:12:58,905] {dagbag.py:496} INFO - Filling up the DagBag from /home/airflow/.local/lib/python3.6/site-packages/airflow/example_dags/example_latest_only_with_trigger.py
[2023-10-11 17:12:58,921] {scheduler_job.py:643} INFO - DAG(s) dict_keys(['latest_only_with_trigger']) retrieved from /home/airflow/.local/lib/python3.6/site-packages/airflow/example_dags/example_latest_only_with_trigger.py
[2023-10-11 17:12:58,949] {logging_mixin.py:104} INFO - [2023-10-11 17:12:58,949] {dag.py:1833} INFO - Sync 1 DAGs
[2023-10-11 17:12:58,967] {logging_mixin.py:104} INFO - [2023-10-11 17:12:58,967] {dag.py:2306} INFO - Setting next_dagrun for latest_only_with_trigger to 2023-10-09 00:00:00+00:00
[2023-10-11 17:12:58,981] {scheduler_job.py:190} INFO - Processing /home/airflow/.local/lib/python3.6/site-packages/airflow/example_dags/example_latest_only_with_trigger.py took 0.082 seconds
[2023-10-11 17:13:30,474] {scheduler_job.py:182} INFO - Started process (PID=384) to work on /home/airflow/.local/lib/python3.6/site-packages/airflow/example_dags/example_latest_only_with_trigger.py
[2023-10-11 17:13:30,475] {scheduler_job.py:633} INFO - Processing file /home/airflow/.local/lib/python3.6/site-packages/airflow/example_dags/example_latest_only_with_trigger.py for tasks to queue
[2023-10-11 17:13:30,476] {logging_mixin.py:104} INFO - [2023-10-11 17:13:30,476] {dagbag.py:496} INFO - Filling up the DagBag from /home/airflow/.local/lib/python3.6/site-packages/airflow/example_dags/example_latest_only_with_trigger.py
[2023-10-11 17:13:30,494] {scheduler_job.py:643} INFO - DAG(s) dict_keys(['latest_only_with_trigger']) retrieved from /home/airflow/.local/lib/python3.6/site-packages/airflow/example_dags/example_latest_only_with_trigger.py
[2023-10-11 17:13:30,525] {logging_mixin.py:104} INFO - [2023-10-11 17:13:30,525] {dag.py:1833} INFO - Sync 1 DAGs
[2023-10-11 17:13:30,546] {logging_mixin.py:104} INFO - [2023-10-11 17:13:30,546] {dag.py:2306} INFO - Setting next_dagrun for latest_only_with_trigger to 2023-10-09 00:00:00+00:00
[2023-10-11 17:13:30,559] {scheduler_job.py:190} INFO - Processing /home/airflow/.local/lib/python3.6/site-packages/airflow/example_dags/example_latest_only_with_trigger.py took 0.089 seconds
[2023-10-11 17:14:01,556] {scheduler_job.py:182} INFO - Started process (PID=448) to work on /home/airflow/.local/lib/python3.6/site-packages/airflow/example_dags/example_latest_only_with_trigger.py
[2023-10-11 17:14:01,559] {scheduler_job.py:633} INFO - Processing file /home/airflow/.local/lib/python3.6/site-packages/airflow/example_dags/example_latest_only_with_trigger.py for tasks to queue
[2023-10-11 17:14:01,560] {logging_mixin.py:104} INFO - [2023-10-11 17:14:01,560] {dagbag.py:496} INFO - Filling up the DagBag from /home/airflow/.local/lib/python3.6/site-packages/airflow/example_dags/example_latest_only_with_trigger.py
[2023-10-11 17:14:01,579] {scheduler_job.py:643} INFO - DAG(s) dict_keys(['latest_only_with_trigger']) retrieved from /home/airflow/.local/lib/python3.6/site-packages/airflow/example_dags/example_latest_only_with_trigger.py
[2023-10-11 17:14:01,629] {logging_mixin.py:104} INFO - [2023-10-11 17:14:01,628] {dag.py:1833} INFO - Sync 1 DAGs
[2023-10-11 17:14:01,656] {logging_mixin.py:104} INFO - [2023-10-11 17:14:01,655] {dag.py:2306} INFO - Setting next_dagrun for latest_only_with_trigger to 2023-10-09 00:00:00+00:00
[2023-10-11 17:14:01,673] {scheduler_job.py:190} INFO - Processing /home/airflow/.local/lib/python3.6/site-packages/airflow/example_dags/example_latest_only_with_trigger.py took 0.122 seconds
[2023-10-11 17:14:31,805] {scheduler_job.py:182} INFO - Started process (PID=519) to work on /home/airflow/.local/lib/python3.6/site-packages/airflow/example_dags/example_latest_only_with_trigger.py
[2023-10-11 17:14:31,806] {scheduler_job.py:633} INFO - Processing file /home/airflow/.local/lib/python3.6/site-packages/airflow/example_dags/example_latest_only_with_trigger.py for tasks to queue
[2023-10-11 17:14:31,807] {logging_mixin.py:104} INFO - [2023-10-11 17:14:31,807] {dagbag.py:496} INFO - Filling up the DagBag from /home/airflow/.local/lib/python3.6/site-packages/airflow/example_dags/example_latest_only_with_trigger.py
[2023-10-11 17:14:31,816] {scheduler_job.py:643} INFO - DAG(s) dict_keys(['latest_only_with_trigger']) retrieved from /home/airflow/.local/lib/python3.6/site-packages/airflow/example_dags/example_latest_only_with_trigger.py
[2023-10-11 17:14:31,837] {logging_mixin.py:104} INFO - [2023-10-11 17:14:31,837] {dag.py:1833} INFO - Sync 1 DAGs
[2023-10-11 17:14:31,851] {logging_mixin.py:104} INFO - [2023-10-11 17:14:31,851] {dag.py:2306} INFO - Setting next_dagrun for latest_only_with_trigger to 2023-10-09 00:00:00+00:00
[2023-10-11 17:14:31,862] {scheduler_job.py:190} INFO - Processing /home/airflow/.local/lib/python3.6/site-packages/airflow/example_dags/example_latest_only_with_trigger.py took 0.059 seconds
[2023-10-11 17:15:02,234] {scheduler_job.py:182} INFO - Started process (PID=603) to work on /home/airflow/.local/lib/python3.6/site-packages/airflow/example_dags/example_latest_only_with_trigger.py
[2023-10-11 17:15:02,245] {scheduler_job.py:633} INFO - Processing file /home/airflow/.local/lib/python3.6/site-packages/airflow/example_dags/example_latest_only_with_trigger.py for tasks to queue
[2023-10-11 17:15:02,246] {logging_mixin.py:104} INFO - [2023-10-11 17:15:02,246] {dagbag.py:496} INFO - Filling up the DagBag from /home/airflow/.local/lib/python3.6/site-packages/airflow/example_dags/example_latest_only_with_trigger.py
[2023-10-11 17:15:02,267] {scheduler_job.py:643} INFO - DAG(s) dict_keys(['latest_only_with_trigger']) retrieved from /home/airflow/.local/lib/python3.6/site-packages/airflow/example_dags/example_latest_only_with_trigger.py
[2023-10-11 17:15:02,305] {logging_mixin.py:104} INFO - [2023-10-11 17:15:02,305] {dag.py:1833} INFO - Sync 1 DAGs
[2023-10-11 17:15:02,328] {logging_mixin.py:104} INFO - [2023-10-11 17:15:02,328] {dag.py:2306} INFO - Setting next_dagrun for latest_only_with_trigger to 2023-10-09 00:00:00+00:00
[2023-10-11 17:15:02,346] {scheduler_job.py:190} INFO - Processing /home/airflow/.local/lib/python3.6/site-packages/airflow/example_dags/example_latest_only_with_trigger.py took 0.115 seconds
[2023-10-11 17:15:33,050] {scheduler_job.py:182} INFO - Started process (PID=686) to work on /home/airflow/.local/lib/python3.6/site-packages/airflow/example_dags/example_latest_only_with_trigger.py
[2023-10-11 17:15:33,051] {scheduler_job.py:633} INFO - Processing file /home/airflow/.local/lib/python3.6/site-packages/airflow/example_dags/example_latest_only_with_trigger.py for tasks to queue
[2023-10-11 17:15:33,052] {logging_mixin.py:104} INFO - [2023-10-11 17:15:33,051] {dagbag.py:496} INFO - Filling up the DagBag from /home/airflow/.local/lib/python3.6/site-packages/airflow/example_dags/example_latest_only_with_trigger.py
[2023-10-11 17:15:33,064] {scheduler_job.py:643} INFO - DAG(s) dict_keys(['latest_only_with_trigger']) retrieved from /home/airflow/.local/lib/python3.6/site-packages/airflow/example_dags/example_latest_only_with_trigger.py
[2023-10-11 17:15:33,086] {logging_mixin.py:104} INFO - [2023-10-11 17:15:33,085] {dag.py:1833} INFO - Sync 1 DAGs
[2023-10-11 17:15:33,101] {logging_mixin.py:104} INFO - [2023-10-11 17:15:33,101] {dag.py:2306} INFO - Setting next_dagrun for latest_only_with_trigger to 2023-10-09 00:00:00+00:00
[2023-10-11 17:15:33,112] {scheduler_job.py:190} INFO - Processing /home/airflow/.local/lib/python3.6/site-packages/airflow/example_dags/example_latest_only_with_trigger.py took 0.066 seconds
[2023-10-11 17:16:04,086] {scheduler_job.py:182} INFO - Started process (PID=765) to work on /home/airflow/.local/lib/python3.6/site-packages/airflow/example_dags/example_latest_only_with_trigger.py
[2023-10-11 17:16:04,088] {scheduler_job.py:633} INFO - Processing file /home/airflow/.local/lib/python3.6/site-packages/airflow/example_dags/example_latest_only_with_trigger.py for tasks to queue
[2023-10-11 17:16:04,091] {logging_mixin.py:104} INFO - [2023-10-11 17:16:04,091] {dagbag.py:496} INFO - Filling up the DagBag from /home/airflow/.local/lib/python3.6/site-packages/airflow/example_dags/example_latest_only_with_trigger.py
[2023-10-11 17:16:04,109] {scheduler_job.py:643} INFO - DAG(s) dict_keys(['latest_only_with_trigger']) retrieved from /home/airflow/.local/lib/python3.6/site-packages/airflow/example_dags/example_latest_only_with_trigger.py
[2023-10-11 17:16:04,139] {logging_mixin.py:104} INFO - [2023-10-11 17:16:04,139] {dag.py:1833} INFO - Sync 1 DAGs
[2023-10-11 17:16:04,163] {logging_mixin.py:104} INFO - [2023-10-11 17:16:04,163] {dag.py:2306} INFO - Setting next_dagrun for latest_only_with_trigger to 2023-10-09 00:00:00+00:00
[2023-10-11 17:16:04,179] {scheduler_job.py:190} INFO - Processing /home/airflow/.local/lib/python3.6/site-packages/airflow/example_dags/example_latest_only_with_trigger.py took 0.096 seconds
[2023-10-11 17:16:34,719] {scheduler_job.py:182} INFO - Started process (PID=854) to work on /home/airflow/.local/lib/python3.6/site-packages/airflow/example_dags/example_latest_only_with_trigger.py
[2023-10-11 17:16:34,721] {scheduler_job.py:633} INFO - Processing file /home/airflow/.local/lib/python3.6/site-packages/airflow/example_dags/example_latest_only_with_trigger.py for tasks to queue
[2023-10-11 17:16:34,722] {logging_mixin.py:104} INFO - [2023-10-11 17:16:34,722] {dagbag.py:496} INFO - Filling up the DagBag from /home/airflow/.local/lib/python3.6/site-packages/airflow/example_dags/example_latest_only_with_trigger.py
[2023-10-11 17:16:34,740] {scheduler_job.py:643} INFO - DAG(s) dict_keys(['latest_only_with_trigger']) retrieved from /home/airflow/.local/lib/python3.6/site-packages/airflow/example_dags/example_latest_only_with_trigger.py
[2023-10-11 17:16:34,775] {logging_mixin.py:104} INFO - [2023-10-11 17:16:34,775] {dag.py:1833} INFO - Sync 1 DAGs
[2023-10-11 17:16:34,798] {logging_mixin.py:104} INFO - [2023-10-11 17:16:34,798] {dag.py:2306} INFO - Setting next_dagrun for latest_only_with_trigger to 2023-10-09 00:00:00+00:00
[2023-10-11 17:16:34,815] {scheduler_job.py:190} INFO - Processing /home/airflow/.local/lib/python3.6/site-packages/airflow/example_dags/example_latest_only_with_trigger.py took 0.098 seconds
[2023-10-11 17:17:05,645] {scheduler_job.py:182} INFO - Started process (PID=937) to work on /home/airflow/.local/lib/python3.6/site-packages/airflow/example_dags/example_latest_only_with_trigger.py
[2023-10-11 17:17:05,647] {scheduler_job.py:633} INFO - Processing file /home/airflow/.local/lib/python3.6/site-packages/airflow/example_dags/example_latest_only_with_trigger.py for tasks to queue
[2023-10-11 17:17:05,650] {logging_mixin.py:104} INFO - [2023-10-11 17:17:05,649] {dagbag.py:496} INFO - Filling up the DagBag from /home/airflow/.local/lib/python3.6/site-packages/airflow/example_dags/example_latest_only_with_trigger.py
[2023-10-11 17:17:05,676] {scheduler_job.py:643} INFO - DAG(s) dict_keys(['latest_only_with_trigger']) retrieved from /home/airflow/.local/lib/python3.6/site-packages/airflow/example_dags/example_latest_only_with_trigger.py
[2023-10-11 17:17:05,716] {logging_mixin.py:104} INFO - [2023-10-11 17:17:05,716] {dag.py:1833} INFO - Sync 1 DAGs
[2023-10-11 17:17:05,744] {logging_mixin.py:104} INFO - [2023-10-11 17:17:05,743] {dag.py:2306} INFO - Setting next_dagrun for latest_only_with_trigger to 2023-10-09 00:00:00+00:00
[2023-10-11 17:17:05,774] {scheduler_job.py:190} INFO - Processing /home/airflow/.local/lib/python3.6/site-packages/airflow/example_dags/example_latest_only_with_trigger.py took 0.133 seconds
[2023-10-11 17:17:36,038] {scheduler_job.py:182} INFO - Started process (PID=1012) to work on /home/airflow/.local/lib/python3.6/site-packages/airflow/example_dags/example_latest_only_with_trigger.py
[2023-10-11 17:17:36,039] {scheduler_job.py:633} INFO - Processing file /home/airflow/.local/lib/python3.6/site-packages/airflow/example_dags/example_latest_only_with_trigger.py for tasks to queue
[2023-10-11 17:17:36,040] {logging_mixin.py:104} INFO - [2023-10-11 17:17:36,040] {dagbag.py:496} INFO - Filling up the DagBag from /home/airflow/.local/lib/python3.6/site-packages/airflow/example_dags/example_latest_only_with_trigger.py
[2023-10-11 17:17:36,049] {scheduler_job.py:643} INFO - DAG(s) dict_keys(['latest_only_with_trigger']) retrieved from /home/airflow/.local/lib/python3.6/site-packages/airflow/example_dags/example_latest_only_with_trigger.py
[2023-10-11 17:17:36,069] {logging_mixin.py:104} INFO - [2023-10-11 17:17:36,069] {dag.py:1833} INFO - Sync 1 DAGs
[2023-10-11 17:17:36,084] {logging_mixin.py:104} INFO - [2023-10-11 17:17:36,083] {dag.py:2306} INFO - Setting next_dagrun for latest_only_with_trigger to 2023-10-09 00:00:00+00:00
[2023-10-11 17:17:36,095] {scheduler_job.py:190} INFO - Processing /home/airflow/.local/lib/python3.6/site-packages/airflow/example_dags/example_latest_only_with_trigger.py took 0.058 seconds
[2023-10-11 17:18:06,363] {scheduler_job.py:182} INFO - Started process (PID=1105) to work on /home/airflow/.local/lib/python3.6/site-packages/airflow/example_dags/example_latest_only_with_trigger.py
[2023-10-11 17:18:06,364] {scheduler_job.py:633} INFO - Processing file /home/airflow/.local/lib/python3.6/site-packages/airflow/example_dags/example_latest_only_with_trigger.py for tasks to queue
[2023-10-11 17:18:06,366] {logging_mixin.py:104} INFO - [2023-10-11 17:18:06,366] {dagbag.py:496} INFO - Filling up the DagBag from /home/airflow/.local/lib/python3.6/site-packages/airflow/example_dags/example_latest_only_with_trigger.py
[2023-10-11 17:18:06,387] {scheduler_job.py:643} INFO - DAG(s) dict_keys(['latest_only_with_trigger']) retrieved from /home/airflow/.local/lib/python3.6/site-packages/airflow/example_dags/example_latest_only_with_trigger.py
[2023-10-11 17:18:06,426] {logging_mixin.py:104} INFO - [2023-10-11 17:18:06,426] {dag.py:1833} INFO - Sync 1 DAGs
[2023-10-11 17:18:06,451] {logging_mixin.py:104} INFO - [2023-10-11 17:18:06,451] {dag.py:2306} INFO - Setting next_dagrun for latest_only_with_trigger to 2023-10-09 00:00:00+00:00
[2023-10-11 17:18:06,469] {scheduler_job.py:190} INFO - Processing /home/airflow/.local/lib/python3.6/site-packages/airflow/example_dags/example_latest_only_with_trigger.py took 0.110 seconds
[2023-10-11 17:18:37,145] {scheduler_job.py:182} INFO - Started process (PID=1180) to work on /home/airflow/.local/lib/python3.6/site-packages/airflow/example_dags/example_latest_only_with_trigger.py
[2023-10-11 17:18:37,148] {scheduler_job.py:633} INFO - Processing file /home/airflow/.local/lib/python3.6/site-packages/airflow/example_dags/example_latest_only_with_trigger.py for tasks to queue
[2023-10-11 17:18:37,154] {logging_mixin.py:104} INFO - [2023-10-11 17:18:37,154] {dagbag.py:496} INFO - Filling up the DagBag from /home/airflow/.local/lib/python3.6/site-packages/airflow/example_dags/example_latest_only_with_trigger.py
[2023-10-11 17:18:37,196] {scheduler_job.py:643} INFO - DAG(s) dict_keys(['latest_only_with_trigger']) retrieved from /home/airflow/.local/lib/python3.6/site-packages/airflow/example_dags/example_latest_only_with_trigger.py
[2023-10-11 17:18:37,263] {logging_mixin.py:104} INFO - [2023-10-11 17:18:37,262] {dag.py:1833} INFO - Sync 1 DAGs
[2023-10-11 17:18:37,339] {logging_mixin.py:104} INFO - [2023-10-11 17:18:37,339] {dag.py:2306} INFO - Setting next_dagrun for latest_only_with_trigger to 2023-10-09 00:00:00+00:00
[2023-10-11 17:18:37,398] {scheduler_job.py:190} INFO - Processing /home/airflow/.local/lib/python3.6/site-packages/airflow/example_dags/example_latest_only_with_trigger.py took 0.262 seconds
[2023-10-11 17:19:08,452] {scheduler_job.py:182} INFO - Started process (PID=1261) to work on /home/airflow/.local/lib/python3.6/site-packages/airflow/example_dags/example_latest_only_with_trigger.py
[2023-10-11 17:19:08,453] {scheduler_job.py:633} INFO - Processing file /home/airflow/.local/lib/python3.6/site-packages/airflow/example_dags/example_latest_only_with_trigger.py for tasks to queue
[2023-10-11 17:19:08,454] {logging_mixin.py:104} INFO - [2023-10-11 17:19:08,454] {dagbag.py:496} INFO - Filling up the DagBag from /home/airflow/.local/lib/python3.6/site-packages/airflow/example_dags/example_latest_only_with_trigger.py
[2023-10-11 17:19:08,483] {scheduler_job.py:643} INFO - DAG(s) dict_keys(['latest_only_with_trigger']) retrieved from /home/airflow/.local/lib/python3.6/site-packages/airflow/example_dags/example_latest_only_with_trigger.py
[2023-10-11 17:19:08,525] {logging_mixin.py:104} INFO - [2023-10-11 17:19:08,525] {dag.py:1833} INFO - Sync 1 DAGs
[2023-10-11 17:19:08,550] {logging_mixin.py:104} INFO - [2023-10-11 17:19:08,550] {dag.py:2306} INFO - Setting next_dagrun for latest_only_with_trigger to 2023-10-09 00:00:00+00:00
[2023-10-11 17:19:08,566] {scheduler_job.py:190} INFO - Processing /home/airflow/.local/lib/python3.6/site-packages/airflow/example_dags/example_latest_only_with_trigger.py took 0.119 seconds
[2023-10-11 17:19:39,224] {scheduler_job.py:182} INFO - Started process (PID=1335) to work on /home/airflow/.local/lib/python3.6/site-packages/airflow/example_dags/example_latest_only_with_trigger.py
[2023-10-11 17:19:39,225] {scheduler_job.py:633} INFO - Processing file /home/airflow/.local/lib/python3.6/site-packages/airflow/example_dags/example_latest_only_with_trigger.py for tasks to queue
[2023-10-11 17:19:39,226] {logging_mixin.py:104} INFO - [2023-10-11 17:19:39,225] {dagbag.py:496} INFO - Filling up the DagBag from /home/airflow/.local/lib/python3.6/site-packages/airflow/example_dags/example_latest_only_with_trigger.py
[2023-10-11 17:19:39,237] {scheduler_job.py:643} INFO - DAG(s) dict_keys(['latest_only_with_trigger']) retrieved from /home/airflow/.local/lib/python3.6/site-packages/airflow/example_dags/example_latest_only_with_trigger.py
[2023-10-11 17:19:39,262] {logging_mixin.py:104} INFO - [2023-10-11 17:19:39,262] {dag.py:1833} INFO - Sync 1 DAGs
[2023-10-11 17:19:39,298] {logging_mixin.py:104} INFO - [2023-10-11 17:19:39,298] {dag.py:2306} INFO - Setting next_dagrun for latest_only_with_trigger to 2023-10-09 00:00:00+00:00
[2023-10-11 17:19:39,324] {scheduler_job.py:190} INFO - Processing /home/airflow/.local/lib/python3.6/site-packages/airflow/example_dags/example_latest_only_with_trigger.py took 0.103 seconds
[2023-10-11 17:20:09,429] {scheduler_job.py:182} INFO - Started process (PID=1419) to work on /home/airflow/.local/lib/python3.6/site-packages/airflow/example_dags/example_latest_only_with_trigger.py
[2023-10-11 17:20:09,430] {scheduler_job.py:633} INFO - Processing file /home/airflow/.local/lib/python3.6/site-packages/airflow/example_dags/example_latest_only_with_trigger.py for tasks to queue
[2023-10-11 17:20:09,432] {logging_mixin.py:104} INFO - [2023-10-11 17:20:09,432] {dagbag.py:496} INFO - Filling up the DagBag from /home/airflow/.local/lib/python3.6/site-packages/airflow/example_dags/example_latest_only_with_trigger.py
[2023-10-11 17:20:09,452] {scheduler_job.py:643} INFO - DAG(s) dict_keys(['latest_only_with_trigger']) retrieved from /home/airflow/.local/lib/python3.6/site-packages/airflow/example_dags/example_latest_only_with_trigger.py
[2023-10-11 17:20:09,499] {logging_mixin.py:104} INFO - [2023-10-11 17:20:09,499] {dag.py:1833} INFO - Sync 1 DAGs
[2023-10-11 17:20:09,528] {logging_mixin.py:104} INFO - [2023-10-11 17:20:09,528] {dag.py:2306} INFO - Setting next_dagrun for latest_only_with_trigger to 2023-10-09 00:00:00+00:00
[2023-10-11 17:20:09,550] {scheduler_job.py:190} INFO - Processing /home/airflow/.local/lib/python3.6/site-packages/airflow/example_dags/example_latest_only_with_trigger.py took 0.127 seconds
[2023-10-11 17:20:40,237] {scheduler_job.py:182} INFO - Started process (PID=1503) to work on /home/airflow/.local/lib/python3.6/site-packages/airflow/example_dags/example_latest_only_with_trigger.py
[2023-10-11 17:20:40,241] {scheduler_job.py:633} INFO - Processing file /home/airflow/.local/lib/python3.6/site-packages/airflow/example_dags/example_latest_only_with_trigger.py for tasks to queue
[2023-10-11 17:20:40,243] {logging_mixin.py:104} INFO - [2023-10-11 17:20:40,243] {dagbag.py:496} INFO - Filling up the DagBag from /home/airflow/.local/lib/python3.6/site-packages/airflow/example_dags/example_latest_only_with_trigger.py
[2023-10-11 17:20:40,267] {scheduler_job.py:643} INFO - DAG(s) dict_keys(['latest_only_with_trigger']) retrieved from /home/airflow/.local/lib/python3.6/site-packages/airflow/example_dags/example_latest_only_with_trigger.py
[2023-10-11 17:20:40,306] {logging_mixin.py:104} INFO - [2023-10-11 17:20:40,306] {dag.py:1833} INFO - Sync 1 DAGs
[2023-10-11 17:20:40,344] {logging_mixin.py:104} INFO - [2023-10-11 17:20:40,344] {dag.py:2306} INFO - Setting next_dagrun for latest_only_with_trigger to 2023-10-09 00:00:00+00:00
[2023-10-11 17:20:40,367] {scheduler_job.py:190} INFO - Processing /home/airflow/.local/lib/python3.6/site-packages/airflow/example_dags/example_latest_only_with_trigger.py took 0.134 seconds
[2023-10-11 17:21:10,705] {scheduler_job.py:182} INFO - Started process (PID=1587) to work on /home/airflow/.local/lib/python3.6/site-packages/airflow/example_dags/example_latest_only_with_trigger.py
[2023-10-11 17:21:10,707] {scheduler_job.py:633} INFO - Processing file /home/airflow/.local/lib/python3.6/site-packages/airflow/example_dags/example_latest_only_with_trigger.py for tasks to queue
[2023-10-11 17:21:10,707] {logging_mixin.py:104} INFO - [2023-10-11 17:21:10,707] {dagbag.py:496} INFO - Filling up the DagBag from /home/airflow/.local/lib/python3.6/site-packages/airflow/example_dags/example_latest_only_with_trigger.py
[2023-10-11 17:21:10,718] {scheduler_job.py:643} INFO - DAG(s) dict_keys(['latest_only_with_trigger']) retrieved from /home/airflow/.local/lib/python3.6/site-packages/airflow/example_dags/example_latest_only_with_trigger.py
[2023-10-11 17:21:10,747] {logging_mixin.py:104} INFO - [2023-10-11 17:21:10,747] {dag.py:1833} INFO - Sync 1 DAGs
[2023-10-11 17:21:10,765] {logging_mixin.py:104} INFO - [2023-10-11 17:21:10,765] {dag.py:2306} INFO - Setting next_dagrun for latest_only_with_trigger to 2023-10-09 00:00:00+00:00
[2023-10-11 17:21:10,783] {scheduler_job.py:190} INFO - Processing /home/airflow/.local/lib/python3.6/site-packages/airflow/example_dags/example_latest_only_with_trigger.py took 0.081 seconds
[2023-10-11 17:21:41,872] {scheduler_job.py:182} INFO - Started process (PID=1662) to work on /home/airflow/.local/lib/python3.6/site-packages/airflow/example_dags/example_latest_only_with_trigger.py
[2023-10-11 17:21:41,874] {scheduler_job.py:633} INFO - Processing file /home/airflow/.local/lib/python3.6/site-packages/airflow/example_dags/example_latest_only_with_trigger.py for tasks to queue
[2023-10-11 17:21:41,875] {logging_mixin.py:104} INFO - [2023-10-11 17:21:41,874] {dagbag.py:496} INFO - Filling up the DagBag from /home/airflow/.local/lib/python3.6/site-packages/airflow/example_dags/example_latest_only_with_trigger.py
[2023-10-11 17:21:41,892] {scheduler_job.py:643} INFO - DAG(s) dict_keys(['latest_only_with_trigger']) retrieved from /home/airflow/.local/lib/python3.6/site-packages/airflow/example_dags/example_latest_only_with_trigger.py
[2023-10-11 17:21:41,925] {logging_mixin.py:104} INFO - [2023-10-11 17:21:41,925] {dag.py:1833} INFO - Sync 1 DAGs
[2023-10-11 17:21:41,949] {logging_mixin.py:104} INFO - [2023-10-11 17:21:41,949] {dag.py:2306} INFO - Setting next_dagrun for latest_only_with_trigger to 2023-10-09 00:00:00+00:00
[2023-10-11 17:21:41,962] {scheduler_job.py:190} INFO - Processing /home/airflow/.local/lib/python3.6/site-packages/airflow/example_dags/example_latest_only_with_trigger.py took 0.093 seconds
[2023-10-11 17:22:12,768] {scheduler_job.py:182} INFO - Started process (PID=1756) to work on /home/airflow/.local/lib/python3.6/site-packages/airflow/example_dags/example_latest_only_with_trigger.py
[2023-10-11 17:22:12,769] {scheduler_job.py:633} INFO - Processing file /home/airflow/.local/lib/python3.6/site-packages/airflow/example_dags/example_latest_only_with_trigger.py for tasks to queue
[2023-10-11 17:22:12,771] {logging_mixin.py:104} INFO - [2023-10-11 17:22:12,771] {dagbag.py:496} INFO - Filling up the DagBag from /home/airflow/.local/lib/python3.6/site-packages/airflow/example_dags/example_latest_only_with_trigger.py
[2023-10-11 17:22:12,789] {scheduler_job.py:643} INFO - DAG(s) dict_keys(['latest_only_with_trigger']) retrieved from /home/airflow/.local/lib/python3.6/site-packages/airflow/example_dags/example_latest_only_with_trigger.py
[2023-10-11 17:22:12,815] {logging_mixin.py:104} INFO - [2023-10-11 17:22:12,815] {dag.py:1833} INFO - Sync 1 DAGs
[2023-10-11 17:22:12,842] {logging_mixin.py:104} INFO - [2023-10-11 17:22:12,841] {dag.py:2306} INFO - Setting next_dagrun for latest_only_with_trigger to 2023-10-09 00:00:00+00:00
[2023-10-11 17:22:12,860] {scheduler_job.py:190} INFO - Processing /home/airflow/.local/lib/python3.6/site-packages/airflow/example_dags/example_latest_only_with_trigger.py took 0.096 seconds
[2023-10-11 17:22:43,557] {scheduler_job.py:182} INFO - Started process (PID=1829) to work on /home/airflow/.local/lib/python3.6/site-packages/airflow/example_dags/example_latest_only_with_trigger.py
[2023-10-11 17:22:43,559] {scheduler_job.py:633} INFO - Processing file /home/airflow/.local/lib/python3.6/site-packages/airflow/example_dags/example_latest_only_with_trigger.py for tasks to queue
[2023-10-11 17:22:43,560] {logging_mixin.py:104} INFO - [2023-10-11 17:22:43,559] {dagbag.py:496} INFO - Filling up the DagBag from /home/airflow/.local/lib/python3.6/site-packages/airflow/example_dags/example_latest_only_with_trigger.py
[2023-10-11 17:22:43,574] {scheduler_job.py:643} INFO - DAG(s) dict_keys(['latest_only_with_trigger']) retrieved from /home/airflow/.local/lib/python3.6/site-packages/airflow/example_dags/example_latest_only_with_trigger.py
[2023-10-11 17:22:43,603] {logging_mixin.py:104} INFO - [2023-10-11 17:22:43,603] {dag.py:1833} INFO - Sync 1 DAGs
[2023-10-11 17:22:43,624] {logging_mixin.py:104} INFO - [2023-10-11 17:22:43,624] {dag.py:2306} INFO - Setting next_dagrun for latest_only_with_trigger to 2023-10-09 00:00:00+00:00
[2023-10-11 17:22:43,640] {scheduler_job.py:190} INFO - Processing /home/airflow/.local/lib/python3.6/site-packages/airflow/example_dags/example_latest_only_with_trigger.py took 0.085 seconds
[2023-10-11 17:23:15,274] {scheduler_job.py:182} INFO - Started process (PID=1913) to work on /home/airflow/.local/lib/python3.6/site-packages/airflow/example_dags/example_latest_only_with_trigger.py
[2023-10-11 17:23:15,275] {scheduler_job.py:633} INFO - Processing file /home/airflow/.local/lib/python3.6/site-packages/airflow/example_dags/example_latest_only_with_trigger.py for tasks to queue
[2023-10-11 17:23:15,276] {logging_mixin.py:104} INFO - [2023-10-11 17:23:15,276] {dagbag.py:496} INFO - Filling up the DagBag from /home/airflow/.local/lib/python3.6/site-packages/airflow/example_dags/example_latest_only_with_trigger.py
[2023-10-11 17:23:15,289] {scheduler_job.py:643} INFO - DAG(s) dict_keys(['latest_only_with_trigger']) retrieved from /home/airflow/.local/lib/python3.6/site-packages/airflow/example_dags/example_latest_only_with_trigger.py
[2023-10-11 17:23:15,317] {logging_mixin.py:104} INFO - [2023-10-11 17:23:15,316] {dag.py:1833} INFO - Sync 1 DAGs
[2023-10-11 17:23:15,334] {logging_mixin.py:104} INFO - [2023-10-11 17:23:15,334] {dag.py:2306} INFO - Setting next_dagrun for latest_only_with_trigger to 2023-10-09 00:00:00+00:00
[2023-10-11 17:23:15,346] {scheduler_job.py:190} INFO - Processing /home/airflow/.local/lib/python3.6/site-packages/airflow/example_dags/example_latest_only_with_trigger.py took 0.074 seconds
[2023-10-11 17:23:45,377] {scheduler_job.py:182} INFO - Started process (PID=1974) to work on /home/airflow/.local/lib/python3.6/site-packages/airflow/example_dags/example_latest_only_with_trigger.py
[2023-10-11 17:23:45,378] {scheduler_job.py:633} INFO - Processing file /home/airflow/.local/lib/python3.6/site-packages/airflow/example_dags/example_latest_only_with_trigger.py for tasks to queue
[2023-10-11 17:23:45,378] {logging_mixin.py:104} INFO - [2023-10-11 17:23:45,378] {dagbag.py:496} INFO - Filling up the DagBag from /home/airflow/.local/lib/python3.6/site-packages/airflow/example_dags/example_latest_only_with_trigger.py
[2023-10-11 17:23:45,387] {scheduler_job.py:643} INFO - DAG(s) dict_keys(['latest_only_with_trigger']) retrieved from /home/airflow/.local/lib/python3.6/site-packages/airflow/example_dags/example_latest_only_with_trigger.py
[2023-10-11 17:23:45,406] {logging_mixin.py:104} INFO - [2023-10-11 17:23:45,406] {dag.py:1833} INFO - Sync 1 DAGs
[2023-10-11 17:23:45,421] {logging_mixin.py:104} INFO - [2023-10-11 17:23:45,421] {dag.py:2306} INFO - Setting next_dagrun for latest_only_with_trigger to 2023-10-09 00:00:00+00:00
[2023-10-11 17:23:45,431] {scheduler_job.py:190} INFO - Processing /home/airflow/.local/lib/python3.6/site-packages/airflow/example_dags/example_latest_only_with_trigger.py took 0.056 seconds
[2023-10-11 17:24:15,514] {scheduler_job.py:182} INFO - Started process (PID=2056) to work on /home/airflow/.local/lib/python3.6/site-packages/airflow/example_dags/example_latest_only_with_trigger.py
[2023-10-11 17:24:15,516] {scheduler_job.py:633} INFO - Processing file /home/airflow/.local/lib/python3.6/site-packages/airflow/example_dags/example_latest_only_with_trigger.py for tasks to queue
[2023-10-11 17:24:15,517] {logging_mixin.py:104} INFO - [2023-10-11 17:24:15,517] {dagbag.py:496} INFO - Filling up the DagBag from /home/airflow/.local/lib/python3.6/site-packages/airflow/example_dags/example_latest_only_with_trigger.py
[2023-10-11 17:24:15,528] {scheduler_job.py:643} INFO - DAG(s) dict_keys(['latest_only_with_trigger']) retrieved from /home/airflow/.local/lib/python3.6/site-packages/airflow/example_dags/example_latest_only_with_trigger.py
[2023-10-11 17:24:15,621] {logging_mixin.py:104} INFO - [2023-10-11 17:24:15,621] {dag.py:1833} INFO - Sync 1 DAGs
[2023-10-11 17:24:15,641] {logging_mixin.py:104} INFO - [2023-10-11 17:24:15,641] {dag.py:2306} INFO - Setting next_dagrun for latest_only_with_trigger to 2023-10-09 00:00:00+00:00
[2023-10-11 17:24:15,659] {scheduler_job.py:190} INFO - Processing /home/airflow/.local/lib/python3.6/site-packages/airflow/example_dags/example_latest_only_with_trigger.py took 0.148 seconds
[2023-10-11 17:24:45,684] {scheduler_job.py:182} INFO - Started process (PID=2129) to work on /home/airflow/.local/lib/python3.6/site-packages/airflow/example_dags/example_latest_only_with_trigger.py
[2023-10-11 17:24:45,685] {scheduler_job.py:633} INFO - Processing file /home/airflow/.local/lib/python3.6/site-packages/airflow/example_dags/example_latest_only_with_trigger.py for tasks to queue
[2023-10-11 17:24:45,686] {logging_mixin.py:104} INFO - [2023-10-11 17:24:45,686] {dagbag.py:496} INFO - Filling up the DagBag from /home/airflow/.local/lib/python3.6/site-packages/airflow/example_dags/example_latest_only_with_trigger.py
[2023-10-11 17:24:45,697] {scheduler_job.py:643} INFO - DAG(s) dict_keys(['latest_only_with_trigger']) retrieved from /home/airflow/.local/lib/python3.6/site-packages/airflow/example_dags/example_latest_only_with_trigger.py
[2023-10-11 17:24:45,718] {logging_mixin.py:104} INFO - [2023-10-11 17:24:45,717] {dag.py:1833} INFO - Sync 1 DAGs
[2023-10-11 17:24:45,733] {logging_mixin.py:104} INFO - [2023-10-11 17:24:45,732] {dag.py:2306} INFO - Setting next_dagrun for latest_only_with_trigger to 2023-10-09 00:00:00+00:00
[2023-10-11 17:24:45,743] {scheduler_job.py:190} INFO - Processing /home/airflow/.local/lib/python3.6/site-packages/airflow/example_dags/example_latest_only_with_trigger.py took 0.061 seconds
[2023-10-11 17:25:16,390] {scheduler_job.py:182} INFO - Started process (PID=2224) to work on /home/airflow/.local/lib/python3.6/site-packages/airflow/example_dags/example_latest_only_with_trigger.py
[2023-10-11 17:25:16,392] {scheduler_job.py:633} INFO - Processing file /home/airflow/.local/lib/python3.6/site-packages/airflow/example_dags/example_latest_only_with_trigger.py for tasks to queue
[2023-10-11 17:25:16,393] {logging_mixin.py:104} INFO - [2023-10-11 17:25:16,393] {dagbag.py:496} INFO - Filling up the DagBag from /home/airflow/.local/lib/python3.6/site-packages/airflow/example_dags/example_latest_only_with_trigger.py
[2023-10-11 17:25:16,412] {scheduler_job.py:643} INFO - DAG(s) dict_keys(['latest_only_with_trigger']) retrieved from /home/airflow/.local/lib/python3.6/site-packages/airflow/example_dags/example_latest_only_with_trigger.py
[2023-10-11 17:25:16,462] {logging_mixin.py:104} INFO - [2023-10-11 17:25:16,462] {dag.py:1833} INFO - Sync 1 DAGs
[2023-10-11 17:25:16,497] {logging_mixin.py:104} INFO - [2023-10-11 17:25:16,497] {dag.py:2306} INFO - Setting next_dagrun for latest_only_with_trigger to 2023-10-09 00:00:00+00:00
[2023-10-11 17:25:16,520] {scheduler_job.py:190} INFO - Processing /home/airflow/.local/lib/python3.6/site-packages/airflow/example_dags/example_latest_only_with_trigger.py took 0.133 seconds
[2023-10-11 17:25:46,988] {scheduler_job.py:182} INFO - Started process (PID=2299) to work on /home/airflow/.local/lib/python3.6/site-packages/airflow/example_dags/example_latest_only_with_trigger.py
[2023-10-11 17:25:46,989] {scheduler_job.py:633} INFO - Processing file /home/airflow/.local/lib/python3.6/site-packages/airflow/example_dags/example_latest_only_with_trigger.py for tasks to queue
[2023-10-11 17:25:46,990] {logging_mixin.py:104} INFO - [2023-10-11 17:25:46,990] {dagbag.py:496} INFO - Filling up the DagBag from /home/airflow/.local/lib/python3.6/site-packages/airflow/example_dags/example_latest_only_with_trigger.py
[2023-10-11 17:25:47,002] {scheduler_job.py:643} INFO - DAG(s) dict_keys(['latest_only_with_trigger']) retrieved from /home/airflow/.local/lib/python3.6/site-packages/airflow/example_dags/example_latest_only_with_trigger.py
[2023-10-11 17:25:47,037] {logging_mixin.py:104} INFO - [2023-10-11 17:25:47,037] {dag.py:1833} INFO - Sync 1 DAGs
[2023-10-11 17:25:47,056] {logging_mixin.py:104} INFO - [2023-10-11 17:25:47,056] {dag.py:2306} INFO - Setting next_dagrun for latest_only_with_trigger to 2023-10-09 00:00:00+00:00
[2023-10-11 17:25:47,068] {scheduler_job.py:190} INFO - Processing /home/airflow/.local/lib/python3.6/site-packages/airflow/example_dags/example_latest_only_with_trigger.py took 0.085 seconds
[2023-10-11 17:30:54,818] {scheduler_job.py:182} INFO - Started process (PID=78) to work on /home/airflow/.local/lib/python3.6/site-packages/airflow/example_dags/example_latest_only_with_trigger.py
[2023-10-11 17:30:54,821] {scheduler_job.py:633} INFO - Processing file /home/airflow/.local/lib/python3.6/site-packages/airflow/example_dags/example_latest_only_with_trigger.py for tasks to queue
[2023-10-11 17:30:54,822] {logging_mixin.py:104} INFO - [2023-10-11 17:30:54,821] {dagbag.py:496} INFO - Filling up the DagBag from /home/airflow/.local/lib/python3.6/site-packages/airflow/example_dags/example_latest_only_with_trigger.py
[2023-10-11 17:30:54,837] {scheduler_job.py:643} INFO - DAG(s) dict_keys(['latest_only_with_trigger']) retrieved from /home/airflow/.local/lib/python3.6/site-packages/airflow/example_dags/example_latest_only_with_trigger.py
[2023-10-11 17:30:54,866] {logging_mixin.py:104} INFO - [2023-10-11 17:30:54,866] {dag.py:1833} INFO - Sync 1 DAGs
[2023-10-11 17:30:54,886] {logging_mixin.py:104} INFO - [2023-10-11 17:30:54,886] {dag.py:2306} INFO - Setting next_dagrun for latest_only_with_trigger to 2023-10-09 00:00:00+00:00
[2023-10-11 17:30:54,903] {scheduler_job.py:190} INFO - Processing /home/airflow/.local/lib/python3.6/site-packages/airflow/example_dags/example_latest_only_with_trigger.py took 0.087 seconds
