[2023-10-11 14:00:34,355] {scheduler_job.py:182} INFO - Started process (PID=387) to work on /home/airflow/.local/lib/python3.6/site-packages/airflow/example_dags/example_dag_decorator.py
[2023-10-11 14:00:34,357] {scheduler_job.py:633} INFO - Processing file /home/airflow/.local/lib/python3.6/site-packages/airflow/example_dags/example_dag_decorator.py for tasks to queue
[2023-10-11 14:00:34,358] {logging_mixin.py:104} INFO - [2023-10-11 14:00:34,358] {dagbag.py:496} INFO - Filling up the DagBag from /home/airflow/.local/lib/python3.6/site-packages/airflow/example_dags/example_dag_decorator.py
[2023-10-11 14:00:34,413] {scheduler_job.py:643} INFO - DAG(s) dict_keys(['example_dag_decorator']) retrieved from /home/airflow/.local/lib/python3.6/site-packages/airflow/example_dags/example_dag_decorator.py
[2023-10-11 14:00:40,929] {logging_mixin.py:104} INFO - [2023-10-11 14:00:40,929] {dag.py:1833} INFO - Sync 1 DAGs
[2023-10-11 14:00:40,951] {logging_mixin.py:104} INFO - [2023-10-11 14:00:40,949] {dag.py:1852} INFO - Creating ORM DAG for example_dag_decorator
[2023-10-11 14:00:40,961] {logging_mixin.py:104} INFO - [2023-10-11 14:00:40,961] {dag.py:2306} INFO - Setting next_dagrun for example_dag_decorator to None
[2023-10-11 14:00:40,999] {scheduler_job.py:190} INFO - Processing /home/airflow/.local/lib/python3.6/site-packages/airflow/example_dags/example_dag_decorator.py took 6.647 seconds
[2023-10-11 17:11:56,788] {scheduler_job.py:182} INFO - Started process (PID=114) to work on /home/airflow/.local/lib/python3.6/site-packages/airflow/example_dags/example_dag_decorator.py
[2023-10-11 17:11:56,790] {scheduler_job.py:633} INFO - Processing file /home/airflow/.local/lib/python3.6/site-packages/airflow/example_dags/example_dag_decorator.py for tasks to queue
[2023-10-11 17:11:56,791] {logging_mixin.py:104} INFO - [2023-10-11 17:11:56,791] {dagbag.py:496} INFO - Filling up the DagBag from /home/airflow/.local/lib/python3.6/site-packages/airflow/example_dags/example_dag_decorator.py
[2023-10-11 17:11:56,826] {scheduler_job.py:643} INFO - DAG(s) dict_keys(['example_dag_decorator']) retrieved from /home/airflow/.local/lib/python3.6/site-packages/airflow/example_dags/example_dag_decorator.py
[2023-10-11 17:11:57,207] {logging_mixin.py:104} INFO - [2023-10-11 17:11:57,207] {dag.py:1833} INFO - Sync 1 DAGs
[2023-10-11 17:11:57,232] {logging_mixin.py:104} INFO - [2023-10-11 17:11:57,232] {dag.py:2306} INFO - Setting next_dagrun for example_dag_decorator to None
[2023-10-11 17:11:57,303] {scheduler_job.py:190} INFO - Processing /home/airflow/.local/lib/python3.6/site-packages/airflow/example_dags/example_dag_decorator.py took 0.519 seconds
[2023-10-11 17:12:27,661] {scheduler_job.py:182} INFO - Started process (PID=215) to work on /home/airflow/.local/lib/python3.6/site-packages/airflow/example_dags/example_dag_decorator.py
[2023-10-11 17:12:27,662] {scheduler_job.py:633} INFO - Processing file /home/airflow/.local/lib/python3.6/site-packages/airflow/example_dags/example_dag_decorator.py for tasks to queue
[2023-10-11 17:12:27,662] {logging_mixin.py:104} INFO - [2023-10-11 17:12:27,662] {dagbag.py:496} INFO - Filling up the DagBag from /home/airflow/.local/lib/python3.6/site-packages/airflow/example_dags/example_dag_decorator.py
[2023-10-11 17:12:27,684] {scheduler_job.py:643} INFO - DAG(s) dict_keys(['example_dag_decorator']) retrieved from /home/airflow/.local/lib/python3.6/site-packages/airflow/example_dags/example_dag_decorator.py
[2023-10-11 17:12:27,942] {logging_mixin.py:104} INFO - [2023-10-11 17:12:27,942] {dag.py:1833} INFO - Sync 1 DAGs
[2023-10-11 17:12:27,960] {logging_mixin.py:104} INFO - [2023-10-11 17:12:27,960] {dag.py:2306} INFO - Setting next_dagrun for example_dag_decorator to None
[2023-10-11 17:12:27,976] {scheduler_job.py:190} INFO - Processing /home/airflow/.local/lib/python3.6/site-packages/airflow/example_dags/example_dag_decorator.py took 0.317 seconds
[2023-10-11 17:12:58,104] {scheduler_job.py:182} INFO - Started process (PID=289) to work on /home/airflow/.local/lib/python3.6/site-packages/airflow/example_dags/example_dag_decorator.py
[2023-10-11 17:12:58,106] {scheduler_job.py:633} INFO - Processing file /home/airflow/.local/lib/python3.6/site-packages/airflow/example_dags/example_dag_decorator.py for tasks to queue
[2023-10-11 17:12:58,109] {logging_mixin.py:104} INFO - [2023-10-11 17:12:58,109] {dagbag.py:496} INFO - Filling up the DagBag from /home/airflow/.local/lib/python3.6/site-packages/airflow/example_dags/example_dag_decorator.py
[2023-10-11 17:12:58,136] {scheduler_job.py:643} INFO - DAG(s) dict_keys(['example_dag_decorator']) retrieved from /home/airflow/.local/lib/python3.6/site-packages/airflow/example_dags/example_dag_decorator.py
[2023-10-11 17:12:58,466] {logging_mixin.py:104} INFO - [2023-10-11 17:12:58,466] {dag.py:1833} INFO - Sync 1 DAGs
[2023-10-11 17:12:58,486] {logging_mixin.py:104} INFO - [2023-10-11 17:12:58,486] {dag.py:2306} INFO - Setting next_dagrun for example_dag_decorator to None
[2023-10-11 17:12:58,503] {scheduler_job.py:190} INFO - Processing /home/airflow/.local/lib/python3.6/site-packages/airflow/example_dags/example_dag_decorator.py took 0.404 seconds
[2023-10-11 17:13:29,226] {scheduler_job.py:182} INFO - Started process (PID=372) to work on /home/airflow/.local/lib/python3.6/site-packages/airflow/example_dags/example_dag_decorator.py
[2023-10-11 17:13:29,234] {scheduler_job.py:633} INFO - Processing file /home/airflow/.local/lib/python3.6/site-packages/airflow/example_dags/example_dag_decorator.py for tasks to queue
[2023-10-11 17:13:29,234] {logging_mixin.py:104} INFO - [2023-10-11 17:13:29,234] {dagbag.py:496} INFO - Filling up the DagBag from /home/airflow/.local/lib/python3.6/site-packages/airflow/example_dags/example_dag_decorator.py
[2023-10-11 17:13:29,267] {scheduler_job.py:643} INFO - DAG(s) dict_keys(['example_dag_decorator']) retrieved from /home/airflow/.local/lib/python3.6/site-packages/airflow/example_dags/example_dag_decorator.py
[2023-10-11 17:13:29,731] {logging_mixin.py:104} INFO - [2023-10-11 17:13:29,731] {dag.py:1833} INFO - Sync 1 DAGs
[2023-10-11 17:13:29,768] {logging_mixin.py:104} INFO - [2023-10-11 17:13:29,768] {dag.py:2306} INFO - Setting next_dagrun for example_dag_decorator to None
[2023-10-11 17:13:29,788] {scheduler_job.py:190} INFO - Processing /home/airflow/.local/lib/python3.6/site-packages/airflow/example_dags/example_dag_decorator.py took 0.566 seconds
[2023-10-11 17:13:59,854] {scheduler_job.py:182} INFO - Started process (PID=433) to work on /home/airflow/.local/lib/python3.6/site-packages/airflow/example_dags/example_dag_decorator.py
[2023-10-11 17:13:59,856] {scheduler_job.py:633} INFO - Processing file /home/airflow/.local/lib/python3.6/site-packages/airflow/example_dags/example_dag_decorator.py for tasks to queue
[2023-10-11 17:13:59,857] {logging_mixin.py:104} INFO - [2023-10-11 17:13:59,856] {dagbag.py:496} INFO - Filling up the DagBag from /home/airflow/.local/lib/python3.6/site-packages/airflow/example_dags/example_dag_decorator.py
[2023-10-11 17:13:59,873] {scheduler_job.py:643} INFO - DAG(s) dict_keys(['example_dag_decorator']) retrieved from /home/airflow/.local/lib/python3.6/site-packages/airflow/example_dags/example_dag_decorator.py
[2023-10-11 17:14:00,144] {logging_mixin.py:104} INFO - [2023-10-11 17:14:00,144] {dag.py:1833} INFO - Sync 1 DAGs
[2023-10-11 17:14:00,165] {logging_mixin.py:104} INFO - [2023-10-11 17:14:00,164] {dag.py:2306} INFO - Setting next_dagrun for example_dag_decorator to None
[2023-10-11 17:14:00,183] {scheduler_job.py:190} INFO - Processing /home/airflow/.local/lib/python3.6/site-packages/airflow/example_dags/example_dag_decorator.py took 0.331 seconds
[2023-10-11 17:14:30,510] {scheduler_job.py:182} INFO - Started process (PID=516) to work on /home/airflow/.local/lib/python3.6/site-packages/airflow/example_dags/example_dag_decorator.py
[2023-10-11 17:14:30,513] {scheduler_job.py:633} INFO - Processing file /home/airflow/.local/lib/python3.6/site-packages/airflow/example_dags/example_dag_decorator.py for tasks to queue
[2023-10-11 17:14:30,514] {logging_mixin.py:104} INFO - [2023-10-11 17:14:30,513] {dagbag.py:496} INFO - Filling up the DagBag from /home/airflow/.local/lib/python3.6/site-packages/airflow/example_dags/example_dag_decorator.py
[2023-10-11 17:14:30,542] {scheduler_job.py:643} INFO - DAG(s) dict_keys(['example_dag_decorator']) retrieved from /home/airflow/.local/lib/python3.6/site-packages/airflow/example_dags/example_dag_decorator.py
[2023-10-11 17:14:30,811] {logging_mixin.py:104} INFO - [2023-10-11 17:14:30,811] {dag.py:1833} INFO - Sync 1 DAGs
[2023-10-11 17:14:30,833] {logging_mixin.py:104} INFO - [2023-10-11 17:14:30,833] {dag.py:2306} INFO - Setting next_dagrun for example_dag_decorator to None
[2023-10-11 17:14:30,851] {scheduler_job.py:190} INFO - Processing /home/airflow/.local/lib/python3.6/site-packages/airflow/example_dags/example_dag_decorator.py took 0.345 seconds
[2023-10-11 17:15:01,110] {scheduler_job.py:182} INFO - Started process (PID=599) to work on /home/airflow/.local/lib/python3.6/site-packages/airflow/example_dags/example_dag_decorator.py
[2023-10-11 17:15:01,111] {scheduler_job.py:633} INFO - Processing file /home/airflow/.local/lib/python3.6/site-packages/airflow/example_dags/example_dag_decorator.py for tasks to queue
[2023-10-11 17:15:01,112] {logging_mixin.py:104} INFO - [2023-10-11 17:15:01,112] {dagbag.py:496} INFO - Filling up the DagBag from /home/airflow/.local/lib/python3.6/site-packages/airflow/example_dags/example_dag_decorator.py
[2023-10-11 17:15:01,132] {scheduler_job.py:643} INFO - DAG(s) dict_keys(['example_dag_decorator']) retrieved from /home/airflow/.local/lib/python3.6/site-packages/airflow/example_dags/example_dag_decorator.py
[2023-10-11 17:15:01,155] {logging_mixin.py:104} INFO - [2023-10-11 17:15:01,155] {dag.py:1833} INFO - Sync 1 DAGs
[2023-10-11 17:15:01,173] {logging_mixin.py:104} INFO - [2023-10-11 17:15:01,173] {dag.py:2306} INFO - Setting next_dagrun for example_dag_decorator to None
[2023-10-11 17:15:01,186] {scheduler_job.py:190} INFO - Processing /home/airflow/.local/lib/python3.6/site-packages/airflow/example_dags/example_dag_decorator.py took 0.079 seconds
[2023-10-11 17:15:31,863] {scheduler_job.py:182} INFO - Started process (PID=683) to work on /home/airflow/.local/lib/python3.6/site-packages/airflow/example_dags/example_dag_decorator.py
[2023-10-11 17:15:31,864] {scheduler_job.py:633} INFO - Processing file /home/airflow/.local/lib/python3.6/site-packages/airflow/example_dags/example_dag_decorator.py for tasks to queue
[2023-10-11 17:15:31,864] {logging_mixin.py:104} INFO - [2023-10-11 17:15:31,864] {dagbag.py:496} INFO - Filling up the DagBag from /home/airflow/.local/lib/python3.6/site-packages/airflow/example_dags/example_dag_decorator.py
[2023-10-11 17:15:31,876] {scheduler_job.py:643} INFO - DAG(s) dict_keys(['example_dag_decorator']) retrieved from /home/airflow/.local/lib/python3.6/site-packages/airflow/example_dags/example_dag_decorator.py
[2023-10-11 17:15:31,893] {logging_mixin.py:104} INFO - [2023-10-11 17:15:31,893] {dag.py:1833} INFO - Sync 1 DAGs
[2023-10-11 17:15:31,906] {logging_mixin.py:104} INFO - [2023-10-11 17:15:31,905] {dag.py:2306} INFO - Setting next_dagrun for example_dag_decorator to None
[2023-10-11 17:15:31,915] {scheduler_job.py:190} INFO - Processing /home/airflow/.local/lib/python3.6/site-packages/airflow/example_dags/example_dag_decorator.py took 0.054 seconds
[2023-10-11 17:16:02,522] {scheduler_job.py:182} INFO - Started process (PID=758) to work on /home/airflow/.local/lib/python3.6/site-packages/airflow/example_dags/example_dag_decorator.py
[2023-10-11 17:16:02,523] {scheduler_job.py:633} INFO - Processing file /home/airflow/.local/lib/python3.6/site-packages/airflow/example_dags/example_dag_decorator.py for tasks to queue
[2023-10-11 17:16:02,524] {logging_mixin.py:104} INFO - [2023-10-11 17:16:02,524] {dagbag.py:496} INFO - Filling up the DagBag from /home/airflow/.local/lib/python3.6/site-packages/airflow/example_dags/example_dag_decorator.py
[2023-10-11 17:16:02,544] {scheduler_job.py:643} INFO - DAG(s) dict_keys(['example_dag_decorator']) retrieved from /home/airflow/.local/lib/python3.6/site-packages/airflow/example_dags/example_dag_decorator.py
[2023-10-11 17:16:02,764] {logging_mixin.py:104} INFO - [2023-10-11 17:16:02,764] {dag.py:1833} INFO - Sync 1 DAGs
[2023-10-11 17:16:02,782] {logging_mixin.py:104} INFO - [2023-10-11 17:16:02,782] {dag.py:2306} INFO - Setting next_dagrun for example_dag_decorator to None
[2023-10-11 17:16:02,799] {scheduler_job.py:190} INFO - Processing /home/airflow/.local/lib/python3.6/site-packages/airflow/example_dags/example_dag_decorator.py took 0.280 seconds
[2023-10-11 17:16:33,205] {scheduler_job.py:182} INFO - Started process (PID=848) to work on /home/airflow/.local/lib/python3.6/site-packages/airflow/example_dags/example_dag_decorator.py
[2023-10-11 17:16:33,206] {scheduler_job.py:633} INFO - Processing file /home/airflow/.local/lib/python3.6/site-packages/airflow/example_dags/example_dag_decorator.py for tasks to queue
[2023-10-11 17:16:33,207] {logging_mixin.py:104} INFO - [2023-10-11 17:16:33,207] {dagbag.py:496} INFO - Filling up the DagBag from /home/airflow/.local/lib/python3.6/site-packages/airflow/example_dags/example_dag_decorator.py
[2023-10-11 17:16:33,236] {scheduler_job.py:643} INFO - DAG(s) dict_keys(['example_dag_decorator']) retrieved from /home/airflow/.local/lib/python3.6/site-packages/airflow/example_dags/example_dag_decorator.py
[2023-10-11 17:16:33,520] {logging_mixin.py:104} INFO - [2023-10-11 17:16:33,520] {dag.py:1833} INFO - Sync 1 DAGs
[2023-10-11 17:16:33,536] {logging_mixin.py:104} INFO - [2023-10-11 17:16:33,536] {dag.py:2306} INFO - Setting next_dagrun for example_dag_decorator to None
[2023-10-11 17:16:33,551] {scheduler_job.py:190} INFO - Processing /home/airflow/.local/lib/python3.6/site-packages/airflow/example_dags/example_dag_decorator.py took 0.350 seconds
[2023-10-11 17:17:04,117] {scheduler_job.py:182} INFO - Started process (PID=929) to work on /home/airflow/.local/lib/python3.6/site-packages/airflow/example_dags/example_dag_decorator.py
[2023-10-11 17:17:04,118] {scheduler_job.py:633} INFO - Processing file /home/airflow/.local/lib/python3.6/site-packages/airflow/example_dags/example_dag_decorator.py for tasks to queue
[2023-10-11 17:17:04,120] {logging_mixin.py:104} INFO - [2023-10-11 17:17:04,119] {dagbag.py:496} INFO - Filling up the DagBag from /home/airflow/.local/lib/python3.6/site-packages/airflow/example_dags/example_dag_decorator.py
[2023-10-11 17:17:04,139] {scheduler_job.py:643} INFO - DAG(s) dict_keys(['example_dag_decorator']) retrieved from /home/airflow/.local/lib/python3.6/site-packages/airflow/example_dags/example_dag_decorator.py
[2023-10-11 17:17:04,432] {logging_mixin.py:104} INFO - [2023-10-11 17:17:04,432] {dag.py:1833} INFO - Sync 1 DAGs
[2023-10-11 17:17:04,452] {logging_mixin.py:104} INFO - [2023-10-11 17:17:04,452] {dag.py:2306} INFO - Setting next_dagrun for example_dag_decorator to None
[2023-10-11 17:17:04,469] {scheduler_job.py:190} INFO - Processing /home/airflow/.local/lib/python3.6/site-packages/airflow/example_dags/example_dag_decorator.py took 0.356 seconds
[2023-10-11 17:17:34,748] {scheduler_job.py:182} INFO - Started process (PID=1009) to work on /home/airflow/.local/lib/python3.6/site-packages/airflow/example_dags/example_dag_decorator.py
[2023-10-11 17:17:34,749] {scheduler_job.py:633} INFO - Processing file /home/airflow/.local/lib/python3.6/site-packages/airflow/example_dags/example_dag_decorator.py for tasks to queue
[2023-10-11 17:17:34,749] {logging_mixin.py:104} INFO - [2023-10-11 17:17:34,749] {dagbag.py:496} INFO - Filling up the DagBag from /home/airflow/.local/lib/python3.6/site-packages/airflow/example_dags/example_dag_decorator.py
[2023-10-11 17:17:34,763] {scheduler_job.py:643} INFO - DAG(s) dict_keys(['example_dag_decorator']) retrieved from /home/airflow/.local/lib/python3.6/site-packages/airflow/example_dags/example_dag_decorator.py
[2023-10-11 17:17:34,918] {logging_mixin.py:104} INFO - [2023-10-11 17:17:34,917] {dag.py:1833} INFO - Sync 1 DAGs
[2023-10-11 17:17:34,930] {logging_mixin.py:104} INFO - [2023-10-11 17:17:34,930] {dag.py:2306} INFO - Setting next_dagrun for example_dag_decorator to None
[2023-10-11 17:17:34,943] {scheduler_job.py:190} INFO - Processing /home/airflow/.local/lib/python3.6/site-packages/airflow/example_dags/example_dag_decorator.py took 0.197 seconds
[2023-10-11 17:18:05,736] {scheduler_job.py:182} INFO - Started process (PID=1097) to work on /home/airflow/.local/lib/python3.6/site-packages/airflow/example_dags/example_dag_decorator.py
[2023-10-11 17:18:05,737] {scheduler_job.py:633} INFO - Processing file /home/airflow/.local/lib/python3.6/site-packages/airflow/example_dags/example_dag_decorator.py for tasks to queue
[2023-10-11 17:18:05,738] {logging_mixin.py:104} INFO - [2023-10-11 17:18:05,737] {dagbag.py:496} INFO - Filling up the DagBag from /home/airflow/.local/lib/python3.6/site-packages/airflow/example_dags/example_dag_decorator.py
[2023-10-11 17:18:05,761] {scheduler_job.py:643} INFO - DAG(s) dict_keys(['example_dag_decorator']) retrieved from /home/airflow/.local/lib/python3.6/site-packages/airflow/example_dags/example_dag_decorator.py
[2023-10-11 17:18:06,069] {logging_mixin.py:104} INFO - [2023-10-11 17:18:06,069] {dag.py:1833} INFO - Sync 1 DAGs
[2023-10-11 17:18:06,094] {logging_mixin.py:104} INFO - [2023-10-11 17:18:06,094] {dag.py:2306} INFO - Setting next_dagrun for example_dag_decorator to None
[2023-10-11 17:18:06,115] {scheduler_job.py:190} INFO - Processing /home/airflow/.local/lib/python3.6/site-packages/airflow/example_dags/example_dag_decorator.py took 0.382 seconds
[2023-10-11 17:18:36,394] {scheduler_job.py:182} INFO - Started process (PID=1177) to work on /home/airflow/.local/lib/python3.6/site-packages/airflow/example_dags/example_dag_decorator.py
[2023-10-11 17:18:36,400] {scheduler_job.py:633} INFO - Processing file /home/airflow/.local/lib/python3.6/site-packages/airflow/example_dags/example_dag_decorator.py for tasks to queue
[2023-10-11 17:18:36,401] {logging_mixin.py:104} INFO - [2023-10-11 17:18:36,401] {dagbag.py:496} INFO - Filling up the DagBag from /home/airflow/.local/lib/python3.6/site-packages/airflow/example_dags/example_dag_decorator.py
[2023-10-11 17:18:36,461] {scheduler_job.py:643} INFO - DAG(s) dict_keys(['example_dag_decorator']) retrieved from /home/airflow/.local/lib/python3.6/site-packages/airflow/example_dags/example_dag_decorator.py
[2023-10-11 17:18:36,973] {logging_mixin.py:104} INFO - [2023-10-11 17:18:36,973] {dag.py:1833} INFO - Sync 1 DAGs
[2023-10-11 17:18:37,012] {logging_mixin.py:104} INFO - [2023-10-11 17:18:37,012] {dag.py:2306} INFO - Setting next_dagrun for example_dag_decorator to None
[2023-10-11 17:18:37,051] {scheduler_job.py:190} INFO - Processing /home/airflow/.local/lib/python3.6/site-packages/airflow/example_dags/example_dag_decorator.py took 0.664 seconds
[2023-10-11 17:19:07,894] {scheduler_job.py:182} INFO - Started process (PID=1259) to work on /home/airflow/.local/lib/python3.6/site-packages/airflow/example_dags/example_dag_decorator.py
[2023-10-11 17:19:07,896] {scheduler_job.py:633} INFO - Processing file /home/airflow/.local/lib/python3.6/site-packages/airflow/example_dags/example_dag_decorator.py for tasks to queue
[2023-10-11 17:19:07,897] {logging_mixin.py:104} INFO - [2023-10-11 17:19:07,897] {dagbag.py:496} INFO - Filling up the DagBag from /home/airflow/.local/lib/python3.6/site-packages/airflow/example_dags/example_dag_decorator.py
[2023-10-11 17:19:07,937] {scheduler_job.py:643} INFO - DAG(s) dict_keys(['example_dag_decorator']) retrieved from /home/airflow/.local/lib/python3.6/site-packages/airflow/example_dags/example_dag_decorator.py
[2023-10-11 17:19:08,391] {logging_mixin.py:104} INFO - [2023-10-11 17:19:08,391] {dag.py:1833} INFO - Sync 1 DAGs
[2023-10-11 17:19:08,420] {logging_mixin.py:104} INFO - [2023-10-11 17:19:08,420] {dag.py:2306} INFO - Setting next_dagrun for example_dag_decorator to None
[2023-10-11 17:19:08,444] {scheduler_job.py:190} INFO - Processing /home/airflow/.local/lib/python3.6/site-packages/airflow/example_dags/example_dag_decorator.py took 0.554 seconds
[2023-10-11 17:19:38,877] {scheduler_job.py:182} INFO - Started process (PID=1333) to work on /home/airflow/.local/lib/python3.6/site-packages/airflow/example_dags/example_dag_decorator.py
[2023-10-11 17:19:38,879] {scheduler_job.py:633} INFO - Processing file /home/airflow/.local/lib/python3.6/site-packages/airflow/example_dags/example_dag_decorator.py for tasks to queue
[2023-10-11 17:19:38,880] {logging_mixin.py:104} INFO - [2023-10-11 17:19:38,880] {dagbag.py:496} INFO - Filling up the DagBag from /home/airflow/.local/lib/python3.6/site-packages/airflow/example_dags/example_dag_decorator.py
[2023-10-11 17:19:38,913] {scheduler_job.py:643} INFO - DAG(s) dict_keys(['example_dag_decorator']) retrieved from /home/airflow/.local/lib/python3.6/site-packages/airflow/example_dags/example_dag_decorator.py
[2023-10-11 17:19:39,178] {logging_mixin.py:104} INFO - [2023-10-11 17:19:39,178] {dag.py:1833} INFO - Sync 1 DAGs
[2023-10-11 17:19:39,194] {logging_mixin.py:104} INFO - [2023-10-11 17:19:39,194] {dag.py:2306} INFO - Setting next_dagrun for example_dag_decorator to None
[2023-10-11 17:19:39,209] {scheduler_job.py:190} INFO - Processing /home/airflow/.local/lib/python3.6/site-packages/airflow/example_dags/example_dag_decorator.py took 0.336 seconds
[2023-10-11 17:20:09,256] {scheduler_job.py:182} INFO - Started process (PID=1417) to work on /home/airflow/.local/lib/python3.6/site-packages/airflow/example_dags/example_dag_decorator.py
[2023-10-11 17:20:09,258] {scheduler_job.py:633} INFO - Processing file /home/airflow/.local/lib/python3.6/site-packages/airflow/example_dags/example_dag_decorator.py for tasks to queue
[2023-10-11 17:20:09,260] {logging_mixin.py:104} INFO - [2023-10-11 17:20:09,259] {dagbag.py:496} INFO - Filling up the DagBag from /home/airflow/.local/lib/python3.6/site-packages/airflow/example_dags/example_dag_decorator.py
[2023-10-11 17:20:09,294] {scheduler_job.py:643} INFO - DAG(s) dict_keys(['example_dag_decorator']) retrieved from /home/airflow/.local/lib/python3.6/site-packages/airflow/example_dags/example_dag_decorator.py
[2023-10-11 17:20:09,349] {logging_mixin.py:104} INFO - [2023-10-11 17:20:09,349] {dag.py:1833} INFO - Sync 1 DAGs
[2023-10-11 17:20:09,380] {logging_mixin.py:104} INFO - [2023-10-11 17:20:09,380] {dag.py:2306} INFO - Setting next_dagrun for example_dag_decorator to None
[2023-10-11 17:20:09,399] {scheduler_job.py:190} INFO - Processing /home/airflow/.local/lib/python3.6/site-packages/airflow/example_dags/example_dag_decorator.py took 0.146 seconds
[2023-10-11 17:20:39,641] {scheduler_job.py:182} INFO - Started process (PID=1500) to work on /home/airflow/.local/lib/python3.6/site-packages/airflow/example_dags/example_dag_decorator.py
[2023-10-11 17:20:39,643] {scheduler_job.py:633} INFO - Processing file /home/airflow/.local/lib/python3.6/site-packages/airflow/example_dags/example_dag_decorator.py for tasks to queue
[2023-10-11 17:20:39,644] {logging_mixin.py:104} INFO - [2023-10-11 17:20:39,644] {dagbag.py:496} INFO - Filling up the DagBag from /home/airflow/.local/lib/python3.6/site-packages/airflow/example_dags/example_dag_decorator.py
[2023-10-11 17:20:39,680] {scheduler_job.py:643} INFO - DAG(s) dict_keys(['example_dag_decorator']) retrieved from /home/airflow/.local/lib/python3.6/site-packages/airflow/example_dags/example_dag_decorator.py
[2023-10-11 17:20:40,067] {logging_mixin.py:104} INFO - [2023-10-11 17:20:40,067] {dag.py:1833} INFO - Sync 1 DAGs
[2023-10-11 17:20:40,092] {logging_mixin.py:104} INFO - [2023-10-11 17:20:40,091] {dag.py:2306} INFO - Setting next_dagrun for example_dag_decorator to None
[2023-10-11 17:20:40,112] {scheduler_job.py:190} INFO - Processing /home/airflow/.local/lib/python3.6/site-packages/airflow/example_dags/example_dag_decorator.py took 0.475 seconds
[2023-10-11 17:21:10,585] {scheduler_job.py:182} INFO - Started process (PID=1585) to work on /home/airflow/.local/lib/python3.6/site-packages/airflow/example_dags/example_dag_decorator.py
[2023-10-11 17:21:10,586] {scheduler_job.py:633} INFO - Processing file /home/airflow/.local/lib/python3.6/site-packages/airflow/example_dags/example_dag_decorator.py for tasks to queue
[2023-10-11 17:21:10,587] {logging_mixin.py:104} INFO - [2023-10-11 17:21:10,587] {dagbag.py:496} INFO - Filling up the DagBag from /home/airflow/.local/lib/python3.6/site-packages/airflow/example_dags/example_dag_decorator.py
[2023-10-11 17:21:10,610] {scheduler_job.py:643} INFO - DAG(s) dict_keys(['example_dag_decorator']) retrieved from /home/airflow/.local/lib/python3.6/site-packages/airflow/example_dags/example_dag_decorator.py
[2023-10-11 17:21:10,912] {logging_mixin.py:104} INFO - [2023-10-11 17:21:10,911] {dag.py:1833} INFO - Sync 1 DAGs
[2023-10-11 17:21:10,943] {logging_mixin.py:104} INFO - [2023-10-11 17:21:10,943] {dag.py:2306} INFO - Setting next_dagrun for example_dag_decorator to None
[2023-10-11 17:21:10,964] {scheduler_job.py:190} INFO - Processing /home/airflow/.local/lib/python3.6/site-packages/airflow/example_dags/example_dag_decorator.py took 0.381 seconds
[2023-10-11 17:21:41,597] {scheduler_job.py:182} INFO - Started process (PID=1659) to work on /home/airflow/.local/lib/python3.6/site-packages/airflow/example_dags/example_dag_decorator.py
[2023-10-11 17:21:41,598] {scheduler_job.py:633} INFO - Processing file /home/airflow/.local/lib/python3.6/site-packages/airflow/example_dags/example_dag_decorator.py for tasks to queue
[2023-10-11 17:21:41,600] {logging_mixin.py:104} INFO - [2023-10-11 17:21:41,600] {dagbag.py:496} INFO - Filling up the DagBag from /home/airflow/.local/lib/python3.6/site-packages/airflow/example_dags/example_dag_decorator.py
[2023-10-11 17:21:41,625] {scheduler_job.py:643} INFO - DAG(s) dict_keys(['example_dag_decorator']) retrieved from /home/airflow/.local/lib/python3.6/site-packages/airflow/example_dags/example_dag_decorator.py
[2023-10-11 17:21:41,938] {logging_mixin.py:104} INFO - [2023-10-11 17:21:41,937] {dag.py:1833} INFO - Sync 1 DAGs
[2023-10-11 17:21:41,957] {logging_mixin.py:104} INFO - [2023-10-11 17:21:41,957] {dag.py:2306} INFO - Setting next_dagrun for example_dag_decorator to None
[2023-10-11 17:21:41,974] {scheduler_job.py:190} INFO - Processing /home/airflow/.local/lib/python3.6/site-packages/airflow/example_dags/example_dag_decorator.py took 0.379 seconds
[2023-10-11 17:22:12,348] {scheduler_job.py:182} INFO - Started process (PID=1752) to work on /home/airflow/.local/lib/python3.6/site-packages/airflow/example_dags/example_dag_decorator.py
[2023-10-11 17:22:12,349] {scheduler_job.py:633} INFO - Processing file /home/airflow/.local/lib/python3.6/site-packages/airflow/example_dags/example_dag_decorator.py for tasks to queue
[2023-10-11 17:22:12,350] {logging_mixin.py:104} INFO - [2023-10-11 17:22:12,350] {dagbag.py:496} INFO - Filling up the DagBag from /home/airflow/.local/lib/python3.6/site-packages/airflow/example_dags/example_dag_decorator.py
[2023-10-11 17:22:12,376] {scheduler_job.py:643} INFO - DAG(s) dict_keys(['example_dag_decorator']) retrieved from /home/airflow/.local/lib/python3.6/site-packages/airflow/example_dags/example_dag_decorator.py
[2023-10-11 17:22:12,669] {logging_mixin.py:104} INFO - [2023-10-11 17:22:12,669] {dag.py:1833} INFO - Sync 1 DAGs
[2023-10-11 17:22:12,694] {logging_mixin.py:104} INFO - [2023-10-11 17:22:12,693] {dag.py:2306} INFO - Setting next_dagrun for example_dag_decorator to None
[2023-10-11 17:22:12,713] {scheduler_job.py:190} INFO - Processing /home/airflow/.local/lib/python3.6/site-packages/airflow/example_dags/example_dag_decorator.py took 0.367 seconds
[2023-10-11 17:22:42,961] {scheduler_job.py:182} INFO - Started process (PID=1827) to work on /home/airflow/.local/lib/python3.6/site-packages/airflow/example_dags/example_dag_decorator.py
[2023-10-11 17:22:42,962] {scheduler_job.py:633} INFO - Processing file /home/airflow/.local/lib/python3.6/site-packages/airflow/example_dags/example_dag_decorator.py for tasks to queue
[2023-10-11 17:22:42,963] {logging_mixin.py:104} INFO - [2023-10-11 17:22:42,963] {dagbag.py:496} INFO - Filling up the DagBag from /home/airflow/.local/lib/python3.6/site-packages/airflow/example_dags/example_dag_decorator.py
[2023-10-11 17:22:42,986] {scheduler_job.py:643} INFO - DAG(s) dict_keys(['example_dag_decorator']) retrieved from /home/airflow/.local/lib/python3.6/site-packages/airflow/example_dags/example_dag_decorator.py
[2023-10-11 17:22:43,244] {logging_mixin.py:104} INFO - [2023-10-11 17:22:43,244] {dag.py:1833} INFO - Sync 1 DAGs
[2023-10-11 17:22:43,261] {logging_mixin.py:104} INFO - [2023-10-11 17:22:43,261] {dag.py:2306} INFO - Setting next_dagrun for example_dag_decorator to None
[2023-10-11 17:22:43,276] {scheduler_job.py:190} INFO - Processing /home/airflow/.local/lib/python3.6/site-packages/airflow/example_dags/example_dag_decorator.py took 0.318 seconds
[2023-10-11 17:23:14,278] {scheduler_job.py:182} INFO - Started process (PID=1888) to work on /home/airflow/.local/lib/python3.6/site-packages/airflow/example_dags/example_dag_decorator.py
[2023-10-11 17:23:14,280] {scheduler_job.py:633} INFO - Processing file /home/airflow/.local/lib/python3.6/site-packages/airflow/example_dags/example_dag_decorator.py for tasks to queue
[2023-10-11 17:23:14,281] {logging_mixin.py:104} INFO - [2023-10-11 17:23:14,280] {dagbag.py:496} INFO - Filling up the DagBag from /home/airflow/.local/lib/python3.6/site-packages/airflow/example_dags/example_dag_decorator.py
[2023-10-11 17:23:14,313] {scheduler_job.py:643} INFO - DAG(s) dict_keys(['example_dag_decorator']) retrieved from /home/airflow/.local/lib/python3.6/site-packages/airflow/example_dags/example_dag_decorator.py
[2023-10-11 17:23:14,676] {logging_mixin.py:104} INFO - [2023-10-11 17:23:14,675] {dag.py:1833} INFO - Sync 1 DAGs
[2023-10-11 17:23:14,699] {logging_mixin.py:104} INFO - [2023-10-11 17:23:14,698] {dag.py:2306} INFO - Setting next_dagrun for example_dag_decorator to None
[2023-10-11 17:23:14,722] {scheduler_job.py:190} INFO - Processing /home/airflow/.local/lib/python3.6/site-packages/airflow/example_dags/example_dag_decorator.py took 0.448 seconds
[2023-10-11 17:23:45,137] {scheduler_job.py:182} INFO - Started process (PID=1971) to work on /home/airflow/.local/lib/python3.6/site-packages/airflow/example_dags/example_dag_decorator.py
[2023-10-11 17:23:45,138] {scheduler_job.py:633} INFO - Processing file /home/airflow/.local/lib/python3.6/site-packages/airflow/example_dags/example_dag_decorator.py for tasks to queue
[2023-10-11 17:23:45,139] {logging_mixin.py:104} INFO - [2023-10-11 17:23:45,138] {dagbag.py:496} INFO - Filling up the DagBag from /home/airflow/.local/lib/python3.6/site-packages/airflow/example_dags/example_dag_decorator.py
[2023-10-11 17:23:45,157] {scheduler_job.py:643} INFO - DAG(s) dict_keys(['example_dag_decorator']) retrieved from /home/airflow/.local/lib/python3.6/site-packages/airflow/example_dags/example_dag_decorator.py
[2023-10-11 17:23:45,332] {logging_mixin.py:104} INFO - [2023-10-11 17:23:45,332] {dag.py:1833} INFO - Sync 1 DAGs
[2023-10-11 17:23:45,345] {logging_mixin.py:104} INFO - [2023-10-11 17:23:45,345] {dag.py:2306} INFO - Setting next_dagrun for example_dag_decorator to None
[2023-10-11 17:23:45,358] {scheduler_job.py:190} INFO - Processing /home/airflow/.local/lib/python3.6/site-packages/airflow/example_dags/example_dag_decorator.py took 0.224 seconds
[2023-10-11 17:24:15,421] {scheduler_job.py:182} INFO - Started process (PID=2054) to work on /home/airflow/.local/lib/python3.6/site-packages/airflow/example_dags/example_dag_decorator.py
[2023-10-11 17:24:15,422] {scheduler_job.py:633} INFO - Processing file /home/airflow/.local/lib/python3.6/site-packages/airflow/example_dags/example_dag_decorator.py for tasks to queue
[2023-10-11 17:24:15,423] {logging_mixin.py:104} INFO - [2023-10-11 17:24:15,423] {dagbag.py:496} INFO - Filling up the DagBag from /home/airflow/.local/lib/python3.6/site-packages/airflow/example_dags/example_dag_decorator.py
[2023-10-11 17:24:15,445] {scheduler_job.py:643} INFO - DAG(s) dict_keys(['example_dag_decorator']) retrieved from /home/airflow/.local/lib/python3.6/site-packages/airflow/example_dags/example_dag_decorator.py
[2023-10-11 17:24:15,712] {logging_mixin.py:104} INFO - [2023-10-11 17:24:15,712] {dag.py:1833} INFO - Sync 1 DAGs
[2023-10-11 17:24:15,731] {logging_mixin.py:104} INFO - [2023-10-11 17:24:15,731] {dag.py:2306} INFO - Setting next_dagrun for example_dag_decorator to None
[2023-10-11 17:24:15,750] {scheduler_job.py:190} INFO - Processing /home/airflow/.local/lib/python3.6/site-packages/airflow/example_dags/example_dag_decorator.py took 0.331 seconds
[2023-10-11 17:24:45,884] {scheduler_job.py:182} INFO - Started process (PID=2130) to work on /home/airflow/.local/lib/python3.6/site-packages/airflow/example_dags/example_dag_decorator.py
[2023-10-11 17:24:45,885] {scheduler_job.py:633} INFO - Processing file /home/airflow/.local/lib/python3.6/site-packages/airflow/example_dags/example_dag_decorator.py for tasks to queue
[2023-10-11 17:24:45,886] {logging_mixin.py:104} INFO - [2023-10-11 17:24:45,886] {dagbag.py:496} INFO - Filling up the DagBag from /home/airflow/.local/lib/python3.6/site-packages/airflow/example_dags/example_dag_decorator.py
[2023-10-11 17:24:45,907] {scheduler_job.py:643} INFO - DAG(s) dict_keys(['example_dag_decorator']) retrieved from /home/airflow/.local/lib/python3.6/site-packages/airflow/example_dags/example_dag_decorator.py
[2023-10-11 17:24:46,076] {logging_mixin.py:104} INFO - [2023-10-11 17:24:46,076] {dag.py:1833} INFO - Sync 1 DAGs
[2023-10-11 17:24:46,090] {logging_mixin.py:104} INFO - [2023-10-11 17:24:46,090] {dag.py:2306} INFO - Setting next_dagrun for example_dag_decorator to None
[2023-10-11 17:24:46,103] {scheduler_job.py:190} INFO - Processing /home/airflow/.local/lib/python3.6/site-packages/airflow/example_dags/example_dag_decorator.py took 0.221 seconds
[2023-10-11 17:25:16,197] {scheduler_job.py:182} INFO - Started process (PID=2222) to work on /home/airflow/.local/lib/python3.6/site-packages/airflow/example_dags/example_dag_decorator.py
[2023-10-11 17:25:16,199] {scheduler_job.py:633} INFO - Processing file /home/airflow/.local/lib/python3.6/site-packages/airflow/example_dags/example_dag_decorator.py for tasks to queue
[2023-10-11 17:25:16,200] {logging_mixin.py:104} INFO - [2023-10-11 17:25:16,200] {dagbag.py:496} INFO - Filling up the DagBag from /home/airflow/.local/lib/python3.6/site-packages/airflow/example_dags/example_dag_decorator.py
[2023-10-11 17:25:16,226] {scheduler_job.py:643} INFO - DAG(s) dict_keys(['example_dag_decorator']) retrieved from /home/airflow/.local/lib/python3.6/site-packages/airflow/example_dags/example_dag_decorator.py
[2023-10-11 17:25:16,252] {logging_mixin.py:104} INFO - [2023-10-11 17:25:16,252] {dag.py:1833} INFO - Sync 1 DAGs
[2023-10-11 17:25:16,278] {logging_mixin.py:104} INFO - [2023-10-11 17:25:16,278] {dag.py:2306} INFO - Setting next_dagrun for example_dag_decorator to None
[2023-10-11 17:25:16,296] {scheduler_job.py:190} INFO - Processing /home/airflow/.local/lib/python3.6/site-packages/airflow/example_dags/example_dag_decorator.py took 0.103 seconds
[2023-10-11 17:25:46,671] {scheduler_job.py:182} INFO - Started process (PID=2297) to work on /home/airflow/.local/lib/python3.6/site-packages/airflow/example_dags/example_dag_decorator.py
[2023-10-11 17:25:46,672] {scheduler_job.py:633} INFO - Processing file /home/airflow/.local/lib/python3.6/site-packages/airflow/example_dags/example_dag_decorator.py for tasks to queue
[2023-10-11 17:25:46,673] {logging_mixin.py:104} INFO - [2023-10-11 17:25:46,673] {dagbag.py:496} INFO - Filling up the DagBag from /home/airflow/.local/lib/python3.6/site-packages/airflow/example_dags/example_dag_decorator.py
[2023-10-11 17:25:46,693] {scheduler_job.py:643} INFO - DAG(s) dict_keys(['example_dag_decorator']) retrieved from /home/airflow/.local/lib/python3.6/site-packages/airflow/example_dags/example_dag_decorator.py
[2023-10-11 17:25:46,921] {logging_mixin.py:104} INFO - [2023-10-11 17:25:46,921] {dag.py:1833} INFO - Sync 1 DAGs
[2023-10-11 17:25:46,935] {logging_mixin.py:104} INFO - [2023-10-11 17:25:46,935] {dag.py:2306} INFO - Setting next_dagrun for example_dag_decorator to None
[2023-10-11 17:25:46,950] {scheduler_job.py:190} INFO - Processing /home/airflow/.local/lib/python3.6/site-packages/airflow/example_dags/example_dag_decorator.py took 0.282 seconds
[2023-10-11 17:30:57,085] {scheduler_job.py:182} INFO - Started process (PID=102) to work on /home/airflow/.local/lib/python3.6/site-packages/airflow/example_dags/example_dag_decorator.py
[2023-10-11 17:30:57,089] {scheduler_job.py:633} INFO - Processing file /home/airflow/.local/lib/python3.6/site-packages/airflow/example_dags/example_dag_decorator.py for tasks to queue
[2023-10-11 17:30:57,091] {logging_mixin.py:104} INFO - [2023-10-11 17:30:57,090] {dagbag.py:496} INFO - Filling up the DagBag from /home/airflow/.local/lib/python3.6/site-packages/airflow/example_dags/example_dag_decorator.py
[2023-10-11 17:30:57,149] {scheduler_job.py:643} INFO - DAG(s) dict_keys(['example_dag_decorator']) retrieved from /home/airflow/.local/lib/python3.6/site-packages/airflow/example_dags/example_dag_decorator.py
