[2023-10-11 14:00:41,055] {scheduler_job.py:182} INFO - Started process (PID=413) to work on /home/airflow/.local/lib/python3.6/site-packages/airflow/example_dags/example_nested_branch_dag.py
[2023-10-11 14:00:41,057] {scheduler_job.py:633} INFO - Processing file /home/airflow/.local/lib/python3.6/site-packages/airflow/example_dags/example_nested_branch_dag.py for tasks to queue
[2023-10-11 14:00:41,058] {logging_mixin.py:104} INFO - [2023-10-11 14:00:41,058] {dagbag.py:496} INFO - Filling up the DagBag from /home/airflow/.local/lib/python3.6/site-packages/airflow/example_dags/example_nested_branch_dag.py
[2023-10-11 14:00:41,091] {scheduler_job.py:643} INFO - DAG(s) dict_keys(['example_nested_branch_dag']) retrieved from /home/airflow/.local/lib/python3.6/site-packages/airflow/example_dags/example_nested_branch_dag.py
[2023-10-11 14:00:46,148] {logging_mixin.py:104} INFO - [2023-10-11 14:00:46,148] {dag.py:1833} INFO - Sync 1 DAGs
[2023-10-11 14:00:46,204] {logging_mixin.py:104} INFO - [2023-10-11 14:00:46,203] {dag.py:1852} INFO - Creating ORM DAG for example_nested_branch_dag
[2023-10-11 14:00:46,219] {logging_mixin.py:104} INFO - [2023-10-11 14:00:46,219] {dag.py:2306} INFO - Setting next_dagrun for example_nested_branch_dag to 2023-10-09 00:00:00+00:00
[2023-10-11 14:00:46,245] {scheduler_job.py:190} INFO - Processing /home/airflow/.local/lib/python3.6/site-packages/airflow/example_dags/example_nested_branch_dag.py took 5.194 seconds
[2023-10-11 17:11:52,772] {scheduler_job.py:182} INFO - Started process (PID=87) to work on /home/airflow/.local/lib/python3.6/site-packages/airflow/example_dags/example_nested_branch_dag.py
[2023-10-11 17:11:52,774] {scheduler_job.py:633} INFO - Processing file /home/airflow/.local/lib/python3.6/site-packages/airflow/example_dags/example_nested_branch_dag.py for tasks to queue
[2023-10-11 17:11:52,775] {logging_mixin.py:104} INFO - [2023-10-11 17:11:52,774] {dagbag.py:496} INFO - Filling up the DagBag from /home/airflow/.local/lib/python3.6/site-packages/airflow/example_dags/example_nested_branch_dag.py
[2023-10-11 17:11:52,793] {scheduler_job.py:643} INFO - DAG(s) dict_keys(['example_nested_branch_dag']) retrieved from /home/airflow/.local/lib/python3.6/site-packages/airflow/example_dags/example_nested_branch_dag.py
[2023-10-11 17:11:53,069] {logging_mixin.py:104} INFO - [2023-10-11 17:11:53,068] {dag.py:1833} INFO - Sync 1 DAGs
[2023-10-11 17:11:53,094] {logging_mixin.py:104} INFO - [2023-10-11 17:11:53,094] {dag.py:2306} INFO - Setting next_dagrun for example_nested_branch_dag to 2023-10-09 00:00:00+00:00
[2023-10-11 17:11:53,116] {scheduler_job.py:190} INFO - Processing /home/airflow/.local/lib/python3.6/site-packages/airflow/example_dags/example_nested_branch_dag.py took 0.348 seconds
[2023-10-11 17:12:23,956] {scheduler_job.py:182} INFO - Started process (PID=195) to work on /home/airflow/.local/lib/python3.6/site-packages/airflow/example_dags/example_nested_branch_dag.py
[2023-10-11 17:12:23,957] {scheduler_job.py:633} INFO - Processing file /home/airflow/.local/lib/python3.6/site-packages/airflow/example_dags/example_nested_branch_dag.py for tasks to queue
[2023-10-11 17:12:23,958] {logging_mixin.py:104} INFO - [2023-10-11 17:12:23,958] {dagbag.py:496} INFO - Filling up the DagBag from /home/airflow/.local/lib/python3.6/site-packages/airflow/example_dags/example_nested_branch_dag.py
[2023-10-11 17:12:23,972] {scheduler_job.py:643} INFO - DAG(s) dict_keys(['example_nested_branch_dag']) retrieved from /home/airflow/.local/lib/python3.6/site-packages/airflow/example_dags/example_nested_branch_dag.py
[2023-10-11 17:12:24,002] {logging_mixin.py:104} INFO - [2023-10-11 17:12:24,002] {dag.py:1833} INFO - Sync 1 DAGs
[2023-10-11 17:12:24,028] {logging_mixin.py:104} INFO - [2023-10-11 17:12:24,028] {dag.py:2306} INFO - Setting next_dagrun for example_nested_branch_dag to 2023-10-09 00:00:00+00:00
[2023-10-11 17:12:24,046] {scheduler_job.py:190} INFO - Processing /home/airflow/.local/lib/python3.6/site-packages/airflow/example_dags/example_nested_branch_dag.py took 0.093 seconds
[2023-10-11 17:12:54,170] {scheduler_job.py:182} INFO - Started process (PID=249) to work on /home/airflow/.local/lib/python3.6/site-packages/airflow/example_dags/example_nested_branch_dag.py
[2023-10-11 17:12:54,171] {scheduler_job.py:633} INFO - Processing file /home/airflow/.local/lib/python3.6/site-packages/airflow/example_dags/example_nested_branch_dag.py for tasks to queue
[2023-10-11 17:12:54,172] {logging_mixin.py:104} INFO - [2023-10-11 17:12:54,172] {dagbag.py:496} INFO - Filling up the DagBag from /home/airflow/.local/lib/python3.6/site-packages/airflow/example_dags/example_nested_branch_dag.py
[2023-10-11 17:12:54,185] {scheduler_job.py:643} INFO - DAG(s) dict_keys(['example_nested_branch_dag']) retrieved from /home/airflow/.local/lib/python3.6/site-packages/airflow/example_dags/example_nested_branch_dag.py
[2023-10-11 17:12:54,206] {logging_mixin.py:104} INFO - [2023-10-11 17:12:54,206] {dag.py:1833} INFO - Sync 1 DAGs
[2023-10-11 17:12:54,222] {logging_mixin.py:104} INFO - [2023-10-11 17:12:54,222] {dag.py:2306} INFO - Setting next_dagrun for example_nested_branch_dag to 2023-10-09 00:00:00+00:00
[2023-10-11 17:12:54,233] {scheduler_job.py:190} INFO - Processing /home/airflow/.local/lib/python3.6/site-packages/airflow/example_dags/example_nested_branch_dag.py took 0.065 seconds
[2023-10-11 17:13:24,962] {scheduler_job.py:182} INFO - Started process (PID=332) to work on /home/airflow/.local/lib/python3.6/site-packages/airflow/example_dags/example_nested_branch_dag.py
[2023-10-11 17:13:24,965] {scheduler_job.py:633} INFO - Processing file /home/airflow/.local/lib/python3.6/site-packages/airflow/example_dags/example_nested_branch_dag.py for tasks to queue
[2023-10-11 17:13:24,966] {logging_mixin.py:104} INFO - [2023-10-11 17:13:24,966] {dagbag.py:496} INFO - Filling up the DagBag from /home/airflow/.local/lib/python3.6/site-packages/airflow/example_dags/example_nested_branch_dag.py
[2023-10-11 17:13:24,986] {scheduler_job.py:643} INFO - DAG(s) dict_keys(['example_nested_branch_dag']) retrieved from /home/airflow/.local/lib/python3.6/site-packages/airflow/example_dags/example_nested_branch_dag.py
[2023-10-11 17:13:25,015] {logging_mixin.py:104} INFO - [2023-10-11 17:13:25,015] {dag.py:1833} INFO - Sync 1 DAGs
[2023-10-11 17:13:25,041] {logging_mixin.py:104} INFO - [2023-10-11 17:13:25,041] {dag.py:2306} INFO - Setting next_dagrun for example_nested_branch_dag to 2023-10-09 00:00:00+00:00
[2023-10-11 17:13:25,057] {scheduler_job.py:190} INFO - Processing /home/airflow/.local/lib/python3.6/site-packages/airflow/example_dags/example_nested_branch_dag.py took 0.098 seconds
[2023-10-11 17:13:55,119] {scheduler_job.py:182} INFO - Started process (PID=406) to work on /home/airflow/.local/lib/python3.6/site-packages/airflow/example_dags/example_nested_branch_dag.py
[2023-10-11 17:13:55,120] {scheduler_job.py:633} INFO - Processing file /home/airflow/.local/lib/python3.6/site-packages/airflow/example_dags/example_nested_branch_dag.py for tasks to queue
[2023-10-11 17:13:55,122] {logging_mixin.py:104} INFO - [2023-10-11 17:13:55,121] {dagbag.py:496} INFO - Filling up the DagBag from /home/airflow/.local/lib/python3.6/site-packages/airflow/example_dags/example_nested_branch_dag.py
[2023-10-11 17:13:55,141] {scheduler_job.py:643} INFO - DAG(s) dict_keys(['example_nested_branch_dag']) retrieved from /home/airflow/.local/lib/python3.6/site-packages/airflow/example_dags/example_nested_branch_dag.py
[2023-10-11 17:13:55,177] {logging_mixin.py:104} INFO - [2023-10-11 17:13:55,177] {dag.py:1833} INFO - Sync 1 DAGs
[2023-10-11 17:13:55,203] {logging_mixin.py:104} INFO - [2023-10-11 17:13:55,202] {dag.py:2306} INFO - Setting next_dagrun for example_nested_branch_dag to 2023-10-09 00:00:00+00:00
[2023-10-11 17:13:55,220] {scheduler_job.py:190} INFO - Processing /home/airflow/.local/lib/python3.6/site-packages/airflow/example_dags/example_nested_branch_dag.py took 0.105 seconds
[2023-10-11 17:14:25,393] {scheduler_job.py:182} INFO - Started process (PID=499) to work on /home/airflow/.local/lib/python3.6/site-packages/airflow/example_dags/example_nested_branch_dag.py
[2023-10-11 17:14:25,394] {scheduler_job.py:633} INFO - Processing file /home/airflow/.local/lib/python3.6/site-packages/airflow/example_dags/example_nested_branch_dag.py for tasks to queue
[2023-10-11 17:14:25,395] {logging_mixin.py:104} INFO - [2023-10-11 17:14:25,395] {dagbag.py:496} INFO - Filling up the DagBag from /home/airflow/.local/lib/python3.6/site-packages/airflow/example_dags/example_nested_branch_dag.py
[2023-10-11 17:14:25,414] {scheduler_job.py:643} INFO - DAG(s) dict_keys(['example_nested_branch_dag']) retrieved from /home/airflow/.local/lib/python3.6/site-packages/airflow/example_dags/example_nested_branch_dag.py
[2023-10-11 17:14:25,445] {logging_mixin.py:104} INFO - [2023-10-11 17:14:25,445] {dag.py:1833} INFO - Sync 1 DAGs
[2023-10-11 17:14:25,473] {logging_mixin.py:104} INFO - [2023-10-11 17:14:25,473] {dag.py:2306} INFO - Setting next_dagrun for example_nested_branch_dag to 2023-10-09 00:00:00+00:00
[2023-10-11 17:14:25,488] {scheduler_job.py:190} INFO - Processing /home/airflow/.local/lib/python3.6/site-packages/airflow/example_dags/example_nested_branch_dag.py took 0.098 seconds
[2023-10-11 17:14:55,660] {scheduler_job.py:182} INFO - Started process (PID=572) to work on /home/airflow/.local/lib/python3.6/site-packages/airflow/example_dags/example_nested_branch_dag.py
[2023-10-11 17:14:55,661] {scheduler_job.py:633} INFO - Processing file /home/airflow/.local/lib/python3.6/site-packages/airflow/example_dags/example_nested_branch_dag.py for tasks to queue
[2023-10-11 17:14:55,662] {logging_mixin.py:104} INFO - [2023-10-11 17:14:55,661] {dagbag.py:496} INFO - Filling up the DagBag from /home/airflow/.local/lib/python3.6/site-packages/airflow/example_dags/example_nested_branch_dag.py
[2023-10-11 17:14:55,676] {scheduler_job.py:643} INFO - DAG(s) dict_keys(['example_nested_branch_dag']) retrieved from /home/airflow/.local/lib/python3.6/site-packages/airflow/example_dags/example_nested_branch_dag.py
[2023-10-11 17:14:55,703] {logging_mixin.py:104} INFO - [2023-10-11 17:14:55,703] {dag.py:1833} INFO - Sync 1 DAGs
[2023-10-11 17:14:55,731] {logging_mixin.py:104} INFO - [2023-10-11 17:14:55,731] {dag.py:2306} INFO - Setting next_dagrun for example_nested_branch_dag to 2023-10-09 00:00:00+00:00
[2023-10-11 17:14:55,745] {scheduler_job.py:190} INFO - Processing /home/airflow/.local/lib/python3.6/site-packages/airflow/example_dags/example_nested_branch_dag.py took 0.088 seconds
[2023-10-11 17:15:25,896] {scheduler_job.py:182} INFO - Started process (PID=655) to work on /home/airflow/.local/lib/python3.6/site-packages/airflow/example_dags/example_nested_branch_dag.py
[2023-10-11 17:15:25,898] {scheduler_job.py:633} INFO - Processing file /home/airflow/.local/lib/python3.6/site-packages/airflow/example_dags/example_nested_branch_dag.py for tasks to queue
[2023-10-11 17:15:25,899] {logging_mixin.py:104} INFO - [2023-10-11 17:15:25,899] {dagbag.py:496} INFO - Filling up the DagBag from /home/airflow/.local/lib/python3.6/site-packages/airflow/example_dags/example_nested_branch_dag.py
[2023-10-11 17:15:25,917] {scheduler_job.py:643} INFO - DAG(s) dict_keys(['example_nested_branch_dag']) retrieved from /home/airflow/.local/lib/python3.6/site-packages/airflow/example_dags/example_nested_branch_dag.py
[2023-10-11 17:15:25,946] {logging_mixin.py:104} INFO - [2023-10-11 17:15:25,946] {dag.py:1833} INFO - Sync 1 DAGs
[2023-10-11 17:15:25,972] {logging_mixin.py:104} INFO - [2023-10-11 17:15:25,972] {dag.py:2306} INFO - Setting next_dagrun for example_nested_branch_dag to 2023-10-09 00:00:00+00:00
[2023-10-11 17:15:25,987] {scheduler_job.py:190} INFO - Processing /home/airflow/.local/lib/python3.6/site-packages/airflow/example_dags/example_nested_branch_dag.py took 0.094 seconds
[2023-10-11 17:15:56,105] {scheduler_job.py:182} INFO - Started process (PID=740) to work on /home/airflow/.local/lib/python3.6/site-packages/airflow/example_dags/example_nested_branch_dag.py
[2023-10-11 17:15:56,106] {scheduler_job.py:633} INFO - Processing file /home/airflow/.local/lib/python3.6/site-packages/airflow/example_dags/example_nested_branch_dag.py for tasks to queue
[2023-10-11 17:15:56,107] {logging_mixin.py:104} INFO - [2023-10-11 17:15:56,107] {dagbag.py:496} INFO - Filling up the DagBag from /home/airflow/.local/lib/python3.6/site-packages/airflow/example_dags/example_nested_branch_dag.py
[2023-10-11 17:15:56,123] {scheduler_job.py:643} INFO - DAG(s) dict_keys(['example_nested_branch_dag']) retrieved from /home/airflow/.local/lib/python3.6/site-packages/airflow/example_dags/example_nested_branch_dag.py
[2023-10-11 17:15:56,158] {logging_mixin.py:104} INFO - [2023-10-11 17:15:56,158] {dag.py:1833} INFO - Sync 1 DAGs
[2023-10-11 17:15:56,182] {logging_mixin.py:104} INFO - [2023-10-11 17:15:56,182] {dag.py:2306} INFO - Setting next_dagrun for example_nested_branch_dag to 2023-10-09 00:00:00+00:00
[2023-10-11 17:15:56,197] {scheduler_job.py:190} INFO - Processing /home/airflow/.local/lib/python3.6/site-packages/airflow/example_dags/example_nested_branch_dag.py took 0.095 seconds
[2023-10-11 17:16:26,869] {scheduler_job.py:182} INFO - Started process (PID=823) to work on /home/airflow/.local/lib/python3.6/site-packages/airflow/example_dags/example_nested_branch_dag.py
[2023-10-11 17:16:26,871] {scheduler_job.py:633} INFO - Processing file /home/airflow/.local/lib/python3.6/site-packages/airflow/example_dags/example_nested_branch_dag.py for tasks to queue
[2023-10-11 17:16:26,872] {logging_mixin.py:104} INFO - [2023-10-11 17:16:26,872] {dagbag.py:496} INFO - Filling up the DagBag from /home/airflow/.local/lib/python3.6/site-packages/airflow/example_dags/example_nested_branch_dag.py
[2023-10-11 17:16:26,892] {scheduler_job.py:643} INFO - DAG(s) dict_keys(['example_nested_branch_dag']) retrieved from /home/airflow/.local/lib/python3.6/site-packages/airflow/example_dags/example_nested_branch_dag.py
[2023-10-11 17:16:26,920] {logging_mixin.py:104} INFO - [2023-10-11 17:16:26,920] {dag.py:1833} INFO - Sync 1 DAGs
[2023-10-11 17:16:26,942] {logging_mixin.py:104} INFO - [2023-10-11 17:16:26,942] {dag.py:2306} INFO - Setting next_dagrun for example_nested_branch_dag to 2023-10-09 00:00:00+00:00
[2023-10-11 17:16:26,958] {scheduler_job.py:190} INFO - Processing /home/airflow/.local/lib/python3.6/site-packages/airflow/example_dags/example_nested_branch_dag.py took 0.092 seconds
[2023-10-11 17:16:57,087] {scheduler_job.py:182} INFO - Started process (PID=896) to work on /home/airflow/.local/lib/python3.6/site-packages/airflow/example_dags/example_nested_branch_dag.py
[2023-10-11 17:16:57,088] {scheduler_job.py:633} INFO - Processing file /home/airflow/.local/lib/python3.6/site-packages/airflow/example_dags/example_nested_branch_dag.py for tasks to queue
[2023-10-11 17:16:57,089] {logging_mixin.py:104} INFO - [2023-10-11 17:16:57,089] {dagbag.py:496} INFO - Filling up the DagBag from /home/airflow/.local/lib/python3.6/site-packages/airflow/example_dags/example_nested_branch_dag.py
[2023-10-11 17:16:57,107] {scheduler_job.py:643} INFO - DAG(s) dict_keys(['example_nested_branch_dag']) retrieved from /home/airflow/.local/lib/python3.6/site-packages/airflow/example_dags/example_nested_branch_dag.py
[2023-10-11 17:16:57,139] {logging_mixin.py:104} INFO - [2023-10-11 17:16:57,139] {dag.py:1833} INFO - Sync 1 DAGs
[2023-10-11 17:16:57,169] {logging_mixin.py:104} INFO - [2023-10-11 17:16:57,169] {dag.py:2306} INFO - Setting next_dagrun for example_nested_branch_dag to 2023-10-09 00:00:00+00:00
[2023-10-11 17:16:57,181] {scheduler_job.py:190} INFO - Processing /home/airflow/.local/lib/python3.6/site-packages/airflow/example_dags/example_nested_branch_dag.py took 0.098 seconds
[2023-10-11 17:17:27,310] {scheduler_job.py:182} INFO - Started process (PID=990) to work on /home/airflow/.local/lib/python3.6/site-packages/airflow/example_dags/example_nested_branch_dag.py
[2023-10-11 17:17:27,312] {scheduler_job.py:633} INFO - Processing file /home/airflow/.local/lib/python3.6/site-packages/airflow/example_dags/example_nested_branch_dag.py for tasks to queue
[2023-10-11 17:17:27,313] {logging_mixin.py:104} INFO - [2023-10-11 17:17:27,313] {dagbag.py:496} INFO - Filling up the DagBag from /home/airflow/.local/lib/python3.6/site-packages/airflow/example_dags/example_nested_branch_dag.py
[2023-10-11 17:17:27,334] {scheduler_job.py:643} INFO - DAG(s) dict_keys(['example_nested_branch_dag']) retrieved from /home/airflow/.local/lib/python3.6/site-packages/airflow/example_dags/example_nested_branch_dag.py
[2023-10-11 17:17:27,368] {logging_mixin.py:104} INFO - [2023-10-11 17:17:27,368] {dag.py:1833} INFO - Sync 1 DAGs
[2023-10-11 17:17:27,394] {logging_mixin.py:104} INFO - [2023-10-11 17:17:27,394] {dag.py:2306} INFO - Setting next_dagrun for example_nested_branch_dag to 2023-10-09 00:00:00+00:00
[2023-10-11 17:17:27,411] {scheduler_job.py:190} INFO - Processing /home/airflow/.local/lib/python3.6/site-packages/airflow/example_dags/example_nested_branch_dag.py took 0.104 seconds
[2023-10-11 17:17:57,537] {scheduler_job.py:182} INFO - Started process (PID=1064) to work on /home/airflow/.local/lib/python3.6/site-packages/airflow/example_dags/example_nested_branch_dag.py
[2023-10-11 17:17:57,538] {scheduler_job.py:633} INFO - Processing file /home/airflow/.local/lib/python3.6/site-packages/airflow/example_dags/example_nested_branch_dag.py for tasks to queue
[2023-10-11 17:17:57,539] {logging_mixin.py:104} INFO - [2023-10-11 17:17:57,539] {dagbag.py:496} INFO - Filling up the DagBag from /home/airflow/.local/lib/python3.6/site-packages/airflow/example_dags/example_nested_branch_dag.py
[2023-10-11 17:17:57,553] {scheduler_job.py:643} INFO - DAG(s) dict_keys(['example_nested_branch_dag']) retrieved from /home/airflow/.local/lib/python3.6/site-packages/airflow/example_dags/example_nested_branch_dag.py
[2023-10-11 17:17:57,579] {logging_mixin.py:104} INFO - [2023-10-11 17:17:57,579] {dag.py:1833} INFO - Sync 1 DAGs
[2023-10-11 17:17:57,600] {logging_mixin.py:104} INFO - [2023-10-11 17:17:57,600] {dag.py:2306} INFO - Setting next_dagrun for example_nested_branch_dag to 2023-10-09 00:00:00+00:00
[2023-10-11 17:17:57,615] {scheduler_job.py:190} INFO - Processing /home/airflow/.local/lib/python3.6/site-packages/airflow/example_dags/example_nested_branch_dag.py took 0.080 seconds
[2023-10-11 17:18:28,350] {scheduler_job.py:182} INFO - Started process (PID=1147) to work on /home/airflow/.local/lib/python3.6/site-packages/airflow/example_dags/example_nested_branch_dag.py
[2023-10-11 17:18:28,351] {scheduler_job.py:633} INFO - Processing file /home/airflow/.local/lib/python3.6/site-packages/airflow/example_dags/example_nested_branch_dag.py for tasks to queue
[2023-10-11 17:18:28,352] {logging_mixin.py:104} INFO - [2023-10-11 17:18:28,352] {dagbag.py:496} INFO - Filling up the DagBag from /home/airflow/.local/lib/python3.6/site-packages/airflow/example_dags/example_nested_branch_dag.py
[2023-10-11 17:18:28,363] {scheduler_job.py:643} INFO - DAG(s) dict_keys(['example_nested_branch_dag']) retrieved from /home/airflow/.local/lib/python3.6/site-packages/airflow/example_dags/example_nested_branch_dag.py
[2023-10-11 17:18:28,383] {logging_mixin.py:104} INFO - [2023-10-11 17:18:28,383] {dag.py:1833} INFO - Sync 1 DAGs
[2023-10-11 17:18:28,402] {logging_mixin.py:104} INFO - [2023-10-11 17:18:28,402] {dag.py:2306} INFO - Setting next_dagrun for example_nested_branch_dag to 2023-10-09 00:00:00+00:00
[2023-10-11 17:18:28,413] {scheduler_job.py:190} INFO - Processing /home/airflow/.local/lib/python3.6/site-packages/airflow/example_dags/example_nested_branch_dag.py took 0.064 seconds
[2023-10-11 17:18:58,679] {scheduler_job.py:182} INFO - Started process (PID=1221) to work on /home/airflow/.local/lib/python3.6/site-packages/airflow/example_dags/example_nested_branch_dag.py
[2023-10-11 17:18:58,680] {scheduler_job.py:633} INFO - Processing file /home/airflow/.local/lib/python3.6/site-packages/airflow/example_dags/example_nested_branch_dag.py for tasks to queue
[2023-10-11 17:18:58,681] {logging_mixin.py:104} INFO - [2023-10-11 17:18:58,681] {dagbag.py:496} INFO - Filling up the DagBag from /home/airflow/.local/lib/python3.6/site-packages/airflow/example_dags/example_nested_branch_dag.py
[2023-10-11 17:18:58,691] {scheduler_job.py:643} INFO - DAG(s) dict_keys(['example_nested_branch_dag']) retrieved from /home/airflow/.local/lib/python3.6/site-packages/airflow/example_dags/example_nested_branch_dag.py
[2023-10-11 17:18:58,713] {logging_mixin.py:104} INFO - [2023-10-11 17:18:58,713] {dag.py:1833} INFO - Sync 1 DAGs
[2023-10-11 17:18:58,730] {logging_mixin.py:104} INFO - [2023-10-11 17:18:58,729] {dag.py:2306} INFO - Setting next_dagrun for example_nested_branch_dag to 2023-10-09 00:00:00+00:00
[2023-10-11 17:18:58,743] {scheduler_job.py:190} INFO - Processing /home/airflow/.local/lib/python3.6/site-packages/airflow/example_dags/example_nested_branch_dag.py took 0.066 seconds
[2023-10-11 17:19:29,446] {scheduler_job.py:182} INFO - Started process (PID=1304) to work on /home/airflow/.local/lib/python3.6/site-packages/airflow/example_dags/example_nested_branch_dag.py
[2023-10-11 17:19:29,452] {scheduler_job.py:633} INFO - Processing file /home/airflow/.local/lib/python3.6/site-packages/airflow/example_dags/example_nested_branch_dag.py for tasks to queue
[2023-10-11 17:19:29,453] {logging_mixin.py:104} INFO - [2023-10-11 17:19:29,453] {dagbag.py:496} INFO - Filling up the DagBag from /home/airflow/.local/lib/python3.6/site-packages/airflow/example_dags/example_nested_branch_dag.py
[2023-10-11 17:19:29,525] {scheduler_job.py:643} INFO - DAG(s) dict_keys(['example_nested_branch_dag']) retrieved from /home/airflow/.local/lib/python3.6/site-packages/airflow/example_dags/example_nested_branch_dag.py
[2023-10-11 17:19:29,591] {logging_mixin.py:104} INFO - [2023-10-11 17:19:29,590] {dag.py:1833} INFO - Sync 1 DAGs
[2023-10-11 17:19:29,658] {logging_mixin.py:104} INFO - [2023-10-11 17:19:29,658] {dag.py:2306} INFO - Setting next_dagrun for example_nested_branch_dag to 2023-10-09 00:00:00+00:00
[2023-10-11 17:19:29,682] {scheduler_job.py:190} INFO - Processing /home/airflow/.local/lib/python3.6/site-packages/airflow/example_dags/example_nested_branch_dag.py took 0.245 seconds
[2023-10-11 17:19:59,927] {scheduler_job.py:182} INFO - Started process (PID=1389) to work on /home/airflow/.local/lib/python3.6/site-packages/airflow/example_dags/example_nested_branch_dag.py
[2023-10-11 17:19:59,936] {scheduler_job.py:633} INFO - Processing file /home/airflow/.local/lib/python3.6/site-packages/airflow/example_dags/example_nested_branch_dag.py for tasks to queue
[2023-10-11 17:19:59,942] {logging_mixin.py:104} INFO - [2023-10-11 17:19:59,942] {dagbag.py:496} INFO - Filling up the DagBag from /home/airflow/.local/lib/python3.6/site-packages/airflow/example_dags/example_nested_branch_dag.py
[2023-10-11 17:19:59,970] {scheduler_job.py:643} INFO - DAG(s) dict_keys(['example_nested_branch_dag']) retrieved from /home/airflow/.local/lib/python3.6/site-packages/airflow/example_dags/example_nested_branch_dag.py
[2023-10-11 17:20:00,077] {logging_mixin.py:104} INFO - [2023-10-11 17:20:00,076] {dag.py:1833} INFO - Sync 1 DAGs
[2023-10-11 17:20:00,128] {logging_mixin.py:104} INFO - [2023-10-11 17:20:00,128] {dag.py:2306} INFO - Setting next_dagrun for example_nested_branch_dag to 2023-10-09 00:00:00+00:00
[2023-10-11 17:20:00,171] {scheduler_job.py:190} INFO - Processing /home/airflow/.local/lib/python3.6/site-packages/airflow/example_dags/example_nested_branch_dag.py took 0.247 seconds
[2023-10-11 17:20:30,234] {scheduler_job.py:182} INFO - Started process (PID=1449) to work on /home/airflow/.local/lib/python3.6/site-packages/airflow/example_dags/example_nested_branch_dag.py
[2023-10-11 17:20:30,235] {scheduler_job.py:633} INFO - Processing file /home/airflow/.local/lib/python3.6/site-packages/airflow/example_dags/example_nested_branch_dag.py for tasks to queue
[2023-10-11 17:20:30,235] {logging_mixin.py:104} INFO - [2023-10-11 17:20:30,235] {dagbag.py:496} INFO - Filling up the DagBag from /home/airflow/.local/lib/python3.6/site-packages/airflow/example_dags/example_nested_branch_dag.py
[2023-10-11 17:20:30,247] {scheduler_job.py:643} INFO - DAG(s) dict_keys(['example_nested_branch_dag']) retrieved from /home/airflow/.local/lib/python3.6/site-packages/airflow/example_dags/example_nested_branch_dag.py
[2023-10-11 17:20:30,270] {logging_mixin.py:104} INFO - [2023-10-11 17:20:30,270] {dag.py:1833} INFO - Sync 1 DAGs
[2023-10-11 17:20:30,296] {logging_mixin.py:104} INFO - [2023-10-11 17:20:30,296] {dag.py:2306} INFO - Setting next_dagrun for example_nested_branch_dag to 2023-10-09 00:00:00+00:00
[2023-10-11 17:20:30,313] {scheduler_job.py:190} INFO - Processing /home/airflow/.local/lib/python3.6/site-packages/airflow/example_dags/example_nested_branch_dag.py took 0.081 seconds
[2023-10-11 17:21:01,070] {scheduler_job.py:182} INFO - Started process (PID=1524) to work on /home/airflow/.local/lib/python3.6/site-packages/airflow/example_dags/example_nested_branch_dag.py
[2023-10-11 17:21:01,071] {scheduler_job.py:633} INFO - Processing file /home/airflow/.local/lib/python3.6/site-packages/airflow/example_dags/example_nested_branch_dag.py for tasks to queue
[2023-10-11 17:21:01,071] {logging_mixin.py:104} INFO - [2023-10-11 17:21:01,071] {dagbag.py:496} INFO - Filling up the DagBag from /home/airflow/.local/lib/python3.6/site-packages/airflow/example_dags/example_nested_branch_dag.py
[2023-10-11 17:21:01,084] {scheduler_job.py:643} INFO - DAG(s) dict_keys(['example_nested_branch_dag']) retrieved from /home/airflow/.local/lib/python3.6/site-packages/airflow/example_dags/example_nested_branch_dag.py
[2023-10-11 17:21:01,108] {logging_mixin.py:104} INFO - [2023-10-11 17:21:01,107] {dag.py:1833} INFO - Sync 1 DAGs
[2023-10-11 17:21:01,126] {logging_mixin.py:104} INFO - [2023-10-11 17:21:01,126] {dag.py:2306} INFO - Setting next_dagrun for example_nested_branch_dag to 2023-10-09 00:00:00+00:00
[2023-10-11 17:21:01,138] {scheduler_job.py:190} INFO - Processing /home/airflow/.local/lib/python3.6/site-packages/airflow/example_dags/example_nested_branch_dag.py took 0.071 seconds
[2023-10-11 17:21:31,277] {scheduler_job.py:182} INFO - Started process (PID=1607) to work on /home/airflow/.local/lib/python3.6/site-packages/airflow/example_dags/example_nested_branch_dag.py
[2023-10-11 17:21:31,278] {scheduler_job.py:633} INFO - Processing file /home/airflow/.local/lib/python3.6/site-packages/airflow/example_dags/example_nested_branch_dag.py for tasks to queue
[2023-10-11 17:21:31,279] {logging_mixin.py:104} INFO - [2023-10-11 17:21:31,279] {dagbag.py:496} INFO - Filling up the DagBag from /home/airflow/.local/lib/python3.6/site-packages/airflow/example_dags/example_nested_branch_dag.py
[2023-10-11 17:21:31,291] {scheduler_job.py:643} INFO - DAG(s) dict_keys(['example_nested_branch_dag']) retrieved from /home/airflow/.local/lib/python3.6/site-packages/airflow/example_dags/example_nested_branch_dag.py
[2023-10-11 17:21:31,314] {logging_mixin.py:104} INFO - [2023-10-11 17:21:31,314] {dag.py:1833} INFO - Sync 1 DAGs
[2023-10-11 17:21:31,334] {logging_mixin.py:104} INFO - [2023-10-11 17:21:31,334] {dag.py:2306} INFO - Setting next_dagrun for example_nested_branch_dag to 2023-10-09 00:00:00+00:00
[2023-10-11 17:21:31,346] {scheduler_job.py:190} INFO - Processing /home/airflow/.local/lib/python3.6/site-packages/airflow/example_dags/example_nested_branch_dag.py took 0.071 seconds
[2023-10-11 17:22:01,421] {scheduler_job.py:182} INFO - Started process (PID=1692) to work on /home/airflow/.local/lib/python3.6/site-packages/airflow/example_dags/example_nested_branch_dag.py
[2023-10-11 17:22:01,423] {scheduler_job.py:633} INFO - Processing file /home/airflow/.local/lib/python3.6/site-packages/airflow/example_dags/example_nested_branch_dag.py for tasks to queue
[2023-10-11 17:22:01,423] {logging_mixin.py:104} INFO - [2023-10-11 17:22:01,423] {dagbag.py:496} INFO - Filling up the DagBag from /home/airflow/.local/lib/python3.6/site-packages/airflow/example_dags/example_nested_branch_dag.py
[2023-10-11 17:22:01,437] {scheduler_job.py:643} INFO - DAG(s) dict_keys(['example_nested_branch_dag']) retrieved from /home/airflow/.local/lib/python3.6/site-packages/airflow/example_dags/example_nested_branch_dag.py
[2023-10-11 17:22:01,468] {logging_mixin.py:104} INFO - [2023-10-11 17:22:01,468] {dag.py:1833} INFO - Sync 1 DAGs
[2023-10-11 17:22:01,496] {logging_mixin.py:104} INFO - [2023-10-11 17:22:01,496] {dag.py:2306} INFO - Setting next_dagrun for example_nested_branch_dag to 2023-10-09 00:00:00+00:00
[2023-10-11 17:22:01,514] {scheduler_job.py:190} INFO - Processing /home/airflow/.local/lib/python3.6/site-packages/airflow/example_dags/example_nested_branch_dag.py took 0.096 seconds
[2023-10-11 17:22:31,600] {scheduler_job.py:182} INFO - Started process (PID=1775) to work on /home/airflow/.local/lib/python3.6/site-packages/airflow/example_dags/example_nested_branch_dag.py
[2023-10-11 17:22:31,602] {scheduler_job.py:633} INFO - Processing file /home/airflow/.local/lib/python3.6/site-packages/airflow/example_dags/example_nested_branch_dag.py for tasks to queue
[2023-10-11 17:22:31,603] {logging_mixin.py:104} INFO - [2023-10-11 17:22:31,603] {dagbag.py:496} INFO - Filling up the DagBag from /home/airflow/.local/lib/python3.6/site-packages/airflow/example_dags/example_nested_branch_dag.py
[2023-10-11 17:22:31,623] {scheduler_job.py:643} INFO - DAG(s) dict_keys(['example_nested_branch_dag']) retrieved from /home/airflow/.local/lib/python3.6/site-packages/airflow/example_dags/example_nested_branch_dag.py
[2023-10-11 17:22:31,654] {logging_mixin.py:104} INFO - [2023-10-11 17:22:31,654] {dag.py:1833} INFO - Sync 1 DAGs
[2023-10-11 17:22:31,679] {logging_mixin.py:104} INFO - [2023-10-11 17:22:31,679] {dag.py:2306} INFO - Setting next_dagrun for example_nested_branch_dag to 2023-10-09 00:00:00+00:00
[2023-10-11 17:22:31,697] {scheduler_job.py:190} INFO - Processing /home/airflow/.local/lib/python3.6/site-packages/airflow/example_dags/example_nested_branch_dag.py took 0.100 seconds
[2023-10-11 17:23:02,292] {scheduler_job.py:182} INFO - Started process (PID=1849) to work on /home/airflow/.local/lib/python3.6/site-packages/airflow/example_dags/example_nested_branch_dag.py
[2023-10-11 17:23:02,293] {scheduler_job.py:633} INFO - Processing file /home/airflow/.local/lib/python3.6/site-packages/airflow/example_dags/example_nested_branch_dag.py for tasks to queue
[2023-10-11 17:23:02,294] {logging_mixin.py:104} INFO - [2023-10-11 17:23:02,294] {dagbag.py:496} INFO - Filling up the DagBag from /home/airflow/.local/lib/python3.6/site-packages/airflow/example_dags/example_nested_branch_dag.py
[2023-10-11 17:23:02,307] {scheduler_job.py:643} INFO - DAG(s) dict_keys(['example_nested_branch_dag']) retrieved from /home/airflow/.local/lib/python3.6/site-packages/airflow/example_dags/example_nested_branch_dag.py
[2023-10-11 17:23:02,332] {logging_mixin.py:104} INFO - [2023-10-11 17:23:02,332] {dag.py:1833} INFO - Sync 1 DAGs
[2023-10-11 17:23:02,351] {logging_mixin.py:104} INFO - [2023-10-11 17:23:02,351] {dag.py:2306} INFO - Setting next_dagrun for example_nested_branch_dag to 2023-10-09 00:00:00+00:00
[2023-10-11 17:23:02,365] {scheduler_job.py:190} INFO - Processing /home/airflow/.local/lib/python3.6/site-packages/airflow/example_dags/example_nested_branch_dag.py took 0.075 seconds
[2023-10-11 17:23:32,991] {scheduler_job.py:182} INFO - Started process (PID=1942) to work on /home/airflow/.local/lib/python3.6/site-packages/airflow/example_dags/example_nested_branch_dag.py
[2023-10-11 17:23:32,992] {scheduler_job.py:633} INFO - Processing file /home/airflow/.local/lib/python3.6/site-packages/airflow/example_dags/example_nested_branch_dag.py for tasks to queue
[2023-10-11 17:23:32,993] {logging_mixin.py:104} INFO - [2023-10-11 17:23:32,993] {dagbag.py:496} INFO - Filling up the DagBag from /home/airflow/.local/lib/python3.6/site-packages/airflow/example_dags/example_nested_branch_dag.py
[2023-10-11 17:23:33,008] {scheduler_job.py:643} INFO - DAG(s) dict_keys(['example_nested_branch_dag']) retrieved from /home/airflow/.local/lib/python3.6/site-packages/airflow/example_dags/example_nested_branch_dag.py
[2023-10-11 17:23:33,031] {logging_mixin.py:104} INFO - [2023-10-11 17:23:33,031] {dag.py:1833} INFO - Sync 1 DAGs
[2023-10-11 17:23:33,048] {logging_mixin.py:104} INFO - [2023-10-11 17:23:33,048] {dag.py:2306} INFO - Setting next_dagrun for example_nested_branch_dag to 2023-10-09 00:00:00+00:00
[2023-10-11 17:23:33,061] {scheduler_job.py:190} INFO - Processing /home/airflow/.local/lib/python3.6/site-packages/airflow/example_dags/example_nested_branch_dag.py took 0.072 seconds
[2023-10-11 17:24:03,335] {scheduler_job.py:182} INFO - Started process (PID=2020) to work on /home/airflow/.local/lib/python3.6/site-packages/airflow/example_dags/example_nested_branch_dag.py
[2023-10-11 17:24:03,337] {scheduler_job.py:633} INFO - Processing file /home/airflow/.local/lib/python3.6/site-packages/airflow/example_dags/example_nested_branch_dag.py for tasks to queue
[2023-10-11 17:24:03,338] {logging_mixin.py:104} INFO - [2023-10-11 17:24:03,338] {dagbag.py:496} INFO - Filling up the DagBag from /home/airflow/.local/lib/python3.6/site-packages/airflow/example_dags/example_nested_branch_dag.py
[2023-10-11 17:24:03,362] {scheduler_job.py:643} INFO - DAG(s) dict_keys(['example_nested_branch_dag']) retrieved from /home/airflow/.local/lib/python3.6/site-packages/airflow/example_dags/example_nested_branch_dag.py
[2023-10-11 17:24:03,401] {logging_mixin.py:104} INFO - [2023-10-11 17:24:03,401] {dag.py:1833} INFO - Sync 1 DAGs
[2023-10-11 17:24:03,431] {logging_mixin.py:104} INFO - [2023-10-11 17:24:03,431] {dag.py:2306} INFO - Setting next_dagrun for example_nested_branch_dag to 2023-10-09 00:00:00+00:00
[2023-10-11 17:24:03,449] {scheduler_job.py:190} INFO - Processing /home/airflow/.local/lib/python3.6/site-packages/airflow/example_dags/example_nested_branch_dag.py took 0.119 seconds
[2023-10-11 17:24:33,564] {scheduler_job.py:182} INFO - Started process (PID=2105) to work on /home/airflow/.local/lib/python3.6/site-packages/airflow/example_dags/example_nested_branch_dag.py
[2023-10-11 17:24:33,565] {scheduler_job.py:633} INFO - Processing file /home/airflow/.local/lib/python3.6/site-packages/airflow/example_dags/example_nested_branch_dag.py for tasks to queue
[2023-10-11 17:24:33,571] {logging_mixin.py:104} INFO - [2023-10-11 17:24:33,571] {dagbag.py:496} INFO - Filling up the DagBag from /home/airflow/.local/lib/python3.6/site-packages/airflow/example_dags/example_nested_branch_dag.py
[2023-10-11 17:24:33,600] {scheduler_job.py:643} INFO - DAG(s) dict_keys(['example_nested_branch_dag']) retrieved from /home/airflow/.local/lib/python3.6/site-packages/airflow/example_dags/example_nested_branch_dag.py
[2023-10-11 17:24:33,642] {logging_mixin.py:104} INFO - [2023-10-11 17:24:33,642] {dag.py:1833} INFO - Sync 1 DAGs
[2023-10-11 17:24:33,668] {logging_mixin.py:104} INFO - [2023-10-11 17:24:33,668] {dag.py:2306} INFO - Setting next_dagrun for example_nested_branch_dag to 2023-10-09 00:00:00+00:00
[2023-10-11 17:24:33,684] {scheduler_job.py:190} INFO - Processing /home/airflow/.local/lib/python3.6/site-packages/airflow/example_dags/example_nested_branch_dag.py took 0.127 seconds
[2023-10-11 17:25:03,860] {scheduler_job.py:182} INFO - Started process (PID=2187) to work on /home/airflow/.local/lib/python3.6/site-packages/airflow/example_dags/example_nested_branch_dag.py
[2023-10-11 17:25:03,862] {scheduler_job.py:633} INFO - Processing file /home/airflow/.local/lib/python3.6/site-packages/airflow/example_dags/example_nested_branch_dag.py for tasks to queue
[2023-10-11 17:25:03,864] {logging_mixin.py:104} INFO - [2023-10-11 17:25:03,864] {dagbag.py:496} INFO - Filling up the DagBag from /home/airflow/.local/lib/python3.6/site-packages/airflow/example_dags/example_nested_branch_dag.py
[2023-10-11 17:25:03,891] {scheduler_job.py:643} INFO - DAG(s) dict_keys(['example_nested_branch_dag']) retrieved from /home/airflow/.local/lib/python3.6/site-packages/airflow/example_dags/example_nested_branch_dag.py
[2023-10-11 17:25:03,926] {logging_mixin.py:104} INFO - [2023-10-11 17:25:03,926] {dag.py:1833} INFO - Sync 1 DAGs
[2023-10-11 17:25:03,961] {logging_mixin.py:104} INFO - [2023-10-11 17:25:03,960] {dag.py:2306} INFO - Setting next_dagrun for example_nested_branch_dag to 2023-10-09 00:00:00+00:00
[2023-10-11 17:25:03,979] {scheduler_job.py:190} INFO - Processing /home/airflow/.local/lib/python3.6/site-packages/airflow/example_dags/example_nested_branch_dag.py took 0.124 seconds
[2023-10-11 17:25:34,520] {scheduler_job.py:182} INFO - Started process (PID=2267) to work on /home/airflow/.local/lib/python3.6/site-packages/airflow/example_dags/example_nested_branch_dag.py
[2023-10-11 17:25:34,521] {scheduler_job.py:633} INFO - Processing file /home/airflow/.local/lib/python3.6/site-packages/airflow/example_dags/example_nested_branch_dag.py for tasks to queue
[2023-10-11 17:25:34,522] {logging_mixin.py:104} INFO - [2023-10-11 17:25:34,522] {dagbag.py:496} INFO - Filling up the DagBag from /home/airflow/.local/lib/python3.6/site-packages/airflow/example_dags/example_nested_branch_dag.py
[2023-10-11 17:25:34,545] {scheduler_job.py:643} INFO - DAG(s) dict_keys(['example_nested_branch_dag']) retrieved from /home/airflow/.local/lib/python3.6/site-packages/airflow/example_dags/example_nested_branch_dag.py
[2023-10-11 17:25:34,575] {logging_mixin.py:104} INFO - [2023-10-11 17:25:34,575] {dag.py:1833} INFO - Sync 1 DAGs
[2023-10-11 17:25:34,599] {logging_mixin.py:104} INFO - [2023-10-11 17:25:34,599] {dag.py:2306} INFO - Setting next_dagrun for example_nested_branch_dag to 2023-10-09 00:00:00+00:00
[2023-10-11 17:25:34,612] {scheduler_job.py:190} INFO - Processing /home/airflow/.local/lib/python3.6/site-packages/airflow/example_dags/example_nested_branch_dag.py took 0.096 seconds
