[2023-10-11 14:00:24,425] {scheduler_job.py:182} INFO - Started process (PID=314) to work on /home/airflow/.local/lib/python3.6/site-packages/airflow/example_dags/example_branch_labels.py
[2023-10-11 14:00:24,426] {scheduler_job.py:633} INFO - Processing file /home/airflow/.local/lib/python3.6/site-packages/airflow/example_dags/example_branch_labels.py for tasks to queue
[2023-10-11 14:00:24,427] {logging_mixin.py:104} INFO - [2023-10-11 14:00:24,427] {dagbag.py:496} INFO - Filling up the DagBag from /home/airflow/.local/lib/python3.6/site-packages/airflow/example_dags/example_branch_labels.py
[2023-10-11 14:00:24,449] {scheduler_job.py:643} INFO - DAG(s) dict_keys(['example_branch_labels']) retrieved from /home/airflow/.local/lib/python3.6/site-packages/airflow/example_dags/example_branch_labels.py
[2023-10-11 14:00:29,264] {logging_mixin.py:104} INFO - [2023-10-11 14:00:29,264] {dag.py:1833} INFO - Sync 1 DAGs
[2023-10-11 14:00:29,303] {logging_mixin.py:104} INFO - [2023-10-11 14:00:29,301] {dag.py:1852} INFO - Creating ORM DAG for example_branch_labels
[2023-10-11 14:00:29,318] {logging_mixin.py:104} INFO - [2023-10-11 14:00:29,318] {dag.py:2306} INFO - Setting next_dagrun for example_branch_labels to 2023-10-09 00:00:00+00:00
[2023-10-11 14:00:29,366] {scheduler_job.py:190} INFO - Processing /home/airflow/.local/lib/python3.6/site-packages/airflow/example_dags/example_branch_labels.py took 4.946 seconds
[2023-10-11 17:11:51,189] {scheduler_job.py:182} INFO - Started process (PID=83) to work on /home/airflow/.local/lib/python3.6/site-packages/airflow/example_dags/example_branch_labels.py
[2023-10-11 17:11:51,190] {scheduler_job.py:633} INFO - Processing file /home/airflow/.local/lib/python3.6/site-packages/airflow/example_dags/example_branch_labels.py for tasks to queue
[2023-10-11 17:11:51,191] {logging_mixin.py:104} INFO - [2023-10-11 17:11:51,191] {dagbag.py:496} INFO - Filling up the DagBag from /home/airflow/.local/lib/python3.6/site-packages/airflow/example_dags/example_branch_labels.py
[2023-10-11 17:11:51,204] {scheduler_job.py:643} INFO - DAG(s) dict_keys(['example_branch_labels']) retrieved from /home/airflow/.local/lib/python3.6/site-packages/airflow/example_dags/example_branch_labels.py
[2023-10-11 17:11:51,523] {logging_mixin.py:104} INFO - [2023-10-11 17:11:51,523] {dag.py:1833} INFO - Sync 1 DAGs
[2023-10-11 17:11:51,543] {logging_mixin.py:104} INFO - [2023-10-11 17:11:51,543] {dag.py:2306} INFO - Setting next_dagrun for example_branch_labels to 2023-10-09 00:00:00+00:00
[2023-10-11 17:11:51,560] {scheduler_job.py:190} INFO - Processing /home/airflow/.local/lib/python3.6/site-packages/airflow/example_dags/example_branch_labels.py took 0.374 seconds
[2023-10-11 17:12:21,763] {scheduler_job.py:182} INFO - Started process (PID=161) to work on /home/airflow/.local/lib/python3.6/site-packages/airflow/example_dags/example_branch_labels.py
[2023-10-11 17:12:21,764] {scheduler_job.py:633} INFO - Processing file /home/airflow/.local/lib/python3.6/site-packages/airflow/example_dags/example_branch_labels.py for tasks to queue
[2023-10-11 17:12:21,765] {logging_mixin.py:104} INFO - [2023-10-11 17:12:21,764] {dagbag.py:496} INFO - Filling up the DagBag from /home/airflow/.local/lib/python3.6/site-packages/airflow/example_dags/example_branch_labels.py
[2023-10-11 17:12:21,778] {scheduler_job.py:643} INFO - DAG(s) dict_keys(['example_branch_labels']) retrieved from /home/airflow/.local/lib/python3.6/site-packages/airflow/example_dags/example_branch_labels.py
[2023-10-11 17:12:21,805] {logging_mixin.py:104} INFO - [2023-10-11 17:12:21,805] {dag.py:1833} INFO - Sync 1 DAGs
[2023-10-11 17:12:21,829] {logging_mixin.py:104} INFO - [2023-10-11 17:12:21,828] {dag.py:2306} INFO - Setting next_dagrun for example_branch_labels to 2023-10-09 00:00:00+00:00
[2023-10-11 17:12:21,840] {scheduler_job.py:190} INFO - Processing /home/airflow/.local/lib/python3.6/site-packages/airflow/example_dags/example_branch_labels.py took 0.080 seconds
[2023-10-11 17:12:51,950] {scheduler_job.py:182} INFO - Started process (PID=245) to work on /home/airflow/.local/lib/python3.6/site-packages/airflow/example_dags/example_branch_labels.py
[2023-10-11 17:12:51,955] {scheduler_job.py:633} INFO - Processing file /home/airflow/.local/lib/python3.6/site-packages/airflow/example_dags/example_branch_labels.py for tasks to queue
[2023-10-11 17:12:51,955] {logging_mixin.py:104} INFO - [2023-10-11 17:12:51,955] {dagbag.py:496} INFO - Filling up the DagBag from /home/airflow/.local/lib/python3.6/site-packages/airflow/example_dags/example_branch_labels.py
[2023-10-11 17:12:51,965] {scheduler_job.py:643} INFO - DAG(s) dict_keys(['example_branch_labels']) retrieved from /home/airflow/.local/lib/python3.6/site-packages/airflow/example_dags/example_branch_labels.py
[2023-10-11 17:12:51,989] {logging_mixin.py:104} INFO - [2023-10-11 17:12:51,988] {dag.py:1833} INFO - Sync 1 DAGs
[2023-10-11 17:12:52,012] {logging_mixin.py:104} INFO - [2023-10-11 17:12:52,012] {dag.py:2306} INFO - Setting next_dagrun for example_branch_labels to 2023-10-09 00:00:00+00:00
[2023-10-11 17:12:52,024] {scheduler_job.py:190} INFO - Processing /home/airflow/.local/lib/python3.6/site-packages/airflow/example_dags/example_branch_labels.py took 0.077 seconds
[2023-10-11 17:13:22,377] {scheduler_job.py:182} INFO - Started process (PID=328) to work on /home/airflow/.local/lib/python3.6/site-packages/airflow/example_dags/example_branch_labels.py
[2023-10-11 17:13:22,379] {scheduler_job.py:633} INFO - Processing file /home/airflow/.local/lib/python3.6/site-packages/airflow/example_dags/example_branch_labels.py for tasks to queue
[2023-10-11 17:13:22,380] {logging_mixin.py:104} INFO - [2023-10-11 17:13:22,380] {dagbag.py:496} INFO - Filling up the DagBag from /home/airflow/.local/lib/python3.6/site-packages/airflow/example_dags/example_branch_labels.py
[2023-10-11 17:13:22,397] {scheduler_job.py:643} INFO - DAG(s) dict_keys(['example_branch_labels']) retrieved from /home/airflow/.local/lib/python3.6/site-packages/airflow/example_dags/example_branch_labels.py
[2023-10-11 17:13:22,434] {logging_mixin.py:104} INFO - [2023-10-11 17:13:22,434] {dag.py:1833} INFO - Sync 1 DAGs
[2023-10-11 17:13:22,463] {logging_mixin.py:104} INFO - [2023-10-11 17:13:22,463] {dag.py:2306} INFO - Setting next_dagrun for example_branch_labels to 2023-10-09 00:00:00+00:00
[2023-10-11 17:13:22,476] {scheduler_job.py:190} INFO - Processing /home/airflow/.local/lib/python3.6/site-packages/airflow/example_dags/example_branch_labels.py took 0.102 seconds
[2023-10-11 17:13:52,870] {scheduler_job.py:182} INFO - Started process (PID=402) to work on /home/airflow/.local/lib/python3.6/site-packages/airflow/example_dags/example_branch_labels.py
[2023-10-11 17:13:52,872] {scheduler_job.py:633} INFO - Processing file /home/airflow/.local/lib/python3.6/site-packages/airflow/example_dags/example_branch_labels.py for tasks to queue
[2023-10-11 17:13:52,873] {logging_mixin.py:104} INFO - [2023-10-11 17:13:52,872] {dagbag.py:496} INFO - Filling up the DagBag from /home/airflow/.local/lib/python3.6/site-packages/airflow/example_dags/example_branch_labels.py
[2023-10-11 17:13:52,883] {scheduler_job.py:643} INFO - DAG(s) dict_keys(['example_branch_labels']) retrieved from /home/airflow/.local/lib/python3.6/site-packages/airflow/example_dags/example_branch_labels.py
[2023-10-11 17:13:52,911] {logging_mixin.py:104} INFO - [2023-10-11 17:13:52,911] {dag.py:1833} INFO - Sync 1 DAGs
[2023-10-11 17:13:52,931] {logging_mixin.py:104} INFO - [2023-10-11 17:13:52,930] {dag.py:2306} INFO - Setting next_dagrun for example_branch_labels to 2023-10-09 00:00:00+00:00
[2023-10-11 17:13:52,942] {scheduler_job.py:190} INFO - Processing /home/airflow/.local/lib/python3.6/site-packages/airflow/example_dags/example_branch_labels.py took 0.075 seconds
[2023-10-11 17:14:23,012] {scheduler_job.py:182} INFO - Started process (PID=484) to work on /home/airflow/.local/lib/python3.6/site-packages/airflow/example_dags/example_branch_labels.py
[2023-10-11 17:14:23,013] {scheduler_job.py:633} INFO - Processing file /home/airflow/.local/lib/python3.6/site-packages/airflow/example_dags/example_branch_labels.py for tasks to queue
[2023-10-11 17:14:23,014] {logging_mixin.py:104} INFO - [2023-10-11 17:14:23,014] {dagbag.py:496} INFO - Filling up the DagBag from /home/airflow/.local/lib/python3.6/site-packages/airflow/example_dags/example_branch_labels.py
[2023-10-11 17:14:23,022] {scheduler_job.py:643} INFO - DAG(s) dict_keys(['example_branch_labels']) retrieved from /home/airflow/.local/lib/python3.6/site-packages/airflow/example_dags/example_branch_labels.py
[2023-10-11 17:14:23,044] {logging_mixin.py:104} INFO - [2023-10-11 17:14:23,044] {dag.py:1833} INFO - Sync 1 DAGs
[2023-10-11 17:14:23,061] {logging_mixin.py:104} INFO - [2023-10-11 17:14:23,061] {dag.py:2306} INFO - Setting next_dagrun for example_branch_labels to 2023-10-09 00:00:00+00:00
[2023-10-11 17:14:23,070] {scheduler_job.py:190} INFO - Processing /home/airflow/.local/lib/python3.6/site-packages/airflow/example_dags/example_branch_labels.py took 0.060 seconds
[2023-10-11 17:14:53,376] {scheduler_job.py:182} INFO - Started process (PID=568) to work on /home/airflow/.local/lib/python3.6/site-packages/airflow/example_dags/example_branch_labels.py
[2023-10-11 17:14:53,378] {scheduler_job.py:633} INFO - Processing file /home/airflow/.local/lib/python3.6/site-packages/airflow/example_dags/example_branch_labels.py for tasks to queue
[2023-10-11 17:14:53,379] {logging_mixin.py:104} INFO - [2023-10-11 17:14:53,378] {dagbag.py:496} INFO - Filling up the DagBag from /home/airflow/.local/lib/python3.6/site-packages/airflow/example_dags/example_branch_labels.py
[2023-10-11 17:14:53,402] {scheduler_job.py:643} INFO - DAG(s) dict_keys(['example_branch_labels']) retrieved from /home/airflow/.local/lib/python3.6/site-packages/airflow/example_dags/example_branch_labels.py
[2023-10-11 17:14:53,444] {logging_mixin.py:104} INFO - [2023-10-11 17:14:53,443] {dag.py:1833} INFO - Sync 1 DAGs
[2023-10-11 17:14:53,483] {logging_mixin.py:104} INFO - [2023-10-11 17:14:53,483] {dag.py:2306} INFO - Setting next_dagrun for example_branch_labels to 2023-10-09 00:00:00+00:00
[2023-10-11 17:14:53,537] {scheduler_job.py:190} INFO - Processing /home/airflow/.local/lib/python3.6/site-packages/airflow/example_dags/example_branch_labels.py took 0.165 seconds
[2023-10-11 17:15:23,751] {scheduler_job.py:182} INFO - Started process (PID=651) to work on /home/airflow/.local/lib/python3.6/site-packages/airflow/example_dags/example_branch_labels.py
[2023-10-11 17:15:23,753] {scheduler_job.py:633} INFO - Processing file /home/airflow/.local/lib/python3.6/site-packages/airflow/example_dags/example_branch_labels.py for tasks to queue
[2023-10-11 17:15:23,754] {logging_mixin.py:104} INFO - [2023-10-11 17:15:23,754] {dagbag.py:496} INFO - Filling up the DagBag from /home/airflow/.local/lib/python3.6/site-packages/airflow/example_dags/example_branch_labels.py
[2023-10-11 17:15:23,780] {scheduler_job.py:643} INFO - DAG(s) dict_keys(['example_branch_labels']) retrieved from /home/airflow/.local/lib/python3.6/site-packages/airflow/example_dags/example_branch_labels.py
[2023-10-11 17:15:23,809] {logging_mixin.py:104} INFO - [2023-10-11 17:15:23,809] {dag.py:1833} INFO - Sync 1 DAGs
[2023-10-11 17:15:23,843] {logging_mixin.py:104} INFO - [2023-10-11 17:15:23,842] {dag.py:2306} INFO - Setting next_dagrun for example_branch_labels to 2023-10-09 00:00:00+00:00
[2023-10-11 17:15:23,860] {scheduler_job.py:190} INFO - Processing /home/airflow/.local/lib/python3.6/site-packages/airflow/example_dags/example_branch_labels.py took 0.117 seconds
[2023-10-11 17:15:53,967] {scheduler_job.py:182} INFO - Started process (PID=736) to work on /home/airflow/.local/lib/python3.6/site-packages/airflow/example_dags/example_branch_labels.py
[2023-10-11 17:15:53,969] {scheduler_job.py:633} INFO - Processing file /home/airflow/.local/lib/python3.6/site-packages/airflow/example_dags/example_branch_labels.py for tasks to queue
[2023-10-11 17:15:53,971] {logging_mixin.py:104} INFO - [2023-10-11 17:15:53,971] {dagbag.py:496} INFO - Filling up the DagBag from /home/airflow/.local/lib/python3.6/site-packages/airflow/example_dags/example_branch_labels.py
[2023-10-11 17:15:53,993] {scheduler_job.py:643} INFO - DAG(s) dict_keys(['example_branch_labels']) retrieved from /home/airflow/.local/lib/python3.6/site-packages/airflow/example_dags/example_branch_labels.py
[2023-10-11 17:15:54,039] {logging_mixin.py:104} INFO - [2023-10-11 17:15:54,039] {dag.py:1833} INFO - Sync 1 DAGs
[2023-10-11 17:15:54,075] {logging_mixin.py:104} INFO - [2023-10-11 17:15:54,075] {dag.py:2306} INFO - Setting next_dagrun for example_branch_labels to 2023-10-09 00:00:00+00:00
[2023-10-11 17:15:54,093] {scheduler_job.py:190} INFO - Processing /home/airflow/.local/lib/python3.6/site-packages/airflow/example_dags/example_branch_labels.py took 0.130 seconds
[2023-10-11 17:16:24,755] {scheduler_job.py:182} INFO - Started process (PID=819) to work on /home/airflow/.local/lib/python3.6/site-packages/airflow/example_dags/example_branch_labels.py
[2023-10-11 17:16:24,755] {scheduler_job.py:633} INFO - Processing file /home/airflow/.local/lib/python3.6/site-packages/airflow/example_dags/example_branch_labels.py for tasks to queue
[2023-10-11 17:16:24,756] {logging_mixin.py:104} INFO - [2023-10-11 17:16:24,756] {dagbag.py:496} INFO - Filling up the DagBag from /home/airflow/.local/lib/python3.6/site-packages/airflow/example_dags/example_branch_labels.py
[2023-10-11 17:16:24,770] {scheduler_job.py:643} INFO - DAG(s) dict_keys(['example_branch_labels']) retrieved from /home/airflow/.local/lib/python3.6/site-packages/airflow/example_dags/example_branch_labels.py
[2023-10-11 17:16:24,795] {logging_mixin.py:104} INFO - [2023-10-11 17:16:24,795] {dag.py:1833} INFO - Sync 1 DAGs
[2023-10-11 17:16:24,817] {logging_mixin.py:104} INFO - [2023-10-11 17:16:24,817] {dag.py:2306} INFO - Setting next_dagrun for example_branch_labels to 2023-10-09 00:00:00+00:00
[2023-10-11 17:16:24,832] {scheduler_job.py:190} INFO - Processing /home/airflow/.local/lib/python3.6/site-packages/airflow/example_dags/example_branch_labels.py took 0.080 seconds
[2023-10-11 17:16:54,997] {scheduler_job.py:182} INFO - Started process (PID=893) to work on /home/airflow/.local/lib/python3.6/site-packages/airflow/example_dags/example_branch_labels.py
[2023-10-11 17:16:54,998] {scheduler_job.py:633} INFO - Processing file /home/airflow/.local/lib/python3.6/site-packages/airflow/example_dags/example_branch_labels.py for tasks to queue
[2023-10-11 17:16:54,999] {logging_mixin.py:104} INFO - [2023-10-11 17:16:54,999] {dagbag.py:496} INFO - Filling up the DagBag from /home/airflow/.local/lib/python3.6/site-packages/airflow/example_dags/example_branch_labels.py
[2023-10-11 17:16:55,007] {scheduler_job.py:643} INFO - DAG(s) dict_keys(['example_branch_labels']) retrieved from /home/airflow/.local/lib/python3.6/site-packages/airflow/example_dags/example_branch_labels.py
[2023-10-11 17:16:55,027] {logging_mixin.py:104} INFO - [2023-10-11 17:16:55,026] {dag.py:1833} INFO - Sync 1 DAGs
[2023-10-11 17:16:55,043] {logging_mixin.py:104} INFO - [2023-10-11 17:16:55,043] {dag.py:2306} INFO - Setting next_dagrun for example_branch_labels to 2023-10-09 00:00:00+00:00
[2023-10-11 17:16:55,053] {scheduler_job.py:190} INFO - Processing /home/airflow/.local/lib/python3.6/site-packages/airflow/example_dags/example_branch_labels.py took 0.057 seconds
[2023-10-11 17:17:25,220] {scheduler_job.py:182} INFO - Started process (PID=977) to work on /home/airflow/.local/lib/python3.6/site-packages/airflow/example_dags/example_branch_labels.py
[2023-10-11 17:17:25,221] {scheduler_job.py:633} INFO - Processing file /home/airflow/.local/lib/python3.6/site-packages/airflow/example_dags/example_branch_labels.py for tasks to queue
[2023-10-11 17:17:25,221] {logging_mixin.py:104} INFO - [2023-10-11 17:17:25,221] {dagbag.py:496} INFO - Filling up the DagBag from /home/airflow/.local/lib/python3.6/site-packages/airflow/example_dags/example_branch_labels.py
[2023-10-11 17:17:25,230] {scheduler_job.py:643} INFO - DAG(s) dict_keys(['example_branch_labels']) retrieved from /home/airflow/.local/lib/python3.6/site-packages/airflow/example_dags/example_branch_labels.py
[2023-10-11 17:17:25,252] {logging_mixin.py:104} INFO - [2023-10-11 17:17:25,251] {dag.py:1833} INFO - Sync 1 DAGs
[2023-10-11 17:17:25,270] {logging_mixin.py:104} INFO - [2023-10-11 17:17:25,269] {dag.py:2306} INFO - Setting next_dagrun for example_branch_labels to 2023-10-09 00:00:00+00:00
[2023-10-11 17:17:25,281] {scheduler_job.py:190} INFO - Processing /home/airflow/.local/lib/python3.6/site-packages/airflow/example_dags/example_branch_labels.py took 0.063 seconds
[2023-10-11 17:17:55,427] {scheduler_job.py:182} INFO - Started process (PID=1061) to work on /home/airflow/.local/lib/python3.6/site-packages/airflow/example_dags/example_branch_labels.py
[2023-10-11 17:17:55,428] {scheduler_job.py:633} INFO - Processing file /home/airflow/.local/lib/python3.6/site-packages/airflow/example_dags/example_branch_labels.py for tasks to queue
[2023-10-11 17:17:55,429] {logging_mixin.py:104} INFO - [2023-10-11 17:17:55,429] {dagbag.py:496} INFO - Filling up the DagBag from /home/airflow/.local/lib/python3.6/site-packages/airflow/example_dags/example_branch_labels.py
[2023-10-11 17:17:55,449] {scheduler_job.py:643} INFO - DAG(s) dict_keys(['example_branch_labels']) retrieved from /home/airflow/.local/lib/python3.6/site-packages/airflow/example_dags/example_branch_labels.py
[2023-10-11 17:17:55,485] {logging_mixin.py:104} INFO - [2023-10-11 17:17:55,484] {dag.py:1833} INFO - Sync 1 DAGs
[2023-10-11 17:17:55,522] {logging_mixin.py:104} INFO - [2023-10-11 17:17:55,521] {dag.py:2306} INFO - Setting next_dagrun for example_branch_labels to 2023-10-09 00:00:00+00:00
[2023-10-11 17:17:55,536] {scheduler_job.py:190} INFO - Processing /home/airflow/.local/lib/python3.6/site-packages/airflow/example_dags/example_branch_labels.py took 0.113 seconds
[2023-10-11 17:18:26,223] {scheduler_job.py:182} INFO - Started process (PID=1144) to work on /home/airflow/.local/lib/python3.6/site-packages/airflow/example_dags/example_branch_labels.py
[2023-10-11 17:18:26,225] {scheduler_job.py:633} INFO - Processing file /home/airflow/.local/lib/python3.6/site-packages/airflow/example_dags/example_branch_labels.py for tasks to queue
[2023-10-11 17:18:26,226] {logging_mixin.py:104} INFO - [2023-10-11 17:18:26,226] {dagbag.py:496} INFO - Filling up the DagBag from /home/airflow/.local/lib/python3.6/site-packages/airflow/example_dags/example_branch_labels.py
[2023-10-11 17:18:26,246] {scheduler_job.py:643} INFO - DAG(s) dict_keys(['example_branch_labels']) retrieved from /home/airflow/.local/lib/python3.6/site-packages/airflow/example_dags/example_branch_labels.py
[2023-10-11 17:18:26,279] {logging_mixin.py:104} INFO - [2023-10-11 17:18:26,279] {dag.py:1833} INFO - Sync 1 DAGs
[2023-10-11 17:18:26,310] {logging_mixin.py:104} INFO - [2023-10-11 17:18:26,310] {dag.py:2306} INFO - Setting next_dagrun for example_branch_labels to 2023-10-09 00:00:00+00:00
[2023-10-11 17:18:26,325] {scheduler_job.py:190} INFO - Processing /home/airflow/.local/lib/python3.6/site-packages/airflow/example_dags/example_branch_labels.py took 0.106 seconds
[2023-10-11 17:18:56,594] {scheduler_job.py:182} INFO - Started process (PID=1218) to work on /home/airflow/.local/lib/python3.6/site-packages/airflow/example_dags/example_branch_labels.py
[2023-10-11 17:18:56,595] {scheduler_job.py:633} INFO - Processing file /home/airflow/.local/lib/python3.6/site-packages/airflow/example_dags/example_branch_labels.py for tasks to queue
[2023-10-11 17:18:56,596] {logging_mixin.py:104} INFO - [2023-10-11 17:18:56,596] {dagbag.py:496} INFO - Filling up the DagBag from /home/airflow/.local/lib/python3.6/site-packages/airflow/example_dags/example_branch_labels.py
[2023-10-11 17:18:56,606] {scheduler_job.py:643} INFO - DAG(s) dict_keys(['example_branch_labels']) retrieved from /home/airflow/.local/lib/python3.6/site-packages/airflow/example_dags/example_branch_labels.py
[2023-10-11 17:18:56,634] {logging_mixin.py:104} INFO - [2023-10-11 17:18:56,634] {dag.py:1833} INFO - Sync 1 DAGs
[2023-10-11 17:18:56,654] {logging_mixin.py:104} INFO - [2023-10-11 17:18:56,654] {dag.py:2306} INFO - Setting next_dagrun for example_branch_labels to 2023-10-09 00:00:00+00:00
[2023-10-11 17:18:56,668] {scheduler_job.py:190} INFO - Processing /home/airflow/.local/lib/python3.6/site-packages/airflow/example_dags/example_branch_labels.py took 0.077 seconds
[2023-10-11 17:19:26,970] {scheduler_job.py:182} INFO - Started process (PID=1301) to work on /home/airflow/.local/lib/python3.6/site-packages/airflow/example_dags/example_branch_labels.py
[2023-10-11 17:19:26,972] {scheduler_job.py:633} INFO - Processing file /home/airflow/.local/lib/python3.6/site-packages/airflow/example_dags/example_branch_labels.py for tasks to queue
[2023-10-11 17:19:26,974] {logging_mixin.py:104} INFO - [2023-10-11 17:19:26,974] {dagbag.py:496} INFO - Filling up the DagBag from /home/airflow/.local/lib/python3.6/site-packages/airflow/example_dags/example_branch_labels.py
[2023-10-11 17:19:26,995] {scheduler_job.py:643} INFO - DAG(s) dict_keys(['example_branch_labels']) retrieved from /home/airflow/.local/lib/python3.6/site-packages/airflow/example_dags/example_branch_labels.py
[2023-10-11 17:19:27,031] {logging_mixin.py:104} INFO - [2023-10-11 17:19:27,031] {dag.py:1833} INFO - Sync 1 DAGs
[2023-10-11 17:19:27,075] {logging_mixin.py:104} INFO - [2023-10-11 17:19:27,075] {dag.py:2306} INFO - Setting next_dagrun for example_branch_labels to 2023-10-09 00:00:00+00:00
[2023-10-11 17:19:27,101] {scheduler_job.py:190} INFO - Processing /home/airflow/.local/lib/python3.6/site-packages/airflow/example_dags/example_branch_labels.py took 0.135 seconds
[2023-10-11 17:19:57,753] {scheduler_job.py:182} INFO - Started process (PID=1353) to work on /home/airflow/.local/lib/python3.6/site-packages/airflow/example_dags/example_branch_labels.py
[2023-10-11 17:19:57,755] {scheduler_job.py:633} INFO - Processing file /home/airflow/.local/lib/python3.6/site-packages/airflow/example_dags/example_branch_labels.py for tasks to queue
[2023-10-11 17:19:57,756] {logging_mixin.py:104} INFO - [2023-10-11 17:19:57,755] {dagbag.py:496} INFO - Filling up the DagBag from /home/airflow/.local/lib/python3.6/site-packages/airflow/example_dags/example_branch_labels.py
[2023-10-11 17:19:57,768] {scheduler_job.py:643} INFO - DAG(s) dict_keys(['example_branch_labels']) retrieved from /home/airflow/.local/lib/python3.6/site-packages/airflow/example_dags/example_branch_labels.py
[2023-10-11 17:19:57,793] {logging_mixin.py:104} INFO - [2023-10-11 17:19:57,793] {dag.py:1833} INFO - Sync 1 DAGs
[2023-10-11 17:19:57,813] {logging_mixin.py:104} INFO - [2023-10-11 17:19:57,813] {dag.py:2306} INFO - Setting next_dagrun for example_branch_labels to 2023-10-09 00:00:00+00:00
[2023-10-11 17:19:57,824] {scheduler_job.py:190} INFO - Processing /home/airflow/.local/lib/python3.6/site-packages/airflow/example_dags/example_branch_labels.py took 0.075 seconds
[2023-10-11 17:20:28,145] {scheduler_job.py:182} INFO - Started process (PID=1446) to work on /home/airflow/.local/lib/python3.6/site-packages/airflow/example_dags/example_branch_labels.py
[2023-10-11 17:20:28,146] {scheduler_job.py:633} INFO - Processing file /home/airflow/.local/lib/python3.6/site-packages/airflow/example_dags/example_branch_labels.py for tasks to queue
[2023-10-11 17:20:28,146] {logging_mixin.py:104} INFO - [2023-10-11 17:20:28,146] {dagbag.py:496} INFO - Filling up the DagBag from /home/airflow/.local/lib/python3.6/site-packages/airflow/example_dags/example_branch_labels.py
[2023-10-11 17:20:28,161] {scheduler_job.py:643} INFO - DAG(s) dict_keys(['example_branch_labels']) retrieved from /home/airflow/.local/lib/python3.6/site-packages/airflow/example_dags/example_branch_labels.py
[2023-10-11 17:20:28,187] {logging_mixin.py:104} INFO - [2023-10-11 17:20:28,187] {dag.py:1833} INFO - Sync 1 DAGs
[2023-10-11 17:20:28,209] {logging_mixin.py:104} INFO - [2023-10-11 17:20:28,209] {dag.py:2306} INFO - Setting next_dagrun for example_branch_labels to 2023-10-09 00:00:00+00:00
[2023-10-11 17:20:28,221] {scheduler_job.py:190} INFO - Processing /home/airflow/.local/lib/python3.6/site-packages/airflow/example_dags/example_branch_labels.py took 0.079 seconds
[2023-10-11 17:20:58,990] {scheduler_job.py:182} INFO - Started process (PID=1521) to work on /home/airflow/.local/lib/python3.6/site-packages/airflow/example_dags/example_branch_labels.py
[2023-10-11 17:20:58,991] {scheduler_job.py:633} INFO - Processing file /home/airflow/.local/lib/python3.6/site-packages/airflow/example_dags/example_branch_labels.py for tasks to queue
[2023-10-11 17:20:58,991] {logging_mixin.py:104} INFO - [2023-10-11 17:20:58,991] {dagbag.py:496} INFO - Filling up the DagBag from /home/airflow/.local/lib/python3.6/site-packages/airflow/example_dags/example_branch_labels.py
[2023-10-11 17:20:59,003] {scheduler_job.py:643} INFO - DAG(s) dict_keys(['example_branch_labels']) retrieved from /home/airflow/.local/lib/python3.6/site-packages/airflow/example_dags/example_branch_labels.py
[2023-10-11 17:20:59,028] {logging_mixin.py:104} INFO - [2023-10-11 17:20:59,027] {dag.py:1833} INFO - Sync 1 DAGs
[2023-10-11 17:20:59,045] {logging_mixin.py:104} INFO - [2023-10-11 17:20:59,045] {dag.py:2306} INFO - Setting next_dagrun for example_branch_labels to 2023-10-09 00:00:00+00:00
[2023-10-11 17:20:59,057] {scheduler_job.py:190} INFO - Processing /home/airflow/.local/lib/python3.6/site-packages/airflow/example_dags/example_branch_labels.py took 0.070 seconds
[2023-10-11 17:21:29,174] {scheduler_job.py:182} INFO - Started process (PID=1604) to work on /home/airflow/.local/lib/python3.6/site-packages/airflow/example_dags/example_branch_labels.py
[2023-10-11 17:21:29,175] {scheduler_job.py:633} INFO - Processing file /home/airflow/.local/lib/python3.6/site-packages/airflow/example_dags/example_branch_labels.py for tasks to queue
[2023-10-11 17:21:29,176] {logging_mixin.py:104} INFO - [2023-10-11 17:21:29,176] {dagbag.py:496} INFO - Filling up the DagBag from /home/airflow/.local/lib/python3.6/site-packages/airflow/example_dags/example_branch_labels.py
[2023-10-11 17:21:29,189] {scheduler_job.py:643} INFO - DAG(s) dict_keys(['example_branch_labels']) retrieved from /home/airflow/.local/lib/python3.6/site-packages/airflow/example_dags/example_branch_labels.py
[2023-10-11 17:21:29,212] {logging_mixin.py:104} INFO - [2023-10-11 17:21:29,212] {dag.py:1833} INFO - Sync 1 DAGs
[2023-10-11 17:21:29,232] {logging_mixin.py:104} INFO - [2023-10-11 17:21:29,232] {dag.py:2306} INFO - Setting next_dagrun for example_branch_labels to 2023-10-09 00:00:00+00:00
[2023-10-11 17:21:29,243] {scheduler_job.py:190} INFO - Processing /home/airflow/.local/lib/python3.6/site-packages/airflow/example_dags/example_branch_labels.py took 0.072 seconds
[2023-10-11 17:21:59,317] {scheduler_job.py:182} INFO - Started process (PID=1686) to work on /home/airflow/.local/lib/python3.6/site-packages/airflow/example_dags/example_branch_labels.py
[2023-10-11 17:21:59,318] {scheduler_job.py:633} INFO - Processing file /home/airflow/.local/lib/python3.6/site-packages/airflow/example_dags/example_branch_labels.py for tasks to queue
[2023-10-11 17:21:59,319] {logging_mixin.py:104} INFO - [2023-10-11 17:21:59,319] {dagbag.py:496} INFO - Filling up the DagBag from /home/airflow/.local/lib/python3.6/site-packages/airflow/example_dags/example_branch_labels.py
[2023-10-11 17:21:59,331] {scheduler_job.py:643} INFO - DAG(s) dict_keys(['example_branch_labels']) retrieved from /home/airflow/.local/lib/python3.6/site-packages/airflow/example_dags/example_branch_labels.py
[2023-10-11 17:21:59,353] {logging_mixin.py:104} INFO - [2023-10-11 17:21:59,352] {dag.py:1833} INFO - Sync 1 DAGs
[2023-10-11 17:21:59,375] {logging_mixin.py:104} INFO - [2023-10-11 17:21:59,375] {dag.py:2306} INFO - Setting next_dagrun for example_branch_labels to 2023-10-09 00:00:00+00:00
[2023-10-11 17:21:59,385] {scheduler_job.py:190} INFO - Processing /home/airflow/.local/lib/python3.6/site-packages/airflow/example_dags/example_branch_labels.py took 0.070 seconds
[2023-10-11 17:22:30,298] {scheduler_job.py:182} INFO - Started process (PID=1772) to work on /home/airflow/.local/lib/python3.6/site-packages/airflow/example_dags/example_branch_labels.py
[2023-10-11 17:22:30,299] {scheduler_job.py:633} INFO - Processing file /home/airflow/.local/lib/python3.6/site-packages/airflow/example_dags/example_branch_labels.py for tasks to queue
[2023-10-11 17:22:30,299] {logging_mixin.py:104} INFO - [2023-10-11 17:22:30,299] {dagbag.py:496} INFO - Filling up the DagBag from /home/airflow/.local/lib/python3.6/site-packages/airflow/example_dags/example_branch_labels.py
[2023-10-11 17:22:30,307] {scheduler_job.py:643} INFO - DAG(s) dict_keys(['example_branch_labels']) retrieved from /home/airflow/.local/lib/python3.6/site-packages/airflow/example_dags/example_branch_labels.py
[2023-10-11 17:22:30,379] {logging_mixin.py:104} INFO - [2023-10-11 17:22:30,379] {dag.py:1833} INFO - Sync 1 DAGs
[2023-10-11 17:22:30,400] {logging_mixin.py:104} INFO - [2023-10-11 17:22:30,400] {dag.py:2306} INFO - Setting next_dagrun for example_branch_labels to 2023-10-09 00:00:00+00:00
[2023-10-11 17:22:30,410] {scheduler_job.py:190} INFO - Processing /home/airflow/.local/lib/python3.6/site-packages/airflow/example_dags/example_branch_labels.py took 0.114 seconds
[2023-10-11 17:23:01,135] {scheduler_job.py:182} INFO - Started process (PID=1846) to work on /home/airflow/.local/lib/python3.6/site-packages/airflow/example_dags/example_branch_labels.py
[2023-10-11 17:23:01,136] {scheduler_job.py:633} INFO - Processing file /home/airflow/.local/lib/python3.6/site-packages/airflow/example_dags/example_branch_labels.py for tasks to queue
[2023-10-11 17:23:01,137] {logging_mixin.py:104} INFO - [2023-10-11 17:23:01,136] {dagbag.py:496} INFO - Filling up the DagBag from /home/airflow/.local/lib/python3.6/site-packages/airflow/example_dags/example_branch_labels.py
[2023-10-11 17:23:01,152] {scheduler_job.py:643} INFO - DAG(s) dict_keys(['example_branch_labels']) retrieved from /home/airflow/.local/lib/python3.6/site-packages/airflow/example_dags/example_branch_labels.py
[2023-10-11 17:23:01,199] {logging_mixin.py:104} INFO - [2023-10-11 17:23:01,199] {dag.py:1833} INFO - Sync 1 DAGs
[2023-10-11 17:23:01,228] {logging_mixin.py:104} INFO - [2023-10-11 17:23:01,227] {dag.py:2306} INFO - Setting next_dagrun for example_branch_labels to 2023-10-09 00:00:00+00:00
[2023-10-11 17:23:01,242] {scheduler_job.py:190} INFO - Processing /home/airflow/.local/lib/python3.6/site-packages/airflow/example_dags/example_branch_labels.py took 0.111 seconds
[2023-10-11 17:23:31,884] {scheduler_job.py:182} INFO - Started process (PID=1939) to work on /home/airflow/.local/lib/python3.6/site-packages/airflow/example_dags/example_branch_labels.py
[2023-10-11 17:23:31,885] {scheduler_job.py:633} INFO - Processing file /home/airflow/.local/lib/python3.6/site-packages/airflow/example_dags/example_branch_labels.py for tasks to queue
[2023-10-11 17:23:31,886] {logging_mixin.py:104} INFO - [2023-10-11 17:23:31,886] {dagbag.py:496} INFO - Filling up the DagBag from /home/airflow/.local/lib/python3.6/site-packages/airflow/example_dags/example_branch_labels.py
[2023-10-11 17:23:31,899] {scheduler_job.py:643} INFO - DAG(s) dict_keys(['example_branch_labels']) retrieved from /home/airflow/.local/lib/python3.6/site-packages/airflow/example_dags/example_branch_labels.py
[2023-10-11 17:23:31,925] {logging_mixin.py:104} INFO - [2023-10-11 17:23:31,925] {dag.py:1833} INFO - Sync 1 DAGs
[2023-10-11 17:23:31,947] {logging_mixin.py:104} INFO - [2023-10-11 17:23:31,947] {dag.py:2306} INFO - Setting next_dagrun for example_branch_labels to 2023-10-09 00:00:00+00:00
[2023-10-11 17:23:31,961] {scheduler_job.py:190} INFO - Processing /home/airflow/.local/lib/python3.6/site-packages/airflow/example_dags/example_branch_labels.py took 0.079 seconds
[2023-10-11 17:24:02,173] {scheduler_job.py:182} INFO - Started process (PID=2013) to work on /home/airflow/.local/lib/python3.6/site-packages/airflow/example_dags/example_branch_labels.py
[2023-10-11 17:24:02,174] {scheduler_job.py:633} INFO - Processing file /home/airflow/.local/lib/python3.6/site-packages/airflow/example_dags/example_branch_labels.py for tasks to queue
[2023-10-11 17:24:02,175] {logging_mixin.py:104} INFO - [2023-10-11 17:24:02,174] {dagbag.py:496} INFO - Filling up the DagBag from /home/airflow/.local/lib/python3.6/site-packages/airflow/example_dags/example_branch_labels.py
[2023-10-11 17:24:02,184] {scheduler_job.py:643} INFO - DAG(s) dict_keys(['example_branch_labels']) retrieved from /home/airflow/.local/lib/python3.6/site-packages/airflow/example_dags/example_branch_labels.py
[2023-10-11 17:24:02,205] {logging_mixin.py:104} INFO - [2023-10-11 17:24:02,204] {dag.py:1833} INFO - Sync 1 DAGs
[2023-10-11 17:24:02,222] {logging_mixin.py:104} INFO - [2023-10-11 17:24:02,222] {dag.py:2306} INFO - Setting next_dagrun for example_branch_labels to 2023-10-09 00:00:00+00:00
[2023-10-11 17:24:02,231] {scheduler_job.py:190} INFO - Processing /home/airflow/.local/lib/python3.6/site-packages/airflow/example_dags/example_branch_labels.py took 0.061 seconds
[2023-10-11 17:24:33,231] {scheduler_job.py:182} INFO - Started process (PID=2096) to work on /home/airflow/.local/lib/python3.6/site-packages/airflow/example_dags/example_branch_labels.py
[2023-10-11 17:24:33,232] {scheduler_job.py:633} INFO - Processing file /home/airflow/.local/lib/python3.6/site-packages/airflow/example_dags/example_branch_labels.py for tasks to queue
[2023-10-11 17:24:33,233] {logging_mixin.py:104} INFO - [2023-10-11 17:24:33,233] {dagbag.py:496} INFO - Filling up the DagBag from /home/airflow/.local/lib/python3.6/site-packages/airflow/example_dags/example_branch_labels.py
[2023-10-11 17:24:33,249] {scheduler_job.py:643} INFO - DAG(s) dict_keys(['example_branch_labels']) retrieved from /home/airflow/.local/lib/python3.6/site-packages/airflow/example_dags/example_branch_labels.py
[2023-10-11 17:24:33,287] {logging_mixin.py:104} INFO - [2023-10-11 17:24:33,286] {dag.py:1833} INFO - Sync 1 DAGs
[2023-10-11 17:24:33,315] {logging_mixin.py:104} INFO - [2023-10-11 17:24:33,315] {dag.py:2306} INFO - Setting next_dagrun for example_branch_labels to 2023-10-09 00:00:00+00:00
[2023-10-11 17:24:33,332] {scheduler_job.py:190} INFO - Processing /home/airflow/.local/lib/python3.6/site-packages/airflow/example_dags/example_branch_labels.py took 0.106 seconds
[2023-10-11 17:25:03,556] {scheduler_job.py:182} INFO - Started process (PID=2184) to work on /home/airflow/.local/lib/python3.6/site-packages/airflow/example_dags/example_branch_labels.py
[2023-10-11 17:25:03,557] {scheduler_job.py:633} INFO - Processing file /home/airflow/.local/lib/python3.6/site-packages/airflow/example_dags/example_branch_labels.py for tasks to queue
[2023-10-11 17:25:03,559] {logging_mixin.py:104} INFO - [2023-10-11 17:25:03,558] {dagbag.py:496} INFO - Filling up the DagBag from /home/airflow/.local/lib/python3.6/site-packages/airflow/example_dags/example_branch_labels.py
[2023-10-11 17:25:03,586] {scheduler_job.py:643} INFO - DAG(s) dict_keys(['example_branch_labels']) retrieved from /home/airflow/.local/lib/python3.6/site-packages/airflow/example_dags/example_branch_labels.py
[2023-10-11 17:25:03,623] {logging_mixin.py:104} INFO - [2023-10-11 17:25:03,622] {dag.py:1833} INFO - Sync 1 DAGs
[2023-10-11 17:25:03,653] {logging_mixin.py:104} INFO - [2023-10-11 17:25:03,653] {dag.py:2306} INFO - Setting next_dagrun for example_branch_labels to 2023-10-09 00:00:00+00:00
[2023-10-11 17:25:03,669] {scheduler_job.py:190} INFO - Processing /home/airflow/.local/lib/python3.6/site-packages/airflow/example_dags/example_branch_labels.py took 0.118 seconds
[2023-10-11 17:25:34,316] {scheduler_job.py:182} INFO - Started process (PID=2264) to work on /home/airflow/.local/lib/python3.6/site-packages/airflow/example_dags/example_branch_labels.py
[2023-10-11 17:25:34,317] {scheduler_job.py:633} INFO - Processing file /home/airflow/.local/lib/python3.6/site-packages/airflow/example_dags/example_branch_labels.py for tasks to queue
[2023-10-11 17:25:34,318] {logging_mixin.py:104} INFO - [2023-10-11 17:25:34,317] {dagbag.py:496} INFO - Filling up the DagBag from /home/airflow/.local/lib/python3.6/site-packages/airflow/example_dags/example_branch_labels.py
[2023-10-11 17:25:34,328] {scheduler_job.py:643} INFO - DAG(s) dict_keys(['example_branch_labels']) retrieved from /home/airflow/.local/lib/python3.6/site-packages/airflow/example_dags/example_branch_labels.py
[2023-10-11 17:25:34,351] {logging_mixin.py:104} INFO - [2023-10-11 17:25:34,351] {dag.py:1833} INFO - Sync 1 DAGs
[2023-10-11 17:25:34,372] {logging_mixin.py:104} INFO - [2023-10-11 17:25:34,371] {dag.py:2306} INFO - Setting next_dagrun for example_branch_labels to 2023-10-09 00:00:00+00:00
[2023-10-11 17:25:34,385] {scheduler_job.py:190} INFO - Processing /home/airflow/.local/lib/python3.6/site-packages/airflow/example_dags/example_branch_labels.py took 0.072 seconds
[2023-10-11 17:26:04,793] {scheduler_job.py:182} INFO - Started process (PID=2358) to work on /home/airflow/.local/lib/python3.6/site-packages/airflow/example_dags/example_branch_labels.py
[2023-10-11 17:26:04,795] {scheduler_job.py:633} INFO - Processing file /home/airflow/.local/lib/python3.6/site-packages/airflow/example_dags/example_branch_labels.py for tasks to queue
[2023-10-11 17:26:04,797] {logging_mixin.py:104} INFO - [2023-10-11 17:26:04,796] {dagbag.py:496} INFO - Filling up the DagBag from /home/airflow/.local/lib/python3.6/site-packages/airflow/example_dags/example_branch_labels.py
[2023-10-11 17:26:04,825] {scheduler_job.py:643} INFO - DAG(s) dict_keys(['example_branch_labels']) retrieved from /home/airflow/.local/lib/python3.6/site-packages/airflow/example_dags/example_branch_labels.py
[2023-10-11 17:26:05,394] {scheduler_job.py:193} ERROR - Got an exception! Propagating...
Traceback (most recent call last):
  File "/home/airflow/.local/lib/python3.6/site-packages/sqlalchemy/engine/base.py", line 2336, in _wrap_pool_connect
    return fn()
  File "/home/airflow/.local/lib/python3.6/site-packages/sqlalchemy/pool/base.py", line 364, in connect
    return _ConnectionFairy._checkout(self)
  File "/home/airflow/.local/lib/python3.6/site-packages/sqlalchemy/pool/base.py", line 778, in _checkout
    fairy = _ConnectionRecord.checkout(pool)
  File "/home/airflow/.local/lib/python3.6/site-packages/sqlalchemy/pool/base.py", line 495, in checkout
    rec = pool._do_get()
  File "/home/airflow/.local/lib/python3.6/site-packages/sqlalchemy/pool/impl.py", line 140, in _do_get
    self._dec_overflow()
  File "/home/airflow/.local/lib/python3.6/site-packages/sqlalchemy/util/langhelpers.py", line 70, in __exit__
    with_traceback=exc_tb,
  File "/home/airflow/.local/lib/python3.6/site-packages/sqlalchemy/util/compat.py", line 182, in raise_
    raise exception
  File "/home/airflow/.local/lib/python3.6/site-packages/sqlalchemy/pool/impl.py", line 137, in _do_get
    return self._create_connection()
  File "/home/airflow/.local/lib/python3.6/site-packages/sqlalchemy/pool/base.py", line 309, in _create_connection
    return _ConnectionRecord(self)
  File "/home/airflow/.local/lib/python3.6/site-packages/sqlalchemy/pool/base.py", line 440, in __init__
    self.__connect(first_connect_check=True)
  File "/home/airflow/.local/lib/python3.6/site-packages/sqlalchemy/pool/base.py", line 661, in __connect
    pool.logger.debug("Error on connect(): %s", e)
  File "/home/airflow/.local/lib/python3.6/site-packages/sqlalchemy/util/langhelpers.py", line 70, in __exit__
    with_traceback=exc_tb,
  File "/home/airflow/.local/lib/python3.6/site-packages/sqlalchemy/util/compat.py", line 182, in raise_
    raise exception
  File "/home/airflow/.local/lib/python3.6/site-packages/sqlalchemy/pool/base.py", line 656, in __connect
    connection = pool._invoke_creator(self)
  File "/home/airflow/.local/lib/python3.6/site-packages/sqlalchemy/engine/strategies.py", line 114, in connect
    return dialect.connect(*cargs, **cparams)
  File "/home/airflow/.local/lib/python3.6/site-packages/sqlalchemy/engine/default.py", line 508, in connect
    return self.dbapi.connect(*cargs, **cparams)
  File "/home/airflow/.local/lib/python3.6/site-packages/psycopg2/__init__.py", line 122, in connect
    conn = _connect(dsn, connection_factory=connection_factory, **kwasync)
psycopg2.OperationalError: could not connect to server: Connection refused
	Is the server running on host "postgres" (172.23.0.2) and accepting
	TCP/IP connections on port 5432?


The above exception was the direct cause of the following exception:

Traceback (most recent call last):
  File "/home/airflow/.local/lib/python3.6/site-packages/airflow/jobs/scheduler_job.py", line 187, in _run_file_processor
    callback_requests=callback_requests,
  File "/home/airflow/.local/lib/python3.6/site-packages/airflow/utils/session.py", line 70, in wrapper
    return func(*args, session=session, **kwargs)
  File "/home/airflow/.local/lib/python3.6/site-packages/airflow/jobs/scheduler_job.py", line 652, in process_file
    dagbag.sync_to_db()
  File "/home/airflow/.local/lib/python3.6/site-packages/airflow/utils/session.py", line 70, in wrapper
    return func(*args, session=session, **kwargs)
  File "/home/airflow/.local/lib/python3.6/site-packages/airflow/models/dagbag.py", line 603, in sync_to_db
    for attempt in run_with_db_retries(logger=self.log):
  File "/home/airflow/.local/lib/python3.6/site-packages/tenacity/__init__.py", line 390, in __iter__
    do = self.iter(retry_state=retry_state)
  File "/home/airflow/.local/lib/python3.6/site-packages/tenacity/__init__.py", line 368, in iter
    raise retry_exc.reraise()
  File "/home/airflow/.local/lib/python3.6/site-packages/tenacity/__init__.py", line 186, in reraise
    raise self.last_attempt.result()
  File "/usr/local/lib/python3.6/concurrent/futures/_base.py", line 425, in result
    return self.__get_result()
  File "/usr/local/lib/python3.6/concurrent/futures/_base.py", line 384, in __get_result
    raise self._exception
  File "/home/airflow/.local/lib/python3.6/site-packages/airflow/models/dagbag.py", line 615, in sync_to_db
    serialize_errors.extend(_serialize_dag_capturing_errors(dag, session))
  File "/home/airflow/.local/lib/python3.6/site-packages/airflow/models/dagbag.py", line 590, in _serialize_dag_capturing_errors
    session=session,
  File "/home/airflow/.local/lib/python3.6/site-packages/airflow/utils/session.py", line 67, in wrapper
    return func(*args, **kwargs)
  File "/home/airflow/.local/lib/python3.6/site-packages/airflow/models/serialized_dag.py", line 124, in write_dag
    (timezone.utcnow() - timedelta(seconds=min_update_interval)) < cls.last_updated,
  File "/home/airflow/.local/lib/python3.6/site-packages/sqlalchemy/orm/query.py", line 3523, in scalar
    ret = self.one()
  File "/home/airflow/.local/lib/python3.6/site-packages/sqlalchemy/orm/query.py", line 3490, in one
    ret = self.one_or_none()
  File "/home/airflow/.local/lib/python3.6/site-packages/sqlalchemy/orm/query.py", line 3459, in one_or_none
    ret = list(self)
  File "/home/airflow/.local/lib/python3.6/site-packages/sqlalchemy/orm/query.py", line 3535, in __iter__
    return self._execute_and_instances(context)
  File "/home/airflow/.local/lib/python3.6/site-packages/sqlalchemy/orm/query.py", line 3557, in _execute_and_instances
    querycontext, self._connection_from_session, close_with_result=True
  File "/home/airflow/.local/lib/python3.6/site-packages/sqlalchemy/orm/query.py", line 3572, in _get_bind_args
    mapper=self._bind_mapper(), clause=querycontext.statement, **kw
  File "/home/airflow/.local/lib/python3.6/site-packages/sqlalchemy/orm/query.py", line 3550, in _connection_from_session
    conn = self.session.connection(**kw)
  File "/home/airflow/.local/lib/python3.6/site-packages/sqlalchemy/orm/session.py", line 1145, in connection
    execution_options=execution_options,
  File "/home/airflow/.local/lib/python3.6/site-packages/sqlalchemy/orm/session.py", line 1151, in _connection_for_bind
    engine, execution_options
  File "/home/airflow/.local/lib/python3.6/site-packages/sqlalchemy/orm/session.py", line 433, in _connection_for_bind
    conn = bind._contextual_connect()
  File "/home/airflow/.local/lib/python3.6/site-packages/sqlalchemy/engine/base.py", line 2302, in _contextual_connect
    self._wrap_pool_connect(self.pool.connect, None),
  File "/home/airflow/.local/lib/python3.6/site-packages/sqlalchemy/engine/base.py", line 2340, in _wrap_pool_connect
    e, dialect, self
  File "/home/airflow/.local/lib/python3.6/site-packages/sqlalchemy/engine/base.py", line 1584, in _handle_dbapi_exception_noconnection
    sqlalchemy_exception, with_traceback=exc_info[2], from_=e
  File "/home/airflow/.local/lib/python3.6/site-packages/sqlalchemy/util/compat.py", line 182, in raise_
    raise exception
  File "/home/airflow/.local/lib/python3.6/site-packages/sqlalchemy/engine/base.py", line 2336, in _wrap_pool_connect
    return fn()
  File "/home/airflow/.local/lib/python3.6/site-packages/sqlalchemy/pool/base.py", line 364, in connect
    return _ConnectionFairy._checkout(self)
  File "/home/airflow/.local/lib/python3.6/site-packages/sqlalchemy/pool/base.py", line 778, in _checkout
    fairy = _ConnectionRecord.checkout(pool)
  File "/home/airflow/.local/lib/python3.6/site-packages/sqlalchemy/pool/base.py", line 495, in checkout
    rec = pool._do_get()
  File "/home/airflow/.local/lib/python3.6/site-packages/sqlalchemy/pool/impl.py", line 140, in _do_get
    self._dec_overflow()
  File "/home/airflow/.local/lib/python3.6/site-packages/sqlalchemy/util/langhelpers.py", line 70, in __exit__
    with_traceback=exc_tb,
  File "/home/airflow/.local/lib/python3.6/site-packages/sqlalchemy/util/compat.py", line 182, in raise_
    raise exception
  File "/home/airflow/.local/lib/python3.6/site-packages/sqlalchemy/pool/impl.py", line 137, in _do_get
    return self._create_connection()
  File "/home/airflow/.local/lib/python3.6/site-packages/sqlalchemy/pool/base.py", line 309, in _create_connection
    return _ConnectionRecord(self)
  File "/home/airflow/.local/lib/python3.6/site-packages/sqlalchemy/pool/base.py", line 440, in __init__
    self.__connect(first_connect_check=True)
  File "/home/airflow/.local/lib/python3.6/site-packages/sqlalchemy/pool/base.py", line 661, in __connect
    pool.logger.debug("Error on connect(): %s", e)
  File "/home/airflow/.local/lib/python3.6/site-packages/sqlalchemy/util/langhelpers.py", line 70, in __exit__
    with_traceback=exc_tb,
  File "/home/airflow/.local/lib/python3.6/site-packages/sqlalchemy/util/compat.py", line 182, in raise_
    raise exception
  File "/home/airflow/.local/lib/python3.6/site-packages/sqlalchemy/pool/base.py", line 656, in __connect
    connection = pool._invoke_creator(self)
  File "/home/airflow/.local/lib/python3.6/site-packages/sqlalchemy/engine/strategies.py", line 114, in connect
    return dialect.connect(*cargs, **cparams)
  File "/home/airflow/.local/lib/python3.6/site-packages/sqlalchemy/engine/default.py", line 508, in connect
    return self.dbapi.connect(*cargs, **cparams)
  File "/home/airflow/.local/lib/python3.6/site-packages/psycopg2/__init__.py", line 122, in connect
    conn = _connect(dsn, connection_factory=connection_factory, **kwasync)
sqlalchemy.exc.OperationalError: (psycopg2.OperationalError) could not connect to server: Connection refused
	Is the server running on host "postgres" (172.23.0.2) and accepting
	TCP/IP connections on port 5432?

(Background on this error at: http://sqlalche.me/e/13/e3q8)
[2023-10-11 17:30:56,320] {scheduler_job.py:182} INFO - Started process (PID=98) to work on /home/airflow/.local/lib/python3.6/site-packages/airflow/example_dags/example_branch_labels.py
[2023-10-11 17:30:56,322] {scheduler_job.py:633} INFO - Processing file /home/airflow/.local/lib/python3.6/site-packages/airflow/example_dags/example_branch_labels.py for tasks to queue
[2023-10-11 17:30:56,323] {logging_mixin.py:104} INFO - [2023-10-11 17:30:56,323] {dagbag.py:496} INFO - Filling up the DagBag from /home/airflow/.local/lib/python3.6/site-packages/airflow/example_dags/example_branch_labels.py
[2023-10-11 17:30:56,347] {scheduler_job.py:643} INFO - DAG(s) dict_keys(['example_branch_labels']) retrieved from /home/airflow/.local/lib/python3.6/site-packages/airflow/example_dags/example_branch_labels.py
[2023-10-11 17:30:56,385] {logging_mixin.py:104} INFO - [2023-10-11 17:30:56,384] {dag.py:1833} INFO - Sync 1 DAGs
[2023-10-11 17:30:56,419] {logging_mixin.py:104} INFO - [2023-10-11 17:30:56,419] {dag.py:2306} INFO - Setting next_dagrun for example_branch_labels to 2023-10-09 00:00:00+00:00
[2023-10-11 17:30:56,435] {scheduler_job.py:190} INFO - Processing /home/airflow/.local/lib/python3.6/site-packages/airflow/example_dags/example_branch_labels.py took 0.121 seconds
