[2023-10-11 17:11:56,541] {scheduler_job.py:182} INFO - Started process (PID=113) to work on /home/airflow/.local/lib/python3.6/site-packages/airflow/example_dags/example_python_operator.py
[2023-10-11 17:11:56,543] {scheduler_job.py:633} INFO - Processing file /home/airflow/.local/lib/python3.6/site-packages/airflow/example_dags/example_python_operator.py for tasks to queue
[2023-10-11 17:11:56,543] {logging_mixin.py:104} INFO - [2023-10-11 17:11:56,543] {dagbag.py:496} INFO - Filling up the DagBag from /home/airflow/.local/lib/python3.6/site-packages/airflow/example_dags/example_python_operator.py
[2023-10-11 17:11:56,557] {scheduler_job.py:643} INFO - DAG(s) dict_keys(['example_python_operator']) retrieved from /home/airflow/.local/lib/python3.6/site-packages/airflow/example_dags/example_python_operator.py
[2023-10-11 17:11:56,900] {logging_mixin.py:104} INFO - [2023-10-11 17:11:56,899] {dag.py:1833} INFO - Sync 1 DAGs
[2023-10-11 17:11:56,933] {logging_mixin.py:104} INFO - [2023-10-11 17:11:56,932] {dag.py:2306} INFO - Setting next_dagrun for example_python_operator to None
[2023-10-11 17:11:56,955] {scheduler_job.py:190} INFO - Processing /home/airflow/.local/lib/python3.6/site-packages/airflow/example_dags/example_python_operator.py took 0.417 seconds
[2023-10-11 17:12:27,565] {scheduler_job.py:182} INFO - Started process (PID=214) to work on /home/airflow/.local/lib/python3.6/site-packages/airflow/example_dags/example_python_operator.py
[2023-10-11 17:12:27,566] {scheduler_job.py:633} INFO - Processing file /home/airflow/.local/lib/python3.6/site-packages/airflow/example_dags/example_python_operator.py for tasks to queue
[2023-10-11 17:12:27,566] {logging_mixin.py:104} INFO - [2023-10-11 17:12:27,566] {dagbag.py:496} INFO - Filling up the DagBag from /home/airflow/.local/lib/python3.6/site-packages/airflow/example_dags/example_python_operator.py
[2023-10-11 17:12:27,580] {scheduler_job.py:643} INFO - DAG(s) dict_keys(['example_python_operator']) retrieved from /home/airflow/.local/lib/python3.6/site-packages/airflow/example_dags/example_python_operator.py
[2023-10-11 17:12:27,610] {logging_mixin.py:104} INFO - [2023-10-11 17:12:27,609] {dag.py:1833} INFO - Sync 1 DAGs
[2023-10-11 17:12:27,631] {logging_mixin.py:104} INFO - [2023-10-11 17:12:27,631] {dag.py:2306} INFO - Setting next_dagrun for example_python_operator to None
[2023-10-11 17:12:27,649] {scheduler_job.py:190} INFO - Processing /home/airflow/.local/lib/python3.6/site-packages/airflow/example_dags/example_python_operator.py took 0.087 seconds
[2023-10-11 17:12:57,908] {scheduler_job.py:182} INFO - Started process (PID=288) to work on /home/airflow/.local/lib/python3.6/site-packages/airflow/example_dags/example_python_operator.py
[2023-10-11 17:12:57,910] {scheduler_job.py:633} INFO - Processing file /home/airflow/.local/lib/python3.6/site-packages/airflow/example_dags/example_python_operator.py for tasks to queue
[2023-10-11 17:12:57,910] {logging_mixin.py:104} INFO - [2023-10-11 17:12:57,910] {dagbag.py:496} INFO - Filling up the DagBag from /home/airflow/.local/lib/python3.6/site-packages/airflow/example_dags/example_python_operator.py
[2023-10-11 17:12:57,927] {scheduler_job.py:643} INFO - DAG(s) dict_keys(['example_python_operator']) retrieved from /home/airflow/.local/lib/python3.6/site-packages/airflow/example_dags/example_python_operator.py
[2023-10-11 17:12:57,966] {logging_mixin.py:104} INFO - [2023-10-11 17:12:57,966] {dag.py:1833} INFO - Sync 1 DAGs
[2023-10-11 17:12:57,987] {logging_mixin.py:104} INFO - [2023-10-11 17:12:57,987] {dag.py:2306} INFO - Setting next_dagrun for example_python_operator to None
[2023-10-11 17:12:58,001] {scheduler_job.py:190} INFO - Processing /home/airflow/.local/lib/python3.6/site-packages/airflow/example_dags/example_python_operator.py took 0.096 seconds
[2023-10-11 17:13:29,075] {scheduler_job.py:182} INFO - Started process (PID=360) to work on /home/airflow/.local/lib/python3.6/site-packages/airflow/example_dags/example_python_operator.py
[2023-10-11 17:13:29,076] {scheduler_job.py:633} INFO - Processing file /home/airflow/.local/lib/python3.6/site-packages/airflow/example_dags/example_python_operator.py for tasks to queue
[2023-10-11 17:13:29,077] {logging_mixin.py:104} INFO - [2023-10-11 17:13:29,077] {dagbag.py:496} INFO - Filling up the DagBag from /home/airflow/.local/lib/python3.6/site-packages/airflow/example_dags/example_python_operator.py
[2023-10-11 17:13:29,092] {scheduler_job.py:643} INFO - DAG(s) dict_keys(['example_python_operator']) retrieved from /home/airflow/.local/lib/python3.6/site-packages/airflow/example_dags/example_python_operator.py
[2023-10-11 17:13:29,123] {logging_mixin.py:104} INFO - [2023-10-11 17:13:29,123] {dag.py:1833} INFO - Sync 1 DAGs
[2023-10-11 17:13:29,147] {logging_mixin.py:104} INFO - [2023-10-11 17:13:29,147] {dag.py:2306} INFO - Setting next_dagrun for example_python_operator to None
[2023-10-11 17:13:29,179] {scheduler_job.py:190} INFO - Processing /home/airflow/.local/lib/python3.6/site-packages/airflow/example_dags/example_python_operator.py took 0.107 seconds
[2023-10-11 17:13:59,768] {scheduler_job.py:182} INFO - Started process (PID=432) to work on /home/airflow/.local/lib/python3.6/site-packages/airflow/example_dags/example_python_operator.py
[2023-10-11 17:13:59,769] {scheduler_job.py:633} INFO - Processing file /home/airflow/.local/lib/python3.6/site-packages/airflow/example_dags/example_python_operator.py for tasks to queue
[2023-10-11 17:13:59,770] {logging_mixin.py:104} INFO - [2023-10-11 17:13:59,769] {dagbag.py:496} INFO - Filling up the DagBag from /home/airflow/.local/lib/python3.6/site-packages/airflow/example_dags/example_python_operator.py
[2023-10-11 17:13:59,782] {scheduler_job.py:643} INFO - DAG(s) dict_keys(['example_python_operator']) retrieved from /home/airflow/.local/lib/python3.6/site-packages/airflow/example_dags/example_python_operator.py
[2023-10-11 17:13:59,808] {logging_mixin.py:104} INFO - [2023-10-11 17:13:59,808] {dag.py:1833} INFO - Sync 1 DAGs
[2023-10-11 17:13:59,824] {logging_mixin.py:104} INFO - [2023-10-11 17:13:59,824] {dag.py:2306} INFO - Setting next_dagrun for example_python_operator to None
[2023-10-11 17:13:59,837] {scheduler_job.py:190} INFO - Processing /home/airflow/.local/lib/python3.6/site-packages/airflow/example_dags/example_python_operator.py took 0.072 seconds
[2023-10-11 17:14:30,377] {scheduler_job.py:182} INFO - Started process (PID=515) to work on /home/airflow/.local/lib/python3.6/site-packages/airflow/example_dags/example_python_operator.py
[2023-10-11 17:14:30,380] {scheduler_job.py:633} INFO - Processing file /home/airflow/.local/lib/python3.6/site-packages/airflow/example_dags/example_python_operator.py for tasks to queue
[2023-10-11 17:14:30,381] {logging_mixin.py:104} INFO - [2023-10-11 17:14:30,381] {dagbag.py:496} INFO - Filling up the DagBag from /home/airflow/.local/lib/python3.6/site-packages/airflow/example_dags/example_python_operator.py
[2023-10-11 17:14:30,409] {scheduler_job.py:643} INFO - DAG(s) dict_keys(['example_python_operator']) retrieved from /home/airflow/.local/lib/python3.6/site-packages/airflow/example_dags/example_python_operator.py
[2023-10-11 17:14:30,458] {logging_mixin.py:104} INFO - [2023-10-11 17:14:30,457] {dag.py:1833} INFO - Sync 1 DAGs
[2023-10-11 17:14:30,487] {logging_mixin.py:104} INFO - [2023-10-11 17:14:30,487] {dag.py:2306} INFO - Setting next_dagrun for example_python_operator to None
[2023-10-11 17:14:30,506] {scheduler_job.py:190} INFO - Processing /home/airflow/.local/lib/python3.6/site-packages/airflow/example_dags/example_python_operator.py took 0.135 seconds
[2023-10-11 17:15:01,013] {scheduler_job.py:182} INFO - Started process (PID=596) to work on /home/airflow/.local/lib/python3.6/site-packages/airflow/example_dags/example_python_operator.py
[2023-10-11 17:15:01,014] {scheduler_job.py:633} INFO - Processing file /home/airflow/.local/lib/python3.6/site-packages/airflow/example_dags/example_python_operator.py for tasks to queue
[2023-10-11 17:15:01,015] {logging_mixin.py:104} INFO - [2023-10-11 17:15:01,015] {dagbag.py:496} INFO - Filling up the DagBag from /home/airflow/.local/lib/python3.6/site-packages/airflow/example_dags/example_python_operator.py
[2023-10-11 17:15:01,032] {scheduler_job.py:643} INFO - DAG(s) dict_keys(['example_python_operator']) retrieved from /home/airflow/.local/lib/python3.6/site-packages/airflow/example_dags/example_python_operator.py
[2023-10-11 17:15:01,058] {logging_mixin.py:104} INFO - [2023-10-11 17:15:01,058] {dag.py:1833} INFO - Sync 1 DAGs
[2023-10-11 17:15:01,077] {logging_mixin.py:104} INFO - [2023-10-11 17:15:01,077] {dag.py:2306} INFO - Setting next_dagrun for example_python_operator to None
[2023-10-11 17:15:01,094] {scheduler_job.py:190} INFO - Processing /home/airflow/.local/lib/python3.6/site-packages/airflow/example_dags/example_python_operator.py took 0.084 seconds
[2023-10-11 17:15:31,801] {scheduler_job.py:182} INFO - Started process (PID=682) to work on /home/airflow/.local/lib/python3.6/site-packages/airflow/example_dags/example_python_operator.py
[2023-10-11 17:15:31,802] {scheduler_job.py:633} INFO - Processing file /home/airflow/.local/lib/python3.6/site-packages/airflow/example_dags/example_python_operator.py for tasks to queue
[2023-10-11 17:15:31,802] {logging_mixin.py:104} INFO - [2023-10-11 17:15:31,802] {dagbag.py:496} INFO - Filling up the DagBag from /home/airflow/.local/lib/python3.6/site-packages/airflow/example_dags/example_python_operator.py
[2023-10-11 17:15:31,812] {scheduler_job.py:643} INFO - DAG(s) dict_keys(['example_python_operator']) retrieved from /home/airflow/.local/lib/python3.6/site-packages/airflow/example_dags/example_python_operator.py
[2023-10-11 17:15:31,832] {logging_mixin.py:104} INFO - [2023-10-11 17:15:31,832] {dag.py:1833} INFO - Sync 1 DAGs
[2023-10-11 17:15:31,845] {logging_mixin.py:104} INFO - [2023-10-11 17:15:31,845] {dag.py:2306} INFO - Setting next_dagrun for example_python_operator to None
[2023-10-11 17:15:31,856] {scheduler_job.py:190} INFO - Processing /home/airflow/.local/lib/python3.6/site-packages/airflow/example_dags/example_python_operator.py took 0.057 seconds
[2023-10-11 17:16:02,444] {scheduler_job.py:182} INFO - Started process (PID=757) to work on /home/airflow/.local/lib/python3.6/site-packages/airflow/example_dags/example_python_operator.py
[2023-10-11 17:16:02,445] {scheduler_job.py:633} INFO - Processing file /home/airflow/.local/lib/python3.6/site-packages/airflow/example_dags/example_python_operator.py for tasks to queue
[2023-10-11 17:16:02,445] {logging_mixin.py:104} INFO - [2023-10-11 17:16:02,445] {dagbag.py:496} INFO - Filling up the DagBag from /home/airflow/.local/lib/python3.6/site-packages/airflow/example_dags/example_python_operator.py
[2023-10-11 17:16:02,456] {scheduler_job.py:643} INFO - DAG(s) dict_keys(['example_python_operator']) retrieved from /home/airflow/.local/lib/python3.6/site-packages/airflow/example_dags/example_python_operator.py
[2023-10-11 17:16:02,479] {logging_mixin.py:104} INFO - [2023-10-11 17:16:02,479] {dag.py:1833} INFO - Sync 1 DAGs
[2023-10-11 17:16:02,496] {logging_mixin.py:104} INFO - [2023-10-11 17:16:02,496] {dag.py:2306} INFO - Setting next_dagrun for example_python_operator to None
[2023-10-11 17:16:02,510] {scheduler_job.py:190} INFO - Processing /home/airflow/.local/lib/python3.6/site-packages/airflow/example_dags/example_python_operator.py took 0.068 seconds
[2023-10-11 17:16:33,083] {scheduler_job.py:182} INFO - Started process (PID=846) to work on /home/airflow/.local/lib/python3.6/site-packages/airflow/example_dags/example_python_operator.py
[2023-10-11 17:16:33,086] {scheduler_job.py:633} INFO - Processing file /home/airflow/.local/lib/python3.6/site-packages/airflow/example_dags/example_python_operator.py for tasks to queue
[2023-10-11 17:16:33,086] {logging_mixin.py:104} INFO - [2023-10-11 17:16:33,086] {dagbag.py:496} INFO - Filling up the DagBag from /home/airflow/.local/lib/python3.6/site-packages/airflow/example_dags/example_python_operator.py
[2023-10-11 17:16:33,104] {scheduler_job.py:643} INFO - DAG(s) dict_keys(['example_python_operator']) retrieved from /home/airflow/.local/lib/python3.6/site-packages/airflow/example_dags/example_python_operator.py
[2023-10-11 17:16:33,144] {logging_mixin.py:104} INFO - [2023-10-11 17:16:33,144] {dag.py:1833} INFO - Sync 1 DAGs
[2023-10-11 17:16:33,167] {logging_mixin.py:104} INFO - [2023-10-11 17:16:33,167] {dag.py:2306} INFO - Setting next_dagrun for example_python_operator to None
[2023-10-11 17:16:33,185] {scheduler_job.py:190} INFO - Processing /home/airflow/.local/lib/python3.6/site-packages/airflow/example_dags/example_python_operator.py took 0.106 seconds
[2023-10-11 17:17:03,996] {scheduler_job.py:182} INFO - Started process (PID=928) to work on /home/airflow/.local/lib/python3.6/site-packages/airflow/example_dags/example_python_operator.py
[2023-10-11 17:17:03,997] {scheduler_job.py:633} INFO - Processing file /home/airflow/.local/lib/python3.6/site-packages/airflow/example_dags/example_python_operator.py for tasks to queue
[2023-10-11 17:17:03,998] {logging_mixin.py:104} INFO - [2023-10-11 17:17:03,998] {dagbag.py:496} INFO - Filling up the DagBag from /home/airflow/.local/lib/python3.6/site-packages/airflow/example_dags/example_python_operator.py
[2023-10-11 17:17:04,017] {scheduler_job.py:643} INFO - DAG(s) dict_keys(['example_python_operator']) retrieved from /home/airflow/.local/lib/python3.6/site-packages/airflow/example_dags/example_python_operator.py
[2023-10-11 17:17:04,049] {logging_mixin.py:104} INFO - [2023-10-11 17:17:04,049] {dag.py:1833} INFO - Sync 1 DAGs
[2023-10-11 17:17:04,067] {logging_mixin.py:104} INFO - [2023-10-11 17:17:04,067] {dag.py:2306} INFO - Setting next_dagrun for example_python_operator to None
[2023-10-11 17:17:04,079] {scheduler_job.py:190} INFO - Processing /home/airflow/.local/lib/python3.6/site-packages/airflow/example_dags/example_python_operator.py took 0.087 seconds
[2023-10-11 17:17:34,684] {scheduler_job.py:182} INFO - Started process (PID=1008) to work on /home/airflow/.local/lib/python3.6/site-packages/airflow/example_dags/example_python_operator.py
[2023-10-11 17:17:34,684] {scheduler_job.py:633} INFO - Processing file /home/airflow/.local/lib/python3.6/site-packages/airflow/example_dags/example_python_operator.py for tasks to queue
[2023-10-11 17:17:34,685] {logging_mixin.py:104} INFO - [2023-10-11 17:17:34,685] {dagbag.py:496} INFO - Filling up the DagBag from /home/airflow/.local/lib/python3.6/site-packages/airflow/example_dags/example_python_operator.py
[2023-10-11 17:17:34,694] {scheduler_job.py:643} INFO - DAG(s) dict_keys(['example_python_operator']) retrieved from /home/airflow/.local/lib/python3.6/site-packages/airflow/example_dags/example_python_operator.py
[2023-10-11 17:17:34,714] {logging_mixin.py:104} INFO - [2023-10-11 17:17:34,714] {dag.py:1833} INFO - Sync 1 DAGs
[2023-10-11 17:17:34,727] {logging_mixin.py:104} INFO - [2023-10-11 17:17:34,727] {dag.py:2306} INFO - Setting next_dagrun for example_python_operator to None
[2023-10-11 17:17:34,739] {scheduler_job.py:190} INFO - Processing /home/airflow/.local/lib/python3.6/site-packages/airflow/example_dags/example_python_operator.py took 0.057 seconds
[2023-10-11 17:18:05,553] {scheduler_job.py:182} INFO - Started process (PID=1096) to work on /home/airflow/.local/lib/python3.6/site-packages/airflow/example_dags/example_python_operator.py
[2023-10-11 17:18:05,554] {scheduler_job.py:633} INFO - Processing file /home/airflow/.local/lib/python3.6/site-packages/airflow/example_dags/example_python_operator.py for tasks to queue
[2023-10-11 17:18:05,555] {logging_mixin.py:104} INFO - [2023-10-11 17:18:05,555] {dagbag.py:496} INFO - Filling up the DagBag from /home/airflow/.local/lib/python3.6/site-packages/airflow/example_dags/example_python_operator.py
[2023-10-11 17:18:05,570] {scheduler_job.py:643} INFO - DAG(s) dict_keys(['example_python_operator']) retrieved from /home/airflow/.local/lib/python3.6/site-packages/airflow/example_dags/example_python_operator.py
[2023-10-11 17:18:05,606] {logging_mixin.py:104} INFO - [2023-10-11 17:18:05,605] {dag.py:1833} INFO - Sync 1 DAGs
[2023-10-11 17:18:05,628] {logging_mixin.py:104} INFO - [2023-10-11 17:18:05,628] {dag.py:2306} INFO - Setting next_dagrun for example_python_operator to None
[2023-10-11 17:18:05,643] {scheduler_job.py:190} INFO - Processing /home/airflow/.local/lib/python3.6/site-packages/airflow/example_dags/example_python_operator.py took 0.093 seconds
[2023-10-11 17:18:36,273] {scheduler_job.py:182} INFO - Started process (PID=1176) to work on /home/airflow/.local/lib/python3.6/site-packages/airflow/example_dags/example_python_operator.py
[2023-10-11 17:18:36,274] {scheduler_job.py:633} INFO - Processing file /home/airflow/.local/lib/python3.6/site-packages/airflow/example_dags/example_python_operator.py for tasks to queue
[2023-10-11 17:18:36,275] {logging_mixin.py:104} INFO - [2023-10-11 17:18:36,275] {dagbag.py:496} INFO - Filling up the DagBag from /home/airflow/.local/lib/python3.6/site-packages/airflow/example_dags/example_python_operator.py
[2023-10-11 17:18:36,292] {scheduler_job.py:643} INFO - DAG(s) dict_keys(['example_python_operator']) retrieved from /home/airflow/.local/lib/python3.6/site-packages/airflow/example_dags/example_python_operator.py
[2023-10-11 17:18:36,323] {logging_mixin.py:104} INFO - [2023-10-11 17:18:36,323] {dag.py:1833} INFO - Sync 1 DAGs
[2023-10-11 17:18:36,351] {logging_mixin.py:104} INFO - [2023-10-11 17:18:36,351] {dag.py:2306} INFO - Setting next_dagrun for example_python_operator to None
[2023-10-11 17:18:36,388] {scheduler_job.py:190} INFO - Processing /home/airflow/.local/lib/python3.6/site-packages/airflow/example_dags/example_python_operator.py took 0.121 seconds
[2023-10-11 17:19:06,657] {scheduler_job.py:182} INFO - Started process (PID=1258) to work on /home/airflow/.local/lib/python3.6/site-packages/airflow/example_dags/example_python_operator.py
[2023-10-11 17:19:06,661] {scheduler_job.py:633} INFO - Processing file /home/airflow/.local/lib/python3.6/site-packages/airflow/example_dags/example_python_operator.py for tasks to queue
[2023-10-11 17:19:06,663] {logging_mixin.py:104} INFO - [2023-10-11 17:19:06,662] {dagbag.py:496} INFO - Filling up the DagBag from /home/airflow/.local/lib/python3.6/site-packages/airflow/example_dags/example_python_operator.py
[2023-10-11 17:19:06,687] {scheduler_job.py:643} INFO - DAG(s) dict_keys(['example_python_operator']) retrieved from /home/airflow/.local/lib/python3.6/site-packages/airflow/example_dags/example_python_operator.py
[2023-10-11 17:19:06,775] {logging_mixin.py:104} INFO - [2023-10-11 17:19:06,775] {dag.py:1833} INFO - Sync 1 DAGs
[2023-10-11 17:19:06,811] {logging_mixin.py:104} INFO - [2023-10-11 17:19:06,811] {dag.py:2306} INFO - Setting next_dagrun for example_python_operator to None
[2023-10-11 17:19:06,839] {scheduler_job.py:190} INFO - Processing /home/airflow/.local/lib/python3.6/site-packages/airflow/example_dags/example_python_operator.py took 0.188 seconds
[2023-10-11 17:19:37,723] {scheduler_job.py:182} INFO - Started process (PID=1332) to work on /home/airflow/.local/lib/python3.6/site-packages/airflow/example_dags/example_python_operator.py
[2023-10-11 17:19:37,725] {scheduler_job.py:633} INFO - Processing file /home/airflow/.local/lib/python3.6/site-packages/airflow/example_dags/example_python_operator.py for tasks to queue
[2023-10-11 17:19:37,726] {logging_mixin.py:104} INFO - [2023-10-11 17:19:37,726] {dagbag.py:496} INFO - Filling up the DagBag from /home/airflow/.local/lib/python3.6/site-packages/airflow/example_dags/example_python_operator.py
[2023-10-11 17:19:37,740] {scheduler_job.py:643} INFO - DAG(s) dict_keys(['example_python_operator']) retrieved from /home/airflow/.local/lib/python3.6/site-packages/airflow/example_dags/example_python_operator.py
[2023-10-11 17:19:37,789] {logging_mixin.py:104} INFO - [2023-10-11 17:19:37,788] {dag.py:1833} INFO - Sync 1 DAGs
[2023-10-11 17:19:37,808] {logging_mixin.py:104} INFO - [2023-10-11 17:19:37,808] {dag.py:2306} INFO - Setting next_dagrun for example_python_operator to None
[2023-10-11 17:19:37,830] {scheduler_job.py:190} INFO - Processing /home/airflow/.local/lib/python3.6/site-packages/airflow/example_dags/example_python_operator.py took 0.110 seconds
[2023-10-11 17:20:08,015] {scheduler_job.py:182} INFO - Started process (PID=1416) to work on /home/airflow/.local/lib/python3.6/site-packages/airflow/example_dags/example_python_operator.py
[2023-10-11 17:20:08,017] {scheduler_job.py:633} INFO - Processing file /home/airflow/.local/lib/python3.6/site-packages/airflow/example_dags/example_python_operator.py for tasks to queue
[2023-10-11 17:20:08,018] {logging_mixin.py:104} INFO - [2023-10-11 17:20:08,018] {dagbag.py:496} INFO - Filling up the DagBag from /home/airflow/.local/lib/python3.6/site-packages/airflow/example_dags/example_python_operator.py
[2023-10-11 17:20:08,050] {scheduler_job.py:643} INFO - DAG(s) dict_keys(['example_python_operator']) retrieved from /home/airflow/.local/lib/python3.6/site-packages/airflow/example_dags/example_python_operator.py
[2023-10-11 17:20:08,151] {logging_mixin.py:104} INFO - [2023-10-11 17:20:08,151] {dag.py:1833} INFO - Sync 1 DAGs
[2023-10-11 17:20:08,173] {logging_mixin.py:104} INFO - [2023-10-11 17:20:08,173] {dag.py:2306} INFO - Setting next_dagrun for example_python_operator to None
[2023-10-11 17:20:08,187] {scheduler_job.py:190} INFO - Processing /home/airflow/.local/lib/python3.6/site-packages/airflow/example_dags/example_python_operator.py took 0.178 seconds
[2023-10-11 17:20:38,531] {scheduler_job.py:182} INFO - Started process (PID=1497) to work on /home/airflow/.local/lib/python3.6/site-packages/airflow/example_dags/example_python_operator.py
[2023-10-11 17:20:38,532] {scheduler_job.py:633} INFO - Processing file /home/airflow/.local/lib/python3.6/site-packages/airflow/example_dags/example_python_operator.py for tasks to queue
[2023-10-11 17:20:38,533] {logging_mixin.py:104} INFO - [2023-10-11 17:20:38,533] {dagbag.py:496} INFO - Filling up the DagBag from /home/airflow/.local/lib/python3.6/site-packages/airflow/example_dags/example_python_operator.py
[2023-10-11 17:20:38,551] {scheduler_job.py:643} INFO - DAG(s) dict_keys(['example_python_operator']) retrieved from /home/airflow/.local/lib/python3.6/site-packages/airflow/example_dags/example_python_operator.py
[2023-10-11 17:20:38,583] {logging_mixin.py:104} INFO - [2023-10-11 17:20:38,582] {dag.py:1833} INFO - Sync 1 DAGs
[2023-10-11 17:20:38,610] {logging_mixin.py:104} INFO - [2023-10-11 17:20:38,610] {dag.py:2306} INFO - Setting next_dagrun for example_python_operator to None
[2023-10-11 17:20:38,629] {scheduler_job.py:190} INFO - Processing /home/airflow/.local/lib/python3.6/site-packages/airflow/example_dags/example_python_operator.py took 0.102 seconds
[2023-10-11 17:21:09,526] {scheduler_job.py:182} INFO - Started process (PID=1584) to work on /home/airflow/.local/lib/python3.6/site-packages/airflow/example_dags/example_python_operator.py
[2023-10-11 17:21:09,528] {scheduler_job.py:633} INFO - Processing file /home/airflow/.local/lib/python3.6/site-packages/airflow/example_dags/example_python_operator.py for tasks to queue
[2023-10-11 17:21:09,529] {logging_mixin.py:104} INFO - [2023-10-11 17:21:09,529] {dagbag.py:496} INFO - Filling up the DagBag from /home/airflow/.local/lib/python3.6/site-packages/airflow/example_dags/example_python_operator.py
[2023-10-11 17:21:09,553] {scheduler_job.py:643} INFO - DAG(s) dict_keys(['example_python_operator']) retrieved from /home/airflow/.local/lib/python3.6/site-packages/airflow/example_dags/example_python_operator.py
[2023-10-11 17:21:09,593] {logging_mixin.py:104} INFO - [2023-10-11 17:21:09,593] {dag.py:1833} INFO - Sync 1 DAGs
[2023-10-11 17:21:09,630] {logging_mixin.py:104} INFO - [2023-10-11 17:21:09,630] {dag.py:2306} INFO - Setting next_dagrun for example_python_operator to None
[2023-10-11 17:21:09,652] {scheduler_job.py:190} INFO - Processing /home/airflow/.local/lib/python3.6/site-packages/airflow/example_dags/example_python_operator.py took 0.129 seconds
[2023-10-11 17:21:40,504] {scheduler_job.py:182} INFO - Started process (PID=1658) to work on /home/airflow/.local/lib/python3.6/site-packages/airflow/example_dags/example_python_operator.py
[2023-10-11 17:21:40,505] {scheduler_job.py:633} INFO - Processing file /home/airflow/.local/lib/python3.6/site-packages/airflow/example_dags/example_python_operator.py for tasks to queue
[2023-10-11 17:21:40,506] {logging_mixin.py:104} INFO - [2023-10-11 17:21:40,506] {dagbag.py:496} INFO - Filling up the DagBag from /home/airflow/.local/lib/python3.6/site-packages/airflow/example_dags/example_python_operator.py
[2023-10-11 17:21:40,523] {scheduler_job.py:643} INFO - DAG(s) dict_keys(['example_python_operator']) retrieved from /home/airflow/.local/lib/python3.6/site-packages/airflow/example_dags/example_python_operator.py
[2023-10-11 17:21:40,551] {logging_mixin.py:104} INFO - [2023-10-11 17:21:40,551] {dag.py:1833} INFO - Sync 1 DAGs
[2023-10-11 17:21:40,576] {logging_mixin.py:104} INFO - [2023-10-11 17:21:40,576] {dag.py:2306} INFO - Setting next_dagrun for example_python_operator to None
[2023-10-11 17:21:40,593] {scheduler_job.py:190} INFO - Processing /home/airflow/.local/lib/python3.6/site-packages/airflow/example_dags/example_python_operator.py took 0.093 seconds
[2023-10-11 17:22:11,236] {scheduler_job.py:182} INFO - Started process (PID=1742) to work on /home/airflow/.local/lib/python3.6/site-packages/airflow/example_dags/example_python_operator.py
[2023-10-11 17:22:11,237] {scheduler_job.py:633} INFO - Processing file /home/airflow/.local/lib/python3.6/site-packages/airflow/example_dags/example_python_operator.py for tasks to queue
[2023-10-11 17:22:11,237] {logging_mixin.py:104} INFO - [2023-10-11 17:22:11,237] {dagbag.py:496} INFO - Filling up the DagBag from /home/airflow/.local/lib/python3.6/site-packages/airflow/example_dags/example_python_operator.py
[2023-10-11 17:22:11,255] {scheduler_job.py:643} INFO - DAG(s) dict_keys(['example_python_operator']) retrieved from /home/airflow/.local/lib/python3.6/site-packages/airflow/example_dags/example_python_operator.py
[2023-10-11 17:22:11,287] {logging_mixin.py:104} INFO - [2023-10-11 17:22:11,287] {dag.py:1833} INFO - Sync 1 DAGs
[2023-10-11 17:22:11,313] {logging_mixin.py:104} INFO - [2023-10-11 17:22:11,313] {dag.py:2306} INFO - Setting next_dagrun for example_python_operator to None
[2023-10-11 17:22:11,329] {scheduler_job.py:190} INFO - Processing /home/airflow/.local/lib/python3.6/site-packages/airflow/example_dags/example_python_operator.py took 0.096 seconds
[2023-10-11 17:22:41,956] {scheduler_job.py:182} INFO - Started process (PID=1815) to work on /home/airflow/.local/lib/python3.6/site-packages/airflow/example_dags/example_python_operator.py
[2023-10-11 17:22:41,957] {scheduler_job.py:633} INFO - Processing file /home/airflow/.local/lib/python3.6/site-packages/airflow/example_dags/example_python_operator.py for tasks to queue
[2023-10-11 17:22:41,958] {logging_mixin.py:104} INFO - [2023-10-11 17:22:41,957] {dagbag.py:496} INFO - Filling up the DagBag from /home/airflow/.local/lib/python3.6/site-packages/airflow/example_dags/example_python_operator.py
[2023-10-11 17:22:41,973] {scheduler_job.py:643} INFO - DAG(s) dict_keys(['example_python_operator']) retrieved from /home/airflow/.local/lib/python3.6/site-packages/airflow/example_dags/example_python_operator.py
[2023-10-11 17:22:42,006] {logging_mixin.py:104} INFO - [2023-10-11 17:22:42,005] {dag.py:1833} INFO - Sync 1 DAGs
[2023-10-11 17:22:42,028] {logging_mixin.py:104} INFO - [2023-10-11 17:22:42,028] {dag.py:2306} INFO - Setting next_dagrun for example_python_operator to None
[2023-10-11 17:22:42,046] {scheduler_job.py:190} INFO - Processing /home/airflow/.local/lib/python3.6/site-packages/airflow/example_dags/example_python_operator.py took 0.093 seconds
[2023-10-11 17:23:12,181] {scheduler_job.py:182} INFO - Started process (PID=1886) to work on /home/airflow/.local/lib/python3.6/site-packages/airflow/example_dags/example_python_operator.py
[2023-10-11 17:23:12,182] {scheduler_job.py:633} INFO - Processing file /home/airflow/.local/lib/python3.6/site-packages/airflow/example_dags/example_python_operator.py for tasks to queue
[2023-10-11 17:23:12,183] {logging_mixin.py:104} INFO - [2023-10-11 17:23:12,183] {dagbag.py:496} INFO - Filling up the DagBag from /home/airflow/.local/lib/python3.6/site-packages/airflow/example_dags/example_python_operator.py
[2023-10-11 17:23:12,198] {scheduler_job.py:643} INFO - DAG(s) dict_keys(['example_python_operator']) retrieved from /home/airflow/.local/lib/python3.6/site-packages/airflow/example_dags/example_python_operator.py
[2023-10-11 17:23:12,225] {logging_mixin.py:104} INFO - [2023-10-11 17:23:12,225] {dag.py:1833} INFO - Sync 1 DAGs
[2023-10-11 17:23:12,245] {logging_mixin.py:104} INFO - [2023-10-11 17:23:12,245] {dag.py:2306} INFO - Setting next_dagrun for example_python_operator to None
[2023-10-11 17:23:12,259] {scheduler_job.py:190} INFO - Processing /home/airflow/.local/lib/python3.6/site-packages/airflow/example_dags/example_python_operator.py took 0.081 seconds
[2023-10-11 17:23:43,021] {scheduler_job.py:182} INFO - Started process (PID=1970) to work on /home/airflow/.local/lib/python3.6/site-packages/airflow/example_dags/example_python_operator.py
[2023-10-11 17:23:43,023] {scheduler_job.py:633} INFO - Processing file /home/airflow/.local/lib/python3.6/site-packages/airflow/example_dags/example_python_operator.py for tasks to queue
[2023-10-11 17:23:43,024] {logging_mixin.py:104} INFO - [2023-10-11 17:23:43,024] {dagbag.py:496} INFO - Filling up the DagBag from /home/airflow/.local/lib/python3.6/site-packages/airflow/example_dags/example_python_operator.py
[2023-10-11 17:23:43,046] {scheduler_job.py:643} INFO - DAG(s) dict_keys(['example_python_operator']) retrieved from /home/airflow/.local/lib/python3.6/site-packages/airflow/example_dags/example_python_operator.py
[2023-10-11 17:23:43,078] {logging_mixin.py:104} INFO - [2023-10-11 17:23:43,078] {dag.py:1833} INFO - Sync 1 DAGs
[2023-10-11 17:23:43,102] {logging_mixin.py:104} INFO - [2023-10-11 17:23:43,102] {dag.py:2306} INFO - Setting next_dagrun for example_python_operator to None
[2023-10-11 17:23:43,117] {scheduler_job.py:190} INFO - Processing /home/airflow/.local/lib/python3.6/site-packages/airflow/example_dags/example_python_operator.py took 0.101 seconds
[2023-10-11 17:24:13,334] {scheduler_job.py:182} INFO - Started process (PID=2053) to work on /home/airflow/.local/lib/python3.6/site-packages/airflow/example_dags/example_python_operator.py
[2023-10-11 17:24:13,336] {scheduler_job.py:633} INFO - Processing file /home/airflow/.local/lib/python3.6/site-packages/airflow/example_dags/example_python_operator.py for tasks to queue
[2023-10-11 17:24:13,337] {logging_mixin.py:104} INFO - [2023-10-11 17:24:13,337] {dagbag.py:496} INFO - Filling up the DagBag from /home/airflow/.local/lib/python3.6/site-packages/airflow/example_dags/example_python_operator.py
[2023-10-11 17:24:13,352] {scheduler_job.py:643} INFO - DAG(s) dict_keys(['example_python_operator']) retrieved from /home/airflow/.local/lib/python3.6/site-packages/airflow/example_dags/example_python_operator.py
[2023-10-11 17:24:13,379] {logging_mixin.py:104} INFO - [2023-10-11 17:24:13,379] {dag.py:1833} INFO - Sync 1 DAGs
[2023-10-11 17:24:13,399] {logging_mixin.py:104} INFO - [2023-10-11 17:24:13,399] {dag.py:2306} INFO - Setting next_dagrun for example_python_operator to None
[2023-10-11 17:24:13,413] {scheduler_job.py:190} INFO - Processing /home/airflow/.local/lib/python3.6/site-packages/airflow/example_dags/example_python_operator.py took 0.082 seconds
[2023-10-11 17:24:43,587] {scheduler_job.py:182} INFO - Started process (PID=2127) to work on /home/airflow/.local/lib/python3.6/site-packages/airflow/example_dags/example_python_operator.py
[2023-10-11 17:24:43,589] {scheduler_job.py:633} INFO - Processing file /home/airflow/.local/lib/python3.6/site-packages/airflow/example_dags/example_python_operator.py for tasks to queue
[2023-10-11 17:24:43,589] {logging_mixin.py:104} INFO - [2023-10-11 17:24:43,589] {dagbag.py:496} INFO - Filling up the DagBag from /home/airflow/.local/lib/python3.6/site-packages/airflow/example_dags/example_python_operator.py
[2023-10-11 17:24:43,602] {scheduler_job.py:643} INFO - DAG(s) dict_keys(['example_python_operator']) retrieved from /home/airflow/.local/lib/python3.6/site-packages/airflow/example_dags/example_python_operator.py
[2023-10-11 17:24:43,629] {logging_mixin.py:104} INFO - [2023-10-11 17:24:43,629] {dag.py:1833} INFO - Sync 1 DAGs
[2023-10-11 17:24:43,647] {logging_mixin.py:104} INFO - [2023-10-11 17:24:43,646] {dag.py:2306} INFO - Setting next_dagrun for example_python_operator to None
[2023-10-11 17:24:43,661] {scheduler_job.py:190} INFO - Processing /home/airflow/.local/lib/python3.6/site-packages/airflow/example_dags/example_python_operator.py took 0.077 seconds
[2023-10-11 17:25:14,110] {scheduler_job.py:182} INFO - Started process (PID=2221) to work on /home/airflow/.local/lib/python3.6/site-packages/airflow/example_dags/example_python_operator.py
[2023-10-11 17:25:14,110] {scheduler_job.py:633} INFO - Processing file /home/airflow/.local/lib/python3.6/site-packages/airflow/example_dags/example_python_operator.py for tasks to queue
[2023-10-11 17:25:14,111] {logging_mixin.py:104} INFO - [2023-10-11 17:25:14,111] {dagbag.py:496} INFO - Filling up the DagBag from /home/airflow/.local/lib/python3.6/site-packages/airflow/example_dags/example_python_operator.py
[2023-10-11 17:25:14,129] {scheduler_job.py:643} INFO - DAG(s) dict_keys(['example_python_operator']) retrieved from /home/airflow/.local/lib/python3.6/site-packages/airflow/example_dags/example_python_operator.py
[2023-10-11 17:25:14,151] {logging_mixin.py:104} INFO - [2023-10-11 17:25:14,151] {dag.py:1833} INFO - Sync 1 DAGs
[2023-10-11 17:25:14,165] {logging_mixin.py:104} INFO - [2023-10-11 17:25:14,165] {dag.py:2306} INFO - Setting next_dagrun for example_python_operator to None
[2023-10-11 17:25:14,179] {scheduler_job.py:190} INFO - Processing /home/airflow/.local/lib/python3.6/site-packages/airflow/example_dags/example_python_operator.py took 0.072 seconds
[2023-10-11 17:25:44,571] {scheduler_job.py:182} INFO - Started process (PID=2296) to work on /home/airflow/.local/lib/python3.6/site-packages/airflow/example_dags/example_python_operator.py
[2023-10-11 17:25:44,572] {scheduler_job.py:633} INFO - Processing file /home/airflow/.local/lib/python3.6/site-packages/airflow/example_dags/example_python_operator.py for tasks to queue
[2023-10-11 17:25:44,573] {logging_mixin.py:104} INFO - [2023-10-11 17:25:44,573] {dagbag.py:496} INFO - Filling up the DagBag from /home/airflow/.local/lib/python3.6/site-packages/airflow/example_dags/example_python_operator.py
[2023-10-11 17:25:44,593] {scheduler_job.py:643} INFO - DAG(s) dict_keys(['example_python_operator']) retrieved from /home/airflow/.local/lib/python3.6/site-packages/airflow/example_dags/example_python_operator.py
[2023-10-11 17:25:44,623] {logging_mixin.py:104} INFO - [2023-10-11 17:25:44,623] {dag.py:1833} INFO - Sync 1 DAGs
[2023-10-11 17:25:44,644] {logging_mixin.py:104} INFO - [2023-10-11 17:25:44,644] {dag.py:2306} INFO - Setting next_dagrun for example_python_operator to None
[2023-10-11 17:25:44,661] {scheduler_job.py:190} INFO - Processing /home/airflow/.local/lib/python3.6/site-packages/airflow/example_dags/example_python_operator.py took 0.093 seconds
