[2023-10-11 14:00:13,234] {scheduler_job.py:182} INFO - Started process (PID=257) to work on /home/airflow/.local/lib/python3.6/site-packages/airflow/example_dags/example_xcom.py
[2023-10-11 14:00:13,236] {scheduler_job.py:633} INFO - Processing file /home/airflow/.local/lib/python3.6/site-packages/airflow/example_dags/example_xcom.py for tasks to queue
[2023-10-11 14:00:13,237] {logging_mixin.py:104} INFO - [2023-10-11 14:00:13,236] {dagbag.py:496} INFO - Filling up the DagBag from /home/airflow/.local/lib/python3.6/site-packages/airflow/example_dags/example_xcom.py
[2023-10-11 14:00:13,279] {scheduler_job.py:643} INFO - DAG(s) dict_keys(['example_xcom']) retrieved from /home/airflow/.local/lib/python3.6/site-packages/airflow/example_dags/example_xcom.py
[2023-10-11 14:00:18,711] {logging_mixin.py:104} INFO - [2023-10-11 14:00:18,710] {dag.py:1833} INFO - Sync 1 DAGs
[2023-10-11 14:00:18,730] {logging_mixin.py:104} INFO - [2023-10-11 14:00:18,727] {dag.py:1852} INFO - Creating ORM DAG for example_xcom
[2023-10-11 14:00:18,740] {logging_mixin.py:104} INFO - [2023-10-11 14:00:18,740] {dag.py:2306} INFO - Setting next_dagrun for example_xcom to 2023-10-09 00:00:00+00:00
[2023-10-11 14:00:18,763] {scheduler_job.py:190} INFO - Processing /home/airflow/.local/lib/python3.6/site-packages/airflow/example_dags/example_xcom.py took 5.533 seconds
[2023-10-11 17:11:56,369] {scheduler_job.py:182} INFO - Started process (PID=112) to work on /home/airflow/.local/lib/python3.6/site-packages/airflow/example_dags/example_xcom.py
[2023-10-11 17:11:56,371] {scheduler_job.py:633} INFO - Processing file /home/airflow/.local/lib/python3.6/site-packages/airflow/example_dags/example_xcom.py for tasks to queue
[2023-10-11 17:11:56,373] {logging_mixin.py:104} INFO - [2023-10-11 17:11:56,373] {dagbag.py:496} INFO - Filling up the DagBag from /home/airflow/.local/lib/python3.6/site-packages/airflow/example_dags/example_xcom.py
[2023-10-11 17:11:56,390] {scheduler_job.py:643} INFO - DAG(s) dict_keys(['example_xcom']) retrieved from /home/airflow/.local/lib/python3.6/site-packages/airflow/example_dags/example_xcom.py
[2023-10-11 17:11:56,714] {logging_mixin.py:104} INFO - [2023-10-11 17:11:56,714] {dag.py:1833} INFO - Sync 1 DAGs
[2023-10-11 17:11:56,738] {logging_mixin.py:104} INFO - [2023-10-11 17:11:56,738] {dag.py:2306} INFO - Setting next_dagrun for example_xcom to 2023-10-09 00:00:00+00:00
[2023-10-11 17:11:56,758] {scheduler_job.py:190} INFO - Processing /home/airflow/.local/lib/python3.6/site-packages/airflow/example_dags/example_xcom.py took 0.393 seconds
[2023-10-11 17:12:27,559] {scheduler_job.py:182} INFO - Started process (PID=213) to work on /home/airflow/.local/lib/python3.6/site-packages/airflow/example_dags/example_xcom.py
[2023-10-11 17:12:27,560] {scheduler_job.py:633} INFO - Processing file /home/airflow/.local/lib/python3.6/site-packages/airflow/example_dags/example_xcom.py for tasks to queue
[2023-10-11 17:12:27,561] {logging_mixin.py:104} INFO - [2023-10-11 17:12:27,561] {dagbag.py:496} INFO - Filling up the DagBag from /home/airflow/.local/lib/python3.6/site-packages/airflow/example_dags/example_xcom.py
[2023-10-11 17:12:27,575] {scheduler_job.py:643} INFO - DAG(s) dict_keys(['example_xcom']) retrieved from /home/airflow/.local/lib/python3.6/site-packages/airflow/example_dags/example_xcom.py
[2023-10-11 17:12:27,604] {logging_mixin.py:104} INFO - [2023-10-11 17:12:27,604] {dag.py:1833} INFO - Sync 1 DAGs
[2023-10-11 17:12:27,623] {logging_mixin.py:104} INFO - [2023-10-11 17:12:27,623] {dag.py:2306} INFO - Setting next_dagrun for example_xcom to 2023-10-09 00:00:00+00:00
[2023-10-11 17:12:27,640] {scheduler_job.py:190} INFO - Processing /home/airflow/.local/lib/python3.6/site-packages/airflow/example_dags/example_xcom.py took 0.085 seconds
[2023-10-11 17:12:57,903] {scheduler_job.py:182} INFO - Started process (PID=287) to work on /home/airflow/.local/lib/python3.6/site-packages/airflow/example_dags/example_xcom.py
[2023-10-11 17:12:57,904] {scheduler_job.py:633} INFO - Processing file /home/airflow/.local/lib/python3.6/site-packages/airflow/example_dags/example_xcom.py for tasks to queue
[2023-10-11 17:12:57,905] {logging_mixin.py:104} INFO - [2023-10-11 17:12:57,905] {dagbag.py:496} INFO - Filling up the DagBag from /home/airflow/.local/lib/python3.6/site-packages/airflow/example_dags/example_xcom.py
[2023-10-11 17:12:57,920] {scheduler_job.py:643} INFO - DAG(s) dict_keys(['example_xcom']) retrieved from /home/airflow/.local/lib/python3.6/site-packages/airflow/example_dags/example_xcom.py
[2023-10-11 17:12:57,979] {logging_mixin.py:104} INFO - [2023-10-11 17:12:57,978] {dag.py:1833} INFO - Sync 1 DAGs
[2023-10-11 17:12:58,002] {logging_mixin.py:104} INFO - [2023-10-11 17:12:58,002] {dag.py:2306} INFO - Setting next_dagrun for example_xcom to 2023-10-09 00:00:00+00:00
[2023-10-11 17:12:58,016] {scheduler_job.py:190} INFO - Processing /home/airflow/.local/lib/python3.6/site-packages/airflow/example_dags/example_xcom.py took 0.116 seconds
[2023-10-11 17:13:28,974] {scheduler_job.py:182} INFO - Started process (PID=359) to work on /home/airflow/.local/lib/python3.6/site-packages/airflow/example_dags/example_xcom.py
[2023-10-11 17:13:28,976] {scheduler_job.py:633} INFO - Processing file /home/airflow/.local/lib/python3.6/site-packages/airflow/example_dags/example_xcom.py for tasks to queue
[2023-10-11 17:13:28,977] {logging_mixin.py:104} INFO - [2023-10-11 17:13:28,976] {dagbag.py:496} INFO - Filling up the DagBag from /home/airflow/.local/lib/python3.6/site-packages/airflow/example_dags/example_xcom.py
[2023-10-11 17:13:28,990] {scheduler_job.py:643} INFO - DAG(s) dict_keys(['example_xcom']) retrieved from /home/airflow/.local/lib/python3.6/site-packages/airflow/example_dags/example_xcom.py
[2023-10-11 17:13:29,019] {logging_mixin.py:104} INFO - [2023-10-11 17:13:29,019] {dag.py:1833} INFO - Sync 1 DAGs
[2023-10-11 17:13:29,040] {logging_mixin.py:104} INFO - [2023-10-11 17:13:29,040] {dag.py:2306} INFO - Setting next_dagrun for example_xcom to 2023-10-09 00:00:00+00:00
[2023-10-11 17:13:29,055] {scheduler_job.py:190} INFO - Processing /home/airflow/.local/lib/python3.6/site-packages/airflow/example_dags/example_xcom.py took 0.084 seconds
[2023-10-11 17:13:59,765] {scheduler_job.py:182} INFO - Started process (PID=431) to work on /home/airflow/.local/lib/python3.6/site-packages/airflow/example_dags/example_xcom.py
[2023-10-11 17:13:59,766] {scheduler_job.py:633} INFO - Processing file /home/airflow/.local/lib/python3.6/site-packages/airflow/example_dags/example_xcom.py for tasks to queue
[2023-10-11 17:13:59,767] {logging_mixin.py:104} INFO - [2023-10-11 17:13:59,767] {dagbag.py:496} INFO - Filling up the DagBag from /home/airflow/.local/lib/python3.6/site-packages/airflow/example_dags/example_xcom.py
[2023-10-11 17:13:59,782] {scheduler_job.py:643} INFO - DAG(s) dict_keys(['example_xcom']) retrieved from /home/airflow/.local/lib/python3.6/site-packages/airflow/example_dags/example_xcom.py
[2023-10-11 17:13:59,808] {logging_mixin.py:104} INFO - [2023-10-11 17:13:59,807] {dag.py:1833} INFO - Sync 1 DAGs
[2023-10-11 17:13:59,824] {logging_mixin.py:104} INFO - [2023-10-11 17:13:59,824] {dag.py:2306} INFO - Setting next_dagrun for example_xcom to 2023-10-09 00:00:00+00:00
[2023-10-11 17:13:59,839] {scheduler_job.py:190} INFO - Processing /home/airflow/.local/lib/python3.6/site-packages/airflow/example_dags/example_xcom.py took 0.077 seconds
[2023-10-11 17:14:30,372] {scheduler_job.py:182} INFO - Started process (PID=514) to work on /home/airflow/.local/lib/python3.6/site-packages/airflow/example_dags/example_xcom.py
[2023-10-11 17:14:30,374] {scheduler_job.py:633} INFO - Processing file /home/airflow/.local/lib/python3.6/site-packages/airflow/example_dags/example_xcom.py for tasks to queue
[2023-10-11 17:14:30,376] {logging_mixin.py:104} INFO - [2023-10-11 17:14:30,375] {dagbag.py:496} INFO - Filling up the DagBag from /home/airflow/.local/lib/python3.6/site-packages/airflow/example_dags/example_xcom.py
[2023-10-11 17:14:30,395] {scheduler_job.py:643} INFO - DAG(s) dict_keys(['example_xcom']) retrieved from /home/airflow/.local/lib/python3.6/site-packages/airflow/example_dags/example_xcom.py
[2023-10-11 17:14:30,436] {logging_mixin.py:104} INFO - [2023-10-11 17:14:30,436] {dag.py:1833} INFO - Sync 1 DAGs
[2023-10-11 17:14:30,464] {logging_mixin.py:104} INFO - [2023-10-11 17:14:30,464] {dag.py:2306} INFO - Setting next_dagrun for example_xcom to 2023-10-09 00:00:00+00:00
[2023-10-11 17:14:30,485] {scheduler_job.py:190} INFO - Processing /home/airflow/.local/lib/python3.6/site-packages/airflow/example_dags/example_xcom.py took 0.124 seconds
[2023-10-11 17:15:01,007] {scheduler_job.py:182} INFO - Started process (PID=595) to work on /home/airflow/.local/lib/python3.6/site-packages/airflow/example_dags/example_xcom.py
[2023-10-11 17:15:01,008] {scheduler_job.py:633} INFO - Processing file /home/airflow/.local/lib/python3.6/site-packages/airflow/example_dags/example_xcom.py for tasks to queue
[2023-10-11 17:15:01,009] {logging_mixin.py:104} INFO - [2023-10-11 17:15:01,009] {dagbag.py:496} INFO - Filling up the DagBag from /home/airflow/.local/lib/python3.6/site-packages/airflow/example_dags/example_xcom.py
[2023-10-11 17:15:01,021] {scheduler_job.py:643} INFO - DAG(s) dict_keys(['example_xcom']) retrieved from /home/airflow/.local/lib/python3.6/site-packages/airflow/example_dags/example_xcom.py
[2023-10-11 17:15:01,050] {logging_mixin.py:104} INFO - [2023-10-11 17:15:01,050] {dag.py:1833} INFO - Sync 1 DAGs
[2023-10-11 17:15:01,072] {logging_mixin.py:104} INFO - [2023-10-11 17:15:01,072] {dag.py:2306} INFO - Setting next_dagrun for example_xcom to 2023-10-09 00:00:00+00:00
[2023-10-11 17:15:01,088] {scheduler_job.py:190} INFO - Processing /home/airflow/.local/lib/python3.6/site-packages/airflow/example_dags/example_xcom.py took 0.084 seconds
[2023-10-11 17:15:31,797] {scheduler_job.py:182} INFO - Started process (PID=681) to work on /home/airflow/.local/lib/python3.6/site-packages/airflow/example_dags/example_xcom.py
[2023-10-11 17:15:31,798] {scheduler_job.py:633} INFO - Processing file /home/airflow/.local/lib/python3.6/site-packages/airflow/example_dags/example_xcom.py for tasks to queue
[2023-10-11 17:15:31,799] {logging_mixin.py:104} INFO - [2023-10-11 17:15:31,798] {dagbag.py:496} INFO - Filling up the DagBag from /home/airflow/.local/lib/python3.6/site-packages/airflow/example_dags/example_xcom.py
[2023-10-11 17:15:31,806] {scheduler_job.py:643} INFO - DAG(s) dict_keys(['example_xcom']) retrieved from /home/airflow/.local/lib/python3.6/site-packages/airflow/example_dags/example_xcom.py
[2023-10-11 17:15:31,826] {logging_mixin.py:104} INFO - [2023-10-11 17:15:31,826] {dag.py:1833} INFO - Sync 1 DAGs
[2023-10-11 17:15:31,840] {logging_mixin.py:104} INFO - [2023-10-11 17:15:31,839] {dag.py:2306} INFO - Setting next_dagrun for example_xcom to 2023-10-09 00:00:00+00:00
[2023-10-11 17:15:31,851] {scheduler_job.py:190} INFO - Processing /home/airflow/.local/lib/python3.6/site-packages/airflow/example_dags/example_xcom.py took 0.056 seconds
[2023-10-11 17:16:02,439] {scheduler_job.py:182} INFO - Started process (PID=756) to work on /home/airflow/.local/lib/python3.6/site-packages/airflow/example_dags/example_xcom.py
[2023-10-11 17:16:02,440] {scheduler_job.py:633} INFO - Processing file /home/airflow/.local/lib/python3.6/site-packages/airflow/example_dags/example_xcom.py for tasks to queue
[2023-10-11 17:16:02,441] {logging_mixin.py:104} INFO - [2023-10-11 17:16:02,441] {dagbag.py:496} INFO - Filling up the DagBag from /home/airflow/.local/lib/python3.6/site-packages/airflow/example_dags/example_xcom.py
[2023-10-11 17:16:02,450] {scheduler_job.py:643} INFO - DAG(s) dict_keys(['example_xcom']) retrieved from /home/airflow/.local/lib/python3.6/site-packages/airflow/example_dags/example_xcom.py
[2023-10-11 17:16:02,472] {logging_mixin.py:104} INFO - [2023-10-11 17:16:02,472] {dag.py:1833} INFO - Sync 1 DAGs
[2023-10-11 17:16:02,490] {logging_mixin.py:104} INFO - [2023-10-11 17:16:02,490] {dag.py:2306} INFO - Setting next_dagrun for example_xcom to 2023-10-09 00:00:00+00:00
[2023-10-11 17:16:02,503] {scheduler_job.py:190} INFO - Processing /home/airflow/.local/lib/python3.6/site-packages/airflow/example_dags/example_xcom.py took 0.067 seconds
[2023-10-11 17:16:33,085] {scheduler_job.py:182} INFO - Started process (PID=841) to work on /home/airflow/.local/lib/python3.6/site-packages/airflow/example_dags/example_xcom.py
[2023-10-11 17:16:33,086] {scheduler_job.py:633} INFO - Processing file /home/airflow/.local/lib/python3.6/site-packages/airflow/example_dags/example_xcom.py for tasks to queue
[2023-10-11 17:16:33,087] {logging_mixin.py:104} INFO - [2023-10-11 17:16:33,087] {dagbag.py:496} INFO - Filling up the DagBag from /home/airflow/.local/lib/python3.6/site-packages/airflow/example_dags/example_xcom.py
[2023-10-11 17:16:33,103] {scheduler_job.py:643} INFO - DAG(s) dict_keys(['example_xcom']) retrieved from /home/airflow/.local/lib/python3.6/site-packages/airflow/example_dags/example_xcom.py
[2023-10-11 17:16:33,133] {logging_mixin.py:104} INFO - [2023-10-11 17:16:33,133] {dag.py:1833} INFO - Sync 1 DAGs
[2023-10-11 17:16:33,158] {logging_mixin.py:104} INFO - [2023-10-11 17:16:33,157] {dag.py:2306} INFO - Setting next_dagrun for example_xcom to 2023-10-09 00:00:00+00:00
[2023-10-11 17:16:33,175] {scheduler_job.py:190} INFO - Processing /home/airflow/.local/lib/python3.6/site-packages/airflow/example_dags/example_xcom.py took 0.094 seconds
[2023-10-11 17:17:03,992] {scheduler_job.py:182} INFO - Started process (PID=927) to work on /home/airflow/.local/lib/python3.6/site-packages/airflow/example_dags/example_xcom.py
[2023-10-11 17:17:03,993] {scheduler_job.py:633} INFO - Processing file /home/airflow/.local/lib/python3.6/site-packages/airflow/example_dags/example_xcom.py for tasks to queue
[2023-10-11 17:17:03,994] {logging_mixin.py:104} INFO - [2023-10-11 17:17:03,994] {dagbag.py:496} INFO - Filling up the DagBag from /home/airflow/.local/lib/python3.6/site-packages/airflow/example_dags/example_xcom.py
[2023-10-11 17:17:04,012] {scheduler_job.py:643} INFO - DAG(s) dict_keys(['example_xcom']) retrieved from /home/airflow/.local/lib/python3.6/site-packages/airflow/example_dags/example_xcom.py
[2023-10-11 17:17:04,043] {logging_mixin.py:104} INFO - [2023-10-11 17:17:04,043] {dag.py:1833} INFO - Sync 1 DAGs
[2023-10-11 17:17:04,066] {logging_mixin.py:104} INFO - [2023-10-11 17:17:04,065] {dag.py:2306} INFO - Setting next_dagrun for example_xcom to 2023-10-09 00:00:00+00:00
[2023-10-11 17:17:04,080] {scheduler_job.py:190} INFO - Processing /home/airflow/.local/lib/python3.6/site-packages/airflow/example_dags/example_xcom.py took 0.092 seconds
[2023-10-11 17:17:34,681] {scheduler_job.py:182} INFO - Started process (PID=1007) to work on /home/airflow/.local/lib/python3.6/site-packages/airflow/example_dags/example_xcom.py
[2023-10-11 17:17:34,681] {scheduler_job.py:633} INFO - Processing file /home/airflow/.local/lib/python3.6/site-packages/airflow/example_dags/example_xcom.py for tasks to queue
[2023-10-11 17:17:34,682] {logging_mixin.py:104} INFO - [2023-10-11 17:17:34,682] {dagbag.py:496} INFO - Filling up the DagBag from /home/airflow/.local/lib/python3.6/site-packages/airflow/example_dags/example_xcom.py
[2023-10-11 17:17:34,690] {scheduler_job.py:643} INFO - DAG(s) dict_keys(['example_xcom']) retrieved from /home/airflow/.local/lib/python3.6/site-packages/airflow/example_dags/example_xcom.py
[2023-10-11 17:17:34,710] {logging_mixin.py:104} INFO - [2023-10-11 17:17:34,710] {dag.py:1833} INFO - Sync 1 DAGs
[2023-10-11 17:17:34,724] {logging_mixin.py:104} INFO - [2023-10-11 17:17:34,724] {dag.py:2306} INFO - Setting next_dagrun for example_xcom to 2023-10-09 00:00:00+00:00
[2023-10-11 17:17:34,734] {scheduler_job.py:190} INFO - Processing /home/airflow/.local/lib/python3.6/site-packages/airflow/example_dags/example_xcom.py took 0.056 seconds
[2023-10-11 17:18:05,545] {scheduler_job.py:182} INFO - Started process (PID=1095) to work on /home/airflow/.local/lib/python3.6/site-packages/airflow/example_dags/example_xcom.py
[2023-10-11 17:18:05,547] {scheduler_job.py:633} INFO - Processing file /home/airflow/.local/lib/python3.6/site-packages/airflow/example_dags/example_xcom.py for tasks to queue
[2023-10-11 17:18:05,548] {logging_mixin.py:104} INFO - [2023-10-11 17:18:05,548] {dagbag.py:496} INFO - Filling up the DagBag from /home/airflow/.local/lib/python3.6/site-packages/airflow/example_dags/example_xcom.py
[2023-10-11 17:18:05,564] {scheduler_job.py:643} INFO - DAG(s) dict_keys(['example_xcom']) retrieved from /home/airflow/.local/lib/python3.6/site-packages/airflow/example_dags/example_xcom.py
[2023-10-11 17:18:05,597] {logging_mixin.py:104} INFO - [2023-10-11 17:18:05,597] {dag.py:1833} INFO - Sync 1 DAGs
[2023-10-11 17:18:05,620] {logging_mixin.py:104} INFO - [2023-10-11 17:18:05,620] {dag.py:2306} INFO - Setting next_dagrun for example_xcom to 2023-10-09 00:00:00+00:00
[2023-10-11 17:18:05,636] {scheduler_job.py:190} INFO - Processing /home/airflow/.local/lib/python3.6/site-packages/airflow/example_dags/example_xcom.py took 0.093 seconds
[2023-10-11 17:18:36,266] {scheduler_job.py:182} INFO - Started process (PID=1175) to work on /home/airflow/.local/lib/python3.6/site-packages/airflow/example_dags/example_xcom.py
[2023-10-11 17:18:36,268] {scheduler_job.py:633} INFO - Processing file /home/airflow/.local/lib/python3.6/site-packages/airflow/example_dags/example_xcom.py for tasks to queue
[2023-10-11 17:18:36,269] {logging_mixin.py:104} INFO - [2023-10-11 17:18:36,268] {dagbag.py:496} INFO - Filling up the DagBag from /home/airflow/.local/lib/python3.6/site-packages/airflow/example_dags/example_xcom.py
[2023-10-11 17:18:36,286] {scheduler_job.py:643} INFO - DAG(s) dict_keys(['example_xcom']) retrieved from /home/airflow/.local/lib/python3.6/site-packages/airflow/example_dags/example_xcom.py
[2023-10-11 17:18:36,316] {logging_mixin.py:104} INFO - [2023-10-11 17:18:36,315] {dag.py:1833} INFO - Sync 1 DAGs
[2023-10-11 17:18:36,336] {logging_mixin.py:104} INFO - [2023-10-11 17:18:36,336] {dag.py:2306} INFO - Setting next_dagrun for example_xcom to 2023-10-09 00:00:00+00:00
[2023-10-11 17:18:36,357] {scheduler_job.py:190} INFO - Processing /home/airflow/.local/lib/python3.6/site-packages/airflow/example_dags/example_xcom.py took 0.094 seconds
[2023-10-11 17:19:06,638] {scheduler_job.py:182} INFO - Started process (PID=1257) to work on /home/airflow/.local/lib/python3.6/site-packages/airflow/example_dags/example_xcom.py
[2023-10-11 17:19:06,643] {scheduler_job.py:633} INFO - Processing file /home/airflow/.local/lib/python3.6/site-packages/airflow/example_dags/example_xcom.py for tasks to queue
[2023-10-11 17:19:06,644] {logging_mixin.py:104} INFO - [2023-10-11 17:19:06,644] {dagbag.py:496} INFO - Filling up the DagBag from /home/airflow/.local/lib/python3.6/site-packages/airflow/example_dags/example_xcom.py
[2023-10-11 17:19:06,685] {scheduler_job.py:643} INFO - DAG(s) dict_keys(['example_xcom']) retrieved from /home/airflow/.local/lib/python3.6/site-packages/airflow/example_dags/example_xcom.py
[2023-10-11 17:19:06,798] {logging_mixin.py:104} INFO - [2023-10-11 17:19:06,798] {dag.py:1833} INFO - Sync 1 DAGs
[2023-10-11 17:19:06,869] {logging_mixin.py:104} INFO - [2023-10-11 17:19:06,868] {dag.py:2306} INFO - Setting next_dagrun for example_xcom to 2023-10-09 00:00:00+00:00
[2023-10-11 17:19:06,889] {scheduler_job.py:190} INFO - Processing /home/airflow/.local/lib/python3.6/site-packages/airflow/example_dags/example_xcom.py took 0.255 seconds
[2023-10-11 17:19:37,719] {scheduler_job.py:182} INFO - Started process (PID=1331) to work on /home/airflow/.local/lib/python3.6/site-packages/airflow/example_dags/example_xcom.py
[2023-10-11 17:19:37,720] {scheduler_job.py:633} INFO - Processing file /home/airflow/.local/lib/python3.6/site-packages/airflow/example_dags/example_xcom.py for tasks to queue
[2023-10-11 17:19:37,721] {logging_mixin.py:104} INFO - [2023-10-11 17:19:37,721] {dagbag.py:496} INFO - Filling up the DagBag from /home/airflow/.local/lib/python3.6/site-packages/airflow/example_dags/example_xcom.py
[2023-10-11 17:19:37,734] {scheduler_job.py:643} INFO - DAG(s) dict_keys(['example_xcom']) retrieved from /home/airflow/.local/lib/python3.6/site-packages/airflow/example_dags/example_xcom.py
[2023-10-11 17:19:37,787] {logging_mixin.py:104} INFO - [2023-10-11 17:19:37,787] {dag.py:1833} INFO - Sync 1 DAGs
[2023-10-11 17:19:37,809] {logging_mixin.py:104} INFO - [2023-10-11 17:19:37,808] {dag.py:2306} INFO - Setting next_dagrun for example_xcom to 2023-10-09 00:00:00+00:00
[2023-10-11 17:19:37,827] {scheduler_job.py:190} INFO - Processing /home/airflow/.local/lib/python3.6/site-packages/airflow/example_dags/example_xcom.py took 0.112 seconds
[2023-10-11 17:20:07,999] {scheduler_job.py:182} INFO - Started process (PID=1415) to work on /home/airflow/.local/lib/python3.6/site-packages/airflow/example_dags/example_xcom.py
[2023-10-11 17:20:08,000] {scheduler_job.py:633} INFO - Processing file /home/airflow/.local/lib/python3.6/site-packages/airflow/example_dags/example_xcom.py for tasks to queue
[2023-10-11 17:20:08,001] {logging_mixin.py:104} INFO - [2023-10-11 17:20:08,001] {dagbag.py:496} INFO - Filling up the DagBag from /home/airflow/.local/lib/python3.6/site-packages/airflow/example_dags/example_xcom.py
[2023-10-11 17:20:08,022] {scheduler_job.py:643} INFO - DAG(s) dict_keys(['example_xcom']) retrieved from /home/airflow/.local/lib/python3.6/site-packages/airflow/example_dags/example_xcom.py
[2023-10-11 17:20:08,088] {logging_mixin.py:104} INFO - [2023-10-11 17:20:08,088] {dag.py:1833} INFO - Sync 1 DAGs
[2023-10-11 17:20:08,116] {logging_mixin.py:104} INFO - [2023-10-11 17:20:08,116] {dag.py:2306} INFO - Setting next_dagrun for example_xcom to 2023-10-09 00:00:00+00:00
[2023-10-11 17:20:08,139] {scheduler_job.py:190} INFO - Processing /home/airflow/.local/lib/python3.6/site-packages/airflow/example_dags/example_xcom.py took 0.145 seconds
[2023-10-11 17:20:38,524] {scheduler_job.py:182} INFO - Started process (PID=1496) to work on /home/airflow/.local/lib/python3.6/site-packages/airflow/example_dags/example_xcom.py
[2023-10-11 17:20:38,525] {scheduler_job.py:633} INFO - Processing file /home/airflow/.local/lib/python3.6/site-packages/airflow/example_dags/example_xcom.py for tasks to queue
[2023-10-11 17:20:38,526] {logging_mixin.py:104} INFO - [2023-10-11 17:20:38,526] {dagbag.py:496} INFO - Filling up the DagBag from /home/airflow/.local/lib/python3.6/site-packages/airflow/example_dags/example_xcom.py
[2023-10-11 17:20:38,539] {scheduler_job.py:643} INFO - DAG(s) dict_keys(['example_xcom']) retrieved from /home/airflow/.local/lib/python3.6/site-packages/airflow/example_dags/example_xcom.py
[2023-10-11 17:20:38,568] {logging_mixin.py:104} INFO - [2023-10-11 17:20:38,568] {dag.py:1833} INFO - Sync 1 DAGs
[2023-10-11 17:20:38,593] {logging_mixin.py:104} INFO - [2023-10-11 17:20:38,593] {dag.py:2306} INFO - Setting next_dagrun for example_xcom to 2023-10-09 00:00:00+00:00
[2023-10-11 17:20:38,614] {scheduler_job.py:190} INFO - Processing /home/airflow/.local/lib/python3.6/site-packages/airflow/example_dags/example_xcom.py took 0.093 seconds
[2023-10-11 17:21:09,530] {scheduler_job.py:182} INFO - Started process (PID=1583) to work on /home/airflow/.local/lib/python3.6/site-packages/airflow/example_dags/example_xcom.py
[2023-10-11 17:21:09,531] {scheduler_job.py:633} INFO - Processing file /home/airflow/.local/lib/python3.6/site-packages/airflow/example_dags/example_xcom.py for tasks to queue
[2023-10-11 17:21:09,533] {logging_mixin.py:104} INFO - [2023-10-11 17:21:09,533] {dagbag.py:496} INFO - Filling up the DagBag from /home/airflow/.local/lib/python3.6/site-packages/airflow/example_dags/example_xcom.py
[2023-10-11 17:21:09,556] {scheduler_job.py:643} INFO - DAG(s) dict_keys(['example_xcom']) retrieved from /home/airflow/.local/lib/python3.6/site-packages/airflow/example_dags/example_xcom.py
[2023-10-11 17:21:09,602] {logging_mixin.py:104} INFO - [2023-10-11 17:21:09,602] {dag.py:1833} INFO - Sync 1 DAGs
[2023-10-11 17:21:09,636] {logging_mixin.py:104} INFO - [2023-10-11 17:21:09,636] {dag.py:2306} INFO - Setting next_dagrun for example_xcom to 2023-10-09 00:00:00+00:00
[2023-10-11 17:21:09,657] {scheduler_job.py:190} INFO - Processing /home/airflow/.local/lib/python3.6/site-packages/airflow/example_dags/example_xcom.py took 0.141 seconds
[2023-10-11 17:21:40,498] {scheduler_job.py:182} INFO - Started process (PID=1657) to work on /home/airflow/.local/lib/python3.6/site-packages/airflow/example_dags/example_xcom.py
[2023-10-11 17:21:40,499] {scheduler_job.py:633} INFO - Processing file /home/airflow/.local/lib/python3.6/site-packages/airflow/example_dags/example_xcom.py for tasks to queue
[2023-10-11 17:21:40,500] {logging_mixin.py:104} INFO - [2023-10-11 17:21:40,500] {dagbag.py:496} INFO - Filling up the DagBag from /home/airflow/.local/lib/python3.6/site-packages/airflow/example_dags/example_xcom.py
[2023-10-11 17:21:40,512] {scheduler_job.py:643} INFO - DAG(s) dict_keys(['example_xcom']) retrieved from /home/airflow/.local/lib/python3.6/site-packages/airflow/example_dags/example_xcom.py
[2023-10-11 17:21:40,538] {logging_mixin.py:104} INFO - [2023-10-11 17:21:40,537] {dag.py:1833} INFO - Sync 1 DAGs
[2023-10-11 17:21:40,558] {logging_mixin.py:104} INFO - [2023-10-11 17:21:40,558] {dag.py:2306} INFO - Setting next_dagrun for example_xcom to 2023-10-09 00:00:00+00:00
[2023-10-11 17:21:40,572] {scheduler_job.py:190} INFO - Processing /home/airflow/.local/lib/python3.6/site-packages/airflow/example_dags/example_xcom.py took 0.078 seconds
[2023-10-11 17:22:11,068] {scheduler_job.py:182} INFO - Started process (PID=1741) to work on /home/airflow/.local/lib/python3.6/site-packages/airflow/example_dags/example_xcom.py
[2023-10-11 17:22:11,069] {scheduler_job.py:633} INFO - Processing file /home/airflow/.local/lib/python3.6/site-packages/airflow/example_dags/example_xcom.py for tasks to queue
[2023-10-11 17:22:11,070] {logging_mixin.py:104} INFO - [2023-10-11 17:22:11,070] {dagbag.py:496} INFO - Filling up the DagBag from /home/airflow/.local/lib/python3.6/site-packages/airflow/example_dags/example_xcom.py
[2023-10-11 17:22:11,082] {scheduler_job.py:643} INFO - DAG(s) dict_keys(['example_xcom']) retrieved from /home/airflow/.local/lib/python3.6/site-packages/airflow/example_dags/example_xcom.py
[2023-10-11 17:22:11,109] {logging_mixin.py:104} INFO - [2023-10-11 17:22:11,109] {dag.py:1833} INFO - Sync 1 DAGs
[2023-10-11 17:22:11,133] {logging_mixin.py:104} INFO - [2023-10-11 17:22:11,132] {dag.py:2306} INFO - Setting next_dagrun for example_xcom to 2023-10-09 00:00:00+00:00
[2023-10-11 17:22:11,150] {scheduler_job.py:190} INFO - Processing /home/airflow/.local/lib/python3.6/site-packages/airflow/example_dags/example_xcom.py took 0.085 seconds
[2023-10-11 17:22:41,802] {scheduler_job.py:182} INFO - Started process (PID=1803) to work on /home/airflow/.local/lib/python3.6/site-packages/airflow/example_dags/example_xcom.py
[2023-10-11 17:22:41,803] {scheduler_job.py:633} INFO - Processing file /home/airflow/.local/lib/python3.6/site-packages/airflow/example_dags/example_xcom.py for tasks to queue
[2023-10-11 17:22:41,804] {logging_mixin.py:104} INFO - [2023-10-11 17:22:41,803] {dagbag.py:496} INFO - Filling up the DagBag from /home/airflow/.local/lib/python3.6/site-packages/airflow/example_dags/example_xcom.py
[2023-10-11 17:22:41,814] {scheduler_job.py:643} INFO - DAG(s) dict_keys(['example_xcom']) retrieved from /home/airflow/.local/lib/python3.6/site-packages/airflow/example_dags/example_xcom.py
[2023-10-11 17:22:41,842] {logging_mixin.py:104} INFO - [2023-10-11 17:22:41,841] {dag.py:1833} INFO - Sync 1 DAGs
[2023-10-11 17:22:41,864] {logging_mixin.py:104} INFO - [2023-10-11 17:22:41,864] {dag.py:2306} INFO - Setting next_dagrun for example_xcom to 2023-10-09 00:00:00+00:00
[2023-10-11 17:22:41,882] {scheduler_job.py:190} INFO - Processing /home/airflow/.local/lib/python3.6/site-packages/airflow/example_dags/example_xcom.py took 0.082 seconds
[2023-10-11 17:23:12,177] {scheduler_job.py:182} INFO - Started process (PID=1885) to work on /home/airflow/.local/lib/python3.6/site-packages/airflow/example_dags/example_xcom.py
[2023-10-11 17:23:12,178] {scheduler_job.py:633} INFO - Processing file /home/airflow/.local/lib/python3.6/site-packages/airflow/example_dags/example_xcom.py for tasks to queue
[2023-10-11 17:23:12,179] {logging_mixin.py:104} INFO - [2023-10-11 17:23:12,179] {dagbag.py:496} INFO - Filling up the DagBag from /home/airflow/.local/lib/python3.6/site-packages/airflow/example_dags/example_xcom.py
[2023-10-11 17:23:12,189] {scheduler_job.py:643} INFO - DAG(s) dict_keys(['example_xcom']) retrieved from /home/airflow/.local/lib/python3.6/site-packages/airflow/example_dags/example_xcom.py
[2023-10-11 17:23:12,214] {logging_mixin.py:104} INFO - [2023-10-11 17:23:12,213] {dag.py:1833} INFO - Sync 1 DAGs
[2023-10-11 17:23:12,233] {logging_mixin.py:104} INFO - [2023-10-11 17:23:12,233] {dag.py:2306} INFO - Setting next_dagrun for example_xcom to 2023-10-09 00:00:00+00:00
[2023-10-11 17:23:12,246] {scheduler_job.py:190} INFO - Processing /home/airflow/.local/lib/python3.6/site-packages/airflow/example_dags/example_xcom.py took 0.073 seconds
[2023-10-11 17:23:43,014] {scheduler_job.py:182} INFO - Started process (PID=1969) to work on /home/airflow/.local/lib/python3.6/site-packages/airflow/example_dags/example_xcom.py
[2023-10-11 17:23:43,016] {scheduler_job.py:633} INFO - Processing file /home/airflow/.local/lib/python3.6/site-packages/airflow/example_dags/example_xcom.py for tasks to queue
[2023-10-11 17:23:43,017] {logging_mixin.py:104} INFO - [2023-10-11 17:23:43,016] {dagbag.py:496} INFO - Filling up the DagBag from /home/airflow/.local/lib/python3.6/site-packages/airflow/example_dags/example_xcom.py
[2023-10-11 17:23:43,040] {scheduler_job.py:643} INFO - DAG(s) dict_keys(['example_xcom']) retrieved from /home/airflow/.local/lib/python3.6/site-packages/airflow/example_dags/example_xcom.py
[2023-10-11 17:23:43,071] {logging_mixin.py:104} INFO - [2023-10-11 17:23:43,071] {dag.py:1833} INFO - Sync 1 DAGs
[2023-10-11 17:23:43,092] {logging_mixin.py:104} INFO - [2023-10-11 17:23:43,092] {dag.py:2306} INFO - Setting next_dagrun for example_xcom to 2023-10-09 00:00:00+00:00
[2023-10-11 17:23:43,110] {scheduler_job.py:190} INFO - Processing /home/airflow/.local/lib/python3.6/site-packages/airflow/example_dags/example_xcom.py took 0.101 seconds
[2023-10-11 17:24:13,328] {scheduler_job.py:182} INFO - Started process (PID=2052) to work on /home/airflow/.local/lib/python3.6/site-packages/airflow/example_dags/example_xcom.py
[2023-10-11 17:24:13,330] {scheduler_job.py:633} INFO - Processing file /home/airflow/.local/lib/python3.6/site-packages/airflow/example_dags/example_xcom.py for tasks to queue
[2023-10-11 17:24:13,331] {logging_mixin.py:104} INFO - [2023-10-11 17:24:13,331] {dagbag.py:496} INFO - Filling up the DagBag from /home/airflow/.local/lib/python3.6/site-packages/airflow/example_dags/example_xcom.py
[2023-10-11 17:24:13,341] {scheduler_job.py:643} INFO - DAG(s) dict_keys(['example_xcom']) retrieved from /home/airflow/.local/lib/python3.6/site-packages/airflow/example_dags/example_xcom.py
[2023-10-11 17:24:13,368] {logging_mixin.py:104} INFO - [2023-10-11 17:24:13,368] {dag.py:1833} INFO - Sync 1 DAGs
[2023-10-11 17:24:13,385] {logging_mixin.py:104} INFO - [2023-10-11 17:24:13,385] {dag.py:2306} INFO - Setting next_dagrun for example_xcom to 2023-10-09 00:00:00+00:00
[2023-10-11 17:24:13,399] {scheduler_job.py:190} INFO - Processing /home/airflow/.local/lib/python3.6/site-packages/airflow/example_dags/example_xcom.py took 0.075 seconds
[2023-10-11 17:24:43,581] {scheduler_job.py:182} INFO - Started process (PID=2126) to work on /home/airflow/.local/lib/python3.6/site-packages/airflow/example_dags/example_xcom.py
[2023-10-11 17:24:43,582] {scheduler_job.py:633} INFO - Processing file /home/airflow/.local/lib/python3.6/site-packages/airflow/example_dags/example_xcom.py for tasks to queue
[2023-10-11 17:24:43,583] {logging_mixin.py:104} INFO - [2023-10-11 17:24:43,583] {dagbag.py:496} INFO - Filling up the DagBag from /home/airflow/.local/lib/python3.6/site-packages/airflow/example_dags/example_xcom.py
[2023-10-11 17:24:43,598] {scheduler_job.py:643} INFO - DAG(s) dict_keys(['example_xcom']) retrieved from /home/airflow/.local/lib/python3.6/site-packages/airflow/example_dags/example_xcom.py
[2023-10-11 17:24:43,630] {logging_mixin.py:104} INFO - [2023-10-11 17:24:43,630] {dag.py:1833} INFO - Sync 1 DAGs
[2023-10-11 17:24:43,651] {logging_mixin.py:104} INFO - [2023-10-11 17:24:43,650] {dag.py:2306} INFO - Setting next_dagrun for example_xcom to 2023-10-09 00:00:00+00:00
[2023-10-11 17:24:43,664] {scheduler_job.py:190} INFO - Processing /home/airflow/.local/lib/python3.6/site-packages/airflow/example_dags/example_xcom.py took 0.086 seconds
[2023-10-11 17:25:14,105] {scheduler_job.py:182} INFO - Started process (PID=2220) to work on /home/airflow/.local/lib/python3.6/site-packages/airflow/example_dags/example_xcom.py
[2023-10-11 17:25:14,106] {scheduler_job.py:633} INFO - Processing file /home/airflow/.local/lib/python3.6/site-packages/airflow/example_dags/example_xcom.py for tasks to queue
[2023-10-11 17:25:14,107] {logging_mixin.py:104} INFO - [2023-10-11 17:25:14,107] {dagbag.py:496} INFO - Filling up the DagBag from /home/airflow/.local/lib/python3.6/site-packages/airflow/example_dags/example_xcom.py
[2023-10-11 17:25:14,117] {scheduler_job.py:643} INFO - DAG(s) dict_keys(['example_xcom']) retrieved from /home/airflow/.local/lib/python3.6/site-packages/airflow/example_dags/example_xcom.py
[2023-10-11 17:25:14,144] {logging_mixin.py:104} INFO - [2023-10-11 17:25:14,144] {dag.py:1833} INFO - Sync 1 DAGs
[2023-10-11 17:25:14,158] {logging_mixin.py:104} INFO - [2023-10-11 17:25:14,157] {dag.py:2306} INFO - Setting next_dagrun for example_xcom to 2023-10-09 00:00:00+00:00
[2023-10-11 17:25:14,171] {scheduler_job.py:190} INFO - Processing /home/airflow/.local/lib/python3.6/site-packages/airflow/example_dags/example_xcom.py took 0.069 seconds
[2023-10-11 17:25:44,565] {scheduler_job.py:182} INFO - Started process (PID=2295) to work on /home/airflow/.local/lib/python3.6/site-packages/airflow/example_dags/example_xcom.py
[2023-10-11 17:25:44,567] {scheduler_job.py:633} INFO - Processing file /home/airflow/.local/lib/python3.6/site-packages/airflow/example_dags/example_xcom.py for tasks to queue
[2023-10-11 17:25:44,568] {logging_mixin.py:104} INFO - [2023-10-11 17:25:44,568] {dagbag.py:496} INFO - Filling up the DagBag from /home/airflow/.local/lib/python3.6/site-packages/airflow/example_dags/example_xcom.py
[2023-10-11 17:25:44,583] {scheduler_job.py:643} INFO - DAG(s) dict_keys(['example_xcom']) retrieved from /home/airflow/.local/lib/python3.6/site-packages/airflow/example_dags/example_xcom.py
[2023-10-11 17:25:44,612] {logging_mixin.py:104} INFO - [2023-10-11 17:25:44,612] {dag.py:1833} INFO - Sync 1 DAGs
[2023-10-11 17:25:44,633] {logging_mixin.py:104} INFO - [2023-10-11 17:25:44,632] {dag.py:2306} INFO - Setting next_dagrun for example_xcom to 2023-10-09 00:00:00+00:00
[2023-10-11 17:25:44,648] {scheduler_job.py:190} INFO - Processing /home/airflow/.local/lib/python3.6/site-packages/airflow/example_dags/example_xcom.py took 0.086 seconds
[2023-10-11 17:30:55,585] {scheduler_job.py:182} INFO - Started process (PID=94) to work on /home/airflow/.local/lib/python3.6/site-packages/airflow/example_dags/example_xcom.py
[2023-10-11 17:30:55,588] {scheduler_job.py:633} INFO - Processing file /home/airflow/.local/lib/python3.6/site-packages/airflow/example_dags/example_xcom.py for tasks to queue
[2023-10-11 17:30:55,589] {logging_mixin.py:104} INFO - [2023-10-11 17:30:55,589] {dagbag.py:496} INFO - Filling up the DagBag from /home/airflow/.local/lib/python3.6/site-packages/airflow/example_dags/example_xcom.py
[2023-10-11 17:30:55,609] {scheduler_job.py:643} INFO - DAG(s) dict_keys(['example_xcom']) retrieved from /home/airflow/.local/lib/python3.6/site-packages/airflow/example_dags/example_xcom.py
[2023-10-11 17:30:55,653] {logging_mixin.py:104} INFO - [2023-10-11 17:30:55,653] {dag.py:1833} INFO - Sync 1 DAGs
[2023-10-11 17:30:55,688] {logging_mixin.py:104} INFO - [2023-10-11 17:30:55,688] {dag.py:2306} INFO - Setting next_dagrun for example_xcom to 2023-10-09 00:00:00+00:00
[2023-10-11 17:30:55,708] {scheduler_job.py:190} INFO - Processing /home/airflow/.local/lib/python3.6/site-packages/airflow/example_dags/example_xcom.py took 0.129 seconds
