[2023-10-11 17:11:57,336] {scheduler_job.py:182} INFO - Started process (PID=116) to work on /home/airflow/.local/lib/python3.6/site-packages/airflow/example_dags/example_xcomargs.py
[2023-10-11 17:11:57,337] {scheduler_job.py:633} INFO - Processing file /home/airflow/.local/lib/python3.6/site-packages/airflow/example_dags/example_xcomargs.py for tasks to queue
[2023-10-11 17:11:57,338] {logging_mixin.py:104} INFO - [2023-10-11 17:11:57,338] {dagbag.py:496} INFO - Filling up the DagBag from /home/airflow/.local/lib/python3.6/site-packages/airflow/example_dags/example_xcomargs.py
[2023-10-11 17:11:57,371] {scheduler_job.py:643} INFO - DAG(s) dict_keys(['example_xcom_args', 'example_xcom_args_with_operators']) retrieved from /home/airflow/.local/lib/python3.6/site-packages/airflow/example_dags/example_xcomargs.py
[2023-10-11 17:11:57,796] {logging_mixin.py:104} INFO - [2023-10-11 17:11:57,796] {dag.py:1833} INFO - Sync 2 DAGs
[2023-10-11 17:11:57,821] {logging_mixin.py:104} INFO - [2023-10-11 17:11:57,821] {dag.py:2306} INFO - Setting next_dagrun for example_xcom_args to None
[2023-10-11 17:11:57,822] {logging_mixin.py:104} INFO - [2023-10-11 17:11:57,822] {dag.py:2306} INFO - Setting next_dagrun for example_xcom_args_with_operators to None
[2023-10-11 17:11:57,843] {scheduler_job.py:190} INFO - Processing /home/airflow/.local/lib/python3.6/site-packages/airflow/example_dags/example_xcomargs.py took 0.511 seconds
[2023-10-11 17:12:28,038] {scheduler_job.py:182} INFO - Started process (PID=217) to work on /home/airflow/.local/lib/python3.6/site-packages/airflow/example_dags/example_xcomargs.py
[2023-10-11 17:12:28,039] {scheduler_job.py:633} INFO - Processing file /home/airflow/.local/lib/python3.6/site-packages/airflow/example_dags/example_xcomargs.py for tasks to queue
[2023-10-11 17:12:28,040] {logging_mixin.py:104} INFO - [2023-10-11 17:12:28,039] {dagbag.py:496} INFO - Filling up the DagBag from /home/airflow/.local/lib/python3.6/site-packages/airflow/example_dags/example_xcomargs.py
[2023-10-11 17:12:28,073] {scheduler_job.py:643} INFO - DAG(s) dict_keys(['example_xcom_args', 'example_xcom_args_with_operators']) retrieved from /home/airflow/.local/lib/python3.6/site-packages/airflow/example_dags/example_xcomargs.py
[2023-10-11 17:12:28,392] {logging_mixin.py:104} INFO - [2023-10-11 17:12:28,392] {dag.py:1833} INFO - Sync 2 DAGs
[2023-10-11 17:12:28,414] {logging_mixin.py:104} INFO - [2023-10-11 17:12:28,414] {dag.py:2306} INFO - Setting next_dagrun for example_xcom_args to None
[2023-10-11 17:12:28,415] {logging_mixin.py:104} INFO - [2023-10-11 17:12:28,415] {dag.py:2306} INFO - Setting next_dagrun for example_xcom_args_with_operators to None
[2023-10-11 17:12:28,434] {scheduler_job.py:190} INFO - Processing /home/airflow/.local/lib/python3.6/site-packages/airflow/example_dags/example_xcomargs.py took 0.398 seconds
[2023-10-11 17:12:58,898] {scheduler_job.py:182} INFO - Started process (PID=291) to work on /home/airflow/.local/lib/python3.6/site-packages/airflow/example_dags/example_xcomargs.py
[2023-10-11 17:12:58,899] {scheduler_job.py:633} INFO - Processing file /home/airflow/.local/lib/python3.6/site-packages/airflow/example_dags/example_xcomargs.py for tasks to queue
[2023-10-11 17:12:58,900] {logging_mixin.py:104} INFO - [2023-10-11 17:12:58,900] {dagbag.py:496} INFO - Filling up the DagBag from /home/airflow/.local/lib/python3.6/site-packages/airflow/example_dags/example_xcomargs.py
[2023-10-11 17:12:58,921] {scheduler_job.py:643} INFO - DAG(s) dict_keys(['example_xcom_args', 'example_xcom_args_with_operators']) retrieved from /home/airflow/.local/lib/python3.6/site-packages/airflow/example_dags/example_xcomargs.py
[2023-10-11 17:12:59,238] {logging_mixin.py:104} INFO - [2023-10-11 17:12:59,237] {dag.py:1833} INFO - Sync 2 DAGs
[2023-10-11 17:12:59,260] {logging_mixin.py:104} INFO - [2023-10-11 17:12:59,260] {dag.py:2306} INFO - Setting next_dagrun for example_xcom_args to None
[2023-10-11 17:12:59,261] {logging_mixin.py:104} INFO - [2023-10-11 17:12:59,261] {dag.py:2306} INFO - Setting next_dagrun for example_xcom_args_with_operators to None
[2023-10-11 17:12:59,281] {scheduler_job.py:190} INFO - Processing /home/airflow/.local/lib/python3.6/site-packages/airflow/example_dags/example_xcomargs.py took 0.387 seconds
[2023-10-11 17:13:30,236] {scheduler_job.py:182} INFO - Started process (PID=383) to work on /home/airflow/.local/lib/python3.6/site-packages/airflow/example_dags/example_xcomargs.py
[2023-10-11 17:13:30,237] {scheduler_job.py:633} INFO - Processing file /home/airflow/.local/lib/python3.6/site-packages/airflow/example_dags/example_xcomargs.py for tasks to queue
[2023-10-11 17:13:30,239] {logging_mixin.py:104} INFO - [2023-10-11 17:13:30,238] {dagbag.py:496} INFO - Filling up the DagBag from /home/airflow/.local/lib/python3.6/site-packages/airflow/example_dags/example_xcomargs.py
[2023-10-11 17:13:30,265] {scheduler_job.py:643} INFO - DAG(s) dict_keys(['example_xcom_args', 'example_xcom_args_with_operators']) retrieved from /home/airflow/.local/lib/python3.6/site-packages/airflow/example_dags/example_xcomargs.py
[2023-10-11 17:13:30,574] {logging_mixin.py:104} INFO - [2023-10-11 17:13:30,574] {dag.py:1833} INFO - Sync 2 DAGs
[2023-10-11 17:13:30,595] {logging_mixin.py:104} INFO - [2023-10-11 17:13:30,595] {dag.py:2306} INFO - Setting next_dagrun for example_xcom_args to None
[2023-10-11 17:13:30,596] {logging_mixin.py:104} INFO - [2023-10-11 17:13:30,596] {dag.py:2306} INFO - Setting next_dagrun for example_xcom_args_with_operators to None
[2023-10-11 17:13:30,615] {scheduler_job.py:190} INFO - Processing /home/airflow/.local/lib/python3.6/site-packages/airflow/example_dags/example_xcomargs.py took 0.383 seconds
[2023-10-11 17:14:01,382] {scheduler_job.py:182} INFO - Started process (PID=447) to work on /home/airflow/.local/lib/python3.6/site-packages/airflow/example_dags/example_xcomargs.py
[2023-10-11 17:14:01,384] {scheduler_job.py:633} INFO - Processing file /home/airflow/.local/lib/python3.6/site-packages/airflow/example_dags/example_xcomargs.py for tasks to queue
[2023-10-11 17:14:01,385] {logging_mixin.py:104} INFO - [2023-10-11 17:14:01,384] {dagbag.py:496} INFO - Filling up the DagBag from /home/airflow/.local/lib/python3.6/site-packages/airflow/example_dags/example_xcomargs.py
[2023-10-11 17:14:01,420] {scheduler_job.py:643} INFO - DAG(s) dict_keys(['example_xcom_args', 'example_xcom_args_with_operators']) retrieved from /home/airflow/.local/lib/python3.6/site-packages/airflow/example_dags/example_xcomargs.py
[2023-10-11 17:14:01,466] {logging_mixin.py:104} INFO - [2023-10-11 17:14:01,465] {dag.py:1833} INFO - Sync 2 DAGs
[2023-10-11 17:14:01,496] {logging_mixin.py:104} INFO - [2023-10-11 17:14:01,496] {dag.py:2306} INFO - Setting next_dagrun for example_xcom_args to None
[2023-10-11 17:14:01,498] {logging_mixin.py:104} INFO - [2023-10-11 17:14:01,498] {dag.py:2306} INFO - Setting next_dagrun for example_xcom_args_with_operators to None
[2023-10-11 17:14:01,521] {scheduler_job.py:190} INFO - Processing /home/airflow/.local/lib/python3.6/site-packages/airflow/example_dags/example_xcomargs.py took 0.142 seconds
[2023-10-11 17:14:31,801] {scheduler_job.py:182} INFO - Started process (PID=518) to work on /home/airflow/.local/lib/python3.6/site-packages/airflow/example_dags/example_xcomargs.py
[2023-10-11 17:14:31,802] {scheduler_job.py:633} INFO - Processing file /home/airflow/.local/lib/python3.6/site-packages/airflow/example_dags/example_xcomargs.py for tasks to queue
[2023-10-11 17:14:31,803] {logging_mixin.py:104} INFO - [2023-10-11 17:14:31,803] {dagbag.py:496} INFO - Filling up the DagBag from /home/airflow/.local/lib/python3.6/site-packages/airflow/example_dags/example_xcomargs.py
[2023-10-11 17:14:31,819] {scheduler_job.py:643} INFO - DAG(s) dict_keys(['example_xcom_args', 'example_xcom_args_with_operators']) retrieved from /home/airflow/.local/lib/python3.6/site-packages/airflow/example_dags/example_xcomargs.py
[2023-10-11 17:14:31,984] {logging_mixin.py:104} INFO - [2023-10-11 17:14:31,984] {dag.py:1833} INFO - Sync 2 DAGs
[2023-10-11 17:14:31,997] {logging_mixin.py:104} INFO - [2023-10-11 17:14:31,997] {dag.py:2306} INFO - Setting next_dagrun for example_xcom_args to None
[2023-10-11 17:14:31,998] {logging_mixin.py:104} INFO - [2023-10-11 17:14:31,998] {dag.py:2306} INFO - Setting next_dagrun for example_xcom_args_with_operators to None
[2023-10-11 17:14:32,011] {scheduler_job.py:190} INFO - Processing /home/airflow/.local/lib/python3.6/site-packages/airflow/example_dags/example_xcomargs.py took 0.211 seconds
[2023-10-11 17:15:02,134] {scheduler_job.py:182} INFO - Started process (PID=602) to work on /home/airflow/.local/lib/python3.6/site-packages/airflow/example_dags/example_xcomargs.py
[2023-10-11 17:15:02,135] {scheduler_job.py:633} INFO - Processing file /home/airflow/.local/lib/python3.6/site-packages/airflow/example_dags/example_xcomargs.py for tasks to queue
[2023-10-11 17:15:02,136] {logging_mixin.py:104} INFO - [2023-10-11 17:15:02,136] {dagbag.py:496} INFO - Filling up the DagBag from /home/airflow/.local/lib/python3.6/site-packages/airflow/example_dags/example_xcomargs.py
[2023-10-11 17:15:02,162] {scheduler_job.py:643} INFO - DAG(s) dict_keys(['example_xcom_args', 'example_xcom_args_with_operators']) retrieved from /home/airflow/.local/lib/python3.6/site-packages/airflow/example_dags/example_xcomargs.py
[2023-10-11 17:15:02,552] {logging_mixin.py:104} INFO - [2023-10-11 17:15:02,552] {dag.py:1833} INFO - Sync 2 DAGs
[2023-10-11 17:15:02,579] {logging_mixin.py:104} INFO - [2023-10-11 17:15:02,578] {dag.py:2306} INFO - Setting next_dagrun for example_xcom_args to None
[2023-10-11 17:15:02,581] {logging_mixin.py:104} INFO - [2023-10-11 17:15:02,581] {dag.py:2306} INFO - Setting next_dagrun for example_xcom_args_with_operators to None
[2023-10-11 17:15:02,601] {scheduler_job.py:190} INFO - Processing /home/airflow/.local/lib/python3.6/site-packages/airflow/example_dags/example_xcomargs.py took 0.471 seconds
[2023-10-11 17:15:32,884] {scheduler_job.py:182} INFO - Started process (PID=685) to work on /home/airflow/.local/lib/python3.6/site-packages/airflow/example_dags/example_xcomargs.py
[2023-10-11 17:15:32,886] {scheduler_job.py:633} INFO - Processing file /home/airflow/.local/lib/python3.6/site-packages/airflow/example_dags/example_xcomargs.py for tasks to queue
[2023-10-11 17:15:32,886] {logging_mixin.py:104} INFO - [2023-10-11 17:15:32,886] {dagbag.py:496} INFO - Filling up the DagBag from /home/airflow/.local/lib/python3.6/site-packages/airflow/example_dags/example_xcomargs.py
[2023-10-11 17:15:32,903] {scheduler_job.py:643} INFO - DAG(s) dict_keys(['example_xcom_args', 'example_xcom_args_with_operators']) retrieved from /home/airflow/.local/lib/python3.6/site-packages/airflow/example_dags/example_xcomargs.py
[2023-10-11 17:15:33,003] {logging_mixin.py:104} INFO - [2023-10-11 17:15:33,002] {dag.py:1833} INFO - Sync 2 DAGs
[2023-10-11 17:15:33,017] {logging_mixin.py:104} INFO - [2023-10-11 17:15:33,017] {dag.py:2306} INFO - Setting next_dagrun for example_xcom_args to None
[2023-10-11 17:15:33,017] {logging_mixin.py:104} INFO - [2023-10-11 17:15:33,017] {dag.py:2306} INFO - Setting next_dagrun for example_xcom_args_with_operators to None
[2023-10-11 17:15:33,029] {scheduler_job.py:190} INFO - Processing /home/airflow/.local/lib/python3.6/site-packages/airflow/example_dags/example_xcomargs.py took 0.148 seconds
[2023-10-11 17:16:03,595] {scheduler_job.py:182} INFO - Started process (PID=764) to work on /home/airflow/.local/lib/python3.6/site-packages/airflow/example_dags/example_xcomargs.py
[2023-10-11 17:16:03,596] {scheduler_job.py:633} INFO - Processing file /home/airflow/.local/lib/python3.6/site-packages/airflow/example_dags/example_xcomargs.py for tasks to queue
[2023-10-11 17:16:03,598] {logging_mixin.py:104} INFO - [2023-10-11 17:16:03,597] {dagbag.py:496} INFO - Filling up the DagBag from /home/airflow/.local/lib/python3.6/site-packages/airflow/example_dags/example_xcomargs.py
[2023-10-11 17:16:03,635] {scheduler_job.py:643} INFO - DAG(s) dict_keys(['example_xcom_args', 'example_xcom_args_with_operators']) retrieved from /home/airflow/.local/lib/python3.6/site-packages/airflow/example_dags/example_xcomargs.py
[2023-10-11 17:16:03,982] {logging_mixin.py:104} INFO - [2023-10-11 17:16:03,982] {dag.py:1833} INFO - Sync 2 DAGs
[2023-10-11 17:16:04,001] {logging_mixin.py:104} INFO - [2023-10-11 17:16:04,001] {dag.py:2306} INFO - Setting next_dagrun for example_xcom_args to None
[2023-10-11 17:16:04,002] {logging_mixin.py:104} INFO - [2023-10-11 17:16:04,002] {dag.py:2306} INFO - Setting next_dagrun for example_xcom_args_with_operators to None
[2023-10-11 17:16:04,022] {scheduler_job.py:190} INFO - Processing /home/airflow/.local/lib/python3.6/site-packages/airflow/example_dags/example_xcomargs.py took 0.432 seconds
[2023-10-11 17:16:34,233] {scheduler_job.py:182} INFO - Started process (PID=852) to work on /home/airflow/.local/lib/python3.6/site-packages/airflow/example_dags/example_xcomargs.py
[2023-10-11 17:16:34,235] {scheduler_job.py:633} INFO - Processing file /home/airflow/.local/lib/python3.6/site-packages/airflow/example_dags/example_xcomargs.py for tasks to queue
[2023-10-11 17:16:34,236] {logging_mixin.py:104} INFO - [2023-10-11 17:16:34,236] {dagbag.py:496} INFO - Filling up the DagBag from /home/airflow/.local/lib/python3.6/site-packages/airflow/example_dags/example_xcomargs.py
[2023-10-11 17:16:34,281] {scheduler_job.py:643} INFO - DAG(s) dict_keys(['example_xcom_args', 'example_xcom_args_with_operators']) retrieved from /home/airflow/.local/lib/python3.6/site-packages/airflow/example_dags/example_xcomargs.py
[2023-10-11 17:16:34,655] {logging_mixin.py:104} INFO - [2023-10-11 17:16:34,655] {dag.py:1833} INFO - Sync 2 DAGs
[2023-10-11 17:16:34,677] {logging_mixin.py:104} INFO - [2023-10-11 17:16:34,677] {dag.py:2306} INFO - Setting next_dagrun for example_xcom_args to None
[2023-10-11 17:16:34,679] {logging_mixin.py:104} INFO - [2023-10-11 17:16:34,679] {dag.py:2306} INFO - Setting next_dagrun for example_xcom_args_with_operators to None
[2023-10-11 17:16:34,699] {scheduler_job.py:190} INFO - Processing /home/airflow/.local/lib/python3.6/site-packages/airflow/example_dags/example_xcomargs.py took 0.473 seconds
[2023-10-11 17:17:05,144] {scheduler_job.py:182} INFO - Started process (PID=936) to work on /home/airflow/.local/lib/python3.6/site-packages/airflow/example_dags/example_xcomargs.py
[2023-10-11 17:17:05,146] {scheduler_job.py:633} INFO - Processing file /home/airflow/.local/lib/python3.6/site-packages/airflow/example_dags/example_xcomargs.py for tasks to queue
[2023-10-11 17:17:05,147] {logging_mixin.py:104} INFO - [2023-10-11 17:17:05,146] {dagbag.py:496} INFO - Filling up the DagBag from /home/airflow/.local/lib/python3.6/site-packages/airflow/example_dags/example_xcomargs.py
[2023-10-11 17:17:05,177] {scheduler_job.py:643} INFO - DAG(s) dict_keys(['example_xcom_args', 'example_xcom_args_with_operators']) retrieved from /home/airflow/.local/lib/python3.6/site-packages/airflow/example_dags/example_xcomargs.py
[2023-10-11 17:17:05,551] {logging_mixin.py:104} INFO - [2023-10-11 17:17:05,551] {dag.py:1833} INFO - Sync 2 DAGs
[2023-10-11 17:17:05,578] {logging_mixin.py:104} INFO - [2023-10-11 17:17:05,578] {dag.py:2306} INFO - Setting next_dagrun for example_xcom_args to None
[2023-10-11 17:17:05,579] {logging_mixin.py:104} INFO - [2023-10-11 17:17:05,579] {dag.py:2306} INFO - Setting next_dagrun for example_xcom_args_with_operators to None
[2023-10-11 17:17:05,610] {scheduler_job.py:190} INFO - Processing /home/airflow/.local/lib/python3.6/site-packages/airflow/example_dags/example_xcomargs.py took 0.471 seconds
[2023-10-11 17:17:35,773] {scheduler_job.py:182} INFO - Started process (PID=1011) to work on /home/airflow/.local/lib/python3.6/site-packages/airflow/example_dags/example_xcomargs.py
[2023-10-11 17:17:35,774] {scheduler_job.py:633} INFO - Processing file /home/airflow/.local/lib/python3.6/site-packages/airflow/example_dags/example_xcomargs.py for tasks to queue
[2023-10-11 17:17:35,775] {logging_mixin.py:104} INFO - [2023-10-11 17:17:35,775] {dagbag.py:496} INFO - Filling up the DagBag from /home/airflow/.local/lib/python3.6/site-packages/airflow/example_dags/example_xcomargs.py
[2023-10-11 17:17:35,807] {scheduler_job.py:643} INFO - DAG(s) dict_keys(['example_xcom_args', 'example_xcom_args_with_operators']) retrieved from /home/airflow/.local/lib/python3.6/site-packages/airflow/example_dags/example_xcomargs.py
[2023-10-11 17:17:36,041] {logging_mixin.py:104} INFO - [2023-10-11 17:17:36,040] {dag.py:1833} INFO - Sync 2 DAGs
[2023-10-11 17:17:36,055] {logging_mixin.py:104} INFO - [2023-10-11 17:17:36,055] {dag.py:2306} INFO - Setting next_dagrun for example_xcom_args to None
[2023-10-11 17:17:36,056] {logging_mixin.py:104} INFO - [2023-10-11 17:17:36,056] {dag.py:2306} INFO - Setting next_dagrun for example_xcom_args_with_operators to None
[2023-10-11 17:17:36,069] {scheduler_job.py:190} INFO - Processing /home/airflow/.local/lib/python3.6/site-packages/airflow/example_dags/example_xcomargs.py took 0.300 seconds
[2023-10-11 17:18:06,152] {scheduler_job.py:182} INFO - Started process (PID=1104) to work on /home/airflow/.local/lib/python3.6/site-packages/airflow/example_dags/example_xcomargs.py
[2023-10-11 17:18:06,154] {scheduler_job.py:633} INFO - Processing file /home/airflow/.local/lib/python3.6/site-packages/airflow/example_dags/example_xcomargs.py for tasks to queue
[2023-10-11 17:18:06,155] {logging_mixin.py:104} INFO - [2023-10-11 17:18:06,155] {dagbag.py:496} INFO - Filling up the DagBag from /home/airflow/.local/lib/python3.6/site-packages/airflow/example_dags/example_xcomargs.py
[2023-10-11 17:18:06,188] {scheduler_job.py:643} INFO - DAG(s) dict_keys(['example_xcom_args', 'example_xcom_args_with_operators']) retrieved from /home/airflow/.local/lib/python3.6/site-packages/airflow/example_dags/example_xcomargs.py
[2023-10-11 17:18:06,573] {logging_mixin.py:104} INFO - [2023-10-11 17:18:06,573] {dag.py:1833} INFO - Sync 2 DAGs
[2023-10-11 17:18:06,601] {logging_mixin.py:104} INFO - [2023-10-11 17:18:06,601] {dag.py:2306} INFO - Setting next_dagrun for example_xcom_args to None
[2023-10-11 17:18:06,603] {logging_mixin.py:104} INFO - [2023-10-11 17:18:06,603] {dag.py:2306} INFO - Setting next_dagrun for example_xcom_args_with_operators to None
[2023-10-11 17:18:06,629] {scheduler_job.py:190} INFO - Processing /home/airflow/.local/lib/python3.6/site-packages/airflow/example_dags/example_xcomargs.py took 0.482 seconds
[2023-10-11 17:18:37,105] {scheduler_job.py:182} INFO - Started process (PID=1179) to work on /home/airflow/.local/lib/python3.6/site-packages/airflow/example_dags/example_xcomargs.py
[2023-10-11 17:18:37,117] {scheduler_job.py:633} INFO - Processing file /home/airflow/.local/lib/python3.6/site-packages/airflow/example_dags/example_xcomargs.py for tasks to queue
[2023-10-11 17:18:37,121] {logging_mixin.py:104} INFO - [2023-10-11 17:18:37,120] {dagbag.py:496} INFO - Filling up the DagBag from /home/airflow/.local/lib/python3.6/site-packages/airflow/example_dags/example_xcomargs.py
[2023-10-11 17:18:37,211] {scheduler_job.py:643} INFO - DAG(s) dict_keys(['example_xcom_args', 'example_xcom_args_with_operators']) retrieved from /home/airflow/.local/lib/python3.6/site-packages/airflow/example_dags/example_xcomargs.py
[2023-10-11 17:18:38,240] {logging_mixin.py:104} INFO - [2023-10-11 17:18:38,240] {dag.py:1833} INFO - Sync 2 DAGs
[2023-10-11 17:18:38,325] {logging_mixin.py:104} INFO - [2023-10-11 17:18:38,324] {dag.py:2306} INFO - Setting next_dagrun for example_xcom_args to None
[2023-10-11 17:18:38,327] {logging_mixin.py:104} INFO - [2023-10-11 17:18:38,327] {dag.py:2306} INFO - Setting next_dagrun for example_xcom_args_with_operators to None
[2023-10-11 17:18:38,380] {scheduler_job.py:190} INFO - Processing /home/airflow/.local/lib/python3.6/site-packages/airflow/example_dags/example_xcomargs.py took 1.282 seconds
[2023-10-11 17:19:08,592] {scheduler_job.py:182} INFO - Started process (PID=1263) to work on /home/airflow/.local/lib/python3.6/site-packages/airflow/example_dags/example_xcomargs.py
[2023-10-11 17:19:08,594] {scheduler_job.py:633} INFO - Processing file /home/airflow/.local/lib/python3.6/site-packages/airflow/example_dags/example_xcomargs.py for tasks to queue
[2023-10-11 17:19:08,596] {logging_mixin.py:104} INFO - [2023-10-11 17:19:08,595] {dagbag.py:496} INFO - Filling up the DagBag from /home/airflow/.local/lib/python3.6/site-packages/airflow/example_dags/example_xcomargs.py
[2023-10-11 17:19:08,644] {scheduler_job.py:643} INFO - DAG(s) dict_keys(['example_xcom_args', 'example_xcom_args_with_operators']) retrieved from /home/airflow/.local/lib/python3.6/site-packages/airflow/example_dags/example_xcomargs.py
[2023-10-11 17:19:09,098] {logging_mixin.py:104} INFO - [2023-10-11 17:19:09,097] {dag.py:1833} INFO - Sync 2 DAGs
[2023-10-11 17:19:09,137] {logging_mixin.py:104} INFO - [2023-10-11 17:19:09,136] {dag.py:2306} INFO - Setting next_dagrun for example_xcom_args to None
[2023-10-11 17:19:09,139] {logging_mixin.py:104} INFO - [2023-10-11 17:19:09,138] {dag.py:2306} INFO - Setting next_dagrun for example_xcom_args_with_operators to None
[2023-10-11 17:19:09,174] {scheduler_job.py:190} INFO - Processing /home/airflow/.local/lib/python3.6/site-packages/airflow/example_dags/example_xcomargs.py took 0.587 seconds
[2023-10-11 17:19:39,495] {scheduler_job.py:182} INFO - Started process (PID=1338) to work on /home/airflow/.local/lib/python3.6/site-packages/airflow/example_dags/example_xcomargs.py
[2023-10-11 17:19:39,497] {scheduler_job.py:633} INFO - Processing file /home/airflow/.local/lib/python3.6/site-packages/airflow/example_dags/example_xcomargs.py for tasks to queue
[2023-10-11 17:19:39,498] {logging_mixin.py:104} INFO - [2023-10-11 17:19:39,498] {dagbag.py:496} INFO - Filling up the DagBag from /home/airflow/.local/lib/python3.6/site-packages/airflow/example_dags/example_xcomargs.py
[2023-10-11 17:19:39,529] {scheduler_job.py:643} INFO - DAG(s) dict_keys(['example_xcom_args', 'example_xcom_args_with_operators']) retrieved from /home/airflow/.local/lib/python3.6/site-packages/airflow/example_dags/example_xcomargs.py
[2023-10-11 17:19:39,567] {logging_mixin.py:104} INFO - [2023-10-11 17:19:39,567] {dag.py:1833} INFO - Sync 2 DAGs
[2023-10-11 17:19:39,593] {logging_mixin.py:104} INFO - [2023-10-11 17:19:39,593] {dag.py:2306} INFO - Setting next_dagrun for example_xcom_args to None
[2023-10-11 17:19:39,594] {logging_mixin.py:104} INFO - [2023-10-11 17:19:39,594] {dag.py:2306} INFO - Setting next_dagrun for example_xcom_args_with_operators to None
[2023-10-11 17:19:39,610] {scheduler_job.py:190} INFO - Processing /home/airflow/.local/lib/python3.6/site-packages/airflow/example_dags/example_xcomargs.py took 0.120 seconds
[2023-10-11 17:20:09,729] {scheduler_job.py:182} INFO - Started process (PID=1422) to work on /home/airflow/.local/lib/python3.6/site-packages/airflow/example_dags/example_xcomargs.py
[2023-10-11 17:20:09,731] {scheduler_job.py:633} INFO - Processing file /home/airflow/.local/lib/python3.6/site-packages/airflow/example_dags/example_xcomargs.py for tasks to queue
[2023-10-11 17:20:09,732] {logging_mixin.py:104} INFO - [2023-10-11 17:20:09,732] {dagbag.py:496} INFO - Filling up the DagBag from /home/airflow/.local/lib/python3.6/site-packages/airflow/example_dags/example_xcomargs.py
[2023-10-11 17:20:09,764] {scheduler_job.py:643} INFO - DAG(s) dict_keys(['example_xcom_args', 'example_xcom_args_with_operators']) retrieved from /home/airflow/.local/lib/python3.6/site-packages/airflow/example_dags/example_xcomargs.py
[2023-10-11 17:20:10,132] {logging_mixin.py:104} INFO - [2023-10-11 17:20:10,132] {dag.py:1833} INFO - Sync 2 DAGs
[2023-10-11 17:20:10,162] {logging_mixin.py:104} INFO - [2023-10-11 17:20:10,162] {dag.py:2306} INFO - Setting next_dagrun for example_xcom_args to None
[2023-10-11 17:20:10,164] {logging_mixin.py:104} INFO - [2023-10-11 17:20:10,164] {dag.py:2306} INFO - Setting next_dagrun for example_xcom_args_with_operators to None
[2023-10-11 17:20:10,186] {scheduler_job.py:190} INFO - Processing /home/airflow/.local/lib/python3.6/site-packages/airflow/example_dags/example_xcomargs.py took 0.460 seconds
[2023-10-11 17:20:40,398] {scheduler_job.py:182} INFO - Started process (PID=1504) to work on /home/airflow/.local/lib/python3.6/site-packages/airflow/example_dags/example_xcomargs.py
[2023-10-11 17:20:40,399] {scheduler_job.py:633} INFO - Processing file /home/airflow/.local/lib/python3.6/site-packages/airflow/example_dags/example_xcomargs.py for tasks to queue
[2023-10-11 17:20:40,400] {logging_mixin.py:104} INFO - [2023-10-11 17:20:40,400] {dagbag.py:496} INFO - Filling up the DagBag from /home/airflow/.local/lib/python3.6/site-packages/airflow/example_dags/example_xcomargs.py
[2023-10-11 17:20:40,434] {scheduler_job.py:643} INFO - DAG(s) dict_keys(['example_xcom_args', 'example_xcom_args_with_operators']) retrieved from /home/airflow/.local/lib/python3.6/site-packages/airflow/example_dags/example_xcomargs.py
[2023-10-11 17:20:40,847] {logging_mixin.py:104} INFO - [2023-10-11 17:20:40,847] {dag.py:1833} INFO - Sync 2 DAGs
[2023-10-11 17:20:40,876] {logging_mixin.py:104} INFO - [2023-10-11 17:20:40,876] {dag.py:2306} INFO - Setting next_dagrun for example_xcom_args to None
[2023-10-11 17:20:40,878] {logging_mixin.py:104} INFO - [2023-10-11 17:20:40,878] {dag.py:2306} INFO - Setting next_dagrun for example_xcom_args_with_operators to None
[2023-10-11 17:20:40,919] {scheduler_job.py:190} INFO - Processing /home/airflow/.local/lib/python3.6/site-packages/airflow/example_dags/example_xcomargs.py took 0.527 seconds
[2023-10-11 17:21:11,043] {scheduler_job.py:182} INFO - Started process (PID=1591) to work on /home/airflow/.local/lib/python3.6/site-packages/airflow/example_dags/example_xcomargs.py
[2023-10-11 17:21:11,044] {scheduler_job.py:633} INFO - Processing file /home/airflow/.local/lib/python3.6/site-packages/airflow/example_dags/example_xcomargs.py for tasks to queue
[2023-10-11 17:21:11,045] {logging_mixin.py:104} INFO - [2023-10-11 17:21:11,045] {dagbag.py:496} INFO - Filling up the DagBag from /home/airflow/.local/lib/python3.6/site-packages/airflow/example_dags/example_xcomargs.py
[2023-10-11 17:21:11,076] {scheduler_job.py:643} INFO - DAG(s) dict_keys(['example_xcom_args', 'example_xcom_args_with_operators']) retrieved from /home/airflow/.local/lib/python3.6/site-packages/airflow/example_dags/example_xcomargs.py
[2023-10-11 17:21:11,407] {logging_mixin.py:104} INFO - [2023-10-11 17:21:11,407] {dag.py:1833} INFO - Sync 2 DAGs
[2023-10-11 17:21:11,437] {logging_mixin.py:104} INFO - [2023-10-11 17:21:11,437] {dag.py:2306} INFO - Setting next_dagrun for example_xcom_args to None
[2023-10-11 17:21:11,439] {logging_mixin.py:104} INFO - [2023-10-11 17:21:11,439] {dag.py:2306} INFO - Setting next_dagrun for example_xcom_args_with_operators to None
[2023-10-11 17:21:11,463] {scheduler_job.py:190} INFO - Processing /home/airflow/.local/lib/python3.6/site-packages/airflow/example_dags/example_xcomargs.py took 0.425 seconds
[2023-10-11 17:21:41,737] {scheduler_job.py:182} INFO - Started process (PID=1661) to work on /home/airflow/.local/lib/python3.6/site-packages/airflow/example_dags/example_xcomargs.py
[2023-10-11 17:21:41,739] {scheduler_job.py:633} INFO - Processing file /home/airflow/.local/lib/python3.6/site-packages/airflow/example_dags/example_xcomargs.py for tasks to queue
[2023-10-11 17:21:41,740] {logging_mixin.py:104} INFO - [2023-10-11 17:21:41,740] {dagbag.py:496} INFO - Filling up the DagBag from /home/airflow/.local/lib/python3.6/site-packages/airflow/example_dags/example_xcomargs.py
[2023-10-11 17:21:41,769] {scheduler_job.py:643} INFO - DAG(s) dict_keys(['example_xcom_args', 'example_xcom_args_with_operators']) retrieved from /home/airflow/.local/lib/python3.6/site-packages/airflow/example_dags/example_xcomargs.py
[2023-10-11 17:21:41,811] {logging_mixin.py:104} INFO - [2023-10-11 17:21:41,811] {dag.py:1833} INFO - Sync 2 DAGs
[2023-10-11 17:21:41,834] {logging_mixin.py:104} INFO - [2023-10-11 17:21:41,834] {dag.py:2306} INFO - Setting next_dagrun for example_xcom_args to None
[2023-10-11 17:21:41,836] {logging_mixin.py:104} INFO - [2023-10-11 17:21:41,836] {dag.py:2306} INFO - Setting next_dagrun for example_xcom_args_with_operators to None
[2023-10-11 17:21:41,852] {scheduler_job.py:190} INFO - Processing /home/airflow/.local/lib/python3.6/site-packages/airflow/example_dags/example_xcomargs.py took 0.118 seconds
[2023-10-11 17:22:12,736] {scheduler_job.py:182} INFO - Started process (PID=1754) to work on /home/airflow/.local/lib/python3.6/site-packages/airflow/example_dags/example_xcomargs.py
[2023-10-11 17:22:12,737] {scheduler_job.py:633} INFO - Processing file /home/airflow/.local/lib/python3.6/site-packages/airflow/example_dags/example_xcomargs.py for tasks to queue
[2023-10-11 17:22:12,738] {logging_mixin.py:104} INFO - [2023-10-11 17:22:12,738] {dagbag.py:496} INFO - Filling up the DagBag from /home/airflow/.local/lib/python3.6/site-packages/airflow/example_dags/example_xcomargs.py
[2023-10-11 17:22:12,766] {scheduler_job.py:643} INFO - DAG(s) dict_keys(['example_xcom_args', 'example_xcom_args_with_operators']) retrieved from /home/airflow/.local/lib/python3.6/site-packages/airflow/example_dags/example_xcomargs.py
[2023-10-11 17:22:13,066] {logging_mixin.py:104} INFO - [2023-10-11 17:22:13,066] {dag.py:1833} INFO - Sync 2 DAGs
[2023-10-11 17:22:13,085] {logging_mixin.py:104} INFO - [2023-10-11 17:22:13,085] {dag.py:2306} INFO - Setting next_dagrun for example_xcom_args to None
[2023-10-11 17:22:13,086] {logging_mixin.py:104} INFO - [2023-10-11 17:22:13,086] {dag.py:2306} INFO - Setting next_dagrun for example_xcom_args_with_operators to None
[2023-10-11 17:22:13,105] {scheduler_job.py:190} INFO - Processing /home/airflow/.local/lib/python3.6/site-packages/airflow/example_dags/example_xcomargs.py took 0.373 seconds
[2023-10-11 17:22:43,631] {scheduler_job.py:182} INFO - Started process (PID=1830) to work on /home/airflow/.local/lib/python3.6/site-packages/airflow/example_dags/example_xcomargs.py
[2023-10-11 17:22:43,632] {scheduler_job.py:633} INFO - Processing file /home/airflow/.local/lib/python3.6/site-packages/airflow/example_dags/example_xcomargs.py for tasks to queue
[2023-10-11 17:22:43,633] {logging_mixin.py:104} INFO - [2023-10-11 17:22:43,633] {dagbag.py:496} INFO - Filling up the DagBag from /home/airflow/.local/lib/python3.6/site-packages/airflow/example_dags/example_xcomargs.py
[2023-10-11 17:22:43,660] {scheduler_job.py:643} INFO - DAG(s) dict_keys(['example_xcom_args', 'example_xcom_args_with_operators']) retrieved from /home/airflow/.local/lib/python3.6/site-packages/airflow/example_dags/example_xcomargs.py
[2023-10-11 17:22:43,951] {logging_mixin.py:104} INFO - [2023-10-11 17:22:43,951] {dag.py:1833} INFO - Sync 2 DAGs
[2023-10-11 17:22:43,968] {logging_mixin.py:104} INFO - [2023-10-11 17:22:43,968] {dag.py:2306} INFO - Setting next_dagrun for example_xcom_args to None
[2023-10-11 17:22:43,969] {logging_mixin.py:104} INFO - [2023-10-11 17:22:43,969] {dag.py:2306} INFO - Setting next_dagrun for example_xcom_args_with_operators to None
[2023-10-11 17:22:43,985] {scheduler_job.py:190} INFO - Processing /home/airflow/.local/lib/python3.6/site-packages/airflow/example_dags/example_xcomargs.py took 0.356 seconds
[2023-10-11 17:23:14,874] {scheduler_job.py:182} INFO - Started process (PID=1901) to work on /home/airflow/.local/lib/python3.6/site-packages/airflow/example_dags/example_xcomargs.py
[2023-10-11 17:23:14,876] {scheduler_job.py:633} INFO - Processing file /home/airflow/.local/lib/python3.6/site-packages/airflow/example_dags/example_xcomargs.py for tasks to queue
[2023-10-11 17:23:14,876] {logging_mixin.py:104} INFO - [2023-10-11 17:23:14,876] {dagbag.py:496} INFO - Filling up the DagBag from /home/airflow/.local/lib/python3.6/site-packages/airflow/example_dags/example_xcomargs.py
[2023-10-11 17:23:14,896] {scheduler_job.py:643} INFO - DAG(s) dict_keys(['example_xcom_args', 'example_xcom_args_with_operators']) retrieved from /home/airflow/.local/lib/python3.6/site-packages/airflow/example_dags/example_xcomargs.py
[2023-10-11 17:23:15,219] {logging_mixin.py:104} INFO - [2023-10-11 17:23:15,219] {dag.py:1833} INFO - Sync 2 DAGs
[2023-10-11 17:23:15,240] {logging_mixin.py:104} INFO - [2023-10-11 17:23:15,240] {dag.py:2306} INFO - Setting next_dagrun for example_xcom_args to None
[2023-10-11 17:23:15,241] {logging_mixin.py:104} INFO - [2023-10-11 17:23:15,241] {dag.py:2306} INFO - Setting next_dagrun for example_xcom_args_with_operators to None
[2023-10-11 17:23:15,256] {scheduler_job.py:190} INFO - Processing /home/airflow/.local/lib/python3.6/site-packages/airflow/example_dags/example_xcomargs.py took 0.384 seconds
[2023-10-11 17:23:45,373] {scheduler_job.py:182} INFO - Started process (PID=1973) to work on /home/airflow/.local/lib/python3.6/site-packages/airflow/example_dags/example_xcomargs.py
[2023-10-11 17:23:45,373] {scheduler_job.py:633} INFO - Processing file /home/airflow/.local/lib/python3.6/site-packages/airflow/example_dags/example_xcomargs.py for tasks to queue
[2023-10-11 17:23:45,374] {logging_mixin.py:104} INFO - [2023-10-11 17:23:45,374] {dagbag.py:496} INFO - Filling up the DagBag from /home/airflow/.local/lib/python3.6/site-packages/airflow/example_dags/example_xcomargs.py
[2023-10-11 17:23:45,389] {scheduler_job.py:643} INFO - DAG(s) dict_keys(['example_xcom_args', 'example_xcom_args_with_operators']) retrieved from /home/airflow/.local/lib/python3.6/site-packages/airflow/example_dags/example_xcomargs.py
[2023-10-11 17:23:45,542] {logging_mixin.py:104} INFO - [2023-10-11 17:23:45,542] {dag.py:1833} INFO - Sync 2 DAGs
[2023-10-11 17:23:45,553] {logging_mixin.py:104} INFO - [2023-10-11 17:23:45,553] {dag.py:2306} INFO - Setting next_dagrun for example_xcom_args to None
[2023-10-11 17:23:45,554] {logging_mixin.py:104} INFO - [2023-10-11 17:23:45,554] {dag.py:2306} INFO - Setting next_dagrun for example_xcom_args_with_operators to None
[2023-10-11 17:23:45,568] {scheduler_job.py:190} INFO - Processing /home/airflow/.local/lib/python3.6/site-packages/airflow/example_dags/example_xcomargs.py took 0.197 seconds
[2023-10-11 17:24:15,686] {scheduler_job.py:182} INFO - Started process (PID=2057) to work on /home/airflow/.local/lib/python3.6/site-packages/airflow/example_dags/example_xcomargs.py
[2023-10-11 17:24:15,687] {scheduler_job.py:633} INFO - Processing file /home/airflow/.local/lib/python3.6/site-packages/airflow/example_dags/example_xcomargs.py for tasks to queue
[2023-10-11 17:24:15,688] {logging_mixin.py:104} INFO - [2023-10-11 17:24:15,688] {dagbag.py:496} INFO - Filling up the DagBag from /home/airflow/.local/lib/python3.6/site-packages/airflow/example_dags/example_xcomargs.py
[2023-10-11 17:24:15,711] {scheduler_job.py:643} INFO - DAG(s) dict_keys(['example_xcom_args', 'example_xcom_args_with_operators']) retrieved from /home/airflow/.local/lib/python3.6/site-packages/airflow/example_dags/example_xcomargs.py
[2023-10-11 17:24:15,983] {logging_mixin.py:104} INFO - [2023-10-11 17:24:15,983] {dag.py:1833} INFO - Sync 2 DAGs
[2023-10-11 17:24:16,006] {logging_mixin.py:104} INFO - [2023-10-11 17:24:16,006] {dag.py:2306} INFO - Setting next_dagrun for example_xcom_args to None
[2023-10-11 17:24:16,008] {logging_mixin.py:104} INFO - [2023-10-11 17:24:16,008] {dag.py:2306} INFO - Setting next_dagrun for example_xcom_args_with_operators to None
[2023-10-11 17:24:16,024] {scheduler_job.py:190} INFO - Processing /home/airflow/.local/lib/python3.6/site-packages/airflow/example_dags/example_xcomargs.py took 0.341 seconds
[2023-10-11 17:24:46,118] {scheduler_job.py:182} INFO - Started process (PID=2132) to work on /home/airflow/.local/lib/python3.6/site-packages/airflow/example_dags/example_xcomargs.py
[2023-10-11 17:24:46,119] {scheduler_job.py:633} INFO - Processing file /home/airflow/.local/lib/python3.6/site-packages/airflow/example_dags/example_xcomargs.py for tasks to queue
[2023-10-11 17:24:46,119] {logging_mixin.py:104} INFO - [2023-10-11 17:24:46,119] {dagbag.py:496} INFO - Filling up the DagBag from /home/airflow/.local/lib/python3.6/site-packages/airflow/example_dags/example_xcomargs.py
[2023-10-11 17:24:46,138] {scheduler_job.py:643} INFO - DAG(s) dict_keys(['example_xcom_args', 'example_xcom_args_with_operators']) retrieved from /home/airflow/.local/lib/python3.6/site-packages/airflow/example_dags/example_xcomargs.py
[2023-10-11 17:24:46,321] {logging_mixin.py:104} INFO - [2023-10-11 17:24:46,320] {dag.py:1833} INFO - Sync 2 DAGs
[2023-10-11 17:24:46,336] {logging_mixin.py:104} INFO - [2023-10-11 17:24:46,336] {dag.py:2306} INFO - Setting next_dagrun for example_xcom_args to None
[2023-10-11 17:24:46,337] {logging_mixin.py:104} INFO - [2023-10-11 17:24:46,337] {dag.py:2306} INFO - Setting next_dagrun for example_xcom_args_with_operators to None
[2023-10-11 17:24:46,353] {scheduler_job.py:190} INFO - Processing /home/airflow/.local/lib/python3.6/site-packages/airflow/example_dags/example_xcomargs.py took 0.238 seconds
[2023-10-11 17:25:16,656] {scheduler_job.py:182} INFO - Started process (PID=2226) to work on /home/airflow/.local/lib/python3.6/site-packages/airflow/example_dags/example_xcomargs.py
[2023-10-11 17:25:16,658] {scheduler_job.py:633} INFO - Processing file /home/airflow/.local/lib/python3.6/site-packages/airflow/example_dags/example_xcomargs.py for tasks to queue
[2023-10-11 17:25:16,660] {logging_mixin.py:104} INFO - [2023-10-11 17:25:16,659] {dagbag.py:496} INFO - Filling up the DagBag from /home/airflow/.local/lib/python3.6/site-packages/airflow/example_dags/example_xcomargs.py
[2023-10-11 17:25:16,701] {scheduler_job.py:643} INFO - DAG(s) dict_keys(['example_xcom_args', 'example_xcom_args_with_operators']) retrieved from /home/airflow/.local/lib/python3.6/site-packages/airflow/example_dags/example_xcomargs.py
[2023-10-11 17:25:17,101] {logging_mixin.py:104} INFO - [2023-10-11 17:25:17,101] {dag.py:1833} INFO - Sync 2 DAGs
[2023-10-11 17:25:17,123] {logging_mixin.py:104} INFO - [2023-10-11 17:25:17,123] {dag.py:2306} INFO - Setting next_dagrun for example_xcom_args to None
[2023-10-11 17:25:17,124] {logging_mixin.py:104} INFO - [2023-10-11 17:25:17,124] {dag.py:2306} INFO - Setting next_dagrun for example_xcom_args_with_operators to None
[2023-10-11 17:25:17,142] {scheduler_job.py:190} INFO - Processing /home/airflow/.local/lib/python3.6/site-packages/airflow/example_dags/example_xcomargs.py took 0.491 seconds
[2023-10-11 17:25:47,199] {scheduler_job.py:182} INFO - Started process (PID=2303) to work on /home/airflow/.local/lib/python3.6/site-packages/airflow/example_dags/example_xcomargs.py
[2023-10-11 17:25:47,200] {scheduler_job.py:633} INFO - Processing file /home/airflow/.local/lib/python3.6/site-packages/airflow/example_dags/example_xcomargs.py for tasks to queue
[2023-10-11 17:25:47,200] {logging_mixin.py:104} INFO - [2023-10-11 17:25:47,200] {dagbag.py:496} INFO - Filling up the DagBag from /home/airflow/.local/lib/python3.6/site-packages/airflow/example_dags/example_xcomargs.py
[2023-10-11 17:25:47,220] {scheduler_job.py:643} INFO - DAG(s) dict_keys(['example_xcom_args', 'example_xcom_args_with_operators']) retrieved from /home/airflow/.local/lib/python3.6/site-packages/airflow/example_dags/example_xcomargs.py
[2023-10-11 17:25:47,491] {logging_mixin.py:104} INFO - [2023-10-11 17:25:47,491] {dag.py:1833} INFO - Sync 2 DAGs
[2023-10-11 17:25:47,515] {logging_mixin.py:104} INFO - [2023-10-11 17:25:47,514] {dag.py:2306} INFO - Setting next_dagrun for example_xcom_args to None
[2023-10-11 17:25:47,516] {logging_mixin.py:104} INFO - [2023-10-11 17:25:47,515] {dag.py:2306} INFO - Setting next_dagrun for example_xcom_args_with_operators to None
[2023-10-11 17:25:47,539] {scheduler_job.py:190} INFO - Processing /home/airflow/.local/lib/python3.6/site-packages/airflow/example_dags/example_xcomargs.py took 0.343 seconds
