[2023-10-11 17:11:54,870] {scheduler_job.py:182} INFO - Started process (PID=104) to work on /home/airflow/.local/lib/python3.6/site-packages/airflow/example_dags/example_kubernetes_executor_config.py
[2023-10-11 17:11:54,872] {scheduler_job.py:633} INFO - Processing file /home/airflow/.local/lib/python3.6/site-packages/airflow/example_dags/example_kubernetes_executor_config.py for tasks to queue
[2023-10-11 17:11:54,873] {logging_mixin.py:104} INFO - [2023-10-11 17:11:54,873] {dagbag.py:496} INFO - Filling up the DagBag from /home/airflow/.local/lib/python3.6/site-packages/airflow/example_dags/example_kubernetes_executor_config.py
[2023-10-11 17:11:54,893] {scheduler_job.py:643} INFO - DAG(s) dict_keys(['example_kubernetes_executor_config']) retrieved from /home/airflow/.local/lib/python3.6/site-packages/airflow/example_dags/example_kubernetes_executor_config.py
[2023-10-11 17:11:55,315] {logging_mixin.py:104} INFO - [2023-10-11 17:11:55,315] {dag.py:1833} INFO - Sync 1 DAGs
[2023-10-11 17:11:55,340] {logging_mixin.py:104} INFO - [2023-10-11 17:11:55,339] {dag.py:2306} INFO - Setting next_dagrun for example_kubernetes_executor_config to None
[2023-10-11 17:11:55,362] {scheduler_job.py:190} INFO - Processing /home/airflow/.local/lib/python3.6/site-packages/airflow/example_dags/example_kubernetes_executor_config.py took 0.496 seconds
[2023-10-11 17:12:25,968] {scheduler_job.py:182} INFO - Started process (PID=208) to work on /home/airflow/.local/lib/python3.6/site-packages/airflow/example_dags/example_kubernetes_executor_config.py
[2023-10-11 17:12:25,969] {scheduler_job.py:633} INFO - Processing file /home/airflow/.local/lib/python3.6/site-packages/airflow/example_dags/example_kubernetes_executor_config.py for tasks to queue
[2023-10-11 17:12:25,970] {logging_mixin.py:104} INFO - [2023-10-11 17:12:25,970] {dagbag.py:496} INFO - Filling up the DagBag from /home/airflow/.local/lib/python3.6/site-packages/airflow/example_dags/example_kubernetes_executor_config.py
[2023-10-11 17:12:25,993] {scheduler_job.py:643} INFO - DAG(s) dict_keys(['example_kubernetes_executor_config']) retrieved from /home/airflow/.local/lib/python3.6/site-packages/airflow/example_dags/example_kubernetes_executor_config.py
[2023-10-11 17:12:26,109] {logging_mixin.py:104} INFO - [2023-10-11 17:12:26,108] {dag.py:1833} INFO - Sync 1 DAGs
[2023-10-11 17:12:26,149] {logging_mixin.py:104} INFO - [2023-10-11 17:12:26,149] {dag.py:2306} INFO - Setting next_dagrun for example_kubernetes_executor_config to None
[2023-10-11 17:12:26,183] {scheduler_job.py:190} INFO - Processing /home/airflow/.local/lib/python3.6/site-packages/airflow/example_dags/example_kubernetes_executor_config.py took 0.231 seconds
[2023-10-11 17:12:56,217] {scheduler_job.py:182} INFO - Started process (PID=282) to work on /home/airflow/.local/lib/python3.6/site-packages/airflow/example_dags/example_kubernetes_executor_config.py
[2023-10-11 17:12:56,218] {scheduler_job.py:633} INFO - Processing file /home/airflow/.local/lib/python3.6/site-packages/airflow/example_dags/example_kubernetes_executor_config.py for tasks to queue
[2023-10-11 17:12:56,218] {logging_mixin.py:104} INFO - [2023-10-11 17:12:56,218] {dagbag.py:496} INFO - Filling up the DagBag from /home/airflow/.local/lib/python3.6/site-packages/airflow/example_dags/example_kubernetes_executor_config.py
[2023-10-11 17:12:56,233] {scheduler_job.py:643} INFO - DAG(s) dict_keys(['example_kubernetes_executor_config']) retrieved from /home/airflow/.local/lib/python3.6/site-packages/airflow/example_dags/example_kubernetes_executor_config.py
[2023-10-11 17:12:56,262] {logging_mixin.py:104} INFO - [2023-10-11 17:12:56,262] {dag.py:1833} INFO - Sync 1 DAGs
[2023-10-11 17:12:56,281] {logging_mixin.py:104} INFO - [2023-10-11 17:12:56,281] {dag.py:2306} INFO - Setting next_dagrun for example_kubernetes_executor_config to None
[2023-10-11 17:12:56,295] {scheduler_job.py:190} INFO - Processing /home/airflow/.local/lib/python3.6/site-packages/airflow/example_dags/example_kubernetes_executor_config.py took 0.081 seconds
[2023-10-11 17:13:26,687] {scheduler_job.py:182} INFO - Started process (PID=342) to work on /home/airflow/.local/lib/python3.6/site-packages/airflow/example_dags/example_kubernetes_executor_config.py
[2023-10-11 17:13:26,688] {scheduler_job.py:633} INFO - Processing file /home/airflow/.local/lib/python3.6/site-packages/airflow/example_dags/example_kubernetes_executor_config.py for tasks to queue
[2023-10-11 17:13:26,689] {logging_mixin.py:104} INFO - [2023-10-11 17:13:26,689] {dagbag.py:496} INFO - Filling up the DagBag from /home/airflow/.local/lib/python3.6/site-packages/airflow/example_dags/example_kubernetes_executor_config.py
[2023-10-11 17:13:26,705] {scheduler_job.py:643} INFO - DAG(s) dict_keys(['example_kubernetes_executor_config']) retrieved from /home/airflow/.local/lib/python3.6/site-packages/airflow/example_dags/example_kubernetes_executor_config.py
[2023-10-11 17:13:26,733] {logging_mixin.py:104} INFO - [2023-10-11 17:13:26,733] {dag.py:1833} INFO - Sync 1 DAGs
[2023-10-11 17:13:26,749] {logging_mixin.py:104} INFO - [2023-10-11 17:13:26,749] {dag.py:2306} INFO - Setting next_dagrun for example_kubernetes_executor_config to None
[2023-10-11 17:13:26,761] {scheduler_job.py:190} INFO - Processing /home/airflow/.local/lib/python3.6/site-packages/airflow/example_dags/example_kubernetes_executor_config.py took 0.076 seconds
[2023-10-11 17:13:57,240] {scheduler_job.py:182} INFO - Started process (PID=426) to work on /home/airflow/.local/lib/python3.6/site-packages/airflow/example_dags/example_kubernetes_executor_config.py
[2023-10-11 17:13:57,241] {scheduler_job.py:633} INFO - Processing file /home/airflow/.local/lib/python3.6/site-packages/airflow/example_dags/example_kubernetes_executor_config.py for tasks to queue
[2023-10-11 17:13:57,243] {logging_mixin.py:104} INFO - [2023-10-11 17:13:57,242] {dagbag.py:496} INFO - Filling up the DagBag from /home/airflow/.local/lib/python3.6/site-packages/airflow/example_dags/example_kubernetes_executor_config.py
[2023-10-11 17:13:57,256] {scheduler_job.py:643} INFO - DAG(s) dict_keys(['example_kubernetes_executor_config']) retrieved from /home/airflow/.local/lib/python3.6/site-packages/airflow/example_dags/example_kubernetes_executor_config.py
[2023-10-11 17:13:57,287] {logging_mixin.py:104} INFO - [2023-10-11 17:13:57,287] {dag.py:1833} INFO - Sync 1 DAGs
[2023-10-11 17:13:57,310] {logging_mixin.py:104} INFO - [2023-10-11 17:13:57,310] {dag.py:2306} INFO - Setting next_dagrun for example_kubernetes_executor_config to None
[2023-10-11 17:13:57,327] {scheduler_job.py:190} INFO - Processing /home/airflow/.local/lib/python3.6/site-packages/airflow/example_dags/example_kubernetes_executor_config.py took 0.090 seconds
[2023-10-11 17:14:28,168] {scheduler_job.py:182} INFO - Started process (PID=509) to work on /home/airflow/.local/lib/python3.6/site-packages/airflow/example_dags/example_kubernetes_executor_config.py
[2023-10-11 17:14:28,169] {scheduler_job.py:633} INFO - Processing file /home/airflow/.local/lib/python3.6/site-packages/airflow/example_dags/example_kubernetes_executor_config.py for tasks to queue
[2023-10-11 17:14:28,170] {logging_mixin.py:104} INFO - [2023-10-11 17:14:28,170] {dagbag.py:496} INFO - Filling up the DagBag from /home/airflow/.local/lib/python3.6/site-packages/airflow/example_dags/example_kubernetes_executor_config.py
[2023-10-11 17:14:28,189] {scheduler_job.py:643} INFO - DAG(s) dict_keys(['example_kubernetes_executor_config']) retrieved from /home/airflow/.local/lib/python3.6/site-packages/airflow/example_dags/example_kubernetes_executor_config.py
[2023-10-11 17:14:28,218] {logging_mixin.py:104} INFO - [2023-10-11 17:14:28,218] {dag.py:1833} INFO - Sync 1 DAGs
[2023-10-11 17:14:28,232] {logging_mixin.py:104} INFO - [2023-10-11 17:14:28,232] {dag.py:2306} INFO - Setting next_dagrun for example_kubernetes_executor_config to None
[2023-10-11 17:14:28,243] {scheduler_job.py:190} INFO - Processing /home/airflow/.local/lib/python3.6/site-packages/airflow/example_dags/example_kubernetes_executor_config.py took 0.078 seconds
[2023-10-11 17:14:58,672] {scheduler_job.py:182} INFO - Started process (PID=583) to work on /home/airflow/.local/lib/python3.6/site-packages/airflow/example_dags/example_kubernetes_executor_config.py
[2023-10-11 17:14:58,673] {scheduler_job.py:633} INFO - Processing file /home/airflow/.local/lib/python3.6/site-packages/airflow/example_dags/example_kubernetes_executor_config.py for tasks to queue
[2023-10-11 17:14:58,674] {logging_mixin.py:104} INFO - [2023-10-11 17:14:58,674] {dagbag.py:496} INFO - Filling up the DagBag from /home/airflow/.local/lib/python3.6/site-packages/airflow/example_dags/example_kubernetes_executor_config.py
[2023-10-11 17:14:58,707] {scheduler_job.py:643} INFO - DAG(s) dict_keys(['example_kubernetes_executor_config']) retrieved from /home/airflow/.local/lib/python3.6/site-packages/airflow/example_dags/example_kubernetes_executor_config.py
[2023-10-11 17:14:58,741] {logging_mixin.py:104} INFO - [2023-10-11 17:14:58,740] {dag.py:1833} INFO - Sync 1 DAGs
[2023-10-11 17:14:58,759] {logging_mixin.py:104} INFO - [2023-10-11 17:14:58,759] {dag.py:2306} INFO - Setting next_dagrun for example_kubernetes_executor_config to None
[2023-10-11 17:14:58,776] {scheduler_job.py:190} INFO - Processing /home/airflow/.local/lib/python3.6/site-packages/airflow/example_dags/example_kubernetes_executor_config.py took 0.120 seconds
[2023-10-11 17:15:29,573] {scheduler_job.py:182} INFO - Started process (PID=676) to work on /home/airflow/.local/lib/python3.6/site-packages/airflow/example_dags/example_kubernetes_executor_config.py
[2023-10-11 17:15:29,574] {scheduler_job.py:633} INFO - Processing file /home/airflow/.local/lib/python3.6/site-packages/airflow/example_dags/example_kubernetes_executor_config.py for tasks to queue
[2023-10-11 17:15:29,575] {logging_mixin.py:104} INFO - [2023-10-11 17:15:29,574] {dagbag.py:496} INFO - Filling up the DagBag from /home/airflow/.local/lib/python3.6/site-packages/airflow/example_dags/example_kubernetes_executor_config.py
[2023-10-11 17:15:29,588] {scheduler_job.py:643} INFO - DAG(s) dict_keys(['example_kubernetes_executor_config']) retrieved from /home/airflow/.local/lib/python3.6/site-packages/airflow/example_dags/example_kubernetes_executor_config.py
[2023-10-11 17:15:29,613] {logging_mixin.py:104} INFO - [2023-10-11 17:15:29,613] {dag.py:1833} INFO - Sync 1 DAGs
[2023-10-11 17:15:29,629] {logging_mixin.py:104} INFO - [2023-10-11 17:15:29,629] {dag.py:2306} INFO - Setting next_dagrun for example_kubernetes_executor_config to None
[2023-10-11 17:15:29,642] {scheduler_job.py:190} INFO - Processing /home/airflow/.local/lib/python3.6/site-packages/airflow/example_dags/example_kubernetes_executor_config.py took 0.071 seconds
[2023-10-11 17:16:00,180] {scheduler_job.py:182} INFO - Started process (PID=751) to work on /home/airflow/.local/lib/python3.6/site-packages/airflow/example_dags/example_kubernetes_executor_config.py
[2023-10-11 17:16:00,181] {scheduler_job.py:633} INFO - Processing file /home/airflow/.local/lib/python3.6/site-packages/airflow/example_dags/example_kubernetes_executor_config.py for tasks to queue
[2023-10-11 17:16:00,182] {logging_mixin.py:104} INFO - [2023-10-11 17:16:00,182] {dagbag.py:496} INFO - Filling up the DagBag from /home/airflow/.local/lib/python3.6/site-packages/airflow/example_dags/example_kubernetes_executor_config.py
[2023-10-11 17:16:00,202] {scheduler_job.py:643} INFO - DAG(s) dict_keys(['example_kubernetes_executor_config']) retrieved from /home/airflow/.local/lib/python3.6/site-packages/airflow/example_dags/example_kubernetes_executor_config.py
[2023-10-11 17:16:00,238] {logging_mixin.py:104} INFO - [2023-10-11 17:16:00,237] {dag.py:1833} INFO - Sync 1 DAGs
[2023-10-11 17:16:00,263] {logging_mixin.py:104} INFO - [2023-10-11 17:16:00,263] {dag.py:2306} INFO - Setting next_dagrun for example_kubernetes_executor_config to None
[2023-10-11 17:16:00,279] {scheduler_job.py:190} INFO - Processing /home/airflow/.local/lib/python3.6/site-packages/airflow/example_dags/example_kubernetes_executor_config.py took 0.104 seconds
[2023-10-11 17:16:30,812] {scheduler_job.py:182} INFO - Started process (PID=834) to work on /home/airflow/.local/lib/python3.6/site-packages/airflow/example_dags/example_kubernetes_executor_config.py
[2023-10-11 17:16:30,814] {scheduler_job.py:633} INFO - Processing file /home/airflow/.local/lib/python3.6/site-packages/airflow/example_dags/example_kubernetes_executor_config.py for tasks to queue
[2023-10-11 17:16:30,814] {logging_mixin.py:104} INFO - [2023-10-11 17:16:30,814] {dagbag.py:496} INFO - Filling up the DagBag from /home/airflow/.local/lib/python3.6/site-packages/airflow/example_dags/example_kubernetes_executor_config.py
[2023-10-11 17:16:30,824] {scheduler_job.py:643} INFO - DAG(s) dict_keys(['example_kubernetes_executor_config']) retrieved from /home/airflow/.local/lib/python3.6/site-packages/airflow/example_dags/example_kubernetes_executor_config.py
[2023-10-11 17:16:30,846] {logging_mixin.py:104} INFO - [2023-10-11 17:16:30,846] {dag.py:1833} INFO - Sync 1 DAGs
[2023-10-11 17:16:30,860] {logging_mixin.py:104} INFO - [2023-10-11 17:16:30,860] {dag.py:2306} INFO - Setting next_dagrun for example_kubernetes_executor_config to None
[2023-10-11 17:16:30,872] {scheduler_job.py:190} INFO - Processing /home/airflow/.local/lib/python3.6/site-packages/airflow/example_dags/example_kubernetes_executor_config.py took 0.062 seconds
[2023-10-11 17:17:01,734] {scheduler_job.py:182} INFO - Started process (PID=918) to work on /home/airflow/.local/lib/python3.6/site-packages/airflow/example_dags/example_kubernetes_executor_config.py
[2023-10-11 17:17:01,735] {scheduler_job.py:633} INFO - Processing file /home/airflow/.local/lib/python3.6/site-packages/airflow/example_dags/example_kubernetes_executor_config.py for tasks to queue
[2023-10-11 17:17:01,736] {logging_mixin.py:104} INFO - [2023-10-11 17:17:01,736] {dagbag.py:496} INFO - Filling up the DagBag from /home/airflow/.local/lib/python3.6/site-packages/airflow/example_dags/example_kubernetes_executor_config.py
[2023-10-11 17:17:01,755] {scheduler_job.py:643} INFO - DAG(s) dict_keys(['example_kubernetes_executor_config']) retrieved from /home/airflow/.local/lib/python3.6/site-packages/airflow/example_dags/example_kubernetes_executor_config.py
[2023-10-11 17:17:01,784] {logging_mixin.py:104} INFO - [2023-10-11 17:17:01,784] {dag.py:1833} INFO - Sync 1 DAGs
[2023-10-11 17:17:01,804] {logging_mixin.py:104} INFO - [2023-10-11 17:17:01,804] {dag.py:2306} INFO - Setting next_dagrun for example_kubernetes_executor_config to None
[2023-10-11 17:17:01,817] {scheduler_job.py:190} INFO - Processing /home/airflow/.local/lib/python3.6/site-packages/airflow/example_dags/example_kubernetes_executor_config.py took 0.086 seconds
[2023-10-11 17:17:31,967] {scheduler_job.py:182} INFO - Started process (PID=1002) to work on /home/airflow/.local/lib/python3.6/site-packages/airflow/example_dags/example_kubernetes_executor_config.py
[2023-10-11 17:17:31,971] {scheduler_job.py:633} INFO - Processing file /home/airflow/.local/lib/python3.6/site-packages/airflow/example_dags/example_kubernetes_executor_config.py for tasks to queue
[2023-10-11 17:17:31,972] {logging_mixin.py:104} INFO - [2023-10-11 17:17:31,971] {dagbag.py:496} INFO - Filling up the DagBag from /home/airflow/.local/lib/python3.6/site-packages/airflow/example_dags/example_kubernetes_executor_config.py
[2023-10-11 17:17:31,996] {scheduler_job.py:643} INFO - DAG(s) dict_keys(['example_kubernetes_executor_config']) retrieved from /home/airflow/.local/lib/python3.6/site-packages/airflow/example_dags/example_kubernetes_executor_config.py
[2023-10-11 17:17:32,088] {logging_mixin.py:104} INFO - [2023-10-11 17:17:32,088] {dag.py:1833} INFO - Sync 1 DAGs
[2023-10-11 17:17:32,115] {logging_mixin.py:104} INFO - [2023-10-11 17:17:32,115] {dag.py:2306} INFO - Setting next_dagrun for example_kubernetes_executor_config to None
[2023-10-11 17:17:32,138] {scheduler_job.py:190} INFO - Processing /home/airflow/.local/lib/python3.6/site-packages/airflow/example_dags/example_kubernetes_executor_config.py took 0.175 seconds
[2023-10-11 17:18:03,006] {scheduler_job.py:182} INFO - Started process (PID=1076) to work on /home/airflow/.local/lib/python3.6/site-packages/airflow/example_dags/example_kubernetes_executor_config.py
[2023-10-11 17:18:03,007] {scheduler_job.py:633} INFO - Processing file /home/airflow/.local/lib/python3.6/site-packages/airflow/example_dags/example_kubernetes_executor_config.py for tasks to queue
[2023-10-11 17:18:03,008] {logging_mixin.py:104} INFO - [2023-10-11 17:18:03,008] {dagbag.py:496} INFO - Filling up the DagBag from /home/airflow/.local/lib/python3.6/site-packages/airflow/example_dags/example_kubernetes_executor_config.py
[2023-10-11 17:18:03,021] {scheduler_job.py:643} INFO - DAG(s) dict_keys(['example_kubernetes_executor_config']) retrieved from /home/airflow/.local/lib/python3.6/site-packages/airflow/example_dags/example_kubernetes_executor_config.py
[2023-10-11 17:18:03,052] {logging_mixin.py:104} INFO - [2023-10-11 17:18:03,052] {dag.py:1833} INFO - Sync 1 DAGs
[2023-10-11 17:18:03,069] {logging_mixin.py:104} INFO - [2023-10-11 17:18:03,069] {dag.py:2306} INFO - Setting next_dagrun for example_kubernetes_executor_config to None
[2023-10-11 17:18:03,082] {scheduler_job.py:190} INFO - Processing /home/airflow/.local/lib/python3.6/site-packages/airflow/example_dags/example_kubernetes_executor_config.py took 0.078 seconds
[2023-10-11 17:18:33,386] {scheduler_job.py:182} INFO - Started process (PID=1169) to work on /home/airflow/.local/lib/python3.6/site-packages/airflow/example_dags/example_kubernetes_executor_config.py
[2023-10-11 17:18:33,387] {scheduler_job.py:633} INFO - Processing file /home/airflow/.local/lib/python3.6/site-packages/airflow/example_dags/example_kubernetes_executor_config.py for tasks to queue
[2023-10-11 17:18:33,389] {logging_mixin.py:104} INFO - [2023-10-11 17:18:33,389] {dagbag.py:496} INFO - Filling up the DagBag from /home/airflow/.local/lib/python3.6/site-packages/airflow/example_dags/example_kubernetes_executor_config.py
[2023-10-11 17:18:33,445] {scheduler_job.py:643} INFO - DAG(s) dict_keys(['example_kubernetes_executor_config']) retrieved from /home/airflow/.local/lib/python3.6/site-packages/airflow/example_dags/example_kubernetes_executor_config.py
[2023-10-11 17:18:33,533] {logging_mixin.py:104} INFO - [2023-10-11 17:18:33,533] {dag.py:1833} INFO - Sync 1 DAGs
[2023-10-11 17:18:33,567] {logging_mixin.py:104} INFO - [2023-10-11 17:18:33,567] {dag.py:2306} INFO - Setting next_dagrun for example_kubernetes_executor_config to None
[2023-10-11 17:18:33,605] {scheduler_job.py:190} INFO - Processing /home/airflow/.local/lib/python3.6/site-packages/airflow/example_dags/example_kubernetes_executor_config.py took 0.228 seconds
[2023-10-11 17:19:04,101] {scheduler_job.py:182} INFO - Started process (PID=1246) to work on /home/airflow/.local/lib/python3.6/site-packages/airflow/example_dags/example_kubernetes_executor_config.py
[2023-10-11 17:19:04,103] {scheduler_job.py:633} INFO - Processing file /home/airflow/.local/lib/python3.6/site-packages/airflow/example_dags/example_kubernetes_executor_config.py for tasks to queue
[2023-10-11 17:19:04,105] {logging_mixin.py:104} INFO - [2023-10-11 17:19:04,104] {dagbag.py:496} INFO - Filling up the DagBag from /home/airflow/.local/lib/python3.6/site-packages/airflow/example_dags/example_kubernetes_executor_config.py
[2023-10-11 17:19:04,130] {scheduler_job.py:643} INFO - DAG(s) dict_keys(['example_kubernetes_executor_config']) retrieved from /home/airflow/.local/lib/python3.6/site-packages/airflow/example_dags/example_kubernetes_executor_config.py
[2023-10-11 17:19:04,160] {logging_mixin.py:104} INFO - [2023-10-11 17:19:04,160] {dag.py:1833} INFO - Sync 1 DAGs
[2023-10-11 17:19:04,176] {logging_mixin.py:104} INFO - [2023-10-11 17:19:04,176] {dag.py:2306} INFO - Setting next_dagrun for example_kubernetes_executor_config to None
[2023-10-11 17:19:04,191] {scheduler_job.py:190} INFO - Processing /home/airflow/.local/lib/python3.6/site-packages/airflow/example_dags/example_kubernetes_executor_config.py took 0.095 seconds
[2023-10-11 17:19:35,361] {scheduler_job.py:182} INFO - Started process (PID=1326) to work on /home/airflow/.local/lib/python3.6/site-packages/airflow/example_dags/example_kubernetes_executor_config.py
[2023-10-11 17:19:35,363] {scheduler_job.py:633} INFO - Processing file /home/airflow/.local/lib/python3.6/site-packages/airflow/example_dags/example_kubernetes_executor_config.py for tasks to queue
[2023-10-11 17:19:35,366] {logging_mixin.py:104} INFO - [2023-10-11 17:19:35,366] {dagbag.py:496} INFO - Filling up the DagBag from /home/airflow/.local/lib/python3.6/site-packages/airflow/example_dags/example_kubernetes_executor_config.py
[2023-10-11 17:19:35,390] {scheduler_job.py:643} INFO - DAG(s) dict_keys(['example_kubernetes_executor_config']) retrieved from /home/airflow/.local/lib/python3.6/site-packages/airflow/example_dags/example_kubernetes_executor_config.py
[2023-10-11 17:19:35,434] {logging_mixin.py:104} INFO - [2023-10-11 17:19:35,434] {dag.py:1833} INFO - Sync 1 DAGs
[2023-10-11 17:19:35,474] {logging_mixin.py:104} INFO - [2023-10-11 17:19:35,474] {dag.py:2306} INFO - Setting next_dagrun for example_kubernetes_executor_config to None
[2023-10-11 17:19:35,494] {scheduler_job.py:190} INFO - Processing /home/airflow/.local/lib/python3.6/site-packages/airflow/example_dags/example_kubernetes_executor_config.py took 0.145 seconds
[2023-10-11 17:20:06,263] {scheduler_job.py:182} INFO - Started process (PID=1410) to work on /home/airflow/.local/lib/python3.6/site-packages/airflow/example_dags/example_kubernetes_executor_config.py
[2023-10-11 17:20:06,264] {scheduler_job.py:633} INFO - Processing file /home/airflow/.local/lib/python3.6/site-packages/airflow/example_dags/example_kubernetes_executor_config.py for tasks to queue
[2023-10-11 17:20:06,265] {logging_mixin.py:104} INFO - [2023-10-11 17:20:06,265] {dagbag.py:496} INFO - Filling up the DagBag from /home/airflow/.local/lib/python3.6/site-packages/airflow/example_dags/example_kubernetes_executor_config.py
[2023-10-11 17:20:06,286] {scheduler_job.py:643} INFO - DAG(s) dict_keys(['example_kubernetes_executor_config']) retrieved from /home/airflow/.local/lib/python3.6/site-packages/airflow/example_dags/example_kubernetes_executor_config.py
[2023-10-11 17:20:06,325] {logging_mixin.py:104} INFO - [2023-10-11 17:20:06,325] {dag.py:1833} INFO - Sync 1 DAGs
[2023-10-11 17:20:06,353] {logging_mixin.py:104} INFO - [2023-10-11 17:20:06,353] {dag.py:2306} INFO - Setting next_dagrun for example_kubernetes_executor_config to None
[2023-10-11 17:20:06,372] {scheduler_job.py:190} INFO - Processing /home/airflow/.local/lib/python3.6/site-packages/airflow/example_dags/example_kubernetes_executor_config.py took 0.113 seconds
[2023-10-11 17:20:37,123] {scheduler_job.py:182} INFO - Started process (PID=1484) to work on /home/airflow/.local/lib/python3.6/site-packages/airflow/example_dags/example_kubernetes_executor_config.py
[2023-10-11 17:20:37,125] {scheduler_job.py:633} INFO - Processing file /home/airflow/.local/lib/python3.6/site-packages/airflow/example_dags/example_kubernetes_executor_config.py for tasks to queue
[2023-10-11 17:20:37,126] {logging_mixin.py:104} INFO - [2023-10-11 17:20:37,126] {dagbag.py:496} INFO - Filling up the DagBag from /home/airflow/.local/lib/python3.6/site-packages/airflow/example_dags/example_kubernetes_executor_config.py
[2023-10-11 17:20:37,153] {scheduler_job.py:643} INFO - DAG(s) dict_keys(['example_kubernetes_executor_config']) retrieved from /home/airflow/.local/lib/python3.6/site-packages/airflow/example_dags/example_kubernetes_executor_config.py
[2023-10-11 17:20:37,188] {logging_mixin.py:104} INFO - [2023-10-11 17:20:37,188] {dag.py:1833} INFO - Sync 1 DAGs
[2023-10-11 17:20:37,210] {logging_mixin.py:104} INFO - [2023-10-11 17:20:37,210] {dag.py:2306} INFO - Setting next_dagrun for example_kubernetes_executor_config to None
[2023-10-11 17:20:37,225] {scheduler_job.py:190} INFO - Processing /home/airflow/.local/lib/python3.6/site-packages/airflow/example_dags/example_kubernetes_executor_config.py took 0.106 seconds
[2023-10-11 17:21:07,969] {scheduler_job.py:182} INFO - Started process (PID=1578) to work on /home/airflow/.local/lib/python3.6/site-packages/airflow/example_dags/example_kubernetes_executor_config.py
[2023-10-11 17:21:07,971] {scheduler_job.py:633} INFO - Processing file /home/airflow/.local/lib/python3.6/site-packages/airflow/example_dags/example_kubernetes_executor_config.py for tasks to queue
[2023-10-11 17:21:07,972] {logging_mixin.py:104} INFO - [2023-10-11 17:21:07,972] {dagbag.py:496} INFO - Filling up the DagBag from /home/airflow/.local/lib/python3.6/site-packages/airflow/example_dags/example_kubernetes_executor_config.py
[2023-10-11 17:21:07,991] {scheduler_job.py:643} INFO - DAG(s) dict_keys(['example_kubernetes_executor_config']) retrieved from /home/airflow/.local/lib/python3.6/site-packages/airflow/example_dags/example_kubernetes_executor_config.py
[2023-10-11 17:21:08,080] {logging_mixin.py:104} INFO - [2023-10-11 17:21:08,080] {dag.py:1833} INFO - Sync 1 DAGs
[2023-10-11 17:21:08,114] {logging_mixin.py:104} INFO - [2023-10-11 17:21:08,114] {dag.py:2306} INFO - Setting next_dagrun for example_kubernetes_executor_config to None
[2023-10-11 17:21:08,145] {scheduler_job.py:190} INFO - Processing /home/airflow/.local/lib/python3.6/site-packages/airflow/example_dags/example_kubernetes_executor_config.py took 0.179 seconds
[2023-10-11 17:21:39,023] {scheduler_job.py:182} INFO - Started process (PID=1652) to work on /home/airflow/.local/lib/python3.6/site-packages/airflow/example_dags/example_kubernetes_executor_config.py
[2023-10-11 17:21:39,025] {scheduler_job.py:633} INFO - Processing file /home/airflow/.local/lib/python3.6/site-packages/airflow/example_dags/example_kubernetes_executor_config.py for tasks to queue
[2023-10-11 17:21:39,026] {logging_mixin.py:104} INFO - [2023-10-11 17:21:39,025] {dagbag.py:496} INFO - Filling up the DagBag from /home/airflow/.local/lib/python3.6/site-packages/airflow/example_dags/example_kubernetes_executor_config.py
[2023-10-11 17:21:39,045] {scheduler_job.py:643} INFO - DAG(s) dict_keys(['example_kubernetes_executor_config']) retrieved from /home/airflow/.local/lib/python3.6/site-packages/airflow/example_dags/example_kubernetes_executor_config.py
[2023-10-11 17:21:39,074] {logging_mixin.py:104} INFO - [2023-10-11 17:21:39,074] {dag.py:1833} INFO - Sync 1 DAGs
[2023-10-11 17:21:39,091] {logging_mixin.py:104} INFO - [2023-10-11 17:21:39,091] {dag.py:2306} INFO - Setting next_dagrun for example_kubernetes_executor_config to None
[2023-10-11 17:21:39,105] {scheduler_job.py:190} INFO - Processing /home/airflow/.local/lib/python3.6/site-packages/airflow/example_dags/example_kubernetes_executor_config.py took 0.084 seconds
[2023-10-11 17:22:09,532] {scheduler_job.py:182} INFO - Started process (PID=1713) to work on /home/airflow/.local/lib/python3.6/site-packages/airflow/example_dags/example_kubernetes_executor_config.py
[2023-10-11 17:22:09,534] {scheduler_job.py:633} INFO - Processing file /home/airflow/.local/lib/python3.6/site-packages/airflow/example_dags/example_kubernetes_executor_config.py for tasks to queue
[2023-10-11 17:22:09,535] {logging_mixin.py:104} INFO - [2023-10-11 17:22:09,535] {dagbag.py:496} INFO - Filling up the DagBag from /home/airflow/.local/lib/python3.6/site-packages/airflow/example_dags/example_kubernetes_executor_config.py
[2023-10-11 17:22:09,554] {scheduler_job.py:643} INFO - DAG(s) dict_keys(['example_kubernetes_executor_config']) retrieved from /home/airflow/.local/lib/python3.6/site-packages/airflow/example_dags/example_kubernetes_executor_config.py
[2023-10-11 17:22:09,596] {logging_mixin.py:104} INFO - [2023-10-11 17:22:09,596] {dag.py:1833} INFO - Sync 1 DAGs
[2023-10-11 17:22:09,617] {logging_mixin.py:104} INFO - [2023-10-11 17:22:09,617] {dag.py:2306} INFO - Setting next_dagrun for example_kubernetes_executor_config to None
[2023-10-11 17:22:09,634] {scheduler_job.py:190} INFO - Processing /home/airflow/.local/lib/python3.6/site-packages/airflow/example_dags/example_kubernetes_executor_config.py took 0.107 seconds
[2023-10-11 17:22:40,474] {scheduler_job.py:182} INFO - Started process (PID=1797) to work on /home/airflow/.local/lib/python3.6/site-packages/airflow/example_dags/example_kubernetes_executor_config.py
[2023-10-11 17:22:40,475] {scheduler_job.py:633} INFO - Processing file /home/airflow/.local/lib/python3.6/site-packages/airflow/example_dags/example_kubernetes_executor_config.py for tasks to queue
[2023-10-11 17:22:40,475] {logging_mixin.py:104} INFO - [2023-10-11 17:22:40,475] {dagbag.py:496} INFO - Filling up the DagBag from /home/airflow/.local/lib/python3.6/site-packages/airflow/example_dags/example_kubernetes_executor_config.py
[2023-10-11 17:22:40,487] {scheduler_job.py:643} INFO - DAG(s) dict_keys(['example_kubernetes_executor_config']) retrieved from /home/airflow/.local/lib/python3.6/site-packages/airflow/example_dags/example_kubernetes_executor_config.py
[2023-10-11 17:22:40,513] {logging_mixin.py:104} INFO - [2023-10-11 17:22:40,512] {dag.py:1833} INFO - Sync 1 DAGs
[2023-10-11 17:22:40,530] {logging_mixin.py:104} INFO - [2023-10-11 17:22:40,530] {dag.py:2306} INFO - Setting next_dagrun for example_kubernetes_executor_config to None
[2023-10-11 17:22:40,544] {scheduler_job.py:190} INFO - Processing /home/airflow/.local/lib/python3.6/site-packages/airflow/example_dags/example_kubernetes_executor_config.py took 0.072 seconds
[2023-10-11 17:23:11,006] {scheduler_job.py:182} INFO - Started process (PID=1880) to work on /home/airflow/.local/lib/python3.6/site-packages/airflow/example_dags/example_kubernetes_executor_config.py
[2023-10-11 17:23:11,007] {scheduler_job.py:633} INFO - Processing file /home/airflow/.local/lib/python3.6/site-packages/airflow/example_dags/example_kubernetes_executor_config.py for tasks to queue
[2023-10-11 17:23:11,007] {logging_mixin.py:104} INFO - [2023-10-11 17:23:11,007] {dagbag.py:496} INFO - Filling up the DagBag from /home/airflow/.local/lib/python3.6/site-packages/airflow/example_dags/example_kubernetes_executor_config.py
[2023-10-11 17:23:11,018] {scheduler_job.py:643} INFO - DAG(s) dict_keys(['example_kubernetes_executor_config']) retrieved from /home/airflow/.local/lib/python3.6/site-packages/airflow/example_dags/example_kubernetes_executor_config.py
[2023-10-11 17:23:11,041] {logging_mixin.py:104} INFO - [2023-10-11 17:23:11,041] {dag.py:1833} INFO - Sync 1 DAGs
[2023-10-11 17:23:11,055] {logging_mixin.py:104} INFO - [2023-10-11 17:23:11,054] {dag.py:2306} INFO - Setting next_dagrun for example_kubernetes_executor_config to None
[2023-10-11 17:23:11,066] {scheduler_job.py:190} INFO - Processing /home/airflow/.local/lib/python3.6/site-packages/airflow/example_dags/example_kubernetes_executor_config.py took 0.062 seconds
[2023-10-11 17:23:41,761] {scheduler_job.py:182} INFO - Started process (PID=1961) to work on /home/airflow/.local/lib/python3.6/site-packages/airflow/example_dags/example_kubernetes_executor_config.py
[2023-10-11 17:23:41,762] {scheduler_job.py:633} INFO - Processing file /home/airflow/.local/lib/python3.6/site-packages/airflow/example_dags/example_kubernetes_executor_config.py for tasks to queue
[2023-10-11 17:23:41,763] {logging_mixin.py:104} INFO - [2023-10-11 17:23:41,763] {dagbag.py:496} INFO - Filling up the DagBag from /home/airflow/.local/lib/python3.6/site-packages/airflow/example_dags/example_kubernetes_executor_config.py
[2023-10-11 17:23:41,781] {scheduler_job.py:643} INFO - DAG(s) dict_keys(['example_kubernetes_executor_config']) retrieved from /home/airflow/.local/lib/python3.6/site-packages/airflow/example_dags/example_kubernetes_executor_config.py
[2023-10-11 17:23:41,814] {logging_mixin.py:104} INFO - [2023-10-11 17:23:41,814] {dag.py:1833} INFO - Sync 1 DAGs
[2023-10-11 17:23:41,834] {logging_mixin.py:104} INFO - [2023-10-11 17:23:41,834] {dag.py:2306} INFO - Setting next_dagrun for example_kubernetes_executor_config to None
[2023-10-11 17:23:41,849] {scheduler_job.py:190} INFO - Processing /home/airflow/.local/lib/python3.6/site-packages/airflow/example_dags/example_kubernetes_executor_config.py took 0.092 seconds
[2023-10-11 17:24:12,069] {scheduler_job.py:182} INFO - Started process (PID=2047) to work on /home/airflow/.local/lib/python3.6/site-packages/airflow/example_dags/example_kubernetes_executor_config.py
[2023-10-11 17:24:12,071] {scheduler_job.py:633} INFO - Processing file /home/airflow/.local/lib/python3.6/site-packages/airflow/example_dags/example_kubernetes_executor_config.py for tasks to queue
[2023-10-11 17:24:12,072] {logging_mixin.py:104} INFO - [2023-10-11 17:24:12,071] {dagbag.py:496} INFO - Filling up the DagBag from /home/airflow/.local/lib/python3.6/site-packages/airflow/example_dags/example_kubernetes_executor_config.py
[2023-10-11 17:24:12,083] {scheduler_job.py:643} INFO - DAG(s) dict_keys(['example_kubernetes_executor_config']) retrieved from /home/airflow/.local/lib/python3.6/site-packages/airflow/example_dags/example_kubernetes_executor_config.py
[2023-10-11 17:24:12,112] {logging_mixin.py:104} INFO - [2023-10-11 17:24:12,112] {dag.py:1833} INFO - Sync 1 DAGs
[2023-10-11 17:24:12,129] {logging_mixin.py:104} INFO - [2023-10-11 17:24:12,129] {dag.py:2306} INFO - Setting next_dagrun for example_kubernetes_executor_config to None
[2023-10-11 17:24:12,143] {scheduler_job.py:190} INFO - Processing /home/airflow/.local/lib/python3.6/site-packages/airflow/example_dags/example_kubernetes_executor_config.py took 0.076 seconds
[2023-10-11 17:24:42,415] {scheduler_job.py:182} INFO - Started process (PID=2121) to work on /home/airflow/.local/lib/python3.6/site-packages/airflow/example_dags/example_kubernetes_executor_config.py
[2023-10-11 17:24:42,416] {scheduler_job.py:633} INFO - Processing file /home/airflow/.local/lib/python3.6/site-packages/airflow/example_dags/example_kubernetes_executor_config.py for tasks to queue
[2023-10-11 17:24:42,417] {logging_mixin.py:104} INFO - [2023-10-11 17:24:42,417] {dagbag.py:496} INFO - Filling up the DagBag from /home/airflow/.local/lib/python3.6/site-packages/airflow/example_dags/example_kubernetes_executor_config.py
[2023-10-11 17:24:42,428] {scheduler_job.py:643} INFO - DAG(s) dict_keys(['example_kubernetes_executor_config']) retrieved from /home/airflow/.local/lib/python3.6/site-packages/airflow/example_dags/example_kubernetes_executor_config.py
[2023-10-11 17:24:42,451] {logging_mixin.py:104} INFO - [2023-10-11 17:24:42,450] {dag.py:1833} INFO - Sync 1 DAGs
[2023-10-11 17:24:42,465] {logging_mixin.py:104} INFO - [2023-10-11 17:24:42,464] {dag.py:2306} INFO - Setting next_dagrun for example_kubernetes_executor_config to None
[2023-10-11 17:24:42,476] {scheduler_job.py:190} INFO - Processing /home/airflow/.local/lib/python3.6/site-packages/airflow/example_dags/example_kubernetes_executor_config.py took 0.063 seconds
[2023-10-11 17:25:12,833] {scheduler_job.py:182} INFO - Started process (PID=2215) to work on /home/airflow/.local/lib/python3.6/site-packages/airflow/example_dags/example_kubernetes_executor_config.py
[2023-10-11 17:25:12,834] {scheduler_job.py:633} INFO - Processing file /home/airflow/.local/lib/python3.6/site-packages/airflow/example_dags/example_kubernetes_executor_config.py for tasks to queue
[2023-10-11 17:25:12,834] {logging_mixin.py:104} INFO - [2023-10-11 17:25:12,834] {dagbag.py:496} INFO - Filling up the DagBag from /home/airflow/.local/lib/python3.6/site-packages/airflow/example_dags/example_kubernetes_executor_config.py
[2023-10-11 17:25:12,851] {scheduler_job.py:643} INFO - DAG(s) dict_keys(['example_kubernetes_executor_config']) retrieved from /home/airflow/.local/lib/python3.6/site-packages/airflow/example_dags/example_kubernetes_executor_config.py
[2023-10-11 17:25:12,880] {logging_mixin.py:104} INFO - [2023-10-11 17:25:12,880] {dag.py:1833} INFO - Sync 1 DAGs
[2023-10-11 17:25:12,898] {logging_mixin.py:104} INFO - [2023-10-11 17:25:12,897] {dag.py:2306} INFO - Setting next_dagrun for example_kubernetes_executor_config to None
[2023-10-11 17:25:12,911] {scheduler_job.py:190} INFO - Processing /home/airflow/.local/lib/python3.6/site-packages/airflow/example_dags/example_kubernetes_executor_config.py took 0.082 seconds
[2023-10-11 17:25:43,296] {scheduler_job.py:182} INFO - Started process (PID=2290) to work on /home/airflow/.local/lib/python3.6/site-packages/airflow/example_dags/example_kubernetes_executor_config.py
[2023-10-11 17:25:43,297] {scheduler_job.py:633} INFO - Processing file /home/airflow/.local/lib/python3.6/site-packages/airflow/example_dags/example_kubernetes_executor_config.py for tasks to queue
[2023-10-11 17:25:43,298] {logging_mixin.py:104} INFO - [2023-10-11 17:25:43,298] {dagbag.py:496} INFO - Filling up the DagBag from /home/airflow/.local/lib/python3.6/site-packages/airflow/example_dags/example_kubernetes_executor_config.py
[2023-10-11 17:25:43,313] {scheduler_job.py:643} INFO - DAG(s) dict_keys(['example_kubernetes_executor_config']) retrieved from /home/airflow/.local/lib/python3.6/site-packages/airflow/example_dags/example_kubernetes_executor_config.py
[2023-10-11 17:25:43,338] {logging_mixin.py:104} INFO - [2023-10-11 17:25:43,338] {dag.py:1833} INFO - Sync 1 DAGs
[2023-10-11 17:25:43,359] {logging_mixin.py:104} INFO - [2023-10-11 17:25:43,359] {dag.py:2306} INFO - Setting next_dagrun for example_kubernetes_executor_config to None
[2023-10-11 17:25:43,373] {scheduler_job.py:190} INFO - Processing /home/airflow/.local/lib/python3.6/site-packages/airflow/example_dags/example_kubernetes_executor_config.py took 0.078 seconds
