[2023-10-11 13:59:48,926] {scheduler_job.py:182} INFO - Started process (PID=162) to work on /home/airflow/.local/lib/python3.6/site-packages/airflow/example_dags/example_branch_python_dop_operator_3.py
[2023-10-11 13:59:48,927] {scheduler_job.py:633} INFO - Processing file /home/airflow/.local/lib/python3.6/site-packages/airflow/example_dags/example_branch_python_dop_operator_3.py for tasks to queue
[2023-10-11 13:59:48,929] {logging_mixin.py:104} INFO - [2023-10-11 13:59:48,928] {dagbag.py:496} INFO - Filling up the DagBag from /home/airflow/.local/lib/python3.6/site-packages/airflow/example_dags/example_branch_python_dop_operator_3.py
[2023-10-11 13:59:48,976] {scheduler_job.py:643} INFO - DAG(s) dict_keys(['example_branch_dop_operator_v3']) retrieved from /home/airflow/.local/lib/python3.6/site-packages/airflow/example_dags/example_branch_python_dop_operator_3.py
[2023-10-11 13:59:55,263] {logging_mixin.py:104} INFO - [2023-10-11 13:59:55,263] {dag.py:1833} INFO - Sync 1 DAGs
[2023-10-11 13:59:55,294] {logging_mixin.py:104} INFO - [2023-10-11 13:59:55,292] {dag.py:1852} INFO - Creating ORM DAG for example_branch_dop_operator_v3
[2023-10-11 13:59:55,351] {logging_mixin.py:104} INFO - [2023-10-11 13:59:55,351] {dag.py:2306} INFO - Setting next_dagrun for example_branch_dop_operator_v3 to 2023-10-09 00:00:00+00:00
[2023-10-11 13:59:55,381] {scheduler_job.py:190} INFO - Processing /home/airflow/.local/lib/python3.6/site-packages/airflow/example_dags/example_branch_python_dop_operator_3.py took 6.468 seconds
[2023-10-11 17:11:55,994] {scheduler_job.py:182} INFO - Started process (PID=110) to work on /home/airflow/.local/lib/python3.6/site-packages/airflow/example_dags/example_branch_python_dop_operator_3.py
[2023-10-11 17:11:56,000] {scheduler_job.py:633} INFO - Processing file /home/airflow/.local/lib/python3.6/site-packages/airflow/example_dags/example_branch_python_dop_operator_3.py for tasks to queue
[2023-10-11 17:11:56,001] {logging_mixin.py:104} INFO - [2023-10-11 17:11:56,000] {dagbag.py:496} INFO - Filling up the DagBag from /home/airflow/.local/lib/python3.6/site-packages/airflow/example_dags/example_branch_python_dop_operator_3.py
[2023-10-11 17:11:56,020] {scheduler_job.py:643} INFO - DAG(s) dict_keys(['example_branch_dop_operator_v3']) retrieved from /home/airflow/.local/lib/python3.6/site-packages/airflow/example_dags/example_branch_python_dop_operator_3.py
[2023-10-11 17:11:56,452] {logging_mixin.py:104} INFO - [2023-10-11 17:11:56,451] {dag.py:1833} INFO - Sync 1 DAGs
[2023-10-11 17:11:56,494] {logging_mixin.py:104} INFO - [2023-10-11 17:11:56,494] {dag.py:2306} INFO - Setting next_dagrun for example_branch_dop_operator_v3 to 2023-10-09 00:00:00+00:00
[2023-10-11 17:11:56,515] {scheduler_job.py:190} INFO - Processing /home/airflow/.local/lib/python3.6/site-packages/airflow/example_dags/example_branch_python_dop_operator_3.py took 0.529 seconds
[2023-10-11 17:12:26,556] {scheduler_job.py:182} INFO - Started process (PID=212) to work on /home/airflow/.local/lib/python3.6/site-packages/airflow/example_dags/example_branch_python_dop_operator_3.py
[2023-10-11 17:12:26,558] {scheduler_job.py:633} INFO - Processing file /home/airflow/.local/lib/python3.6/site-packages/airflow/example_dags/example_branch_python_dop_operator_3.py for tasks to queue
[2023-10-11 17:12:26,559] {logging_mixin.py:104} INFO - [2023-10-11 17:12:26,558] {dagbag.py:496} INFO - Filling up the DagBag from /home/airflow/.local/lib/python3.6/site-packages/airflow/example_dags/example_branch_python_dop_operator_3.py
[2023-10-11 17:12:26,582] {scheduler_job.py:643} INFO - DAG(s) dict_keys(['example_branch_dop_operator_v3']) retrieved from /home/airflow/.local/lib/python3.6/site-packages/airflow/example_dags/example_branch_python_dop_operator_3.py
[2023-10-11 17:12:26,615] {logging_mixin.py:104} INFO - [2023-10-11 17:12:26,615] {dag.py:1833} INFO - Sync 1 DAGs
[2023-10-11 17:12:26,652] {logging_mixin.py:104} INFO - [2023-10-11 17:12:26,652] {dag.py:2306} INFO - Setting next_dagrun for example_branch_dop_operator_v3 to 2023-10-09 00:00:00+00:00
[2023-10-11 17:12:26,666] {scheduler_job.py:190} INFO - Processing /home/airflow/.local/lib/python3.6/site-packages/airflow/example_dags/example_branch_python_dop_operator_3.py took 0.116 seconds
[2023-10-11 17:12:56,695] {scheduler_job.py:182} INFO - Started process (PID=286) to work on /home/airflow/.local/lib/python3.6/site-packages/airflow/example_dags/example_branch_python_dop_operator_3.py
[2023-10-11 17:12:56,696] {scheduler_job.py:633} INFO - Processing file /home/airflow/.local/lib/python3.6/site-packages/airflow/example_dags/example_branch_python_dop_operator_3.py for tasks to queue
[2023-10-11 17:12:56,697] {logging_mixin.py:104} INFO - [2023-10-11 17:12:56,697] {dagbag.py:496} INFO - Filling up the DagBag from /home/airflow/.local/lib/python3.6/site-packages/airflow/example_dags/example_branch_python_dop_operator_3.py
[2023-10-11 17:12:56,713] {scheduler_job.py:643} INFO - DAG(s) dict_keys(['example_branch_dop_operator_v3']) retrieved from /home/airflow/.local/lib/python3.6/site-packages/airflow/example_dags/example_branch_python_dop_operator_3.py
[2023-10-11 17:12:56,815] {logging_mixin.py:104} INFO - [2023-10-11 17:12:56,815] {dag.py:1833} INFO - Sync 1 DAGs
[2023-10-11 17:12:56,853] {logging_mixin.py:104} INFO - [2023-10-11 17:12:56,853] {dag.py:2306} INFO - Setting next_dagrun for example_branch_dop_operator_v3 to 2023-10-09 00:00:00+00:00
[2023-10-11 17:12:56,871] {scheduler_job.py:190} INFO - Processing /home/airflow/.local/lib/python3.6/site-packages/airflow/example_dags/example_branch_python_dop_operator_3.py took 0.179 seconds
[2023-10-11 17:13:26,956] {scheduler_job.py:182} INFO - Started process (PID=346) to work on /home/airflow/.local/lib/python3.6/site-packages/airflow/example_dags/example_branch_python_dop_operator_3.py
[2023-10-11 17:13:26,958] {scheduler_job.py:633} INFO - Processing file /home/airflow/.local/lib/python3.6/site-packages/airflow/example_dags/example_branch_python_dop_operator_3.py for tasks to queue
[2023-10-11 17:13:26,958] {logging_mixin.py:104} INFO - [2023-10-11 17:13:26,958] {dagbag.py:496} INFO - Filling up the DagBag from /home/airflow/.local/lib/python3.6/site-packages/airflow/example_dags/example_branch_python_dop_operator_3.py
[2023-10-11 17:13:26,974] {scheduler_job.py:643} INFO - DAG(s) dict_keys(['example_branch_dop_operator_v3']) retrieved from /home/airflow/.local/lib/python3.6/site-packages/airflow/example_dags/example_branch_python_dop_operator_3.py
[2023-10-11 17:13:26,995] {logging_mixin.py:104} INFO - [2023-10-11 17:13:26,995] {dag.py:1833} INFO - Sync 1 DAGs
[2023-10-11 17:13:27,018] {logging_mixin.py:104} INFO - [2023-10-11 17:13:27,017] {dag.py:2306} INFO - Setting next_dagrun for example_branch_dop_operator_v3 to 2023-10-09 00:00:00+00:00
[2023-10-11 17:13:27,029] {scheduler_job.py:190} INFO - Processing /home/airflow/.local/lib/python3.6/site-packages/airflow/example_dags/example_branch_python_dop_operator_3.py took 0.076 seconds
[2023-10-11 17:13:57,647] {scheduler_job.py:182} INFO - Started process (PID=430) to work on /home/airflow/.local/lib/python3.6/site-packages/airflow/example_dags/example_branch_python_dop_operator_3.py
[2023-10-11 17:13:57,649] {scheduler_job.py:633} INFO - Processing file /home/airflow/.local/lib/python3.6/site-packages/airflow/example_dags/example_branch_python_dop_operator_3.py for tasks to queue
[2023-10-11 17:13:57,652] {logging_mixin.py:104} INFO - [2023-10-11 17:13:57,652] {dagbag.py:496} INFO - Filling up the DagBag from /home/airflow/.local/lib/python3.6/site-packages/airflow/example_dags/example_branch_python_dop_operator_3.py
[2023-10-11 17:13:57,679] {scheduler_job.py:643} INFO - DAG(s) dict_keys(['example_branch_dop_operator_v3']) retrieved from /home/airflow/.local/lib/python3.6/site-packages/airflow/example_dags/example_branch_python_dop_operator_3.py
[2023-10-11 17:13:57,719] {logging_mixin.py:104} INFO - [2023-10-11 17:13:57,719] {dag.py:1833} INFO - Sync 1 DAGs
[2023-10-11 17:13:57,773] {logging_mixin.py:104} INFO - [2023-10-11 17:13:57,773] {dag.py:2306} INFO - Setting next_dagrun for example_branch_dop_operator_v3 to 2023-10-09 00:00:00+00:00
[2023-10-11 17:13:57,790] {scheduler_job.py:190} INFO - Processing /home/airflow/.local/lib/python3.6/site-packages/airflow/example_dags/example_branch_python_dop_operator_3.py took 0.148 seconds
[2023-10-11 17:14:28,335] {scheduler_job.py:182} INFO - Started process (PID=513) to work on /home/airflow/.local/lib/python3.6/site-packages/airflow/example_dags/example_branch_python_dop_operator_3.py
[2023-10-11 17:14:28,337] {scheduler_job.py:633} INFO - Processing file /home/airflow/.local/lib/python3.6/site-packages/airflow/example_dags/example_branch_python_dop_operator_3.py for tasks to queue
[2023-10-11 17:14:28,337] {logging_mixin.py:104} INFO - [2023-10-11 17:14:28,337] {dagbag.py:496} INFO - Filling up the DagBag from /home/airflow/.local/lib/python3.6/site-packages/airflow/example_dags/example_branch_python_dop_operator_3.py
[2023-10-11 17:14:28,346] {scheduler_job.py:643} INFO - DAG(s) dict_keys(['example_branch_dop_operator_v3']) retrieved from /home/airflow/.local/lib/python3.6/site-packages/airflow/example_dags/example_branch_python_dop_operator_3.py
[2023-10-11 17:14:28,363] {logging_mixin.py:104} INFO - [2023-10-11 17:14:28,363] {dag.py:1833} INFO - Sync 1 DAGs
[2023-10-11 17:14:28,383] {logging_mixin.py:104} INFO - [2023-10-11 17:14:28,383] {dag.py:2306} INFO - Setting next_dagrun for example_branch_dop_operator_v3 to 2023-10-09 00:00:00+00:00
[2023-10-11 17:14:28,395] {scheduler_job.py:190} INFO - Processing /home/airflow/.local/lib/python3.6/site-packages/airflow/example_dags/example_branch_python_dop_operator_3.py took 0.062 seconds
[2023-10-11 17:14:58,922] {scheduler_job.py:182} INFO - Started process (PID=587) to work on /home/airflow/.local/lib/python3.6/site-packages/airflow/example_dags/example_branch_python_dop_operator_3.py
[2023-10-11 17:14:58,924] {scheduler_job.py:633} INFO - Processing file /home/airflow/.local/lib/python3.6/site-packages/airflow/example_dags/example_branch_python_dop_operator_3.py for tasks to queue
[2023-10-11 17:14:58,925] {logging_mixin.py:104} INFO - [2023-10-11 17:14:58,924] {dagbag.py:496} INFO - Filling up the DagBag from /home/airflow/.local/lib/python3.6/site-packages/airflow/example_dags/example_branch_python_dop_operator_3.py
[2023-10-11 17:14:58,942] {scheduler_job.py:643} INFO - DAG(s) dict_keys(['example_branch_dop_operator_v3']) retrieved from /home/airflow/.local/lib/python3.6/site-packages/airflow/example_dags/example_branch_python_dop_operator_3.py
[2023-10-11 17:14:58,970] {logging_mixin.py:104} INFO - [2023-10-11 17:14:58,969] {dag.py:1833} INFO - Sync 1 DAGs
[2023-10-11 17:14:59,006] {logging_mixin.py:104} INFO - [2023-10-11 17:14:59,006] {dag.py:2306} INFO - Setting next_dagrun for example_branch_dop_operator_v3 to 2023-10-09 00:00:00+00:00
[2023-10-11 17:14:59,022] {scheduler_job.py:190} INFO - Processing /home/airflow/.local/lib/python3.6/site-packages/airflow/example_dags/example_branch_python_dop_operator_3.py took 0.103 seconds
[2023-10-11 17:15:29,751] {scheduler_job.py:182} INFO - Started process (PID=680) to work on /home/airflow/.local/lib/python3.6/site-packages/airflow/example_dags/example_branch_python_dop_operator_3.py
[2023-10-11 17:15:29,752] {scheduler_job.py:633} INFO - Processing file /home/airflow/.local/lib/python3.6/site-packages/airflow/example_dags/example_branch_python_dop_operator_3.py for tasks to queue
[2023-10-11 17:15:29,753] {logging_mixin.py:104} INFO - [2023-10-11 17:15:29,753] {dagbag.py:496} INFO - Filling up the DagBag from /home/airflow/.local/lib/python3.6/site-packages/airflow/example_dags/example_branch_python_dop_operator_3.py
[2023-10-11 17:15:29,765] {scheduler_job.py:643} INFO - DAG(s) dict_keys(['example_branch_dop_operator_v3']) retrieved from /home/airflow/.local/lib/python3.6/site-packages/airflow/example_dags/example_branch_python_dop_operator_3.py
[2023-10-11 17:15:29,790] {logging_mixin.py:104} INFO - [2023-10-11 17:15:29,790] {dag.py:1833} INFO - Sync 1 DAGs
[2023-10-11 17:15:29,817] {logging_mixin.py:104} INFO - [2023-10-11 17:15:29,817] {dag.py:2306} INFO - Setting next_dagrun for example_branch_dop_operator_v3 to 2023-10-09 00:00:00+00:00
[2023-10-11 17:15:29,830] {scheduler_job.py:190} INFO - Processing /home/airflow/.local/lib/python3.6/site-packages/airflow/example_dags/example_branch_python_dop_operator_3.py took 0.081 seconds
[2023-10-11 17:16:00,429] {scheduler_job.py:182} INFO - Started process (PID=755) to work on /home/airflow/.local/lib/python3.6/site-packages/airflow/example_dags/example_branch_python_dop_operator_3.py
[2023-10-11 17:16:00,430] {scheduler_job.py:633} INFO - Processing file /home/airflow/.local/lib/python3.6/site-packages/airflow/example_dags/example_branch_python_dop_operator_3.py for tasks to queue
[2023-10-11 17:16:00,431] {logging_mixin.py:104} INFO - [2023-10-11 17:16:00,431] {dagbag.py:496} INFO - Filling up the DagBag from /home/airflow/.local/lib/python3.6/site-packages/airflow/example_dags/example_branch_python_dop_operator_3.py
[2023-10-11 17:16:00,447] {scheduler_job.py:643} INFO - DAG(s) dict_keys(['example_branch_dop_operator_v3']) retrieved from /home/airflow/.local/lib/python3.6/site-packages/airflow/example_dags/example_branch_python_dop_operator_3.py
[2023-10-11 17:16:00,476] {logging_mixin.py:104} INFO - [2023-10-11 17:16:00,476] {dag.py:1833} INFO - Sync 1 DAGs
[2023-10-11 17:16:00,509] {logging_mixin.py:104} INFO - [2023-10-11 17:16:00,509] {dag.py:2306} INFO - Setting next_dagrun for example_branch_dop_operator_v3 to 2023-10-09 00:00:00+00:00
[2023-10-11 17:16:00,523] {scheduler_job.py:190} INFO - Processing /home/airflow/.local/lib/python3.6/site-packages/airflow/example_dags/example_branch_python_dop_operator_3.py took 0.096 seconds
[2023-10-11 17:16:30,986] {scheduler_job.py:182} INFO - Started process (PID=838) to work on /home/airflow/.local/lib/python3.6/site-packages/airflow/example_dags/example_branch_python_dop_operator_3.py
[2023-10-11 17:16:30,987] {scheduler_job.py:633} INFO - Processing file /home/airflow/.local/lib/python3.6/site-packages/airflow/example_dags/example_branch_python_dop_operator_3.py for tasks to queue
[2023-10-11 17:16:30,988] {logging_mixin.py:104} INFO - [2023-10-11 17:16:30,988] {dagbag.py:496} INFO - Filling up the DagBag from /home/airflow/.local/lib/python3.6/site-packages/airflow/example_dags/example_branch_python_dop_operator_3.py
[2023-10-11 17:16:31,001] {scheduler_job.py:643} INFO - DAG(s) dict_keys(['example_branch_dop_operator_v3']) retrieved from /home/airflow/.local/lib/python3.6/site-packages/airflow/example_dags/example_branch_python_dop_operator_3.py
[2023-10-11 17:16:31,022] {logging_mixin.py:104} INFO - [2023-10-11 17:16:31,022] {dag.py:1833} INFO - Sync 1 DAGs
[2023-10-11 17:16:31,045] {logging_mixin.py:104} INFO - [2023-10-11 17:16:31,045] {dag.py:2306} INFO - Setting next_dagrun for example_branch_dop_operator_v3 to 2023-10-09 00:00:00+00:00
[2023-10-11 17:16:31,058] {scheduler_job.py:190} INFO - Processing /home/airflow/.local/lib/python3.6/site-packages/airflow/example_dags/example_branch_python_dop_operator_3.py took 0.075 seconds
[2023-10-11 17:17:01,954] {scheduler_job.py:182} INFO - Started process (PID=922) to work on /home/airflow/.local/lib/python3.6/site-packages/airflow/example_dags/example_branch_python_dop_operator_3.py
[2023-10-11 17:17:01,956] {scheduler_job.py:633} INFO - Processing file /home/airflow/.local/lib/python3.6/site-packages/airflow/example_dags/example_branch_python_dop_operator_3.py for tasks to queue
[2023-10-11 17:17:01,957] {logging_mixin.py:104} INFO - [2023-10-11 17:17:01,956] {dagbag.py:496} INFO - Filling up the DagBag from /home/airflow/.local/lib/python3.6/site-packages/airflow/example_dags/example_branch_python_dop_operator_3.py
[2023-10-11 17:17:01,974] {scheduler_job.py:643} INFO - DAG(s) dict_keys(['example_branch_dop_operator_v3']) retrieved from /home/airflow/.local/lib/python3.6/site-packages/airflow/example_dags/example_branch_python_dop_operator_3.py
[2023-10-11 17:17:02,002] {logging_mixin.py:104} INFO - [2023-10-11 17:17:02,002] {dag.py:1833} INFO - Sync 1 DAGs
[2023-10-11 17:17:02,035] {logging_mixin.py:104} INFO - [2023-10-11 17:17:02,035] {dag.py:2306} INFO - Setting next_dagrun for example_branch_dop_operator_v3 to 2023-10-09 00:00:00+00:00
[2023-10-11 17:17:02,050] {scheduler_job.py:190} INFO - Processing /home/airflow/.local/lib/python3.6/site-packages/airflow/example_dags/example_branch_python_dop_operator_3.py took 0.099 seconds
[2023-10-11 17:17:32,674] {scheduler_job.py:182} INFO - Started process (PID=1006) to work on /home/airflow/.local/lib/python3.6/site-packages/airflow/example_dags/example_branch_python_dop_operator_3.py
[2023-10-11 17:17:32,675] {scheduler_job.py:633} INFO - Processing file /home/airflow/.local/lib/python3.6/site-packages/airflow/example_dags/example_branch_python_dop_operator_3.py for tasks to queue
[2023-10-11 17:17:32,676] {logging_mixin.py:104} INFO - [2023-10-11 17:17:32,676] {dagbag.py:496} INFO - Filling up the DagBag from /home/airflow/.local/lib/python3.6/site-packages/airflow/example_dags/example_branch_python_dop_operator_3.py
[2023-10-11 17:17:32,696] {scheduler_job.py:643} INFO - DAG(s) dict_keys(['example_branch_dop_operator_v3']) retrieved from /home/airflow/.local/lib/python3.6/site-packages/airflow/example_dags/example_branch_python_dop_operator_3.py
[2023-10-11 17:17:32,729] {logging_mixin.py:104} INFO - [2023-10-11 17:17:32,728] {dag.py:1833} INFO - Sync 1 DAGs
[2023-10-11 17:17:32,769] {logging_mixin.py:104} INFO - [2023-10-11 17:17:32,769] {dag.py:2306} INFO - Setting next_dagrun for example_branch_dop_operator_v3 to 2023-10-09 00:00:00+00:00
[2023-10-11 17:17:32,785] {scheduler_job.py:190} INFO - Processing /home/airflow/.local/lib/python3.6/site-packages/airflow/example_dags/example_branch_python_dop_operator_3.py took 0.115 seconds
[2023-10-11 17:18:03,536] {scheduler_job.py:182} INFO - Started process (PID=1091) to work on /home/airflow/.local/lib/python3.6/site-packages/airflow/example_dags/example_branch_python_dop_operator_3.py
[2023-10-11 17:18:03,538] {scheduler_job.py:633} INFO - Processing file /home/airflow/.local/lib/python3.6/site-packages/airflow/example_dags/example_branch_python_dop_operator_3.py for tasks to queue
[2023-10-11 17:18:03,539] {logging_mixin.py:104} INFO - [2023-10-11 17:18:03,538] {dagbag.py:496} INFO - Filling up the DagBag from /home/airflow/.local/lib/python3.6/site-packages/airflow/example_dags/example_branch_python_dop_operator_3.py
[2023-10-11 17:18:03,559] {scheduler_job.py:643} INFO - DAG(s) dict_keys(['example_branch_dop_operator_v3']) retrieved from /home/airflow/.local/lib/python3.6/site-packages/airflow/example_dags/example_branch_python_dop_operator_3.py
[2023-10-11 17:18:03,593] {logging_mixin.py:104} INFO - [2023-10-11 17:18:03,593] {dag.py:1833} INFO - Sync 1 DAGs
[2023-10-11 17:18:03,633] {logging_mixin.py:104} INFO - [2023-10-11 17:18:03,633] {dag.py:2306} INFO - Setting next_dagrun for example_branch_dop_operator_v3 to 2023-10-09 00:00:00+00:00
[2023-10-11 17:18:03,650] {scheduler_job.py:190} INFO - Processing /home/airflow/.local/lib/python3.6/site-packages/airflow/example_dags/example_branch_python_dop_operator_3.py took 0.118 seconds
[2023-10-11 17:18:34,066] {scheduler_job.py:182} INFO - Started process (PID=1174) to work on /home/airflow/.local/lib/python3.6/site-packages/airflow/example_dags/example_branch_python_dop_operator_3.py
[2023-10-11 17:18:34,068] {scheduler_job.py:633} INFO - Processing file /home/airflow/.local/lib/python3.6/site-packages/airflow/example_dags/example_branch_python_dop_operator_3.py for tasks to queue
[2023-10-11 17:18:34,070] {logging_mixin.py:104} INFO - [2023-10-11 17:18:34,069] {dagbag.py:496} INFO - Filling up the DagBag from /home/airflow/.local/lib/python3.6/site-packages/airflow/example_dags/example_branch_python_dop_operator_3.py
[2023-10-11 17:18:34,093] {scheduler_job.py:643} INFO - DAG(s) dict_keys(['example_branch_dop_operator_v3']) retrieved from /home/airflow/.local/lib/python3.6/site-packages/airflow/example_dags/example_branch_python_dop_operator_3.py
[2023-10-11 17:18:34,136] {logging_mixin.py:104} INFO - [2023-10-11 17:18:34,136] {dag.py:1833} INFO - Sync 1 DAGs
[2023-10-11 17:18:34,184] {logging_mixin.py:104} INFO - [2023-10-11 17:18:34,184] {dag.py:2306} INFO - Setting next_dagrun for example_branch_dop_operator_v3 to 2023-10-09 00:00:00+00:00
[2023-10-11 17:18:34,225] {scheduler_job.py:190} INFO - Processing /home/airflow/.local/lib/python3.6/site-packages/airflow/example_dags/example_branch_python_dop_operator_3.py took 0.163 seconds
[2023-10-11 17:19:04,466] {scheduler_job.py:182} INFO - Started process (PID=1250) to work on /home/airflow/.local/lib/python3.6/site-packages/airflow/example_dags/example_branch_python_dop_operator_3.py
[2023-10-11 17:19:04,468] {scheduler_job.py:633} INFO - Processing file /home/airflow/.local/lib/python3.6/site-packages/airflow/example_dags/example_branch_python_dop_operator_3.py for tasks to queue
[2023-10-11 17:19:04,469] {logging_mixin.py:104} INFO - [2023-10-11 17:19:04,469] {dagbag.py:496} INFO - Filling up the DagBag from /home/airflow/.local/lib/python3.6/site-packages/airflow/example_dags/example_branch_python_dop_operator_3.py
[2023-10-11 17:19:04,485] {scheduler_job.py:643} INFO - DAG(s) dict_keys(['example_branch_dop_operator_v3']) retrieved from /home/airflow/.local/lib/python3.6/site-packages/airflow/example_dags/example_branch_python_dop_operator_3.py
[2023-10-11 17:19:04,554] {logging_mixin.py:104} INFO - [2023-10-11 17:19:04,554] {dag.py:1833} INFO - Sync 1 DAGs
[2023-10-11 17:19:04,583] {logging_mixin.py:104} INFO - [2023-10-11 17:19:04,583] {dag.py:2306} INFO - Setting next_dagrun for example_branch_dop_operator_v3 to 2023-10-09 00:00:00+00:00
[2023-10-11 17:19:04,600] {scheduler_job.py:190} INFO - Processing /home/airflow/.local/lib/python3.6/site-packages/airflow/example_dags/example_branch_python_dop_operator_3.py took 0.137 seconds
[2023-10-11 17:19:35,691] {scheduler_job.py:182} INFO - Started process (PID=1330) to work on /home/airflow/.local/lib/python3.6/site-packages/airflow/example_dags/example_branch_python_dop_operator_3.py
[2023-10-11 17:19:35,693] {scheduler_job.py:633} INFO - Processing file /home/airflow/.local/lib/python3.6/site-packages/airflow/example_dags/example_branch_python_dop_operator_3.py for tasks to queue
[2023-10-11 17:19:35,694] {logging_mixin.py:104} INFO - [2023-10-11 17:19:35,694] {dagbag.py:496} INFO - Filling up the DagBag from /home/airflow/.local/lib/python3.6/site-packages/airflow/example_dags/example_branch_python_dop_operator_3.py
[2023-10-11 17:19:35,715] {scheduler_job.py:643} INFO - DAG(s) dict_keys(['example_branch_dop_operator_v3']) retrieved from /home/airflow/.local/lib/python3.6/site-packages/airflow/example_dags/example_branch_python_dop_operator_3.py
[2023-10-11 17:19:35,749] {logging_mixin.py:104} INFO - [2023-10-11 17:19:35,749] {dag.py:1833} INFO - Sync 1 DAGs
[2023-10-11 17:19:35,793] {logging_mixin.py:104} INFO - [2023-10-11 17:19:35,793] {dag.py:2306} INFO - Setting next_dagrun for example_branch_dop_operator_v3 to 2023-10-09 00:00:00+00:00
[2023-10-11 17:19:35,812] {scheduler_job.py:190} INFO - Processing /home/airflow/.local/lib/python3.6/site-packages/airflow/example_dags/example_branch_python_dop_operator_3.py took 0.126 seconds
[2023-10-11 17:20:06,809] {scheduler_job.py:182} INFO - Started process (PID=1414) to work on /home/airflow/.local/lib/python3.6/site-packages/airflow/example_dags/example_branch_python_dop_operator_3.py
[2023-10-11 17:20:06,812] {scheduler_job.py:633} INFO - Processing file /home/airflow/.local/lib/python3.6/site-packages/airflow/example_dags/example_branch_python_dop_operator_3.py for tasks to queue
[2023-10-11 17:20:06,813] {logging_mixin.py:104} INFO - [2023-10-11 17:20:06,813] {dagbag.py:496} INFO - Filling up the DagBag from /home/airflow/.local/lib/python3.6/site-packages/airflow/example_dags/example_branch_python_dop_operator_3.py
[2023-10-11 17:20:06,845] {scheduler_job.py:643} INFO - DAG(s) dict_keys(['example_branch_dop_operator_v3']) retrieved from /home/airflow/.local/lib/python3.6/site-packages/airflow/example_dags/example_branch_python_dop_operator_3.py
[2023-10-11 17:20:06,887] {logging_mixin.py:104} INFO - [2023-10-11 17:20:06,887] {dag.py:1833} INFO - Sync 1 DAGs
[2023-10-11 17:20:06,934] {logging_mixin.py:104} INFO - [2023-10-11 17:20:06,933] {dag.py:2306} INFO - Setting next_dagrun for example_branch_dop_operator_v3 to 2023-10-09 00:00:00+00:00
[2023-10-11 17:20:06,953] {scheduler_job.py:190} INFO - Processing /home/airflow/.local/lib/python3.6/site-packages/airflow/example_dags/example_branch_python_dop_operator_3.py took 0.150 seconds
[2023-10-11 17:20:37,404] {scheduler_job.py:182} INFO - Started process (PID=1488) to work on /home/airflow/.local/lib/python3.6/site-packages/airflow/example_dags/example_branch_python_dop_operator_3.py
[2023-10-11 17:20:37,406] {scheduler_job.py:633} INFO - Processing file /home/airflow/.local/lib/python3.6/site-packages/airflow/example_dags/example_branch_python_dop_operator_3.py for tasks to queue
[2023-10-11 17:20:37,407] {logging_mixin.py:104} INFO - [2023-10-11 17:20:37,407] {dagbag.py:496} INFO - Filling up the DagBag from /home/airflow/.local/lib/python3.6/site-packages/airflow/example_dags/example_branch_python_dop_operator_3.py
[2023-10-11 17:20:37,435] {scheduler_job.py:643} INFO - DAG(s) dict_keys(['example_branch_dop_operator_v3']) retrieved from /home/airflow/.local/lib/python3.6/site-packages/airflow/example_dags/example_branch_python_dop_operator_3.py
[2023-10-11 17:20:37,473] {logging_mixin.py:104} INFO - [2023-10-11 17:20:37,473] {dag.py:1833} INFO - Sync 1 DAGs
[2023-10-11 17:20:37,512] {logging_mixin.py:104} INFO - [2023-10-11 17:20:37,512] {dag.py:2306} INFO - Setting next_dagrun for example_branch_dop_operator_v3 to 2023-10-09 00:00:00+00:00
[2023-10-11 17:20:37,525] {scheduler_job.py:190} INFO - Processing /home/airflow/.local/lib/python3.6/site-packages/airflow/example_dags/example_branch_python_dop_operator_3.py took 0.136 seconds
[2023-10-11 17:21:08,406] {scheduler_job.py:182} INFO - Started process (PID=1582) to work on /home/airflow/.local/lib/python3.6/site-packages/airflow/example_dags/example_branch_python_dop_operator_3.py
[2023-10-11 17:21:08,409] {scheduler_job.py:633} INFO - Processing file /home/airflow/.local/lib/python3.6/site-packages/airflow/example_dags/example_branch_python_dop_operator_3.py for tasks to queue
[2023-10-11 17:21:08,410] {logging_mixin.py:104} INFO - [2023-10-11 17:21:08,410] {dagbag.py:496} INFO - Filling up the DagBag from /home/airflow/.local/lib/python3.6/site-packages/airflow/example_dags/example_branch_python_dop_operator_3.py
[2023-10-11 17:21:08,455] {scheduler_job.py:643} INFO - DAG(s) dict_keys(['example_branch_dop_operator_v3']) retrieved from /home/airflow/.local/lib/python3.6/site-packages/airflow/example_dags/example_branch_python_dop_operator_3.py
[2023-10-11 17:21:08,491] {logging_mixin.py:104} INFO - [2023-10-11 17:21:08,491] {dag.py:1833} INFO - Sync 1 DAGs
[2023-10-11 17:21:08,535] {logging_mixin.py:104} INFO - [2023-10-11 17:21:08,535] {dag.py:2306} INFO - Setting next_dagrun for example_branch_dop_operator_v3 to 2023-10-09 00:00:00+00:00
[2023-10-11 17:21:08,554] {scheduler_job.py:190} INFO - Processing /home/airflow/.local/lib/python3.6/site-packages/airflow/example_dags/example_branch_python_dop_operator_3.py took 0.152 seconds
[2023-10-11 17:21:39,343] {scheduler_job.py:182} INFO - Started process (PID=1656) to work on /home/airflow/.local/lib/python3.6/site-packages/airflow/example_dags/example_branch_python_dop_operator_3.py
[2023-10-11 17:21:39,345] {scheduler_job.py:633} INFO - Processing file /home/airflow/.local/lib/python3.6/site-packages/airflow/example_dags/example_branch_python_dop_operator_3.py for tasks to queue
[2023-10-11 17:21:39,346] {logging_mixin.py:104} INFO - [2023-10-11 17:21:39,346] {dagbag.py:496} INFO - Filling up the DagBag from /home/airflow/.local/lib/python3.6/site-packages/airflow/example_dags/example_branch_python_dop_operator_3.py
[2023-10-11 17:21:39,372] {scheduler_job.py:643} INFO - DAG(s) dict_keys(['example_branch_dop_operator_v3']) retrieved from /home/airflow/.local/lib/python3.6/site-packages/airflow/example_dags/example_branch_python_dop_operator_3.py
[2023-10-11 17:21:39,408] {logging_mixin.py:104} INFO - [2023-10-11 17:21:39,408] {dag.py:1833} INFO - Sync 1 DAGs
[2023-10-11 17:21:39,456] {logging_mixin.py:104} INFO - [2023-10-11 17:21:39,456] {dag.py:2306} INFO - Setting next_dagrun for example_branch_dop_operator_v3 to 2023-10-09 00:00:00+00:00
[2023-10-11 17:21:39,473] {scheduler_job.py:190} INFO - Processing /home/airflow/.local/lib/python3.6/site-packages/airflow/example_dags/example_branch_python_dop_operator_3.py took 0.133 seconds
[2023-10-11 17:22:10,061] {scheduler_job.py:182} INFO - Started process (PID=1729) to work on /home/airflow/.local/lib/python3.6/site-packages/airflow/example_dags/example_branch_python_dop_operator_3.py
[2023-10-11 17:22:10,063] {scheduler_job.py:633} INFO - Processing file /home/airflow/.local/lib/python3.6/site-packages/airflow/example_dags/example_branch_python_dop_operator_3.py for tasks to queue
[2023-10-11 17:22:10,063] {logging_mixin.py:104} INFO - [2023-10-11 17:22:10,063] {dagbag.py:496} INFO - Filling up the DagBag from /home/airflow/.local/lib/python3.6/site-packages/airflow/example_dags/example_branch_python_dop_operator_3.py
[2023-10-11 17:22:10,082] {scheduler_job.py:643} INFO - DAG(s) dict_keys(['example_branch_dop_operator_v3']) retrieved from /home/airflow/.local/lib/python3.6/site-packages/airflow/example_dags/example_branch_python_dop_operator_3.py
[2023-10-11 17:22:10,114] {logging_mixin.py:104} INFO - [2023-10-11 17:22:10,114] {dag.py:1833} INFO - Sync 1 DAGs
[2023-10-11 17:22:10,147] {logging_mixin.py:104} INFO - [2023-10-11 17:22:10,147] {dag.py:2306} INFO - Setting next_dagrun for example_branch_dop_operator_v3 to 2023-10-09 00:00:00+00:00
[2023-10-11 17:22:10,164] {scheduler_job.py:190} INFO - Processing /home/airflow/.local/lib/python3.6/site-packages/airflow/example_dags/example_branch_python_dop_operator_3.py took 0.106 seconds
[2023-10-11 17:22:40,791] {scheduler_job.py:182} INFO - Started process (PID=1801) to work on /home/airflow/.local/lib/python3.6/site-packages/airflow/example_dags/example_branch_python_dop_operator_3.py
[2023-10-11 17:22:40,792] {scheduler_job.py:633} INFO - Processing file /home/airflow/.local/lib/python3.6/site-packages/airflow/example_dags/example_branch_python_dop_operator_3.py for tasks to queue
[2023-10-11 17:22:40,793] {logging_mixin.py:104} INFO - [2023-10-11 17:22:40,792] {dagbag.py:496} INFO - Filling up the DagBag from /home/airflow/.local/lib/python3.6/site-packages/airflow/example_dags/example_branch_python_dop_operator_3.py
[2023-10-11 17:22:40,807] {scheduler_job.py:643} INFO - DAG(s) dict_keys(['example_branch_dop_operator_v3']) retrieved from /home/airflow/.local/lib/python3.6/site-packages/airflow/example_dags/example_branch_python_dop_operator_3.py
[2023-10-11 17:22:40,831] {logging_mixin.py:104} INFO - [2023-10-11 17:22:40,831] {dag.py:1833} INFO - Sync 1 DAGs
[2023-10-11 17:22:40,863] {logging_mixin.py:104} INFO - [2023-10-11 17:22:40,862] {dag.py:2306} INFO - Setting next_dagrun for example_branch_dop_operator_v3 to 2023-10-09 00:00:00+00:00
[2023-10-11 17:22:40,876] {scheduler_job.py:190} INFO - Processing /home/airflow/.local/lib/python3.6/site-packages/airflow/example_dags/example_branch_python_dop_operator_3.py took 0.088 seconds
[2023-10-11 17:23:11,168] {scheduler_job.py:182} INFO - Started process (PID=1884) to work on /home/airflow/.local/lib/python3.6/site-packages/airflow/example_dags/example_branch_python_dop_operator_3.py
[2023-10-11 17:23:11,169] {scheduler_job.py:633} INFO - Processing file /home/airflow/.local/lib/python3.6/site-packages/airflow/example_dags/example_branch_python_dop_operator_3.py for tasks to queue
[2023-10-11 17:23:11,169] {logging_mixin.py:104} INFO - [2023-10-11 17:23:11,169] {dagbag.py:496} INFO - Filling up the DagBag from /home/airflow/.local/lib/python3.6/site-packages/airflow/example_dags/example_branch_python_dop_operator_3.py
[2023-10-11 17:23:11,180] {scheduler_job.py:643} INFO - DAG(s) dict_keys(['example_branch_dop_operator_v3']) retrieved from /home/airflow/.local/lib/python3.6/site-packages/airflow/example_dags/example_branch_python_dop_operator_3.py
[2023-10-11 17:23:11,202] {logging_mixin.py:104} INFO - [2023-10-11 17:23:11,201] {dag.py:1833} INFO - Sync 1 DAGs
[2023-10-11 17:23:11,222] {logging_mixin.py:104} INFO - [2023-10-11 17:23:11,222] {dag.py:2306} INFO - Setting next_dagrun for example_branch_dop_operator_v3 to 2023-10-09 00:00:00+00:00
[2023-10-11 17:23:11,233] {scheduler_job.py:190} INFO - Processing /home/airflow/.local/lib/python3.6/site-packages/airflow/example_dags/example_branch_python_dop_operator_3.py took 0.067 seconds
[2023-10-11 17:23:42,004] {scheduler_job.py:182} INFO - Started process (PID=1967) to work on /home/airflow/.local/lib/python3.6/site-packages/airflow/example_dags/example_branch_python_dop_operator_3.py
[2023-10-11 17:23:42,005] {scheduler_job.py:633} INFO - Processing file /home/airflow/.local/lib/python3.6/site-packages/airflow/example_dags/example_branch_python_dop_operator_3.py for tasks to queue
[2023-10-11 17:23:42,006] {logging_mixin.py:104} INFO - [2023-10-11 17:23:42,005] {dagbag.py:496} INFO - Filling up the DagBag from /home/airflow/.local/lib/python3.6/site-packages/airflow/example_dags/example_branch_python_dop_operator_3.py
[2023-10-11 17:23:42,022] {scheduler_job.py:643} INFO - DAG(s) dict_keys(['example_branch_dop_operator_v3']) retrieved from /home/airflow/.local/lib/python3.6/site-packages/airflow/example_dags/example_branch_python_dop_operator_3.py
[2023-10-11 17:23:42,048] {logging_mixin.py:104} INFO - [2023-10-11 17:23:42,048] {dag.py:1833} INFO - Sync 1 DAGs
[2023-10-11 17:23:42,073] {logging_mixin.py:104} INFO - [2023-10-11 17:23:42,072] {dag.py:2306} INFO - Setting next_dagrun for example_branch_dop_operator_v3 to 2023-10-09 00:00:00+00:00
[2023-10-11 17:23:42,086] {scheduler_job.py:190} INFO - Processing /home/airflow/.local/lib/python3.6/site-packages/airflow/example_dags/example_branch_python_dop_operator_3.py took 0.086 seconds
[2023-10-11 17:24:12,318] {scheduler_job.py:182} INFO - Started process (PID=2051) to work on /home/airflow/.local/lib/python3.6/site-packages/airflow/example_dags/example_branch_python_dop_operator_3.py
[2023-10-11 17:24:12,320] {scheduler_job.py:633} INFO - Processing file /home/airflow/.local/lib/python3.6/site-packages/airflow/example_dags/example_branch_python_dop_operator_3.py for tasks to queue
[2023-10-11 17:24:12,322] {logging_mixin.py:104} INFO - [2023-10-11 17:24:12,322] {dagbag.py:496} INFO - Filling up the DagBag from /home/airflow/.local/lib/python3.6/site-packages/airflow/example_dags/example_branch_python_dop_operator_3.py
[2023-10-11 17:24:12,339] {scheduler_job.py:643} INFO - DAG(s) dict_keys(['example_branch_dop_operator_v3']) retrieved from /home/airflow/.local/lib/python3.6/site-packages/airflow/example_dags/example_branch_python_dop_operator_3.py
[2023-10-11 17:24:12,363] {logging_mixin.py:104} INFO - [2023-10-11 17:24:12,363] {dag.py:1833} INFO - Sync 1 DAGs
[2023-10-11 17:24:12,389] {logging_mixin.py:104} INFO - [2023-10-11 17:24:12,389] {dag.py:2306} INFO - Setting next_dagrun for example_branch_dop_operator_v3 to 2023-10-09 00:00:00+00:00
[2023-10-11 17:24:12,401] {scheduler_job.py:190} INFO - Processing /home/airflow/.local/lib/python3.6/site-packages/airflow/example_dags/example_branch_python_dop_operator_3.py took 0.087 seconds
[2023-10-11 17:24:42,573] {scheduler_job.py:182} INFO - Started process (PID=2125) to work on /home/airflow/.local/lib/python3.6/site-packages/airflow/example_dags/example_branch_python_dop_operator_3.py
[2023-10-11 17:24:42,573] {scheduler_job.py:633} INFO - Processing file /home/airflow/.local/lib/python3.6/site-packages/airflow/example_dags/example_branch_python_dop_operator_3.py for tasks to queue
[2023-10-11 17:24:42,574] {logging_mixin.py:104} INFO - [2023-10-11 17:24:42,574] {dagbag.py:496} INFO - Filling up the DagBag from /home/airflow/.local/lib/python3.6/site-packages/airflow/example_dags/example_branch_python_dop_operator_3.py
[2023-10-11 17:24:42,582] {scheduler_job.py:643} INFO - DAG(s) dict_keys(['example_branch_dop_operator_v3']) retrieved from /home/airflow/.local/lib/python3.6/site-packages/airflow/example_dags/example_branch_python_dop_operator_3.py
[2023-10-11 17:24:42,603] {logging_mixin.py:104} INFO - [2023-10-11 17:24:42,603] {dag.py:1833} INFO - Sync 1 DAGs
[2023-10-11 17:24:42,622] {logging_mixin.py:104} INFO - [2023-10-11 17:24:42,622] {dag.py:2306} INFO - Setting next_dagrun for example_branch_dop_operator_v3 to 2023-10-09 00:00:00+00:00
[2023-10-11 17:24:42,632] {scheduler_job.py:190} INFO - Processing /home/airflow/.local/lib/python3.6/site-packages/airflow/example_dags/example_branch_python_dop_operator_3.py took 0.062 seconds
[2023-10-11 17:25:13,050] {scheduler_job.py:182} INFO - Started process (PID=2219) to work on /home/airflow/.local/lib/python3.6/site-packages/airflow/example_dags/example_branch_python_dop_operator_3.py
[2023-10-11 17:25:13,051] {scheduler_job.py:633} INFO - Processing file /home/airflow/.local/lib/python3.6/site-packages/airflow/example_dags/example_branch_python_dop_operator_3.py for tasks to queue
[2023-10-11 17:25:13,052] {logging_mixin.py:104} INFO - [2023-10-11 17:25:13,052] {dagbag.py:496} INFO - Filling up the DagBag from /home/airflow/.local/lib/python3.6/site-packages/airflow/example_dags/example_branch_python_dop_operator_3.py
[2023-10-11 17:25:13,068] {scheduler_job.py:643} INFO - DAG(s) dict_keys(['example_branch_dop_operator_v3']) retrieved from /home/airflow/.local/lib/python3.6/site-packages/airflow/example_dags/example_branch_python_dop_operator_3.py
[2023-10-11 17:25:13,092] {logging_mixin.py:104} INFO - [2023-10-11 17:25:13,092] {dag.py:1833} INFO - Sync 1 DAGs
[2023-10-11 17:25:13,116] {logging_mixin.py:104} INFO - [2023-10-11 17:25:13,116] {dag.py:2306} INFO - Setting next_dagrun for example_branch_dop_operator_v3 to 2023-10-09 00:00:00+00:00
[2023-10-11 17:25:13,129] {scheduler_job.py:190} INFO - Processing /home/airflow/.local/lib/python3.6/site-packages/airflow/example_dags/example_branch_python_dop_operator_3.py took 0.083 seconds
[2023-10-11 17:25:43,504] {scheduler_job.py:182} INFO - Started process (PID=2294) to work on /home/airflow/.local/lib/python3.6/site-packages/airflow/example_dags/example_branch_python_dop_operator_3.py
[2023-10-11 17:25:43,505] {scheduler_job.py:633} INFO - Processing file /home/airflow/.local/lib/python3.6/site-packages/airflow/example_dags/example_branch_python_dop_operator_3.py for tasks to queue
[2023-10-11 17:25:43,506] {logging_mixin.py:104} INFO - [2023-10-11 17:25:43,506] {dagbag.py:496} INFO - Filling up the DagBag from /home/airflow/.local/lib/python3.6/site-packages/airflow/example_dags/example_branch_python_dop_operator_3.py
[2023-10-11 17:25:43,522] {scheduler_job.py:643} INFO - DAG(s) dict_keys(['example_branch_dop_operator_v3']) retrieved from /home/airflow/.local/lib/python3.6/site-packages/airflow/example_dags/example_branch_python_dop_operator_3.py
[2023-10-11 17:25:43,548] {logging_mixin.py:104} INFO - [2023-10-11 17:25:43,547] {dag.py:1833} INFO - Sync 1 DAGs
[2023-10-11 17:25:43,575] {logging_mixin.py:104} INFO - [2023-10-11 17:25:43,575] {dag.py:2306} INFO - Setting next_dagrun for example_branch_dop_operator_v3 to 2023-10-09 00:00:00+00:00
[2023-10-11 17:25:43,589] {scheduler_job.py:190} INFO - Processing /home/airflow/.local/lib/python3.6/site-packages/airflow/example_dags/example_branch_python_dop_operator_3.py took 0.087 seconds
[2023-10-11 17:30:54,583] {scheduler_job.py:182} INFO - Started process (PID=76) to work on /home/airflow/.local/lib/python3.6/site-packages/airflow/example_dags/example_branch_python_dop_operator_3.py
[2023-10-11 17:30:54,586] {scheduler_job.py:633} INFO - Processing file /home/airflow/.local/lib/python3.6/site-packages/airflow/example_dags/example_branch_python_dop_operator_3.py for tasks to queue
[2023-10-11 17:30:54,587] {logging_mixin.py:104} INFO - [2023-10-11 17:30:54,587] {dagbag.py:496} INFO - Filling up the DagBag from /home/airflow/.local/lib/python3.6/site-packages/airflow/example_dags/example_branch_python_dop_operator_3.py
[2023-10-11 17:30:54,607] {scheduler_job.py:643} INFO - DAG(s) dict_keys(['example_branch_dop_operator_v3']) retrieved from /home/airflow/.local/lib/python3.6/site-packages/airflow/example_dags/example_branch_python_dop_operator_3.py
[2023-10-11 17:30:54,635] {logging_mixin.py:104} INFO - [2023-10-11 17:30:54,635] {dag.py:1833} INFO - Sync 1 DAGs
[2023-10-11 17:30:54,663] {logging_mixin.py:104} INFO - [2023-10-11 17:30:54,663] {dag.py:2306} INFO - Setting next_dagrun for example_branch_dop_operator_v3 to 2023-10-09 00:00:00+00:00
[2023-10-11 17:30:54,679] {scheduler_job.py:190} INFO - Processing /home/airflow/.local/lib/python3.6/site-packages/airflow/example_dags/example_branch_python_dop_operator_3.py took 0.099 seconds
