[2024-03-16 02:50:07,692] {taskinstance.py:896} INFO - Dependencies all met for <TaskInstance: airflow_exam.compute_dt_score 2024-03-16T02:49:00+00:00 [queued]>
[2024-03-16 02:50:07,744] {taskinstance.py:896} INFO - Dependencies all met for <TaskInstance: airflow_exam.compute_dt_score 2024-03-16T02:49:00+00:00 [queued]>
[2024-03-16 02:50:07,744] {taskinstance.py:1087} INFO - 
--------------------------------------------------------------------------------
[2024-03-16 02:50:07,745] {taskinstance.py:1088} INFO - Starting attempt 1 of 1
[2024-03-16 02:50:07,745] {taskinstance.py:1089} INFO - 
--------------------------------------------------------------------------------
[2024-03-16 02:50:07,766] {taskinstance.py:1107} INFO - Executing <Task(PythonOperator): compute_dt_score> on 2024-03-16T02:49:00+00:00
[2024-03-16 02:50:07,780] {standard_task_runner.py:52} INFO - Started process 132191 to run task
[2024-03-16 02:50:07,785] {standard_task_runner.py:76} INFO - Running: ['***', 'tasks', 'run', '***_exam', 'compute_dt_score', '2024-03-16T02:49:00+00:00', '--job-id', '6264', '--pool', 'default_pool', '--raw', '--subdir', 'DAGS_FOLDER/DAG.py', '--cfg-path', '/tmp/tmpvxovynfr', '--error-file', '/tmp/tmp_53as5g5']
[2024-03-16 02:50:07,786] {standard_task_runner.py:77} INFO - Job 6264: Subtask compute_dt_score
[2024-03-16 02:50:07,886] {logging_mixin.py:104} INFO - Running <TaskInstance: ***_exam.compute_dt_score 2024-03-16T02:49:00+00:00 [running]> on host 3a3d0401ac26
[2024-03-16 02:50:08,105] {taskinstance.py:1302} INFO - Exporting the following env vars:
AIRFLOW_CTX_DAG_OWNER=***
AIRFLOW_CTX_DAG_ID=***_exam
AIRFLOW_CTX_TASK_ID=compute_dt_score
AIRFLOW_CTX_EXECUTION_DATE=2024-03-16T02:49:00+00:00
AIRFLOW_CTX_DAG_RUN_ID=scheduled__2024-03-16T02:49:00+00:00
[2024-03-16 02:50:08,514] {python.py:151} INFO - Done. Returned value was: None
[2024-03-16 02:50:08,547] {taskinstance.py:1211} INFO - Marking task as SUCCESS. dag_id=***_exam, task_id=compute_dt_score, execution_date=20240316T024900, start_date=20240316T025007, end_date=20240316T025008
[2024-03-16 02:50:08,619] {taskinstance.py:1265} INFO - 0 downstream tasks scheduled from follow-on schedule check
[2024-03-16 02:50:08,665] {local_task_job.py:151} INFO - Task exited with return code 0
