[2024-03-15 21:49:04,470] {taskinstance.py:896} INFO - Dependencies all met for <TaskInstance: airflow_exam.transform_into_fulldata.csv 2024-03-15T21:48:00+00:00 [queued]>
[2024-03-15 21:49:04,502] {taskinstance.py:896} INFO - Dependencies all met for <TaskInstance: airflow_exam.transform_into_fulldata.csv 2024-03-15T21:48:00+00:00 [queued]>
[2024-03-15 21:49:04,503] {taskinstance.py:1087} INFO - 
--------------------------------------------------------------------------------
[2024-03-15 21:49:04,503] {taskinstance.py:1088} INFO - Starting attempt 1 of 1
[2024-03-15 21:49:04,503] {taskinstance.py:1089} INFO - 
--------------------------------------------------------------------------------
[2024-03-15 21:49:04,523] {taskinstance.py:1107} INFO - Executing <Task(PythonOperator): transform_into_fulldata.csv> on 2024-03-15T21:48:00+00:00
[2024-03-15 21:49:04,534] {standard_task_runner.py:52} INFO - Started process 69298 to run task
[2024-03-15 21:49:04,539] {standard_task_runner.py:76} INFO - Running: ['***', 'tasks', 'run', '***_exam', 'transform_into_fulldata.csv', '2024-03-15T21:48:00+00:00', '--job-id', '4161', '--pool', 'default_pool', '--raw', '--subdir', 'DAGS_FOLDER/DAG.py', '--cfg-path', '/tmp/tmpvijet28e', '--error-file', '/tmp/tmpysw4pexd']
[2024-03-15 21:49:04,540] {standard_task_runner.py:77} INFO - Job 4161: Subtask transform_into_fulldata.csv
[2024-03-15 21:49:04,608] {logging_mixin.py:104} INFO - Running <TaskInstance: ***_exam.transform_into_fulldata.csv 2024-03-15T21:48:00+00:00 [running]> on host 3a3d0401ac26
[2024-03-15 21:49:04,716] {taskinstance.py:1302} INFO - Exporting the following env vars:
AIRFLOW_CTX_DAG_OWNER=***
AIRFLOW_CTX_DAG_ID=***_exam
AIRFLOW_CTX_TASK_ID=transform_into_fulldata.csv
AIRFLOW_CTX_EXECUTION_DATE=2024-03-15T21:48:00+00:00
AIRFLOW_CTX_DAG_RUN_ID=scheduled__2024-03-15T21:48:00+00:00
[2024-03-15 21:49:04,793] {logging_mixin.py:104} INFO - 
[2024-03-15 21:49:04,838] {logging_mixin.py:104} INFO -     temperature        city  pression              date
0       285.44       Paris      1013  2024-03-15 21:49
1       283.50      London      1010  2024-03-15 21:49
2       288.67  Washington      1022  2024-03-15 21:49
3       285.44       Paris      1013  2024-03-15 21:48
4       283.65      London      1010  2024-03-15 21:48
5       288.67  Washington      1022  2024-03-15 21:48
6       285.44       Paris      1013  2024-03-15 21:47
7       283.65      London      1010  2024-03-15 21:47
8       288.67  Washington      1022  2024-03-15 21:47
9       285.44       Paris      1013  2024-03-15 21:46
[2024-03-15 21:49:04,859] {python.py:151} INFO - Done. Returned value was: None
[2024-03-15 21:49:04,881] {taskinstance.py:1211} INFO - Marking task as SUCCESS. dag_id=***_exam, task_id=transform_into_fulldata.csv, execution_date=20240315T214800, start_date=20240315T214904, end_date=20240315T214904
[2024-03-15 21:49:04,947] {taskinstance.py:1265} INFO - 3 downstream tasks scheduled from follow-on schedule check
[2024-03-15 21:49:04,996] {local_task_job.py:151} INFO - Task exited with return code 0
