[2024-03-16 00:35:01,872] {taskinstance.py:896} INFO - Dependencies all met for <TaskInstance: airflow_exam.retrieve_raw_data 2024-03-16T00:34:00+00:00 [queued]>
[2024-03-16 00:35:01,901] {taskinstance.py:896} INFO - Dependencies all met for <TaskInstance: airflow_exam.retrieve_raw_data 2024-03-16T00:34:00+00:00 [queued]>
[2024-03-16 00:35:01,902] {taskinstance.py:1087} INFO - 
--------------------------------------------------------------------------------
[2024-03-16 00:35:01,902] {taskinstance.py:1088} INFO - Starting attempt 1 of 6
[2024-03-16 00:35:01,902] {taskinstance.py:1089} INFO - 
--------------------------------------------------------------------------------
[2024-03-16 00:35:01,917] {taskinstance.py:1107} INFO - Executing <Task(PythonOperator): retrieve_raw_data> on 2024-03-16T00:34:00+00:00
[2024-03-16 00:35:01,926] {standard_task_runner.py:52} INFO - Started process 103163 to run task
[2024-03-16 00:35:01,930] {standard_task_runner.py:76} INFO - Running: ['***', 'tasks', 'run', '***_exam', 'retrieve_raw_data', '2024-03-16T00:34:00+00:00', '--job-id', '5315', '--pool', 'default_pool', '--raw', '--subdir', 'DAGS_FOLDER/DAG.py', '--cfg-path', '/tmp/tmpm08y61_d', '--error-file', '/tmp/tmpellrq46f']
[2024-03-16 00:35:01,931] {standard_task_runner.py:77} INFO - Job 5315: Subtask retrieve_raw_data
[2024-03-16 00:35:01,992] {logging_mixin.py:104} INFO - Running <TaskInstance: ***_exam.retrieve_raw_data 2024-03-16T00:34:00+00:00 [running]> on host 3a3d0401ac26
[2024-03-16 00:35:02,071] {taskinstance.py:1302} INFO - Exporting the following env vars:
AIRFLOW_CTX_DAG_OWNER=***
AIRFLOW_CTX_DAG_ID=***_exam
AIRFLOW_CTX_TASK_ID=retrieve_raw_data
AIRFLOW_CTX_EXECUTION_DATE=2024-03-16T00:34:00+00:00
AIRFLOW_CTX_DAG_RUN_ID=scheduled__2024-03-16T00:34:00+00:00
[2024-03-16 00:35:02,547] {python.py:151} INFO - Done. Returned value was: None
[2024-03-16 00:35:02,562] {taskinstance.py:1211} INFO - Marking task as SUCCESS. dag_id=***_exam, task_id=retrieve_raw_data, execution_date=20240316T003400, start_date=20240316T003501, end_date=20240316T003502
[2024-03-16 00:35:02,605] {taskinstance.py:1265} INFO - 2 downstream tasks scheduled from follow-on schedule check
[2024-03-16 00:35:02,626] {local_task_job.py:151} INFO - Task exited with return code 0
