[2024-03-21 20:39:04,940] {taskinstance.py:896} INFO - Dependencies all met for <TaskInstance: airflow_exam.transform_into_data.csv 2024-03-21T20:38:00+00:00 [queued]>
[2024-03-21 20:39:04,966] {taskinstance.py:896} INFO - Dependencies all met for <TaskInstance: airflow_exam.transform_into_data.csv 2024-03-21T20:38:00+00:00 [queued]>
[2024-03-21 20:39:04,966] {taskinstance.py:1087} INFO - 
--------------------------------------------------------------------------------
[2024-03-21 20:39:04,966] {taskinstance.py:1088} INFO - Starting attempt 1 of 1
[2024-03-21 20:39:04,966] {taskinstance.py:1089} INFO - 
--------------------------------------------------------------------------------
[2024-03-21 20:39:04,980] {taskinstance.py:1107} INFO - Executing <Task(PythonOperator): transform_into_data.csv> on 2024-03-21T20:38:00+00:00
[2024-03-21 20:39:04,989] {standard_task_runner.py:52} INFO - Started process 64352 to run task
[2024-03-21 20:39:04,993] {standard_task_runner.py:76} INFO - Running: ['***', 'tasks', 'run', '***_exam', 'transform_into_data.csv', '2024-03-21T20:38:00+00:00', '--job-id', '11137', '--pool', 'default_pool', '--raw', '--subdir', 'DAGS_FOLDER/DAG.py', '--cfg-path', '/tmp/tmppes62uii', '--error-file', '/tmp/tmpekph17l_']
[2024-03-21 20:39:04,993] {standard_task_runner.py:77} INFO - Job 11137: Subtask transform_into_data.csv
[2024-03-21 20:39:05,047] {logging_mixin.py:104} INFO - Running <TaskInstance: ***_exam.transform_into_data.csv 2024-03-21T20:38:00+00:00 [running]> on host 3a3d0401ac26
[2024-03-21 20:39:05,116] {taskinstance.py:1302} INFO - Exporting the following env vars:
AIRFLOW_CTX_DAG_OWNER=***
AIRFLOW_CTX_DAG_ID=***_exam
AIRFLOW_CTX_TASK_ID=transform_into_data.csv
AIRFLOW_CTX_EXECUTION_DATE=2024-03-21T20:38:00+00:00
AIRFLOW_CTX_DAG_RUN_ID=scheduled__2024-03-21T20:38:00+00:00
[2024-03-21 20:39:05,122] {logging_mixin.py:104} INFO - 
[2024-03-21 20:39:05,142] {logging_mixin.py:104} INFO -     temperature        city  pression              date
0       287.71       Paris      1025  2024-03-21 20:39
1       285.62      London      1022  2024-03-21 20:39
2       287.53  Washington      1013  2024-03-21 20:39
3       287.71       Paris      1025  2024-03-21 20:38
4       285.75      London      1022  2024-03-21 20:38
5       287.53  Washington      1013  2024-03-21 20:38
6       287.71       Paris      1025  2024-03-21 20:37
7       285.75      London      1022  2024-03-21 20:37
8       287.53  Washington      1013  2024-03-21 20:37
9       287.71       Paris      1025  2024-03-21 20:36
[2024-03-21 20:39:05,147] {python.py:151} INFO - Done. Returned value was: None
[2024-03-21 20:39:05,159] {taskinstance.py:1211} INFO - Marking task as SUCCESS. dag_id=***_exam, task_id=transform_into_data.csv, execution_date=20240321T203800, start_date=20240321T203904, end_date=20240321T203905
[2024-03-21 20:39:05,191] {taskinstance.py:1265} INFO - 0 downstream tasks scheduled from follow-on schedule check
[2024-03-21 20:39:05,205] {local_task_job.py:151} INFO - Task exited with return code 0
