[2024-03-15 16:41:05,485] {taskinstance.py:896} INFO - Dependencies all met for <TaskInstance: airflow_exam.transform_into_data.csv 2024-03-15T16:40:00+00:00 [queued]>
[2024-03-15 16:41:05,510] {taskinstance.py:896} INFO - Dependencies all met for <TaskInstance: airflow_exam.transform_into_data.csv 2024-03-15T16:40:00+00:00 [queued]>
[2024-03-15 16:41:05,511] {taskinstance.py:1087} INFO - 
--------------------------------------------------------------------------------
[2024-03-15 16:41:05,511] {taskinstance.py:1088} INFO - Starting attempt 1 of 1
[2024-03-15 16:41:05,511] {taskinstance.py:1089} INFO - 
--------------------------------------------------------------------------------
[2024-03-15 16:41:05,525] {taskinstance.py:1107} INFO - Executing <Task(PythonOperator): transform_into_data.csv> on 2024-03-15T16:40:00+00:00
[2024-03-15 16:41:05,533] {standard_task_runner.py:52} INFO - Started process 24543 to run task
[2024-03-15 16:41:05,537] {standard_task_runner.py:76} INFO - Running: ['***', 'tasks', 'run', '***_exam', 'transform_into_data.csv', '2024-03-15T16:40:00+00:00', '--job-id', '2599', '--pool', 'default_pool', '--raw', '--subdir', 'DAGS_FOLDER/DAG.py', '--cfg-path', '/tmp/tmp8a82ropg', '--error-file', '/tmp/tmpq032x8dm']
[2024-03-15 16:41:05,538] {standard_task_runner.py:77} INFO - Job 2599: Subtask transform_into_data.csv
[2024-03-15 16:41:05,591] {logging_mixin.py:104} INFO - Running <TaskInstance: ***_exam.transform_into_data.csv 2024-03-15T16:40:00+00:00 [running]> on host 3a3d0401ac26
[2024-03-15 16:41:05,665] {taskinstance.py:1302} INFO - Exporting the following env vars:
AIRFLOW_CTX_DAG_OWNER=***
AIRFLOW_CTX_DAG_ID=***_exam
AIRFLOW_CTX_TASK_ID=transform_into_data.csv
AIRFLOW_CTX_EXECUTION_DATE=2024-03-15T16:40:00+00:00
AIRFLOW_CTX_DAG_RUN_ID=scheduled__2024-03-15T16:40:00+00:00
[2024-03-15 16:41:05,670] {logging_mixin.py:104} INFO - 
[2024-03-15 16:41:05,689] {logging_mixin.py:104} INFO -     temperature        city  pression              date
0       288.61       Paris      1011  2024-03-15 16:41
1       286.72      London      1004  2024-03-15 16:41
2       278.21  Washington      1026  2024-03-15 16:41
3       288.61       Paris      1011  2024-03-15 16:40
4       286.72      London      1004  2024-03-15 16:40
5       278.21  Washington      1026  2024-03-15 16:40
6       288.51       Paris      1011  2024-03-15 16:39
7       286.80      London      1004  2024-03-15 16:39
8       279.05  Washington      1027  2024-03-15 16:39
9       288.51       Paris      1011  2024-03-15 16:38
[2024-03-15 16:41:05,693] {python.py:151} INFO - Done. Returned value was: None
[2024-03-15 16:41:05,709] {taskinstance.py:1211} INFO - Marking task as SUCCESS. dag_id=***_exam, task_id=transform_into_data.csv, execution_date=20240315T164000, start_date=20240315T164105, end_date=20240315T164105
[2024-03-15 16:41:05,745] {taskinstance.py:1265} INFO - 0 downstream tasks scheduled from follow-on schedule check
[2024-03-15 16:41:05,790] {local_task_job.py:151} INFO - Task exited with return code 0
