[2024-03-15 18:50:07,482] {taskinstance.py:896} INFO - Dependencies all met for <TaskInstance: airflow_exam.transform_into_data.csv 2024-03-15T18:49:00+00:00 [queued]>
[2024-03-15 18:50:07,512] {taskinstance.py:896} INFO - Dependencies all met for <TaskInstance: airflow_exam.transform_into_data.csv 2024-03-15T18:49:00+00:00 [queued]>
[2024-03-15 18:50:07,512] {taskinstance.py:1087} INFO - 
--------------------------------------------------------------------------------
[2024-03-15 18:50:07,512] {taskinstance.py:1088} INFO - Starting attempt 1 of 1
[2024-03-15 18:50:07,513] {taskinstance.py:1089} INFO - 
--------------------------------------------------------------------------------
[2024-03-15 18:50:07,529] {taskinstance.py:1107} INFO - Executing <Task(PythonOperator): transform_into_data.csv> on 2024-03-15T18:49:00+00:00
[2024-03-15 18:50:07,539] {standard_task_runner.py:52} INFO - Started process 50451 to run task
[2024-03-15 18:50:07,544] {standard_task_runner.py:76} INFO - Running: ['***', 'tasks', 'run', '***_exam', 'transform_into_data.csv', '2024-03-15T18:49:00+00:00', '--job-id', '3502', '--pool', 'default_pool', '--raw', '--subdir', 'DAGS_FOLDER/DAG.py', '--cfg-path', '/tmp/tmp7d2bu1q0', '--error-file', '/tmp/tmp37no6a7w']
[2024-03-15 18:50:07,544] {standard_task_runner.py:77} INFO - Job 3502: Subtask transform_into_data.csv
[2024-03-15 18:50:07,619] {logging_mixin.py:104} INFO - Running <TaskInstance: ***_exam.transform_into_data.csv 2024-03-15T18:49:00+00:00 [running]> on host 3a3d0401ac26
[2024-03-15 18:50:07,711] {taskinstance.py:1302} INFO - Exporting the following env vars:
AIRFLOW_CTX_DAG_OWNER=***
AIRFLOW_CTX_DAG_ID=***_exam
AIRFLOW_CTX_TASK_ID=transform_into_data.csv
AIRFLOW_CTX_EXECUTION_DATE=2024-03-15T18:49:00+00:00
AIRFLOW_CTX_DAG_RUN_ID=scheduled__2024-03-15T18:49:00+00:00
[2024-03-15 18:50:07,742] {logging_mixin.py:104} INFO - 
[2024-03-15 18:50:07,781] {logging_mixin.py:104} INFO -     temperature        city  pression              date
0       286.68       Paris      1012  2024-03-15 18:50
1       285.28      London      1006  2024-03-15 18:50
2       282.44  Washington      1025  2024-03-15 18:50
3       286.68       Paris      1012  2024-03-15 18:49
4       285.28      London      1006  2024-03-15 18:49
5       282.44  Washington      1025  2024-03-15 18:49
6       286.68       Paris      1012  2024-03-15 18:48
7       285.28      London      1006  2024-03-15 18:48
8       282.44  Washington      1025  2024-03-15 18:48
9       286.68       Paris      1012  2024-03-15 18:47
[2024-03-15 18:50:07,788] {python.py:151} INFO - Done. Returned value was: None
[2024-03-15 18:50:07,803] {taskinstance.py:1211} INFO - Marking task as SUCCESS. dag_id=***_exam, task_id=transform_into_data.csv, execution_date=20240315T184900, start_date=20240315T185007, end_date=20240315T185007
[2024-03-15 18:50:07,843] {taskinstance.py:1265} INFO - 0 downstream tasks scheduled from follow-on schedule check
[2024-03-15 18:50:07,876] {local_task_job.py:151} INFO - Task exited with return code 0
