[2024-03-21 17:51:04,717] {taskinstance.py:896} INFO - Dependencies all met for <TaskInstance: airflow_exam.transform_into_data.csv 2024-03-21T17:50:00+00:00 [queued]>
[2024-03-21 17:51:04,738] {taskinstance.py:896} INFO - Dependencies all met for <TaskInstance: airflow_exam.transform_into_data.csv 2024-03-21T17:50:00+00:00 [queued]>
[2024-03-21 17:51:04,738] {taskinstance.py:1087} INFO - 
--------------------------------------------------------------------------------
[2024-03-21 17:51:04,738] {taskinstance.py:1088} INFO - Starting attempt 1 of 1
[2024-03-21 17:51:04,738] {taskinstance.py:1089} INFO - 
--------------------------------------------------------------------------------
[2024-03-21 17:51:04,751] {taskinstance.py:1107} INFO - Executing <Task(PythonOperator): transform_into_data.csv> on 2024-03-21T17:50:00+00:00
[2024-03-21 17:51:04,760] {standard_task_runner.py:52} INFO - Started process 28063 to run task
[2024-03-21 17:51:04,765] {standard_task_runner.py:76} INFO - Running: ['***', 'tasks', 'run', '***_exam', 'transform_into_data.csv', '2024-03-21T17:50:00+00:00', '--job-id', '9961', '--pool', 'default_pool', '--raw', '--subdir', 'DAGS_FOLDER/DAG.py', '--cfg-path', '/tmp/tmp5e0lvhix', '--error-file', '/tmp/tmp_7t45ifk']
[2024-03-21 17:51:04,765] {standard_task_runner.py:77} INFO - Job 9961: Subtask transform_into_data.csv
[2024-03-21 17:51:04,819] {logging_mixin.py:104} INFO - Running <TaskInstance: ***_exam.transform_into_data.csv 2024-03-21T17:50:00+00:00 [running]> on host 3a3d0401ac26
[2024-03-21 17:51:04,900] {taskinstance.py:1302} INFO - Exporting the following env vars:
AIRFLOW_CTX_DAG_OWNER=***
AIRFLOW_CTX_DAG_ID=***_exam
AIRFLOW_CTX_TASK_ID=transform_into_data.csv
AIRFLOW_CTX_EXECUTION_DATE=2024-03-21T17:50:00+00:00
AIRFLOW_CTX_DAG_RUN_ID=scheduled__2024-03-21T17:50:00+00:00
[2024-03-21 17:51:04,906] {logging_mixin.py:104} INFO - 
[2024-03-21 17:51:04,933] {logging_mixin.py:104} INFO -     temperature        city  pression              date
0       290.85       Paris      1025  2024-03-21 17:51
1       288.24      London      1022  2024-03-21 17:51
2       284.05  Washington      1014  2024-03-21 17:51
3       291.12       Paris      1025  2024-03-21 17:50
4       288.39      London      1022  2024-03-21 17:50
5       284.05  Washington      1014  2024-03-21 17:50
6       291.12       Paris      1025  2024-03-21 17:49
7       288.39      London      1022  2024-03-21 17:49
8       284.05  Washington      1014  2024-03-21 17:49
9       291.12       Paris      1025  2024-03-21 17:48
[2024-03-21 17:51:04,937] {python.py:151} INFO - Done. Returned value was: None
[2024-03-21 17:51:04,952] {taskinstance.py:1211} INFO - Marking task as SUCCESS. dag_id=***_exam, task_id=transform_into_data.csv, execution_date=20240321T175000, start_date=20240321T175104, end_date=20240321T175104
[2024-03-21 17:51:04,990] {taskinstance.py:1265} INFO - 0 downstream tasks scheduled from follow-on schedule check
[2024-03-21 17:51:05,017] {local_task_job.py:151} INFO - Task exited with return code 0
