[2024-03-15 18:08:05,428] {taskinstance.py:896} INFO - Dependencies all met for <TaskInstance: airflow_exam.transform_into_data.csv 2024-03-15T18:07:00+00:00 [queued]>
[2024-03-15 18:08:05,474] {taskinstance.py:896} INFO - Dependencies all met for <TaskInstance: airflow_exam.transform_into_data.csv 2024-03-15T18:07:00+00:00 [queued]>
[2024-03-15 18:08:05,474] {taskinstance.py:1087} INFO - 
--------------------------------------------------------------------------------
[2024-03-15 18:08:05,474] {taskinstance.py:1088} INFO - Starting attempt 1 of 1
[2024-03-15 18:08:05,474] {taskinstance.py:1089} INFO - 
--------------------------------------------------------------------------------
[2024-03-15 18:08:05,506] {taskinstance.py:1107} INFO - Executing <Task(PythonOperator): transform_into_data.csv> on 2024-03-15T18:07:00+00:00
[2024-03-15 18:08:05,520] {standard_task_runner.py:52} INFO - Started process 42092 to run task
[2024-03-15 18:08:05,535] {standard_task_runner.py:76} INFO - Running: ['***', 'tasks', 'run', '***_exam', 'transform_into_data.csv', '2024-03-15T18:07:00+00:00', '--job-id', '3209', '--pool', 'default_pool', '--raw', '--subdir', 'DAGS_FOLDER/DAG.py', '--cfg-path', '/tmp/tmplh8z7ulb', '--error-file', '/tmp/tmp5_ec7xxg']
[2024-03-15 18:08:05,536] {standard_task_runner.py:77} INFO - Job 3209: Subtask transform_into_data.csv
[2024-03-15 18:08:05,666] {logging_mixin.py:104} INFO - Running <TaskInstance: ***_exam.transform_into_data.csv 2024-03-15T18:07:00+00:00 [running]> on host 3a3d0401ac26
[2024-03-15 18:08:05,773] {taskinstance.py:1302} INFO - Exporting the following env vars:
AIRFLOW_CTX_DAG_OWNER=***
AIRFLOW_CTX_DAG_ID=***_exam
AIRFLOW_CTX_TASK_ID=transform_into_data.csv
AIRFLOW_CTX_EXECUTION_DATE=2024-03-15T18:07:00+00:00
AIRFLOW_CTX_DAG_RUN_ID=scheduled__2024-03-15T18:07:00+00:00
[2024-03-15 18:08:05,788] {logging_mixin.py:104} INFO - 
[2024-03-15 18:08:05,823] {logging_mixin.py:104} INFO -     temperature        city  pression              date
0       286.88       Paris      1011  2024-03-15 18:08
1       285.76      London      1005  2024-03-15 18:08
2       281.12  Washington      1026  2024-03-15 18:08
3       286.88       Paris      1011  2024-03-15 18:07
4       285.76      London      1005  2024-03-15 18:07
5       281.12  Washington      1026  2024-03-15 18:07
6       286.88       Paris      1011  2024-03-15 18:06
7       285.76      London      1005  2024-03-15 18:06
8       281.12  Washington      1026  2024-03-15 18:06
9       286.88       Paris      1011  2024-03-15 18:05
[2024-03-15 18:08:05,830] {python.py:151} INFO - Done. Returned value was: None
[2024-03-15 18:08:05,850] {taskinstance.py:1211} INFO - Marking task as SUCCESS. dag_id=***_exam, task_id=transform_into_data.csv, execution_date=20240315T180700, start_date=20240315T180805, end_date=20240315T180805
[2024-03-15 18:08:05,917] {taskinstance.py:1265} INFO - 0 downstream tasks scheduled from follow-on schedule check
[2024-03-15 18:08:05,944] {local_task_job.py:151} INFO - Task exited with return code 0
