[2024-03-15 14:07:05,401] {taskinstance.py:896} INFO - Dependencies all met for <TaskInstance: airflow_exam.transform_into_data.csv 2024-03-15T14:06:00+00:00 [queued]>
[2024-03-15 14:07:05,426] {taskinstance.py:896} INFO - Dependencies all met for <TaskInstance: airflow_exam.transform_into_data.csv 2024-03-15T14:06:00+00:00 [queued]>
[2024-03-15 14:07:05,427] {taskinstance.py:1087} INFO - 
--------------------------------------------------------------------------------
[2024-03-15 14:07:05,427] {taskinstance.py:1088} INFO - Starting attempt 1 of 1
[2024-03-15 14:07:05,427] {taskinstance.py:1089} INFO - 
--------------------------------------------------------------------------------
[2024-03-15 14:07:05,440] {taskinstance.py:1107} INFO - Executing <Task(PythonOperator): transform_into_data.csv> on 2024-03-15T14:06:00+00:00
[2024-03-15 14:07:05,450] {standard_task_runner.py:52} INFO - Started process 3302 to run task
[2024-03-15 14:07:05,452] {standard_task_runner.py:76} INFO - Running: ['***', 'tasks', 'run', '***_exam', 'transform_into_data.csv', '2024-03-15T14:06:00+00:00', '--job-id', '1814', '--pool', 'default_pool', '--raw', '--subdir', 'DAGS_FOLDER/DAG.py', '--cfg-path', '/tmp/tmpx9n4lxi9', '--error-file', '/tmp/tmph4miw1w6']
[2024-03-15 14:07:05,453] {standard_task_runner.py:77} INFO - Job 1814: Subtask transform_into_data.csv
[2024-03-15 14:07:05,506] {logging_mixin.py:104} INFO - Running <TaskInstance: ***_exam.transform_into_data.csv 2024-03-15T14:06:00+00:00 [running]> on host 3a3d0401ac26
[2024-03-15 14:07:05,582] {taskinstance.py:1302} INFO - Exporting the following env vars:
AIRFLOW_CTX_DAG_OWNER=***
AIRFLOW_CTX_DAG_ID=***_exam
AIRFLOW_CTX_TASK_ID=transform_into_data.csv
AIRFLOW_CTX_EXECUTION_DATE=2024-03-15T14:06:00+00:00
AIRFLOW_CTX_DAG_RUN_ID=scheduled__2024-03-15T14:06:00+00:00
[2024-03-15 14:07:05,591] {logging_mixin.py:104} INFO - 
[2024-03-15 14:07:05,613] {logging_mixin.py:104} INFO -     temperature        city  pression              date
0       288.54       Paris      1012  2024-03-15 14:07
1       287.60      London      1004  2024-03-15 14:07
2       274.21  Washington      1029  2024-03-15 14:07
3       288.54       Paris      1012  2024-03-15 14:06
4       287.60      London      1004  2024-03-15 14:06
5       274.21  Washington      1029  2024-03-15 14:06
6       288.54       Paris      1012  2024-03-15 14:05
7       287.60      London      1004  2024-03-15 14:05
8       274.21  Washington      1029  2024-03-15 14:05
9       288.54       Paris      1012  2024-03-15 14:04
[2024-03-15 14:07:05,618] {python.py:151} INFO - Done. Returned value was: None
[2024-03-15 14:07:05,634] {taskinstance.py:1211} INFO - Marking task as SUCCESS. dag_id=***_exam, task_id=transform_into_data.csv, execution_date=20240315T140600, start_date=20240315T140705, end_date=20240315T140705
[2024-03-15 14:07:05,672] {taskinstance.py:1265} INFO - 0 downstream tasks scheduled from follow-on schedule check
[2024-03-15 14:07:05,705] {local_task_job.py:151} INFO - Task exited with return code 0
