[2024-03-16 02:09:04,502] {taskinstance.py:896} INFO - Dependencies all met for <TaskInstance: airflow_exam.transform_into_fulldata.csv 2024-03-16T02:08:00+00:00 [queued]>
[2024-03-16 02:09:04,525] {taskinstance.py:896} INFO - Dependencies all met for <TaskInstance: airflow_exam.transform_into_fulldata.csv 2024-03-16T02:08:00+00:00 [queued]>
[2024-03-16 02:09:04,525] {taskinstance.py:1087} INFO - 
--------------------------------------------------------------------------------
[2024-03-16 02:09:04,526] {taskinstance.py:1088} INFO - Starting attempt 1 of 1
[2024-03-16 02:09:04,526] {taskinstance.py:1089} INFO - 
--------------------------------------------------------------------------------
[2024-03-16 02:09:04,538] {taskinstance.py:1107} INFO - Executing <Task(PythonOperator): transform_into_fulldata.csv> on 2024-03-16T02:08:00+00:00
[2024-03-16 02:09:04,546] {standard_task_runner.py:52} INFO - Started process 123303 to run task
[2024-03-16 02:09:04,550] {standard_task_runner.py:76} INFO - Running: ['***', 'tasks', 'run', '***_exam', 'transform_into_fulldata.csv', '2024-03-16T02:08:00+00:00', '--job-id', '5974', '--pool', 'default_pool', '--raw', '--subdir', 'DAGS_FOLDER/DAG.py', '--cfg-path', '/tmp/tmpbjb0gxes', '--error-file', '/tmp/tmpa_wveov5']
[2024-03-16 02:09:04,550] {standard_task_runner.py:77} INFO - Job 5974: Subtask transform_into_fulldata.csv
[2024-03-16 02:09:04,607] {logging_mixin.py:104} INFO - Running <TaskInstance: ***_exam.transform_into_fulldata.csv 2024-03-16T02:08:00+00:00 [running]> on host 3a3d0401ac26
[2024-03-16 02:09:04,682] {taskinstance.py:1302} INFO - Exporting the following env vars:
AIRFLOW_CTX_DAG_OWNER=***
AIRFLOW_CTX_DAG_ID=***_exam
AIRFLOW_CTX_TASK_ID=transform_into_fulldata.csv
AIRFLOW_CTX_EXECUTION_DATE=2024-03-16T02:08:00+00:00
AIRFLOW_CTX_DAG_RUN_ID=scheduled__2024-03-16T02:08:00+00:00
[2024-03-16 02:09:04,740] {logging_mixin.py:104} INFO - 
[2024-03-16 02:09:04,756] {logging_mixin.py:104} INFO -     temperature        city  pression              date
0       284.37       Paris      1016  2024-03-16 02:09
1       281.13      London      1014  2024-03-16 02:09
2       284.28  Washington      1022  2024-03-16 02:09
3       284.37       Paris      1016  2024-03-16 02:08
4       281.13      London      1014  2024-03-16 02:08
5       284.28  Washington      1022  2024-03-16 02:08
6       284.37       Paris      1016  2024-03-16 02:07
7       281.13      London      1014  2024-03-16 02:07
8       282.65  Washington      1022  2024-03-16 02:07
9       284.37       Paris      1016  2024-03-16 02:06
[2024-03-16 02:09:04,766] {python.py:151} INFO - Done. Returned value was: None
[2024-03-16 02:09:04,779] {taskinstance.py:1211} INFO - Marking task as SUCCESS. dag_id=***_exam, task_id=transform_into_fulldata.csv, execution_date=20240316T020800, start_date=20240316T020904, end_date=20240316T020904
[2024-03-16 02:09:04,816] {taskinstance.py:1265} INFO - 3 downstream tasks scheduled from follow-on schedule check
[2024-03-16 02:09:04,843] {local_task_job.py:151} INFO - Task exited with return code 0
