[2024-03-15 23:25:04,482] {taskinstance.py:896} INFO - Dependencies all met for <TaskInstance: airflow_exam.transform_into_fulldata.csv 2024-03-15T23:24:00+00:00 [queued]>
[2024-03-15 23:25:04,527] {taskinstance.py:896} INFO - Dependencies all met for <TaskInstance: airflow_exam.transform_into_fulldata.csv 2024-03-15T23:24:00+00:00 [queued]>
[2024-03-15 23:25:04,528] {taskinstance.py:1087} INFO - 
--------------------------------------------------------------------------------
[2024-03-15 23:25:04,528] {taskinstance.py:1088} INFO - Starting attempt 1 of 1
[2024-03-15 23:25:04,528] {taskinstance.py:1089} INFO - 
--------------------------------------------------------------------------------
[2024-03-15 23:25:04,549] {taskinstance.py:1107} INFO - Executing <Task(PythonOperator): transform_into_fulldata.csv> on 2024-03-15T23:24:00+00:00
[2024-03-15 23:25:04,561] {standard_task_runner.py:52} INFO - Started process 88880 to run task
[2024-03-15 23:25:04,566] {standard_task_runner.py:76} INFO - Running: ['***', 'tasks', 'run', '***_exam', 'transform_into_fulldata.csv', '2024-03-15T23:24:00+00:00', '--job-id', '4833', '--pool', 'default_pool', '--raw', '--subdir', 'DAGS_FOLDER/DAG.py', '--cfg-path', '/tmp/tmprynxua8y', '--error-file', '/tmp/tmplrayyt81']
[2024-03-15 23:25:04,566] {standard_task_runner.py:77} INFO - Job 4833: Subtask transform_into_fulldata.csv
[2024-03-15 23:25:04,638] {logging_mixin.py:104} INFO - Running <TaskInstance: ***_exam.transform_into_fulldata.csv 2024-03-15T23:24:00+00:00 [running]> on host 3a3d0401ac26
[2024-03-15 23:25:04,744] {taskinstance.py:1302} INFO - Exporting the following env vars:
AIRFLOW_CTX_DAG_OWNER=***
AIRFLOW_CTX_DAG_ID=***_exam
AIRFLOW_CTX_TASK_ID=transform_into_fulldata.csv
AIRFLOW_CTX_EXECUTION_DATE=2024-03-15T23:24:00+00:00
AIRFLOW_CTX_DAG_RUN_ID=scheduled__2024-03-15T23:24:00+00:00
[2024-03-15 23:25:04,827] {logging_mixin.py:104} INFO - 
[2024-03-15 23:25:04,864] {logging_mixin.py:104} INFO -     temperature        city  pression              date
0       284.95       Paris      1015  2024-03-15 23:25
1       282.19      London      1012  2024-03-15 23:25
2       289.63  Washington      1022  2024-03-15 23:25
3       284.95       Paris      1015  2024-03-15 23:24
4       282.19      London      1012  2024-03-15 23:24
5       289.63  Washington      1022  2024-03-15 23:24
6       285.10       Paris      1015  2024-03-15 23:23
7       282.16      London      1012  2024-03-15 23:23
8       289.47  Washington      1022  2024-03-15 23:23
9       285.10       Paris      1015  2024-03-15 23:22
[2024-03-15 23:25:04,882] {python.py:151} INFO - Done. Returned value was: None
[2024-03-15 23:25:04,901] {taskinstance.py:1211} INFO - Marking task as SUCCESS. dag_id=***_exam, task_id=transform_into_fulldata.csv, execution_date=20240315T232400, start_date=20240315T232504, end_date=20240315T232504
[2024-03-15 23:25:04,964] {taskinstance.py:1265} INFO - 3 downstream tasks scheduled from follow-on schedule check
[2024-03-15 23:25:05,019] {local_task_job.py:151} INFO - Task exited with return code 0
