[2024-03-20 22:34:05,041] {taskinstance.py:896} INFO - Dependencies all met for <TaskInstance: airflow_exam.transform_into_fulldata.csv 2024-03-20T22:33:00+00:00 [queued]>
[2024-03-20 22:34:05,061] {taskinstance.py:896} INFO - Dependencies all met for <TaskInstance: airflow_exam.transform_into_fulldata.csv 2024-03-20T22:33:00+00:00 [queued]>
[2024-03-20 22:34:05,061] {taskinstance.py:1087} INFO - 
--------------------------------------------------------------------------------
[2024-03-20 22:34:05,062] {taskinstance.py:1088} INFO - Starting attempt 1 of 1
[2024-03-20 22:34:05,062] {taskinstance.py:1089} INFO - 
--------------------------------------------------------------------------------
[2024-03-20 22:34:05,087] {taskinstance.py:1107} INFO - Executing <Task(PythonOperator): transform_into_fulldata.csv> on 2024-03-20T22:33:00+00:00
[2024-03-20 22:34:05,099] {standard_task_runner.py:52} INFO - Started process 25827 to run task
[2024-03-20 22:34:05,105] {standard_task_runner.py:76} INFO - Running: ['***', 'tasks', 'run', '***_exam', 'transform_into_fulldata.csv', '2024-03-20T22:33:00+00:00', '--job-id', '7681', '--pool', 'default_pool', '--raw', '--subdir', 'DAGS_FOLDER/DAG.py', '--cfg-path', '/tmp/tmpuzyuthyg', '--error-file', '/tmp/tmp9xmfblv0']
[2024-03-20 22:34:05,105] {standard_task_runner.py:77} INFO - Job 7681: Subtask transform_into_fulldata.csv
[2024-03-20 22:34:05,169] {logging_mixin.py:104} INFO - Running <TaskInstance: ***_exam.transform_into_fulldata.csv 2024-03-20T22:33:00+00:00 [running]> on host 3a3d0401ac26
[2024-03-20 22:34:05,267] {taskinstance.py:1302} INFO - Exporting the following env vars:
AIRFLOW_CTX_DAG_OWNER=***
AIRFLOW_CTX_DAG_ID=***_exam
AIRFLOW_CTX_TASK_ID=transform_into_fulldata.csv
AIRFLOW_CTX_EXECUTION_DATE=2024-03-20T22:33:00+00:00
AIRFLOW_CTX_DAG_RUN_ID=scheduled__2024-03-20T22:33:00+00:00
[2024-03-20 22:34:05,389] {logging_mixin.py:104} INFO - 
[2024-03-20 22:34:05,418] {logging_mixin.py:104} INFO -     temperature        city  pression              date
0       286.46       Paris      1020  2024-03-20 22:34
1       285.26      London      1021  2024-03-20 22:34
2       290.68  Washington      1007  2024-03-20 22:34
3       286.46       Paris      1020  2024-03-20 22:33
4       285.26      London      1021  2024-03-20 22:33
5       290.68  Washington      1007  2024-03-20 22:33
6       286.46       Paris      1020  2024-03-20 22:32
7       285.26      London      1021  2024-03-20 22:32
8       290.68  Washington      1007  2024-03-20 22:32
9       286.46       Paris      1020  2024-03-20 22:31
[2024-03-20 22:34:05,437] {python.py:151} INFO - Done. Returned value was: None
[2024-03-20 22:34:05,452] {taskinstance.py:1211} INFO - Marking task as SUCCESS. dag_id=***_exam, task_id=transform_into_fulldata.csv, execution_date=20240320T223300, start_date=20240320T223405, end_date=20240320T223405
[2024-03-20 22:34:05,502] {taskinstance.py:1265} INFO - 3 downstream tasks scheduled from follow-on schedule check
[2024-03-20 22:34:05,520] {local_task_job.py:151} INFO - Task exited with return code 0
