[2024-03-21 01:14:04,276] {taskinstance.py:896} INFO - Dependencies all met for <TaskInstance: airflow_exam.transform_into_data.csv 2024-03-21T01:13:00+00:00 [queued]>
[2024-03-21 01:14:04,295] {taskinstance.py:896} INFO - Dependencies all met for <TaskInstance: airflow_exam.transform_into_data.csv 2024-03-21T01:13:00+00:00 [queued]>
[2024-03-21 01:14:04,295] {taskinstance.py:1087} INFO - 
--------------------------------------------------------------------------------
[2024-03-21 01:14:04,295] {taskinstance.py:1088} INFO - Starting attempt 1 of 1
[2024-03-21 01:14:04,295] {taskinstance.py:1089} INFO - 
--------------------------------------------------------------------------------
[2024-03-21 01:14:04,318] {taskinstance.py:1107} INFO - Executing <Task(PythonOperator): transform_into_data.csv> on 2024-03-21T01:13:00+00:00
[2024-03-21 01:14:04,330] {standard_task_runner.py:52} INFO - Started process 11536 to run task
[2024-03-21 01:14:04,335] {standard_task_runner.py:76} INFO - Running: ['***', 'tasks', 'run', '***_exam', 'transform_into_data.csv', '2024-03-21T01:13:00+00:00', '--job-id', '8745', '--pool', 'default_pool', '--raw', '--subdir', 'DAGS_FOLDER/DAG.py', '--cfg-path', '/tmp/tmpfq59r9mj', '--error-file', '/tmp/tmpxf0cfkr3']
[2024-03-21 01:14:04,336] {standard_task_runner.py:77} INFO - Job 8745: Subtask transform_into_data.csv
[2024-03-21 01:14:04,413] {logging_mixin.py:104} INFO - Running <TaskInstance: ***_exam.transform_into_data.csv 2024-03-21T01:13:00+00:00 [running]> on host 3a3d0401ac26
[2024-03-21 01:14:04,511] {taskinstance.py:1302} INFO - Exporting the following env vars:
AIRFLOW_CTX_DAG_OWNER=***
AIRFLOW_CTX_DAG_ID=***_exam
AIRFLOW_CTX_TASK_ID=transform_into_data.csv
AIRFLOW_CTX_EXECUTION_DATE=2024-03-21T01:13:00+00:00
AIRFLOW_CTX_DAG_RUN_ID=scheduled__2024-03-21T01:13:00+00:00
[2024-03-21 01:14:04,519] {logging_mixin.py:104} INFO - 
[2024-03-21 01:14:04,553] {logging_mixin.py:104} INFO -     temperature        city  pression              date
0       285.61       Paris      1021  2024-03-21 01:14
1       283.74      London      1023  2024-03-21 01:14
2       288.06  Washington      1007  2024-03-21 01:14
3       285.61       Paris      1021  2024-03-21 01:13
4       283.74      London      1023  2024-03-21 01:13
5       288.06  Washington      1007  2024-03-21 01:13
6       285.61       Paris      1021  2024-03-21 01:12
7       283.74      London      1023  2024-03-21 01:12
8       288.06  Washington      1007  2024-03-21 01:12
9       285.61       Paris      1021  2024-03-21 01:11
[2024-03-21 01:14:04,560] {python.py:151} INFO - Done. Returned value was: None
[2024-03-21 01:14:04,574] {taskinstance.py:1211} INFO - Marking task as SUCCESS. dag_id=***_exam, task_id=transform_into_data.csv, execution_date=20240321T011300, start_date=20240321T011404, end_date=20240321T011404
[2024-03-21 01:14:04,612] {taskinstance.py:1265} INFO - 0 downstream tasks scheduled from follow-on schedule check
[2024-03-21 01:14:04,668] {local_task_job.py:151} INFO - Task exited with return code 0
