[2024-03-15 16:06:07,105] {taskinstance.py:896} INFO - Dependencies all met for <TaskInstance: airflow_exam.compute_rf_score 2024-03-15T16:05:00+00:00 [queued]>
[2024-03-15 16:06:07,136] {taskinstance.py:896} INFO - Dependencies all met for <TaskInstance: airflow_exam.compute_rf_score 2024-03-15T16:05:00+00:00 [queued]>
[2024-03-15 16:06:07,137] {taskinstance.py:1087} INFO - 
--------------------------------------------------------------------------------
[2024-03-15 16:06:07,137] {taskinstance.py:1088} INFO - Starting attempt 1 of 1
[2024-03-15 16:06:07,137] {taskinstance.py:1089} INFO - 
--------------------------------------------------------------------------------
[2024-03-15 16:06:07,155] {taskinstance.py:1107} INFO - Executing <Task(PythonOperator): compute_rf_score> on 2024-03-15T16:05:00+00:00
[2024-03-15 16:06:07,167] {standard_task_runner.py:52} INFO - Started process 17794 to run task
[2024-03-15 16:06:07,172] {standard_task_runner.py:76} INFO - Running: ['***', 'tasks', 'run', '***_exam', 'compute_rf_score', '2024-03-15T16:05:00+00:00', '--job-id', '2356', '--pool', 'default_pool', '--raw', '--subdir', 'DAGS_FOLDER/DAG.py', '--cfg-path', '/tmp/tmpfqcpni2a', '--error-file', '/tmp/tmpan4j94nf']
[2024-03-15 16:06:07,172] {standard_task_runner.py:77} INFO - Job 2356: Subtask compute_rf_score
[2024-03-15 16:06:07,251] {logging_mixin.py:104} INFO - Running <TaskInstance: ***_exam.compute_rf_score 2024-03-15T16:05:00+00:00 [running]> on host 3a3d0401ac26
[2024-03-15 16:06:07,340] {taskinstance.py:1302} INFO - Exporting the following env vars:
AIRFLOW_CTX_DAG_OWNER=***
AIRFLOW_CTX_DAG_ID=***_exam
AIRFLOW_CTX_TASK_ID=compute_rf_score
AIRFLOW_CTX_EXECUTION_DATE=2024-03-15T16:05:00+00:00
AIRFLOW_CTX_DAG_RUN_ID=scheduled__2024-03-15T16:05:00+00:00
[2024-03-15 16:06:08,525] {python.py:151} INFO - Done. Returned value was: None
[2024-03-15 16:06:08,538] {taskinstance.py:1211} INFO - Marking task as SUCCESS. dag_id=***_exam, task_id=compute_rf_score, execution_date=20240315T160500, start_date=20240315T160607, end_date=20240315T160608
[2024-03-15 16:06:08,574] {taskinstance.py:1265} INFO - 1 downstream tasks scheduled from follow-on schedule check
[2024-03-15 16:06:08,597] {local_task_job.py:151} INFO - Task exited with return code 0
