[2024-03-21 20:44:03,998] {taskinstance.py:896} INFO - Dependencies all met for <TaskInstance: airflow_exam.transform_into_data.csv 2024-03-21T20:43:00+00:00 [queued]>
[2024-03-21 20:44:04,021] {taskinstance.py:896} INFO - Dependencies all met for <TaskInstance: airflow_exam.transform_into_data.csv 2024-03-21T20:43:00+00:00 [queued]>
[2024-03-21 20:44:04,022] {taskinstance.py:1087} INFO - 
--------------------------------------------------------------------------------
[2024-03-21 20:44:04,022] {taskinstance.py:1088} INFO - Starting attempt 1 of 1
[2024-03-21 20:44:04,022] {taskinstance.py:1089} INFO - 
--------------------------------------------------------------------------------
[2024-03-21 20:44:04,035] {taskinstance.py:1107} INFO - Executing <Task(PythonOperator): transform_into_data.csv> on 2024-03-21T20:43:00+00:00
[2024-03-21 20:44:04,045] {standard_task_runner.py:52} INFO - Started process 65434 to run task
[2024-03-21 20:44:04,050] {standard_task_runner.py:76} INFO - Running: ['***', 'tasks', 'run', '***_exam', 'transform_into_data.csv', '2024-03-21T20:43:00+00:00', '--job-id', '11173', '--pool', 'default_pool', '--raw', '--subdir', 'DAGS_FOLDER/DAG.py', '--cfg-path', '/tmp/tmp9eaizc4u', '--error-file', '/tmp/tmpzxo9iw32']
[2024-03-21 20:44:04,051] {standard_task_runner.py:77} INFO - Job 11173: Subtask transform_into_data.csv
[2024-03-21 20:44:04,110] {logging_mixin.py:104} INFO - Running <TaskInstance: ***_exam.transform_into_data.csv 2024-03-21T20:43:00+00:00 [running]> on host 3a3d0401ac26
[2024-03-21 20:44:04,180] {taskinstance.py:1302} INFO - Exporting the following env vars:
AIRFLOW_CTX_DAG_OWNER=***
AIRFLOW_CTX_DAG_ID=***_exam
AIRFLOW_CTX_TASK_ID=transform_into_data.csv
AIRFLOW_CTX_EXECUTION_DATE=2024-03-21T20:43:00+00:00
AIRFLOW_CTX_DAG_RUN_ID=scheduled__2024-03-21T20:43:00+00:00
[2024-03-21 20:44:04,188] {logging_mixin.py:104} INFO - 
[2024-03-21 20:44:04,211] {logging_mixin.py:104} INFO -     temperature        city  pression              date
0       287.71       Paris      1025  2024-03-21 20:44
1       285.58      London      1022  2024-03-21 20:44
2       287.53  Washington      1013  2024-03-21 20:44
3       287.71       Paris      1025  2024-03-21 20:43
4       285.58      London      1022  2024-03-21 20:43
5       287.53  Washington      1013  2024-03-21 20:43
6       287.71       Paris      1025  2024-03-21 20:42
7       285.75      London      1022  2024-03-21 20:42
8       287.53  Washington      1013  2024-03-21 20:42
9       287.71       Paris      1025  2024-03-21 20:41
[2024-03-21 20:44:04,216] {python.py:151} INFO - Done. Returned value was: None
[2024-03-21 20:44:04,230] {taskinstance.py:1211} INFO - Marking task as SUCCESS. dag_id=***_exam, task_id=transform_into_data.csv, execution_date=20240321T204300, start_date=20240321T204404, end_date=20240321T204404
[2024-03-21 20:44:04,269] {taskinstance.py:1265} INFO - 0 downstream tasks scheduled from follow-on schedule check
[2024-03-21 20:44:04,302] {local_task_job.py:151} INFO - Task exited with return code 0
