[2024-03-15 19:10:06,153] {taskinstance.py:896} INFO - Dependencies all met for <TaskInstance: airflow_exam.transform_into_data.csv 2024-03-15T19:09:00+00:00 [queued]>
[2024-03-15 19:10:06,182] {taskinstance.py:896} INFO - Dependencies all met for <TaskInstance: airflow_exam.transform_into_data.csv 2024-03-15T19:09:00+00:00 [queued]>
[2024-03-15 19:10:06,182] {taskinstance.py:1087} INFO - 
--------------------------------------------------------------------------------
[2024-03-15 19:10:06,183] {taskinstance.py:1088} INFO - Starting attempt 1 of 1
[2024-03-15 19:10:06,183] {taskinstance.py:1089} INFO - 
--------------------------------------------------------------------------------
[2024-03-15 19:10:06,199] {taskinstance.py:1107} INFO - Executing <Task(PythonOperator): transform_into_data.csv> on 2024-03-15T19:09:00+00:00
[2024-03-15 19:10:06,211] {standard_task_runner.py:52} INFO - Started process 54520 to run task
[2024-03-15 19:10:06,216] {standard_task_runner.py:76} INFO - Running: ['***', 'tasks', 'run', '***_exam', 'transform_into_data.csv', '2024-03-15T19:09:00+00:00', '--job-id', '3644', '--pool', 'default_pool', '--raw', '--subdir', 'DAGS_FOLDER/DAG.py', '--cfg-path', '/tmp/tmpuq20iaz0', '--error-file', '/tmp/tmpeilqghvv']
[2024-03-15 19:10:06,216] {standard_task_runner.py:77} INFO - Job 3644: Subtask transform_into_data.csv
[2024-03-15 19:10:06,285] {logging_mixin.py:104} INFO - Running <TaskInstance: ***_exam.transform_into_data.csv 2024-03-15T19:09:00+00:00 [running]> on host 3a3d0401ac26
[2024-03-15 19:10:06,376] {taskinstance.py:1302} INFO - Exporting the following env vars:
AIRFLOW_CTX_DAG_OWNER=***
AIRFLOW_CTX_DAG_ID=***_exam
AIRFLOW_CTX_TASK_ID=transform_into_data.csv
AIRFLOW_CTX_EXECUTION_DATE=2024-03-15T19:09:00+00:00
AIRFLOW_CTX_DAG_RUN_ID=scheduled__2024-03-15T19:09:00+00:00
[2024-03-15 19:10:06,385] {logging_mixin.py:104} INFO - 
[2024-03-15 19:10:06,418] {logging_mixin.py:104} INFO -     temperature        city  pression              date
0       286.72       Paris      1012  2024-03-15 19:10
1       285.03      London      1008  2024-03-15 19:10
2       283.50  Washington      1025  2024-03-15 19:10
3       286.60       Paris      1012  2024-03-15 19:09
4       285.12      London      1006  2024-03-15 19:09
5       283.31  Washington      1025  2024-03-15 19:09
6       286.60       Paris      1012  2024-03-15 19:08
7       285.12      London      1006  2024-03-15 19:08
8       283.31  Washington      1025  2024-03-15 19:08
9       286.60       Paris      1012  2024-03-15 19:07
[2024-03-15 19:10:06,424] {python.py:151} INFO - Done. Returned value was: None
[2024-03-15 19:10:06,444] {taskinstance.py:1211} INFO - Marking task as SUCCESS. dag_id=***_exam, task_id=transform_into_data.csv, execution_date=20240315T190900, start_date=20240315T191006, end_date=20240315T191006
[2024-03-15 19:10:06,493] {taskinstance.py:1265} INFO - 0 downstream tasks scheduled from follow-on schedule check
[2024-03-15 19:10:06,548] {local_task_job.py:151} INFO - Task exited with return code 0
