[2024-03-15 23:46:04,259] {taskinstance.py:896} INFO - Dependencies all met for <TaskInstance: airflow_exam.transform_into_data.csv 2024-03-15T23:45:00+00:00 [queued]>
[2024-03-15 23:46:04,284] {taskinstance.py:896} INFO - Dependencies all met for <TaskInstance: airflow_exam.transform_into_data.csv 2024-03-15T23:45:00+00:00 [queued]>
[2024-03-15 23:46:04,284] {taskinstance.py:1087} INFO - 
--------------------------------------------------------------------------------
[2024-03-15 23:46:04,284] {taskinstance.py:1088} INFO - Starting attempt 1 of 1
[2024-03-15 23:46:04,284] {taskinstance.py:1089} INFO - 
--------------------------------------------------------------------------------
[2024-03-15 23:46:04,300] {taskinstance.py:1107} INFO - Executing <Task(PythonOperator): transform_into_data.csv> on 2024-03-15T23:45:00+00:00
[2024-03-15 23:46:04,311] {standard_task_runner.py:52} INFO - Started process 93170 to run task
[2024-03-15 23:46:04,316] {standard_task_runner.py:76} INFO - Running: ['***', 'tasks', 'run', '***_exam', 'transform_into_data.csv', '2024-03-15T23:45:00+00:00', '--job-id', '4981', '--pool', 'default_pool', '--raw', '--subdir', 'DAGS_FOLDER/DAG.py', '--cfg-path', '/tmp/tmp9veyr5o2', '--error-file', '/tmp/tmpr80m5p37']
[2024-03-15 23:46:04,316] {standard_task_runner.py:77} INFO - Job 4981: Subtask transform_into_data.csv
[2024-03-15 23:46:04,380] {logging_mixin.py:104} INFO - Running <TaskInstance: ***_exam.transform_into_data.csv 2024-03-15T23:45:00+00:00 [running]> on host 3a3d0401ac26
[2024-03-15 23:46:04,462] {taskinstance.py:1302} INFO - Exporting the following env vars:
AIRFLOW_CTX_DAG_OWNER=***
AIRFLOW_CTX_DAG_ID=***_exam
AIRFLOW_CTX_TASK_ID=transform_into_data.csv
AIRFLOW_CTX_EXECUTION_DATE=2024-03-15T23:45:00+00:00
AIRFLOW_CTX_DAG_RUN_ID=scheduled__2024-03-15T23:45:00+00:00
[2024-03-15 23:46:04,470] {logging_mixin.py:104} INFO - 
[2024-03-15 23:46:04,500] {logging_mixin.py:104} INFO -     temperature        city  pression              date
0       285.15       Paris      1015  2024-03-15 23:46
1       281.85      London      1012  2024-03-15 23:46
2       289.37  Washington      1021  2024-03-15 23:46
3       285.15       Paris      1015  2024-03-15 23:45
4       281.85      London      1012  2024-03-15 23:45
5       289.37  Washington      1021  2024-03-15 23:45
6       285.15       Paris      1015  2024-03-15 23:44
7       281.85      London      1012  2024-03-15 23:44
8       289.37  Washington      1021  2024-03-15 23:44
9       285.15       Paris      1015  2024-03-15 23:43
[2024-03-15 23:46:04,505] {python.py:151} INFO - Done. Returned value was: None
[2024-03-15 23:46:04,521] {taskinstance.py:1211} INFO - Marking task as SUCCESS. dag_id=***_exam, task_id=transform_into_data.csv, execution_date=20240315T234500, start_date=20240315T234604, end_date=20240315T234604
[2024-03-15 23:46:04,562] {taskinstance.py:1265} INFO - 0 downstream tasks scheduled from follow-on schedule check
[2024-03-15 23:46:04,608] {local_task_job.py:151} INFO - Task exited with return code 0
