[2024-03-20 23:12:05,429] {taskinstance.py:896} INFO - Dependencies all met for <TaskInstance: airflow_exam.transform_into_data.csv 2024-03-20T23:11:00+00:00 [queued]>
[2024-03-20 23:12:05,448] {taskinstance.py:896} INFO - Dependencies all met for <TaskInstance: airflow_exam.transform_into_data.csv 2024-03-20T23:11:00+00:00 [queued]>
[2024-03-20 23:12:05,448] {taskinstance.py:1087} INFO - 
--------------------------------------------------------------------------------
[2024-03-20 23:12:05,448] {taskinstance.py:1088} INFO - Starting attempt 1 of 1
[2024-03-20 23:12:05,448] {taskinstance.py:1089} INFO - 
--------------------------------------------------------------------------------
[2024-03-20 23:12:05,474] {taskinstance.py:1107} INFO - Executing <Task(PythonOperator): transform_into_data.csv> on 2024-03-20T23:11:00+00:00
[2024-03-20 23:12:05,487] {standard_task_runner.py:52} INFO - Started process 33903 to run task
[2024-03-20 23:12:05,492] {standard_task_runner.py:76} INFO - Running: ['***', 'tasks', 'run', '***_exam', 'transform_into_data.csv', '2024-03-20T23:11:00+00:00', '--job-id', '7948', '--pool', 'default_pool', '--raw', '--subdir', 'DAGS_FOLDER/DAG.py', '--cfg-path', '/tmp/tmp7tigspee', '--error-file', '/tmp/tmpzc4blhw9']
[2024-03-20 23:12:05,493] {standard_task_runner.py:77} INFO - Job 7948: Subtask transform_into_data.csv
[2024-03-20 23:12:05,561] {logging_mixin.py:104} INFO - Running <TaskInstance: ***_exam.transform_into_data.csv 2024-03-20T23:11:00+00:00 [running]> on host 3a3d0401ac26
[2024-03-20 23:12:05,655] {taskinstance.py:1302} INFO - Exporting the following env vars:
AIRFLOW_CTX_DAG_OWNER=***
AIRFLOW_CTX_DAG_ID=***_exam
AIRFLOW_CTX_TASK_ID=transform_into_data.csv
AIRFLOW_CTX_EXECUTION_DATE=2024-03-20T23:11:00+00:00
AIRFLOW_CTX_DAG_RUN_ID=scheduled__2024-03-20T23:11:00+00:00
[2024-03-20 23:12:05,666] {logging_mixin.py:104} INFO - 
[2024-03-20 23:12:05,699] {logging_mixin.py:104} INFO -     temperature        city  pression              date
0       286.58       Paris      1020  2024-03-20 23:12
1       285.10      London      1022  2024-03-20 23:12
2       290.36  Washington      1007  2024-03-20 23:12
3       286.58       Paris      1020  2024-03-20 23:11
4       285.07      London      1022  2024-03-20 23:11
5       291.08  Washington      1007  2024-03-20 23:11
6       286.58       Paris      1020  2024-03-20 23:10
7       285.07      London      1022  2024-03-20 23:10
8       291.08  Washington      1007  2024-03-20 23:10
9       286.58       Paris      1020  2024-03-20 23:09
[2024-03-20 23:12:05,707] {python.py:151} INFO - Done. Returned value was: None
[2024-03-20 23:12:05,724] {taskinstance.py:1211} INFO - Marking task as SUCCESS. dag_id=***_exam, task_id=transform_into_data.csv, execution_date=20240320T231100, start_date=20240320T231205, end_date=20240320T231205
[2024-03-20 23:12:05,770] {taskinstance.py:1265} INFO - 0 downstream tasks scheduled from follow-on schedule check
[2024-03-20 23:12:05,785] {local_task_job.py:151} INFO - Task exited with return code 0
