[2024-03-21 19:42:04,099] {taskinstance.py:896} INFO - Dependencies all met for <TaskInstance: airflow_exam.transform_into_data.csv 2024-03-21T19:41:00+00:00 [queued]>
[2024-03-21 19:42:04,123] {taskinstance.py:896} INFO - Dependencies all met for <TaskInstance: airflow_exam.transform_into_data.csv 2024-03-21T19:41:00+00:00 [queued]>
[2024-03-21 19:42:04,123] {taskinstance.py:1087} INFO - 
--------------------------------------------------------------------------------
[2024-03-21 19:42:04,124] {taskinstance.py:1088} INFO - Starting attempt 1 of 1
[2024-03-21 19:42:04,124] {taskinstance.py:1089} INFO - 
--------------------------------------------------------------------------------
[2024-03-21 19:42:04,135] {taskinstance.py:1107} INFO - Executing <Task(PythonOperator): transform_into_data.csv> on 2024-03-21T19:41:00+00:00
[2024-03-21 19:42:04,144] {standard_task_runner.py:52} INFO - Started process 51995 to run task
[2024-03-21 19:42:04,147] {standard_task_runner.py:76} INFO - Running: ['***', 'tasks', 'run', '***_exam', 'transform_into_data.csv', '2024-03-21T19:41:00+00:00', '--job-id', '10739', '--pool', 'default_pool', '--raw', '--subdir', 'DAGS_FOLDER/DAG.py', '--cfg-path', '/tmp/tmptyy0bq_r', '--error-file', '/tmp/tmpdjj4c7ve']
[2024-03-21 19:42:04,147] {standard_task_runner.py:77} INFO - Job 10739: Subtask transform_into_data.csv
[2024-03-21 19:42:04,193] {logging_mixin.py:104} INFO - Running <TaskInstance: ***_exam.transform_into_data.csv 2024-03-21T19:41:00+00:00 [running]> on host 3a3d0401ac26
[2024-03-21 19:42:04,262] {taskinstance.py:1302} INFO - Exporting the following env vars:
AIRFLOW_CTX_DAG_OWNER=***
AIRFLOW_CTX_DAG_ID=***_exam
AIRFLOW_CTX_TASK_ID=transform_into_data.csv
AIRFLOW_CTX_EXECUTION_DATE=2024-03-21T19:41:00+00:00
AIRFLOW_CTX_DAG_RUN_ID=scheduled__2024-03-21T19:41:00+00:00
[2024-03-21 19:42:04,269] {logging_mixin.py:104} INFO - 
[2024-03-21 19:42:04,287] {logging_mixin.py:104} INFO -     temperature        city  pression              date
0       288.61       Paris      1025  2024-03-21 19:42
1       286.75      London      1022  2024-03-21 19:42
2       286.81  Washington      1014  2024-03-21 19:42
3       288.65       Paris      1025  2024-03-21 19:41
4       286.75      London      1022  2024-03-21 19:41
5       286.81  Washington      1014  2024-03-21 19:41
6       288.65       Paris      1025  2024-03-21 19:40
7       286.75      London      1022  2024-03-21 19:40
8       286.59  Washington      1014  2024-03-21 19:40
9       288.65       Paris      1025  2024-03-21 19:39
[2024-03-21 19:42:04,291] {python.py:151} INFO - Done. Returned value was: None
[2024-03-21 19:42:04,305] {taskinstance.py:1211} INFO - Marking task as SUCCESS. dag_id=***_exam, task_id=transform_into_data.csv, execution_date=20240321T194100, start_date=20240321T194204, end_date=20240321T194204
[2024-03-21 19:42:04,337] {taskinstance.py:1265} INFO - 0 downstream tasks scheduled from follow-on schedule check
[2024-03-21 19:42:04,359] {local_task_job.py:151} INFO - Task exited with return code 0
