[2024-03-15 23:06:04,415] {taskinstance.py:896} INFO - Dependencies all met for <TaskInstance: airflow_exam.transform_into_data.csv 2024-03-15T23:05:00+00:00 [queued]>
[2024-03-15 23:06:04,444] {taskinstance.py:896} INFO - Dependencies all met for <TaskInstance: airflow_exam.transform_into_data.csv 2024-03-15T23:05:00+00:00 [queued]>
[2024-03-15 23:06:04,444] {taskinstance.py:1087} INFO - 
--------------------------------------------------------------------------------
[2024-03-15 23:06:04,444] {taskinstance.py:1088} INFO - Starting attempt 1 of 1
[2024-03-15 23:06:04,444] {taskinstance.py:1089} INFO - 
--------------------------------------------------------------------------------
[2024-03-15 23:06:04,461] {taskinstance.py:1107} INFO - Executing <Task(PythonOperator): transform_into_data.csv> on 2024-03-15T23:05:00+00:00
[2024-03-15 23:06:04,475] {standard_task_runner.py:52} INFO - Started process 85004 to run task
[2024-03-15 23:06:04,480] {standard_task_runner.py:76} INFO - Running: ['***', 'tasks', 'run', '***_exam', 'transform_into_data.csv', '2024-03-15T23:05:00+00:00', '--job-id', '4701', '--pool', 'default_pool', '--raw', '--subdir', 'DAGS_FOLDER/DAG.py', '--cfg-path', '/tmp/tmpqzhe8zfr', '--error-file', '/tmp/tmp7vzv0fnt']
[2024-03-15 23:06:04,481] {standard_task_runner.py:77} INFO - Job 4701: Subtask transform_into_data.csv
[2024-03-15 23:06:04,550] {logging_mixin.py:104} INFO - Running <TaskInstance: ***_exam.transform_into_data.csv 2024-03-15T23:05:00+00:00 [running]> on host 3a3d0401ac26
[2024-03-15 23:06:04,638] {taskinstance.py:1302} INFO - Exporting the following env vars:
AIRFLOW_CTX_DAG_OWNER=***
AIRFLOW_CTX_DAG_ID=***_exam
AIRFLOW_CTX_TASK_ID=transform_into_data.csv
AIRFLOW_CTX_EXECUTION_DATE=2024-03-15T23:05:00+00:00
AIRFLOW_CTX_DAG_RUN_ID=scheduled__2024-03-15T23:05:00+00:00
[2024-03-15 23:06:04,647] {logging_mixin.py:104} INFO - 
[2024-03-15 23:06:04,673] {logging_mixin.py:104} INFO -     temperature        city  pression              date
0       285.13       Paris      1015  2024-03-15 23:06
1       282.40      London      1011  2024-03-15 23:06
2       289.24  Washington      1022  2024-03-15 23:06
3       285.13       Paris      1015  2024-03-15 23:05
4       282.40      London      1011  2024-03-15 23:05
5       289.24  Washington      1022  2024-03-15 23:05
6       285.38       Paris      1015  2024-03-15 23:04
7       282.48      London      1012  2024-03-15 23:04
8       289.50  Washington      1022  2024-03-15 23:04
9       285.38       Paris      1015  2024-03-15 23:03
[2024-03-15 23:06:04,678] {python.py:151} INFO - Done. Returned value was: None
[2024-03-15 23:06:04,694] {taskinstance.py:1211} INFO - Marking task as SUCCESS. dag_id=***_exam, task_id=transform_into_data.csv, execution_date=20240315T230500, start_date=20240315T230604, end_date=20240315T230604
[2024-03-15 23:06:04,739] {taskinstance.py:1265} INFO - 0 downstream tasks scheduled from follow-on schedule check
[2024-03-15 23:06:04,772] {local_task_job.py:151} INFO - Task exited with return code 0
