[2023-10-06 19:52:04,743] {taskinstance.py:896} INFO - Dependencies all met for <TaskInstance: airflow_exam.compute_dt_score 2023-10-06T19:51:00+00:00 [queued]>
[2023-10-06 19:52:04,757] {taskinstance.py:896} INFO - Dependencies all met for <TaskInstance: airflow_exam.compute_dt_score 2023-10-06T19:51:00+00:00 [queued]>
[2023-10-06 19:52:04,757] {taskinstance.py:1087} INFO - 
--------------------------------------------------------------------------------
[2023-10-06 19:52:04,757] {taskinstance.py:1088} INFO - Starting attempt 1 of 1
[2023-10-06 19:52:04,757] {taskinstance.py:1089} INFO - 
--------------------------------------------------------------------------------
[2023-10-06 19:52:04,805] {taskinstance.py:1107} INFO - Executing <Task(PythonOperator): compute_dt_score> on 2023-10-06T19:51:00+00:00
[2023-10-06 19:52:04,815] {standard_task_runner.py:52} INFO - Started process 9690 to run task
[2023-10-06 19:52:04,819] {standard_task_runner.py:76} INFO - Running: ['***', 'tasks', 'run', '***_exam', 'compute_dt_score', '2023-10-06T19:51:00+00:00', '--job-id', '616', '--pool', 'default_pool', '--raw', '--subdir', 'DAGS_FOLDER/DAG.py', '--cfg-path', '/tmp/tmp2li3teuq', '--error-file', '/tmp/tmpyb62pa68']
[2023-10-06 19:52:04,820] {standard_task_runner.py:77} INFO - Job 616: Subtask compute_dt_score
[2023-10-06 19:52:04,871] {logging_mixin.py:104} INFO - Running <TaskInstance: ***_exam.compute_dt_score 2023-10-06T19:51:00+00:00 [running]> on host 3a3d0401ac26
[2023-10-06 19:52:04,935] {taskinstance.py:1302} INFO - Exporting the following env vars:
AIRFLOW_CTX_DAG_OWNER=***
AIRFLOW_CTX_DAG_ID=***_exam
AIRFLOW_CTX_TASK_ID=compute_dt_score
AIRFLOW_CTX_EXECUTION_DATE=2023-10-06T19:51:00+00:00
AIRFLOW_CTX_DAG_RUN_ID=scheduled__2023-10-06T19:51:00+00:00
[2023-10-06 19:52:05,091] {python.py:151} INFO - Done. Returned value was: None
[2023-10-06 19:52:05,103] {taskinstance.py:1211} INFO - Marking task as SUCCESS. dag_id=***_exam, task_id=compute_dt_score, execution_date=20231006T195100, start_date=20231006T195204, end_date=20231006T195205
[2023-10-06 19:52:05,140] {taskinstance.py:1265} INFO - 0 downstream tasks scheduled from follow-on schedule check
[2023-10-06 19:52:05,151] {local_task_job.py:151} INFO - Task exited with return code 0
