[2024-03-20 20:31:53,075] {taskinstance.py:896} INFO - Dependencies all met for <TaskInstance: airflow_exam.transform_into_data.csv 2024-03-16T04:07:00+00:00 [queued]>
[2024-03-20 20:31:53,095] {taskinstance.py:896} INFO - Dependencies all met for <TaskInstance: airflow_exam.transform_into_data.csv 2024-03-16T04:07:00+00:00 [queued]>
[2024-03-20 20:31:53,095] {taskinstance.py:1087} INFO - 
--------------------------------------------------------------------------------
[2024-03-20 20:31:53,095] {taskinstance.py:1088} INFO - Starting attempt 1 of 1
[2024-03-20 20:31:53,096] {taskinstance.py:1089} INFO - 
--------------------------------------------------------------------------------
[2024-03-20 20:31:53,121] {taskinstance.py:1107} INFO - Executing <Task(PythonOperator): transform_into_data.csv> on 2024-03-16T04:07:00+00:00
[2024-03-20 20:31:53,133] {standard_task_runner.py:52} INFO - Started process 185 to run task
[2024-03-20 20:31:53,138] {standard_task_runner.py:76} INFO - Running: ['***', 'tasks', 'run', '***_exam', 'transform_into_data.csv', '2024-03-16T04:07:00+00:00', '--job-id', '6831', '--pool', 'default_pool', '--raw', '--subdir', 'DAGS_FOLDER/DAG.py', '--cfg-path', '/tmp/tmpuv5ly_sy', '--error-file', '/tmp/tmpm2xp2ulx']
[2024-03-20 20:31:53,138] {standard_task_runner.py:77} INFO - Job 6831: Subtask transform_into_data.csv
[2024-03-20 20:31:53,215] {logging_mixin.py:104} INFO - Running <TaskInstance: ***_exam.transform_into_data.csv 2024-03-16T04:07:00+00:00 [running]> on host 3a3d0401ac26
[2024-03-20 20:31:53,296] {taskinstance.py:1302} INFO - Exporting the following env vars:
AIRFLOW_CTX_DAG_OWNER=***
AIRFLOW_CTX_DAG_ID=***_exam
AIRFLOW_CTX_TASK_ID=transform_into_data.csv
AIRFLOW_CTX_EXECUTION_DATE=2024-03-16T04:07:00+00:00
AIRFLOW_CTX_DAG_RUN_ID=scheduled__2024-03-16T04:07:00+00:00
[2024-03-20 20:31:53,303] {logging_mixin.py:104} INFO - 
[2024-03-20 20:31:53,330] {logging_mixin.py:104} INFO -     temperature        city  pression              date
0       287.71       Paris      1018  2024-03-20 20:31
1       286.99      London      1020  2024-03-20 20:31
2       290.18  Washington      1009  2024-03-20 20:31
3       283.91       Paris      1018  2024-03-16 04:07
4       281.50      London      1016  2024-03-16 04:07
5       281.64  Washington      1023  2024-03-16 04:07
6       283.91       Paris      1018  2024-03-16 04:06
7       281.50      London      1016  2024-03-16 04:06
8       281.64  Washington      1023  2024-03-16 04:06
9       283.91       Paris      1018  2024-03-16 04:05
[2024-03-20 20:31:53,335] {python.py:151} INFO - Done. Returned value was: None
[2024-03-20 20:31:53,351] {taskinstance.py:1211} INFO - Marking task as SUCCESS. dag_id=***_exam, task_id=transform_into_data.csv, execution_date=20240316T040700, start_date=20240320T203153, end_date=20240320T203153
[2024-03-20 20:31:53,389] {taskinstance.py:1265} INFO - 0 downstream tasks scheduled from follow-on schedule check
[2024-03-20 20:31:53,431] {local_task_job.py:151} INFO - Task exited with return code 0
