[2024-03-21 19:53:04,452] {taskinstance.py:896} INFO - Dependencies all met for <TaskInstance: airflow_exam.transform_into_data.csv 2024-03-21T19:52:00+00:00 [queued]>
[2024-03-21 19:53:04,471] {taskinstance.py:896} INFO - Dependencies all met for <TaskInstance: airflow_exam.transform_into_data.csv 2024-03-21T19:52:00+00:00 [queued]>
[2024-03-21 19:53:04,472] {taskinstance.py:1087} INFO - 
--------------------------------------------------------------------------------
[2024-03-21 19:53:04,472] {taskinstance.py:1088} INFO - Starting attempt 1 of 1
[2024-03-21 19:53:04,472] {taskinstance.py:1089} INFO - 
--------------------------------------------------------------------------------
[2024-03-21 19:53:04,482] {taskinstance.py:1107} INFO - Executing <Task(PythonOperator): transform_into_data.csv> on 2024-03-21T19:52:00+00:00
[2024-03-21 19:53:04,491] {standard_task_runner.py:52} INFO - Started process 54410 to run task
[2024-03-21 19:53:04,495] {standard_task_runner.py:76} INFO - Running: ['***', 'tasks', 'run', '***_exam', 'transform_into_data.csv', '2024-03-21T19:52:00+00:00', '--job-id', '10816', '--pool', 'default_pool', '--raw', '--subdir', 'DAGS_FOLDER/DAG.py', '--cfg-path', '/tmp/tmpltlm17a7', '--error-file', '/tmp/tmpma32q4jl']
[2024-03-21 19:53:04,495] {standard_task_runner.py:77} INFO - Job 10816: Subtask transform_into_data.csv
[2024-03-21 19:53:04,543] {logging_mixin.py:104} INFO - Running <TaskInstance: ***_exam.transform_into_data.csv 2024-03-21T19:52:00+00:00 [running]> on host 3a3d0401ac26
[2024-03-21 19:53:04,617] {taskinstance.py:1302} INFO - Exporting the following env vars:
AIRFLOW_CTX_DAG_OWNER=***
AIRFLOW_CTX_DAG_ID=***_exam
AIRFLOW_CTX_TASK_ID=transform_into_data.csv
AIRFLOW_CTX_EXECUTION_DATE=2024-03-21T19:52:00+00:00
AIRFLOW_CTX_DAG_RUN_ID=scheduled__2024-03-21T19:52:00+00:00
[2024-03-21 19:53:04,624] {logging_mixin.py:104} INFO - 
[2024-03-21 19:53:04,645] {logging_mixin.py:104} INFO -     temperature        city  pression              date
0       288.38       Paris      1025  2024-03-21 19:53
1       286.64      London      1022  2024-03-21 19:53
2       286.95  Washington      1014  2024-03-21 19:53
3       288.38       Paris      1025  2024-03-21 19:52
4       286.59      London      1022  2024-03-21 19:52
5       287.00  Washington      1014  2024-03-21 19:52
6       288.38       Paris      1025  2024-03-21 19:51
7       286.59      London      1022  2024-03-21 19:51
8       287.00  Washington      1014  2024-03-21 19:51
9       288.38       Paris      1025  2024-03-21 19:50
[2024-03-21 19:53:04,650] {python.py:151} INFO - Done. Returned value was: None
[2024-03-21 19:53:04,664] {taskinstance.py:1211} INFO - Marking task as SUCCESS. dag_id=***_exam, task_id=transform_into_data.csv, execution_date=20240321T195200, start_date=20240321T195304, end_date=20240321T195304
[2024-03-21 19:53:04,699] {taskinstance.py:1265} INFO - 0 downstream tasks scheduled from follow-on schedule check
[2024-03-21 19:53:04,747] {local_task_job.py:151} INFO - Task exited with return code 0
