[2024-03-21 17:30:05,746] {taskinstance.py:896} INFO - Dependencies all met for <TaskInstance: airflow_exam.transform_into_fulldata.csv 2024-03-21T17:29:00+00:00 [queued]>
[2024-03-21 17:30:05,776] {taskinstance.py:896} INFO - Dependencies all met for <TaskInstance: airflow_exam.transform_into_fulldata.csv 2024-03-21T17:29:00+00:00 [queued]>
[2024-03-21 17:30:05,776] {taskinstance.py:1087} INFO - 
--------------------------------------------------------------------------------
[2024-03-21 17:30:05,776] {taskinstance.py:1088} INFO - Starting attempt 1 of 1
[2024-03-21 17:30:05,776] {taskinstance.py:1089} INFO - 
--------------------------------------------------------------------------------
[2024-03-21 17:30:05,795] {taskinstance.py:1107} INFO - Executing <Task(PythonOperator): transform_into_fulldata.csv> on 2024-03-21T17:29:00+00:00
[2024-03-21 17:30:05,807] {standard_task_runner.py:52} INFO - Started process 23544 to run task
[2024-03-21 17:30:05,812] {standard_task_runner.py:76} INFO - Running: ['***', 'tasks', 'run', '***_exam', 'transform_into_fulldata.csv', '2024-03-21T17:29:00+00:00', '--job-id', '9814', '--pool', 'default_pool', '--raw', '--subdir', 'DAGS_FOLDER/DAG.py', '--cfg-path', '/tmp/tmpp4sttx0x', '--error-file', '/tmp/tmpk1k23w4e']
[2024-03-21 17:30:05,813] {standard_task_runner.py:77} INFO - Job 9814: Subtask transform_into_fulldata.csv
[2024-03-21 17:30:05,883] {logging_mixin.py:104} INFO - Running <TaskInstance: ***_exam.transform_into_fulldata.csv 2024-03-21T17:29:00+00:00 [running]> on host 3a3d0401ac26
[2024-03-21 17:30:05,972] {taskinstance.py:1302} INFO - Exporting the following env vars:
AIRFLOW_CTX_DAG_OWNER=***
AIRFLOW_CTX_DAG_ID=***_exam
AIRFLOW_CTX_TASK_ID=transform_into_fulldata.csv
AIRFLOW_CTX_EXECUTION_DATE=2024-03-21T17:29:00+00:00
AIRFLOW_CTX_DAG_RUN_ID=scheduled__2024-03-21T17:29:00+00:00
[2024-03-21 17:30:06,134] {logging_mixin.py:104} INFO - 
[2024-03-21 17:30:06,164] {logging_mixin.py:104} INFO -     temperature        city  pression              date
0       291.53       Paris      1025  2024-03-21 17:30
1       288.66      London      1022  2024-03-21 17:30
2       282.80  Washington      1015  2024-03-21 17:30
3       291.53       Paris      1025  2024-03-21 17:29
4       288.66      London      1022  2024-03-21 17:29
5       282.80  Washington      1015  2024-03-21 17:29
6       291.53       Paris      1025  2024-03-21 17:28
7       288.66      London      1022  2024-03-21 17:28
8       282.80  Washington      1015  2024-03-21 17:28
9       291.74       Paris      1025  2024-03-21 17:27
[2024-03-21 17:30:06,184] {python.py:151} INFO - Done. Returned value was: None
[2024-03-21 17:30:06,205] {taskinstance.py:1211} INFO - Marking task as SUCCESS. dag_id=***_exam, task_id=transform_into_fulldata.csv, execution_date=20240321T172900, start_date=20240321T173005, end_date=20240321T173006
[2024-03-21 17:30:06,255] {taskinstance.py:1265} INFO - 3 downstream tasks scheduled from follow-on schedule check
[2024-03-21 17:30:06,306] {local_task_job.py:151} INFO - Task exited with return code 0
