[2024-03-15 18:56:05,026] {taskinstance.py:896} INFO - Dependencies all met for <TaskInstance: airflow_exam.transform_into_fulldata.csv 2024-03-15T18:55:00+00:00 [queued]>
[2024-03-15 18:56:05,048] {taskinstance.py:896} INFO - Dependencies all met for <TaskInstance: airflow_exam.transform_into_fulldata.csv 2024-03-15T18:55:00+00:00 [queued]>
[2024-03-15 18:56:05,048] {taskinstance.py:1087} INFO - 
--------------------------------------------------------------------------------
[2024-03-15 18:56:05,048] {taskinstance.py:1088} INFO - Starting attempt 1 of 1
[2024-03-15 18:56:05,048] {taskinstance.py:1089} INFO - 
--------------------------------------------------------------------------------
[2024-03-15 18:56:05,060] {taskinstance.py:1107} INFO - Executing <Task(PythonOperator): transform_into_fulldata.csv> on 2024-03-15T18:55:00+00:00
[2024-03-15 18:56:05,070] {standard_task_runner.py:52} INFO - Started process 51667 to run task
[2024-03-15 18:56:05,074] {standard_task_runner.py:76} INFO - Running: ['***', 'tasks', 'run', '***_exam', 'transform_into_fulldata.csv', '2024-03-15T18:55:00+00:00', '--job-id', '3544', '--pool', 'default_pool', '--raw', '--subdir', 'DAGS_FOLDER/DAG.py', '--cfg-path', '/tmp/tmpmwmgjlnd', '--error-file', '/tmp/tmp3b2uh3pg']
[2024-03-15 18:56:05,075] {standard_task_runner.py:77} INFO - Job 3544: Subtask transform_into_fulldata.csv
[2024-03-15 18:56:05,127] {logging_mixin.py:104} INFO - Running <TaskInstance: ***_exam.transform_into_fulldata.csv 2024-03-15T18:55:00+00:00 [running]> on host 3a3d0401ac26
[2024-03-15 18:56:05,201] {taskinstance.py:1302} INFO - Exporting the following env vars:
AIRFLOW_CTX_DAG_OWNER=***
AIRFLOW_CTX_DAG_ID=***_exam
AIRFLOW_CTX_TASK_ID=transform_into_fulldata.csv
AIRFLOW_CTX_EXECUTION_DATE=2024-03-15T18:55:00+00:00
AIRFLOW_CTX_DAG_RUN_ID=scheduled__2024-03-15T18:55:00+00:00
[2024-03-15 18:56:05,250] {logging_mixin.py:104} INFO - 
[2024-03-15 18:56:05,277] {logging_mixin.py:104} INFO -     temperature        city  pression              date
0       286.76       Paris      1012  2024-03-15 18:56
1       285.19      London      1006  2024-03-15 18:56
2       283.16  Washington      1025  2024-03-15 18:56
3       286.63       Paris      1012  2024-03-15 18:55
4       285.28      London      1006  2024-03-15 18:55
5       282.57  Washington      1025  2024-03-15 18:55
6       286.63       Paris      1012  2024-03-15 18:54
7       285.28      London      1006  2024-03-15 18:54
8       282.57  Washington      1025  2024-03-15 18:54
9       286.73       Paris      1012  2024-03-15 18:53
[2024-03-15 18:56:05,286] {python.py:151} INFO - Done. Returned value was: None
[2024-03-15 18:56:05,299] {taskinstance.py:1211} INFO - Marking task as SUCCESS. dag_id=***_exam, task_id=transform_into_fulldata.csv, execution_date=20240315T185500, start_date=20240315T185605, end_date=20240315T185605
[2024-03-15 18:56:05,341] {taskinstance.py:1265} INFO - 3 downstream tasks scheduled from follow-on schedule check
[2024-03-15 18:56:05,367] {local_task_job.py:151} INFO - Task exited with return code 0
