[2023-10-05 16:39:00,811] {taskinstance.py:896} INFO - Dependencies all met for <TaskInstance: airflow_exam.retrieve_raw_data 2023-10-05T16:38:00+00:00 [queued]>
[2023-10-05 16:39:00,826] {taskinstance.py:896} INFO - Dependencies all met for <TaskInstance: airflow_exam.retrieve_raw_data 2023-10-05T16:38:00+00:00 [queued]>
[2023-10-05 16:39:00,826] {taskinstance.py:1087} INFO - 
--------------------------------------------------------------------------------
[2023-10-05 16:39:00,826] {taskinstance.py:1088} INFO - Starting attempt 1 of 6
[2023-10-05 16:39:00,827] {taskinstance.py:1089} INFO - 
--------------------------------------------------------------------------------
[2023-10-05 16:39:00,844] {taskinstance.py:1107} INFO - Executing <Task(PythonOperator): retrieve_raw_data> on 2023-10-05T16:38:00+00:00
[2023-10-05 16:39:00,850] {standard_task_runner.py:52} INFO - Started process 14848 to run task
[2023-10-05 16:39:00,855] {standard_task_runner.py:76} INFO - Running: ['***', 'tasks', 'run', '***_exam', 'retrieve_raw_data', '2023-10-05T16:38:00+00:00', '--job-id', '120', '--pool', 'default_pool', '--raw', '--subdir', 'DAGS_FOLDER/DAG.py', '--cfg-path', '/tmp/tmpyzg3el8m', '--error-file', '/tmp/tmpr7udp8s0']
[2023-10-05 16:39:00,856] {standard_task_runner.py:77} INFO - Job 120: Subtask retrieve_raw_data
[2023-10-05 16:39:00,908] {logging_mixin.py:104} INFO - Running <TaskInstance: ***_exam.retrieve_raw_data 2023-10-05T16:38:00+00:00 [running]> on host 3a3d0401ac26
[2023-10-05 16:39:00,978] {taskinstance.py:1302} INFO - Exporting the following env vars:
AIRFLOW_CTX_DAG_OWNER=***
AIRFLOW_CTX_DAG_ID=***_exam
AIRFLOW_CTX_TASK_ID=retrieve_raw_data
AIRFLOW_CTX_EXECUTION_DATE=2023-10-05T16:38:00+00:00
AIRFLOW_CTX_DAG_RUN_ID=scheduled__2023-10-05T16:38:00+00:00
[2023-10-05 16:39:01,604] {python.py:151} INFO - Done. Returned value was: None
[2023-10-05 16:39:01,619] {taskinstance.py:1211} INFO - Marking task as SUCCESS. dag_id=***_exam, task_id=retrieve_raw_data, execution_date=20231005T163800, start_date=20231005T163900, end_date=20231005T163901
[2023-10-05 16:39:01,656] {taskinstance.py:1265} INFO - 0 downstream tasks scheduled from follow-on schedule check
[2023-10-05 16:39:01,669] {local_task_job.py:151} INFO - Task exited with return code 0
