[2024-04-01 23:26:08,556] {taskinstance.py:896} INFO - Dependencies all met for <TaskInstance: airflow_exam.compute_rf_score 2024-04-01T23:25:00+00:00 [queued]>
[2024-04-01 23:26:08,578] {taskinstance.py:896} INFO - Dependencies all met for <TaskInstance: airflow_exam.compute_rf_score 2024-04-01T23:25:00+00:00 [queued]>
[2024-04-01 23:26:08,578] {taskinstance.py:1087} INFO - 
--------------------------------------------------------------------------------
[2024-04-01 23:26:08,578] {taskinstance.py:1088} INFO - Starting attempt 1 of 1
[2024-04-01 23:26:08,578] {taskinstance.py:1089} INFO - 
--------------------------------------------------------------------------------
[2024-04-01 23:26:08,600] {taskinstance.py:1107} INFO - Executing <Task(PythonOperator): compute_rf_score> on 2024-04-01T23:25:00+00:00
[2024-04-01 23:26:08,613] {standard_task_runner.py:52} INFO - Started process 1699 to run task
[2024-04-01 23:26:08,618] {standard_task_runner.py:76} INFO - Running: ['***', 'tasks', 'run', '***_exam', 'compute_rf_score', '2024-04-01T23:25:00+00:00', '--job-id', '11257', '--pool', 'default_pool', '--raw', '--subdir', 'DAGS_FOLDER/DAG.py', '--cfg-path', '/tmp/tmp8w4uxvi_', '--error-file', '/tmp/tmp2ixce4sr']
[2024-04-01 23:26:08,619] {standard_task_runner.py:77} INFO - Job 11257: Subtask compute_rf_score
[2024-04-01 23:26:08,684] {logging_mixin.py:104} INFO - Running <TaskInstance: ***_exam.compute_rf_score 2024-04-01T23:25:00+00:00 [running]> on host 3a3d0401ac26
[2024-04-01 23:26:08,769] {taskinstance.py:1302} INFO - Exporting the following env vars:
AIRFLOW_CTX_DAG_OWNER=***
AIRFLOW_CTX_DAG_ID=***_exam
AIRFLOW_CTX_TASK_ID=compute_rf_score
AIRFLOW_CTX_EXECUTION_DATE=2024-04-01T23:25:00+00:00
AIRFLOW_CTX_DAG_RUN_ID=scheduled__2024-04-01T23:25:00+00:00
[2024-04-01 23:26:13,099] {python.py:151} INFO - Done. Returned value was: None
[2024-04-01 23:26:13,110] {taskinstance.py:1211} INFO - Marking task as SUCCESS. dag_id=***_exam, task_id=compute_rf_score, execution_date=20240401T232500, start_date=20240401T232608, end_date=20240401T232613
[2024-04-01 23:26:13,142] {taskinstance.py:1265} INFO - 1 downstream tasks scheduled from follow-on schedule check
[2024-04-01 23:26:13,169] {local_task_job.py:151} INFO - Task exited with return code 0
