[2024-03-16 02:43:04,300] {taskinstance.py:896} INFO - Dependencies all met for <TaskInstance: airflow_exam.transform_into_data.csv 2024-03-16T02:42:00+00:00 [queued]>
[2024-03-16 02:43:04,330] {taskinstance.py:896} INFO - Dependencies all met for <TaskInstance: airflow_exam.transform_into_data.csv 2024-03-16T02:42:00+00:00 [queued]>
[2024-03-16 02:43:04,330] {taskinstance.py:1087} INFO - 
--------------------------------------------------------------------------------
[2024-03-16 02:43:04,330] {taskinstance.py:1088} INFO - Starting attempt 1 of 1
[2024-03-16 02:43:04,330] {taskinstance.py:1089} INFO - 
--------------------------------------------------------------------------------
[2024-03-16 02:43:04,345] {taskinstance.py:1107} INFO - Executing <Task(PythonOperator): transform_into_data.csv> on 2024-03-16T02:42:00+00:00
[2024-03-16 02:43:04,357] {standard_task_runner.py:52} INFO - Started process 130639 to run task
[2024-03-16 02:43:04,361] {standard_task_runner.py:76} INFO - Running: ['***', 'tasks', 'run', '***_exam', 'transform_into_data.csv', '2024-03-16T02:42:00+00:00', '--job-id', '6212', '--pool', 'default_pool', '--raw', '--subdir', 'DAGS_FOLDER/DAG.py', '--cfg-path', '/tmp/tmpvac7yjf6', '--error-file', '/tmp/tmphicacbi7']
[2024-03-16 02:43:04,361] {standard_task_runner.py:77} INFO - Job 6212: Subtask transform_into_data.csv
[2024-03-16 02:43:04,425] {logging_mixin.py:104} INFO - Running <TaskInstance: ***_exam.transform_into_data.csv 2024-03-16T02:42:00+00:00 [running]> on host 3a3d0401ac26
[2024-03-16 02:43:04,526] {taskinstance.py:1302} INFO - Exporting the following env vars:
AIRFLOW_CTX_DAG_OWNER=***
AIRFLOW_CTX_DAG_ID=***_exam
AIRFLOW_CTX_TASK_ID=transform_into_data.csv
AIRFLOW_CTX_EXECUTION_DATE=2024-03-16T02:42:00+00:00
AIRFLOW_CTX_DAG_RUN_ID=scheduled__2024-03-16T02:42:00+00:00
[2024-03-16 02:43:04,541] {logging_mixin.py:104} INFO - 
[2024-03-16 02:43:04,574] {logging_mixin.py:104} INFO -     temperature        city  pression              date
0       284.22       Paris      1017  2024-03-16 02:43
1       281.33      London      1015  2024-03-16 02:43
2       280.63  Washington      1023  2024-03-16 02:43
3       284.22       Paris      1017  2024-03-16 02:42
4       281.33      London      1015  2024-03-16 02:42
5       280.63  Washington      1023  2024-03-16 02:42
6       284.22       Paris      1017  2024-03-16 02:41
7       281.33      London      1015  2024-03-16 02:41
8       283.95  Washington      1023  2024-03-16 02:41
9       284.22       Paris      1017  2024-03-16 02:40
[2024-03-16 02:43:04,579] {python.py:151} INFO - Done. Returned value was: None
[2024-03-16 02:43:04,592] {taskinstance.py:1211} INFO - Marking task as SUCCESS. dag_id=***_exam, task_id=transform_into_data.csv, execution_date=20240316T024200, start_date=20240316T024304, end_date=20240316T024304
[2024-03-16 02:43:04,625] {taskinstance.py:1265} INFO - 0 downstream tasks scheduled from follow-on schedule check
[2024-03-16 02:43:04,654] {local_task_job.py:151} INFO - Task exited with return code 0
