[2023-10-06 19:23:05,122] {taskinstance.py:896} INFO - Dependencies all met for <TaskInstance: airflow_exam.transform_into_data.csv 2023-10-06T19:22:00+00:00 [queued]>
[2023-10-06 19:23:05,140] {taskinstance.py:896} INFO - Dependencies all met for <TaskInstance: airflow_exam.transform_into_data.csv 2023-10-06T19:22:00+00:00 [queued]>
[2023-10-06 19:23:05,141] {taskinstance.py:1087} INFO - 
--------------------------------------------------------------------------------
[2023-10-06 19:23:05,141] {taskinstance.py:1088} INFO - Starting attempt 1 of 1
[2023-10-06 19:23:05,141] {taskinstance.py:1089} INFO - 
--------------------------------------------------------------------------------
[2023-10-06 19:23:05,165] {taskinstance.py:1107} INFO - Executing <Task(PythonOperator): transform_into_data.csv> on 2023-10-06T19:22:00+00:00
[2023-10-06 19:23:05,180] {standard_task_runner.py:52} INFO - Started process 4118 to run task
[2023-10-06 19:23:05,186] {standard_task_runner.py:76} INFO - Running: ['***', 'tasks', 'run', '***_exam', 'transform_into_data.csv', '2023-10-06T19:22:00+00:00', '--job-id', '412', '--pool', 'default_pool', '--raw', '--subdir', 'DAGS_FOLDER/DAG.py', '--cfg-path', '/tmp/tmp3msks1o4', '--error-file', '/tmp/tmplmjhutb8']
[2023-10-06 19:23:05,187] {standard_task_runner.py:77} INFO - Job 412: Subtask transform_into_data.csv
[2023-10-06 19:23:05,261] {logging_mixin.py:104} INFO - Running <TaskInstance: ***_exam.transform_into_data.csv 2023-10-06T19:22:00+00:00 [running]> on host 3a3d0401ac26
[2023-10-06 19:23:05,353] {taskinstance.py:1302} INFO - Exporting the following env vars:
AIRFLOW_CTX_DAG_OWNER=***
AIRFLOW_CTX_DAG_ID=***_exam
AIRFLOW_CTX_TASK_ID=transform_into_data.csv
AIRFLOW_CTX_EXECUTION_DATE=2023-10-06T19:22:00+00:00
AIRFLOW_CTX_DAG_RUN_ID=scheduled__2023-10-06T19:22:00+00:00
[2023-10-06 19:23:05,362] {logging_mixin.py:104} INFO - 
[2023-10-06 19:23:05,416] {logging_mixin.py:104} INFO -     temperature        city  pression              date
0       289.07       Paris      1026  2023-10-06 19:23
1       290.46      London      1023  2023-10-06 19:23
2       291.89  Washington      1025  2023-10-06 19:23
3       289.07       Paris      1026  2023-10-06 19:22
4       290.46      London      1023  2023-10-06 19:22
5       291.89  Washington      1025  2023-10-06 19:22
6       289.07       Paris      1026  2023-10-06 19:21
7       290.46      London      1023  2023-10-06 19:21
8       291.89  Washington      1025  2023-10-06 19:21
9       289.07       Paris      1026  2023-10-06 19:20
[2023-10-06 19:23:05,422] {python.py:151} INFO - Done. Returned value was: None
[2023-10-06 19:23:05,445] {taskinstance.py:1211} INFO - Marking task as SUCCESS. dag_id=***_exam, task_id=transform_into_data.csv, execution_date=20231006T192200, start_date=20231006T192305, end_date=20231006T192305
[2023-10-06 19:23:05,502] {taskinstance.py:1265} INFO - 0 downstream tasks scheduled from follow-on schedule check
[2023-10-06 19:23:05,559] {local_task_job.py:151} INFO - Task exited with return code 0
