[2023-10-06 14:19:41,824] {taskinstance.py:896} INFO - Dependencies all met for <TaskInstance: airflow_exam.compute_lr_score 2023-10-06T14:18:00+00:00 [queued]>
[2023-10-06 14:19:41,838] {taskinstance.py:896} INFO - Dependencies all met for <TaskInstance: airflow_exam.compute_lr_score 2023-10-06T14:18:00+00:00 [queued]>
[2023-10-06 14:19:41,838] {taskinstance.py:1087} INFO - 
--------------------------------------------------------------------------------
[2023-10-06 14:19:41,838] {taskinstance.py:1088} INFO - Starting attempt 1 of 1
[2023-10-06 14:19:41,838] {taskinstance.py:1089} INFO - 
--------------------------------------------------------------------------------
[2023-10-06 14:19:41,853] {taskinstance.py:1107} INFO - Executing <Task(PythonOperator): compute_lr_score> on 2023-10-06T14:18:00+00:00
[2023-10-06 14:19:41,861] {standard_task_runner.py:52} INFO - Started process 28954 to run task
[2023-10-06 14:19:41,863] {standard_task_runner.py:76} INFO - Running: ['***', 'tasks', 'run', '***_exam', 'compute_lr_score', '2023-10-06T14:18:00+00:00', '--job-id', '289', '--pool', 'default_pool', '--raw', '--subdir', 'DAGS_FOLDER/DAG.py', '--cfg-path', '/tmp/tmpslljll54', '--error-file', '/tmp/tmp1miri9z9']
[2023-10-06 14:19:41,864] {standard_task_runner.py:77} INFO - Job 289: Subtask compute_lr_score
[2023-10-06 14:19:41,919] {logging_mixin.py:104} INFO - Running <TaskInstance: ***_exam.compute_lr_score 2023-10-06T14:18:00+00:00 [running]> on host 3a3d0401ac26
[2023-10-06 14:19:41,987] {taskinstance.py:1302} INFO - Exporting the following env vars:
AIRFLOW_CTX_DAG_OWNER=***
AIRFLOW_CTX_DAG_ID=***_exam
AIRFLOW_CTX_TASK_ID=compute_lr_score
AIRFLOW_CTX_EXECUTION_DATE=2023-10-06T14:18:00+00:00
AIRFLOW_CTX_DAG_RUN_ID=scheduled__2023-10-06T14:18:00+00:00
[2023-10-06 14:19:42,215] {python.py:151} INFO - Done. Returned value was: None
[2023-10-06 14:19:42,229] {taskinstance.py:1211} INFO - Marking task as SUCCESS. dag_id=***_exam, task_id=compute_lr_score, execution_date=20231006T141800, start_date=20231006T141941, end_date=20231006T141942
[2023-10-06 14:19:42,278] {taskinstance.py:1265} INFO - 0 downstream tasks scheduled from follow-on schedule check
[2023-10-06 14:19:42,317] {local_task_job.py:151} INFO - Task exited with return code 0
