[2024-03-21 18:51:06,453] {taskinstance.py:896} INFO - Dependencies all met for <TaskInstance: airflow_exam.transform_into_data.csv 2024-03-21T18:50:00+00:00 [queued]>
[2024-03-21 18:51:06,490] {taskinstance.py:896} INFO - Dependencies all met for <TaskInstance: airflow_exam.transform_into_data.csv 2024-03-21T18:50:00+00:00 [queued]>
[2024-03-21 18:51:06,491] {taskinstance.py:1087} INFO - 
--------------------------------------------------------------------------------
[2024-03-21 18:51:06,491] {taskinstance.py:1088} INFO - Starting attempt 1 of 1
[2024-03-21 18:51:06,491] {taskinstance.py:1089} INFO - 
--------------------------------------------------------------------------------
[2024-03-21 18:51:06,513] {taskinstance.py:1107} INFO - Executing <Task(PythonOperator): transform_into_data.csv> on 2024-03-21T18:50:00+00:00
[2024-03-21 18:51:06,525] {standard_task_runner.py:52} INFO - Started process 40987 to run task
[2024-03-21 18:51:06,530] {standard_task_runner.py:76} INFO - Running: ['***', 'tasks', 'run', '***_exam', 'transform_into_data.csv', '2024-03-21T18:50:00+00:00', '--job-id', '10382', '--pool', 'default_pool', '--raw', '--subdir', 'DAGS_FOLDER/DAG.py', '--cfg-path', '/tmp/tmpuzqhyrea', '--error-file', '/tmp/tmp9ap8_g4c']
[2024-03-21 18:51:06,531] {standard_task_runner.py:77} INFO - Job 10382: Subtask transform_into_data.csv
[2024-03-21 18:51:06,625] {logging_mixin.py:104} INFO - Running <TaskInstance: ***_exam.transform_into_data.csv 2024-03-21T18:50:00+00:00 [running]> on host 3a3d0401ac26
[2024-03-21 18:51:06,820] {taskinstance.py:1302} INFO - Exporting the following env vars:
AIRFLOW_CTX_DAG_OWNER=***
AIRFLOW_CTX_DAG_ID=***_exam
AIRFLOW_CTX_TASK_ID=transform_into_data.csv
AIRFLOW_CTX_EXECUTION_DATE=2024-03-21T18:50:00+00:00
AIRFLOW_CTX_DAG_RUN_ID=scheduled__2024-03-21T18:50:00+00:00
[2024-03-21 18:51:06,833] {logging_mixin.py:104} INFO - 
[2024-03-21 18:51:06,879] {logging_mixin.py:104} INFO -     temperature        city  pression              date
0       289.17       Paris      1025  2024-03-21 18:51
1       287.61      London      1022  2024-03-21 18:51
2       285.62  Washington      1014  2024-03-21 18:51
3       289.17       Paris      1025  2024-03-21 18:50
4       287.61      London      1022  2024-03-21 18:50
5       285.62  Washington      1014  2024-03-21 18:50
6       289.17       Paris      1025  2024-03-21 18:49
7       287.61      London      1022  2024-03-21 18:49
8       285.62  Washington      1014  2024-03-21 18:49
9       289.17       Paris      1025  2024-03-21 18:48
[2024-03-21 18:51:06,886] {python.py:151} INFO - Done. Returned value was: None
[2024-03-21 18:51:06,915] {taskinstance.py:1211} INFO - Marking task as SUCCESS. dag_id=***_exam, task_id=transform_into_data.csv, execution_date=20240321T185000, start_date=20240321T185106, end_date=20240321T185106
[2024-03-21 18:51:06,982] {taskinstance.py:1265} INFO - 0 downstream tasks scheduled from follow-on schedule check
[2024-03-21 18:51:07,032] {local_task_job.py:151} INFO - Task exited with return code 0
