[2024-03-15 23:07:03,837] {taskinstance.py:896} INFO - Dependencies all met for <TaskInstance: airflow_exam.transform_into_data.csv 2024-03-15T23:06:00+00:00 [queued]>
[2024-03-15 23:07:03,867] {taskinstance.py:896} INFO - Dependencies all met for <TaskInstance: airflow_exam.transform_into_data.csv 2024-03-15T23:06:00+00:00 [queued]>
[2024-03-15 23:07:03,867] {taskinstance.py:1087} INFO - 
--------------------------------------------------------------------------------
[2024-03-15 23:07:03,867] {taskinstance.py:1088} INFO - Starting attempt 1 of 1
[2024-03-15 23:07:03,867] {taskinstance.py:1089} INFO - 
--------------------------------------------------------------------------------
[2024-03-15 23:07:03,880] {taskinstance.py:1107} INFO - Executing <Task(PythonOperator): transform_into_data.csv> on 2024-03-15T23:06:00+00:00
[2024-03-15 23:07:03,890] {standard_task_runner.py:52} INFO - Started process 85212 to run task
[2024-03-15 23:07:03,894] {standard_task_runner.py:76} INFO - Running: ['***', 'tasks', 'run', '***_exam', 'transform_into_data.csv', '2024-03-15T23:06:00+00:00', '--job-id', '4708', '--pool', 'default_pool', '--raw', '--subdir', 'DAGS_FOLDER/DAG.py', '--cfg-path', '/tmp/tmpn14y0x0r', '--error-file', '/tmp/tmpvwz7cbkl']
[2024-03-15 23:07:03,895] {standard_task_runner.py:77} INFO - Job 4708: Subtask transform_into_data.csv
[2024-03-15 23:07:03,949] {logging_mixin.py:104} INFO - Running <TaskInstance: ***_exam.transform_into_data.csv 2024-03-15T23:06:00+00:00 [running]> on host 3a3d0401ac26
[2024-03-15 23:07:04,026] {taskinstance.py:1302} INFO - Exporting the following env vars:
AIRFLOW_CTX_DAG_OWNER=***
AIRFLOW_CTX_DAG_ID=***_exam
AIRFLOW_CTX_TASK_ID=transform_into_data.csv
AIRFLOW_CTX_EXECUTION_DATE=2024-03-15T23:06:00+00:00
AIRFLOW_CTX_DAG_RUN_ID=scheduled__2024-03-15T23:06:00+00:00
[2024-03-15 23:07:04,033] {logging_mixin.py:104} INFO - 
[2024-03-15 23:07:04,057] {logging_mixin.py:104} INFO -     temperature        city  pression              date
0       285.13       Paris      1015  2024-03-15 23:07
1       282.40      London      1011  2024-03-15 23:07
2       289.24  Washington      1022  2024-03-15 23:07
3       285.13       Paris      1015  2024-03-15 23:06
4       282.40      London      1011  2024-03-15 23:06
5       289.24  Washington      1022  2024-03-15 23:06
6       285.13       Paris      1015  2024-03-15 23:05
7       282.40      London      1011  2024-03-15 23:05
8       289.24  Washington      1022  2024-03-15 23:05
9       285.38       Paris      1015  2024-03-15 23:04
[2024-03-15 23:07:04,061] {python.py:151} INFO - Done. Returned value was: None
[2024-03-15 23:07:04,076] {taskinstance.py:1211} INFO - Marking task as SUCCESS. dag_id=***_exam, task_id=transform_into_data.csv, execution_date=20240315T230600, start_date=20240315T230703, end_date=20240315T230704
[2024-03-15 23:07:04,119] {taskinstance.py:1265} INFO - 0 downstream tasks scheduled from follow-on schedule check
[2024-03-15 23:07:04,146] {local_task_job.py:151} INFO - Task exited with return code 0
