[2024-03-21 20:19:05,451] {taskinstance.py:896} INFO - Dependencies all met for <TaskInstance: airflow_exam.transform_into_fulldata.csv 2024-03-21T20:18:00+00:00 [queued]>
[2024-03-21 20:19:05,477] {taskinstance.py:896} INFO - Dependencies all met for <TaskInstance: airflow_exam.transform_into_fulldata.csv 2024-03-21T20:18:00+00:00 [queued]>
[2024-03-21 20:19:05,478] {taskinstance.py:1087} INFO - 
--------------------------------------------------------------------------------
[2024-03-21 20:19:05,478] {taskinstance.py:1088} INFO - Starting attempt 1 of 1
[2024-03-21 20:19:05,478] {taskinstance.py:1089} INFO - 
--------------------------------------------------------------------------------
[2024-03-21 20:19:05,490] {taskinstance.py:1107} INFO - Executing <Task(PythonOperator): transform_into_fulldata.csv> on 2024-03-21T20:18:00+00:00
[2024-03-21 20:19:05,501] {standard_task_runner.py:52} INFO - Started process 60025 to run task
[2024-03-21 20:19:05,505] {standard_task_runner.py:76} INFO - Running: ['***', 'tasks', 'run', '***_exam', 'transform_into_fulldata.csv', '2024-03-21T20:18:00+00:00', '--job-id', '10997', '--pool', 'default_pool', '--raw', '--subdir', 'DAGS_FOLDER/DAG.py', '--cfg-path', '/tmp/tmprli36nbp', '--error-file', '/tmp/tmpix5y3fu2']
[2024-03-21 20:19:05,505] {standard_task_runner.py:77} INFO - Job 10997: Subtask transform_into_fulldata.csv
[2024-03-21 20:19:05,567] {logging_mixin.py:104} INFO - Running <TaskInstance: ***_exam.transform_into_fulldata.csv 2024-03-21T20:18:00+00:00 [running]> on host 3a3d0401ac26
[2024-03-21 20:19:05,655] {taskinstance.py:1302} INFO - Exporting the following env vars:
AIRFLOW_CTX_DAG_OWNER=***
AIRFLOW_CTX_DAG_ID=***_exam
AIRFLOW_CTX_TASK_ID=transform_into_fulldata.csv
AIRFLOW_CTX_EXECUTION_DATE=2024-03-21T20:18:00+00:00
AIRFLOW_CTX_DAG_RUN_ID=scheduled__2024-03-21T20:18:00+00:00
[2024-03-21 20:19:05,822] {logging_mixin.py:104} INFO - 
[2024-03-21 20:19:05,847] {logging_mixin.py:104} INFO -     temperature        city  pression              date
0       287.72       Paris      1025  2024-03-21 20:19
1       286.05      London      1022  2024-03-21 20:19
2       287.17  Washington      1013  2024-03-21 20:19
3       287.72       Paris      1025  2024-03-21 20:18
4       286.05      London      1022  2024-03-21 20:18
5       287.17  Washington      1013  2024-03-21 20:18
6       287.72       Paris      1025  2024-03-21 20:17
7       286.05      London      1022  2024-03-21 20:17
8       287.17  Washington      1013  2024-03-21 20:17
9       287.72       Paris      1025  2024-03-21 20:16
[2024-03-21 20:19:05,868] {python.py:151} INFO - Done. Returned value was: None
[2024-03-21 20:19:05,885] {taskinstance.py:1211} INFO - Marking task as SUCCESS. dag_id=***_exam, task_id=transform_into_fulldata.csv, execution_date=20240321T201800, start_date=20240321T201905, end_date=20240321T201905
[2024-03-21 20:19:05,929] {taskinstance.py:1265} INFO - 3 downstream tasks scheduled from follow-on schedule check
[2024-03-21 20:19:05,958] {local_task_job.py:151} INFO - Task exited with return code 0
