[2024-03-16 04:07:05,459] {taskinstance.py:896} INFO - Dependencies all met for <TaskInstance: airflow_exam.transform_into_fulldata.csv 2024-03-16T04:06:00+00:00 [queued]>
[2024-03-16 04:07:05,484] {taskinstance.py:896} INFO - Dependencies all met for <TaskInstance: airflow_exam.transform_into_fulldata.csv 2024-03-16T04:06:00+00:00 [queued]>
[2024-03-16 04:07:05,485] {taskinstance.py:1087} INFO - 
--------------------------------------------------------------------------------
[2024-03-16 04:07:05,485] {taskinstance.py:1088} INFO - Starting attempt 1 of 1
[2024-03-16 04:07:05,485] {taskinstance.py:1089} INFO - 
--------------------------------------------------------------------------------
[2024-03-16 04:07:05,500] {taskinstance.py:1107} INFO - Executing <Task(PythonOperator): transform_into_fulldata.csv> on 2024-03-16T04:06:00+00:00
[2024-03-16 04:07:05,509] {standard_task_runner.py:52} INFO - Started process 148588 to run task
[2024-03-16 04:07:05,513] {standard_task_runner.py:76} INFO - Running: ['***', 'tasks', 'run', '***_exam', 'transform_into_fulldata.csv', '2024-03-16T04:06:00+00:00', '--job-id', '6800', '--pool', 'default_pool', '--raw', '--subdir', 'DAGS_FOLDER/DAG.py', '--cfg-path', '/tmp/tmp_hxk74dq', '--error-file', '/tmp/tmpsexwdsvq']
[2024-03-16 04:07:05,514] {standard_task_runner.py:77} INFO - Job 6800: Subtask transform_into_fulldata.csv
[2024-03-16 04:07:05,572] {logging_mixin.py:104} INFO - Running <TaskInstance: ***_exam.transform_into_fulldata.csv 2024-03-16T04:06:00+00:00 [running]> on host 3a3d0401ac26
[2024-03-16 04:07:05,643] {taskinstance.py:1302} INFO - Exporting the following env vars:
AIRFLOW_CTX_DAG_OWNER=***
AIRFLOW_CTX_DAG_ID=***_exam
AIRFLOW_CTX_TASK_ID=transform_into_fulldata.csv
AIRFLOW_CTX_EXECUTION_DATE=2024-03-16T04:06:00+00:00
AIRFLOW_CTX_DAG_RUN_ID=scheduled__2024-03-16T04:06:00+00:00
[2024-03-16 04:07:05,788] {logging_mixin.py:104} INFO - 
[2024-03-16 04:07:05,871] {logging_mixin.py:104} INFO -     temperature        city  pression              date
0       283.91       Paris      1018  2024-03-16 04:07
1       281.50      London      1016  2024-03-16 04:07
2       281.64  Washington      1023  2024-03-16 04:07
3       283.91       Paris      1018  2024-03-16 04:06
4       281.50      London      1016  2024-03-16 04:06
5       281.64  Washington      1023  2024-03-16 04:06
6       283.91       Paris      1018  2024-03-16 04:05
7       281.50      London      1016  2024-03-16 04:05
8       281.72  Washington      1023  2024-03-16 04:05
9       283.91       Paris      1018  2024-03-16 04:04
[2024-03-16 04:07:05,902] {python.py:151} INFO - Done. Returned value was: None
[2024-03-16 04:07:05,925] {taskinstance.py:1211} INFO - Marking task as SUCCESS. dag_id=***_exam, task_id=transform_into_fulldata.csv, execution_date=20240316T040600, start_date=20240316T040705, end_date=20240316T040705
[2024-03-16 04:07:06,034] {taskinstance.py:1265} INFO - 3 downstream tasks scheduled from follow-on schedule check
[2024-03-16 04:07:06,056] {local_task_job.py:151} INFO - Task exited with return code 0
