[2024-03-16 01:45:04,317] {taskinstance.py:896} INFO - Dependencies all met for <TaskInstance: airflow_exam.transform_into_fulldata.csv 2024-03-16T01:44:00+00:00 [queued]>
[2024-03-16 01:45:04,347] {taskinstance.py:896} INFO - Dependencies all met for <TaskInstance: airflow_exam.transform_into_fulldata.csv 2024-03-16T01:44:00+00:00 [queued]>
[2024-03-16 01:45:04,348] {taskinstance.py:1087} INFO - 
--------------------------------------------------------------------------------
[2024-03-16 01:45:04,348] {taskinstance.py:1088} INFO - Starting attempt 1 of 1
[2024-03-16 01:45:04,348] {taskinstance.py:1089} INFO - 
--------------------------------------------------------------------------------
[2024-03-16 01:45:04,363] {taskinstance.py:1107} INFO - Executing <Task(PythonOperator): transform_into_fulldata.csv> on 2024-03-16T01:44:00+00:00
[2024-03-16 01:45:04,374] {standard_task_runner.py:52} INFO - Started process 118134 to run task
[2024-03-16 01:45:04,378] {standard_task_runner.py:76} INFO - Running: ['***', 'tasks', 'run', '***_exam', 'transform_into_fulldata.csv', '2024-03-16T01:44:00+00:00', '--job-id', '5806', '--pool', 'default_pool', '--raw', '--subdir', 'DAGS_FOLDER/DAG.py', '--cfg-path', '/tmp/tmp38ti9r5v', '--error-file', '/tmp/tmp3eibu3kr']
[2024-03-16 01:45:04,379] {standard_task_runner.py:77} INFO - Job 5806: Subtask transform_into_fulldata.csv
[2024-03-16 01:45:04,447] {logging_mixin.py:104} INFO - Running <TaskInstance: ***_exam.transform_into_fulldata.csv 2024-03-16T01:44:00+00:00 [running]> on host 3a3d0401ac26
[2024-03-16 01:45:04,526] {taskinstance.py:1302} INFO - Exporting the following env vars:
AIRFLOW_CTX_DAG_OWNER=***
AIRFLOW_CTX_DAG_ID=***_exam
AIRFLOW_CTX_TASK_ID=transform_into_fulldata.csv
AIRFLOW_CTX_EXECUTION_DATE=2024-03-16T01:44:00+00:00
AIRFLOW_CTX_DAG_RUN_ID=scheduled__2024-03-16T01:44:00+00:00
[2024-03-16 01:45:04,590] {logging_mixin.py:104} INFO - 
[2024-03-16 01:45:04,608] {logging_mixin.py:104} INFO -     temperature        city  pression              date
0       284.55       Paris      1016  2024-03-16 01:45
1       281.08      London      1014  2024-03-16 01:45
2       284.30  Washington      1022  2024-03-16 01:45
3       284.55       Paris      1016  2024-03-16 01:44
4       281.07      London      1014  2024-03-16 01:44
5       284.30  Washington      1022  2024-03-16 01:44
6       284.55       Paris      1016  2024-03-16 01:43
7       281.07      London      1014  2024-03-16 01:43
8       284.30  Washington      1022  2024-03-16 01:43
9       284.55       Paris      1016  2024-03-16 01:42
[2024-03-16 01:45:04,619] {python.py:151} INFO - Done. Returned value was: None
[2024-03-16 01:45:04,632] {taskinstance.py:1211} INFO - Marking task as SUCCESS. dag_id=***_exam, task_id=transform_into_fulldata.csv, execution_date=20240316T014400, start_date=20240316T014504, end_date=20240316T014504
[2024-03-16 01:45:04,673] {taskinstance.py:1265} INFO - 3 downstream tasks scheduled from follow-on schedule check
[2024-03-16 01:45:04,712] {local_task_job.py:151} INFO - Task exited with return code 0
