[2024-03-15 18:46:06,388] {taskinstance.py:896} INFO - Dependencies all met for <TaskInstance: airflow_exam.transform_into_data.csv 2024-03-15T18:45:00+00:00 [queued]>
[2024-03-15 18:46:06,416] {taskinstance.py:896} INFO - Dependencies all met for <TaskInstance: airflow_exam.transform_into_data.csv 2024-03-15T18:45:00+00:00 [queued]>
[2024-03-15 18:46:06,416] {taskinstance.py:1087} INFO - 
--------------------------------------------------------------------------------
[2024-03-15 18:46:06,416] {taskinstance.py:1088} INFO - Starting attempt 1 of 1
[2024-03-15 18:46:06,416] {taskinstance.py:1089} INFO - 
--------------------------------------------------------------------------------
[2024-03-15 18:46:06,431] {taskinstance.py:1107} INFO - Executing <Task(PythonOperator): transform_into_data.csv> on 2024-03-15T18:45:00+00:00
[2024-03-15 18:46:06,445] {standard_task_runner.py:52} INFO - Started process 49662 to run task
[2024-03-15 18:46:06,451] {standard_task_runner.py:76} INFO - Running: ['***', 'tasks', 'run', '***_exam', 'transform_into_data.csv', '2024-03-15T18:45:00+00:00', '--job-id', '3474', '--pool', 'default_pool', '--raw', '--subdir', 'DAGS_FOLDER/DAG.py', '--cfg-path', '/tmp/tmpxhmpcug8', '--error-file', '/tmp/tmp5kqoephn']
[2024-03-15 18:46:06,452] {standard_task_runner.py:77} INFO - Job 3474: Subtask transform_into_data.csv
[2024-03-15 18:46:06,934] {logging_mixin.py:104} INFO - Running <TaskInstance: ***_exam.transform_into_data.csv 2024-03-15T18:45:00+00:00 [running]> on host 3a3d0401ac26
[2024-03-15 18:46:07,548] {taskinstance.py:1302} INFO - Exporting the following env vars:
AIRFLOW_CTX_DAG_OWNER=***
AIRFLOW_CTX_DAG_ID=***_exam
AIRFLOW_CTX_TASK_ID=transform_into_data.csv
AIRFLOW_CTX_EXECUTION_DATE=2024-03-15T18:45:00+00:00
AIRFLOW_CTX_DAG_RUN_ID=scheduled__2024-03-15T18:45:00+00:00
[2024-03-15 18:46:07,573] {logging_mixin.py:104} INFO - 
[2024-03-15 18:46:07,610] {logging_mixin.py:104} INFO -     temperature        city  pression              date
0       286.68       Paris      1012  2024-03-15 18:46
1       285.28      London      1006  2024-03-15 18:46
2       282.44  Washington      1025  2024-03-15 18:46
3       286.68       Paris      1012  2024-03-15 18:45
4       285.34      London      1006  2024-03-15 18:45
5       282.44  Washington      1025  2024-03-15 18:45
6       286.68       Paris      1012  2024-03-15 18:44
7       285.34      London      1006  2024-03-15 18:44
8       282.44  Washington      1025  2024-03-15 18:44
9       286.68       Paris      1012  2024-03-15 18:43
[2024-03-15 18:46:07,619] {python.py:151} INFO - Done. Returned value was: None
[2024-03-15 18:46:07,683] {taskinstance.py:1211} INFO - Marking task as SUCCESS. dag_id=***_exam, task_id=transform_into_data.csv, execution_date=20240315T184500, start_date=20240315T184606, end_date=20240315T184607
[2024-03-15 18:46:07,979] {taskinstance.py:1265} INFO - 0 downstream tasks scheduled from follow-on schedule check
[2024-03-15 18:46:08,028] {local_task_job.py:151} INFO - Task exited with return code 0
