[2024-03-21 01:12:04,083] {taskinstance.py:896} INFO - Dependencies all met for <TaskInstance: airflow_exam.transform_into_data.csv 2024-03-21T01:11:00+00:00 [queued]>
[2024-03-21 01:12:04,097] {taskinstance.py:896} INFO - Dependencies all met for <TaskInstance: airflow_exam.transform_into_data.csv 2024-03-21T01:11:00+00:00 [queued]>
[2024-03-21 01:12:04,097] {taskinstance.py:1087} INFO - 
--------------------------------------------------------------------------------
[2024-03-21 01:12:04,097] {taskinstance.py:1088} INFO - Starting attempt 1 of 1
[2024-03-21 01:12:04,097] {taskinstance.py:1089} INFO - 
--------------------------------------------------------------------------------
[2024-03-21 01:12:04,115] {taskinstance.py:1107} INFO - Executing <Task(PythonOperator): transform_into_data.csv> on 2024-03-21T01:11:00+00:00
[2024-03-21 01:12:04,124] {standard_task_runner.py:52} INFO - Started process 11098 to run task
[2024-03-21 01:12:04,128] {standard_task_runner.py:76} INFO - Running: ['***', 'tasks', 'run', '***_exam', 'transform_into_data.csv', '2024-03-21T01:11:00+00:00', '--job-id', '8730', '--pool', 'default_pool', '--raw', '--subdir', 'DAGS_FOLDER/DAG.py', '--cfg-path', '/tmp/tmpn66wya6y', '--error-file', '/tmp/tmp8ex0f46u']
[2024-03-21 01:12:04,129] {standard_task_runner.py:77} INFO - Job 8730: Subtask transform_into_data.csv
[2024-03-21 01:12:04,181] {logging_mixin.py:104} INFO - Running <TaskInstance: ***_exam.transform_into_data.csv 2024-03-21T01:11:00+00:00 [running]> on host 3a3d0401ac26
[2024-03-21 01:12:04,266] {taskinstance.py:1302} INFO - Exporting the following env vars:
AIRFLOW_CTX_DAG_OWNER=***
AIRFLOW_CTX_DAG_ID=***_exam
AIRFLOW_CTX_TASK_ID=transform_into_data.csv
AIRFLOW_CTX_EXECUTION_DATE=2024-03-21T01:11:00+00:00
AIRFLOW_CTX_DAG_RUN_ID=scheduled__2024-03-21T01:11:00+00:00
[2024-03-21 01:12:04,274] {logging_mixin.py:104} INFO - 
[2024-03-21 01:12:04,293] {logging_mixin.py:104} INFO -     temperature        city  pression              date
0       285.61       Paris      1021  2024-03-21 01:12
1       283.74      London      1023  2024-03-21 01:12
2       288.06  Washington      1007  2024-03-21 01:12
3       285.61       Paris      1021  2024-03-21 01:11
4       283.74      London      1023  2024-03-21 01:11
5       288.06  Washington      1007  2024-03-21 01:11
6       285.61       Paris      1021  2024-03-21 01:10
7       283.80      London      1022  2024-03-21 01:10
8       287.87  Washington      1007  2024-03-21 01:10
9       285.61       Paris      1021  2024-03-21 01:09
[2024-03-21 01:12:04,297] {python.py:151} INFO - Done. Returned value was: None
[2024-03-21 01:12:04,310] {taskinstance.py:1211} INFO - Marking task as SUCCESS. dag_id=***_exam, task_id=transform_into_data.csv, execution_date=20240321T011100, start_date=20240321T011204, end_date=20240321T011204
[2024-03-21 01:12:04,345] {taskinstance.py:1265} INFO - 0 downstream tasks scheduled from follow-on schedule check
[2024-03-21 01:12:04,380] {local_task_job.py:151} INFO - Task exited with return code 0
