[2024-03-20 23:58:11,226] {taskinstance.py:896} INFO - Dependencies all met for <TaskInstance: airflow_exam.compute_rf_score 2024-03-20T23:57:00+00:00 [queued]>
[2024-03-20 23:58:11,259] {taskinstance.py:896} INFO - Dependencies all met for <TaskInstance: airflow_exam.compute_rf_score 2024-03-20T23:57:00+00:00 [queued]>
[2024-03-20 23:58:11,259] {taskinstance.py:1087} INFO - 
--------------------------------------------------------------------------------
[2024-03-20 23:58:11,259] {taskinstance.py:1088} INFO - Starting attempt 1 of 1
[2024-03-20 23:58:11,259] {taskinstance.py:1089} INFO - 
--------------------------------------------------------------------------------
[2024-03-20 23:58:11,304] {taskinstance.py:1107} INFO - Executing <Task(PythonOperator): compute_rf_score> on 2024-03-20T23:57:00+00:00
[2024-03-20 23:58:11,322] {standard_task_runner.py:52} INFO - Started process 43811 to run task
[2024-03-20 23:58:11,327] {standard_task_runner.py:76} INFO - Running: ['***', 'tasks', 'run', '***_exam', 'compute_rf_score', '2024-03-20T23:57:00+00:00', '--job-id', '8271', '--pool', 'default_pool', '--raw', '--subdir', 'DAGS_FOLDER/DAG.py', '--cfg-path', '/tmp/tmpcx1emago', '--error-file', '/tmp/tmpqaapli87']
[2024-03-20 23:58:11,328] {standard_task_runner.py:77} INFO - Job 8271: Subtask compute_rf_score
[2024-03-20 23:58:11,452] {logging_mixin.py:104} INFO - Running <TaskInstance: ***_exam.compute_rf_score 2024-03-20T23:57:00+00:00 [running]> on host 3a3d0401ac26
[2024-03-20 23:58:11,587] {taskinstance.py:1302} INFO - Exporting the following env vars:
AIRFLOW_CTX_DAG_OWNER=***
AIRFLOW_CTX_DAG_ID=***_exam
AIRFLOW_CTX_TASK_ID=compute_rf_score
AIRFLOW_CTX_EXECUTION_DATE=2024-03-20T23:57:00+00:00
AIRFLOW_CTX_DAG_RUN_ID=scheduled__2024-03-20T23:57:00+00:00
[2024-03-20 23:58:16,594] {python.py:151} INFO - Done. Returned value was: None
[2024-03-20 23:58:16,614] {taskinstance.py:1211} INFO - Marking task as SUCCESS. dag_id=***_exam, task_id=compute_rf_score, execution_date=20240320T235700, start_date=20240320T235811, end_date=20240320T235816
[2024-03-20 23:58:16,695] {taskinstance.py:1265} INFO - 1 downstream tasks scheduled from follow-on schedule check
[2024-03-20 23:58:16,739] {local_task_job.py:151} INFO - Task exited with return code 0
