[2024-03-15 14:11:04,207] {taskinstance.py:896} INFO - Dependencies all met for <TaskInstance: airflow_exam.transform_into_data.csv 2024-03-15T14:10:00+00:00 [queued]>
[2024-03-15 14:11:04,235] {taskinstance.py:896} INFO - Dependencies all met for <TaskInstance: airflow_exam.transform_into_data.csv 2024-03-15T14:10:00+00:00 [queued]>
[2024-03-15 14:11:04,236] {taskinstance.py:1087} INFO - 
--------------------------------------------------------------------------------
[2024-03-15 14:11:04,236] {taskinstance.py:1088} INFO - Starting attempt 1 of 1
[2024-03-15 14:11:04,237] {taskinstance.py:1089} INFO - 
--------------------------------------------------------------------------------
[2024-03-15 14:11:04,250] {taskinstance.py:1107} INFO - Executing <Task(PythonOperator): transform_into_data.csv> on 2024-03-15T14:10:00+00:00
[2024-03-15 14:11:04,258] {standard_task_runner.py:52} INFO - Started process 4034 to run task
[2024-03-15 14:11:04,261] {standard_task_runner.py:76} INFO - Running: ['***', 'tasks', 'run', '***_exam', 'transform_into_data.csv', '2024-03-15T14:10:00+00:00', '--job-id', '1842', '--pool', 'default_pool', '--raw', '--subdir', 'DAGS_FOLDER/DAG.py', '--cfg-path', '/tmp/tmpsrawfnt0', '--error-file', '/tmp/tmpf1gvsic9']
[2024-03-15 14:11:04,261] {standard_task_runner.py:77} INFO - Job 1842: Subtask transform_into_data.csv
[2024-03-15 14:11:04,316] {logging_mixin.py:104} INFO - Running <TaskInstance: ***_exam.transform_into_data.csv 2024-03-15T14:10:00+00:00 [running]> on host 3a3d0401ac26
[2024-03-15 14:11:04,411] {taskinstance.py:1302} INFO - Exporting the following env vars:
AIRFLOW_CTX_DAG_OWNER=***
AIRFLOW_CTX_DAG_ID=***_exam
AIRFLOW_CTX_TASK_ID=transform_into_data.csv
AIRFLOW_CTX_EXECUTION_DATE=2024-03-15T14:10:00+00:00
AIRFLOW_CTX_DAG_RUN_ID=scheduled__2024-03-15T14:10:00+00:00
[2024-03-15 14:11:04,418] {logging_mixin.py:104} INFO - 
[2024-03-15 14:11:04,466] {logging_mixin.py:104} INFO -     temperature        city  pression              date
0       288.88       Paris      1012  2024-03-15 14:11
1       287.36      London      1004  2024-03-15 14:11
2       274.21  Washington      1029  2024-03-15 14:11
3       288.88       Paris      1012  2024-03-15 14:10
4       287.36      London      1004  2024-03-15 14:10
5       274.21  Washington      1029  2024-03-15 14:10
6       288.54       Paris      1012  2024-03-15 14:09
7       287.60      London      1004  2024-03-15 14:09
8       274.21  Washington      1029  2024-03-15 14:09
9       288.54       Paris      1012  2024-03-15 14:08
[2024-03-15 14:11:04,484] {python.py:151} INFO - Done. Returned value was: None
[2024-03-15 14:11:04,521] {taskinstance.py:1211} INFO - Marking task as SUCCESS. dag_id=***_exam, task_id=transform_into_data.csv, execution_date=20240315T141000, start_date=20240315T141104, end_date=20240315T141104
[2024-03-15 14:11:04,581] {taskinstance.py:1265} INFO - 0 downstream tasks scheduled from follow-on schedule check
[2024-03-15 14:11:04,634] {local_task_job.py:151} INFO - Task exited with return code 0
