[2024-03-16 03:33:05,368] {taskinstance.py:896} INFO - Dependencies all met for <TaskInstance: airflow_exam.transform_into_fulldata.csv 2024-03-16T03:32:00+00:00 [queued]>
[2024-03-16 03:33:05,392] {taskinstance.py:896} INFO - Dependencies all met for <TaskInstance: airflow_exam.transform_into_fulldata.csv 2024-03-16T03:32:00+00:00 [queued]>
[2024-03-16 03:33:05,392] {taskinstance.py:1087} INFO - 
--------------------------------------------------------------------------------
[2024-03-16 03:33:05,392] {taskinstance.py:1088} INFO - Starting attempt 1 of 1
[2024-03-16 03:33:05,392] {taskinstance.py:1089} INFO - 
--------------------------------------------------------------------------------
[2024-03-16 03:33:05,404] {taskinstance.py:1107} INFO - Executing <Task(PythonOperator): transform_into_fulldata.csv> on 2024-03-16T03:32:00+00:00
[2024-03-16 03:33:05,414] {standard_task_runner.py:52} INFO - Started process 141304 to run task
[2024-03-16 03:33:05,417] {standard_task_runner.py:76} INFO - Running: ['***', 'tasks', 'run', '***_exam', 'transform_into_fulldata.csv', '2024-03-16T03:32:00+00:00', '--job-id', '6562', '--pool', 'default_pool', '--raw', '--subdir', 'DAGS_FOLDER/DAG.py', '--cfg-path', '/tmp/tmpm7nlq3mo', '--error-file', '/tmp/tmp870eq91s']
[2024-03-16 03:33:05,418] {standard_task_runner.py:77} INFO - Job 6562: Subtask transform_into_fulldata.csv
[2024-03-16 03:33:05,474] {logging_mixin.py:104} INFO - Running <TaskInstance: ***_exam.transform_into_fulldata.csv 2024-03-16T03:32:00+00:00 [running]> on host 3a3d0401ac26
[2024-03-16 03:33:05,556] {taskinstance.py:1302} INFO - Exporting the following env vars:
AIRFLOW_CTX_DAG_OWNER=***
AIRFLOW_CTX_DAG_ID=***_exam
AIRFLOW_CTX_TASK_ID=transform_into_fulldata.csv
AIRFLOW_CTX_EXECUTION_DATE=2024-03-16T03:32:00+00:00
AIRFLOW_CTX_DAG_RUN_ID=scheduled__2024-03-16T03:32:00+00:00
[2024-03-16 03:33:05,657] {logging_mixin.py:104} INFO - 
[2024-03-16 03:33:05,687] {logging_mixin.py:104} INFO -     temperature        city  pression              date
0       284.04       Paris      1017  2024-03-16 03:33
1       281.53      London      1016  2024-03-16 03:33
2       282.42  Washington      1023  2024-03-16 03:33
3       284.04       Paris      1017  2024-03-16 03:32
4       281.53      London      1016  2024-03-16 03:32
5       282.42  Washington      1023  2024-03-16 03:32
6       284.04       Paris      1017  2024-03-16 03:31
7       281.50      London      1015  2024-03-16 03:31
8       282.42  Washington      1023  2024-03-16 03:31
9       284.04       Paris      1017  2024-03-16 03:30
[2024-03-16 03:33:05,707] {python.py:151} INFO - Done. Returned value was: None
[2024-03-16 03:33:05,725] {taskinstance.py:1211} INFO - Marking task as SUCCESS. dag_id=***_exam, task_id=transform_into_fulldata.csv, execution_date=20240316T033200, start_date=20240316T033305, end_date=20240316T033305
[2024-03-16 03:33:05,778] {taskinstance.py:1265} INFO - 3 downstream tasks scheduled from follow-on schedule check
[2024-03-16 03:33:05,831] {local_task_job.py:151} INFO - Task exited with return code 0
