[2024-03-20 21:15:06,682] {taskinstance.py:896} INFO - Dependencies all met for <TaskInstance: airflow_exam.transform_into_data.csv 2024-03-20T21:14:00+00:00 [queued]>
[2024-03-20 21:15:06,705] {taskinstance.py:896} INFO - Dependencies all met for <TaskInstance: airflow_exam.transform_into_data.csv 2024-03-20T21:14:00+00:00 [queued]>
[2024-03-20 21:15:06,706] {taskinstance.py:1087} INFO - 
--------------------------------------------------------------------------------
[2024-03-20 21:15:06,706] {taskinstance.py:1088} INFO - Starting attempt 1 of 1
[2024-03-20 21:15:06,706] {taskinstance.py:1089} INFO - 
--------------------------------------------------------------------------------
[2024-03-20 21:15:06,734] {taskinstance.py:1107} INFO - Executing <Task(PythonOperator): transform_into_data.csv> on 2024-03-20T21:14:00+00:00
[2024-03-20 21:15:06,756] {standard_task_runner.py:52} INFO - Started process 9030 to run task
[2024-03-20 21:15:06,762] {standard_task_runner.py:76} INFO - Running: ['***', 'tasks', 'run', '***_exam', 'transform_into_data.csv', '2024-03-20T21:14:00+00:00', '--job-id', '7128', '--pool', 'default_pool', '--raw', '--subdir', 'DAGS_FOLDER/DAG.py', '--cfg-path', '/tmp/tmpzc7lleda', '--error-file', '/tmp/tmp8b98z5ry']
[2024-03-20 21:15:06,762] {standard_task_runner.py:77} INFO - Job 7128: Subtask transform_into_data.csv
[2024-03-20 21:15:06,837] {logging_mixin.py:104} INFO - Running <TaskInstance: ***_exam.transform_into_data.csv 2024-03-20T21:14:00+00:00 [running]> on host 3a3d0401ac26
[2024-03-20 21:15:06,934] {taskinstance.py:1302} INFO - Exporting the following env vars:
AIRFLOW_CTX_DAG_OWNER=***
AIRFLOW_CTX_DAG_ID=***_exam
AIRFLOW_CTX_TASK_ID=transform_into_data.csv
AIRFLOW_CTX_EXECUTION_DATE=2024-03-20T21:14:00+00:00
AIRFLOW_CTX_DAG_RUN_ID=scheduled__2024-03-20T21:14:00+00:00
[2024-03-20 21:15:06,946] {logging_mixin.py:104} INFO - 
[2024-03-20 21:15:06,985] {logging_mixin.py:104} INFO -     temperature        city  pression              date
0       286.46       Paris      1019  2024-03-20 21:15
1       286.21      London      1020  2024-03-20 21:15
2       290.66  Washington      1008  2024-03-20 21:15
3       286.46       Paris      1019  2024-03-20 21:14
4       286.21      London      1020  2024-03-20 21:14
5       290.58  Washington      1008  2024-03-20 21:14
6       286.46       Paris      1019  2024-03-20 21:13
7       286.21      London      1020  2024-03-20 21:13
8       290.58  Washington      1008  2024-03-20 21:13
9       286.46       Paris      1019  2024-03-20 21:12
[2024-03-20 21:15:06,994] {python.py:151} INFO - Done. Returned value was: None
[2024-03-20 21:15:07,013] {taskinstance.py:1211} INFO - Marking task as SUCCESS. dag_id=***_exam, task_id=transform_into_data.csv, execution_date=20240320T211400, start_date=20240320T211506, end_date=20240320T211507
[2024-03-20 21:15:07,070] {taskinstance.py:1265} INFO - 0 downstream tasks scheduled from follow-on schedule check
[2024-03-20 21:15:07,096] {local_task_job.py:151} INFO - Task exited with return code 0
