[2024-03-16 03:02:05,449] {taskinstance.py:896} INFO - Dependencies all met for <TaskInstance: airflow_exam.transform_into_fulldata.csv 2024-03-16T03:01:00+00:00 [queued]>
[2024-03-16 03:02:05,476] {taskinstance.py:896} INFO - Dependencies all met for <TaskInstance: airflow_exam.transform_into_fulldata.csv 2024-03-16T03:01:00+00:00 [queued]>
[2024-03-16 03:02:05,476] {taskinstance.py:1087} INFO - 
--------------------------------------------------------------------------------
[2024-03-16 03:02:05,477] {taskinstance.py:1088} INFO - Starting attempt 1 of 1
[2024-03-16 03:02:05,477] {taskinstance.py:1089} INFO - 
--------------------------------------------------------------------------------
[2024-03-16 03:02:05,494] {taskinstance.py:1107} INFO - Executing <Task(PythonOperator): transform_into_fulldata.csv> on 2024-03-16T03:01:00+00:00
[2024-03-16 03:02:05,506] {standard_task_runner.py:52} INFO - Started process 134701 to run task
[2024-03-16 03:02:05,510] {standard_task_runner.py:76} INFO - Running: ['***', 'tasks', 'run', '***_exam', 'transform_into_fulldata.csv', '2024-03-16T03:01:00+00:00', '--job-id', '6346', '--pool', 'default_pool', '--raw', '--subdir', 'DAGS_FOLDER/DAG.py', '--cfg-path', '/tmp/tmp1h4fp1dz', '--error-file', '/tmp/tmpmokuj4fo']
[2024-03-16 03:02:05,511] {standard_task_runner.py:77} INFO - Job 6346: Subtask transform_into_fulldata.csv
[2024-03-16 03:02:05,574] {logging_mixin.py:104} INFO - Running <TaskInstance: ***_exam.transform_into_fulldata.csv 2024-03-16T03:01:00+00:00 [running]> on host 3a3d0401ac26
[2024-03-16 03:02:05,661] {taskinstance.py:1302} INFO - Exporting the following env vars:
AIRFLOW_CTX_DAG_OWNER=***
AIRFLOW_CTX_DAG_ID=***_exam
AIRFLOW_CTX_TASK_ID=transform_into_fulldata.csv
AIRFLOW_CTX_EXECUTION_DATE=2024-03-16T03:01:00+00:00
AIRFLOW_CTX_DAG_RUN_ID=scheduled__2024-03-16T03:01:00+00:00
[2024-03-16 03:02:05,762] {logging_mixin.py:104} INFO - 
[2024-03-16 03:02:05,791] {logging_mixin.py:104} INFO -     temperature        city  pression              date
0       284.22       Paris      1017  2024-03-16 03:02
1       281.44      London      1015  2024-03-16 03:02
2       281.44  Washington      1023  2024-03-16 03:02
3       284.22       Paris      1017  2024-03-16 03:01
4       281.44      London      1015  2024-03-16 03:01
5       281.44  Washington      1023  2024-03-16 03:01
6       284.22       Paris      1017  2024-03-16 03:00
7       281.37      London      1015  2024-03-16 03:00
8       281.44  Washington      1023  2024-03-16 03:00
9       284.22       Paris      1017  2024-03-16 02:59
[2024-03-16 03:02:05,806] {python.py:151} INFO - Done. Returned value was: None
[2024-03-16 03:02:05,838] {taskinstance.py:1211} INFO - Marking task as SUCCESS. dag_id=***_exam, task_id=transform_into_fulldata.csv, execution_date=20240316T030100, start_date=20240316T030205, end_date=20240316T030205
[2024-03-16 03:02:05,898] {taskinstance.py:1265} INFO - 3 downstream tasks scheduled from follow-on schedule check
[2024-03-16 03:02:05,923] {local_task_job.py:151} INFO - Task exited with return code 0
