[2024-03-15 15:52:04,971] {taskinstance.py:896} INFO - Dependencies all met for <TaskInstance: airflow_exam.transform_into_fulldata.csv 2024-03-15T15:51:00+00:00 [queued]>
[2024-03-15 15:52:04,995] {taskinstance.py:896} INFO - Dependencies all met for <TaskInstance: airflow_exam.transform_into_fulldata.csv 2024-03-15T15:51:00+00:00 [queued]>
[2024-03-15 15:52:04,995] {taskinstance.py:1087} INFO - 
--------------------------------------------------------------------------------
[2024-03-15 15:52:04,996] {taskinstance.py:1088} INFO - Starting attempt 1 of 1
[2024-03-15 15:52:04,996] {taskinstance.py:1089} INFO - 
--------------------------------------------------------------------------------
[2024-03-15 15:52:05,011] {taskinstance.py:1107} INFO - Executing <Task(PythonOperator): transform_into_fulldata.csv> on 2024-03-15T15:51:00+00:00
[2024-03-15 15:52:05,021] {standard_task_runner.py:52} INFO - Started process 15026 to run task
[2024-03-15 15:52:05,025] {standard_task_runner.py:76} INFO - Running: ['***', 'tasks', 'run', '***_exam', 'transform_into_fulldata.csv', '2024-03-15T15:51:00+00:00', '--job-id', '2256', '--pool', 'default_pool', '--raw', '--subdir', 'DAGS_FOLDER/DAG.py', '--cfg-path', '/tmp/tmpimz2fsy4', '--error-file', '/tmp/tmptzqbifwa']
[2024-03-15 15:52:05,026] {standard_task_runner.py:77} INFO - Job 2256: Subtask transform_into_fulldata.csv
[2024-03-15 15:52:05,080] {logging_mixin.py:104} INFO - Running <TaskInstance: ***_exam.transform_into_fulldata.csv 2024-03-15T15:51:00+00:00 [running]> on host 3a3d0401ac26
[2024-03-15 15:52:05,153] {taskinstance.py:1302} INFO - Exporting the following env vars:
AIRFLOW_CTX_DAG_OWNER=***
AIRFLOW_CTX_DAG_ID=***_exam
AIRFLOW_CTX_TASK_ID=transform_into_fulldata.csv
AIRFLOW_CTX_EXECUTION_DATE=2024-03-15T15:51:00+00:00
AIRFLOW_CTX_DAG_RUN_ID=scheduled__2024-03-15T15:51:00+00:00
[2024-03-15 15:52:05,177] {logging_mixin.py:104} INFO - 
[2024-03-15 15:52:05,199] {logging_mixin.py:104} INFO -     temperature        city  pression              date
0       289.62       Paris      1011  2024-03-15 15:52
1       286.88      London      1004  2024-03-15 15:52
2       282.32  Washington      1027  2024-03-15 15:52
3       289.62       Paris      1011  2024-03-15 15:51
4       286.88      London      1004  2024-03-15 15:51
5       282.32  Washington      1027  2024-03-15 15:51
6       289.62       Paris      1011  2024-03-15 15:50
7       286.88      London      1004  2024-03-15 15:50
8       282.32  Washington      1027  2024-03-15 15:50
9       289.62       Paris      1011  2024-03-15 15:49
[2024-03-15 15:52:05,205] {python.py:151} INFO - Done. Returned value was: None
[2024-03-15 15:52:05,219] {taskinstance.py:1211} INFO - Marking task as SUCCESS. dag_id=***_exam, task_id=transform_into_fulldata.csv, execution_date=20240315T155100, start_date=20240315T155204, end_date=20240315T155205
[2024-03-15 15:52:05,259] {taskinstance.py:1265} INFO - 3 downstream tasks scheduled from follow-on schedule check
[2024-03-15 15:52:05,277] {local_task_job.py:151} INFO - Task exited with return code 0
