[2024-03-15 22:51:04,557] {taskinstance.py:896} INFO - Dependencies all met for <TaskInstance: airflow_exam.transform_into_data.csv 2024-03-15T22:50:00+00:00 [queued]>
[2024-03-15 22:51:04,621] {taskinstance.py:896} INFO - Dependencies all met for <TaskInstance: airflow_exam.transform_into_data.csv 2024-03-15T22:50:00+00:00 [queued]>
[2024-03-15 22:51:04,621] {taskinstance.py:1087} INFO - 
--------------------------------------------------------------------------------
[2024-03-15 22:51:04,621] {taskinstance.py:1088} INFO - Starting attempt 1 of 1
[2024-03-15 22:51:04,621] {taskinstance.py:1089} INFO - 
--------------------------------------------------------------------------------
[2024-03-15 22:51:04,670] {taskinstance.py:1107} INFO - Executing <Task(PythonOperator): transform_into_data.csv> on 2024-03-15T22:50:00+00:00
[2024-03-15 22:51:04,682] {standard_task_runner.py:52} INFO - Started process 81984 to run task
[2024-03-15 22:51:04,690] {standard_task_runner.py:76} INFO - Running: ['***', 'tasks', 'run', '***_exam', 'transform_into_data.csv', '2024-03-15T22:50:00+00:00', '--job-id', '4596', '--pool', 'default_pool', '--raw', '--subdir', 'DAGS_FOLDER/DAG.py', '--cfg-path', '/tmp/tmpfhl_t5i5', '--error-file', '/tmp/tmpmy0def1k']
[2024-03-15 22:51:04,691] {standard_task_runner.py:77} INFO - Job 4596: Subtask transform_into_data.csv
[2024-03-15 22:51:04,772] {logging_mixin.py:104} INFO - Running <TaskInstance: ***_exam.transform_into_data.csv 2024-03-15T22:50:00+00:00 [running]> on host 3a3d0401ac26
[2024-03-15 22:51:04,888] {taskinstance.py:1302} INFO - Exporting the following env vars:
AIRFLOW_CTX_DAG_OWNER=***
AIRFLOW_CTX_DAG_ID=***_exam
AIRFLOW_CTX_TASK_ID=transform_into_data.csv
AIRFLOW_CTX_EXECUTION_DATE=2024-03-15T22:50:00+00:00
AIRFLOW_CTX_DAG_RUN_ID=scheduled__2024-03-15T22:50:00+00:00
[2024-03-15 22:51:04,898] {logging_mixin.py:104} INFO - 
[2024-03-15 22:51:04,940] {logging_mixin.py:104} INFO -     temperature        city  pression              date
0       285.48       Paris      1014  2024-03-15 22:51
1       282.55      London      1011  2024-03-15 22:51
2       289.08  Washington      1022  2024-03-15 22:51
3       285.48       Paris      1014  2024-03-15 22:50
4       282.55      London      1011  2024-03-15 22:50
5       289.08  Washington      1022  2024-03-15 22:50
6       285.48       Paris      1014  2024-03-15 22:49
7       282.68      London      1011  2024-03-15 22:49
8       289.08  Washington      1022  2024-03-15 22:49
9       285.48       Paris      1014  2024-03-15 22:48
[2024-03-15 22:51:04,948] {python.py:151} INFO - Done. Returned value was: None
[2024-03-15 22:51:04,966] {taskinstance.py:1211} INFO - Marking task as SUCCESS. dag_id=***_exam, task_id=transform_into_data.csv, execution_date=20240315T225000, start_date=20240315T225104, end_date=20240315T225104
[2024-03-15 22:51:05,014] {taskinstance.py:1265} INFO - 0 downstream tasks scheduled from follow-on schedule check
[2024-03-15 22:51:05,067] {local_task_job.py:151} INFO - Task exited with return code 0
