[2024-03-15 22:07:05,327] {taskinstance.py:896} INFO - Dependencies all met for <TaskInstance: airflow_exam.transform_into_data.csv 2024-03-15T22:06:00+00:00 [queued]>
[2024-03-15 22:07:05,345] {taskinstance.py:896} INFO - Dependencies all met for <TaskInstance: airflow_exam.transform_into_data.csv 2024-03-15T22:06:00+00:00 [queued]>
[2024-03-15 22:07:05,345] {taskinstance.py:1087} INFO - 
--------------------------------------------------------------------------------
[2024-03-15 22:07:05,345] {taskinstance.py:1088} INFO - Starting attempt 1 of 1
[2024-03-15 22:07:05,345] {taskinstance.py:1089} INFO - 
--------------------------------------------------------------------------------
[2024-03-15 22:07:05,356] {taskinstance.py:1107} INFO - Executing <Task(PythonOperator): transform_into_data.csv> on 2024-03-15T22:06:00+00:00
[2024-03-15 22:07:05,363] {standard_task_runner.py:52} INFO - Started process 72962 to run task
[2024-03-15 22:07:05,365] {standard_task_runner.py:76} INFO - Running: ['***', 'tasks', 'run', '***_exam', 'transform_into_data.csv', '2024-03-15T22:06:00+00:00', '--job-id', '4287', '--pool', 'default_pool', '--raw', '--subdir', 'DAGS_FOLDER/DAG.py', '--cfg-path', '/tmp/tmpy6o_u1d5', '--error-file', '/tmp/tmpk75stl3q']
[2024-03-15 22:07:05,366] {standard_task_runner.py:77} INFO - Job 4287: Subtask transform_into_data.csv
[2024-03-15 22:07:05,412] {logging_mixin.py:104} INFO - Running <TaskInstance: ***_exam.transform_into_data.csv 2024-03-15T22:06:00+00:00 [running]> on host 3a3d0401ac26
[2024-03-15 22:07:05,473] {taskinstance.py:1302} INFO - Exporting the following env vars:
AIRFLOW_CTX_DAG_OWNER=***
AIRFLOW_CTX_DAG_ID=***_exam
AIRFLOW_CTX_TASK_ID=transform_into_data.csv
AIRFLOW_CTX_EXECUTION_DATE=2024-03-15T22:06:00+00:00
AIRFLOW_CTX_DAG_RUN_ID=scheduled__2024-03-15T22:06:00+00:00
[2024-03-15 22:07:05,478] {logging_mixin.py:104} INFO - 
[2024-03-15 22:07:05,504] {logging_mixin.py:104} INFO -     temperature        city  pression              date
0       285.35       Paris      1014  2024-03-15 22:07
1       283.32      London      1010  2024-03-15 22:07
2       288.89  Washington      1022  2024-03-15 22:07
3       285.35       Paris      1014  2024-03-15 22:06
4       283.32      London      1010  2024-03-15 22:06
5       288.89  Washington      1022  2024-03-15 22:06
6       285.35       Paris      1014  2024-03-15 22:05
7       283.32      London      1010  2024-03-15 22:05
8       288.89  Washington      1022  2024-03-15 22:05
9       285.48       Paris      1014  2024-03-15 22:04
[2024-03-15 22:07:05,510] {python.py:151} INFO - Done. Returned value was: None
[2024-03-15 22:07:05,523] {taskinstance.py:1211} INFO - Marking task as SUCCESS. dag_id=***_exam, task_id=transform_into_data.csv, execution_date=20240315T220600, start_date=20240315T220705, end_date=20240315T220705
[2024-03-15 22:07:05,556] {taskinstance.py:1265} INFO - 0 downstream tasks scheduled from follow-on schedule check
[2024-03-15 22:07:05,579] {local_task_job.py:151} INFO - Task exited with return code 0
