[2024-03-15 16:02:04,400] {taskinstance.py:896} INFO - Dependencies all met for <TaskInstance: airflow_exam.transform_into_data.csv 2024-03-15T16:01:00+00:00 [queued]>
[2024-03-15 16:02:04,419] {taskinstance.py:896} INFO - Dependencies all met for <TaskInstance: airflow_exam.transform_into_data.csv 2024-03-15T16:01:00+00:00 [queued]>
[2024-03-15 16:02:04,420] {taskinstance.py:1087} INFO - 
--------------------------------------------------------------------------------
[2024-03-15 16:02:04,420] {taskinstance.py:1088} INFO - Starting attempt 1 of 1
[2024-03-15 16:02:04,420] {taskinstance.py:1089} INFO - 
--------------------------------------------------------------------------------
[2024-03-15 16:02:04,431] {taskinstance.py:1107} INFO - Executing <Task(PythonOperator): transform_into_data.csv> on 2024-03-15T16:01:00+00:00
[2024-03-15 16:02:04,439] {standard_task_runner.py:52} INFO - Started process 16970 to run task
[2024-03-15 16:02:04,441] {standard_task_runner.py:76} INFO - Running: ['***', 'tasks', 'run', '***_exam', 'transform_into_data.csv', '2024-03-15T16:01:00+00:00', '--job-id', '2326', '--pool', 'default_pool', '--raw', '--subdir', 'DAGS_FOLDER/DAG.py', '--cfg-path', '/tmp/tmpn9mf5nns', '--error-file', '/tmp/tmprwh8p6yn']
[2024-03-15 16:02:04,442] {standard_task_runner.py:77} INFO - Job 2326: Subtask transform_into_data.csv
[2024-03-15 16:02:04,488] {logging_mixin.py:104} INFO - Running <TaskInstance: ***_exam.transform_into_data.csv 2024-03-15T16:01:00+00:00 [running]> on host 3a3d0401ac26
[2024-03-15 16:02:04,552] {taskinstance.py:1302} INFO - Exporting the following env vars:
AIRFLOW_CTX_DAG_OWNER=***
AIRFLOW_CTX_DAG_ID=***_exam
AIRFLOW_CTX_TASK_ID=transform_into_data.csv
AIRFLOW_CTX_EXECUTION_DATE=2024-03-15T16:01:00+00:00
AIRFLOW_CTX_DAG_RUN_ID=scheduled__2024-03-15T16:01:00+00:00
[2024-03-15 16:02:04,557] {logging_mixin.py:104} INFO - 
[2024-03-15 16:02:04,574] {logging_mixin.py:104} INFO -     temperature        city  pression              date
0       289.58       Paris      1011  2024-03-15 16:02
1       286.95      London      1004  2024-03-15 16:02
2       282.95  Washington      1027  2024-03-15 16:02
3       289.58       Paris      1011  2024-03-15 16:01
4       286.95      London      1004  2024-03-15 16:01
5       282.95  Washington      1027  2024-03-15 16:01
6       289.58       Paris      1011  2024-03-15 16:00
7       286.95      London      1004  2024-03-15 16:00
8       282.95  Washington      1027  2024-03-15 16:00
9       289.58       Paris      1011  2024-03-15 15:59
[2024-03-15 16:02:04,578] {python.py:151} INFO - Done. Returned value was: None
[2024-03-15 16:02:04,593] {taskinstance.py:1211} INFO - Marking task as SUCCESS. dag_id=***_exam, task_id=transform_into_data.csv, execution_date=20240315T160100, start_date=20240315T160204, end_date=20240315T160204
[2024-03-15 16:02:04,628] {taskinstance.py:1265} INFO - 0 downstream tasks scheduled from follow-on schedule check
[2024-03-15 16:02:04,655] {local_task_job.py:151} INFO - Task exited with return code 0
