[2024-03-15 16:48:04,276] {taskinstance.py:896} INFO - Dependencies all met for <TaskInstance: airflow_exam.transform_into_fulldata.csv 2024-03-15T16:47:00+00:00 [queued]>
[2024-03-15 16:48:04,298] {taskinstance.py:896} INFO - Dependencies all met for <TaskInstance: airflow_exam.transform_into_fulldata.csv 2024-03-15T16:47:00+00:00 [queued]>
[2024-03-15 16:48:04,298] {taskinstance.py:1087} INFO - 
--------------------------------------------------------------------------------
[2024-03-15 16:48:04,299] {taskinstance.py:1088} INFO - Starting attempt 1 of 1
[2024-03-15 16:48:04,299] {taskinstance.py:1089} INFO - 
--------------------------------------------------------------------------------
[2024-03-15 16:48:04,310] {taskinstance.py:1107} INFO - Executing <Task(PythonOperator): transform_into_fulldata.csv> on 2024-03-15T16:47:00+00:00
[2024-03-15 16:48:04,318] {standard_task_runner.py:52} INFO - Started process 25912 to run task
[2024-03-15 16:48:04,321] {standard_task_runner.py:76} INFO - Running: ['***', 'tasks', 'run', '***_exam', 'transform_into_fulldata.csv', '2024-03-15T16:47:00+00:00', '--job-id', '2648', '--pool', 'default_pool', '--raw', '--subdir', 'DAGS_FOLDER/DAG.py', '--cfg-path', '/tmp/tmpbc29_lca', '--error-file', '/tmp/tmpn9ep104h']
[2024-03-15 16:48:04,321] {standard_task_runner.py:77} INFO - Job 2648: Subtask transform_into_fulldata.csv
[2024-03-15 16:48:04,367] {logging_mixin.py:104} INFO - Running <TaskInstance: ***_exam.transform_into_fulldata.csv 2024-03-15T16:47:00+00:00 [running]> on host 3a3d0401ac26
[2024-03-15 16:48:04,431] {taskinstance.py:1302} INFO - Exporting the following env vars:
AIRFLOW_CTX_DAG_OWNER=***
AIRFLOW_CTX_DAG_ID=***_exam
AIRFLOW_CTX_TASK_ID=transform_into_fulldata.csv
AIRFLOW_CTX_EXECUTION_DATE=2024-03-15T16:47:00+00:00
AIRFLOW_CTX_DAG_RUN_ID=scheduled__2024-03-15T16:47:00+00:00
[2024-03-15 16:48:04,466] {logging_mixin.py:104} INFO - 
[2024-03-15 16:48:04,493] {logging_mixin.py:104} INFO -     temperature        city  pression              date
0       288.19       Paris      1011  2024-03-15 16:48
1       286.70      London      1004  2024-03-15 16:48
2       278.21  Washington      1026  2024-03-15 16:48
3       288.19       Paris      1011  2024-03-15 16:47
4       286.70      London      1004  2024-03-15 16:47
5       278.21  Washington      1026  2024-03-15 16:47
6       288.49       Paris      1011  2024-03-15 16:46
7       286.70      London      1004  2024-03-15 16:46
8       278.21  Washington      1026  2024-03-15 16:46
9       288.49       Paris      1011  2024-03-15 16:45
[2024-03-15 16:48:04,499] {python.py:151} INFO - Done. Returned value was: None
[2024-03-15 16:48:04,512] {taskinstance.py:1211} INFO - Marking task as SUCCESS. dag_id=***_exam, task_id=transform_into_fulldata.csv, execution_date=20240315T164700, start_date=20240315T164804, end_date=20240315T164804
[2024-03-15 16:48:04,549] {taskinstance.py:1265} INFO - 3 downstream tasks scheduled from follow-on schedule check
[2024-03-15 16:48:04,574] {local_task_job.py:151} INFO - Task exited with return code 0
