[2023-10-06 12:02:51,790] {taskinstance.py:896} INFO - Dependencies all met for <TaskInstance: airflow_exam.transform_into_fulldata.csv 2023-10-06T12:02:48.828545+00:00 [queued]>
[2023-10-06 12:02:51,807] {taskinstance.py:896} INFO - Dependencies all met for <TaskInstance: airflow_exam.transform_into_fulldata.csv 2023-10-06T12:02:48.828545+00:00 [queued]>
[2023-10-06 12:02:51,807] {taskinstance.py:1087} INFO - 
--------------------------------------------------------------------------------
[2023-10-06 12:02:51,807] {taskinstance.py:1088} INFO - Starting attempt 1 of 1
[2023-10-06 12:02:51,808] {taskinstance.py:1089} INFO - 
--------------------------------------------------------------------------------
[2023-10-06 12:02:51,829] {taskinstance.py:1107} INFO - Executing <Task(PythonOperator): transform_into_fulldata.csv> on 2023-10-06T12:02:48.828545+00:00
[2023-10-06 12:02:51,835] {standard_task_runner.py:52} INFO - Started process 14842 to run task
[2023-10-06 12:02:51,839] {standard_task_runner.py:76} INFO - Running: ['***', 'tasks', 'run', '***_exam', 'transform_into_fulldata.csv', '2023-10-06T12:02:48.828545+00:00', '--job-id', '264', '--pool', 'default_pool', '--raw', '--subdir', 'DAGS_FOLDER/DAG.py', '--cfg-path', '/tmp/tmpsaqux_mc', '--error-file', '/tmp/tmpy3igr89o']
[2023-10-06 12:02:51,839] {standard_task_runner.py:77} INFO - Job 264: Subtask transform_into_fulldata.csv
[2023-10-06 12:02:51,896] {logging_mixin.py:104} INFO - Running <TaskInstance: ***_exam.transform_into_fulldata.csv 2023-10-06T12:02:48.828545+00:00 [running]> on host 3a3d0401ac26
[2023-10-06 12:02:51,960] {taskinstance.py:1302} INFO - Exporting the following env vars:
AIRFLOW_CTX_DAG_OWNER=***
AIRFLOW_CTX_DAG_ID=***_exam
AIRFLOW_CTX_TASK_ID=transform_into_fulldata.csv
AIRFLOW_CTX_EXECUTION_DATE=2023-10-06T12:02:48.828545+00:00
AIRFLOW_CTX_DAG_RUN_ID=manual__2023-10-06T12:02:48.828545+00:00
[2023-10-06 12:02:51,965] {logging_mixin.py:104} INFO - 
[2023-10-06 12:02:51,983] {logging_mixin.py:104} INFO -     temperature        city  pression              date
0       292.93       Paris      1026  2023-10-06 12:02
1       292.43      London      1024  2023-10-06 12:02
2       284.21  Washington      1028  2023-10-06 12:02
3       292.82       Paris      1026  2023-10-06 11:53
4       292.43      London      1024  2023-10-06 11:53
5       284.85  Washington      1028  2023-10-06 11:53
6       292.82       Paris      1026  2023-10-06 11:49
7       292.03      London      1024  2023-10-06 11:49
8       284.85  Washington      1028  2023-10-06 11:49
9       290.96       Paris      1027  2023-10-06 10:31
[2023-10-06 12:02:51,986] {python.py:151} INFO - Done. Returned value was: None
[2023-10-06 12:02:51,999] {taskinstance.py:1211} INFO - Marking task as SUCCESS. dag_id=***_exam, task_id=transform_into_fulldata.csv, execution_date=20231006T120248, start_date=20231006T120251, end_date=20231006T120251
[2023-10-06 12:02:52,027] {taskinstance.py:1265} INFO - 0 downstream tasks scheduled from follow-on schedule check
[2023-10-06 12:02:52,050] {local_task_job.py:151} INFO - Task exited with return code 0
