[2024-03-15 17:36:07,214] {taskinstance.py:896} INFO - Dependencies all met for <TaskInstance: airflow_exam.compute_rf_score 2024-03-15T17:35:00+00:00 [queued]>
[2024-03-15 17:36:07,243] {taskinstance.py:896} INFO - Dependencies all met for <TaskInstance: airflow_exam.compute_rf_score 2024-03-15T17:35:00+00:00 [queued]>
[2024-03-15 17:36:07,243] {taskinstance.py:1087} INFO - 
--------------------------------------------------------------------------------
[2024-03-15 17:36:07,243] {taskinstance.py:1088} INFO - Starting attempt 1 of 1
[2024-03-15 17:36:07,243] {taskinstance.py:1089} INFO - 
--------------------------------------------------------------------------------
[2024-03-15 17:36:07,259] {taskinstance.py:1107} INFO - Executing <Task(PythonOperator): compute_rf_score> on 2024-03-15T17:35:00+00:00
[2024-03-15 17:36:07,270] {standard_task_runner.py:52} INFO - Started process 35600 to run task
[2024-03-15 17:36:07,274] {standard_task_runner.py:76} INFO - Running: ['***', 'tasks', 'run', '***_exam', 'compute_rf_score', '2024-03-15T17:35:00+00:00', '--job-id', '2986', '--pool', 'default_pool', '--raw', '--subdir', 'DAGS_FOLDER/DAG.py', '--cfg-path', '/tmp/tmp7bsmjhz3', '--error-file', '/tmp/tmpwkydamdf']
[2024-03-15 17:36:07,275] {standard_task_runner.py:77} INFO - Job 2986: Subtask compute_rf_score
[2024-03-15 17:36:07,342] {logging_mixin.py:104} INFO - Running <TaskInstance: ***_exam.compute_rf_score 2024-03-15T17:35:00+00:00 [running]> on host 3a3d0401ac26
[2024-03-15 17:36:07,433] {taskinstance.py:1302} INFO - Exporting the following env vars:
AIRFLOW_CTX_DAG_OWNER=***
AIRFLOW_CTX_DAG_ID=***_exam
AIRFLOW_CTX_TASK_ID=compute_rf_score
AIRFLOW_CTX_EXECUTION_DATE=2024-03-15T17:35:00+00:00
AIRFLOW_CTX_DAG_RUN_ID=scheduled__2024-03-15T17:35:00+00:00
[2024-03-15 17:36:09,123] {python.py:151} INFO - Done. Returned value was: None
[2024-03-15 17:36:09,138] {taskinstance.py:1211} INFO - Marking task as SUCCESS. dag_id=***_exam, task_id=compute_rf_score, execution_date=20240315T173500, start_date=20240315T173607, end_date=20240315T173609
[2024-03-15 17:36:09,181] {taskinstance.py:1265} INFO - 1 downstream tasks scheduled from follow-on schedule check
[2024-03-15 17:36:09,204] {local_task_job.py:151} INFO - Task exited with return code 0
