[2023-10-11 17:21:07,784] {taskinstance.py:896} INFO - Dependencies all met for <TaskInstance: airflow_exam.compute_rf_score 2023-10-11T17:20:00+00:00 [queued]>
[2023-10-11 17:21:07,806] {taskinstance.py:896} INFO - Dependencies all met for <TaskInstance: airflow_exam.compute_rf_score 2023-10-11T17:20:00+00:00 [queued]>
[2023-10-11 17:21:07,806] {taskinstance.py:1087} INFO - 
--------------------------------------------------------------------------------
[2023-10-11 17:21:07,807] {taskinstance.py:1088} INFO - Starting attempt 1 of 1
[2023-10-11 17:21:07,807] {taskinstance.py:1089} INFO - 
--------------------------------------------------------------------------------
[2023-10-11 17:21:07,835] {taskinstance.py:1107} INFO - Executing <Task(PythonOperator): compute_rf_score> on 2023-10-11T17:20:00+00:00
[2023-10-11 17:21:07,863] {standard_task_runner.py:76} INFO - Running: ['***', 'tasks', 'run', '***_exam', 'compute_rf_score', '2023-10-11T17:20:00+00:00', '--job-id', '1531', '--pool', 'default_pool', '--raw', '--subdir', 'DAGS_FOLDER/DAG.py', '--cfg-path', '/tmp/tmpttviaeet', '--error-file', '/tmp/tmpm5y4f3rc']
[2023-10-11 17:21:07,864] {standard_task_runner.py:77} INFO - Job 1531: Subtask compute_rf_score
[2023-10-11 17:21:07,857] {standard_task_runner.py:52} INFO - Started process 1994 to run task
[2023-10-11 17:21:07,963] {logging_mixin.py:104} INFO - Running <TaskInstance: ***_exam.compute_rf_score 2023-10-11T17:20:00+00:00 [running]> on host 3a3d0401ac26
[2023-10-11 17:21:08,186] {taskinstance.py:1302} INFO - Exporting the following env vars:
AIRFLOW_CTX_DAG_OWNER=***
AIRFLOW_CTX_DAG_ID=***_exam
AIRFLOW_CTX_TASK_ID=compute_rf_score
AIRFLOW_CTX_EXECUTION_DATE=2023-10-11T17:20:00+00:00
AIRFLOW_CTX_DAG_RUN_ID=scheduled__2023-10-11T17:20:00+00:00
[2023-10-11 17:21:09,749] {python.py:151} INFO - Done. Returned value was: None
[2023-10-11 17:21:09,781] {taskinstance.py:1211} INFO - Marking task as SUCCESS. dag_id=***_exam, task_id=compute_rf_score, execution_date=20231011T172000, start_date=20231011T172107, end_date=20231011T172109
[2023-10-11 17:21:09,907] {taskinstance.py:1265} INFO - 1 downstream tasks scheduled from follow-on schedule check
[2023-10-11 17:21:09,971] {local_task_job.py:151} INFO - Task exited with return code 0
