[2024-03-15 21:22:04,254] {taskinstance.py:896} INFO - Dependencies all met for <TaskInstance: airflow_exam.transform_into_fulldata.csv 2024-03-15T21:21:00+00:00 [queued]>
[2024-03-15 21:22:04,295] {taskinstance.py:896} INFO - Dependencies all met for <TaskInstance: airflow_exam.transform_into_fulldata.csv 2024-03-15T21:21:00+00:00 [queued]>
[2024-03-15 21:22:04,296] {taskinstance.py:1087} INFO - 
--------------------------------------------------------------------------------
[2024-03-15 21:22:04,296] {taskinstance.py:1088} INFO - Starting attempt 1 of 1
[2024-03-15 21:22:04,296] {taskinstance.py:1089} INFO - 
--------------------------------------------------------------------------------
[2024-03-15 21:22:04,326] {taskinstance.py:1107} INFO - Executing <Task(PythonOperator): transform_into_fulldata.csv> on 2024-03-15T21:21:00+00:00
[2024-03-15 21:22:04,343] {standard_task_runner.py:52} INFO - Started process 63843 to run task
[2024-03-15 21:22:04,348] {standard_task_runner.py:76} INFO - Running: ['***', 'tasks', 'run', '***_exam', 'transform_into_fulldata.csv', '2024-03-15T21:21:00+00:00', '--job-id', '3973', '--pool', 'default_pool', '--raw', '--subdir', 'DAGS_FOLDER/DAG.py', '--cfg-path', '/tmp/tmpss46u827', '--error-file', '/tmp/tmpr1u27t4n']
[2024-03-15 21:22:04,349] {standard_task_runner.py:77} INFO - Job 3973: Subtask transform_into_fulldata.csv
[2024-03-15 21:22:04,474] {logging_mixin.py:104} INFO - Running <TaskInstance: ***_exam.transform_into_fulldata.csv 2024-03-15T21:21:00+00:00 [running]> on host 3a3d0401ac26
[2024-03-15 21:22:04,571] {taskinstance.py:1302} INFO - Exporting the following env vars:
AIRFLOW_CTX_DAG_OWNER=***
AIRFLOW_CTX_DAG_ID=***_exam
AIRFLOW_CTX_TASK_ID=transform_into_fulldata.csv
AIRFLOW_CTX_EXECUTION_DATE=2024-03-15T21:21:00+00:00
AIRFLOW_CTX_DAG_RUN_ID=scheduled__2024-03-15T21:21:00+00:00
[2024-03-15 21:22:04,634] {logging_mixin.py:104} INFO - 
[2024-03-15 21:22:04,662] {logging_mixin.py:104} INFO -     temperature        city  pression              date
0       285.66       Paris      1013  2024-03-15 21:22
1       284.26      London      1009  2024-03-15 21:22
2       287.40  Washington      1024  2024-03-15 21:22
3       285.66       Paris      1013  2024-03-15 21:21
4       284.41      London      1009  2024-03-15 21:21
5       287.20  Washington      1024  2024-03-15 21:21
6       285.66       Paris      1013  2024-03-15 21:20
7       284.41      London      1009  2024-03-15 21:20
8       287.20  Washington      1024  2024-03-15 21:20
9       285.66       Paris      1013  2024-03-15 21:19
[2024-03-15 21:22:04,672] {python.py:151} INFO - Done. Returned value was: None
[2024-03-15 21:22:04,688] {taskinstance.py:1211} INFO - Marking task as SUCCESS. dag_id=***_exam, task_id=transform_into_fulldata.csv, execution_date=20240315T212100, start_date=20240315T212204, end_date=20240315T212204
[2024-03-15 21:22:04,739] {taskinstance.py:1265} INFO - 3 downstream tasks scheduled from follow-on schedule check
[2024-03-15 21:22:04,760] {local_task_job.py:151} INFO - Task exited with return code 0
