[2024-03-21 16:27:04,414] {taskinstance.py:896} INFO - Dependencies all met for <TaskInstance: airflow_exam.transform_into_fulldata.csv 2024-03-21T16:26:00+00:00 [queued]>
[2024-03-21 16:27:04,439] {taskinstance.py:896} INFO - Dependencies all met for <TaskInstance: airflow_exam.transform_into_fulldata.csv 2024-03-21T16:26:00+00:00 [queued]>
[2024-03-21 16:27:04,439] {taskinstance.py:1087} INFO - 
--------------------------------------------------------------------------------
[2024-03-21 16:27:04,439] {taskinstance.py:1088} INFO - Starting attempt 1 of 1
[2024-03-21 16:27:04,439] {taskinstance.py:1089} INFO - 
--------------------------------------------------------------------------------
[2024-03-21 16:27:04,453] {taskinstance.py:1107} INFO - Executing <Task(PythonOperator): transform_into_fulldata.csv> on 2024-03-21T16:26:00+00:00
[2024-03-21 16:27:04,461] {standard_task_runner.py:52} INFO - Started process 9951 to run task
[2024-03-21 16:27:04,464] {standard_task_runner.py:76} INFO - Running: ['***', 'tasks', 'run', '***_exam', 'transform_into_fulldata.csv', '2024-03-21T16:26:00+00:00', '--job-id', '9373', '--pool', 'default_pool', '--raw', '--subdir', 'DAGS_FOLDER/DAG.py', '--cfg-path', '/tmp/tmp3s57d9vv', '--error-file', '/tmp/tmpa9r52co8']
[2024-03-21 16:27:04,465] {standard_task_runner.py:77} INFO - Job 9373: Subtask transform_into_fulldata.csv
[2024-03-21 16:27:04,519] {logging_mixin.py:104} INFO - Running <TaskInstance: ***_exam.transform_into_fulldata.csv 2024-03-21T16:26:00+00:00 [running]> on host 3a3d0401ac26
[2024-03-21 16:27:04,590] {taskinstance.py:1302} INFO - Exporting the following env vars:
AIRFLOW_CTX_DAG_OWNER=***
AIRFLOW_CTX_DAG_ID=***_exam
AIRFLOW_CTX_TASK_ID=transform_into_fulldata.csv
AIRFLOW_CTX_EXECUTION_DATE=2024-03-21T16:26:00+00:00
AIRFLOW_CTX_DAG_RUN_ID=scheduled__2024-03-21T16:26:00+00:00
[2024-03-21 16:27:04,710] {logging_mixin.py:104} INFO - 
[2024-03-21 16:27:04,739] {logging_mixin.py:104} INFO -     temperature        city  pression              date
0       292.88       Paris      1025  2024-03-21 16:27
1       289.46      London      1023  2024-03-21 16:27
2       281.04  Washington      1015  2024-03-21 16:27
3       292.67       Paris      1025  2024-03-21 16:26
4       289.46      London      1023  2024-03-21 16:26
5       281.04  Washington      1015  2024-03-21 16:26
6       292.89       Paris      1025  2024-03-21 16:25
7       289.46      London      1023  2024-03-21 16:25
8       281.04  Washington      1015  2024-03-21 16:25
9       292.89       Paris      1025  2024-03-21 16:24
[2024-03-21 16:27:04,759] {python.py:151} INFO - Done. Returned value was: None
[2024-03-21 16:27:04,774] {taskinstance.py:1211} INFO - Marking task as SUCCESS. dag_id=***_exam, task_id=transform_into_fulldata.csv, execution_date=20240321T162600, start_date=20240321T162704, end_date=20240321T162704
[2024-03-21 16:27:04,813] {taskinstance.py:1265} INFO - 3 downstream tasks scheduled from follow-on schedule check
[2024-03-21 16:27:04,838] {local_task_job.py:151} INFO - Task exited with return code 0
