[2024-03-20 21:26:05,300] {taskinstance.py:896} INFO - Dependencies all met for <TaskInstance: airflow_exam.transform_into_data.csv 2024-03-20T21:25:00+00:00 [queued]>
[2024-03-20 21:26:05,326] {taskinstance.py:896} INFO - Dependencies all met for <TaskInstance: airflow_exam.transform_into_data.csv 2024-03-20T21:25:00+00:00 [queued]>
[2024-03-20 21:26:05,326] {taskinstance.py:1087} INFO - 
--------------------------------------------------------------------------------
[2024-03-20 21:26:05,327] {taskinstance.py:1088} INFO - Starting attempt 1 of 1
[2024-03-20 21:26:05,327] {taskinstance.py:1089} INFO - 
--------------------------------------------------------------------------------
[2024-03-20 21:26:05,357] {taskinstance.py:1107} INFO - Executing <Task(PythonOperator): transform_into_data.csv> on 2024-03-20T21:25:00+00:00
[2024-03-20 21:26:05,368] {standard_task_runner.py:52} INFO - Started process 11351 to run task
[2024-03-20 21:26:05,374] {standard_task_runner.py:76} INFO - Running: ['***', 'tasks', 'run', '***_exam', 'transform_into_data.csv', '2024-03-20T21:25:00+00:00', '--job-id', '7205', '--pool', 'default_pool', '--raw', '--subdir', 'DAGS_FOLDER/DAG.py', '--cfg-path', '/tmp/tmp6na0bmlk', '--error-file', '/tmp/tmp8ec76dcw']
[2024-03-20 21:26:05,375] {standard_task_runner.py:77} INFO - Job 7205: Subtask transform_into_data.csv
[2024-03-20 21:26:05,450] {logging_mixin.py:104} INFO - Running <TaskInstance: ***_exam.transform_into_data.csv 2024-03-20T21:25:00+00:00 [running]> on host 3a3d0401ac26
[2024-03-20 21:26:05,545] {taskinstance.py:1302} INFO - Exporting the following env vars:
AIRFLOW_CTX_DAG_OWNER=***
AIRFLOW_CTX_DAG_ID=***_exam
AIRFLOW_CTX_TASK_ID=transform_into_data.csv
AIRFLOW_CTX_EXECUTION_DATE=2024-03-20T21:25:00+00:00
AIRFLOW_CTX_DAG_RUN_ID=scheduled__2024-03-20T21:25:00+00:00
[2024-03-20 21:26:05,558] {logging_mixin.py:104} INFO - 
[2024-03-20 21:26:05,597] {logging_mixin.py:104} INFO -     temperature        city  pression              date
0       286.46       Paris      1019  2024-03-20 21:26
1       286.06      London      1020  2024-03-20 21:26
2       290.66  Washington      1008  2024-03-20 21:26
3       286.46       Paris      1019  2024-03-20 21:25
4       286.06      London      1020  2024-03-20 21:25
5       290.66  Washington      1008  2024-03-20 21:25
6       286.45       Paris      1019  2024-03-20 21:24
7       286.16      London      1020  2024-03-20 21:24
8       290.66  Washington      1008  2024-03-20 21:24
9       286.45       Paris      1019  2024-03-20 21:23
[2024-03-20 21:26:05,604] {python.py:151} INFO - Done. Returned value was: None
[2024-03-20 21:26:05,621] {taskinstance.py:1211} INFO - Marking task as SUCCESS. dag_id=***_exam, task_id=transform_into_data.csv, execution_date=20240320T212500, start_date=20240320T212605, end_date=20240320T212605
[2024-03-20 21:26:05,667] {taskinstance.py:1265} INFO - 0 downstream tasks scheduled from follow-on schedule check
[2024-03-20 21:26:05,707] {local_task_job.py:151} INFO - Task exited with return code 0
