[2024-03-20 21:56:04,846] {taskinstance.py:896} INFO - Dependencies all met for <TaskInstance: airflow_exam.transform_into_data.csv 2024-03-20T21:55:00+00:00 [queued]>
[2024-03-20 21:56:04,871] {taskinstance.py:896} INFO - Dependencies all met for <TaskInstance: airflow_exam.transform_into_data.csv 2024-03-20T21:55:00+00:00 [queued]>
[2024-03-20 21:56:04,872] {taskinstance.py:1087} INFO - 
--------------------------------------------------------------------------------
[2024-03-20 21:56:04,872] {taskinstance.py:1088} INFO - Starting attempt 1 of 1
[2024-03-20 21:56:04,872] {taskinstance.py:1089} INFO - 
--------------------------------------------------------------------------------
[2024-03-20 21:56:04,904] {taskinstance.py:1107} INFO - Executing <Task(PythonOperator): transform_into_data.csv> on 2024-03-20T21:55:00+00:00
[2024-03-20 21:56:04,918] {standard_task_runner.py:52} INFO - Started process 17751 to run task
[2024-03-20 21:56:04,923] {standard_task_runner.py:76} INFO - Running: ['***', 'tasks', 'run', '***_exam', 'transform_into_data.csv', '2024-03-20T21:55:00+00:00', '--job-id', '7416', '--pool', 'default_pool', '--raw', '--subdir', 'DAGS_FOLDER/DAG.py', '--cfg-path', '/tmp/tmpdfsscbrq', '--error-file', '/tmp/tmpgn8p3_nn']
[2024-03-20 21:56:04,924] {standard_task_runner.py:77} INFO - Job 7416: Subtask transform_into_data.csv
[2024-03-20 21:56:05,010] {logging_mixin.py:104} INFO - Running <TaskInstance: ***_exam.transform_into_data.csv 2024-03-20T21:55:00+00:00 [running]> on host 3a3d0401ac26
[2024-03-20 21:56:05,105] {taskinstance.py:1302} INFO - Exporting the following env vars:
AIRFLOW_CTX_DAG_OWNER=***
AIRFLOW_CTX_DAG_ID=***_exam
AIRFLOW_CTX_TASK_ID=transform_into_data.csv
AIRFLOW_CTX_EXECUTION_DATE=2024-03-20T21:55:00+00:00
AIRFLOW_CTX_DAG_RUN_ID=scheduled__2024-03-20T21:55:00+00:00
[2024-03-20 21:56:05,116] {logging_mixin.py:104} INFO - 
[2024-03-20 21:56:05,154] {logging_mixin.py:104} INFO -     temperature        city  pression              date
0       286.79       Paris      1020  2024-03-20 21:56
1       285.38      London      1020  2024-03-20 21:56
2       290.56  Washington      1007  2024-03-20 21:56
3       286.79       Paris      1020  2024-03-20 21:55
4       285.38      London      1020  2024-03-20 21:55
5       290.56  Washington      1007  2024-03-20 21:55
6       286.79       Paris      1020  2024-03-20 21:54
7       285.38      London      1020  2024-03-20 21:54
8       290.56  Washington      1007  2024-03-20 21:54
9       286.79       Paris      1020  2024-03-20 21:53
[2024-03-20 21:56:05,162] {python.py:151} INFO - Done. Returned value was: None
[2024-03-20 21:56:05,181] {taskinstance.py:1211} INFO - Marking task as SUCCESS. dag_id=***_exam, task_id=transform_into_data.csv, execution_date=20240320T215500, start_date=20240320T215604, end_date=20240320T215605
[2024-03-20 21:56:05,226] {taskinstance.py:1265} INFO - 0 downstream tasks scheduled from follow-on schedule check
[2024-03-20 21:56:05,257] {local_task_job.py:151} INFO - Task exited with return code 0
