[2024-03-21 01:36:04,200] {taskinstance.py:896} INFO - Dependencies all met for <TaskInstance: airflow_exam.transform_into_data.csv 2024-03-21T01:35:00+00:00 [queued]>
[2024-03-21 01:36:04,217] {taskinstance.py:896} INFO - Dependencies all met for <TaskInstance: airflow_exam.transform_into_data.csv 2024-03-21T01:35:00+00:00 [queued]>
[2024-03-21 01:36:04,217] {taskinstance.py:1087} INFO - 
--------------------------------------------------------------------------------
[2024-03-21 01:36:04,217] {taskinstance.py:1088} INFO - Starting attempt 1 of 1
[2024-03-21 01:36:04,217] {taskinstance.py:1089} INFO - 
--------------------------------------------------------------------------------
[2024-03-21 01:36:04,236] {taskinstance.py:1107} INFO - Executing <Task(PythonOperator): transform_into_data.csv> on 2024-03-21T01:35:00+00:00
[2024-03-21 01:36:04,245] {standard_task_runner.py:52} INFO - Started process 16231 to run task
[2024-03-21 01:36:04,248] {standard_task_runner.py:76} INFO - Running: ['***', 'tasks', 'run', '***_exam', 'transform_into_data.csv', '2024-03-21T01:35:00+00:00', '--job-id', '8899', '--pool', 'default_pool', '--raw', '--subdir', 'DAGS_FOLDER/DAG.py', '--cfg-path', '/tmp/tmptvy0f23l', '--error-file', '/tmp/tmp3isctpxo']
[2024-03-21 01:36:04,249] {standard_task_runner.py:77} INFO - Job 8899: Subtask transform_into_data.csv
[2024-03-21 01:36:04,305] {logging_mixin.py:104} INFO - Running <TaskInstance: ***_exam.transform_into_data.csv 2024-03-21T01:35:00+00:00 [running]> on host 3a3d0401ac26
[2024-03-21 01:36:04,380] {taskinstance.py:1302} INFO - Exporting the following env vars:
AIRFLOW_CTX_DAG_OWNER=***
AIRFLOW_CTX_DAG_ID=***_exam
AIRFLOW_CTX_TASK_ID=transform_into_data.csv
AIRFLOW_CTX_EXECUTION_DATE=2024-03-21T01:35:00+00:00
AIRFLOW_CTX_DAG_RUN_ID=scheduled__2024-03-21T01:35:00+00:00
[2024-03-21 01:36:04,389] {logging_mixin.py:104} INFO - 
[2024-03-21 01:36:04,413] {logging_mixin.py:104} INFO -     temperature        city  pression              date
0       285.33       Paris      1021  2024-03-21 01:36
1       283.39      London      1023  2024-03-21 01:36
2       288.07  Washington      1007  2024-03-21 01:36
3       285.44       Paris      1021  2024-03-21 01:35
4       283.39      London      1023  2024-03-21 01:35
5       288.07  Washington      1007  2024-03-21 01:35
6       285.44       Paris      1021  2024-03-21 01:34
7       283.39      London      1023  2024-03-21 01:34
8       288.07  Washington      1007  2024-03-21 01:34
9       285.44       Paris      1021  2024-03-21 01:33
[2024-03-21 01:36:04,417] {python.py:151} INFO - Done. Returned value was: None
[2024-03-21 01:36:04,432] {taskinstance.py:1211} INFO - Marking task as SUCCESS. dag_id=***_exam, task_id=transform_into_data.csv, execution_date=20240321T013500, start_date=20240321T013604, end_date=20240321T013604
[2024-03-21 01:36:04,469] {taskinstance.py:1265} INFO - 0 downstream tasks scheduled from follow-on schedule check
[2024-03-21 01:36:04,501] {local_task_job.py:151} INFO - Task exited with return code 0
