[2024-03-21 16:07:04,138] {taskinstance.py:896} INFO - Dependencies all met for <TaskInstance: airflow_exam.transform_into_data.csv 2024-03-21T16:06:00+00:00 [queued]>
[2024-03-21 16:07:04,166] {taskinstance.py:896} INFO - Dependencies all met for <TaskInstance: airflow_exam.transform_into_data.csv 2024-03-21T16:06:00+00:00 [queued]>
[2024-03-21 16:07:04,167] {taskinstance.py:1087} INFO - 
--------------------------------------------------------------------------------
[2024-03-21 16:07:04,167] {taskinstance.py:1088} INFO - Starting attempt 1 of 1
[2024-03-21 16:07:04,167] {taskinstance.py:1089} INFO - 
--------------------------------------------------------------------------------
[2024-03-21 16:07:04,185] {taskinstance.py:1107} INFO - Executing <Task(PythonOperator): transform_into_data.csv> on 2024-03-21T16:06:00+00:00
[2024-03-21 16:07:04,200] {standard_task_runner.py:52} INFO - Started process 5600 to run task
[2024-03-21 16:07:04,205] {standard_task_runner.py:76} INFO - Running: ['***', 'tasks', 'run', '***_exam', 'transform_into_data.csv', '2024-03-21T16:06:00+00:00', '--job-id', '9234', '--pool', 'default_pool', '--raw', '--subdir', 'DAGS_FOLDER/DAG.py', '--cfg-path', '/tmp/tmp0aytaa0z', '--error-file', '/tmp/tmp488yv215']
[2024-03-21 16:07:04,206] {standard_task_runner.py:77} INFO - Job 9234: Subtask transform_into_data.csv
[2024-03-21 16:07:04,278] {logging_mixin.py:104} INFO - Running <TaskInstance: ***_exam.transform_into_data.csv 2024-03-21T16:06:00+00:00 [running]> on host 3a3d0401ac26
[2024-03-21 16:07:04,352] {taskinstance.py:1302} INFO - Exporting the following env vars:
AIRFLOW_CTX_DAG_OWNER=***
AIRFLOW_CTX_DAG_ID=***_exam
AIRFLOW_CTX_TASK_ID=transform_into_data.csv
AIRFLOW_CTX_EXECUTION_DATE=2024-03-21T16:06:00+00:00
AIRFLOW_CTX_DAG_RUN_ID=scheduled__2024-03-21T16:06:00+00:00
[2024-03-21 16:07:04,361] {logging_mixin.py:104} INFO - 
[2024-03-21 16:07:04,388] {logging_mixin.py:104} INFO -     temperature        city  pression              date
0       292.80       Paris      1025  2024-03-21 16:07
1       289.55      London      1023  2024-03-21 16:07
2       280.52  Washington      1015  2024-03-21 16:07
3       292.80       Paris      1025  2024-03-21 16:06
4       289.55      London      1023  2024-03-21 16:06
5       280.52  Washington      1015  2024-03-21 16:06
6       292.80       Paris      1025  2024-03-21 16:05
7       289.55      London      1023  2024-03-21 16:05
8       280.52  Washington      1015  2024-03-21 16:05
9       292.80       Paris      1025  2024-03-21 16:04
[2024-03-21 16:07:04,392] {python.py:151} INFO - Done. Returned value was: None
[2024-03-21 16:07:04,405] {taskinstance.py:1211} INFO - Marking task as SUCCESS. dag_id=***_exam, task_id=transform_into_data.csv, execution_date=20240321T160600, start_date=20240321T160704, end_date=20240321T160704
[2024-03-21 16:07:04,439] {taskinstance.py:1265} INFO - 0 downstream tasks scheduled from follow-on schedule check
[2024-03-21 16:07:04,459] {local_task_job.py:151} INFO - Task exited with return code 0
