[2024-03-16 02:37:04,969] {taskinstance.py:896} INFO - Dependencies all met for <TaskInstance: airflow_exam.transform_into_data.csv 2024-03-16T02:36:00+00:00 [queued]>
[2024-03-16 02:37:04,994] {taskinstance.py:896} INFO - Dependencies all met for <TaskInstance: airflow_exam.transform_into_data.csv 2024-03-16T02:36:00+00:00 [queued]>
[2024-03-16 02:37:04,994] {taskinstance.py:1087} INFO - 
--------------------------------------------------------------------------------
[2024-03-16 02:37:04,994] {taskinstance.py:1088} INFO - Starting attempt 1 of 1
[2024-03-16 02:37:04,994] {taskinstance.py:1089} INFO - 
--------------------------------------------------------------------------------
[2024-03-16 02:37:05,012] {taskinstance.py:1107} INFO - Executing <Task(PythonOperator): transform_into_data.csv> on 2024-03-16T02:36:00+00:00
[2024-03-16 02:37:05,024] {standard_task_runner.py:52} INFO - Started process 129361 to run task
[2024-03-16 02:37:05,029] {standard_task_runner.py:76} INFO - Running: ['***', 'tasks', 'run', '***_exam', 'transform_into_data.csv', '2024-03-16T02:36:00+00:00', '--job-id', '6171', '--pool', 'default_pool', '--raw', '--subdir', 'DAGS_FOLDER/DAG.py', '--cfg-path', '/tmp/tmp96eqmgyc', '--error-file', '/tmp/tmpv267vtwr']
[2024-03-16 02:37:05,030] {standard_task_runner.py:77} INFO - Job 6171: Subtask transform_into_data.csv
[2024-03-16 02:37:05,095] {logging_mixin.py:104} INFO - Running <TaskInstance: ***_exam.transform_into_data.csv 2024-03-16T02:36:00+00:00 [running]> on host 3a3d0401ac26
[2024-03-16 02:37:05,175] {taskinstance.py:1302} INFO - Exporting the following env vars:
AIRFLOW_CTX_DAG_OWNER=***
AIRFLOW_CTX_DAG_ID=***_exam
AIRFLOW_CTX_TASK_ID=transform_into_data.csv
AIRFLOW_CTX_EXECUTION_DATE=2024-03-16T02:36:00+00:00
AIRFLOW_CTX_DAG_RUN_ID=scheduled__2024-03-16T02:36:00+00:00
[2024-03-16 02:37:05,184] {logging_mixin.py:104} INFO - 
[2024-03-16 02:37:05,213] {logging_mixin.py:104} INFO -     temperature        city  pression              date
0       284.22       Paris      1017  2024-03-16 02:37
1       281.30      London      1015  2024-03-16 02:37
2       280.76  Washington      1023  2024-03-16 02:37
3       284.22       Paris      1017  2024-03-16 02:36
4       281.30      London      1015  2024-03-16 02:36
5       280.76  Washington      1023  2024-03-16 02:36
6       284.22       Paris      1017  2024-03-16 02:35
7       281.28      London      1015  2024-03-16 02:35
8       283.95  Washington      1022  2024-03-16 02:35
9       284.22       Paris      1017  2024-03-16 02:34
[2024-03-16 02:37:05,217] {python.py:151} INFO - Done. Returned value was: None
[2024-03-16 02:37:05,230] {taskinstance.py:1211} INFO - Marking task as SUCCESS. dag_id=***_exam, task_id=transform_into_data.csv, execution_date=20240316T023600, start_date=20240316T023704, end_date=20240316T023705
[2024-03-16 02:37:05,264] {taskinstance.py:1265} INFO - 0 downstream tasks scheduled from follow-on schedule check
[2024-03-16 02:37:05,281] {local_task_job.py:151} INFO - Task exited with return code 0
