[2024-03-21 01:11:04,262] {taskinstance.py:896} INFO - Dependencies all met for <TaskInstance: airflow_exam.transform_into_data.csv 2024-03-21T01:10:00+00:00 [queued]>
[2024-03-21 01:11:04,280] {taskinstance.py:896} INFO - Dependencies all met for <TaskInstance: airflow_exam.transform_into_data.csv 2024-03-21T01:10:00+00:00 [queued]>
[2024-03-21 01:11:04,281] {taskinstance.py:1087} INFO - 
--------------------------------------------------------------------------------
[2024-03-21 01:11:04,281] {taskinstance.py:1088} INFO - Starting attempt 1 of 1
[2024-03-21 01:11:04,281] {taskinstance.py:1089} INFO - 
--------------------------------------------------------------------------------
[2024-03-21 01:11:04,307] {taskinstance.py:1107} INFO - Executing <Task(PythonOperator): transform_into_data.csv> on 2024-03-21T01:10:00+00:00
[2024-03-21 01:11:04,319] {standard_task_runner.py:52} INFO - Started process 10891 to run task
[2024-03-21 01:11:04,324] {standard_task_runner.py:76} INFO - Running: ['***', 'tasks', 'run', '***_exam', 'transform_into_data.csv', '2024-03-21T01:10:00+00:00', '--job-id', '8724', '--pool', 'default_pool', '--raw', '--subdir', 'DAGS_FOLDER/DAG.py', '--cfg-path', '/tmp/tmpy3avf2of', '--error-file', '/tmp/tmp5_pun20t']
[2024-03-21 01:11:04,325] {standard_task_runner.py:77} INFO - Job 8724: Subtask transform_into_data.csv
[2024-03-21 01:11:04,390] {logging_mixin.py:104} INFO - Running <TaskInstance: ***_exam.transform_into_data.csv 2024-03-21T01:10:00+00:00 [running]> on host 3a3d0401ac26
[2024-03-21 01:11:04,475] {taskinstance.py:1302} INFO - Exporting the following env vars:
AIRFLOW_CTX_DAG_OWNER=***
AIRFLOW_CTX_DAG_ID=***_exam
AIRFLOW_CTX_TASK_ID=transform_into_data.csv
AIRFLOW_CTX_EXECUTION_DATE=2024-03-21T01:10:00+00:00
AIRFLOW_CTX_DAG_RUN_ID=scheduled__2024-03-21T01:10:00+00:00
[2024-03-21 01:11:04,482] {logging_mixin.py:104} INFO - 
[2024-03-21 01:11:04,508] {logging_mixin.py:104} INFO -     temperature        city  pression              date
0       285.61       Paris      1021  2024-03-21 01:11
1       283.74      London      1023  2024-03-21 01:11
2       288.06  Washington      1007  2024-03-21 01:11
3       285.61       Paris      1021  2024-03-21 01:10
4       283.80      London      1022  2024-03-21 01:10
5       287.87  Washington      1007  2024-03-21 01:10
6       285.61       Paris      1021  2024-03-21 01:09
7       283.80      London      1022  2024-03-21 01:09
8       287.87  Washington      1007  2024-03-21 01:09
9       285.61       Paris      1021  2024-03-21 01:08
[2024-03-21 01:11:04,512] {python.py:151} INFO - Done. Returned value was: None
[2024-03-21 01:11:04,527] {taskinstance.py:1211} INFO - Marking task as SUCCESS. dag_id=***_exam, task_id=transform_into_data.csv, execution_date=20240321T011000, start_date=20240321T011104, end_date=20240321T011104
[2024-03-21 01:11:04,569] {taskinstance.py:1265} INFO - 0 downstream tasks scheduled from follow-on schedule check
[2024-03-21 01:11:04,616] {local_task_job.py:151} INFO - Task exited with return code 0
