[2024-03-21 19:12:04,083] {taskinstance.py:896} INFO - Dependencies all met for <TaskInstance: airflow_exam.transform_into_fulldata.csv 2024-03-21T19:11:00+00:00 [queued]>
[2024-03-21 19:12:04,103] {taskinstance.py:896} INFO - Dependencies all met for <TaskInstance: airflow_exam.transform_into_fulldata.csv 2024-03-21T19:11:00+00:00 [queued]>
[2024-03-21 19:12:04,104] {taskinstance.py:1087} INFO - 
--------------------------------------------------------------------------------
[2024-03-21 19:12:04,104] {taskinstance.py:1088} INFO - Starting attempt 1 of 1
[2024-03-21 19:12:04,104] {taskinstance.py:1089} INFO - 
--------------------------------------------------------------------------------
[2024-03-21 19:12:04,116] {taskinstance.py:1107} INFO - Executing <Task(PythonOperator): transform_into_fulldata.csv> on 2024-03-21T19:11:00+00:00
[2024-03-21 19:12:04,123] {standard_task_runner.py:52} INFO - Started process 45500 to run task
[2024-03-21 19:12:04,127] {standard_task_runner.py:76} INFO - Running: ['***', 'tasks', 'run', '***_exam', 'transform_into_fulldata.csv', '2024-03-21T19:11:00+00:00', '--job-id', '10528', '--pool', 'default_pool', '--raw', '--subdir', 'DAGS_FOLDER/DAG.py', '--cfg-path', '/tmp/tmprvxghqg2', '--error-file', '/tmp/tmp0vuz41nh']
[2024-03-21 19:12:04,128] {standard_task_runner.py:77} INFO - Job 10528: Subtask transform_into_fulldata.csv
[2024-03-21 19:12:04,177] {logging_mixin.py:104} INFO - Running <TaskInstance: ***_exam.transform_into_fulldata.csv 2024-03-21T19:11:00+00:00 [running]> on host 3a3d0401ac26
[2024-03-21 19:12:04,250] {taskinstance.py:1302} INFO - Exporting the following env vars:
AIRFLOW_CTX_DAG_OWNER=***
AIRFLOW_CTX_DAG_ID=***_exam
AIRFLOW_CTX_TASK_ID=transform_into_fulldata.csv
AIRFLOW_CTX_EXECUTION_DATE=2024-03-21T19:11:00+00:00
AIRFLOW_CTX_DAG_RUN_ID=scheduled__2024-03-21T19:11:00+00:00
[2024-03-21 19:12:04,403] {logging_mixin.py:104} INFO - 
[2024-03-21 19:12:04,432] {logging_mixin.py:104} INFO -     temperature        city  pression              date
0       288.98       Paris      1025  2024-03-21 19:12
1       287.12      London      1022  2024-03-21 19:12
2       286.40  Washington      1014  2024-03-21 19:12
3       288.98       Paris      1025  2024-03-21 19:11
4       287.12      London      1022  2024-03-21 19:11
5       286.40  Washington      1014  2024-03-21 19:11
6       288.98       Paris      1025  2024-03-21 19:10
7       287.24      London      1022  2024-03-21 19:10
8       286.40  Washington      1014  2024-03-21 19:10
9       288.98       Paris      1025  2024-03-21 19:09
[2024-03-21 19:12:04,456] {python.py:151} INFO - Done. Returned value was: None
[2024-03-21 19:12:04,474] {taskinstance.py:1211} INFO - Marking task as SUCCESS. dag_id=***_exam, task_id=transform_into_fulldata.csv, execution_date=20240321T191100, start_date=20240321T191204, end_date=20240321T191204
[2024-03-21 19:12:04,520] {taskinstance.py:1265} INFO - 3 downstream tasks scheduled from follow-on schedule check
[2024-03-21 19:12:04,541] {local_task_job.py:151} INFO - Task exited with return code 0
