[2024-03-21 00:37:05,353] {taskinstance.py:896} INFO - Dependencies all met for <TaskInstance: airflow_exam.transform_into_fulldata.csv 2024-03-21T00:36:00+00:00 [queued]>
[2024-03-21 00:37:05,413] {taskinstance.py:896} INFO - Dependencies all met for <TaskInstance: airflow_exam.transform_into_fulldata.csv 2024-03-21T00:36:00+00:00 [queued]>
[2024-03-21 00:37:05,413] {taskinstance.py:1087} INFO - 
--------------------------------------------------------------------------------
[2024-03-21 00:37:05,413] {taskinstance.py:1088} INFO - Starting attempt 1 of 1
[2024-03-21 00:37:05,413] {taskinstance.py:1089} INFO - 
--------------------------------------------------------------------------------
[2024-03-21 00:37:05,468] {taskinstance.py:1107} INFO - Executing <Task(PythonOperator): transform_into_fulldata.csv> on 2024-03-21T00:36:00+00:00
[2024-03-21 00:37:05,483] {standard_task_runner.py:52} INFO - Started process 3638 to run task
[2024-03-21 00:37:05,496] {standard_task_runner.py:76} INFO - Running: ['***', 'tasks', 'run', '***_exam', 'transform_into_fulldata.csv', '2024-03-21T00:36:00+00:00', '--job-id', '8486', '--pool', 'default_pool', '--raw', '--subdir', 'DAGS_FOLDER/DAG.py', '--cfg-path', '/tmp/tmp0iv_kbvf', '--error-file', '/tmp/tmpyq5yagpb']
[2024-03-21 00:37:05,496] {standard_task_runner.py:77} INFO - Job 8486: Subtask transform_into_fulldata.csv
[2024-03-21 00:37:05,593] {logging_mixin.py:104} INFO - Running <TaskInstance: ***_exam.transform_into_fulldata.csv 2024-03-21T00:36:00+00:00 [running]> on host 3a3d0401ac26
[2024-03-21 00:37:05,709] {taskinstance.py:1302} INFO - Exporting the following env vars:
AIRFLOW_CTX_DAG_OWNER=***
AIRFLOW_CTX_DAG_ID=***_exam
AIRFLOW_CTX_TASK_ID=transform_into_fulldata.csv
AIRFLOW_CTX_EXECUTION_DATE=2024-03-21T00:36:00+00:00
AIRFLOW_CTX_DAG_RUN_ID=scheduled__2024-03-21T00:36:00+00:00
[2024-03-21 00:37:05,864] {logging_mixin.py:104} INFO - 
[2024-03-21 00:37:05,899] {logging_mixin.py:104} INFO -     temperature        city  pression              date
0       285.74       Paris      1021  2024-03-21 00:37
1       284.08      London      1022  2024-03-21 00:37
2       290.02  Washington      1007  2024-03-21 00:37
3       285.74       Paris      1021  2024-03-21 00:36
4       284.24      London      1022  2024-03-21 00:36
5       290.02  Washington      1007  2024-03-21 00:36
6       285.74       Paris      1021  2024-03-21 00:35
7       284.24      London      1022  2024-03-21 00:35
8       290.02  Washington      1007  2024-03-21 00:35
9       285.74       Paris      1021  2024-03-21 00:34
[2024-03-21 00:37:05,923] {python.py:151} INFO - Done. Returned value was: None
[2024-03-21 00:37:05,940] {taskinstance.py:1211} INFO - Marking task as SUCCESS. dag_id=***_exam, task_id=transform_into_fulldata.csv, execution_date=20240321T003600, start_date=20240321T003705, end_date=20240321T003705
[2024-03-21 00:37:05,992] {taskinstance.py:1265} INFO - 3 downstream tasks scheduled from follow-on schedule check
[2024-03-21 00:37:06,019] {local_task_job.py:151} INFO - Task exited with return code 0
