[2024-03-21 18:31:14,635] {taskinstance.py:896} INFO - Dependencies all met for <TaskInstance: airflow_exam.train_best_model 2024-03-21T18:30:00+00:00 [queued]>
[2024-03-21 18:31:14,659] {taskinstance.py:896} INFO - Dependencies all met for <TaskInstance: airflow_exam.train_best_model 2024-03-21T18:30:00+00:00 [queued]>
[2024-03-21 18:31:14,660] {taskinstance.py:1087} INFO - 
--------------------------------------------------------------------------------
[2024-03-21 18:31:14,660] {taskinstance.py:1088} INFO - Starting attempt 1 of 1
[2024-03-21 18:31:14,660] {taskinstance.py:1089} INFO - 
--------------------------------------------------------------------------------
[2024-03-21 18:31:14,673] {taskinstance.py:1107} INFO - Executing <Task(PythonOperator): train_best_model> on 2024-03-21T18:30:00+00:00
[2024-03-21 18:31:14,683] {standard_task_runner.py:52} INFO - Started process 36752 to run task
[2024-03-21 18:31:14,688] {standard_task_runner.py:76} INFO - Running: ['***', 'tasks', 'run', '***_exam', 'train_best_model', '2024-03-21T18:30:00+00:00', '--job-id', '10246', '--pool', 'default_pool', '--raw', '--subdir', 'DAGS_FOLDER/DAG.py', '--cfg-path', '/tmp/tmp6ckn_vp5', '--error-file', '/tmp/tmppt4_sy53']
[2024-03-21 18:31:14,689] {standard_task_runner.py:77} INFO - Job 10246: Subtask train_best_model
[2024-03-21 18:31:14,746] {logging_mixin.py:104} INFO - Running <TaskInstance: ***_exam.train_best_model 2024-03-21T18:30:00+00:00 [running]> on host 3a3d0401ac26
[2024-03-21 18:31:14,821] {taskinstance.py:1302} INFO - Exporting the following env vars:
AIRFLOW_CTX_DAG_OWNER=***
AIRFLOW_CTX_DAG_ID=***_exam
AIRFLOW_CTX_TASK_ID=train_best_model
AIRFLOW_CTX_EXECUTION_DATE=2024-03-21T18:30:00+00:00
AIRFLOW_CTX_DAG_RUN_ID=scheduled__2024-03-21T18:30:00+00:00
[2024-03-21 18:31:14,986] {logging_mixin.py:104} INFO - LinearRegression() saved at  /app/clean_data/best_model.pickle
[2024-03-21 18:31:14,988] {python.py:151} INFO - Done. Returned value was: None
[2024-03-21 18:31:15,022] {taskinstance.py:1211} INFO - Marking task as SUCCESS. dag_id=***_exam, task_id=train_best_model, execution_date=20240321T183000, start_date=20240321T183114, end_date=20240321T183115
[2024-03-21 18:31:15,092] {taskinstance.py:1265} INFO - 0 downstream tasks scheduled from follow-on schedule check
[2024-03-21 18:31:15,142] {local_task_job.py:151} INFO - Task exited with return code 0
