[2023-10-07 16:15:04,028] {taskinstance.py:896} INFO - Dependencies all met for <TaskInstance: airflow_exam.transform_into_fulldata.csv 2023-10-07T16:14:00+00:00 [queued]>
[2023-10-07 16:15:04,045] {taskinstance.py:896} INFO - Dependencies all met for <TaskInstance: airflow_exam.transform_into_fulldata.csv 2023-10-07T16:14:00+00:00 [queued]>
[2023-10-07 16:15:04,045] {taskinstance.py:1087} INFO - 
--------------------------------------------------------------------------------
[2023-10-07 16:15:04,045] {taskinstance.py:1088} INFO - Starting attempt 1 of 1
[2023-10-07 16:15:04,045] {taskinstance.py:1089} INFO - 
--------------------------------------------------------------------------------
[2023-10-07 16:15:04,055] {taskinstance.py:1107} INFO - Executing <Task(PythonOperator): transform_into_fulldata.csv> on 2023-10-07T16:14:00+00:00
[2023-10-07 16:15:04,063] {standard_task_runner.py:52} INFO - Started process 5640 to run task
[2023-10-07 16:15:04,066] {standard_task_runner.py:76} INFO - Running: ['***', 'tasks', 'run', '***_exam', 'transform_into_fulldata.csv', '2023-10-07T16:14:00+00:00', '--job-id', '1411', '--pool', 'default_pool', '--raw', '--subdir', 'DAGS_FOLDER/DAG.py', '--cfg-path', '/tmp/tmpy5ionty8', '--error-file', '/tmp/tmp6lpzyr7z']
[2023-10-07 16:15:04,066] {standard_task_runner.py:77} INFO - Job 1411: Subtask transform_into_fulldata.csv
[2023-10-07 16:15:04,110] {logging_mixin.py:104} INFO - Running <TaskInstance: ***_exam.transform_into_fulldata.csv 2023-10-07T16:14:00+00:00 [running]> on host 3a3d0401ac26
[2023-10-07 16:15:04,170] {taskinstance.py:1302} INFO - Exporting the following env vars:
AIRFLOW_CTX_DAG_OWNER=***
AIRFLOW_CTX_DAG_ID=***_exam
AIRFLOW_CTX_TASK_ID=transform_into_fulldata.csv
AIRFLOW_CTX_EXECUTION_DATE=2023-10-07T16:14:00+00:00
AIRFLOW_CTX_DAG_RUN_ID=scheduled__2023-10-07T16:14:00+00:00
[2023-10-07 16:15:04,182] {logging_mixin.py:104} INFO - 
[2023-10-07 16:15:04,196] {logging_mixin.py:104} INFO -     temperature        city  pression              date
0       297.78       Paris      1026  2023-10-07 16:15
1       296.24      London      1023  2023-10-07 16:15
2       283.37  Washington      1019  2023-10-07 16:15
3       298.13       Paris      1026  2023-10-07 16:14
4       296.24      London      1023  2023-10-07 16:14
5       288.35  Washington      1019  2023-10-07 16:14
6       298.13       Paris      1026  2023-10-07 16:13
7       296.24      London      1023  2023-10-07 16:13
8       288.35  Washington      1019  2023-10-07 16:13
9       298.13       Paris      1026  2023-10-07 16:12
[2023-10-07 16:15:04,201] {python.py:151} INFO - Done. Returned value was: None
[2023-10-07 16:15:04,212] {taskinstance.py:1211} INFO - Marking task as SUCCESS. dag_id=***_exam, task_id=transform_into_fulldata.csv, execution_date=20231007T161400, start_date=20231007T161504, end_date=20231007T161504
[2023-10-07 16:15:04,245] {taskinstance.py:1265} INFO - 3 downstream tasks scheduled from follow-on schedule check
[2023-10-07 16:15:04,279] {local_task_job.py:151} INFO - Task exited with return code 0
