[2024-03-16 03:21:05,187] {taskinstance.py:896} INFO - Dependencies all met for <TaskInstance: airflow_exam.transform_into_data.csv 2024-03-16T03:20:00+00:00 [queued]>
[2024-03-16 03:21:05,212] {taskinstance.py:896} INFO - Dependencies all met for <TaskInstance: airflow_exam.transform_into_data.csv 2024-03-16T03:20:00+00:00 [queued]>
[2024-03-16 03:21:05,212] {taskinstance.py:1087} INFO - 
--------------------------------------------------------------------------------
[2024-03-16 03:21:05,212] {taskinstance.py:1088} INFO - Starting attempt 1 of 1
[2024-03-16 03:21:05,213] {taskinstance.py:1089} INFO - 
--------------------------------------------------------------------------------
[2024-03-16 03:21:05,226] {taskinstance.py:1107} INFO - Executing <Task(PythonOperator): transform_into_data.csv> on 2024-03-16T03:20:00+00:00
[2024-03-16 03:21:05,235] {standard_task_runner.py:52} INFO - Started process 138755 to run task
[2024-03-16 03:21:05,238] {standard_task_runner.py:76} INFO - Running: ['***', 'tasks', 'run', '***_exam', 'transform_into_data.csv', '2024-03-16T03:20:00+00:00', '--job-id', '6478', '--pool', 'default_pool', '--raw', '--subdir', 'DAGS_FOLDER/DAG.py', '--cfg-path', '/tmp/tmpro1hy52u', '--error-file', '/tmp/tmpuo7vm1um']
[2024-03-16 03:21:05,239] {standard_task_runner.py:77} INFO - Job 6478: Subtask transform_into_data.csv
[2024-03-16 03:21:05,299] {logging_mixin.py:104} INFO - Running <TaskInstance: ***_exam.transform_into_data.csv 2024-03-16T03:20:00+00:00 [running]> on host 3a3d0401ac26
[2024-03-16 03:21:05,373] {taskinstance.py:1302} INFO - Exporting the following env vars:
AIRFLOW_CTX_DAG_OWNER=***
AIRFLOW_CTX_DAG_ID=***_exam
AIRFLOW_CTX_TASK_ID=transform_into_data.csv
AIRFLOW_CTX_EXECUTION_DATE=2024-03-16T03:20:00+00:00
AIRFLOW_CTX_DAG_RUN_ID=scheduled__2024-03-16T03:20:00+00:00
[2024-03-16 03:21:05,379] {logging_mixin.py:104} INFO - 
[2024-03-16 03:21:05,401] {logging_mixin.py:104} INFO -     temperature        city  pression              date
0       284.04       Paris      1017  2024-03-16 03:21
1       281.51      London      1015  2024-03-16 03:21
2       282.51  Washington      1023  2024-03-16 03:21
3       284.04       Paris      1017  2024-03-16 03:20
4       281.51      London      1015  2024-03-16 03:20
5       282.51  Washington      1023  2024-03-16 03:20
6       284.04       Paris      1017  2024-03-16 03:19
7       281.51      London      1015  2024-03-16 03:19
8       282.51  Washington      1023  2024-03-16 03:19
9       284.04       Paris      1017  2024-03-16 03:18
[2024-03-16 03:21:05,405] {python.py:151} INFO - Done. Returned value was: None
[2024-03-16 03:21:05,419] {taskinstance.py:1211} INFO - Marking task as SUCCESS. dag_id=***_exam, task_id=transform_into_data.csv, execution_date=20240316T032000, start_date=20240316T032105, end_date=20240316T032105
[2024-03-16 03:21:05,458] {taskinstance.py:1265} INFO - 0 downstream tasks scheduled from follow-on schedule check
[2024-03-16 03:21:05,492] {local_task_job.py:151} INFO - Task exited with return code 0
