[2023-10-07 15:54:12,016] {taskinstance.py:896} INFO - Dependencies all met for <TaskInstance: airflow_exam.train_best_model 2023-10-07T15:32:00+00:00 [queued]>
[2023-10-07 15:54:12,051] {taskinstance.py:896} INFO - Dependencies all met for <TaskInstance: airflow_exam.train_best_model 2023-10-07T15:32:00+00:00 [queued]>
[2023-10-07 15:54:12,052] {taskinstance.py:1087} INFO - 
--------------------------------------------------------------------------------
[2023-10-07 15:54:12,053] {taskinstance.py:1088} INFO - Starting attempt 1 of 1
[2023-10-07 15:54:12,054] {taskinstance.py:1089} INFO - 
--------------------------------------------------------------------------------
[2023-10-07 15:54:12,073] {taskinstance.py:1107} INFO - Executing <Task(PythonOperator): train_best_model> on 2023-10-07T15:32:00+00:00
[2023-10-07 15:54:12,086] {standard_task_runner.py:52} INFO - Started process 1581 to run task
[2023-10-07 15:54:12,093] {standard_task_runner.py:76} INFO - Running: ['***', 'tasks', 'run', '***_exam', 'train_best_model', '2023-10-07T15:32:00+00:00', '--job-id', '1259', '--pool', 'default_pool', '--raw', '--subdir', 'DAGS_FOLDER/DAG.py', '--cfg-path', '/tmp/tmpsvohpdqx', '--error-file', '/tmp/tmp5f9o5zsa']
[2023-10-07 15:54:12,094] {standard_task_runner.py:77} INFO - Job 1259: Subtask train_best_model
[2023-10-07 15:54:12,181] {logging_mixin.py:104} INFO - Running <TaskInstance: ***_exam.train_best_model 2023-10-07T15:32:00+00:00 [running]> on host 3a3d0401ac26
[2023-10-07 15:54:12,269] {taskinstance.py:1302} INFO - Exporting the following env vars:
AIRFLOW_CTX_DAG_OWNER=***
AIRFLOW_CTX_DAG_ID=***_exam
AIRFLOW_CTX_TASK_ID=train_best_model
AIRFLOW_CTX_EXECUTION_DATE=2023-10-07T15:32:00+00:00
AIRFLOW_CTX_DAG_RUN_ID=scheduled__2023-10-07T15:32:00+00:00
[2023-10-07 15:54:12,440] {logging_mixin.py:104} INFO - LinearRegression() saved at  /app/clean_data/best_model.pickle
[2023-10-07 15:54:12,442] {python.py:151} INFO - Done. Returned value was: None
[2023-10-07 15:54:12,456] {taskinstance.py:1211} INFO - Marking task as SUCCESS. dag_id=***_exam, task_id=train_best_model, execution_date=20231007T153200, start_date=20231007T155412, end_date=20231007T155412
[2023-10-07 15:54:12,494] {taskinstance.py:1265} INFO - 0 downstream tasks scheduled from follow-on schedule check
[2023-10-07 15:54:12,546] {local_task_job.py:151} INFO - Task exited with return code 0
