[2024-03-15 23:23:05,393] {taskinstance.py:896} INFO - Dependencies all met for <TaskInstance: airflow_exam.transform_into_fulldata.csv 2024-03-15T23:22:00+00:00 [queued]>
[2024-03-15 23:23:05,422] {taskinstance.py:896} INFO - Dependencies all met for <TaskInstance: airflow_exam.transform_into_fulldata.csv 2024-03-15T23:22:00+00:00 [queued]>
[2024-03-15 23:23:05,422] {taskinstance.py:1087} INFO - 
--------------------------------------------------------------------------------
[2024-03-15 23:23:05,422] {taskinstance.py:1088} INFO - Starting attempt 1 of 1
[2024-03-15 23:23:05,423] {taskinstance.py:1089} INFO - 
--------------------------------------------------------------------------------
[2024-03-15 23:23:05,438] {taskinstance.py:1107} INFO - Executing <Task(PythonOperator): transform_into_fulldata.csv> on 2024-03-15T23:22:00+00:00
[2024-03-15 23:23:05,450] {standard_task_runner.py:52} INFO - Started process 88487 to run task
[2024-03-15 23:23:05,455] {standard_task_runner.py:76} INFO - Running: ['***', 'tasks', 'run', '***_exam', 'transform_into_fulldata.csv', '2024-03-15T23:22:00+00:00', '--job-id', '4820', '--pool', 'default_pool', '--raw', '--subdir', 'DAGS_FOLDER/DAG.py', '--cfg-path', '/tmp/tmpzb_ym66y', '--error-file', '/tmp/tmp_sct9lo1']
[2024-03-15 23:23:05,456] {standard_task_runner.py:77} INFO - Job 4820: Subtask transform_into_fulldata.csv
[2024-03-15 23:23:05,520] {logging_mixin.py:104} INFO - Running <TaskInstance: ***_exam.transform_into_fulldata.csv 2024-03-15T23:22:00+00:00 [running]> on host 3a3d0401ac26
[2024-03-15 23:23:05,631] {taskinstance.py:1302} INFO - Exporting the following env vars:
AIRFLOW_CTX_DAG_OWNER=***
AIRFLOW_CTX_DAG_ID=***_exam
AIRFLOW_CTX_TASK_ID=transform_into_fulldata.csv
AIRFLOW_CTX_EXECUTION_DATE=2024-03-15T23:22:00+00:00
AIRFLOW_CTX_DAG_RUN_ID=scheduled__2024-03-15T23:22:00+00:00
[2024-03-15 23:23:05,722] {logging_mixin.py:104} INFO - 
[2024-03-15 23:23:05,760] {logging_mixin.py:104} INFO -     temperature        city  pression              date
0       285.10       Paris      1015  2024-03-15 23:23
1       282.16      London      1012  2024-03-15 23:23
2       289.47  Washington      1022  2024-03-15 23:23
3       285.10       Paris      1015  2024-03-15 23:22
4       282.23      London      1012  2024-03-15 23:22
5       289.47  Washington      1022  2024-03-15 23:22
6       285.10       Paris      1015  2024-03-15 23:21
7       282.23      London      1012  2024-03-15 23:21
8       289.47  Washington      1022  2024-03-15 23:21
9       285.10       Paris      1015  2024-03-15 23:20
[2024-03-15 23:23:05,783] {python.py:151} INFO - Done. Returned value was: None
[2024-03-15 23:23:05,804] {taskinstance.py:1211} INFO - Marking task as SUCCESS. dag_id=***_exam, task_id=transform_into_fulldata.csv, execution_date=20240315T232200, start_date=20240315T232305, end_date=20240315T232305
[2024-03-15 23:23:05,860] {taskinstance.py:1265} INFO - 3 downstream tasks scheduled from follow-on schedule check
[2024-03-15 23:23:05,910] {local_task_job.py:151} INFO - Task exited with return code 0
