[2023-10-05 17:36:15,010] {taskinstance.py:896} INFO - Dependencies all met for <TaskInstance: airflow_exam.transform_into_csv 2023-10-05T17:36:12.986757+00:00 [queued]>
[2023-10-05 17:36:15,021] {taskinstance.py:896} INFO - Dependencies all met for <TaskInstance: airflow_exam.transform_into_csv 2023-10-05T17:36:12.986757+00:00 [queued]>
[2023-10-05 17:36:15,021] {taskinstance.py:1087} INFO - 
--------------------------------------------------------------------------------
[2023-10-05 17:36:15,022] {taskinstance.py:1088} INFO - Starting attempt 1 of 1
[2023-10-05 17:36:15,022] {taskinstance.py:1089} INFO - 
--------------------------------------------------------------------------------
[2023-10-05 17:36:15,036] {taskinstance.py:1107} INFO - Executing <Task(PythonOperator): transform_into_csv> on 2023-10-05T17:36:12.986757+00:00
[2023-10-05 17:36:15,041] {standard_task_runner.py:52} INFO - Started process 20665 to run task
[2023-10-05 17:36:15,044] {standard_task_runner.py:76} INFO - Running: ['***', 'tasks', 'run', '***_exam', 'transform_into_csv', '2023-10-05T17:36:12.986757+00:00', '--job-id', '152', '--pool', 'default_pool', '--raw', '--subdir', 'DAGS_FOLDER/DAG.py', '--cfg-path', '/tmp/tmpci649e0s', '--error-file', '/tmp/tmpg_1vpe66']
[2023-10-05 17:36:15,044] {standard_task_runner.py:77} INFO - Job 152: Subtask transform_into_csv
[2023-10-05 17:36:15,084] {logging_mixin.py:104} INFO - Running <TaskInstance: ***_exam.transform_into_csv 2023-10-05T17:36:12.986757+00:00 [running]> on host 3a3d0401ac26
[2023-10-05 17:36:15,145] {taskinstance.py:1302} INFO - Exporting the following env vars:
AIRFLOW_CTX_DAG_OWNER=***
AIRFLOW_CTX_DAG_ID=***_exam
AIRFLOW_CTX_TASK_ID=transform_into_csv
AIRFLOW_CTX_EXECUTION_DATE=2023-10-05T17:36:12.986757+00:00
AIRFLOW_CTX_DAG_RUN_ID=manual__2023-10-05T17:36:12.986757+00:00
[2023-10-05 17:36:15,154] {logging_mixin.py:104} INFO - 
[2023-10-05 17:36:15,178] {logging_mixin.py:104} INFO -     temperature        city  pression              date
0       290.92       Paris      1026  2023-10-05 19:21
1       290.06      London      1024  2023-10-05 19:21
2       289.15  Washington      1026  2023-10-05 19:21
3       290.89       Paris      1026  2023-10-05 17:36
4       289.85      London      1024  2023-10-05 17:36
5       290.11  Washington      1026  2023-10-05 17:36
6       291.37       Paris      1026  2023-10-05 17:11
7       290.29      London      1024  2023-10-05 17:11
8       289.02  Washington      1026  2023-10-05 17:11
9       291.37       Paris      1026  2023-10-05 17:07
[2023-10-05 17:36:15,185] {python.py:151} INFO - Done. Returned value was: None
[2023-10-05 17:36:15,196] {taskinstance.py:1211} INFO - Marking task as SUCCESS. dag_id=***_exam, task_id=transform_into_csv, execution_date=20231005T173612, start_date=20231005T173615, end_date=20231005T173615
[2023-10-05 17:36:15,225] {taskinstance.py:1265} INFO - 0 downstream tasks scheduled from follow-on schedule check
[2023-10-05 17:36:15,256] {local_task_job.py:151} INFO - Task exited with return code 0
