[2024-03-21 00:44:05,528] {taskinstance.py:896} INFO - Dependencies all met for <TaskInstance: airflow_exam.transform_into_data.csv 2024-03-21T00:43:00+00:00 [queued]>
[2024-03-21 00:44:05,549] {taskinstance.py:896} INFO - Dependencies all met for <TaskInstance: airflow_exam.transform_into_data.csv 2024-03-21T00:43:00+00:00 [queued]>
[2024-03-21 00:44:05,549] {taskinstance.py:1087} INFO - 
--------------------------------------------------------------------------------
[2024-03-21 00:44:05,549] {taskinstance.py:1088} INFO - Starting attempt 1 of 1
[2024-03-21 00:44:05,549] {taskinstance.py:1089} INFO - 
--------------------------------------------------------------------------------
[2024-03-21 00:44:05,575] {taskinstance.py:1107} INFO - Executing <Task(PythonOperator): transform_into_data.csv> on 2024-03-21T00:43:00+00:00
[2024-03-21 00:44:05,587] {standard_task_runner.py:52} INFO - Started process 5128 to run task
[2024-03-21 00:44:05,593] {standard_task_runner.py:76} INFO - Running: ['***', 'tasks', 'run', '***_exam', 'transform_into_data.csv', '2024-03-21T00:43:00+00:00', '--job-id', '8535', '--pool', 'default_pool', '--raw', '--subdir', 'DAGS_FOLDER/DAG.py', '--cfg-path', '/tmp/tmp6v4hku_q', '--error-file', '/tmp/tmpsjiqoicg']
[2024-03-21 00:44:05,594] {standard_task_runner.py:77} INFO - Job 8535: Subtask transform_into_data.csv
[2024-03-21 00:44:05,656] {logging_mixin.py:104} INFO - Running <TaskInstance: ***_exam.transform_into_data.csv 2024-03-21T00:43:00+00:00 [running]> on host 3a3d0401ac26
[2024-03-21 00:44:05,745] {taskinstance.py:1302} INFO - Exporting the following env vars:
AIRFLOW_CTX_DAG_OWNER=***
AIRFLOW_CTX_DAG_ID=***_exam
AIRFLOW_CTX_TASK_ID=transform_into_data.csv
AIRFLOW_CTX_EXECUTION_DATE=2024-03-21T00:43:00+00:00
AIRFLOW_CTX_DAG_RUN_ID=scheduled__2024-03-21T00:43:00+00:00
[2024-03-21 00:44:05,752] {logging_mixin.py:104} INFO - 
[2024-03-21 00:44:05,772] {logging_mixin.py:104} INFO -     temperature        city  pression              date
0       285.68       Paris      1021  2024-03-21 00:44
1       284.08      London      1022  2024-03-21 00:44
2       287.76  Washington      1007  2024-03-21 00:44
3       285.68       Paris      1021  2024-03-21 00:43
4       284.08      London      1022  2024-03-21 00:43
5       287.76  Washington      1007  2024-03-21 00:43
6       285.68       Paris      1021  2024-03-21 00:42
7       284.08      London      1022  2024-03-21 00:42
8       290.02  Washington      1007  2024-03-21 00:42
9       285.68       Paris      1021  2024-03-21 00:41
[2024-03-21 00:44:05,776] {python.py:151} INFO - Done. Returned value was: None
[2024-03-21 00:44:05,792] {taskinstance.py:1211} INFO - Marking task as SUCCESS. dag_id=***_exam, task_id=transform_into_data.csv, execution_date=20240321T004300, start_date=20240321T004405, end_date=20240321T004405
[2024-03-21 00:44:05,830] {taskinstance.py:1265} INFO - 0 downstream tasks scheduled from follow-on schedule check
[2024-03-21 00:44:05,885] {local_task_job.py:151} INFO - Task exited with return code 0
