[2024-03-20 22:37:04,488] {taskinstance.py:896} INFO - Dependencies all met for <TaskInstance: airflow_exam.transform_into_fulldata.csv 2024-03-20T22:36:00+00:00 [queued]>
[2024-03-20 22:37:04,501] {taskinstance.py:896} INFO - Dependencies all met for <TaskInstance: airflow_exam.transform_into_fulldata.csv 2024-03-20T22:36:00+00:00 [queued]>
[2024-03-20 22:37:04,501] {taskinstance.py:1087} INFO - 
--------------------------------------------------------------------------------
[2024-03-20 22:37:04,502] {taskinstance.py:1088} INFO - Starting attempt 1 of 1
[2024-03-20 22:37:04,502] {taskinstance.py:1089} INFO - 
--------------------------------------------------------------------------------
[2024-03-20 22:37:04,518] {taskinstance.py:1107} INFO - Executing <Task(PythonOperator): transform_into_fulldata.csv> on 2024-03-20T22:36:00+00:00
[2024-03-20 22:37:04,525] {standard_task_runner.py:52} INFO - Started process 26451 to run task
[2024-03-20 22:37:04,528] {standard_task_runner.py:76} INFO - Running: ['***', 'tasks', 'run', '***_exam', 'transform_into_fulldata.csv', '2024-03-20T22:36:00+00:00', '--job-id', '7703', '--pool', 'default_pool', '--raw', '--subdir', 'DAGS_FOLDER/DAG.py', '--cfg-path', '/tmp/tmpy31zwcb1', '--error-file', '/tmp/tmp1nkkxnk1']
[2024-03-20 22:37:04,528] {standard_task_runner.py:77} INFO - Job 7703: Subtask transform_into_fulldata.csv
[2024-03-20 22:37:04,572] {logging_mixin.py:104} INFO - Running <TaskInstance: ***_exam.transform_into_fulldata.csv 2024-03-20T22:36:00+00:00 [running]> on host 3a3d0401ac26
[2024-03-20 22:37:04,634] {taskinstance.py:1302} INFO - Exporting the following env vars:
AIRFLOW_CTX_DAG_OWNER=***
AIRFLOW_CTX_DAG_ID=***_exam
AIRFLOW_CTX_TASK_ID=transform_into_fulldata.csv
AIRFLOW_CTX_EXECUTION_DATE=2024-03-20T22:36:00+00:00
AIRFLOW_CTX_DAG_RUN_ID=scheduled__2024-03-20T22:36:00+00:00
[2024-03-20 22:37:04,705] {logging_mixin.py:104} INFO - 
[2024-03-20 22:37:04,722] {logging_mixin.py:104} INFO -     temperature        city  pression              date
0       286.45       Paris      1020  2024-03-20 22:37
1       285.25      London      1021  2024-03-20 22:37
2       290.46  Washington      1007  2024-03-20 22:37
3       286.45       Paris      1020  2024-03-20 22:36
4       285.25      London      1021  2024-03-20 22:36
5       290.46  Washington      1007  2024-03-20 22:36
6       286.45       Paris      1020  2024-03-20 22:35
7       285.25      London      1021  2024-03-20 22:35
8       290.46  Washington      1007  2024-03-20 22:35
9       286.46       Paris      1020  2024-03-20 22:34
[2024-03-20 22:37:04,736] {python.py:151} INFO - Done. Returned value was: None
[2024-03-20 22:37:04,746] {taskinstance.py:1211} INFO - Marking task as SUCCESS. dag_id=***_exam, task_id=transform_into_fulldata.csv, execution_date=20240320T223600, start_date=20240320T223704, end_date=20240320T223704
[2024-03-20 22:37:04,780] {taskinstance.py:1265} INFO - 3 downstream tasks scheduled from follow-on schedule check
[2024-03-20 22:37:04,821] {local_task_job.py:151} INFO - Task exited with return code 0
