[2024-03-15 21:16:04,286] {taskinstance.py:896} INFO - Dependencies all met for <TaskInstance: airflow_exam.transform_into_fulldata.csv 2024-03-15T21:15:00+00:00 [queued]>
[2024-03-15 21:16:04,310] {taskinstance.py:896} INFO - Dependencies all met for <TaskInstance: airflow_exam.transform_into_fulldata.csv 2024-03-15T21:15:00+00:00 [queued]>
[2024-03-15 21:16:04,310] {taskinstance.py:1087} INFO - 
--------------------------------------------------------------------------------
[2024-03-15 21:16:04,310] {taskinstance.py:1088} INFO - Starting attempt 1 of 1
[2024-03-15 21:16:04,310] {taskinstance.py:1089} INFO - 
--------------------------------------------------------------------------------
[2024-03-15 21:16:04,323] {taskinstance.py:1107} INFO - Executing <Task(PythonOperator): transform_into_fulldata.csv> on 2024-03-15T21:15:00+00:00
[2024-03-15 21:16:04,334] {standard_task_runner.py:52} INFO - Started process 62632 to run task
[2024-03-15 21:16:04,338] {standard_task_runner.py:76} INFO - Running: ['***', 'tasks', 'run', '***_exam', 'transform_into_fulldata.csv', '2024-03-15T21:15:00+00:00', '--job-id', '3931', '--pool', 'default_pool', '--raw', '--subdir', 'DAGS_FOLDER/DAG.py', '--cfg-path', '/tmp/tmpg5670jcu', '--error-file', '/tmp/tmpoy8y8291']
[2024-03-15 21:16:04,338] {standard_task_runner.py:77} INFO - Job 3931: Subtask transform_into_fulldata.csv
[2024-03-15 21:16:04,396] {logging_mixin.py:104} INFO - Running <TaskInstance: ***_exam.transform_into_fulldata.csv 2024-03-15T21:15:00+00:00 [running]> on host 3a3d0401ac26
[2024-03-15 21:16:04,467] {taskinstance.py:1302} INFO - Exporting the following env vars:
AIRFLOW_CTX_DAG_OWNER=***
AIRFLOW_CTX_DAG_ID=***_exam
AIRFLOW_CTX_TASK_ID=transform_into_fulldata.csv
AIRFLOW_CTX_EXECUTION_DATE=2024-03-15T21:15:00+00:00
AIRFLOW_CTX_DAG_RUN_ID=scheduled__2024-03-15T21:15:00+00:00
[2024-03-15 21:16:04,516] {logging_mixin.py:104} INFO - 
[2024-03-15 21:16:04,541] {logging_mixin.py:104} INFO -     temperature        city  pression              date
0       285.67       Paris      1013  2024-03-15 21:16
1       284.41      London      1009  2024-03-15 21:16
2       287.20  Washington      1024  2024-03-15 21:16
3       285.67       Paris      1013  2024-03-15 21:15
4       284.41      London      1009  2024-03-15 21:15
5       287.20  Washington      1024  2024-03-15 21:15
6       285.67       Paris      1013  2024-03-15 21:14
7       284.49      London      1008  2024-03-15 21:14
8       287.20  Washington      1024  2024-03-15 21:14
9       285.67       Paris      1013  2024-03-15 21:13
[2024-03-15 21:16:04,548] {python.py:151} INFO - Done. Returned value was: None
[2024-03-15 21:16:04,562] {taskinstance.py:1211} INFO - Marking task as SUCCESS. dag_id=***_exam, task_id=transform_into_fulldata.csv, execution_date=20240315T211500, start_date=20240315T211604, end_date=20240315T211604
[2024-03-15 21:16:04,604] {taskinstance.py:1265} INFO - 3 downstream tasks scheduled from follow-on schedule check
[2024-03-15 21:16:04,631] {local_task_job.py:151} INFO - Task exited with return code 0
