[2024-03-15 19:00:05,852] {taskinstance.py:896} INFO - Dependencies all met for <TaskInstance: airflow_exam.transform_into_fulldata.csv 2024-03-15T18:59:00+00:00 [queued]>
[2024-03-15 19:00:05,889] {taskinstance.py:896} INFO - Dependencies all met for <TaskInstance: airflow_exam.transform_into_fulldata.csv 2024-03-15T18:59:00+00:00 [queued]>
[2024-03-15 19:00:05,889] {taskinstance.py:1087} INFO - 
--------------------------------------------------------------------------------
[2024-03-15 19:00:05,889] {taskinstance.py:1088} INFO - Starting attempt 1 of 1
[2024-03-15 19:00:05,889] {taskinstance.py:1089} INFO - 
--------------------------------------------------------------------------------
[2024-03-15 19:00:05,913] {taskinstance.py:1107} INFO - Executing <Task(PythonOperator): transform_into_fulldata.csv> on 2024-03-15T18:59:00+00:00
[2024-03-15 19:00:05,935] {standard_task_runner.py:52} INFO - Started process 52479 to run task
[2024-03-15 19:00:05,941] {standard_task_runner.py:76} INFO - Running: ['***', 'tasks', 'run', '***_exam', 'transform_into_fulldata.csv', '2024-03-15T18:59:00+00:00', '--job-id', '3572', '--pool', 'default_pool', '--raw', '--subdir', 'DAGS_FOLDER/DAG.py', '--cfg-path', '/tmp/tmpsgayw88w', '--error-file', '/tmp/tmpcn5xbtd3']
[2024-03-15 19:00:05,942] {standard_task_runner.py:77} INFO - Job 3572: Subtask transform_into_fulldata.csv
[2024-03-15 19:00:06,124] {logging_mixin.py:104} INFO - Running <TaskInstance: ***_exam.transform_into_fulldata.csv 2024-03-15T18:59:00+00:00 [running]> on host 3a3d0401ac26
[2024-03-15 19:00:06,321] {taskinstance.py:1302} INFO - Exporting the following env vars:
AIRFLOW_CTX_DAG_OWNER=***
AIRFLOW_CTX_DAG_ID=***_exam
AIRFLOW_CTX_TASK_ID=transform_into_fulldata.csv
AIRFLOW_CTX_EXECUTION_DATE=2024-03-15T18:59:00+00:00
AIRFLOW_CTX_DAG_RUN_ID=scheduled__2024-03-15T18:59:00+00:00
[2024-03-15 19:00:06,411] {logging_mixin.py:104} INFO - 
[2024-03-15 19:00:06,456] {logging_mixin.py:104} INFO -     temperature        city  pression              date
0       286.76       Paris      1012  2024-03-15 19:00
1       285.19      London      1006  2024-03-15 19:00
2       283.16  Washington      1025  2024-03-15 19:00
3       286.76       Paris      1012  2024-03-15 18:59
4       285.19      London      1006  2024-03-15 18:59
5       283.16  Washington      1025  2024-03-15 18:59
6       286.76       Paris      1012  2024-03-15 18:58
7       285.19      London      1006  2024-03-15 18:58
8       283.16  Washington      1025  2024-03-15 18:58
9       286.76       Paris      1012  2024-03-15 18:57
[2024-03-15 19:00:06,477] {python.py:151} INFO - Done. Returned value was: None
[2024-03-15 19:00:06,506] {taskinstance.py:1211} INFO - Marking task as SUCCESS. dag_id=***_exam, task_id=transform_into_fulldata.csv, execution_date=20240315T185900, start_date=20240315T190005, end_date=20240315T190006
[2024-03-15 19:00:06,579] {taskinstance.py:1265} INFO - 3 downstream tasks scheduled from follow-on schedule check
[2024-03-15 19:00:06,637] {local_task_job.py:151} INFO - Task exited with return code 0
