[2024-03-15 14:00:10,683] {taskinstance.py:896} INFO - Dependencies all met for <TaskInstance: airflow_exam.transform_into_data.csv 2024-03-15T13:59:00+00:00 [queued]>
[2024-03-15 14:00:10,725] {taskinstance.py:896} INFO - Dependencies all met for <TaskInstance: airflow_exam.transform_into_data.csv 2024-03-15T13:59:00+00:00 [queued]>
[2024-03-15 14:00:10,725] {taskinstance.py:1087} INFO - 
--------------------------------------------------------------------------------
[2024-03-15 14:00:10,725] {taskinstance.py:1088} INFO - Starting attempt 1 of 1
[2024-03-15 14:00:10,726] {taskinstance.py:1089} INFO - 
--------------------------------------------------------------------------------
[2024-03-15 14:00:10,743] {taskinstance.py:1107} INFO - Executing <Task(PythonOperator): transform_into_data.csv> on 2024-03-15T13:59:00+00:00
[2024-03-15 14:00:10,757] {standard_task_runner.py:52} INFO - Started process 2017 to run task
[2024-03-15 14:00:10,762] {standard_task_runner.py:76} INFO - Running: ['***', 'tasks', 'run', '***_exam', 'transform_into_data.csv', '2024-03-15T13:59:00+00:00', '--job-id', '1765', '--pool', 'default_pool', '--raw', '--subdir', 'DAGS_FOLDER/DAG.py', '--cfg-path', '/tmp/tmprrhqgnxx', '--error-file', '/tmp/tmp1pru337z']
[2024-03-15 14:00:10,763] {standard_task_runner.py:77} INFO - Job 1765: Subtask transform_into_data.csv
[2024-03-15 14:00:10,854] {logging_mixin.py:104} INFO - Running <TaskInstance: ***_exam.transform_into_data.csv 2024-03-15T13:59:00+00:00 [running]> on host 3a3d0401ac26
[2024-03-15 14:00:10,957] {taskinstance.py:1302} INFO - Exporting the following env vars:
AIRFLOW_CTX_DAG_OWNER=***
AIRFLOW_CTX_DAG_ID=***_exam
AIRFLOW_CTX_TASK_ID=transform_into_data.csv
AIRFLOW_CTX_EXECUTION_DATE=2024-03-15T13:59:00+00:00
AIRFLOW_CTX_DAG_RUN_ID=scheduled__2024-03-15T13:59:00+00:00
[2024-03-15 14:00:10,965] {logging_mixin.py:104} INFO - 
[2024-03-15 14:00:10,995] {logging_mixin.py:104} INFO -     temperature        city  pression              date
0       288.54       Paris      1012  2024-03-15 14:00
1       287.61      London      1004  2024-03-15 14:00
2       274.46  Washington      1029  2024-03-15 14:00
3       288.54       Paris      1012  2024-03-15 13:59
4       287.61      London      1004  2024-03-15 13:59
5       274.46  Washington      1029  2024-03-15 13:59
6       288.54       Paris      1012  2024-03-15 13:58
7       287.61      London      1004  2024-03-15 13:58
8       274.46  Washington      1029  2024-03-15 13:58
9       288.05       Paris      1012  2024-03-15 13:57
[2024-03-15 14:00:11,002] {python.py:151} INFO - Done. Returned value was: None
[2024-03-15 14:00:11,019] {taskinstance.py:1211} INFO - Marking task as SUCCESS. dag_id=***_exam, task_id=transform_into_data.csv, execution_date=20240315T135900, start_date=20240315T140010, end_date=20240315T140011
[2024-03-15 14:00:11,068] {taskinstance.py:1265} INFO - 0 downstream tasks scheduled from follow-on schedule check
[2024-03-15 14:00:11,103] {local_task_job.py:151} INFO - Task exited with return code 0
