[2024-03-16 00:19:06,973] {taskinstance.py:896} INFO - Dependencies all met for <TaskInstance: airflow_exam.transform_into_fulldata.csv 2024-03-16T00:18:00+00:00 [queued]>
[2024-03-16 00:19:07,008] {taskinstance.py:896} INFO - Dependencies all met for <TaskInstance: airflow_exam.transform_into_fulldata.csv 2024-03-16T00:18:00+00:00 [queued]>
[2024-03-16 00:19:07,008] {taskinstance.py:1087} INFO - 
--------------------------------------------------------------------------------
[2024-03-16 00:19:07,008] {taskinstance.py:1088} INFO - Starting attempt 1 of 1
[2024-03-16 00:19:07,008] {taskinstance.py:1089} INFO - 
--------------------------------------------------------------------------------
[2024-03-16 00:19:07,029] {taskinstance.py:1107} INFO - Executing <Task(PythonOperator): transform_into_fulldata.csv> on 2024-03-16T00:18:00+00:00
[2024-03-16 00:19:07,040] {standard_task_runner.py:52} INFO - Started process 99798 to run task
[2024-03-16 00:19:07,047] {standard_task_runner.py:76} INFO - Running: ['***', 'tasks', 'run', '***_exam', 'transform_into_fulldata.csv', '2024-03-16T00:18:00+00:00', '--job-id', '5204', '--pool', 'default_pool', '--raw', '--subdir', 'DAGS_FOLDER/DAG.py', '--cfg-path', '/tmp/tmpz6em9xpe', '--error-file', '/tmp/tmphjv888e_']
[2024-03-16 00:19:07,048] {standard_task_runner.py:77} INFO - Job 5204: Subtask transform_into_fulldata.csv
[2024-03-16 00:19:07,135] {logging_mixin.py:104} INFO - Running <TaskInstance: ***_exam.transform_into_fulldata.csv 2024-03-16T00:18:00+00:00 [running]> on host 3a3d0401ac26
[2024-03-16 00:19:07,242] {taskinstance.py:1302} INFO - Exporting the following env vars:
AIRFLOW_CTX_DAG_OWNER=***
AIRFLOW_CTX_DAG_ID=***_exam
AIRFLOW_CTX_TASK_ID=transform_into_fulldata.csv
AIRFLOW_CTX_EXECUTION_DATE=2024-03-16T00:18:00+00:00
AIRFLOW_CTX_DAG_RUN_ID=scheduled__2024-03-16T00:18:00+00:00
[2024-03-16 00:19:07,331] {logging_mixin.py:104} INFO - 
[2024-03-16 00:19:07,373] {logging_mixin.py:104} INFO -     temperature        city  pression              date
0       284.81       Paris      1015  2024-03-16 00:19
1       281.46      London      1013  2024-03-16 00:19
2       289.07  Washington      1021  2024-03-16 00:19
3       284.81       Paris      1015  2024-03-16 00:18
4       281.46      London      1013  2024-03-16 00:18
5       289.07  Washington      1021  2024-03-16 00:18
6       284.81       Paris      1015  2024-03-16 00:17
7       281.49      London      1013  2024-03-16 00:17
8       289.07  Washington      1021  2024-03-16 00:17
9       284.81       Paris      1015  2024-03-16 00:16
[2024-03-16 00:19:07,391] {python.py:151} INFO - Done. Returned value was: None
[2024-03-16 00:19:07,413] {taskinstance.py:1211} INFO - Marking task as SUCCESS. dag_id=***_exam, task_id=transform_into_fulldata.csv, execution_date=20240316T001800, start_date=20240316T001906, end_date=20240316T001907
[2024-03-16 00:19:07,479] {taskinstance.py:1265} INFO - 3 downstream tasks scheduled from follow-on schedule check
[2024-03-16 00:19:07,501] {local_task_job.py:151} INFO - Task exited with return code 0
