[2024-03-15 18:47:07,181] {taskinstance.py:896} INFO - Dependencies all met for <TaskInstance: airflow_exam.transform_into_fulldata.csv 2024-03-15T18:46:00+00:00 [queued]>
[2024-03-15 18:47:07,217] {taskinstance.py:896} INFO - Dependencies all met for <TaskInstance: airflow_exam.transform_into_fulldata.csv 2024-03-15T18:46:00+00:00 [queued]>
[2024-03-15 18:47:07,218] {taskinstance.py:1087} INFO - 
--------------------------------------------------------------------------------
[2024-03-15 18:47:07,218] {taskinstance.py:1088} INFO - Starting attempt 1 of 1
[2024-03-15 18:47:07,218] {taskinstance.py:1089} INFO - 
--------------------------------------------------------------------------------
[2024-03-15 18:47:07,237] {taskinstance.py:1107} INFO - Executing <Task(PythonOperator): transform_into_fulldata.csv> on 2024-03-15T18:46:00+00:00
[2024-03-15 18:47:07,250] {standard_task_runner.py:52} INFO - Started process 49859 to run task
[2024-03-15 18:47:07,256] {standard_task_runner.py:76} INFO - Running: ['***', 'tasks', 'run', '***_exam', 'transform_into_fulldata.csv', '2024-03-15T18:46:00+00:00', '--job-id', '3481', '--pool', 'default_pool', '--raw', '--subdir', 'DAGS_FOLDER/DAG.py', '--cfg-path', '/tmp/tmptqm4utoh', '--error-file', '/tmp/tmpj6ko_3lo']
[2024-03-15 18:47:07,256] {standard_task_runner.py:77} INFO - Job 3481: Subtask transform_into_fulldata.csv
[2024-03-15 18:47:07,331] {logging_mixin.py:104} INFO - Running <TaskInstance: ***_exam.transform_into_fulldata.csv 2024-03-15T18:46:00+00:00 [running]> on host 3a3d0401ac26
[2024-03-15 18:47:07,439] {taskinstance.py:1302} INFO - Exporting the following env vars:
AIRFLOW_CTX_DAG_OWNER=***
AIRFLOW_CTX_DAG_ID=***_exam
AIRFLOW_CTX_TASK_ID=transform_into_fulldata.csv
AIRFLOW_CTX_EXECUTION_DATE=2024-03-15T18:46:00+00:00
AIRFLOW_CTX_DAG_RUN_ID=scheduled__2024-03-15T18:46:00+00:00
[2024-03-15 18:47:07,973] {logging_mixin.py:104} INFO - 
[2024-03-15 18:47:08,010] {logging_mixin.py:104} INFO -     temperature        city  pression              date
0       286.68       Paris      1012  2024-03-15 18:47
1       285.28      London      1006  2024-03-15 18:47
2       282.44  Washington      1025  2024-03-15 18:47
3       286.68       Paris      1012  2024-03-15 18:46
4       285.28      London      1006  2024-03-15 18:46
5       282.44  Washington      1025  2024-03-15 18:46
6       286.68       Paris      1012  2024-03-15 18:45
7       285.34      London      1006  2024-03-15 18:45
8       282.44  Washington      1025  2024-03-15 18:45
9       286.68       Paris      1012  2024-03-15 18:44
[2024-03-15 18:47:08,028] {python.py:151} INFO - Done. Returned value was: None
[2024-03-15 18:47:08,049] {taskinstance.py:1211} INFO - Marking task as SUCCESS. dag_id=***_exam, task_id=transform_into_fulldata.csv, execution_date=20240315T184600, start_date=20240315T184707, end_date=20240315T184708
[2024-03-15 18:47:08,112] {taskinstance.py:1265} INFO - 3 downstream tasks scheduled from follow-on schedule check
[2024-03-15 18:47:08,153] {local_task_job.py:151} INFO - Task exited with return code 0
