[2023-10-12 17:33:05,683] {taskinstance.py:896} INFO - Dependencies all met for <TaskInstance: airflow_exam.transform_into_fulldata.csv 2023-10-12T17:32:00+00:00 [queued]>
[2023-10-12 17:33:05,700] {taskinstance.py:896} INFO - Dependencies all met for <TaskInstance: airflow_exam.transform_into_fulldata.csv 2023-10-12T17:32:00+00:00 [queued]>
[2023-10-12 17:33:05,700] {taskinstance.py:1087} INFO - 
--------------------------------------------------------------------------------
[2023-10-12 17:33:05,700] {taskinstance.py:1088} INFO - Starting attempt 1 of 1
[2023-10-12 17:33:05,701] {taskinstance.py:1089} INFO - 
--------------------------------------------------------------------------------
[2023-10-12 17:33:05,721] {taskinstance.py:1107} INFO - Executing <Task(PythonOperator): transform_into_fulldata.csv> on 2023-10-12T17:32:00+00:00
[2023-10-12 17:33:05,730] {standard_task_runner.py:52} INFO - Started process 814 to run task
[2023-10-12 17:33:05,734] {standard_task_runner.py:76} INFO - Running: ['***', 'tasks', 'run', '***_exam', 'transform_into_fulldata.csv', '2023-10-12T17:32:00+00:00', '--job-id', '1599', '--pool', 'default_pool', '--raw', '--subdir', 'DAGS_FOLDER/DAG.py', '--cfg-path', '/tmp/tmpo8v44q6c', '--error-file', '/tmp/tmpj4t94oa1']
[2023-10-12 17:33:05,735] {standard_task_runner.py:77} INFO - Job 1599: Subtask transform_into_fulldata.csv
[2023-10-12 17:33:05,792] {logging_mixin.py:104} INFO - Running <TaskInstance: ***_exam.transform_into_fulldata.csv 2023-10-12T17:32:00+00:00 [running]> on host 3a3d0401ac26
[2023-10-12 17:33:05,871] {taskinstance.py:1302} INFO - Exporting the following env vars:
AIRFLOW_CTX_DAG_OWNER=***
AIRFLOW_CTX_DAG_ID=***_exam
AIRFLOW_CTX_TASK_ID=transform_into_fulldata.csv
AIRFLOW_CTX_EXECUTION_DATE=2023-10-12T17:32:00+00:00
AIRFLOW_CTX_DAG_RUN_ID=scheduled__2023-10-12T17:32:00+00:00
[2023-10-12 17:33:05,889] {logging_mixin.py:104} INFO - 
[2023-10-12 17:33:05,921] {logging_mixin.py:104} INFO -     temperature        city  pression              date
0       294.86       Paris      1015  2023-10-12 17:33
1       288.47      London      1012  2023-10-12 17:33
2       283.71  Washington      1019  2023-10-12 17:33
3       294.86       Paris      1015  2023-10-12 17:32
4       288.47      London      1012  2023-10-12 17:32
5       283.71  Washington      1019  2023-10-12 17:32
6       294.86       Paris      1015  2023-10-12 17:31
7       288.47      London      1012  2023-10-12 17:31
8       283.71  Washington      1019  2023-10-12 17:31
9       294.86       Paris      1015  2023-10-12 17:30
[2023-10-12 17:33:05,930] {python.py:151} INFO - Done. Returned value was: None
[2023-10-12 17:33:05,944] {taskinstance.py:1211} INFO - Marking task as SUCCESS. dag_id=***_exam, task_id=transform_into_fulldata.csv, execution_date=20231012T173200, start_date=20231012T173305, end_date=20231012T173305
[2023-10-12 17:33:05,984] {taskinstance.py:1265} INFO - 3 downstream tasks scheduled from follow-on schedule check
[2023-10-12 17:33:06,027] {local_task_job.py:151} INFO - Task exited with return code 0
