[2023-10-07 16:03:06,678] {taskinstance.py:896} INFO - Dependencies all met for <TaskInstance: airflow_exam.train_best_model 2023-10-07T16:02:00+00:00 [queued]>
[2023-10-07 16:03:06,696] {taskinstance.py:896} INFO - Dependencies all met for <TaskInstance: airflow_exam.train_best_model 2023-10-07T16:02:00+00:00 [queued]>
[2023-10-07 16:03:06,697] {taskinstance.py:1087} INFO - 
--------------------------------------------------------------------------------
[2023-10-07 16:03:06,697] {taskinstance.py:1088} INFO - Starting attempt 1 of 1
[2023-10-07 16:03:06,697] {taskinstance.py:1089} INFO - 
--------------------------------------------------------------------------------
[2023-10-07 16:03:06,707] {taskinstance.py:1107} INFO - Executing <Task(PythonOperator): train_best_model> on 2023-10-07T16:02:00+00:00
[2023-10-07 16:03:06,713] {standard_task_runner.py:52} INFO - Started process 3388 to run task
[2023-10-07 16:03:06,716] {standard_task_runner.py:76} INFO - Running: ['***', 'tasks', 'run', '***_exam', 'train_best_model', '2023-10-07T16:02:00+00:00', '--job-id', '1332', '--pool', 'default_pool', '--raw', '--subdir', 'DAGS_FOLDER/DAG.py', '--cfg-path', '/tmp/tmprr_clo55', '--error-file', '/tmp/tmpjgv0m4ie']
[2023-10-07 16:03:06,716] {standard_task_runner.py:77} INFO - Job 1332: Subtask train_best_model
[2023-10-07 16:03:06,766] {logging_mixin.py:104} INFO - Running <TaskInstance: ***_exam.train_best_model 2023-10-07T16:02:00+00:00 [running]> on host 3a3d0401ac26
[2023-10-07 16:03:06,842] {taskinstance.py:1302} INFO - Exporting the following env vars:
AIRFLOW_CTX_DAG_OWNER=***
AIRFLOW_CTX_DAG_ID=***_exam
AIRFLOW_CTX_TASK_ID=train_best_model
AIRFLOW_CTX_EXECUTION_DATE=2023-10-07T16:02:00+00:00
AIRFLOW_CTX_DAG_RUN_ID=scheduled__2023-10-07T16:02:00+00:00
[2023-10-07 16:03:06,944] {logging_mixin.py:104} INFO - LinearRegression() saved at  /app/clean_data/best_model.pickle
[2023-10-07 16:03:06,946] {python.py:151} INFO - Done. Returned value was: None
[2023-10-07 16:03:07,026] {taskinstance.py:1211} INFO - Marking task as SUCCESS. dag_id=***_exam, task_id=train_best_model, execution_date=20231007T160200, start_date=20231007T160306, end_date=20231007T160307
[2023-10-07 16:03:07,057] {taskinstance.py:1265} INFO - 0 downstream tasks scheduled from follow-on schedule check
[2023-10-07 16:03:07,090] {local_task_job.py:151} INFO - Task exited with return code 0
