[2024-03-15 21:20:09,091] {taskinstance.py:896} INFO - Dependencies all met for <TaskInstance: airflow_exam.compute_lr_score 2024-03-15T21:19:00+00:00 [queued]>
[2024-03-15 21:20:09,114] {taskinstance.py:896} INFO - Dependencies all met for <TaskInstance: airflow_exam.compute_lr_score 2024-03-15T21:19:00+00:00 [queued]>
[2024-03-15 21:20:09,115] {taskinstance.py:1087} INFO - 
--------------------------------------------------------------------------------
[2024-03-15 21:20:09,115] {taskinstance.py:1088} INFO - Starting attempt 1 of 1
[2024-03-15 21:20:09,115] {taskinstance.py:1089} INFO - 
--------------------------------------------------------------------------------
[2024-03-15 21:20:09,129] {taskinstance.py:1107} INFO - Executing <Task(PythonOperator): compute_lr_score> on 2024-03-15T21:19:00+00:00
[2024-03-15 21:20:09,138] {standard_task_runner.py:52} INFO - Started process 63480 to run task
[2024-03-15 21:20:09,143] {standard_task_runner.py:76} INFO - Running: ['***', 'tasks', 'run', '***_exam', 'compute_lr_score', '2024-03-15T21:19:00+00:00', '--job-id', '3962', '--pool', 'default_pool', '--raw', '--subdir', 'DAGS_FOLDER/DAG.py', '--cfg-path', '/tmp/tmprb3t9iv1', '--error-file', '/tmp/tmpa_exn8dg']
[2024-03-15 21:20:09,143] {standard_task_runner.py:77} INFO - Job 3962: Subtask compute_lr_score
[2024-03-15 21:20:09,209] {logging_mixin.py:104} INFO - Running <TaskInstance: ***_exam.compute_lr_score 2024-03-15T21:19:00+00:00 [running]> on host 3a3d0401ac26
[2024-03-15 21:20:09,284] {taskinstance.py:1302} INFO - Exporting the following env vars:
AIRFLOW_CTX_DAG_OWNER=***
AIRFLOW_CTX_DAG_ID=***_exam
AIRFLOW_CTX_TASK_ID=compute_lr_score
AIRFLOW_CTX_EXECUTION_DATE=2024-03-15T21:19:00+00:00
AIRFLOW_CTX_DAG_RUN_ID=scheduled__2024-03-15T21:19:00+00:00
[2024-03-15 21:20:09,542] {python.py:151} INFO - Done. Returned value was: None
[2024-03-15 21:20:09,584] {taskinstance.py:1211} INFO - Marking task as SUCCESS. dag_id=***_exam, task_id=compute_lr_score, execution_date=20240315T211900, start_date=20240315T212009, end_date=20240315T212009
[2024-03-15 21:20:09,649] {taskinstance.py:1265} INFO - 0 downstream tasks scheduled from follow-on schedule check
[2024-03-15 21:20:09,675] {local_task_job.py:151} INFO - Task exited with return code 0
