[2024-03-21 15:42:58,612] {taskinstance.py:896} INFO - Dependencies all met for <TaskInstance: airflow_exam.transform_into_data.csv 2024-03-21T15:41:00+00:00 [queued]>
[2024-03-21 15:42:58,646] {taskinstance.py:896} INFO - Dependencies all met for <TaskInstance: airflow_exam.transform_into_data.csv 2024-03-21T15:41:00+00:00 [queued]>
[2024-03-21 15:42:58,646] {taskinstance.py:1087} INFO - 
--------------------------------------------------------------------------------
[2024-03-21 15:42:58,646] {taskinstance.py:1088} INFO - Starting attempt 1 of 1
[2024-03-21 15:42:58,646] {taskinstance.py:1089} INFO - 
--------------------------------------------------------------------------------
[2024-03-21 15:42:58,663] {taskinstance.py:1107} INFO - Executing <Task(PythonOperator): transform_into_data.csv> on 2024-03-21T15:41:00+00:00
[2024-03-21 15:42:58,676] {standard_task_runner.py:52} INFO - Started process 182 to run task
[2024-03-21 15:42:58,682] {standard_task_runner.py:76} INFO - Running: ['***', 'tasks', 'run', '***_exam', 'transform_into_data.csv', '2024-03-21T15:41:00+00:00', '--job-id', '9053', '--pool', 'default_pool', '--raw', '--subdir', 'DAGS_FOLDER/DAG.py', '--cfg-path', '/tmp/tmpb3asn6re', '--error-file', '/tmp/tmpv2r0gnls']
[2024-03-21 15:42:58,683] {standard_task_runner.py:77} INFO - Job 9053: Subtask transform_into_data.csv
[2024-03-21 15:42:58,749] {logging_mixin.py:104} INFO - Running <TaskInstance: ***_exam.transform_into_data.csv 2024-03-21T15:41:00+00:00 [running]> on host 3a3d0401ac26
[2024-03-21 15:42:58,872] {taskinstance.py:1302} INFO - Exporting the following env vars:
AIRFLOW_CTX_DAG_OWNER=***
AIRFLOW_CTX_DAG_ID=***_exam
AIRFLOW_CTX_TASK_ID=transform_into_data.csv
AIRFLOW_CTX_EXECUTION_DATE=2024-03-21T15:41:00+00:00
AIRFLOW_CTX_DAG_RUN_ID=scheduled__2024-03-21T15:41:00+00:00
[2024-03-21 15:42:58,926] {logging_mixin.py:104} INFO - 
[2024-03-21 15:42:58,968] {logging_mixin.py:104} INFO -     temperature        city  pression              date
0       292.97       Paris      1026  2024-03-21 15:42
1       289.60      London      1023  2024-03-21 15:42
2       280.04  Washington      1015  2024-03-21 15:42
3       285.08       Paris      1022  2024-03-21 01:53
4       283.17      London      1023  2024-03-21 01:53
5       284.64  Washington      1008  2024-03-21 01:53
6       285.33       Paris      1021  2024-03-21 01:52
7       283.16      London      1023  2024-03-21 01:52
8       285.04  Washington      1008  2024-03-21 01:52
9       285.33       Paris      1021  2024-03-21 01:51
[2024-03-21 15:42:58,977] {python.py:151} INFO - Done. Returned value was: None
[2024-03-21 15:42:58,995] {taskinstance.py:1211} INFO - Marking task as SUCCESS. dag_id=***_exam, task_id=transform_into_data.csv, execution_date=20240321T154100, start_date=20240321T154258, end_date=20240321T154258
[2024-03-21 15:42:59,042] {taskinstance.py:1265} INFO - 0 downstream tasks scheduled from follow-on schedule check
[2024-03-21 15:42:59,096] {local_task_job.py:151} INFO - Task exited with return code 0
