[2024-03-16 00:39:08,235] {taskinstance.py:896} INFO - Dependencies all met for <TaskInstance: airflow_exam.transform_into_data.csv 2024-03-16T00:38:00+00:00 [queued]>
[2024-03-16 00:39:08,268] {taskinstance.py:896} INFO - Dependencies all met for <TaskInstance: airflow_exam.transform_into_data.csv 2024-03-16T00:38:00+00:00 [queued]>
[2024-03-16 00:39:08,269] {taskinstance.py:1087} INFO - 
--------------------------------------------------------------------------------
[2024-03-16 00:39:08,269] {taskinstance.py:1088} INFO - Starting attempt 1 of 1
[2024-03-16 00:39:08,269] {taskinstance.py:1089} INFO - 
--------------------------------------------------------------------------------
[2024-03-16 00:39:08,287] {taskinstance.py:1107} INFO - Executing <Task(PythonOperator): transform_into_data.csv> on 2024-03-16T00:38:00+00:00
[2024-03-16 00:39:08,300] {standard_task_runner.py:52} INFO - Started process 104054 to run task
[2024-03-16 00:39:08,304] {standard_task_runner.py:76} INFO - Running: ['***', 'tasks', 'run', '***_exam', 'transform_into_data.csv', '2024-03-16T00:38:00+00:00', '--job-id', '5345', '--pool', 'default_pool', '--raw', '--subdir', 'DAGS_FOLDER/DAG.py', '--cfg-path', '/tmp/tmph8mliupx', '--error-file', '/tmp/tmpg4o0wmr8']
[2024-03-16 00:39:08,305] {standard_task_runner.py:77} INFO - Job 5345: Subtask transform_into_data.csv
[2024-03-16 00:39:08,371] {logging_mixin.py:104} INFO - Running <TaskInstance: ***_exam.transform_into_data.csv 2024-03-16T00:38:00+00:00 [running]> on host 3a3d0401ac26
[2024-03-16 00:39:08,458] {taskinstance.py:1302} INFO - Exporting the following env vars:
AIRFLOW_CTX_DAG_OWNER=***
AIRFLOW_CTX_DAG_ID=***_exam
AIRFLOW_CTX_TASK_ID=transform_into_data.csv
AIRFLOW_CTX_EXECUTION_DATE=2024-03-16T00:38:00+00:00
AIRFLOW_CTX_DAG_RUN_ID=scheduled__2024-03-16T00:38:00+00:00
[2024-03-16 00:39:08,464] {logging_mixin.py:104} INFO - 
[2024-03-16 00:39:08,489] {logging_mixin.py:104} INFO -     temperature        city  pression              date
0       284.40       Paris      1016  2024-03-16 00:39
1       281.41      London      1013  2024-03-16 00:39
2       287.66  Washington      1021  2024-03-16 00:39
3       284.51       Paris      1016  2024-03-16 00:38
4       281.41      London      1013  2024-03-16 00:38
5       287.66  Washington      1021  2024-03-16 00:38
6       284.51       Paris      1016  2024-03-16 00:37
7       281.41      London      1013  2024-03-16 00:37
8       287.66  Washington      1021  2024-03-16 00:37
9       284.51       Paris      1016  2024-03-16 00:36
[2024-03-16 00:39:08,499] {python.py:151} INFO - Done. Returned value was: None
[2024-03-16 00:39:08,515] {taskinstance.py:1211} INFO - Marking task as SUCCESS. dag_id=***_exam, task_id=transform_into_data.csv, execution_date=20240316T003800, start_date=20240316T003908, end_date=20240316T003908
[2024-03-16 00:39:08,569] {taskinstance.py:1265} INFO - 0 downstream tasks scheduled from follow-on schedule check
[2024-03-16 00:39:08,598] {local_task_job.py:151} INFO - Task exited with return code 0
