[2024-03-21 18:27:04,759] {taskinstance.py:896} INFO - Dependencies all met for <TaskInstance: airflow_exam.transform_into_data.csv 2024-03-21T18:26:00+00:00 [queued]>
[2024-03-21 18:27:04,807] {taskinstance.py:896} INFO - Dependencies all met for <TaskInstance: airflow_exam.transform_into_data.csv 2024-03-21T18:26:00+00:00 [queued]>
[2024-03-21 18:27:04,808] {taskinstance.py:1087} INFO - 
--------------------------------------------------------------------------------
[2024-03-21 18:27:04,808] {taskinstance.py:1088} INFO - Starting attempt 1 of 1
[2024-03-21 18:27:04,808] {taskinstance.py:1089} INFO - 
--------------------------------------------------------------------------------
[2024-03-21 18:27:04,833] {taskinstance.py:1107} INFO - Executing <Task(PythonOperator): transform_into_data.csv> on 2024-03-21T18:26:00+00:00
[2024-03-21 18:27:04,844] {standard_task_runner.py:52} INFO - Started process 35815 to run task
[2024-03-21 18:27:04,853] {standard_task_runner.py:76} INFO - Running: ['***', 'tasks', 'run', '***_exam', 'transform_into_data.csv', '2024-03-21T18:26:00+00:00', '--job-id', '10213', '--pool', 'default_pool', '--raw', '--subdir', 'DAGS_FOLDER/DAG.py', '--cfg-path', '/tmp/tmpo1t9efnh', '--error-file', '/tmp/tmptnllylgh']
[2024-03-21 18:27:04,855] {standard_task_runner.py:77} INFO - Job 10213: Subtask transform_into_data.csv
[2024-03-21 18:27:04,948] {logging_mixin.py:104} INFO - Running <TaskInstance: ***_exam.transform_into_data.csv 2024-03-21T18:26:00+00:00 [running]> on host 3a3d0401ac26
[2024-03-21 18:27:05,078] {taskinstance.py:1302} INFO - Exporting the following env vars:
AIRFLOW_CTX_DAG_OWNER=***
AIRFLOW_CTX_DAG_ID=***_exam
AIRFLOW_CTX_TASK_ID=transform_into_data.csv
AIRFLOW_CTX_EXECUTION_DATE=2024-03-21T18:26:00+00:00
AIRFLOW_CTX_DAG_RUN_ID=scheduled__2024-03-21T18:26:00+00:00
[2024-03-21 18:27:05,090] {logging_mixin.py:104} INFO - 
[2024-03-21 18:27:05,123] {logging_mixin.py:104} INFO -     temperature        city  pression              date
0       289.90       Paris      1025  2024-03-21 18:27
1       287.90      London      1022  2024-03-21 18:27
2       285.16  Washington      1014  2024-03-21 18:27
3       289.91       Paris      1025  2024-03-21 18:26
4       287.90      London      1022  2024-03-21 18:26
5       284.73  Washington      1014  2024-03-21 18:26
6       289.91       Paris      1025  2024-03-21 18:25
7       287.90      London      1022  2024-03-21 18:25
8       284.73  Washington      1014  2024-03-21 18:25
9       289.91       Paris      1025  2024-03-21 18:24
[2024-03-21 18:27:05,130] {python.py:151} INFO - Done. Returned value was: None
[2024-03-21 18:27:05,149] {taskinstance.py:1211} INFO - Marking task as SUCCESS. dag_id=***_exam, task_id=transform_into_data.csv, execution_date=20240321T182600, start_date=20240321T182704, end_date=20240321T182705
[2024-03-21 18:27:05,195] {taskinstance.py:1265} INFO - 0 downstream tasks scheduled from follow-on schedule check
[2024-03-21 18:27:05,229] {local_task_job.py:151} INFO - Task exited with return code 0
