[2024-03-20 20:48:05,179] {taskinstance.py:896} INFO - Dependencies all met for <TaskInstance: airflow_exam.transform_into_fulldata.csv 2024-03-20T20:47:00+00:00 [queued]>
[2024-03-20 20:48:05,210] {taskinstance.py:896} INFO - Dependencies all met for <TaskInstance: airflow_exam.transform_into_fulldata.csv 2024-03-20T20:47:00+00:00 [queued]>
[2024-03-20 20:48:05,210] {taskinstance.py:1087} INFO - 
--------------------------------------------------------------------------------
[2024-03-20 20:48:05,210] {taskinstance.py:1088} INFO - Starting attempt 1 of 1
[2024-03-20 20:48:05,210] {taskinstance.py:1089} INFO - 
--------------------------------------------------------------------------------
[2024-03-20 20:48:05,239] {taskinstance.py:1107} INFO - Executing <Task(PythonOperator): transform_into_fulldata.csv> on 2024-03-20T20:47:00+00:00
[2024-03-20 20:48:05,254] {standard_task_runner.py:52} INFO - Started process 3828 to run task
[2024-03-20 20:48:05,260] {standard_task_runner.py:76} INFO - Running: ['***', 'tasks', 'run', '***_exam', 'transform_into_fulldata.csv', '2024-03-20T20:47:00+00:00', '--job-id', '6953', '--pool', 'default_pool', '--raw', '--subdir', 'DAGS_FOLDER/DAG.py', '--cfg-path', '/tmp/tmpyy4gmpgg', '--error-file', '/tmp/tmp3k6gb49r']
[2024-03-20 20:48:05,260] {standard_task_runner.py:77} INFO - Job 6953: Subtask transform_into_fulldata.csv
[2024-03-20 20:48:05,347] {logging_mixin.py:104} INFO - Running <TaskInstance: ***_exam.transform_into_fulldata.csv 2024-03-20T20:47:00+00:00 [running]> on host 3a3d0401ac26
[2024-03-20 20:48:05,456] {taskinstance.py:1302} INFO - Exporting the following env vars:
AIRFLOW_CTX_DAG_OWNER=***
AIRFLOW_CTX_DAG_ID=***_exam
AIRFLOW_CTX_TASK_ID=transform_into_fulldata.csv
AIRFLOW_CTX_EXECUTION_DATE=2024-03-20T20:47:00+00:00
AIRFLOW_CTX_DAG_RUN_ID=scheduled__2024-03-20T20:47:00+00:00
[2024-03-20 20:48:05,583] {logging_mixin.py:104} INFO - 
[2024-03-20 20:48:05,619] {logging_mixin.py:104} INFO -     temperature        city  pression              date
0       287.45       Paris      1018  2024-03-20 20:48
1       286.63      London      1020  2024-03-20 20:48
2       290.46  Washington      1008  2024-03-20 20:48
3       287.45       Paris      1018  2024-03-20 20:47
4       286.63      London      1020  2024-03-20 20:47
5       290.46  Washington      1008  2024-03-20 20:47
6       287.45       Paris      1018  2024-03-20 20:46
7       286.66      London      1020  2024-03-20 20:46
8       290.40  Washington      1008  2024-03-20 20:46
9       287.45       Paris      1018  2024-03-20 20:45
[2024-03-20 20:48:05,640] {python.py:151} INFO - Done. Returned value was: None
[2024-03-20 20:48:05,655] {taskinstance.py:1211} INFO - Marking task as SUCCESS. dag_id=***_exam, task_id=transform_into_fulldata.csv, execution_date=20240320T204700, start_date=20240320T204805, end_date=20240320T204805
[2024-03-20 20:48:05,708] {taskinstance.py:1265} INFO - 3 downstream tasks scheduled from follow-on schedule check
[2024-03-20 20:48:05,754] {local_task_job.py:151} INFO - Task exited with return code 0
