[2024-03-21 00:29:52,954] {taskinstance.py:896} INFO - Dependencies all met for <TaskInstance: airflow_exam.compute_dt_score 2024-03-21T00:18:00+00:00 [queued]>
[2024-03-21 00:29:53,024] {taskinstance.py:896} INFO - Dependencies all met for <TaskInstance: airflow_exam.compute_dt_score 2024-03-21T00:18:00+00:00 [queued]>
[2024-03-21 00:29:53,025] {taskinstance.py:1087} INFO - 
--------------------------------------------------------------------------------
[2024-03-21 00:29:53,025] {taskinstance.py:1088} INFO - Starting attempt 1 of 1
[2024-03-21 00:29:53,025] {taskinstance.py:1089} INFO - 
--------------------------------------------------------------------------------
[2024-03-21 00:29:53,155] {taskinstance.py:1107} INFO - Executing <Task(PythonOperator): compute_dt_score> on 2024-03-21T00:18:00+00:00
[2024-03-21 00:29:53,189] {standard_task_runner.py:52} INFO - Started process 1011 to run task
[2024-03-21 00:29:53,198] {standard_task_runner.py:76} INFO - Running: ['***', 'tasks', 'run', '***_exam', 'compute_dt_score', '2024-03-21T00:18:00+00:00', '--job-id', '8376', '--pool', 'default_pool', '--raw', '--subdir', 'DAGS_FOLDER/DAG.py', '--cfg-path', '/tmp/tmp8wt9m7ek', '--error-file', '/tmp/tmpqvptldsu']
[2024-03-21 00:29:53,207] {standard_task_runner.py:77} INFO - Job 8376: Subtask compute_dt_score
[2024-03-21 00:29:53,960] {logging_mixin.py:104} INFO - Running <TaskInstance: ***_exam.compute_dt_score 2024-03-21T00:18:00+00:00 [running]> on host 3a3d0401ac26
[2024-03-21 00:29:54,444] {taskinstance.py:1302} INFO - Exporting the following env vars:
AIRFLOW_CTX_DAG_OWNER=***
AIRFLOW_CTX_DAG_ID=***_exam
AIRFLOW_CTX_TASK_ID=compute_dt_score
AIRFLOW_CTX_EXECUTION_DATE=2024-03-21T00:18:00+00:00
AIRFLOW_CTX_DAG_RUN_ID=scheduled__2024-03-21T00:18:00+00:00
[2024-03-21 00:29:57,086] {python.py:151} INFO - Done. Returned value was: None
[2024-03-21 00:29:57,284] {taskinstance.py:1211} INFO - Marking task as SUCCESS. dag_id=***_exam, task_id=compute_dt_score, execution_date=20240321T001800, start_date=20240321T002952, end_date=20240321T002957
[2024-03-21 00:29:57,589] {taskinstance.py:1265} INFO - 0 downstream tasks scheduled from follow-on schedule check
[2024-03-21 00:29:57,672] {local_task_job.py:151} INFO - Task exited with return code 0
