[2024-03-16 04:07:12,136] {taskinstance.py:896} INFO - Dependencies all met for <TaskInstance: airflow_exam.compute_rf_score 2024-03-16T04:06:00+00:00 [queued]>
[2024-03-16 04:07:12,494] {taskinstance.py:896} INFO - Dependencies all met for <TaskInstance: airflow_exam.compute_rf_score 2024-03-16T04:06:00+00:00 [queued]>
[2024-03-16 04:07:12,495] {taskinstance.py:1087} INFO - 
--------------------------------------------------------------------------------
[2024-03-16 04:07:12,495] {taskinstance.py:1088} INFO - Starting attempt 1 of 1
[2024-03-16 04:07:12,495] {taskinstance.py:1089} INFO - 
--------------------------------------------------------------------------------
[2024-03-16 04:07:12,602] {taskinstance.py:1107} INFO - Executing <Task(PythonOperator): compute_rf_score> on 2024-03-16T04:06:00+00:00
[2024-03-16 04:07:12,785] {standard_task_runner.py:52} INFO - Started process 148629 to run task
[2024-03-16 04:07:12,823] {standard_task_runner.py:76} INFO - Running: ['***', 'tasks', 'run', '***_exam', 'compute_rf_score', '2024-03-16T04:06:00+00:00', '--job-id', '6802', '--pool', 'default_pool', '--raw', '--subdir', 'DAGS_FOLDER/DAG.py', '--cfg-path', '/tmp/tmp2ujcynv_', '--error-file', '/tmp/tmpxtohnip_']
[2024-03-16 04:07:12,823] {standard_task_runner.py:77} INFO - Job 6802: Subtask compute_rf_score
[2024-03-16 04:07:13,088] {logging_mixin.py:104} INFO - Running <TaskInstance: ***_exam.compute_rf_score 2024-03-16T04:06:00+00:00 [running]> on host 3a3d0401ac26
[2024-03-16 04:07:13,318] {taskinstance.py:1302} INFO - Exporting the following env vars:
AIRFLOW_CTX_DAG_OWNER=***
AIRFLOW_CTX_DAG_ID=***_exam
AIRFLOW_CTX_TASK_ID=compute_rf_score
AIRFLOW_CTX_EXECUTION_DATE=2024-03-16T04:06:00+00:00
AIRFLOW_CTX_DAG_RUN_ID=scheduled__2024-03-16T04:06:00+00:00
[2024-03-16 04:07:19,840] {python.py:151} INFO - Done. Returned value was: None
[2024-03-16 04:07:19,858] {taskinstance.py:1211} INFO - Marking task as SUCCESS. dag_id=***_exam, task_id=compute_rf_score, execution_date=20240316T040600, start_date=20240316T040712, end_date=20240316T040719
[2024-03-16 04:07:19,922] {taskinstance.py:1265} INFO - 1 downstream tasks scheduled from follow-on schedule check
[2024-03-16 04:07:19,968] {local_task_job.py:151} INFO - Task exited with return code 0
