[2024-03-21 20:26:05,663] {taskinstance.py:896} INFO - Dependencies all met for <TaskInstance: airflow_exam.transform_into_fulldata.csv 2024-03-21T20:25:00+00:00 [queued]>
[2024-03-21 20:26:05,687] {taskinstance.py:896} INFO - Dependencies all met for <TaskInstance: airflow_exam.transform_into_fulldata.csv 2024-03-21T20:25:00+00:00 [queued]>
[2024-03-21 20:26:05,687] {taskinstance.py:1087} INFO - 
--------------------------------------------------------------------------------
[2024-03-21 20:26:05,687] {taskinstance.py:1088} INFO - Starting attempt 1 of 1
[2024-03-21 20:26:05,687] {taskinstance.py:1089} INFO - 
--------------------------------------------------------------------------------
[2024-03-21 20:26:05,699] {taskinstance.py:1107} INFO - Executing <Task(PythonOperator): transform_into_fulldata.csv> on 2024-03-21T20:25:00+00:00
[2024-03-21 20:26:05,709] {standard_task_runner.py:52} INFO - Started process 61544 to run task
[2024-03-21 20:26:05,712] {standard_task_runner.py:76} INFO - Running: ['***', 'tasks', 'run', '***_exam', 'transform_into_fulldata.csv', '2024-03-21T20:25:00+00:00', '--job-id', '11047', '--pool', 'default_pool', '--raw', '--subdir', 'DAGS_FOLDER/DAG.py', '--cfg-path', '/tmp/tmpojpc4e1y', '--error-file', '/tmp/tmpmyfy2w7n']
[2024-03-21 20:26:05,713] {standard_task_runner.py:77} INFO - Job 11047: Subtask transform_into_fulldata.csv
[2024-03-21 20:26:05,769] {logging_mixin.py:104} INFO - Running <TaskInstance: ***_exam.transform_into_fulldata.csv 2024-03-21T20:25:00+00:00 [running]> on host 3a3d0401ac26
[2024-03-21 20:26:05,841] {taskinstance.py:1302} INFO - Exporting the following env vars:
AIRFLOW_CTX_DAG_OWNER=***
AIRFLOW_CTX_DAG_ID=***_exam
AIRFLOW_CTX_TASK_ID=transform_into_fulldata.csv
AIRFLOW_CTX_EXECUTION_DATE=2024-03-21T20:25:00+00:00
AIRFLOW_CTX_DAG_RUN_ID=scheduled__2024-03-21T20:25:00+00:00
[2024-03-21 20:26:05,958] {logging_mixin.py:104} INFO - 
[2024-03-21 20:26:05,983] {logging_mixin.py:104} INFO -     temperature        city  pression              date
0       287.52       Paris      1025  2024-03-21 20:26
1       286.03      London      1022  2024-03-21 20:26
2       287.52  Washington      1013  2024-03-21 20:26
3       287.79       Paris      1025  2024-03-21 20:25
4       286.05      London      1022  2024-03-21 20:25
5       287.52  Washington      1013  2024-03-21 20:25
6       287.79       Paris      1025  2024-03-21 20:24
7       286.05      London      1022  2024-03-21 20:24
8       287.52  Washington      1013  2024-03-21 20:24
9       287.79       Paris      1025  2024-03-21 20:23
[2024-03-21 20:26:06,001] {python.py:151} INFO - Done. Returned value was: None
[2024-03-21 20:26:06,015] {taskinstance.py:1211} INFO - Marking task as SUCCESS. dag_id=***_exam, task_id=transform_into_fulldata.csv, execution_date=20240321T202500, start_date=20240321T202605, end_date=20240321T202606
[2024-03-21 20:26:06,062] {taskinstance.py:1265} INFO - 3 downstream tasks scheduled from follow-on schedule check
[2024-03-21 20:26:06,086] {local_task_job.py:151} INFO - Task exited with return code 0
