[2023-10-06 19:56:03,356] {taskinstance.py:896} INFO - Dependencies all met for <TaskInstance: airflow_exam.transform_into_fulldata.csv 2023-10-06T19:55:00+00:00 [queued]>
[2023-10-06 19:56:03,369] {taskinstance.py:896} INFO - Dependencies all met for <TaskInstance: airflow_exam.transform_into_fulldata.csv 2023-10-06T19:55:00+00:00 [queued]>
[2023-10-06 19:56:03,369] {taskinstance.py:1087} INFO - 
--------------------------------------------------------------------------------
[2023-10-06 19:56:03,370] {taskinstance.py:1088} INFO - Starting attempt 1 of 1
[2023-10-06 19:56:03,370] {taskinstance.py:1089} INFO - 
--------------------------------------------------------------------------------
[2023-10-06 19:56:03,385] {taskinstance.py:1107} INFO - Executing <Task(PythonOperator): transform_into_fulldata.csv> on 2023-10-06T19:55:00+00:00
[2023-10-06 19:56:03,392] {standard_task_runner.py:52} INFO - Started process 10406 to run task
[2023-10-06 19:56:03,395] {standard_task_runner.py:76} INFO - Running: ['***', 'tasks', 'run', '***_exam', 'transform_into_fulldata.csv', '2023-10-06T19:55:00+00:00', '--job-id', '642', '--pool', 'default_pool', '--raw', '--subdir', 'DAGS_FOLDER/DAG.py', '--cfg-path', '/tmp/tmpwotg3xbt', '--error-file', '/tmp/tmp127rmjb7']
[2023-10-06 19:56:03,395] {standard_task_runner.py:77} INFO - Job 642: Subtask transform_into_fulldata.csv
[2023-10-06 19:56:03,436] {logging_mixin.py:104} INFO - Running <TaskInstance: ***_exam.transform_into_fulldata.csv 2023-10-06T19:55:00+00:00 [running]> on host 3a3d0401ac26
[2023-10-06 19:56:03,494] {taskinstance.py:1302} INFO - Exporting the following env vars:
AIRFLOW_CTX_DAG_OWNER=***
AIRFLOW_CTX_DAG_ID=***_exam
AIRFLOW_CTX_TASK_ID=transform_into_fulldata.csv
AIRFLOW_CTX_EXECUTION_DATE=2023-10-06T19:55:00+00:00
AIRFLOW_CTX_DAG_RUN_ID=scheduled__2023-10-06T19:55:00+00:00
[2023-10-06 19:56:03,501] {logging_mixin.py:104} INFO - 
[2023-10-06 19:56:03,517] {logging_mixin.py:104} INFO -     temperature        city  pression              date
0       288.25       Paris      1026  2023-10-06 19:56
1       290.16      London      1023  2023-10-06 19:56
2       293.21  Washington      1024  2023-10-06 19:56
3       289.02       Paris      1025  2023-10-06 19:55
4       290.16      London      1023  2023-10-06 19:55
5       292.95  Washington      1024  2023-10-06 19:55
6       289.02       Paris      1025  2023-10-06 19:54
7       290.16      London      1023  2023-10-06 19:54
8       292.95  Washington      1024  2023-10-06 19:54
9       289.02       Paris      1025  2023-10-06 19:53
[2023-10-06 19:56:03,521] {python.py:151} INFO - Done. Returned value was: None
[2023-10-06 19:56:03,532] {taskinstance.py:1211} INFO - Marking task as SUCCESS. dag_id=***_exam, task_id=transform_into_fulldata.csv, execution_date=20231006T195500, start_date=20231006T195603, end_date=20231006T195603
[2023-10-06 19:56:03,566] {taskinstance.py:1265} INFO - 3 downstream tasks scheduled from follow-on schedule check
[2023-10-06 19:56:03,607] {local_task_job.py:151} INFO - Task exited with return code 0
