[2024-03-21 17:16:05,485] {taskinstance.py:896} INFO - Dependencies all met for <TaskInstance: airflow_exam.transform_into_data.csv 2024-03-21T17:15:00+00:00 [queued]>
[2024-03-21 17:16:05,517] {taskinstance.py:896} INFO - Dependencies all met for <TaskInstance: airflow_exam.transform_into_data.csv 2024-03-21T17:15:00+00:00 [queued]>
[2024-03-21 17:16:05,518] {taskinstance.py:1087} INFO - 
--------------------------------------------------------------------------------
[2024-03-21 17:16:05,518] {taskinstance.py:1088} INFO - Starting attempt 1 of 1
[2024-03-21 17:16:05,518] {taskinstance.py:1089} INFO - 
--------------------------------------------------------------------------------
[2024-03-21 17:16:05,536] {taskinstance.py:1107} INFO - Executing <Task(PythonOperator): transform_into_data.csv> on 2024-03-21T17:15:00+00:00
[2024-03-21 17:16:05,547] {standard_task_runner.py:52} INFO - Started process 20506 to run task
[2024-03-21 17:16:05,552] {standard_task_runner.py:76} INFO - Running: ['***', 'tasks', 'run', '***_exam', 'transform_into_data.csv', '2024-03-21T17:15:00+00:00', '--job-id', '9717', '--pool', 'default_pool', '--raw', '--subdir', 'DAGS_FOLDER/DAG.py', '--cfg-path', '/tmp/tmp192pqvvk', '--error-file', '/tmp/tmpwgd4u8wu']
[2024-03-21 17:16:05,552] {standard_task_runner.py:77} INFO - Job 9717: Subtask transform_into_data.csv
[2024-03-21 17:16:05,622] {logging_mixin.py:104} INFO - Running <TaskInstance: ***_exam.transform_into_data.csv 2024-03-21T17:15:00+00:00 [running]> on host 3a3d0401ac26
[2024-03-21 17:16:05,717] {taskinstance.py:1302} INFO - Exporting the following env vars:
AIRFLOW_CTX_DAG_OWNER=***
AIRFLOW_CTX_DAG_ID=***_exam
AIRFLOW_CTX_TASK_ID=transform_into_data.csv
AIRFLOW_CTX_EXECUTION_DATE=2024-03-21T17:15:00+00:00
AIRFLOW_CTX_DAG_RUN_ID=scheduled__2024-03-21T17:15:00+00:00
[2024-03-21 17:16:05,729] {logging_mixin.py:104} INFO - 
[2024-03-21 17:16:05,767] {logging_mixin.py:104} INFO -     temperature        city  pression              date
0       291.74       Paris      1025  2024-03-21 17:16
1       288.80      London      1022  2024-03-21 17:16
2       282.55  Washington      1015  2024-03-21 17:16
3       291.74       Paris      1025  2024-03-21 17:15
4       288.80      London      1022  2024-03-21 17:15
5       282.55  Washington      1015  2024-03-21 17:15
6       291.74       Paris      1025  2024-03-21 17:14
7       288.80      London      1022  2024-03-21 17:14
8       282.55  Washington      1015  2024-03-21 17:14
9       291.80       Paris      1025  2024-03-21 17:13
[2024-03-21 17:16:05,774] {python.py:151} INFO - Done. Returned value was: None
[2024-03-21 17:16:05,791] {taskinstance.py:1211} INFO - Marking task as SUCCESS. dag_id=***_exam, task_id=transform_into_data.csv, execution_date=20240321T171500, start_date=20240321T171605, end_date=20240321T171605
[2024-03-21 17:16:05,841] {taskinstance.py:1265} INFO - 0 downstream tasks scheduled from follow-on schedule check
[2024-03-21 17:16:05,885] {local_task_job.py:151} INFO - Task exited with return code 0
