[2024-03-15 14:16:04,193] {taskinstance.py:896} INFO - Dependencies all met for <TaskInstance: airflow_exam.transform_into_fulldata.csv 2024-03-15T14:15:00+00:00 [queued]>
[2024-03-15 14:16:04,219] {taskinstance.py:896} INFO - Dependencies all met for <TaskInstance: airflow_exam.transform_into_fulldata.csv 2024-03-15T14:15:00+00:00 [queued]>
[2024-03-15 14:16:04,219] {taskinstance.py:1087} INFO - 
--------------------------------------------------------------------------------
[2024-03-15 14:16:04,219] {taskinstance.py:1088} INFO - Starting attempt 1 of 1
[2024-03-15 14:16:04,219] {taskinstance.py:1089} INFO - 
--------------------------------------------------------------------------------
[2024-03-15 14:16:04,235] {taskinstance.py:1107} INFO - Executing <Task(PythonOperator): transform_into_fulldata.csv> on 2024-03-15T14:15:00+00:00
[2024-03-15 14:16:04,246] {standard_task_runner.py:52} INFO - Started process 4964 to run task
[2024-03-15 14:16:04,251] {standard_task_runner.py:76} INFO - Running: ['***', 'tasks', 'run', '***_exam', 'transform_into_fulldata.csv', '2024-03-15T14:15:00+00:00', '--job-id', '1877', '--pool', 'default_pool', '--raw', '--subdir', 'DAGS_FOLDER/DAG.py', '--cfg-path', '/tmp/tmp7116_up7', '--error-file', '/tmp/tmp7ky3w_a7']
[2024-03-15 14:16:04,251] {standard_task_runner.py:77} INFO - Job 1877: Subtask transform_into_fulldata.csv
[2024-03-15 14:16:04,309] {logging_mixin.py:104} INFO - Running <TaskInstance: ***_exam.transform_into_fulldata.csv 2024-03-15T14:15:00+00:00 [running]> on host 3a3d0401ac26
[2024-03-15 14:16:04,376] {taskinstance.py:1302} INFO - Exporting the following env vars:
AIRFLOW_CTX_DAG_OWNER=***
AIRFLOW_CTX_DAG_ID=***_exam
AIRFLOW_CTX_TASK_ID=transform_into_fulldata.csv
AIRFLOW_CTX_EXECUTION_DATE=2024-03-15T14:15:00+00:00
AIRFLOW_CTX_DAG_RUN_ID=scheduled__2024-03-15T14:15:00+00:00
[2024-03-15 14:16:04,400] {logging_mixin.py:104} INFO - 
[2024-03-15 14:16:04,421] {logging_mixin.py:104} INFO -     temperature        city  pression              date
0       288.88       Paris      1012  2024-03-15 14:16
1       287.36      London      1004  2024-03-15 14:16
2       274.45  Washington      1029  2024-03-15 14:16
3       288.88       Paris      1012  2024-03-15 14:15
4       287.36      London      1004  2024-03-15 14:15
5       274.21  Washington      1029  2024-03-15 14:15
6       288.88       Paris      1012  2024-03-15 14:14
7       287.36      London      1004  2024-03-15 14:14
8       274.21  Washington      1029  2024-03-15 14:14
9       288.88       Paris      1012  2024-03-15 14:13
[2024-03-15 14:16:04,426] {python.py:151} INFO - Done. Returned value was: None
[2024-03-15 14:16:04,439] {taskinstance.py:1211} INFO - Marking task as SUCCESS. dag_id=***_exam, task_id=transform_into_fulldata.csv, execution_date=20240315T141500, start_date=20240315T141604, end_date=20240315T141604
[2024-03-15 14:16:04,472] {taskinstance.py:1265} INFO - 3 downstream tasks scheduled from follow-on schedule check
[2024-03-15 14:16:04,503] {local_task_job.py:151} INFO - Task exited with return code 0
