[2024-03-15 23:31:05,829] {taskinstance.py:896} INFO - Dependencies all met for <TaskInstance: airflow_exam.transform_into_data.csv 2024-03-15T23:30:00+00:00 [queued]>
[2024-03-15 23:31:05,871] {taskinstance.py:896} INFO - Dependencies all met for <TaskInstance: airflow_exam.transform_into_data.csv 2024-03-15T23:30:00+00:00 [queued]>
[2024-03-15 23:31:05,872] {taskinstance.py:1087} INFO - 
--------------------------------------------------------------------------------
[2024-03-15 23:31:05,872] {taskinstance.py:1088} INFO - Starting attempt 1 of 1
[2024-03-15 23:31:05,872] {taskinstance.py:1089} INFO - 
--------------------------------------------------------------------------------
[2024-03-15 23:31:05,895] {taskinstance.py:1107} INFO - Executing <Task(PythonOperator): transform_into_data.csv> on 2024-03-15T23:30:00+00:00
[2024-03-15 23:31:05,910] {standard_task_runner.py:52} INFO - Started process 90130 to run task
[2024-03-15 23:31:05,921] {standard_task_runner.py:76} INFO - Running: ['***', 'tasks', 'run', '***_exam', 'transform_into_data.csv', '2024-03-15T23:30:00+00:00', '--job-id', '4876', '--pool', 'default_pool', '--raw', '--subdir', 'DAGS_FOLDER/DAG.py', '--cfg-path', '/tmp/tmpm3czt7zy', '--error-file', '/tmp/tmpplsdcbbn']
[2024-03-15 23:31:05,922] {standard_task_runner.py:77} INFO - Job 4876: Subtask transform_into_data.csv
[2024-03-15 23:31:06,062] {logging_mixin.py:104} INFO - Running <TaskInstance: ***_exam.transform_into_data.csv 2024-03-15T23:30:00+00:00 [running]> on host 3a3d0401ac26
[2024-03-15 23:31:06,236] {taskinstance.py:1302} INFO - Exporting the following env vars:
AIRFLOW_CTX_DAG_OWNER=***
AIRFLOW_CTX_DAG_ID=***_exam
AIRFLOW_CTX_TASK_ID=transform_into_data.csv
AIRFLOW_CTX_EXECUTION_DATE=2024-03-15T23:30:00+00:00
AIRFLOW_CTX_DAG_RUN_ID=scheduled__2024-03-15T23:30:00+00:00
[2024-03-15 23:31:06,254] {logging_mixin.py:104} INFO - 
[2024-03-15 23:31:06,304] {logging_mixin.py:104} INFO -     temperature        city  pression              date
0       285.00       Paris      1015  2024-03-15 23:31
1       281.97      London      1012  2024-03-15 23:31
2       289.63  Washington      1022  2024-03-15 23:31
3       285.00       Paris      1015  2024-03-15 23:30
4       281.97      London      1012  2024-03-15 23:30
5       289.63  Washington      1022  2024-03-15 23:30
6       285.00       Paris      1015  2024-03-15 23:29
7       282.19      London      1012  2024-03-15 23:29
8       289.63  Washington      1022  2024-03-15 23:29
9       285.00       Paris      1015  2024-03-15 23:28
[2024-03-15 23:31:06,311] {python.py:151} INFO - Done. Returned value was: None
[2024-03-15 23:31:06,336] {taskinstance.py:1211} INFO - Marking task as SUCCESS. dag_id=***_exam, task_id=transform_into_data.csv, execution_date=20240315T233000, start_date=20240315T233105, end_date=20240315T233106
[2024-03-15 23:31:06,412] {taskinstance.py:1265} INFO - 0 downstream tasks scheduled from follow-on schedule check
[2024-03-15 23:31:06,455] {local_task_job.py:151} INFO - Task exited with return code 0
