[2023-10-06 20:48:04,885] {taskinstance.py:896} INFO - Dependencies all met for <TaskInstance: airflow_exam.transform_into_data.csv 2023-10-06T20:47:00+00:00 [queued]>
[2023-10-06 20:48:04,903] {taskinstance.py:896} INFO - Dependencies all met for <TaskInstance: airflow_exam.transform_into_data.csv 2023-10-06T20:47:00+00:00 [queued]>
[2023-10-06 20:48:04,903] {taskinstance.py:1087} INFO - 
--------------------------------------------------------------------------------
[2023-10-06 20:48:04,904] {taskinstance.py:1088} INFO - Starting attempt 1 of 1
[2023-10-06 20:48:04,904] {taskinstance.py:1089} INFO - 
--------------------------------------------------------------------------------
[2023-10-06 20:48:04,930] {taskinstance.py:1107} INFO - Executing <Task(PythonOperator): transform_into_data.csv> on 2023-10-06T20:47:00+00:00
[2023-10-06 20:48:04,939] {standard_task_runner.py:52} INFO - Started process 20244 to run task
[2023-10-06 20:48:04,944] {standard_task_runner.py:76} INFO - Running: ['***', 'tasks', 'run', '***_exam', 'transform_into_data.csv', '2023-10-06T20:47:00+00:00', '--job-id', '1007', '--pool', 'default_pool', '--raw', '--subdir', 'DAGS_FOLDER/DAG.py', '--cfg-path', '/tmp/tmpggouae_e', '--error-file', '/tmp/tmpzc80470o']
[2023-10-06 20:48:04,945] {standard_task_runner.py:77} INFO - Job 1007: Subtask transform_into_data.csv
[2023-10-06 20:48:05,011] {logging_mixin.py:104} INFO - Running <TaskInstance: ***_exam.transform_into_data.csv 2023-10-06T20:47:00+00:00 [running]> on host 3a3d0401ac26
[2023-10-06 20:48:05,103] {taskinstance.py:1302} INFO - Exporting the following env vars:
AIRFLOW_CTX_DAG_OWNER=***
AIRFLOW_CTX_DAG_ID=***_exam
AIRFLOW_CTX_TASK_ID=transform_into_data.csv
AIRFLOW_CTX_EXECUTION_DATE=2023-10-06T20:47:00+00:00
AIRFLOW_CTX_DAG_RUN_ID=scheduled__2023-10-06T20:47:00+00:00
[2023-10-06 20:48:05,117] {logging_mixin.py:104} INFO - 
[2023-10-06 20:48:05,147] {logging_mixin.py:104} INFO -     temperature        city  pression              date
0       287.71       Paris      1026  2023-10-06 20:48
1       289.82      London      1023  2023-10-06 20:48
2       294.47  Washington      1023  2023-10-06 20:48
3       287.71       Paris      1026  2023-10-06 20:47
4       289.82      London      1023  2023-10-06 20:47
5       294.47  Washington      1023  2023-10-06 20:47
6       287.71       Paris      1026  2023-10-06 20:46
7       289.82      London      1023  2023-10-06 20:46
8       294.47  Washington      1023  2023-10-06 20:46
9       287.71       Paris      1026  2023-10-06 20:45
[2023-10-06 20:48:05,157] {python.py:151} INFO - Done. Returned value was: None
[2023-10-06 20:48:05,184] {taskinstance.py:1211} INFO - Marking task as SUCCESS. dag_id=***_exam, task_id=transform_into_data.csv, execution_date=20231006T204700, start_date=20231006T204804, end_date=20231006T204805
[2023-10-06 20:48:05,260] {taskinstance.py:1265} INFO - 0 downstream tasks scheduled from follow-on schedule check
[2023-10-06 20:48:05,322] {local_task_job.py:151} INFO - Task exited with return code 0
