[2024-03-20 22:06:05,641] {taskinstance.py:896} INFO - Dependencies all met for <TaskInstance: airflow_exam.transform_into_data.csv 2024-03-20T22:05:00+00:00 [queued]>
[2024-03-20 22:06:05,665] {taskinstance.py:896} INFO - Dependencies all met for <TaskInstance: airflow_exam.transform_into_data.csv 2024-03-20T22:05:00+00:00 [queued]>
[2024-03-20 22:06:05,665] {taskinstance.py:1087} INFO - 
--------------------------------------------------------------------------------
[2024-03-20 22:06:05,665] {taskinstance.py:1088} INFO - Starting attempt 1 of 1
[2024-03-20 22:06:05,665] {taskinstance.py:1089} INFO - 
--------------------------------------------------------------------------------
[2024-03-20 22:06:05,697] {taskinstance.py:1107} INFO - Executing <Task(PythonOperator): transform_into_data.csv> on 2024-03-20T22:05:00+00:00
[2024-03-20 22:06:05,712] {standard_task_runner.py:52} INFO - Started process 19881 to run task
[2024-03-20 22:06:05,717] {standard_task_runner.py:76} INFO - Running: ['***', 'tasks', 'run', '***_exam', 'transform_into_data.csv', '2024-03-20T22:05:00+00:00', '--job-id', '7485', '--pool', 'default_pool', '--raw', '--subdir', 'DAGS_FOLDER/DAG.py', '--cfg-path', '/tmp/tmpc74bnuk2', '--error-file', '/tmp/tmp504jw6ns']
[2024-03-20 22:06:05,718] {standard_task_runner.py:77} INFO - Job 7485: Subtask transform_into_data.csv
[2024-03-20 22:06:05,812] {logging_mixin.py:104} INFO - Running <TaskInstance: ***_exam.transform_into_data.csv 2024-03-20T22:05:00+00:00 [running]> on host 3a3d0401ac26
[2024-03-20 22:06:05,921] {taskinstance.py:1302} INFO - Exporting the following env vars:
AIRFLOW_CTX_DAG_OWNER=***
AIRFLOW_CTX_DAG_ID=***_exam
AIRFLOW_CTX_TASK_ID=transform_into_data.csv
AIRFLOW_CTX_EXECUTION_DATE=2024-03-20T22:05:00+00:00
AIRFLOW_CTX_DAG_RUN_ID=scheduled__2024-03-20T22:05:00+00:00
[2024-03-20 22:06:05,932] {logging_mixin.py:104} INFO - 
[2024-03-20 22:06:05,965] {logging_mixin.py:104} INFO -     temperature        city  pression              date
0       286.82       Paris      1020  2024-03-20 22:06
1       285.24      London      1021  2024-03-20 22:06
2       290.58  Washington      1007  2024-03-20 22:06
3       286.82       Paris      1020  2024-03-20 22:05
4       285.24      London      1021  2024-03-20 22:05
5       290.58  Washington      1007  2024-03-20 22:05
6       286.82       Paris      1020  2024-03-20 22:04
7       285.24      London      1021  2024-03-20 22:04
8       290.58  Washington      1007  2024-03-20 22:04
9       286.82       Paris      1020  2024-03-20 22:03
[2024-03-20 22:06:05,971] {python.py:151} INFO - Done. Returned value was: None
[2024-03-20 22:06:05,986] {taskinstance.py:1211} INFO - Marking task as SUCCESS. dag_id=***_exam, task_id=transform_into_data.csv, execution_date=20240320T220500, start_date=20240320T220605, end_date=20240320T220605
[2024-03-20 22:06:06,029] {taskinstance.py:1265} INFO - 0 downstream tasks scheduled from follow-on schedule check
[2024-03-20 22:06:06,053] {local_task_job.py:151} INFO - Task exited with return code 0
