[2024-03-15 18:44:09,814] {taskinstance.py:896} INFO - Dependencies all met for <TaskInstance: airflow_exam.compute_rf_score 2024-03-15T18:43:00+00:00 [queued]>
[2024-03-15 18:44:09,843] {taskinstance.py:896} INFO - Dependencies all met for <TaskInstance: airflow_exam.compute_rf_score 2024-03-15T18:43:00+00:00 [queued]>
[2024-03-15 18:44:09,843] {taskinstance.py:1087} INFO - 
--------------------------------------------------------------------------------
[2024-03-15 18:44:09,843] {taskinstance.py:1088} INFO - Starting attempt 1 of 1
[2024-03-15 18:44:09,843] {taskinstance.py:1089} INFO - 
--------------------------------------------------------------------------------
[2024-03-15 18:44:09,859] {taskinstance.py:1107} INFO - Executing <Task(PythonOperator): compute_rf_score> on 2024-03-15T18:43:00+00:00
[2024-03-15 18:44:09,870] {standard_task_runner.py:52} INFO - Started process 49309 to run task
[2024-03-15 18:44:09,878] {standard_task_runner.py:76} INFO - Running: ['***', 'tasks', 'run', '***_exam', 'compute_rf_score', '2024-03-15T18:43:00+00:00', '--job-id', '3464', '--pool', 'default_pool', '--raw', '--subdir', 'DAGS_FOLDER/DAG.py', '--cfg-path', '/tmp/tmp0kuzy6y1', '--error-file', '/tmp/tmphfepqsa_']
[2024-03-15 18:44:09,879] {standard_task_runner.py:77} INFO - Job 3464: Subtask compute_rf_score
[2024-03-15 18:44:09,944] {logging_mixin.py:104} INFO - Running <TaskInstance: ***_exam.compute_rf_score 2024-03-15T18:43:00+00:00 [running]> on host 3a3d0401ac26
[2024-03-15 18:44:10,028] {taskinstance.py:1302} INFO - Exporting the following env vars:
AIRFLOW_CTX_DAG_OWNER=***
AIRFLOW_CTX_DAG_ID=***_exam
AIRFLOW_CTX_TASK_ID=compute_rf_score
AIRFLOW_CTX_EXECUTION_DATE=2024-03-15T18:43:00+00:00
AIRFLOW_CTX_DAG_RUN_ID=scheduled__2024-03-15T18:43:00+00:00
[2024-03-15 18:44:11,759] {python.py:151} INFO - Done. Returned value was: None
[2024-03-15 18:44:11,774] {taskinstance.py:1211} INFO - Marking task as SUCCESS. dag_id=***_exam, task_id=compute_rf_score, execution_date=20240315T184300, start_date=20240315T184409, end_date=20240315T184411
[2024-03-15 18:44:11,817] {taskinstance.py:1265} INFO - 1 downstream tasks scheduled from follow-on schedule check
[2024-03-15 18:44:11,866] {local_task_job.py:151} INFO - Task exited with return code 0
