[2023-10-06 14:23:06,773] {taskinstance.py:896} INFO - Dependencies all met for <TaskInstance: airflow_exam.compute_rf_score 2023-10-06T14:22:00+00:00 [queued]>
[2023-10-06 14:23:06,789] {taskinstance.py:896} INFO - Dependencies all met for <TaskInstance: airflow_exam.compute_rf_score 2023-10-06T14:22:00+00:00 [queued]>
[2023-10-06 14:23:06,789] {taskinstance.py:1087} INFO - 
--------------------------------------------------------------------------------
[2023-10-06 14:23:06,789] {taskinstance.py:1088} INFO - Starting attempt 1 of 1
[2023-10-06 14:23:06,789] {taskinstance.py:1089} INFO - 
--------------------------------------------------------------------------------
[2023-10-06 14:23:06,809] {taskinstance.py:1107} INFO - Executing <Task(PythonOperator): compute_rf_score> on 2023-10-06T14:22:00+00:00
[2023-10-06 14:23:06,817] {standard_task_runner.py:52} INFO - Started process 29667 to run task
[2023-10-06 14:23:06,820] {standard_task_runner.py:76} INFO - Running: ['***', 'tasks', 'run', '***_exam', 'compute_rf_score', '2023-10-06T14:22:00+00:00', '--job-id', '318', '--pool', 'default_pool', '--raw', '--subdir', 'DAGS_FOLDER/DAG.py', '--cfg-path', '/tmp/tmpz99a9vch', '--error-file', '/tmp/tmposca06tr']
[2023-10-06 14:23:06,821] {standard_task_runner.py:77} INFO - Job 318: Subtask compute_rf_score
[2023-10-06 14:23:06,869] {logging_mixin.py:104} INFO - Running <TaskInstance: ***_exam.compute_rf_score 2023-10-06T14:22:00+00:00 [running]> on host 3a3d0401ac26
[2023-10-06 14:23:06,931] {taskinstance.py:1302} INFO - Exporting the following env vars:
AIRFLOW_CTX_DAG_OWNER=***
AIRFLOW_CTX_DAG_ID=***_exam
AIRFLOW_CTX_TASK_ID=compute_rf_score
AIRFLOW_CTX_EXECUTION_DATE=2023-10-06T14:22:00+00:00
AIRFLOW_CTX_DAG_RUN_ID=scheduled__2023-10-06T14:22:00+00:00
[2023-10-06 14:23:07,641] {python.py:151} INFO - Done. Returned value was: None
[2023-10-06 14:23:07,651] {taskinstance.py:1211} INFO - Marking task as SUCCESS. dag_id=***_exam, task_id=compute_rf_score, execution_date=20231006T142200, start_date=20231006T142306, end_date=20231006T142307
[2023-10-06 14:23:07,684] {taskinstance.py:1265} INFO - 1 downstream tasks scheduled from follow-on schedule check
[2023-10-06 14:23:07,716] {local_task_job.py:151} INFO - Task exited with return code 0
