[2024-03-16 01:17:04,374] {taskinstance.py:896} INFO - Dependencies all met for <TaskInstance: airflow_exam.transform_into_fulldata.csv 2024-03-16T01:16:00+00:00 [queued]>
[2024-03-16 01:17:04,402] {taskinstance.py:896} INFO - Dependencies all met for <TaskInstance: airflow_exam.transform_into_fulldata.csv 2024-03-16T01:16:00+00:00 [queued]>
[2024-03-16 01:17:04,403] {taskinstance.py:1087} INFO - 
--------------------------------------------------------------------------------
[2024-03-16 01:17:04,403] {taskinstance.py:1088} INFO - Starting attempt 1 of 1
[2024-03-16 01:17:04,403] {taskinstance.py:1089} INFO - 
--------------------------------------------------------------------------------
[2024-03-16 01:17:04,421] {taskinstance.py:1107} INFO - Executing <Task(PythonOperator): transform_into_fulldata.csv> on 2024-03-16T01:16:00+00:00
[2024-03-16 01:17:04,437] {standard_task_runner.py:52} INFO - Started process 112173 to run task
[2024-03-16 01:17:04,441] {standard_task_runner.py:76} INFO - Running: ['***', 'tasks', 'run', '***_exam', 'transform_into_fulldata.csv', '2024-03-16T01:16:00+00:00', '--job-id', '5610', '--pool', 'default_pool', '--raw', '--subdir', 'DAGS_FOLDER/DAG.py', '--cfg-path', '/tmp/tmp0nhob1vn', '--error-file', '/tmp/tmpd8adti9k']
[2024-03-16 01:17:04,442] {standard_task_runner.py:77} INFO - Job 5610: Subtask transform_into_fulldata.csv
[2024-03-16 01:17:04,513] {logging_mixin.py:104} INFO - Running <TaskInstance: ***_exam.transform_into_fulldata.csv 2024-03-16T01:16:00+00:00 [running]> on host 3a3d0401ac26
[2024-03-16 01:17:04,607] {taskinstance.py:1302} INFO - Exporting the following env vars:
AIRFLOW_CTX_DAG_OWNER=***
AIRFLOW_CTX_DAG_ID=***_exam
AIRFLOW_CTX_TASK_ID=transform_into_fulldata.csv
AIRFLOW_CTX_EXECUTION_DATE=2024-03-16T01:16:00+00:00
AIRFLOW_CTX_DAG_RUN_ID=scheduled__2024-03-16T01:16:00+00:00
[2024-03-16 01:17:04,698] {logging_mixin.py:104} INFO - 
[2024-03-16 01:17:04,742] {logging_mixin.py:104} INFO -     temperature        city  pression              date
0       284.59       Paris      1016  2024-03-16 01:17
1       281.04      London      1014  2024-03-16 01:17
2       286.76  Washington      1021  2024-03-16 01:17
3       284.59       Paris      1016  2024-03-16 01:16
4       281.04      London      1014  2024-03-16 01:16
5       286.76  Washington      1021  2024-03-16 01:16
6       284.59       Paris      1016  2024-03-16 01:15
7       281.04      London      1014  2024-03-16 01:15
8       286.76  Washington      1021  2024-03-16 01:15
9       284.59       Paris      1016  2024-03-16 01:14
[2024-03-16 01:17:04,758] {python.py:151} INFO - Done. Returned value was: None
[2024-03-16 01:17:04,778] {taskinstance.py:1211} INFO - Marking task as SUCCESS. dag_id=***_exam, task_id=transform_into_fulldata.csv, execution_date=20240316T011600, start_date=20240316T011704, end_date=20240316T011704
[2024-03-16 01:17:04,846] {taskinstance.py:1265} INFO - 3 downstream tasks scheduled from follow-on schedule check
[2024-03-16 01:17:04,894] {local_task_job.py:151} INFO - Task exited with return code 0
