[2024-03-15 21:32:07,068] {taskinstance.py:896} INFO - Dependencies all met for <TaskInstance: airflow_exam.transform_into_data.csv 2024-03-15T21:31:00+00:00 [queued]>
[2024-03-15 21:32:07,107] {taskinstance.py:896} INFO - Dependencies all met for <TaskInstance: airflow_exam.transform_into_data.csv 2024-03-15T21:31:00+00:00 [queued]>
[2024-03-15 21:32:07,108] {taskinstance.py:1087} INFO - 
--------------------------------------------------------------------------------
[2024-03-15 21:32:07,108] {taskinstance.py:1088} INFO - Starting attempt 1 of 1
[2024-03-15 21:32:07,108] {taskinstance.py:1089} INFO - 
--------------------------------------------------------------------------------
[2024-03-15 21:32:07,130] {taskinstance.py:1107} INFO - Executing <Task(PythonOperator): transform_into_data.csv> on 2024-03-15T21:31:00+00:00
[2024-03-15 21:32:07,142] {standard_task_runner.py:52} INFO - Started process 65847 to run task
[2024-03-15 21:32:07,148] {standard_task_runner.py:76} INFO - Running: ['***', 'tasks', 'run', '***_exam', 'transform_into_data.csv', '2024-03-15T21:31:00+00:00', '--job-id', '4043', '--pool', 'default_pool', '--raw', '--subdir', 'DAGS_FOLDER/DAG.py', '--cfg-path', '/tmp/tmpzv81avl3', '--error-file', '/tmp/tmpnxfbphpi']
[2024-03-15 21:32:07,148] {standard_task_runner.py:77} INFO - Job 4043: Subtask transform_into_data.csv
[2024-03-15 21:32:07,257] {logging_mixin.py:104} INFO - Running <TaskInstance: ***_exam.transform_into_data.csv 2024-03-15T21:31:00+00:00 [running]> on host 3a3d0401ac26
[2024-03-15 21:32:07,409] {taskinstance.py:1302} INFO - Exporting the following env vars:
AIRFLOW_CTX_DAG_OWNER=***
AIRFLOW_CTX_DAG_ID=***_exam
AIRFLOW_CTX_TASK_ID=transform_into_data.csv
AIRFLOW_CTX_EXECUTION_DATE=2024-03-15T21:31:00+00:00
AIRFLOW_CTX_DAG_RUN_ID=scheduled__2024-03-15T21:31:00+00:00
[2024-03-15 21:32:07,420] {logging_mixin.py:104} INFO - 
[2024-03-15 21:32:07,459] {logging_mixin.py:104} INFO -     temperature        city  pression              date
0       285.65       Paris      1013  2024-03-15 21:32
1       283.94      London      1009  2024-03-15 21:32
2       287.74  Washington      1024  2024-03-15 21:32
3       285.65       Paris      1013  2024-03-15 21:31
4       283.94      London      1009  2024-03-15 21:31
5       287.40  Washington      1024  2024-03-15 21:31
6       285.65       Paris      1013  2024-03-15 21:30
7       283.94      London      1009  2024-03-15 21:30
8       287.40  Washington      1024  2024-03-15 21:30
9       285.66       Paris      1013  2024-03-15 21:29
[2024-03-15 21:32:07,471] {python.py:151} INFO - Done. Returned value was: None
[2024-03-15 21:32:07,493] {taskinstance.py:1211} INFO - Marking task as SUCCESS. dag_id=***_exam, task_id=transform_into_data.csv, execution_date=20240315T213100, start_date=20240315T213207, end_date=20240315T213207
[2024-03-15 21:32:07,557] {taskinstance.py:1265} INFO - 0 downstream tasks scheduled from follow-on schedule check
[2024-03-15 21:32:07,600] {local_task_job.py:151} INFO - Task exited with return code 0
