[2024-03-15 21:52:05,885] {taskinstance.py:896} INFO - Dependencies all met for <TaskInstance: airflow_exam.transform_into_fulldata.csv 2024-03-15T21:51:00+00:00 [queued]>
[2024-03-15 21:52:05,935] {taskinstance.py:896} INFO - Dependencies all met for <TaskInstance: airflow_exam.transform_into_fulldata.csv 2024-03-15T21:51:00+00:00 [queued]>
[2024-03-15 21:52:05,935] {taskinstance.py:1087} INFO - 
--------------------------------------------------------------------------------
[2024-03-15 21:52:05,935] {taskinstance.py:1088} INFO - Starting attempt 1 of 1
[2024-03-15 21:52:05,935] {taskinstance.py:1089} INFO - 
--------------------------------------------------------------------------------
[2024-03-15 21:52:05,956] {taskinstance.py:1107} INFO - Executing <Task(PythonOperator): transform_into_fulldata.csv> on 2024-03-15T21:51:00+00:00
[2024-03-15 21:52:06,010] {standard_task_runner.py:52} INFO - Started process 69923 to run task
[2024-03-15 21:52:06,024] {standard_task_runner.py:76} INFO - Running: ['***', 'tasks', 'run', '***_exam', 'transform_into_fulldata.csv', '2024-03-15T21:51:00+00:00', '--job-id', '4182', '--pool', 'default_pool', '--raw', '--subdir', 'DAGS_FOLDER/DAG.py', '--cfg-path', '/tmp/tmpnd7j_2m0', '--error-file', '/tmp/tmppkcgvqb8']
[2024-03-15 21:52:06,025] {standard_task_runner.py:77} INFO - Job 4182: Subtask transform_into_fulldata.csv
[2024-03-15 21:52:06,177] {logging_mixin.py:104} INFO - Running <TaskInstance: ***_exam.transform_into_fulldata.csv 2024-03-15T21:51:00+00:00 [running]> on host 3a3d0401ac26
[2024-03-15 21:52:06,510] {taskinstance.py:1302} INFO - Exporting the following env vars:
AIRFLOW_CTX_DAG_OWNER=***
AIRFLOW_CTX_DAG_ID=***_exam
AIRFLOW_CTX_TASK_ID=transform_into_fulldata.csv
AIRFLOW_CTX_EXECUTION_DATE=2024-03-15T21:51:00+00:00
AIRFLOW_CTX_DAG_RUN_ID=scheduled__2024-03-15T21:51:00+00:00
[2024-03-15 21:52:06,626] {logging_mixin.py:104} INFO - 
[2024-03-15 21:52:06,669] {logging_mixin.py:104} INFO -     temperature        city  pression              date
0       285.40       Paris      1014  2024-03-15 21:52
1       283.50      London      1010  2024-03-15 21:52
2       288.04  Washington      1022  2024-03-15 21:52
3       285.40       Paris      1014  2024-03-15 21:51
4       283.50      London      1010  2024-03-15 21:51
5       288.04  Washington      1022  2024-03-15 21:51
6       285.40       Paris      1014  2024-03-15 21:50
7       283.50      London      1010  2024-03-15 21:50
8       288.04  Washington      1022  2024-03-15 21:50
9       285.44       Paris      1013  2024-03-15 21:49
[2024-03-15 21:52:06,689] {python.py:151} INFO - Done. Returned value was: None
[2024-03-15 21:52:06,769] {taskinstance.py:1211} INFO - Marking task as SUCCESS. dag_id=***_exam, task_id=transform_into_fulldata.csv, execution_date=20240315T215100, start_date=20240315T215205, end_date=20240315T215206
[2024-03-15 21:52:06,967] {taskinstance.py:1265} INFO - 3 downstream tasks scheduled from follow-on schedule check
[2024-03-15 21:52:07,081] {local_task_job.py:151} INFO - Task exited with return code 0
