[2024-03-16 01:52:08,021] {taskinstance.py:896} INFO - Dependencies all met for <TaskInstance: airflow_exam.compute_rf_score 2024-03-16T01:51:00+00:00 [queued]>
[2024-03-16 01:52:08,048] {taskinstance.py:896} INFO - Dependencies all met for <TaskInstance: airflow_exam.compute_rf_score 2024-03-16T01:51:00+00:00 [queued]>
[2024-03-16 01:52:08,048] {taskinstance.py:1087} INFO - 
--------------------------------------------------------------------------------
[2024-03-16 01:52:08,048] {taskinstance.py:1088} INFO - Starting attempt 1 of 1
[2024-03-16 01:52:08,048] {taskinstance.py:1089} INFO - 
--------------------------------------------------------------------------------
[2024-03-16 01:52:08,065] {taskinstance.py:1107} INFO - Executing <Task(PythonOperator): compute_rf_score> on 2024-03-16T01:51:00+00:00
[2024-03-16 01:52:08,076] {standard_task_runner.py:52} INFO - Started process 119686 to run task
[2024-03-16 01:52:08,081] {standard_task_runner.py:76} INFO - Running: ['***', 'tasks', 'run', '***_exam', 'compute_rf_score', '2024-03-16T01:51:00+00:00', '--job-id', '5858', '--pool', 'default_pool', '--raw', '--subdir', 'DAGS_FOLDER/DAG.py', '--cfg-path', '/tmp/tmpfh6bbo3b', '--error-file', '/tmp/tmphxb7lnyu']
[2024-03-16 01:52:08,081] {standard_task_runner.py:77} INFO - Job 5858: Subtask compute_rf_score
[2024-03-16 01:52:08,155] {logging_mixin.py:104} INFO - Running <TaskInstance: ***_exam.compute_rf_score 2024-03-16T01:51:00+00:00 [running]> on host 3a3d0401ac26
[2024-03-16 01:52:08,237] {taskinstance.py:1302} INFO - Exporting the following env vars:
AIRFLOW_CTX_DAG_OWNER=***
AIRFLOW_CTX_DAG_ID=***_exam
AIRFLOW_CTX_TASK_ID=compute_rf_score
AIRFLOW_CTX_EXECUTION_DATE=2024-03-16T01:51:00+00:00
AIRFLOW_CTX_DAG_RUN_ID=scheduled__2024-03-16T01:51:00+00:00
[2024-03-16 01:52:10,820] {python.py:151} INFO - Done. Returned value was: None
[2024-03-16 01:52:10,835] {taskinstance.py:1211} INFO - Marking task as SUCCESS. dag_id=***_exam, task_id=compute_rf_score, execution_date=20240316T015100, start_date=20240316T015208, end_date=20240316T015210
[2024-03-16 01:52:10,877] {taskinstance.py:1265} INFO - 1 downstream tasks scheduled from follow-on schedule check
[2024-03-16 01:52:10,919] {local_task_job.py:151} INFO - Task exited with return code 0
