[2024-03-20 23:47:01,603] {taskinstance.py:896} INFO - Dependencies all met for <TaskInstance: airflow_exam.retrieve_raw_data 2024-03-20T23:46:00+00:00 [queued]>
[2024-03-20 23:47:01,620] {taskinstance.py:896} INFO - Dependencies all met for <TaskInstance: airflow_exam.retrieve_raw_data 2024-03-20T23:46:00+00:00 [queued]>
[2024-03-20 23:47:01,620] {taskinstance.py:1087} INFO - 
--------------------------------------------------------------------------------
[2024-03-20 23:47:01,620] {taskinstance.py:1088} INFO - Starting attempt 1 of 6
[2024-03-20 23:47:01,620] {taskinstance.py:1089} INFO - 
--------------------------------------------------------------------------------
[2024-03-20 23:47:01,641] {taskinstance.py:1107} INFO - Executing <Task(PythonOperator): retrieve_raw_data> on 2024-03-20T23:46:00+00:00
[2024-03-20 23:47:01,650] {standard_task_runner.py:52} INFO - Started process 41416 to run task
[2024-03-20 23:47:01,653] {standard_task_runner.py:76} INFO - Running: ['***', 'tasks', 'run', '***_exam', 'retrieve_raw_data', '2024-03-20T23:46:00+00:00', '--job-id', '8191', '--pool', 'default_pool', '--raw', '--subdir', 'DAGS_FOLDER/DAG.py', '--cfg-path', '/tmp/tmpsisx72k6', '--error-file', '/tmp/tmp4n1mx2g1']
[2024-03-20 23:47:01,654] {standard_task_runner.py:77} INFO - Job 8191: Subtask retrieve_raw_data
[2024-03-20 23:47:01,710] {logging_mixin.py:104} INFO - Running <TaskInstance: ***_exam.retrieve_raw_data 2024-03-20T23:46:00+00:00 [running]> on host 3a3d0401ac26
[2024-03-20 23:47:01,857] {taskinstance.py:1302} INFO - Exporting the following env vars:
AIRFLOW_CTX_DAG_OWNER=***
AIRFLOW_CTX_DAG_ID=***_exam
AIRFLOW_CTX_TASK_ID=retrieve_raw_data
AIRFLOW_CTX_EXECUTION_DATE=2024-03-20T23:46:00+00:00
AIRFLOW_CTX_DAG_RUN_ID=scheduled__2024-03-20T23:46:00+00:00
[2024-03-20 23:47:02,317] {python.py:151} INFO - Done. Returned value was: None
[2024-03-20 23:47:02,334] {taskinstance.py:1211} INFO - Marking task as SUCCESS. dag_id=***_exam, task_id=retrieve_raw_data, execution_date=20240320T234600, start_date=20240320T234701, end_date=20240320T234702
[2024-03-20 23:47:02,386] {taskinstance.py:1265} INFO - 2 downstream tasks scheduled from follow-on schedule check
[2024-03-20 23:47:02,429] {local_task_job.py:151} INFO - Task exited with return code 0
