[2024-03-21 01:24:05,201] {taskinstance.py:896} INFO - Dependencies all met for <TaskInstance: airflow_exam.transform_into_data.csv 2024-03-21T01:23:00+00:00 [queued]>
[2024-03-21 01:24:05,217] {taskinstance.py:896} INFO - Dependencies all met for <TaskInstance: airflow_exam.transform_into_data.csv 2024-03-21T01:23:00+00:00 [queued]>
[2024-03-21 01:24:05,217] {taskinstance.py:1087} INFO - 
--------------------------------------------------------------------------------
[2024-03-21 01:24:05,217] {taskinstance.py:1088} INFO - Starting attempt 1 of 1
[2024-03-21 01:24:05,217] {taskinstance.py:1089} INFO - 
--------------------------------------------------------------------------------
[2024-03-21 01:24:05,236] {taskinstance.py:1107} INFO - Executing <Task(PythonOperator): transform_into_data.csv> on 2024-03-21T01:23:00+00:00
[2024-03-21 01:24:05,247] {standard_task_runner.py:52} INFO - Started process 13660 to run task
[2024-03-21 01:24:05,250] {standard_task_runner.py:76} INFO - Running: ['***', 'tasks', 'run', '***_exam', 'transform_into_data.csv', '2024-03-21T01:23:00+00:00', '--job-id', '8814', '--pool', 'default_pool', '--raw', '--subdir', 'DAGS_FOLDER/DAG.py', '--cfg-path', '/tmp/tmp5x9eef7u', '--error-file', '/tmp/tmpjjz4hy8o']
[2024-03-21 01:24:05,251] {standard_task_runner.py:77} INFO - Job 8814: Subtask transform_into_data.csv
[2024-03-21 01:24:05,307] {logging_mixin.py:104} INFO - Running <TaskInstance: ***_exam.transform_into_data.csv 2024-03-21T01:23:00+00:00 [running]> on host 3a3d0401ac26
[2024-03-21 01:24:05,380] {taskinstance.py:1302} INFO - Exporting the following env vars:
AIRFLOW_CTX_DAG_OWNER=***
AIRFLOW_CTX_DAG_ID=***_exam
AIRFLOW_CTX_TASK_ID=transform_into_data.csv
AIRFLOW_CTX_EXECUTION_DATE=2024-03-21T01:23:00+00:00
AIRFLOW_CTX_DAG_RUN_ID=scheduled__2024-03-21T01:23:00+00:00
[2024-03-21 01:24:05,387] {logging_mixin.py:104} INFO - 
[2024-03-21 01:24:05,408] {logging_mixin.py:104} INFO -     temperature        city  pression              date
0       285.53       Paris      1021  2024-03-21 01:24
1       283.57      London      1023  2024-03-21 01:24
2       287.56  Washington      1007  2024-03-21 01:24
3       285.53       Paris      1021  2024-03-21 01:23
4       283.57      London      1023  2024-03-21 01:23
5       287.56  Washington      1007  2024-03-21 01:23
6       285.53       Paris      1021  2024-03-21 01:22
7       283.74      London      1023  2024-03-21 01:22
8       287.56  Washington      1007  2024-03-21 01:22
9       285.61       Paris      1021  2024-03-21 01:21
[2024-03-21 01:24:05,412] {python.py:151} INFO - Done. Returned value was: None
[2024-03-21 01:24:05,425] {taskinstance.py:1211} INFO - Marking task as SUCCESS. dag_id=***_exam, task_id=transform_into_data.csv, execution_date=20240321T012300, start_date=20240321T012405, end_date=20240321T012405
[2024-03-21 01:24:05,461] {taskinstance.py:1265} INFO - 0 downstream tasks scheduled from follow-on schedule check
[2024-03-21 01:24:05,504] {local_task_job.py:151} INFO - Task exited with return code 0
