[2023-10-12 17:40:02,446] {taskinstance.py:896} INFO - Dependencies all met for <TaskInstance: airflow_exam.retrieve_raw_data 2023-10-12T17:39:00+00:00 [queued]>
[2023-10-12 17:40:02,463] {taskinstance.py:896} INFO - Dependencies all met for <TaskInstance: airflow_exam.retrieve_raw_data 2023-10-12T17:39:00+00:00 [queued]>
[2023-10-12 17:40:02,463] {taskinstance.py:1087} INFO - 
--------------------------------------------------------------------------------
[2023-10-12 17:40:02,464] {taskinstance.py:1088} INFO - Starting attempt 1 of 6
[2023-10-12 17:40:02,464] {taskinstance.py:1089} INFO - 
--------------------------------------------------------------------------------
[2023-10-12 17:40:02,486] {taskinstance.py:1107} INFO - Executing <Task(PythonOperator): retrieve_raw_data> on 2023-10-12T17:39:00+00:00
[2023-10-12 17:40:02,495] {standard_task_runner.py:52} INFO - Started process 2069 to run task
[2023-10-12 17:40:02,498] {standard_task_runner.py:76} INFO - Running: ['***', 'tasks', 'run', '***_exam', 'retrieve_raw_data', '2023-10-12T17:39:00+00:00', '--job-id', '1646', '--pool', 'default_pool', '--raw', '--subdir', 'DAGS_FOLDER/DAG.py', '--cfg-path', '/tmp/tmpu8cptsh3', '--error-file', '/tmp/tmp8xsyj9_o']
[2023-10-12 17:40:02,499] {standard_task_runner.py:77} INFO - Job 1646: Subtask retrieve_raw_data
[2023-10-12 17:40:02,561] {logging_mixin.py:104} INFO - Running <TaskInstance: ***_exam.retrieve_raw_data 2023-10-12T17:39:00+00:00 [running]> on host 3a3d0401ac26
[2023-10-12 17:40:02,727] {taskinstance.py:1302} INFO - Exporting the following env vars:
AIRFLOW_CTX_DAG_OWNER=***
AIRFLOW_CTX_DAG_ID=***_exam
AIRFLOW_CTX_TASK_ID=retrieve_raw_data
AIRFLOW_CTX_EXECUTION_DATE=2023-10-12T17:39:00+00:00
AIRFLOW_CTX_DAG_RUN_ID=scheduled__2023-10-12T17:39:00+00:00
[2023-10-12 17:40:03,365] {python.py:151} INFO - Done. Returned value was: None
[2023-10-12 17:40:03,380] {taskinstance.py:1211} INFO - Marking task as SUCCESS. dag_id=***_exam, task_id=retrieve_raw_data, execution_date=20231012T173900, start_date=20231012T174002, end_date=20231012T174003
[2023-10-12 17:40:03,431] {taskinstance.py:1265} INFO - 2 downstream tasks scheduled from follow-on schedule check
[2023-10-12 17:40:03,476] {local_task_job.py:151} INFO - Task exited with return code 0
