[2024-03-15 16:26:04,969] {taskinstance.py:896} INFO - Dependencies all met for <TaskInstance: airflow_exam.transform_into_data.csv 2024-03-15T16:25:00+00:00 [queued]>
[2024-03-15 16:26:04,990] {taskinstance.py:896} INFO - Dependencies all met for <TaskInstance: airflow_exam.transform_into_data.csv 2024-03-15T16:25:00+00:00 [queued]>
[2024-03-15 16:26:04,990] {taskinstance.py:1087} INFO - 
--------------------------------------------------------------------------------
[2024-03-15 16:26:04,990] {taskinstance.py:1088} INFO - Starting attempt 1 of 1
[2024-03-15 16:26:04,990] {taskinstance.py:1089} INFO - 
--------------------------------------------------------------------------------
[2024-03-15 16:26:05,001] {taskinstance.py:1107} INFO - Executing <Task(PythonOperator): transform_into_data.csv> on 2024-03-15T16:25:00+00:00
[2024-03-15 16:26:05,009] {standard_task_runner.py:52} INFO - Started process 21633 to run task
[2024-03-15 16:26:05,013] {standard_task_runner.py:76} INFO - Running: ['***', 'tasks', 'run', '***_exam', 'transform_into_data.csv', '2024-03-15T16:25:00+00:00', '--job-id', '2494', '--pool', 'default_pool', '--raw', '--subdir', 'DAGS_FOLDER/DAG.py', '--cfg-path', '/tmp/tmpgwr6mv1_', '--error-file', '/tmp/tmpijeqpe4f']
[2024-03-15 16:26:05,013] {standard_task_runner.py:77} INFO - Job 2494: Subtask transform_into_data.csv
[2024-03-15 16:26:05,062] {logging_mixin.py:104} INFO - Running <TaskInstance: ***_exam.transform_into_data.csv 2024-03-15T16:25:00+00:00 [running]> on host 3a3d0401ac26
[2024-03-15 16:26:05,121] {taskinstance.py:1302} INFO - Exporting the following env vars:
AIRFLOW_CTX_DAG_OWNER=***
AIRFLOW_CTX_DAG_ID=***_exam
AIRFLOW_CTX_TASK_ID=transform_into_data.csv
AIRFLOW_CTX_EXECUTION_DATE=2024-03-15T16:25:00+00:00
AIRFLOW_CTX_DAG_RUN_ID=scheduled__2024-03-15T16:25:00+00:00
[2024-03-15 16:26:05,126] {logging_mixin.py:104} INFO - 
[2024-03-15 16:26:05,144] {logging_mixin.py:104} INFO -     temperature        city  pression              date
0       288.88       Paris      1011  2024-03-15 16:26
1       286.82      London      1004  2024-03-15 16:26
2       282.95  Washington      1027  2024-03-15 16:26
3       288.83       Paris      1011  2024-03-15 16:25
4       286.82      London      1004  2024-03-15 16:25
5       282.95  Washington      1027  2024-03-15 16:25
6       289.31       Paris      1011  2024-03-15 16:24
7       286.82      London      1004  2024-03-15 16:24
8       282.95  Washington      1027  2024-03-15 16:24
9       289.31       Paris      1011  2024-03-15 16:23
[2024-03-15 16:26:05,147] {python.py:151} INFO - Done. Returned value was: None
[2024-03-15 16:26:05,162] {taskinstance.py:1211} INFO - Marking task as SUCCESS. dag_id=***_exam, task_id=transform_into_data.csv, execution_date=20240315T162500, start_date=20240315T162604, end_date=20240315T162605
[2024-03-15 16:26:05,194] {taskinstance.py:1265} INFO - 0 downstream tasks scheduled from follow-on schedule check
[2024-03-15 16:26:05,225] {local_task_job.py:151} INFO - Task exited with return code 0
