[2024-03-16 03:46:07,228] {taskinstance.py:896} INFO - Dependencies all met for <TaskInstance: airflow_exam.transform_into_fulldata.csv 2024-03-16T03:45:00+00:00 [queued]>
[2024-03-16 03:46:07,282] {taskinstance.py:896} INFO - Dependencies all met for <TaskInstance: airflow_exam.transform_into_fulldata.csv 2024-03-16T03:45:00+00:00 [queued]>
[2024-03-16 03:46:07,282] {taskinstance.py:1087} INFO - 
--------------------------------------------------------------------------------
[2024-03-16 03:46:07,283] {taskinstance.py:1088} INFO - Starting attempt 1 of 1
[2024-03-16 03:46:07,283] {taskinstance.py:1089} INFO - 
--------------------------------------------------------------------------------
[2024-03-16 03:46:07,304] {taskinstance.py:1107} INFO - Executing <Task(PythonOperator): transform_into_fulldata.csv> on 2024-03-16T03:45:00+00:00
[2024-03-16 03:46:07,320] {standard_task_runner.py:52} INFO - Started process 144103 to run task
[2024-03-16 03:46:07,326] {standard_task_runner.py:76} INFO - Running: ['***', 'tasks', 'run', '***_exam', 'transform_into_fulldata.csv', '2024-03-16T03:45:00+00:00', '--job-id', '6653', '--pool', 'default_pool', '--raw', '--subdir', 'DAGS_FOLDER/DAG.py', '--cfg-path', '/tmp/tmpeav6x67x', '--error-file', '/tmp/tmp5equpu0c']
[2024-03-16 03:46:07,326] {standard_task_runner.py:77} INFO - Job 6653: Subtask transform_into_fulldata.csv
[2024-03-16 03:46:07,428] {logging_mixin.py:104} INFO - Running <TaskInstance: ***_exam.transform_into_fulldata.csv 2024-03-16T03:45:00+00:00 [running]> on host 3a3d0401ac26
[2024-03-16 03:46:07,591] {taskinstance.py:1302} INFO - Exporting the following env vars:
AIRFLOW_CTX_DAG_OWNER=***
AIRFLOW_CTX_DAG_ID=***_exam
AIRFLOW_CTX_TASK_ID=transform_into_fulldata.csv
AIRFLOW_CTX_EXECUTION_DATE=2024-03-16T03:45:00+00:00
AIRFLOW_CTX_DAG_RUN_ID=scheduled__2024-03-16T03:45:00+00:00
[2024-03-16 03:46:07,735] {logging_mixin.py:104} INFO - 
[2024-03-16 03:46:07,770] {logging_mixin.py:104} INFO -     temperature        city  pression              date
0       284.04       Paris      1017  2024-03-16 03:46
1       281.45      London      1016  2024-03-16 03:46
2       282.37  Washington      1023  2024-03-16 03:46
3       284.04       Paris      1017  2024-03-16 03:45
4       281.45      London      1016  2024-03-16 03:45
5       282.37  Washington      1023  2024-03-16 03:45
6       284.04       Paris      1017  2024-03-16 03:44
7       281.48      London      1016  2024-03-16 03:44
8       282.37  Washington      1023  2024-03-16 03:44
9       284.04       Paris      1017  2024-03-16 03:43
[2024-03-16 03:46:07,797] {python.py:151} INFO - Done. Returned value was: None
[2024-03-16 03:46:07,817] {taskinstance.py:1211} INFO - Marking task as SUCCESS. dag_id=***_exam, task_id=transform_into_fulldata.csv, execution_date=20240316T034500, start_date=20240316T034607, end_date=20240316T034607
[2024-03-16 03:46:07,880] {taskinstance.py:1265} INFO - 3 downstream tasks scheduled from follow-on schedule check
[2024-03-16 03:46:07,929] {local_task_job.py:151} INFO - Task exited with return code 0
