[2024-03-15 17:26:01,581] {taskinstance.py:896} INFO - Dependencies all met for <TaskInstance: airflow_exam.retrieve_raw_data 2024-03-15T17:25:00+00:00 [queued]>
[2024-03-15 17:26:01,610] {taskinstance.py:896} INFO - Dependencies all met for <TaskInstance: airflow_exam.retrieve_raw_data 2024-03-15T17:25:00+00:00 [queued]>
[2024-03-15 17:26:01,610] {taskinstance.py:1087} INFO - 
--------------------------------------------------------------------------------
[2024-03-15 17:26:01,610] {taskinstance.py:1088} INFO - Starting attempt 1 of 6
[2024-03-15 17:26:01,610] {taskinstance.py:1089} INFO - 
--------------------------------------------------------------------------------
[2024-03-15 17:26:01,627] {taskinstance.py:1107} INFO - Executing <Task(PythonOperator): retrieve_raw_data> on 2024-03-15T17:25:00+00:00
[2024-03-15 17:26:01,637] {standard_task_runner.py:52} INFO - Started process 33461 to run task
[2024-03-15 17:26:01,642] {standard_task_runner.py:76} INFO - Running: ['***', 'tasks', 'run', '***_exam', 'retrieve_raw_data', '2024-03-15T17:25:00+00:00', '--job-id', '2913', '--pool', 'default_pool', '--raw', '--subdir', 'DAGS_FOLDER/DAG.py', '--cfg-path', '/tmp/tmp5u2orglr', '--error-file', '/tmp/tmpp3gqibl1']
[2024-03-15 17:26:01,643] {standard_task_runner.py:77} INFO - Job 2913: Subtask retrieve_raw_data
[2024-03-15 17:26:01,711] {logging_mixin.py:104} INFO - Running <TaskInstance: ***_exam.retrieve_raw_data 2024-03-15T17:25:00+00:00 [running]> on host 3a3d0401ac26
[2024-03-15 17:26:01,803] {taskinstance.py:1302} INFO - Exporting the following env vars:
AIRFLOW_CTX_DAG_OWNER=***
AIRFLOW_CTX_DAG_ID=***_exam
AIRFLOW_CTX_TASK_ID=retrieve_raw_data
AIRFLOW_CTX_EXECUTION_DATE=2024-03-15T17:25:00+00:00
AIRFLOW_CTX_DAG_RUN_ID=scheduled__2024-03-15T17:25:00+00:00
[2024-03-15 17:26:02,320] {python.py:151} INFO - Done. Returned value was: None
[2024-03-15 17:26:02,336] {taskinstance.py:1211} INFO - Marking task as SUCCESS. dag_id=***_exam, task_id=retrieve_raw_data, execution_date=20240315T172500, start_date=20240315T172601, end_date=20240315T172602
[2024-03-15 17:26:02,391] {taskinstance.py:1265} INFO - 2 downstream tasks scheduled from follow-on schedule check
[2024-03-15 17:26:02,416] {local_task_job.py:151} INFO - Task exited with return code 0
