[2024-03-15 22:45:05,188] {taskinstance.py:896} INFO - Dependencies all met for <TaskInstance: airflow_exam.transform_into_fulldata.csv 2024-03-15T22:44:00+00:00 [queued]>
[2024-03-15 22:45:05,213] {taskinstance.py:896} INFO - Dependencies all met for <TaskInstance: airflow_exam.transform_into_fulldata.csv 2024-03-15T22:44:00+00:00 [queued]>
[2024-03-15 22:45:05,213] {taskinstance.py:1087} INFO - 
--------------------------------------------------------------------------------
[2024-03-15 22:45:05,214] {taskinstance.py:1088} INFO - Starting attempt 1 of 1
[2024-03-15 22:45:05,214] {taskinstance.py:1089} INFO - 
--------------------------------------------------------------------------------
[2024-03-15 22:45:05,227] {taskinstance.py:1107} INFO - Executing <Task(PythonOperator): transform_into_fulldata.csv> on 2024-03-15T22:44:00+00:00
[2024-03-15 22:45:05,235] {standard_task_runner.py:52} INFO - Started process 80748 to run task
[2024-03-15 22:45:05,239] {standard_task_runner.py:76} INFO - Running: ['***', 'tasks', 'run', '***_exam', 'transform_into_fulldata.csv', '2024-03-15T22:44:00+00:00', '--job-id', '4553', '--pool', 'default_pool', '--raw', '--subdir', 'DAGS_FOLDER/DAG.py', '--cfg-path', '/tmp/tmp9m2u1624', '--error-file', '/tmp/tmpiw4fbgbb']
[2024-03-15 22:45:05,240] {standard_task_runner.py:77} INFO - Job 4553: Subtask transform_into_fulldata.csv
[2024-03-15 22:45:05,292] {logging_mixin.py:104} INFO - Running <TaskInstance: ***_exam.transform_into_fulldata.csv 2024-03-15T22:44:00+00:00 [running]> on host 3a3d0401ac26
[2024-03-15 22:45:05,366] {taskinstance.py:1302} INFO - Exporting the following env vars:
AIRFLOW_CTX_DAG_OWNER=***
AIRFLOW_CTX_DAG_ID=***_exam
AIRFLOW_CTX_TASK_ID=transform_into_fulldata.csv
AIRFLOW_CTX_EXECUTION_DATE=2024-03-15T22:44:00+00:00
AIRFLOW_CTX_DAG_RUN_ID=scheduled__2024-03-15T22:44:00+00:00
[2024-03-15 22:45:05,428] {logging_mixin.py:104} INFO - 
[2024-03-15 22:45:05,457] {logging_mixin.py:104} INFO -     temperature        city  pression              date
0       285.48       Paris      1014  2024-03-15 22:45
1       282.68      London      1011  2024-03-15 22:45
2       289.08  Washington      1022  2024-03-15 22:45
3       285.48       Paris      1014  2024-03-15 22:44
4       282.68      London      1011  2024-03-15 22:44
5       289.08  Washington      1022  2024-03-15 22:44
6       285.48       Paris      1014  2024-03-15 22:43
7       282.68      London      1011  2024-03-15 22:43
8       289.08  Washington      1022  2024-03-15 22:43
9       285.48       Paris      1014  2024-03-15 22:42
[2024-03-15 22:45:05,470] {python.py:151} INFO - Done. Returned value was: None
[2024-03-15 22:45:05,485] {taskinstance.py:1211} INFO - Marking task as SUCCESS. dag_id=***_exam, task_id=transform_into_fulldata.csv, execution_date=20240315T224400, start_date=20240315T224505, end_date=20240315T224505
[2024-03-15 22:45:05,549] {taskinstance.py:1265} INFO - 3 downstream tasks scheduled from follow-on schedule check
[2024-03-15 22:45:05,571] {local_task_job.py:151} INFO - Task exited with return code 0
