[2024-03-16 02:31:04,313] {taskinstance.py:896} INFO - Dependencies all met for <TaskInstance: airflow_exam.transform_into_fulldata.csv 2024-03-16T02:30:00+00:00 [queued]>
[2024-03-16 02:31:04,341] {taskinstance.py:896} INFO - Dependencies all met for <TaskInstance: airflow_exam.transform_into_fulldata.csv 2024-03-16T02:30:00+00:00 [queued]>
[2024-03-16 02:31:04,342] {taskinstance.py:1087} INFO - 
--------------------------------------------------------------------------------
[2024-03-16 02:31:04,342] {taskinstance.py:1088} INFO - Starting attempt 1 of 1
[2024-03-16 02:31:04,342] {taskinstance.py:1089} INFO - 
--------------------------------------------------------------------------------
[2024-03-16 02:31:04,357] {taskinstance.py:1107} INFO - Executing <Task(PythonOperator): transform_into_fulldata.csv> on 2024-03-16T02:30:00+00:00
[2024-03-16 02:31:04,368] {standard_task_runner.py:52} INFO - Started process 128071 to run task
[2024-03-16 02:31:04,372] {standard_task_runner.py:76} INFO - Running: ['***', 'tasks', 'run', '***_exam', 'transform_into_fulldata.csv', '2024-03-16T02:30:00+00:00', '--job-id', '6128', '--pool', 'default_pool', '--raw', '--subdir', 'DAGS_FOLDER/DAG.py', '--cfg-path', '/tmp/tmpht5bien3', '--error-file', '/tmp/tmpm19vquxf']
[2024-03-16 02:31:04,373] {standard_task_runner.py:77} INFO - Job 6128: Subtask transform_into_fulldata.csv
[2024-03-16 02:31:04,427] {logging_mixin.py:104} INFO - Running <TaskInstance: ***_exam.transform_into_fulldata.csv 2024-03-16T02:30:00+00:00 [running]> on host 3a3d0401ac26
[2024-03-16 02:31:04,493] {taskinstance.py:1302} INFO - Exporting the following env vars:
AIRFLOW_CTX_DAG_OWNER=***
AIRFLOW_CTX_DAG_ID=***_exam
AIRFLOW_CTX_TASK_ID=transform_into_fulldata.csv
AIRFLOW_CTX_EXECUTION_DATE=2024-03-16T02:30:00+00:00
AIRFLOW_CTX_DAG_RUN_ID=scheduled__2024-03-16T02:30:00+00:00
[2024-03-16 02:31:04,545] {logging_mixin.py:104} INFO - 
[2024-03-16 02:31:04,562] {logging_mixin.py:104} INFO -     temperature        city  pression              date
0       284.22       Paris      1017  2024-03-16 02:31
1       281.31      London      1015  2024-03-16 02:31
2       283.95  Washington      1022  2024-03-16 02:31
3       284.22       Paris      1017  2024-03-16 02:30
4       281.19      London      1015  2024-03-16 02:30
5       283.95  Washington      1022  2024-03-16 02:30
6       284.22       Paris      1017  2024-03-16 02:29
7       281.19      London      1015  2024-03-16 02:29
8       283.95  Washington      1022  2024-03-16 02:29
9       284.22       Paris      1017  2024-03-16 02:28
[2024-03-16 02:31:04,571] {python.py:151} INFO - Done. Returned value was: None
[2024-03-16 02:31:04,583] {taskinstance.py:1211} INFO - Marking task as SUCCESS. dag_id=***_exam, task_id=transform_into_fulldata.csv, execution_date=20240316T023000, start_date=20240316T023104, end_date=20240316T023104
[2024-03-16 02:31:04,620] {taskinstance.py:1265} INFO - 3 downstream tasks scheduled from follow-on schedule check
[2024-03-16 02:31:04,665] {local_task_job.py:151} INFO - Task exited with return code 0
