[2024-03-21 18:55:04,971] {taskinstance.py:896} INFO - Dependencies all met for <TaskInstance: airflow_exam.transform_into_data.csv 2024-03-21T18:54:00+00:00 [queued]>
[2024-03-21 18:55:04,999] {taskinstance.py:896} INFO - Dependencies all met for <TaskInstance: airflow_exam.transform_into_data.csv 2024-03-21T18:54:00+00:00 [queued]>
[2024-03-21 18:55:04,999] {taskinstance.py:1087} INFO - 
--------------------------------------------------------------------------------
[2024-03-21 18:55:04,999] {taskinstance.py:1088} INFO - Starting attempt 1 of 1
[2024-03-21 18:55:04,999] {taskinstance.py:1089} INFO - 
--------------------------------------------------------------------------------
[2024-03-21 18:55:05,014] {taskinstance.py:1107} INFO - Executing <Task(PythonOperator): transform_into_data.csv> on 2024-03-21T18:54:00+00:00
[2024-03-21 18:55:05,026] {standard_task_runner.py:52} INFO - Started process 41840 to run task
[2024-03-21 18:55:05,034] {standard_task_runner.py:76} INFO - Running: ['***', 'tasks', 'run', '***_exam', 'transform_into_data.csv', '2024-03-21T18:54:00+00:00', '--job-id', '10410', '--pool', 'default_pool', '--raw', '--subdir', 'DAGS_FOLDER/DAG.py', '--cfg-path', '/tmp/tmp0o445tye', '--error-file', '/tmp/tmpwx4coucd']
[2024-03-21 18:55:05,035] {standard_task_runner.py:77} INFO - Job 10410: Subtask transform_into_data.csv
[2024-03-21 18:55:05,122] {logging_mixin.py:104} INFO - Running <TaskInstance: ***_exam.transform_into_data.csv 2024-03-21T18:54:00+00:00 [running]> on host 3a3d0401ac26
[2024-03-21 18:55:05,227] {taskinstance.py:1302} INFO - Exporting the following env vars:
AIRFLOW_CTX_DAG_OWNER=***
AIRFLOW_CTX_DAG_ID=***_exam
AIRFLOW_CTX_TASK_ID=transform_into_data.csv
AIRFLOW_CTX_EXECUTION_DATE=2024-03-21T18:54:00+00:00
AIRFLOW_CTX_DAG_RUN_ID=scheduled__2024-03-21T18:54:00+00:00
[2024-03-21 18:55:05,238] {logging_mixin.py:104} INFO - 
[2024-03-21 18:55:05,270] {logging_mixin.py:104} INFO -     temperature        city  pression              date
0       289.17       Paris      1025  2024-03-21 18:55
1       287.52      London      1022  2024-03-21 18:55
2       286.17  Washington      1014  2024-03-21 18:55
3       289.17       Paris      1025  2024-03-21 18:54
4       287.52      London      1022  2024-03-21 18:54
5       286.17  Washington      1014  2024-03-21 18:54
6       289.17       Paris      1025  2024-03-21 18:53
7       287.52      London      1022  2024-03-21 18:53
8       286.17  Washington      1014  2024-03-21 18:53
9       289.17       Paris      1025  2024-03-21 18:52
[2024-03-21 18:55:05,277] {python.py:151} INFO - Done. Returned value was: None
[2024-03-21 18:55:05,297] {taskinstance.py:1211} INFO - Marking task as SUCCESS. dag_id=***_exam, task_id=transform_into_data.csv, execution_date=20240321T185400, start_date=20240321T185504, end_date=20240321T185505
[2024-03-21 18:55:05,351] {taskinstance.py:1265} INFO - 0 downstream tasks scheduled from follow-on schedule check
[2024-03-21 18:55:05,408] {local_task_job.py:151} INFO - Task exited with return code 0
