[2023-10-12 17:30:24,217] {taskinstance.py:896} INFO - Dependencies all met for <TaskInstance: airflow_exam.transform_into_data.csv 2023-10-11T17:26:00+00:00 [queued]>
[2023-10-12 17:30:24,238] {taskinstance.py:896} INFO - Dependencies all met for <TaskInstance: airflow_exam.transform_into_data.csv 2023-10-11T17:26:00+00:00 [queued]>
[2023-10-12 17:30:24,239] {taskinstance.py:1087} INFO - 
--------------------------------------------------------------------------------
[2023-10-12 17:30:24,239] {taskinstance.py:1088} INFO - Starting attempt 1 of 1
[2023-10-12 17:30:24,239] {taskinstance.py:1089} INFO - 
--------------------------------------------------------------------------------
[2023-10-12 17:30:24,268] {taskinstance.py:1107} INFO - Executing <Task(PythonOperator): transform_into_data.csv> on 2023-10-11T17:26:00+00:00
[2023-10-12 17:30:24,278] {standard_task_runner.py:52} INFO - Started process 234 to run task
[2023-10-12 17:30:24,282] {standard_task_runner.py:76} INFO - Running: ['***', 'tasks', 'run', '***_exam', 'transform_into_data.csv', '2023-10-11T17:26:00+00:00', '--job-id', '1572', '--pool', 'default_pool', '--raw', '--subdir', 'DAGS_FOLDER/DAG.py', '--cfg-path', '/tmp/tmpjjfiocid', '--error-file', '/tmp/tmpxjzgwyot']
[2023-10-12 17:30:24,283] {standard_task_runner.py:77} INFO - Job 1572: Subtask transform_into_data.csv
[2023-10-12 17:30:24,356] {logging_mixin.py:104} INFO - Running <TaskInstance: ***_exam.transform_into_data.csv 2023-10-11T17:26:00+00:00 [running]> on host 3a3d0401ac26
[2023-10-12 17:30:24,445] {taskinstance.py:1302} INFO - Exporting the following env vars:
AIRFLOW_CTX_DAG_OWNER=***
AIRFLOW_CTX_DAG_ID=***_exam
AIRFLOW_CTX_TASK_ID=transform_into_data.csv
AIRFLOW_CTX_EXECUTION_DATE=2023-10-11T17:26:00+00:00
AIRFLOW_CTX_DAG_RUN_ID=scheduled__2023-10-11T17:26:00+00:00
[2023-10-12 17:30:24,454] {logging_mixin.py:104} INFO - 
[2023-10-12 17:30:24,485] {logging_mixin.py:104} INFO -     temperature        city  pression              date
0       294.86       Paris      1015  2023-10-12 17:30
1       288.48      London      1012  2023-10-12 17:30
2       283.71  Washington      1019  2023-10-12 17:30
3       296.48       Paris      1015  2023-10-11 17:26
4       290.60      London      1012  2023-10-11 17:26
5       282.47  Washington      1004  2023-10-11 17:26
6       296.48       Paris      1015  2023-10-11 17:25
7       290.60      London      1012  2023-10-11 17:25
8       282.47  Washington      1004  2023-10-11 17:25
9       296.48       Paris      1015  2023-10-11 17:24
[2023-10-12 17:30:24,491] {python.py:151} INFO - Done. Returned value was: None
[2023-10-12 17:30:24,507] {taskinstance.py:1211} INFO - Marking task as SUCCESS. dag_id=***_exam, task_id=transform_into_data.csv, execution_date=20231011T172600, start_date=20231012T173024, end_date=20231012T173024
[2023-10-12 17:30:24,550] {taskinstance.py:1265} INFO - 0 downstream tasks scheduled from follow-on schedule check
[2023-10-12 17:30:24,577] {local_task_job.py:151} INFO - Task exited with return code 0
