[2024-03-15 17:53:05,416] {taskinstance.py:896} INFO - Dependencies all met for <TaskInstance: airflow_exam.transform_into_fulldata.csv 2024-03-15T17:52:00+00:00 [queued]>
[2024-03-15 17:53:05,442] {taskinstance.py:896} INFO - Dependencies all met for <TaskInstance: airflow_exam.transform_into_fulldata.csv 2024-03-15T17:52:00+00:00 [queued]>
[2024-03-15 17:53:05,442] {taskinstance.py:1087} INFO - 
--------------------------------------------------------------------------------
[2024-03-15 17:53:05,443] {taskinstance.py:1088} INFO - Starting attempt 1 of 1
[2024-03-15 17:53:05,443] {taskinstance.py:1089} INFO - 
--------------------------------------------------------------------------------
[2024-03-15 17:53:05,459] {taskinstance.py:1107} INFO - Executing <Task(PythonOperator): transform_into_fulldata.csv> on 2024-03-15T17:52:00+00:00
[2024-03-15 17:53:05,468] {standard_task_runner.py:52} INFO - Started process 39010 to run task
[2024-03-15 17:53:05,472] {standard_task_runner.py:76} INFO - Running: ['***', 'tasks', 'run', '***_exam', 'transform_into_fulldata.csv', '2024-03-15T17:52:00+00:00', '--job-id', '3104', '--pool', 'default_pool', '--raw', '--subdir', 'DAGS_FOLDER/DAG.py', '--cfg-path', '/tmp/tmpm7fwj2ik', '--error-file', '/tmp/tmpz_ogr7tf']
[2024-03-15 17:53:05,473] {standard_task_runner.py:77} INFO - Job 3104: Subtask transform_into_fulldata.csv
[2024-03-15 17:53:05,539] {logging_mixin.py:104} INFO - Running <TaskInstance: ***_exam.transform_into_fulldata.csv 2024-03-15T17:52:00+00:00 [running]> on host 3a3d0401ac26
[2024-03-15 17:53:05,634] {taskinstance.py:1302} INFO - Exporting the following env vars:
AIRFLOW_CTX_DAG_OWNER=***
AIRFLOW_CTX_DAG_ID=***_exam
AIRFLOW_CTX_TASK_ID=transform_into_fulldata.csv
AIRFLOW_CTX_EXECUTION_DATE=2024-03-15T17:52:00+00:00
AIRFLOW_CTX_DAG_RUN_ID=scheduled__2024-03-15T17:52:00+00:00
[2024-03-15 17:53:05,675] {logging_mixin.py:104} INFO - 
[2024-03-15 17:53:05,700] {logging_mixin.py:104} INFO -     temperature        city  pression              date
0       286.88       Paris      1011  2024-03-15 17:53
1       285.90      London      1005  2024-03-15 17:53
2       281.93  Washington      1026  2024-03-15 17:53
3       286.88       Paris      1011  2024-03-15 17:52
4       285.90      London      1005  2024-03-15 17:52
5       281.93  Washington      1026  2024-03-15 17:52
6       287.08       Paris      1011  2024-03-15 17:51
7       285.90      London      1005  2024-03-15 17:51
8       281.93  Washington      1026  2024-03-15 17:51
9       287.08       Paris      1011  2024-03-15 17:50
[2024-03-15 17:53:05,709] {python.py:151} INFO - Done. Returned value was: None
[2024-03-15 17:53:05,723] {taskinstance.py:1211} INFO - Marking task as SUCCESS. dag_id=***_exam, task_id=transform_into_fulldata.csv, execution_date=20240315T175200, start_date=20240315T175305, end_date=20240315T175305
[2024-03-15 17:53:05,770] {taskinstance.py:1265} INFO - 3 downstream tasks scheduled from follow-on schedule check
[2024-03-15 17:53:05,806] {local_task_job.py:151} INFO - Task exited with return code 0
