[2024-03-21 00:00:13,200] {taskinstance.py:896} INFO - Dependencies all met for <TaskInstance: airflow_exam.compute_rf_score 2024-03-20T23:59:00+00:00 [queued]>
[2024-03-21 00:00:13,233] {taskinstance.py:896} INFO - Dependencies all met for <TaskInstance: airflow_exam.compute_rf_score 2024-03-20T23:59:00+00:00 [queued]>
[2024-03-21 00:00:13,234] {taskinstance.py:1087} INFO - 
--------------------------------------------------------------------------------
[2024-03-21 00:00:13,234] {taskinstance.py:1088} INFO - Starting attempt 1 of 1
[2024-03-21 00:00:13,235] {taskinstance.py:1089} INFO - 
--------------------------------------------------------------------------------
[2024-03-21 00:00:13,276] {taskinstance.py:1107} INFO - Executing <Task(PythonOperator): compute_rf_score> on 2024-03-20T23:59:00+00:00
[2024-03-21 00:00:13,292] {standard_task_runner.py:52} INFO - Started process 44211 to run task
[2024-03-21 00:00:13,298] {standard_task_runner.py:76} INFO - Running: ['***', 'tasks', 'run', '***_exam', 'compute_rf_score', '2024-03-20T23:59:00+00:00', '--job-id', '8287', '--pool', 'default_pool', '--raw', '--subdir', 'DAGS_FOLDER/DAG.py', '--cfg-path', '/tmp/tmp9b3peviy', '--error-file', '/tmp/tmpbq9ohre6']
[2024-03-21 00:00:13,299] {standard_task_runner.py:77} INFO - Job 8287: Subtask compute_rf_score
[2024-03-21 00:00:13,477] {logging_mixin.py:104} INFO - Running <TaskInstance: ***_exam.compute_rf_score 2024-03-20T23:59:00+00:00 [running]> on host 3a3d0401ac26
[2024-03-21 00:00:13,695] {taskinstance.py:1302} INFO - Exporting the following env vars:
AIRFLOW_CTX_DAG_OWNER=***
AIRFLOW_CTX_DAG_ID=***_exam
AIRFLOW_CTX_TASK_ID=compute_rf_score
AIRFLOW_CTX_EXECUTION_DATE=2024-03-20T23:59:00+00:00
AIRFLOW_CTX_DAG_RUN_ID=scheduled__2024-03-20T23:59:00+00:00
[2024-03-21 00:00:20,991] {python.py:151} INFO - Done. Returned value was: None
[2024-03-21 00:00:21,039] {taskinstance.py:1211} INFO - Marking task as SUCCESS. dag_id=***_exam, task_id=compute_rf_score, execution_date=20240320T235900, start_date=20240321T000013, end_date=20240321T000021
[2024-03-21 00:00:21,161] {taskinstance.py:1265} INFO - 0 downstream tasks scheduled from follow-on schedule check
[2024-03-21 00:00:21,227] {local_task_job.py:151} INFO - Task exited with return code 0
