[2024-03-20 23:43:23,408] {taskinstance.py:896} INFO - Dependencies all met for <TaskInstance: airflow_exam.compute_rf_score 2024-03-20T23:42:00+00:00 [queued]>
[2024-03-20 23:43:23,441] {taskinstance.py:896} INFO - Dependencies all met for <TaskInstance: airflow_exam.compute_rf_score 2024-03-20T23:42:00+00:00 [queued]>
[2024-03-20 23:43:23,441] {taskinstance.py:1087} INFO - 
--------------------------------------------------------------------------------
[2024-03-20 23:43:23,441] {taskinstance.py:1088} INFO - Starting attempt 1 of 1
[2024-03-20 23:43:23,441] {taskinstance.py:1089} INFO - 
--------------------------------------------------------------------------------
[2024-03-20 23:43:23,478] {taskinstance.py:1107} INFO - Executing <Task(PythonOperator): compute_rf_score> on 2024-03-20T23:42:00+00:00
[2024-03-20 23:43:23,490] {standard_task_runner.py:52} INFO - Started process 40648 to run task
[2024-03-20 23:43:23,495] {standard_task_runner.py:76} INFO - Running: ['***', 'tasks', 'run', '***_exam', 'compute_rf_score', '2024-03-20T23:42:00+00:00', '--job-id', '8168', '--pool', 'default_pool', '--raw', '--subdir', 'DAGS_FOLDER/DAG.py', '--cfg-path', '/tmp/tmppexzaljd', '--error-file', '/tmp/tmpg8jv9zc0']
[2024-03-20 23:43:23,496] {standard_task_runner.py:77} INFO - Job 8168: Subtask compute_rf_score
[2024-03-20 23:43:23,562] {logging_mixin.py:104} INFO - Running <TaskInstance: ***_exam.compute_rf_score 2024-03-20T23:42:00+00:00 [running]> on host 3a3d0401ac26
[2024-03-20 23:43:23,656] {taskinstance.py:1302} INFO - Exporting the following env vars:
AIRFLOW_CTX_DAG_OWNER=***
AIRFLOW_CTX_DAG_ID=***_exam
AIRFLOW_CTX_TASK_ID=compute_rf_score
AIRFLOW_CTX_EXECUTION_DATE=2024-03-20T23:42:00+00:00
AIRFLOW_CTX_DAG_RUN_ID=scheduled__2024-03-20T23:42:00+00:00
[2024-03-20 23:43:27,083] {python.py:151} INFO - Done. Returned value was: None
[2024-03-20 23:43:27,097] {taskinstance.py:1211} INFO - Marking task as SUCCESS. dag_id=***_exam, task_id=compute_rf_score, execution_date=20240320T234200, start_date=20240320T234323, end_date=20240320T234327
[2024-03-20 23:43:27,146] {taskinstance.py:1265} INFO - 1 downstream tasks scheduled from follow-on schedule check
[2024-03-20 23:43:27,180] {local_task_job.py:151} INFO - Task exited with return code 0
