[2024-03-20 23:36:06,532] {taskinstance.py:896} INFO - Dependencies all met for <TaskInstance: airflow_exam.compute_dt_score 2024-03-20T23:35:00+00:00 [queued]>
[2024-03-20 23:36:06,565] {taskinstance.py:896} INFO - Dependencies all met for <TaskInstance: airflow_exam.compute_dt_score 2024-03-20T23:35:00+00:00 [queued]>
[2024-03-20 23:36:06,565] {taskinstance.py:1087} INFO - 
--------------------------------------------------------------------------------
[2024-03-20 23:36:06,565] {taskinstance.py:1088} INFO - Starting attempt 1 of 1
[2024-03-20 23:36:06,565] {taskinstance.py:1089} INFO - 
--------------------------------------------------------------------------------
[2024-03-20 23:36:06,598] {taskinstance.py:1107} INFO - Executing <Task(PythonOperator): compute_dt_score> on 2024-03-20T23:35:00+00:00
[2024-03-20 23:36:06,616] {standard_task_runner.py:52} INFO - Started process 39109 to run task
[2024-03-20 23:36:06,630] {standard_task_runner.py:76} INFO - Running: ['***', 'tasks', 'run', '***_exam', 'compute_dt_score', '2024-03-20T23:35:00+00:00', '--job-id', '8119', '--pool', 'default_pool', '--raw', '--subdir', 'DAGS_FOLDER/DAG.py', '--cfg-path', '/tmp/tmp8q9vr5kj', '--error-file', '/tmp/tmp_1pr89bi']
[2024-03-20 23:36:06,631] {standard_task_runner.py:77} INFO - Job 8119: Subtask compute_dt_score
[2024-03-20 23:36:06,730] {logging_mixin.py:104} INFO - Running <TaskInstance: ***_exam.compute_dt_score 2024-03-20T23:35:00+00:00 [running]> on host 3a3d0401ac26
[2024-03-20 23:36:06,861] {taskinstance.py:1302} INFO - Exporting the following env vars:
AIRFLOW_CTX_DAG_OWNER=***
AIRFLOW_CTX_DAG_ID=***_exam
AIRFLOW_CTX_TASK_ID=compute_dt_score
AIRFLOW_CTX_EXECUTION_DATE=2024-03-20T23:35:00+00:00
AIRFLOW_CTX_DAG_RUN_ID=scheduled__2024-03-20T23:35:00+00:00
[2024-03-20 23:36:07,496] {python.py:151} INFO - Done. Returned value was: None
[2024-03-20 23:36:07,514] {taskinstance.py:1211} INFO - Marking task as SUCCESS. dag_id=***_exam, task_id=compute_dt_score, execution_date=20240320T233500, start_date=20240320T233606, end_date=20240320T233607
[2024-03-20 23:36:07,571] {taskinstance.py:1265} INFO - 0 downstream tasks scheduled from follow-on schedule check
[2024-03-20 23:36:07,596] {local_task_job.py:151} INFO - Task exited with return code 0
