[2024-03-15 16:32:11,833] {taskinstance.py:896} INFO - Dependencies all met for <TaskInstance: airflow_exam.train_best_model 2024-03-15T16:31:00+00:00 [queued]>
[2024-03-15 16:32:11,858] {taskinstance.py:896} INFO - Dependencies all met for <TaskInstance: airflow_exam.train_best_model 2024-03-15T16:31:00+00:00 [queued]>
[2024-03-15 16:32:11,858] {taskinstance.py:1087} INFO - 
--------------------------------------------------------------------------------
[2024-03-15 16:32:11,858] {taskinstance.py:1088} INFO - Starting attempt 1 of 1
[2024-03-15 16:32:11,859] {taskinstance.py:1089} INFO - 
--------------------------------------------------------------------------------
[2024-03-15 16:32:11,873] {taskinstance.py:1107} INFO - Executing <Task(PythonOperator): train_best_model> on 2024-03-15T16:31:00+00:00
[2024-03-15 16:32:11,881] {standard_task_runner.py:52} INFO - Started process 22868 to run task
[2024-03-15 16:32:11,885] {standard_task_runner.py:76} INFO - Running: ['***', 'tasks', 'run', '***_exam', 'train_best_model', '2024-03-15T16:31:00+00:00', '--job-id', '2540', '--pool', 'default_pool', '--raw', '--subdir', 'DAGS_FOLDER/DAG.py', '--cfg-path', '/tmp/tmpdus9k5r6', '--error-file', '/tmp/tmppwh3n1_p']
[2024-03-15 16:32:11,885] {standard_task_runner.py:77} INFO - Job 2540: Subtask train_best_model
[2024-03-15 16:32:11,932] {logging_mixin.py:104} INFO - Running <TaskInstance: ***_exam.train_best_model 2024-03-15T16:31:00+00:00 [running]> on host 3a3d0401ac26
[2024-03-15 16:32:11,996] {taskinstance.py:1302} INFO - Exporting the following env vars:
AIRFLOW_CTX_DAG_OWNER=***
AIRFLOW_CTX_DAG_ID=***_exam
AIRFLOW_CTX_TASK_ID=train_best_model
AIRFLOW_CTX_EXECUTION_DATE=2024-03-15T16:31:00+00:00
AIRFLOW_CTX_DAG_RUN_ID=scheduled__2024-03-15T16:31:00+00:00
[2024-03-15 16:32:12,111] {logging_mixin.py:104} INFO - LinearRegression() saved at  /app/clean_data/best_model.pickle
[2024-03-15 16:32:12,113] {python.py:151} INFO - Done. Returned value was: None
[2024-03-15 16:32:12,138] {taskinstance.py:1211} INFO - Marking task as SUCCESS. dag_id=***_exam, task_id=train_best_model, execution_date=20240315T163100, start_date=20240315T163211, end_date=20240315T163212
[2024-03-15 16:32:12,182] {taskinstance.py:1265} INFO - 0 downstream tasks scheduled from follow-on schedule check
[2024-03-15 16:32:12,218] {local_task_job.py:151} INFO - Task exited with return code 0
