[2024-03-20 20:58:04,885] {taskinstance.py:896} INFO - Dependencies all met for <TaskInstance: airflow_exam.transform_into_data.csv 2024-03-20T20:57:00+00:00 [queued]>
[2024-03-20 20:58:04,899] {taskinstance.py:896} INFO - Dependencies all met for <TaskInstance: airflow_exam.transform_into_data.csv 2024-03-20T20:57:00+00:00 [queued]>
[2024-03-20 20:58:04,900] {taskinstance.py:1087} INFO - 
--------------------------------------------------------------------------------
[2024-03-20 20:58:04,900] {taskinstance.py:1088} INFO - Starting attempt 1 of 1
[2024-03-20 20:58:04,900] {taskinstance.py:1089} INFO - 
--------------------------------------------------------------------------------
[2024-03-20 20:58:04,918] {taskinstance.py:1107} INFO - Executing <Task(PythonOperator): transform_into_data.csv> on 2024-03-20T20:57:00+00:00
[2024-03-20 20:58:04,926] {standard_task_runner.py:52} INFO - Started process 5993 to run task
[2024-03-20 20:58:04,929] {standard_task_runner.py:76} INFO - Running: ['***', 'tasks', 'run', '***_exam', 'transform_into_data.csv', '2024-03-20T20:57:00+00:00', '--job-id', '7023', '--pool', 'default_pool', '--raw', '--subdir', 'DAGS_FOLDER/DAG.py', '--cfg-path', '/tmp/tmphgioglvi', '--error-file', '/tmp/tmpymn09idk']
[2024-03-20 20:58:04,930] {standard_task_runner.py:77} INFO - Job 7023: Subtask transform_into_data.csv
[2024-03-20 20:58:04,985] {logging_mixin.py:104} INFO - Running <TaskInstance: ***_exam.transform_into_data.csv 2024-03-20T20:57:00+00:00 [running]> on host 3a3d0401ac26
[2024-03-20 20:58:05,059] {taskinstance.py:1302} INFO - Exporting the following env vars:
AIRFLOW_CTX_DAG_OWNER=***
AIRFLOW_CTX_DAG_ID=***_exam
AIRFLOW_CTX_TASK_ID=transform_into_data.csv
AIRFLOW_CTX_EXECUTION_DATE=2024-03-20T20:57:00+00:00
AIRFLOW_CTX_DAG_RUN_ID=scheduled__2024-03-20T20:57:00+00:00
[2024-03-20 20:58:05,069] {logging_mixin.py:104} INFO - 
[2024-03-20 20:58:05,096] {logging_mixin.py:104} INFO -     temperature        city  pression              date
0       286.56       Paris      1019  2024-03-20 20:58
1       286.55      London      1020  2024-03-20 20:58
2       290.56  Washington      1008  2024-03-20 20:58
3       286.56       Paris      1019  2024-03-20 20:57
4       286.55      London      1020  2024-03-20 20:57
5       290.56  Washington      1008  2024-03-20 20:57
6       286.56       Paris      1019  2024-03-20 20:56
7       286.45      London      1020  2024-03-20 20:56
8       290.55  Washington      1008  2024-03-20 20:56
9       286.56       Paris      1019  2024-03-20 20:55
[2024-03-20 20:58:05,100] {python.py:151} INFO - Done. Returned value was: None
[2024-03-20 20:58:05,114] {taskinstance.py:1211} INFO - Marking task as SUCCESS. dag_id=***_exam, task_id=transform_into_data.csv, execution_date=20240320T205700, start_date=20240320T205804, end_date=20240320T205805
[2024-03-20 20:58:05,152] {taskinstance.py:1265} INFO - 0 downstream tasks scheduled from follow-on schedule check
[2024-03-20 20:58:05,182] {local_task_job.py:151} INFO - Task exited with return code 0
