[2024-03-20 23:37:04,892] {taskinstance.py:896} INFO - Dependencies all met for <TaskInstance: airflow_exam.transform_into_data.csv 2024-03-20T23:36:00+00:00 [queued]>
[2024-03-20 23:37:04,910] {taskinstance.py:896} INFO - Dependencies all met for <TaskInstance: airflow_exam.transform_into_data.csv 2024-03-20T23:36:00+00:00 [queued]>
[2024-03-20 23:37:04,910] {taskinstance.py:1087} INFO - 
--------------------------------------------------------------------------------
[2024-03-20 23:37:04,910] {taskinstance.py:1088} INFO - Starting attempt 1 of 1
[2024-03-20 23:37:04,911] {taskinstance.py:1089} INFO - 
--------------------------------------------------------------------------------
[2024-03-20 23:37:04,931] {taskinstance.py:1107} INFO - Executing <Task(PythonOperator): transform_into_data.csv> on 2024-03-20T23:36:00+00:00
[2024-03-20 23:37:04,941] {standard_task_runner.py:52} INFO - Started process 39287 to run task
[2024-03-20 23:37:04,945] {standard_task_runner.py:76} INFO - Running: ['***', 'tasks', 'run', '***_exam', 'transform_into_data.csv', '2024-03-20T23:36:00+00:00', '--job-id', '8122', '--pool', 'default_pool', '--raw', '--subdir', 'DAGS_FOLDER/DAG.py', '--cfg-path', '/tmp/tmpfox39by6', '--error-file', '/tmp/tmpm4qq3mi0']
[2024-03-20 23:37:04,946] {standard_task_runner.py:77} INFO - Job 8122: Subtask transform_into_data.csv
[2024-03-20 23:37:05,013] {logging_mixin.py:104} INFO - Running <TaskInstance: ***_exam.transform_into_data.csv 2024-03-20T23:36:00+00:00 [running]> on host 3a3d0401ac26
[2024-03-20 23:37:05,107] {taskinstance.py:1302} INFO - Exporting the following env vars:
AIRFLOW_CTX_DAG_OWNER=***
AIRFLOW_CTX_DAG_ID=***_exam
AIRFLOW_CTX_TASK_ID=transform_into_data.csv
AIRFLOW_CTX_EXECUTION_DATE=2024-03-20T23:36:00+00:00
AIRFLOW_CTX_DAG_RUN_ID=scheduled__2024-03-20T23:36:00+00:00
[2024-03-20 23:37:05,118] {logging_mixin.py:104} INFO - 
[2024-03-20 23:37:05,160] {logging_mixin.py:104} INFO -     temperature        city  pression              date
0       286.32       Paris      1021  2024-03-20 23:37
1       284.81      London      1022  2024-03-20 23:37
2       290.99  Washington      1007  2024-03-20 23:37
3       286.32       Paris      1021  2024-03-20 23:36
4       284.81      London      1022  2024-03-20 23:36
5       290.99  Washington      1007  2024-03-20 23:36
6       286.32       Paris      1021  2024-03-20 23:35
7       284.81      London      1022  2024-03-20 23:35
8       290.99  Washington      1007  2024-03-20 23:35
9       286.32       Paris      1021  2024-03-20 23:34
[2024-03-20 23:37:05,167] {python.py:151} INFO - Done. Returned value was: None
[2024-03-20 23:37:05,183] {taskinstance.py:1211} INFO - Marking task as SUCCESS. dag_id=***_exam, task_id=transform_into_data.csv, execution_date=20240320T233600, start_date=20240320T233704, end_date=20240320T233705
[2024-03-20 23:37:05,223] {taskinstance.py:1265} INFO - 0 downstream tasks scheduled from follow-on schedule check
[2024-03-20 23:37:05,237] {local_task_job.py:151} INFO - Task exited with return code 0
