[2023-10-06 20:10:04,022] {taskinstance.py:896} INFO - Dependencies all met for <TaskInstance: airflow_exam.transform_into_data.csv 2023-10-06T20:09:00+00:00 [queued]>
[2023-10-06 20:10:04,043] {taskinstance.py:896} INFO - Dependencies all met for <TaskInstance: airflow_exam.transform_into_data.csv 2023-10-06T20:09:00+00:00 [queued]>
[2023-10-06 20:10:04,043] {taskinstance.py:1087} INFO - 
--------------------------------------------------------------------------------
[2023-10-06 20:10:04,044] {taskinstance.py:1088} INFO - Starting attempt 1 of 1
[2023-10-06 20:10:04,044] {taskinstance.py:1089} INFO - 
--------------------------------------------------------------------------------
[2023-10-06 20:10:04,070] {taskinstance.py:1107} INFO - Executing <Task(PythonOperator): transform_into_data.csv> on 2023-10-06T20:09:00+00:00
[2023-10-06 20:10:04,079] {standard_task_runner.py:52} INFO - Started process 13089 to run task
[2023-10-06 20:10:04,082] {standard_task_runner.py:76} INFO - Running: ['***', 'tasks', 'run', '***_exam', 'transform_into_data.csv', '2023-10-06T20:09:00+00:00', '--job-id', '740', '--pool', 'default_pool', '--raw', '--subdir', 'DAGS_FOLDER/DAG.py', '--cfg-path', '/tmp/tmpbxpjx0xd', '--error-file', '/tmp/tmp9q4yk9be']
[2023-10-06 20:10:04,082] {standard_task_runner.py:77} INFO - Job 740: Subtask transform_into_data.csv
[2023-10-06 20:10:04,125] {logging_mixin.py:104} INFO - Running <TaskInstance: ***_exam.transform_into_data.csv 2023-10-06T20:09:00+00:00 [running]> on host 3a3d0401ac26
[2023-10-06 20:10:04,190] {taskinstance.py:1302} INFO - Exporting the following env vars:
AIRFLOW_CTX_DAG_OWNER=***
AIRFLOW_CTX_DAG_ID=***_exam
AIRFLOW_CTX_TASK_ID=transform_into_data.csv
AIRFLOW_CTX_EXECUTION_DATE=2023-10-06T20:09:00+00:00
AIRFLOW_CTX_DAG_RUN_ID=scheduled__2023-10-06T20:09:00+00:00
[2023-10-06 20:10:04,197] {logging_mixin.py:104} INFO - 
[2023-10-06 20:10:04,216] {logging_mixin.py:104} INFO -     temperature        city  pression              date
0       288.11       Paris      1026  2023-10-06 20:10
1       289.96      London      1023  2023-10-06 20:10
2       293.70  Washington      1024  2023-10-06 20:10
3       288.11       Paris      1026  2023-10-06 20:09
4       289.96      London      1023  2023-10-06 20:09
5       293.70  Washington      1024  2023-10-06 20:09
6       288.11       Paris      1026  2023-10-06 20:08
7       289.96      London      1023  2023-10-06 20:08
8       293.70  Washington      1024  2023-10-06 20:08
9       288.11       Paris      1026  2023-10-06 20:07
[2023-10-06 20:10:04,220] {python.py:151} INFO - Done. Returned value was: None
[2023-10-06 20:10:04,231] {taskinstance.py:1211} INFO - Marking task as SUCCESS. dag_id=***_exam, task_id=transform_into_data.csv, execution_date=20231006T200900, start_date=20231006T201004, end_date=20231006T201004
[2023-10-06 20:10:04,262] {taskinstance.py:1265} INFO - 0 downstream tasks scheduled from follow-on schedule check
[2023-10-06 20:10:04,294] {local_task_job.py:151} INFO - Task exited with return code 0
