[2024-03-16 01:43:04,689] {taskinstance.py:896} INFO - Dependencies all met for <TaskInstance: airflow_exam.transform_into_data.csv 2024-03-16T01:42:00+00:00 [queued]>
[2024-03-16 01:43:04,727] {taskinstance.py:896} INFO - Dependencies all met for <TaskInstance: airflow_exam.transform_into_data.csv 2024-03-16T01:42:00+00:00 [queued]>
[2024-03-16 01:43:04,727] {taskinstance.py:1087} INFO - 
--------------------------------------------------------------------------------
[2024-03-16 01:43:04,727] {taskinstance.py:1088} INFO - Starting attempt 1 of 1
[2024-03-16 01:43:04,727] {taskinstance.py:1089} INFO - 
--------------------------------------------------------------------------------
[2024-03-16 01:43:04,748] {taskinstance.py:1107} INFO - Executing <Task(PythonOperator): transform_into_data.csv> on 2024-03-16T01:42:00+00:00
[2024-03-16 01:43:04,763] {standard_task_runner.py:52} INFO - Started process 117708 to run task
[2024-03-16 01:43:04,771] {standard_task_runner.py:76} INFO - Running: ['***', 'tasks', 'run', '***_exam', 'transform_into_data.csv', '2024-03-16T01:42:00+00:00', '--job-id', '5792', '--pool', 'default_pool', '--raw', '--subdir', 'DAGS_FOLDER/DAG.py', '--cfg-path', '/tmp/tmpdo91m7n7', '--error-file', '/tmp/tmpfxy2zpad']
[2024-03-16 01:43:04,773] {standard_task_runner.py:77} INFO - Job 5792: Subtask transform_into_data.csv
[2024-03-16 01:43:04,854] {logging_mixin.py:104} INFO - Running <TaskInstance: ***_exam.transform_into_data.csv 2024-03-16T01:42:00+00:00 [running]> on host 3a3d0401ac26
[2024-03-16 01:43:04,960] {taskinstance.py:1302} INFO - Exporting the following env vars:
AIRFLOW_CTX_DAG_OWNER=***
AIRFLOW_CTX_DAG_ID=***_exam
AIRFLOW_CTX_TASK_ID=transform_into_data.csv
AIRFLOW_CTX_EXECUTION_DATE=2024-03-16T01:42:00+00:00
AIRFLOW_CTX_DAG_RUN_ID=scheduled__2024-03-16T01:42:00+00:00
[2024-03-16 01:43:04,973] {logging_mixin.py:104} INFO - 
[2024-03-16 01:43:05,018] {logging_mixin.py:104} INFO -     temperature        city  pression              date
0       284.55       Paris      1016  2024-03-16 01:43
1       281.07      London      1014  2024-03-16 01:43
2       284.30  Washington      1022  2024-03-16 01:43
3       284.55       Paris      1016  2024-03-16 01:42
4       281.07      London      1014  2024-03-16 01:42
5       284.30  Washington      1022  2024-03-16 01:42
6       284.55       Paris      1016  2024-03-16 01:41
7       281.07      London      1014  2024-03-16 01:41
8       284.30  Washington      1022  2024-03-16 01:41
9       284.55       Paris      1016  2024-03-16 01:40
[2024-03-16 01:43:05,025] {python.py:151} INFO - Done. Returned value was: None
[2024-03-16 01:43:05,050] {taskinstance.py:1211} INFO - Marking task as SUCCESS. dag_id=***_exam, task_id=transform_into_data.csv, execution_date=20240316T014200, start_date=20240316T014304, end_date=20240316T014305
[2024-03-16 01:43:05,103] {taskinstance.py:1265} INFO - 0 downstream tasks scheduled from follow-on schedule check
[2024-03-16 01:43:05,143] {local_task_job.py:151} INFO - Task exited with return code 0
