[2024-03-16 03:19:08,200] {taskinstance.py:896} INFO - Dependencies all met for <TaskInstance: airflow_exam.compute_rf_score 2024-03-16T03:18:00+00:00 [queued]>
[2024-03-16 03:19:08,236] {taskinstance.py:896} INFO - Dependencies all met for <TaskInstance: airflow_exam.compute_rf_score 2024-03-16T03:18:00+00:00 [queued]>
[2024-03-16 03:19:08,236] {taskinstance.py:1087} INFO - 
--------------------------------------------------------------------------------
[2024-03-16 03:19:08,236] {taskinstance.py:1088} INFO - Starting attempt 1 of 1
[2024-03-16 03:19:08,237] {taskinstance.py:1089} INFO - 
--------------------------------------------------------------------------------
[2024-03-16 03:19:08,259] {taskinstance.py:1107} INFO - Executing <Task(PythonOperator): compute_rf_score> on 2024-03-16T03:18:00+00:00
[2024-03-16 03:19:08,272] {standard_task_runner.py:52} INFO - Started process 138364 to run task
[2024-03-16 03:19:08,278] {standard_task_runner.py:76} INFO - Running: ['***', 'tasks', 'run', '***_exam', 'compute_rf_score', '2024-03-16T03:18:00+00:00', '--job-id', '6468', '--pool', 'default_pool', '--raw', '--subdir', 'DAGS_FOLDER/DAG.py', '--cfg-path', '/tmp/tmpk13ebsw1', '--error-file', '/tmp/tmpba0fn0rc']
[2024-03-16 03:19:08,279] {standard_task_runner.py:77} INFO - Job 6468: Subtask compute_rf_score
[2024-03-16 03:19:08,394] {logging_mixin.py:104} INFO - Running <TaskInstance: ***_exam.compute_rf_score 2024-03-16T03:18:00+00:00 [running]> on host 3a3d0401ac26
[2024-03-16 03:19:08,537] {taskinstance.py:1302} INFO - Exporting the following env vars:
AIRFLOW_CTX_DAG_OWNER=***
AIRFLOW_CTX_DAG_ID=***_exam
AIRFLOW_CTX_TASK_ID=compute_rf_score
AIRFLOW_CTX_EXECUTION_DATE=2024-03-16T03:18:00+00:00
AIRFLOW_CTX_DAG_RUN_ID=scheduled__2024-03-16T03:18:00+00:00
[2024-03-16 03:19:11,470] {python.py:151} INFO - Done. Returned value was: None
[2024-03-16 03:19:11,485] {taskinstance.py:1211} INFO - Marking task as SUCCESS. dag_id=***_exam, task_id=compute_rf_score, execution_date=20240316T031800, start_date=20240316T031908, end_date=20240316T031911
[2024-03-16 03:19:11,523] {taskinstance.py:1265} INFO - 1 downstream tasks scheduled from follow-on schedule check
[2024-03-16 03:19:11,535] {local_task_job.py:151} INFO - Task exited with return code 0
