[2024-03-15 22:45:07,668] {taskinstance.py:896} INFO - Dependencies all met for <TaskInstance: airflow_exam.compute_lr_score 2024-03-15T22:44:00+00:00 [queued]>
[2024-03-15 22:45:07,703] {taskinstance.py:896} INFO - Dependencies all met for <TaskInstance: airflow_exam.compute_lr_score 2024-03-15T22:44:00+00:00 [queued]>
[2024-03-15 22:45:07,703] {taskinstance.py:1087} INFO - 
--------------------------------------------------------------------------------
[2024-03-15 22:45:07,703] {taskinstance.py:1088} INFO - Starting attempt 1 of 1
[2024-03-15 22:45:07,704] {taskinstance.py:1089} INFO - 
--------------------------------------------------------------------------------
[2024-03-15 22:45:07,725] {taskinstance.py:1107} INFO - Executing <Task(PythonOperator): compute_lr_score> on 2024-03-15T22:44:00+00:00
[2024-03-15 22:45:07,740] {standard_task_runner.py:52} INFO - Started process 80798 to run task
[2024-03-15 22:45:07,748] {standard_task_runner.py:76} INFO - Running: ['***', 'tasks', 'run', '***_exam', 'compute_lr_score', '2024-03-15T22:44:00+00:00', '--job-id', '4556', '--pool', 'default_pool', '--raw', '--subdir', 'DAGS_FOLDER/DAG.py', '--cfg-path', '/tmp/tmpj4jn_rkv', '--error-file', '/tmp/tmp6e3bzba5']
[2024-03-15 22:45:07,748] {standard_task_runner.py:77} INFO - Job 4556: Subtask compute_lr_score
[2024-03-15 22:45:07,837] {logging_mixin.py:104} INFO - Running <TaskInstance: ***_exam.compute_lr_score 2024-03-15T22:44:00+00:00 [running]> on host 3a3d0401ac26
[2024-03-15 22:45:07,928] {taskinstance.py:1302} INFO - Exporting the following env vars:
AIRFLOW_CTX_DAG_OWNER=***
AIRFLOW_CTX_DAG_ID=***_exam
AIRFLOW_CTX_TASK_ID=compute_lr_score
AIRFLOW_CTX_EXECUTION_DATE=2024-03-15T22:44:00+00:00
AIRFLOW_CTX_DAG_RUN_ID=scheduled__2024-03-15T22:44:00+00:00
[2024-03-15 22:45:08,270] {python.py:151} INFO - Done. Returned value was: None
[2024-03-15 22:45:08,284] {taskinstance.py:1211} INFO - Marking task as SUCCESS. dag_id=***_exam, task_id=compute_lr_score, execution_date=20240315T224400, start_date=20240315T224507, end_date=20240315T224508
[2024-03-15 22:45:08,333] {taskinstance.py:1265} INFO - 0 downstream tasks scheduled from follow-on schedule check
[2024-03-15 22:45:08,363] {local_task_job.py:151} INFO - Task exited with return code 0
