[2023-10-06 20:16:08,143] {taskinstance.py:896} INFO - Dependencies all met for <TaskInstance: airflow_exam.compute_lr_score 2023-10-06T20:15:00+00:00 [queued]>
[2023-10-06 20:16:08,197] {taskinstance.py:896} INFO - Dependencies all met for <TaskInstance: airflow_exam.compute_lr_score 2023-10-06T20:15:00+00:00 [queued]>
[2023-10-06 20:16:08,198] {taskinstance.py:1087} INFO - 
--------------------------------------------------------------------------------
[2023-10-06 20:16:08,198] {taskinstance.py:1088} INFO - Starting attempt 1 of 1
[2023-10-06 20:16:08,198] {taskinstance.py:1089} INFO - 
--------------------------------------------------------------------------------
[2023-10-06 20:16:08,237] {taskinstance.py:1107} INFO - Executing <Task(PythonOperator): compute_lr_score> on 2023-10-06T20:15:00+00:00
[2023-10-06 20:16:08,253] {standard_task_runner.py:52} INFO - Started process 14261 to run task
[2023-10-06 20:16:08,258] {standard_task_runner.py:76} INFO - Running: ['***', 'tasks', 'run', '***_exam', 'compute_lr_score', '2023-10-06T20:15:00+00:00', '--job-id', '784', '--pool', 'default_pool', '--raw', '--subdir', 'DAGS_FOLDER/DAG.py', '--cfg-path', '/tmp/tmpdioprh3n', '--error-file', '/tmp/tmpsnyr2mo3']
[2023-10-06 20:16:08,259] {standard_task_runner.py:77} INFO - Job 784: Subtask compute_lr_score
[2023-10-06 20:16:08,362] {logging_mixin.py:104} INFO - Running <TaskInstance: ***_exam.compute_lr_score 2023-10-06T20:15:00+00:00 [running]> on host 3a3d0401ac26
[2023-10-06 20:16:08,458] {taskinstance.py:1302} INFO - Exporting the following env vars:
AIRFLOW_CTX_DAG_OWNER=***
AIRFLOW_CTX_DAG_ID=***_exam
AIRFLOW_CTX_TASK_ID=compute_lr_score
AIRFLOW_CTX_EXECUTION_DATE=2023-10-06T20:15:00+00:00
AIRFLOW_CTX_DAG_RUN_ID=scheduled__2023-10-06T20:15:00+00:00
[2023-10-06 20:16:08,700] {python.py:151} INFO - Done. Returned value was: None
[2023-10-06 20:16:08,720] {taskinstance.py:1211} INFO - Marking task as SUCCESS. dag_id=***_exam, task_id=compute_lr_score, execution_date=20231006T201500, start_date=20231006T201608, end_date=20231006T201608
[2023-10-06 20:16:08,770] {taskinstance.py:1265} INFO - 0 downstream tasks scheduled from follow-on schedule check
[2023-10-06 20:16:08,794] {local_task_job.py:151} INFO - Task exited with return code 0
