[2024-03-21 17:06:05,548] {taskinstance.py:896} INFO - Dependencies all met for <TaskInstance: airflow_exam.transform_into_fulldata.csv 2024-03-21T17:05:00+00:00 [queued]>
[2024-03-21 17:06:05,573] {taskinstance.py:896} INFO - Dependencies all met for <TaskInstance: airflow_exam.transform_into_fulldata.csv 2024-03-21T17:05:00+00:00 [queued]>
[2024-03-21 17:06:05,573] {taskinstance.py:1087} INFO - 
--------------------------------------------------------------------------------
[2024-03-21 17:06:05,573] {taskinstance.py:1088} INFO - Starting attempt 1 of 1
[2024-03-21 17:06:05,573] {taskinstance.py:1089} INFO - 
--------------------------------------------------------------------------------
[2024-03-21 17:06:05,589] {taskinstance.py:1107} INFO - Executing <Task(PythonOperator): transform_into_fulldata.csv> on 2024-03-21T17:05:00+00:00
[2024-03-21 17:06:05,603] {standard_task_runner.py:52} INFO - Started process 18362 to run task
[2024-03-21 17:06:05,606] {standard_task_runner.py:76} INFO - Running: ['***', 'tasks', 'run', '***_exam', 'transform_into_fulldata.csv', '2024-03-21T17:05:00+00:00', '--job-id', '9646', '--pool', 'default_pool', '--raw', '--subdir', 'DAGS_FOLDER/DAG.py', '--cfg-path', '/tmp/tmp0864dhmw', '--error-file', '/tmp/tmp50pu2vzd']
[2024-03-21 17:06:05,607] {standard_task_runner.py:77} INFO - Job 9646: Subtask transform_into_fulldata.csv
[2024-03-21 17:06:05,666] {logging_mixin.py:104} INFO - Running <TaskInstance: ***_exam.transform_into_fulldata.csv 2024-03-21T17:05:00+00:00 [running]> on host 3a3d0401ac26
[2024-03-21 17:06:05,739] {taskinstance.py:1302} INFO - Exporting the following env vars:
AIRFLOW_CTX_DAG_OWNER=***
AIRFLOW_CTX_DAG_ID=***_exam
AIRFLOW_CTX_TASK_ID=transform_into_fulldata.csv
AIRFLOW_CTX_EXECUTION_DATE=2024-03-21T17:05:00+00:00
AIRFLOW_CTX_DAG_RUN_ID=scheduled__2024-03-21T17:05:00+00:00
[2024-03-21 17:06:05,849] {logging_mixin.py:104} INFO - 
[2024-03-21 17:06:05,877] {logging_mixin.py:104} INFO -     temperature        city  pression              date
0       291.81       Paris      1025  2024-03-21 17:06
1       288.80      London      1022  2024-03-21 17:06
2       282.52  Washington      1015  2024-03-21 17:06
3       291.81       Paris      1025  2024-03-21 17:05
4       288.94      London      1022  2024-03-21 17:05
5       282.17  Washington      1015  2024-03-21 17:05
6       291.81       Paris      1025  2024-03-21 17:04
7       288.94      London      1022  2024-03-21 17:04
8       282.17  Washington      1015  2024-03-21 17:04
9       291.63       Paris      1025  2024-03-21 17:03
[2024-03-21 17:06:05,903] {python.py:151} INFO - Done. Returned value was: None
[2024-03-21 17:06:05,921] {taskinstance.py:1211} INFO - Marking task as SUCCESS. dag_id=***_exam, task_id=transform_into_fulldata.csv, execution_date=20240321T170500, start_date=20240321T170605, end_date=20240321T170605
[2024-03-21 17:06:05,967] {taskinstance.py:1265} INFO - 3 downstream tasks scheduled from follow-on schedule check
[2024-03-21 17:06:05,979] {local_task_job.py:151} INFO - Task exited with return code 0
