[2024-03-21 18:51:06,281] {taskinstance.py:896} INFO - Dependencies all met for <TaskInstance: airflow_exam.transform_into_fulldata.csv 2024-03-21T18:50:00+00:00 [queued]>
[2024-03-21 18:51:06,313] {taskinstance.py:896} INFO - Dependencies all met for <TaskInstance: airflow_exam.transform_into_fulldata.csv 2024-03-21T18:50:00+00:00 [queued]>
[2024-03-21 18:51:06,313] {taskinstance.py:1087} INFO - 
--------------------------------------------------------------------------------
[2024-03-21 18:51:06,313] {taskinstance.py:1088} INFO - Starting attempt 1 of 1
[2024-03-21 18:51:06,313] {taskinstance.py:1089} INFO - 
--------------------------------------------------------------------------------
[2024-03-21 18:51:06,342] {taskinstance.py:1107} INFO - Executing <Task(PythonOperator): transform_into_fulldata.csv> on 2024-03-21T18:50:00+00:00
[2024-03-21 18:51:06,363] {standard_task_runner.py:52} INFO - Started process 40986 to run task
[2024-03-21 18:51:06,370] {standard_task_runner.py:76} INFO - Running: ['***', 'tasks', 'run', '***_exam', 'transform_into_fulldata.csv', '2024-03-21T18:50:00+00:00', '--job-id', '10381', '--pool', 'default_pool', '--raw', '--subdir', 'DAGS_FOLDER/DAG.py', '--cfg-path', '/tmp/tmpmhp1ki_x', '--error-file', '/tmp/tmpu0sg6a8a']
[2024-03-21 18:51:06,371] {standard_task_runner.py:77} INFO - Job 10381: Subtask transform_into_fulldata.csv
[2024-03-21 18:51:06,473] {logging_mixin.py:104} INFO - Running <TaskInstance: ***_exam.transform_into_fulldata.csv 2024-03-21T18:50:00+00:00 [running]> on host 3a3d0401ac26
[2024-03-21 18:51:06,596] {taskinstance.py:1302} INFO - Exporting the following env vars:
AIRFLOW_CTX_DAG_OWNER=***
AIRFLOW_CTX_DAG_ID=***_exam
AIRFLOW_CTX_TASK_ID=transform_into_fulldata.csv
AIRFLOW_CTX_EXECUTION_DATE=2024-03-21T18:50:00+00:00
AIRFLOW_CTX_DAG_RUN_ID=scheduled__2024-03-21T18:50:00+00:00
[2024-03-21 18:51:06,921] {logging_mixin.py:104} INFO - 
[2024-03-21 18:51:06,976] {logging_mixin.py:104} INFO -     temperature        city  pression              date
0       289.17       Paris      1025  2024-03-21 18:51
1       287.61      London      1022  2024-03-21 18:51
2       285.62  Washington      1014  2024-03-21 18:51
3       289.17       Paris      1025  2024-03-21 18:50
4       287.61      London      1022  2024-03-21 18:50
5       285.62  Washington      1014  2024-03-21 18:50
6       289.17       Paris      1025  2024-03-21 18:49
7       287.61      London      1022  2024-03-21 18:49
8       285.62  Washington      1014  2024-03-21 18:49
9       289.17       Paris      1025  2024-03-21 18:48
[2024-03-21 18:51:07,031] {python.py:151} INFO - Done. Returned value was: None
[2024-03-21 18:51:07,074] {taskinstance.py:1211} INFO - Marking task as SUCCESS. dag_id=***_exam, task_id=transform_into_fulldata.csv, execution_date=20240321T185000, start_date=20240321T185106, end_date=20240321T185107
[2024-03-21 18:51:07,206] {taskinstance.py:1265} INFO - 3 downstream tasks scheduled from follow-on schedule check
[2024-03-21 18:51:07,270] {local_task_job.py:151} INFO - Task exited with return code 0
