[2024-03-15 14:34:05,064] {taskinstance.py:896} INFO - Dependencies all met for <TaskInstance: airflow_exam.transform_into_data.csv 2024-03-15T14:33:00+00:00 [queued]>
[2024-03-15 14:34:05,093] {taskinstance.py:896} INFO - Dependencies all met for <TaskInstance: airflow_exam.transform_into_data.csv 2024-03-15T14:33:00+00:00 [queued]>
[2024-03-15 14:34:05,093] {taskinstance.py:1087} INFO - 
--------------------------------------------------------------------------------
[2024-03-15 14:34:05,093] {taskinstance.py:1088} INFO - Starting attempt 1 of 1
[2024-03-15 14:34:05,093] {taskinstance.py:1089} INFO - 
--------------------------------------------------------------------------------
[2024-03-15 14:34:05,110] {taskinstance.py:1107} INFO - Executing <Task(PythonOperator): transform_into_data.csv> on 2024-03-15T14:33:00+00:00
[2024-03-15 14:34:05,121] {standard_task_runner.py:52} INFO - Started process 8265 to run task
[2024-03-15 14:34:05,125] {standard_task_runner.py:76} INFO - Running: ['***', 'tasks', 'run', '***_exam', 'transform_into_data.csv', '2024-03-15T14:33:00+00:00', '--job-id', '2004', '--pool', 'default_pool', '--raw', '--subdir', 'DAGS_FOLDER/DAG.py', '--cfg-path', '/tmp/tmpftvrqd9b', '--error-file', '/tmp/tmpkkh65_mo']
[2024-03-15 14:34:05,126] {standard_task_runner.py:77} INFO - Job 2004: Subtask transform_into_data.csv
[2024-03-15 14:34:05,205] {logging_mixin.py:104} INFO - Running <TaskInstance: ***_exam.transform_into_data.csv 2024-03-15T14:33:00+00:00 [running]> on host 3a3d0401ac26
[2024-03-15 14:34:05,306] {taskinstance.py:1302} INFO - Exporting the following env vars:
AIRFLOW_CTX_DAG_OWNER=***
AIRFLOW_CTX_DAG_ID=***_exam
AIRFLOW_CTX_TASK_ID=transform_into_data.csv
AIRFLOW_CTX_EXECUTION_DATE=2024-03-15T14:33:00+00:00
AIRFLOW_CTX_DAG_RUN_ID=scheduled__2024-03-15T14:33:00+00:00
[2024-03-15 14:34:05,315] {logging_mixin.py:104} INFO - 
[2024-03-15 14:34:05,345] {logging_mixin.py:104} INFO -     temperature        city  pression              date
0       289.62       Paris      1012  2024-03-15 14:34
1       287.19      London      1004  2024-03-15 14:34
2       274.41  Washington      1029  2024-03-15 14:34
3       289.62       Paris      1012  2024-03-15 14:33
4       287.19      London      1004  2024-03-15 14:33
5       274.41  Washington      1029  2024-03-15 14:33
6       289.66       Paris      1012  2024-03-15 14:32
7       287.22      London      1004  2024-03-15 14:32
8       274.26  Washington      1029  2024-03-15 14:32
9       289.66       Paris      1012  2024-03-15 14:31
[2024-03-15 14:34:05,352] {python.py:151} INFO - Done. Returned value was: None
[2024-03-15 14:34:05,369] {taskinstance.py:1211} INFO - Marking task as SUCCESS. dag_id=***_exam, task_id=transform_into_data.csv, execution_date=20240315T143300, start_date=20240315T143405, end_date=20240315T143405
[2024-03-15 14:34:05,419] {taskinstance.py:1265} INFO - 0 downstream tasks scheduled from follow-on schedule check
[2024-03-15 14:34:05,458] {local_task_job.py:151} INFO - Task exited with return code 0
