[2023-10-11 17:17:03,899] {taskinstance.py:896} INFO - Dependencies all met for <TaskInstance: airflow_exam.transform_into_data.csv 2023-10-11T17:16:00+00:00 [queued]>
[2023-10-11 17:17:03,914] {taskinstance.py:896} INFO - Dependencies all met for <TaskInstance: airflow_exam.transform_into_data.csv 2023-10-11T17:16:00+00:00 [queued]>
[2023-10-11 17:17:03,914] {taskinstance.py:1087} INFO - 
--------------------------------------------------------------------------------
[2023-10-11 17:17:03,914] {taskinstance.py:1088} INFO - Starting attempt 1 of 1
[2023-10-11 17:17:03,914] {taskinstance.py:1089} INFO - 
--------------------------------------------------------------------------------
[2023-10-11 17:17:03,931] {taskinstance.py:1107} INFO - Executing <Task(PythonOperator): transform_into_data.csv> on 2023-10-11T17:16:00+00:00
[2023-10-11 17:17:03,940] {standard_task_runner.py:52} INFO - Started process 1241 to run task
[2023-10-11 17:17:03,943] {standard_task_runner.py:76} INFO - Running: ['***', 'tasks', 'run', '***_exam', 'transform_into_data.csv', '2023-10-11T17:16:00+00:00', '--job-id', '1499', '--pool', 'default_pool', '--raw', '--subdir', 'DAGS_FOLDER/DAG.py', '--cfg-path', '/tmp/tmp8_9gqsvt', '--error-file', '/tmp/tmp8amtpp_q']
[2023-10-11 17:17:03,944] {standard_task_runner.py:77} INFO - Job 1499: Subtask transform_into_data.csv
[2023-10-11 17:17:03,991] {logging_mixin.py:104} INFO - Running <TaskInstance: ***_exam.transform_into_data.csv 2023-10-11T17:16:00+00:00 [running]> on host 3a3d0401ac26
[2023-10-11 17:17:04,125] {taskinstance.py:1302} INFO - Exporting the following env vars:
AIRFLOW_CTX_DAG_OWNER=***
AIRFLOW_CTX_DAG_ID=***_exam
AIRFLOW_CTX_TASK_ID=transform_into_data.csv
AIRFLOW_CTX_EXECUTION_DATE=2023-10-11T17:16:00+00:00
AIRFLOW_CTX_DAG_RUN_ID=scheduled__2023-10-11T17:16:00+00:00
[2023-10-11 17:17:04,132] {logging_mixin.py:104} INFO - 
[2023-10-11 17:17:04,162] {logging_mixin.py:104} INFO -     temperature        city  pression              date
0       296.85       Paris      1015  2023-10-11 17:17
1       290.68      London      1012  2023-10-11 17:17
2       282.37  Washington      1004  2023-10-11 17:17
3       296.85       Paris      1015  2023-10-11 17:16
4       290.68      London      1012  2023-10-11 17:16
5       282.37  Washington      1004  2023-10-11 17:16
6       296.85       Paris      1015  2023-10-11 17:15
7       290.68      London      1012  2023-10-11 17:15
8       282.37  Washington      1004  2023-10-11 17:15
9       296.85       Paris      1015  2023-10-11 17:14
[2023-10-11 17:17:04,169] {python.py:151} INFO - Done. Returned value was: None
[2023-10-11 17:17:04,185] {taskinstance.py:1211} INFO - Marking task as SUCCESS. dag_id=***_exam, task_id=transform_into_data.csv, execution_date=20231011T171600, start_date=20231011T171703, end_date=20231011T171704
[2023-10-11 17:17:04,223] {taskinstance.py:1265} INFO - 0 downstream tasks scheduled from follow-on schedule check
[2023-10-11 17:17:04,276] {local_task_job.py:151} INFO - Task exited with return code 0
