[2024-03-15 14:23:04,488] {taskinstance.py:896} INFO - Dependencies all met for <TaskInstance: airflow_exam.transform_into_fulldata.csv 2024-03-15T14:22:00+00:00 [queued]>
[2024-03-15 14:23:04,508] {taskinstance.py:896} INFO - Dependencies all met for <TaskInstance: airflow_exam.transform_into_fulldata.csv 2024-03-15T14:22:00+00:00 [queued]>
[2024-03-15 14:23:04,508] {taskinstance.py:1087} INFO - 
--------------------------------------------------------------------------------
[2024-03-15 14:23:04,508] {taskinstance.py:1088} INFO - Starting attempt 1 of 1
[2024-03-15 14:23:04,508] {taskinstance.py:1089} INFO - 
--------------------------------------------------------------------------------
[2024-03-15 14:23:04,518] {taskinstance.py:1107} INFO - Executing <Task(PythonOperator): transform_into_fulldata.csv> on 2024-03-15T14:22:00+00:00
[2024-03-15 14:23:04,525] {standard_task_runner.py:52} INFO - Started process 6254 to run task
[2024-03-15 14:23:04,528] {standard_task_runner.py:76} INFO - Running: ['***', 'tasks', 'run', '***_exam', 'transform_into_fulldata.csv', '2024-03-15T14:22:00+00:00', '--job-id', '1927', '--pool', 'default_pool', '--raw', '--subdir', 'DAGS_FOLDER/DAG.py', '--cfg-path', '/tmp/tmpsv4qbnut', '--error-file', '/tmp/tmpwh5ueb7q']
[2024-03-15 14:23:04,528] {standard_task_runner.py:77} INFO - Job 1927: Subtask transform_into_fulldata.csv
[2024-03-15 14:23:04,572] {logging_mixin.py:104} INFO - Running <TaskInstance: ***_exam.transform_into_fulldata.csv 2024-03-15T14:22:00+00:00 [running]> on host 3a3d0401ac26
[2024-03-15 14:23:04,630] {taskinstance.py:1302} INFO - Exporting the following env vars:
AIRFLOW_CTX_DAG_OWNER=***
AIRFLOW_CTX_DAG_ID=***_exam
AIRFLOW_CTX_TASK_ID=transform_into_fulldata.csv
AIRFLOW_CTX_EXECUTION_DATE=2024-03-15T14:22:00+00:00
AIRFLOW_CTX_DAG_RUN_ID=scheduled__2024-03-15T14:22:00+00:00
[2024-03-15 14:23:04,646] {logging_mixin.py:104} INFO - 
[2024-03-15 14:23:04,667] {logging_mixin.py:104} INFO -     temperature        city  pression              date
0       289.48       Paris      1012  2024-03-15 14:23
1       287.32      London      1004  2024-03-15 14:23
2       274.21  Washington      1029  2024-03-15 14:23
3       289.48       Paris      1012  2024-03-15 14:22
4       287.32      London      1004  2024-03-15 14:22
5       274.21  Washington      1029  2024-03-15 14:22
6       289.48       Paris      1012  2024-03-15 14:21
7       287.32      London      1004  2024-03-15 14:21
8       274.21  Washington      1029  2024-03-15 14:21
9       289.48       Paris      1012  2024-03-15 14:20
[2024-03-15 14:23:04,672] {python.py:151} INFO - Done. Returned value was: None
[2024-03-15 14:23:04,684] {taskinstance.py:1211} INFO - Marking task as SUCCESS. dag_id=***_exam, task_id=transform_into_fulldata.csv, execution_date=20240315T142200, start_date=20240315T142304, end_date=20240315T142304
[2024-03-15 14:23:04,721] {taskinstance.py:1265} INFO - 3 downstream tasks scheduled from follow-on schedule check
[2024-03-15 14:23:04,741] {local_task_job.py:151} INFO - Task exited with return code 0
