[2023-10-05 19:11:49,451] {taskinstance.py:896} INFO - Dependencies all met for <TaskInstance: airflow_exam.transform_into_csv 2023-10-05T16:58:00+00:00 [queued]>
[2023-10-05 19:11:49,490] {taskinstance.py:896} INFO - Dependencies all met for <TaskInstance: airflow_exam.transform_into_csv 2023-10-05T16:58:00+00:00 [queued]>
[2023-10-05 19:11:49,490] {taskinstance.py:1087} INFO - 
--------------------------------------------------------------------------------
[2023-10-05 19:11:49,490] {taskinstance.py:1088} INFO - Starting attempt 1 of 1
[2023-10-05 19:11:49,490] {taskinstance.py:1089} INFO - 
--------------------------------------------------------------------------------
[2023-10-05 19:11:49,511] {taskinstance.py:1107} INFO - Executing <Task(PythonOperator): transform_into_csv> on 2023-10-05T16:58:00+00:00
[2023-10-05 19:11:49,521] {standard_task_runner.py:52} INFO - Started process 119 to run task
[2023-10-05 19:11:49,527] {standard_task_runner.py:76} INFO - Running: ['***', 'tasks', 'run', '***_exam', 'transform_into_csv', '2023-10-05T16:58:00+00:00', '--job-id', '169', '--pool', 'default_pool', '--raw', '--subdir', 'DAGS_FOLDER/DAG.py', '--cfg-path', '/tmp/tmp12pw4ssl', '--error-file', '/tmp/tmpuktu3_u4']
[2023-10-05 19:11:49,528] {standard_task_runner.py:77} INFO - Job 169: Subtask transform_into_csv
[2023-10-05 19:11:49,614] {logging_mixin.py:104} INFO - Running <TaskInstance: ***_exam.transform_into_csv 2023-10-05T16:58:00+00:00 [running]> on host 3a3d0401ac26
[2023-10-05 19:11:49,720] {taskinstance.py:1302} INFO - Exporting the following env vars:
AIRFLOW_CTX_DAG_OWNER=***
AIRFLOW_CTX_DAG_ID=***_exam
AIRFLOW_CTX_TASK_ID=transform_into_csv
AIRFLOW_CTX_EXECUTION_DATE=2023-10-05T16:58:00+00:00
AIRFLOW_CTX_DAG_RUN_ID=scheduled__2023-10-05T16:58:00+00:00
[2023-10-05 19:11:49,729] {logging_mixin.py:104} INFO - 
[2023-10-05 19:11:49,769] {logging_mixin.py:104} INFO -     temperature        city  pression              date
0       290.92       Paris      1026  2023-10-05 19:21
1       290.06      London      1024  2023-10-05 19:21
2       289.15  Washington      1026  2023-10-05 19:21
3       288.66       Paris      1026  2023-10-05 19:11
4       287.96      London      1024  2023-10-05 19:11
5       292.76  Washington      1025  2023-10-05 19:11
6       290.89       Paris      1026  2023-10-05 17:36
7       289.85      London      1024  2023-10-05 17:36
8       290.11  Washington      1026  2023-10-05 17:36
9       291.37       Paris      1026  2023-10-05 17:11
[2023-10-05 19:11:49,774] {python.py:151} INFO - Done. Returned value was: None
[2023-10-05 19:11:49,789] {taskinstance.py:1211} INFO - Marking task as SUCCESS. dag_id=***_exam, task_id=transform_into_csv, execution_date=20231005T165800, start_date=20231005T191149, end_date=20231005T191149
[2023-10-05 19:11:49,834] {taskinstance.py:1265} INFO - 0 downstream tasks scheduled from follow-on schedule check
[2023-10-05 19:11:49,859] {local_task_job.py:151} INFO - Task exited with return code 0
