[2024-03-21 16:23:09,416] {taskinstance.py:896} INFO - Dependencies all met for <TaskInstance: airflow_exam.compute_rf_score 2024-03-21T16:22:00+00:00 [queued]>
[2024-03-21 16:23:09,447] {taskinstance.py:896} INFO - Dependencies all met for <TaskInstance: airflow_exam.compute_rf_score 2024-03-21T16:22:00+00:00 [queued]>
[2024-03-21 16:23:09,447] {taskinstance.py:1087} INFO - 
--------------------------------------------------------------------------------
[2024-03-21 16:23:09,448] {taskinstance.py:1088} INFO - Starting attempt 1 of 1
[2024-03-21 16:23:09,448] {taskinstance.py:1089} INFO - 
--------------------------------------------------------------------------------
[2024-03-21 16:23:09,462] {taskinstance.py:1107} INFO - Executing <Task(PythonOperator): compute_rf_score> on 2024-03-21T16:22:00+00:00
[2024-03-21 16:23:09,475] {standard_task_runner.py:52} INFO - Started process 9117 to run task
[2024-03-21 16:23:09,479] {standard_task_runner.py:76} INFO - Running: ['***', 'tasks', 'run', '***_exam', 'compute_rf_score', '2024-03-21T16:22:00+00:00', '--job-id', '9349', '--pool', 'default_pool', '--raw', '--subdir', 'DAGS_FOLDER/DAG.py', '--cfg-path', '/tmp/tmpcpg8gczb', '--error-file', '/tmp/tmpqkmah0aq']
[2024-03-21 16:23:09,480] {standard_task_runner.py:77} INFO - Job 9349: Subtask compute_rf_score
[2024-03-21 16:23:09,549] {logging_mixin.py:104} INFO - Running <TaskInstance: ***_exam.compute_rf_score 2024-03-21T16:22:00+00:00 [running]> on host 3a3d0401ac26
[2024-03-21 16:23:09,643] {taskinstance.py:1302} INFO - Exporting the following env vars:
AIRFLOW_CTX_DAG_OWNER=***
AIRFLOW_CTX_DAG_ID=***_exam
AIRFLOW_CTX_TASK_ID=compute_rf_score
AIRFLOW_CTX_EXECUTION_DATE=2024-03-21T16:22:00+00:00
AIRFLOW_CTX_DAG_RUN_ID=scheduled__2024-03-21T16:22:00+00:00
[2024-03-21 16:23:12,948] {python.py:151} INFO - Done. Returned value was: None
[2024-03-21 16:23:12,961] {taskinstance.py:1211} INFO - Marking task as SUCCESS. dag_id=***_exam, task_id=compute_rf_score, execution_date=20240321T162200, start_date=20240321T162309, end_date=20240321T162312
[2024-03-21 16:23:13,003] {taskinstance.py:1265} INFO - 1 downstream tasks scheduled from follow-on schedule check
[2024-03-21 16:23:13,029] {local_task_job.py:151} INFO - Task exited with return code 0
