[2024-03-15 13:52:05,275] {taskinstance.py:896} INFO - Dependencies all met for <TaskInstance: airflow_exam.transform_into_data.csv 2024-03-15T13:51:00+00:00 [queued]>
[2024-03-15 13:52:05,300] {taskinstance.py:896} INFO - Dependencies all met for <TaskInstance: airflow_exam.transform_into_data.csv 2024-03-15T13:51:00+00:00 [queued]>
[2024-03-15 13:52:05,301] {taskinstance.py:1087} INFO - 
--------------------------------------------------------------------------------
[2024-03-15 13:52:05,301] {taskinstance.py:1088} INFO - Starting attempt 1 of 1
[2024-03-15 13:52:05,301] {taskinstance.py:1089} INFO - 
--------------------------------------------------------------------------------
[2024-03-15 13:52:05,313] {taskinstance.py:1107} INFO - Executing <Task(PythonOperator): transform_into_data.csv> on 2024-03-15T13:51:00+00:00
[2024-03-15 13:52:05,323] {standard_task_runner.py:52} INFO - Started process 529 to run task
[2024-03-15 13:52:05,327] {standard_task_runner.py:76} INFO - Running: ['***', 'tasks', 'run', '***_exam', 'transform_into_data.csv', '2024-03-15T13:51:00+00:00', '--job-id', '1709', '--pool', 'default_pool', '--raw', '--subdir', 'DAGS_FOLDER/DAG.py', '--cfg-path', '/tmp/tmps9tnoxyt', '--error-file', '/tmp/tmpeolads5q']
[2024-03-15 13:52:05,327] {standard_task_runner.py:77} INFO - Job 1709: Subtask transform_into_data.csv
[2024-03-15 13:52:05,385] {logging_mixin.py:104} INFO - Running <TaskInstance: ***_exam.transform_into_data.csv 2024-03-15T13:51:00+00:00 [running]> on host 3a3d0401ac26
[2024-03-15 13:52:05,452] {taskinstance.py:1302} INFO - Exporting the following env vars:
AIRFLOW_CTX_DAG_OWNER=***
AIRFLOW_CTX_DAG_ID=***_exam
AIRFLOW_CTX_TASK_ID=transform_into_data.csv
AIRFLOW_CTX_EXECUTION_DATE=2024-03-15T13:51:00+00:00
AIRFLOW_CTX_DAG_RUN_ID=scheduled__2024-03-15T13:51:00+00:00
[2024-03-15 13:52:05,457] {logging_mixin.py:104} INFO - 
[2024-03-15 13:52:05,479] {logging_mixin.py:104} INFO -     temperature        city  pression              date
0       287.55       Paris      1012  2024-03-15 13:52
1       287.75      London      1004  2024-03-15 13:52
2       274.57  Washington      1029  2024-03-15 13:52
3       287.55       Paris      1012  2024-03-15 13:51
4       287.75      London      1004  2024-03-15 13:51
5       274.57  Washington      1029  2024-03-15 13:51
6       294.81       Paris      1015  2023-10-12 17:41
7       288.47      London      1012  2023-10-12 17:41
8       285.18  Washington      1018  2023-10-12 17:41
9       294.81       Paris      1015  2023-10-12 17:40
[2024-03-15 13:52:05,482] {python.py:151} INFO - Done. Returned value was: None
[2024-03-15 13:52:05,494] {taskinstance.py:1211} INFO - Marking task as SUCCESS. dag_id=***_exam, task_id=transform_into_data.csv, execution_date=20240315T135100, start_date=20240315T135205, end_date=20240315T135205
[2024-03-15 13:52:05,528] {taskinstance.py:1265} INFO - 0 downstream tasks scheduled from follow-on schedule check
[2024-03-15 13:52:05,579] {local_task_job.py:151} INFO - Task exited with return code 0
