[2024-03-15 23:03:04,011] {taskinstance.py:896} INFO - Dependencies all met for <TaskInstance: airflow_exam.transform_into_data.csv 2024-03-15T23:02:00+00:00 [queued]>
[2024-03-15 23:03:04,042] {taskinstance.py:896} INFO - Dependencies all met for <TaskInstance: airflow_exam.transform_into_data.csv 2024-03-15T23:02:00+00:00 [queued]>
[2024-03-15 23:03:04,042] {taskinstance.py:1087} INFO - 
--------------------------------------------------------------------------------
[2024-03-15 23:03:04,043] {taskinstance.py:1088} INFO - Starting attempt 1 of 1
[2024-03-15 23:03:04,043] {taskinstance.py:1089} INFO - 
--------------------------------------------------------------------------------
[2024-03-15 23:03:04,060] {taskinstance.py:1107} INFO - Executing <Task(PythonOperator): transform_into_data.csv> on 2024-03-15T23:02:00+00:00
[2024-03-15 23:03:04,069] {standard_task_runner.py:52} INFO - Started process 84390 to run task
[2024-03-15 23:03:04,074] {standard_task_runner.py:76} INFO - Running: ['***', 'tasks', 'run', '***_exam', 'transform_into_data.csv', '2024-03-15T23:02:00+00:00', '--job-id', '4679', '--pool', 'default_pool', '--raw', '--subdir', 'DAGS_FOLDER/DAG.py', '--cfg-path', '/tmp/tmpohfaem7t', '--error-file', '/tmp/tmpcdjtw69k']
[2024-03-15 23:03:04,074] {standard_task_runner.py:77} INFO - Job 4679: Subtask transform_into_data.csv
[2024-03-15 23:03:04,142] {logging_mixin.py:104} INFO - Running <TaskInstance: ***_exam.transform_into_data.csv 2024-03-15T23:02:00+00:00 [running]> on host 3a3d0401ac26
[2024-03-15 23:03:04,229] {taskinstance.py:1302} INFO - Exporting the following env vars:
AIRFLOW_CTX_DAG_OWNER=***
AIRFLOW_CTX_DAG_ID=***_exam
AIRFLOW_CTX_TASK_ID=transform_into_data.csv
AIRFLOW_CTX_EXECUTION_DATE=2024-03-15T23:02:00+00:00
AIRFLOW_CTX_DAG_RUN_ID=scheduled__2024-03-15T23:02:00+00:00
[2024-03-15 23:03:04,236] {logging_mixin.py:104} INFO - 
[2024-03-15 23:03:04,260] {logging_mixin.py:104} INFO -     temperature        city  pression              date
0       285.38       Paris      1015  2024-03-15 23:03
1       282.48      London      1012  2024-03-15 23:03
2       289.50  Washington      1022  2024-03-15 23:03
3       285.38       Paris      1015  2024-03-15 23:02
4       282.48      London      1012  2024-03-15 23:02
5       289.50  Washington      1022  2024-03-15 23:02
6       285.38       Paris      1015  2024-03-15 23:01
7       282.48      London      1012  2024-03-15 23:01
8       289.50  Washington      1022  2024-03-15 23:01
9       285.38       Paris      1015  2024-03-15 23:00
[2024-03-15 23:03:04,264] {python.py:151} INFO - Done. Returned value was: None
[2024-03-15 23:03:04,279] {taskinstance.py:1211} INFO - Marking task as SUCCESS. dag_id=***_exam, task_id=transform_into_data.csv, execution_date=20240315T230200, start_date=20240315T230304, end_date=20240315T230304
[2024-03-15 23:03:04,320] {taskinstance.py:1265} INFO - 0 downstream tasks scheduled from follow-on schedule check
[2024-03-15 23:03:04,366] {local_task_job.py:151} INFO - Task exited with return code 0
