[2024-03-16 00:19:09,917] {taskinstance.py:896} INFO - Dependencies all met for <TaskInstance: airflow_exam.compute_lr_score 2024-03-16T00:18:00+00:00 [queued]>
[2024-03-16 00:19:09,941] {taskinstance.py:896} INFO - Dependencies all met for <TaskInstance: airflow_exam.compute_lr_score 2024-03-16T00:18:00+00:00 [queued]>
[2024-03-16 00:19:09,942] {taskinstance.py:1087} INFO - 
--------------------------------------------------------------------------------
[2024-03-16 00:19:09,942] {taskinstance.py:1088} INFO - Starting attempt 1 of 1
[2024-03-16 00:19:09,942] {taskinstance.py:1089} INFO - 
--------------------------------------------------------------------------------
[2024-03-16 00:19:09,955] {taskinstance.py:1107} INFO - Executing <Task(PythonOperator): compute_lr_score> on 2024-03-16T00:18:00+00:00
[2024-03-16 00:19:09,966] {standard_task_runner.py:52} INFO - Started process 99838 to run task
[2024-03-16 00:19:09,971] {standard_task_runner.py:76} INFO - Running: ['***', 'tasks', 'run', '***_exam', 'compute_lr_score', '2024-03-16T00:18:00+00:00', '--job-id', '5208', '--pool', 'default_pool', '--raw', '--subdir', 'DAGS_FOLDER/DAG.py', '--cfg-path', '/tmp/tmphxho2vzd', '--error-file', '/tmp/tmph5fosu7p']
[2024-03-16 00:19:09,971] {standard_task_runner.py:77} INFO - Job 5208: Subtask compute_lr_score
[2024-03-16 00:19:10,034] {logging_mixin.py:104} INFO - Running <TaskInstance: ***_exam.compute_lr_score 2024-03-16T00:18:00+00:00 [running]> on host 3a3d0401ac26
[2024-03-16 00:19:10,113] {taskinstance.py:1302} INFO - Exporting the following env vars:
AIRFLOW_CTX_DAG_OWNER=***
AIRFLOW_CTX_DAG_ID=***_exam
AIRFLOW_CTX_TASK_ID=compute_lr_score
AIRFLOW_CTX_EXECUTION_DATE=2024-03-16T00:18:00+00:00
AIRFLOW_CTX_DAG_RUN_ID=scheduled__2024-03-16T00:18:00+00:00
[2024-03-16 00:19:10,328] {python.py:151} INFO - Done. Returned value was: None
[2024-03-16 00:19:10,349] {taskinstance.py:1211} INFO - Marking task as SUCCESS. dag_id=***_exam, task_id=compute_lr_score, execution_date=20240316T001800, start_date=20240316T001909, end_date=20240316T001910
[2024-03-16 00:19:10,415] {taskinstance.py:1265} INFO - 0 downstream tasks scheduled from follow-on schedule check
[2024-03-16 00:19:10,464] {local_task_job.py:151} INFO - Task exited with return code 0
