[2024-03-21 00:55:05,028] {taskinstance.py:896} INFO - Dependencies all met for <TaskInstance: airflow_exam.transform_into_data.csv 2024-03-21T00:54:00+00:00 [queued]>
[2024-03-21 00:55:05,052] {taskinstance.py:896} INFO - Dependencies all met for <TaskInstance: airflow_exam.transform_into_data.csv 2024-03-21T00:54:00+00:00 [queued]>
[2024-03-21 00:55:05,052] {taskinstance.py:1087} INFO - 
--------------------------------------------------------------------------------
[2024-03-21 00:55:05,052] {taskinstance.py:1088} INFO - Starting attempt 1 of 1
[2024-03-21 00:55:05,052] {taskinstance.py:1089} INFO - 
--------------------------------------------------------------------------------
[2024-03-21 00:55:05,081] {taskinstance.py:1107} INFO - Executing <Task(PythonOperator): transform_into_data.csv> on 2024-03-21T00:54:00+00:00
[2024-03-21 00:55:05,095] {standard_task_runner.py:52} INFO - Started process 7456 to run task
[2024-03-21 00:55:05,101] {standard_task_runner.py:76} INFO - Running: ['***', 'tasks', 'run', '***_exam', 'transform_into_data.csv', '2024-03-21T00:54:00+00:00', '--job-id', '8612', '--pool', 'default_pool', '--raw', '--subdir', 'DAGS_FOLDER/DAG.py', '--cfg-path', '/tmp/tmpcz3ab5pm', '--error-file', '/tmp/tmpxv73uyaa']
[2024-03-21 00:55:05,102] {standard_task_runner.py:77} INFO - Job 8612: Subtask transform_into_data.csv
[2024-03-21 00:55:05,184] {logging_mixin.py:104} INFO - Running <TaskInstance: ***_exam.transform_into_data.csv 2024-03-21T00:54:00+00:00 [running]> on host 3a3d0401ac26
[2024-03-21 00:55:05,296] {taskinstance.py:1302} INFO - Exporting the following env vars:
AIRFLOW_CTX_DAG_OWNER=***
AIRFLOW_CTX_DAG_ID=***_exam
AIRFLOW_CTX_TASK_ID=transform_into_data.csv
AIRFLOW_CTX_EXECUTION_DATE=2024-03-21T00:54:00+00:00
AIRFLOW_CTX_DAG_RUN_ID=scheduled__2024-03-21T00:54:00+00:00
[2024-03-21 00:55:05,308] {logging_mixin.py:104} INFO - 
[2024-03-21 00:55:05,349] {logging_mixin.py:104} INFO -     temperature        city  pression              date
0       285.64       Paris      1021  2024-03-21 00:55
1       284.00      London      1023  2024-03-21 00:55
2       287.95  Washington      1007  2024-03-21 00:55
3       285.68       Paris      1021  2024-03-21 00:54
4       284.00      London      1023  2024-03-21 00:54
5       287.95  Washington      1007  2024-03-21 00:54
6       285.68       Paris      1021  2024-03-21 00:53
7       284.00      London      1023  2024-03-21 00:53
8       287.95  Washington      1007  2024-03-21 00:53
9       285.68       Paris      1021  2024-03-21 00:52
[2024-03-21 00:55:05,357] {python.py:151} INFO - Done. Returned value was: None
[2024-03-21 00:55:05,377] {taskinstance.py:1211} INFO - Marking task as SUCCESS. dag_id=***_exam, task_id=transform_into_data.csv, execution_date=20240321T005400, start_date=20240321T005505, end_date=20240321T005505
[2024-03-21 00:55:05,424] {taskinstance.py:1265} INFO - 0 downstream tasks scheduled from follow-on schedule check
[2024-03-21 00:55:05,481] {local_task_job.py:151} INFO - Task exited with return code 0
