[2024-03-20 20:47:04,806] {taskinstance.py:896} INFO - Dependencies all met for <TaskInstance: airflow_exam.transform_into_fulldata.csv 2024-03-20T20:46:00+00:00 [queued]>
[2024-03-20 20:47:04,825] {taskinstance.py:896} INFO - Dependencies all met for <TaskInstance: airflow_exam.transform_into_fulldata.csv 2024-03-20T20:46:00+00:00 [queued]>
[2024-03-20 20:47:04,825] {taskinstance.py:1087} INFO - 
--------------------------------------------------------------------------------
[2024-03-20 20:47:04,826] {taskinstance.py:1088} INFO - Starting attempt 1 of 1
[2024-03-20 20:47:04,826] {taskinstance.py:1089} INFO - 
--------------------------------------------------------------------------------
[2024-03-20 20:47:04,848] {taskinstance.py:1107} INFO - Executing <Task(PythonOperator): transform_into_fulldata.csv> on 2024-03-20T20:46:00+00:00
[2024-03-20 20:47:04,863] {standard_task_runner.py:52} INFO - Started process 3619 to run task
[2024-03-20 20:47:04,868] {standard_task_runner.py:76} INFO - Running: ['***', 'tasks', 'run', '***_exam', 'transform_into_fulldata.csv', '2024-03-20T20:46:00+00:00', '--job-id', '6946', '--pool', 'default_pool', '--raw', '--subdir', 'DAGS_FOLDER/DAG.py', '--cfg-path', '/tmp/tmpy9_c_p7m', '--error-file', '/tmp/tmp9vo8bpc1']
[2024-03-20 20:47:04,869] {standard_task_runner.py:77} INFO - Job 6946: Subtask transform_into_fulldata.csv
[2024-03-20 20:47:04,950] {logging_mixin.py:104} INFO - Running <TaskInstance: ***_exam.transform_into_fulldata.csv 2024-03-20T20:46:00+00:00 [running]> on host 3a3d0401ac26
[2024-03-20 20:47:05,054] {taskinstance.py:1302} INFO - Exporting the following env vars:
AIRFLOW_CTX_DAG_OWNER=***
AIRFLOW_CTX_DAG_ID=***_exam
AIRFLOW_CTX_TASK_ID=transform_into_fulldata.csv
AIRFLOW_CTX_EXECUTION_DATE=2024-03-20T20:46:00+00:00
AIRFLOW_CTX_DAG_RUN_ID=scheduled__2024-03-20T20:46:00+00:00
[2024-03-20 20:47:05,158] {logging_mixin.py:104} INFO - 
[2024-03-20 20:47:05,185] {logging_mixin.py:104} INFO -     temperature        city  pression              date
0       287.45       Paris      1018  2024-03-20 20:47
1       286.63      London      1020  2024-03-20 20:47
2       290.46  Washington      1008  2024-03-20 20:47
3       287.45       Paris      1018  2024-03-20 20:46
4       286.66      London      1020  2024-03-20 20:46
5       290.40  Washington      1008  2024-03-20 20:46
6       287.45       Paris      1018  2024-03-20 20:45
7       286.66      London      1020  2024-03-20 20:45
8       290.40  Washington      1008  2024-03-20 20:45
9       287.45       Paris      1018  2024-03-20 20:44
[2024-03-20 20:47:05,200] {python.py:151} INFO - Done. Returned value was: None
[2024-03-20 20:47:05,215] {taskinstance.py:1211} INFO - Marking task as SUCCESS. dag_id=***_exam, task_id=transform_into_fulldata.csv, execution_date=20240320T204600, start_date=20240320T204704, end_date=20240320T204705
[2024-03-20 20:47:05,263] {taskinstance.py:1265} INFO - 3 downstream tasks scheduled from follow-on schedule check
[2024-03-20 20:47:05,282] {local_task_job.py:151} INFO - Task exited with return code 0
