[2024-03-16 01:19:05,623] {taskinstance.py:896} INFO - Dependencies all met for <TaskInstance: airflow_exam.transform_into_data.csv 2024-03-16T01:18:00+00:00 [queued]>
[2024-03-16 01:19:05,648] {taskinstance.py:896} INFO - Dependencies all met for <TaskInstance: airflow_exam.transform_into_data.csv 2024-03-16T01:18:00+00:00 [queued]>
[2024-03-16 01:19:05,648] {taskinstance.py:1087} INFO - 
--------------------------------------------------------------------------------
[2024-03-16 01:19:05,648] {taskinstance.py:1088} INFO - Starting attempt 1 of 1
[2024-03-16 01:19:05,648] {taskinstance.py:1089} INFO - 
--------------------------------------------------------------------------------
[2024-03-16 01:19:05,665] {taskinstance.py:1107} INFO - Executing <Task(PythonOperator): transform_into_data.csv> on 2024-03-16T01:18:00+00:00
[2024-03-16 01:19:05,675] {standard_task_runner.py:52} INFO - Started process 112602 to run task
[2024-03-16 01:19:05,680] {standard_task_runner.py:76} INFO - Running: ['***', 'tasks', 'run', '***_exam', 'transform_into_data.csv', '2024-03-16T01:18:00+00:00', '--job-id', '5625', '--pool', 'default_pool', '--raw', '--subdir', 'DAGS_FOLDER/DAG.py', '--cfg-path', '/tmp/tmps6t0eutw', '--error-file', '/tmp/tmpb8zg3435']
[2024-03-16 01:19:05,680] {standard_task_runner.py:77} INFO - Job 5625: Subtask transform_into_data.csv
[2024-03-16 01:19:05,736] {logging_mixin.py:104} INFO - Running <TaskInstance: ***_exam.transform_into_data.csv 2024-03-16T01:18:00+00:00 [running]> on host 3a3d0401ac26
[2024-03-16 01:19:05,820] {taskinstance.py:1302} INFO - Exporting the following env vars:
AIRFLOW_CTX_DAG_OWNER=***
AIRFLOW_CTX_DAG_ID=***_exam
AIRFLOW_CTX_TASK_ID=transform_into_data.csv
AIRFLOW_CTX_EXECUTION_DATE=2024-03-16T01:18:00+00:00
AIRFLOW_CTX_DAG_RUN_ID=scheduled__2024-03-16T01:18:00+00:00
[2024-03-16 01:19:05,828] {logging_mixin.py:104} INFO - 
[2024-03-16 01:19:05,851] {logging_mixin.py:104} INFO -     temperature        city  pression              date
0       284.59       Paris      1016  2024-03-16 01:19
1       281.04      London      1014  2024-03-16 01:19
2       286.76  Washington      1021  2024-03-16 01:19
3       284.59       Paris      1016  2024-03-16 01:18
4       281.04      London      1014  2024-03-16 01:18
5       286.76  Washington      1021  2024-03-16 01:18
6       284.59       Paris      1016  2024-03-16 01:17
7       281.04      London      1014  2024-03-16 01:17
8       286.76  Washington      1021  2024-03-16 01:17
9       284.59       Paris      1016  2024-03-16 01:16
[2024-03-16 01:19:05,857] {python.py:151} INFO - Done. Returned value was: None
[2024-03-16 01:19:05,873] {taskinstance.py:1211} INFO - Marking task as SUCCESS. dag_id=***_exam, task_id=transform_into_data.csv, execution_date=20240316T011800, start_date=20240316T011905, end_date=20240316T011905
[2024-03-16 01:19:05,915] {taskinstance.py:1265} INFO - 0 downstream tasks scheduled from follow-on schedule check
[2024-03-16 01:19:05,931] {local_task_job.py:151} INFO - Task exited with return code 0
