[2023-10-06 20:08:04,258] {taskinstance.py:896} INFO - Dependencies all met for <TaskInstance: airflow_exam.transform_into_data.csv 2023-10-06T20:07:00+00:00 [queued]>
[2023-10-06 20:08:04,270] {taskinstance.py:896} INFO - Dependencies all met for <TaskInstance: airflow_exam.transform_into_data.csv 2023-10-06T20:07:00+00:00 [queued]>
[2023-10-06 20:08:04,270] {taskinstance.py:1087} INFO - 
--------------------------------------------------------------------------------
[2023-10-06 20:08:04,270] {taskinstance.py:1088} INFO - Starting attempt 1 of 1
[2023-10-06 20:08:04,270] {taskinstance.py:1089} INFO - 
--------------------------------------------------------------------------------
[2023-10-06 20:08:04,286] {taskinstance.py:1107} INFO - Executing <Task(PythonOperator): transform_into_data.csv> on 2023-10-06T20:07:00+00:00
[2023-10-06 20:08:04,293] {standard_task_runner.py:52} INFO - Started process 12697 to run task
[2023-10-06 20:08:04,296] {standard_task_runner.py:76} INFO - Running: ['***', 'tasks', 'run', '***_exam', 'transform_into_data.csv', '2023-10-06T20:07:00+00:00', '--job-id', '726', '--pool', 'default_pool', '--raw', '--subdir', 'DAGS_FOLDER/DAG.py', '--cfg-path', '/tmp/tmp_309sdgs', '--error-file', '/tmp/tmpx4u1h1h8']
[2023-10-06 20:08:04,296] {standard_task_runner.py:77} INFO - Job 726: Subtask transform_into_data.csv
[2023-10-06 20:08:04,339] {logging_mixin.py:104} INFO - Running <TaskInstance: ***_exam.transform_into_data.csv 2023-10-06T20:07:00+00:00 [running]> on host 3a3d0401ac26
[2023-10-06 20:08:04,397] {taskinstance.py:1302} INFO - Exporting the following env vars:
AIRFLOW_CTX_DAG_OWNER=***
AIRFLOW_CTX_DAG_ID=***_exam
AIRFLOW_CTX_TASK_ID=transform_into_data.csv
AIRFLOW_CTX_EXECUTION_DATE=2023-10-06T20:07:00+00:00
AIRFLOW_CTX_DAG_RUN_ID=scheduled__2023-10-06T20:07:00+00:00
[2023-10-06 20:08:04,401] {logging_mixin.py:104} INFO - 
[2023-10-06 20:08:04,417] {logging_mixin.py:104} INFO -     temperature        city  pression              date
0       288.11       Paris      1026  2023-10-06 20:08
1       289.96      London      1023  2023-10-06 20:08
2       293.70  Washington      1024  2023-10-06 20:08
3       288.11       Paris      1026  2023-10-06 20:07
4       289.96      London      1023  2023-10-06 20:07
5       293.70  Washington      1024  2023-10-06 20:07
6       288.25       Paris      1026  2023-10-06 20:06
7       290.12      London      1023  2023-10-06 20:06
8       293.21  Washington      1024  2023-10-06 20:06
9       288.25       Paris      1026  2023-10-06 20:05
[2023-10-06 20:08:04,421] {python.py:151} INFO - Done. Returned value was: None
[2023-10-06 20:08:04,432] {taskinstance.py:1211} INFO - Marking task as SUCCESS. dag_id=***_exam, task_id=transform_into_data.csv, execution_date=20231006T200700, start_date=20231006T200804, end_date=20231006T200804
[2023-10-06 20:08:04,459] {taskinstance.py:1265} INFO - 0 downstream tasks scheduled from follow-on schedule check
[2023-10-06 20:08:04,468] {local_task_job.py:151} INFO - Task exited with return code 0
