[2024-03-21 20:01:04,228] {taskinstance.py:896} INFO - Dependencies all met for <TaskInstance: airflow_exam.transform_into_data.csv 2024-03-21T20:00:00+00:00 [queued]>
[2024-03-21 20:01:04,249] {taskinstance.py:896} INFO - Dependencies all met for <TaskInstance: airflow_exam.transform_into_data.csv 2024-03-21T20:00:00+00:00 [queued]>
[2024-03-21 20:01:04,249] {taskinstance.py:1087} INFO - 
--------------------------------------------------------------------------------
[2024-03-21 20:01:04,249] {taskinstance.py:1088} INFO - Starting attempt 1 of 1
[2024-03-21 20:01:04,249] {taskinstance.py:1089} INFO - 
--------------------------------------------------------------------------------
[2024-03-21 20:01:04,261] {taskinstance.py:1107} INFO - Executing <Task(PythonOperator): transform_into_data.csv> on 2024-03-21T20:00:00+00:00
[2024-03-21 20:01:04,271] {standard_task_runner.py:52} INFO - Started process 56159 to run task
[2024-03-21 20:01:04,276] {standard_task_runner.py:76} INFO - Running: ['***', 'tasks', 'run', '***_exam', 'transform_into_data.csv', '2024-03-21T20:00:00+00:00', '--job-id', '10871', '--pool', 'default_pool', '--raw', '--subdir', 'DAGS_FOLDER/DAG.py', '--cfg-path', '/tmp/tmp2qbeywcw', '--error-file', '/tmp/tmpqe85fsuz']
[2024-03-21 20:01:04,276] {standard_task_runner.py:77} INFO - Job 10871: Subtask transform_into_data.csv
[2024-03-21 20:01:04,327] {logging_mixin.py:104} INFO - Running <TaskInstance: ***_exam.transform_into_data.csv 2024-03-21T20:00:00+00:00 [running]> on host 3a3d0401ac26
[2024-03-21 20:01:04,395] {taskinstance.py:1302} INFO - Exporting the following env vars:
AIRFLOW_CTX_DAG_OWNER=***
AIRFLOW_CTX_DAG_ID=***_exam
AIRFLOW_CTX_TASK_ID=transform_into_data.csv
AIRFLOW_CTX_EXECUTION_DATE=2024-03-21T20:00:00+00:00
AIRFLOW_CTX_DAG_RUN_ID=scheduled__2024-03-21T20:00:00+00:00
[2024-03-21 20:01:04,400] {logging_mixin.py:104} INFO - 
[2024-03-21 20:01:04,420] {logging_mixin.py:104} INFO -     temperature        city  pression              date
0       288.38       Paris      1025  2024-03-21 20:01
1       286.53      London      1022  2024-03-21 20:01
2       286.95  Washington      1014  2024-03-21 20:01
3       288.38       Paris      1025  2024-03-21 20:00
4       286.53      London      1022  2024-03-21 20:00
5       286.95  Washington      1014  2024-03-21 20:00
6       288.38       Paris      1025  2024-03-21 19:59
7       286.53      London      1022  2024-03-21 19:59
8       286.95  Washington      1014  2024-03-21 19:59
9       288.38       Paris      1025  2024-03-21 19:58
[2024-03-21 20:01:04,425] {python.py:151} INFO - Done. Returned value was: None
[2024-03-21 20:01:04,438] {taskinstance.py:1211} INFO - Marking task as SUCCESS. dag_id=***_exam, task_id=transform_into_data.csv, execution_date=20240321T200000, start_date=20240321T200104, end_date=20240321T200104
[2024-03-21 20:01:04,474] {taskinstance.py:1265} INFO - 0 downstream tasks scheduled from follow-on schedule check
[2024-03-21 20:01:04,488] {local_task_job.py:151} INFO - Task exited with return code 0
