[2024-03-21 00:49:08,781] {taskinstance.py:896} INFO - Dependencies all met for <TaskInstance: airflow_exam.compute_lr_score 2024-03-21T00:48:00+00:00 [queued]>
[2024-03-21 00:49:08,798] {taskinstance.py:896} INFO - Dependencies all met for <TaskInstance: airflow_exam.compute_lr_score 2024-03-21T00:48:00+00:00 [queued]>
[2024-03-21 00:49:08,799] {taskinstance.py:1087} INFO - 
--------------------------------------------------------------------------------
[2024-03-21 00:49:08,799] {taskinstance.py:1088} INFO - Starting attempt 1 of 1
[2024-03-21 00:49:08,799] {taskinstance.py:1089} INFO - 
--------------------------------------------------------------------------------
[2024-03-21 00:49:08,818] {taskinstance.py:1107} INFO - Executing <Task(PythonOperator): compute_lr_score> on 2024-03-21T00:48:00+00:00
[2024-03-21 00:49:08,827] {standard_task_runner.py:52} INFO - Started process 6226 to run task
[2024-03-21 00:49:08,832] {standard_task_runner.py:76} INFO - Running: ['***', 'tasks', 'run', '***_exam', 'compute_lr_score', '2024-03-21T00:48:00+00:00', '--job-id', '8573', '--pool', 'default_pool', '--raw', '--subdir', 'DAGS_FOLDER/DAG.py', '--cfg-path', '/tmp/tmpk97102n5', '--error-file', '/tmp/tmpu8com71m']
[2024-03-21 00:49:08,832] {standard_task_runner.py:77} INFO - Job 8573: Subtask compute_lr_score
[2024-03-21 00:49:08,886] {logging_mixin.py:104} INFO - Running <TaskInstance: ***_exam.compute_lr_score 2024-03-21T00:48:00+00:00 [running]> on host 3a3d0401ac26
[2024-03-21 00:49:08,961] {taskinstance.py:1302} INFO - Exporting the following env vars:
AIRFLOW_CTX_DAG_OWNER=***
AIRFLOW_CTX_DAG_ID=***_exam
AIRFLOW_CTX_TASK_ID=compute_lr_score
AIRFLOW_CTX_EXECUTION_DATE=2024-03-21T00:48:00+00:00
AIRFLOW_CTX_DAG_RUN_ID=scheduled__2024-03-21T00:48:00+00:00
[2024-03-21 00:49:09,160] {python.py:151} INFO - Done. Returned value was: None
[2024-03-21 00:49:09,194] {taskinstance.py:1211} INFO - Marking task as SUCCESS. dag_id=***_exam, task_id=compute_lr_score, execution_date=20240321T004800, start_date=20240321T004908, end_date=20240321T004909
[2024-03-21 00:49:09,268] {taskinstance.py:1265} INFO - 0 downstream tasks scheduled from follow-on schedule check
[2024-03-21 00:49:09,290] {local_task_job.py:151} INFO - Task exited with return code 0
