[2024-03-16 03:43:04,682] {taskinstance.py:896} INFO - Dependencies all met for <TaskInstance: airflow_exam.transform_into_fulldata.csv 2024-03-16T03:42:00+00:00 [queued]>
[2024-03-16 03:43:04,711] {taskinstance.py:896} INFO - Dependencies all met for <TaskInstance: airflow_exam.transform_into_fulldata.csv 2024-03-16T03:42:00+00:00 [queued]>
[2024-03-16 03:43:04,712] {taskinstance.py:1087} INFO - 
--------------------------------------------------------------------------------
[2024-03-16 03:43:04,712] {taskinstance.py:1088} INFO - Starting attempt 1 of 1
[2024-03-16 03:43:04,712] {taskinstance.py:1089} INFO - 
--------------------------------------------------------------------------------
[2024-03-16 03:43:04,726] {taskinstance.py:1107} INFO - Executing <Task(PythonOperator): transform_into_fulldata.csv> on 2024-03-16T03:42:00+00:00
[2024-03-16 03:43:04,737] {standard_task_runner.py:52} INFO - Started process 143458 to run task
[2024-03-16 03:43:04,742] {standard_task_runner.py:76} INFO - Running: ['***', 'tasks', 'run', '***_exam', 'transform_into_fulldata.csv', '2024-03-16T03:42:00+00:00', '--job-id', '6632', '--pool', 'default_pool', '--raw', '--subdir', 'DAGS_FOLDER/DAG.py', '--cfg-path', '/tmp/tmp17lki_cq', '--error-file', '/tmp/tmpmd1ynvtn']
[2024-03-16 03:43:04,743] {standard_task_runner.py:77} INFO - Job 6632: Subtask transform_into_fulldata.csv
[2024-03-16 03:43:04,821] {logging_mixin.py:104} INFO - Running <TaskInstance: ***_exam.transform_into_fulldata.csv 2024-03-16T03:42:00+00:00 [running]> on host 3a3d0401ac26
[2024-03-16 03:43:04,973] {taskinstance.py:1302} INFO - Exporting the following env vars:
AIRFLOW_CTX_DAG_OWNER=***
AIRFLOW_CTX_DAG_ID=***_exam
AIRFLOW_CTX_TASK_ID=transform_into_fulldata.csv
AIRFLOW_CTX_EXECUTION_DATE=2024-03-16T03:42:00+00:00
AIRFLOW_CTX_DAG_RUN_ID=scheduled__2024-03-16T03:42:00+00:00
[2024-03-16 03:43:05,121] {logging_mixin.py:104} INFO - 
[2024-03-16 03:43:05,168] {logging_mixin.py:104} INFO -     temperature        city  pression              date
0       284.04       Paris      1017  2024-03-16 03:43
1       281.48      London      1016  2024-03-16 03:43
2       282.37  Washington      1023  2024-03-16 03:43
3       284.04       Paris      1017  2024-03-16 03:42
4       281.48      London      1016  2024-03-16 03:42
5       282.37  Washington      1023  2024-03-16 03:42
6       284.04       Paris      1017  2024-03-16 03:41
7       281.48      London      1016  2024-03-16 03:41
8       282.37  Washington      1023  2024-03-16 03:41
9       284.04       Paris      1017  2024-03-16 03:40
[2024-03-16 03:43:05,189] {python.py:151} INFO - Done. Returned value was: None
[2024-03-16 03:43:05,223] {taskinstance.py:1211} INFO - Marking task as SUCCESS. dag_id=***_exam, task_id=transform_into_fulldata.csv, execution_date=20240316T034200, start_date=20240316T034304, end_date=20240316T034305
[2024-03-16 03:43:05,302] {taskinstance.py:1265} INFO - 3 downstream tasks scheduled from follow-on schedule check
[2024-03-16 03:43:05,359] {local_task_job.py:151} INFO - Task exited with return code 0
