[2024-03-16 01:16:04,109] {taskinstance.py:896} INFO - Dependencies all met for <TaskInstance: airflow_exam.transform_into_data.csv 2024-03-16T01:15:00+00:00 [queued]>
[2024-03-16 01:16:04,141] {taskinstance.py:896} INFO - Dependencies all met for <TaskInstance: airflow_exam.transform_into_data.csv 2024-03-16T01:15:00+00:00 [queued]>
[2024-03-16 01:16:04,142] {taskinstance.py:1087} INFO - 
--------------------------------------------------------------------------------
[2024-03-16 01:16:04,142] {taskinstance.py:1088} INFO - Starting attempt 1 of 1
[2024-03-16 01:16:04,142] {taskinstance.py:1089} INFO - 
--------------------------------------------------------------------------------
[2024-03-16 01:16:04,158] {taskinstance.py:1107} INFO - Executing <Task(PythonOperator): transform_into_data.csv> on 2024-03-16T01:15:00+00:00
[2024-03-16 01:16:04,174] {standard_task_runner.py:52} INFO - Started process 111955 to run task
[2024-03-16 01:16:04,179] {standard_task_runner.py:76} INFO - Running: ['***', 'tasks', 'run', '***_exam', 'transform_into_data.csv', '2024-03-16T01:15:00+00:00', '--job-id', '5603', '--pool', 'default_pool', '--raw', '--subdir', 'DAGS_FOLDER/DAG.py', '--cfg-path', '/tmp/tmpb9gri7ky', '--error-file', '/tmp/tmp02__asud']
[2024-03-16 01:16:04,180] {standard_task_runner.py:77} INFO - Job 5603: Subtask transform_into_data.csv
[2024-03-16 01:16:04,245] {logging_mixin.py:104} INFO - Running <TaskInstance: ***_exam.transform_into_data.csv 2024-03-16T01:15:00+00:00 [running]> on host 3a3d0401ac26
[2024-03-16 01:16:04,345] {taskinstance.py:1302} INFO - Exporting the following env vars:
AIRFLOW_CTX_DAG_OWNER=***
AIRFLOW_CTX_DAG_ID=***_exam
AIRFLOW_CTX_TASK_ID=transform_into_data.csv
AIRFLOW_CTX_EXECUTION_DATE=2024-03-16T01:15:00+00:00
AIRFLOW_CTX_DAG_RUN_ID=scheduled__2024-03-16T01:15:00+00:00
[2024-03-16 01:16:04,360] {logging_mixin.py:104} INFO - 
[2024-03-16 01:16:04,395] {logging_mixin.py:104} INFO -     temperature        city  pression              date
0       284.59       Paris      1016  2024-03-16 01:16
1       281.04      London      1014  2024-03-16 01:16
2       286.76  Washington      1021  2024-03-16 01:16
3       284.59       Paris      1016  2024-03-16 01:15
4       281.04      London      1014  2024-03-16 01:15
5       286.76  Washington      1021  2024-03-16 01:15
6       284.59       Paris      1016  2024-03-16 01:14
7       281.04      London      1014  2024-03-16 01:14
8       286.76  Washington      1021  2024-03-16 01:14
9       284.59       Paris      1016  2024-03-16 01:13
[2024-03-16 01:16:04,402] {python.py:151} INFO - Done. Returned value was: None
[2024-03-16 01:16:04,420] {taskinstance.py:1211} INFO - Marking task as SUCCESS. dag_id=***_exam, task_id=transform_into_data.csv, execution_date=20240316T011500, start_date=20240316T011604, end_date=20240316T011604
[2024-03-16 01:16:04,476] {taskinstance.py:1265} INFO - 0 downstream tasks scheduled from follow-on schedule check
[2024-03-16 01:16:04,513] {local_task_job.py:151} INFO - Task exited with return code 0
