[2023-10-11 17:12:04,263] {taskinstance.py:896} INFO - Dependencies all met for <TaskInstance: airflow_exam.transform_into_fulldata.csv 2023-10-11T17:10:00+00:00 [queued]>
[2023-10-11 17:12:04,286] {taskinstance.py:896} INFO - Dependencies all met for <TaskInstance: airflow_exam.transform_into_fulldata.csv 2023-10-11T17:10:00+00:00 [queued]>
[2023-10-11 17:12:04,287] {taskinstance.py:1087} INFO - 
--------------------------------------------------------------------------------
[2023-10-11 17:12:04,287] {taskinstance.py:1088} INFO - Starting attempt 1 of 1
[2023-10-11 17:12:04,287] {taskinstance.py:1089} INFO - 
--------------------------------------------------------------------------------
[2023-10-11 17:12:04,328] {taskinstance.py:1107} INFO - Executing <Task(PythonOperator): transform_into_fulldata.csv> on 2023-10-11T17:10:00+00:00
[2023-10-11 17:12:04,419] {standard_task_runner.py:52} INFO - Started process 219 to run task
[2023-10-11 17:12:04,428] {standard_task_runner.py:76} INFO - Running: ['***', 'tasks', 'run', '***_exam', 'transform_into_fulldata.csv', '2023-10-11T17:10:00+00:00', '--job-id', '1455', '--pool', 'default_pool', '--raw', '--subdir', 'DAGS_FOLDER/DAG.py', '--cfg-path', '/tmp/tmp3cmsiv8r', '--error-file', '/tmp/tmpllbo0fis']
[2023-10-11 17:12:04,429] {standard_task_runner.py:77} INFO - Job 1455: Subtask transform_into_fulldata.csv
[2023-10-11 17:12:04,564] {logging_mixin.py:104} INFO - Running <TaskInstance: ***_exam.transform_into_fulldata.csv 2023-10-11T17:10:00+00:00 [running]> on host 3a3d0401ac26
[2023-10-11 17:12:04,758] {taskinstance.py:1302} INFO - Exporting the following env vars:
AIRFLOW_CTX_DAG_OWNER=***
AIRFLOW_CTX_DAG_ID=***_exam
AIRFLOW_CTX_TASK_ID=transform_into_fulldata.csv
AIRFLOW_CTX_EXECUTION_DATE=2023-10-11T17:10:00+00:00
AIRFLOW_CTX_DAG_RUN_ID=scheduled__2023-10-11T17:10:00+00:00
[2023-10-11 17:12:04,948] {logging_mixin.py:104} INFO - 
[2023-10-11 17:12:04,981] {logging_mixin.py:104} INFO -     temperature        city  pression              date
0       296.85       Paris      1015  2023-10-11 17:12
1       290.68      London      1012  2023-10-11 17:12
2       282.37  Washington      1004  2023-10-11 17:12
3       297.78       Paris      1026  2023-10-07 16:15
4       296.24      London      1023  2023-10-07 16:15
5       283.37  Washington      1019  2023-10-07 16:15
6       298.13       Paris      1026  2023-10-07 16:14
7       296.24      London      1023  2023-10-07 16:14
8       288.35  Washington      1019  2023-10-07 16:14
9       298.13       Paris      1026  2023-10-07 16:13
[2023-10-11 17:12:04,991] {python.py:151} INFO - Done. Returned value was: None
[2023-10-11 17:12:05,034] {taskinstance.py:1211} INFO - Marking task as SUCCESS. dag_id=***_exam, task_id=transform_into_fulldata.csv, execution_date=20231011T171000, start_date=20231011T171204, end_date=20231011T171205
[2023-10-11 17:12:05,187] {taskinstance.py:1265} INFO - 3 downstream tasks scheduled from follow-on schedule check
[2023-10-11 17:12:05,253] {local_task_job.py:151} INFO - Task exited with return code 0
