[2024-03-21 20:45:05,612] {taskinstance.py:896} INFO - Dependencies all met for <TaskInstance: airflow_exam.transform_into_fulldata.csv 2024-03-21T20:44:00+00:00 [queued]>
[2024-03-21 20:45:05,637] {taskinstance.py:896} INFO - Dependencies all met for <TaskInstance: airflow_exam.transform_into_fulldata.csv 2024-03-21T20:44:00+00:00 [queued]>
[2024-03-21 20:45:05,637] {taskinstance.py:1087} INFO - 
--------------------------------------------------------------------------------
[2024-03-21 20:45:05,637] {taskinstance.py:1088} INFO - Starting attempt 1 of 1
[2024-03-21 20:45:05,637] {taskinstance.py:1089} INFO - 
--------------------------------------------------------------------------------
[2024-03-21 20:45:05,651] {taskinstance.py:1107} INFO - Executing <Task(PythonOperator): transform_into_fulldata.csv> on 2024-03-21T20:44:00+00:00
[2024-03-21 20:45:05,659] {standard_task_runner.py:52} INFO - Started process 65661 to run task
[2024-03-21 20:45:05,663] {standard_task_runner.py:76} INFO - Running: ['***', 'tasks', 'run', '***_exam', 'transform_into_fulldata.csv', '2024-03-21T20:44:00+00:00', '--job-id', '11179', '--pool', 'default_pool', '--raw', '--subdir', 'DAGS_FOLDER/DAG.py', '--cfg-path', '/tmp/tmpxn_l2gtu', '--error-file', '/tmp/tmps6yq8mfz']
[2024-03-21 20:45:05,664] {standard_task_runner.py:77} INFO - Job 11179: Subtask transform_into_fulldata.csv
[2024-03-21 20:45:05,721] {logging_mixin.py:104} INFO - Running <TaskInstance: ***_exam.transform_into_fulldata.csv 2024-03-21T20:44:00+00:00 [running]> on host 3a3d0401ac26
[2024-03-21 20:45:05,801] {taskinstance.py:1302} INFO - Exporting the following env vars:
AIRFLOW_CTX_DAG_OWNER=***
AIRFLOW_CTX_DAG_ID=***_exam
AIRFLOW_CTX_TASK_ID=transform_into_fulldata.csv
AIRFLOW_CTX_EXECUTION_DATE=2024-03-21T20:44:00+00:00
AIRFLOW_CTX_DAG_RUN_ID=scheduled__2024-03-21T20:44:00+00:00
[2024-03-21 20:45:05,964] {logging_mixin.py:104} INFO - 
[2024-03-21 20:45:05,986] {logging_mixin.py:104} INFO -     temperature        city  pression              date
0       287.05       Paris      1026  2024-03-21 20:45
1       285.69      London      1022  2024-03-21 20:45
2       287.53  Washington      1013  2024-03-21 20:45
3       287.71       Paris      1025  2024-03-21 20:44
4       285.58      London      1022  2024-03-21 20:44
5       287.53  Washington      1013  2024-03-21 20:44
6       287.71       Paris      1025  2024-03-21 20:43
7       285.58      London      1022  2024-03-21 20:43
8       287.53  Washington      1013  2024-03-21 20:43
9       287.71       Paris      1025  2024-03-21 20:42
[2024-03-21 20:45:06,004] {python.py:151} INFO - Done. Returned value was: None
[2024-03-21 20:45:06,018] {taskinstance.py:1211} INFO - Marking task as SUCCESS. dag_id=***_exam, task_id=transform_into_fulldata.csv, execution_date=20240321T204400, start_date=20240321T204505, end_date=20240321T204506
[2024-03-21 20:45:06,069] {taskinstance.py:1265} INFO - 3 downstream tasks scheduled from follow-on schedule check
[2024-03-21 20:45:06,116] {local_task_job.py:151} INFO - Task exited with return code 0
