[2024-03-20 20:42:06,555] {taskinstance.py:896} INFO - Dependencies all met for <TaskInstance: airflow_exam.compute_rf_score 2024-03-20T20:41:00+00:00 [queued]>
[2024-03-20 20:42:06,574] {taskinstance.py:896} INFO - Dependencies all met for <TaskInstance: airflow_exam.compute_rf_score 2024-03-20T20:41:00+00:00 [queued]>
[2024-03-20 20:42:06,575] {taskinstance.py:1087} INFO - 
--------------------------------------------------------------------------------
[2024-03-20 20:42:06,575] {taskinstance.py:1088} INFO - Starting attempt 1 of 1
[2024-03-20 20:42:06,575] {taskinstance.py:1089} INFO - 
--------------------------------------------------------------------------------
[2024-03-20 20:42:06,600] {taskinstance.py:1107} INFO - Executing <Task(PythonOperator): compute_rf_score> on 2024-03-20T20:41:00+00:00
[2024-03-20 20:42:06,614] {standard_task_runner.py:52} INFO - Started process 2597 to run task
[2024-03-20 20:42:06,620] {standard_task_runner.py:76} INFO - Running: ['***', 'tasks', 'run', '***_exam', 'compute_rf_score', '2024-03-20T20:41:00+00:00', '--job-id', '6915', '--pool', 'default_pool', '--raw', '--subdir', 'DAGS_FOLDER/DAG.py', '--cfg-path', '/tmp/tmpf732duzn', '--error-file', '/tmp/tmpup9zo19g']
[2024-03-20 20:42:06,621] {standard_task_runner.py:77} INFO - Job 6915: Subtask compute_rf_score
[2024-03-20 20:42:06,695] {logging_mixin.py:104} INFO - Running <TaskInstance: ***_exam.compute_rf_score 2024-03-20T20:41:00+00:00 [running]> on host 3a3d0401ac26
[2024-03-20 20:42:06,778] {taskinstance.py:1302} INFO - Exporting the following env vars:
AIRFLOW_CTX_DAG_OWNER=***
AIRFLOW_CTX_DAG_ID=***_exam
AIRFLOW_CTX_TASK_ID=compute_rf_score
AIRFLOW_CTX_EXECUTION_DATE=2024-03-20T20:41:00+00:00
AIRFLOW_CTX_DAG_RUN_ID=scheduled__2024-03-20T20:41:00+00:00
[2024-03-20 20:42:08,955] {python.py:151} INFO - Done. Returned value was: None
[2024-03-20 20:42:08,966] {taskinstance.py:1211} INFO - Marking task as SUCCESS. dag_id=***_exam, task_id=compute_rf_score, execution_date=20240320T204100, start_date=20240320T204206, end_date=20240320T204208
[2024-03-20 20:42:09,001] {taskinstance.py:1265} INFO - 1 downstream tasks scheduled from follow-on schedule check
[2024-03-20 20:42:09,044] {local_task_job.py:151} INFO - Task exited with return code 0
