[2024-03-21 16:47:03,579] {taskinstance.py:896} INFO - Dependencies all met for <TaskInstance: airflow_exam.transform_into_fulldata.csv 2024-03-21T16:46:00+00:00 [queued]>
[2024-03-21 16:47:03,607] {taskinstance.py:896} INFO - Dependencies all met for <TaskInstance: airflow_exam.transform_into_fulldata.csv 2024-03-21T16:46:00+00:00 [queued]>
[2024-03-21 16:47:03,608] {taskinstance.py:1087} INFO - 
--------------------------------------------------------------------------------
[2024-03-21 16:47:03,608] {taskinstance.py:1088} INFO - Starting attempt 1 of 1
[2024-03-21 16:47:03,608] {taskinstance.py:1089} INFO - 
--------------------------------------------------------------------------------
[2024-03-21 16:47:03,625] {taskinstance.py:1107} INFO - Executing <Task(PythonOperator): transform_into_fulldata.csv> on 2024-03-21T16:46:00+00:00
[2024-03-21 16:47:03,638] {standard_task_runner.py:52} INFO - Started process 14282 to run task
[2024-03-21 16:47:03,642] {standard_task_runner.py:76} INFO - Running: ['***', 'tasks', 'run', '***_exam', 'transform_into_fulldata.csv', '2024-03-21T16:46:00+00:00', '--job-id', '9513', '--pool', 'default_pool', '--raw', '--subdir', 'DAGS_FOLDER/DAG.py', '--cfg-path', '/tmp/tmpy_u2ids0', '--error-file', '/tmp/tmpd_7_szkt']
[2024-03-21 16:47:03,643] {standard_task_runner.py:77} INFO - Job 9513: Subtask transform_into_fulldata.csv
[2024-03-21 16:47:03,713] {logging_mixin.py:104} INFO - Running <TaskInstance: ***_exam.transform_into_fulldata.csv 2024-03-21T16:46:00+00:00 [running]> on host 3a3d0401ac26
[2024-03-21 16:47:03,801] {taskinstance.py:1302} INFO - Exporting the following env vars:
AIRFLOW_CTX_DAG_OWNER=***
AIRFLOW_CTX_DAG_ID=***_exam
AIRFLOW_CTX_TASK_ID=transform_into_fulldata.csv
AIRFLOW_CTX_EXECUTION_DATE=2024-03-21T16:46:00+00:00
AIRFLOW_CTX_DAG_RUN_ID=scheduled__2024-03-21T16:46:00+00:00
[2024-03-21 16:47:03,959] {logging_mixin.py:104} INFO - 
[2024-03-21 16:47:03,999] {logging_mixin.py:104} INFO -     temperature        city  pression              date
0       292.12       Paris      1025  2024-03-21 16:47
1       289.14      London      1022  2024-03-21 16:47
2       281.76  Washington      1015  2024-03-21 16:47
3       292.12       Paris      1025  2024-03-21 16:46
4       289.14      London      1022  2024-03-21 16:46
5       281.76  Washington      1015  2024-03-21 16:46
6       292.30       Paris      1025  2024-03-21 16:45
7       289.14      London      1022  2024-03-21 16:45
8       281.84  Washington      1015  2024-03-21 16:45
9       292.30       Paris      1025  2024-03-21 16:44
[2024-03-21 16:47:04,024] {python.py:151} INFO - Done. Returned value was: None
[2024-03-21 16:47:04,045] {taskinstance.py:1211} INFO - Marking task as SUCCESS. dag_id=***_exam, task_id=transform_into_fulldata.csv, execution_date=20240321T164600, start_date=20240321T164703, end_date=20240321T164704
[2024-03-21 16:47:04,113] {taskinstance.py:1265} INFO - 3 downstream tasks scheduled from follow-on schedule check
[2024-03-21 16:47:04,137] {local_task_job.py:151} INFO - Task exited with return code 0
