[2024-03-15 22:23:09,216] {taskinstance.py:896} INFO - Dependencies all met for <TaskInstance: airflow_exam.compute_lr_score 2024-03-15T22:22:00+00:00 [queued]>
[2024-03-15 22:23:09,242] {taskinstance.py:896} INFO - Dependencies all met for <TaskInstance: airflow_exam.compute_lr_score 2024-03-15T22:22:00+00:00 [queued]>
[2024-03-15 22:23:09,242] {taskinstance.py:1087} INFO - 
--------------------------------------------------------------------------------
[2024-03-15 22:23:09,242] {taskinstance.py:1088} INFO - Starting attempt 1 of 1
[2024-03-15 22:23:09,242] {taskinstance.py:1089} INFO - 
--------------------------------------------------------------------------------
[2024-03-15 22:23:09,255] {taskinstance.py:1107} INFO - Executing <Task(PythonOperator): compute_lr_score> on 2024-03-15T22:22:00+00:00
[2024-03-15 22:23:09,265] {standard_task_runner.py:52} INFO - Started process 76288 to run task
[2024-03-15 22:23:09,268] {standard_task_runner.py:76} INFO - Running: ['***', 'tasks', 'run', '***_exam', 'compute_lr_score', '2024-03-15T22:22:00+00:00', '--job-id', '4401', '--pool', 'default_pool', '--raw', '--subdir', 'DAGS_FOLDER/DAG.py', '--cfg-path', '/tmp/tmpz2ff_4dc', '--error-file', '/tmp/tmp6bpo48at']
[2024-03-15 22:23:09,269] {standard_task_runner.py:77} INFO - Job 4401: Subtask compute_lr_score
[2024-03-15 22:23:09,330] {logging_mixin.py:104} INFO - Running <TaskInstance: ***_exam.compute_lr_score 2024-03-15T22:22:00+00:00 [running]> on host 3a3d0401ac26
[2024-03-15 22:23:09,410] {taskinstance.py:1302} INFO - Exporting the following env vars:
AIRFLOW_CTX_DAG_OWNER=***
AIRFLOW_CTX_DAG_ID=***_exam
AIRFLOW_CTX_TASK_ID=compute_lr_score
AIRFLOW_CTX_EXECUTION_DATE=2024-03-15T22:22:00+00:00
AIRFLOW_CTX_DAG_RUN_ID=scheduled__2024-03-15T22:22:00+00:00
[2024-03-15 22:23:09,655] {python.py:151} INFO - Done. Returned value was: None
[2024-03-15 22:23:09,693] {taskinstance.py:1211} INFO - Marking task as SUCCESS. dag_id=***_exam, task_id=compute_lr_score, execution_date=20240315T222200, start_date=20240315T222309, end_date=20240315T222309
[2024-03-15 22:23:09,776] {taskinstance.py:1265} INFO - 0 downstream tasks scheduled from follow-on schedule check
[2024-03-15 22:23:09,814] {local_task_job.py:151} INFO - Task exited with return code 0
