[2024-03-20 22:16:04,494] {taskinstance.py:896} INFO - Dependencies all met for <TaskInstance: airflow_exam.transform_into_fulldata.csv 2024-03-20T22:15:00+00:00 [queued]>
[2024-03-20 22:16:04,520] {taskinstance.py:896} INFO - Dependencies all met for <TaskInstance: airflow_exam.transform_into_fulldata.csv 2024-03-20T22:15:00+00:00 [queued]>
[2024-03-20 22:16:04,520] {taskinstance.py:1087} INFO - 
--------------------------------------------------------------------------------
[2024-03-20 22:16:04,520] {taskinstance.py:1088} INFO - Starting attempt 1 of 1
[2024-03-20 22:16:04,520] {taskinstance.py:1089} INFO - 
--------------------------------------------------------------------------------
[2024-03-20 22:16:04,553] {taskinstance.py:1107} INFO - Executing <Task(PythonOperator): transform_into_fulldata.csv> on 2024-03-20T22:15:00+00:00
[2024-03-20 22:16:04,566] {standard_task_runner.py:52} INFO - Started process 21985 to run task
[2024-03-20 22:16:04,572] {standard_task_runner.py:76} INFO - Running: ['***', 'tasks', 'run', '***_exam', 'transform_into_fulldata.csv', '2024-03-20T22:15:00+00:00', '--job-id', '7555', '--pool', 'default_pool', '--raw', '--subdir', 'DAGS_FOLDER/DAG.py', '--cfg-path', '/tmp/tmpe5d9ihvl', '--error-file', '/tmp/tmp5npejnzs']
[2024-03-20 22:16:04,573] {standard_task_runner.py:77} INFO - Job 7555: Subtask transform_into_fulldata.csv
[2024-03-20 22:16:04,661] {logging_mixin.py:104} INFO - Running <TaskInstance: ***_exam.transform_into_fulldata.csv 2024-03-20T22:15:00+00:00 [running]> on host 3a3d0401ac26
[2024-03-20 22:16:04,792] {taskinstance.py:1302} INFO - Exporting the following env vars:
AIRFLOW_CTX_DAG_OWNER=***
AIRFLOW_CTX_DAG_ID=***_exam
AIRFLOW_CTX_TASK_ID=transform_into_fulldata.csv
AIRFLOW_CTX_EXECUTION_DATE=2024-03-20T22:15:00+00:00
AIRFLOW_CTX_DAG_RUN_ID=scheduled__2024-03-20T22:15:00+00:00
[2024-03-20 22:16:04,962] {logging_mixin.py:104} INFO - 
[2024-03-20 22:16:05,007] {logging_mixin.py:104} INFO -     temperature        city  pression              date
0       286.86       Paris      1020  2024-03-20 22:16
1       285.24      London      1021  2024-03-20 22:16
2       290.57  Washington      1007  2024-03-20 22:16
3       286.83       Paris      1020  2024-03-20 22:15
4       285.18      London      1021  2024-03-20 22:15
5       290.68  Washington      1007  2024-03-20 22:15
6       286.83       Paris      1020  2024-03-20 22:14
7       285.18      London      1021  2024-03-20 22:14
8       290.68  Washington      1007  2024-03-20 22:14
9       286.83       Paris      1020  2024-03-20 22:13
[2024-03-20 22:16:05,043] {python.py:151} INFO - Done. Returned value was: None
[2024-03-20 22:16:05,069] {taskinstance.py:1211} INFO - Marking task as SUCCESS. dag_id=***_exam, task_id=transform_into_fulldata.csv, execution_date=20240320T221500, start_date=20240320T221604, end_date=20240320T221605
[2024-03-20 22:16:05,139] {taskinstance.py:1265} INFO - 3 downstream tasks scheduled from follow-on schedule check
[2024-03-20 22:16:05,189] {local_task_job.py:151} INFO - Task exited with return code 0
