[2024-03-16 00:44:07,931] {taskinstance.py:896} INFO - Dependencies all met for <TaskInstance: airflow_exam.transform_into_data.csv 2024-03-16T00:43:00+00:00 [queued]>
[2024-03-16 00:44:07,986] {taskinstance.py:896} INFO - Dependencies all met for <TaskInstance: airflow_exam.transform_into_data.csv 2024-03-16T00:43:00+00:00 [queued]>
[2024-03-16 00:44:07,987] {taskinstance.py:1087} INFO - 
--------------------------------------------------------------------------------
[2024-03-16 00:44:07,987] {taskinstance.py:1088} INFO - Starting attempt 1 of 1
[2024-03-16 00:44:07,987] {taskinstance.py:1089} INFO - 
--------------------------------------------------------------------------------
[2024-03-16 00:44:08,010] {taskinstance.py:1107} INFO - Executing <Task(PythonOperator): transform_into_data.csv> on 2024-03-16T00:43:00+00:00
[2024-03-16 00:44:08,031] {standard_task_runner.py:52} INFO - Started process 105103 to run task
[2024-03-16 00:44:08,039] {standard_task_runner.py:76} INFO - Running: ['***', 'tasks', 'run', '***_exam', 'transform_into_data.csv', '2024-03-16T00:43:00+00:00', '--job-id', '5379', '--pool', 'default_pool', '--raw', '--subdir', 'DAGS_FOLDER/DAG.py', '--cfg-path', '/tmp/tmpwutilrik', '--error-file', '/tmp/tmp7k2w7qx8']
[2024-03-16 00:44:08,040] {standard_task_runner.py:77} INFO - Job 5379: Subtask transform_into_data.csv
[2024-03-16 00:44:08,127] {logging_mixin.py:104} INFO - Running <TaskInstance: ***_exam.transform_into_data.csv 2024-03-16T00:43:00+00:00 [running]> on host 3a3d0401ac26
[2024-03-16 00:44:08,243] {taskinstance.py:1302} INFO - Exporting the following env vars:
AIRFLOW_CTX_DAG_OWNER=***
AIRFLOW_CTX_DAG_ID=***_exam
AIRFLOW_CTX_TASK_ID=transform_into_data.csv
AIRFLOW_CTX_EXECUTION_DATE=2024-03-16T00:43:00+00:00
AIRFLOW_CTX_DAG_RUN_ID=scheduled__2024-03-16T00:43:00+00:00
[2024-03-16 00:44:08,254] {logging_mixin.py:104} INFO - 
[2024-03-16 00:44:08,298] {logging_mixin.py:104} INFO -     temperature        city  pression              date
0       284.40       Paris      1016  2024-03-16 00:44
1       281.34      London      1013  2024-03-16 00:44
2       287.91  Washington      1021  2024-03-16 00:44
3       284.40       Paris      1016  2024-03-16 00:43
4       281.34      London      1013  2024-03-16 00:43
5       287.91  Washington      1021  2024-03-16 00:43
6       284.40       Paris      1016  2024-03-16 00:42
7       281.33      London      1013  2024-03-16 00:42
8       287.66  Washington      1021  2024-03-16 00:42
9       284.40       Paris      1016  2024-03-16 00:41
[2024-03-16 00:44:08,305] {python.py:151} INFO - Done. Returned value was: None
[2024-03-16 00:44:08,328] {taskinstance.py:1211} INFO - Marking task as SUCCESS. dag_id=***_exam, task_id=transform_into_data.csv, execution_date=20240316T004300, start_date=20240316T004407, end_date=20240316T004408
[2024-03-16 00:44:08,382] {taskinstance.py:1265} INFO - 0 downstream tasks scheduled from follow-on schedule check
[2024-03-16 00:44:08,415] {local_task_job.py:151} INFO - Task exited with return code 0
