[2024-03-21 20:11:04,111] {taskinstance.py:896} INFO - Dependencies all met for <TaskInstance: airflow_exam.transform_into_data.csv 2024-03-21T20:10:00+00:00 [queued]>
[2024-03-21 20:11:04,138] {taskinstance.py:896} INFO - Dependencies all met for <TaskInstance: airflow_exam.transform_into_data.csv 2024-03-21T20:10:00+00:00 [queued]>
[2024-03-21 20:11:04,138] {taskinstance.py:1087} INFO - 
--------------------------------------------------------------------------------
[2024-03-21 20:11:04,138] {taskinstance.py:1088} INFO - Starting attempt 1 of 1
[2024-03-21 20:11:04,139] {taskinstance.py:1089} INFO - 
--------------------------------------------------------------------------------
[2024-03-21 20:11:04,155] {taskinstance.py:1107} INFO - Executing <Task(PythonOperator): transform_into_data.csv> on 2024-03-21T20:10:00+00:00
[2024-03-21 20:11:04,165] {standard_task_runner.py:52} INFO - Started process 58288 to run task
[2024-03-21 20:11:04,172] {standard_task_runner.py:76} INFO - Running: ['***', 'tasks', 'run', '***_exam', 'transform_into_data.csv', '2024-03-21T20:10:00+00:00', '--job-id', '10942', '--pool', 'default_pool', '--raw', '--subdir', 'DAGS_FOLDER/DAG.py', '--cfg-path', '/tmp/tmp7asq91d6', '--error-file', '/tmp/tmpwbf58ynn']
[2024-03-21 20:11:04,173] {standard_task_runner.py:77} INFO - Job 10942: Subtask transform_into_data.csv
[2024-03-21 20:11:04,261] {logging_mixin.py:104} INFO - Running <TaskInstance: ***_exam.transform_into_data.csv 2024-03-21T20:10:00+00:00 [running]> on host 3a3d0401ac26
[2024-03-21 20:11:04,361] {taskinstance.py:1302} INFO - Exporting the following env vars:
AIRFLOW_CTX_DAG_OWNER=***
AIRFLOW_CTX_DAG_ID=***_exam
AIRFLOW_CTX_TASK_ID=transform_into_data.csv
AIRFLOW_CTX_EXECUTION_DATE=2024-03-21T20:10:00+00:00
AIRFLOW_CTX_DAG_RUN_ID=scheduled__2024-03-21T20:10:00+00:00
[2024-03-21 20:11:04,372] {logging_mixin.py:104} INFO - 
[2024-03-21 20:11:04,402] {logging_mixin.py:104} INFO -     temperature        city  pression              date
0       288.26       Paris      1025  2024-03-21 20:11
1       286.23      London      1022  2024-03-21 20:11
2       287.00  Washington      1013  2024-03-21 20:11
3       288.26       Paris      1025  2024-03-21 20:10
4       286.23      London      1022  2024-03-21 20:10
5       287.00  Washington      1013  2024-03-21 20:10
6       288.26       Paris      1025  2024-03-21 20:09
7       286.23      London      1022  2024-03-21 20:09
8       287.00  Washington      1013  2024-03-21 20:09
9       288.26       Paris      1025  2024-03-21 20:08
[2024-03-21 20:11:04,407] {python.py:151} INFO - Done. Returned value was: None
[2024-03-21 20:11:04,425] {taskinstance.py:1211} INFO - Marking task as SUCCESS. dag_id=***_exam, task_id=transform_into_data.csv, execution_date=20240321T201000, start_date=20240321T201104, end_date=20240321T201104
[2024-03-21 20:11:04,465] {taskinstance.py:1265} INFO - 0 downstream tasks scheduled from follow-on schedule check
[2024-03-21 20:11:04,509] {local_task_job.py:151} INFO - Task exited with return code 0
