[2024-03-20 20:32:05,182] {taskinstance.py:896} INFO - Dependencies all met for <TaskInstance: airflow_exam.transform_into_data.csv 2024-03-20T20:31:00+00:00 [queued]>
[2024-03-20 20:32:05,201] {taskinstance.py:896} INFO - Dependencies all met for <TaskInstance: airflow_exam.transform_into_data.csv 2024-03-20T20:31:00+00:00 [queued]>
[2024-03-20 20:32:05,202] {taskinstance.py:1087} INFO - 
--------------------------------------------------------------------------------
[2024-03-20 20:32:05,202] {taskinstance.py:1088} INFO - Starting attempt 1 of 1
[2024-03-20 20:32:05,202] {taskinstance.py:1089} INFO - 
--------------------------------------------------------------------------------
[2024-03-20 20:32:05,230] {taskinstance.py:1107} INFO - Executing <Task(PythonOperator): transform_into_data.csv> on 2024-03-20T20:31:00+00:00
[2024-03-20 20:32:05,241] {standard_task_runner.py:52} INFO - Started process 414 to run task
[2024-03-20 20:32:05,244] {standard_task_runner.py:76} INFO - Running: ['***', 'tasks', 'run', '***_exam', 'transform_into_data.csv', '2024-03-20T20:31:00+00:00', '--job-id', '6841', '--pool', 'default_pool', '--raw', '--subdir', 'DAGS_FOLDER/DAG.py', '--cfg-path', '/tmp/tmp1wtwgbfn', '--error-file', '/tmp/tmp7cay78pr']
[2024-03-20 20:32:05,245] {standard_task_runner.py:77} INFO - Job 6841: Subtask transform_into_data.csv
[2024-03-20 20:32:05,306] {logging_mixin.py:104} INFO - Running <TaskInstance: ***_exam.transform_into_data.csv 2024-03-20T20:31:00+00:00 [running]> on host 3a3d0401ac26
[2024-03-20 20:32:05,377] {taskinstance.py:1302} INFO - Exporting the following env vars:
AIRFLOW_CTX_DAG_OWNER=***
AIRFLOW_CTX_DAG_ID=***_exam
AIRFLOW_CTX_TASK_ID=transform_into_data.csv
AIRFLOW_CTX_EXECUTION_DATE=2024-03-20T20:31:00+00:00
AIRFLOW_CTX_DAG_RUN_ID=scheduled__2024-03-20T20:31:00+00:00
[2024-03-20 20:32:05,383] {logging_mixin.py:104} INFO - 
[2024-03-20 20:32:05,404] {logging_mixin.py:104} INFO -     temperature        city  pression              date
0       287.71       Paris      1018  2024-03-20 20:32
1       286.99      London      1020  2024-03-20 20:32
2       290.18  Washington      1009  2024-03-20 20:32
3       287.71       Paris      1018  2024-03-20 20:31
4       286.99      London      1020  2024-03-20 20:31
5       290.18  Washington      1009  2024-03-20 20:31
6       283.91       Paris      1018  2024-03-16 04:07
7       281.50      London      1016  2024-03-16 04:07
8       281.64  Washington      1023  2024-03-16 04:07
9       283.91       Paris      1018  2024-03-16 04:06
[2024-03-20 20:32:05,408] {python.py:151} INFO - Done. Returned value was: None
[2024-03-20 20:32:05,419] {taskinstance.py:1211} INFO - Marking task as SUCCESS. dag_id=***_exam, task_id=transform_into_data.csv, execution_date=20240320T203100, start_date=20240320T203205, end_date=20240320T203205
[2024-03-20 20:32:05,451] {taskinstance.py:1265} INFO - 0 downstream tasks scheduled from follow-on schedule check
[2024-03-20 20:32:05,496] {local_task_job.py:151} INFO - Task exited with return code 0
