[2024-03-15 22:03:05,078] {taskinstance.py:896} INFO - Dependencies all met for <TaskInstance: airflow_exam.transform_into_fulldata.csv 2024-03-15T22:02:00+00:00 [queued]>
[2024-03-15 22:03:05,100] {taskinstance.py:896} INFO - Dependencies all met for <TaskInstance: airflow_exam.transform_into_fulldata.csv 2024-03-15T22:02:00+00:00 [queued]>
[2024-03-15 22:03:05,100] {taskinstance.py:1087} INFO - 
--------------------------------------------------------------------------------
[2024-03-15 22:03:05,100] {taskinstance.py:1088} INFO - Starting attempt 1 of 1
[2024-03-15 22:03:05,100] {taskinstance.py:1089} INFO - 
--------------------------------------------------------------------------------
[2024-03-15 22:03:05,112] {taskinstance.py:1107} INFO - Executing <Task(PythonOperator): transform_into_fulldata.csv> on 2024-03-15T22:02:00+00:00
[2024-03-15 22:03:05,120] {standard_task_runner.py:52} INFO - Started process 72154 to run task
[2024-03-15 22:03:05,124] {standard_task_runner.py:76} INFO - Running: ['***', 'tasks', 'run', '***_exam', 'transform_into_fulldata.csv', '2024-03-15T22:02:00+00:00', '--job-id', '4260', '--pool', 'default_pool', '--raw', '--subdir', 'DAGS_FOLDER/DAG.py', '--cfg-path', '/tmp/tmpieof5pvo', '--error-file', '/tmp/tmpd2n70ny0']
[2024-03-15 22:03:05,124] {standard_task_runner.py:77} INFO - Job 4260: Subtask transform_into_fulldata.csv
[2024-03-15 22:03:05,173] {logging_mixin.py:104} INFO - Running <TaskInstance: ***_exam.transform_into_fulldata.csv 2024-03-15T22:02:00+00:00 [running]> on host 3a3d0401ac26
[2024-03-15 22:03:05,238] {taskinstance.py:1302} INFO - Exporting the following env vars:
AIRFLOW_CTX_DAG_OWNER=***
AIRFLOW_CTX_DAG_ID=***_exam
AIRFLOW_CTX_TASK_ID=transform_into_fulldata.csv
AIRFLOW_CTX_EXECUTION_DATE=2024-03-15T22:02:00+00:00
AIRFLOW_CTX_DAG_RUN_ID=scheduled__2024-03-15T22:02:00+00:00
[2024-03-15 22:03:05,284] {logging_mixin.py:104} INFO - 
[2024-03-15 22:03:05,302] {logging_mixin.py:104} INFO -     temperature        city  pression              date
0       285.48       Paris      1014  2024-03-15 22:03
1       283.32      London      1010  2024-03-15 22:03
2       288.89  Washington      1022  2024-03-15 22:03
3       285.48       Paris      1014  2024-03-15 22:02
4       283.32      London      1010  2024-03-15 22:02
5       288.89  Washington      1022  2024-03-15 22:02
6       285.48       Paris      1014  2024-03-15 22:01
7       283.32      London      1010  2024-03-15 22:01
8       288.89  Washington      1022  2024-03-15 22:01
9       285.48       Paris      1014  2024-03-15 22:00
[2024-03-15 22:03:05,310] {python.py:151} INFO - Done. Returned value was: None
[2024-03-15 22:03:05,322] {taskinstance.py:1211} INFO - Marking task as SUCCESS. dag_id=***_exam, task_id=transform_into_fulldata.csv, execution_date=20240315T220200, start_date=20240315T220305, end_date=20240315T220305
[2024-03-15 22:03:05,360] {taskinstance.py:1265} INFO - 3 downstream tasks scheduled from follow-on schedule check
[2024-03-15 22:03:05,376] {local_task_job.py:151} INFO - Task exited with return code 0
