[2024-03-16 02:39:05,581] {taskinstance.py:896} INFO - Dependencies all met for <TaskInstance: airflow_exam.transform_into_fulldata.csv 2024-03-16T02:38:00+00:00 [queued]>
[2024-03-16 02:39:05,608] {taskinstance.py:896} INFO - Dependencies all met for <TaskInstance: airflow_exam.transform_into_fulldata.csv 2024-03-16T02:38:00+00:00 [queued]>
[2024-03-16 02:39:05,608] {taskinstance.py:1087} INFO - 
--------------------------------------------------------------------------------
[2024-03-16 02:39:05,608] {taskinstance.py:1088} INFO - Starting attempt 1 of 1
[2024-03-16 02:39:05,608] {taskinstance.py:1089} INFO - 
--------------------------------------------------------------------------------
[2024-03-16 02:39:05,624] {taskinstance.py:1107} INFO - Executing <Task(PythonOperator): transform_into_fulldata.csv> on 2024-03-16T02:38:00+00:00
[2024-03-16 02:39:05,636] {standard_task_runner.py:52} INFO - Started process 129799 to run task
[2024-03-16 02:39:05,641] {standard_task_runner.py:76} INFO - Running: ['***', 'tasks', 'run', '***_exam', 'transform_into_fulldata.csv', '2024-03-16T02:38:00+00:00', '--job-id', '6185', '--pool', 'default_pool', '--raw', '--subdir', 'DAGS_FOLDER/DAG.py', '--cfg-path', '/tmp/tmpzek1wia6', '--error-file', '/tmp/tmp0s9c2hne']
[2024-03-16 02:39:05,642] {standard_task_runner.py:77} INFO - Job 6185: Subtask transform_into_fulldata.csv
[2024-03-16 02:39:05,726] {logging_mixin.py:104} INFO - Running <TaskInstance: ***_exam.transform_into_fulldata.csv 2024-03-16T02:38:00+00:00 [running]> on host 3a3d0401ac26
[2024-03-16 02:39:05,823] {taskinstance.py:1302} INFO - Exporting the following env vars:
AIRFLOW_CTX_DAG_OWNER=***
AIRFLOW_CTX_DAG_ID=***_exam
AIRFLOW_CTX_TASK_ID=transform_into_fulldata.csv
AIRFLOW_CTX_EXECUTION_DATE=2024-03-16T02:38:00+00:00
AIRFLOW_CTX_DAG_RUN_ID=scheduled__2024-03-16T02:38:00+00:00
[2024-03-16 02:39:05,902] {logging_mixin.py:104} INFO - 
[2024-03-16 02:39:05,930] {logging_mixin.py:104} INFO -     temperature        city  pression              date
0       284.22       Paris      1017  2024-03-16 02:39
1       281.30      London      1015  2024-03-16 02:39
2       280.76  Washington      1023  2024-03-16 02:39
3       284.22       Paris      1017  2024-03-16 02:38
4       281.30      London      1015  2024-03-16 02:38
5       280.76  Washington      1023  2024-03-16 02:38
6       284.22       Paris      1017  2024-03-16 02:37
7       281.30      London      1015  2024-03-16 02:37
8       280.76  Washington      1023  2024-03-16 02:37
9       284.22       Paris      1017  2024-03-16 02:36
[2024-03-16 02:39:05,945] {python.py:151} INFO - Done. Returned value was: None
[2024-03-16 02:39:05,960] {taskinstance.py:1211} INFO - Marking task as SUCCESS. dag_id=***_exam, task_id=transform_into_fulldata.csv, execution_date=20240316T023800, start_date=20240316T023905, end_date=20240316T023905
[2024-03-16 02:39:06,014] {taskinstance.py:1265} INFO - 3 downstream tasks scheduled from follow-on schedule check
[2024-03-16 02:39:06,054] {local_task_job.py:151} INFO - Task exited with return code 0
