[2024-03-15 18:28:04,802] {taskinstance.py:896} INFO - Dependencies all met for <TaskInstance: airflow_exam.transform_into_fulldata.csv 2024-03-15T18:27:00+00:00 [queued]>
[2024-03-15 18:28:04,827] {taskinstance.py:896} INFO - Dependencies all met for <TaskInstance: airflow_exam.transform_into_fulldata.csv 2024-03-15T18:27:00+00:00 [queued]>
[2024-03-15 18:28:04,827] {taskinstance.py:1087} INFO - 
--------------------------------------------------------------------------------
[2024-03-15 18:28:04,827] {taskinstance.py:1088} INFO - Starting attempt 1 of 1
[2024-03-15 18:28:04,827] {taskinstance.py:1089} INFO - 
--------------------------------------------------------------------------------
[2024-03-15 18:28:04,841] {taskinstance.py:1107} INFO - Executing <Task(PythonOperator): transform_into_fulldata.csv> on 2024-03-15T18:27:00+00:00
[2024-03-15 18:28:04,851] {standard_task_runner.py:52} INFO - Started process 46160 to run task
[2024-03-15 18:28:04,854] {standard_task_runner.py:76} INFO - Running: ['***', 'tasks', 'run', '***_exam', 'transform_into_fulldata.csv', '2024-03-15T18:27:00+00:00', '--job-id', '3349', '--pool', 'default_pool', '--raw', '--subdir', 'DAGS_FOLDER/DAG.py', '--cfg-path', '/tmp/tmpj126w50u', '--error-file', '/tmp/tmpbc1eb29j']
[2024-03-15 18:28:04,855] {standard_task_runner.py:77} INFO - Job 3349: Subtask transform_into_fulldata.csv
[2024-03-15 18:28:04,918] {logging_mixin.py:104} INFO - Running <TaskInstance: ***_exam.transform_into_fulldata.csv 2024-03-15T18:27:00+00:00 [running]> on host 3a3d0401ac26
[2024-03-15 18:28:04,994] {taskinstance.py:1302} INFO - Exporting the following env vars:
AIRFLOW_CTX_DAG_OWNER=***
AIRFLOW_CTX_DAG_ID=***_exam
AIRFLOW_CTX_TASK_ID=transform_into_fulldata.csv
AIRFLOW_CTX_EXECUTION_DATE=2024-03-15T18:27:00+00:00
AIRFLOW_CTX_DAG_RUN_ID=scheduled__2024-03-15T18:27:00+00:00
[2024-03-15 18:28:05,038] {logging_mixin.py:104} INFO - 
[2024-03-15 18:28:05,064] {logging_mixin.py:104} INFO -     temperature        city  pression              date
0       286.75       Paris      1012  2024-03-15 18:28
1       285.49      London      1006  2024-03-15 18:28
2       281.73  Washington      1026  2024-03-15 18:28
3       286.75       Paris      1012  2024-03-15 18:27
4       285.49      London      1006  2024-03-15 18:27
5       281.73  Washington      1026  2024-03-15 18:27
6       286.75       Paris      1012  2024-03-15 18:26
7       285.49      London      1006  2024-03-15 18:26
8       281.73  Washington      1026  2024-03-15 18:26
9       286.70       Paris      1011  2024-03-15 18:25
[2024-03-15 18:28:05,074] {python.py:151} INFO - Done. Returned value was: None
[2024-03-15 18:28:05,090] {taskinstance.py:1211} INFO - Marking task as SUCCESS. dag_id=***_exam, task_id=transform_into_fulldata.csv, execution_date=20240315T182700, start_date=20240315T182804, end_date=20240315T182805
[2024-03-15 18:28:05,141] {taskinstance.py:1265} INFO - 3 downstream tasks scheduled from follow-on schedule check
[2024-03-15 18:28:05,188] {local_task_job.py:151} INFO - Task exited with return code 0
