[2024-03-15 16:38:04,817] {taskinstance.py:896} INFO - Dependencies all met for <TaskInstance: airflow_exam.transform_into_data.csv 2024-03-15T16:37:00+00:00 [queued]>
[2024-03-15 16:38:04,849] {taskinstance.py:896} INFO - Dependencies all met for <TaskInstance: airflow_exam.transform_into_data.csv 2024-03-15T16:37:00+00:00 [queued]>
[2024-03-15 16:38:04,849] {taskinstance.py:1087} INFO - 
--------------------------------------------------------------------------------
[2024-03-15 16:38:04,849] {taskinstance.py:1088} INFO - Starting attempt 1 of 1
[2024-03-15 16:38:04,850] {taskinstance.py:1089} INFO - 
--------------------------------------------------------------------------------
[2024-03-15 16:38:04,869] {taskinstance.py:1107} INFO - Executing <Task(PythonOperator): transform_into_data.csv> on 2024-03-15T16:37:00+00:00
[2024-03-15 16:38:04,882] {standard_task_runner.py:52} INFO - Started process 23964 to run task
[2024-03-15 16:38:04,888] {standard_task_runner.py:76} INFO - Running: ['***', 'tasks', 'run', '***_exam', 'transform_into_data.csv', '2024-03-15T16:37:00+00:00', '--job-id', '2578', '--pool', 'default_pool', '--raw', '--subdir', 'DAGS_FOLDER/DAG.py', '--cfg-path', '/tmp/tmpztl7no6k', '--error-file', '/tmp/tmpolz2gbpp']
[2024-03-15 16:38:04,888] {standard_task_runner.py:77} INFO - Job 2578: Subtask transform_into_data.csv
[2024-03-15 16:38:04,954] {logging_mixin.py:104} INFO - Running <TaskInstance: ***_exam.transform_into_data.csv 2024-03-15T16:37:00+00:00 [running]> on host 3a3d0401ac26
[2024-03-15 16:38:05,060] {taskinstance.py:1302} INFO - Exporting the following env vars:
AIRFLOW_CTX_DAG_OWNER=***
AIRFLOW_CTX_DAG_ID=***_exam
AIRFLOW_CTX_TASK_ID=transform_into_data.csv
AIRFLOW_CTX_EXECUTION_DATE=2024-03-15T16:37:00+00:00
AIRFLOW_CTX_DAG_RUN_ID=scheduled__2024-03-15T16:37:00+00:00
[2024-03-15 16:38:05,070] {logging_mixin.py:104} INFO - 
[2024-03-15 16:38:05,102] {logging_mixin.py:104} INFO -     temperature        city  pression              date
0       288.51       Paris      1011  2024-03-15 16:38
1       286.80      London      1004  2024-03-15 16:38
2       279.05  Washington      1027  2024-03-15 16:38
3       288.51       Paris      1011  2024-03-15 16:37
4       286.80      London      1004  2024-03-15 16:37
5       279.05  Washington      1027  2024-03-15 16:37
6       288.51       Paris      1011  2024-03-15 16:36
7       286.80      London      1004  2024-03-15 16:36
8       279.05  Washington      1027  2024-03-15 16:36
9       288.51       Paris      1011  2024-03-15 16:35
[2024-03-15 16:38:05,109] {python.py:151} INFO - Done. Returned value was: None
[2024-03-15 16:38:05,128] {taskinstance.py:1211} INFO - Marking task as SUCCESS. dag_id=***_exam, task_id=transform_into_data.csv, execution_date=20240315T163700, start_date=20240315T163804, end_date=20240315T163805
[2024-03-15 16:38:05,179] {taskinstance.py:1265} INFO - 0 downstream tasks scheduled from follow-on schedule check
[2024-03-15 16:38:05,204] {local_task_job.py:151} INFO - Task exited with return code 0
