[2024-03-21 19:29:04,816] {taskinstance.py:896} INFO - Dependencies all met for <TaskInstance: airflow_exam.transform_into_data.csv 2024-03-21T19:28:00+00:00 [queued]>
[2024-03-21 19:29:04,839] {taskinstance.py:896} INFO - Dependencies all met for <TaskInstance: airflow_exam.transform_into_data.csv 2024-03-21T19:28:00+00:00 [queued]>
[2024-03-21 19:29:04,839] {taskinstance.py:1087} INFO - 
--------------------------------------------------------------------------------
[2024-03-21 19:29:04,840] {taskinstance.py:1088} INFO - Starting attempt 1 of 1
[2024-03-21 19:29:04,840] {taskinstance.py:1089} INFO - 
--------------------------------------------------------------------------------
[2024-03-21 19:29:04,851] {taskinstance.py:1107} INFO - Executing <Task(PythonOperator): transform_into_data.csv> on 2024-03-21T19:28:00+00:00
[2024-03-21 19:29:04,860] {standard_task_runner.py:52} INFO - Started process 49142 to run task
[2024-03-21 19:29:04,864] {standard_task_runner.py:76} INFO - Running: ['***', 'tasks', 'run', '***_exam', 'transform_into_data.csv', '2024-03-21T19:28:00+00:00', '--job-id', '10647', '--pool', 'default_pool', '--raw', '--subdir', 'DAGS_FOLDER/DAG.py', '--cfg-path', '/tmp/tmpzqtmjntz', '--error-file', '/tmp/tmpuxtwufot']
[2024-03-21 19:29:04,864] {standard_task_runner.py:77} INFO - Job 10647: Subtask transform_into_data.csv
[2024-03-21 19:29:04,914] {logging_mixin.py:104} INFO - Running <TaskInstance: ***_exam.transform_into_data.csv 2024-03-21T19:28:00+00:00 [running]> on host 3a3d0401ac26
[2024-03-21 19:29:04,981] {taskinstance.py:1302} INFO - Exporting the following env vars:
AIRFLOW_CTX_DAG_OWNER=***
AIRFLOW_CTX_DAG_ID=***_exam
AIRFLOW_CTX_TASK_ID=transform_into_data.csv
AIRFLOW_CTX_EXECUTION_DATE=2024-03-21T19:28:00+00:00
AIRFLOW_CTX_DAG_RUN_ID=scheduled__2024-03-21T19:28:00+00:00
[2024-03-21 19:29:04,986] {logging_mixin.py:104} INFO - 
[2024-03-21 19:29:05,005] {logging_mixin.py:104} INFO -     temperature        city  pression              date
0       288.65       Paris      1025  2024-03-21 19:29
1       286.95      London      1022  2024-03-21 19:29
2       286.59  Washington      1014  2024-03-21 19:29
3       288.65       Paris      1025  2024-03-21 19:28
4       286.95      London      1022  2024-03-21 19:28
5       286.59  Washington      1014  2024-03-21 19:28
6       288.84       Paris      1025  2024-03-21 19:27
7       287.00      London      1022  2024-03-21 19:27
8       286.59  Washington      1014  2024-03-21 19:27
9       288.84       Paris      1025  2024-03-21 19:26
[2024-03-21 19:29:05,009] {python.py:151} INFO - Done. Returned value was: None
[2024-03-21 19:29:05,023] {taskinstance.py:1211} INFO - Marking task as SUCCESS. dag_id=***_exam, task_id=transform_into_data.csv, execution_date=20240321T192800, start_date=20240321T192904, end_date=20240321T192905
[2024-03-21 19:29:05,054] {taskinstance.py:1265} INFO - 0 downstream tasks scheduled from follow-on schedule check
[2024-03-21 19:29:05,077] {local_task_job.py:151} INFO - Task exited with return code 0
