[2024-03-21 01:44:04,906] {taskinstance.py:896} INFO - Dependencies all met for <TaskInstance: airflow_exam.transform_into_fulldata.csv 2024-03-21T01:43:00+00:00 [queued]>
[2024-03-21 01:44:04,927] {taskinstance.py:896} INFO - Dependencies all met for <TaskInstance: airflow_exam.transform_into_fulldata.csv 2024-03-21T01:43:00+00:00 [queued]>
[2024-03-21 01:44:04,927] {taskinstance.py:1087} INFO - 
--------------------------------------------------------------------------------
[2024-03-21 01:44:04,927] {taskinstance.py:1088} INFO - Starting attempt 1 of 1
[2024-03-21 01:44:04,927] {taskinstance.py:1089} INFO - 
--------------------------------------------------------------------------------
[2024-03-21 01:44:04,954] {taskinstance.py:1107} INFO - Executing <Task(PythonOperator): transform_into_fulldata.csv> on 2024-03-21T01:43:00+00:00
[2024-03-21 01:44:04,966] {standard_task_runner.py:52} INFO - Started process 17925 to run task
[2024-03-21 01:44:04,972] {standard_task_runner.py:76} INFO - Running: ['***', 'tasks', 'run', '***_exam', 'transform_into_fulldata.csv', '2024-03-21T01:43:00+00:00', '--job-id', '8954', '--pool', 'default_pool', '--raw', '--subdir', 'DAGS_FOLDER/DAG.py', '--cfg-path', '/tmp/tmp98qptq1x', '--error-file', '/tmp/tmpz4fg1z43']
[2024-03-21 01:44:04,972] {standard_task_runner.py:77} INFO - Job 8954: Subtask transform_into_fulldata.csv
[2024-03-21 01:44:05,044] {logging_mixin.py:104} INFO - Running <TaskInstance: ***_exam.transform_into_fulldata.csv 2024-03-21T01:43:00+00:00 [running]> on host 3a3d0401ac26
[2024-03-21 01:44:05,131] {taskinstance.py:1302} INFO - Exporting the following env vars:
AIRFLOW_CTX_DAG_OWNER=***
AIRFLOW_CTX_DAG_ID=***_exam
AIRFLOW_CTX_TASK_ID=transform_into_fulldata.csv
AIRFLOW_CTX_EXECUTION_DATE=2024-03-21T01:43:00+00:00
AIRFLOW_CTX_DAG_RUN_ID=scheduled__2024-03-21T01:43:00+00:00
[2024-03-21 01:44:05,237] {logging_mixin.py:104} INFO - 
[2024-03-21 01:44:05,262] {logging_mixin.py:104} INFO -     temperature        city  pression              date
0       285.33       Paris      1021  2024-03-21 01:44
1       283.18      London      1023  2024-03-21 01:44
2       285.05  Washington      1008  2024-03-21 01:44
3       285.33       Paris      1021  2024-03-21 01:43
4       283.19      London      1023  2024-03-21 01:43
5       288.07  Washington      1007  2024-03-21 01:43
6       285.33       Paris      1021  2024-03-21 01:42
7       283.19      London      1023  2024-03-21 01:42
8       288.07  Washington      1007  2024-03-21 01:42
9       285.33       Paris      1021  2024-03-21 01:41
[2024-03-21 01:44:05,278] {python.py:151} INFO - Done. Returned value was: None
[2024-03-21 01:44:05,293] {taskinstance.py:1211} INFO - Marking task as SUCCESS. dag_id=***_exam, task_id=transform_into_fulldata.csv, execution_date=20240321T014300, start_date=20240321T014404, end_date=20240321T014405
[2024-03-21 01:44:05,342] {taskinstance.py:1265} INFO - 3 downstream tasks scheduled from follow-on schedule check
[2024-03-21 01:44:05,385] {local_task_job.py:151} INFO - Task exited with return code 0
