[2023-10-06 20:00:10,145] {taskinstance.py:896} INFO - Dependencies all met for <TaskInstance: airflow_exam.train_best_model 2023-10-06T19:59:00+00:00 [queued]>
[2023-10-06 20:00:10,157] {taskinstance.py:896} INFO - Dependencies all met for <TaskInstance: airflow_exam.train_best_model 2023-10-06T19:59:00+00:00 [queued]>
[2023-10-06 20:00:10,157] {taskinstance.py:1087} INFO - 
--------------------------------------------------------------------------------
[2023-10-06 20:00:10,157] {taskinstance.py:1088} INFO - Starting attempt 1 of 1
[2023-10-06 20:00:10,158] {taskinstance.py:1089} INFO - 
--------------------------------------------------------------------------------
[2023-10-06 20:00:10,172] {taskinstance.py:1107} INFO - Executing <Task(PythonOperator): train_best_model> on 2023-10-06T19:59:00+00:00
[2023-10-06 20:00:10,178] {standard_task_runner.py:52} INFO - Started process 11243 to run task
[2023-10-06 20:00:10,181] {standard_task_runner.py:76} INFO - Running: ['***', 'tasks', 'run', '***_exam', 'train_best_model', '2023-10-06T19:59:00+00:00', '--job-id', '675', '--pool', 'default_pool', '--raw', '--subdir', 'DAGS_FOLDER/DAG.py', '--cfg-path', '/tmp/tmp8joj5svo', '--error-file', '/tmp/tmpuv82ivsr']
[2023-10-06 20:00:10,181] {standard_task_runner.py:77} INFO - Job 675: Subtask train_best_model
[2023-10-06 20:00:10,222] {logging_mixin.py:104} INFO - Running <TaskInstance: ***_exam.train_best_model 2023-10-06T19:59:00+00:00 [running]> on host 3a3d0401ac26
[2023-10-06 20:00:10,332] {taskinstance.py:1302} INFO - Exporting the following env vars:
AIRFLOW_CTX_DAG_OWNER=***
AIRFLOW_CTX_DAG_ID=***_exam
AIRFLOW_CTX_TASK_ID=train_best_model
AIRFLOW_CTX_EXECUTION_DATE=2023-10-06T19:59:00+00:00
AIRFLOW_CTX_DAG_RUN_ID=scheduled__2023-10-06T19:59:00+00:00
[2023-10-06 20:00:10,434] {logging_mixin.py:104} INFO - LinearRegression() saved at  /app/clean_data/best_model.pickle
[2023-10-06 20:00:10,435] {python.py:151} INFO - Done. Returned value was: None
[2023-10-06 20:00:10,445] {taskinstance.py:1211} INFO - Marking task as SUCCESS. dag_id=***_exam, task_id=train_best_model, execution_date=20231006T195900, start_date=20231006T200010, end_date=20231006T200010
[2023-10-06 20:00:10,471] {taskinstance.py:1265} INFO - 0 downstream tasks scheduled from follow-on schedule check
[2023-10-06 20:00:10,514] {local_task_job.py:151} INFO - Task exited with return code 0
