[2024-03-21 16:16:04,163] {taskinstance.py:896} INFO - Dependencies all met for <TaskInstance: airflow_exam.transform_into_fulldata.csv 2024-03-21T16:15:00+00:00 [queued]>
[2024-03-21 16:16:04,190] {taskinstance.py:896} INFO - Dependencies all met for <TaskInstance: airflow_exam.transform_into_fulldata.csv 2024-03-21T16:15:00+00:00 [queued]>
[2024-03-21 16:16:04,191] {taskinstance.py:1087} INFO - 
--------------------------------------------------------------------------------
[2024-03-21 16:16:04,191] {taskinstance.py:1088} INFO - Starting attempt 1 of 1
[2024-03-21 16:16:04,191] {taskinstance.py:1089} INFO - 
--------------------------------------------------------------------------------
[2024-03-21 16:16:04,205] {taskinstance.py:1107} INFO - Executing <Task(PythonOperator): transform_into_fulldata.csv> on 2024-03-21T16:15:00+00:00
[2024-03-21 16:16:04,216] {standard_task_runner.py:52} INFO - Started process 7547 to run task
[2024-03-21 16:16:04,220] {standard_task_runner.py:76} INFO - Running: ['***', 'tasks', 'run', '***_exam', 'transform_into_fulldata.csv', '2024-03-21T16:15:00+00:00', '--job-id', '9296', '--pool', 'default_pool', '--raw', '--subdir', 'DAGS_FOLDER/DAG.py', '--cfg-path', '/tmp/tmpj1rzjxo2', '--error-file', '/tmp/tmppuo5359_']
[2024-03-21 16:16:04,220] {standard_task_runner.py:77} INFO - Job 9296: Subtask transform_into_fulldata.csv
[2024-03-21 16:16:04,280] {logging_mixin.py:104} INFO - Running <TaskInstance: ***_exam.transform_into_fulldata.csv 2024-03-21T16:15:00+00:00 [running]> on host 3a3d0401ac26
[2024-03-21 16:16:04,342] {taskinstance.py:1302} INFO - Exporting the following env vars:
AIRFLOW_CTX_DAG_OWNER=***
AIRFLOW_CTX_DAG_ID=***_exam
AIRFLOW_CTX_TASK_ID=transform_into_fulldata.csv
AIRFLOW_CTX_EXECUTION_DATE=2024-03-21T16:15:00+00:00
AIRFLOW_CTX_DAG_RUN_ID=scheduled__2024-03-21T16:15:00+00:00
[2024-03-21 16:16:04,444] {logging_mixin.py:104} INFO - 
[2024-03-21 16:16:04,469] {logging_mixin.py:104} INFO -     temperature        city  pression              date
0       292.99       Paris      1025  2024-03-21 16:16
1       289.46      London      1023  2024-03-21 16:16
2       281.04  Washington      1015  2024-03-21 16:16
3       292.99       Paris      1025  2024-03-21 16:15
4       289.46      London      1023  2024-03-21 16:15
5       281.04  Washington      1015  2024-03-21 16:15
6       292.99       Paris      1025  2024-03-21 16:14
7       289.46      London      1023  2024-03-21 16:14
8       281.04  Washington      1015  2024-03-21 16:14
9       292.99       Paris      1025  2024-03-21 16:13
[2024-03-21 16:16:04,484] {python.py:151} INFO - Done. Returned value was: None
[2024-03-21 16:16:04,496] {taskinstance.py:1211} INFO - Marking task as SUCCESS. dag_id=***_exam, task_id=transform_into_fulldata.csv, execution_date=20240321T161500, start_date=20240321T161604, end_date=20240321T161604
[2024-03-21 16:16:04,534] {taskinstance.py:1265} INFO - 3 downstream tasks scheduled from follow-on schedule check
[2024-03-21 16:16:04,553] {local_task_job.py:151} INFO - Task exited with return code 0
