[2024-03-21 16:51:05,478] {taskinstance.py:896} INFO - Dependencies all met for <TaskInstance: airflow_exam.transform_into_data.csv 2024-03-21T16:50:00+00:00 [queued]>
[2024-03-21 16:51:05,507] {taskinstance.py:896} INFO - Dependencies all met for <TaskInstance: airflow_exam.transform_into_data.csv 2024-03-21T16:50:00+00:00 [queued]>
[2024-03-21 16:51:05,508] {taskinstance.py:1087} INFO - 
--------------------------------------------------------------------------------
[2024-03-21 16:51:05,508] {taskinstance.py:1088} INFO - Starting attempt 1 of 1
[2024-03-21 16:51:05,508] {taskinstance.py:1089} INFO - 
--------------------------------------------------------------------------------
[2024-03-21 16:51:05,523] {taskinstance.py:1107} INFO - Executing <Task(PythonOperator): transform_into_data.csv> on 2024-03-21T16:50:00+00:00
[2024-03-21 16:51:05,534] {standard_task_runner.py:52} INFO - Started process 15148 to run task
[2024-03-21 16:51:05,539] {standard_task_runner.py:76} INFO - Running: ['***', 'tasks', 'run', '***_exam', 'transform_into_data.csv', '2024-03-21T16:50:00+00:00', '--job-id', '9542', '--pool', 'default_pool', '--raw', '--subdir', 'DAGS_FOLDER/DAG.py', '--cfg-path', '/tmp/tmp8105gw55', '--error-file', '/tmp/tmpw0vds5pl']
[2024-03-21 16:51:05,539] {standard_task_runner.py:77} INFO - Job 9542: Subtask transform_into_data.csv
[2024-03-21 16:51:05,609] {logging_mixin.py:104} INFO - Running <TaskInstance: ***_exam.transform_into_data.csv 2024-03-21T16:50:00+00:00 [running]> on host 3a3d0401ac26
[2024-03-21 16:51:05,680] {taskinstance.py:1302} INFO - Exporting the following env vars:
AIRFLOW_CTX_DAG_OWNER=***
AIRFLOW_CTX_DAG_ID=***_exam
AIRFLOW_CTX_TASK_ID=transform_into_data.csv
AIRFLOW_CTX_EXECUTION_DATE=2024-03-21T16:50:00+00:00
AIRFLOW_CTX_DAG_RUN_ID=scheduled__2024-03-21T16:50:00+00:00
[2024-03-21 16:51:05,686] {logging_mixin.py:104} INFO - 
[2024-03-21 16:51:05,707] {logging_mixin.py:104} INFO -     temperature        city  pression              date
0       292.10       Paris      1025  2024-03-21 16:51
1       289.14      London      1022  2024-03-21 16:51
2       281.82  Washington      1015  2024-03-21 16:51
3       292.26       Paris      1025  2024-03-21 16:50
4       289.14      London      1022  2024-03-21 16:50
5       281.82  Washington      1015  2024-03-21 16:50
6       292.12       Paris      1025  2024-03-21 16:49
7       289.14      London      1022  2024-03-21 16:49
8       281.76  Washington      1015  2024-03-21 16:49
9       292.12       Paris      1025  2024-03-21 16:48
[2024-03-21 16:51:05,711] {python.py:151} INFO - Done. Returned value was: None
[2024-03-21 16:51:05,726] {taskinstance.py:1211} INFO - Marking task as SUCCESS. dag_id=***_exam, task_id=transform_into_data.csv, execution_date=20240321T165000, start_date=20240321T165105, end_date=20240321T165105
[2024-03-21 16:51:05,768] {taskinstance.py:1265} INFO - 0 downstream tasks scheduled from follow-on schedule check
[2024-03-21 16:51:05,791] {local_task_job.py:151} INFO - Task exited with return code 0
