[2024-03-20 20:46:07,183] {taskinstance.py:896} INFO - Dependencies all met for <TaskInstance: airflow_exam.compute_dt_score 2024-03-20T20:45:00+00:00 [queued]>
[2024-03-20 20:46:07,206] {taskinstance.py:896} INFO - Dependencies all met for <TaskInstance: airflow_exam.compute_dt_score 2024-03-20T20:45:00+00:00 [queued]>
[2024-03-20 20:46:07,207] {taskinstance.py:1087} INFO - 
--------------------------------------------------------------------------------
[2024-03-20 20:46:07,207] {taskinstance.py:1088} INFO - Starting attempt 1 of 1
[2024-03-20 20:46:07,207] {taskinstance.py:1089} INFO - 
--------------------------------------------------------------------------------
[2024-03-20 20:46:07,235] {taskinstance.py:1107} INFO - Executing <Task(PythonOperator): compute_dt_score> on 2024-03-20T20:45:00+00:00
[2024-03-20 20:46:07,248] {standard_task_runner.py:52} INFO - Started process 3451 to run task
[2024-03-20 20:46:07,255] {standard_task_runner.py:76} INFO - Running: ['***', 'tasks', 'run', '***_exam', 'compute_dt_score', '2024-03-20T20:45:00+00:00', '--job-id', '6943', '--pool', 'default_pool', '--raw', '--subdir', 'DAGS_FOLDER/DAG.py', '--cfg-path', '/tmp/tmpga9ojmtr', '--error-file', '/tmp/tmpxvv7gurw']
[2024-03-20 20:46:07,257] {standard_task_runner.py:77} INFO - Job 6943: Subtask compute_dt_score
[2024-03-20 20:46:07,350] {logging_mixin.py:104} INFO - Running <TaskInstance: ***_exam.compute_dt_score 2024-03-20T20:45:00+00:00 [running]> on host 3a3d0401ac26
[2024-03-20 20:46:07,441] {taskinstance.py:1302} INFO - Exporting the following env vars:
AIRFLOW_CTX_DAG_OWNER=***
AIRFLOW_CTX_DAG_ID=***_exam
AIRFLOW_CTX_TASK_ID=compute_dt_score
AIRFLOW_CTX_EXECUTION_DATE=2024-03-20T20:45:00+00:00
AIRFLOW_CTX_DAG_RUN_ID=scheduled__2024-03-20T20:45:00+00:00
[2024-03-20 20:46:07,954] {python.py:151} INFO - Done. Returned value was: None
[2024-03-20 20:46:07,975] {taskinstance.py:1211} INFO - Marking task as SUCCESS. dag_id=***_exam, task_id=compute_dt_score, execution_date=20240320T204500, start_date=20240320T204607, end_date=20240320T204607
[2024-03-20 20:46:08,036] {taskinstance.py:1265} INFO - 0 downstream tasks scheduled from follow-on schedule check
[2024-03-20 20:46:08,092] {local_task_job.py:151} INFO - Task exited with return code 0
