[2024-03-15 19:26:05,877] {taskinstance.py:896} INFO - Dependencies all met for <TaskInstance: airflow_exam.transform_into_data.csv 2024-03-15T19:25:00+00:00 [queued]>
[2024-03-15 19:26:05,912] {taskinstance.py:896} INFO - Dependencies all met for <TaskInstance: airflow_exam.transform_into_data.csv 2024-03-15T19:25:00+00:00 [queued]>
[2024-03-15 19:26:05,913] {taskinstance.py:1087} INFO - 
--------------------------------------------------------------------------------
[2024-03-15 19:26:05,913] {taskinstance.py:1088} INFO - Starting attempt 1 of 1
[2024-03-15 19:26:05,913] {taskinstance.py:1089} INFO - 
--------------------------------------------------------------------------------
[2024-03-15 19:26:05,931] {taskinstance.py:1107} INFO - Executing <Task(PythonOperator): transform_into_data.csv> on 2024-03-15T19:25:00+00:00
[2024-03-15 19:26:05,947] {standard_task_runner.py:52} INFO - Started process 57789 to run task
[2024-03-15 19:26:05,953] {standard_task_runner.py:76} INFO - Running: ['***', 'tasks', 'run', '***_exam', 'transform_into_data.csv', '2024-03-15T19:25:00+00:00', '--job-id', '3756', '--pool', 'default_pool', '--raw', '--subdir', 'DAGS_FOLDER/DAG.py', '--cfg-path', '/tmp/tmpp1dhm6l7', '--error-file', '/tmp/tmp00hmif61']
[2024-03-15 19:26:05,953] {standard_task_runner.py:77} INFO - Job 3756: Subtask transform_into_data.csv
[2024-03-15 19:26:06,039] {logging_mixin.py:104} INFO - Running <TaskInstance: ***_exam.transform_into_data.csv 2024-03-15T19:25:00+00:00 [running]> on host 3a3d0401ac26
[2024-03-15 19:26:06,155] {taskinstance.py:1302} INFO - Exporting the following env vars:
AIRFLOW_CTX_DAG_OWNER=***
AIRFLOW_CTX_DAG_ID=***_exam
AIRFLOW_CTX_TASK_ID=transform_into_data.csv
AIRFLOW_CTX_EXECUTION_DATE=2024-03-15T19:25:00+00:00
AIRFLOW_CTX_DAG_RUN_ID=scheduled__2024-03-15T19:25:00+00:00
[2024-03-15 19:26:06,164] {logging_mixin.py:104} INFO - 
[2024-03-15 19:26:06,199] {logging_mixin.py:104} INFO -     temperature        city  pression              date
0       286.54       Paris      1013  2024-03-15 19:26
1       284.94      London      1008  2024-03-15 19:26
2       283.45  Washington      1025  2024-03-15 19:26
3       286.54       Paris      1013  2024-03-15 19:25
4       284.94      London      1008  2024-03-15 19:25
5       283.45  Washington      1025  2024-03-15 19:25
6       286.54       Paris      1013  2024-03-15 19:24
7       284.94      London      1008  2024-03-15 19:24
8       283.45  Washington      1025  2024-03-15 19:24
9       286.41       Paris      1013  2024-03-15 19:23
[2024-03-15 19:26:06,207] {python.py:151} INFO - Done. Returned value was: None
[2024-03-15 19:26:06,228] {taskinstance.py:1211} INFO - Marking task as SUCCESS. dag_id=***_exam, task_id=transform_into_data.csv, execution_date=20240315T192500, start_date=20240315T192605, end_date=20240315T192606
[2024-03-15 19:26:06,277] {taskinstance.py:1265} INFO - 0 downstream tasks scheduled from follow-on schedule check
[2024-03-15 19:26:06,304] {local_task_job.py:151} INFO - Task exited with return code 0
