[2024-03-15 14:40:04,005] {taskinstance.py:896} INFO - Dependencies all met for <TaskInstance: airflow_exam.transform_into_data.csv 2024-03-15T14:39:00+00:00 [queued]>
[2024-03-15 14:40:04,025] {taskinstance.py:896} INFO - Dependencies all met for <TaskInstance: airflow_exam.transform_into_data.csv 2024-03-15T14:39:00+00:00 [queued]>
[2024-03-15 14:40:04,025] {taskinstance.py:1087} INFO - 
--------------------------------------------------------------------------------
[2024-03-15 14:40:04,025] {taskinstance.py:1088} INFO - Starting attempt 1 of 1
[2024-03-15 14:40:04,025] {taskinstance.py:1089} INFO - 
--------------------------------------------------------------------------------
[2024-03-15 14:40:04,035] {taskinstance.py:1107} INFO - Executing <Task(PythonOperator): transform_into_data.csv> on 2024-03-15T14:39:00+00:00
[2024-03-15 14:40:04,043] {standard_task_runner.py:52} INFO - Started process 9379 to run task
[2024-03-15 14:40:04,046] {standard_task_runner.py:76} INFO - Running: ['***', 'tasks', 'run', '***_exam', 'transform_into_data.csv', '2024-03-15T14:39:00+00:00', '--job-id', '2045', '--pool', 'default_pool', '--raw', '--subdir', 'DAGS_FOLDER/DAG.py', '--cfg-path', '/tmp/tmpn3sgqvhl', '--error-file', '/tmp/tmpwlfdyuqo']
[2024-03-15 14:40:04,047] {standard_task_runner.py:77} INFO - Job 2045: Subtask transform_into_data.csv
[2024-03-15 14:40:04,090] {logging_mixin.py:104} INFO - Running <TaskInstance: ***_exam.transform_into_data.csv 2024-03-15T14:39:00+00:00 [running]> on host 3a3d0401ac26
[2024-03-15 14:40:04,155] {taskinstance.py:1302} INFO - Exporting the following env vars:
AIRFLOW_CTX_DAG_OWNER=***
AIRFLOW_CTX_DAG_ID=***_exam
AIRFLOW_CTX_TASK_ID=transform_into_data.csv
AIRFLOW_CTX_EXECUTION_DATE=2024-03-15T14:39:00+00:00
AIRFLOW_CTX_DAG_RUN_ID=scheduled__2024-03-15T14:39:00+00:00
[2024-03-15 14:40:04,161] {logging_mixin.py:104} INFO - 
[2024-03-15 14:40:04,185] {logging_mixin.py:104} INFO -     temperature        city  pression              date
0       289.53       Paris      1012  2024-03-15 14:40
1       286.95      London      1004  2024-03-15 14:40
2       274.26  Washington      1029  2024-03-15 14:40
3       289.53       Paris      1012  2024-03-15 14:39
4       286.95      London      1004  2024-03-15 14:39
5       274.26  Washington      1029  2024-03-15 14:39
6       289.53       Paris      1012  2024-03-15 14:38
7       286.95      London      1004  2024-03-15 14:38
8       274.26  Washington      1029  2024-03-15 14:38
9       289.62       Paris      1012  2024-03-15 14:37
[2024-03-15 14:40:04,190] {python.py:151} INFO - Done. Returned value was: None
[2024-03-15 14:40:04,203] {taskinstance.py:1211} INFO - Marking task as SUCCESS. dag_id=***_exam, task_id=transform_into_data.csv, execution_date=20240315T143900, start_date=20240315T144004, end_date=20240315T144004
[2024-03-15 14:40:04,237] {taskinstance.py:1265} INFO - 0 downstream tasks scheduled from follow-on schedule check
[2024-03-15 14:40:04,258] {local_task_job.py:151} INFO - Task exited with return code 0
