[2024-03-21 16:02:06,651] {taskinstance.py:896} INFO - Dependencies all met for <TaskInstance: airflow_exam.transform_into_fulldata.csv 2024-03-21T16:01:00+00:00 [queued]>
[2024-03-21 16:02:06,671] {taskinstance.py:896} INFO - Dependencies all met for <TaskInstance: airflow_exam.transform_into_fulldata.csv 2024-03-21T16:01:00+00:00 [queued]>
[2024-03-21 16:02:06,672] {taskinstance.py:1087} INFO - 
--------------------------------------------------------------------------------
[2024-03-21 16:02:06,672] {taskinstance.py:1088} INFO - Starting attempt 1 of 1
[2024-03-21 16:02:06,672] {taskinstance.py:1089} INFO - 
--------------------------------------------------------------------------------
[2024-03-21 16:02:06,683] {taskinstance.py:1107} INFO - Executing <Task(PythonOperator): transform_into_fulldata.csv> on 2024-03-21T16:01:00+00:00
[2024-03-21 16:02:06,691] {standard_task_runner.py:52} INFO - Started process 4515 to run task
[2024-03-21 16:02:06,696] {standard_task_runner.py:76} INFO - Running: ['***', 'tasks', 'run', '***_exam', 'transform_into_fulldata.csv', '2024-03-21T16:01:00+00:00', '--job-id', '9198', '--pool', 'default_pool', '--raw', '--subdir', 'DAGS_FOLDER/DAG.py', '--cfg-path', '/tmp/tmppo8f19va', '--error-file', '/tmp/tmp7z75jxg5']
[2024-03-21 16:02:06,696] {standard_task_runner.py:77} INFO - Job 9198: Subtask transform_into_fulldata.csv
[2024-03-21 16:02:06,764] {logging_mixin.py:104} INFO - Running <TaskInstance: ***_exam.transform_into_fulldata.csv 2024-03-21T16:01:00+00:00 [running]> on host 3a3d0401ac26
[2024-03-21 16:02:06,834] {taskinstance.py:1302} INFO - Exporting the following env vars:
AIRFLOW_CTX_DAG_OWNER=***
AIRFLOW_CTX_DAG_ID=***_exam
AIRFLOW_CTX_TASK_ID=transform_into_fulldata.csv
AIRFLOW_CTX_EXECUTION_DATE=2024-03-21T16:01:00+00:00
AIRFLOW_CTX_DAG_RUN_ID=scheduled__2024-03-21T16:01:00+00:00
[2024-03-21 16:02:06,928] {logging_mixin.py:104} INFO - 
[2024-03-21 16:02:06,951] {logging_mixin.py:104} INFO -     temperature        city  pression              date
0       292.80       Paris      1025  2024-03-21 16:02
1       289.53      London      1023  2024-03-21 16:02
2       280.52  Washington      1015  2024-03-21 16:02
3       292.80       Paris      1025  2024-03-21 16:01
4       289.53      London      1023  2024-03-21 16:01
5       280.52  Washington      1015  2024-03-21 16:01
6       292.80       Paris      1025  2024-03-21 16:00
7       289.53      London      1023  2024-03-21 16:00
8       280.52  Washington      1015  2024-03-21 16:00
9       292.80       Paris      1025  2024-03-21 15:59
[2024-03-21 16:02:06,973] {python.py:151} INFO - Done. Returned value was: None
[2024-03-21 16:02:06,987] {taskinstance.py:1211} INFO - Marking task as SUCCESS. dag_id=***_exam, task_id=transform_into_fulldata.csv, execution_date=20240321T160100, start_date=20240321T160206, end_date=20240321T160206
[2024-03-21 16:02:07,035] {taskinstance.py:1265} INFO - 3 downstream tasks scheduled from follow-on schedule check
[2024-03-21 16:02:07,069] {local_task_job.py:151} INFO - Task exited with return code 0
