[2023-10-05 19:11:46,841] {taskinstance.py:896} INFO - Dependencies all met for <TaskInstance: airflow_exam.retrieve_raw_data 2023-10-05T17:31:59.503510+00:00 [queued]>
[2023-10-05 19:11:46,882] {taskinstance.py:896} INFO - Dependencies all met for <TaskInstance: airflow_exam.retrieve_raw_data 2023-10-05T17:31:59.503510+00:00 [queued]>
[2023-10-05 19:11:46,883] {taskinstance.py:1087} INFO - 
--------------------------------------------------------------------------------
[2023-10-05 19:11:46,883] {taskinstance.py:1088} INFO - Starting attempt 2 of 6
[2023-10-05 19:11:46,883] {taskinstance.py:1089} INFO - 
--------------------------------------------------------------------------------
[2023-10-05 19:11:46,909] {taskinstance.py:1107} INFO - Executing <Task(PythonOperator): retrieve_raw_data> on 2023-10-05T17:31:59.503510+00:00
[2023-10-05 19:11:46,921] {standard_task_runner.py:52} INFO - Started process 99 to run task
[2023-10-05 19:11:46,931] {standard_task_runner.py:76} INFO - Running: ['***', 'tasks', 'run', '***_exam', 'retrieve_raw_data', '2023-10-05T17:31:59.503510+00:00', '--job-id', '157', '--pool', 'default_pool', '--raw', '--subdir', 'DAGS_FOLDER/DAG.py', '--cfg-path', '/tmp/tmpyxemrjri', '--error-file', '/tmp/tmptr1m9v3k']
[2023-10-05 19:11:46,932] {standard_task_runner.py:77} INFO - Job 157: Subtask retrieve_raw_data
[2023-10-05 19:11:47,031] {logging_mixin.py:104} INFO - Running <TaskInstance: ***_exam.retrieve_raw_data 2023-10-05T17:31:59.503510+00:00 [running]> on host 3a3d0401ac26
[2023-10-05 19:11:47,156] {taskinstance.py:1302} INFO - Exporting the following env vars:
AIRFLOW_CTX_DAG_OWNER=***
AIRFLOW_CTX_DAG_ID=***_exam
AIRFLOW_CTX_TASK_ID=retrieve_raw_data
AIRFLOW_CTX_EXECUTION_DATE=2023-10-05T17:31:59.503510+00:00
AIRFLOW_CTX_DAG_RUN_ID=manual__2023-10-05T17:31:59.503510+00:00
[2023-10-05 19:11:47,623] {python.py:151} INFO - Done. Returned value was: None
[2023-10-05 19:11:47,633] {taskinstance.py:1211} INFO - Marking task as SUCCESS. dag_id=***_exam, task_id=retrieve_raw_data, execution_date=20231005T173159, start_date=20231005T191146, end_date=20231005T191147
[2023-10-05 19:11:47,689] {taskinstance.py:1265} INFO - 1 downstream tasks scheduled from follow-on schedule check
[2023-10-05 19:11:47,712] {local_task_job.py:151} INFO - Task exited with return code 0
