[2024-03-20 20:50:06,424] {taskinstance.py:896} INFO - Dependencies all met for <TaskInstance: airflow_exam.transform_into_data.csv 2024-03-20T20:49:00+00:00 [queued]>
[2024-03-20 20:50:06,443] {taskinstance.py:896} INFO - Dependencies all met for <TaskInstance: airflow_exam.transform_into_data.csv 2024-03-20T20:49:00+00:00 [queued]>
[2024-03-20 20:50:06,444] {taskinstance.py:1087} INFO - 
--------------------------------------------------------------------------------
[2024-03-20 20:50:06,444] {taskinstance.py:1088} INFO - Starting attempt 1 of 1
[2024-03-20 20:50:06,444] {taskinstance.py:1089} INFO - 
--------------------------------------------------------------------------------
[2024-03-20 20:50:06,468] {taskinstance.py:1107} INFO - Executing <Task(PythonOperator): transform_into_data.csv> on 2024-03-20T20:49:00+00:00
[2024-03-20 20:50:06,481] {standard_task_runner.py:52} INFO - Started process 4265 to run task
[2024-03-20 20:50:06,486] {standard_task_runner.py:76} INFO - Running: ['***', 'tasks', 'run', '***_exam', 'transform_into_data.csv', '2024-03-20T20:49:00+00:00', '--job-id', '6967', '--pool', 'default_pool', '--raw', '--subdir', 'DAGS_FOLDER/DAG.py', '--cfg-path', '/tmp/tmpqla4zgz7', '--error-file', '/tmp/tmp1mhdow9z']
[2024-03-20 20:50:06,487] {standard_task_runner.py:77} INFO - Job 6967: Subtask transform_into_data.csv
[2024-03-20 20:50:06,564] {logging_mixin.py:104} INFO - Running <TaskInstance: ***_exam.transform_into_data.csv 2024-03-20T20:49:00+00:00 [running]> on host 3a3d0401ac26
[2024-03-20 20:50:06,662] {taskinstance.py:1302} INFO - Exporting the following env vars:
AIRFLOW_CTX_DAG_OWNER=***
AIRFLOW_CTX_DAG_ID=***_exam
AIRFLOW_CTX_TASK_ID=transform_into_data.csv
AIRFLOW_CTX_EXECUTION_DATE=2024-03-20T20:49:00+00:00
AIRFLOW_CTX_DAG_RUN_ID=scheduled__2024-03-20T20:49:00+00:00
[2024-03-20 20:50:06,672] {logging_mixin.py:104} INFO - 
[2024-03-20 20:50:06,708] {logging_mixin.py:104} INFO -     temperature        city  pression              date
0       286.56       Paris      1019  2024-03-20 20:50
1       286.63      London      1020  2024-03-20 20:50
2       290.46  Washington      1008  2024-03-20 20:50
3       286.56       Paris      1019  2024-03-20 20:49
4       286.63      London      1020  2024-03-20 20:49
5       290.46  Washington      1008  2024-03-20 20:49
6       287.45       Paris      1018  2024-03-20 20:48
7       286.63      London      1020  2024-03-20 20:48
8       290.46  Washington      1008  2024-03-20 20:48
9       287.45       Paris      1018  2024-03-20 20:47
[2024-03-20 20:50:06,713] {python.py:151} INFO - Done. Returned value was: None
[2024-03-20 20:50:06,732] {taskinstance.py:1211} INFO - Marking task as SUCCESS. dag_id=***_exam, task_id=transform_into_data.csv, execution_date=20240320T204900, start_date=20240320T205006, end_date=20240320T205006
[2024-03-20 20:50:06,785] {taskinstance.py:1265} INFO - 0 downstream tasks scheduled from follow-on schedule check
[2024-03-20 20:50:06,820] {local_task_job.py:151} INFO - Task exited with return code 0
