[2024-03-21 20:25:04,197] {taskinstance.py:896} INFO - Dependencies all met for <TaskInstance: airflow_exam.transform_into_fulldata.csv 2024-03-21T20:24:00+00:00 [queued]>
[2024-03-21 20:25:04,228] {taskinstance.py:896} INFO - Dependencies all met for <TaskInstance: airflow_exam.transform_into_fulldata.csv 2024-03-21T20:24:00+00:00 [queued]>
[2024-03-21 20:25:04,228] {taskinstance.py:1087} INFO - 
--------------------------------------------------------------------------------
[2024-03-21 20:25:04,229] {taskinstance.py:1088} INFO - Starting attempt 1 of 1
[2024-03-21 20:25:04,229] {taskinstance.py:1089} INFO - 
--------------------------------------------------------------------------------
[2024-03-21 20:25:04,245] {taskinstance.py:1107} INFO - Executing <Task(PythonOperator): transform_into_fulldata.csv> on 2024-03-21T20:24:00+00:00
[2024-03-21 20:25:04,257] {standard_task_runner.py:52} INFO - Started process 61336 to run task
[2024-03-21 20:25:04,262] {standard_task_runner.py:76} INFO - Running: ['***', 'tasks', 'run', '***_exam', 'transform_into_fulldata.csv', '2024-03-21T20:24:00+00:00', '--job-id', '11040', '--pool', 'default_pool', '--raw', '--subdir', 'DAGS_FOLDER/DAG.py', '--cfg-path', '/tmp/tmptsnvn85p', '--error-file', '/tmp/tmpj0zg2qv5']
[2024-03-21 20:25:04,263] {standard_task_runner.py:77} INFO - Job 11040: Subtask transform_into_fulldata.csv
[2024-03-21 20:25:04,338] {logging_mixin.py:104} INFO - Running <TaskInstance: ***_exam.transform_into_fulldata.csv 2024-03-21T20:24:00+00:00 [running]> on host 3a3d0401ac26
[2024-03-21 20:25:04,433] {taskinstance.py:1302} INFO - Exporting the following env vars:
AIRFLOW_CTX_DAG_OWNER=***
AIRFLOW_CTX_DAG_ID=***_exam
AIRFLOW_CTX_TASK_ID=transform_into_fulldata.csv
AIRFLOW_CTX_EXECUTION_DATE=2024-03-21T20:24:00+00:00
AIRFLOW_CTX_DAG_RUN_ID=scheduled__2024-03-21T20:24:00+00:00
[2024-03-21 20:25:04,608] {logging_mixin.py:104} INFO - 
[2024-03-21 20:25:04,641] {logging_mixin.py:104} INFO -     temperature        city  pression              date
0       287.79       Paris      1025  2024-03-21 20:25
1       286.05      London      1022  2024-03-21 20:25
2       287.52  Washington      1013  2024-03-21 20:25
3       287.79       Paris      1025  2024-03-21 20:24
4       286.05      London      1022  2024-03-21 20:24
5       287.52  Washington      1013  2024-03-21 20:24
6       287.79       Paris      1025  2024-03-21 20:23
7       286.05      London      1022  2024-03-21 20:23
8       287.52  Washington      1013  2024-03-21 20:23
9       287.79       Paris      1025  2024-03-21 20:22
[2024-03-21 20:25:04,669] {python.py:151} INFO - Done. Returned value was: None
[2024-03-21 20:25:04,685] {taskinstance.py:1211} INFO - Marking task as SUCCESS. dag_id=***_exam, task_id=transform_into_fulldata.csv, execution_date=20240321T202400, start_date=20240321T202504, end_date=20240321T202504
[2024-03-21 20:25:04,737] {taskinstance.py:1265} INFO - 3 downstream tasks scheduled from follow-on schedule check
[2024-03-21 20:25:04,755] {local_task_job.py:151} INFO - Task exited with return code 0
