[2024-03-15 14:32:15,762] {taskinstance.py:896} INFO - Dependencies all met for <TaskInstance: airflow_exam.compute_rf_score 2024-03-15T14:31:00+00:00 [queued]>
[2024-03-15 14:32:15,916] {taskinstance.py:896} INFO - Dependencies all met for <TaskInstance: airflow_exam.compute_rf_score 2024-03-15T14:31:00+00:00 [queued]>
[2024-03-15 14:32:15,916] {taskinstance.py:1087} INFO - 
--------------------------------------------------------------------------------
[2024-03-15 14:32:15,917] {taskinstance.py:1088} INFO - Starting attempt 1 of 1
[2024-03-15 14:32:15,917] {taskinstance.py:1089} INFO - 
--------------------------------------------------------------------------------
[2024-03-15 14:32:16,003] {taskinstance.py:1107} INFO - Executing <Task(PythonOperator): compute_rf_score> on 2024-03-15T14:31:00+00:00
[2024-03-15 14:32:16,040] {standard_task_runner.py:52} INFO - Started process 7972 to run task
[2024-03-15 14:32:16,059] {standard_task_runner.py:76} INFO - Running: ['***', 'tasks', 'run', '***_exam', 'compute_rf_score', '2024-03-15T14:31:00+00:00', '--job-id', '1991', '--pool', 'default_pool', '--raw', '--subdir', 'DAGS_FOLDER/DAG.py', '--cfg-path', '/tmp/tmp_n03z43v', '--error-file', '/tmp/tmp8rsdgwmk']
[2024-03-15 14:32:16,060] {standard_task_runner.py:77} INFO - Job 1991: Subtask compute_rf_score
[2024-03-15 14:32:16,343] {logging_mixin.py:104} INFO - Running <TaskInstance: ***_exam.compute_rf_score 2024-03-15T14:31:00+00:00 [running]> on host 3a3d0401ac26
[2024-03-15 14:32:16,576] {taskinstance.py:1302} INFO - Exporting the following env vars:
AIRFLOW_CTX_DAG_OWNER=***
AIRFLOW_CTX_DAG_ID=***_exam
AIRFLOW_CTX_TASK_ID=compute_rf_score
AIRFLOW_CTX_EXECUTION_DATE=2024-03-15T14:31:00+00:00
AIRFLOW_CTX_DAG_RUN_ID=scheduled__2024-03-15T14:31:00+00:00
[2024-03-15 14:32:19,064] {python.py:151} INFO - Done. Returned value was: None
[2024-03-15 14:32:19,078] {taskinstance.py:1211} INFO - Marking task as SUCCESS. dag_id=***_exam, task_id=compute_rf_score, execution_date=20240315T143100, start_date=20240315T143215, end_date=20240315T143219
[2024-03-15 14:32:19,135] {taskinstance.py:1265} INFO - 1 downstream tasks scheduled from follow-on schedule check
[2024-03-15 14:32:19,175] {local_task_job.py:151} INFO - Task exited with return code 0
