[2024-03-21 01:01:05,768] {taskinstance.py:896} INFO - Dependencies all met for <TaskInstance: airflow_exam.transform_into_fulldata.csv 2024-03-21T01:00:00+00:00 [queued]>
[2024-03-21 01:01:05,790] {taskinstance.py:896} INFO - Dependencies all met for <TaskInstance: airflow_exam.transform_into_fulldata.csv 2024-03-21T01:00:00+00:00 [queued]>
[2024-03-21 01:01:05,791] {taskinstance.py:1087} INFO - 
--------------------------------------------------------------------------------
[2024-03-21 01:01:05,791] {taskinstance.py:1088} INFO - Starting attempt 1 of 1
[2024-03-21 01:01:05,791] {taskinstance.py:1089} INFO - 
--------------------------------------------------------------------------------
[2024-03-21 01:01:05,818] {taskinstance.py:1107} INFO - Executing <Task(PythonOperator): transform_into_fulldata.csv> on 2024-03-21T01:00:00+00:00
[2024-03-21 01:01:05,830] {standard_task_runner.py:52} INFO - Started process 8734 to run task
[2024-03-21 01:01:05,835] {standard_task_runner.py:76} INFO - Running: ['***', 'tasks', 'run', '***_exam', 'transform_into_fulldata.csv', '2024-03-21T01:00:00+00:00', '--job-id', '8653', '--pool', 'default_pool', '--raw', '--subdir', 'DAGS_FOLDER/DAG.py', '--cfg-path', '/tmp/tmpludzqfvx', '--error-file', '/tmp/tmpopwwp6mc']
[2024-03-21 01:01:05,836] {standard_task_runner.py:77} INFO - Job 8653: Subtask transform_into_fulldata.csv
[2024-03-21 01:01:05,907] {logging_mixin.py:104} INFO - Running <TaskInstance: ***_exam.transform_into_fulldata.csv 2024-03-21T01:00:00+00:00 [running]> on host 3a3d0401ac26
[2024-03-21 01:01:06,002] {taskinstance.py:1302} INFO - Exporting the following env vars:
AIRFLOW_CTX_DAG_OWNER=***
AIRFLOW_CTX_DAG_ID=***_exam
AIRFLOW_CTX_TASK_ID=transform_into_fulldata.csv
AIRFLOW_CTX_EXECUTION_DATE=2024-03-21T01:00:00+00:00
AIRFLOW_CTX_DAG_RUN_ID=scheduled__2024-03-21T01:00:00+00:00
[2024-03-21 01:01:06,124] {logging_mixin.py:104} INFO - 
[2024-03-21 01:01:06,158] {logging_mixin.py:104} INFO -     temperature        city  pression              date
0       285.64       Paris      1021  2024-03-21 01:01
1       284.00      London      1023  2024-03-21 01:01
2       287.87  Washington      1007  2024-03-21 01:01
3       285.64       Paris      1021  2024-03-21 01:00
4       284.00      London      1023  2024-03-21 01:00
5       287.87  Washington      1007  2024-03-21 01:00
6       285.64       Paris      1021  2024-03-21 00:59
7       283.80      London      1022  2024-03-21 00:59
8       287.95  Washington      1007  2024-03-21 00:59
9       285.64       Paris      1021  2024-03-21 00:58
[2024-03-21 01:01:06,177] {python.py:151} INFO - Done. Returned value was: None
[2024-03-21 01:01:06,193] {taskinstance.py:1211} INFO - Marking task as SUCCESS. dag_id=***_exam, task_id=transform_into_fulldata.csv, execution_date=20240321T010000, start_date=20240321T010105, end_date=20240321T010106
[2024-03-21 01:01:06,242] {taskinstance.py:1265} INFO - 3 downstream tasks scheduled from follow-on schedule check
[2024-03-21 01:01:06,289] {local_task_job.py:151} INFO - Task exited with return code 0
