[2024-03-15 17:09:04,787] {taskinstance.py:896} INFO - Dependencies all met for <TaskInstance: airflow_exam.transform_into_data.csv 2024-03-15T17:08:00+00:00 [queued]>
[2024-03-15 17:09:04,810] {taskinstance.py:896} INFO - Dependencies all met for <TaskInstance: airflow_exam.transform_into_data.csv 2024-03-15T17:08:00+00:00 [queued]>
[2024-03-15 17:09:04,810] {taskinstance.py:1087} INFO - 
--------------------------------------------------------------------------------
[2024-03-15 17:09:04,810] {taskinstance.py:1088} INFO - Starting attempt 1 of 1
[2024-03-15 17:09:04,810] {taskinstance.py:1089} INFO - 
--------------------------------------------------------------------------------
[2024-03-15 17:09:04,825] {taskinstance.py:1107} INFO - Executing <Task(PythonOperator): transform_into_data.csv> on 2024-03-15T17:08:00+00:00
[2024-03-15 17:09:04,835] {standard_task_runner.py:52} INFO - Started process 29985 to run task
[2024-03-15 17:09:04,839] {standard_task_runner.py:76} INFO - Running: ['***', 'tasks', 'run', '***_exam', 'transform_into_data.csv', '2024-03-15T17:08:00+00:00', '--job-id', '2796', '--pool', 'default_pool', '--raw', '--subdir', 'DAGS_FOLDER/DAG.py', '--cfg-path', '/tmp/tmp1q59lojd', '--error-file', '/tmp/tmpv1pqr4oi']
[2024-03-15 17:09:04,839] {standard_task_runner.py:77} INFO - Job 2796: Subtask transform_into_data.csv
[2024-03-15 17:09:04,890] {logging_mixin.py:104} INFO - Running <TaskInstance: ***_exam.transform_into_data.csv 2024-03-15T17:08:00+00:00 [running]> on host 3a3d0401ac26
[2024-03-15 17:09:04,955] {taskinstance.py:1302} INFO - Exporting the following env vars:
AIRFLOW_CTX_DAG_OWNER=***
AIRFLOW_CTX_DAG_ID=***_exam
AIRFLOW_CTX_TASK_ID=transform_into_data.csv
AIRFLOW_CTX_EXECUTION_DATE=2024-03-15T17:08:00+00:00
AIRFLOW_CTX_DAG_RUN_ID=scheduled__2024-03-15T17:08:00+00:00
[2024-03-15 17:09:04,960] {logging_mixin.py:104} INFO - 
[2024-03-15 17:09:04,977] {logging_mixin.py:104} INFO -     temperature        city  pression              date
0       287.93       Paris      1011  2024-03-15 17:09
1       286.55      London      1005  2024-03-15 17:09
2       284.07  Washington      1026  2024-03-15 17:09
3       287.93       Paris      1011  2024-03-15 17:08
4       286.55      London      1005  2024-03-15 17:08
5       284.07  Washington      1026  2024-03-15 17:08
6       287.95       Paris      1011  2024-03-15 17:07
7       286.63      London      1004  2024-03-15 17:07
8       281.09  Washington      1026  2024-03-15 17:07
9       287.95       Paris      1011  2024-03-15 17:06
[2024-03-15 17:09:04,981] {python.py:151} INFO - Done. Returned value was: None
[2024-03-15 17:09:04,992] {taskinstance.py:1211} INFO - Marking task as SUCCESS. dag_id=***_exam, task_id=transform_into_data.csv, execution_date=20240315T170800, start_date=20240315T170904, end_date=20240315T170904
[2024-03-15 17:09:05,022] {taskinstance.py:1265} INFO - 0 downstream tasks scheduled from follow-on schedule check
[2024-03-15 17:09:05,050] {local_task_job.py:151} INFO - Task exited with return code 0
