[2024-03-15 15:50:05,132] {taskinstance.py:896} INFO - Dependencies all met for <TaskInstance: airflow_exam.transform_into_data.csv 2024-03-15T15:49:00+00:00 [queued]>
[2024-03-15 15:50:05,155] {taskinstance.py:896} INFO - Dependencies all met for <TaskInstance: airflow_exam.transform_into_data.csv 2024-03-15T15:49:00+00:00 [queued]>
[2024-03-15 15:50:05,155] {taskinstance.py:1087} INFO - 
--------------------------------------------------------------------------------
[2024-03-15 15:50:05,155] {taskinstance.py:1088} INFO - Starting attempt 1 of 1
[2024-03-15 15:50:05,155] {taskinstance.py:1089} INFO - 
--------------------------------------------------------------------------------
[2024-03-15 15:50:05,167] {taskinstance.py:1107} INFO - Executing <Task(PythonOperator): transform_into_data.csv> on 2024-03-15T15:49:00+00:00
[2024-03-15 15:50:05,177] {standard_task_runner.py:52} INFO - Started process 14633 to run task
[2024-03-15 15:50:05,180] {standard_task_runner.py:76} INFO - Running: ['***', 'tasks', 'run', '***_exam', 'transform_into_data.csv', '2024-03-15T15:49:00+00:00', '--job-id', '2242', '--pool', 'default_pool', '--raw', '--subdir', 'DAGS_FOLDER/DAG.py', '--cfg-path', '/tmp/tmp9q16n8h5', '--error-file', '/tmp/tmp00i94lse']
[2024-03-15 15:50:05,181] {standard_task_runner.py:77} INFO - Job 2242: Subtask transform_into_data.csv
[2024-03-15 15:50:05,227] {logging_mixin.py:104} INFO - Running <TaskInstance: ***_exam.transform_into_data.csv 2024-03-15T15:49:00+00:00 [running]> on host 3a3d0401ac26
[2024-03-15 15:50:05,291] {taskinstance.py:1302} INFO - Exporting the following env vars:
AIRFLOW_CTX_DAG_OWNER=***
AIRFLOW_CTX_DAG_ID=***_exam
AIRFLOW_CTX_TASK_ID=transform_into_data.csv
AIRFLOW_CTX_EXECUTION_DATE=2024-03-15T15:49:00+00:00
AIRFLOW_CTX_DAG_RUN_ID=scheduled__2024-03-15T15:49:00+00:00
[2024-03-15 15:50:05,297] {logging_mixin.py:104} INFO - 
[2024-03-15 15:50:05,316] {logging_mixin.py:104} INFO -     temperature        city  pression              date
0       289.62       Paris      1011  2024-03-15 15:50
1       286.88      London      1004  2024-03-15 15:50
2       282.32  Washington      1027  2024-03-15 15:50
3       289.62       Paris      1011  2024-03-15 15:49
4       286.88      London      1004  2024-03-15 15:49
5       282.32  Washington      1027  2024-03-15 15:49
6       289.62       Paris      1011  2024-03-15 15:48
7       286.88      London      1004  2024-03-15 15:48
8       282.32  Washington      1027  2024-03-15 15:48
9       289.94       Paris      1011  2024-03-15 15:47
[2024-03-15 15:50:05,320] {python.py:151} INFO - Done. Returned value was: None
[2024-03-15 15:50:05,332] {taskinstance.py:1211} INFO - Marking task as SUCCESS. dag_id=***_exam, task_id=transform_into_data.csv, execution_date=20240315T154900, start_date=20240315T155005, end_date=20240315T155005
[2024-03-15 15:50:05,363] {taskinstance.py:1265} INFO - 0 downstream tasks scheduled from follow-on schedule check
[2024-03-15 15:50:05,392] {local_task_job.py:151} INFO - Task exited with return code 0
