[2024-04-01 23:22:04,838] {taskinstance.py:896} INFO - Dependencies all met for <TaskInstance: airflow_exam.transform_into_data.csv 2024-04-01T23:21:00+00:00 [queued]>
[2024-04-01 23:22:04,853] {taskinstance.py:896} INFO - Dependencies all met for <TaskInstance: airflow_exam.transform_into_data.csv 2024-04-01T23:21:00+00:00 [queued]>
[2024-04-01 23:22:04,853] {taskinstance.py:1087} INFO - 
--------------------------------------------------------------------------------
[2024-04-01 23:22:04,853] {taskinstance.py:1088} INFO - Starting attempt 1 of 1
[2024-04-01 23:22:04,853] {taskinstance.py:1089} INFO - 
--------------------------------------------------------------------------------
[2024-04-01 23:22:04,872] {taskinstance.py:1107} INFO - Executing <Task(PythonOperator): transform_into_data.csv> on 2024-04-01T23:21:00+00:00
[2024-04-01 23:22:04,883] {standard_task_runner.py:52} INFO - Started process 816 to run task
[2024-04-01 23:22:04,891] {standard_task_runner.py:76} INFO - Running: ['***', 'tasks', 'run', '***_exam', 'transform_into_data.csv', '2024-04-01T23:21:00+00:00', '--job-id', '11228', '--pool', 'default_pool', '--raw', '--subdir', 'DAGS_FOLDER/DAG.py', '--cfg-path', '/tmp/tmp7lm99bfm', '--error-file', '/tmp/tmp2i7avx7y']
[2024-04-01 23:22:04,892] {standard_task_runner.py:77} INFO - Job 11228: Subtask transform_into_data.csv
[2024-04-01 23:22:04,949] {logging_mixin.py:104} INFO - Running <TaskInstance: ***_exam.transform_into_data.csv 2024-04-01T23:21:00+00:00 [running]> on host 3a3d0401ac26
[2024-04-01 23:22:05,027] {taskinstance.py:1302} INFO - Exporting the following env vars:
AIRFLOW_CTX_DAG_OWNER=***
AIRFLOW_CTX_DAG_ID=***_exam
AIRFLOW_CTX_TASK_ID=transform_into_data.csv
AIRFLOW_CTX_EXECUTION_DATE=2024-04-01T23:21:00+00:00
AIRFLOW_CTX_DAG_RUN_ID=scheduled__2024-04-01T23:21:00+00:00
[2024-04-01 23:22:05,035] {logging_mixin.py:104} INFO - 
[2024-04-01 23:22:05,061] {logging_mixin.py:104} INFO -     temperature        city  pression              date
0       282.67       Paris      1005  2024-04-01 23:22
1       282.44      London       997  2024-04-01 23:22
2       293.04  Washington      1015  2024-04-01 23:22
3       282.67       Paris      1005  2024-04-01 23:21
4       282.44      London       997  2024-04-01 23:21
5       293.04  Washington      1015  2024-04-01 23:21
6       282.67       Paris      1005  2024-04-01 23:20
7       282.44      London       997  2024-04-01 23:20
8       293.04  Washington      1015  2024-04-01 23:20
9       282.67       Paris      1005  2024-04-01 23:19
[2024-04-01 23:22:05,067] {python.py:151} INFO - Done. Returned value was: None
[2024-04-01 23:22:05,082] {taskinstance.py:1211} INFO - Marking task as SUCCESS. dag_id=***_exam, task_id=transform_into_data.csv, execution_date=20240401T232100, start_date=20240401T232204, end_date=20240401T232205
[2024-04-01 23:22:05,125] {taskinstance.py:1265} INFO - 0 downstream tasks scheduled from follow-on schedule check
[2024-04-01 23:22:05,185] {local_task_job.py:151} INFO - Task exited with return code 0
