[2024-03-21 00:30:43,071] {taskinstance.py:896} INFO - Dependencies all met for <TaskInstance: airflow_exam.transform_into_data.csv 2024-03-21T00:22:00+00:00 [queued]>
[2024-03-21 00:30:43,138] {taskinstance.py:896} INFO - Dependencies all met for <TaskInstance: airflow_exam.transform_into_data.csv 2024-03-21T00:22:00+00:00 [queued]>
[2024-03-21 00:30:43,143] {taskinstance.py:1087} INFO - 
--------------------------------------------------------------------------------
[2024-03-21 00:30:43,143] {taskinstance.py:1088} INFO - Starting attempt 1 of 1
[2024-03-21 00:30:43,144] {taskinstance.py:1089} INFO - 
--------------------------------------------------------------------------------
[2024-03-21 00:30:43,209] {taskinstance.py:1107} INFO - Executing <Task(PythonOperator): transform_into_data.csv> on 2024-03-21T00:22:00+00:00
[2024-03-21 00:30:43,321] {standard_task_runner.py:52} INFO - Started process 2077 to run task
[2024-03-21 00:30:43,351] {standard_task_runner.py:76} INFO - Running: ['***', 'tasks', 'run', '***_exam', 'transform_into_data.csv', '2024-03-21T00:22:00+00:00', '--job-id', '8423', '--pool', 'default_pool', '--raw', '--subdir', 'DAGS_FOLDER/DAG.py', '--cfg-path', '/tmp/tmpt_tltc9s', '--error-file', '/tmp/tmpdm24abm6']
[2024-03-21 00:30:43,351] {standard_task_runner.py:77} INFO - Job 8423: Subtask transform_into_data.csv
[2024-03-21 00:30:43,672] {logging_mixin.py:104} INFO - Running <TaskInstance: ***_exam.transform_into_data.csv 2024-03-21T00:22:00+00:00 [running]> on host 3a3d0401ac26
[2024-03-21 00:30:43,997] {taskinstance.py:1302} INFO - Exporting the following env vars:
AIRFLOW_CTX_DAG_OWNER=***
AIRFLOW_CTX_DAG_ID=***_exam
AIRFLOW_CTX_TASK_ID=transform_into_data.csv
AIRFLOW_CTX_EXECUTION_DATE=2024-03-21T00:22:00+00:00
AIRFLOW_CTX_DAG_RUN_ID=scheduled__2024-03-21T00:22:00+00:00
[2024-03-21 00:30:44,013] {logging_mixin.py:104} INFO - 
[2024-03-21 00:30:44,106] {logging_mixin.py:104} INFO -     temperature        city  pression              date
0       285.74       Paris      1021  2024-03-21 00:29
1       284.38      London      1022  2024-03-21 00:29
2       290.28  Washington      1007  2024-03-21 00:29
3       286.15       Paris      1021  2024-03-21 00:03
4       284.66      London      1022  2024-03-21 00:03
5       289.60  Washington      1007  2024-03-21 00:03
6       286.15       Paris      1021  2024-03-21 00:02
7       284.66      London      1022  2024-03-21 00:02
8       289.60  Washington      1007  2024-03-21 00:02
9       286.15       Paris      1021  2024-03-21 00:00
[2024-03-21 00:30:44,113] {python.py:151} INFO - Done. Returned value was: None
[2024-03-21 00:30:44,197] {taskinstance.py:1211} INFO - Marking task as SUCCESS. dag_id=***_exam, task_id=transform_into_data.csv, execution_date=20240321T002200, start_date=20240321T003043, end_date=20240321T003044
[2024-03-21 00:30:44,413] {taskinstance.py:1265} INFO - 0 downstream tasks scheduled from follow-on schedule check
[2024-03-21 00:30:44,500] {local_task_job.py:151} INFO - Task exited with return code 0
