[2024-03-21 16:00:05,438] {taskinstance.py:896} INFO - Dependencies all met for <TaskInstance: airflow_exam.transform_into_data.csv 2024-03-21T15:59:00+00:00 [queued]>
[2024-03-21 16:00:05,466] {taskinstance.py:896} INFO - Dependencies all met for <TaskInstance: airflow_exam.transform_into_data.csv 2024-03-21T15:59:00+00:00 [queued]>
[2024-03-21 16:00:05,467] {taskinstance.py:1087} INFO - 
--------------------------------------------------------------------------------
[2024-03-21 16:00:05,467] {taskinstance.py:1088} INFO - Starting attempt 1 of 1
[2024-03-21 16:00:05,467] {taskinstance.py:1089} INFO - 
--------------------------------------------------------------------------------
[2024-03-21 16:00:05,485] {taskinstance.py:1107} INFO - Executing <Task(PythonOperator): transform_into_data.csv> on 2024-03-21T15:59:00+00:00
[2024-03-21 16:00:05,496] {standard_task_runner.py:52} INFO - Started process 4080 to run task
[2024-03-21 16:00:05,500] {standard_task_runner.py:76} INFO - Running: ['***', 'tasks', 'run', '***_exam', 'transform_into_data.csv', '2024-03-21T15:59:00+00:00', '--job-id', '9185', '--pool', 'default_pool', '--raw', '--subdir', 'DAGS_FOLDER/DAG.py', '--cfg-path', '/tmp/tmpthjyapgl', '--error-file', '/tmp/tmp3arh1guu']
[2024-03-21 16:00:05,501] {standard_task_runner.py:77} INFO - Job 9185: Subtask transform_into_data.csv
[2024-03-21 16:00:05,566] {logging_mixin.py:104} INFO - Running <TaskInstance: ***_exam.transform_into_data.csv 2024-03-21T15:59:00+00:00 [running]> on host 3a3d0401ac26
[2024-03-21 16:00:05,653] {taskinstance.py:1302} INFO - Exporting the following env vars:
AIRFLOW_CTX_DAG_OWNER=***
AIRFLOW_CTX_DAG_ID=***_exam
AIRFLOW_CTX_TASK_ID=transform_into_data.csv
AIRFLOW_CTX_EXECUTION_DATE=2024-03-21T15:59:00+00:00
AIRFLOW_CTX_DAG_RUN_ID=scheduled__2024-03-21T15:59:00+00:00
[2024-03-21 16:00:05,663] {logging_mixin.py:104} INFO - 
[2024-03-21 16:00:05,699] {logging_mixin.py:104} INFO -     temperature        city  pression              date
0       292.80       Paris      1025  2024-03-21 16:00
1       289.53      London      1023  2024-03-21 16:00
2       280.52  Washington      1015  2024-03-21 16:00
3       292.80       Paris      1025  2024-03-21 15:59
4       289.53      London      1023  2024-03-21 15:59
5       280.27  Washington      1015  2024-03-21 15:59
6       292.80       Paris      1025  2024-03-21 15:58
7       289.66      London      1023  2024-03-21 15:58
8       280.27  Washington      1015  2024-03-21 15:58
9       292.80       Paris      1025  2024-03-21 15:57
[2024-03-21 16:00:05,705] {python.py:151} INFO - Done. Returned value was: None
[2024-03-21 16:00:05,722] {taskinstance.py:1211} INFO - Marking task as SUCCESS. dag_id=***_exam, task_id=transform_into_data.csv, execution_date=20240321T155900, start_date=20240321T160005, end_date=20240321T160005
[2024-03-21 16:00:05,770] {taskinstance.py:1265} INFO - 0 downstream tasks scheduled from follow-on schedule check
[2024-03-21 16:00:05,793] {local_task_job.py:151} INFO - Task exited with return code 0
