[2024-03-15 23:51:04,207] {taskinstance.py:896} INFO - Dependencies all met for <TaskInstance: airflow_exam.transform_into_fulldata.csv 2024-03-15T23:50:00+00:00 [queued]>
[2024-03-15 23:51:04,236] {taskinstance.py:896} INFO - Dependencies all met for <TaskInstance: airflow_exam.transform_into_fulldata.csv 2024-03-15T23:50:00+00:00 [queued]>
[2024-03-15 23:51:04,236] {taskinstance.py:1087} INFO - 
--------------------------------------------------------------------------------
[2024-03-15 23:51:04,236] {taskinstance.py:1088} INFO - Starting attempt 1 of 1
[2024-03-15 23:51:04,237] {taskinstance.py:1089} INFO - 
--------------------------------------------------------------------------------
[2024-03-15 23:51:04,254] {taskinstance.py:1107} INFO - Executing <Task(PythonOperator): transform_into_fulldata.csv> on 2024-03-15T23:50:00+00:00
[2024-03-15 23:51:04,265] {standard_task_runner.py:52} INFO - Started process 94197 to run task
[2024-03-15 23:51:04,270] {standard_task_runner.py:76} INFO - Running: ['***', 'tasks', 'run', '***_exam', 'transform_into_fulldata.csv', '2024-03-15T23:50:00+00:00', '--job-id', '5015', '--pool', 'default_pool', '--raw', '--subdir', 'DAGS_FOLDER/DAG.py', '--cfg-path', '/tmp/tmpzax3j29q', '--error-file', '/tmp/tmpb64f6jvm']
[2024-03-15 23:51:04,271] {standard_task_runner.py:77} INFO - Job 5015: Subtask transform_into_fulldata.csv
[2024-03-15 23:51:04,341] {logging_mixin.py:104} INFO - Running <TaskInstance: ***_exam.transform_into_fulldata.csv 2024-03-15T23:50:00+00:00 [running]> on host 3a3d0401ac26
[2024-03-15 23:51:04,436] {taskinstance.py:1302} INFO - Exporting the following env vars:
AIRFLOW_CTX_DAG_OWNER=***
AIRFLOW_CTX_DAG_ID=***_exam
AIRFLOW_CTX_TASK_ID=transform_into_fulldata.csv
AIRFLOW_CTX_EXECUTION_DATE=2024-03-15T23:50:00+00:00
AIRFLOW_CTX_DAG_RUN_ID=scheduled__2024-03-15T23:50:00+00:00
[2024-03-15 23:51:04,527] {logging_mixin.py:104} INFO - 
[2024-03-15 23:51:04,564] {logging_mixin.py:104} INFO -     temperature        city  pression              date
0       284.96       Paris      1015  2024-03-15 23:51
1       281.73      London      1012  2024-03-15 23:51
2       289.37  Washington      1021  2024-03-15 23:51
3       284.96       Paris      1015  2024-03-15 23:50
4       281.86      London      1012  2024-03-15 23:50
5       289.37  Washington      1021  2024-03-15 23:50
6       284.96       Paris      1015  2024-03-15 23:49
7       281.86      London      1012  2024-03-15 23:49
8       289.37  Washington      1021  2024-03-15 23:49
9       284.96       Paris      1015  2024-03-15 23:48
[2024-03-15 23:51:04,582] {python.py:151} INFO - Done. Returned value was: None
[2024-03-15 23:51:04,600] {taskinstance.py:1211} INFO - Marking task as SUCCESS. dag_id=***_exam, task_id=transform_into_fulldata.csv, execution_date=20240315T235000, start_date=20240315T235104, end_date=20240315T235104
[2024-03-15 23:51:04,662] {taskinstance.py:1265} INFO - 3 downstream tasks scheduled from follow-on schedule check
[2024-03-15 23:51:04,689] {local_task_job.py:151} INFO - Task exited with return code 0
