[2024-03-15 18:20:05,507] {taskinstance.py:896} INFO - Dependencies all met for <TaskInstance: airflow_exam.transform_into_data.csv 2024-03-15T18:19:00+00:00 [queued]>
[2024-03-15 18:20:05,530] {taskinstance.py:896} INFO - Dependencies all met for <TaskInstance: airflow_exam.transform_into_data.csv 2024-03-15T18:19:00+00:00 [queued]>
[2024-03-15 18:20:05,531] {taskinstance.py:1087} INFO - 
--------------------------------------------------------------------------------
[2024-03-15 18:20:05,531] {taskinstance.py:1088} INFO - Starting attempt 1 of 1
[2024-03-15 18:20:05,531] {taskinstance.py:1089} INFO - 
--------------------------------------------------------------------------------
[2024-03-15 18:20:05,546] {taskinstance.py:1107} INFO - Executing <Task(PythonOperator): transform_into_data.csv> on 2024-03-15T18:19:00+00:00
[2024-03-15 18:20:05,556] {standard_task_runner.py:52} INFO - Started process 44541 to run task
[2024-03-15 18:20:05,561] {standard_task_runner.py:76} INFO - Running: ['***', 'tasks', 'run', '***_exam', 'transform_into_data.csv', '2024-03-15T18:19:00+00:00', '--job-id', '3292', '--pool', 'default_pool', '--raw', '--subdir', 'DAGS_FOLDER/DAG.py', '--cfg-path', '/tmp/tmpgzbm9vre', '--error-file', '/tmp/tmpfz1krojg']
[2024-03-15 18:20:05,561] {standard_task_runner.py:77} INFO - Job 3292: Subtask transform_into_data.csv
[2024-03-15 18:20:05,623] {logging_mixin.py:104} INFO - Running <TaskInstance: ***_exam.transform_into_data.csv 2024-03-15T18:19:00+00:00 [running]> on host 3a3d0401ac26
[2024-03-15 18:20:05,702] {taskinstance.py:1302} INFO - Exporting the following env vars:
AIRFLOW_CTX_DAG_OWNER=***
AIRFLOW_CTX_DAG_ID=***_exam
AIRFLOW_CTX_TASK_ID=transform_into_data.csv
AIRFLOW_CTX_EXECUTION_DATE=2024-03-15T18:19:00+00:00
AIRFLOW_CTX_DAG_RUN_ID=scheduled__2024-03-15T18:19:00+00:00
[2024-03-15 18:20:05,710] {logging_mixin.py:104} INFO - 
[2024-03-15 18:20:05,741] {logging_mixin.py:104} INFO -     temperature        city  pression              date
0       286.70       Paris      1011  2024-03-15 18:20
1       285.50      London      1005  2024-03-15 18:20
2       281.45  Washington      1026  2024-03-15 18:20
3       286.70       Paris      1011  2024-03-15 18:19
4       285.50      London      1005  2024-03-15 18:19
5       281.45  Washington      1026  2024-03-15 18:19
6       286.75       Paris      1012  2024-03-15 18:18
7       285.62      London      1005  2024-03-15 18:18
8       281.12  Washington      1026  2024-03-15 18:18
9       286.75       Paris      1012  2024-03-15 18:17
[2024-03-15 18:20:05,749] {python.py:151} INFO - Done. Returned value was: None
[2024-03-15 18:20:05,773] {taskinstance.py:1211} INFO - Marking task as SUCCESS. dag_id=***_exam, task_id=transform_into_data.csv, execution_date=20240315T181900, start_date=20240315T182005, end_date=20240315T182005
[2024-03-15 18:20:05,851] {taskinstance.py:1265} INFO - 0 downstream tasks scheduled from follow-on schedule check
[2024-03-15 18:20:05,895] {local_task_job.py:151} INFO - Task exited with return code 0
