[2024-03-21 20:08:06,071] {taskinstance.py:896} INFO - Dependencies all met for <TaskInstance: airflow_exam.transform_into_fulldata.csv 2024-03-21T20:07:00+00:00 [queued]>
[2024-03-21 20:08:06,100] {taskinstance.py:896} INFO - Dependencies all met for <TaskInstance: airflow_exam.transform_into_fulldata.csv 2024-03-21T20:07:00+00:00 [queued]>
[2024-03-21 20:08:06,100] {taskinstance.py:1087} INFO - 
--------------------------------------------------------------------------------
[2024-03-21 20:08:06,100] {taskinstance.py:1088} INFO - Starting attempt 1 of 1
[2024-03-21 20:08:06,100] {taskinstance.py:1089} INFO - 
--------------------------------------------------------------------------------
[2024-03-21 20:08:06,116] {taskinstance.py:1107} INFO - Executing <Task(PythonOperator): transform_into_fulldata.csv> on 2024-03-21T20:07:00+00:00
[2024-03-21 20:08:06,127] {standard_task_runner.py:52} INFO - Started process 57642 to run task
[2024-03-21 20:08:06,133] {standard_task_runner.py:76} INFO - Running: ['***', 'tasks', 'run', '***_exam', 'transform_into_fulldata.csv', '2024-03-21T20:07:00+00:00', '--job-id', '10920', '--pool', 'default_pool', '--raw', '--subdir', 'DAGS_FOLDER/DAG.py', '--cfg-path', '/tmp/tmpbv5o1oux', '--error-file', '/tmp/tmprby4epqh']
[2024-03-21 20:08:06,134] {standard_task_runner.py:77} INFO - Job 10920: Subtask transform_into_fulldata.csv
[2024-03-21 20:08:06,200] {logging_mixin.py:104} INFO - Running <TaskInstance: ***_exam.transform_into_fulldata.csv 2024-03-21T20:07:00+00:00 [running]> on host 3a3d0401ac26
[2024-03-21 20:08:06,294] {taskinstance.py:1302} INFO - Exporting the following env vars:
AIRFLOW_CTX_DAG_OWNER=***
AIRFLOW_CTX_DAG_ID=***_exam
AIRFLOW_CTX_TASK_ID=transform_into_fulldata.csv
AIRFLOW_CTX_EXECUTION_DATE=2024-03-21T20:07:00+00:00
AIRFLOW_CTX_DAG_RUN_ID=scheduled__2024-03-21T20:07:00+00:00
[2024-03-21 20:08:06,549] {logging_mixin.py:104} INFO - 
[2024-03-21 20:08:06,598] {logging_mixin.py:104} INFO -     temperature        city  pression              date
0       288.26       Paris      1025  2024-03-21 20:08
1       286.23      London      1022  2024-03-21 20:08
2       287.00  Washington      1013  2024-03-21 20:08
3       288.26       Paris      1025  2024-03-21 20:07
4       286.23      London      1022  2024-03-21 20:07
5       287.00  Washington      1013  2024-03-21 20:07
6       288.26       Paris      1025  2024-03-21 20:06
7       286.23      London      1022  2024-03-21 20:06
8       287.00  Washington      1013  2024-03-21 20:06
9       288.26       Paris      1025  2024-03-21 20:05
[2024-03-21 20:08:06,627] {python.py:151} INFO - Done. Returned value was: None
[2024-03-21 20:08:06,647] {taskinstance.py:1211} INFO - Marking task as SUCCESS. dag_id=***_exam, task_id=transform_into_fulldata.csv, execution_date=20240321T200700, start_date=20240321T200806, end_date=20240321T200806
[2024-03-21 20:08:06,705] {taskinstance.py:1265} INFO - 3 downstream tasks scheduled from follow-on schedule check
[2024-03-21 20:08:06,725] {local_task_job.py:151} INFO - Task exited with return code 0
