[2023-10-06 14:20:08,061] {taskinstance.py:896} INFO - Dependencies all met for <TaskInstance: airflow_exam.train_best_model 2023-10-06T14:19:00+00:00 [queued]>
[2023-10-06 14:20:08,074] {taskinstance.py:896} INFO - Dependencies all met for <TaskInstance: airflow_exam.train_best_model 2023-10-06T14:19:00+00:00 [queued]>
[2023-10-06 14:20:08,074] {taskinstance.py:1087} INFO - 
--------------------------------------------------------------------------------
[2023-10-06 14:20:08,074] {taskinstance.py:1088} INFO - Starting attempt 1 of 1
[2023-10-06 14:20:08,074] {taskinstance.py:1089} INFO - 
--------------------------------------------------------------------------------
[2023-10-06 14:20:08,089] {taskinstance.py:1107} INFO - Executing <Task(PythonOperator): train_best_model> on 2023-10-06T14:19:00+00:00
[2023-10-06 14:20:08,095] {standard_task_runner.py:52} INFO - Started process 29108 to run task
[2023-10-06 14:20:08,098] {standard_task_runner.py:76} INFO - Running: ['***', 'tasks', 'run', '***_exam', 'train_best_model', '2023-10-06T14:19:00+00:00', '--job-id', '298', '--pool', 'default_pool', '--raw', '--subdir', 'DAGS_FOLDER/DAG.py', '--cfg-path', '/tmp/tmpeonl26i3', '--error-file', '/tmp/tmpd383snmq']
[2023-10-06 14:20:08,099] {standard_task_runner.py:77} INFO - Job 298: Subtask train_best_model
[2023-10-06 14:20:08,145] {logging_mixin.py:104} INFO - Running <TaskInstance: ***_exam.train_best_model 2023-10-06T14:19:00+00:00 [running]> on host 3a3d0401ac26
[2023-10-06 14:20:08,205] {taskinstance.py:1302} INFO - Exporting the following env vars:
AIRFLOW_CTX_DAG_OWNER=***
AIRFLOW_CTX_DAG_ID=***_exam
AIRFLOW_CTX_TASK_ID=train_best_model
AIRFLOW_CTX_EXECUTION_DATE=2023-10-06T14:19:00+00:00
AIRFLOW_CTX_DAG_RUN_ID=scheduled__2023-10-06T14:19:00+00:00
[2023-10-06 14:20:08,446] {logging_mixin.py:104} INFO - RandomForestRegressor() saved at  /app/clean_data/best_model.pickle
[2023-10-06 14:20:08,489] {python.py:151} INFO - Done. Returned value was: None
[2023-10-06 14:20:08,500] {taskinstance.py:1211} INFO - Marking task as SUCCESS. dag_id=***_exam, task_id=train_best_model, execution_date=20231006T141900, start_date=20231006T142008, end_date=20231006T142008
[2023-10-06 14:20:08,529] {taskinstance.py:1265} INFO - 0 downstream tasks scheduled from follow-on schedule check
[2023-10-06 14:20:08,552] {local_task_job.py:151} INFO - Task exited with return code 0
