[2024-03-21 01:03:04,319] {taskinstance.py:896} INFO - Dependencies all met for <TaskInstance: airflow_exam.transform_into_data.csv 2024-03-21T01:02:00+00:00 [queued]>
[2024-03-21 01:03:04,337] {taskinstance.py:896} INFO - Dependencies all met for <TaskInstance: airflow_exam.transform_into_data.csv 2024-03-21T01:02:00+00:00 [queued]>
[2024-03-21 01:03:04,337] {taskinstance.py:1087} INFO - 
--------------------------------------------------------------------------------
[2024-03-21 01:03:04,337] {taskinstance.py:1088} INFO - Starting attempt 1 of 1
[2024-03-21 01:03:04,337] {taskinstance.py:1089} INFO - 
--------------------------------------------------------------------------------
[2024-03-21 01:03:04,357] {taskinstance.py:1107} INFO - Executing <Task(PythonOperator): transform_into_data.csv> on 2024-03-21T01:02:00+00:00
[2024-03-21 01:03:04,367] {standard_task_runner.py:52} INFO - Started process 9161 to run task
[2024-03-21 01:03:04,378] {standard_task_runner.py:76} INFO - Running: ['***', 'tasks', 'run', '***_exam', 'transform_into_data.csv', '2024-03-21T01:02:00+00:00', '--job-id', '8667', '--pool', 'default_pool', '--raw', '--subdir', 'DAGS_FOLDER/DAG.py', '--cfg-path', '/tmp/tmp7bkcuiw4', '--error-file', '/tmp/tmp_wis4tar']
[2024-03-21 01:03:04,379] {standard_task_runner.py:77} INFO - Job 8667: Subtask transform_into_data.csv
[2024-03-21 01:03:04,434] {logging_mixin.py:104} INFO - Running <TaskInstance: ***_exam.transform_into_data.csv 2024-03-21T01:02:00+00:00 [running]> on host 3a3d0401ac26
[2024-03-21 01:03:04,509] {taskinstance.py:1302} INFO - Exporting the following env vars:
AIRFLOW_CTX_DAG_OWNER=***
AIRFLOW_CTX_DAG_ID=***_exam
AIRFLOW_CTX_TASK_ID=transform_into_data.csv
AIRFLOW_CTX_EXECUTION_DATE=2024-03-21T01:02:00+00:00
AIRFLOW_CTX_DAG_RUN_ID=scheduled__2024-03-21T01:02:00+00:00
[2024-03-21 01:03:04,515] {logging_mixin.py:104} INFO - 
[2024-03-21 01:03:04,537] {logging_mixin.py:104} INFO -     temperature        city  pression              date
0       285.61       Paris      1021  2024-03-21 01:03
1       283.80      London      1022  2024-03-21 01:03
2       287.87  Washington      1007  2024-03-21 01:03
3       285.64       Paris      1021  2024-03-21 01:02
4       284.00      London      1023  2024-03-21 01:02
5       287.87  Washington      1007  2024-03-21 01:02
6       285.64       Paris      1021  2024-03-21 01:01
7       284.00      London      1023  2024-03-21 01:01
8       287.87  Washington      1007  2024-03-21 01:01
9       285.64       Paris      1021  2024-03-21 01:00
[2024-03-21 01:03:04,542] {python.py:151} INFO - Done. Returned value was: None
[2024-03-21 01:03:04,556] {taskinstance.py:1211} INFO - Marking task as SUCCESS. dag_id=***_exam, task_id=transform_into_data.csv, execution_date=20240321T010200, start_date=20240321T010304, end_date=20240321T010304
[2024-03-21 01:03:04,592] {taskinstance.py:1265} INFO - 0 downstream tasks scheduled from follow-on schedule check
[2024-03-21 01:03:04,623] {local_task_job.py:151} INFO - Task exited with return code 0
