[2024-03-15 18:44:06,553] {taskinstance.py:896} INFO - Dependencies all met for <TaskInstance: airflow_exam.transform_into_data.csv 2024-03-15T18:43:00+00:00 [queued]>
[2024-03-15 18:44:06,579] {taskinstance.py:896} INFO - Dependencies all met for <TaskInstance: airflow_exam.transform_into_data.csv 2024-03-15T18:43:00+00:00 [queued]>
[2024-03-15 18:44:06,580] {taskinstance.py:1087} INFO - 
--------------------------------------------------------------------------------
[2024-03-15 18:44:06,580] {taskinstance.py:1088} INFO - Starting attempt 1 of 1
[2024-03-15 18:44:06,580] {taskinstance.py:1089} INFO - 
--------------------------------------------------------------------------------
[2024-03-15 18:44:06,594] {taskinstance.py:1107} INFO - Executing <Task(PythonOperator): transform_into_data.csv> on 2024-03-15T18:43:00+00:00
[2024-03-15 18:44:06,603] {standard_task_runner.py:52} INFO - Started process 49270 to run task
[2024-03-15 18:44:06,608] {standard_task_runner.py:76} INFO - Running: ['***', 'tasks', 'run', '***_exam', 'transform_into_data.csv', '2024-03-15T18:43:00+00:00', '--job-id', '3461', '--pool', 'default_pool', '--raw', '--subdir', 'DAGS_FOLDER/DAG.py', '--cfg-path', '/tmp/tmpyr09pg6b', '--error-file', '/tmp/tmp_ligxlyz']
[2024-03-15 18:44:06,609] {standard_task_runner.py:77} INFO - Job 3461: Subtask transform_into_data.csv
[2024-03-15 18:44:06,671] {logging_mixin.py:104} INFO - Running <TaskInstance: ***_exam.transform_into_data.csv 2024-03-15T18:43:00+00:00 [running]> on host 3a3d0401ac26
[2024-03-15 18:44:06,752] {taskinstance.py:1302} INFO - Exporting the following env vars:
AIRFLOW_CTX_DAG_OWNER=***
AIRFLOW_CTX_DAG_ID=***_exam
AIRFLOW_CTX_TASK_ID=transform_into_data.csv
AIRFLOW_CTX_EXECUTION_DATE=2024-03-15T18:43:00+00:00
AIRFLOW_CTX_DAG_RUN_ID=scheduled__2024-03-15T18:43:00+00:00
[2024-03-15 18:44:06,762] {logging_mixin.py:104} INFO - 
[2024-03-15 18:44:06,789] {logging_mixin.py:104} INFO -     temperature        city  pression              date
0       286.68       Paris      1012  2024-03-15 18:44
1       285.34      London      1006  2024-03-15 18:44
2       282.44  Washington      1025  2024-03-15 18:44
3       286.68       Paris      1012  2024-03-15 18:43
4       285.34      London      1006  2024-03-15 18:43
5       282.44  Washington      1025  2024-03-15 18:43
6       286.68       Paris      1012  2024-03-15 18:42
7       285.34      London      1006  2024-03-15 18:42
8       282.44  Washington      1025  2024-03-15 18:42
9       286.69       Paris      1012  2024-03-15 18:41
[2024-03-15 18:44:06,796] {python.py:151} INFO - Done. Returned value was: None
[2024-03-15 18:44:06,812] {taskinstance.py:1211} INFO - Marking task as SUCCESS. dag_id=***_exam, task_id=transform_into_data.csv, execution_date=20240315T184300, start_date=20240315T184406, end_date=20240315T184406
[2024-03-15 18:44:06,856] {taskinstance.py:1265} INFO - 0 downstream tasks scheduled from follow-on schedule check
[2024-03-15 18:44:06,900] {local_task_job.py:151} INFO - Task exited with return code 0
