[2024-03-21 19:09:05,479] {taskinstance.py:896} INFO - Dependencies all met for <TaskInstance: airflow_exam.transform_into_data.csv 2024-03-21T19:08:00+00:00 [queued]>
[2024-03-21 19:09:05,509] {taskinstance.py:896} INFO - Dependencies all met for <TaskInstance: airflow_exam.transform_into_data.csv 2024-03-21T19:08:00+00:00 [queued]>
[2024-03-21 19:09:05,509] {taskinstance.py:1087} INFO - 
--------------------------------------------------------------------------------
[2024-03-21 19:09:05,509] {taskinstance.py:1088} INFO - Starting attempt 1 of 1
[2024-03-21 19:09:05,509] {taskinstance.py:1089} INFO - 
--------------------------------------------------------------------------------
[2024-03-21 19:09:05,526] {taskinstance.py:1107} INFO - Executing <Task(PythonOperator): transform_into_data.csv> on 2024-03-21T19:08:00+00:00
[2024-03-21 19:09:05,539] {standard_task_runner.py:52} INFO - Started process 44844 to run task
[2024-03-21 19:09:05,543] {standard_task_runner.py:76} INFO - Running: ['***', 'tasks', 'run', '***_exam', 'transform_into_data.csv', '2024-03-21T19:08:00+00:00', '--job-id', '10507', '--pool', 'default_pool', '--raw', '--subdir', 'DAGS_FOLDER/DAG.py', '--cfg-path', '/tmp/tmpavtgym_m', '--error-file', '/tmp/tmpb2d1040m']
[2024-03-21 19:09:05,544] {standard_task_runner.py:77} INFO - Job 10507: Subtask transform_into_data.csv
[2024-03-21 19:09:05,617] {logging_mixin.py:104} INFO - Running <TaskInstance: ***_exam.transform_into_data.csv 2024-03-21T19:08:00+00:00 [running]> on host 3a3d0401ac26
[2024-03-21 19:09:05,705] {taskinstance.py:1302} INFO - Exporting the following env vars:
AIRFLOW_CTX_DAG_OWNER=***
AIRFLOW_CTX_DAG_ID=***_exam
AIRFLOW_CTX_TASK_ID=transform_into_data.csv
AIRFLOW_CTX_EXECUTION_DATE=2024-03-21T19:08:00+00:00
AIRFLOW_CTX_DAG_RUN_ID=scheduled__2024-03-21T19:08:00+00:00
[2024-03-21 19:09:05,717] {logging_mixin.py:104} INFO - 
[2024-03-21 19:09:05,753] {logging_mixin.py:104} INFO -     temperature        city  pression              date
0       288.98       Paris      1025  2024-03-21 19:09
1       287.24      London      1022  2024-03-21 19:09
2       286.40  Washington      1014  2024-03-21 19:09
3       288.98       Paris      1025  2024-03-21 19:08
4       287.24      London      1022  2024-03-21 19:08
5       286.40  Washington      1014  2024-03-21 19:08
6       288.98       Paris      1025  2024-03-21 19:07
7       287.24      London      1022  2024-03-21 19:07
8       286.40  Washington      1014  2024-03-21 19:07
9       288.98       Paris      1025  2024-03-21 19:06
[2024-03-21 19:09:05,762] {python.py:151} INFO - Done. Returned value was: None
[2024-03-21 19:09:05,782] {taskinstance.py:1211} INFO - Marking task as SUCCESS. dag_id=***_exam, task_id=transform_into_data.csv, execution_date=20240321T190800, start_date=20240321T190905, end_date=20240321T190905
[2024-03-21 19:09:05,834] {taskinstance.py:1265} INFO - 0 downstream tasks scheduled from follow-on schedule check
[2024-03-21 19:09:05,893] {local_task_job.py:151} INFO - Task exited with return code 0
