[2024-03-21 16:32:04,722] {taskinstance.py:896} INFO - Dependencies all met for <TaskInstance: airflow_exam.transform_into_fulldata.csv 2024-03-21T16:31:00+00:00 [queued]>
[2024-03-21 16:32:04,745] {taskinstance.py:896} INFO - Dependencies all met for <TaskInstance: airflow_exam.transform_into_fulldata.csv 2024-03-21T16:31:00+00:00 [queued]>
[2024-03-21 16:32:04,745] {taskinstance.py:1087} INFO - 
--------------------------------------------------------------------------------
[2024-03-21 16:32:04,746] {taskinstance.py:1088} INFO - Starting attempt 1 of 1
[2024-03-21 16:32:04,746] {taskinstance.py:1089} INFO - 
--------------------------------------------------------------------------------
[2024-03-21 16:32:04,758] {taskinstance.py:1107} INFO - Executing <Task(PythonOperator): transform_into_fulldata.csv> on 2024-03-21T16:31:00+00:00
[2024-03-21 16:32:04,767] {standard_task_runner.py:52} INFO - Started process 11035 to run task
[2024-03-21 16:32:04,771] {standard_task_runner.py:76} INFO - Running: ['***', 'tasks', 'run', '***_exam', 'transform_into_fulldata.csv', '2024-03-21T16:31:00+00:00', '--job-id', '9408', '--pool', 'default_pool', '--raw', '--subdir', 'DAGS_FOLDER/DAG.py', '--cfg-path', '/tmp/tmphhxy5x7s', '--error-file', '/tmp/tmppw4vkqn5']
[2024-03-21 16:32:04,771] {standard_task_runner.py:77} INFO - Job 9408: Subtask transform_into_fulldata.csv
[2024-03-21 16:32:04,823] {logging_mixin.py:104} INFO - Running <TaskInstance: ***_exam.transform_into_fulldata.csv 2024-03-21T16:31:00+00:00 [running]> on host 3a3d0401ac26
[2024-03-21 16:32:04,894] {taskinstance.py:1302} INFO - Exporting the following env vars:
AIRFLOW_CTX_DAG_OWNER=***
AIRFLOW_CTX_DAG_ID=***_exam
AIRFLOW_CTX_TASK_ID=transform_into_fulldata.csv
AIRFLOW_CTX_EXECUTION_DATE=2024-03-21T16:31:00+00:00
AIRFLOW_CTX_DAG_RUN_ID=scheduled__2024-03-21T16:31:00+00:00
[2024-03-21 16:32:04,982] {logging_mixin.py:104} INFO - 
[2024-03-21 16:32:05,002] {logging_mixin.py:104} INFO -     temperature        city  pression              date
0       292.88       Paris      1025  2024-03-21 16:32
1       289.32      London      1023  2024-03-21 16:32
2       281.37  Washington      1015  2024-03-21 16:32
3       292.88       Paris      1025  2024-03-21 16:31
4       289.44      London      1023  2024-03-21 16:31
5       281.37  Washington      1015  2024-03-21 16:31
6       292.88       Paris      1025  2024-03-21 16:30
7       289.32      London      1023  2024-03-21 16:30
8       281.37  Washington      1015  2024-03-21 16:30
9       292.88       Paris      1025  2024-03-21 16:29
[2024-03-21 16:32:05,021] {python.py:151} INFO - Done. Returned value was: None
[2024-03-21 16:32:05,036] {taskinstance.py:1211} INFO - Marking task as SUCCESS. dag_id=***_exam, task_id=transform_into_fulldata.csv, execution_date=20240321T163100, start_date=20240321T163204, end_date=20240321T163205
[2024-03-21 16:32:05,071] {taskinstance.py:1265} INFO - 3 downstream tasks scheduled from follow-on schedule check
[2024-03-21 16:32:05,105] {local_task_job.py:151} INFO - Task exited with return code 0
