[2023-10-06 14:15:27,883] {taskinstance.py:896} INFO - Dependencies all met for <TaskInstance: airflow_exam.compute_lr_score 2023-10-06T14:15:21.732263+00:00 [queued]>
[2023-10-06 14:15:27,895] {taskinstance.py:896} INFO - Dependencies all met for <TaskInstance: airflow_exam.compute_lr_score 2023-10-06T14:15:21.732263+00:00 [queued]>
[2023-10-06 14:15:27,896] {taskinstance.py:1087} INFO - 
--------------------------------------------------------------------------------
[2023-10-06 14:15:27,896] {taskinstance.py:1088} INFO - Starting attempt 1 of 1
[2023-10-06 14:15:27,896] {taskinstance.py:1089} INFO - 
--------------------------------------------------------------------------------
[2023-10-06 14:15:27,911] {taskinstance.py:1107} INFO - Executing <Task(PythonOperator): compute_lr_score> on 2023-10-06T14:15:21.732263+00:00
[2023-10-06 14:15:27,918] {standard_task_runner.py:52} INFO - Started process 28440 to run task
[2023-10-06 14:15:27,920] {standard_task_runner.py:76} INFO - Running: ['***', 'tasks', 'run', '***_exam', 'compute_lr_score', '2023-10-06T14:15:21.732263+00:00', '--job-id', '281', '--pool', 'default_pool', '--raw', '--subdir', 'DAGS_FOLDER/DAG.py', '--cfg-path', '/tmp/tmpftybwfjl', '--error-file', '/tmp/tmpcek2rj2u']
[2023-10-06 14:15:27,921] {standard_task_runner.py:77} INFO - Job 281: Subtask compute_lr_score
[2023-10-06 14:15:27,961] {logging_mixin.py:104} INFO - Running <TaskInstance: ***_exam.compute_lr_score 2023-10-06T14:15:21.732263+00:00 [running]> on host 3a3d0401ac26
[2023-10-06 14:15:28,017] {taskinstance.py:1302} INFO - Exporting the following env vars:
AIRFLOW_CTX_DAG_OWNER=***
AIRFLOW_CTX_DAG_ID=***_exam
AIRFLOW_CTX_TASK_ID=compute_lr_score
AIRFLOW_CTX_EXECUTION_DATE=2023-10-06T14:15:21.732263+00:00
AIRFLOW_CTX_DAG_RUN_ID=manual__2023-10-06T14:15:21.732263+00:00
[2023-10-06 14:15:28,199] {python.py:151} INFO - Done. Returned value was: None
[2023-10-06 14:15:28,216] {taskinstance.py:1211} INFO - Marking task as SUCCESS. dag_id=***_exam, task_id=compute_lr_score, execution_date=20231006T141521, start_date=20231006T141527, end_date=20231006T141528
[2023-10-06 14:15:28,281] {taskinstance.py:1265} INFO - 0 downstream tasks scheduled from follow-on schedule check
[2023-10-06 14:15:28,294] {local_task_job.py:151} INFO - Task exited with return code 0
