[2023-10-05 19:20:42,505] {taskinstance.py:896} INFO - Dependencies all met for <TaskInstance: airflow_exam.retrieve_raw_data 2023-10-05T19:20:41.370803+00:00 [queued]>
[2023-10-05 19:20:42,524] {taskinstance.py:896} INFO - Dependencies all met for <TaskInstance: airflow_exam.retrieve_raw_data 2023-10-05T19:20:41.370803+00:00 [queued]>
[2023-10-05 19:20:42,525] {taskinstance.py:1087} INFO - 
--------------------------------------------------------------------------------
[2023-10-05 19:20:42,525] {taskinstance.py:1088} INFO - Starting attempt 1 of 6
[2023-10-05 19:20:42,525] {taskinstance.py:1089} INFO - 
--------------------------------------------------------------------------------
[2023-10-05 19:20:42,537] {taskinstance.py:1107} INFO - Executing <Task(PythonOperator): retrieve_raw_data> on 2023-10-05T19:20:41.370803+00:00
[2023-10-05 19:20:42,542] {standard_task_runner.py:52} INFO - Started process 1104 to run task
[2023-10-05 19:20:42,544] {standard_task_runner.py:76} INFO - Running: ['***', 'tasks', 'run', '***_exam', 'retrieve_raw_data', '2023-10-05T19:20:41.370803+00:00', '--job-id', '214', '--pool', 'default_pool', '--raw', '--subdir', 'DAGS_FOLDER/DAG.py', '--cfg-path', '/tmp/tmpsy2i_8iy', '--error-file', '/tmp/tmpqja2rm5x']
[2023-10-05 19:20:42,545] {standard_task_runner.py:77} INFO - Job 214: Subtask retrieve_raw_data
[2023-10-05 19:20:42,588] {logging_mixin.py:104} INFO - Running <TaskInstance: ***_exam.retrieve_raw_data 2023-10-05T19:20:41.370803+00:00 [running]> on host 3a3d0401ac26
[2023-10-05 19:20:42,641] {taskinstance.py:1302} INFO - Exporting the following env vars:
AIRFLOW_CTX_DAG_OWNER=***
AIRFLOW_CTX_DAG_ID=***_exam
AIRFLOW_CTX_TASK_ID=retrieve_raw_data
AIRFLOW_CTX_EXECUTION_DATE=2023-10-05T19:20:41.370803+00:00
AIRFLOW_CTX_DAG_RUN_ID=manual__2023-10-05T19:20:41.370803+00:00
[2023-10-05 19:20:43,027] {python.py:151} INFO - Done. Returned value was: None
[2023-10-05 19:20:43,043] {taskinstance.py:1211} INFO - Marking task as SUCCESS. dag_id=***_exam, task_id=retrieve_raw_data, execution_date=20231005T192041, start_date=20231005T192042, end_date=20231005T192043
[2023-10-05 19:20:43,099] {taskinstance.py:1265} INFO - 1 downstream tasks scheduled from follow-on schedule check
[2023-10-05 19:20:43,118] {local_task_job.py:151} INFO - Task exited with return code 0
