[2023-10-06 20:00:07,845] {taskinstance.py:896} INFO - Dependencies all met for <TaskInstance: airflow_exam.compute_lr_score 2023-10-06T19:59:00+00:00 [queued]>
[2023-10-06 20:00:07,860] {taskinstance.py:896} INFO - Dependencies all met for <TaskInstance: airflow_exam.compute_lr_score 2023-10-06T19:59:00+00:00 [queued]>
[2023-10-06 20:00:07,861] {taskinstance.py:1087} INFO - 
--------------------------------------------------------------------------------
[2023-10-06 20:00:07,861] {taskinstance.py:1088} INFO - Starting attempt 1 of 1
[2023-10-06 20:00:07,861] {taskinstance.py:1089} INFO - 
--------------------------------------------------------------------------------
[2023-10-06 20:00:07,880] {taskinstance.py:1107} INFO - Executing <Task(PythonOperator): compute_lr_score> on 2023-10-06T19:59:00+00:00
[2023-10-06 20:00:07,889] {standard_task_runner.py:52} INFO - Started process 11218 to run task
[2023-10-06 20:00:07,895] {standard_task_runner.py:76} INFO - Running: ['***', 'tasks', 'run', '***_exam', 'compute_lr_score', '2023-10-06T19:59:00+00:00', '--job-id', '673', '--pool', 'default_pool', '--raw', '--subdir', 'DAGS_FOLDER/DAG.py', '--cfg-path', '/tmp/tmpi8zdhc9i', '--error-file', '/tmp/tmpeevv9sfe']
[2023-10-06 20:00:07,895] {standard_task_runner.py:77} INFO - Job 673: Subtask compute_lr_score
[2023-10-06 20:00:07,948] {logging_mixin.py:104} INFO - Running <TaskInstance: ***_exam.compute_lr_score 2023-10-06T19:59:00+00:00 [running]> on host 3a3d0401ac26
[2023-10-06 20:00:08,012] {taskinstance.py:1302} INFO - Exporting the following env vars:
AIRFLOW_CTX_DAG_OWNER=***
AIRFLOW_CTX_DAG_ID=***_exam
AIRFLOW_CTX_TASK_ID=compute_lr_score
AIRFLOW_CTX_EXECUTION_DATE=2023-10-06T19:59:00+00:00
AIRFLOW_CTX_DAG_RUN_ID=scheduled__2023-10-06T19:59:00+00:00
[2023-10-06 20:00:08,173] {python.py:151} INFO - Done. Returned value was: None
[2023-10-06 20:00:08,187] {taskinstance.py:1211} INFO - Marking task as SUCCESS. dag_id=***_exam, task_id=compute_lr_score, execution_date=20231006T195900, start_date=20231006T200007, end_date=20231006T200008
[2023-10-06 20:00:08,230] {taskinstance.py:1265} INFO - 0 downstream tasks scheduled from follow-on schedule check
[2023-10-06 20:00:08,265] {local_task_job.py:151} INFO - Task exited with return code 0
