[2024-03-21 00:48:04,279] {taskinstance.py:896} INFO - Dependencies all met for <TaskInstance: airflow_exam.transform_into_fulldata.csv 2024-03-21T00:47:00+00:00 [queued]>
[2024-03-21 00:48:04,295] {taskinstance.py:896} INFO - Dependencies all met for <TaskInstance: airflow_exam.transform_into_fulldata.csv 2024-03-21T00:47:00+00:00 [queued]>
[2024-03-21 00:48:04,295] {taskinstance.py:1087} INFO - 
--------------------------------------------------------------------------------
[2024-03-21 00:48:04,295] {taskinstance.py:1088} INFO - Starting attempt 1 of 1
[2024-03-21 00:48:04,295] {taskinstance.py:1089} INFO - 
--------------------------------------------------------------------------------
[2024-03-21 00:48:04,312] {taskinstance.py:1107} INFO - Executing <Task(PythonOperator): transform_into_fulldata.csv> on 2024-03-21T00:47:00+00:00
[2024-03-21 00:48:04,320] {standard_task_runner.py:52} INFO - Started process 5981 to run task
[2024-03-21 00:48:04,324] {standard_task_runner.py:76} INFO - Running: ['***', 'tasks', 'run', '***_exam', 'transform_into_fulldata.csv', '2024-03-21T00:47:00+00:00', '--job-id', '8563', '--pool', 'default_pool', '--raw', '--subdir', 'DAGS_FOLDER/DAG.py', '--cfg-path', '/tmp/tmpkxl787rg', '--error-file', '/tmp/tmpinklzk91']
[2024-03-21 00:48:04,324] {standard_task_runner.py:77} INFO - Job 8563: Subtask transform_into_fulldata.csv
[2024-03-21 00:48:04,371] {logging_mixin.py:104} INFO - Running <TaskInstance: ***_exam.transform_into_fulldata.csv 2024-03-21T00:47:00+00:00 [running]> on host 3a3d0401ac26
[2024-03-21 00:48:04,436] {taskinstance.py:1302} INFO - Exporting the following env vars:
AIRFLOW_CTX_DAG_OWNER=***
AIRFLOW_CTX_DAG_ID=***_exam
AIRFLOW_CTX_TASK_ID=transform_into_fulldata.csv
AIRFLOW_CTX_EXECUTION_DATE=2024-03-21T00:47:00+00:00
AIRFLOW_CTX_DAG_RUN_ID=scheduled__2024-03-21T00:47:00+00:00
[2024-03-21 00:48:04,542] {logging_mixin.py:104} INFO - 
[2024-03-21 00:48:04,569] {logging_mixin.py:104} INFO -     temperature        city  pression              date
0       285.68       Paris      1021  2024-03-21 00:48
1       284.03      London      1023  2024-03-21 00:48
2       287.76  Washington      1007  2024-03-21 00:48
3       285.68       Paris      1021  2024-03-21 00:47
4       284.03      London      1023  2024-03-21 00:47
5       287.76  Washington      1007  2024-03-21 00:47
6       285.68       Paris      1021  2024-03-21 00:46
7       284.08      London      1022  2024-03-21 00:46
8       287.76  Washington      1007  2024-03-21 00:46
9       285.68       Paris      1021  2024-03-21 00:45
[2024-03-21 00:48:04,583] {python.py:151} INFO - Done. Returned value was: None
[2024-03-21 00:48:04,598] {taskinstance.py:1211} INFO - Marking task as SUCCESS. dag_id=***_exam, task_id=transform_into_fulldata.csv, execution_date=20240321T004700, start_date=20240321T004804, end_date=20240321T004804
[2024-03-21 00:48:04,633] {taskinstance.py:1265} INFO - 3 downstream tasks scheduled from follow-on schedule check
[2024-03-21 00:48:04,657] {local_task_job.py:151} INFO - Task exited with return code 0
