[2024-03-21 19:24:03,643] {taskinstance.py:896} INFO - Dependencies all met for <TaskInstance: airflow_exam.transform_into_fulldata.csv 2024-03-21T19:23:00+00:00 [queued]>
[2024-03-21 19:24:03,671] {taskinstance.py:896} INFO - Dependencies all met for <TaskInstance: airflow_exam.transform_into_fulldata.csv 2024-03-21T19:23:00+00:00 [queued]>
[2024-03-21 19:24:03,671] {taskinstance.py:1087} INFO - 
--------------------------------------------------------------------------------
[2024-03-21 19:24:03,671] {taskinstance.py:1088} INFO - Starting attempt 1 of 1
[2024-03-21 19:24:03,671] {taskinstance.py:1089} INFO - 
--------------------------------------------------------------------------------
[2024-03-21 19:24:03,685] {taskinstance.py:1107} INFO - Executing <Task(PythonOperator): transform_into_fulldata.csv> on 2024-03-21T19:23:00+00:00
[2024-03-21 19:24:03,696] {standard_task_runner.py:52} INFO - Started process 48060 to run task
[2024-03-21 19:24:03,702] {standard_task_runner.py:76} INFO - Running: ['***', 'tasks', 'run', '***_exam', 'transform_into_fulldata.csv', '2024-03-21T19:23:00+00:00', '--job-id', '10612', '--pool', 'default_pool', '--raw', '--subdir', 'DAGS_FOLDER/DAG.py', '--cfg-path', '/tmp/tmp3p5apvkv', '--error-file', '/tmp/tmpl9brlpkd']
[2024-03-21 19:24:03,702] {standard_task_runner.py:77} INFO - Job 10612: Subtask transform_into_fulldata.csv
[2024-03-21 19:24:03,768] {logging_mixin.py:104} INFO - Running <TaskInstance: ***_exam.transform_into_fulldata.csv 2024-03-21T19:23:00+00:00 [running]> on host 3a3d0401ac26
[2024-03-21 19:24:03,848] {taskinstance.py:1302} INFO - Exporting the following env vars:
AIRFLOW_CTX_DAG_OWNER=***
AIRFLOW_CTX_DAG_ID=***_exam
AIRFLOW_CTX_TASK_ID=transform_into_fulldata.csv
AIRFLOW_CTX_EXECUTION_DATE=2024-03-21T19:23:00+00:00
AIRFLOW_CTX_DAG_RUN_ID=scheduled__2024-03-21T19:23:00+00:00
[2024-03-21 19:24:03,978] {logging_mixin.py:104} INFO - 
[2024-03-21 19:24:03,998] {logging_mixin.py:104} INFO -     temperature        city  pression              date
0       288.65       Paris      1025  2024-03-21 19:24
1       287.00      London      1022  2024-03-21 19:24
2       286.46  Washington      1014  2024-03-21 19:24
3       288.99       Paris      1025  2024-03-21 19:23
4       287.00      London      1022  2024-03-21 19:23
5       286.46  Washington      1014  2024-03-21 19:23
6       288.99       Paris      1025  2024-03-21 19:22
7       287.00      London      1022  2024-03-21 19:22
8       286.46  Washington      1014  2024-03-21 19:22
9       288.99       Paris      1025  2024-03-21 19:21
[2024-03-21 19:24:04,024] {python.py:151} INFO - Done. Returned value was: None
[2024-03-21 19:24:04,039] {taskinstance.py:1211} INFO - Marking task as SUCCESS. dag_id=***_exam, task_id=transform_into_fulldata.csv, execution_date=20240321T192300, start_date=20240321T192403, end_date=20240321T192404
[2024-03-21 19:24:04,088] {taskinstance.py:1265} INFO - 3 downstream tasks scheduled from follow-on schedule check
[2024-03-21 19:24:04,126] {local_task_job.py:151} INFO - Task exited with return code 0
