[2024-03-15 23:54:04,239] {taskinstance.py:896} INFO - Dependencies all met for <TaskInstance: airflow_exam.transform_into_fulldata.csv 2024-03-15T23:53:00+00:00 [queued]>
[2024-03-15 23:54:04,273] {taskinstance.py:896} INFO - Dependencies all met for <TaskInstance: airflow_exam.transform_into_fulldata.csv 2024-03-15T23:53:00+00:00 [queued]>
[2024-03-15 23:54:04,273] {taskinstance.py:1087} INFO - 
--------------------------------------------------------------------------------
[2024-03-15 23:54:04,273] {taskinstance.py:1088} INFO - Starting attempt 1 of 1
[2024-03-15 23:54:04,273] {taskinstance.py:1089} INFO - 
--------------------------------------------------------------------------------
[2024-03-15 23:54:04,290] {taskinstance.py:1107} INFO - Executing <Task(PythonOperator): transform_into_fulldata.csv> on 2024-03-15T23:53:00+00:00
[2024-03-15 23:54:04,302] {standard_task_runner.py:52} INFO - Started process 94810 to run task
[2024-03-15 23:54:04,307] {standard_task_runner.py:76} INFO - Running: ['***', 'tasks', 'run', '***_exam', 'transform_into_fulldata.csv', '2024-03-15T23:53:00+00:00', '--job-id', '5036', '--pool', 'default_pool', '--raw', '--subdir', 'DAGS_FOLDER/DAG.py', '--cfg-path', '/tmp/tmp9ryd4lww', '--error-file', '/tmp/tmpkpal6sjh']
[2024-03-15 23:54:04,308] {standard_task_runner.py:77} INFO - Job 5036: Subtask transform_into_fulldata.csv
[2024-03-15 23:54:04,380] {logging_mixin.py:104} INFO - Running <TaskInstance: ***_exam.transform_into_fulldata.csv 2024-03-15T23:53:00+00:00 [running]> on host 3a3d0401ac26
[2024-03-15 23:54:04,488] {taskinstance.py:1302} INFO - Exporting the following env vars:
AIRFLOW_CTX_DAG_OWNER=***
AIRFLOW_CTX_DAG_ID=***_exam
AIRFLOW_CTX_TASK_ID=transform_into_fulldata.csv
AIRFLOW_CTX_EXECUTION_DATE=2024-03-15T23:53:00+00:00
AIRFLOW_CTX_DAG_RUN_ID=scheduled__2024-03-15T23:53:00+00:00
[2024-03-15 23:54:04,568] {logging_mixin.py:104} INFO - 
[2024-03-15 23:54:04,602] {logging_mixin.py:104} INFO -     temperature        city  pression              date
0       284.96       Paris      1015  2024-03-15 23:54
1       281.73      London      1012  2024-03-15 23:54
2       289.37  Washington      1021  2024-03-15 23:54
3       284.96       Paris      1015  2024-03-15 23:53
4       281.73      London      1012  2024-03-15 23:53
5       289.37  Washington      1021  2024-03-15 23:53
6       284.96       Paris      1015  2024-03-15 23:52
7       281.73      London      1012  2024-03-15 23:52
8       289.37  Washington      1021  2024-03-15 23:52
9       284.96       Paris      1015  2024-03-15 23:51
[2024-03-15 23:54:04,617] {python.py:151} INFO - Done. Returned value was: None
[2024-03-15 23:54:04,636] {taskinstance.py:1211} INFO - Marking task as SUCCESS. dag_id=***_exam, task_id=transform_into_fulldata.csv, execution_date=20240315T235300, start_date=20240315T235404, end_date=20240315T235404
[2024-03-15 23:54:04,684] {taskinstance.py:1265} INFO - 3 downstream tasks scheduled from follow-on schedule check
[2024-03-15 23:54:04,721] {local_task_job.py:151} INFO - Task exited with return code 0
