[2023-10-06 20:39:05,573] {taskinstance.py:896} INFO - Dependencies all met for <TaskInstance: airflow_exam.compute_rf_score 2023-10-06T20:38:00+00:00 [queued]>
[2023-10-06 20:39:05,588] {taskinstance.py:896} INFO - Dependencies all met for <TaskInstance: airflow_exam.compute_rf_score 2023-10-06T20:38:00+00:00 [queued]>
[2023-10-06 20:39:05,588] {taskinstance.py:1087} INFO - 
--------------------------------------------------------------------------------
[2023-10-06 20:39:05,589] {taskinstance.py:1088} INFO - Starting attempt 1 of 1
[2023-10-06 20:39:05,589] {taskinstance.py:1089} INFO - 
--------------------------------------------------------------------------------
[2023-10-06 20:39:05,606] {taskinstance.py:1107} INFO - Executing <Task(PythonOperator): compute_rf_score> on 2023-10-06T20:38:00+00:00
[2023-10-06 20:39:05,614] {standard_task_runner.py:52} INFO - Started process 18631 to run task
[2023-10-06 20:39:05,617] {standard_task_runner.py:76} INFO - Running: ['***', 'tasks', 'run', '***_exam', 'compute_rf_score', '2023-10-06T20:38:00+00:00', '--job-id', '945', '--pool', 'default_pool', '--raw', '--subdir', 'DAGS_FOLDER/DAG.py', '--cfg-path', '/tmp/tmpiawvryx1', '--error-file', '/tmp/tmpxi_harc6']
[2023-10-06 20:39:05,618] {standard_task_runner.py:77} INFO - Job 945: Subtask compute_rf_score
[2023-10-06 20:39:05,670] {logging_mixin.py:104} INFO - Running <TaskInstance: ***_exam.compute_rf_score 2023-10-06T20:38:00+00:00 [running]> on host 3a3d0401ac26
[2023-10-06 20:39:05,736] {taskinstance.py:1302} INFO - Exporting the following env vars:
AIRFLOW_CTX_DAG_OWNER=***
AIRFLOW_CTX_DAG_ID=***_exam
AIRFLOW_CTX_TASK_ID=compute_rf_score
AIRFLOW_CTX_EXECUTION_DATE=2023-10-06T20:38:00+00:00
AIRFLOW_CTX_DAG_RUN_ID=scheduled__2023-10-06T20:38:00+00:00
[2023-10-06 20:39:06,598] {python.py:151} INFO - Done. Returned value was: None
[2023-10-06 20:39:06,609] {taskinstance.py:1211} INFO - Marking task as SUCCESS. dag_id=***_exam, task_id=compute_rf_score, execution_date=20231006T203800, start_date=20231006T203905, end_date=20231006T203906
[2023-10-06 20:39:06,645] {taskinstance.py:1265} INFO - 1 downstream tasks scheduled from follow-on schedule check
[2023-10-06 20:39:06,673] {local_task_job.py:151} INFO - Task exited with return code 0
