[2024-03-15 22:17:04,608] {taskinstance.py:896} INFO - Dependencies all met for <TaskInstance: airflow_exam.transform_into_fulldata.csv 2024-03-15T22:16:00+00:00 [queued]>
[2024-03-15 22:17:04,634] {taskinstance.py:896} INFO - Dependencies all met for <TaskInstance: airflow_exam.transform_into_fulldata.csv 2024-03-15T22:16:00+00:00 [queued]>
[2024-03-15 22:17:04,634] {taskinstance.py:1087} INFO - 
--------------------------------------------------------------------------------
[2024-03-15 22:17:04,634] {taskinstance.py:1088} INFO - Starting attempt 1 of 1
[2024-03-15 22:17:04,634] {taskinstance.py:1089} INFO - 
--------------------------------------------------------------------------------
[2024-03-15 22:17:04,648] {taskinstance.py:1107} INFO - Executing <Task(PythonOperator): transform_into_fulldata.csv> on 2024-03-15T22:16:00+00:00
[2024-03-15 22:17:04,657] {standard_task_runner.py:52} INFO - Started process 75011 to run task
[2024-03-15 22:17:04,661] {standard_task_runner.py:76} INFO - Running: ['***', 'tasks', 'run', '***_exam', 'transform_into_fulldata.csv', '2024-03-15T22:16:00+00:00', '--job-id', '4358', '--pool', 'default_pool', '--raw', '--subdir', 'DAGS_FOLDER/DAG.py', '--cfg-path', '/tmp/tmpf4gud825', '--error-file', '/tmp/tmp1g0msf82']
[2024-03-15 22:17:04,661] {standard_task_runner.py:77} INFO - Job 4358: Subtask transform_into_fulldata.csv
[2024-03-15 22:17:04,715] {logging_mixin.py:104} INFO - Running <TaskInstance: ***_exam.transform_into_fulldata.csv 2024-03-15T22:16:00+00:00 [running]> on host 3a3d0401ac26
[2024-03-15 22:17:04,784] {taskinstance.py:1302} INFO - Exporting the following env vars:
AIRFLOW_CTX_DAG_OWNER=***
AIRFLOW_CTX_DAG_ID=***_exam
AIRFLOW_CTX_TASK_ID=transform_into_fulldata.csv
AIRFLOW_CTX_EXECUTION_DATE=2024-03-15T22:16:00+00:00
AIRFLOW_CTX_DAG_RUN_ID=scheduled__2024-03-15T22:16:00+00:00
[2024-03-15 22:17:04,826] {logging_mixin.py:104} INFO - 
[2024-03-15 22:17:04,842] {logging_mixin.py:104} INFO -     temperature        city  pression              date
0       285.35       Paris      1014  2024-03-15 22:17
1       283.11      London      1010  2024-03-15 22:17
2       288.64  Washington      1022  2024-03-15 22:17
3       285.35       Paris      1014  2024-03-15 22:16
4       283.11      London      1010  2024-03-15 22:16
5       288.64  Washington      1022  2024-03-15 22:16
6       285.35       Paris      1014  2024-03-15 22:15
7       283.11      London      1010  2024-03-15 22:15
8       288.64  Washington      1022  2024-03-15 22:15
9       285.35       Paris      1014  2024-03-15 22:14
[2024-03-15 22:17:04,849] {python.py:151} INFO - Done. Returned value was: None
[2024-03-15 22:17:04,862] {taskinstance.py:1211} INFO - Marking task as SUCCESS. dag_id=***_exam, task_id=transform_into_fulldata.csv, execution_date=20240315T221600, start_date=20240315T221704, end_date=20240315T221704
[2024-03-15 22:17:04,895] {taskinstance.py:1265} INFO - 3 downstream tasks scheduled from follow-on schedule check
[2024-03-15 22:17:04,914] {local_task_job.py:151} INFO - Task exited with return code 0
