[2024-03-15 18:50:09,963] {taskinstance.py:896} INFO - Dependencies all met for <TaskInstance: airflow_exam.compute_rf_score 2024-03-15T18:49:00+00:00 [queued]>
[2024-03-15 18:50:09,989] {taskinstance.py:896} INFO - Dependencies all met for <TaskInstance: airflow_exam.compute_rf_score 2024-03-15T18:49:00+00:00 [queued]>
[2024-03-15 18:50:09,990] {taskinstance.py:1087} INFO - 
--------------------------------------------------------------------------------
[2024-03-15 18:50:09,990] {taskinstance.py:1088} INFO - Starting attempt 1 of 1
[2024-03-15 18:50:09,990] {taskinstance.py:1089} INFO - 
--------------------------------------------------------------------------------
[2024-03-15 18:50:10,005] {taskinstance.py:1107} INFO - Executing <Task(PythonOperator): compute_rf_score> on 2024-03-15T18:49:00+00:00
[2024-03-15 18:50:10,013] {standard_task_runner.py:52} INFO - Started process 50491 to run task
[2024-03-15 18:50:10,017] {standard_task_runner.py:76} INFO - Running: ['***', 'tasks', 'run', '***_exam', 'compute_rf_score', '2024-03-15T18:49:00+00:00', '--job-id', '3506', '--pool', 'default_pool', '--raw', '--subdir', 'DAGS_FOLDER/DAG.py', '--cfg-path', '/tmp/tmpqlpxcae5', '--error-file', '/tmp/tmpns72stmg']
[2024-03-15 18:50:10,018] {standard_task_runner.py:77} INFO - Job 3506: Subtask compute_rf_score
[2024-03-15 18:50:10,073] {logging_mixin.py:104} INFO - Running <TaskInstance: ***_exam.compute_rf_score 2024-03-15T18:49:00+00:00 [running]> on host 3a3d0401ac26
[2024-03-15 18:50:10,138] {taskinstance.py:1302} INFO - Exporting the following env vars:
AIRFLOW_CTX_DAG_OWNER=***
AIRFLOW_CTX_DAG_ID=***_exam
AIRFLOW_CTX_TASK_ID=compute_rf_score
AIRFLOW_CTX_EXECUTION_DATE=2024-03-15T18:49:00+00:00
AIRFLOW_CTX_DAG_RUN_ID=scheduled__2024-03-15T18:49:00+00:00
[2024-03-15 18:50:11,504] {python.py:151} INFO - Done. Returned value was: None
[2024-03-15 18:50:11,517] {taskinstance.py:1211} INFO - Marking task as SUCCESS. dag_id=***_exam, task_id=compute_rf_score, execution_date=20240315T184900, start_date=20240315T185009, end_date=20240315T185011
[2024-03-15 18:50:11,554] {taskinstance.py:1265} INFO - 1 downstream tasks scheduled from follow-on schedule check
[2024-03-15 18:50:11,598] {local_task_job.py:151} INFO - Task exited with return code 0
