[2024-03-20 23:42:04,038] {taskinstance.py:896} INFO - Dependencies all met for <TaskInstance: airflow_exam.transform_into_fulldata.csv 2024-03-20T23:41:00+00:00 [queued]>
[2024-03-20 23:42:04,059] {taskinstance.py:896} INFO - Dependencies all met for <TaskInstance: airflow_exam.transform_into_fulldata.csv 2024-03-20T23:41:00+00:00 [queued]>
[2024-03-20 23:42:04,059] {taskinstance.py:1087} INFO - 
--------------------------------------------------------------------------------
[2024-03-20 23:42:04,059] {taskinstance.py:1088} INFO - Starting attempt 1 of 1
[2024-03-20 23:42:04,059] {taskinstance.py:1089} INFO - 
--------------------------------------------------------------------------------
[2024-03-20 23:42:04,085] {taskinstance.py:1107} INFO - Executing <Task(PythonOperator): transform_into_fulldata.csv> on 2024-03-20T23:41:00+00:00
[2024-03-20 23:42:04,097] {standard_task_runner.py:52} INFO - Started process 40368 to run task
[2024-03-20 23:42:04,105] {standard_task_runner.py:76} INFO - Running: ['***', 'tasks', 'run', '***_exam', 'transform_into_fulldata.csv', '2024-03-20T23:41:00+00:00', '--job-id', '8157', '--pool', 'default_pool', '--raw', '--subdir', 'DAGS_FOLDER/DAG.py', '--cfg-path', '/tmp/tmpkq8r8av3', '--error-file', '/tmp/tmpetm3693a']
[2024-03-20 23:42:04,106] {standard_task_runner.py:77} INFO - Job 8157: Subtask transform_into_fulldata.csv
[2024-03-20 23:42:04,171] {logging_mixin.py:104} INFO - Running <TaskInstance: ***_exam.transform_into_fulldata.csv 2024-03-20T23:41:00+00:00 [running]> on host 3a3d0401ac26
[2024-03-20 23:42:04,268] {taskinstance.py:1302} INFO - Exporting the following env vars:
AIRFLOW_CTX_DAG_OWNER=***
AIRFLOW_CTX_DAG_ID=***_exam
AIRFLOW_CTX_TASK_ID=transform_into_fulldata.csv
AIRFLOW_CTX_EXECUTION_DATE=2024-03-20T23:41:00+00:00
AIRFLOW_CTX_DAG_RUN_ID=scheduled__2024-03-20T23:41:00+00:00
[2024-03-20 23:42:04,404] {logging_mixin.py:104} INFO - 
[2024-03-20 23:42:04,431] {logging_mixin.py:104} INFO -     temperature        city  pression              date
0       286.31       Paris      1021  2024-03-20 23:42
1       284.77      London      1022  2024-03-20 23:42
2       290.31  Washington      1007  2024-03-20 23:42
3       286.35       Paris      1021  2024-03-20 23:41
4       284.77      London      1022  2024-03-20 23:41
5       290.31  Washington      1007  2024-03-20 23:41
6       286.31       Paris      1021  2024-03-20 23:40
7       285.12      London      1022  2024-03-20 23:40
8       290.31  Washington      1007  2024-03-20 23:40
9       286.32       Paris      1021  2024-03-20 23:39
[2024-03-20 23:42:04,451] {python.py:151} INFO - Done. Returned value was: None
[2024-03-20 23:42:04,467] {taskinstance.py:1211} INFO - Marking task as SUCCESS. dag_id=***_exam, task_id=transform_into_fulldata.csv, execution_date=20240320T234100, start_date=20240320T234204, end_date=20240320T234204
[2024-03-20 23:42:04,515] {taskinstance.py:1265} INFO - 3 downstream tasks scheduled from follow-on schedule check
[2024-03-20 23:42:04,560] {local_task_job.py:151} INFO - Task exited with return code 0
