[2024-03-16 01:02:05,985] {taskinstance.py:896} INFO - Dependencies all met for <TaskInstance: airflow_exam.transform_into_data.csv 2024-03-16T01:01:00+00:00 [queued]>
[2024-03-16 01:02:06,033] {taskinstance.py:896} INFO - Dependencies all met for <TaskInstance: airflow_exam.transform_into_data.csv 2024-03-16T01:01:00+00:00 [queued]>
[2024-03-16 01:02:06,034] {taskinstance.py:1087} INFO - 
--------------------------------------------------------------------------------
[2024-03-16 01:02:06,034] {taskinstance.py:1088} INFO - Starting attempt 1 of 1
[2024-03-16 01:02:06,034] {taskinstance.py:1089} INFO - 
--------------------------------------------------------------------------------
[2024-03-16 01:02:06,058] {taskinstance.py:1107} INFO - Executing <Task(PythonOperator): transform_into_data.csv> on 2024-03-16T01:01:00+00:00
[2024-03-16 01:02:06,073] {standard_task_runner.py:52} INFO - Started process 108936 to run task
[2024-03-16 01:02:06,079] {standard_task_runner.py:76} INFO - Running: ['***', 'tasks', 'run', '***_exam', 'transform_into_data.csv', '2024-03-16T01:01:00+00:00', '--job-id', '5506', '--pool', 'default_pool', '--raw', '--subdir', 'DAGS_FOLDER/DAG.py', '--cfg-path', '/tmp/tmp88du9yoy', '--error-file', '/tmp/tmp_4cjq_iw']
[2024-03-16 01:02:06,079] {standard_task_runner.py:77} INFO - Job 5506: Subtask transform_into_data.csv
[2024-03-16 01:02:06,165] {logging_mixin.py:104} INFO - Running <TaskInstance: ***_exam.transform_into_data.csv 2024-03-16T01:01:00+00:00 [running]> on host 3a3d0401ac26
[2024-03-16 01:02:06,267] {taskinstance.py:1302} INFO - Exporting the following env vars:
AIRFLOW_CTX_DAG_OWNER=***
AIRFLOW_CTX_DAG_ID=***_exam
AIRFLOW_CTX_TASK_ID=transform_into_data.csv
AIRFLOW_CTX_EXECUTION_DATE=2024-03-16T01:01:00+00:00
AIRFLOW_CTX_DAG_RUN_ID=scheduled__2024-03-16T01:01:00+00:00
[2024-03-16 01:02:06,274] {logging_mixin.py:104} INFO - 
[2024-03-16 01:02:06,306] {logging_mixin.py:104} INFO -     temperature        city  pression              date
0       284.61       Paris      1016  2024-03-16 01:02
1       281.08      London      1015  2024-03-16 01:02
2       286.75  Washington      1021  2024-03-16 01:02
3       284.61       Paris      1016  2024-03-16 01:01
4       281.06      London      1015  2024-03-16 01:01
5       286.75  Washington      1021  2024-03-16 01:01
6       284.61       Paris      1016  2024-03-16 01:00
7       281.06      London      1015  2024-03-16 01:00
8       286.75  Washington      1021  2024-03-16 01:00
9       284.61       Paris      1016  2024-03-16 00:59
[2024-03-16 01:02:06,311] {python.py:151} INFO - Done. Returned value was: None
[2024-03-16 01:02:06,328] {taskinstance.py:1211} INFO - Marking task as SUCCESS. dag_id=***_exam, task_id=transform_into_data.csv, execution_date=20240316T010100, start_date=20240316T010205, end_date=20240316T010206
[2024-03-16 01:02:06,374] {taskinstance.py:1265} INFO - 0 downstream tasks scheduled from follow-on schedule check
[2024-03-16 01:02:06,411] {local_task_job.py:151} INFO - Task exited with return code 0
