[2024-03-20 23:56:04,447] {taskinstance.py:896} INFO - Dependencies all met for <TaskInstance: airflow_exam.transform_into_data.csv 2024-03-20T23:55:00+00:00 [queued]>
[2024-03-20 23:56:04,468] {taskinstance.py:896} INFO - Dependencies all met for <TaskInstance: airflow_exam.transform_into_data.csv 2024-03-20T23:55:00+00:00 [queued]>
[2024-03-20 23:56:04,468] {taskinstance.py:1087} INFO - 
--------------------------------------------------------------------------------
[2024-03-20 23:56:04,469] {taskinstance.py:1088} INFO - Starting attempt 1 of 1
[2024-03-20 23:56:04,469] {taskinstance.py:1089} INFO - 
--------------------------------------------------------------------------------
[2024-03-20 23:56:04,494] {taskinstance.py:1107} INFO - Executing <Task(PythonOperator): transform_into_data.csv> on 2024-03-20T23:55:00+00:00
[2024-03-20 23:56:04,506] {standard_task_runner.py:52} INFO - Started process 43357 to run task
[2024-03-20 23:56:04,511] {standard_task_runner.py:76} INFO - Running: ['***', 'tasks', 'run', '***_exam', 'transform_into_data.csv', '2024-03-20T23:55:00+00:00', '--job-id', '8256', '--pool', 'default_pool', '--raw', '--subdir', 'DAGS_FOLDER/DAG.py', '--cfg-path', '/tmp/tmp7wwsuo_4', '--error-file', '/tmp/tmp143p8dwo']
[2024-03-20 23:56:04,511] {standard_task_runner.py:77} INFO - Job 8256: Subtask transform_into_data.csv
[2024-03-20 23:56:04,583] {logging_mixin.py:104} INFO - Running <TaskInstance: ***_exam.transform_into_data.csv 2024-03-20T23:55:00+00:00 [running]> on host 3a3d0401ac26
[2024-03-20 23:56:04,688] {taskinstance.py:1302} INFO - Exporting the following env vars:
AIRFLOW_CTX_DAG_OWNER=***
AIRFLOW_CTX_DAG_ID=***_exam
AIRFLOW_CTX_TASK_ID=transform_into_data.csv
AIRFLOW_CTX_EXECUTION_DATE=2024-03-20T23:55:00+00:00
AIRFLOW_CTX_DAG_RUN_ID=scheduled__2024-03-20T23:55:00+00:00
[2024-03-20 23:56:04,697] {logging_mixin.py:104} INFO - 
[2024-03-20 23:56:04,728] {logging_mixin.py:104} INFO -     temperature        city  pression              date
0       286.25       Paris      1021  2024-03-20 23:56
1       284.68      London      1022  2024-03-20 23:56
2       289.95  Washington      1007  2024-03-20 23:56
3       286.25       Paris      1021  2024-03-20 23:55
4       284.68      London      1022  2024-03-20 23:55
5       289.95  Washington      1007  2024-03-20 23:55
6       286.25       Paris      1021  2024-03-20 23:54
7       284.68      London      1022  2024-03-20 23:54
8       289.95  Washington      1007  2024-03-20 23:54
9       286.25       Paris      1021  2024-03-20 23:53
[2024-03-20 23:56:04,739] {python.py:151} INFO - Done. Returned value was: None
[2024-03-20 23:56:04,759] {taskinstance.py:1211} INFO - Marking task as SUCCESS. dag_id=***_exam, task_id=transform_into_data.csv, execution_date=20240320T235500, start_date=20240320T235604, end_date=20240320T235604
[2024-03-20 23:56:04,805] {taskinstance.py:1265} INFO - 0 downstream tasks scheduled from follow-on schedule check
[2024-03-20 23:56:04,844] {local_task_job.py:151} INFO - Task exited with return code 0
