[2024-03-16 00:34:03,951] {taskinstance.py:896} INFO - Dependencies all met for <TaskInstance: airflow_exam.transform_into_data.csv 2024-03-16T00:33:00+00:00 [queued]>
[2024-03-16 00:34:03,979] {taskinstance.py:896} INFO - Dependencies all met for <TaskInstance: airflow_exam.transform_into_data.csv 2024-03-16T00:33:00+00:00 [queued]>
[2024-03-16 00:34:03,980] {taskinstance.py:1087} INFO - 
--------------------------------------------------------------------------------
[2024-03-16 00:34:03,980] {taskinstance.py:1088} INFO - Starting attempt 1 of 1
[2024-03-16 00:34:03,980] {taskinstance.py:1089} INFO - 
--------------------------------------------------------------------------------
[2024-03-16 00:34:03,992] {taskinstance.py:1107} INFO - Executing <Task(PythonOperator): transform_into_data.csv> on 2024-03-16T00:33:00+00:00
[2024-03-16 00:34:04,002] {standard_task_runner.py:52} INFO - Started process 102980 to run task
[2024-03-16 00:34:04,007] {standard_task_runner.py:76} INFO - Running: ['***', 'tasks', 'run', '***_exam', 'transform_into_data.csv', '2024-03-16T00:33:00+00:00', '--job-id', '5309', '--pool', 'default_pool', '--raw', '--subdir', 'DAGS_FOLDER/DAG.py', '--cfg-path', '/tmp/tmpfgr0khwx', '--error-file', '/tmp/tmphbjpg00u']
[2024-03-16 00:34:04,008] {standard_task_runner.py:77} INFO - Job 5309: Subtask transform_into_data.csv
[2024-03-16 00:34:04,080] {logging_mixin.py:104} INFO - Running <TaskInstance: ***_exam.transform_into_data.csv 2024-03-16T00:33:00+00:00 [running]> on host 3a3d0401ac26
[2024-03-16 00:34:04,167] {taskinstance.py:1302} INFO - Exporting the following env vars:
AIRFLOW_CTX_DAG_OWNER=***
AIRFLOW_CTX_DAG_ID=***_exam
AIRFLOW_CTX_TASK_ID=transform_into_data.csv
AIRFLOW_CTX_EXECUTION_DATE=2024-03-16T00:33:00+00:00
AIRFLOW_CTX_DAG_RUN_ID=scheduled__2024-03-16T00:33:00+00:00
[2024-03-16 00:34:04,173] {logging_mixin.py:104} INFO - 
[2024-03-16 00:34:04,198] {logging_mixin.py:104} INFO -     temperature        city  pression              date
0       284.51       Paris      1016  2024-03-16 00:34
1       281.41      London      1013  2024-03-16 00:34
2       288.82  Washington      1021  2024-03-16 00:34
3       284.51       Paris      1016  2024-03-16 00:33
4       281.37      London      1013  2024-03-16 00:33
5       288.82  Washington      1021  2024-03-16 00:33
6       284.51       Paris      1016  2024-03-16 00:32
7       281.37      London      1013  2024-03-16 00:32
8       288.82  Washington      1021  2024-03-16 00:32
9       284.51       Paris      1016  2024-03-16 00:31
[2024-03-16 00:34:04,202] {python.py:151} INFO - Done. Returned value was: None
[2024-03-16 00:34:04,216] {taskinstance.py:1211} INFO - Marking task as SUCCESS. dag_id=***_exam, task_id=transform_into_data.csv, execution_date=20240316T003300, start_date=20240316T003403, end_date=20240316T003404
[2024-03-16 00:34:04,253] {taskinstance.py:1265} INFO - 0 downstream tasks scheduled from follow-on schedule check
[2024-03-16 00:34:04,299] {local_task_job.py:151} INFO - Task exited with return code 0
