[2024-03-16 00:37:04,105] {taskinstance.py:896} INFO - Dependencies all met for <TaskInstance: airflow_exam.transform_into_data.csv 2024-03-16T00:36:00+00:00 [queued]>
[2024-03-16 00:37:04,134] {taskinstance.py:896} INFO - Dependencies all met for <TaskInstance: airflow_exam.transform_into_data.csv 2024-03-16T00:36:00+00:00 [queued]>
[2024-03-16 00:37:04,134] {taskinstance.py:1087} INFO - 
--------------------------------------------------------------------------------
[2024-03-16 00:37:04,134] {taskinstance.py:1088} INFO - Starting attempt 1 of 1
[2024-03-16 00:37:04,134] {taskinstance.py:1089} INFO - 
--------------------------------------------------------------------------------
[2024-03-16 00:37:04,147] {taskinstance.py:1107} INFO - Executing <Task(PythonOperator): transform_into_data.csv> on 2024-03-16T00:36:00+00:00
[2024-03-16 00:37:04,156] {standard_task_runner.py:52} INFO - Started process 103627 to run task
[2024-03-16 00:37:04,160] {standard_task_runner.py:76} INFO - Running: ['***', 'tasks', 'run', '***_exam', 'transform_into_data.csv', '2024-03-16T00:36:00+00:00', '--job-id', '5330', '--pool', 'default_pool', '--raw', '--subdir', 'DAGS_FOLDER/DAG.py', '--cfg-path', '/tmp/tmp6a4_8c97', '--error-file', '/tmp/tmpsit2cy2w']
[2024-03-16 00:37:04,161] {standard_task_runner.py:77} INFO - Job 5330: Subtask transform_into_data.csv
[2024-03-16 00:37:04,227] {logging_mixin.py:104} INFO - Running <TaskInstance: ***_exam.transform_into_data.csv 2024-03-16T00:36:00+00:00 [running]> on host 3a3d0401ac26
[2024-03-16 00:37:04,320] {taskinstance.py:1302} INFO - Exporting the following env vars:
AIRFLOW_CTX_DAG_OWNER=***
AIRFLOW_CTX_DAG_ID=***_exam
AIRFLOW_CTX_TASK_ID=transform_into_data.csv
AIRFLOW_CTX_EXECUTION_DATE=2024-03-16T00:36:00+00:00
AIRFLOW_CTX_DAG_RUN_ID=scheduled__2024-03-16T00:36:00+00:00
[2024-03-16 00:37:04,327] {logging_mixin.py:104} INFO - 
[2024-03-16 00:37:04,358] {logging_mixin.py:104} INFO -     temperature        city  pression              date
0       284.51       Paris      1016  2024-03-16 00:37
1       281.41      London      1013  2024-03-16 00:37
2       287.66  Washington      1021  2024-03-16 00:37
3       284.51       Paris      1016  2024-03-16 00:36
4       281.41      London      1013  2024-03-16 00:36
5       287.66  Washington      1021  2024-03-16 00:36
6       284.51       Paris      1016  2024-03-16 00:35
7       281.41      London      1013  2024-03-16 00:35
8       288.82  Washington      1021  2024-03-16 00:35
9       284.51       Paris      1016  2024-03-16 00:34
[2024-03-16 00:37:04,364] {python.py:151} INFO - Done. Returned value was: None
[2024-03-16 00:37:04,381] {taskinstance.py:1211} INFO - Marking task as SUCCESS. dag_id=***_exam, task_id=transform_into_data.csv, execution_date=20240316T003600, start_date=20240316T003704, end_date=20240316T003704
[2024-03-16 00:37:04,427] {taskinstance.py:1265} INFO - 0 downstream tasks scheduled from follow-on schedule check
[2024-03-16 00:37:04,452] {local_task_job.py:151} INFO - Task exited with return code 0
