[2024-03-16 01:05:04,785] {taskinstance.py:896} INFO - Dependencies all met for <TaskInstance: airflow_exam.transform_into_data.csv 2024-03-16T01:04:00+00:00 [queued]>
[2024-03-16 01:05:04,816] {taskinstance.py:896} INFO - Dependencies all met for <TaskInstance: airflow_exam.transform_into_data.csv 2024-03-16T01:04:00+00:00 [queued]>
[2024-03-16 01:05:04,816] {taskinstance.py:1087} INFO - 
--------------------------------------------------------------------------------
[2024-03-16 01:05:04,816] {taskinstance.py:1088} INFO - Starting attempt 1 of 1
[2024-03-16 01:05:04,817] {taskinstance.py:1089} INFO - 
--------------------------------------------------------------------------------
[2024-03-16 01:05:04,834] {taskinstance.py:1107} INFO - Executing <Task(PythonOperator): transform_into_data.csv> on 2024-03-16T01:04:00+00:00
[2024-03-16 01:05:04,845] {standard_task_runner.py:52} INFO - Started process 109580 to run task
[2024-03-16 01:05:04,850] {standard_task_runner.py:76} INFO - Running: ['***', 'tasks', 'run', '***_exam', 'transform_into_data.csv', '2024-03-16T01:04:00+00:00', '--job-id', '5526', '--pool', 'default_pool', '--raw', '--subdir', 'DAGS_FOLDER/DAG.py', '--cfg-path', '/tmp/tmpjjodob4_', '--error-file', '/tmp/tmp6tpyykon']
[2024-03-16 01:05:04,851] {standard_task_runner.py:77} INFO - Job 5526: Subtask transform_into_data.csv
[2024-03-16 01:05:04,926] {logging_mixin.py:104} INFO - Running <TaskInstance: ***_exam.transform_into_data.csv 2024-03-16T01:04:00+00:00 [running]> on host 3a3d0401ac26
[2024-03-16 01:05:05,014] {taskinstance.py:1302} INFO - Exporting the following env vars:
AIRFLOW_CTX_DAG_OWNER=***
AIRFLOW_CTX_DAG_ID=***_exam
AIRFLOW_CTX_TASK_ID=transform_into_data.csv
AIRFLOW_CTX_EXECUTION_DATE=2024-03-16T01:04:00+00:00
AIRFLOW_CTX_DAG_RUN_ID=scheduled__2024-03-16T01:04:00+00:00
[2024-03-16 01:05:05,023] {logging_mixin.py:104} INFO - 
[2024-03-16 01:05:05,056] {logging_mixin.py:104} INFO -     temperature        city  pression              date
0       284.61       Paris      1016  2024-03-16 01:05
1       281.08      London      1015  2024-03-16 01:05
2       286.75  Washington      1021  2024-03-16 01:05
3       284.61       Paris      1016  2024-03-16 01:04
4       281.08      London      1015  2024-03-16 01:04
5       286.75  Washington      1021  2024-03-16 01:04
6       284.61       Paris      1016  2024-03-16 01:03
7       281.08      London      1015  2024-03-16 01:03
8       286.75  Washington      1021  2024-03-16 01:03
9       284.61       Paris      1016  2024-03-16 01:02
[2024-03-16 01:05:05,063] {python.py:151} INFO - Done. Returned value was: None
[2024-03-16 01:05:05,079] {taskinstance.py:1211} INFO - Marking task as SUCCESS. dag_id=***_exam, task_id=transform_into_data.csv, execution_date=20240316T010400, start_date=20240316T010504, end_date=20240316T010505
[2024-03-16 01:05:05,121] {taskinstance.py:1265} INFO - 0 downstream tasks scheduled from follow-on schedule check
[2024-03-16 01:05:05,142] {local_task_job.py:151} INFO - Task exited with return code 0
