[2023-10-06 20:00:05,207] {taskinstance.py:896} INFO - Dependencies all met for <TaskInstance: airflow_exam.transform_into_fulldata.csv 2023-10-06T19:59:00+00:00 [queued]>
[2023-10-06 20:00:05,219] {taskinstance.py:896} INFO - Dependencies all met for <TaskInstance: airflow_exam.transform_into_fulldata.csv 2023-10-06T19:59:00+00:00 [queued]>
[2023-10-06 20:00:05,220] {taskinstance.py:1087} INFO - 
--------------------------------------------------------------------------------
[2023-10-06 20:00:05,220] {taskinstance.py:1088} INFO - Starting attempt 1 of 1
[2023-10-06 20:00:05,220] {taskinstance.py:1089} INFO - 
--------------------------------------------------------------------------------
[2023-10-06 20:00:05,234] {taskinstance.py:1107} INFO - Executing <Task(PythonOperator): transform_into_fulldata.csv> on 2023-10-06T19:59:00+00:00
[2023-10-06 20:00:05,241] {standard_task_runner.py:52} INFO - Started process 11169 to run task
[2023-10-06 20:00:05,243] {standard_task_runner.py:76} INFO - Running: ['***', 'tasks', 'run', '***_exam', 'transform_into_fulldata.csv', '2023-10-06T19:59:00+00:00', '--job-id', '670', '--pool', 'default_pool', '--raw', '--subdir', 'DAGS_FOLDER/DAG.py', '--cfg-path', '/tmp/tmp7cptmom_', '--error-file', '/tmp/tmpqbgcd2id']
[2023-10-06 20:00:05,244] {standard_task_runner.py:77} INFO - Job 670: Subtask transform_into_fulldata.csv
[2023-10-06 20:00:05,292] {logging_mixin.py:104} INFO - Running <TaskInstance: ***_exam.transform_into_fulldata.csv 2023-10-06T19:59:00+00:00 [running]> on host 3a3d0401ac26
[2023-10-06 20:00:05,353] {taskinstance.py:1302} INFO - Exporting the following env vars:
AIRFLOW_CTX_DAG_OWNER=***
AIRFLOW_CTX_DAG_ID=***_exam
AIRFLOW_CTX_TASK_ID=transform_into_fulldata.csv
AIRFLOW_CTX_EXECUTION_DATE=2023-10-06T19:59:00+00:00
AIRFLOW_CTX_DAG_RUN_ID=scheduled__2023-10-06T19:59:00+00:00
[2023-10-06 20:00:05,361] {logging_mixin.py:104} INFO - 
[2023-10-06 20:00:05,378] {logging_mixin.py:104} INFO -     temperature        city  pression              date
0       288.25       Paris      1026  2023-10-06 20:00
1       290.12      London      1023  2023-10-06 20:00
2       293.21  Washington      1024  2023-10-06 20:00
3       288.25       Paris      1026  2023-10-06 19:59
4       290.12      London      1023  2023-10-06 19:59
5       293.21  Washington      1024  2023-10-06 19:59
6       288.25       Paris      1026  2023-10-06 19:58
7       290.12      London      1023  2023-10-06 19:58
8       293.21  Washington      1024  2023-10-06 19:58
9       288.25       Paris      1026  2023-10-06 19:57
[2023-10-06 20:00:05,382] {python.py:151} INFO - Done. Returned value was: None
[2023-10-06 20:00:05,392] {taskinstance.py:1211} INFO - Marking task as SUCCESS. dag_id=***_exam, task_id=transform_into_fulldata.csv, execution_date=20231006T195900, start_date=20231006T200005, end_date=20231006T200005
[2023-10-06 20:00:05,422] {taskinstance.py:1265} INFO - 3 downstream tasks scheduled from follow-on schedule check
[2023-10-06 20:00:05,456] {local_task_job.py:151} INFO - Task exited with return code 0
