[2024-03-16 00:09:04,123] {taskinstance.py:896} INFO - Dependencies all met for <TaskInstance: airflow_exam.transform_into_fulldata.csv 2024-03-16T00:08:00+00:00 [queued]>
[2024-03-16 00:09:04,163] {taskinstance.py:896} INFO - Dependencies all met for <TaskInstance: airflow_exam.transform_into_fulldata.csv 2024-03-16T00:08:00+00:00 [queued]>
[2024-03-16 00:09:04,164] {taskinstance.py:1087} INFO - 
--------------------------------------------------------------------------------
[2024-03-16 00:09:04,164] {taskinstance.py:1088} INFO - Starting attempt 1 of 1
[2024-03-16 00:09:04,164] {taskinstance.py:1089} INFO - 
--------------------------------------------------------------------------------
[2024-03-16 00:09:04,188] {taskinstance.py:1107} INFO - Executing <Task(PythonOperator): transform_into_fulldata.csv> on 2024-03-16T00:08:00+00:00
[2024-03-16 00:09:04,200] {standard_task_runner.py:52} INFO - Started process 97764 to run task
[2024-03-16 00:09:04,205] {standard_task_runner.py:76} INFO - Running: ['***', 'tasks', 'run', '***_exam', 'transform_into_fulldata.csv', '2024-03-16T00:08:00+00:00', '--job-id', '5135', '--pool', 'default_pool', '--raw', '--subdir', 'DAGS_FOLDER/DAG.py', '--cfg-path', '/tmp/tmp9qg0pvo0', '--error-file', '/tmp/tmpdokwbl4v']
[2024-03-16 00:09:04,206] {standard_task_runner.py:77} INFO - Job 5135: Subtask transform_into_fulldata.csv
[2024-03-16 00:09:04,283] {logging_mixin.py:104} INFO - Running <TaskInstance: ***_exam.transform_into_fulldata.csv 2024-03-16T00:08:00+00:00 [running]> on host 3a3d0401ac26
[2024-03-16 00:09:04,380] {taskinstance.py:1302} INFO - Exporting the following env vars:
AIRFLOW_CTX_DAG_OWNER=***
AIRFLOW_CTX_DAG_ID=***_exam
AIRFLOW_CTX_TASK_ID=transform_into_fulldata.csv
AIRFLOW_CTX_EXECUTION_DATE=2024-03-16T00:08:00+00:00
AIRFLOW_CTX_DAG_RUN_ID=scheduled__2024-03-16T00:08:00+00:00
[2024-03-16 00:09:04,457] {logging_mixin.py:104} INFO - 
[2024-03-16 00:09:04,486] {logging_mixin.py:104} INFO -     temperature        city  pression              date
0       284.97       Paris      1015  2024-03-16 00:09
1       281.49      London      1013  2024-03-16 00:09
2       288.83  Washington      1021  2024-03-16 00:09
3       284.97       Paris      1015  2024-03-16 00:08
4       281.49      London      1013  2024-03-16 00:08
5       288.83  Washington      1021  2024-03-16 00:08
6       284.97       Paris      1015  2024-03-16 00:07
7       281.60      London      1012  2024-03-16 00:07
8       288.83  Washington      1021  2024-03-16 00:07
9       284.97       Paris      1015  2024-03-16 00:06
[2024-03-16 00:09:04,502] {python.py:151} INFO - Done. Returned value was: None
[2024-03-16 00:09:04,518] {taskinstance.py:1211} INFO - Marking task as SUCCESS. dag_id=***_exam, task_id=transform_into_fulldata.csv, execution_date=20240316T000800, start_date=20240316T000904, end_date=20240316T000904
[2024-03-16 00:09:04,566] {taskinstance.py:1265} INFO - 3 downstream tasks scheduled from follow-on schedule check
[2024-03-16 00:09:04,619] {local_task_job.py:151} INFO - Task exited with return code 0
