[2023-10-06 14:09:15,355] {taskinstance.py:896} INFO - Dependencies all met for <TaskInstance: airflow_exam.compute_lr_score 2023-10-06T14:09:09.222518+00:00 [queued]>
[2023-10-06 14:09:15,368] {taskinstance.py:896} INFO - Dependencies all met for <TaskInstance: airflow_exam.compute_lr_score 2023-10-06T14:09:09.222518+00:00 [queued]>
[2023-10-06 14:09:15,369] {taskinstance.py:1087} INFO - 
--------------------------------------------------------------------------------
[2023-10-06 14:09:15,369] {taskinstance.py:1088} INFO - Starting attempt 1 of 1
[2023-10-06 14:09:15,369] {taskinstance.py:1089} INFO - 
--------------------------------------------------------------------------------
[2023-10-06 14:09:15,397] {taskinstance.py:1107} INFO - Executing <Task(PythonOperator): compute_lr_score> on 2023-10-06T14:09:09.222518+00:00
[2023-10-06 14:09:15,408] {standard_task_runner.py:52} INFO - Started process 27727 to run task
[2023-10-06 14:09:15,412] {standard_task_runner.py:76} INFO - Running: ['***', 'tasks', 'run', '***_exam', 'compute_lr_score', '2023-10-06T14:09:09.222518+00:00', '--job-id', '276', '--pool', 'default_pool', '--raw', '--subdir', 'DAGS_FOLDER/DAG.py', '--cfg-path', '/tmp/tmp8t3zodm7', '--error-file', '/tmp/tmpx72jopim']
[2023-10-06 14:09:15,413] {standard_task_runner.py:77} INFO - Job 276: Subtask compute_lr_score
[2023-10-06 14:09:15,455] {logging_mixin.py:104} INFO - Running <TaskInstance: ***_exam.compute_lr_score 2023-10-06T14:09:09.222518+00:00 [running]> on host 3a3d0401ac26
[2023-10-06 14:09:15,506] {taskinstance.py:1302} INFO - Exporting the following env vars:
AIRFLOW_CTX_DAG_OWNER=***
AIRFLOW_CTX_DAG_ID=***_exam
AIRFLOW_CTX_TASK_ID=compute_lr_score
AIRFLOW_CTX_EXECUTION_DATE=2023-10-06T14:09:09.222518+00:00
AIRFLOW_CTX_DAG_RUN_ID=manual__2023-10-06T14:09:09.222518+00:00
[2023-10-06 14:09:15,632] {python.py:151} INFO - Done. Returned value was: None
[2023-10-06 14:09:15,644] {taskinstance.py:1211} INFO - Marking task as SUCCESS. dag_id=***_exam, task_id=compute_lr_score, execution_date=20231006T140909, start_date=20231006T140915, end_date=20231006T140915
[2023-10-06 14:09:15,677] {taskinstance.py:1265} INFO - 1 downstream tasks scheduled from follow-on schedule check
[2023-10-06 14:09:15,704] {local_task_job.py:151} INFO - Task exited with return code 0
