[2024-03-20 20:45:07,816] {taskinstance.py:896} INFO - Dependencies all met for <TaskInstance: airflow_exam.transform_into_fulldata.csv 2024-03-20T20:44:00+00:00 [queued]>
[2024-03-20 20:45:07,848] {taskinstance.py:896} INFO - Dependencies all met for <TaskInstance: airflow_exam.transform_into_fulldata.csv 2024-03-20T20:44:00+00:00 [queued]>
[2024-03-20 20:45:07,848] {taskinstance.py:1087} INFO - 
--------------------------------------------------------------------------------
[2024-03-20 20:45:07,848] {taskinstance.py:1088} INFO - Starting attempt 1 of 1
[2024-03-20 20:45:07,848] {taskinstance.py:1089} INFO - 
--------------------------------------------------------------------------------
[2024-03-20 20:45:07,904] {taskinstance.py:1107} INFO - Executing <Task(PythonOperator): transform_into_fulldata.csv> on 2024-03-20T20:44:00+00:00
[2024-03-20 20:45:07,930] {standard_task_runner.py:52} INFO - Started process 3204 to run task
[2024-03-20 20:45:07,941] {standard_task_runner.py:76} INFO - Running: ['***', 'tasks', 'run', '***_exam', 'transform_into_fulldata.csv', '2024-03-20T20:44:00+00:00', '--job-id', '6933', '--pool', 'default_pool', '--raw', '--subdir', 'DAGS_FOLDER/DAG.py', '--cfg-path', '/tmp/tmpkct7ahuu', '--error-file', '/tmp/tmpmo_6z7yy']
[2024-03-20 20:45:07,942] {standard_task_runner.py:77} INFO - Job 6933: Subtask transform_into_fulldata.csv
[2024-03-20 20:45:08,078] {logging_mixin.py:104} INFO - Running <TaskInstance: ***_exam.transform_into_fulldata.csv 2024-03-20T20:44:00+00:00 [running]> on host 3a3d0401ac26
[2024-03-20 20:45:08,306] {taskinstance.py:1302} INFO - Exporting the following env vars:
AIRFLOW_CTX_DAG_OWNER=***
AIRFLOW_CTX_DAG_ID=***_exam
AIRFLOW_CTX_TASK_ID=transform_into_fulldata.csv
AIRFLOW_CTX_EXECUTION_DATE=2024-03-20T20:44:00+00:00
AIRFLOW_CTX_DAG_RUN_ID=scheduled__2024-03-20T20:44:00+00:00
[2024-03-20 20:45:08,495] {logging_mixin.py:104} INFO - 
[2024-03-20 20:45:08,543] {logging_mixin.py:104} INFO -     temperature        city  pression              date
0       287.45       Paris      1018  2024-03-20 20:45
1       286.66      London      1020  2024-03-20 20:45
2       290.40  Washington      1008  2024-03-20 20:45
3       287.45       Paris      1018  2024-03-20 20:44
4       286.96      London      1020  2024-03-20 20:44
5       290.40  Washington      1008  2024-03-20 20:44
6       287.45       Paris      1018  2024-03-20 20:43
7       286.96      London      1020  2024-03-20 20:43
8       290.40  Washington      1008  2024-03-20 20:43
9       287.45       Paris      1018  2024-03-20 20:42
[2024-03-20 20:45:08,573] {python.py:151} INFO - Done. Returned value was: None
[2024-03-20 20:45:08,601] {taskinstance.py:1211} INFO - Marking task as SUCCESS. dag_id=***_exam, task_id=transform_into_fulldata.csv, execution_date=20240320T204400, start_date=20240320T204507, end_date=20240320T204508
[2024-03-20 20:45:08,717] {taskinstance.py:1265} INFO - 3 downstream tasks scheduled from follow-on schedule check
[2024-03-20 20:45:08,774] {local_task_job.py:151} INFO - Task exited with return code 0
