[2024-03-20 20:34:07,552] {taskinstance.py:896} INFO - Dependencies all met for <TaskInstance: airflow_exam.compute_rf_score 2024-03-20T20:33:00+00:00 [queued]>
[2024-03-20 20:34:07,582] {taskinstance.py:896} INFO - Dependencies all met for <TaskInstance: airflow_exam.compute_rf_score 2024-03-20T20:33:00+00:00 [queued]>
[2024-03-20 20:34:07,583] {taskinstance.py:1087} INFO - 
--------------------------------------------------------------------------------
[2024-03-20 20:34:07,583] {taskinstance.py:1088} INFO - Starting attempt 1 of 1
[2024-03-20 20:34:07,583] {taskinstance.py:1089} INFO - 
--------------------------------------------------------------------------------
[2024-03-20 20:34:07,611] {taskinstance.py:1107} INFO - Executing <Task(PythonOperator): compute_rf_score> on 2024-03-20T20:33:00+00:00
[2024-03-20 20:34:07,625] {standard_task_runner.py:52} INFO - Started process 889 to run task
[2024-03-20 20:34:07,631] {standard_task_runner.py:76} INFO - Running: ['***', 'tasks', 'run', '***_exam', 'compute_rf_score', '2024-03-20T20:33:00+00:00', '--job-id', '6857', '--pool', 'default_pool', '--raw', '--subdir', 'DAGS_FOLDER/DAG.py', '--cfg-path', '/tmp/tmp6dgrrnmo', '--error-file', '/tmp/tmp2lxjcms7']
[2024-03-20 20:34:07,632] {standard_task_runner.py:77} INFO - Job 6857: Subtask compute_rf_score
[2024-03-20 20:34:07,723] {logging_mixin.py:104} INFO - Running <TaskInstance: ***_exam.compute_rf_score 2024-03-20T20:33:00+00:00 [running]> on host 3a3d0401ac26
[2024-03-20 20:34:07,812] {taskinstance.py:1302} INFO - Exporting the following env vars:
AIRFLOW_CTX_DAG_OWNER=***
AIRFLOW_CTX_DAG_ID=***_exam
AIRFLOW_CTX_TASK_ID=compute_rf_score
AIRFLOW_CTX_EXECUTION_DATE=2024-03-20T20:33:00+00:00
AIRFLOW_CTX_DAG_RUN_ID=scheduled__2024-03-20T20:33:00+00:00
[2024-03-20 20:34:10,984] {python.py:151} INFO - Done. Returned value was: None
[2024-03-20 20:34:10,999] {taskinstance.py:1211} INFO - Marking task as SUCCESS. dag_id=***_exam, task_id=compute_rf_score, execution_date=20240320T203300, start_date=20240320T203407, end_date=20240320T203410
[2024-03-20 20:34:11,049] {taskinstance.py:1265} INFO - 1 downstream tasks scheduled from follow-on schedule check
[2024-03-20 20:34:11,072] {local_task_job.py:151} INFO - Task exited with return code 0
