[2024-04-01 23:23:05,229] {taskinstance.py:896} INFO - Dependencies all met for <TaskInstance: airflow_exam.transform_into_data.csv 2024-04-01T23:22:00+00:00 [queued]>
[2024-04-01 23:23:05,245] {taskinstance.py:896} INFO - Dependencies all met for <TaskInstance: airflow_exam.transform_into_data.csv 2024-04-01T23:22:00+00:00 [queued]>
[2024-04-01 23:23:05,245] {taskinstance.py:1087} INFO - 
--------------------------------------------------------------------------------
[2024-04-01 23:23:05,245] {taskinstance.py:1088} INFO - Starting attempt 1 of 1
[2024-04-01 23:23:05,245] {taskinstance.py:1089} INFO - 
--------------------------------------------------------------------------------
[2024-04-01 23:23:05,265] {taskinstance.py:1107} INFO - Executing <Task(PythonOperator): transform_into_data.csv> on 2024-04-01T23:22:00+00:00
[2024-04-01 23:23:05,276] {standard_task_runner.py:52} INFO - Started process 1016 to run task
[2024-04-01 23:23:05,280] {standard_task_runner.py:76} INFO - Running: ['***', 'tasks', 'run', '***_exam', 'transform_into_data.csv', '2024-04-01T23:22:00+00:00', '--job-id', '11234', '--pool', 'default_pool', '--raw', '--subdir', 'DAGS_FOLDER/DAG.py', '--cfg-path', '/tmp/tmpsal51kce', '--error-file', '/tmp/tmp91s_ry02']
[2024-04-01 23:23:05,281] {standard_task_runner.py:77} INFO - Job 11234: Subtask transform_into_data.csv
[2024-04-01 23:23:05,345] {logging_mixin.py:104} INFO - Running <TaskInstance: ***_exam.transform_into_data.csv 2024-04-01T23:22:00+00:00 [running]> on host 3a3d0401ac26
[2024-04-01 23:23:05,436] {taskinstance.py:1302} INFO - Exporting the following env vars:
AIRFLOW_CTX_DAG_OWNER=***
AIRFLOW_CTX_DAG_ID=***_exam
AIRFLOW_CTX_TASK_ID=transform_into_data.csv
AIRFLOW_CTX_EXECUTION_DATE=2024-04-01T23:22:00+00:00
AIRFLOW_CTX_DAG_RUN_ID=scheduled__2024-04-01T23:22:00+00:00
[2024-04-01 23:23:05,443] {logging_mixin.py:104} INFO - 
[2024-04-01 23:23:05,471] {logging_mixin.py:104} INFO -     temperature        city  pression              date
0       282.67       Paris      1005  2024-04-01 23:23
1       282.44      London       997  2024-04-01 23:23
2       293.04  Washington      1015  2024-04-01 23:23
3       282.67       Paris      1005  2024-04-01 23:22
4       282.44      London       997  2024-04-01 23:22
5       293.04  Washington      1015  2024-04-01 23:22
6       282.67       Paris      1005  2024-04-01 23:21
7       282.44      London       997  2024-04-01 23:21
8       293.04  Washington      1015  2024-04-01 23:21
9       282.67       Paris      1005  2024-04-01 23:20
[2024-04-01 23:23:05,476] {python.py:151} INFO - Done. Returned value was: None
[2024-04-01 23:23:05,490] {taskinstance.py:1211} INFO - Marking task as SUCCESS. dag_id=***_exam, task_id=transform_into_data.csv, execution_date=20240401T232200, start_date=20240401T232305, end_date=20240401T232305
[2024-04-01 23:23:05,523] {taskinstance.py:1265} INFO - 0 downstream tasks scheduled from follow-on schedule check
[2024-04-01 23:23:05,573] {local_task_job.py:151} INFO - Task exited with return code 0
