[2024-03-16 02:25:01,828] {taskinstance.py:896} INFO - Dependencies all met for <TaskInstance: airflow_exam.retrieve_raw_data 2024-03-16T02:24:00+00:00 [queued]>
[2024-03-16 02:25:01,860] {taskinstance.py:896} INFO - Dependencies all met for <TaskInstance: airflow_exam.retrieve_raw_data 2024-03-16T02:24:00+00:00 [queued]>
[2024-03-16 02:25:01,861] {taskinstance.py:1087} INFO - 
--------------------------------------------------------------------------------
[2024-03-16 02:25:01,861] {taskinstance.py:1088} INFO - Starting attempt 1 of 6
[2024-03-16 02:25:01,861] {taskinstance.py:1089} INFO - 
--------------------------------------------------------------------------------
[2024-03-16 02:25:01,877] {taskinstance.py:1107} INFO - Executing <Task(PythonOperator): retrieve_raw_data> on 2024-03-16T02:24:00+00:00
[2024-03-16 02:25:01,887] {standard_task_runner.py:52} INFO - Started process 126735 to run task
[2024-03-16 02:25:01,891] {standard_task_runner.py:76} INFO - Running: ['***', 'tasks', 'run', '***_exam', 'retrieve_raw_data', '2024-03-16T02:24:00+00:00', '--job-id', '6085', '--pool', 'default_pool', '--raw', '--subdir', 'DAGS_FOLDER/DAG.py', '--cfg-path', '/tmp/tmpk5pqr371', '--error-file', '/tmp/tmp1yhk4vde']
[2024-03-16 02:25:01,892] {standard_task_runner.py:77} INFO - Job 6085: Subtask retrieve_raw_data
[2024-03-16 02:25:01,960] {logging_mixin.py:104} INFO - Running <TaskInstance: ***_exam.retrieve_raw_data 2024-03-16T02:24:00+00:00 [running]> on host 3a3d0401ac26
[2024-03-16 02:25:02,044] {taskinstance.py:1302} INFO - Exporting the following env vars:
AIRFLOW_CTX_DAG_OWNER=***
AIRFLOW_CTX_DAG_ID=***_exam
AIRFLOW_CTX_TASK_ID=retrieve_raw_data
AIRFLOW_CTX_EXECUTION_DATE=2024-03-16T02:24:00+00:00
AIRFLOW_CTX_DAG_RUN_ID=scheduled__2024-03-16T02:24:00+00:00
[2024-03-16 02:25:02,829] {python.py:151} INFO - Done. Returned value was: None
[2024-03-16 02:25:02,844] {taskinstance.py:1211} INFO - Marking task as SUCCESS. dag_id=***_exam, task_id=retrieve_raw_data, execution_date=20240316T022400, start_date=20240316T022501, end_date=20240316T022502
[2024-03-16 02:25:02,888] {taskinstance.py:1265} INFO - 0 downstream tasks scheduled from follow-on schedule check
[2024-03-16 02:25:02,908] {local_task_job.py:151} INFO - Task exited with return code 0
