[2024-03-20 22:26:14,846] {taskinstance.py:896} INFO - Dependencies all met for <TaskInstance: airflow_exam.train_best_model 2024-03-20T22:25:00+00:00 [queued]>
[2024-03-20 22:26:14,869] {taskinstance.py:896} INFO - Dependencies all met for <TaskInstance: airflow_exam.train_best_model 2024-03-20T22:25:00+00:00 [queued]>
[2024-03-20 22:26:14,870] {taskinstance.py:1087} INFO - 
--------------------------------------------------------------------------------
[2024-03-20 22:26:14,870] {taskinstance.py:1088} INFO - Starting attempt 1 of 1
[2024-03-20 22:26:14,870] {taskinstance.py:1089} INFO - 
--------------------------------------------------------------------------------
[2024-03-20 22:26:14,903] {taskinstance.py:1107} INFO - Executing <Task(PythonOperator): train_best_model> on 2024-03-20T22:25:00+00:00
[2024-03-20 22:26:14,919] {standard_task_runner.py:52} INFO - Started process 24214 to run task
[2024-03-20 22:26:14,926] {standard_task_runner.py:76} INFO - Running: ['***', 'tasks', 'run', '***_exam', 'train_best_model', '2024-03-20T22:25:00+00:00', '--job-id', '7630', '--pool', 'default_pool', '--raw', '--subdir', 'DAGS_FOLDER/DAG.py', '--cfg-path', '/tmp/tmpde0ljd4m', '--error-file', '/tmp/tmpwxpvii0z']
[2024-03-20 22:26:14,927] {standard_task_runner.py:77} INFO - Job 7630: Subtask train_best_model
[2024-03-20 22:26:15,001] {logging_mixin.py:104} INFO - Running <TaskInstance: ***_exam.train_best_model 2024-03-20T22:25:00+00:00 [running]> on host 3a3d0401ac26
[2024-03-20 22:26:15,106] {taskinstance.py:1302} INFO - Exporting the following env vars:
AIRFLOW_CTX_DAG_OWNER=***
AIRFLOW_CTX_DAG_ID=***_exam
AIRFLOW_CTX_TASK_ID=train_best_model
AIRFLOW_CTX_EXECUTION_DATE=2024-03-20T22:25:00+00:00
AIRFLOW_CTX_DAG_RUN_ID=scheduled__2024-03-20T22:25:00+00:00
[2024-03-20 22:26:15,366] {logging_mixin.py:104} INFO - LinearRegression() saved at  /app/clean_data/best_model.pickle
[2024-03-20 22:26:15,369] {python.py:151} INFO - Done. Returned value was: None
[2024-03-20 22:26:15,400] {taskinstance.py:1211} INFO - Marking task as SUCCESS. dag_id=***_exam, task_id=train_best_model, execution_date=20240320T222500, start_date=20240320T222614, end_date=20240320T222615
[2024-03-20 22:26:15,490] {taskinstance.py:1265} INFO - 0 downstream tasks scheduled from follow-on schedule check
[2024-03-20 22:26:15,545] {local_task_job.py:151} INFO - Task exited with return code 0
