[2024-03-21 20:16:07,750] {taskinstance.py:896} INFO - Dependencies all met for <TaskInstance: airflow_exam.compute_rf_score 2024-03-21T20:15:00+00:00 [queued]>
[2024-03-21 20:16:07,789] {taskinstance.py:896} INFO - Dependencies all met for <TaskInstance: airflow_exam.compute_rf_score 2024-03-21T20:15:00+00:00 [queued]>
[2024-03-21 20:16:07,790] {taskinstance.py:1087} INFO - 
--------------------------------------------------------------------------------
[2024-03-21 20:16:07,790] {taskinstance.py:1088} INFO - Starting attempt 1 of 1
[2024-03-21 20:16:07,790] {taskinstance.py:1089} INFO - 
--------------------------------------------------------------------------------
[2024-03-21 20:16:07,810] {taskinstance.py:1107} INFO - Executing <Task(PythonOperator): compute_rf_score> on 2024-03-21T20:15:00+00:00
[2024-03-21 20:16:07,824] {standard_task_runner.py:52} INFO - Started process 59420 to run task
[2024-03-21 20:16:07,830] {standard_task_runner.py:76} INFO - Running: ['***', 'tasks', 'run', '***_exam', 'compute_rf_score', '2024-03-21T20:15:00+00:00', '--job-id', '10980', '--pool', 'default_pool', '--raw', '--subdir', 'DAGS_FOLDER/DAG.py', '--cfg-path', '/tmp/tmptrph_8g8', '--error-file', '/tmp/tmp1v24hu_j']
[2024-03-21 20:16:07,830] {standard_task_runner.py:77} INFO - Job 10980: Subtask compute_rf_score
[2024-03-21 20:16:07,916] {logging_mixin.py:104} INFO - Running <TaskInstance: ***_exam.compute_rf_score 2024-03-21T20:15:00+00:00 [running]> on host 3a3d0401ac26
[2024-03-21 20:16:08,017] {taskinstance.py:1302} INFO - Exporting the following env vars:
AIRFLOW_CTX_DAG_OWNER=***
AIRFLOW_CTX_DAG_ID=***_exam
AIRFLOW_CTX_TASK_ID=compute_rf_score
AIRFLOW_CTX_EXECUTION_DATE=2024-03-21T20:15:00+00:00
AIRFLOW_CTX_DAG_RUN_ID=scheduled__2024-03-21T20:15:00+00:00
[2024-03-21 20:16:12,332] {python.py:151} INFO - Done. Returned value was: None
[2024-03-21 20:16:12,346] {taskinstance.py:1211} INFO - Marking task as SUCCESS. dag_id=***_exam, task_id=compute_rf_score, execution_date=20240321T201500, start_date=20240321T201607, end_date=20240321T201612
[2024-03-21 20:16:12,385] {taskinstance.py:1265} INFO - 1 downstream tasks scheduled from follow-on schedule check
[2024-03-21 20:16:12,431] {local_task_job.py:151} INFO - Task exited with return code 0
