[2024-03-16 03:41:05,851] {taskinstance.py:896} INFO - Dependencies all met for <TaskInstance: airflow_exam.transform_into_fulldata.csv 2024-03-16T03:40:00+00:00 [queued]>
[2024-03-16 03:41:05,888] {taskinstance.py:896} INFO - Dependencies all met for <TaskInstance: airflow_exam.transform_into_fulldata.csv 2024-03-16T03:40:00+00:00 [queued]>
[2024-03-16 03:41:05,889] {taskinstance.py:1087} INFO - 
--------------------------------------------------------------------------------
[2024-03-16 03:41:05,889] {taskinstance.py:1088} INFO - Starting attempt 1 of 1
[2024-03-16 03:41:05,889] {taskinstance.py:1089} INFO - 
--------------------------------------------------------------------------------
[2024-03-16 03:41:05,908] {taskinstance.py:1107} INFO - Executing <Task(PythonOperator): transform_into_fulldata.csv> on 2024-03-16T03:40:00+00:00
[2024-03-16 03:41:05,920] {standard_task_runner.py:52} INFO - Started process 143032 to run task
[2024-03-16 03:41:05,926] {standard_task_runner.py:76} INFO - Running: ['***', 'tasks', 'run', '***_exam', 'transform_into_fulldata.csv', '2024-03-16T03:40:00+00:00', '--job-id', '6619', '--pool', 'default_pool', '--raw', '--subdir', 'DAGS_FOLDER/DAG.py', '--cfg-path', '/tmp/tmpbbuf9bom', '--error-file', '/tmp/tmpn7p7el2j']
[2024-03-16 03:41:05,927] {standard_task_runner.py:77} INFO - Job 6619: Subtask transform_into_fulldata.csv
[2024-03-16 03:41:05,998] {logging_mixin.py:104} INFO - Running <TaskInstance: ***_exam.transform_into_fulldata.csv 2024-03-16T03:40:00+00:00 [running]> on host 3a3d0401ac26
[2024-03-16 03:41:06,092] {taskinstance.py:1302} INFO - Exporting the following env vars:
AIRFLOW_CTX_DAG_OWNER=***
AIRFLOW_CTX_DAG_ID=***_exam
AIRFLOW_CTX_TASK_ID=transform_into_fulldata.csv
AIRFLOW_CTX_EXECUTION_DATE=2024-03-16T03:40:00+00:00
AIRFLOW_CTX_DAG_RUN_ID=scheduled__2024-03-16T03:40:00+00:00
[2024-03-16 03:41:06,199] {logging_mixin.py:104} INFO - 
[2024-03-16 03:41:06,227] {logging_mixin.py:104} INFO -     temperature        city  pression              date
0       284.04       Paris      1017  2024-03-16 03:41
1       281.48      London      1016  2024-03-16 03:41
2       282.37  Washington      1023  2024-03-16 03:41
3       284.04       Paris      1017  2024-03-16 03:40
4       281.48      London      1016  2024-03-16 03:40
5       282.37  Washington      1023  2024-03-16 03:40
6       284.04       Paris      1017  2024-03-16 03:39
7       281.48      London      1016  2024-03-16 03:39
8       282.37  Washington      1023  2024-03-16 03:39
9       284.04       Paris      1017  2024-03-16 03:38
[2024-03-16 03:41:06,240] {python.py:151} INFO - Done. Returned value was: None
[2024-03-16 03:41:06,257] {taskinstance.py:1211} INFO - Marking task as SUCCESS. dag_id=***_exam, task_id=transform_into_fulldata.csv, execution_date=20240316T034000, start_date=20240316T034105, end_date=20240316T034106
[2024-03-16 03:41:06,303] {taskinstance.py:1265} INFO - 3 downstream tasks scheduled from follow-on schedule check
[2024-03-16 03:41:06,339] {local_task_job.py:151} INFO - Task exited with return code 0
