[2024-03-21 01:47:05,063] {taskinstance.py:896} INFO - Dependencies all met for <TaskInstance: airflow_exam.transform_into_data.csv 2024-03-21T01:46:00+00:00 [queued]>
[2024-03-21 01:47:05,085] {taskinstance.py:896} INFO - Dependencies all met for <TaskInstance: airflow_exam.transform_into_data.csv 2024-03-21T01:46:00+00:00 [queued]>
[2024-03-21 01:47:05,086] {taskinstance.py:1087} INFO - 
--------------------------------------------------------------------------------
[2024-03-21 01:47:05,086] {taskinstance.py:1088} INFO - Starting attempt 1 of 1
[2024-03-21 01:47:05,086] {taskinstance.py:1089} INFO - 
--------------------------------------------------------------------------------
[2024-03-21 01:47:05,109] {taskinstance.py:1107} INFO - Executing <Task(PythonOperator): transform_into_data.csv> on 2024-03-21T01:46:00+00:00
[2024-03-21 01:47:05,122] {standard_task_runner.py:52} INFO - Started process 18572 to run task
[2024-03-21 01:47:05,128] {standard_task_runner.py:76} INFO - Running: ['***', 'tasks', 'run', '***_exam', 'transform_into_data.csv', '2024-03-21T01:46:00+00:00', '--job-id', '8976', '--pool', 'default_pool', '--raw', '--subdir', 'DAGS_FOLDER/DAG.py', '--cfg-path', '/tmp/tmp1oibdvlr', '--error-file', '/tmp/tmpbbv7rc4j']
[2024-03-21 01:47:05,129] {standard_task_runner.py:77} INFO - Job 8976: Subtask transform_into_data.csv
[2024-03-21 01:47:05,197] {logging_mixin.py:104} INFO - Running <TaskInstance: ***_exam.transform_into_data.csv 2024-03-21T01:46:00+00:00 [running]> on host 3a3d0401ac26
[2024-03-21 01:47:05,279] {taskinstance.py:1302} INFO - Exporting the following env vars:
AIRFLOW_CTX_DAG_OWNER=***
AIRFLOW_CTX_DAG_ID=***_exam
AIRFLOW_CTX_TASK_ID=transform_into_data.csv
AIRFLOW_CTX_EXECUTION_DATE=2024-03-21T01:46:00+00:00
AIRFLOW_CTX_DAG_RUN_ID=scheduled__2024-03-21T01:46:00+00:00
[2024-03-21 01:47:05,290] {logging_mixin.py:104} INFO - 
[2024-03-21 01:47:05,317] {logging_mixin.py:104} INFO -     temperature        city  pression              date
0       285.08       Paris      1022  2024-03-21 01:47
1       283.18      London      1023  2024-03-21 01:47
2       285.05  Washington      1008  2024-03-21 01:47
3       285.33       Paris      1021  2024-03-21 01:46
4       283.18      London      1023  2024-03-21 01:46
5       285.05  Washington      1008  2024-03-21 01:46
6       285.33       Paris      1021  2024-03-21 01:45
7       283.18      London      1023  2024-03-21 01:45
8       285.05  Washington      1008  2024-03-21 01:45
9       285.33       Paris      1021  2024-03-21 01:44
[2024-03-21 01:47:05,321] {python.py:151} INFO - Done. Returned value was: None
[2024-03-21 01:47:05,335] {taskinstance.py:1211} INFO - Marking task as SUCCESS. dag_id=***_exam, task_id=transform_into_data.csv, execution_date=20240321T014600, start_date=20240321T014705, end_date=20240321T014705
[2024-03-21 01:47:05,373] {taskinstance.py:1265} INFO - 0 downstream tasks scheduled from follow-on schedule check
[2024-03-21 01:47:05,420] {local_task_job.py:151} INFO - Task exited with return code 0
