[2023-10-06 19:34:04,851] {taskinstance.py:896} INFO - Dependencies all met for <TaskInstance: airflow_exam.transform_into_fulldata.csv 2023-10-06T19:33:00+00:00 [queued]>
[2023-10-06 19:34:04,863] {taskinstance.py:896} INFO - Dependencies all met for <TaskInstance: airflow_exam.transform_into_fulldata.csv 2023-10-06T19:33:00+00:00 [queued]>
[2023-10-06 19:34:04,864] {taskinstance.py:1087} INFO - 
--------------------------------------------------------------------------------
[2023-10-06 19:34:04,864] {taskinstance.py:1088} INFO - Starting attempt 1 of 1
[2023-10-06 19:34:04,864] {taskinstance.py:1089} INFO - 
--------------------------------------------------------------------------------
[2023-10-06 19:34:04,881] {taskinstance.py:1107} INFO - Executing <Task(PythonOperator): transform_into_fulldata.csv> on 2023-10-06T19:33:00+00:00
[2023-10-06 19:34:04,888] {standard_task_runner.py:52} INFO - Started process 6215 to run task
[2023-10-06 19:34:04,891] {standard_task_runner.py:76} INFO - Running: ['***', 'tasks', 'run', '***_exam', 'transform_into_fulldata.csv', '2023-10-06T19:33:00+00:00', '--job-id', '488', '--pool', 'default_pool', '--raw', '--subdir', 'DAGS_FOLDER/DAG.py', '--cfg-path', '/tmp/tmpnaot7ha_', '--error-file', '/tmp/tmpohr6922u']
[2023-10-06 19:34:04,891] {standard_task_runner.py:77} INFO - Job 488: Subtask transform_into_fulldata.csv
[2023-10-06 19:34:04,931] {logging_mixin.py:104} INFO - Running <TaskInstance: ***_exam.transform_into_fulldata.csv 2023-10-06T19:33:00+00:00 [running]> on host 3a3d0401ac26
[2023-10-06 19:34:04,985] {taskinstance.py:1302} INFO - Exporting the following env vars:
AIRFLOW_CTX_DAG_OWNER=***
AIRFLOW_CTX_DAG_ID=***_exam
AIRFLOW_CTX_TASK_ID=transform_into_fulldata.csv
AIRFLOW_CTX_EXECUTION_DATE=2023-10-06T19:33:00+00:00
AIRFLOW_CTX_DAG_RUN_ID=scheduled__2023-10-06T19:33:00+00:00
[2023-10-06 19:34:04,991] {logging_mixin.py:104} INFO - 
[2023-10-06 19:34:05,007] {logging_mixin.py:104} INFO -     temperature        city  pression              date
0       289.04       Paris      1026  2023-10-06 19:34
1       290.35      London      1023  2023-10-06 19:34
2       292.25  Washington      1025  2023-10-06 19:34
3       289.07       Paris      1026  2023-10-06 19:33
4       290.35      London      1023  2023-10-06 19:33
5       292.25  Washington      1025  2023-10-06 19:33
6       289.07       Paris      1026  2023-10-06 19:32
7       290.35      London      1023  2023-10-06 19:32
8       292.25  Washington      1025  2023-10-06 19:32
9       289.07       Paris      1026  2023-10-06 19:31
[2023-10-06 19:34:05,011] {python.py:151} INFO - Done. Returned value was: None
[2023-10-06 19:34:05,022] {taskinstance.py:1211} INFO - Marking task as SUCCESS. dag_id=***_exam, task_id=transform_into_fulldata.csv, execution_date=20231006T193300, start_date=20231006T193404, end_date=20231006T193405
[2023-10-06 19:34:05,054] {taskinstance.py:1265} INFO - 3 downstream tasks scheduled from follow-on schedule check
[2023-10-06 19:34:05,104] {local_task_job.py:151} INFO - Task exited with return code 0
