[2024-03-16 01:42:07,305] {taskinstance.py:896} INFO - Dependencies all met for <TaskInstance: airflow_exam.compute_dt_score 2024-03-16T01:41:00+00:00 [queued]>
[2024-03-16 01:42:07,333] {taskinstance.py:896} INFO - Dependencies all met for <TaskInstance: airflow_exam.compute_dt_score 2024-03-16T01:41:00+00:00 [queued]>
[2024-03-16 01:42:07,333] {taskinstance.py:1087} INFO - 
--------------------------------------------------------------------------------
[2024-03-16 01:42:07,334] {taskinstance.py:1088} INFO - Starting attempt 1 of 1
[2024-03-16 01:42:07,334] {taskinstance.py:1089} INFO - 
--------------------------------------------------------------------------------
[2024-03-16 01:42:07,350] {taskinstance.py:1107} INFO - Executing <Task(PythonOperator): compute_dt_score> on 2024-03-16T01:41:00+00:00
[2024-03-16 01:42:07,361] {standard_task_runner.py:52} INFO - Started process 117538 to run task
[2024-03-16 01:42:07,366] {standard_task_runner.py:76} INFO - Running: ['***', 'tasks', 'run', '***_exam', 'compute_dt_score', '2024-03-16T01:41:00+00:00', '--job-id', '5787', '--pool', 'default_pool', '--raw', '--subdir', 'DAGS_FOLDER/DAG.py', '--cfg-path', '/tmp/tmp30smfv4t', '--error-file', '/tmp/tmp58_zsluz']
[2024-03-16 01:42:07,367] {standard_task_runner.py:77} INFO - Job 5787: Subtask compute_dt_score
[2024-03-16 01:42:07,432] {logging_mixin.py:104} INFO - Running <TaskInstance: ***_exam.compute_dt_score 2024-03-16T01:41:00+00:00 [running]> on host 3a3d0401ac26
[2024-03-16 01:42:07,517] {taskinstance.py:1302} INFO - Exporting the following env vars:
AIRFLOW_CTX_DAG_OWNER=***
AIRFLOW_CTX_DAG_ID=***_exam
AIRFLOW_CTX_TASK_ID=compute_dt_score
AIRFLOW_CTX_EXECUTION_DATE=2024-03-16T01:41:00+00:00
AIRFLOW_CTX_DAG_RUN_ID=scheduled__2024-03-16T01:41:00+00:00
[2024-03-16 01:42:07,747] {python.py:151} INFO - Done. Returned value was: None
[2024-03-16 01:42:07,763] {taskinstance.py:1211} INFO - Marking task as SUCCESS. dag_id=***_exam, task_id=compute_dt_score, execution_date=20240316T014100, start_date=20240316T014207, end_date=20240316T014207
[2024-03-16 01:42:07,814] {taskinstance.py:1265} INFO - 0 downstream tasks scheduled from follow-on schedule check
[2024-03-16 01:42:07,859] {local_task_job.py:151} INFO - Task exited with return code 0
