[2024-03-21 15:50:05,230] {taskinstance.py:896} INFO - Dependencies all met for <TaskInstance: airflow_exam.transform_into_fulldata.csv 2024-03-21T15:49:00+00:00 [queued]>
[2024-03-21 15:50:05,257] {taskinstance.py:896} INFO - Dependencies all met for <TaskInstance: airflow_exam.transform_into_fulldata.csv 2024-03-21T15:49:00+00:00 [queued]>
[2024-03-21 15:50:05,257] {taskinstance.py:1087} INFO - 
--------------------------------------------------------------------------------
[2024-03-21 15:50:05,257] {taskinstance.py:1088} INFO - Starting attempt 1 of 1
[2024-03-21 15:50:05,257] {taskinstance.py:1089} INFO - 
--------------------------------------------------------------------------------
[2024-03-21 15:50:05,272] {taskinstance.py:1107} INFO - Executing <Task(PythonOperator): transform_into_fulldata.csv> on 2024-03-21T15:49:00+00:00
[2024-03-21 15:50:05,281] {standard_task_runner.py:52} INFO - Started process 1913 to run task
[2024-03-21 15:50:05,285] {standard_task_runner.py:76} INFO - Running: ['***', 'tasks', 'run', '***_exam', 'transform_into_fulldata.csv', '2024-03-21T15:49:00+00:00', '--job-id', '9115', '--pool', 'default_pool', '--raw', '--subdir', 'DAGS_FOLDER/DAG.py', '--cfg-path', '/tmp/tmpg0qpu2n2', '--error-file', '/tmp/tmppmqxvbp5']
[2024-03-21 15:50:05,286] {standard_task_runner.py:77} INFO - Job 9115: Subtask transform_into_fulldata.csv
[2024-03-21 15:50:05,353] {logging_mixin.py:104} INFO - Running <TaskInstance: ***_exam.transform_into_fulldata.csv 2024-03-21T15:49:00+00:00 [running]> on host 3a3d0401ac26
[2024-03-21 15:50:05,444] {taskinstance.py:1302} INFO - Exporting the following env vars:
AIRFLOW_CTX_DAG_OWNER=***
AIRFLOW_CTX_DAG_ID=***_exam
AIRFLOW_CTX_TASK_ID=transform_into_fulldata.csv
AIRFLOW_CTX_EXECUTION_DATE=2024-03-21T15:49:00+00:00
AIRFLOW_CTX_DAG_RUN_ID=scheduled__2024-03-21T15:49:00+00:00
[2024-03-21 15:50:05,564] {logging_mixin.py:104} INFO - 
[2024-03-21 15:50:05,597] {logging_mixin.py:104} INFO -     temperature        city  pression              date
0       292.91       Paris      1026  2024-03-21 15:50
1       289.66      London      1023  2024-03-21 15:50
2       280.27  Washington      1015  2024-03-21 15:50
3       292.91       Paris      1026  2024-03-21 15:49
4       289.66      London      1023  2024-03-21 15:49
5       280.27  Washington      1015  2024-03-21 15:49
6       292.95       Paris      1025  2024-03-21 15:48
7       289.57      London      1023  2024-03-21 15:48
8       280.19  Washington      1015  2024-03-21 15:48
9       292.95       Paris      1025  2024-03-21 15:47
[2024-03-21 15:50:05,618] {python.py:151} INFO - Done. Returned value was: None
[2024-03-21 15:50:05,635] {taskinstance.py:1211} INFO - Marking task as SUCCESS. dag_id=***_exam, task_id=transform_into_fulldata.csv, execution_date=20240321T154900, start_date=20240321T155005, end_date=20240321T155005
[2024-03-21 15:50:05,686] {taskinstance.py:1265} INFO - 3 downstream tasks scheduled from follow-on schedule check
[2024-03-21 15:50:05,738] {local_task_job.py:151} INFO - Task exited with return code 0
