[2024-03-21 17:41:04,952] {taskinstance.py:896} INFO - Dependencies all met for <TaskInstance: airflow_exam.transform_into_data.csv 2024-03-21T17:40:00+00:00 [queued]>
[2024-03-21 17:41:04,978] {taskinstance.py:896} INFO - Dependencies all met for <TaskInstance: airflow_exam.transform_into_data.csv 2024-03-21T17:40:00+00:00 [queued]>
[2024-03-21 17:41:04,978] {taskinstance.py:1087} INFO - 
--------------------------------------------------------------------------------
[2024-03-21 17:41:04,978] {taskinstance.py:1088} INFO - Starting attempt 1 of 1
[2024-03-21 17:41:04,978] {taskinstance.py:1089} INFO - 
--------------------------------------------------------------------------------
[2024-03-21 17:41:04,992] {taskinstance.py:1107} INFO - Executing <Task(PythonOperator): transform_into_data.csv> on 2024-03-21T17:40:00+00:00
[2024-03-21 17:41:05,001] {standard_task_runner.py:52} INFO - Started process 25908 to run task
[2024-03-21 17:41:05,005] {standard_task_runner.py:76} INFO - Running: ['***', 'tasks', 'run', '***_exam', 'transform_into_data.csv', '2024-03-21T17:40:00+00:00', '--job-id', '9891', '--pool', 'default_pool', '--raw', '--subdir', 'DAGS_FOLDER/DAG.py', '--cfg-path', '/tmp/tmpnimnwtp5', '--error-file', '/tmp/tmpt39u44e0']
[2024-03-21 17:41:05,006] {standard_task_runner.py:77} INFO - Job 9891: Subtask transform_into_data.csv
[2024-03-21 17:41:05,068] {logging_mixin.py:104} INFO - Running <TaskInstance: ***_exam.transform_into_data.csv 2024-03-21T17:40:00+00:00 [running]> on host 3a3d0401ac26
[2024-03-21 17:41:05,148] {taskinstance.py:1302} INFO - Exporting the following env vars:
AIRFLOW_CTX_DAG_OWNER=***
AIRFLOW_CTX_DAG_ID=***_exam
AIRFLOW_CTX_TASK_ID=transform_into_data.csv
AIRFLOW_CTX_EXECUTION_DATE=2024-03-21T17:40:00+00:00
AIRFLOW_CTX_DAG_RUN_ID=scheduled__2024-03-21T17:40:00+00:00
[2024-03-21 17:41:05,156] {logging_mixin.py:104} INFO - 
[2024-03-21 17:41:05,181] {logging_mixin.py:104} INFO -     temperature        city  pression              date
0       291.43       Paris      1025  2024-03-21 17:41
1       288.42      London      1022  2024-03-21 17:41
2       283.51  Washington      1014  2024-03-21 17:41
3       291.43       Paris      1025  2024-03-21 17:40
4       288.42      London      1022  2024-03-21 17:40
5       283.51  Washington      1014  2024-03-21 17:40
6       291.43       Paris      1025  2024-03-21 17:39
7       288.54      London      1022  2024-03-21 17:39
8       283.51  Washington      1014  2024-03-21 17:39
9       291.43       Paris      1025  2024-03-21 17:38
[2024-03-21 17:41:05,186] {python.py:151} INFO - Done. Returned value was: None
[2024-03-21 17:41:05,202] {taskinstance.py:1211} INFO - Marking task as SUCCESS. dag_id=***_exam, task_id=transform_into_data.csv, execution_date=20240321T174000, start_date=20240321T174104, end_date=20240321T174105
[2024-03-21 17:41:05,242] {taskinstance.py:1265} INFO - 0 downstream tasks scheduled from follow-on schedule check
[2024-03-21 17:41:05,257] {local_task_job.py:151} INFO - Task exited with return code 0
