[2024-03-21 17:58:05,830] {taskinstance.py:896} INFO - Dependencies all met for <TaskInstance: airflow_exam.transform_into_fulldata.csv 2024-03-21T17:57:00+00:00 [queued]>
[2024-03-21 17:58:05,852] {taskinstance.py:896} INFO - Dependencies all met for <TaskInstance: airflow_exam.transform_into_fulldata.csv 2024-03-21T17:57:00+00:00 [queued]>
[2024-03-21 17:58:05,852] {taskinstance.py:1087} INFO - 
--------------------------------------------------------------------------------
[2024-03-21 17:58:05,852] {taskinstance.py:1088} INFO - Starting attempt 1 of 1
[2024-03-21 17:58:05,853] {taskinstance.py:1089} INFO - 
--------------------------------------------------------------------------------
[2024-03-21 17:58:05,865] {taskinstance.py:1107} INFO - Executing <Task(PythonOperator): transform_into_fulldata.csv> on 2024-03-21T17:57:00+00:00
[2024-03-21 17:58:05,873] {standard_task_runner.py:52} INFO - Started process 29582 to run task
[2024-03-21 17:58:05,876] {standard_task_runner.py:76} INFO - Running: ['***', 'tasks', 'run', '***_exam', 'transform_into_fulldata.csv', '2024-03-21T17:57:00+00:00', '--job-id', '10011', '--pool', 'default_pool', '--raw', '--subdir', 'DAGS_FOLDER/DAG.py', '--cfg-path', '/tmp/tmpi4nye_9k', '--error-file', '/tmp/tmpu0dttp6c']
[2024-03-21 17:58:05,877] {standard_task_runner.py:77} INFO - Job 10011: Subtask transform_into_fulldata.csv
[2024-03-21 17:58:05,929] {logging_mixin.py:104} INFO - Running <TaskInstance: ***_exam.transform_into_fulldata.csv 2024-03-21T17:57:00+00:00 [running]> on host 3a3d0401ac26
[2024-03-21 17:58:05,996] {taskinstance.py:1302} INFO - Exporting the following env vars:
AIRFLOW_CTX_DAG_OWNER=***
AIRFLOW_CTX_DAG_ID=***_exam
AIRFLOW_CTX_TASK_ID=transform_into_fulldata.csv
AIRFLOW_CTX_EXECUTION_DATE=2024-03-21T17:57:00+00:00
AIRFLOW_CTX_DAG_RUN_ID=scheduled__2024-03-21T17:57:00+00:00
[2024-03-21 17:58:06,144] {logging_mixin.py:104} INFO - 
[2024-03-21 17:58:06,166] {logging_mixin.py:104} INFO -     temperature        city  pression              date
0       290.85       Paris      1025  2024-03-21 17:58
1       288.22      London      1022  2024-03-21 17:58
2       284.21  Washington      1014  2024-03-21 17:58
3       290.85       Paris      1025  2024-03-21 17:57
4       288.22      London      1022  2024-03-21 17:57
5       284.21  Washington      1014  2024-03-21 17:57
6       290.85       Paris      1025  2024-03-21 17:56
7       288.22      London      1022  2024-03-21 17:56
8       284.21  Washington      1014  2024-03-21 17:56
9       290.85       Paris      1025  2024-03-21 17:55
[2024-03-21 17:58:06,181] {python.py:151} INFO - Done. Returned value was: None
[2024-03-21 17:58:06,193] {taskinstance.py:1211} INFO - Marking task as SUCCESS. dag_id=***_exam, task_id=transform_into_fulldata.csv, execution_date=20240321T175700, start_date=20240321T175805, end_date=20240321T175806
[2024-03-21 17:58:06,232] {taskinstance.py:1265} INFO - 3 downstream tasks scheduled from follow-on schedule check
[2024-03-21 17:58:06,250] {local_task_job.py:151} INFO - Task exited with return code 0
