[2024-03-15 23:15:07,642] {taskinstance.py:896} INFO - Dependencies all met for <TaskInstance: airflow_exam.compute_rf_score 2024-03-15T23:14:00+00:00 [queued]>
[2024-03-15 23:15:07,667] {taskinstance.py:896} INFO - Dependencies all met for <TaskInstance: airflow_exam.compute_rf_score 2024-03-15T23:14:00+00:00 [queued]>
[2024-03-15 23:15:07,667] {taskinstance.py:1087} INFO - 
--------------------------------------------------------------------------------
[2024-03-15 23:15:07,668] {taskinstance.py:1088} INFO - Starting attempt 1 of 1
[2024-03-15 23:15:07,668] {taskinstance.py:1089} INFO - 
--------------------------------------------------------------------------------
[2024-03-15 23:15:07,680] {taskinstance.py:1107} INFO - Executing <Task(PythonOperator): compute_rf_score> on 2024-03-15T23:14:00+00:00
[2024-03-15 23:15:07,689] {standard_task_runner.py:52} INFO - Started process 86890 to run task
[2024-03-15 23:15:07,693] {standard_task_runner.py:76} INFO - Running: ['***', 'tasks', 'run', '***_exam', 'compute_rf_score', '2024-03-15T23:14:00+00:00', '--job-id', '4767', '--pool', 'default_pool', '--raw', '--subdir', 'DAGS_FOLDER/DAG.py', '--cfg-path', '/tmp/tmpyv0sicup', '--error-file', '/tmp/tmpa0r_56ov']
[2024-03-15 23:15:07,693] {standard_task_runner.py:77} INFO - Job 4767: Subtask compute_rf_score
[2024-03-15 23:15:07,749] {logging_mixin.py:104} INFO - Running <TaskInstance: ***_exam.compute_rf_score 2024-03-15T23:14:00+00:00 [running]> on host 3a3d0401ac26
[2024-03-15 23:15:07,837] {taskinstance.py:1302} INFO - Exporting the following env vars:
AIRFLOW_CTX_DAG_OWNER=***
AIRFLOW_CTX_DAG_ID=***_exam
AIRFLOW_CTX_TASK_ID=compute_rf_score
AIRFLOW_CTX_EXECUTION_DATE=2024-03-15T23:14:00+00:00
AIRFLOW_CTX_DAG_RUN_ID=scheduled__2024-03-15T23:14:00+00:00
[2024-03-15 23:15:09,997] {python.py:151} INFO - Done. Returned value was: None
[2024-03-15 23:15:10,017] {taskinstance.py:1211} INFO - Marking task as SUCCESS. dag_id=***_exam, task_id=compute_rf_score, execution_date=20240315T231400, start_date=20240315T231507, end_date=20240315T231510
[2024-03-15 23:15:10,085] {taskinstance.py:1265} INFO - 1 downstream tasks scheduled from follow-on schedule check
[2024-03-15 23:15:10,119] {local_task_job.py:151} INFO - Task exited with return code 0
