[2024-03-16 02:33:05,524] {taskinstance.py:896} INFO - Dependencies all met for <TaskInstance: airflow_exam.transform_into_fulldata.csv 2024-03-16T02:32:00+00:00 [queued]>
[2024-03-16 02:33:05,558] {taskinstance.py:896} INFO - Dependencies all met for <TaskInstance: airflow_exam.transform_into_fulldata.csv 2024-03-16T02:32:00+00:00 [queued]>
[2024-03-16 02:33:05,559] {taskinstance.py:1087} INFO - 
--------------------------------------------------------------------------------
[2024-03-16 02:33:05,559] {taskinstance.py:1088} INFO - Starting attempt 1 of 1
[2024-03-16 02:33:05,559] {taskinstance.py:1089} INFO - 
--------------------------------------------------------------------------------
[2024-03-16 02:33:05,578] {taskinstance.py:1107} INFO - Executing <Task(PythonOperator): transform_into_fulldata.csv> on 2024-03-16T02:32:00+00:00
[2024-03-16 02:33:05,590] {standard_task_runner.py:52} INFO - Started process 128496 to run task
[2024-03-16 02:33:05,596] {standard_task_runner.py:76} INFO - Running: ['***', 'tasks', 'run', '***_exam', 'transform_into_fulldata.csv', '2024-03-16T02:32:00+00:00', '--job-id', '6142', '--pool', 'default_pool', '--raw', '--subdir', 'DAGS_FOLDER/DAG.py', '--cfg-path', '/tmp/tmp8ldcvn2z', '--error-file', '/tmp/tmpfv0zsoed']
[2024-03-16 02:33:05,597] {standard_task_runner.py:77} INFO - Job 6142: Subtask transform_into_fulldata.csv
[2024-03-16 02:33:05,670] {logging_mixin.py:104} INFO - Running <TaskInstance: ***_exam.transform_into_fulldata.csv 2024-03-16T02:32:00+00:00 [running]> on host 3a3d0401ac26
[2024-03-16 02:33:05,772] {taskinstance.py:1302} INFO - Exporting the following env vars:
AIRFLOW_CTX_DAG_OWNER=***
AIRFLOW_CTX_DAG_ID=***_exam
AIRFLOW_CTX_TASK_ID=transform_into_fulldata.csv
AIRFLOW_CTX_EXECUTION_DATE=2024-03-16T02:32:00+00:00
AIRFLOW_CTX_DAG_RUN_ID=scheduled__2024-03-16T02:32:00+00:00
[2024-03-16 02:33:05,869] {logging_mixin.py:104} INFO - 
[2024-03-16 02:33:05,903] {logging_mixin.py:104} INFO -     temperature        city  pression              date
0       284.22       Paris      1017  2024-03-16 02:33
1       281.28      London      1015  2024-03-16 02:33
2       283.95  Washington      1022  2024-03-16 02:33
3       284.22       Paris      1017  2024-03-16 02:32
4       281.28      London      1015  2024-03-16 02:32
5       283.95  Washington      1022  2024-03-16 02:32
6       284.22       Paris      1017  2024-03-16 02:31
7       281.31      London      1015  2024-03-16 02:31
8       283.95  Washington      1022  2024-03-16 02:31
9       284.22       Paris      1017  2024-03-16 02:30
[2024-03-16 02:33:05,920] {python.py:151} INFO - Done. Returned value was: None
[2024-03-16 02:33:05,942] {taskinstance.py:1211} INFO - Marking task as SUCCESS. dag_id=***_exam, task_id=transform_into_fulldata.csv, execution_date=20240316T023200, start_date=20240316T023305, end_date=20240316T023305
[2024-03-16 02:33:06,047] {taskinstance.py:1265} INFO - 3 downstream tasks scheduled from follow-on schedule check
[2024-03-16 02:33:06,088] {local_task_job.py:151} INFO - Task exited with return code 0
