[2024-03-20 22:59:04,694] {taskinstance.py:896} INFO - Dependencies all met for <TaskInstance: airflow_exam.transform_into_fulldata.csv 2024-03-20T22:58:00+00:00 [queued]>
[2024-03-20 22:59:04,710] {taskinstance.py:896} INFO - Dependencies all met for <TaskInstance: airflow_exam.transform_into_fulldata.csv 2024-03-20T22:58:00+00:00 [queued]>
[2024-03-20 22:59:04,710] {taskinstance.py:1087} INFO - 
--------------------------------------------------------------------------------
[2024-03-20 22:59:04,710] {taskinstance.py:1088} INFO - Starting attempt 1 of 1
[2024-03-20 22:59:04,710] {taskinstance.py:1089} INFO - 
--------------------------------------------------------------------------------
[2024-03-20 22:59:04,730] {taskinstance.py:1107} INFO - Executing <Task(PythonOperator): transform_into_fulldata.csv> on 2024-03-20T22:58:00+00:00
[2024-03-20 22:59:04,740] {standard_task_runner.py:52} INFO - Started process 31154 to run task
[2024-03-20 22:59:04,746] {standard_task_runner.py:76} INFO - Running: ['***', 'tasks', 'run', '***_exam', 'transform_into_fulldata.csv', '2024-03-20T22:58:00+00:00', '--job-id', '7856', '--pool', 'default_pool', '--raw', '--subdir', 'DAGS_FOLDER/DAG.py', '--cfg-path', '/tmp/tmp7u1_6rol', '--error-file', '/tmp/tmpvseoxa2_']
[2024-03-20 22:59:04,747] {standard_task_runner.py:77} INFO - Job 7856: Subtask transform_into_fulldata.csv
[2024-03-20 22:59:04,863] {logging_mixin.py:104} INFO - Running <TaskInstance: ***_exam.transform_into_fulldata.csv 2024-03-20T22:58:00+00:00 [running]> on host 3a3d0401ac26
[2024-03-20 22:59:04,960] {taskinstance.py:1302} INFO - Exporting the following env vars:
AIRFLOW_CTX_DAG_OWNER=***
AIRFLOW_CTX_DAG_ID=***_exam
AIRFLOW_CTX_TASK_ID=transform_into_fulldata.csv
AIRFLOW_CTX_EXECUTION_DATE=2024-03-20T22:58:00+00:00
AIRFLOW_CTX_DAG_RUN_ID=scheduled__2024-03-20T22:58:00+00:00
[2024-03-20 22:59:05,089] {logging_mixin.py:104} INFO - 
[2024-03-20 22:59:05,111] {logging_mixin.py:104} INFO -     temperature        city  pression              date
0       286.59       Paris      1020  2024-03-20 22:59
1       285.22      London      1022  2024-03-20 22:59
2       290.90  Washington      1007  2024-03-20 22:59
3       286.59       Paris      1020  2024-03-20 22:58
4       285.22      London      1022  2024-03-20 22:58
5       290.90  Washington      1007  2024-03-20 22:58
6       286.59       Paris      1020  2024-03-20 22:57
7       285.22      London      1022  2024-03-20 22:57
8       290.90  Washington      1007  2024-03-20 22:57
9       286.59       Paris      1020  2024-03-20 22:56
[2024-03-20 22:59:05,130] {python.py:151} INFO - Done. Returned value was: None
[2024-03-20 22:59:05,145] {taskinstance.py:1211} INFO - Marking task as SUCCESS. dag_id=***_exam, task_id=transform_into_fulldata.csv, execution_date=20240320T225800, start_date=20240320T225904, end_date=20240320T225905
[2024-03-20 22:59:05,195] {taskinstance.py:1265} INFO - 3 downstream tasks scheduled from follow-on schedule check
[2024-03-20 22:59:05,242] {local_task_job.py:151} INFO - Task exited with return code 0
