[2024-03-16 02:50:04,428] {taskinstance.py:896} INFO - Dependencies all met for <TaskInstance: airflow_exam.transform_into_data.csv 2024-03-16T02:49:00+00:00 [queued]>
[2024-03-16 02:50:04,457] {taskinstance.py:896} INFO - Dependencies all met for <TaskInstance: airflow_exam.transform_into_data.csv 2024-03-16T02:49:00+00:00 [queued]>
[2024-03-16 02:50:04,457] {taskinstance.py:1087} INFO - 
--------------------------------------------------------------------------------
[2024-03-16 02:50:04,457] {taskinstance.py:1088} INFO - Starting attempt 1 of 1
[2024-03-16 02:50:04,457] {taskinstance.py:1089} INFO - 
--------------------------------------------------------------------------------
[2024-03-16 02:50:04,473] {taskinstance.py:1107} INFO - Executing <Task(PythonOperator): transform_into_data.csv> on 2024-03-16T02:49:00+00:00
[2024-03-16 02:50:04,484] {standard_task_runner.py:52} INFO - Started process 132141 to run task
[2024-03-16 02:50:04,490] {standard_task_runner.py:76} INFO - Running: ['***', 'tasks', 'run', '***_exam', 'transform_into_data.csv', '2024-03-16T02:49:00+00:00', '--job-id', '6261', '--pool', 'default_pool', '--raw', '--subdir', 'DAGS_FOLDER/DAG.py', '--cfg-path', '/tmp/tmpb29gl1nq', '--error-file', '/tmp/tmp6p43vma_']
[2024-03-16 02:50:04,490] {standard_task_runner.py:77} INFO - Job 6261: Subtask transform_into_data.csv
[2024-03-16 02:50:04,564] {logging_mixin.py:104} INFO - Running <TaskInstance: ***_exam.transform_into_data.csv 2024-03-16T02:49:00+00:00 [running]> on host 3a3d0401ac26
[2024-03-16 02:50:04,684] {taskinstance.py:1302} INFO - Exporting the following env vars:
AIRFLOW_CTX_DAG_OWNER=***
AIRFLOW_CTX_DAG_ID=***_exam
AIRFLOW_CTX_TASK_ID=transform_into_data.csv
AIRFLOW_CTX_EXECUTION_DATE=2024-03-16T02:49:00+00:00
AIRFLOW_CTX_DAG_RUN_ID=scheduled__2024-03-16T02:49:00+00:00
[2024-03-16 02:50:04,704] {logging_mixin.py:104} INFO - 
[2024-03-16 02:50:04,749] {logging_mixin.py:104} INFO -     temperature        city  pression              date
0       284.22       Paris      1017  2024-03-16 02:50
1       281.32      London      1015  2024-03-16 02:50
2       280.63  Washington      1023  2024-03-16 02:50
3       284.22       Paris      1017  2024-03-16 02:49
4       281.31      London      1015  2024-03-16 02:49
5       282.52  Washington      1023  2024-03-16 02:49
6       284.22       Paris      1017  2024-03-16 02:48
7       281.31      London      1015  2024-03-16 02:48
8       282.52  Washington      1023  2024-03-16 02:48
9       284.22       Paris      1017  2024-03-16 02:47
[2024-03-16 02:50:04,759] {python.py:151} INFO - Done. Returned value was: None
[2024-03-16 02:50:04,780] {taskinstance.py:1211} INFO - Marking task as SUCCESS. dag_id=***_exam, task_id=transform_into_data.csv, execution_date=20240316T024900, start_date=20240316T025004, end_date=20240316T025004
[2024-03-16 02:50:04,837] {taskinstance.py:1265} INFO - 0 downstream tasks scheduled from follow-on schedule check
[2024-03-16 02:50:04,864] {local_task_job.py:151} INFO - Task exited with return code 0
