[2024-03-16 03:32:05,221] {taskinstance.py:896} INFO - Dependencies all met for <TaskInstance: airflow_exam.transform_into_data.csv 2024-03-16T03:31:00+00:00 [queued]>
[2024-03-16 03:32:05,248] {taskinstance.py:896} INFO - Dependencies all met for <TaskInstance: airflow_exam.transform_into_data.csv 2024-03-16T03:31:00+00:00 [queued]>
[2024-03-16 03:32:05,248] {taskinstance.py:1087} INFO - 
--------------------------------------------------------------------------------
[2024-03-16 03:32:05,248] {taskinstance.py:1088} INFO - Starting attempt 1 of 1
[2024-03-16 03:32:05,248] {taskinstance.py:1089} INFO - 
--------------------------------------------------------------------------------
[2024-03-16 03:32:05,263] {taskinstance.py:1107} INFO - Executing <Task(PythonOperator): transform_into_data.csv> on 2024-03-16T03:31:00+00:00
[2024-03-16 03:32:05,276] {standard_task_runner.py:52} INFO - Started process 141087 to run task
[2024-03-16 03:32:05,281] {standard_task_runner.py:76} INFO - Running: ['***', 'tasks', 'run', '***_exam', 'transform_into_data.csv', '2024-03-16T03:31:00+00:00', '--job-id', '6556', '--pool', 'default_pool', '--raw', '--subdir', 'DAGS_FOLDER/DAG.py', '--cfg-path', '/tmp/tmp8ciwr3fq', '--error-file', '/tmp/tmpn7yqxeue']
[2024-03-16 03:32:05,281] {standard_task_runner.py:77} INFO - Job 6556: Subtask transform_into_data.csv
[2024-03-16 03:32:05,344] {logging_mixin.py:104} INFO - Running <TaskInstance: ***_exam.transform_into_data.csv 2024-03-16T03:31:00+00:00 [running]> on host 3a3d0401ac26
[2024-03-16 03:32:05,429] {taskinstance.py:1302} INFO - Exporting the following env vars:
AIRFLOW_CTX_DAG_OWNER=***
AIRFLOW_CTX_DAG_ID=***_exam
AIRFLOW_CTX_TASK_ID=transform_into_data.csv
AIRFLOW_CTX_EXECUTION_DATE=2024-03-16T03:31:00+00:00
AIRFLOW_CTX_DAG_RUN_ID=scheduled__2024-03-16T03:31:00+00:00
[2024-03-16 03:32:05,437] {logging_mixin.py:104} INFO - 
[2024-03-16 03:32:05,465] {logging_mixin.py:104} INFO -     temperature        city  pression              date
0       284.04       Paris      1017  2024-03-16 03:32
1       281.53      London      1016  2024-03-16 03:32
2       282.42  Washington      1023  2024-03-16 03:32
3       284.04       Paris      1017  2024-03-16 03:31
4       281.50      London      1015  2024-03-16 03:31
5       282.42  Washington      1023  2024-03-16 03:31
6       284.04       Paris      1017  2024-03-16 03:30
7       281.50      London      1015  2024-03-16 03:30
8       282.42  Washington      1023  2024-03-16 03:30
9       284.04       Paris      1017  2024-03-16 03:29
[2024-03-16 03:32:05,471] {python.py:151} INFO - Done. Returned value was: None
[2024-03-16 03:32:05,485] {taskinstance.py:1211} INFO - Marking task as SUCCESS. dag_id=***_exam, task_id=transform_into_data.csv, execution_date=20240316T033100, start_date=20240316T033205, end_date=20240316T033205
[2024-03-16 03:32:05,527] {taskinstance.py:1265} INFO - 0 downstream tasks scheduled from follow-on schedule check
[2024-03-16 03:32:05,574] {local_task_job.py:151} INFO - Task exited with return code 0
