[2024-03-15 22:58:05,437] {taskinstance.py:896} INFO - Dependencies all met for <TaskInstance: airflow_exam.transform_into_data.csv 2024-03-15T22:57:00+00:00 [queued]>
[2024-03-15 22:58:05,461] {taskinstance.py:896} INFO - Dependencies all met for <TaskInstance: airflow_exam.transform_into_data.csv 2024-03-15T22:57:00+00:00 [queued]>
[2024-03-15 22:58:05,461] {taskinstance.py:1087} INFO - 
--------------------------------------------------------------------------------
[2024-03-15 22:58:05,461] {taskinstance.py:1088} INFO - Starting attempt 1 of 1
[2024-03-15 22:58:05,461] {taskinstance.py:1089} INFO - 
--------------------------------------------------------------------------------
[2024-03-15 22:58:05,475] {taskinstance.py:1107} INFO - Executing <Task(PythonOperator): transform_into_data.csv> on 2024-03-15T22:57:00+00:00
[2024-03-15 22:58:05,484] {standard_task_runner.py:52} INFO - Started process 83384 to run task
[2024-03-15 22:58:05,487] {standard_task_runner.py:76} INFO - Running: ['***', 'tasks', 'run', '***_exam', 'transform_into_data.csv', '2024-03-15T22:57:00+00:00', '--job-id', '4644', '--pool', 'default_pool', '--raw', '--subdir', 'DAGS_FOLDER/DAG.py', '--cfg-path', '/tmp/tmpx4dp255f', '--error-file', '/tmp/tmpynxjnbk6']
[2024-03-15 22:58:05,487] {standard_task_runner.py:77} INFO - Job 4644: Subtask transform_into_data.csv
[2024-03-15 22:58:05,538] {logging_mixin.py:104} INFO - Running <TaskInstance: ***_exam.transform_into_data.csv 2024-03-15T22:57:00+00:00 [running]> on host 3a3d0401ac26
[2024-03-15 22:58:05,609] {taskinstance.py:1302} INFO - Exporting the following env vars:
AIRFLOW_CTX_DAG_OWNER=***
AIRFLOW_CTX_DAG_ID=***_exam
AIRFLOW_CTX_TASK_ID=transform_into_data.csv
AIRFLOW_CTX_EXECUTION_DATE=2024-03-15T22:57:00+00:00
AIRFLOW_CTX_DAG_RUN_ID=scheduled__2024-03-15T22:57:00+00:00
[2024-03-15 22:58:05,615] {logging_mixin.py:104} INFO - 
[2024-03-15 22:58:05,642] {logging_mixin.py:104} INFO -     temperature        city  pression              date
0       285.38       Paris      1015  2024-03-15 22:58
1       282.48      London      1012  2024-03-15 22:58
2       289.50  Washington      1022  2024-03-15 22:58
3       285.38       Paris      1015  2024-03-15 22:57
4       282.48      London      1012  2024-03-15 22:57
5       289.50  Washington      1022  2024-03-15 22:57
6       285.48       Paris      1014  2024-03-15 22:56
7       282.48      London      1012  2024-03-15 22:56
8       289.50  Washington      1022  2024-03-15 22:56
9       285.48       Paris      1014  2024-03-15 22:55
[2024-03-15 22:58:05,646] {python.py:151} INFO - Done. Returned value was: None
[2024-03-15 22:58:05,660] {taskinstance.py:1211} INFO - Marking task as SUCCESS. dag_id=***_exam, task_id=transform_into_data.csv, execution_date=20240315T225700, start_date=20240315T225805, end_date=20240315T225805
[2024-03-15 22:58:05,694] {taskinstance.py:1265} INFO - 0 downstream tasks scheduled from follow-on schedule check
[2024-03-15 22:58:05,740] {local_task_job.py:151} INFO - Task exited with return code 0
