[2024-03-16 03:19:04,412] {taskinstance.py:896} INFO - Dependencies all met for <TaskInstance: airflow_exam.transform_into_data.csv 2024-03-16T03:18:00+00:00 [queued]>
[2024-03-16 03:19:04,438] {taskinstance.py:896} INFO - Dependencies all met for <TaskInstance: airflow_exam.transform_into_data.csv 2024-03-16T03:18:00+00:00 [queued]>
[2024-03-16 03:19:04,438] {taskinstance.py:1087} INFO - 
--------------------------------------------------------------------------------
[2024-03-16 03:19:04,438] {taskinstance.py:1088} INFO - Starting attempt 1 of 1
[2024-03-16 03:19:04,438] {taskinstance.py:1089} INFO - 
--------------------------------------------------------------------------------
[2024-03-16 03:19:04,455] {taskinstance.py:1107} INFO - Executing <Task(PythonOperator): transform_into_data.csv> on 2024-03-16T03:18:00+00:00
[2024-03-16 03:19:04,464] {standard_task_runner.py:52} INFO - Started process 138318 to run task
[2024-03-16 03:19:04,469] {standard_task_runner.py:76} INFO - Running: ['***', 'tasks', 'run', '***_exam', 'transform_into_data.csv', '2024-03-16T03:18:00+00:00', '--job-id', '6465', '--pool', 'default_pool', '--raw', '--subdir', 'DAGS_FOLDER/DAG.py', '--cfg-path', '/tmp/tmpavhla99i', '--error-file', '/tmp/tmpnc6rq4nd']
[2024-03-16 03:19:04,470] {standard_task_runner.py:77} INFO - Job 6465: Subtask transform_into_data.csv
[2024-03-16 03:19:04,529] {logging_mixin.py:104} INFO - Running <TaskInstance: ***_exam.transform_into_data.csv 2024-03-16T03:18:00+00:00 [running]> on host 3a3d0401ac26
[2024-03-16 03:19:04,605] {taskinstance.py:1302} INFO - Exporting the following env vars:
AIRFLOW_CTX_DAG_OWNER=***
AIRFLOW_CTX_DAG_ID=***_exam
AIRFLOW_CTX_TASK_ID=transform_into_data.csv
AIRFLOW_CTX_EXECUTION_DATE=2024-03-16T03:18:00+00:00
AIRFLOW_CTX_DAG_RUN_ID=scheduled__2024-03-16T03:18:00+00:00
[2024-03-16 03:19:04,614] {logging_mixin.py:104} INFO - 
[2024-03-16 03:19:04,645] {logging_mixin.py:104} INFO -     temperature        city  pression              date
0       284.04       Paris      1017  2024-03-16 03:19
1       281.51      London      1015  2024-03-16 03:19
2       282.51  Washington      1023  2024-03-16 03:19
3       284.04       Paris      1017  2024-03-16 03:18
4       281.50      London      1015  2024-03-16 03:18
5       282.61  Washington      1023  2024-03-16 03:18
6       284.04       Paris      1017  2024-03-16 03:17
7       281.50      London      1015  2024-03-16 03:17
8       282.61  Washington      1023  2024-03-16 03:17
9       284.04       Paris      1017  2024-03-16 03:16
[2024-03-16 03:19:04,650] {python.py:151} INFO - Done. Returned value was: None
[2024-03-16 03:19:04,666] {taskinstance.py:1211} INFO - Marking task as SUCCESS. dag_id=***_exam, task_id=transform_into_data.csv, execution_date=20240316T031800, start_date=20240316T031904, end_date=20240316T031904
[2024-03-16 03:19:04,703] {taskinstance.py:1265} INFO - 0 downstream tasks scheduled from follow-on schedule check
[2024-03-16 03:19:04,722] {local_task_job.py:151} INFO - Task exited with return code 0
