[2023-10-07 15:54:10,621] {taskinstance.py:896} INFO - Dependencies all met for <TaskInstance: airflow_exam.train_best_model 2023-10-07T15:29:00+00:00 [queued]>
[2023-10-07 15:54:10,692] {taskinstance.py:896} INFO - Dependencies all met for <TaskInstance: airflow_exam.train_best_model 2023-10-07T15:29:00+00:00 [queued]>
[2023-10-07 15:54:10,692] {taskinstance.py:1087} INFO - 
--------------------------------------------------------------------------------
[2023-10-07 15:54:10,692] {taskinstance.py:1088} INFO - Starting attempt 1 of 1
[2023-10-07 15:54:10,692] {taskinstance.py:1089} INFO - 
--------------------------------------------------------------------------------
[2023-10-07 15:54:10,720] {taskinstance.py:1107} INFO - Executing <Task(PythonOperator): train_best_model> on 2023-10-07T15:29:00+00:00
[2023-10-07 15:54:10,760] {standard_task_runner.py:52} INFO - Started process 1554 to run task
[2023-10-07 15:54:10,777] {standard_task_runner.py:76} INFO - Running: ['***', 'tasks', 'run', '***_exam', 'train_best_model', '2023-10-07T15:29:00+00:00', '--job-id', '1254', '--pool', 'default_pool', '--raw', '--subdir', 'DAGS_FOLDER/DAG.py', '--cfg-path', '/tmp/tmpx1ownbcx', '--error-file', '/tmp/tmps60stbjw']
[2023-10-07 15:54:10,778] {standard_task_runner.py:77} INFO - Job 1254: Subtask train_best_model
[2023-10-07 15:54:10,997] {logging_mixin.py:104} INFO - Running <TaskInstance: ***_exam.train_best_model 2023-10-07T15:29:00+00:00 [running]> on host 3a3d0401ac26
[2023-10-07 15:54:11,225] {taskinstance.py:1302} INFO - Exporting the following env vars:
AIRFLOW_CTX_DAG_OWNER=***
AIRFLOW_CTX_DAG_ID=***_exam
AIRFLOW_CTX_TASK_ID=train_best_model
AIRFLOW_CTX_EXECUTION_DATE=2023-10-07T15:29:00+00:00
AIRFLOW_CTX_DAG_RUN_ID=scheduled__2023-10-07T15:29:00+00:00
[2023-10-07 15:54:11,559] {logging_mixin.py:104} INFO - LinearRegression() saved at  /app/clean_data/best_model.pickle
[2023-10-07 15:54:11,572] {python.py:151} INFO - Done. Returned value was: None
[2023-10-07 15:54:11,606] {taskinstance.py:1211} INFO - Marking task as SUCCESS. dag_id=***_exam, task_id=train_best_model, execution_date=20231007T152900, start_date=20231007T155410, end_date=20231007T155411
[2023-10-07 15:54:11,677] {taskinstance.py:1265} INFO - 0 downstream tasks scheduled from follow-on schedule check
[2023-10-07 15:54:11,732] {local_task_job.py:151} INFO - Task exited with return code 0
