[2023-10-06 19:24:04,577] {taskinstance.py:896} INFO - Dependencies all met for <TaskInstance: airflow_exam.transform_into_fulldata.csv 2023-10-06T19:23:00+00:00 [queued]>
[2023-10-06 19:24:04,593] {taskinstance.py:896} INFO - Dependencies all met for <TaskInstance: airflow_exam.transform_into_fulldata.csv 2023-10-06T19:23:00+00:00 [queued]>
[2023-10-06 19:24:04,594] {taskinstance.py:1087} INFO - 
--------------------------------------------------------------------------------
[2023-10-06 19:24:04,594] {taskinstance.py:1088} INFO - Starting attempt 1 of 1
[2023-10-06 19:24:04,594] {taskinstance.py:1089} INFO - 
--------------------------------------------------------------------------------
[2023-10-06 19:24:04,618] {taskinstance.py:1107} INFO - Executing <Task(PythonOperator): transform_into_fulldata.csv> on 2023-10-06T19:23:00+00:00
[2023-10-06 19:24:04,632] {standard_task_runner.py:52} INFO - Started process 4314 to run task
[2023-10-06 19:24:04,638] {standard_task_runner.py:76} INFO - Running: ['***', 'tasks', 'run', '***_exam', 'transform_into_fulldata.csv', '2023-10-06T19:23:00+00:00', '--job-id', '418', '--pool', 'default_pool', '--raw', '--subdir', 'DAGS_FOLDER/DAG.py', '--cfg-path', '/tmp/tmplum9wfum', '--error-file', '/tmp/tmpxr_94avd']
[2023-10-06 19:24:04,639] {standard_task_runner.py:77} INFO - Job 418: Subtask transform_into_fulldata.csv
[2023-10-06 19:24:04,697] {logging_mixin.py:104} INFO - Running <TaskInstance: ***_exam.transform_into_fulldata.csv 2023-10-06T19:23:00+00:00 [running]> on host 3a3d0401ac26
[2023-10-06 19:24:04,847] {taskinstance.py:1302} INFO - Exporting the following env vars:
AIRFLOW_CTX_DAG_OWNER=***
AIRFLOW_CTX_DAG_ID=***_exam
AIRFLOW_CTX_TASK_ID=transform_into_fulldata.csv
AIRFLOW_CTX_EXECUTION_DATE=2023-10-06T19:23:00+00:00
AIRFLOW_CTX_DAG_RUN_ID=scheduled__2023-10-06T19:23:00+00:00
[2023-10-06 19:24:04,854] {logging_mixin.py:104} INFO - 
[2023-10-06 19:24:04,890] {logging_mixin.py:104} INFO -     temperature        city  pression              date
0       289.07       Paris      1026  2023-10-06 19:24
1       290.46      London      1023  2023-10-06 19:24
2       291.89  Washington      1025  2023-10-06 19:24
3       289.07       Paris      1026  2023-10-06 19:23
4       290.46      London      1023  2023-10-06 19:23
5       291.89  Washington      1025  2023-10-06 19:23
6       289.07       Paris      1026  2023-10-06 19:22
7       290.46      London      1023  2023-10-06 19:22
8       291.89  Washington      1025  2023-10-06 19:22
9       289.07       Paris      1026  2023-10-06 19:21
[2023-10-06 19:24:04,897] {python.py:151} INFO - Done. Returned value was: None
[2023-10-06 19:24:04,914] {taskinstance.py:1211} INFO - Marking task as SUCCESS. dag_id=***_exam, task_id=transform_into_fulldata.csv, execution_date=20231006T192300, start_date=20231006T192404, end_date=20231006T192404
[2023-10-06 19:24:04,956] {taskinstance.py:1265} INFO - 3 downstream tasks scheduled from follow-on schedule check
[2023-10-06 19:24:04,970] {local_task_job.py:151} INFO - Task exited with return code 0
