[2024-03-16 02:24:04,944] {taskinstance.py:896} INFO - Dependencies all met for <TaskInstance: airflow_exam.transform_into_fulldata.csv 2024-03-16T02:23:00+00:00 [queued]>
[2024-03-16 02:24:04,974] {taskinstance.py:896} INFO - Dependencies all met for <TaskInstance: airflow_exam.transform_into_fulldata.csv 2024-03-16T02:23:00+00:00 [queued]>
[2024-03-16 02:24:04,974] {taskinstance.py:1087} INFO - 
--------------------------------------------------------------------------------
[2024-03-16 02:24:04,975] {taskinstance.py:1088} INFO - Starting attempt 1 of 1
[2024-03-16 02:24:04,975] {taskinstance.py:1089} INFO - 
--------------------------------------------------------------------------------
[2024-03-16 02:24:04,991] {taskinstance.py:1107} INFO - Executing <Task(PythonOperator): transform_into_fulldata.csv> on 2024-03-16T02:23:00+00:00
[2024-03-16 02:24:05,003] {standard_task_runner.py:52} INFO - Started process 126552 to run task
[2024-03-16 02:24:05,007] {standard_task_runner.py:76} INFO - Running: ['***', 'tasks', 'run', '***_exam', 'transform_into_fulldata.csv', '2024-03-16T02:23:00+00:00', '--job-id', '6079', '--pool', 'default_pool', '--raw', '--subdir', 'DAGS_FOLDER/DAG.py', '--cfg-path', '/tmp/tmpz16h87mw', '--error-file', '/tmp/tmpmgcqoool']
[2024-03-16 02:24:05,008] {standard_task_runner.py:77} INFO - Job 6079: Subtask transform_into_fulldata.csv
[2024-03-16 02:24:05,086] {logging_mixin.py:104} INFO - Running <TaskInstance: ***_exam.transform_into_fulldata.csv 2024-03-16T02:23:00+00:00 [running]> on host 3a3d0401ac26
[2024-03-16 02:24:05,188] {taskinstance.py:1302} INFO - Exporting the following env vars:
AIRFLOW_CTX_DAG_OWNER=***
AIRFLOW_CTX_DAG_ID=***_exam
AIRFLOW_CTX_TASK_ID=transform_into_fulldata.csv
AIRFLOW_CTX_EXECUTION_DATE=2024-03-16T02:23:00+00:00
AIRFLOW_CTX_DAG_RUN_ID=scheduled__2024-03-16T02:23:00+00:00
[2024-03-16 02:24:05,306] {logging_mixin.py:104} INFO - 
[2024-03-16 02:24:05,343] {logging_mixin.py:104} INFO -     temperature        city  pression              date
0       284.37       Paris      1017  2024-03-16 02:24
1       281.15      London      1014  2024-03-16 02:24
2       283.95  Washington      1022  2024-03-16 02:24
3       284.37       Paris      1017  2024-03-16 02:23
4       281.15      London      1014  2024-03-16 02:23
5       283.95  Washington      1022  2024-03-16 02:23
6       284.37       Paris      1017  2024-03-16 02:22
7       281.15      London      1014  2024-03-16 02:22
8       283.95  Washington      1022  2024-03-16 02:22
9       284.22       Paris      1017  2024-03-16 02:21
[2024-03-16 02:24:05,363] {python.py:151} INFO - Done. Returned value was: None
[2024-03-16 02:24:05,382] {taskinstance.py:1211} INFO - Marking task as SUCCESS. dag_id=***_exam, task_id=transform_into_fulldata.csv, execution_date=20240316T022300, start_date=20240316T022404, end_date=20240316T022405
[2024-03-16 02:24:05,443] {taskinstance.py:1265} INFO - 3 downstream tasks scheduled from follow-on schedule check
[2024-03-16 02:24:05,470] {local_task_job.py:151} INFO - Task exited with return code 0
