[2024-03-20 22:53:04,513] {taskinstance.py:896} INFO - Dependencies all met for <TaskInstance: airflow_exam.transform_into_data.csv 2024-03-20T22:52:00+00:00 [queued]>
[2024-03-20 22:53:04,534] {taskinstance.py:896} INFO - Dependencies all met for <TaskInstance: airflow_exam.transform_into_data.csv 2024-03-20T22:52:00+00:00 [queued]>
[2024-03-20 22:53:04,534] {taskinstance.py:1087} INFO - 
--------------------------------------------------------------------------------
[2024-03-20 22:53:04,535] {taskinstance.py:1088} INFO - Starting attempt 1 of 1
[2024-03-20 22:53:04,535] {taskinstance.py:1089} INFO - 
--------------------------------------------------------------------------------
[2024-03-20 22:53:04,558] {taskinstance.py:1107} INFO - Executing <Task(PythonOperator): transform_into_data.csv> on 2024-03-20T22:52:00+00:00
[2024-03-20 22:53:04,570] {standard_task_runner.py:52} INFO - Started process 29860 to run task
[2024-03-20 22:53:04,574] {standard_task_runner.py:76} INFO - Running: ['***', 'tasks', 'run', '***_exam', 'transform_into_data.csv', '2024-03-20T22:52:00+00:00', '--job-id', '7814', '--pool', 'default_pool', '--raw', '--subdir', 'DAGS_FOLDER/DAG.py', '--cfg-path', '/tmp/tmp8dc9jiza', '--error-file', '/tmp/tmpr6rx4uez']
[2024-03-20 22:53:04,575] {standard_task_runner.py:77} INFO - Job 7814: Subtask transform_into_data.csv
[2024-03-20 22:53:04,642] {logging_mixin.py:104} INFO - Running <TaskInstance: ***_exam.transform_into_data.csv 2024-03-20T22:52:00+00:00 [running]> on host 3a3d0401ac26
[2024-03-20 22:53:04,729] {taskinstance.py:1302} INFO - Exporting the following env vars:
AIRFLOW_CTX_DAG_OWNER=***
AIRFLOW_CTX_DAG_ID=***_exam
AIRFLOW_CTX_TASK_ID=transform_into_data.csv
AIRFLOW_CTX_EXECUTION_DATE=2024-03-20T22:52:00+00:00
AIRFLOW_CTX_DAG_RUN_ID=scheduled__2024-03-20T22:52:00+00:00
[2024-03-20 22:53:04,740] {logging_mixin.py:104} INFO - 
[2024-03-20 22:53:04,763] {logging_mixin.py:104} INFO -     temperature        city  pression              date
0       286.59       Paris      1020  2024-03-20 22:53
1       285.22      London      1022  2024-03-20 22:53
2       290.91  Washington      1007  2024-03-20 22:53
3       286.59       Paris      1020  2024-03-20 22:52
4       285.22      London      1022  2024-03-20 22:52
5       290.91  Washington      1007  2024-03-20 22:52
6       286.59       Paris      1020  2024-03-20 22:51
7       285.22      London      1022  2024-03-20 22:51
8       290.91  Washington      1007  2024-03-20 22:51
9       286.59       Paris      1020  2024-03-20 22:50
[2024-03-20 22:53:04,769] {python.py:151} INFO - Done. Returned value was: None
[2024-03-20 22:53:04,786] {taskinstance.py:1211} INFO - Marking task as SUCCESS. dag_id=***_exam, task_id=transform_into_data.csv, execution_date=20240320T225200, start_date=20240320T225304, end_date=20240320T225304
[2024-03-20 22:53:04,825] {taskinstance.py:1265} INFO - 0 downstream tasks scheduled from follow-on schedule check
[2024-03-20 22:53:04,867] {local_task_job.py:151} INFO - Task exited with return code 0
