[2024-03-21 18:08:03,978] {taskinstance.py:896} INFO - Dependencies all met for <TaskInstance: airflow_exam.transform_into_data.csv 2024-03-21T18:07:00+00:00 [queued]>
[2024-03-21 18:08:04,000] {taskinstance.py:896} INFO - Dependencies all met for <TaskInstance: airflow_exam.transform_into_data.csv 2024-03-21T18:07:00+00:00 [queued]>
[2024-03-21 18:08:04,000] {taskinstance.py:1087} INFO - 
--------------------------------------------------------------------------------
[2024-03-21 18:08:04,000] {taskinstance.py:1088} INFO - Starting attempt 1 of 1
[2024-03-21 18:08:04,000] {taskinstance.py:1089} INFO - 
--------------------------------------------------------------------------------
[2024-03-21 18:08:04,011] {taskinstance.py:1107} INFO - Executing <Task(PythonOperator): transform_into_data.csv> on 2024-03-21T18:07:00+00:00
[2024-03-21 18:08:04,021] {standard_task_runner.py:52} INFO - Started process 31747 to run task
[2024-03-21 18:08:04,025] {standard_task_runner.py:76} INFO - Running: ['***', 'tasks', 'run', '***_exam', 'transform_into_data.csv', '2024-03-21T18:07:00+00:00', '--job-id', '10080', '--pool', 'default_pool', '--raw', '--subdir', 'DAGS_FOLDER/DAG.py', '--cfg-path', '/tmp/tmp_wst1o4d', '--error-file', '/tmp/tmp2ul75kfj']
[2024-03-21 18:08:04,025] {standard_task_runner.py:77} INFO - Job 10080: Subtask transform_into_data.csv
[2024-03-21 18:08:04,077] {logging_mixin.py:104} INFO - Running <TaskInstance: ***_exam.transform_into_data.csv 2024-03-21T18:07:00+00:00 [running]> on host 3a3d0401ac26
[2024-03-21 18:08:04,154] {taskinstance.py:1302} INFO - Exporting the following env vars:
AIRFLOW_CTX_DAG_OWNER=***
AIRFLOW_CTX_DAG_ID=***_exam
AIRFLOW_CTX_TASK_ID=transform_into_data.csv
AIRFLOW_CTX_EXECUTION_DATE=2024-03-21T18:07:00+00:00
AIRFLOW_CTX_DAG_RUN_ID=scheduled__2024-03-21T18:07:00+00:00
[2024-03-21 18:08:04,161] {logging_mixin.py:104} INFO - 
[2024-03-21 18:08:04,188] {logging_mixin.py:104} INFO -     temperature        city  pression              date
0       290.56       Paris      1025  2024-03-21 18:08
1       288.09      London      1022  2024-03-21 18:08
2       284.67  Washington      1014  2024-03-21 18:08
3       290.56       Paris      1025  2024-03-21 18:07
4       288.09      London      1022  2024-03-21 18:07
5       284.67  Washington      1014  2024-03-21 18:07
6       290.56       Paris      1025  2024-03-21 18:06
7       288.09      London      1022  2024-03-21 18:06
8       284.67  Washington      1014  2024-03-21 18:06
9       290.85       Paris      1025  2024-03-21 18:05
[2024-03-21 18:08:04,193] {python.py:151} INFO - Done. Returned value was: None
[2024-03-21 18:08:04,206] {taskinstance.py:1211} INFO - Marking task as SUCCESS. dag_id=***_exam, task_id=transform_into_data.csv, execution_date=20240321T180700, start_date=20240321T180803, end_date=20240321T180804
[2024-03-21 18:08:04,238] {taskinstance.py:1265} INFO - 0 downstream tasks scheduled from follow-on schedule check
[2024-03-21 18:08:04,277] {local_task_job.py:151} INFO - Task exited with return code 0
