[2024-03-15 18:21:05,627] {taskinstance.py:896} INFO - Dependencies all met for <TaskInstance: airflow_exam.transform_into_fulldata.csv 2024-03-15T18:20:00+00:00 [queued]>
[2024-03-15 18:21:05,654] {taskinstance.py:896} INFO - Dependencies all met for <TaskInstance: airflow_exam.transform_into_fulldata.csv 2024-03-15T18:20:00+00:00 [queued]>
[2024-03-15 18:21:05,655] {taskinstance.py:1087} INFO - 
--------------------------------------------------------------------------------
[2024-03-15 18:21:05,655] {taskinstance.py:1088} INFO - Starting attempt 1 of 1
[2024-03-15 18:21:05,655] {taskinstance.py:1089} INFO - 
--------------------------------------------------------------------------------
[2024-03-15 18:21:05,670] {taskinstance.py:1107} INFO - Executing <Task(PythonOperator): transform_into_fulldata.csv> on 2024-03-15T18:20:00+00:00
[2024-03-15 18:21:05,679] {standard_task_runner.py:52} INFO - Started process 44738 to run task
[2024-03-15 18:21:05,683] {standard_task_runner.py:76} INFO - Running: ['***', 'tasks', 'run', '***_exam', 'transform_into_fulldata.csv', '2024-03-15T18:20:00+00:00', '--job-id', '3299', '--pool', 'default_pool', '--raw', '--subdir', 'DAGS_FOLDER/DAG.py', '--cfg-path', '/tmp/tmposmz6d_s', '--error-file', '/tmp/tmpox372jg0']
[2024-03-15 18:21:05,684] {standard_task_runner.py:77} INFO - Job 3299: Subtask transform_into_fulldata.csv
[2024-03-15 18:21:05,748] {logging_mixin.py:104} INFO - Running <TaskInstance: ***_exam.transform_into_fulldata.csv 2024-03-15T18:20:00+00:00 [running]> on host 3a3d0401ac26
[2024-03-15 18:21:05,822] {taskinstance.py:1302} INFO - Exporting the following env vars:
AIRFLOW_CTX_DAG_OWNER=***
AIRFLOW_CTX_DAG_ID=***_exam
AIRFLOW_CTX_TASK_ID=transform_into_fulldata.csv
AIRFLOW_CTX_EXECUTION_DATE=2024-03-15T18:20:00+00:00
AIRFLOW_CTX_DAG_RUN_ID=scheduled__2024-03-15T18:20:00+00:00
[2024-03-15 18:21:05,867] {logging_mixin.py:104} INFO - 
[2024-03-15 18:21:05,897] {logging_mixin.py:104} INFO -     temperature        city  pression              date
0       286.70       Paris      1011  2024-03-15 18:21
1       285.50      London      1005  2024-03-15 18:21
2       281.45  Washington      1026  2024-03-15 18:21
3       286.70       Paris      1011  2024-03-15 18:20
4       285.50      London      1005  2024-03-15 18:20
5       281.45  Washington      1026  2024-03-15 18:20
6       286.70       Paris      1011  2024-03-15 18:19
7       285.50      London      1005  2024-03-15 18:19
8       281.45  Washington      1026  2024-03-15 18:19
9       286.75       Paris      1012  2024-03-15 18:18
[2024-03-15 18:21:05,907] {python.py:151} INFO - Done. Returned value was: None
[2024-03-15 18:21:05,924] {taskinstance.py:1211} INFO - Marking task as SUCCESS. dag_id=***_exam, task_id=transform_into_fulldata.csv, execution_date=20240315T182000, start_date=20240315T182105, end_date=20240315T182105
[2024-03-15 18:21:05,968] {taskinstance.py:1265} INFO - 3 downstream tasks scheduled from follow-on schedule check
[2024-03-15 18:21:06,016] {local_task_job.py:151} INFO - Task exited with return code 0
