[2024-03-15 18:55:08,808] {taskinstance.py:896} INFO - Dependencies all met for <TaskInstance: airflow_exam.compute_dt_score 2024-03-15T18:54:00+00:00 [queued]>
[2024-03-15 18:55:08,854] {taskinstance.py:896} INFO - Dependencies all met for <TaskInstance: airflow_exam.compute_dt_score 2024-03-15T18:54:00+00:00 [queued]>
[2024-03-15 18:55:08,855] {taskinstance.py:1087} INFO - 
--------------------------------------------------------------------------------
[2024-03-15 18:55:08,855] {taskinstance.py:1088} INFO - Starting attempt 1 of 1
[2024-03-15 18:55:08,855] {taskinstance.py:1089} INFO - 
--------------------------------------------------------------------------------
[2024-03-15 18:55:08,898] {taskinstance.py:1107} INFO - Executing <Task(PythonOperator): compute_dt_score> on 2024-03-15T18:54:00+00:00
[2024-03-15 18:55:08,919] {standard_task_runner.py:52} INFO - Started process 51509 to run task
[2024-03-15 18:55:08,931] {standard_task_runner.py:76} INFO - Running: ['***', 'tasks', 'run', '***_exam', 'compute_dt_score', '2024-03-15T18:54:00+00:00', '--job-id', '3540', '--pool', 'default_pool', '--raw', '--subdir', 'DAGS_FOLDER/DAG.py', '--cfg-path', '/tmp/tmpvrwtbskd', '--error-file', '/tmp/tmpgmlbrl0u']
[2024-03-15 18:55:08,932] {standard_task_runner.py:77} INFO - Job 3540: Subtask compute_dt_score
[2024-03-15 18:55:09,041] {logging_mixin.py:104} INFO - Running <TaskInstance: ***_exam.compute_dt_score 2024-03-15T18:54:00+00:00 [running]> on host 3a3d0401ac26
[2024-03-15 18:55:09,153] {taskinstance.py:1302} INFO - Exporting the following env vars:
AIRFLOW_CTX_DAG_OWNER=***
AIRFLOW_CTX_DAG_ID=***_exam
AIRFLOW_CTX_TASK_ID=compute_dt_score
AIRFLOW_CTX_EXECUTION_DATE=2024-03-15T18:54:00+00:00
AIRFLOW_CTX_DAG_RUN_ID=scheduled__2024-03-15T18:54:00+00:00
[2024-03-15 18:55:09,451] {python.py:151} INFO - Done. Returned value was: None
[2024-03-15 18:55:09,496] {taskinstance.py:1211} INFO - Marking task as SUCCESS. dag_id=***_exam, task_id=compute_dt_score, execution_date=20240315T185400, start_date=20240315T185508, end_date=20240315T185509
[2024-03-15 18:55:09,654] {taskinstance.py:1265} INFO - 0 downstream tasks scheduled from follow-on schedule check
[2024-03-15 18:55:09,690] {local_task_job.py:151} INFO - Task exited with return code 0
