[2023-10-06 11:53:11,675] {taskinstance.py:896} INFO - Dependencies all met for <TaskInstance: airflow_exam.retrieve_raw_data 2023-10-06T11:53:11.090146+00:00 [queued]>
[2023-10-06 11:53:11,687] {taskinstance.py:896} INFO - Dependencies all met for <TaskInstance: airflow_exam.retrieve_raw_data 2023-10-06T11:53:11.090146+00:00 [queued]>
[2023-10-06 11:53:11,688] {taskinstance.py:1087} INFO - 
--------------------------------------------------------------------------------
[2023-10-06 11:53:11,688] {taskinstance.py:1088} INFO - Starting attempt 1 of 6
[2023-10-06 11:53:11,688] {taskinstance.py:1089} INFO - 
--------------------------------------------------------------------------------
[2023-10-06 11:53:11,704] {taskinstance.py:1107} INFO - Executing <Task(PythonOperator): retrieve_raw_data> on 2023-10-06T11:53:11.090146+00:00
[2023-10-06 11:53:11,710] {standard_task_runner.py:52} INFO - Started process 13862 to run task
[2023-10-06 11:53:11,713] {standard_task_runner.py:76} INFO - Running: ['***', 'tasks', 'run', '***_exam', 'retrieve_raw_data', '2023-10-06T11:53:11.090146+00:00', '--job-id', '259', '--pool', 'default_pool', '--raw', '--subdir', 'DAGS_FOLDER/DAG.py', '--cfg-path', '/tmp/tmpyrajh9q8', '--error-file', '/tmp/tmp_ecdt1e4']
[2023-10-06 11:53:11,713] {standard_task_runner.py:77} INFO - Job 259: Subtask retrieve_raw_data
[2023-10-06 11:53:11,755] {logging_mixin.py:104} INFO - Running <TaskInstance: ***_exam.retrieve_raw_data 2023-10-06T11:53:11.090146+00:00 [running]> on host 3a3d0401ac26
[2023-10-06 11:53:11,810] {taskinstance.py:1302} INFO - Exporting the following env vars:
AIRFLOW_CTX_DAG_OWNER=***
AIRFLOW_CTX_DAG_ID=***_exam
AIRFLOW_CTX_TASK_ID=retrieve_raw_data
AIRFLOW_CTX_EXECUTION_DATE=2023-10-06T11:53:11.090146+00:00
AIRFLOW_CTX_DAG_RUN_ID=manual__2023-10-06T11:53:11.090146+00:00
[2023-10-06 11:53:12,225] {python.py:151} INFO - Done. Returned value was: None
[2023-10-06 11:53:12,237] {taskinstance.py:1211} INFO - Marking task as SUCCESS. dag_id=***_exam, task_id=retrieve_raw_data, execution_date=20231006T115311, start_date=20231006T115311, end_date=20231006T115312
[2023-10-06 11:53:12,273] {taskinstance.py:1265} INFO - 2 downstream tasks scheduled from follow-on schedule check
[2023-10-06 11:53:12,289] {local_task_job.py:151} INFO - Task exited with return code 0
