[2024-03-15 17:54:04,484] {taskinstance.py:896} INFO - Dependencies all met for <TaskInstance: airflow_exam.transform_into_data.csv 2024-03-15T17:53:00+00:00 [queued]>
[2024-03-15 17:54:04,513] {taskinstance.py:896} INFO - Dependencies all met for <TaskInstance: airflow_exam.transform_into_data.csv 2024-03-15T17:53:00+00:00 [queued]>
[2024-03-15 17:54:04,513] {taskinstance.py:1087} INFO - 
--------------------------------------------------------------------------------
[2024-03-15 17:54:04,513] {taskinstance.py:1088} INFO - Starting attempt 1 of 1
[2024-03-15 17:54:04,514] {taskinstance.py:1089} INFO - 
--------------------------------------------------------------------------------
[2024-03-15 17:54:04,529] {taskinstance.py:1107} INFO - Executing <Task(PythonOperator): transform_into_data.csv> on 2024-03-15T17:53:00+00:00
[2024-03-15 17:54:04,540] {standard_task_runner.py:52} INFO - Started process 39213 to run task
[2024-03-15 17:54:04,544] {standard_task_runner.py:76} INFO - Running: ['***', 'tasks', 'run', '***_exam', 'transform_into_data.csv', '2024-03-15T17:53:00+00:00', '--job-id', '3110', '--pool', 'default_pool', '--raw', '--subdir', 'DAGS_FOLDER/DAG.py', '--cfg-path', '/tmp/tmphjuyptlp', '--error-file', '/tmp/tmpngx8rdq_']
[2024-03-15 17:54:04,545] {standard_task_runner.py:77} INFO - Job 3110: Subtask transform_into_data.csv
[2024-03-15 17:54:04,607] {logging_mixin.py:104} INFO - Running <TaskInstance: ***_exam.transform_into_data.csv 2024-03-15T17:53:00+00:00 [running]> on host 3a3d0401ac26
[2024-03-15 17:54:04,687] {taskinstance.py:1302} INFO - Exporting the following env vars:
AIRFLOW_CTX_DAG_OWNER=***
AIRFLOW_CTX_DAG_ID=***_exam
AIRFLOW_CTX_TASK_ID=transform_into_data.csv
AIRFLOW_CTX_EXECUTION_DATE=2024-03-15T17:53:00+00:00
AIRFLOW_CTX_DAG_RUN_ID=scheduled__2024-03-15T17:53:00+00:00
[2024-03-15 17:54:04,695] {logging_mixin.py:104} INFO - 
[2024-03-15 17:54:04,723] {logging_mixin.py:104} INFO -     temperature        city  pression              date
0       286.88       Paris      1011  2024-03-15 17:54
1       285.90      London      1005  2024-03-15 17:54
2       281.93  Washington      1026  2024-03-15 17:54
3       286.88       Paris      1011  2024-03-15 17:53
4       285.90      London      1005  2024-03-15 17:53
5       281.93  Washington      1026  2024-03-15 17:53
6       286.88       Paris      1011  2024-03-15 17:52
7       285.90      London      1005  2024-03-15 17:52
8       281.93  Washington      1026  2024-03-15 17:52
9       287.08       Paris      1011  2024-03-15 17:51
[2024-03-15 17:54:04,728] {python.py:151} INFO - Done. Returned value was: None
[2024-03-15 17:54:04,742] {taskinstance.py:1211} INFO - Marking task as SUCCESS. dag_id=***_exam, task_id=transform_into_data.csv, execution_date=20240315T175300, start_date=20240315T175404, end_date=20240315T175404
[2024-03-15 17:54:04,780] {taskinstance.py:1265} INFO - 0 downstream tasks scheduled from follow-on schedule check
[2024-03-15 17:54:04,797] {local_task_job.py:151} INFO - Task exited with return code 0
