[2024-03-20 22:23:05,774] {taskinstance.py:896} INFO - Dependencies all met for <TaskInstance: airflow_exam.transform_into_data.csv 2024-03-20T22:22:00+00:00 [queued]>
[2024-03-20 22:23:05,802] {taskinstance.py:896} INFO - Dependencies all met for <TaskInstance: airflow_exam.transform_into_data.csv 2024-03-20T22:22:00+00:00 [queued]>
[2024-03-20 22:23:05,802] {taskinstance.py:1087} INFO - 
--------------------------------------------------------------------------------
[2024-03-20 22:23:05,802] {taskinstance.py:1088} INFO - Starting attempt 1 of 1
[2024-03-20 22:23:05,803] {taskinstance.py:1089} INFO - 
--------------------------------------------------------------------------------
[2024-03-20 22:23:05,829] {taskinstance.py:1107} INFO - Executing <Task(PythonOperator): transform_into_data.csv> on 2024-03-20T22:22:00+00:00
[2024-03-20 22:23:05,846] {standard_task_runner.py:52} INFO - Started process 23475 to run task
[2024-03-20 22:23:05,852] {standard_task_runner.py:76} INFO - Running: ['***', 'tasks', 'run', '***_exam', 'transform_into_data.csv', '2024-03-20T22:22:00+00:00', '--job-id', '7605', '--pool', 'default_pool', '--raw', '--subdir', 'DAGS_FOLDER/DAG.py', '--cfg-path', '/tmp/tmppjx6yrff', '--error-file', '/tmp/tmpynhkw6en']
[2024-03-20 22:23:05,853] {standard_task_runner.py:77} INFO - Job 7605: Subtask transform_into_data.csv
[2024-03-20 22:23:05,930] {logging_mixin.py:104} INFO - Running <TaskInstance: ***_exam.transform_into_data.csv 2024-03-20T22:22:00+00:00 [running]> on host 3a3d0401ac26
[2024-03-20 22:23:06,027] {taskinstance.py:1302} INFO - Exporting the following env vars:
AIRFLOW_CTX_DAG_OWNER=***
AIRFLOW_CTX_DAG_ID=***_exam
AIRFLOW_CTX_TASK_ID=transform_into_data.csv
AIRFLOW_CTX_EXECUTION_DATE=2024-03-20T22:22:00+00:00
AIRFLOW_CTX_DAG_RUN_ID=scheduled__2024-03-20T22:22:00+00:00
[2024-03-20 22:23:06,034] {logging_mixin.py:104} INFO - 
[2024-03-20 22:23:06,063] {logging_mixin.py:104} INFO -     temperature        city  pression              date
0       286.91       Paris      1020  2024-03-20 22:23
1       285.17      London      1021  2024-03-20 22:23
2       290.66  Washington      1007  2024-03-20 22:23
3       286.91       Paris      1020  2024-03-20 22:22
4       285.17      London      1021  2024-03-20 22:22
5       290.66  Washington      1007  2024-03-20 22:22
6       286.91       Paris      1020  2024-03-20 22:21
7       285.17      London      1021  2024-03-20 22:21
8       290.66  Washington      1007  2024-03-20 22:21
9       286.91       Paris      1020  2024-03-20 22:20
[2024-03-20 22:23:06,069] {python.py:151} INFO - Done. Returned value was: None
[2024-03-20 22:23:06,086] {taskinstance.py:1211} INFO - Marking task as SUCCESS. dag_id=***_exam, task_id=transform_into_data.csv, execution_date=20240320T222200, start_date=20240320T222305, end_date=20240320T222306
[2024-03-20 22:23:06,132] {taskinstance.py:1265} INFO - 0 downstream tasks scheduled from follow-on schedule check
[2024-03-20 22:23:06,185] {local_task_job.py:151} INFO - Task exited with return code 0
