[2024-03-16 00:03:04,472] {taskinstance.py:896} INFO - Dependencies all met for <TaskInstance: airflow_exam.transform_into_data.csv 2024-03-16T00:02:00+00:00 [queued]>
[2024-03-16 00:03:04,500] {taskinstance.py:896} INFO - Dependencies all met for <TaskInstance: airflow_exam.transform_into_data.csv 2024-03-16T00:02:00+00:00 [queued]>
[2024-03-16 00:03:04,500] {taskinstance.py:1087} INFO - 
--------------------------------------------------------------------------------
[2024-03-16 00:03:04,501] {taskinstance.py:1088} INFO - Starting attempt 1 of 1
[2024-03-16 00:03:04,501] {taskinstance.py:1089} INFO - 
--------------------------------------------------------------------------------
[2024-03-16 00:03:04,514] {taskinstance.py:1107} INFO - Executing <Task(PythonOperator): transform_into_data.csv> on 2024-03-16T00:02:00+00:00
[2024-03-16 00:03:04,525] {standard_task_runner.py:52} INFO - Started process 96549 to run task
[2024-03-16 00:03:04,529] {standard_task_runner.py:76} INFO - Running: ['***', 'tasks', 'run', '***_exam', 'transform_into_data.csv', '2024-03-16T00:02:00+00:00', '--job-id', '5093', '--pool', 'default_pool', '--raw', '--subdir', 'DAGS_FOLDER/DAG.py', '--cfg-path', '/tmp/tmp4viufe37', '--error-file', '/tmp/tmpc3m6spga']
[2024-03-16 00:03:04,530] {standard_task_runner.py:77} INFO - Job 5093: Subtask transform_into_data.csv
[2024-03-16 00:03:04,596] {logging_mixin.py:104} INFO - Running <TaskInstance: ***_exam.transform_into_data.csv 2024-03-16T00:02:00+00:00 [running]> on host 3a3d0401ac26
[2024-03-16 00:03:04,689] {taskinstance.py:1302} INFO - Exporting the following env vars:
AIRFLOW_CTX_DAG_OWNER=***
AIRFLOW_CTX_DAG_ID=***_exam
AIRFLOW_CTX_TASK_ID=transform_into_data.csv
AIRFLOW_CTX_EXECUTION_DATE=2024-03-16T00:02:00+00:00
AIRFLOW_CTX_DAG_RUN_ID=scheduled__2024-03-16T00:02:00+00:00
[2024-03-16 00:03:04,698] {logging_mixin.py:104} INFO - 
[2024-03-16 00:03:04,730] {logging_mixin.py:104} INFO -     temperature        city  pression              date
0       284.83       Paris      1015  2024-03-16 00:03
1       281.59      London      1012  2024-03-16 00:03
2       288.83  Washington      1021  2024-03-16 00:03
3       284.83       Paris      1015  2024-03-16 00:02
4       281.59      London      1012  2024-03-16 00:02
5       288.83  Washington      1021  2024-03-16 00:02
6       284.85       Paris      1015  2024-03-16 00:00
7       281.61      London      1012  2024-03-16 00:00
8       289.48  Washington      1021  2024-03-16 00:00
9       284.85       Paris      1015  2024-03-15 23:59
[2024-03-16 00:03:04,738] {python.py:151} INFO - Done. Returned value was: None
[2024-03-16 00:03:04,761] {taskinstance.py:1211} INFO - Marking task as SUCCESS. dag_id=***_exam, task_id=transform_into_data.csv, execution_date=20240316T000200, start_date=20240316T000304, end_date=20240316T000304
[2024-03-16 00:03:04,806] {taskinstance.py:1265} INFO - 0 downstream tasks scheduled from follow-on schedule check
[2024-03-16 00:03:04,823] {local_task_job.py:151} INFO - Task exited with return code 0
