[2024-03-16 02:03:04,082] {taskinstance.py:896} INFO - Dependencies all met for <TaskInstance: airflow_exam.transform_into_data.csv 2024-03-16T02:02:00+00:00 [queued]>
[2024-03-16 02:03:04,105] {taskinstance.py:896} INFO - Dependencies all met for <TaskInstance: airflow_exam.transform_into_data.csv 2024-03-16T02:02:00+00:00 [queued]>
[2024-03-16 02:03:04,105] {taskinstance.py:1087} INFO - 
--------------------------------------------------------------------------------
[2024-03-16 02:03:04,105] {taskinstance.py:1088} INFO - Starting attempt 1 of 1
[2024-03-16 02:03:04,105] {taskinstance.py:1089} INFO - 
--------------------------------------------------------------------------------
[2024-03-16 02:03:04,116] {taskinstance.py:1107} INFO - Executing <Task(PythonOperator): transform_into_data.csv> on 2024-03-16T02:02:00+00:00
[2024-03-16 02:03:04,124] {standard_task_runner.py:52} INFO - Started process 122011 to run task
[2024-03-16 02:03:04,129] {standard_task_runner.py:76} INFO - Running: ['***', 'tasks', 'run', '***_exam', 'transform_into_data.csv', '2024-03-16T02:02:00+00:00', '--job-id', '5932', '--pool', 'default_pool', '--raw', '--subdir', 'DAGS_FOLDER/DAG.py', '--cfg-path', '/tmp/tmpk27tor9k', '--error-file', '/tmp/tmp3_2s6jig']
[2024-03-16 02:03:04,130] {standard_task_runner.py:77} INFO - Job 5932: Subtask transform_into_data.csv
[2024-03-16 02:03:04,191] {logging_mixin.py:104} INFO - Running <TaskInstance: ***_exam.transform_into_data.csv 2024-03-16T02:02:00+00:00 [running]> on host 3a3d0401ac26
[2024-03-16 02:03:04,260] {taskinstance.py:1302} INFO - Exporting the following env vars:
AIRFLOW_CTX_DAG_OWNER=***
AIRFLOW_CTX_DAG_ID=***_exam
AIRFLOW_CTX_TASK_ID=transform_into_data.csv
AIRFLOW_CTX_EXECUTION_DATE=2024-03-16T02:02:00+00:00
AIRFLOW_CTX_DAG_RUN_ID=scheduled__2024-03-16T02:02:00+00:00
[2024-03-16 02:03:04,266] {logging_mixin.py:104} INFO - 
[2024-03-16 02:03:04,283] {logging_mixin.py:104} INFO -     temperature        city  pression              date
0       284.37       Paris      1016  2024-03-16 02:03
1       281.13      London      1014  2024-03-16 02:03
2       282.65  Washington      1022  2024-03-16 02:03
3       284.37       Paris      1016  2024-03-16 02:02
4       281.13      London      1014  2024-03-16 02:02
5       282.65  Washington      1022  2024-03-16 02:02
6       284.37       Paris      1016  2024-03-16 02:01
7       281.13      London      1014  2024-03-16 02:01
8       282.65  Washington      1022  2024-03-16 02:01
9       284.37       Paris      1016  2024-03-16 02:00
[2024-03-16 02:03:04,287] {python.py:151} INFO - Done. Returned value was: None
[2024-03-16 02:03:04,298] {taskinstance.py:1211} INFO - Marking task as SUCCESS. dag_id=***_exam, task_id=transform_into_data.csv, execution_date=20240316T020200, start_date=20240316T020304, end_date=20240316T020304
[2024-03-16 02:03:04,333] {taskinstance.py:1265} INFO - 0 downstream tasks scheduled from follow-on schedule check
[2024-03-16 02:03:04,381] {local_task_job.py:151} INFO - Task exited with return code 0
