[2024-03-21 19:35:13,438] {taskinstance.py:896} INFO - Dependencies all met for <TaskInstance: airflow_exam.train_best_model 2024-03-21T19:34:00+00:00 [queued]>
[2024-03-21 19:35:13,457] {taskinstance.py:896} INFO - Dependencies all met for <TaskInstance: airflow_exam.train_best_model 2024-03-21T19:34:00+00:00 [queued]>
[2024-03-21 19:35:13,457] {taskinstance.py:1087} INFO - 
--------------------------------------------------------------------------------
[2024-03-21 19:35:13,457] {taskinstance.py:1088} INFO - Starting attempt 1 of 1
[2024-03-21 19:35:13,457] {taskinstance.py:1089} INFO - 
--------------------------------------------------------------------------------
[2024-03-21 19:35:13,467] {taskinstance.py:1107} INFO - Executing <Task(PythonOperator): train_best_model> on 2024-03-21T19:34:00+00:00
[2024-03-21 19:35:13,475] {standard_task_runner.py:52} INFO - Started process 50550 to run task
[2024-03-21 19:35:13,478] {standard_task_runner.py:76} INFO - Running: ['***', 'tasks', 'run', '***_exam', 'train_best_model', '2024-03-21T19:34:00+00:00', '--job-id', '10694', '--pool', 'default_pool', '--raw', '--subdir', 'DAGS_FOLDER/DAG.py', '--cfg-path', '/tmp/tmpm2ehkr01', '--error-file', '/tmp/tmpjw77cua7']
[2024-03-21 19:35:13,479] {standard_task_runner.py:77} INFO - Job 10694: Subtask train_best_model
[2024-03-21 19:35:13,522] {logging_mixin.py:104} INFO - Running <TaskInstance: ***_exam.train_best_model 2024-03-21T19:34:00+00:00 [running]> on host 3a3d0401ac26
[2024-03-21 19:35:13,588] {taskinstance.py:1302} INFO - Exporting the following env vars:
AIRFLOW_CTX_DAG_OWNER=***
AIRFLOW_CTX_DAG_ID=***_exam
AIRFLOW_CTX_TASK_ID=train_best_model
AIRFLOW_CTX_EXECUTION_DATE=2024-03-21T19:34:00+00:00
AIRFLOW_CTX_DAG_RUN_ID=scheduled__2024-03-21T19:34:00+00:00
[2024-03-21 19:35:13,692] {logging_mixin.py:104} INFO - LinearRegression() saved at  /app/clean_data/best_model.pickle
[2024-03-21 19:35:13,694] {python.py:151} INFO - Done. Returned value was: None
[2024-03-21 19:35:13,710] {taskinstance.py:1211} INFO - Marking task as SUCCESS. dag_id=***_exam, task_id=train_best_model, execution_date=20240321T193400, start_date=20240321T193513, end_date=20240321T193513
[2024-03-21 19:35:13,756] {taskinstance.py:1265} INFO - 0 downstream tasks scheduled from follow-on schedule check
[2024-03-21 19:35:13,771] {local_task_job.py:151} INFO - Task exited with return code 0
