[2023-10-06 20:23:06,531] {taskinstance.py:896} INFO - Dependencies all met for <TaskInstance: airflow_exam.transform_into_fulldata.csv 2023-10-06T20:22:00+00:00 [queued]>
[2023-10-06 20:23:06,559] {taskinstance.py:896} INFO - Dependencies all met for <TaskInstance: airflow_exam.transform_into_fulldata.csv 2023-10-06T20:22:00+00:00 [queued]>
[2023-10-06 20:23:06,560] {taskinstance.py:1087} INFO - 
--------------------------------------------------------------------------------
[2023-10-06 20:23:06,560] {taskinstance.py:1088} INFO - Starting attempt 1 of 1
[2023-10-06 20:23:06,560] {taskinstance.py:1089} INFO - 
--------------------------------------------------------------------------------
[2023-10-06 20:23:06,600] {taskinstance.py:1107} INFO - Executing <Task(PythonOperator): transform_into_fulldata.csv> on 2023-10-06T20:22:00+00:00
[2023-10-06 20:23:06,615] {standard_task_runner.py:52} INFO - Started process 15543 to run task
[2023-10-06 20:23:06,625] {standard_task_runner.py:76} INFO - Running: ['***', 'tasks', 'run', '***_exam', 'transform_into_fulldata.csv', '2023-10-06T20:22:00+00:00', '--job-id', '831', '--pool', 'default_pool', '--raw', '--subdir', 'DAGS_FOLDER/DAG.py', '--cfg-path', '/tmp/tmpuedru29g', '--error-file', '/tmp/tmpv3_4w38k']
[2023-10-06 20:23:06,626] {standard_task_runner.py:77} INFO - Job 831: Subtask transform_into_fulldata.csv
[2023-10-06 20:23:06,767] {logging_mixin.py:104} INFO - Running <TaskInstance: ***_exam.transform_into_fulldata.csv 2023-10-06T20:22:00+00:00 [running]> on host 3a3d0401ac26
[2023-10-06 20:23:06,999] {taskinstance.py:1302} INFO - Exporting the following env vars:
AIRFLOW_CTX_DAG_OWNER=***
AIRFLOW_CTX_DAG_ID=***_exam
AIRFLOW_CTX_TASK_ID=transform_into_fulldata.csv
AIRFLOW_CTX_EXECUTION_DATE=2023-10-06T20:22:00+00:00
AIRFLOW_CTX_DAG_RUN_ID=scheduled__2023-10-06T20:22:00+00:00
[2023-10-06 20:23:07,026] {logging_mixin.py:104} INFO - 
[2023-10-06 20:23:07,106] {logging_mixin.py:104} INFO -     temperature        city  pression              date
0       287.91       Paris      1026  2023-10-06 20:23
1       289.95      London      1023  2023-10-06 20:23
2       293.91  Washington      1024  2023-10-06 20:23
3       287.91       Paris      1026  2023-10-06 20:22
4       289.95      London      1023  2023-10-06 20:22
5       293.91  Washington      1024  2023-10-06 20:22
6       287.91       Paris      1026  2023-10-06 20:21
7       289.95      London      1023  2023-10-06 20:21
8       293.91  Washington      1024  2023-10-06 20:21
9       287.91       Paris      1026  2023-10-06 20:20
[2023-10-06 20:23:07,129] {python.py:151} INFO - Done. Returned value was: None
[2023-10-06 20:23:07,148] {taskinstance.py:1211} INFO - Marking task as SUCCESS. dag_id=***_exam, task_id=transform_into_fulldata.csv, execution_date=20231006T202200, start_date=20231006T202306, end_date=20231006T202307
[2023-10-06 20:23:07,209] {taskinstance.py:1265} INFO - 3 downstream tasks scheduled from follow-on schedule check
[2023-10-06 20:23:07,255] {local_task_job.py:151} INFO - Task exited with return code 0
