[2023-10-06 19:27:04,210] {taskinstance.py:896} INFO - Dependencies all met for <TaskInstance: airflow_exam.transform_into_data.csv 2023-10-06T19:26:00+00:00 [queued]>
[2023-10-06 19:27:04,223] {taskinstance.py:896} INFO - Dependencies all met for <TaskInstance: airflow_exam.transform_into_data.csv 2023-10-06T19:26:00+00:00 [queued]>
[2023-10-06 19:27:04,223] {taskinstance.py:1087} INFO - 
--------------------------------------------------------------------------------
[2023-10-06 19:27:04,223] {taskinstance.py:1088} INFO - Starting attempt 1 of 1
[2023-10-06 19:27:04,223] {taskinstance.py:1089} INFO - 
--------------------------------------------------------------------------------
[2023-10-06 19:27:04,238] {taskinstance.py:1107} INFO - Executing <Task(PythonOperator): transform_into_data.csv> on 2023-10-06T19:26:00+00:00
[2023-10-06 19:27:04,246] {standard_task_runner.py:52} INFO - Started process 4881 to run task
[2023-10-06 19:27:04,249] {standard_task_runner.py:76} INFO - Running: ['***', 'tasks', 'run', '***_exam', 'transform_into_data.csv', '2023-10-06T19:26:00+00:00', '--job-id', '439', '--pool', 'default_pool', '--raw', '--subdir', 'DAGS_FOLDER/DAG.py', '--cfg-path', '/tmp/tmpp21xzcyy', '--error-file', '/tmp/tmpv1d5p0hz']
[2023-10-06 19:27:04,250] {standard_task_runner.py:77} INFO - Job 439: Subtask transform_into_data.csv
[2023-10-06 19:27:04,290] {logging_mixin.py:104} INFO - Running <TaskInstance: ***_exam.transform_into_data.csv 2023-10-06T19:26:00+00:00 [running]> on host 3a3d0401ac26
[2023-10-06 19:27:04,346] {taskinstance.py:1302} INFO - Exporting the following env vars:
AIRFLOW_CTX_DAG_OWNER=***
AIRFLOW_CTX_DAG_ID=***_exam
AIRFLOW_CTX_TASK_ID=transform_into_data.csv
AIRFLOW_CTX_EXECUTION_DATE=2023-10-06T19:26:00+00:00
AIRFLOW_CTX_DAG_RUN_ID=scheduled__2023-10-06T19:26:00+00:00
[2023-10-06 19:27:04,350] {logging_mixin.py:104} INFO - 
[2023-10-06 19:27:04,366] {logging_mixin.py:104} INFO -     temperature        city  pression              date
0       289.07       Paris      1026  2023-10-06 19:27
1       290.35      London      1023  2023-10-06 19:27
2       292.25  Washington      1025  2023-10-06 19:27
3       289.07       Paris      1026  2023-10-06 19:26
4       290.46      London      1023  2023-10-06 19:26
5       292.25  Washington      1025  2023-10-06 19:26
6       289.07       Paris      1026  2023-10-06 19:25
7       290.46      London      1023  2023-10-06 19:25
8       291.89  Washington      1025  2023-10-06 19:25
9       289.07       Paris      1026  2023-10-06 19:24
[2023-10-06 19:27:04,369] {python.py:151} INFO - Done. Returned value was: None
[2023-10-06 19:27:04,380] {taskinstance.py:1211} INFO - Marking task as SUCCESS. dag_id=***_exam, task_id=transform_into_data.csv, execution_date=20231006T192600, start_date=20231006T192704, end_date=20231006T192704
[2023-10-06 19:27:04,407] {taskinstance.py:1265} INFO - 0 downstream tasks scheduled from follow-on schedule check
[2023-10-06 19:27:04,421] {local_task_job.py:151} INFO - Task exited with return code 0
