[2024-03-21 17:04:04,523] {taskinstance.py:896} INFO - Dependencies all met for <TaskInstance: airflow_exam.transform_into_data.csv 2024-03-21T17:03:00+00:00 [queued]>
[2024-03-21 17:04:04,545] {taskinstance.py:896} INFO - Dependencies all met for <TaskInstance: airflow_exam.transform_into_data.csv 2024-03-21T17:03:00+00:00 [queued]>
[2024-03-21 17:04:04,545] {taskinstance.py:1087} INFO - 
--------------------------------------------------------------------------------
[2024-03-21 17:04:04,546] {taskinstance.py:1088} INFO - Starting attempt 1 of 1
[2024-03-21 17:04:04,546] {taskinstance.py:1089} INFO - 
--------------------------------------------------------------------------------
[2024-03-21 17:04:04,561] {taskinstance.py:1107} INFO - Executing <Task(PythonOperator): transform_into_data.csv> on 2024-03-21T17:03:00+00:00
[2024-03-21 17:04:04,569] {standard_task_runner.py:52} INFO - Started process 17948 to run task
[2024-03-21 17:04:04,572] {standard_task_runner.py:76} INFO - Running: ['***', 'tasks', 'run', '***_exam', 'transform_into_data.csv', '2024-03-21T17:03:00+00:00', '--job-id', '9633', '--pool', 'default_pool', '--raw', '--subdir', 'DAGS_FOLDER/DAG.py', '--cfg-path', '/tmp/tmpzzej3dgw', '--error-file', '/tmp/tmp_y4f137j']
[2024-03-21 17:04:04,573] {standard_task_runner.py:77} INFO - Job 9633: Subtask transform_into_data.csv
[2024-03-21 17:04:04,622] {logging_mixin.py:104} INFO - Running <TaskInstance: ***_exam.transform_into_data.csv 2024-03-21T17:03:00+00:00 [running]> on host 3a3d0401ac26
[2024-03-21 17:04:04,691] {taskinstance.py:1302} INFO - Exporting the following env vars:
AIRFLOW_CTX_DAG_OWNER=***
AIRFLOW_CTX_DAG_ID=***_exam
AIRFLOW_CTX_TASK_ID=transform_into_data.csv
AIRFLOW_CTX_EXECUTION_DATE=2024-03-21T17:03:00+00:00
AIRFLOW_CTX_DAG_RUN_ID=scheduled__2024-03-21T17:03:00+00:00
[2024-03-21 17:04:04,697] {logging_mixin.py:104} INFO - 
[2024-03-21 17:04:04,716] {logging_mixin.py:104} INFO -     temperature        city  pression              date
0       291.81       Paris      1025  2024-03-21 17:04
1       288.94      London      1022  2024-03-21 17:04
2       282.17  Washington      1015  2024-03-21 17:04
3       291.63       Paris      1025  2024-03-21 17:03
4       288.84      London      1022  2024-03-21 17:03
5       282.30  Washington      1015  2024-03-21 17:03
6       291.63       Paris      1025  2024-03-21 17:02
7       288.84      London      1022  2024-03-21 17:02
8       282.30  Washington      1015  2024-03-21 17:02
9       292.10       Paris      1025  2024-03-21 17:01
[2024-03-21 17:04:04,720] {python.py:151} INFO - Done. Returned value was: None
[2024-03-21 17:04:04,731] {taskinstance.py:1211} INFO - Marking task as SUCCESS. dag_id=***_exam, task_id=transform_into_data.csv, execution_date=20240321T170300, start_date=20240321T170404, end_date=20240321T170404
[2024-03-21 17:04:04,774] {taskinstance.py:1265} INFO - 0 downstream tasks scheduled from follow-on schedule check
[2024-03-21 17:04:04,826] {local_task_job.py:151} INFO - Task exited with return code 0
