[2023-10-06 19:36:03,557] {taskinstance.py:896} INFO - Dependencies all met for <TaskInstance: airflow_exam.transform_into_data.csv 2023-10-06T19:35:00+00:00 [queued]>
[2023-10-06 19:36:03,569] {taskinstance.py:896} INFO - Dependencies all met for <TaskInstance: airflow_exam.transform_into_data.csv 2023-10-06T19:35:00+00:00 [queued]>
[2023-10-06 19:36:03,570] {taskinstance.py:1087} INFO - 
--------------------------------------------------------------------------------
[2023-10-06 19:36:03,570] {taskinstance.py:1088} INFO - Starting attempt 1 of 1
[2023-10-06 19:36:03,570] {taskinstance.py:1089} INFO - 
--------------------------------------------------------------------------------
[2023-10-06 19:36:03,586] {taskinstance.py:1107} INFO - Executing <Task(PythonOperator): transform_into_data.csv> on 2023-10-06T19:35:00+00:00
[2023-10-06 19:36:03,593] {standard_task_runner.py:52} INFO - Started process 6587 to run task
[2023-10-06 19:36:03,595] {standard_task_runner.py:76} INFO - Running: ['***', 'tasks', 'run', '***_exam', 'transform_into_data.csv', '2023-10-06T19:35:00+00:00', '--job-id', '502', '--pool', 'default_pool', '--raw', '--subdir', 'DAGS_FOLDER/DAG.py', '--cfg-path', '/tmp/tmp_j55v1fh', '--error-file', '/tmp/tmp__z4eec8']
[2023-10-06 19:36:03,595] {standard_task_runner.py:77} INFO - Job 502: Subtask transform_into_data.csv
[2023-10-06 19:36:03,638] {logging_mixin.py:104} INFO - Running <TaskInstance: ***_exam.transform_into_data.csv 2023-10-06T19:35:00+00:00 [running]> on host 3a3d0401ac26
[2023-10-06 19:36:03,691] {taskinstance.py:1302} INFO - Exporting the following env vars:
AIRFLOW_CTX_DAG_OWNER=***
AIRFLOW_CTX_DAG_ID=***_exam
AIRFLOW_CTX_TASK_ID=transform_into_data.csv
AIRFLOW_CTX_EXECUTION_DATE=2023-10-06T19:35:00+00:00
AIRFLOW_CTX_DAG_RUN_ID=scheduled__2023-10-06T19:35:00+00:00
[2023-10-06 19:36:03,696] {logging_mixin.py:104} INFO - 
[2023-10-06 19:36:03,712] {logging_mixin.py:104} INFO -     temperature        city  pression              date
0       289.04       Paris      1026  2023-10-06 19:36
1       290.35      London      1023  2023-10-06 19:36
2       292.25  Washington      1025  2023-10-06 19:36
3       289.04       Paris      1026  2023-10-06 19:35
4       290.35      London      1023  2023-10-06 19:35
5       292.25  Washington      1025  2023-10-06 19:35
6       289.04       Paris      1026  2023-10-06 19:34
7       290.35      London      1023  2023-10-06 19:34
8       292.25  Washington      1025  2023-10-06 19:34
9       289.07       Paris      1026  2023-10-06 19:33
[2023-10-06 19:36:03,715] {python.py:151} INFO - Done. Returned value was: None
[2023-10-06 19:36:03,725] {taskinstance.py:1211} INFO - Marking task as SUCCESS. dag_id=***_exam, task_id=transform_into_data.csv, execution_date=20231006T193500, start_date=20231006T193603, end_date=20231006T193603
[2023-10-06 19:36:03,770] {taskinstance.py:1265} INFO - 0 downstream tasks scheduled from follow-on schedule check
[2023-10-06 19:36:03,808] {local_task_job.py:151} INFO - Task exited with return code 0
