[2024-03-21 16:59:01,203] {taskinstance.py:896} INFO - Dependencies all met for <TaskInstance: airflow_exam.retrieve_raw_data 2024-03-21T16:58:00+00:00 [queued]>
[2024-03-21 16:59:01,223] {taskinstance.py:896} INFO - Dependencies all met for <TaskInstance: airflow_exam.retrieve_raw_data 2024-03-21T16:58:00+00:00 [queued]>
[2024-03-21 16:59:01,224] {taskinstance.py:1087} INFO - 
--------------------------------------------------------------------------------
[2024-03-21 16:59:01,224] {taskinstance.py:1088} INFO - Starting attempt 1 of 6
[2024-03-21 16:59:01,224] {taskinstance.py:1089} INFO - 
--------------------------------------------------------------------------------
[2024-03-21 16:59:01,234] {taskinstance.py:1107} INFO - Executing <Task(PythonOperator): retrieve_raw_data> on 2024-03-21T16:58:00+00:00
[2024-03-21 16:59:01,241] {standard_task_runner.py:52} INFO - Started process 16839 to run task
[2024-03-21 16:59:01,244] {standard_task_runner.py:76} INFO - Running: ['***', 'tasks', 'run', '***_exam', 'retrieve_raw_data', '2024-03-21T16:58:00+00:00', '--job-id', '9596', '--pool', 'default_pool', '--raw', '--subdir', 'DAGS_FOLDER/DAG.py', '--cfg-path', '/tmp/tmpd7m9f6rb', '--error-file', '/tmp/tmp96wibcyt']
[2024-03-21 16:59:01,244] {standard_task_runner.py:77} INFO - Job 9596: Subtask retrieve_raw_data
[2024-03-21 16:59:01,295] {logging_mixin.py:104} INFO - Running <TaskInstance: ***_exam.retrieve_raw_data 2024-03-21T16:58:00+00:00 [running]> on host 3a3d0401ac26
[2024-03-21 16:59:01,355] {taskinstance.py:1302} INFO - Exporting the following env vars:
AIRFLOW_CTX_DAG_OWNER=***
AIRFLOW_CTX_DAG_ID=***_exam
AIRFLOW_CTX_TASK_ID=retrieve_raw_data
AIRFLOW_CTX_EXECUTION_DATE=2024-03-21T16:58:00+00:00
AIRFLOW_CTX_DAG_RUN_ID=scheduled__2024-03-21T16:58:00+00:00
[2024-03-21 16:59:02,263] {python.py:151} INFO - Done. Returned value was: None
[2024-03-21 16:59:02,279] {taskinstance.py:1211} INFO - Marking task as SUCCESS. dag_id=***_exam, task_id=retrieve_raw_data, execution_date=20240321T165800, start_date=20240321T165901, end_date=20240321T165902
[2024-03-21 16:59:02,330] {taskinstance.py:1265} INFO - 2 downstream tasks scheduled from follow-on schedule check
[2024-03-21 16:59:02,341] {local_task_job.py:151} INFO - Task exited with return code 0
