[2024-03-15 16:58:04,073] {taskinstance.py:896} INFO - Dependencies all met for <TaskInstance: airflow_exam.transform_into_fulldata.csv 2024-03-15T16:57:00+00:00 [queued]>
[2024-03-15 16:58:04,091] {taskinstance.py:896} INFO - Dependencies all met for <TaskInstance: airflow_exam.transform_into_fulldata.csv 2024-03-15T16:57:00+00:00 [queued]>
[2024-03-15 16:58:04,091] {taskinstance.py:1087} INFO - 
--------------------------------------------------------------------------------
[2024-03-15 16:58:04,091] {taskinstance.py:1088} INFO - Starting attempt 1 of 1
[2024-03-15 16:58:04,091] {taskinstance.py:1089} INFO - 
--------------------------------------------------------------------------------
[2024-03-15 16:58:04,102] {taskinstance.py:1107} INFO - Executing <Task(PythonOperator): transform_into_fulldata.csv> on 2024-03-15T16:57:00+00:00
[2024-03-15 16:58:04,109] {standard_task_runner.py:52} INFO - Started process 27837 to run task
[2024-03-15 16:58:04,112] {standard_task_runner.py:76} INFO - Running: ['***', 'tasks', 'run', '***_exam', 'transform_into_fulldata.csv', '2024-03-15T16:57:00+00:00', '--job-id', '2717', '--pool', 'default_pool', '--raw', '--subdir', 'DAGS_FOLDER/DAG.py', '--cfg-path', '/tmp/tmpvyhqezqi', '--error-file', '/tmp/tmp6uoz1ogx']
[2024-03-15 16:58:04,113] {standard_task_runner.py:77} INFO - Job 2717: Subtask transform_into_fulldata.csv
[2024-03-15 16:58:04,159] {logging_mixin.py:104} INFO - Running <TaskInstance: ***_exam.transform_into_fulldata.csv 2024-03-15T16:57:00+00:00 [running]> on host 3a3d0401ac26
[2024-03-15 16:58:04,219] {taskinstance.py:1302} INFO - Exporting the following env vars:
AIRFLOW_CTX_DAG_OWNER=***
AIRFLOW_CTX_DAG_ID=***_exam
AIRFLOW_CTX_TASK_ID=transform_into_fulldata.csv
AIRFLOW_CTX_EXECUTION_DATE=2024-03-15T16:57:00+00:00
AIRFLOW_CTX_DAG_RUN_ID=scheduled__2024-03-15T16:57:00+00:00
[2024-03-15 16:58:04,241] {logging_mixin.py:104} INFO - 
[2024-03-15 16:58:04,257] {logging_mixin.py:104} INFO -     temperature        city  pression              date
0       287.95       Paris      1011  2024-03-15 16:58
1       286.62      London      1004  2024-03-15 16:58
2       284.07  Washington      1026  2024-03-15 16:58
3       287.95       Paris      1011  2024-03-15 16:57
4       286.62      London      1004  2024-03-15 16:57
5       284.07  Washington      1026  2024-03-15 16:57
6       288.20       Paris      1011  2024-03-15 16:56
7       286.62      London      1004  2024-03-15 16:56
8       284.07  Washington      1026  2024-03-15 16:56
9       288.20       Paris      1011  2024-03-15 16:55
[2024-03-15 16:58:04,263] {python.py:151} INFO - Done. Returned value was: None
[2024-03-15 16:58:04,275] {taskinstance.py:1211} INFO - Marking task as SUCCESS. dag_id=***_exam, task_id=transform_into_fulldata.csv, execution_date=20240315T165700, start_date=20240315T165804, end_date=20240315T165804
[2024-03-15 16:58:04,324] {taskinstance.py:1265} INFO - 3 downstream tasks scheduled from follow-on schedule check
[2024-03-15 16:58:04,365] {local_task_job.py:151} INFO - Task exited with return code 0
