[2024-03-16 00:51:04,070] {taskinstance.py:896} INFO - Dependencies all met for <TaskInstance: airflow_exam.transform_into_fulldata.csv 2024-03-16T00:50:00+00:00 [queued]>
[2024-03-16 00:51:04,093] {taskinstance.py:896} INFO - Dependencies all met for <TaskInstance: airflow_exam.transform_into_fulldata.csv 2024-03-16T00:50:00+00:00 [queued]>
[2024-03-16 00:51:04,093] {taskinstance.py:1087} INFO - 
--------------------------------------------------------------------------------
[2024-03-16 00:51:04,093] {taskinstance.py:1088} INFO - Starting attempt 1 of 1
[2024-03-16 00:51:04,093] {taskinstance.py:1089} INFO - 
--------------------------------------------------------------------------------
[2024-03-16 00:51:04,106] {taskinstance.py:1107} INFO - Executing <Task(PythonOperator): transform_into_fulldata.csv> on 2024-03-16T00:50:00+00:00
[2024-03-16 00:51:04,114] {standard_task_runner.py:52} INFO - Started process 106583 to run task
[2024-03-16 00:51:04,117] {standard_task_runner.py:76} INFO - Running: ['***', 'tasks', 'run', '***_exam', 'transform_into_fulldata.csv', '2024-03-16T00:50:00+00:00', '--job-id', '5429', '--pool', 'default_pool', '--raw', '--subdir', 'DAGS_FOLDER/DAG.py', '--cfg-path', '/tmp/tmpebs5s9yk', '--error-file', '/tmp/tmpvqz86zdy']
[2024-03-16 00:51:04,118] {standard_task_runner.py:77} INFO - Job 5429: Subtask transform_into_fulldata.csv
[2024-03-16 00:51:04,172] {logging_mixin.py:104} INFO - Running <TaskInstance: ***_exam.transform_into_fulldata.csv 2024-03-16T00:50:00+00:00 [running]> on host 3a3d0401ac26
[2024-03-16 00:51:04,245] {taskinstance.py:1302} INFO - Exporting the following env vars:
AIRFLOW_CTX_DAG_OWNER=***
AIRFLOW_CTX_DAG_ID=***_exam
AIRFLOW_CTX_TASK_ID=transform_into_fulldata.csv
AIRFLOW_CTX_EXECUTION_DATE=2024-03-16T00:50:00+00:00
AIRFLOW_CTX_DAG_RUN_ID=scheduled__2024-03-16T00:50:00+00:00
[2024-03-16 00:51:04,318] {logging_mixin.py:104} INFO - 
[2024-03-16 00:51:04,341] {logging_mixin.py:104} INFO -     temperature        city  pression              date
0       284.61       Paris      1016  2024-03-16 00:51
1       281.33      London      1013  2024-03-16 00:51
2       287.67  Washington      1021  2024-03-16 00:51
3       284.61       Paris      1016  2024-03-16 00:50
4       281.33      London      1013  2024-03-16 00:50
5       287.67  Washington      1021  2024-03-16 00:50
6       284.61       Paris      1016  2024-03-16 00:49
7       281.33      London      1013  2024-03-16 00:49
8       287.67  Washington      1021  2024-03-16 00:49
9       284.40       Paris      1016  2024-03-16 00:48
[2024-03-16 00:51:04,351] {python.py:151} INFO - Done. Returned value was: None
[2024-03-16 00:51:04,364] {taskinstance.py:1211} INFO - Marking task as SUCCESS. dag_id=***_exam, task_id=transform_into_fulldata.csv, execution_date=20240316T005000, start_date=20240316T005104, end_date=20240316T005104
[2024-03-16 00:51:04,407] {taskinstance.py:1265} INFO - 3 downstream tasks scheduled from follow-on schedule check
[2024-03-16 00:51:04,450] {local_task_job.py:151} INFO - Task exited with return code 0
