[2023-10-05 19:20:04,128] {taskinstance.py:896} INFO - Dependencies all met for <TaskInstance: airflow_exam.transform_into_csv 2023-10-05T19:20:01.160091+00:00 [queued]>
[2023-10-05 19:20:04,147] {taskinstance.py:896} INFO - Dependencies all met for <TaskInstance: airflow_exam.transform_into_csv 2023-10-05T19:20:01.160091+00:00 [queued]>
[2023-10-05 19:20:04,148] {taskinstance.py:1087} INFO - 
--------------------------------------------------------------------------------
[2023-10-05 19:20:04,148] {taskinstance.py:1088} INFO - Starting attempt 1 of 1
[2023-10-05 19:20:04,148] {taskinstance.py:1089} INFO - 
--------------------------------------------------------------------------------
[2023-10-05 19:20:04,158] {taskinstance.py:1107} INFO - Executing <Task(PythonOperator): transform_into_csv> on 2023-10-05T19:20:01.160091+00:00
[2023-10-05 19:20:04,196] {standard_task_runner.py:52} INFO - Started process 982 to run task
[2023-10-05 19:20:04,199] {standard_task_runner.py:76} INFO - Running: ['***', 'tasks', 'run', '***_exam', 'transform_into_csv', '2023-10-05T19:20:01.160091+00:00', '--job-id', '179', '--pool', 'default_pool', '--raw', '--subdir', 'DAGS_FOLDER/DAG.py', '--cfg-path', '/tmp/tmpvf1vc_ic', '--error-file', '/tmp/tmpsvfj3rwr']
[2023-10-05 19:20:04,200] {standard_task_runner.py:77} INFO - Job 179: Subtask transform_into_csv
[2023-10-05 19:20:04,258] {logging_mixin.py:104} INFO - Running <TaskInstance: ***_exam.transform_into_csv 2023-10-05T19:20:01.160091+00:00 [running]> on host 3a3d0401ac26
[2023-10-05 19:20:04,333] {taskinstance.py:1302} INFO - Exporting the following env vars:
AIRFLOW_CTX_DAG_OWNER=***
AIRFLOW_CTX_DAG_ID=***_exam
AIRFLOW_CTX_TASK_ID=transform_into_csv
AIRFLOW_CTX_EXECUTION_DATE=2023-10-05T19:20:01.160091+00:00
AIRFLOW_CTX_DAG_RUN_ID=manual__2023-10-05T19:20:01.160091+00:00
[2023-10-05 19:20:04,337] {logging_mixin.py:104} INFO - 
[2023-10-05 19:20:04,364] {logging_mixin.py:104} INFO -     temperature        city  pression              date
0       290.92       Paris      1026  2023-10-05 19:21
1       290.06      London      1024  2023-10-05 19:21
2       289.15  Washington      1026  2023-10-05 19:21
3       288.66       Paris      1026  2023-10-05 19:20
4       287.81      London      1024  2023-10-05 19:20
5       292.76  Washington      1025  2023-10-05 19:20
6       288.66       Paris      1026  2023-10-05 19:19
7       287.81      London      1024  2023-10-05 19:19
8       292.76  Washington      1025  2023-10-05 19:19
9       288.66       Paris      1026  2023-10-05 19:11
[2023-10-05 19:20:04,368] {python.py:151} INFO - Done. Returned value was: None
[2023-10-05 19:20:04,381] {taskinstance.py:1211} INFO - Marking task as SUCCESS. dag_id=***_exam, task_id=transform_into_csv, execution_date=20231005T192001, start_date=20231005T192004, end_date=20231005T192004
[2023-10-05 19:20:04,415] {taskinstance.py:1265} INFO - 0 downstream tasks scheduled from follow-on schedule check
[2023-10-05 19:20:04,451] {local_task_job.py:151} INFO - Task exited with return code 0
