[2024-03-16 03:42:05,761] {taskinstance.py:896} INFO - Dependencies all met for <TaskInstance: airflow_exam.transform_into_data.csv 2024-03-16T03:41:00+00:00 [queued]>
[2024-03-16 03:42:05,796] {taskinstance.py:896} INFO - Dependencies all met for <TaskInstance: airflow_exam.transform_into_data.csv 2024-03-16T03:41:00+00:00 [queued]>
[2024-03-16 03:42:05,797] {taskinstance.py:1087} INFO - 
--------------------------------------------------------------------------------
[2024-03-16 03:42:05,797] {taskinstance.py:1088} INFO - Starting attempt 1 of 1
[2024-03-16 03:42:05,797] {taskinstance.py:1089} INFO - 
--------------------------------------------------------------------------------
[2024-03-16 03:42:05,817] {taskinstance.py:1107} INFO - Executing <Task(PythonOperator): transform_into_data.csv> on 2024-03-16T03:41:00+00:00
[2024-03-16 03:42:05,830] {standard_task_runner.py:52} INFO - Started process 143251 to run task
[2024-03-16 03:42:05,838] {standard_task_runner.py:76} INFO - Running: ['***', 'tasks', 'run', '***_exam', 'transform_into_data.csv', '2024-03-16T03:41:00+00:00', '--job-id', '6626', '--pool', 'default_pool', '--raw', '--subdir', 'DAGS_FOLDER/DAG.py', '--cfg-path', '/tmp/tmpd709b7qd', '--error-file', '/tmp/tmpuhpi8ojw']
[2024-03-16 03:42:05,839] {standard_task_runner.py:77} INFO - Job 6626: Subtask transform_into_data.csv
[2024-03-16 03:42:05,930] {logging_mixin.py:104} INFO - Running <TaskInstance: ***_exam.transform_into_data.csv 2024-03-16T03:41:00+00:00 [running]> on host 3a3d0401ac26
[2024-03-16 03:42:06,045] {taskinstance.py:1302} INFO - Exporting the following env vars:
AIRFLOW_CTX_DAG_OWNER=***
AIRFLOW_CTX_DAG_ID=***_exam
AIRFLOW_CTX_TASK_ID=transform_into_data.csv
AIRFLOW_CTX_EXECUTION_DATE=2024-03-16T03:41:00+00:00
AIRFLOW_CTX_DAG_RUN_ID=scheduled__2024-03-16T03:41:00+00:00
[2024-03-16 03:42:06,056] {logging_mixin.py:104} INFO - 
[2024-03-16 03:42:06,089] {logging_mixin.py:104} INFO -     temperature        city  pression              date
0       284.04       Paris      1017  2024-03-16 03:42
1       281.48      London      1016  2024-03-16 03:42
2       282.37  Washington      1023  2024-03-16 03:42
3       284.04       Paris      1017  2024-03-16 03:41
4       281.48      London      1016  2024-03-16 03:41
5       282.37  Washington      1023  2024-03-16 03:41
6       284.04       Paris      1017  2024-03-16 03:40
7       281.48      London      1016  2024-03-16 03:40
8       282.37  Washington      1023  2024-03-16 03:40
9       284.04       Paris      1017  2024-03-16 03:39
[2024-03-16 03:42:06,096] {python.py:151} INFO - Done. Returned value was: None
[2024-03-16 03:42:06,116] {taskinstance.py:1211} INFO - Marking task as SUCCESS. dag_id=***_exam, task_id=transform_into_data.csv, execution_date=20240316T034100, start_date=20240316T034205, end_date=20240316T034206
[2024-03-16 03:42:06,164] {taskinstance.py:1265} INFO - 0 downstream tasks scheduled from follow-on schedule check
[2024-03-16 03:42:06,215] {local_task_job.py:151} INFO - Task exited with return code 0
