[2024-03-21 18:35:03,777] {taskinstance.py:896} INFO - Dependencies all met for <TaskInstance: airflow_exam.transform_into_fulldata.csv 2024-03-21T18:34:00+00:00 [queued]>
[2024-03-21 18:35:03,809] {taskinstance.py:896} INFO - Dependencies all met for <TaskInstance: airflow_exam.transform_into_fulldata.csv 2024-03-21T18:34:00+00:00 [queued]>
[2024-03-21 18:35:03,809] {taskinstance.py:1087} INFO - 
--------------------------------------------------------------------------------
[2024-03-21 18:35:03,809] {taskinstance.py:1088} INFO - Starting attempt 1 of 1
[2024-03-21 18:35:03,809] {taskinstance.py:1089} INFO - 
--------------------------------------------------------------------------------
[2024-03-21 18:35:03,826] {taskinstance.py:1107} INFO - Executing <Task(PythonOperator): transform_into_fulldata.csv> on 2024-03-21T18:34:00+00:00
[2024-03-21 18:35:03,839] {standard_task_runner.py:52} INFO - Started process 37530 to run task
[2024-03-21 18:35:03,847] {standard_task_runner.py:76} INFO - Running: ['***', 'tasks', 'run', '***_exam', 'transform_into_fulldata.csv', '2024-03-21T18:34:00+00:00', '--job-id', '10269', '--pool', 'default_pool', '--raw', '--subdir', 'DAGS_FOLDER/DAG.py', '--cfg-path', '/tmp/tmptccpjk0r', '--error-file', '/tmp/tmpf7cevppu']
[2024-03-21 18:35:03,848] {standard_task_runner.py:77} INFO - Job 10269: Subtask transform_into_fulldata.csv
[2024-03-21 18:35:03,929] {logging_mixin.py:104} INFO - Running <TaskInstance: ***_exam.transform_into_fulldata.csv 2024-03-21T18:34:00+00:00 [running]> on host 3a3d0401ac26
[2024-03-21 18:35:04,022] {taskinstance.py:1302} INFO - Exporting the following env vars:
AIRFLOW_CTX_DAG_OWNER=***
AIRFLOW_CTX_DAG_ID=***_exam
AIRFLOW_CTX_TASK_ID=transform_into_fulldata.csv
AIRFLOW_CTX_EXECUTION_DATE=2024-03-21T18:34:00+00:00
AIRFLOW_CTX_DAG_RUN_ID=scheduled__2024-03-21T18:34:00+00:00
[2024-03-21 18:35:04,143] {logging_mixin.py:104} INFO - 
[2024-03-21 18:35:04,164] {logging_mixin.py:104} INFO -     temperature        city  pression              date
0       289.90       Paris      1025  2024-03-21 18:35
1       287.79      London      1022  2024-03-21 18:35
2       285.16  Washington      1014  2024-03-21 18:35
3       289.90       Paris      1025  2024-03-21 18:34
4       287.79      London      1022  2024-03-21 18:34
5       285.16  Washington      1014  2024-03-21 18:34
6       289.91       Paris      1025  2024-03-21 18:33
7       287.90      London      1022  2024-03-21 18:33
8       285.16  Washington      1014  2024-03-21 18:33
9       289.91       Paris      1025  2024-03-21 18:32
[2024-03-21 18:35:04,181] {python.py:151} INFO - Done. Returned value was: None
[2024-03-21 18:35:04,194] {taskinstance.py:1211} INFO - Marking task as SUCCESS. dag_id=***_exam, task_id=transform_into_fulldata.csv, execution_date=20240321T183400, start_date=20240321T183503, end_date=20240321T183504
[2024-03-21 18:35:04,235] {taskinstance.py:1265} INFO - 3 downstream tasks scheduled from follow-on schedule check
[2024-03-21 18:35:04,257] {local_task_job.py:151} INFO - Task exited with return code 0
