[2024-03-21 20:29:04,191] {taskinstance.py:896} INFO - Dependencies all met for <TaskInstance: airflow_exam.transform_into_data.csv 2024-03-21T20:28:00+00:00 [queued]>
[2024-03-21 20:29:04,211] {taskinstance.py:896} INFO - Dependencies all met for <TaskInstance: airflow_exam.transform_into_data.csv 2024-03-21T20:28:00+00:00 [queued]>
[2024-03-21 20:29:04,211] {taskinstance.py:1087} INFO - 
--------------------------------------------------------------------------------
[2024-03-21 20:29:04,212] {taskinstance.py:1088} INFO - Starting attempt 1 of 1
[2024-03-21 20:29:04,212] {taskinstance.py:1089} INFO - 
--------------------------------------------------------------------------------
[2024-03-21 20:29:04,224] {taskinstance.py:1107} INFO - Executing <Task(PythonOperator): transform_into_data.csv> on 2024-03-21T20:28:00+00:00
[2024-03-21 20:29:04,232] {standard_task_runner.py:52} INFO - Started process 62188 to run task
[2024-03-21 20:29:04,236] {standard_task_runner.py:76} INFO - Running: ['***', 'tasks', 'run', '***_exam', 'transform_into_data.csv', '2024-03-21T20:28:00+00:00', '--job-id', '11067', '--pool', 'default_pool', '--raw', '--subdir', 'DAGS_FOLDER/DAG.py', '--cfg-path', '/tmp/tmps7hmuh05', '--error-file', '/tmp/tmpugrrxolr']
[2024-03-21 20:29:04,237] {standard_task_runner.py:77} INFO - Job 11067: Subtask transform_into_data.csv
[2024-03-21 20:29:04,287] {logging_mixin.py:104} INFO - Running <TaskInstance: ***_exam.transform_into_data.csv 2024-03-21T20:28:00+00:00 [running]> on host 3a3d0401ac26
[2024-03-21 20:29:04,361] {taskinstance.py:1302} INFO - Exporting the following env vars:
AIRFLOW_CTX_DAG_OWNER=***
AIRFLOW_CTX_DAG_ID=***_exam
AIRFLOW_CTX_TASK_ID=transform_into_data.csv
AIRFLOW_CTX_EXECUTION_DATE=2024-03-21T20:28:00+00:00
AIRFLOW_CTX_DAG_RUN_ID=scheduled__2024-03-21T20:28:00+00:00
[2024-03-21 20:29:04,369] {logging_mixin.py:104} INFO - 
[2024-03-21 20:29:04,390] {logging_mixin.py:104} INFO -     temperature        city  pression              date
0       287.52       Paris      1025  2024-03-21 20:29
1       286.03      London      1022  2024-03-21 20:29
2       287.52  Washington      1013  2024-03-21 20:29
3       287.52       Paris      1025  2024-03-21 20:28
4       286.03      London      1022  2024-03-21 20:28
5       287.52  Washington      1013  2024-03-21 20:28
6       287.52       Paris      1025  2024-03-21 20:27
7       286.03      London      1022  2024-03-21 20:27
8       287.52  Washington      1013  2024-03-21 20:27
9       287.52       Paris      1025  2024-03-21 20:26
[2024-03-21 20:29:04,395] {python.py:151} INFO - Done. Returned value was: None
[2024-03-21 20:29:04,408] {taskinstance.py:1211} INFO - Marking task as SUCCESS. dag_id=***_exam, task_id=transform_into_data.csv, execution_date=20240321T202800, start_date=20240321T202904, end_date=20240321T202904
[2024-03-21 20:29:04,444] {taskinstance.py:1265} INFO - 0 downstream tasks scheduled from follow-on schedule check
[2024-03-21 20:29:04,489] {local_task_job.py:151} INFO - Task exited with return code 0
