[2024-03-15 16:05:04,356] {taskinstance.py:896} INFO - Dependencies all met for <TaskInstance: airflow_exam.transform_into_fulldata.csv 2024-03-15T16:04:00+00:00 [queued]>
[2024-03-15 16:05:04,379] {taskinstance.py:896} INFO - Dependencies all met for <TaskInstance: airflow_exam.transform_into_fulldata.csv 2024-03-15T16:04:00+00:00 [queued]>
[2024-03-15 16:05:04,379] {taskinstance.py:1087} INFO - 
--------------------------------------------------------------------------------
[2024-03-15 16:05:04,379] {taskinstance.py:1088} INFO - Starting attempt 1 of 1
[2024-03-15 16:05:04,379] {taskinstance.py:1089} INFO - 
--------------------------------------------------------------------------------
[2024-03-15 16:05:04,393] {taskinstance.py:1107} INFO - Executing <Task(PythonOperator): transform_into_fulldata.csv> on 2024-03-15T16:04:00+00:00
[2024-03-15 16:05:04,402] {standard_task_runner.py:52} INFO - Started process 17558 to run task
[2024-03-15 16:05:04,405] {standard_task_runner.py:76} INFO - Running: ['***', 'tasks', 'run', '***_exam', 'transform_into_fulldata.csv', '2024-03-15T16:04:00+00:00', '--job-id', '2346', '--pool', 'default_pool', '--raw', '--subdir', 'DAGS_FOLDER/DAG.py', '--cfg-path', '/tmp/tmpnkairwh8', '--error-file', '/tmp/tmpb8m0kinf']
[2024-03-15 16:05:04,406] {standard_task_runner.py:77} INFO - Job 2346: Subtask transform_into_fulldata.csv
[2024-03-15 16:05:04,455] {logging_mixin.py:104} INFO - Running <TaskInstance: ***_exam.transform_into_fulldata.csv 2024-03-15T16:04:00+00:00 [running]> on host 3a3d0401ac26
[2024-03-15 16:05:04,526] {taskinstance.py:1302} INFO - Exporting the following env vars:
AIRFLOW_CTX_DAG_OWNER=***
AIRFLOW_CTX_DAG_ID=***_exam
AIRFLOW_CTX_TASK_ID=transform_into_fulldata.csv
AIRFLOW_CTX_EXECUTION_DATE=2024-03-15T16:04:00+00:00
AIRFLOW_CTX_DAG_RUN_ID=scheduled__2024-03-15T16:04:00+00:00
[2024-03-15 16:05:04,548] {logging_mixin.py:104} INFO - 
[2024-03-15 16:05:04,569] {logging_mixin.py:104} INFO -     temperature        city  pression              date
0       289.42       Paris      1011  2024-03-15 16:05
1       286.90      London      1004  2024-03-15 16:05
2       282.95  Washington      1027  2024-03-15 16:05
3       289.42       Paris      1011  2024-03-15 16:04
4       286.90      London      1004  2024-03-15 16:04
5       282.95  Washington      1027  2024-03-15 16:04
6       289.58       Paris      1011  2024-03-15 16:03
7       286.90      London      1004  2024-03-15 16:03
8       282.95  Washington      1027  2024-03-15 16:03
9       289.58       Paris      1011  2024-03-15 16:02
[2024-03-15 16:05:04,575] {python.py:151} INFO - Done. Returned value was: None
[2024-03-15 16:05:04,589] {taskinstance.py:1211} INFO - Marking task as SUCCESS. dag_id=***_exam, task_id=transform_into_fulldata.csv, execution_date=20240315T160400, start_date=20240315T160504, end_date=20240315T160504
[2024-03-15 16:05:04,630] {taskinstance.py:1265} INFO - 3 downstream tasks scheduled from follow-on schedule check
[2024-03-15 16:05:04,659] {local_task_job.py:151} INFO - Task exited with return code 0
