[2024-03-15 18:16:05,380] {taskinstance.py:896} INFO - Dependencies all met for <TaskInstance: airflow_exam.transform_into_fulldata.csv 2024-03-15T18:15:00+00:00 [queued]>
[2024-03-15 18:16:05,408] {taskinstance.py:896} INFO - Dependencies all met for <TaskInstance: airflow_exam.transform_into_fulldata.csv 2024-03-15T18:15:00+00:00 [queued]>
[2024-03-15 18:16:05,409] {taskinstance.py:1087} INFO - 
--------------------------------------------------------------------------------
[2024-03-15 18:16:05,409] {taskinstance.py:1088} INFO - Starting attempt 1 of 1
[2024-03-15 18:16:05,409] {taskinstance.py:1089} INFO - 
--------------------------------------------------------------------------------
[2024-03-15 18:16:05,423] {taskinstance.py:1107} INFO - Executing <Task(PythonOperator): transform_into_fulldata.csv> on 2024-03-15T18:15:00+00:00
[2024-03-15 18:16:05,434] {standard_task_runner.py:52} INFO - Started process 43713 to run task
[2024-03-15 18:16:05,438] {standard_task_runner.py:76} INFO - Running: ['***', 'tasks', 'run', '***_exam', 'transform_into_fulldata.csv', '2024-03-15T18:15:00+00:00', '--job-id', '3265', '--pool', 'default_pool', '--raw', '--subdir', 'DAGS_FOLDER/DAG.py', '--cfg-path', '/tmp/tmpg04c8uqy', '--error-file', '/tmp/tmpdrd6wzrd']
[2024-03-15 18:16:05,438] {standard_task_runner.py:77} INFO - Job 3265: Subtask transform_into_fulldata.csv
[2024-03-15 18:16:05,518] {logging_mixin.py:104} INFO - Running <TaskInstance: ***_exam.transform_into_fulldata.csv 2024-03-15T18:15:00+00:00 [running]> on host 3a3d0401ac26
[2024-03-15 18:16:05,621] {taskinstance.py:1302} INFO - Exporting the following env vars:
AIRFLOW_CTX_DAG_OWNER=***
AIRFLOW_CTX_DAG_ID=***_exam
AIRFLOW_CTX_TASK_ID=transform_into_fulldata.csv
AIRFLOW_CTX_EXECUTION_DATE=2024-03-15T18:15:00+00:00
AIRFLOW_CTX_DAG_RUN_ID=scheduled__2024-03-15T18:15:00+00:00
[2024-03-15 18:16:05,681] {logging_mixin.py:104} INFO - 
[2024-03-15 18:16:05,747] {logging_mixin.py:104} INFO -     temperature        city  pression              date
0       286.75       Paris      1012  2024-03-15 18:16
1       285.62      London      1005  2024-03-15 18:16
2       281.12  Washington      1026  2024-03-15 18:16
3       286.75       Paris      1012  2024-03-15 18:15
4       285.62      London      1005  2024-03-15 18:15
5       281.12  Washington      1026  2024-03-15 18:15
6       286.75       Paris      1012  2024-03-15 18:14
7       285.62      London      1005  2024-03-15 18:14
8       281.12  Washington      1026  2024-03-15 18:14
9       286.75       Paris      1012  2024-03-15 18:13
[2024-03-15 18:16:05,772] {python.py:151} INFO - Done. Returned value was: None
[2024-03-15 18:16:05,819] {taskinstance.py:1211} INFO - Marking task as SUCCESS. dag_id=***_exam, task_id=transform_into_fulldata.csv, execution_date=20240315T181500, start_date=20240315T181605, end_date=20240315T181605
[2024-03-15 18:16:05,924] {taskinstance.py:1265} INFO - 3 downstream tasks scheduled from follow-on schedule check
[2024-03-15 18:16:05,972] {local_task_job.py:151} INFO - Task exited with return code 0
