[2024-03-21 01:28:01,983] {taskinstance.py:896} INFO - Dependencies all met for <TaskInstance: airflow_exam.retrieve_raw_data 2024-03-21T01:27:00+00:00 [queued]>
[2024-03-21 01:28:02,002] {taskinstance.py:896} INFO - Dependencies all met for <TaskInstance: airflow_exam.retrieve_raw_data 2024-03-21T01:27:00+00:00 [queued]>
[2024-03-21 01:28:02,002] {taskinstance.py:1087} INFO - 
--------------------------------------------------------------------------------
[2024-03-21 01:28:02,003] {taskinstance.py:1088} INFO - Starting attempt 1 of 6
[2024-03-21 01:28:02,003] {taskinstance.py:1089} INFO - 
--------------------------------------------------------------------------------
[2024-03-21 01:28:02,025] {taskinstance.py:1107} INFO - Executing <Task(PythonOperator): retrieve_raw_data> on 2024-03-21T01:27:00+00:00
[2024-03-21 01:28:02,036] {standard_task_runner.py:52} INFO - Started process 14488 to run task
[2024-03-21 01:28:02,040] {standard_task_runner.py:76} INFO - Running: ['***', 'tasks', 'run', '***_exam', 'retrieve_raw_data', '2024-03-21T01:27:00+00:00', '--job-id', '8841', '--pool', 'default_pool', '--raw', '--subdir', 'DAGS_FOLDER/DAG.py', '--cfg-path', '/tmp/tmp2j4gshnc', '--error-file', '/tmp/tmpnrrajleu']
[2024-03-21 01:28:02,040] {standard_task_runner.py:77} INFO - Job 8841: Subtask retrieve_raw_data
[2024-03-21 01:28:02,102] {logging_mixin.py:104} INFO - Running <TaskInstance: ***_exam.retrieve_raw_data 2024-03-21T01:27:00+00:00 [running]> on host 3a3d0401ac26
[2024-03-21 01:28:02,187] {taskinstance.py:1302} INFO - Exporting the following env vars:
AIRFLOW_CTX_DAG_OWNER=***
AIRFLOW_CTX_DAG_ID=***_exam
AIRFLOW_CTX_TASK_ID=retrieve_raw_data
AIRFLOW_CTX_EXECUTION_DATE=2024-03-21T01:27:00+00:00
AIRFLOW_CTX_DAG_RUN_ID=scheduled__2024-03-21T01:27:00+00:00
[2024-03-21 01:28:02,642] {python.py:151} INFO - Done. Returned value was: None
[2024-03-21 01:28:02,659] {taskinstance.py:1211} INFO - Marking task as SUCCESS. dag_id=***_exam, task_id=retrieve_raw_data, execution_date=20240321T012700, start_date=20240321T012801, end_date=20240321T012802
[2024-03-21 01:28:02,716] {taskinstance.py:1265} INFO - 2 downstream tasks scheduled from follow-on schedule check
[2024-03-21 01:28:02,735] {local_task_job.py:151} INFO - Task exited with return code 0
