[2024-03-20 21:27:05,849] {taskinstance.py:896} INFO - Dependencies all met for <TaskInstance: airflow_exam.transform_into_data.csv 2024-03-20T21:26:00+00:00 [queued]>
[2024-03-20 21:27:05,865] {taskinstance.py:896} INFO - Dependencies all met for <TaskInstance: airflow_exam.transform_into_data.csv 2024-03-20T21:26:00+00:00 [queued]>
[2024-03-20 21:27:05,865] {taskinstance.py:1087} INFO - 
--------------------------------------------------------------------------------
[2024-03-20 21:27:05,865] {taskinstance.py:1088} INFO - Starting attempt 1 of 1
[2024-03-20 21:27:05,865] {taskinstance.py:1089} INFO - 
--------------------------------------------------------------------------------
[2024-03-20 21:27:05,885] {taskinstance.py:1107} INFO - Executing <Task(PythonOperator): transform_into_data.csv> on 2024-03-20T21:26:00+00:00
[2024-03-20 21:27:05,896] {standard_task_runner.py:52} INFO - Started process 11571 to run task
[2024-03-20 21:27:05,900] {standard_task_runner.py:76} INFO - Running: ['***', 'tasks', 'run', '***_exam', 'transform_into_data.csv', '2024-03-20T21:26:00+00:00', '--job-id', '7213', '--pool', 'default_pool', '--raw', '--subdir', 'DAGS_FOLDER/DAG.py', '--cfg-path', '/tmp/tmpziqzllxx', '--error-file', '/tmp/tmp470chpbv']
[2024-03-20 21:27:05,901] {standard_task_runner.py:77} INFO - Job 7213: Subtask transform_into_data.csv
[2024-03-20 21:27:05,960] {logging_mixin.py:104} INFO - Running <TaskInstance: ***_exam.transform_into_data.csv 2024-03-20T21:26:00+00:00 [running]> on host 3a3d0401ac26
[2024-03-20 21:27:06,035] {taskinstance.py:1302} INFO - Exporting the following env vars:
AIRFLOW_CTX_DAG_OWNER=***
AIRFLOW_CTX_DAG_ID=***_exam
AIRFLOW_CTX_TASK_ID=transform_into_data.csv
AIRFLOW_CTX_EXECUTION_DATE=2024-03-20T21:26:00+00:00
AIRFLOW_CTX_DAG_RUN_ID=scheduled__2024-03-20T21:26:00+00:00
[2024-03-20 21:27:06,042] {logging_mixin.py:104} INFO - 
[2024-03-20 21:27:06,065] {logging_mixin.py:104} INFO -     temperature        city  pression              date
0       286.57       Paris      1019  2024-03-20 21:27
1       286.06      London      1020  2024-03-20 21:27
2       291.01  Washington      1008  2024-03-20 21:27
3       286.46       Paris      1019  2024-03-20 21:26
4       286.06      London      1020  2024-03-20 21:26
5       290.66  Washington      1008  2024-03-20 21:26
6       286.46       Paris      1019  2024-03-20 21:25
7       286.06      London      1020  2024-03-20 21:25
8       290.66  Washington      1008  2024-03-20 21:25
9       286.45       Paris      1019  2024-03-20 21:24
[2024-03-20 21:27:06,070] {python.py:151} INFO - Done. Returned value was: None
[2024-03-20 21:27:06,083] {taskinstance.py:1211} INFO - Marking task as SUCCESS. dag_id=***_exam, task_id=transform_into_data.csv, execution_date=20240320T212600, start_date=20240320T212705, end_date=20240320T212706
[2024-03-20 21:27:06,121] {taskinstance.py:1265} INFO - 0 downstream tasks scheduled from follow-on schedule check
[2024-03-20 21:27:06,153] {local_task_job.py:151} INFO - Task exited with return code 0
