[2024-03-20 21:47:05,247] {taskinstance.py:896} INFO - Dependencies all met for <TaskInstance: airflow_exam.transform_into_data.csv 2024-03-20T21:46:00+00:00 [queued]>
[2024-03-20 21:47:05,282] {taskinstance.py:896} INFO - Dependencies all met for <TaskInstance: airflow_exam.transform_into_data.csv 2024-03-20T21:46:00+00:00 [queued]>
[2024-03-20 21:47:05,282] {taskinstance.py:1087} INFO - 
--------------------------------------------------------------------------------
[2024-03-20 21:47:05,282] {taskinstance.py:1088} INFO - Starting attempt 1 of 1
[2024-03-20 21:47:05,283] {taskinstance.py:1089} INFO - 
--------------------------------------------------------------------------------
[2024-03-20 21:47:05,327] {taskinstance.py:1107} INFO - Executing <Task(PythonOperator): transform_into_data.csv> on 2024-03-20T21:46:00+00:00
[2024-03-20 21:47:05,353] {standard_task_runner.py:52} INFO - Started process 15844 to run task
[2024-03-20 21:47:05,366] {standard_task_runner.py:76} INFO - Running: ['***', 'tasks', 'run', '***_exam', 'transform_into_data.csv', '2024-03-20T21:46:00+00:00', '--job-id', '7352', '--pool', 'default_pool', '--raw', '--subdir', 'DAGS_FOLDER/DAG.py', '--cfg-path', '/tmp/tmpzh7xau2z', '--error-file', '/tmp/tmp8bm8gsyr']
[2024-03-20 21:47:05,367] {standard_task_runner.py:77} INFO - Job 7352: Subtask transform_into_data.csv
[2024-03-20 21:47:05,484] {logging_mixin.py:104} INFO - Running <TaskInstance: ***_exam.transform_into_data.csv 2024-03-20T21:46:00+00:00 [running]> on host 3a3d0401ac26
[2024-03-20 21:47:05,634] {taskinstance.py:1302} INFO - Exporting the following env vars:
AIRFLOW_CTX_DAG_OWNER=***
AIRFLOW_CTX_DAG_ID=***_exam
AIRFLOW_CTX_TASK_ID=transform_into_data.csv
AIRFLOW_CTX_EXECUTION_DATE=2024-03-20T21:46:00+00:00
AIRFLOW_CTX_DAG_RUN_ID=scheduled__2024-03-20T21:46:00+00:00
[2024-03-20 21:47:05,646] {logging_mixin.py:104} INFO - 
[2024-03-20 21:47:05,680] {logging_mixin.py:104} INFO -     temperature        city  pression              date
0       286.33       Paris      1019  2024-03-20 21:47
1       285.68      London      1020  2024-03-20 21:47
2       291.01  Washington      1007  2024-03-20 21:47
3       286.33       Paris      1019  2024-03-20 21:46
4       285.68      London      1020  2024-03-20 21:46
5       291.01  Washington      1007  2024-03-20 21:46
6       286.33       Paris      1019  2024-03-20 21:45
7       285.68      London      1020  2024-03-20 21:45
8       291.01  Washington      1007  2024-03-20 21:45
9       286.33       Paris      1019  2024-03-20 21:44
[2024-03-20 21:47:05,687] {python.py:151} INFO - Done. Returned value was: None
[2024-03-20 21:47:05,711] {taskinstance.py:1211} INFO - Marking task as SUCCESS. dag_id=***_exam, task_id=transform_into_data.csv, execution_date=20240320T214600, start_date=20240320T214705, end_date=20240320T214705
[2024-03-20 21:47:05,768] {taskinstance.py:1265} INFO - 0 downstream tasks scheduled from follow-on schedule check
[2024-03-20 21:47:05,823] {local_task_job.py:151} INFO - Task exited with return code 0
