[2024-03-15 22:08:04,525] {taskinstance.py:896} INFO - Dependencies all met for <TaskInstance: airflow_exam.transform_into_fulldata.csv 2024-03-15T22:07:00+00:00 [queued]>
[2024-03-15 22:08:04,545] {taskinstance.py:896} INFO - Dependencies all met for <TaskInstance: airflow_exam.transform_into_fulldata.csv 2024-03-15T22:07:00+00:00 [queued]>
[2024-03-15 22:08:04,545] {taskinstance.py:1087} INFO - 
--------------------------------------------------------------------------------
[2024-03-15 22:08:04,545] {taskinstance.py:1088} INFO - Starting attempt 1 of 1
[2024-03-15 22:08:04,545] {taskinstance.py:1089} INFO - 
--------------------------------------------------------------------------------
[2024-03-15 22:08:04,556] {taskinstance.py:1107} INFO - Executing <Task(PythonOperator): transform_into_fulldata.csv> on 2024-03-15T22:07:00+00:00
[2024-03-15 22:08:04,565] {standard_task_runner.py:52} INFO - Started process 73160 to run task
[2024-03-15 22:08:04,567] {standard_task_runner.py:76} INFO - Running: ['***', 'tasks', 'run', '***_exam', 'transform_into_fulldata.csv', '2024-03-15T22:07:00+00:00', '--job-id', '4295', '--pool', 'default_pool', '--raw', '--subdir', 'DAGS_FOLDER/DAG.py', '--cfg-path', '/tmp/tmpz6p6s576', '--error-file', '/tmp/tmpgzby6785']
[2024-03-15 22:08:04,568] {standard_task_runner.py:77} INFO - Job 4295: Subtask transform_into_fulldata.csv
[2024-03-15 22:08:04,613] {logging_mixin.py:104} INFO - Running <TaskInstance: ***_exam.transform_into_fulldata.csv 2024-03-15T22:07:00+00:00 [running]> on host 3a3d0401ac26
[2024-03-15 22:08:04,679] {taskinstance.py:1302} INFO - Exporting the following env vars:
AIRFLOW_CTX_DAG_OWNER=***
AIRFLOW_CTX_DAG_ID=***_exam
AIRFLOW_CTX_TASK_ID=transform_into_fulldata.csv
AIRFLOW_CTX_EXECUTION_DATE=2024-03-15T22:07:00+00:00
AIRFLOW_CTX_DAG_RUN_ID=scheduled__2024-03-15T22:07:00+00:00
[2024-03-15 22:08:04,718] {logging_mixin.py:104} INFO - 
[2024-03-15 22:08:04,737] {logging_mixin.py:104} INFO -     temperature        city  pression              date
0       285.35       Paris      1014  2024-03-15 22:08
1       283.32      London      1010  2024-03-15 22:08
2       288.89  Washington      1022  2024-03-15 22:08
3       285.35       Paris      1014  2024-03-15 22:07
4       283.32      London      1010  2024-03-15 22:07
5       288.89  Washington      1022  2024-03-15 22:07
6       285.35       Paris      1014  2024-03-15 22:06
7       283.32      London      1010  2024-03-15 22:06
8       288.89  Washington      1022  2024-03-15 22:06
9       285.35       Paris      1014  2024-03-15 22:05
[2024-03-15 22:08:04,745] {python.py:151} INFO - Done. Returned value was: None
[2024-03-15 22:08:04,758] {taskinstance.py:1211} INFO - Marking task as SUCCESS. dag_id=***_exam, task_id=transform_into_fulldata.csv, execution_date=20240315T220700, start_date=20240315T220804, end_date=20240315T220804
[2024-03-15 22:08:04,797] {taskinstance.py:1265} INFO - 3 downstream tasks scheduled from follow-on schedule check
[2024-03-15 22:08:04,820] {local_task_job.py:151} INFO - Task exited with return code 0
