[2024-03-15 16:59:29,697] {taskinstance.py:896} INFO - Dependencies all met for <TaskInstance: airflow_exam.transform_into_data.csv 2024-03-15T16:58:00+00:00 [queued]>
[2024-03-15 16:59:29,717] {taskinstance.py:896} INFO - Dependencies all met for <TaskInstance: airflow_exam.transform_into_data.csv 2024-03-15T16:58:00+00:00 [queued]>
[2024-03-15 16:59:29,717] {taskinstance.py:1087} INFO - 
--------------------------------------------------------------------------------
[2024-03-15 16:59:29,717] {taskinstance.py:1088} INFO - Starting attempt 1 of 1
[2024-03-15 16:59:29,717] {taskinstance.py:1089} INFO - 
--------------------------------------------------------------------------------
[2024-03-15 16:59:29,728] {taskinstance.py:1107} INFO - Executing <Task(PythonOperator): transform_into_data.csv> on 2024-03-15T16:58:00+00:00
[2024-03-15 16:59:29,735] {standard_task_runner.py:52} INFO - Started process 28091 to run task
[2024-03-15 16:59:29,738] {standard_task_runner.py:76} INFO - Running: ['***', 'tasks', 'run', '***_exam', 'transform_into_data.csv', '2024-03-15T16:58:00+00:00', '--job-id', '2726', '--pool', 'default_pool', '--raw', '--subdir', 'DAGS_FOLDER/DAG.py', '--cfg-path', '/tmp/tmp3hi2bcxg', '--error-file', '/tmp/tmp6t8iicj1']
[2024-03-15 16:59:29,738] {standard_task_runner.py:77} INFO - Job 2726: Subtask transform_into_data.csv
[2024-03-15 16:59:29,779] {logging_mixin.py:104} INFO - Running <TaskInstance: ***_exam.transform_into_data.csv 2024-03-15T16:58:00+00:00 [running]> on host 3a3d0401ac26
[2024-03-15 16:59:29,835] {taskinstance.py:1302} INFO - Exporting the following env vars:
AIRFLOW_CTX_DAG_OWNER=***
AIRFLOW_CTX_DAG_ID=***_exam
AIRFLOW_CTX_TASK_ID=transform_into_data.csv
AIRFLOW_CTX_EXECUTION_DATE=2024-03-15T16:58:00+00:00
AIRFLOW_CTX_DAG_RUN_ID=scheduled__2024-03-15T16:58:00+00:00
[2024-03-15 16:59:29,839] {logging_mixin.py:104} INFO - 
[2024-03-15 16:59:29,853] {logging_mixin.py:104} INFO -     temperature        city  pression              date
0       287.95       Paris      1011  2024-03-15 16:59
1       286.62      London      1004  2024-03-15 16:59
2       284.07  Washington      1026  2024-03-15 16:59
3       287.95       Paris      1011  2024-03-15 16:58
4       286.62      London      1004  2024-03-15 16:58
5       284.07  Washington      1026  2024-03-15 16:58
6       287.95       Paris      1011  2024-03-15 16:57
7       286.62      London      1004  2024-03-15 16:57
8       284.07  Washington      1026  2024-03-15 16:57
9       288.20       Paris      1011  2024-03-15 16:56
[2024-03-15 16:59:29,857] {python.py:151} INFO - Done. Returned value was: None
[2024-03-15 16:59:29,869] {taskinstance.py:1211} INFO - Marking task as SUCCESS. dag_id=***_exam, task_id=transform_into_data.csv, execution_date=20240315T165800, start_date=20240315T165929, end_date=20240315T165929
[2024-03-15 16:59:29,899] {taskinstance.py:1265} INFO - 0 downstream tasks scheduled from follow-on schedule check
[2024-03-15 16:59:29,910] {local_task_job.py:151} INFO - Task exited with return code 0
