[2023-10-06 14:24:03,834] {taskinstance.py:896} INFO - Dependencies all met for <TaskInstance: airflow_exam.transform_into_fulldata.csv 2023-10-06T14:23:00+00:00 [queued]>
[2023-10-06 14:24:03,845] {taskinstance.py:896} INFO - Dependencies all met for <TaskInstance: airflow_exam.transform_into_fulldata.csv 2023-10-06T14:23:00+00:00 [queued]>
[2023-10-06 14:24:03,845] {taskinstance.py:1087} INFO - 
--------------------------------------------------------------------------------
[2023-10-06 14:24:03,845] {taskinstance.py:1088} INFO - Starting attempt 1 of 1
[2023-10-06 14:24:03,845] {taskinstance.py:1089} INFO - 
--------------------------------------------------------------------------------
[2023-10-06 14:24:03,861] {taskinstance.py:1107} INFO - Executing <Task(PythonOperator): transform_into_fulldata.csv> on 2023-10-06T14:23:00+00:00
[2023-10-06 14:24:03,867] {standard_task_runner.py:52} INFO - Started process 29814 to run task
[2023-10-06 14:24:03,869] {standard_task_runner.py:76} INFO - Running: ['***', 'tasks', 'run', '***_exam', 'transform_into_fulldata.csv', '2023-10-06T14:23:00+00:00', '--job-id', '322', '--pool', 'default_pool', '--raw', '--subdir', 'DAGS_FOLDER/DAG.py', '--cfg-path', '/tmp/tmpdohyh0ni', '--error-file', '/tmp/tmpfww04ajy']
[2023-10-06 14:24:03,870] {standard_task_runner.py:77} INFO - Job 322: Subtask transform_into_fulldata.csv
[2023-10-06 14:24:03,922] {logging_mixin.py:104} INFO - Running <TaskInstance: ***_exam.transform_into_fulldata.csv 2023-10-06T14:23:00+00:00 [running]> on host 3a3d0401ac26
[2023-10-06 14:24:03,980] {taskinstance.py:1302} INFO - Exporting the following env vars:
AIRFLOW_CTX_DAG_OWNER=***
AIRFLOW_CTX_DAG_ID=***_exam
AIRFLOW_CTX_TASK_ID=transform_into_fulldata.csv
AIRFLOW_CTX_EXECUTION_DATE=2023-10-06T14:23:00+00:00
AIRFLOW_CTX_DAG_RUN_ID=scheduled__2023-10-06T14:23:00+00:00
[2023-10-06 14:24:03,984] {logging_mixin.py:104} INFO - 
[2023-10-06 14:24:04,007] {logging_mixin.py:104} INFO -     temperature        city  pression              date
0       295.70       Paris      1025  2023-10-06 14:24
1       294.37      London      1023  2023-10-06 14:24
2       283.28  Washington      1027  2023-10-06 14:24
3       295.70       Paris      1025  2023-10-06 14:23
4       294.37      London      1023  2023-10-06 14:23
5       283.28  Washington      1027  2023-10-06 14:23
6       295.70       Paris      1025  2023-10-06 14:22
7       294.37      London      1023  2023-10-06 14:22
8       283.28  Washington      1027  2023-10-06 14:22
9       295.70       Paris      1025  2023-10-06 14:21
[2023-10-06 14:24:04,012] {python.py:151} INFO - Done. Returned value was: None
[2023-10-06 14:24:04,022] {taskinstance.py:1211} INFO - Marking task as SUCCESS. dag_id=***_exam, task_id=transform_into_fulldata.csv, execution_date=20231006T142300, start_date=20231006T142403, end_date=20231006T142404
[2023-10-06 14:24:04,060] {taskinstance.py:1265} INFO - 3 downstream tasks scheduled from follow-on schedule check
[2023-10-06 14:24:04,082] {local_task_job.py:151} INFO - Task exited with return code 0
