[2024-03-21 16:38:12,775] {taskinstance.py:896} INFO - Dependencies all met for <TaskInstance: airflow_exam.train_best_model 2024-03-21T16:37:00+00:00 [queued]>
[2024-03-21 16:38:12,801] {taskinstance.py:896} INFO - Dependencies all met for <TaskInstance: airflow_exam.train_best_model 2024-03-21T16:37:00+00:00 [queued]>
[2024-03-21 16:38:12,801] {taskinstance.py:1087} INFO - 
--------------------------------------------------------------------------------
[2024-03-21 16:38:12,802] {taskinstance.py:1088} INFO - Starting attempt 1 of 1
[2024-03-21 16:38:12,802] {taskinstance.py:1089} INFO - 
--------------------------------------------------------------------------------
[2024-03-21 16:38:12,817] {taskinstance.py:1107} INFO - Executing <Task(PythonOperator): train_best_model> on 2024-03-21T16:37:00+00:00
[2024-03-21 16:38:12,827] {standard_task_runner.py:52} INFO - Started process 12420 to run task
[2024-03-21 16:38:12,832] {standard_task_runner.py:76} INFO - Running: ['***', 'tasks', 'run', '***_exam', 'train_best_model', '2024-03-21T16:37:00+00:00', '--job-id', '9455', '--pool', 'default_pool', '--raw', '--subdir', 'DAGS_FOLDER/DAG.py', '--cfg-path', '/tmp/tmpztdduu5w', '--error-file', '/tmp/tmppefoq3fl']
[2024-03-21 16:38:12,832] {standard_task_runner.py:77} INFO - Job 9455: Subtask train_best_model
[2024-03-21 16:38:12,882] {logging_mixin.py:104} INFO - Running <TaskInstance: ***_exam.train_best_model 2024-03-21T16:37:00+00:00 [running]> on host 3a3d0401ac26
[2024-03-21 16:38:12,950] {taskinstance.py:1302} INFO - Exporting the following env vars:
AIRFLOW_CTX_DAG_OWNER=***
AIRFLOW_CTX_DAG_ID=***_exam
AIRFLOW_CTX_TASK_ID=train_best_model
AIRFLOW_CTX_EXECUTION_DATE=2024-03-21T16:37:00+00:00
AIRFLOW_CTX_DAG_RUN_ID=scheduled__2024-03-21T16:37:00+00:00
[2024-03-21 16:38:13,102] {logging_mixin.py:104} INFO - LinearRegression() saved at  /app/clean_data/best_model.pickle
[2024-03-21 16:38:13,104] {python.py:151} INFO - Done. Returned value was: None
[2024-03-21 16:38:13,119] {taskinstance.py:1211} INFO - Marking task as SUCCESS. dag_id=***_exam, task_id=train_best_model, execution_date=20240321T163700, start_date=20240321T163812, end_date=20240321T163813
[2024-03-21 16:38:13,169] {taskinstance.py:1265} INFO - 0 downstream tasks scheduled from follow-on schedule check
[2024-03-21 16:38:13,207] {local_task_job.py:151} INFO - Task exited with return code 0
