[2024-03-21 19:32:03,877] {taskinstance.py:896} INFO - Dependencies all met for <TaskInstance: airflow_exam.transform_into_fulldata.csv 2024-03-21T19:31:00+00:00 [queued]>
[2024-03-21 19:32:03,898] {taskinstance.py:896} INFO - Dependencies all met for <TaskInstance: airflow_exam.transform_into_fulldata.csv 2024-03-21T19:31:00+00:00 [queued]>
[2024-03-21 19:32:03,898] {taskinstance.py:1087} INFO - 
--------------------------------------------------------------------------------
[2024-03-21 19:32:03,898] {taskinstance.py:1088} INFO - Starting attempt 1 of 1
[2024-03-21 19:32:03,898] {taskinstance.py:1089} INFO - 
--------------------------------------------------------------------------------
[2024-03-21 19:32:03,910] {taskinstance.py:1107} INFO - Executing <Task(PythonOperator): transform_into_fulldata.csv> on 2024-03-21T19:31:00+00:00
[2024-03-21 19:32:03,919] {standard_task_runner.py:52} INFO - Started process 49810 to run task
[2024-03-21 19:32:03,922] {standard_task_runner.py:76} INFO - Running: ['***', 'tasks', 'run', '***_exam', 'transform_into_fulldata.csv', '2024-03-21T19:31:00+00:00', '--job-id', '10669', '--pool', 'default_pool', '--raw', '--subdir', 'DAGS_FOLDER/DAG.py', '--cfg-path', '/tmp/tmpcmzad3us', '--error-file', '/tmp/tmpw8zt1bxz']
[2024-03-21 19:32:03,922] {standard_task_runner.py:77} INFO - Job 10669: Subtask transform_into_fulldata.csv
[2024-03-21 19:32:03,969] {logging_mixin.py:104} INFO - Running <TaskInstance: ***_exam.transform_into_fulldata.csv 2024-03-21T19:31:00+00:00 [running]> on host 3a3d0401ac26
[2024-03-21 19:32:04,034] {taskinstance.py:1302} INFO - Exporting the following env vars:
AIRFLOW_CTX_DAG_OWNER=***
AIRFLOW_CTX_DAG_ID=***_exam
AIRFLOW_CTX_TASK_ID=transform_into_fulldata.csv
AIRFLOW_CTX_EXECUTION_DATE=2024-03-21T19:31:00+00:00
AIRFLOW_CTX_DAG_RUN_ID=scheduled__2024-03-21T19:31:00+00:00
[2024-03-21 19:32:04,120] {logging_mixin.py:104} INFO - 
[2024-03-21 19:32:04,138] {logging_mixin.py:104} INFO -     temperature        city  pression              date
0       288.65       Paris      1025  2024-03-21 19:32
1       286.98      London      1022  2024-03-21 19:32
2       286.59  Washington      1014  2024-03-21 19:32
3       288.65       Paris      1025  2024-03-21 19:31
4       286.98      London      1022  2024-03-21 19:31
5       286.59  Washington      1014  2024-03-21 19:31
6       288.84       Paris      1025  2024-03-21 19:30
7       286.98      London      1022  2024-03-21 19:30
8       286.59  Washington      1014  2024-03-21 19:30
9       288.65       Paris      1025  2024-03-21 19:29
[2024-03-21 19:32:04,151] {python.py:151} INFO - Done. Returned value was: None
[2024-03-21 19:32:04,163] {taskinstance.py:1211} INFO - Marking task as SUCCESS. dag_id=***_exam, task_id=transform_into_fulldata.csv, execution_date=20240321T193100, start_date=20240321T193203, end_date=20240321T193204
[2024-03-21 19:32:04,198] {taskinstance.py:1265} INFO - 3 downstream tasks scheduled from follow-on schedule check
[2024-03-21 19:32:04,215] {local_task_job.py:151} INFO - Task exited with return code 0
