[2024-03-15 15:58:05,337] {taskinstance.py:896} INFO - Dependencies all met for <TaskInstance: airflow_exam.transform_into_fulldata.csv 2024-03-15T15:57:00+00:00 [queued]>
[2024-03-15 15:58:05,371] {taskinstance.py:896} INFO - Dependencies all met for <TaskInstance: airflow_exam.transform_into_fulldata.csv 2024-03-15T15:57:00+00:00 [queued]>
[2024-03-15 15:58:05,372] {taskinstance.py:1087} INFO - 
--------------------------------------------------------------------------------
[2024-03-15 15:58:05,372] {taskinstance.py:1088} INFO - Starting attempt 1 of 1
[2024-03-15 15:58:05,372] {taskinstance.py:1089} INFO - 
--------------------------------------------------------------------------------
[2024-03-15 15:58:05,388] {taskinstance.py:1107} INFO - Executing <Task(PythonOperator): transform_into_fulldata.csv> on 2024-03-15T15:57:00+00:00
[2024-03-15 15:58:05,401] {standard_task_runner.py:52} INFO - Started process 16194 to run task
[2024-03-15 15:58:05,406] {standard_task_runner.py:76} INFO - Running: ['***', 'tasks', 'run', '***_exam', 'transform_into_fulldata.csv', '2024-03-15T15:57:00+00:00', '--job-id', '2298', '--pool', 'default_pool', '--raw', '--subdir', 'DAGS_FOLDER/DAG.py', '--cfg-path', '/tmp/tmpmcrcopp8', '--error-file', '/tmp/tmpzjl84pq4']
[2024-03-15 15:58:05,407] {standard_task_runner.py:77} INFO - Job 2298: Subtask transform_into_fulldata.csv
[2024-03-15 15:58:05,488] {logging_mixin.py:104} INFO - Running <TaskInstance: ***_exam.transform_into_fulldata.csv 2024-03-15T15:57:00+00:00 [running]> on host 3a3d0401ac26
[2024-03-15 15:58:05,611] {taskinstance.py:1302} INFO - Exporting the following env vars:
AIRFLOW_CTX_DAG_OWNER=***
AIRFLOW_CTX_DAG_ID=***_exam
AIRFLOW_CTX_TASK_ID=transform_into_fulldata.csv
AIRFLOW_CTX_EXECUTION_DATE=2024-03-15T15:57:00+00:00
AIRFLOW_CTX_DAG_RUN_ID=scheduled__2024-03-15T15:57:00+00:00
[2024-03-15 15:58:05,648] {logging_mixin.py:104} INFO - 
[2024-03-15 15:58:05,685] {logging_mixin.py:104} INFO -     temperature        city  pression              date
0       289.58       Paris      1011  2024-03-15 15:58
1       286.95      London      1004  2024-03-15 15:58
2       282.95  Washington      1027  2024-03-15 15:58
3       289.58       Paris      1011  2024-03-15 15:57
4       286.95      London      1004  2024-03-15 15:57
5       282.95  Washington      1027  2024-03-15 15:57
6       289.58       Paris      1011  2024-03-15 15:56
7       286.95      London      1004  2024-03-15 15:56
8       282.95  Washington      1027  2024-03-15 15:56
9       289.58       Paris      1011  2024-03-15 15:55
[2024-03-15 15:58:05,694] {python.py:151} INFO - Done. Returned value was: None
[2024-03-15 15:58:05,713] {taskinstance.py:1211} INFO - Marking task as SUCCESS. dag_id=***_exam, task_id=transform_into_fulldata.csv, execution_date=20240315T155700, start_date=20240315T155805, end_date=20240315T155805
[2024-03-15 15:58:05,777] {taskinstance.py:1265} INFO - 3 downstream tasks scheduled from follow-on schedule check
[2024-03-15 15:58:05,804] {local_task_job.py:151} INFO - Task exited with return code 0
