[2024-03-15 22:40:04,270] {taskinstance.py:896} INFO - Dependencies all met for <TaskInstance: airflow_exam.transform_into_fulldata.csv 2024-03-15T22:39:00+00:00 [queued]>
[2024-03-15 22:40:04,296] {taskinstance.py:896} INFO - Dependencies all met for <TaskInstance: airflow_exam.transform_into_fulldata.csv 2024-03-15T22:39:00+00:00 [queued]>
[2024-03-15 22:40:04,297] {taskinstance.py:1087} INFO - 
--------------------------------------------------------------------------------
[2024-03-15 22:40:04,297] {taskinstance.py:1088} INFO - Starting attempt 1 of 1
[2024-03-15 22:40:04,297] {taskinstance.py:1089} INFO - 
--------------------------------------------------------------------------------
[2024-03-15 22:40:04,309] {taskinstance.py:1107} INFO - Executing <Task(PythonOperator): transform_into_fulldata.csv> on 2024-03-15T22:39:00+00:00
[2024-03-15 22:40:04,319] {standard_task_runner.py:52} INFO - Started process 79723 to run task
[2024-03-15 22:40:04,322] {standard_task_runner.py:76} INFO - Running: ['***', 'tasks', 'run', '***_exam', 'transform_into_fulldata.csv', '2024-03-15T22:39:00+00:00', '--job-id', '4519', '--pool', 'default_pool', '--raw', '--subdir', 'DAGS_FOLDER/DAG.py', '--cfg-path', '/tmp/tmp5khlogav', '--error-file', '/tmp/tmpbok11999']
[2024-03-15 22:40:04,323] {standard_task_runner.py:77} INFO - Job 4519: Subtask transform_into_fulldata.csv
[2024-03-15 22:40:04,378] {logging_mixin.py:104} INFO - Running <TaskInstance: ***_exam.transform_into_fulldata.csv 2024-03-15T22:39:00+00:00 [running]> on host 3a3d0401ac26
[2024-03-15 22:40:04,450] {taskinstance.py:1302} INFO - Exporting the following env vars:
AIRFLOW_CTX_DAG_OWNER=***
AIRFLOW_CTX_DAG_ID=***_exam
AIRFLOW_CTX_TASK_ID=transform_into_fulldata.csv
AIRFLOW_CTX_EXECUTION_DATE=2024-03-15T22:39:00+00:00
AIRFLOW_CTX_DAG_RUN_ID=scheduled__2024-03-15T22:39:00+00:00
[2024-03-15 22:40:04,520] {logging_mixin.py:104} INFO - 
[2024-03-15 22:40:04,557] {logging_mixin.py:104} INFO -     temperature        city  pression              date
0       285.48       Paris      1014  2024-03-15 22:40
1       282.81      London      1011  2024-03-15 22:40
2       289.04  Washington      1022  2024-03-15 22:40
3       285.48       Paris      1014  2024-03-15 22:39
4       282.81      London      1011  2024-03-15 22:39
5       289.04  Washington      1022  2024-03-15 22:39
6       285.48       Paris      1014  2024-03-15 22:38
7       282.81      London      1011  2024-03-15 22:38
8       289.04  Washington      1022  2024-03-15 22:38
9       285.48       Paris      1014  2024-03-15 22:37
[2024-03-15 22:40:04,571] {python.py:151} INFO - Done. Returned value was: None
[2024-03-15 22:40:04,587] {taskinstance.py:1211} INFO - Marking task as SUCCESS. dag_id=***_exam, task_id=transform_into_fulldata.csv, execution_date=20240315T223900, start_date=20240315T224004, end_date=20240315T224004
[2024-03-15 22:40:04,632] {taskinstance.py:1265} INFO - 3 downstream tasks scheduled from follow-on schedule check
[2024-03-15 22:40:04,657] {local_task_job.py:151} INFO - Task exited with return code 0
