[2024-03-15 21:13:05,156] {taskinstance.py:896} INFO - Dependencies all met for <TaskInstance: airflow_exam.transform_into_data.csv 2024-03-15T21:12:00+00:00 [queued]>
[2024-03-15 21:13:05,177] {taskinstance.py:896} INFO - Dependencies all met for <TaskInstance: airflow_exam.transform_into_data.csv 2024-03-15T21:12:00+00:00 [queued]>
[2024-03-15 21:13:05,177] {taskinstance.py:1087} INFO - 
--------------------------------------------------------------------------------
[2024-03-15 21:13:05,177] {taskinstance.py:1088} INFO - Starting attempt 1 of 1
[2024-03-15 21:13:05,177] {taskinstance.py:1089} INFO - 
--------------------------------------------------------------------------------
[2024-03-15 21:13:05,187] {taskinstance.py:1107} INFO - Executing <Task(PythonOperator): transform_into_data.csv> on 2024-03-15T21:12:00+00:00
[2024-03-15 21:13:05,195] {standard_task_runner.py:52} INFO - Started process 62019 to run task
[2024-03-15 21:13:05,197] {standard_task_runner.py:76} INFO - Running: ['***', 'tasks', 'run', '***_exam', 'transform_into_data.csv', '2024-03-15T21:12:00+00:00', '--job-id', '3909', '--pool', 'default_pool', '--raw', '--subdir', 'DAGS_FOLDER/DAG.py', '--cfg-path', '/tmp/tmpscfy5ose', '--error-file', '/tmp/tmpb_ffxav1']
[2024-03-15 21:13:05,198] {standard_task_runner.py:77} INFO - Job 3909: Subtask transform_into_data.csv
[2024-03-15 21:13:05,242] {logging_mixin.py:104} INFO - Running <TaskInstance: ***_exam.transform_into_data.csv 2024-03-15T21:12:00+00:00 [running]> on host 3a3d0401ac26
[2024-03-15 21:13:05,304] {taskinstance.py:1302} INFO - Exporting the following env vars:
AIRFLOW_CTX_DAG_OWNER=***
AIRFLOW_CTX_DAG_ID=***_exam
AIRFLOW_CTX_TASK_ID=transform_into_data.csv
AIRFLOW_CTX_EXECUTION_DATE=2024-03-15T21:12:00+00:00
AIRFLOW_CTX_DAG_RUN_ID=scheduled__2024-03-15T21:12:00+00:00
[2024-03-15 21:13:05,308] {logging_mixin.py:104} INFO - 
[2024-03-15 21:13:05,324] {logging_mixin.py:104} INFO -     temperature        city  pression              date
0       285.67       Paris      1013  2024-03-15 21:13
1       284.49      London      1008  2024-03-15 21:13
2       287.20  Washington      1024  2024-03-15 21:13
3       285.67       Paris      1013  2024-03-15 21:12
4       284.49      London      1008  2024-03-15 21:12
5       286.97  Washington      1024  2024-03-15 21:12
6       285.52       Paris      1013  2024-03-15 21:11
7       284.41      London      1009  2024-03-15 21:11
8       287.20  Washington      1024  2024-03-15 21:11
9       285.52       Paris      1013  2024-03-15 21:10
[2024-03-15 21:13:05,327] {python.py:151} INFO - Done. Returned value was: None
[2024-03-15 21:13:05,338] {taskinstance.py:1211} INFO - Marking task as SUCCESS. dag_id=***_exam, task_id=transform_into_data.csv, execution_date=20240315T211200, start_date=20240315T211305, end_date=20240315T211305
[2024-03-15 21:13:05,368] {taskinstance.py:1265} INFO - 0 downstream tasks scheduled from follow-on schedule check
[2024-03-15 21:13:05,410] {local_task_job.py:151} INFO - Task exited with return code 0
