[2024-03-20 23:34:04,088] {taskinstance.py:896} INFO - Dependencies all met for <TaskInstance: airflow_exam.transform_into_fulldata.csv 2024-03-20T23:33:00+00:00 [queued]>
[2024-03-20 23:34:04,106] {taskinstance.py:896} INFO - Dependencies all met for <TaskInstance: airflow_exam.transform_into_fulldata.csv 2024-03-20T23:33:00+00:00 [queued]>
[2024-03-20 23:34:04,106] {taskinstance.py:1087} INFO - 
--------------------------------------------------------------------------------
[2024-03-20 23:34:04,106] {taskinstance.py:1088} INFO - Starting attempt 1 of 1
[2024-03-20 23:34:04,106] {taskinstance.py:1089} INFO - 
--------------------------------------------------------------------------------
[2024-03-20 23:34:04,126] {taskinstance.py:1107} INFO - Executing <Task(PythonOperator): transform_into_fulldata.csv> on 2024-03-20T23:33:00+00:00
[2024-03-20 23:34:04,136] {standard_task_runner.py:52} INFO - Started process 38632 to run task
[2024-03-20 23:34:04,139] {standard_task_runner.py:76} INFO - Running: ['***', 'tasks', 'run', '***_exam', 'transform_into_fulldata.csv', '2024-03-20T23:33:00+00:00', '--job-id', '8102', '--pool', 'default_pool', '--raw', '--subdir', 'DAGS_FOLDER/DAG.py', '--cfg-path', '/tmp/tmpyrqwneot', '--error-file', '/tmp/tmp5nv4r565']
[2024-03-20 23:34:04,139] {standard_task_runner.py:77} INFO - Job 8102: Subtask transform_into_fulldata.csv
[2024-03-20 23:34:04,189] {logging_mixin.py:104} INFO - Running <TaskInstance: ***_exam.transform_into_fulldata.csv 2024-03-20T23:33:00+00:00 [running]> on host 3a3d0401ac26
[2024-03-20 23:34:04,257] {taskinstance.py:1302} INFO - Exporting the following env vars:
AIRFLOW_CTX_DAG_OWNER=***
AIRFLOW_CTX_DAG_ID=***_exam
AIRFLOW_CTX_TASK_ID=transform_into_fulldata.csv
AIRFLOW_CTX_EXECUTION_DATE=2024-03-20T23:33:00+00:00
AIRFLOW_CTX_DAG_RUN_ID=scheduled__2024-03-20T23:33:00+00:00
[2024-03-20 23:34:04,333] {logging_mixin.py:104} INFO - 
[2024-03-20 23:34:04,352] {logging_mixin.py:104} INFO -     temperature        city  pression              date
0       286.32       Paris      1021  2024-03-20 23:34
1       285.13      London      1022  2024-03-20 23:34
2       290.99  Washington      1007  2024-03-20 23:34
3       286.32       Paris      1021  2024-03-20 23:33
4       285.13      London      1022  2024-03-20 23:33
5       290.99  Washington      1007  2024-03-20 23:33
6       286.32       Paris      1021  2024-03-20 23:32
7       285.13      London      1022  2024-03-20 23:32
8       290.99  Washington      1007  2024-03-20 23:32
9       286.32       Paris      1021  2024-03-20 23:31
[2024-03-20 23:34:04,366] {python.py:151} INFO - Done. Returned value was: None
[2024-03-20 23:34:04,380] {taskinstance.py:1211} INFO - Marking task as SUCCESS. dag_id=***_exam, task_id=transform_into_fulldata.csv, execution_date=20240320T233300, start_date=20240320T233404, end_date=20240320T233404
[2024-03-20 23:34:04,418] {taskinstance.py:1265} INFO - 3 downstream tasks scheduled from follow-on schedule check
[2024-03-20 23:34:04,432] {local_task_job.py:151} INFO - Task exited with return code 0
