[2024-03-16 03:40:04,314] {taskinstance.py:896} INFO - Dependencies all met for <TaskInstance: airflow_exam.transform_into_fulldata.csv 2024-03-16T03:39:00+00:00 [queued]>
[2024-03-16 03:40:04,352] {taskinstance.py:896} INFO - Dependencies all met for <TaskInstance: airflow_exam.transform_into_fulldata.csv 2024-03-16T03:39:00+00:00 [queued]>
[2024-03-16 03:40:04,352] {taskinstance.py:1087} INFO - 
--------------------------------------------------------------------------------
[2024-03-16 03:40:04,353] {taskinstance.py:1088} INFO - Starting attempt 1 of 1
[2024-03-16 03:40:04,353] {taskinstance.py:1089} INFO - 
--------------------------------------------------------------------------------
[2024-03-16 03:40:04,374] {taskinstance.py:1107} INFO - Executing <Task(PythonOperator): transform_into_fulldata.csv> on 2024-03-16T03:39:00+00:00
[2024-03-16 03:40:04,387] {standard_task_runner.py:52} INFO - Started process 142814 to run task
[2024-03-16 03:40:04,393] {standard_task_runner.py:76} INFO - Running: ['***', 'tasks', 'run', '***_exam', 'transform_into_fulldata.csv', '2024-03-16T03:39:00+00:00', '--job-id', '6612', '--pool', 'default_pool', '--raw', '--subdir', 'DAGS_FOLDER/DAG.py', '--cfg-path', '/tmp/tmprnto0tyq', '--error-file', '/tmp/tmp91eph4bi']
[2024-03-16 03:40:04,393] {standard_task_runner.py:77} INFO - Job 6612: Subtask transform_into_fulldata.csv
[2024-03-16 03:40:04,484] {logging_mixin.py:104} INFO - Running <TaskInstance: ***_exam.transform_into_fulldata.csv 2024-03-16T03:39:00+00:00 [running]> on host 3a3d0401ac26
[2024-03-16 03:40:04,599] {taskinstance.py:1302} INFO - Exporting the following env vars:
AIRFLOW_CTX_DAG_OWNER=***
AIRFLOW_CTX_DAG_ID=***_exam
AIRFLOW_CTX_TASK_ID=transform_into_fulldata.csv
AIRFLOW_CTX_EXECUTION_DATE=2024-03-16T03:39:00+00:00
AIRFLOW_CTX_DAG_RUN_ID=scheduled__2024-03-16T03:39:00+00:00
[2024-03-16 03:40:04,734] {logging_mixin.py:104} INFO - 
[2024-03-16 03:40:04,774] {logging_mixin.py:104} INFO -     temperature        city  pression              date
0       284.04       Paris      1017  2024-03-16 03:40
1       281.48      London      1016  2024-03-16 03:40
2       282.37  Washington      1023  2024-03-16 03:40
3       284.04       Paris      1017  2024-03-16 03:39
4       281.48      London      1016  2024-03-16 03:39
5       282.37  Washington      1023  2024-03-16 03:39
6       284.04       Paris      1017  2024-03-16 03:38
7       281.48      London      1016  2024-03-16 03:38
8       282.37  Washington      1023  2024-03-16 03:38
9       284.04       Paris      1017  2024-03-16 03:37
[2024-03-16 03:40:04,797] {python.py:151} INFO - Done. Returned value was: None
[2024-03-16 03:40:04,818] {taskinstance.py:1211} INFO - Marking task as SUCCESS. dag_id=***_exam, task_id=transform_into_fulldata.csv, execution_date=20240316T033900, start_date=20240316T034004, end_date=20240316T034004
[2024-03-16 03:40:04,875] {taskinstance.py:1265} INFO - 3 downstream tasks scheduled from follow-on schedule check
[2024-03-16 03:40:04,927] {local_task_job.py:151} INFO - Task exited with return code 0
