[2024-03-16 02:45:05,870] {taskinstance.py:896} INFO - Dependencies all met for <TaskInstance: airflow_exam.transform_into_fulldata.csv 2024-03-16T02:44:00+00:00 [queued]>
[2024-03-16 02:45:05,901] {taskinstance.py:896} INFO - Dependencies all met for <TaskInstance: airflow_exam.transform_into_fulldata.csv 2024-03-16T02:44:00+00:00 [queued]>
[2024-03-16 02:45:05,902] {taskinstance.py:1087} INFO - 
--------------------------------------------------------------------------------
[2024-03-16 02:45:05,902] {taskinstance.py:1088} INFO - Starting attempt 1 of 1
[2024-03-16 02:45:05,902] {taskinstance.py:1089} INFO - 
--------------------------------------------------------------------------------
[2024-03-16 02:45:05,925] {taskinstance.py:1107} INFO - Executing <Task(PythonOperator): transform_into_fulldata.csv> on 2024-03-16T02:44:00+00:00
[2024-03-16 02:45:05,938] {standard_task_runner.py:52} INFO - Started process 131068 to run task
[2024-03-16 02:45:05,945] {standard_task_runner.py:76} INFO - Running: ['***', 'tasks', 'run', '***_exam', 'transform_into_fulldata.csv', '2024-03-16T02:44:00+00:00', '--job-id', '6226', '--pool', 'default_pool', '--raw', '--subdir', 'DAGS_FOLDER/DAG.py', '--cfg-path', '/tmp/tmpdf6k06r6', '--error-file', '/tmp/tmpx_ziw7v5']
[2024-03-16 02:45:05,946] {standard_task_runner.py:77} INFO - Job 6226: Subtask transform_into_fulldata.csv
[2024-03-16 02:45:06,022] {logging_mixin.py:104} INFO - Running <TaskInstance: ***_exam.transform_into_fulldata.csv 2024-03-16T02:44:00+00:00 [running]> on host 3a3d0401ac26
[2024-03-16 02:45:06,136] {taskinstance.py:1302} INFO - Exporting the following env vars:
AIRFLOW_CTX_DAG_OWNER=***
AIRFLOW_CTX_DAG_ID=***_exam
AIRFLOW_CTX_TASK_ID=transform_into_fulldata.csv
AIRFLOW_CTX_EXECUTION_DATE=2024-03-16T02:44:00+00:00
AIRFLOW_CTX_DAG_RUN_ID=scheduled__2024-03-16T02:44:00+00:00
[2024-03-16 02:45:06,259] {logging_mixin.py:104} INFO - 
[2024-03-16 02:45:06,297] {logging_mixin.py:104} INFO -     temperature        city  pression              date
0       284.22       Paris      1017  2024-03-16 02:45
1       281.32      London      1015  2024-03-16 02:45
2       280.63  Washington      1023  2024-03-16 02:45
3       284.22       Paris      1017  2024-03-16 02:44
4       281.32      London      1015  2024-03-16 02:44
5       280.63  Washington      1023  2024-03-16 02:44
6       284.22       Paris      1017  2024-03-16 02:43
7       281.33      London      1015  2024-03-16 02:43
8       280.63  Washington      1023  2024-03-16 02:43
9       284.22       Paris      1017  2024-03-16 02:42
[2024-03-16 02:45:06,318] {python.py:151} INFO - Done. Returned value was: None
[2024-03-16 02:45:06,338] {taskinstance.py:1211} INFO - Marking task as SUCCESS. dag_id=***_exam, task_id=transform_into_fulldata.csv, execution_date=20240316T024400, start_date=20240316T024505, end_date=20240316T024506
[2024-03-16 02:45:06,390] {taskinstance.py:1265} INFO - 3 downstream tasks scheduled from follow-on schedule check
[2024-03-16 02:45:06,442] {local_task_job.py:151} INFO - Task exited with return code 0
