[2024-03-15 23:40:05,161] {taskinstance.py:896} INFO - Dependencies all met for <TaskInstance: airflow_exam.transform_into_data.csv 2024-03-15T23:39:00+00:00 [queued]>
[2024-03-15 23:40:05,183] {taskinstance.py:896} INFO - Dependencies all met for <TaskInstance: airflow_exam.transform_into_data.csv 2024-03-15T23:39:00+00:00 [queued]>
[2024-03-15 23:40:05,183] {taskinstance.py:1087} INFO - 
--------------------------------------------------------------------------------
[2024-03-15 23:40:05,183] {taskinstance.py:1088} INFO - Starting attempt 1 of 1
[2024-03-15 23:40:05,183] {taskinstance.py:1089} INFO - 
--------------------------------------------------------------------------------
[2024-03-15 23:40:05,195] {taskinstance.py:1107} INFO - Executing <Task(PythonOperator): transform_into_data.csv> on 2024-03-15T23:39:00+00:00
[2024-03-15 23:40:05,205] {standard_task_runner.py:52} INFO - Started process 91944 to run task
[2024-03-15 23:40:05,208] {standard_task_runner.py:76} INFO - Running: ['***', 'tasks', 'run', '***_exam', 'transform_into_data.csv', '2024-03-15T23:39:00+00:00', '--job-id', '4939', '--pool', 'default_pool', '--raw', '--subdir', 'DAGS_FOLDER/DAG.py', '--cfg-path', '/tmp/tmpnjbphu2q', '--error-file', '/tmp/tmpuh8pq_a5']
[2024-03-15 23:40:05,209] {standard_task_runner.py:77} INFO - Job 4939: Subtask transform_into_data.csv
[2024-03-15 23:40:05,262] {logging_mixin.py:104} INFO - Running <TaskInstance: ***_exam.transform_into_data.csv 2024-03-15T23:39:00+00:00 [running]> on host 3a3d0401ac26
[2024-03-15 23:40:05,330] {taskinstance.py:1302} INFO - Exporting the following env vars:
AIRFLOW_CTX_DAG_OWNER=***
AIRFLOW_CTX_DAG_ID=***_exam
AIRFLOW_CTX_TASK_ID=transform_into_data.csv
AIRFLOW_CTX_EXECUTION_DATE=2024-03-15T23:39:00+00:00
AIRFLOW_CTX_DAG_RUN_ID=scheduled__2024-03-15T23:39:00+00:00
[2024-03-15 23:40:05,335] {logging_mixin.py:104} INFO - 
[2024-03-15 23:40:05,360] {logging_mixin.py:104} INFO -     temperature        city  pression              date
0       284.92       Paris      1015  2024-03-15 23:40
1       281.86      London      1012  2024-03-15 23:40
2       289.37  Washington      1021  2024-03-15 23:40
3       284.92       Paris      1015  2024-03-15 23:39
4       281.86      London      1012  2024-03-15 23:39
5       289.37  Washington      1021  2024-03-15 23:39
6       284.92       Paris      1015  2024-03-15 23:38
7       281.86      London      1012  2024-03-15 23:38
8       289.37  Washington      1021  2024-03-15 23:38
9       285.15       Paris      1015  2024-03-15 23:37
[2024-03-15 23:40:05,364] {python.py:151} INFO - Done. Returned value was: None
[2024-03-15 23:40:05,377] {taskinstance.py:1211} INFO - Marking task as SUCCESS. dag_id=***_exam, task_id=transform_into_data.csv, execution_date=20240315T233900, start_date=20240315T234005, end_date=20240315T234005
[2024-03-15 23:40:05,409] {taskinstance.py:1265} INFO - 0 downstream tasks scheduled from follow-on schedule check
[2024-03-15 23:40:05,421] {local_task_job.py:151} INFO - Task exited with return code 0
