[2024-03-21 16:55:09,029] {taskinstance.py:896} INFO - Dependencies all met for <TaskInstance: airflow_exam.compute_rf_score 2024-03-21T16:54:00+00:00 [queued]>
[2024-03-21 16:55:09,053] {taskinstance.py:896} INFO - Dependencies all met for <TaskInstance: airflow_exam.compute_rf_score 2024-03-21T16:54:00+00:00 [queued]>
[2024-03-21 16:55:09,053] {taskinstance.py:1087} INFO - 
--------------------------------------------------------------------------------
[2024-03-21 16:55:09,053] {taskinstance.py:1088} INFO - Starting attempt 1 of 1
[2024-03-21 16:55:09,053] {taskinstance.py:1089} INFO - 
--------------------------------------------------------------------------------
[2024-03-21 16:55:09,069] {taskinstance.py:1107} INFO - Executing <Task(PythonOperator): compute_rf_score> on 2024-03-21T16:54:00+00:00
[2024-03-21 16:55:09,080] {standard_task_runner.py:52} INFO - Started process 16071 to run task
[2024-03-21 16:55:09,085] {standard_task_runner.py:76} INFO - Running: ['***', 'tasks', 'run', '***_exam', 'compute_rf_score', '2024-03-21T16:54:00+00:00', '--job-id', '9572', '--pool', 'default_pool', '--raw', '--subdir', 'DAGS_FOLDER/DAG.py', '--cfg-path', '/tmp/tmpt14gsptq', '--error-file', '/tmp/tmpi89xpqot']
[2024-03-21 16:55:09,086] {standard_task_runner.py:77} INFO - Job 9572: Subtask compute_rf_score
[2024-03-21 16:55:09,152] {logging_mixin.py:104} INFO - Running <TaskInstance: ***_exam.compute_rf_score 2024-03-21T16:54:00+00:00 [running]> on host 3a3d0401ac26
[2024-03-21 16:55:09,228] {taskinstance.py:1302} INFO - Exporting the following env vars:
AIRFLOW_CTX_DAG_OWNER=***
AIRFLOW_CTX_DAG_ID=***_exam
AIRFLOW_CTX_TASK_ID=compute_rf_score
AIRFLOW_CTX_EXECUTION_DATE=2024-03-21T16:54:00+00:00
AIRFLOW_CTX_DAG_RUN_ID=scheduled__2024-03-21T16:54:00+00:00
[2024-03-21 16:55:12,320] {python.py:151} INFO - Done. Returned value was: None
[2024-03-21 16:55:12,333] {taskinstance.py:1211} INFO - Marking task as SUCCESS. dag_id=***_exam, task_id=compute_rf_score, execution_date=20240321T165400, start_date=20240321T165509, end_date=20240321T165512
[2024-03-21 16:55:12,373] {taskinstance.py:1265} INFO - 1 downstream tasks scheduled from follow-on schedule check
[2024-03-21 16:55:12,392] {local_task_job.py:151} INFO - Task exited with return code 0
