[2024-03-21 20:33:05,520] {taskinstance.py:896} INFO - Dependencies all met for <TaskInstance: airflow_exam.transform_into_data.csv 2024-03-21T20:32:00+00:00 [queued]>
[2024-03-21 20:33:05,553] {taskinstance.py:896} INFO - Dependencies all met for <TaskInstance: airflow_exam.transform_into_data.csv 2024-03-21T20:32:00+00:00 [queued]>
[2024-03-21 20:33:05,553] {taskinstance.py:1087} INFO - 
--------------------------------------------------------------------------------
[2024-03-21 20:33:05,553] {taskinstance.py:1088} INFO - Starting attempt 1 of 1
[2024-03-21 20:33:05,553] {taskinstance.py:1089} INFO - 
--------------------------------------------------------------------------------
[2024-03-21 20:33:05,572] {taskinstance.py:1107} INFO - Executing <Task(PythonOperator): transform_into_data.csv> on 2024-03-21T20:32:00+00:00
[2024-03-21 20:33:05,583] {standard_task_runner.py:52} INFO - Started process 63063 to run task
[2024-03-21 20:33:05,592] {standard_task_runner.py:76} INFO - Running: ['***', 'tasks', 'run', '***_exam', 'transform_into_data.csv', '2024-03-21T20:32:00+00:00', '--job-id', '11096', '--pool', 'default_pool', '--raw', '--subdir', 'DAGS_FOLDER/DAG.py', '--cfg-path', '/tmp/tmpofbwcrra', '--error-file', '/tmp/tmpfd1im0m7']
[2024-03-21 20:33:05,592] {standard_task_runner.py:77} INFO - Job 11096: Subtask transform_into_data.csv
[2024-03-21 20:33:05,670] {logging_mixin.py:104} INFO - Running <TaskInstance: ***_exam.transform_into_data.csv 2024-03-21T20:32:00+00:00 [running]> on host 3a3d0401ac26
[2024-03-21 20:33:05,766] {taskinstance.py:1302} INFO - Exporting the following env vars:
AIRFLOW_CTX_DAG_OWNER=***
AIRFLOW_CTX_DAG_ID=***_exam
AIRFLOW_CTX_TASK_ID=transform_into_data.csv
AIRFLOW_CTX_EXECUTION_DATE=2024-03-21T20:32:00+00:00
AIRFLOW_CTX_DAG_RUN_ID=scheduled__2024-03-21T20:32:00+00:00
[2024-03-21 20:33:05,779] {logging_mixin.py:104} INFO - 
[2024-03-21 20:33:05,809] {logging_mixin.py:104} INFO -     temperature        city  pression              date
0       287.52       Paris      1025  2024-03-21 20:33
1       285.75      London      1022  2024-03-21 20:33
2       287.52  Washington      1013  2024-03-21 20:33
3       287.52       Paris      1025  2024-03-21 20:32
4       286.03      London      1022  2024-03-21 20:32
5       287.52  Washington      1013  2024-03-21 20:32
6       287.52       Paris      1025  2024-03-21 20:31
7       286.03      London      1022  2024-03-21 20:31
8       287.52  Washington      1013  2024-03-21 20:31
9       287.52       Paris      1025  2024-03-21 20:30
[2024-03-21 20:33:05,815] {python.py:151} INFO - Done. Returned value was: None
[2024-03-21 20:33:05,831] {taskinstance.py:1211} INFO - Marking task as SUCCESS. dag_id=***_exam, task_id=transform_into_data.csv, execution_date=20240321T203200, start_date=20240321T203305, end_date=20240321T203305
[2024-03-21 20:33:05,876] {taskinstance.py:1265} INFO - 0 downstream tasks scheduled from follow-on schedule check
[2024-03-21 20:33:05,924] {local_task_job.py:151} INFO - Task exited with return code 0
