[2023-10-07 15:54:00,112] {taskinstance.py:896} INFO - Dependencies all met for <TaskInstance: airflow_exam.compute_rf_score 2023-10-07T15:32:00+00:00 [queued]>
[2023-10-07 15:54:00,182] {taskinstance.py:896} INFO - Dependencies all met for <TaskInstance: airflow_exam.compute_rf_score 2023-10-07T15:32:00+00:00 [queued]>
[2023-10-07 15:54:00,182] {taskinstance.py:1087} INFO - 
--------------------------------------------------------------------------------
[2023-10-07 15:54:00,182] {taskinstance.py:1088} INFO - Starting attempt 1 of 1
[2023-10-07 15:54:00,183] {taskinstance.py:1089} INFO - 
--------------------------------------------------------------------------------
[2023-10-07 15:54:00,238] {taskinstance.py:1107} INFO - Executing <Task(PythonOperator): compute_rf_score> on 2023-10-07T15:32:00+00:00
[2023-10-07 15:54:00,256] {standard_task_runner.py:52} INFO - Started process 1118 to run task
[2023-10-07 15:54:00,275] {standard_task_runner.py:76} INFO - Running: ['***', 'tasks', 'run', '***_exam', 'compute_rf_score', '2023-10-07T15:32:00+00:00', '--job-id', '1222', '--pool', 'default_pool', '--raw', '--subdir', 'DAGS_FOLDER/DAG.py', '--cfg-path', '/tmp/tmpeujek_6n', '--error-file', '/tmp/tmpfojd6pq7']
[2023-10-07 15:54:00,275] {standard_task_runner.py:77} INFO - Job 1222: Subtask compute_rf_score
[2023-10-07 15:54:00,392] {logging_mixin.py:104} INFO - Running <TaskInstance: ***_exam.compute_rf_score 2023-10-07T15:32:00+00:00 [running]> on host 3a3d0401ac26
[2023-10-07 15:54:00,686] {taskinstance.py:1302} INFO - Exporting the following env vars:
AIRFLOW_CTX_DAG_OWNER=***
AIRFLOW_CTX_DAG_ID=***_exam
AIRFLOW_CTX_TASK_ID=compute_rf_score
AIRFLOW_CTX_EXECUTION_DATE=2023-10-07T15:32:00+00:00
AIRFLOW_CTX_DAG_RUN_ID=scheduled__2023-10-07T15:32:00+00:00
[2023-10-07 15:54:02,552] {python.py:151} INFO - Done. Returned value was: None
[2023-10-07 15:54:02,591] {taskinstance.py:1211} INFO - Marking task as SUCCESS. dag_id=***_exam, task_id=compute_rf_score, execution_date=20231007T153200, start_date=20231007T155400, end_date=20231007T155402
[2023-10-07 15:54:02,678] {taskinstance.py:1265} INFO - 1 downstream tasks scheduled from follow-on schedule check
[2023-10-07 15:54:02,734] {local_task_job.py:151} INFO - Task exited with return code 0
