[2024-03-15 19:05:04,339] {taskinstance.py:896} INFO - Dependencies all met for <TaskInstance: airflow_exam.transform_into_data.csv 2024-03-15T19:04:00+00:00 [queued]>
[2024-03-15 19:05:04,368] {taskinstance.py:896} INFO - Dependencies all met for <TaskInstance: airflow_exam.transform_into_data.csv 2024-03-15T19:04:00+00:00 [queued]>
[2024-03-15 19:05:04,368] {taskinstance.py:1087} INFO - 
--------------------------------------------------------------------------------
[2024-03-15 19:05:04,368] {taskinstance.py:1088} INFO - Starting attempt 1 of 1
[2024-03-15 19:05:04,368] {taskinstance.py:1089} INFO - 
--------------------------------------------------------------------------------
[2024-03-15 19:05:04,383] {taskinstance.py:1107} INFO - Executing <Task(PythonOperator): transform_into_data.csv> on 2024-03-15T19:04:00+00:00
[2024-03-15 19:05:04,393] {standard_task_runner.py:52} INFO - Started process 53490 to run task
[2024-03-15 19:05:04,397] {standard_task_runner.py:76} INFO - Running: ['***', 'tasks', 'run', '***_exam', 'transform_into_data.csv', '2024-03-15T19:04:00+00:00', '--job-id', '3608', '--pool', 'default_pool', '--raw', '--subdir', 'DAGS_FOLDER/DAG.py', '--cfg-path', '/tmp/tmpn7s6v6nf', '--error-file', '/tmp/tmp6ylpyc8c']
[2024-03-15 19:05:04,397] {standard_task_runner.py:77} INFO - Job 3608: Subtask transform_into_data.csv
[2024-03-15 19:05:04,468] {logging_mixin.py:104} INFO - Running <TaskInstance: ***_exam.transform_into_data.csv 2024-03-15T19:04:00+00:00 [running]> on host 3a3d0401ac26
[2024-03-15 19:05:04,560] {taskinstance.py:1302} INFO - Exporting the following env vars:
AIRFLOW_CTX_DAG_OWNER=***
AIRFLOW_CTX_DAG_ID=***_exam
AIRFLOW_CTX_TASK_ID=transform_into_data.csv
AIRFLOW_CTX_EXECUTION_DATE=2024-03-15T19:04:00+00:00
AIRFLOW_CTX_DAG_RUN_ID=scheduled__2024-03-15T19:04:00+00:00
[2024-03-15 19:05:04,568] {logging_mixin.py:104} INFO - 
[2024-03-15 19:05:04,599] {logging_mixin.py:104} INFO -     temperature        city  pression              date
0       286.60       Paris      1012  2024-03-15 19:05
1       285.12      London      1006  2024-03-15 19:05
2       283.31  Washington      1025  2024-03-15 19:05
3       286.63       Paris      1012  2024-03-15 19:04
4       285.12      London      1006  2024-03-15 19:04
5       283.31  Washington      1025  2024-03-15 19:04
6       286.63       Paris      1012  2024-03-15 19:03
7       285.12      London      1006  2024-03-15 19:03
8       283.31  Washington      1025  2024-03-15 19:03
9       286.63       Paris      1012  2024-03-15 19:02
[2024-03-15 19:05:04,606] {python.py:151} INFO - Done. Returned value was: None
[2024-03-15 19:05:04,621] {taskinstance.py:1211} INFO - Marking task as SUCCESS. dag_id=***_exam, task_id=transform_into_data.csv, execution_date=20240315T190400, start_date=20240315T190504, end_date=20240315T190504
[2024-03-15 19:05:04,663] {taskinstance.py:1265} INFO - 0 downstream tasks scheduled from follow-on schedule check
[2024-03-15 19:05:04,690] {local_task_job.py:151} INFO - Task exited with return code 0
