[2024-03-15 17:30:09,839] {taskinstance.py:896} INFO - Dependencies all met for <TaskInstance: airflow_exam.transform_into_fulldata.csv 2024-03-15T17:29:00+00:00 [queued]>
[2024-03-15 17:30:09,875] {taskinstance.py:896} INFO - Dependencies all met for <TaskInstance: airflow_exam.transform_into_fulldata.csv 2024-03-15T17:29:00+00:00 [queued]>
[2024-03-15 17:30:09,875] {taskinstance.py:1087} INFO - 
--------------------------------------------------------------------------------
[2024-03-15 17:30:09,876] {taskinstance.py:1088} INFO - Starting attempt 1 of 1
[2024-03-15 17:30:09,876] {taskinstance.py:1089} INFO - 
--------------------------------------------------------------------------------
[2024-03-15 17:30:09,896] {taskinstance.py:1107} INFO - Executing <Task(PythonOperator): transform_into_fulldata.csv> on 2024-03-15T17:29:00+00:00
[2024-03-15 17:30:09,908] {standard_task_runner.py:52} INFO - Started process 34328 to run task
[2024-03-15 17:30:09,913] {standard_task_runner.py:76} INFO - Running: ['***', 'tasks', 'run', '***_exam', 'transform_into_fulldata.csv', '2024-03-15T17:29:00+00:00', '--job-id', '2943', '--pool', 'default_pool', '--raw', '--subdir', 'DAGS_FOLDER/DAG.py', '--cfg-path', '/tmp/tmpk9fcth2f', '--error-file', '/tmp/tmppaf8s2ra']
[2024-03-15 17:30:09,914] {standard_task_runner.py:77} INFO - Job 2943: Subtask transform_into_fulldata.csv
[2024-03-15 17:30:09,991] {logging_mixin.py:104} INFO - Running <TaskInstance: ***_exam.transform_into_fulldata.csv 2024-03-15T17:29:00+00:00 [running]> on host 3a3d0401ac26
[2024-03-15 17:30:10,080] {taskinstance.py:1302} INFO - Exporting the following env vars:
AIRFLOW_CTX_DAG_OWNER=***
AIRFLOW_CTX_DAG_ID=***_exam
AIRFLOW_CTX_TASK_ID=transform_into_fulldata.csv
AIRFLOW_CTX_EXECUTION_DATE=2024-03-15T17:29:00+00:00
AIRFLOW_CTX_DAG_RUN_ID=scheduled__2024-03-15T17:29:00+00:00
[2024-03-15 17:30:10,118] {logging_mixin.py:104} INFO - 
[2024-03-15 17:30:10,143] {logging_mixin.py:104} INFO -     temperature        city  pression              date
0       287.08       Paris      1011  2024-03-15 17:30
1       286.36      London      1005  2024-03-15 17:30
2       279.57  Washington      1026  2024-03-15 17:30
3       287.24       Paris      1011  2024-03-15 17:29
4       286.36      London      1005  2024-03-15 17:29
5       279.57  Washington      1026  2024-03-15 17:29
6       287.24       Paris      1011  2024-03-15 17:28
7       286.36      London      1005  2024-03-15 17:28
8       279.57  Washington      1026  2024-03-15 17:28
9       287.24       Paris      1011  2024-03-15 17:27
[2024-03-15 17:30:10,150] {python.py:151} INFO - Done. Returned value was: None
[2024-03-15 17:30:10,165] {taskinstance.py:1211} INFO - Marking task as SUCCESS. dag_id=***_exam, task_id=transform_into_fulldata.csv, execution_date=20240315T172900, start_date=20240315T173009, end_date=20240315T173010
[2024-03-15 17:30:10,212] {taskinstance.py:1265} INFO - 3 downstream tasks scheduled from follow-on schedule check
[2024-03-15 17:30:10,245] {local_task_job.py:151} INFO - Task exited with return code 0
