[2024-03-21 16:24:03,372] {taskinstance.py:896} INFO - Dependencies all met for <TaskInstance: airflow_exam.transform_into_data.csv 2024-03-21T16:23:00+00:00 [queued]>
[2024-03-21 16:24:03,393] {taskinstance.py:896} INFO - Dependencies all met for <TaskInstance: airflow_exam.transform_into_data.csv 2024-03-21T16:23:00+00:00 [queued]>
[2024-03-21 16:24:03,394] {taskinstance.py:1087} INFO - 
--------------------------------------------------------------------------------
[2024-03-21 16:24:03,394] {taskinstance.py:1088} INFO - Starting attempt 1 of 1
[2024-03-21 16:24:03,394] {taskinstance.py:1089} INFO - 
--------------------------------------------------------------------------------
[2024-03-21 16:24:03,408] {taskinstance.py:1107} INFO - Executing <Task(PythonOperator): transform_into_data.csv> on 2024-03-21T16:23:00+00:00
[2024-03-21 16:24:03,416] {standard_task_runner.py:52} INFO - Started process 9295 to run task
[2024-03-21 16:24:03,420] {standard_task_runner.py:76} INFO - Running: ['***', 'tasks', 'run', '***_exam', 'transform_into_data.csv', '2024-03-21T16:23:00+00:00', '--job-id', '9352', '--pool', 'default_pool', '--raw', '--subdir', 'DAGS_FOLDER/DAG.py', '--cfg-path', '/tmp/tmpb1fr93nn', '--error-file', '/tmp/tmp7tfztfni']
[2024-03-21 16:24:03,421] {standard_task_runner.py:77} INFO - Job 9352: Subtask transform_into_data.csv
[2024-03-21 16:24:03,474] {logging_mixin.py:104} INFO - Running <TaskInstance: ***_exam.transform_into_data.csv 2024-03-21T16:23:00+00:00 [running]> on host 3a3d0401ac26
[2024-03-21 16:24:03,539] {taskinstance.py:1302} INFO - Exporting the following env vars:
AIRFLOW_CTX_DAG_OWNER=***
AIRFLOW_CTX_DAG_ID=***_exam
AIRFLOW_CTX_TASK_ID=transform_into_data.csv
AIRFLOW_CTX_EXECUTION_DATE=2024-03-21T16:23:00+00:00
AIRFLOW_CTX_DAG_RUN_ID=scheduled__2024-03-21T16:23:00+00:00
[2024-03-21 16:24:03,546] {logging_mixin.py:104} INFO - 
[2024-03-21 16:24:03,566] {logging_mixin.py:104} INFO -     temperature        city  pression              date
0       292.89       Paris      1025  2024-03-21 16:24
1       289.46      London      1023  2024-03-21 16:24
2       281.04  Washington      1015  2024-03-21 16:24
3       292.89       Paris      1025  2024-03-21 16:23
4       289.46      London      1023  2024-03-21 16:23
5       281.04  Washington      1015  2024-03-21 16:23
6       292.89       Paris      1025  2024-03-21 16:22
7       289.46      London      1023  2024-03-21 16:22
8       281.04  Washington      1015  2024-03-21 16:22
9       292.89       Paris      1025  2024-03-21 16:21
[2024-03-21 16:24:03,570] {python.py:151} INFO - Done. Returned value was: None
[2024-03-21 16:24:03,584] {taskinstance.py:1211} INFO - Marking task as SUCCESS. dag_id=***_exam, task_id=transform_into_data.csv, execution_date=20240321T162300, start_date=20240321T162403, end_date=20240321T162403
[2024-03-21 16:24:03,617] {taskinstance.py:1265} INFO - 0 downstream tasks scheduled from follow-on schedule check
[2024-03-21 16:24:03,632] {local_task_job.py:151} INFO - Task exited with return code 0
