[2024-03-15 23:47:04,817] {taskinstance.py:896} INFO - Dependencies all met for <TaskInstance: airflow_exam.transform_into_data.csv 2024-03-15T23:46:00+00:00 [queued]>
[2024-03-15 23:47:04,851] {taskinstance.py:896} INFO - Dependencies all met for <TaskInstance: airflow_exam.transform_into_data.csv 2024-03-15T23:46:00+00:00 [queued]>
[2024-03-15 23:47:04,851] {taskinstance.py:1087} INFO - 
--------------------------------------------------------------------------------
[2024-03-15 23:47:04,852] {taskinstance.py:1088} INFO - Starting attempt 1 of 1
[2024-03-15 23:47:04,852] {taskinstance.py:1089} INFO - 
--------------------------------------------------------------------------------
[2024-03-15 23:47:04,871] {taskinstance.py:1107} INFO - Executing <Task(PythonOperator): transform_into_data.csv> on 2024-03-15T23:46:00+00:00
[2024-03-15 23:47:04,882] {standard_task_runner.py:52} INFO - Started process 93387 to run task
[2024-03-15 23:47:04,886] {standard_task_runner.py:76} INFO - Running: ['***', 'tasks', 'run', '***_exam', 'transform_into_data.csv', '2024-03-15T23:46:00+00:00', '--job-id', '4987', '--pool', 'default_pool', '--raw', '--subdir', 'DAGS_FOLDER/DAG.py', '--cfg-path', '/tmp/tmpmktk2vfb', '--error-file', '/tmp/tmp3bfyh26n']
[2024-03-15 23:47:04,887] {standard_task_runner.py:77} INFO - Job 4987: Subtask transform_into_data.csv
[2024-03-15 23:47:04,952] {logging_mixin.py:104} INFO - Running <TaskInstance: ***_exam.transform_into_data.csv 2024-03-15T23:46:00+00:00 [running]> on host 3a3d0401ac26
[2024-03-15 23:47:05,073] {taskinstance.py:1302} INFO - Exporting the following env vars:
AIRFLOW_CTX_DAG_OWNER=***
AIRFLOW_CTX_DAG_ID=***_exam
AIRFLOW_CTX_TASK_ID=transform_into_data.csv
AIRFLOW_CTX_EXECUTION_DATE=2024-03-15T23:46:00+00:00
AIRFLOW_CTX_DAG_RUN_ID=scheduled__2024-03-15T23:46:00+00:00
[2024-03-15 23:47:05,082] {logging_mixin.py:104} INFO - 
[2024-03-15 23:47:05,118] {logging_mixin.py:104} INFO -     temperature        city  pression              date
0       285.15       Paris      1015  2024-03-15 23:47
1       281.86      London      1012  2024-03-15 23:47
2       289.37  Washington      1021  2024-03-15 23:47
3       285.15       Paris      1015  2024-03-15 23:46
4       281.85      London      1012  2024-03-15 23:46
5       289.37  Washington      1021  2024-03-15 23:46
6       285.15       Paris      1015  2024-03-15 23:45
7       281.85      London      1012  2024-03-15 23:45
8       289.37  Washington      1021  2024-03-15 23:45
9       285.15       Paris      1015  2024-03-15 23:44
[2024-03-15 23:47:05,125] {python.py:151} INFO - Done. Returned value was: None
[2024-03-15 23:47:05,150] {taskinstance.py:1211} INFO - Marking task as SUCCESS. dag_id=***_exam, task_id=transform_into_data.csv, execution_date=20240315T234600, start_date=20240315T234704, end_date=20240315T234705
[2024-03-15 23:47:05,211] {taskinstance.py:1265} INFO - 0 downstream tasks scheduled from follow-on schedule check
[2024-03-15 23:47:05,261] {local_task_job.py:151} INFO - Task exited with return code 0
