[2024-03-16 00:20:07,218] {taskinstance.py:896} INFO - Dependencies all met for <TaskInstance: airflow_exam.transform_into_fulldata.csv 2024-03-16T00:19:00+00:00 [queued]>
[2024-03-16 00:20:07,240] {taskinstance.py:896} INFO - Dependencies all met for <TaskInstance: airflow_exam.transform_into_fulldata.csv 2024-03-16T00:19:00+00:00 [queued]>
[2024-03-16 00:20:07,240] {taskinstance.py:1087} INFO - 
--------------------------------------------------------------------------------
[2024-03-16 00:20:07,240] {taskinstance.py:1088} INFO - Starting attempt 1 of 1
[2024-03-16 00:20:07,240] {taskinstance.py:1089} INFO - 
--------------------------------------------------------------------------------
[2024-03-16 00:20:07,250] {taskinstance.py:1107} INFO - Executing <Task(PythonOperator): transform_into_fulldata.csv> on 2024-03-16T00:19:00+00:00
[2024-03-16 00:20:07,258] {standard_task_runner.py:52} INFO - Started process 99995 to run task
[2024-03-16 00:20:07,261] {standard_task_runner.py:76} INFO - Running: ['***', 'tasks', 'run', '***_exam', 'transform_into_fulldata.csv', '2024-03-16T00:19:00+00:00', '--job-id', '5211', '--pool', 'default_pool', '--raw', '--subdir', 'DAGS_FOLDER/DAG.py', '--cfg-path', '/tmp/tmptbgx1w17', '--error-file', '/tmp/tmppb3tx21d']
[2024-03-16 00:20:07,262] {standard_task_runner.py:77} INFO - Job 5211: Subtask transform_into_fulldata.csv
[2024-03-16 00:20:07,311] {logging_mixin.py:104} INFO - Running <TaskInstance: ***_exam.transform_into_fulldata.csv 2024-03-16T00:19:00+00:00 [running]> on host 3a3d0401ac26
[2024-03-16 00:20:07,377] {taskinstance.py:1302} INFO - Exporting the following env vars:
AIRFLOW_CTX_DAG_OWNER=***
AIRFLOW_CTX_DAG_ID=***_exam
AIRFLOW_CTX_TASK_ID=transform_into_fulldata.csv
AIRFLOW_CTX_EXECUTION_DATE=2024-03-16T00:19:00+00:00
AIRFLOW_CTX_DAG_RUN_ID=scheduled__2024-03-16T00:19:00+00:00
[2024-03-16 00:20:07,425] {logging_mixin.py:104} INFO - 
[2024-03-16 00:20:07,442] {logging_mixin.py:104} INFO -     temperature        city  pression              date
0       284.51       Paris      1016  2024-03-16 00:20
1       281.46      London      1013  2024-03-16 00:20
2       289.07  Washington      1021  2024-03-16 00:20
3       284.81       Paris      1015  2024-03-16 00:19
4       281.46      London      1013  2024-03-16 00:19
5       289.07  Washington      1021  2024-03-16 00:19
6       284.81       Paris      1015  2024-03-16 00:18
7       281.46      London      1013  2024-03-16 00:18
8       289.07  Washington      1021  2024-03-16 00:18
9       284.81       Paris      1015  2024-03-16 00:17
[2024-03-16 00:20:07,451] {python.py:151} INFO - Done. Returned value was: None
[2024-03-16 00:20:07,464] {taskinstance.py:1211} INFO - Marking task as SUCCESS. dag_id=***_exam, task_id=transform_into_fulldata.csv, execution_date=20240316T001900, start_date=20240316T002007, end_date=20240316T002007
[2024-03-16 00:20:07,501] {taskinstance.py:1265} INFO - 3 downstream tasks scheduled from follow-on schedule check
[2024-03-16 00:20:07,515] {local_task_job.py:151} INFO - Task exited with return code 0
