[2024-03-21 17:36:04,676] {taskinstance.py:896} INFO - Dependencies all met for <TaskInstance: airflow_exam.transform_into_fulldata.csv 2024-03-21T17:35:00+00:00 [queued]>
[2024-03-21 17:36:04,711] {taskinstance.py:896} INFO - Dependencies all met for <TaskInstance: airflow_exam.transform_into_fulldata.csv 2024-03-21T17:35:00+00:00 [queued]>
[2024-03-21 17:36:04,711] {taskinstance.py:1087} INFO - 
--------------------------------------------------------------------------------
[2024-03-21 17:36:04,711] {taskinstance.py:1088} INFO - Starting attempt 1 of 1
[2024-03-21 17:36:04,712] {taskinstance.py:1089} INFO - 
--------------------------------------------------------------------------------
[2024-03-21 17:36:04,729] {taskinstance.py:1107} INFO - Executing <Task(PythonOperator): transform_into_fulldata.csv> on 2024-03-21T17:35:00+00:00
[2024-03-21 17:36:04,740] {standard_task_runner.py:52} INFO - Started process 24836 to run task
[2024-03-21 17:36:04,746] {standard_task_runner.py:76} INFO - Running: ['***', 'tasks', 'run', '***_exam', 'transform_into_fulldata.csv', '2024-03-21T17:35:00+00:00', '--job-id', '9856', '--pool', 'default_pool', '--raw', '--subdir', 'DAGS_FOLDER/DAG.py', '--cfg-path', '/tmp/tmp8949h420', '--error-file', '/tmp/tmp741mhvoq']
[2024-03-21 17:36:04,746] {standard_task_runner.py:77} INFO - Job 9856: Subtask transform_into_fulldata.csv
[2024-03-21 17:36:04,819] {logging_mixin.py:104} INFO - Running <TaskInstance: ***_exam.transform_into_fulldata.csv 2024-03-21T17:35:00+00:00 [running]> on host 3a3d0401ac26
[2024-03-21 17:36:04,896] {taskinstance.py:1302} INFO - Exporting the following env vars:
AIRFLOW_CTX_DAG_OWNER=***
AIRFLOW_CTX_DAG_ID=***_exam
AIRFLOW_CTX_TASK_ID=transform_into_fulldata.csv
AIRFLOW_CTX_EXECUTION_DATE=2024-03-21T17:35:00+00:00
AIRFLOW_CTX_DAG_RUN_ID=scheduled__2024-03-21T17:35:00+00:00
[2024-03-21 17:36:05,053] {logging_mixin.py:104} INFO - 
[2024-03-21 17:36:05,091] {logging_mixin.py:104} INFO -     temperature        city  pression              date
0       291.53       Paris      1025  2024-03-21 17:36
1       288.54      London      1022  2024-03-21 17:36
2       282.80  Washington      1015  2024-03-21 17:36
3       291.53       Paris      1025  2024-03-21 17:35
4       288.54      London      1022  2024-03-21 17:35
5       282.80  Washington      1015  2024-03-21 17:35
6       291.53       Paris      1025  2024-03-21 17:34
7       288.54      London      1022  2024-03-21 17:34
8       282.80  Washington      1015  2024-03-21 17:34
9       291.53       Paris      1025  2024-03-21 17:33
[2024-03-21 17:36:05,111] {python.py:151} INFO - Done. Returned value was: None
[2024-03-21 17:36:05,126] {taskinstance.py:1211} INFO - Marking task as SUCCESS. dag_id=***_exam, task_id=transform_into_fulldata.csv, execution_date=20240321T173500, start_date=20240321T173604, end_date=20240321T173605
[2024-03-21 17:36:05,172] {taskinstance.py:1265} INFO - 3 downstream tasks scheduled from follow-on schedule check
[2024-03-21 17:36:05,199] {local_task_job.py:151} INFO - Task exited with return code 0
