[2024-03-21 16:01:05,159] {taskinstance.py:896} INFO - Dependencies all met for <TaskInstance: airflow_exam.transform_into_data.csv 2024-03-21T16:00:00+00:00 [queued]>
[2024-03-21 16:01:05,184] {taskinstance.py:896} INFO - Dependencies all met for <TaskInstance: airflow_exam.transform_into_data.csv 2024-03-21T16:00:00+00:00 [queued]>
[2024-03-21 16:01:05,184] {taskinstance.py:1087} INFO - 
--------------------------------------------------------------------------------
[2024-03-21 16:01:05,185] {taskinstance.py:1088} INFO - Starting attempt 1 of 1
[2024-03-21 16:01:05,185] {taskinstance.py:1089} INFO - 
--------------------------------------------------------------------------------
[2024-03-21 16:01:05,197] {taskinstance.py:1107} INFO - Executing <Task(PythonOperator): transform_into_data.csv> on 2024-03-21T16:00:00+00:00
[2024-03-21 16:01:05,207] {standard_task_runner.py:52} INFO - Started process 4295 to run task
[2024-03-21 16:01:05,212] {standard_task_runner.py:76} INFO - Running: ['***', 'tasks', 'run', '***_exam', 'transform_into_data.csv', '2024-03-21T16:00:00+00:00', '--job-id', '9192', '--pool', 'default_pool', '--raw', '--subdir', 'DAGS_FOLDER/DAG.py', '--cfg-path', '/tmp/tmpmro5y2l7', '--error-file', '/tmp/tmp7yp6pod1']
[2024-03-21 16:01:05,212] {standard_task_runner.py:77} INFO - Job 9192: Subtask transform_into_data.csv
[2024-03-21 16:01:05,266] {logging_mixin.py:104} INFO - Running <TaskInstance: ***_exam.transform_into_data.csv 2024-03-21T16:00:00+00:00 [running]> on host 3a3d0401ac26
[2024-03-21 16:01:05,329] {taskinstance.py:1302} INFO - Exporting the following env vars:
AIRFLOW_CTX_DAG_OWNER=***
AIRFLOW_CTX_DAG_ID=***_exam
AIRFLOW_CTX_TASK_ID=transform_into_data.csv
AIRFLOW_CTX_EXECUTION_DATE=2024-03-21T16:00:00+00:00
AIRFLOW_CTX_DAG_RUN_ID=scheduled__2024-03-21T16:00:00+00:00
[2024-03-21 16:01:05,340] {logging_mixin.py:104} INFO - 
[2024-03-21 16:01:05,367] {logging_mixin.py:104} INFO -     temperature        city  pression              date
0       292.80       Paris      1025  2024-03-21 16:01
1       289.53      London      1023  2024-03-21 16:01
2       280.52  Washington      1015  2024-03-21 16:01
3       292.80       Paris      1025  2024-03-21 16:00
4       289.53      London      1023  2024-03-21 16:00
5       280.52  Washington      1015  2024-03-21 16:00
6       292.80       Paris      1025  2024-03-21 15:59
7       289.53      London      1023  2024-03-21 15:59
8       280.27  Washington      1015  2024-03-21 15:59
9       292.80       Paris      1025  2024-03-21 15:58
[2024-03-21 16:01:05,371] {python.py:151} INFO - Done. Returned value was: None
[2024-03-21 16:01:05,384] {taskinstance.py:1211} INFO - Marking task as SUCCESS. dag_id=***_exam, task_id=transform_into_data.csv, execution_date=20240321T160000, start_date=20240321T160105, end_date=20240321T160105
[2024-03-21 16:01:05,416] {taskinstance.py:1265} INFO - 0 downstream tasks scheduled from follow-on schedule check
[2024-03-21 16:01:05,465] {local_task_job.py:151} INFO - Task exited with return code 0
