[2023-10-07 13:24:35,629] {taskinstance.py:896} INFO - Dependencies all met for <TaskInstance: airflow_exam.compute_lr_score 2023-10-07T13:23:00+00:00 [queued]>
[2023-10-07 13:24:35,690] {taskinstance.py:896} INFO - Dependencies all met for <TaskInstance: airflow_exam.compute_lr_score 2023-10-07T13:23:00+00:00 [queued]>
[2023-10-07 13:24:35,690] {taskinstance.py:1087} INFO - 
--------------------------------------------------------------------------------
[2023-10-07 13:24:35,690] {taskinstance.py:1088} INFO - Starting attempt 1 of 1
[2023-10-07 13:24:35,690] {taskinstance.py:1089} INFO - 
--------------------------------------------------------------------------------
[2023-10-07 13:24:35,721] {taskinstance.py:1107} INFO - Executing <Task(PythonOperator): compute_lr_score> on 2023-10-07T13:23:00+00:00
[2023-10-07 13:24:35,742] {standard_task_runner.py:52} INFO - Started process 269 to run task
[2023-10-07 13:24:35,752] {standard_task_runner.py:76} INFO - Running: ['***', 'tasks', 'run', '***_exam', 'compute_lr_score', '2023-10-07T13:23:00+00:00', '--job-id', '1091', '--pool', 'default_pool', '--raw', '--subdir', 'DAGS_FOLDER/DAG.py', '--cfg-path', '/tmp/tmptar3v3m0', '--error-file', '/tmp/tmpzjtd9r4e']
[2023-10-07 13:24:35,752] {standard_task_runner.py:77} INFO - Job 1091: Subtask compute_lr_score
[2023-10-07 13:24:35,976] {logging_mixin.py:104} INFO - Running <TaskInstance: ***_exam.compute_lr_score 2023-10-07T13:23:00+00:00 [running]> on host 3a3d0401ac26
[2023-10-07 13:24:36,320] {taskinstance.py:1302} INFO - Exporting the following env vars:
AIRFLOW_CTX_DAG_OWNER=***
AIRFLOW_CTX_DAG_ID=***_exam
AIRFLOW_CTX_TASK_ID=compute_lr_score
AIRFLOW_CTX_EXECUTION_DATE=2023-10-07T13:23:00+00:00
AIRFLOW_CTX_DAG_RUN_ID=scheduled__2023-10-07T13:23:00+00:00
[2023-10-07 13:24:37,069] {python.py:151} INFO - Done. Returned value was: None
[2023-10-07 13:24:37,164] {taskinstance.py:1211} INFO - Marking task as SUCCESS. dag_id=***_exam, task_id=compute_lr_score, execution_date=20231007T132300, start_date=20231007T132435, end_date=20231007T132437
[2023-10-07 13:24:37,354] {taskinstance.py:1265} INFO - 0 downstream tasks scheduled from follow-on schedule check
[2023-10-07 13:24:37,395] {local_task_job.py:151} INFO - Task exited with return code 0
