[2024-03-20 22:38:05,624] {taskinstance.py:896} INFO - Dependencies all met for <TaskInstance: airflow_exam.transform_into_data.csv 2024-03-20T22:37:00+00:00 [queued]>
[2024-03-20 22:38:05,651] {taskinstance.py:896} INFO - Dependencies all met for <TaskInstance: airflow_exam.transform_into_data.csv 2024-03-20T22:37:00+00:00 [queued]>
[2024-03-20 22:38:05,651] {taskinstance.py:1087} INFO - 
--------------------------------------------------------------------------------
[2024-03-20 22:38:05,651] {taskinstance.py:1088} INFO - Starting attempt 1 of 1
[2024-03-20 22:38:05,651] {taskinstance.py:1089} INFO - 
--------------------------------------------------------------------------------
[2024-03-20 22:38:05,676] {taskinstance.py:1107} INFO - Executing <Task(PythonOperator): transform_into_data.csv> on 2024-03-20T22:37:00+00:00
[2024-03-20 22:38:05,687] {standard_task_runner.py:52} INFO - Started process 26665 to run task
[2024-03-20 22:38:05,693] {standard_task_runner.py:76} INFO - Running: ['***', 'tasks', 'run', '***_exam', 'transform_into_data.csv', '2024-03-20T22:37:00+00:00', '--job-id', '7709', '--pool', 'default_pool', '--raw', '--subdir', 'DAGS_FOLDER/DAG.py', '--cfg-path', '/tmp/tmp678bdhf1', '--error-file', '/tmp/tmpidloay_4']
[2024-03-20 22:38:05,694] {standard_task_runner.py:77} INFO - Job 7709: Subtask transform_into_data.csv
[2024-03-20 22:38:05,777] {logging_mixin.py:104} INFO - Running <TaskInstance: ***_exam.transform_into_data.csv 2024-03-20T22:37:00+00:00 [running]> on host 3a3d0401ac26
[2024-03-20 22:38:05,866] {taskinstance.py:1302} INFO - Exporting the following env vars:
AIRFLOW_CTX_DAG_OWNER=***
AIRFLOW_CTX_DAG_ID=***_exam
AIRFLOW_CTX_TASK_ID=transform_into_data.csv
AIRFLOW_CTX_EXECUTION_DATE=2024-03-20T22:37:00+00:00
AIRFLOW_CTX_DAG_RUN_ID=scheduled__2024-03-20T22:37:00+00:00
[2024-03-20 22:38:05,874] {logging_mixin.py:104} INFO - 
[2024-03-20 22:38:05,909] {logging_mixin.py:104} INFO -     temperature        city  pression              date
0       286.45       Paris      1020  2024-03-20 22:38
1       285.25      London      1021  2024-03-20 22:38
2       290.46  Washington      1007  2024-03-20 22:38
3       286.45       Paris      1020  2024-03-20 22:37
4       285.25      London      1021  2024-03-20 22:37
5       290.46  Washington      1007  2024-03-20 22:37
6       286.45       Paris      1020  2024-03-20 22:36
7       285.25      London      1021  2024-03-20 22:36
8       290.46  Washington      1007  2024-03-20 22:36
9       286.45       Paris      1020  2024-03-20 22:35
[2024-03-20 22:38:05,917] {python.py:151} INFO - Done. Returned value was: None
[2024-03-20 22:38:05,933] {taskinstance.py:1211} INFO - Marking task as SUCCESS. dag_id=***_exam, task_id=transform_into_data.csv, execution_date=20240320T223700, start_date=20240320T223805, end_date=20240320T223805
[2024-03-20 22:38:05,974] {taskinstance.py:1265} INFO - 0 downstream tasks scheduled from follow-on schedule check
[2024-03-20 22:38:06,025] {local_task_job.py:151} INFO - Task exited with return code 0
