[2024-03-15 23:27:06,227] {taskinstance.py:896} INFO - Dependencies all met for <TaskInstance: airflow_exam.compute_lr_score 2024-03-15T23:26:00+00:00 [queued]>
[2024-03-15 23:27:06,250] {taskinstance.py:896} INFO - Dependencies all met for <TaskInstance: airflow_exam.compute_lr_score 2024-03-15T23:26:00+00:00 [queued]>
[2024-03-15 23:27:06,251] {taskinstance.py:1087} INFO - 
--------------------------------------------------------------------------------
[2024-03-15 23:27:06,251] {taskinstance.py:1088} INFO - Starting attempt 1 of 1
[2024-03-15 23:27:06,251] {taskinstance.py:1089} INFO - 
--------------------------------------------------------------------------------
[2024-03-15 23:27:06,263] {taskinstance.py:1107} INFO - Executing <Task(PythonOperator): compute_lr_score> on 2024-03-15T23:26:00+00:00
[2024-03-15 23:27:06,272] {standard_task_runner.py:52} INFO - Started process 89332 to run task
[2024-03-15 23:27:06,276] {standard_task_runner.py:76} INFO - Running: ['***', 'tasks', 'run', '***_exam', 'compute_lr_score', '2024-03-15T23:26:00+00:00', '--job-id', '4849', '--pool', 'default_pool', '--raw', '--subdir', 'DAGS_FOLDER/DAG.py', '--cfg-path', '/tmp/tmpbjlu3cai', '--error-file', '/tmp/tmp5hl3jp7k']
[2024-03-15 23:27:06,277] {standard_task_runner.py:77} INFO - Job 4849: Subtask compute_lr_score
[2024-03-15 23:27:06,328] {logging_mixin.py:104} INFO - Running <TaskInstance: ***_exam.compute_lr_score 2024-03-15T23:26:00+00:00 [running]> on host 3a3d0401ac26
[2024-03-15 23:27:06,400] {taskinstance.py:1302} INFO - Exporting the following env vars:
AIRFLOW_CTX_DAG_OWNER=***
AIRFLOW_CTX_DAG_ID=***_exam
AIRFLOW_CTX_TASK_ID=compute_lr_score
AIRFLOW_CTX_EXECUTION_DATE=2024-03-15T23:26:00+00:00
AIRFLOW_CTX_DAG_RUN_ID=scheduled__2024-03-15T23:26:00+00:00
[2024-03-15 23:27:06,565] {python.py:151} INFO - Done. Returned value was: None
[2024-03-15 23:27:06,589] {taskinstance.py:1211} INFO - Marking task as SUCCESS. dag_id=***_exam, task_id=compute_lr_score, execution_date=20240315T232600, start_date=20240315T232706, end_date=20240315T232706
[2024-03-15 23:27:06,649] {taskinstance.py:1265} INFO - 0 downstream tasks scheduled from follow-on schedule check
[2024-03-15 23:27:06,689] {local_task_job.py:151} INFO - Task exited with return code 0
