[2024-03-16 03:06:07,687] {taskinstance.py:896} INFO - Dependencies all met for <TaskInstance: airflow_exam.compute_rf_score 2024-03-16T03:05:00+00:00 [queued]>
[2024-03-16 03:06:07,722] {taskinstance.py:896} INFO - Dependencies all met for <TaskInstance: airflow_exam.compute_rf_score 2024-03-16T03:05:00+00:00 [queued]>
[2024-03-16 03:06:07,722] {taskinstance.py:1087} INFO - 
--------------------------------------------------------------------------------
[2024-03-16 03:06:07,722] {taskinstance.py:1088} INFO - Starting attempt 1 of 1
[2024-03-16 03:06:07,722] {taskinstance.py:1089} INFO - 
--------------------------------------------------------------------------------
[2024-03-16 03:06:07,740] {taskinstance.py:1107} INFO - Executing <Task(PythonOperator): compute_rf_score> on 2024-03-16T03:05:00+00:00
[2024-03-16 03:06:07,753] {standard_task_runner.py:52} INFO - Started process 135607 to run task
[2024-03-16 03:06:07,758] {standard_task_runner.py:76} INFO - Running: ['***', 'tasks', 'run', '***_exam', 'compute_rf_score', '2024-03-16T03:05:00+00:00', '--job-id', '6376', '--pool', 'default_pool', '--raw', '--subdir', 'DAGS_FOLDER/DAG.py', '--cfg-path', '/tmp/tmpw5sk2hny', '--error-file', '/tmp/tmpcx4a_03o']
[2024-03-16 03:06:07,758] {standard_task_runner.py:77} INFO - Job 6376: Subtask compute_rf_score
[2024-03-16 03:06:07,842] {logging_mixin.py:104} INFO - Running <TaskInstance: ***_exam.compute_rf_score 2024-03-16T03:05:00+00:00 [running]> on host 3a3d0401ac26
[2024-03-16 03:06:07,952] {taskinstance.py:1302} INFO - Exporting the following env vars:
AIRFLOW_CTX_DAG_OWNER=***
AIRFLOW_CTX_DAG_ID=***_exam
AIRFLOW_CTX_TASK_ID=compute_rf_score
AIRFLOW_CTX_EXECUTION_DATE=2024-03-16T03:05:00+00:00
AIRFLOW_CTX_DAG_RUN_ID=scheduled__2024-03-16T03:05:00+00:00
[2024-03-16 03:06:10,729] {python.py:151} INFO - Done. Returned value was: None
[2024-03-16 03:06:10,742] {taskinstance.py:1211} INFO - Marking task as SUCCESS. dag_id=***_exam, task_id=compute_rf_score, execution_date=20240316T030500, start_date=20240316T030607, end_date=20240316T030610
[2024-03-16 03:06:10,784] {taskinstance.py:1265} INFO - 1 downstream tasks scheduled from follow-on schedule check
[2024-03-16 03:06:10,832] {local_task_job.py:151} INFO - Task exited with return code 0
