[2023-10-06 20:17:03,335] {taskinstance.py:896} INFO - Dependencies all met for <TaskInstance: airflow_exam.transform_into_fulldata.csv 2023-10-06T20:16:00+00:00 [queued]>
[2023-10-06 20:17:03,346] {taskinstance.py:896} INFO - Dependencies all met for <TaskInstance: airflow_exam.transform_into_fulldata.csv 2023-10-06T20:16:00+00:00 [queued]>
[2023-10-06 20:17:03,346] {taskinstance.py:1087} INFO - 
--------------------------------------------------------------------------------
[2023-10-06 20:17:03,346] {taskinstance.py:1088} INFO - Starting attempt 1 of 1
[2023-10-06 20:17:03,346] {taskinstance.py:1089} INFO - 
--------------------------------------------------------------------------------
[2023-10-06 20:17:03,362] {taskinstance.py:1107} INFO - Executing <Task(PythonOperator): transform_into_fulldata.csv> on 2023-10-06T20:16:00+00:00
[2023-10-06 20:17:03,369] {standard_task_runner.py:52} INFO - Started process 14398 to run task
[2023-10-06 20:17:03,372] {standard_task_runner.py:76} INFO - Running: ['***', 'tasks', 'run', '***_exam', 'transform_into_fulldata.csv', '2023-10-06T20:16:00+00:00', '--job-id', '789', '--pool', 'default_pool', '--raw', '--subdir', 'DAGS_FOLDER/DAG.py', '--cfg-path', '/tmp/tmpi28y4xe4', '--error-file', '/tmp/tmp_gpqd3jh']
[2023-10-06 20:17:03,373] {standard_task_runner.py:77} INFO - Job 789: Subtask transform_into_fulldata.csv
[2023-10-06 20:17:03,418] {logging_mixin.py:104} INFO - Running <TaskInstance: ***_exam.transform_into_fulldata.csv 2023-10-06T20:16:00+00:00 [running]> on host 3a3d0401ac26
[2023-10-06 20:17:03,473] {taskinstance.py:1302} INFO - Exporting the following env vars:
AIRFLOW_CTX_DAG_OWNER=***
AIRFLOW_CTX_DAG_ID=***_exam
AIRFLOW_CTX_TASK_ID=transform_into_fulldata.csv
AIRFLOW_CTX_EXECUTION_DATE=2023-10-06T20:16:00+00:00
AIRFLOW_CTX_DAG_RUN_ID=scheduled__2023-10-06T20:16:00+00:00
[2023-10-06 20:17:03,481] {logging_mixin.py:104} INFO - 
[2023-10-06 20:17:03,497] {logging_mixin.py:104} INFO -     temperature        city  pression              date
0       288.11       Paris      1026  2023-10-06 20:17
1       289.96      London      1023  2023-10-06 20:17
2       293.70  Washington      1024  2023-10-06 20:17
3       288.11       Paris      1026  2023-10-06 20:16
4       289.96      London      1023  2023-10-06 20:16
5       293.70  Washington      1024  2023-10-06 20:16
6       288.11       Paris      1026  2023-10-06 20:15
7       289.96      London      1023  2023-10-06 20:15
8       293.70  Washington      1024  2023-10-06 20:15
9       288.11       Paris      1026  2023-10-06 20:14
[2023-10-06 20:17:03,502] {python.py:151} INFO - Done. Returned value was: None
[2023-10-06 20:17:03,514] {taskinstance.py:1211} INFO - Marking task as SUCCESS. dag_id=***_exam, task_id=transform_into_fulldata.csv, execution_date=20231006T201600, start_date=20231006T201703, end_date=20231006T201703
[2023-10-06 20:17:03,550] {taskinstance.py:1265} INFO - 3 downstream tasks scheduled from follow-on schedule check
[2023-10-06 20:17:03,585] {local_task_job.py:151} INFO - Task exited with return code 0
