[2024-03-15 17:51:07,153] {taskinstance.py:896} INFO - Dependencies all met for <TaskInstance: airflow_exam.compute_dt_score 2024-03-15T17:50:00+00:00 [queued]>
[2024-03-15 17:51:07,186] {taskinstance.py:896} INFO - Dependencies all met for <TaskInstance: airflow_exam.compute_dt_score 2024-03-15T17:50:00+00:00 [queued]>
[2024-03-15 17:51:07,187] {taskinstance.py:1087} INFO - 
--------------------------------------------------------------------------------
[2024-03-15 17:51:07,187] {taskinstance.py:1088} INFO - Starting attempt 1 of 1
[2024-03-15 17:51:07,187] {taskinstance.py:1089} INFO - 
--------------------------------------------------------------------------------
[2024-03-15 17:51:07,203] {taskinstance.py:1107} INFO - Executing <Task(PythonOperator): compute_dt_score> on 2024-03-15T17:50:00+00:00
[2024-03-15 17:51:07,214] {standard_task_runner.py:52} INFO - Started process 38652 to run task
[2024-03-15 17:51:07,219] {standard_task_runner.py:76} INFO - Running: ['***', 'tasks', 'run', '***_exam', 'compute_dt_score', '2024-03-15T17:50:00+00:00', '--job-id', '3091', '--pool', 'default_pool', '--raw', '--subdir', 'DAGS_FOLDER/DAG.py', '--cfg-path', '/tmp/tmpbwajhccl', '--error-file', '/tmp/tmpr491u5c3']
[2024-03-15 17:51:07,219] {standard_task_runner.py:77} INFO - Job 3091: Subtask compute_dt_score
[2024-03-15 17:51:07,287] {logging_mixin.py:104} INFO - Running <TaskInstance: ***_exam.compute_dt_score 2024-03-15T17:50:00+00:00 [running]> on host 3a3d0401ac26
[2024-03-15 17:51:07,440] {taskinstance.py:1302} INFO - Exporting the following env vars:
AIRFLOW_CTX_DAG_OWNER=***
AIRFLOW_CTX_DAG_ID=***_exam
AIRFLOW_CTX_TASK_ID=compute_dt_score
AIRFLOW_CTX_EXECUTION_DATE=2024-03-15T17:50:00+00:00
AIRFLOW_CTX_DAG_RUN_ID=scheduled__2024-03-15T17:50:00+00:00
[2024-03-15 17:51:07,700] {python.py:151} INFO - Done. Returned value was: None
[2024-03-15 17:51:07,723] {taskinstance.py:1211} INFO - Marking task as SUCCESS. dag_id=***_exam, task_id=compute_dt_score, execution_date=20240315T175000, start_date=20240315T175107, end_date=20240315T175107
[2024-03-15 17:51:07,812] {taskinstance.py:1265} INFO - 0 downstream tasks scheduled from follow-on schedule check
[2024-03-15 17:51:07,891] {local_task_job.py:151} INFO - Task exited with return code 0
