[2024-03-15 21:12:05,424] {taskinstance.py:896} INFO - Dependencies all met for <TaskInstance: airflow_exam.transform_into_data.csv 2024-03-15T21:11:00+00:00 [queued]>
[2024-03-15 21:12:05,451] {taskinstance.py:896} INFO - Dependencies all met for <TaskInstance: airflow_exam.transform_into_data.csv 2024-03-15T21:11:00+00:00 [queued]>
[2024-03-15 21:12:05,451] {taskinstance.py:1087} INFO - 
--------------------------------------------------------------------------------
[2024-03-15 21:12:05,451] {taskinstance.py:1088} INFO - Starting attempt 1 of 1
[2024-03-15 21:12:05,451] {taskinstance.py:1089} INFO - 
--------------------------------------------------------------------------------
[2024-03-15 21:12:05,466] {taskinstance.py:1107} INFO - Executing <Task(PythonOperator): transform_into_data.csv> on 2024-03-15T21:11:00+00:00
[2024-03-15 21:12:05,477] {standard_task_runner.py:52} INFO - Started process 61813 to run task
[2024-03-15 21:12:05,482] {standard_task_runner.py:76} INFO - Running: ['***', 'tasks', 'run', '***_exam', 'transform_into_data.csv', '2024-03-15T21:11:00+00:00', '--job-id', '3903', '--pool', 'default_pool', '--raw', '--subdir', 'DAGS_FOLDER/DAG.py', '--cfg-path', '/tmp/tmp45ear89v', '--error-file', '/tmp/tmpxs9uc8va']
[2024-03-15 21:12:05,482] {standard_task_runner.py:77} INFO - Job 3903: Subtask transform_into_data.csv
[2024-03-15 21:12:05,552] {logging_mixin.py:104} INFO - Running <TaskInstance: ***_exam.transform_into_data.csv 2024-03-15T21:11:00+00:00 [running]> on host 3a3d0401ac26
[2024-03-15 21:12:05,667] {taskinstance.py:1302} INFO - Exporting the following env vars:
AIRFLOW_CTX_DAG_OWNER=***
AIRFLOW_CTX_DAG_ID=***_exam
AIRFLOW_CTX_TASK_ID=transform_into_data.csv
AIRFLOW_CTX_EXECUTION_DATE=2024-03-15T21:11:00+00:00
AIRFLOW_CTX_DAG_RUN_ID=scheduled__2024-03-15T21:11:00+00:00
[2024-03-15 21:12:05,676] {logging_mixin.py:104} INFO - 
[2024-03-15 21:12:05,702] {logging_mixin.py:104} INFO -     temperature        city  pression              date
0       285.67       Paris      1013  2024-03-15 21:12
1       284.49      London      1008  2024-03-15 21:12
2       286.97  Washington      1024  2024-03-15 21:12
3       285.52       Paris      1013  2024-03-15 21:11
4       284.41      London      1009  2024-03-15 21:11
5       287.20  Washington      1024  2024-03-15 21:11
6       285.52       Paris      1013  2024-03-15 21:10
7       284.41      London      1009  2024-03-15 21:10
8       286.97  Washington      1024  2024-03-15 21:10
9       285.52       Paris      1013  2024-03-15 21:09
[2024-03-15 21:12:05,707] {python.py:151} INFO - Done. Returned value was: None
[2024-03-15 21:12:05,725] {taskinstance.py:1211} INFO - Marking task as SUCCESS. dag_id=***_exam, task_id=transform_into_data.csv, execution_date=20240315T211100, start_date=20240315T211205, end_date=20240315T211205
[2024-03-15 21:12:05,768] {taskinstance.py:1265} INFO - 0 downstream tasks scheduled from follow-on schedule check
[2024-03-15 21:12:05,815] {local_task_job.py:151} INFO - Task exited with return code 0
