[2024-03-21 15:58:04,747] {taskinstance.py:896} INFO - Dependencies all met for <TaskInstance: airflow_exam.transform_into_fulldata.csv 2024-03-21T15:57:00+00:00 [queued]>
[2024-03-21 15:58:04,767] {taskinstance.py:896} INFO - Dependencies all met for <TaskInstance: airflow_exam.transform_into_fulldata.csv 2024-03-21T15:57:00+00:00 [queued]>
[2024-03-21 15:58:04,767] {taskinstance.py:1087} INFO - 
--------------------------------------------------------------------------------
[2024-03-21 15:58:04,767] {taskinstance.py:1088} INFO - Starting attempt 1 of 1
[2024-03-21 15:58:04,767] {taskinstance.py:1089} INFO - 
--------------------------------------------------------------------------------
[2024-03-21 15:58:04,778] {taskinstance.py:1107} INFO - Executing <Task(PythonOperator): transform_into_fulldata.csv> on 2024-03-21T15:57:00+00:00
[2024-03-21 15:58:04,786] {standard_task_runner.py:52} INFO - Started process 3642 to run task
[2024-03-21 15:58:04,790] {standard_task_runner.py:76} INFO - Running: ['***', 'tasks', 'run', '***_exam', 'transform_into_fulldata.csv', '2024-03-21T15:57:00+00:00', '--job-id', '9171', '--pool', 'default_pool', '--raw', '--subdir', 'DAGS_FOLDER/DAG.py', '--cfg-path', '/tmp/tmpgaphv3_z', '--error-file', '/tmp/tmplh3tf9ii']
[2024-03-21 15:58:04,790] {standard_task_runner.py:77} INFO - Job 9171: Subtask transform_into_fulldata.csv
[2024-03-21 15:58:04,842] {logging_mixin.py:104} INFO - Running <TaskInstance: ***_exam.transform_into_fulldata.csv 2024-03-21T15:57:00+00:00 [running]> on host 3a3d0401ac26
[2024-03-21 15:58:04,905] {taskinstance.py:1302} INFO - Exporting the following env vars:
AIRFLOW_CTX_DAG_OWNER=***
AIRFLOW_CTX_DAG_ID=***_exam
AIRFLOW_CTX_TASK_ID=transform_into_fulldata.csv
AIRFLOW_CTX_EXECUTION_DATE=2024-03-21T15:57:00+00:00
AIRFLOW_CTX_DAG_RUN_ID=scheduled__2024-03-21T15:57:00+00:00
[2024-03-21 15:58:05,016] {logging_mixin.py:104} INFO - 
[2024-03-21 15:58:05,045] {logging_mixin.py:104} INFO -     temperature        city  pression              date
0       292.80       Paris      1025  2024-03-21 15:58
1       289.66      London      1023  2024-03-21 15:58
2       280.27  Washington      1015  2024-03-21 15:58
3       292.80       Paris      1025  2024-03-21 15:57
4       289.66      London      1023  2024-03-21 15:57
5       280.27  Washington      1015  2024-03-21 15:57
6       292.80       Paris      1025  2024-03-21 15:56
7       289.66      London      1023  2024-03-21 15:56
8       280.27  Washington      1015  2024-03-21 15:56
9       292.80       Paris      1025  2024-03-21 15:55
[2024-03-21 15:58:05,060] {python.py:151} INFO - Done. Returned value was: None
[2024-03-21 15:58:05,071] {taskinstance.py:1211} INFO - Marking task as SUCCESS. dag_id=***_exam, task_id=transform_into_fulldata.csv, execution_date=20240321T155700, start_date=20240321T155804, end_date=20240321T155805
[2024-03-21 15:58:05,107] {taskinstance.py:1265} INFO - 3 downstream tasks scheduled from follow-on schedule check
[2024-03-21 15:58:05,123] {local_task_job.py:151} INFO - Task exited with return code 0
