[2024-03-15 22:34:04,399] {taskinstance.py:896} INFO - Dependencies all met for <TaskInstance: airflow_exam.transform_into_data.csv 2024-03-15T22:33:00+00:00 [queued]>
[2024-03-15 22:34:04,434] {taskinstance.py:896} INFO - Dependencies all met for <TaskInstance: airflow_exam.transform_into_data.csv 2024-03-15T22:33:00+00:00 [queued]>
[2024-03-15 22:34:04,435] {taskinstance.py:1087} INFO - 
--------------------------------------------------------------------------------
[2024-03-15 22:34:04,435] {taskinstance.py:1088} INFO - Starting attempt 1 of 1
[2024-03-15 22:34:04,435] {taskinstance.py:1089} INFO - 
--------------------------------------------------------------------------------
[2024-03-15 22:34:04,452] {taskinstance.py:1107} INFO - Executing <Task(PythonOperator): transform_into_data.csv> on 2024-03-15T22:33:00+00:00
[2024-03-15 22:34:04,464] {standard_task_runner.py:52} INFO - Started process 78495 to run task
[2024-03-15 22:34:04,470] {standard_task_runner.py:76} INFO - Running: ['***', 'tasks', 'run', '***_exam', 'transform_into_data.csv', '2024-03-15T22:33:00+00:00', '--job-id', '4476', '--pool', 'default_pool', '--raw', '--subdir', 'DAGS_FOLDER/DAG.py', '--cfg-path', '/tmp/tmpm2d7ew2f', '--error-file', '/tmp/tmpdxkvou4_']
[2024-03-15 22:34:04,471] {standard_task_runner.py:77} INFO - Job 4476: Subtask transform_into_data.csv
[2024-03-15 22:34:04,552] {logging_mixin.py:104} INFO - Running <TaskInstance: ***_exam.transform_into_data.csv 2024-03-15T22:33:00+00:00 [running]> on host 3a3d0401ac26
[2024-03-15 22:34:04,641] {taskinstance.py:1302} INFO - Exporting the following env vars:
AIRFLOW_CTX_DAG_OWNER=***
AIRFLOW_CTX_DAG_ID=***_exam
AIRFLOW_CTX_TASK_ID=transform_into_data.csv
AIRFLOW_CTX_EXECUTION_DATE=2024-03-15T22:33:00+00:00
AIRFLOW_CTX_DAG_RUN_ID=scheduled__2024-03-15T22:33:00+00:00
[2024-03-15 22:34:04,651] {logging_mixin.py:104} INFO - 
[2024-03-15 22:34:04,694] {logging_mixin.py:104} INFO -     temperature        city  pression              date
0       285.48       Paris      1014  2024-03-15 22:34
1       282.81      London      1011  2024-03-15 22:34
2       288.86  Washington      1022  2024-03-15 22:34
3       285.48       Paris      1014  2024-03-15 22:33
4       282.81      London      1011  2024-03-15 22:33
5       288.86  Washington      1022  2024-03-15 22:33
6       285.48       Paris      1014  2024-03-15 22:32
7       282.81      London      1011  2024-03-15 22:32
8       288.86  Washington      1022  2024-03-15 22:32
9       285.48       Paris      1014  2024-03-15 22:31
[2024-03-15 22:34:04,704] {python.py:151} INFO - Done. Returned value was: None
[2024-03-15 22:34:04,723] {taskinstance.py:1211} INFO - Marking task as SUCCESS. dag_id=***_exam, task_id=transform_into_data.csv, execution_date=20240315T223300, start_date=20240315T223404, end_date=20240315T223404
[2024-03-15 22:34:04,781] {taskinstance.py:1265} INFO - 0 downstream tasks scheduled from follow-on schedule check
[2024-03-15 22:34:04,806] {local_task_job.py:151} INFO - Task exited with return code 0
