[2024-03-21 15:53:06,587] {taskinstance.py:896} INFO - Dependencies all met for <TaskInstance: airflow_exam.compute_lr_score 2024-03-21T15:52:00+00:00 [queued]>
[2024-03-21 15:53:06,625] {taskinstance.py:896} INFO - Dependencies all met for <TaskInstance: airflow_exam.compute_lr_score 2024-03-21T15:52:00+00:00 [queued]>
[2024-03-21 15:53:06,625] {taskinstance.py:1087} INFO - 
--------------------------------------------------------------------------------
[2024-03-21 15:53:06,625] {taskinstance.py:1088} INFO - Starting attempt 1 of 1
[2024-03-21 15:53:06,625] {taskinstance.py:1089} INFO - 
--------------------------------------------------------------------------------
[2024-03-21 15:53:06,646] {taskinstance.py:1107} INFO - Executing <Task(PythonOperator): compute_lr_score> on 2024-03-21T15:52:00+00:00
[2024-03-21 15:53:06,661] {standard_task_runner.py:52} INFO - Started process 2596 to run task
[2024-03-21 15:53:06,668] {standard_task_runner.py:76} INFO - Running: ['***', 'tasks', 'run', '***_exam', 'compute_lr_score', '2024-03-21T15:52:00+00:00', '--job-id', '9137', '--pool', 'default_pool', '--raw', '--subdir', 'DAGS_FOLDER/DAG.py', '--cfg-path', '/tmp/tmpv4i_wuap', '--error-file', '/tmp/tmpse6_zmyo']
[2024-03-21 15:53:06,669] {standard_task_runner.py:77} INFO - Job 9137: Subtask compute_lr_score
[2024-03-21 15:53:06,774] {logging_mixin.py:104} INFO - Running <TaskInstance: ***_exam.compute_lr_score 2024-03-21T15:52:00+00:00 [running]> on host 3a3d0401ac26
[2024-03-21 15:53:06,905] {taskinstance.py:1302} INFO - Exporting the following env vars:
AIRFLOW_CTX_DAG_OWNER=***
AIRFLOW_CTX_DAG_ID=***_exam
AIRFLOW_CTX_TASK_ID=compute_lr_score
AIRFLOW_CTX_EXECUTION_DATE=2024-03-21T15:52:00+00:00
AIRFLOW_CTX_DAG_RUN_ID=scheduled__2024-03-21T15:52:00+00:00
[2024-03-21 15:53:07,409] {python.py:151} INFO - Done. Returned value was: None
[2024-03-21 15:53:07,426] {taskinstance.py:1211} INFO - Marking task as SUCCESS. dag_id=***_exam, task_id=compute_lr_score, execution_date=20240321T155200, start_date=20240321T155306, end_date=20240321T155307
[2024-03-21 15:53:07,504] {taskinstance.py:1265} INFO - 0 downstream tasks scheduled from follow-on schedule check
[2024-03-21 15:53:07,568] {local_task_job.py:151} INFO - Task exited with return code 0
