[2024-03-21 19:05:04,663] {taskinstance.py:896} INFO - Dependencies all met for <TaskInstance: airflow_exam.transform_into_data.csv 2024-03-21T19:04:00+00:00 [queued]>
[2024-03-21 19:05:04,726] {taskinstance.py:896} INFO - Dependencies all met for <TaskInstance: airflow_exam.transform_into_data.csv 2024-03-21T19:04:00+00:00 [queued]>
[2024-03-21 19:05:04,726] {taskinstance.py:1087} INFO - 
--------------------------------------------------------------------------------
[2024-03-21 19:05:04,726] {taskinstance.py:1088} INFO - Starting attempt 1 of 1
[2024-03-21 19:05:04,727] {taskinstance.py:1089} INFO - 
--------------------------------------------------------------------------------
[2024-03-21 19:05:04,750] {taskinstance.py:1107} INFO - Executing <Task(PythonOperator): transform_into_data.csv> on 2024-03-21T19:04:00+00:00
[2024-03-21 19:05:04,766] {standard_task_runner.py:52} INFO - Started process 43981 to run task
[2024-03-21 19:05:04,774] {standard_task_runner.py:76} INFO - Running: ['***', 'tasks', 'run', '***_exam', 'transform_into_data.csv', '2024-03-21T19:04:00+00:00', '--job-id', '10479', '--pool', 'default_pool', '--raw', '--subdir', 'DAGS_FOLDER/DAG.py', '--cfg-path', '/tmp/tmpbl_6mqpc', '--error-file', '/tmp/tmpdylicmup']
[2024-03-21 19:05:04,775] {standard_task_runner.py:77} INFO - Job 10479: Subtask transform_into_data.csv
[2024-03-21 19:05:04,868] {logging_mixin.py:104} INFO - Running <TaskInstance: ***_exam.transform_into_data.csv 2024-03-21T19:04:00+00:00 [running]> on host 3a3d0401ac26
[2024-03-21 19:05:04,957] {taskinstance.py:1302} INFO - Exporting the following env vars:
AIRFLOW_CTX_DAG_OWNER=***
AIRFLOW_CTX_DAG_ID=***_exam
AIRFLOW_CTX_TASK_ID=transform_into_data.csv
AIRFLOW_CTX_EXECUTION_DATE=2024-03-21T19:04:00+00:00
AIRFLOW_CTX_DAG_RUN_ID=scheduled__2024-03-21T19:04:00+00:00
[2024-03-21 19:05:04,965] {logging_mixin.py:104} INFO - 
[2024-03-21 19:05:04,999] {logging_mixin.py:104} INFO -     temperature        city  pression              date
0       289.14       Paris      1025  2024-03-21 19:05
1       287.23      London      1022  2024-03-21 19:05
2       286.24  Washington      1014  2024-03-21 19:05
3       289.14       Paris      1025  2024-03-21 19:04
4       287.23      London      1022  2024-03-21 19:04
5       286.24  Washington      1014  2024-03-21 19:04
6       289.14       Paris      1025  2024-03-21 19:03
7       287.23      London      1022  2024-03-21 19:03
8       286.24  Washington      1014  2024-03-21 19:03
9       289.14       Paris      1025  2024-03-21 19:02
[2024-03-21 19:05:05,007] {python.py:151} INFO - Done. Returned value was: None
[2024-03-21 19:05:05,025] {taskinstance.py:1211} INFO - Marking task as SUCCESS. dag_id=***_exam, task_id=transform_into_data.csv, execution_date=20240321T190400, start_date=20240321T190504, end_date=20240321T190505
[2024-03-21 19:05:05,062] {taskinstance.py:1265} INFO - 0 downstream tasks scheduled from follow-on schedule check
[2024-03-21 19:05:05,108] {local_task_job.py:151} INFO - Task exited with return code 0
