[2024-03-21 20:10:03,975] {taskinstance.py:896} INFO - Dependencies all met for <TaskInstance: airflow_exam.transform_into_data.csv 2024-03-21T20:09:00+00:00 [queued]>
[2024-03-21 20:10:04,000] {taskinstance.py:896} INFO - Dependencies all met for <TaskInstance: airflow_exam.transform_into_data.csv 2024-03-21T20:09:00+00:00 [queued]>
[2024-03-21 20:10:04,000] {taskinstance.py:1087} INFO - 
--------------------------------------------------------------------------------
[2024-03-21 20:10:04,000] {taskinstance.py:1088} INFO - Starting attempt 1 of 1
[2024-03-21 20:10:04,001] {taskinstance.py:1089} INFO - 
--------------------------------------------------------------------------------
[2024-03-21 20:10:04,017] {taskinstance.py:1107} INFO - Executing <Task(PythonOperator): transform_into_data.csv> on 2024-03-21T20:09:00+00:00
[2024-03-21 20:10:04,029] {standard_task_runner.py:52} INFO - Started process 58069 to run task
[2024-03-21 20:10:04,033] {standard_task_runner.py:76} INFO - Running: ['***', 'tasks', 'run', '***_exam', 'transform_into_data.csv', '2024-03-21T20:09:00+00:00', '--job-id', '10934', '--pool', 'default_pool', '--raw', '--subdir', 'DAGS_FOLDER/DAG.py', '--cfg-path', '/tmp/tmp8eocad9u', '--error-file', '/tmp/tmpw087tjd7']
[2024-03-21 20:10:04,034] {standard_task_runner.py:77} INFO - Job 10934: Subtask transform_into_data.csv
[2024-03-21 20:10:04,094] {logging_mixin.py:104} INFO - Running <TaskInstance: ***_exam.transform_into_data.csv 2024-03-21T20:09:00+00:00 [running]> on host 3a3d0401ac26
[2024-03-21 20:10:04,171] {taskinstance.py:1302} INFO - Exporting the following env vars:
AIRFLOW_CTX_DAG_OWNER=***
AIRFLOW_CTX_DAG_ID=***_exam
AIRFLOW_CTX_TASK_ID=transform_into_data.csv
AIRFLOW_CTX_EXECUTION_DATE=2024-03-21T20:09:00+00:00
AIRFLOW_CTX_DAG_RUN_ID=scheduled__2024-03-21T20:09:00+00:00
[2024-03-21 20:10:04,178] {logging_mixin.py:104} INFO - 
[2024-03-21 20:10:04,199] {logging_mixin.py:104} INFO -     temperature        city  pression              date
0       288.26       Paris      1025  2024-03-21 20:10
1       286.23      London      1022  2024-03-21 20:10
2       287.00  Washington      1013  2024-03-21 20:10
3       288.26       Paris      1025  2024-03-21 20:09
4       286.23      London      1022  2024-03-21 20:09
5       287.00  Washington      1013  2024-03-21 20:09
6       288.26       Paris      1025  2024-03-21 20:08
7       286.23      London      1022  2024-03-21 20:08
8       287.00  Washington      1013  2024-03-21 20:08
9       288.26       Paris      1025  2024-03-21 20:07
[2024-03-21 20:10:04,205] {python.py:151} INFO - Done. Returned value was: None
[2024-03-21 20:10:04,221] {taskinstance.py:1211} INFO - Marking task as SUCCESS. dag_id=***_exam, task_id=transform_into_data.csv, execution_date=20240321T200900, start_date=20240321T201003, end_date=20240321T201004
[2024-03-21 20:10:04,258] {taskinstance.py:1265} INFO - 0 downstream tasks scheduled from follow-on schedule check
[2024-03-21 20:10:04,285] {local_task_job.py:151} INFO - Task exited with return code 0
