[2024-03-20 21:25:04,476] {taskinstance.py:896} INFO - Dependencies all met for <TaskInstance: airflow_exam.transform_into_fulldata.csv 2024-03-20T21:24:00+00:00 [queued]>
[2024-03-20 21:25:04,491] {taskinstance.py:896} INFO - Dependencies all met for <TaskInstance: airflow_exam.transform_into_fulldata.csv 2024-03-20T21:24:00+00:00 [queued]>
[2024-03-20 21:25:04,491] {taskinstance.py:1087} INFO - 
--------------------------------------------------------------------------------
[2024-03-20 21:25:04,491] {taskinstance.py:1088} INFO - Starting attempt 1 of 1
[2024-03-20 21:25:04,491] {taskinstance.py:1089} INFO - 
--------------------------------------------------------------------------------
[2024-03-20 21:25:04,509] {taskinstance.py:1107} INFO - Executing <Task(PythonOperator): transform_into_fulldata.csv> on 2024-03-20T21:24:00+00:00
[2024-03-20 21:25:04,518] {standard_task_runner.py:52} INFO - Started process 11132 to run task
[2024-03-20 21:25:04,522] {standard_task_runner.py:76} INFO - Running: ['***', 'tasks', 'run', '***_exam', 'transform_into_fulldata.csv', '2024-03-20T21:24:00+00:00', '--job-id', '7198', '--pool', 'default_pool', '--raw', '--subdir', 'DAGS_FOLDER/DAG.py', '--cfg-path', '/tmp/tmphccp1lx2', '--error-file', '/tmp/tmp4zl3o_x_']
[2024-03-20 21:25:04,522] {standard_task_runner.py:77} INFO - Job 7198: Subtask transform_into_fulldata.csv
[2024-03-20 21:25:04,575] {logging_mixin.py:104} INFO - Running <TaskInstance: ***_exam.transform_into_fulldata.csv 2024-03-20T21:24:00+00:00 [running]> on host 3a3d0401ac26
[2024-03-20 21:25:04,648] {taskinstance.py:1302} INFO - Exporting the following env vars:
AIRFLOW_CTX_DAG_OWNER=***
AIRFLOW_CTX_DAG_ID=***_exam
AIRFLOW_CTX_TASK_ID=transform_into_fulldata.csv
AIRFLOW_CTX_EXECUTION_DATE=2024-03-20T21:24:00+00:00
AIRFLOW_CTX_DAG_RUN_ID=scheduled__2024-03-20T21:24:00+00:00
[2024-03-20 21:25:04,749] {logging_mixin.py:104} INFO - 
[2024-03-20 21:25:04,776] {logging_mixin.py:104} INFO -     temperature        city  pression              date
0       286.46       Paris      1019  2024-03-20 21:25
1       286.06      London      1020  2024-03-20 21:25
2       290.66  Washington      1008  2024-03-20 21:25
3       286.45       Paris      1019  2024-03-20 21:24
4       286.16      London      1020  2024-03-20 21:24
5       290.66  Washington      1008  2024-03-20 21:24
6       286.45       Paris      1019  2024-03-20 21:23
7       286.16      London      1020  2024-03-20 21:23
8       290.66  Washington      1008  2024-03-20 21:23
9       286.45       Paris      1019  2024-03-20 21:22
[2024-03-20 21:25:04,790] {python.py:151} INFO - Done. Returned value was: None
[2024-03-20 21:25:04,804] {taskinstance.py:1211} INFO - Marking task as SUCCESS. dag_id=***_exam, task_id=transform_into_fulldata.csv, execution_date=20240320T212400, start_date=20240320T212504, end_date=20240320T212504
[2024-03-20 21:25:04,842] {taskinstance.py:1265} INFO - 3 downstream tasks scheduled from follow-on schedule check
[2024-03-20 21:25:04,855] {local_task_job.py:151} INFO - Task exited with return code 0
