[2024-03-21 17:39:03,763] {taskinstance.py:896} INFO - Dependencies all met for <TaskInstance: airflow_exam.transform_into_fulldata.csv 2024-03-21T17:38:00+00:00 [queued]>
[2024-03-21 17:39:03,784] {taskinstance.py:896} INFO - Dependencies all met for <TaskInstance: airflow_exam.transform_into_fulldata.csv 2024-03-21T17:38:00+00:00 [queued]>
[2024-03-21 17:39:03,784] {taskinstance.py:1087} INFO - 
--------------------------------------------------------------------------------
[2024-03-21 17:39:03,784] {taskinstance.py:1088} INFO - Starting attempt 1 of 1
[2024-03-21 17:39:03,784] {taskinstance.py:1089} INFO - 
--------------------------------------------------------------------------------
[2024-03-21 17:39:03,800] {taskinstance.py:1107} INFO - Executing <Task(PythonOperator): transform_into_fulldata.csv> on 2024-03-21T17:38:00+00:00
[2024-03-21 17:39:03,809] {standard_task_runner.py:52} INFO - Started process 25483 to run task
[2024-03-21 17:39:03,812] {standard_task_runner.py:76} INFO - Running: ['***', 'tasks', 'run', '***_exam', 'transform_into_fulldata.csv', '2024-03-21T17:38:00+00:00', '--job-id', '9878', '--pool', 'default_pool', '--raw', '--subdir', 'DAGS_FOLDER/DAG.py', '--cfg-path', '/tmp/tmpyk16hzax', '--error-file', '/tmp/tmp96bmt4j1']
[2024-03-21 17:39:03,812] {standard_task_runner.py:77} INFO - Job 9878: Subtask transform_into_fulldata.csv
[2024-03-21 17:39:03,863] {logging_mixin.py:104} INFO - Running <TaskInstance: ***_exam.transform_into_fulldata.csv 2024-03-21T17:38:00+00:00 [running]> on host 3a3d0401ac26
[2024-03-21 17:39:03,925] {taskinstance.py:1302} INFO - Exporting the following env vars:
AIRFLOW_CTX_DAG_OWNER=***
AIRFLOW_CTX_DAG_ID=***_exam
AIRFLOW_CTX_TASK_ID=transform_into_fulldata.csv
AIRFLOW_CTX_EXECUTION_DATE=2024-03-21T17:38:00+00:00
AIRFLOW_CTX_DAG_RUN_ID=scheduled__2024-03-21T17:38:00+00:00
[2024-03-21 17:39:04,015] {logging_mixin.py:104} INFO - 
[2024-03-21 17:39:04,048] {logging_mixin.py:104} INFO -     temperature        city  pression              date
0       291.43       Paris      1025  2024-03-21 17:39
1       288.54      London      1022  2024-03-21 17:39
2       283.51  Washington      1014  2024-03-21 17:39
3       291.43       Paris      1025  2024-03-21 17:38
4       288.54      London      1022  2024-03-21 17:38
5       283.51  Washington      1014  2024-03-21 17:38
6       291.43       Paris      1025  2024-03-21 17:37
7       288.54      London      1022  2024-03-21 17:37
8       283.51  Washington      1014  2024-03-21 17:37
9       291.53       Paris      1025  2024-03-21 17:36
[2024-03-21 17:39:04,065] {python.py:151} INFO - Done. Returned value was: None
[2024-03-21 17:39:04,077] {taskinstance.py:1211} INFO - Marking task as SUCCESS. dag_id=***_exam, task_id=transform_into_fulldata.csv, execution_date=20240321T173800, start_date=20240321T173903, end_date=20240321T173904
[2024-03-21 17:39:04,115] {taskinstance.py:1265} INFO - 3 downstream tasks scheduled from follow-on schedule check
[2024-03-21 17:39:04,145] {local_task_job.py:151} INFO - Task exited with return code 0
