[2023-10-06 20:22:03,979] {taskinstance.py:896} INFO - Dependencies all met for <TaskInstance: airflow_exam.transform_into_data.csv 2023-10-06T20:21:00+00:00 [queued]>
[2023-10-06 20:22:03,991] {taskinstance.py:896} INFO - Dependencies all met for <TaskInstance: airflow_exam.transform_into_data.csv 2023-10-06T20:21:00+00:00 [queued]>
[2023-10-06 20:22:03,992] {taskinstance.py:1087} INFO - 
--------------------------------------------------------------------------------
[2023-10-06 20:22:03,992] {taskinstance.py:1088} INFO - Starting attempt 1 of 1
[2023-10-06 20:22:03,992] {taskinstance.py:1089} INFO - 
--------------------------------------------------------------------------------
[2023-10-06 20:22:04,009] {taskinstance.py:1107} INFO - Executing <Task(PythonOperator): transform_into_data.csv> on 2023-10-06T20:21:00+00:00
[2023-10-06 20:22:04,015] {standard_task_runner.py:52} INFO - Started process 15358 to run task
[2023-10-06 20:22:04,018] {standard_task_runner.py:76} INFO - Running: ['***', 'tasks', 'run', '***_exam', 'transform_into_data.csv', '2023-10-06T20:21:00+00:00', '--job-id', '824', '--pool', 'default_pool', '--raw', '--subdir', 'DAGS_FOLDER/DAG.py', '--cfg-path', '/tmp/tmpc3su_aew', '--error-file', '/tmp/tmpouqqvm5w']
[2023-10-06 20:22:04,018] {standard_task_runner.py:77} INFO - Job 824: Subtask transform_into_data.csv
[2023-10-06 20:22:04,058] {logging_mixin.py:104} INFO - Running <TaskInstance: ***_exam.transform_into_data.csv 2023-10-06T20:21:00+00:00 [running]> on host 3a3d0401ac26
[2023-10-06 20:22:04,113] {taskinstance.py:1302} INFO - Exporting the following env vars:
AIRFLOW_CTX_DAG_OWNER=***
AIRFLOW_CTX_DAG_ID=***_exam
AIRFLOW_CTX_TASK_ID=transform_into_data.csv
AIRFLOW_CTX_EXECUTION_DATE=2023-10-06T20:21:00+00:00
AIRFLOW_CTX_DAG_RUN_ID=scheduled__2023-10-06T20:21:00+00:00
[2023-10-06 20:22:04,118] {logging_mixin.py:104} INFO - 
[2023-10-06 20:22:04,134] {logging_mixin.py:104} INFO -     temperature        city  pression              date
0       287.91       Paris      1026  2023-10-06 20:22
1       289.95      London      1023  2023-10-06 20:22
2       293.91  Washington      1024  2023-10-06 20:22
3       287.91       Paris      1026  2023-10-06 20:21
4       289.95      London      1023  2023-10-06 20:21
5       293.91  Washington      1024  2023-10-06 20:21
6       287.91       Paris      1026  2023-10-06 20:20
7       289.95      London      1023  2023-10-06 20:20
8       293.91  Washington      1024  2023-10-06 20:20
9       287.91       Paris      1026  2023-10-06 20:19
[2023-10-06 20:22:04,137] {python.py:151} INFO - Done. Returned value was: None
[2023-10-06 20:22:04,147] {taskinstance.py:1211} INFO - Marking task as SUCCESS. dag_id=***_exam, task_id=transform_into_data.csv, execution_date=20231006T202100, start_date=20231006T202203, end_date=20231006T202204
[2023-10-06 20:22:04,174] {taskinstance.py:1265} INFO - 0 downstream tasks scheduled from follow-on schedule check
[2023-10-06 20:22:04,190] {local_task_job.py:151} INFO - Task exited with return code 0
