[2024-03-21 15:59:05,547] {taskinstance.py:896} INFO - Dependencies all met for <TaskInstance: airflow_exam.transform_into_fulldata.csv 2024-03-21T15:58:00+00:00 [queued]>
[2024-03-21 15:59:05,590] {taskinstance.py:896} INFO - Dependencies all met for <TaskInstance: airflow_exam.transform_into_fulldata.csv 2024-03-21T15:58:00+00:00 [queued]>
[2024-03-21 15:59:05,590] {taskinstance.py:1087} INFO - 
--------------------------------------------------------------------------------
[2024-03-21 15:59:05,590] {taskinstance.py:1088} INFO - Starting attempt 1 of 1
[2024-03-21 15:59:05,590] {taskinstance.py:1089} INFO - 
--------------------------------------------------------------------------------
[2024-03-21 15:59:05,612] {taskinstance.py:1107} INFO - Executing <Task(PythonOperator): transform_into_fulldata.csv> on 2024-03-21T15:58:00+00:00
[2024-03-21 15:59:05,623] {standard_task_runner.py:52} INFO - Started process 3860 to run task
[2024-03-21 15:59:05,628] {standard_task_runner.py:76} INFO - Running: ['***', 'tasks', 'run', '***_exam', 'transform_into_fulldata.csv', '2024-03-21T15:58:00+00:00', '--job-id', '9177', '--pool', 'default_pool', '--raw', '--subdir', 'DAGS_FOLDER/DAG.py', '--cfg-path', '/tmp/tmpo0h5w3jh', '--error-file', '/tmp/tmp6pu9sm_g']
[2024-03-21 15:59:05,629] {standard_task_runner.py:77} INFO - Job 9177: Subtask transform_into_fulldata.csv
[2024-03-21 15:59:05,708] {logging_mixin.py:104} INFO - Running <TaskInstance: ***_exam.transform_into_fulldata.csv 2024-03-21T15:58:00+00:00 [running]> on host 3a3d0401ac26
[2024-03-21 15:59:05,800] {taskinstance.py:1302} INFO - Exporting the following env vars:
AIRFLOW_CTX_DAG_OWNER=***
AIRFLOW_CTX_DAG_ID=***_exam
AIRFLOW_CTX_TASK_ID=transform_into_fulldata.csv
AIRFLOW_CTX_EXECUTION_DATE=2024-03-21T15:58:00+00:00
AIRFLOW_CTX_DAG_RUN_ID=scheduled__2024-03-21T15:58:00+00:00
[2024-03-21 15:59:05,960] {logging_mixin.py:104} INFO - 
[2024-03-21 15:59:05,998] {logging_mixin.py:104} INFO -     temperature        city  pression              date
0       292.80       Paris      1025  2024-03-21 15:59
1       289.53      London      1023  2024-03-21 15:59
2       280.27  Washington      1015  2024-03-21 15:59
3       292.80       Paris      1025  2024-03-21 15:58
4       289.66      London      1023  2024-03-21 15:58
5       280.27  Washington      1015  2024-03-21 15:58
6       292.80       Paris      1025  2024-03-21 15:57
7       289.66      London      1023  2024-03-21 15:57
8       280.27  Washington      1015  2024-03-21 15:57
9       292.80       Paris      1025  2024-03-21 15:56
[2024-03-21 15:59:06,032] {python.py:151} INFO - Done. Returned value was: None
[2024-03-21 15:59:06,057] {taskinstance.py:1211} INFO - Marking task as SUCCESS. dag_id=***_exam, task_id=transform_into_fulldata.csv, execution_date=20240321T155800, start_date=20240321T155905, end_date=20240321T155906
[2024-03-21 15:59:06,111] {taskinstance.py:1265} INFO - 3 downstream tasks scheduled from follow-on schedule check
[2024-03-21 15:59:06,163] {local_task_job.py:151} INFO - Task exited with return code 0
