[2024-03-15 14:35:04,442] {taskinstance.py:896} INFO - Dependencies all met for <TaskInstance: airflow_exam.transform_into_data.csv 2024-03-15T14:34:00+00:00 [queued]>
[2024-03-15 14:35:04,481] {taskinstance.py:896} INFO - Dependencies all met for <TaskInstance: airflow_exam.transform_into_data.csv 2024-03-15T14:34:00+00:00 [queued]>
[2024-03-15 14:35:04,481] {taskinstance.py:1087} INFO - 
--------------------------------------------------------------------------------
[2024-03-15 14:35:04,481] {taskinstance.py:1088} INFO - Starting attempt 1 of 1
[2024-03-15 14:35:04,481] {taskinstance.py:1089} INFO - 
--------------------------------------------------------------------------------
[2024-03-15 14:35:04,518] {taskinstance.py:1107} INFO - Executing <Task(PythonOperator): transform_into_data.csv> on 2024-03-15T14:34:00+00:00
[2024-03-15 14:35:04,539] {standard_task_runner.py:52} INFO - Started process 8447 to run task
[2024-03-15 14:35:04,544] {standard_task_runner.py:76} INFO - Running: ['***', 'tasks', 'run', '***_exam', 'transform_into_data.csv', '2024-03-15T14:34:00+00:00', '--job-id', '2010', '--pool', 'default_pool', '--raw', '--subdir', 'DAGS_FOLDER/DAG.py', '--cfg-path', '/tmp/tmp_88ssz12', '--error-file', '/tmp/tmpk7xdj0lx']
[2024-03-15 14:35:04,544] {standard_task_runner.py:77} INFO - Job 2010: Subtask transform_into_data.csv
[2024-03-15 14:35:04,624] {logging_mixin.py:104} INFO - Running <TaskInstance: ***_exam.transform_into_data.csv 2024-03-15T14:34:00+00:00 [running]> on host 3a3d0401ac26
[2024-03-15 14:35:04,710] {taskinstance.py:1302} INFO - Exporting the following env vars:
AIRFLOW_CTX_DAG_OWNER=***
AIRFLOW_CTX_DAG_ID=***_exam
AIRFLOW_CTX_TASK_ID=transform_into_data.csv
AIRFLOW_CTX_EXECUTION_DATE=2024-03-15T14:34:00+00:00
AIRFLOW_CTX_DAG_RUN_ID=scheduled__2024-03-15T14:34:00+00:00
[2024-03-15 14:35:04,716] {logging_mixin.py:104} INFO - 
[2024-03-15 14:35:04,741] {logging_mixin.py:104} INFO -     temperature        city  pression              date
0       289.62       Paris      1012  2024-03-15 14:35
1       287.19      London      1004  2024-03-15 14:35
2       276.31  Washington      1028  2024-03-15 14:35
3       289.62       Paris      1012  2024-03-15 14:34
4       287.19      London      1004  2024-03-15 14:34
5       274.41  Washington      1029  2024-03-15 14:34
6       289.62       Paris      1012  2024-03-15 14:33
7       287.19      London      1004  2024-03-15 14:33
8       274.41  Washington      1029  2024-03-15 14:33
9       289.66       Paris      1012  2024-03-15 14:32
[2024-03-15 14:35:04,746] {python.py:151} INFO - Done. Returned value was: None
[2024-03-15 14:35:04,761] {taskinstance.py:1211} INFO - Marking task as SUCCESS. dag_id=***_exam, task_id=transform_into_data.csv, execution_date=20240315T143400, start_date=20240315T143504, end_date=20240315T143504
[2024-03-15 14:35:04,801] {taskinstance.py:1265} INFO - 0 downstream tasks scheduled from follow-on schedule check
[2024-03-15 14:35:04,838] {local_task_job.py:151} INFO - Task exited with return code 0
