[2024-03-20 23:45:05,692] {taskinstance.py:896} INFO - Dependencies all met for <TaskInstance: airflow_exam.transform_into_data.csv 2024-03-20T23:44:00+00:00 [queued]>
[2024-03-20 23:45:05,708] {taskinstance.py:896} INFO - Dependencies all met for <TaskInstance: airflow_exam.transform_into_data.csv 2024-03-20T23:44:00+00:00 [queued]>
[2024-03-20 23:45:05,708] {taskinstance.py:1087} INFO - 
--------------------------------------------------------------------------------
[2024-03-20 23:45:05,708] {taskinstance.py:1088} INFO - Starting attempt 1 of 1
[2024-03-20 23:45:05,708] {taskinstance.py:1089} INFO - 
--------------------------------------------------------------------------------
[2024-03-20 23:45:05,728] {taskinstance.py:1107} INFO - Executing <Task(PythonOperator): transform_into_data.csv> on 2024-03-20T23:44:00+00:00
[2024-03-20 23:45:05,740] {standard_task_runner.py:52} INFO - Started process 41026 to run task
[2024-03-20 23:45:05,745] {standard_task_runner.py:76} INFO - Running: ['***', 'tasks', 'run', '***_exam', 'transform_into_data.csv', '2024-03-20T23:44:00+00:00', '--job-id', '8179', '--pool', 'default_pool', '--raw', '--subdir', 'DAGS_FOLDER/DAG.py', '--cfg-path', '/tmp/tmpdrq563ko', '--error-file', '/tmp/tmphvdvvsep']
[2024-03-20 23:45:05,746] {standard_task_runner.py:77} INFO - Job 8179: Subtask transform_into_data.csv
[2024-03-20 23:45:05,802] {logging_mixin.py:104} INFO - Running <TaskInstance: ***_exam.transform_into_data.csv 2024-03-20T23:44:00+00:00 [running]> on host 3a3d0401ac26
[2024-03-20 23:45:05,870] {taskinstance.py:1302} INFO - Exporting the following env vars:
AIRFLOW_CTX_DAG_OWNER=***
AIRFLOW_CTX_DAG_ID=***_exam
AIRFLOW_CTX_TASK_ID=transform_into_data.csv
AIRFLOW_CTX_EXECUTION_DATE=2024-03-20T23:44:00+00:00
AIRFLOW_CTX_DAG_RUN_ID=scheduled__2024-03-20T23:44:00+00:00
[2024-03-20 23:45:05,877] {logging_mixin.py:104} INFO - 
[2024-03-20 23:45:05,895] {logging_mixin.py:104} INFO -     temperature        city  pression              date
0       286.31       Paris      1021  2024-03-20 23:45
1       284.77      London      1022  2024-03-20 23:45
2       290.31  Washington      1007  2024-03-20 23:45
3       286.31       Paris      1021  2024-03-20 23:44
4       284.77      London      1022  2024-03-20 23:44
5       290.31  Washington      1007  2024-03-20 23:44
6       286.31       Paris      1021  2024-03-20 23:43
7       284.77      London      1022  2024-03-20 23:43
8       290.31  Washington      1007  2024-03-20 23:43
9       286.31       Paris      1021  2024-03-20 23:42
[2024-03-20 23:45:05,900] {python.py:151} INFO - Done. Returned value was: None
[2024-03-20 23:45:05,914] {taskinstance.py:1211} INFO - Marking task as SUCCESS. dag_id=***_exam, task_id=transform_into_data.csv, execution_date=20240320T234400, start_date=20240320T234505, end_date=20240320T234505
[2024-03-20 23:45:05,948] {taskinstance.py:1265} INFO - 0 downstream tasks scheduled from follow-on schedule check
[2024-03-20 23:45:05,998] {local_task_job.py:151} INFO - Task exited with return code 0
