[2024-03-21 19:06:14,988] {taskinstance.py:896} INFO - Dependencies all met for <TaskInstance: airflow_exam.train_best_model 2024-03-21T19:05:00+00:00 [queued]>
[2024-03-21 19:06:15,011] {taskinstance.py:896} INFO - Dependencies all met for <TaskInstance: airflow_exam.train_best_model 2024-03-21T19:05:00+00:00 [queued]>
[2024-03-21 19:06:15,012] {taskinstance.py:1087} INFO - 
--------------------------------------------------------------------------------
[2024-03-21 19:06:15,012] {taskinstance.py:1088} INFO - Starting attempt 1 of 1
[2024-03-21 19:06:15,012] {taskinstance.py:1089} INFO - 
--------------------------------------------------------------------------------
[2024-03-21 19:06:15,025] {taskinstance.py:1107} INFO - Executing <Task(PythonOperator): train_best_model> on 2024-03-21T19:05:00+00:00
[2024-03-21 19:06:15,034] {standard_task_runner.py:52} INFO - Started process 44285 to run task
[2024-03-21 19:06:15,038] {standard_task_runner.py:76} INFO - Running: ['***', 'tasks', 'run', '***_exam', 'train_best_model', '2024-03-21T19:05:00+00:00', '--job-id', '10491', '--pool', 'default_pool', '--raw', '--subdir', 'DAGS_FOLDER/DAG.py', '--cfg-path', '/tmp/tmpneiykjo7', '--error-file', '/tmp/tmpccei_jx6']
[2024-03-21 19:06:15,038] {standard_task_runner.py:77} INFO - Job 10491: Subtask train_best_model
[2024-03-21 19:06:15,088] {logging_mixin.py:104} INFO - Running <TaskInstance: ***_exam.train_best_model 2024-03-21T19:05:00+00:00 [running]> on host 3a3d0401ac26
[2024-03-21 19:06:15,146] {taskinstance.py:1302} INFO - Exporting the following env vars:
AIRFLOW_CTX_DAG_OWNER=***
AIRFLOW_CTX_DAG_ID=***_exam
AIRFLOW_CTX_TASK_ID=train_best_model
AIRFLOW_CTX_EXECUTION_DATE=2024-03-21T19:05:00+00:00
AIRFLOW_CTX_DAG_RUN_ID=scheduled__2024-03-21T19:05:00+00:00
[2024-03-21 19:06:15,290] {logging_mixin.py:104} INFO - LinearRegression() saved at  /app/clean_data/best_model.pickle
[2024-03-21 19:06:15,292] {python.py:151} INFO - Done. Returned value was: None
[2024-03-21 19:06:15,311] {taskinstance.py:1211} INFO - Marking task as SUCCESS. dag_id=***_exam, task_id=train_best_model, execution_date=20240321T190500, start_date=20240321T190614, end_date=20240321T190615
[2024-03-21 19:06:15,358] {taskinstance.py:1265} INFO - 0 downstream tasks scheduled from follow-on schedule check
[2024-03-21 19:06:15,371] {local_task_job.py:151} INFO - Task exited with return code 0
