[2024-03-16 00:46:06,225] {taskinstance.py:896} INFO - Dependencies all met for <TaskInstance: airflow_exam.transform_into_fulldata.csv 2024-03-16T00:45:00+00:00 [queued]>
[2024-03-16 00:46:06,261] {taskinstance.py:896} INFO - Dependencies all met for <TaskInstance: airflow_exam.transform_into_fulldata.csv 2024-03-16T00:45:00+00:00 [queued]>
[2024-03-16 00:46:06,262] {taskinstance.py:1087} INFO - 
--------------------------------------------------------------------------------
[2024-03-16 00:46:06,263] {taskinstance.py:1088} INFO - Starting attempt 1 of 1
[2024-03-16 00:46:06,263] {taskinstance.py:1089} INFO - 
--------------------------------------------------------------------------------
[2024-03-16 00:46:06,283] {taskinstance.py:1107} INFO - Executing <Task(PythonOperator): transform_into_fulldata.csv> on 2024-03-16T00:45:00+00:00
[2024-03-16 00:46:06,298] {standard_task_runner.py:52} INFO - Started process 105519 to run task
[2024-03-16 00:46:06,304] {standard_task_runner.py:76} INFO - Running: ['***', 'tasks', 'run', '***_exam', 'transform_into_fulldata.csv', '2024-03-16T00:45:00+00:00', '--job-id', '5393', '--pool', 'default_pool', '--raw', '--subdir', 'DAGS_FOLDER/DAG.py', '--cfg-path', '/tmp/tmp0j614x_8', '--error-file', '/tmp/tmpj7xmx13f']
[2024-03-16 00:46:06,305] {standard_task_runner.py:77} INFO - Job 5393: Subtask transform_into_fulldata.csv
[2024-03-16 00:46:06,378] {logging_mixin.py:104} INFO - Running <TaskInstance: ***_exam.transform_into_fulldata.csv 2024-03-16T00:45:00+00:00 [running]> on host 3a3d0401ac26
[2024-03-16 00:46:06,479] {taskinstance.py:1302} INFO - Exporting the following env vars:
AIRFLOW_CTX_DAG_OWNER=***
AIRFLOW_CTX_DAG_ID=***_exam
AIRFLOW_CTX_TASK_ID=transform_into_fulldata.csv
AIRFLOW_CTX_EXECUTION_DATE=2024-03-16T00:45:00+00:00
AIRFLOW_CTX_DAG_RUN_ID=scheduled__2024-03-16T00:45:00+00:00
[2024-03-16 00:46:06,588] {logging_mixin.py:104} INFO - 
[2024-03-16 00:46:06,630] {logging_mixin.py:104} INFO -     temperature        city  pression              date
0       284.61       Paris      1016  2024-03-16 00:46
1       281.34      London      1013  2024-03-16 00:46
2       287.91  Washington      1021  2024-03-16 00:46
3       284.40       Paris      1016  2024-03-16 00:45
4       281.34      London      1013  2024-03-16 00:45
5       287.91  Washington      1021  2024-03-16 00:45
6       284.40       Paris      1016  2024-03-16 00:44
7       281.34      London      1013  2024-03-16 00:44
8       287.91  Washington      1021  2024-03-16 00:44
9       284.40       Paris      1016  2024-03-16 00:43
[2024-03-16 00:46:06,651] {python.py:151} INFO - Done. Returned value was: None
[2024-03-16 00:46:06,676] {taskinstance.py:1211} INFO - Marking task as SUCCESS. dag_id=***_exam, task_id=transform_into_fulldata.csv, execution_date=20240316T004500, start_date=20240316T004606, end_date=20240316T004606
[2024-03-16 00:46:06,795] {taskinstance.py:1265} INFO - 3 downstream tasks scheduled from follow-on schedule check
[2024-03-16 00:46:06,839] {local_task_job.py:151} INFO - Task exited with return code 0
