[2024-03-16 02:17:04,511] {taskinstance.py:896} INFO - Dependencies all met for <TaskInstance: airflow_exam.transform_into_data.csv 2024-03-16T02:16:00+00:00 [queued]>
[2024-03-16 02:17:04,531] {taskinstance.py:896} INFO - Dependencies all met for <TaskInstance: airflow_exam.transform_into_data.csv 2024-03-16T02:16:00+00:00 [queued]>
[2024-03-16 02:17:04,531] {taskinstance.py:1087} INFO - 
--------------------------------------------------------------------------------
[2024-03-16 02:17:04,531] {taskinstance.py:1088} INFO - Starting attempt 1 of 1
[2024-03-16 02:17:04,532] {taskinstance.py:1089} INFO - 
--------------------------------------------------------------------------------
[2024-03-16 02:17:04,543] {taskinstance.py:1107} INFO - Executing <Task(PythonOperator): transform_into_data.csv> on 2024-03-16T02:16:00+00:00
[2024-03-16 02:17:04,550] {standard_task_runner.py:52} INFO - Started process 125042 to run task
[2024-03-16 02:17:04,554] {standard_task_runner.py:76} INFO - Running: ['***', 'tasks', 'run', '***_exam', 'transform_into_data.csv', '2024-03-16T02:16:00+00:00', '--job-id', '6031', '--pool', 'default_pool', '--raw', '--subdir', 'DAGS_FOLDER/DAG.py', '--cfg-path', '/tmp/tmps7v6_tnk', '--error-file', '/tmp/tmpx9mw9dbf']
[2024-03-16 02:17:04,554] {standard_task_runner.py:77} INFO - Job 6031: Subtask transform_into_data.csv
[2024-03-16 02:17:04,603] {logging_mixin.py:104} INFO - Running <TaskInstance: ***_exam.transform_into_data.csv 2024-03-16T02:16:00+00:00 [running]> on host 3a3d0401ac26
[2024-03-16 02:17:04,674] {taskinstance.py:1302} INFO - Exporting the following env vars:
AIRFLOW_CTX_DAG_OWNER=***
AIRFLOW_CTX_DAG_ID=***_exam
AIRFLOW_CTX_TASK_ID=transform_into_data.csv
AIRFLOW_CTX_EXECUTION_DATE=2024-03-16T02:16:00+00:00
AIRFLOW_CTX_DAG_RUN_ID=scheduled__2024-03-16T02:16:00+00:00
[2024-03-16 02:17:04,681] {logging_mixin.py:104} INFO - 
[2024-03-16 02:17:04,710] {logging_mixin.py:104} INFO -     temperature        city  pression              date
0       284.37       Paris      1017  2024-03-16 02:17
1       281.15      London      1014  2024-03-16 02:17
2       284.28  Washington      1022  2024-03-16 02:17
3       284.37       Paris      1017  2024-03-16 02:16
4       281.15      London      1014  2024-03-16 02:16
5       284.28  Washington      1022  2024-03-16 02:16
6       284.37       Paris      1017  2024-03-16 02:15
7       281.15      London      1014  2024-03-16 02:15
8       284.28  Washington      1022  2024-03-16 02:15
9       284.37       Paris      1017  2024-03-16 02:14
[2024-03-16 02:17:04,716] {python.py:151} INFO - Done. Returned value was: None
[2024-03-16 02:17:04,732] {taskinstance.py:1211} INFO - Marking task as SUCCESS. dag_id=***_exam, task_id=transform_into_data.csv, execution_date=20240316T021600, start_date=20240316T021704, end_date=20240316T021704
[2024-03-16 02:17:04,776] {taskinstance.py:1265} INFO - 0 downstream tasks scheduled from follow-on schedule check
[2024-03-16 02:17:04,805] {local_task_job.py:151} INFO - Task exited with return code 0
