[2024-03-20 22:57:04,967] {taskinstance.py:896} INFO - Dependencies all met for <TaskInstance: airflow_exam.transform_into_data.csv 2024-03-20T22:56:00+00:00 [queued]>
[2024-03-20 22:57:04,985] {taskinstance.py:896} INFO - Dependencies all met for <TaskInstance: airflow_exam.transform_into_data.csv 2024-03-20T22:56:00+00:00 [queued]>
[2024-03-20 22:57:04,986] {taskinstance.py:1087} INFO - 
--------------------------------------------------------------------------------
[2024-03-20 22:57:04,986] {taskinstance.py:1088} INFO - Starting attempt 1 of 1
[2024-03-20 22:57:04,986] {taskinstance.py:1089} INFO - 
--------------------------------------------------------------------------------
[2024-03-20 22:57:05,009] {taskinstance.py:1107} INFO - Executing <Task(PythonOperator): transform_into_data.csv> on 2024-03-20T22:56:00+00:00
[2024-03-20 22:57:05,020] {standard_task_runner.py:52} INFO - Started process 30727 to run task
[2024-03-20 22:57:05,026] {standard_task_runner.py:76} INFO - Running: ['***', 'tasks', 'run', '***_exam', 'transform_into_data.csv', '2024-03-20T22:56:00+00:00', '--job-id', '7843', '--pool', 'default_pool', '--raw', '--subdir', 'DAGS_FOLDER/DAG.py', '--cfg-path', '/tmp/tmpffhfzwdp', '--error-file', '/tmp/tmp8d5dgtmb']
[2024-03-20 22:57:05,026] {standard_task_runner.py:77} INFO - Job 7843: Subtask transform_into_data.csv
[2024-03-20 22:57:05,088] {logging_mixin.py:104} INFO - Running <TaskInstance: ***_exam.transform_into_data.csv 2024-03-20T22:56:00+00:00 [running]> on host 3a3d0401ac26
[2024-03-20 22:57:05,166] {taskinstance.py:1302} INFO - Exporting the following env vars:
AIRFLOW_CTX_DAG_OWNER=***
AIRFLOW_CTX_DAG_ID=***_exam
AIRFLOW_CTX_TASK_ID=transform_into_data.csv
AIRFLOW_CTX_EXECUTION_DATE=2024-03-20T22:56:00+00:00
AIRFLOW_CTX_DAG_RUN_ID=scheduled__2024-03-20T22:56:00+00:00
[2024-03-20 22:57:05,176] {logging_mixin.py:104} INFO - 
[2024-03-20 22:57:05,209] {logging_mixin.py:104} INFO -     temperature        city  pression              date
0       286.59       Paris      1020  2024-03-20 22:57
1       285.22      London      1022  2024-03-20 22:57
2       290.90  Washington      1007  2024-03-20 22:57
3       286.59       Paris      1020  2024-03-20 22:56
4       285.22      London      1022  2024-03-20 22:56
5       290.90  Washington      1007  2024-03-20 22:56
6       286.59       Paris      1020  2024-03-20 22:55
7       285.22      London      1022  2024-03-20 22:55
8       290.90  Washington      1007  2024-03-20 22:55
9       286.59       Paris      1020  2024-03-20 22:54
[2024-03-20 22:57:05,215] {python.py:151} INFO - Done. Returned value was: None
[2024-03-20 22:57:05,233] {taskinstance.py:1211} INFO - Marking task as SUCCESS. dag_id=***_exam, task_id=transform_into_data.csv, execution_date=20240320T225600, start_date=20240320T225704, end_date=20240320T225705
[2024-03-20 22:57:05,275] {taskinstance.py:1265} INFO - 0 downstream tasks scheduled from follow-on schedule check
[2024-03-20 22:57:05,318] {local_task_job.py:151} INFO - Task exited with return code 0
