[2023-10-06 20:27:01,663] {taskinstance.py:896} INFO - Dependencies all met for <TaskInstance: airflow_exam.retrieve_raw_data 2023-10-06T20:26:00+00:00 [queued]>
[2023-10-06 20:27:01,675] {taskinstance.py:896} INFO - Dependencies all met for <TaskInstance: airflow_exam.retrieve_raw_data 2023-10-06T20:26:00+00:00 [queued]>
[2023-10-06 20:27:01,675] {taskinstance.py:1087} INFO - 
--------------------------------------------------------------------------------
[2023-10-06 20:27:01,675] {taskinstance.py:1088} INFO - Starting attempt 1 of 6
[2023-10-06 20:27:01,675] {taskinstance.py:1089} INFO - 
--------------------------------------------------------------------------------
[2023-10-06 20:27:01,690] {taskinstance.py:1107} INFO - Executing <Task(PythonOperator): retrieve_raw_data> on 2023-10-06T20:26:00+00:00
[2023-10-06 20:27:01,697] {standard_task_runner.py:52} INFO - Started process 16274 to run task
[2023-10-06 20:27:01,700] {standard_task_runner.py:76} INFO - Running: ['***', 'tasks', 'run', '***_exam', 'retrieve_raw_data', '2023-10-06T20:26:00+00:00', '--job-id', '858', '--pool', 'default_pool', '--raw', '--subdir', 'DAGS_FOLDER/DAG.py', '--cfg-path', '/tmp/tmp4a4xmcxu', '--error-file', '/tmp/tmpu0oqe1oy']
[2023-10-06 20:27:01,701] {standard_task_runner.py:77} INFO - Job 858: Subtask retrieve_raw_data
[2023-10-06 20:27:01,741] {logging_mixin.py:104} INFO - Running <TaskInstance: ***_exam.retrieve_raw_data 2023-10-06T20:26:00+00:00 [running]> on host 3a3d0401ac26
[2023-10-06 20:27:01,795] {taskinstance.py:1302} INFO - Exporting the following env vars:
AIRFLOW_CTX_DAG_OWNER=***
AIRFLOW_CTX_DAG_ID=***_exam
AIRFLOW_CTX_TASK_ID=retrieve_raw_data
AIRFLOW_CTX_EXECUTION_DATE=2023-10-06T20:26:00+00:00
AIRFLOW_CTX_DAG_RUN_ID=scheduled__2023-10-06T20:26:00+00:00
[2023-10-06 20:27:02,233] {python.py:151} INFO - Done. Returned value was: None
[2023-10-06 20:27:02,246] {taskinstance.py:1211} INFO - Marking task as SUCCESS. dag_id=***_exam, task_id=retrieve_raw_data, execution_date=20231006T202600, start_date=20231006T202701, end_date=20231006T202702
[2023-10-06 20:27:02,280] {taskinstance.py:1265} INFO - 2 downstream tasks scheduled from follow-on schedule check
[2023-10-06 20:27:02,316] {local_task_job.py:151} INFO - Task exited with return code 0
