[2023-10-07 15:54:15,428] {taskinstance.py:896} INFO - Dependencies all met for <TaskInstance: airflow_exam.transform_into_data.csv 2023-10-07T15:53:00+00:00 [queued]>
[2023-10-07 15:54:15,445] {taskinstance.py:896} INFO - Dependencies all met for <TaskInstance: airflow_exam.transform_into_data.csv 2023-10-07T15:53:00+00:00 [queued]>
[2023-10-07 15:54:15,445] {taskinstance.py:1087} INFO - 
--------------------------------------------------------------------------------
[2023-10-07 15:54:15,445] {taskinstance.py:1088} INFO - Starting attempt 1 of 1
[2023-10-07 15:54:15,445] {taskinstance.py:1089} INFO - 
--------------------------------------------------------------------------------
[2023-10-07 15:54:15,456] {taskinstance.py:1107} INFO - Executing <Task(PythonOperator): transform_into_data.csv> on 2023-10-07T15:53:00+00:00
[2023-10-07 15:54:15,464] {standard_task_runner.py:52} INFO - Started process 1623 to run task
[2023-10-07 15:54:15,466] {standard_task_runner.py:76} INFO - Running: ['***', 'tasks', 'run', '***_exam', 'transform_into_data.csv', '2023-10-07T15:53:00+00:00', '--job-id', '1265', '--pool', 'default_pool', '--raw', '--subdir', 'DAGS_FOLDER/DAG.py', '--cfg-path', '/tmp/tmpd6xnjply', '--error-file', '/tmp/tmpzrcsylqp']
[2023-10-07 15:54:15,467] {standard_task_runner.py:77} INFO - Job 1265: Subtask transform_into_data.csv
[2023-10-07 15:54:15,511] {logging_mixin.py:104} INFO - Running <TaskInstance: ***_exam.transform_into_data.csv 2023-10-07T15:53:00+00:00 [running]> on host 3a3d0401ac26
[2023-10-07 15:54:15,568] {taskinstance.py:1302} INFO - Exporting the following env vars:
AIRFLOW_CTX_DAG_OWNER=***
AIRFLOW_CTX_DAG_ID=***_exam
AIRFLOW_CTX_TASK_ID=transform_into_data.csv
AIRFLOW_CTX_EXECUTION_DATE=2023-10-07T15:53:00+00:00
AIRFLOW_CTX_DAG_RUN_ID=scheduled__2023-10-07T15:53:00+00:00
[2023-10-07 15:54:15,573] {logging_mixin.py:104} INFO - 
[2023-10-07 15:54:15,587] {logging_mixin.py:104} INFO -     temperature        city  pression              date
0       298.15       Paris      1026  2023-10-07 15:54
1       296.57      London      1022  2023-10-07 15:54
2       281.37  Washington      1019  2023-10-07 15:54
3       298.15       Paris      1026  2023-10-07 15:53
4       296.57      London      1022  2023-10-07 15:53
5       281.37  Washington      1019  2023-10-07 15:53
6       297.39       Paris      1026  2023-10-07 13:25
7       296.84      London      1023  2023-10-07 13:25
8       284.18  Washington      1020  2023-10-07 13:25
9       297.39       Paris      1026  2023-10-07 13:24
[2023-10-07 15:54:15,590] {python.py:151} INFO - Done. Returned value was: None
[2023-10-07 15:54:15,600] {taskinstance.py:1211} INFO - Marking task as SUCCESS. dag_id=***_exam, task_id=transform_into_data.csv, execution_date=20231007T155300, start_date=20231007T155415, end_date=20231007T155415
[2023-10-07 15:54:15,626] {taskinstance.py:1265} INFO - 0 downstream tasks scheduled from follow-on schedule check
[2023-10-07 15:54:15,639] {local_task_job.py:151} INFO - Task exited with return code 0
