[2023-10-06 14:24:06,176] {taskinstance.py:896} INFO - Dependencies all met for <TaskInstance: airflow_exam.compute_lr_score 2023-10-06T14:23:00+00:00 [queued]>
[2023-10-06 14:24:06,191] {taskinstance.py:896} INFO - Dependencies all met for <TaskInstance: airflow_exam.compute_lr_score 2023-10-06T14:23:00+00:00 [queued]>
[2023-10-06 14:24:06,191] {taskinstance.py:1087} INFO - 
--------------------------------------------------------------------------------
[2023-10-06 14:24:06,191] {taskinstance.py:1088} INFO - Starting attempt 1 of 1
[2023-10-06 14:24:06,191] {taskinstance.py:1089} INFO - 
--------------------------------------------------------------------------------
[2023-10-06 14:24:06,208] {taskinstance.py:1107} INFO - Executing <Task(PythonOperator): compute_lr_score> on 2023-10-06T14:23:00+00:00
[2023-10-06 14:24:06,216] {standard_task_runner.py:52} INFO - Started process 29851 to run task
[2023-10-06 14:24:06,220] {standard_task_runner.py:76} INFO - Running: ['***', 'tasks', 'run', '***_exam', 'compute_lr_score', '2023-10-06T14:23:00+00:00', '--job-id', '323', '--pool', 'default_pool', '--raw', '--subdir', 'DAGS_FOLDER/DAG.py', '--cfg-path', '/tmp/tmplijlshg8', '--error-file', '/tmp/tmpa4gp4qoo']
[2023-10-06 14:24:06,220] {standard_task_runner.py:77} INFO - Job 323: Subtask compute_lr_score
[2023-10-06 14:24:06,268] {logging_mixin.py:104} INFO - Running <TaskInstance: ***_exam.compute_lr_score 2023-10-06T14:23:00+00:00 [running]> on host 3a3d0401ac26
[2023-10-06 14:24:06,330] {taskinstance.py:1302} INFO - Exporting the following env vars:
AIRFLOW_CTX_DAG_OWNER=***
AIRFLOW_CTX_DAG_ID=***_exam
AIRFLOW_CTX_TASK_ID=compute_lr_score
AIRFLOW_CTX_EXECUTION_DATE=2023-10-06T14:23:00+00:00
AIRFLOW_CTX_DAG_RUN_ID=scheduled__2023-10-06T14:23:00+00:00
[2023-10-06 14:24:06,461] {python.py:151} INFO - Done. Returned value was: None
[2023-10-06 14:24:06,471] {taskinstance.py:1211} INFO - Marking task as SUCCESS. dag_id=***_exam, task_id=compute_lr_score, execution_date=20231006T142300, start_date=20231006T142406, end_date=20231006T142406
[2023-10-06 14:24:06,513] {taskinstance.py:1265} INFO - 0 downstream tasks scheduled from follow-on schedule check
[2023-10-06 14:24:06,551] {local_task_job.py:151} INFO - Task exited with return code 0
