[2024-03-15 17:30:09,804] {taskinstance.py:896} INFO - Dependencies all met for <TaskInstance: airflow_exam.transform_into_data.csv 2024-03-15T17:29:00+00:00 [queued]>
[2024-03-15 17:30:09,834] {taskinstance.py:896} INFO - Dependencies all met for <TaskInstance: airflow_exam.transform_into_data.csv 2024-03-15T17:29:00+00:00 [queued]>
[2024-03-15 17:30:09,834] {taskinstance.py:1087} INFO - 
--------------------------------------------------------------------------------
[2024-03-15 17:30:09,834] {taskinstance.py:1088} INFO - Starting attempt 1 of 1
[2024-03-15 17:30:09,834] {taskinstance.py:1089} INFO - 
--------------------------------------------------------------------------------
[2024-03-15 17:30:09,850] {taskinstance.py:1107} INFO - Executing <Task(PythonOperator): transform_into_data.csv> on 2024-03-15T17:29:00+00:00
[2024-03-15 17:30:09,861] {standard_task_runner.py:52} INFO - Started process 34327 to run task
[2024-03-15 17:30:09,870] {standard_task_runner.py:76} INFO - Running: ['***', 'tasks', 'run', '***_exam', 'transform_into_data.csv', '2024-03-15T17:29:00+00:00', '--job-id', '2942', '--pool', 'default_pool', '--raw', '--subdir', 'DAGS_FOLDER/DAG.py', '--cfg-path', '/tmp/tmpp92mjcnb', '--error-file', '/tmp/tmp4_49i7pj']
[2024-03-15 17:30:09,871] {standard_task_runner.py:77} INFO - Job 2942: Subtask transform_into_data.csv
[2024-03-15 17:30:09,954] {logging_mixin.py:104} INFO - Running <TaskInstance: ***_exam.transform_into_data.csv 2024-03-15T17:29:00+00:00 [running]> on host 3a3d0401ac26
[2024-03-15 17:30:10,050] {taskinstance.py:1302} INFO - Exporting the following env vars:
AIRFLOW_CTX_DAG_OWNER=***
AIRFLOW_CTX_DAG_ID=***_exam
AIRFLOW_CTX_TASK_ID=transform_into_data.csv
AIRFLOW_CTX_EXECUTION_DATE=2024-03-15T17:29:00+00:00
AIRFLOW_CTX_DAG_RUN_ID=scheduled__2024-03-15T17:29:00+00:00
[2024-03-15 17:30:10,056] {logging_mixin.py:104} INFO - 
[2024-03-15 17:30:10,079] {logging_mixin.py:104} INFO -     temperature        city  pression              date
0       287.08       Paris      1011  2024-03-15 17:30
1       286.36      London      1005  2024-03-15 17:30
2       279.57  Washington      1026  2024-03-15 17:30
3       287.24       Paris      1011  2024-03-15 17:29
4       286.36      London      1005  2024-03-15 17:29
5       279.57  Washington      1026  2024-03-15 17:29
6       287.24       Paris      1011  2024-03-15 17:28
7       286.36      London      1005  2024-03-15 17:28
8       279.57  Washington      1026  2024-03-15 17:28
9       287.24       Paris      1011  2024-03-15 17:27
[2024-03-15 17:30:10,085] {python.py:151} INFO - Done. Returned value was: None
[2024-03-15 17:30:10,099] {taskinstance.py:1211} INFO - Marking task as SUCCESS. dag_id=***_exam, task_id=transform_into_data.csv, execution_date=20240315T172900, start_date=20240315T173009, end_date=20240315T173010
[2024-03-15 17:30:10,140] {taskinstance.py:1265} INFO - 0 downstream tasks scheduled from follow-on schedule check
[2024-03-15 17:30:10,161] {local_task_job.py:151} INFO - Task exited with return code 0
