[2024-03-20 22:14:04,101] {taskinstance.py:896} INFO - Dependencies all met for <TaskInstance: airflow_exam.transform_into_fulldata.csv 2024-03-20T22:13:00+00:00 [queued]>
[2024-03-20 22:14:04,118] {taskinstance.py:896} INFO - Dependencies all met for <TaskInstance: airflow_exam.transform_into_fulldata.csv 2024-03-20T22:13:00+00:00 [queued]>
[2024-03-20 22:14:04,118] {taskinstance.py:1087} INFO - 
--------------------------------------------------------------------------------
[2024-03-20 22:14:04,118] {taskinstance.py:1088} INFO - Starting attempt 1 of 1
[2024-03-20 22:14:04,119] {taskinstance.py:1089} INFO - 
--------------------------------------------------------------------------------
[2024-03-20 22:14:04,138] {taskinstance.py:1107} INFO - Executing <Task(PythonOperator): transform_into_fulldata.csv> on 2024-03-20T22:13:00+00:00
[2024-03-20 22:14:04,148] {standard_task_runner.py:52} INFO - Started process 21558 to run task
[2024-03-20 22:14:04,153] {standard_task_runner.py:76} INFO - Running: ['***', 'tasks', 'run', '***_exam', 'transform_into_fulldata.csv', '2024-03-20T22:13:00+00:00', '--job-id', '7541', '--pool', 'default_pool', '--raw', '--subdir', 'DAGS_FOLDER/DAG.py', '--cfg-path', '/tmp/tmpon7wknff', '--error-file', '/tmp/tmpbkpgwt9q']
[2024-03-20 22:14:04,153] {standard_task_runner.py:77} INFO - Job 7541: Subtask transform_into_fulldata.csv
[2024-03-20 22:14:04,219] {logging_mixin.py:104} INFO - Running <TaskInstance: ***_exam.transform_into_fulldata.csv 2024-03-20T22:13:00+00:00 [running]> on host 3a3d0401ac26
[2024-03-20 22:14:04,305] {taskinstance.py:1302} INFO - Exporting the following env vars:
AIRFLOW_CTX_DAG_OWNER=***
AIRFLOW_CTX_DAG_ID=***_exam
AIRFLOW_CTX_TASK_ID=transform_into_fulldata.csv
AIRFLOW_CTX_EXECUTION_DATE=2024-03-20T22:13:00+00:00
AIRFLOW_CTX_DAG_RUN_ID=scheduled__2024-03-20T22:13:00+00:00
[2024-03-20 22:14:04,420] {logging_mixin.py:104} INFO - 
[2024-03-20 22:14:04,442] {logging_mixin.py:104} INFO -     temperature        city  pression              date
0       286.83       Paris      1020  2024-03-20 22:14
1       285.18      London      1021  2024-03-20 22:14
2       290.68  Washington      1007  2024-03-20 22:14
3       286.83       Paris      1020  2024-03-20 22:13
4       285.18      London      1021  2024-03-20 22:13
5       290.68  Washington      1007  2024-03-20 22:13
6       286.83       Paris      1020  2024-03-20 22:12
7       285.18      London      1021  2024-03-20 22:12
8       290.68  Washington      1007  2024-03-20 22:12
9       286.83       Paris      1020  2024-03-20 22:11
[2024-03-20 22:14:04,456] {python.py:151} INFO - Done. Returned value was: None
[2024-03-20 22:14:04,470] {taskinstance.py:1211} INFO - Marking task as SUCCESS. dag_id=***_exam, task_id=transform_into_fulldata.csv, execution_date=20240320T221300, start_date=20240320T221404, end_date=20240320T221404
[2024-03-20 22:14:04,516] {taskinstance.py:1265} INFO - 3 downstream tasks scheduled from follow-on schedule check
[2024-03-20 22:14:04,566] {local_task_job.py:151} INFO - Task exited with return code 0
