[2024-03-15 18:04:04,036] {taskinstance.py:896} INFO - Dependencies all met for <TaskInstance: airflow_exam.transform_into_data.csv 2024-03-15T18:03:00+00:00 [queued]>
[2024-03-15 18:04:04,059] {taskinstance.py:896} INFO - Dependencies all met for <TaskInstance: airflow_exam.transform_into_data.csv 2024-03-15T18:03:00+00:00 [queued]>
[2024-03-15 18:04:04,059] {taskinstance.py:1087} INFO - 
--------------------------------------------------------------------------------
[2024-03-15 18:04:04,059] {taskinstance.py:1088} INFO - Starting attempt 1 of 1
[2024-03-15 18:04:04,059] {taskinstance.py:1089} INFO - 
--------------------------------------------------------------------------------
[2024-03-15 18:04:04,070] {taskinstance.py:1107} INFO - Executing <Task(PythonOperator): transform_into_data.csv> on 2024-03-15T18:03:00+00:00
[2024-03-15 18:04:04,078] {standard_task_runner.py:52} INFO - Started process 41263 to run task
[2024-03-15 18:04:04,080] {standard_task_runner.py:76} INFO - Running: ['***', 'tasks', 'run', '***_exam', 'transform_into_data.csv', '2024-03-15T18:03:00+00:00', '--job-id', '3181', '--pool', 'default_pool', '--raw', '--subdir', 'DAGS_FOLDER/DAG.py', '--cfg-path', '/tmp/tmp2_bda7wt', '--error-file', '/tmp/tmpgff8_j61']
[2024-03-15 18:04:04,081] {standard_task_runner.py:77} INFO - Job 3181: Subtask transform_into_data.csv
[2024-03-15 18:04:04,133] {logging_mixin.py:104} INFO - Running <TaskInstance: ***_exam.transform_into_data.csv 2024-03-15T18:03:00+00:00 [running]> on host 3a3d0401ac26
[2024-03-15 18:04:04,196] {taskinstance.py:1302} INFO - Exporting the following env vars:
AIRFLOW_CTX_DAG_OWNER=***
AIRFLOW_CTX_DAG_ID=***_exam
AIRFLOW_CTX_TASK_ID=transform_into_data.csv
AIRFLOW_CTX_EXECUTION_DATE=2024-03-15T18:03:00+00:00
AIRFLOW_CTX_DAG_RUN_ID=scheduled__2024-03-15T18:03:00+00:00
[2024-03-15 18:04:04,201] {logging_mixin.py:104} INFO - 
[2024-03-15 18:04:04,222] {logging_mixin.py:104} INFO -     temperature        city  pression              date
0       286.88       Paris      1011  2024-03-15 18:04
1       285.83      London      1005  2024-03-15 18:04
2       281.12  Washington      1026  2024-03-15 18:04
3       286.85       Paris      1011  2024-03-15 18:03
4       285.82      London      1005  2024-03-15 18:03
5       282.75  Washington      1026  2024-03-15 18:03
6       286.93       Paris      1011  2024-03-15 18:02
7       285.82      London      1005  2024-03-15 18:02
8       282.75  Washington      1026  2024-03-15 18:02
9       286.93       Paris      1011  2024-03-15 18:01
[2024-03-15 18:04:04,227] {python.py:151} INFO - Done. Returned value was: None
[2024-03-15 18:04:04,241] {taskinstance.py:1211} INFO - Marking task as SUCCESS. dag_id=***_exam, task_id=transform_into_data.csv, execution_date=20240315T180300, start_date=20240315T180404, end_date=20240315T180404
[2024-03-15 18:04:04,273] {taskinstance.py:1265} INFO - 0 downstream tasks scheduled from follow-on schedule check
[2024-03-15 18:04:04,294] {local_task_job.py:151} INFO - Task exited with return code 0
