[2024-03-16 00:43:07,873] {taskinstance.py:896} INFO - Dependencies all met for <TaskInstance: airflow_exam.transform_into_data.csv 2024-03-16T00:42:00+00:00 [queued]>
[2024-03-16 00:43:07,917] {taskinstance.py:896} INFO - Dependencies all met for <TaskInstance: airflow_exam.transform_into_data.csv 2024-03-16T00:42:00+00:00 [queued]>
[2024-03-16 00:43:07,917] {taskinstance.py:1087} INFO - 
--------------------------------------------------------------------------------
[2024-03-16 00:43:07,918] {taskinstance.py:1088} INFO - Starting attempt 1 of 1
[2024-03-16 00:43:07,918] {taskinstance.py:1089} INFO - 
--------------------------------------------------------------------------------
[2024-03-16 00:43:07,938] {taskinstance.py:1107} INFO - Executing <Task(PythonOperator): transform_into_data.csv> on 2024-03-16T00:42:00+00:00
[2024-03-16 00:43:07,961] {standard_task_runner.py:52} INFO - Started process 104897 to run task
[2024-03-16 00:43:07,966] {standard_task_runner.py:76} INFO - Running: ['***', 'tasks', 'run', '***_exam', 'transform_into_data.csv', '2024-03-16T00:42:00+00:00', '--job-id', '5373', '--pool', 'default_pool', '--raw', '--subdir', 'DAGS_FOLDER/DAG.py', '--cfg-path', '/tmp/tmp6jpia3s2', '--error-file', '/tmp/tmp5q7vwkjb']
[2024-03-16 00:43:07,967] {standard_task_runner.py:77} INFO - Job 5373: Subtask transform_into_data.csv
[2024-03-16 00:43:08,070] {logging_mixin.py:104} INFO - Running <TaskInstance: ***_exam.transform_into_data.csv 2024-03-16T00:42:00+00:00 [running]> on host 3a3d0401ac26
[2024-03-16 00:43:08,159] {taskinstance.py:1302} INFO - Exporting the following env vars:
AIRFLOW_CTX_DAG_OWNER=***
AIRFLOW_CTX_DAG_ID=***_exam
AIRFLOW_CTX_TASK_ID=transform_into_data.csv
AIRFLOW_CTX_EXECUTION_DATE=2024-03-16T00:42:00+00:00
AIRFLOW_CTX_DAG_RUN_ID=scheduled__2024-03-16T00:42:00+00:00
[2024-03-16 00:43:08,170] {logging_mixin.py:104} INFO - 
[2024-03-16 00:43:08,204] {logging_mixin.py:104} INFO -     temperature        city  pression              date
0       284.40       Paris      1016  2024-03-16 00:43
1       281.34      London      1013  2024-03-16 00:43
2       287.91  Washington      1021  2024-03-16 00:43
3       284.40       Paris      1016  2024-03-16 00:42
4       281.33      London      1013  2024-03-16 00:42
5       287.66  Washington      1021  2024-03-16 00:42
6       284.40       Paris      1016  2024-03-16 00:41
7       281.41      London      1013  2024-03-16 00:41
8       287.66  Washington      1021  2024-03-16 00:41
9       284.40       Paris      1016  2024-03-16 00:40
[2024-03-16 00:43:08,210] {python.py:151} INFO - Done. Returned value was: None
[2024-03-16 00:43:08,228] {taskinstance.py:1211} INFO - Marking task as SUCCESS. dag_id=***_exam, task_id=transform_into_data.csv, execution_date=20240316T004200, start_date=20240316T004307, end_date=20240316T004308
[2024-03-16 00:43:08,285] {taskinstance.py:1265} INFO - 0 downstream tasks scheduled from follow-on schedule check
[2024-03-16 00:43:08,340] {local_task_job.py:151} INFO - Task exited with return code 0
