[2024-03-15 18:59:05,220] {taskinstance.py:896} INFO - Dependencies all met for <TaskInstance: airflow_exam.transform_into_fulldata.csv 2024-03-15T18:58:00+00:00 [queued]>
[2024-03-15 18:59:05,248] {taskinstance.py:896} INFO - Dependencies all met for <TaskInstance: airflow_exam.transform_into_fulldata.csv 2024-03-15T18:58:00+00:00 [queued]>
[2024-03-15 18:59:05,248] {taskinstance.py:1087} INFO - 
--------------------------------------------------------------------------------
[2024-03-15 18:59:05,248] {taskinstance.py:1088} INFO - Starting attempt 1 of 1
[2024-03-15 18:59:05,249] {taskinstance.py:1089} INFO - 
--------------------------------------------------------------------------------
[2024-03-15 18:59:05,263] {taskinstance.py:1107} INFO - Executing <Task(PythonOperator): transform_into_fulldata.csv> on 2024-03-15T18:58:00+00:00
[2024-03-15 18:59:05,273] {standard_task_runner.py:52} INFO - Started process 52271 to run task
[2024-03-15 18:59:05,277] {standard_task_runner.py:76} INFO - Running: ['***', 'tasks', 'run', '***_exam', 'transform_into_fulldata.csv', '2024-03-15T18:58:00+00:00', '--job-id', '3565', '--pool', 'default_pool', '--raw', '--subdir', 'DAGS_FOLDER/DAG.py', '--cfg-path', '/tmp/tmpm7zfuo6l', '--error-file', '/tmp/tmp1hnpqhff']
[2024-03-15 18:59:05,278] {standard_task_runner.py:77} INFO - Job 3565: Subtask transform_into_fulldata.csv
[2024-03-15 18:59:05,372] {logging_mixin.py:104} INFO - Running <TaskInstance: ***_exam.transform_into_fulldata.csv 2024-03-15T18:58:00+00:00 [running]> on host 3a3d0401ac26
[2024-03-15 18:59:05,471] {taskinstance.py:1302} INFO - Exporting the following env vars:
AIRFLOW_CTX_DAG_OWNER=***
AIRFLOW_CTX_DAG_ID=***_exam
AIRFLOW_CTX_TASK_ID=transform_into_fulldata.csv
AIRFLOW_CTX_EXECUTION_DATE=2024-03-15T18:58:00+00:00
AIRFLOW_CTX_DAG_RUN_ID=scheduled__2024-03-15T18:58:00+00:00
[2024-03-15 18:59:05,540] {logging_mixin.py:104} INFO - 
[2024-03-15 18:59:05,575] {logging_mixin.py:104} INFO -     temperature        city  pression              date
0       286.76       Paris      1012  2024-03-15 18:59
1       285.19      London      1006  2024-03-15 18:59
2       283.16  Washington      1025  2024-03-15 18:59
3       286.76       Paris      1012  2024-03-15 18:58
4       285.19      London      1006  2024-03-15 18:58
5       283.16  Washington      1025  2024-03-15 18:58
6       286.76       Paris      1012  2024-03-15 18:57
7       285.19      London      1006  2024-03-15 18:57
8       283.16  Washington      1025  2024-03-15 18:57
9       286.76       Paris      1012  2024-03-15 18:56
[2024-03-15 18:59:05,592] {python.py:151} INFO - Done. Returned value was: None
[2024-03-15 18:59:05,611] {taskinstance.py:1211} INFO - Marking task as SUCCESS. dag_id=***_exam, task_id=transform_into_fulldata.csv, execution_date=20240315T185800, start_date=20240315T185905, end_date=20240315T185905
[2024-03-15 18:59:05,679] {taskinstance.py:1265} INFO - 3 downstream tasks scheduled from follow-on schedule check
[2024-03-15 18:59:05,733] {local_task_job.py:151} INFO - Task exited with return code 0
