[2023-10-05 19:11:49,401] {taskinstance.py:896} INFO - Dependencies all met for <TaskInstance: airflow_exam.transform_into_csv 2023-10-05T19:06:07.153039+00:00 [queued]>
[2023-10-05 19:11:49,436] {taskinstance.py:896} INFO - Dependencies all met for <TaskInstance: airflow_exam.transform_into_csv 2023-10-05T19:06:07.153039+00:00 [queued]>
[2023-10-05 19:11:49,437] {taskinstance.py:1087} INFO - 
--------------------------------------------------------------------------------
[2023-10-05 19:11:49,437] {taskinstance.py:1088} INFO - Starting attempt 1 of 1
[2023-10-05 19:11:49,437] {taskinstance.py:1089} INFO - 
--------------------------------------------------------------------------------
[2023-10-05 19:11:49,458] {taskinstance.py:1107} INFO - Executing <Task(PythonOperator): transform_into_csv> on 2023-10-05T19:06:07.153039+00:00
[2023-10-05 19:11:49,468] {standard_task_runner.py:52} INFO - Started process 117 to run task
[2023-10-05 19:11:49,475] {standard_task_runner.py:76} INFO - Running: ['***', 'tasks', 'run', '***_exam', 'transform_into_csv', '2023-10-05T19:06:07.153039+00:00', '--job-id', '167', '--pool', 'default_pool', '--raw', '--subdir', 'DAGS_FOLDER/DAG.py', '--cfg-path', '/tmp/tmp97jsyrua', '--error-file', '/tmp/tmpx2gig8kb']
[2023-10-05 19:11:49,476] {standard_task_runner.py:77} INFO - Job 167: Subtask transform_into_csv
[2023-10-05 19:11:49,558] {logging_mixin.py:104} INFO - Running <TaskInstance: ***_exam.transform_into_csv 2023-10-05T19:06:07.153039+00:00 [running]> on host 3a3d0401ac26
[2023-10-05 19:11:49,663] {taskinstance.py:1302} INFO - Exporting the following env vars:
AIRFLOW_CTX_DAG_OWNER=***
AIRFLOW_CTX_DAG_ID=***_exam
AIRFLOW_CTX_TASK_ID=transform_into_csv
AIRFLOW_CTX_EXECUTION_DATE=2023-10-05T19:06:07.153039+00:00
AIRFLOW_CTX_DAG_RUN_ID=manual__2023-10-05T19:06:07.153039+00:00
[2023-10-05 19:11:49,671] {logging_mixin.py:104} INFO - 
[2023-10-05 19:11:49,711] {logging_mixin.py:104} INFO -     temperature        city  pression              date
0       290.92       Paris      1026  2023-10-05 19:21
1       290.06      London      1024  2023-10-05 19:21
2       289.15  Washington      1026  2023-10-05 19:21
3       288.66       Paris      1026  2023-10-05 19:11
4       287.96      London      1024  2023-10-05 19:11
5       292.76  Washington      1025  2023-10-05 19:11
6       290.89       Paris      1026  2023-10-05 17:36
7       289.85      London      1024  2023-10-05 17:36
8       290.11  Washington      1026  2023-10-05 17:36
9       291.37       Paris      1026  2023-10-05 17:11
[2023-10-05 19:11:49,717] {python.py:151} INFO - Done. Returned value was: None
[2023-10-05 19:11:49,734] {taskinstance.py:1211} INFO - Marking task as SUCCESS. dag_id=***_exam, task_id=transform_into_csv, execution_date=20231005T190607, start_date=20231005T191149, end_date=20231005T191149
[2023-10-05 19:11:49,780] {taskinstance.py:1265} INFO - 0 downstream tasks scheduled from follow-on schedule check
[2023-10-05 19:11:49,811] {local_task_job.py:151} INFO - Task exited with return code 0
