[2024-03-15 16:12:06,605] {taskinstance.py:896} INFO - Dependencies all met for <TaskInstance: airflow_exam.compute_rf_score 2024-03-15T16:11:00+00:00 [queued]>
[2024-03-15 16:12:06,649] {taskinstance.py:896} INFO - Dependencies all met for <TaskInstance: airflow_exam.compute_rf_score 2024-03-15T16:11:00+00:00 [queued]>
[2024-03-15 16:12:06,649] {taskinstance.py:1087} INFO - 
--------------------------------------------------------------------------------
[2024-03-15 16:12:06,649] {taskinstance.py:1088} INFO - Starting attempt 1 of 1
[2024-03-15 16:12:06,650] {taskinstance.py:1089} INFO - 
--------------------------------------------------------------------------------
[2024-03-15 16:12:06,668] {taskinstance.py:1107} INFO - Executing <Task(PythonOperator): compute_rf_score> on 2024-03-15T16:11:00+00:00
[2024-03-15 16:12:06,680] {standard_task_runner.py:52} INFO - Started process 18961 to run task
[2024-03-15 16:12:06,685] {standard_task_runner.py:76} INFO - Running: ['***', 'tasks', 'run', '***_exam', 'compute_rf_score', '2024-03-15T16:11:00+00:00', '--job-id', '2397', '--pool', 'default_pool', '--raw', '--subdir', 'DAGS_FOLDER/DAG.py', '--cfg-path', '/tmp/tmp9kzeedf2', '--error-file', '/tmp/tmp54ad2vul']
[2024-03-15 16:12:06,686] {standard_task_runner.py:77} INFO - Job 2397: Subtask compute_rf_score
[2024-03-15 16:12:06,760] {logging_mixin.py:104} INFO - Running <TaskInstance: ***_exam.compute_rf_score 2024-03-15T16:11:00+00:00 [running]> on host 3a3d0401ac26
[2024-03-15 16:12:06,969] {taskinstance.py:1302} INFO - Exporting the following env vars:
AIRFLOW_CTX_DAG_OWNER=***
AIRFLOW_CTX_DAG_ID=***_exam
AIRFLOW_CTX_TASK_ID=compute_rf_score
AIRFLOW_CTX_EXECUTION_DATE=2024-03-15T16:11:00+00:00
AIRFLOW_CTX_DAG_RUN_ID=scheduled__2024-03-15T16:11:00+00:00
[2024-03-15 16:12:08,140] {python.py:151} INFO - Done. Returned value was: None
[2024-03-15 16:12:08,151] {taskinstance.py:1211} INFO - Marking task as SUCCESS. dag_id=***_exam, task_id=compute_rf_score, execution_date=20240315T161100, start_date=20240315T161206, end_date=20240315T161208
[2024-03-15 16:12:08,190] {taskinstance.py:1265} INFO - 0 downstream tasks scheduled from follow-on schedule check
[2024-03-15 16:12:08,229] {local_task_job.py:151} INFO - Task exited with return code 0
