[2024-03-20 23:04:06,665] {taskinstance.py:896} INFO - Dependencies all met for <TaskInstance: airflow_exam.transform_into_data.csv 2024-03-20T23:03:00+00:00 [queued]>
[2024-03-20 23:04:06,693] {taskinstance.py:896} INFO - Dependencies all met for <TaskInstance: airflow_exam.transform_into_data.csv 2024-03-20T23:03:00+00:00 [queued]>
[2024-03-20 23:04:06,694] {taskinstance.py:1087} INFO - 
--------------------------------------------------------------------------------
[2024-03-20 23:04:06,694] {taskinstance.py:1088} INFO - Starting attempt 1 of 1
[2024-03-20 23:04:06,694] {taskinstance.py:1089} INFO - 
--------------------------------------------------------------------------------
[2024-03-20 23:04:06,735] {taskinstance.py:1107} INFO - Executing <Task(PythonOperator): transform_into_data.csv> on 2024-03-20T23:03:00+00:00
[2024-03-20 23:04:06,757] {standard_task_runner.py:52} INFO - Started process 32203 to run task
[2024-03-20 23:04:06,763] {standard_task_runner.py:76} INFO - Running: ['***', 'tasks', 'run', '***_exam', 'transform_into_data.csv', '2024-03-20T23:03:00+00:00', '--job-id', '7891', '--pool', 'default_pool', '--raw', '--subdir', 'DAGS_FOLDER/DAG.py', '--cfg-path', '/tmp/tmppdf6h_ns', '--error-file', '/tmp/tmp3cvjzew8']
[2024-03-20 23:04:06,764] {standard_task_runner.py:77} INFO - Job 7891: Subtask transform_into_data.csv
[2024-03-20 23:04:06,860] {logging_mixin.py:104} INFO - Running <TaskInstance: ***_exam.transform_into_data.csv 2024-03-20T23:03:00+00:00 [running]> on host 3a3d0401ac26
[2024-03-20 23:04:06,979] {taskinstance.py:1302} INFO - Exporting the following env vars:
AIRFLOW_CTX_DAG_OWNER=***
AIRFLOW_CTX_DAG_ID=***_exam
AIRFLOW_CTX_TASK_ID=transform_into_data.csv
AIRFLOW_CTX_EXECUTION_DATE=2024-03-20T23:03:00+00:00
AIRFLOW_CTX_DAG_RUN_ID=scheduled__2024-03-20T23:03:00+00:00
[2024-03-20 23:04:06,991] {logging_mixin.py:104} INFO - 
[2024-03-20 23:04:07,027] {logging_mixin.py:104} INFO -     temperature        city  pression              date
0       286.59       Paris      1020  2024-03-20 23:04
1       285.10      London      1022  2024-03-20 23:04
2       290.36  Washington      1007  2024-03-20 23:04
3       286.59       Paris      1020  2024-03-20 23:03
4       285.23      London      1022  2024-03-20 23:03
5       290.36  Washington      1007  2024-03-20 23:03
6       286.59       Paris      1020  2024-03-20 23:02
7       285.23      London      1022  2024-03-20 23:02
8       290.90  Washington      1007  2024-03-20 23:02
9       286.59       Paris      1020  2024-03-20 23:01
[2024-03-20 23:04:07,034] {python.py:151} INFO - Done. Returned value was: None
[2024-03-20 23:04:07,053] {taskinstance.py:1211} INFO - Marking task as SUCCESS. dag_id=***_exam, task_id=transform_into_data.csv, execution_date=20240320T230300, start_date=20240320T230406, end_date=20240320T230407
[2024-03-20 23:04:07,105] {taskinstance.py:1265} INFO - 0 downstream tasks scheduled from follow-on schedule check
[2024-03-20 23:04:07,138] {local_task_job.py:151} INFO - Task exited with return code 0
