[2024-03-16 00:53:04,819] {taskinstance.py:896} INFO - Dependencies all met for <TaskInstance: airflow_exam.transform_into_data.csv 2024-03-16T00:52:00+00:00 [queued]>
[2024-03-16 00:53:04,842] {taskinstance.py:896} INFO - Dependencies all met for <TaskInstance: airflow_exam.transform_into_data.csv 2024-03-16T00:52:00+00:00 [queued]>
[2024-03-16 00:53:04,842] {taskinstance.py:1087} INFO - 
--------------------------------------------------------------------------------
[2024-03-16 00:53:04,843] {taskinstance.py:1088} INFO - Starting attempt 1 of 1
[2024-03-16 00:53:04,843] {taskinstance.py:1089} INFO - 
--------------------------------------------------------------------------------
[2024-03-16 00:53:04,856] {taskinstance.py:1107} INFO - Executing <Task(PythonOperator): transform_into_data.csv> on 2024-03-16T00:52:00+00:00
[2024-03-16 00:53:04,865] {standard_task_runner.py:52} INFO - Started process 107020 to run task
[2024-03-16 00:53:04,869] {standard_task_runner.py:76} INFO - Running: ['***', 'tasks', 'run', '***_exam', 'transform_into_data.csv', '2024-03-16T00:52:00+00:00', '--job-id', '5443', '--pool', 'default_pool', '--raw', '--subdir', 'DAGS_FOLDER/DAG.py', '--cfg-path', '/tmp/tmpb_b3h2jw', '--error-file', '/tmp/tmps98ckj51']
[2024-03-16 00:53:04,869] {standard_task_runner.py:77} INFO - Job 5443: Subtask transform_into_data.csv
[2024-03-16 00:53:04,916] {logging_mixin.py:104} INFO - Running <TaskInstance: ***_exam.transform_into_data.csv 2024-03-16T00:52:00+00:00 [running]> on host 3a3d0401ac26
[2024-03-16 00:53:04,985] {taskinstance.py:1302} INFO - Exporting the following env vars:
AIRFLOW_CTX_DAG_OWNER=***
AIRFLOW_CTX_DAG_ID=***_exam
AIRFLOW_CTX_TASK_ID=transform_into_data.csv
AIRFLOW_CTX_EXECUTION_DATE=2024-03-16T00:52:00+00:00
AIRFLOW_CTX_DAG_RUN_ID=scheduled__2024-03-16T00:52:00+00:00
[2024-03-16 00:53:04,991] {logging_mixin.py:104} INFO - 
[2024-03-16 00:53:05,009] {logging_mixin.py:104} INFO -     temperature        city  pression              date
0       284.61       Paris      1016  2024-03-16 00:53
1       281.36      London      1013  2024-03-16 00:53
2       287.46  Washington      1021  2024-03-16 00:53
3       284.61       Paris      1016  2024-03-16 00:52
4       281.28      London      1013  2024-03-16 00:52
5       287.67  Washington      1021  2024-03-16 00:52
6       284.61       Paris      1016  2024-03-16 00:51
7       281.33      London      1013  2024-03-16 00:51
8       287.67  Washington      1021  2024-03-16 00:51
9       284.61       Paris      1016  2024-03-16 00:50
[2024-03-16 00:53:05,013] {python.py:151} INFO - Done. Returned value was: None
[2024-03-16 00:53:05,025] {taskinstance.py:1211} INFO - Marking task as SUCCESS. dag_id=***_exam, task_id=transform_into_data.csv, execution_date=20240316T005200, start_date=20240316T005304, end_date=20240316T005305
[2024-03-16 00:53:05,066] {taskinstance.py:1265} INFO - 0 downstream tasks scheduled from follow-on schedule check
[2024-03-16 00:53:05,122] {local_task_job.py:151} INFO - Task exited with return code 0
