[2024-03-15 21:33:06,156] {taskinstance.py:896} INFO - Dependencies all met for <TaskInstance: airflow_exam.transform_into_data.csv 2024-03-15T21:32:00+00:00 [queued]>
[2024-03-15 21:33:06,185] {taskinstance.py:896} INFO - Dependencies all met for <TaskInstance: airflow_exam.transform_into_data.csv 2024-03-15T21:32:00+00:00 [queued]>
[2024-03-15 21:33:06,186] {taskinstance.py:1087} INFO - 
--------------------------------------------------------------------------------
[2024-03-15 21:33:06,186] {taskinstance.py:1088} INFO - Starting attempt 1 of 1
[2024-03-15 21:33:06,186] {taskinstance.py:1089} INFO - 
--------------------------------------------------------------------------------
[2024-03-15 21:33:06,205] {taskinstance.py:1107} INFO - Executing <Task(PythonOperator): transform_into_data.csv> on 2024-03-15T21:32:00+00:00
[2024-03-15 21:33:06,218] {standard_task_runner.py:52} INFO - Started process 66045 to run task
[2024-03-15 21:33:06,224] {standard_task_runner.py:76} INFO - Running: ['***', 'tasks', 'run', '***_exam', 'transform_into_data.csv', '2024-03-15T21:32:00+00:00', '--job-id', '4049', '--pool', 'default_pool', '--raw', '--subdir', 'DAGS_FOLDER/DAG.py', '--cfg-path', '/tmp/tmph3pof6as', '--error-file', '/tmp/tmpipvwkqmu']
[2024-03-15 21:33:06,224] {standard_task_runner.py:77} INFO - Job 4049: Subtask transform_into_data.csv
[2024-03-15 21:33:06,305] {logging_mixin.py:104} INFO - Running <TaskInstance: ***_exam.transform_into_data.csv 2024-03-15T21:32:00+00:00 [running]> on host 3a3d0401ac26
[2024-03-15 21:33:06,423] {taskinstance.py:1302} INFO - Exporting the following env vars:
AIRFLOW_CTX_DAG_OWNER=***
AIRFLOW_CTX_DAG_ID=***_exam
AIRFLOW_CTX_TASK_ID=transform_into_data.csv
AIRFLOW_CTX_EXECUTION_DATE=2024-03-15T21:32:00+00:00
AIRFLOW_CTX_DAG_RUN_ID=scheduled__2024-03-15T21:32:00+00:00
[2024-03-15 21:33:06,434] {logging_mixin.py:104} INFO - 
[2024-03-15 21:33:06,479] {logging_mixin.py:104} INFO -     temperature        city  pression              date
0       285.65       Paris      1013  2024-03-15 21:33
1       283.94      London      1009  2024-03-15 21:33
2       287.74  Washington      1024  2024-03-15 21:33
3       285.65       Paris      1013  2024-03-15 21:32
4       283.94      London      1009  2024-03-15 21:32
5       287.74  Washington      1024  2024-03-15 21:32
6       285.65       Paris      1013  2024-03-15 21:31
7       283.94      London      1009  2024-03-15 21:31
8       287.40  Washington      1024  2024-03-15 21:31
9       285.65       Paris      1013  2024-03-15 21:30
[2024-03-15 21:33:06,484] {python.py:151} INFO - Done. Returned value was: None
[2024-03-15 21:33:06,500] {taskinstance.py:1211} INFO - Marking task as SUCCESS. dag_id=***_exam, task_id=transform_into_data.csv, execution_date=20240315T213200, start_date=20240315T213306, end_date=20240315T213306
[2024-03-15 21:33:06,549] {taskinstance.py:1265} INFO - 0 downstream tasks scheduled from follow-on schedule check
[2024-03-15 21:33:06,596] {local_task_job.py:151} INFO - Task exited with return code 0
