[2024-03-20 21:17:14,562] {taskinstance.py:896} INFO - Dependencies all met for <TaskInstance: airflow_exam.train_best_model 2024-03-20T21:16:00+00:00 [queued]>
[2024-03-20 21:17:14,578] {taskinstance.py:896} INFO - Dependencies all met for <TaskInstance: airflow_exam.train_best_model 2024-03-20T21:16:00+00:00 [queued]>
[2024-03-20 21:17:14,578] {taskinstance.py:1087} INFO - 
--------------------------------------------------------------------------------
[2024-03-20 21:17:14,578] {taskinstance.py:1088} INFO - Starting attempt 1 of 1
[2024-03-20 21:17:14,578] {taskinstance.py:1089} INFO - 
--------------------------------------------------------------------------------
[2024-03-20 21:17:14,600] {taskinstance.py:1107} INFO - Executing <Task(PythonOperator): train_best_model> on 2024-03-20T21:16:00+00:00
[2024-03-20 21:17:14,610] {standard_task_runner.py:52} INFO - Started process 9521 to run task
[2024-03-20 21:17:14,615] {standard_task_runner.py:76} INFO - Running: ['***', 'tasks', 'run', '***_exam', 'train_best_model', '2024-03-20T21:16:00+00:00', '--job-id', '7147', '--pool', 'default_pool', '--raw', '--subdir', 'DAGS_FOLDER/DAG.py', '--cfg-path', '/tmp/tmpcledwk57', '--error-file', '/tmp/tmp76tvn0zc']
[2024-03-20 21:17:14,616] {standard_task_runner.py:77} INFO - Job 7147: Subtask train_best_model
[2024-03-20 21:17:14,675] {logging_mixin.py:104} INFO - Running <TaskInstance: ***_exam.train_best_model 2024-03-20T21:16:00+00:00 [running]> on host 3a3d0401ac26
[2024-03-20 21:17:14,756] {taskinstance.py:1302} INFO - Exporting the following env vars:
AIRFLOW_CTX_DAG_OWNER=***
AIRFLOW_CTX_DAG_ID=***_exam
AIRFLOW_CTX_TASK_ID=train_best_model
AIRFLOW_CTX_EXECUTION_DATE=2024-03-20T21:16:00+00:00
AIRFLOW_CTX_DAG_RUN_ID=scheduled__2024-03-20T21:16:00+00:00
[2024-03-20 21:17:14,984] {logging_mixin.py:104} INFO - LinearRegression() saved at  /app/clean_data/best_model.pickle
[2024-03-20 21:17:14,987] {python.py:151} INFO - Done. Returned value was: None
[2024-03-20 21:17:15,013] {taskinstance.py:1211} INFO - Marking task as SUCCESS. dag_id=***_exam, task_id=train_best_model, execution_date=20240320T211600, start_date=20240320T211714, end_date=20240320T211715
[2024-03-20 21:17:15,102] {taskinstance.py:1265} INFO - 0 downstream tasks scheduled from follow-on schedule check
[2024-03-20 21:17:15,148] {local_task_job.py:151} INFO - Task exited with return code 0
