[2024-03-15 23:22:04,753] {taskinstance.py:896} INFO - Dependencies all met for <TaskInstance: airflow_exam.transform_into_data.csv 2024-03-15T23:21:00+00:00 [queued]>
[2024-03-15 23:22:04,780] {taskinstance.py:896} INFO - Dependencies all met for <TaskInstance: airflow_exam.transform_into_data.csv 2024-03-15T23:21:00+00:00 [queued]>
[2024-03-15 23:22:04,781] {taskinstance.py:1087} INFO - 
--------------------------------------------------------------------------------
[2024-03-15 23:22:04,781] {taskinstance.py:1088} INFO - Starting attempt 1 of 1
[2024-03-15 23:22:04,781] {taskinstance.py:1089} INFO - 
--------------------------------------------------------------------------------
[2024-03-15 23:22:04,797] {taskinstance.py:1107} INFO - Executing <Task(PythonOperator): transform_into_data.csv> on 2024-03-15T23:21:00+00:00
[2024-03-15 23:22:04,807] {standard_task_runner.py:52} INFO - Started process 88266 to run task
[2024-03-15 23:22:04,811] {standard_task_runner.py:76} INFO - Running: ['***', 'tasks', 'run', '***_exam', 'transform_into_data.csv', '2024-03-15T23:21:00+00:00', '--job-id', '4812', '--pool', 'default_pool', '--raw', '--subdir', 'DAGS_FOLDER/DAG.py', '--cfg-path', '/tmp/tmpg1h6oh38', '--error-file', '/tmp/tmpem8cece9']
[2024-03-15 23:22:04,812] {standard_task_runner.py:77} INFO - Job 4812: Subtask transform_into_data.csv
[2024-03-15 23:22:04,869] {logging_mixin.py:104} INFO - Running <TaskInstance: ***_exam.transform_into_data.csv 2024-03-15T23:21:00+00:00 [running]> on host 3a3d0401ac26
[2024-03-15 23:22:04,964] {taskinstance.py:1302} INFO - Exporting the following env vars:
AIRFLOW_CTX_DAG_OWNER=***
AIRFLOW_CTX_DAG_ID=***_exam
AIRFLOW_CTX_TASK_ID=transform_into_data.csv
AIRFLOW_CTX_EXECUTION_DATE=2024-03-15T23:21:00+00:00
AIRFLOW_CTX_DAG_RUN_ID=scheduled__2024-03-15T23:21:00+00:00
[2024-03-15 23:22:04,972] {logging_mixin.py:104} INFO - 
[2024-03-15 23:22:05,005] {logging_mixin.py:104} INFO -     temperature        city  pression              date
0       285.10       Paris      1015  2024-03-15 23:22
1       282.23      London      1012  2024-03-15 23:22
2       289.47  Washington      1022  2024-03-15 23:22
3       285.10       Paris      1015  2024-03-15 23:21
4       282.23      London      1012  2024-03-15 23:21
5       289.47  Washington      1022  2024-03-15 23:21
6       285.10       Paris      1015  2024-03-15 23:20
7       282.23      London      1012  2024-03-15 23:20
8       289.47  Washington      1022  2024-03-15 23:20
9       285.10       Paris      1015  2024-03-15 23:19
[2024-03-15 23:22:05,011] {python.py:151} INFO - Done. Returned value was: None
[2024-03-15 23:22:05,028] {taskinstance.py:1211} INFO - Marking task as SUCCESS. dag_id=***_exam, task_id=transform_into_data.csv, execution_date=20240315T232100, start_date=20240315T232204, end_date=20240315T232205
[2024-03-15 23:22:05,073] {taskinstance.py:1265} INFO - 0 downstream tasks scheduled from follow-on schedule check
[2024-03-15 23:22:05,105] {local_task_job.py:151} INFO - Task exited with return code 0
