[2024-03-21 19:17:07,987] {taskinstance.py:896} INFO - Dependencies all met for <TaskInstance: airflow_exam.transform_into_fulldata.csv 2024-03-21T19:16:00+00:00 [queued]>
[2024-03-21 19:17:08,019] {taskinstance.py:896} INFO - Dependencies all met for <TaskInstance: airflow_exam.transform_into_fulldata.csv 2024-03-21T19:16:00+00:00 [queued]>
[2024-03-21 19:17:08,020] {taskinstance.py:1087} INFO - 
--------------------------------------------------------------------------------
[2024-03-21 19:17:08,020] {taskinstance.py:1088} INFO - Starting attempt 1 of 1
[2024-03-21 19:17:08,020] {taskinstance.py:1089} INFO - 
--------------------------------------------------------------------------------
[2024-03-21 19:17:08,038] {taskinstance.py:1107} INFO - Executing <Task(PythonOperator): transform_into_fulldata.csv> on 2024-03-21T19:16:00+00:00
[2024-03-21 19:17:08,050] {standard_task_runner.py:52} INFO - Started process 46552 to run task
[2024-03-21 19:17:08,057] {standard_task_runner.py:76} INFO - Running: ['***', 'tasks', 'run', '***_exam', 'transform_into_fulldata.csv', '2024-03-21T19:16:00+00:00', '--job-id', '10564', '--pool', 'default_pool', '--raw', '--subdir', 'DAGS_FOLDER/DAG.py', '--cfg-path', '/tmp/tmp3bee77y0', '--error-file', '/tmp/tmpnkbw6ttk']
[2024-03-21 19:17:08,058] {standard_task_runner.py:77} INFO - Job 10564: Subtask transform_into_fulldata.csv
[2024-03-21 19:17:08,150] {logging_mixin.py:104} INFO - Running <TaskInstance: ***_exam.transform_into_fulldata.csv 2024-03-21T19:16:00+00:00 [running]> on host 3a3d0401ac26
[2024-03-21 19:17:08,305] {taskinstance.py:1302} INFO - Exporting the following env vars:
AIRFLOW_CTX_DAG_OWNER=***
AIRFLOW_CTX_DAG_ID=***_exam
AIRFLOW_CTX_TASK_ID=transform_into_fulldata.csv
AIRFLOW_CTX_EXECUTION_DATE=2024-03-21T19:16:00+00:00
AIRFLOW_CTX_DAG_RUN_ID=scheduled__2024-03-21T19:16:00+00:00
[2024-03-21 19:17:08,507] {logging_mixin.py:104} INFO - 
[2024-03-21 19:17:08,533] {logging_mixin.py:104} INFO -     temperature        city  pression              date
0       288.99       Paris      1025  2024-03-21 19:17
1       287.16      London      1022  2024-03-21 19:17
2       286.46  Washington      1014  2024-03-21 19:17
3       288.99       Paris      1025  2024-03-21 19:16
4       287.16      London      1022  2024-03-21 19:16
5       286.46  Washington      1014  2024-03-21 19:16
6       288.99       Paris      1025  2024-03-21 19:15
7       287.12      London      1022  2024-03-21 19:15
8       286.40  Washington      1014  2024-03-21 19:15
9       288.99       Paris      1025  2024-03-21 19:14
[2024-03-21 19:17:08,557] {python.py:151} INFO - Done. Returned value was: None
[2024-03-21 19:17:08,573] {taskinstance.py:1211} INFO - Marking task as SUCCESS. dag_id=***_exam, task_id=transform_into_fulldata.csv, execution_date=20240321T191600, start_date=20240321T191707, end_date=20240321T191708
[2024-03-21 19:17:08,617] {taskinstance.py:1265} INFO - 3 downstream tasks scheduled from follow-on schedule check
[2024-03-21 19:17:08,631] {local_task_job.py:151} INFO - Task exited with return code 0
