[2024-03-20 22:11:08,940] {taskinstance.py:896} INFO - Dependencies all met for <TaskInstance: airflow_exam.compute_rf_score 2024-03-20T22:10:00+00:00 [queued]>
[2024-03-20 22:11:08,958] {taskinstance.py:896} INFO - Dependencies all met for <TaskInstance: airflow_exam.compute_rf_score 2024-03-20T22:10:00+00:00 [queued]>
[2024-03-20 22:11:08,959] {taskinstance.py:1087} INFO - 
--------------------------------------------------------------------------------
[2024-03-20 22:11:08,959] {taskinstance.py:1088} INFO - Starting attempt 1 of 1
[2024-03-20 22:11:08,959] {taskinstance.py:1089} INFO - 
--------------------------------------------------------------------------------
[2024-03-20 22:11:08,986] {taskinstance.py:1107} INFO - Executing <Task(PythonOperator): compute_rf_score> on 2024-03-20T22:10:00+00:00
[2024-03-20 22:11:09,006] {standard_task_runner.py:52} INFO - Started process 20974 to run task
[2024-03-20 22:11:09,011] {standard_task_runner.py:76} INFO - Running: ['***', 'tasks', 'run', '***_exam', 'compute_rf_score', '2024-03-20T22:10:00+00:00', '--job-id', '7523', '--pool', 'default_pool', '--raw', '--subdir', 'DAGS_FOLDER/DAG.py', '--cfg-path', '/tmp/tmppvkffoed', '--error-file', '/tmp/tmpw5i6diu3']
[2024-03-20 22:11:09,013] {standard_task_runner.py:77} INFO - Job 7523: Subtask compute_rf_score
[2024-03-20 22:11:09,091] {logging_mixin.py:104} INFO - Running <TaskInstance: ***_exam.compute_rf_score 2024-03-20T22:10:00+00:00 [running]> on host 3a3d0401ac26
[2024-03-20 22:11:09,173] {taskinstance.py:1302} INFO - Exporting the following env vars:
AIRFLOW_CTX_DAG_OWNER=***
AIRFLOW_CTX_DAG_ID=***_exam
AIRFLOW_CTX_TASK_ID=compute_rf_score
AIRFLOW_CTX_EXECUTION_DATE=2024-03-20T22:10:00+00:00
AIRFLOW_CTX_DAG_RUN_ID=scheduled__2024-03-20T22:10:00+00:00
[2024-03-20 22:11:12,191] {python.py:151} INFO - Done. Returned value was: None
[2024-03-20 22:11:12,210] {taskinstance.py:1211} INFO - Marking task as SUCCESS. dag_id=***_exam, task_id=compute_rf_score, execution_date=20240320T221000, start_date=20240320T221108, end_date=20240320T221112
[2024-03-20 22:11:12,264] {taskinstance.py:1265} INFO - 1 downstream tasks scheduled from follow-on schedule check
[2024-03-20 22:11:12,292] {local_task_job.py:151} INFO - Task exited with return code 0
