[2024-03-15 16:35:04,812] {taskinstance.py:896} INFO - Dependencies all met for <TaskInstance: airflow_exam.transform_into_fulldata.csv 2024-03-15T16:34:00+00:00 [queued]>
[2024-03-15 16:35:04,841] {taskinstance.py:896} INFO - Dependencies all met for <TaskInstance: airflow_exam.transform_into_fulldata.csv 2024-03-15T16:34:00+00:00 [queued]>
[2024-03-15 16:35:04,841] {taskinstance.py:1087} INFO - 
--------------------------------------------------------------------------------
[2024-03-15 16:35:04,841] {taskinstance.py:1088} INFO - Starting attempt 1 of 1
[2024-03-15 16:35:04,841] {taskinstance.py:1089} INFO - 
--------------------------------------------------------------------------------
[2024-03-15 16:35:04,858] {taskinstance.py:1107} INFO - Executing <Task(PythonOperator): transform_into_fulldata.csv> on 2024-03-15T16:34:00+00:00
[2024-03-15 16:35:04,868] {standard_task_runner.py:52} INFO - Started process 23391 to run task
[2024-03-15 16:35:04,872] {standard_task_runner.py:76} INFO - Running: ['***', 'tasks', 'run', '***_exam', 'transform_into_fulldata.csv', '2024-03-15T16:34:00+00:00', '--job-id', '2556', '--pool', 'default_pool', '--raw', '--subdir', 'DAGS_FOLDER/DAG.py', '--cfg-path', '/tmp/tmpgqz7bw9d', '--error-file', '/tmp/tmp8_642tun']
[2024-03-15 16:35:04,873] {standard_task_runner.py:77} INFO - Job 2556: Subtask transform_into_fulldata.csv
[2024-03-15 16:35:04,950] {logging_mixin.py:104} INFO - Running <TaskInstance: ***_exam.transform_into_fulldata.csv 2024-03-15T16:34:00+00:00 [running]> on host 3a3d0401ac26
[2024-03-15 16:35:05,054] {taskinstance.py:1302} INFO - Exporting the following env vars:
AIRFLOW_CTX_DAG_OWNER=***
AIRFLOW_CTX_DAG_ID=***_exam
AIRFLOW_CTX_TASK_ID=transform_into_fulldata.csv
AIRFLOW_CTX_EXECUTION_DATE=2024-03-15T16:34:00+00:00
AIRFLOW_CTX_DAG_RUN_ID=scheduled__2024-03-15T16:34:00+00:00
[2024-03-15 16:35:05,116] {logging_mixin.py:104} INFO - 
[2024-03-15 16:35:05,204] {logging_mixin.py:104} INFO -     temperature        city  pression              date
0       288.51       Paris      1011  2024-03-15 16:35
1       286.80      London      1004  2024-03-15 16:35
2       279.05  Washington      1027  2024-03-15 16:35
3       288.51       Paris      1011  2024-03-15 16:34
4       286.82      London      1004  2024-03-15 16:34
5       279.05  Washington      1027  2024-03-15 16:34
6       288.63       Paris      1011  2024-03-15 16:33
7       286.82      London      1004  2024-03-15 16:33
8       279.05  Washington      1027  2024-03-15 16:33
9       288.63       Paris      1011  2024-03-15 16:32
[2024-03-15 16:35:05,227] {python.py:151} INFO - Done. Returned value was: None
[2024-03-15 16:35:05,250] {taskinstance.py:1211} INFO - Marking task as SUCCESS. dag_id=***_exam, task_id=transform_into_fulldata.csv, execution_date=20240315T163400, start_date=20240315T163504, end_date=20240315T163505
[2024-03-15 16:35:05,321] {taskinstance.py:1265} INFO - 0 downstream tasks scheduled from follow-on schedule check
[2024-03-15 16:35:05,375] {local_task_job.py:151} INFO - Task exited with return code 0
