[2024-03-21 20:18:05,250] {taskinstance.py:896} INFO - Dependencies all met for <TaskInstance: airflow_exam.transform_into_data.csv 2024-03-21T20:17:00+00:00 [queued]>
[2024-03-21 20:18:05,271] {taskinstance.py:896} INFO - Dependencies all met for <TaskInstance: airflow_exam.transform_into_data.csv 2024-03-21T20:17:00+00:00 [queued]>
[2024-03-21 20:18:05,271] {taskinstance.py:1087} INFO - 
--------------------------------------------------------------------------------
[2024-03-21 20:18:05,271] {taskinstance.py:1088} INFO - Starting attempt 1 of 1
[2024-03-21 20:18:05,272] {taskinstance.py:1089} INFO - 
--------------------------------------------------------------------------------
[2024-03-21 20:18:05,285] {taskinstance.py:1107} INFO - Executing <Task(PythonOperator): transform_into_data.csv> on 2024-03-21T20:17:00+00:00
[2024-03-21 20:18:05,295] {standard_task_runner.py:52} INFO - Started process 59818 to run task
[2024-03-21 20:18:05,298] {standard_task_runner.py:76} INFO - Running: ['***', 'tasks', 'run', '***_exam', 'transform_into_data.csv', '2024-03-21T20:17:00+00:00', '--job-id', '10991', '--pool', 'default_pool', '--raw', '--subdir', 'DAGS_FOLDER/DAG.py', '--cfg-path', '/tmp/tmpits3gr1k', '--error-file', '/tmp/tmplhu36pu2']
[2024-03-21 20:18:05,298] {standard_task_runner.py:77} INFO - Job 10991: Subtask transform_into_data.csv
[2024-03-21 20:18:05,355] {logging_mixin.py:104} INFO - Running <TaskInstance: ***_exam.transform_into_data.csv 2024-03-21T20:17:00+00:00 [running]> on host 3a3d0401ac26
[2024-03-21 20:18:05,428] {taskinstance.py:1302} INFO - Exporting the following env vars:
AIRFLOW_CTX_DAG_OWNER=***
AIRFLOW_CTX_DAG_ID=***_exam
AIRFLOW_CTX_TASK_ID=transform_into_data.csv
AIRFLOW_CTX_EXECUTION_DATE=2024-03-21T20:17:00+00:00
AIRFLOW_CTX_DAG_RUN_ID=scheduled__2024-03-21T20:17:00+00:00
[2024-03-21 20:18:05,436] {logging_mixin.py:104} INFO - 
[2024-03-21 20:18:05,460] {logging_mixin.py:104} INFO -     temperature        city  pression              date
0       287.72       Paris      1025  2024-03-21 20:18
1       286.05      London      1022  2024-03-21 20:18
2       287.17  Washington      1013  2024-03-21 20:18
3       287.72       Paris      1025  2024-03-21 20:17
4       286.05      London      1022  2024-03-21 20:17
5       287.17  Washington      1013  2024-03-21 20:17
6       287.72       Paris      1025  2024-03-21 20:16
7       286.05      London      1022  2024-03-21 20:16
8       287.17  Washington      1013  2024-03-21 20:16
9       287.72       Paris      1025  2024-03-21 20:15
[2024-03-21 20:18:05,466] {python.py:151} INFO - Done. Returned value was: None
[2024-03-21 20:18:05,482] {taskinstance.py:1211} INFO - Marking task as SUCCESS. dag_id=***_exam, task_id=transform_into_data.csv, execution_date=20240321T201700, start_date=20240321T201805, end_date=20240321T201805
[2024-03-21 20:18:05,523] {taskinstance.py:1265} INFO - 0 downstream tasks scheduled from follow-on schedule check
[2024-03-21 20:18:05,551] {local_task_job.py:151} INFO - Task exited with return code 0
