[2023-10-06 20:14:03,946] {taskinstance.py:896} INFO - Dependencies all met for <TaskInstance: airflow_exam.transform_into_data.csv 2023-10-06T20:13:00+00:00 [queued]>
[2023-10-06 20:14:03,958] {taskinstance.py:896} INFO - Dependencies all met for <TaskInstance: airflow_exam.transform_into_data.csv 2023-10-06T20:13:00+00:00 [queued]>
[2023-10-06 20:14:03,959] {taskinstance.py:1087} INFO - 
--------------------------------------------------------------------------------
[2023-10-06 20:14:03,959] {taskinstance.py:1088} INFO - Starting attempt 1 of 1
[2023-10-06 20:14:03,959] {taskinstance.py:1089} INFO - 
--------------------------------------------------------------------------------
[2023-10-06 20:14:03,976] {taskinstance.py:1107} INFO - Executing <Task(PythonOperator): transform_into_data.csv> on 2023-10-06T20:13:00+00:00
[2023-10-06 20:14:03,983] {standard_task_runner.py:52} INFO - Started process 13831 to run task
[2023-10-06 20:14:03,986] {standard_task_runner.py:76} INFO - Running: ['***', 'tasks', 'run', '***_exam', 'transform_into_data.csv', '2023-10-06T20:13:00+00:00', '--job-id', '768', '--pool', 'default_pool', '--raw', '--subdir', 'DAGS_FOLDER/DAG.py', '--cfg-path', '/tmp/tmpoijcxe5a', '--error-file', '/tmp/tmpe_st1zkx']
[2023-10-06 20:14:03,987] {standard_task_runner.py:77} INFO - Job 768: Subtask transform_into_data.csv
[2023-10-06 20:14:04,027] {logging_mixin.py:104} INFO - Running <TaskInstance: ***_exam.transform_into_data.csv 2023-10-06T20:13:00+00:00 [running]> on host 3a3d0401ac26
[2023-10-06 20:14:04,082] {taskinstance.py:1302} INFO - Exporting the following env vars:
AIRFLOW_CTX_DAG_OWNER=***
AIRFLOW_CTX_DAG_ID=***_exam
AIRFLOW_CTX_TASK_ID=transform_into_data.csv
AIRFLOW_CTX_EXECUTION_DATE=2023-10-06T20:13:00+00:00
AIRFLOW_CTX_DAG_RUN_ID=scheduled__2023-10-06T20:13:00+00:00
[2023-10-06 20:14:04,086] {logging_mixin.py:104} INFO - 
[2023-10-06 20:14:04,100] {logging_mixin.py:104} INFO -     temperature        city  pression              date
0       288.11       Paris      1026  2023-10-06 20:14
1       289.96      London      1023  2023-10-06 20:14
2       293.70  Washington      1024  2023-10-06 20:14
3       288.11       Paris      1026  2023-10-06 20:13
4       289.96      London      1023  2023-10-06 20:13
5       293.70  Washington      1024  2023-10-06 20:13
6       288.11       Paris      1026  2023-10-06 20:12
7       289.96      London      1023  2023-10-06 20:12
8       293.70  Washington      1024  2023-10-06 20:12
9       288.11       Paris      1026  2023-10-06 20:11
[2023-10-06 20:14:04,104] {python.py:151} INFO - Done. Returned value was: None
[2023-10-06 20:14:04,115] {taskinstance.py:1211} INFO - Marking task as SUCCESS. dag_id=***_exam, task_id=transform_into_data.csv, execution_date=20231006T201300, start_date=20231006T201403, end_date=20231006T201404
[2023-10-06 20:14:04,142] {taskinstance.py:1265} INFO - 0 downstream tasks scheduled from follow-on schedule check
[2023-10-06 20:14:04,158] {local_task_job.py:151} INFO - Task exited with return code 0
