[2024-03-16 00:42:04,949] {taskinstance.py:896} INFO - Dependencies all met for <TaskInstance: airflow_exam.transform_into_data.csv 2024-03-16T00:41:00+00:00 [queued]>
[2024-03-16 00:42:04,986] {taskinstance.py:896} INFO - Dependencies all met for <TaskInstance: airflow_exam.transform_into_data.csv 2024-03-16T00:41:00+00:00 [queued]>
[2024-03-16 00:42:04,987] {taskinstance.py:1087} INFO - 
--------------------------------------------------------------------------------
[2024-03-16 00:42:04,987] {taskinstance.py:1088} INFO - Starting attempt 1 of 1
[2024-03-16 00:42:04,987] {taskinstance.py:1089} INFO - 
--------------------------------------------------------------------------------
[2024-03-16 00:42:05,002] {taskinstance.py:1107} INFO - Executing <Task(PythonOperator): transform_into_data.csv> on 2024-03-16T00:41:00+00:00
[2024-03-16 00:42:05,015] {standard_task_runner.py:52} INFO - Started process 104678 to run task
[2024-03-16 00:42:05,022] {standard_task_runner.py:76} INFO - Running: ['***', 'tasks', 'run', '***_exam', 'transform_into_data.csv', '2024-03-16T00:41:00+00:00', '--job-id', '5366', '--pool', 'default_pool', '--raw', '--subdir', 'DAGS_FOLDER/DAG.py', '--cfg-path', '/tmp/tmpte0tancx', '--error-file', '/tmp/tmp10jakwsw']
[2024-03-16 00:42:05,023] {standard_task_runner.py:77} INFO - Job 5366: Subtask transform_into_data.csv
[2024-03-16 00:42:05,091] {logging_mixin.py:104} INFO - Running <TaskInstance: ***_exam.transform_into_data.csv 2024-03-16T00:41:00+00:00 [running]> on host 3a3d0401ac26
[2024-03-16 00:42:05,183] {taskinstance.py:1302} INFO - Exporting the following env vars:
AIRFLOW_CTX_DAG_OWNER=***
AIRFLOW_CTX_DAG_ID=***_exam
AIRFLOW_CTX_TASK_ID=transform_into_data.csv
AIRFLOW_CTX_EXECUTION_DATE=2024-03-16T00:41:00+00:00
AIRFLOW_CTX_DAG_RUN_ID=scheduled__2024-03-16T00:41:00+00:00
[2024-03-16 00:42:05,191] {logging_mixin.py:104} INFO - 
[2024-03-16 00:42:05,225] {logging_mixin.py:104} INFO -     temperature        city  pression              date
0       284.40       Paris      1016  2024-03-16 00:42
1       281.33      London      1013  2024-03-16 00:42
2       287.66  Washington      1021  2024-03-16 00:42
3       284.40       Paris      1016  2024-03-16 00:41
4       281.41      London      1013  2024-03-16 00:41
5       287.66  Washington      1021  2024-03-16 00:41
6       284.40       Paris      1016  2024-03-16 00:40
7       281.41      London      1013  2024-03-16 00:40
8       287.66  Washington      1021  2024-03-16 00:40
9       284.40       Paris      1016  2024-03-16 00:39
[2024-03-16 00:42:05,230] {python.py:151} INFO - Done. Returned value was: None
[2024-03-16 00:42:05,245] {taskinstance.py:1211} INFO - Marking task as SUCCESS. dag_id=***_exam, task_id=transform_into_data.csv, execution_date=20240316T004100, start_date=20240316T004204, end_date=20240316T004205
[2024-03-16 00:42:05,284] {taskinstance.py:1265} INFO - 0 downstream tasks scheduled from follow-on schedule check
[2024-03-16 00:42:05,312] {local_task_job.py:151} INFO - Task exited with return code 0
