[2024-03-16 02:09:07,141] {taskinstance.py:896} INFO - Dependencies all met for <TaskInstance: airflow_exam.compute_dt_score 2024-03-16T02:08:00+00:00 [queued]>
[2024-03-16 02:09:07,170] {taskinstance.py:896} INFO - Dependencies all met for <TaskInstance: airflow_exam.compute_dt_score 2024-03-16T02:08:00+00:00 [queued]>
[2024-03-16 02:09:07,170] {taskinstance.py:1087} INFO - 
--------------------------------------------------------------------------------
[2024-03-16 02:09:07,170] {taskinstance.py:1088} INFO - Starting attempt 1 of 1
[2024-03-16 02:09:07,170] {taskinstance.py:1089} INFO - 
--------------------------------------------------------------------------------
[2024-03-16 02:09:07,185] {taskinstance.py:1107} INFO - Executing <Task(PythonOperator): compute_dt_score> on 2024-03-16T02:08:00+00:00
[2024-03-16 02:09:07,196] {standard_task_runner.py:52} INFO - Started process 123352 to run task
[2024-03-16 02:09:07,201] {standard_task_runner.py:76} INFO - Running: ['***', 'tasks', 'run', '***_exam', 'compute_dt_score', '2024-03-16T02:08:00+00:00', '--job-id', '5977', '--pool', 'default_pool', '--raw', '--subdir', 'DAGS_FOLDER/DAG.py', '--cfg-path', '/tmp/tmpm6j4qfe5', '--error-file', '/tmp/tmpos4hjf2c']
[2024-03-16 02:09:07,202] {standard_task_runner.py:77} INFO - Job 5977: Subtask compute_dt_score
[2024-03-16 02:09:07,263] {logging_mixin.py:104} INFO - Running <TaskInstance: ***_exam.compute_dt_score 2024-03-16T02:08:00+00:00 [running]> on host 3a3d0401ac26
[2024-03-16 02:09:07,344] {taskinstance.py:1302} INFO - Exporting the following env vars:
AIRFLOW_CTX_DAG_OWNER=***
AIRFLOW_CTX_DAG_ID=***_exam
AIRFLOW_CTX_TASK_ID=compute_dt_score
AIRFLOW_CTX_EXECUTION_DATE=2024-03-16T02:08:00+00:00
AIRFLOW_CTX_DAG_RUN_ID=scheduled__2024-03-16T02:08:00+00:00
[2024-03-16 02:09:07,650] {python.py:151} INFO - Done. Returned value was: None
[2024-03-16 02:09:07,674] {taskinstance.py:1211} INFO - Marking task as SUCCESS. dag_id=***_exam, task_id=compute_dt_score, execution_date=20240316T020800, start_date=20240316T020907, end_date=20240316T020907
[2024-03-16 02:09:07,735] {taskinstance.py:1265} INFO - 0 downstream tasks scheduled from follow-on schedule check
[2024-03-16 02:09:07,779] {local_task_job.py:151} INFO - Task exited with return code 0
