[2024-03-15 18:11:06,765] {taskinstance.py:896} INFO - Dependencies all met for <TaskInstance: airflow_exam.transform_into_fulldata.csv 2024-03-15T18:10:00+00:00 [queued]>
[2024-03-15 18:11:06,793] {taskinstance.py:896} INFO - Dependencies all met for <TaskInstance: airflow_exam.transform_into_fulldata.csv 2024-03-15T18:10:00+00:00 [queued]>
[2024-03-15 18:11:06,793] {taskinstance.py:1087} INFO - 
--------------------------------------------------------------------------------
[2024-03-15 18:11:06,793] {taskinstance.py:1088} INFO - Starting attempt 1 of 1
[2024-03-15 18:11:06,793] {taskinstance.py:1089} INFO - 
--------------------------------------------------------------------------------
[2024-03-15 18:11:06,808] {taskinstance.py:1107} INFO - Executing <Task(PythonOperator): transform_into_fulldata.csv> on 2024-03-15T18:10:00+00:00
[2024-03-15 18:11:06,819] {standard_task_runner.py:52} INFO - Started process 42706 to run task
[2024-03-15 18:11:06,823] {standard_task_runner.py:76} INFO - Running: ['***', 'tasks', 'run', '***_exam', 'transform_into_fulldata.csv', '2024-03-15T18:10:00+00:00', '--job-id', '3230', '--pool', 'default_pool', '--raw', '--subdir', 'DAGS_FOLDER/DAG.py', '--cfg-path', '/tmp/tmpl8u09waf', '--error-file', '/tmp/tmp0oya3_l3']
[2024-03-15 18:11:06,824] {standard_task_runner.py:77} INFO - Job 3230: Subtask transform_into_fulldata.csv
[2024-03-15 18:11:06,906] {logging_mixin.py:104} INFO - Running <TaskInstance: ***_exam.transform_into_fulldata.csv 2024-03-15T18:10:00+00:00 [running]> on host 3a3d0401ac26
[2024-03-15 18:11:06,992] {taskinstance.py:1302} INFO - Exporting the following env vars:
AIRFLOW_CTX_DAG_OWNER=***
AIRFLOW_CTX_DAG_ID=***_exam
AIRFLOW_CTX_TASK_ID=transform_into_fulldata.csv
AIRFLOW_CTX_EXECUTION_DATE=2024-03-15T18:10:00+00:00
AIRFLOW_CTX_DAG_RUN_ID=scheduled__2024-03-15T18:10:00+00:00
[2024-03-15 18:11:07,049] {logging_mixin.py:104} INFO - 
[2024-03-15 18:11:07,085] {logging_mixin.py:104} INFO -     temperature        city  pression              date
0       286.85       Paris      1011  2024-03-15 18:11
1       285.62      London      1005  2024-03-15 18:11
2       281.12  Washington      1026  2024-03-15 18:11
3       286.85       Paris      1011  2024-03-15 18:10
4       285.82      London      1005  2024-03-15 18:10
5       282.75  Washington      1026  2024-03-15 18:10
6       286.85       Paris      1011  2024-03-15 18:09
7       285.82      London      1005  2024-03-15 18:09
8       282.75  Washington      1026  2024-03-15 18:09
9       286.88       Paris      1011  2024-03-15 18:08
[2024-03-15 18:11:07,097] {python.py:151} INFO - Done. Returned value was: None
[2024-03-15 18:11:07,114] {taskinstance.py:1211} INFO - Marking task as SUCCESS. dag_id=***_exam, task_id=transform_into_fulldata.csv, execution_date=20240315T181000, start_date=20240315T181106, end_date=20240315T181107
[2024-03-15 18:11:07,160] {taskinstance.py:1265} INFO - 3 downstream tasks scheduled from follow-on schedule check
[2024-03-15 18:11:07,209] {local_task_job.py:151} INFO - Task exited with return code 0
