[2024-03-15 16:28:04,526] {taskinstance.py:896} INFO - Dependencies all met for <TaskInstance: airflow_exam.transform_into_data.csv 2024-03-15T16:27:00+00:00 [queued]>
[2024-03-15 16:28:04,559] {taskinstance.py:896} INFO - Dependencies all met for <TaskInstance: airflow_exam.transform_into_data.csv 2024-03-15T16:27:00+00:00 [queued]>
[2024-03-15 16:28:04,559] {taskinstance.py:1087} INFO - 
--------------------------------------------------------------------------------
[2024-03-15 16:28:04,560] {taskinstance.py:1088} INFO - Starting attempt 1 of 1
[2024-03-15 16:28:04,560] {taskinstance.py:1089} INFO - 
--------------------------------------------------------------------------------
[2024-03-15 16:28:04,580] {taskinstance.py:1107} INFO - Executing <Task(PythonOperator): transform_into_data.csv> on 2024-03-15T16:27:00+00:00
[2024-03-15 16:28:04,595] {standard_task_runner.py:52} INFO - Started process 22018 to run task
[2024-03-15 16:28:04,601] {standard_task_runner.py:76} INFO - Running: ['***', 'tasks', 'run', '***_exam', 'transform_into_data.csv', '2024-03-15T16:27:00+00:00', '--job-id', '2508', '--pool', 'default_pool', '--raw', '--subdir', 'DAGS_FOLDER/DAG.py', '--cfg-path', '/tmp/tmpl0mkzgd2', '--error-file', '/tmp/tmp2bhix1rd']
[2024-03-15 16:28:04,602] {standard_task_runner.py:77} INFO - Job 2508: Subtask transform_into_data.csv
[2024-03-15 16:28:04,694] {logging_mixin.py:104} INFO - Running <TaskInstance: ***_exam.transform_into_data.csv 2024-03-15T16:27:00+00:00 [running]> on host 3a3d0401ac26
[2024-03-15 16:28:04,811] {taskinstance.py:1302} INFO - Exporting the following env vars:
AIRFLOW_CTX_DAG_OWNER=***
AIRFLOW_CTX_DAG_ID=***_exam
AIRFLOW_CTX_TASK_ID=transform_into_data.csv
AIRFLOW_CTX_EXECUTION_DATE=2024-03-15T16:27:00+00:00
AIRFLOW_CTX_DAG_RUN_ID=scheduled__2024-03-15T16:27:00+00:00
[2024-03-15 16:28:04,820] {logging_mixin.py:104} INFO - 
[2024-03-15 16:28:04,867] {logging_mixin.py:104} INFO -     temperature        city  pression              date
0       288.88       Paris      1011  2024-03-15 16:28
1       286.82      London      1004  2024-03-15 16:28
2       280.49  Washington      1027  2024-03-15 16:28
3       288.88       Paris      1011  2024-03-15 16:27
4       286.82      London      1004  2024-03-15 16:27
5       280.49  Washington      1027  2024-03-15 16:27
6       288.88       Paris      1011  2024-03-15 16:26
7       286.82      London      1004  2024-03-15 16:26
8       282.95  Washington      1027  2024-03-15 16:26
9       288.83       Paris      1011  2024-03-15 16:25
[2024-03-15 16:28:04,878] {python.py:151} INFO - Done. Returned value was: None
[2024-03-15 16:28:04,895] {taskinstance.py:1211} INFO - Marking task as SUCCESS. dag_id=***_exam, task_id=transform_into_data.csv, execution_date=20240315T162700, start_date=20240315T162804, end_date=20240315T162804
[2024-03-15 16:28:04,946] {taskinstance.py:1265} INFO - 0 downstream tasks scheduled from follow-on schedule check
[2024-03-15 16:28:04,975] {local_task_job.py:151} INFO - Task exited with return code 0
