[2024-03-15 21:50:05,869] {taskinstance.py:896} INFO - Dependencies all met for <TaskInstance: airflow_exam.transform_into_data.csv 2024-03-15T21:49:00+00:00 [queued]>
[2024-03-15 21:50:05,905] {taskinstance.py:896} INFO - Dependencies all met for <TaskInstance: airflow_exam.transform_into_data.csv 2024-03-15T21:49:00+00:00 [queued]>
[2024-03-15 21:50:05,906] {taskinstance.py:1087} INFO - 
--------------------------------------------------------------------------------
[2024-03-15 21:50:05,906] {taskinstance.py:1088} INFO - Starting attempt 1 of 1
[2024-03-15 21:50:05,906] {taskinstance.py:1089} INFO - 
--------------------------------------------------------------------------------
[2024-03-15 21:50:05,926] {taskinstance.py:1107} INFO - Executing <Task(PythonOperator): transform_into_data.csv> on 2024-03-15T21:49:00+00:00
[2024-03-15 21:50:05,938] {standard_task_runner.py:52} INFO - Started process 69508 to run task
[2024-03-15 21:50:05,945] {standard_task_runner.py:76} INFO - Running: ['***', 'tasks', 'run', '***_exam', 'transform_into_data.csv', '2024-03-15T21:49:00+00:00', '--job-id', '4169', '--pool', 'default_pool', '--raw', '--subdir', 'DAGS_FOLDER/DAG.py', '--cfg-path', '/tmp/tmpuk02ftct', '--error-file', '/tmp/tmpz2xwa7s1']
[2024-03-15 21:50:05,946] {standard_task_runner.py:77} INFO - Job 4169: Subtask transform_into_data.csv
[2024-03-15 21:50:06,046] {logging_mixin.py:104} INFO - Running <TaskInstance: ***_exam.transform_into_data.csv 2024-03-15T21:49:00+00:00 [running]> on host 3a3d0401ac26
[2024-03-15 21:50:06,163] {taskinstance.py:1302} INFO - Exporting the following env vars:
AIRFLOW_CTX_DAG_OWNER=***
AIRFLOW_CTX_DAG_ID=***_exam
AIRFLOW_CTX_TASK_ID=transform_into_data.csv
AIRFLOW_CTX_EXECUTION_DATE=2024-03-15T21:49:00+00:00
AIRFLOW_CTX_DAG_RUN_ID=scheduled__2024-03-15T21:49:00+00:00
[2024-03-15 21:50:06,171] {logging_mixin.py:104} INFO - 
[2024-03-15 21:50:06,203] {logging_mixin.py:104} INFO -     temperature        city  pression              date
0       285.40       Paris      1014  2024-03-15 21:50
1       283.50      London      1010  2024-03-15 21:50
2       288.04  Washington      1022  2024-03-15 21:50
3       285.44       Paris      1013  2024-03-15 21:49
4       283.50      London      1010  2024-03-15 21:49
5       288.67  Washington      1022  2024-03-15 21:49
6       285.44       Paris      1013  2024-03-15 21:48
7       283.65      London      1010  2024-03-15 21:48
8       288.67  Washington      1022  2024-03-15 21:48
9       285.44       Paris      1013  2024-03-15 21:47
[2024-03-15 21:50:06,213] {python.py:151} INFO - Done. Returned value was: None
[2024-03-15 21:50:06,232] {taskinstance.py:1211} INFO - Marking task as SUCCESS. dag_id=***_exam, task_id=transform_into_data.csv, execution_date=20240315T214900, start_date=20240315T215005, end_date=20240315T215006
[2024-03-15 21:50:06,303] {taskinstance.py:1265} INFO - 0 downstream tasks scheduled from follow-on schedule check
[2024-03-15 21:50:06,358] {local_task_job.py:151} INFO - Task exited with return code 0
