[2024-03-21 16:54:05,191] {taskinstance.py:896} INFO - Dependencies all met for <TaskInstance: airflow_exam.transform_into_data.csv 2024-03-21T16:53:00+00:00 [queued]>
[2024-03-21 16:54:05,221] {taskinstance.py:896} INFO - Dependencies all met for <TaskInstance: airflow_exam.transform_into_data.csv 2024-03-21T16:53:00+00:00 [queued]>
[2024-03-21 16:54:05,222] {taskinstance.py:1087} INFO - 
--------------------------------------------------------------------------------
[2024-03-21 16:54:05,222] {taskinstance.py:1088} INFO - Starting attempt 1 of 1
[2024-03-21 16:54:05,222] {taskinstance.py:1089} INFO - 
--------------------------------------------------------------------------------
[2024-03-21 16:54:05,237] {taskinstance.py:1107} INFO - Executing <Task(PythonOperator): transform_into_data.csv> on 2024-03-21T16:53:00+00:00
[2024-03-21 16:54:05,248] {standard_task_runner.py:52} INFO - Started process 15804 to run task
[2024-03-21 16:54:05,253] {standard_task_runner.py:76} INFO - Running: ['***', 'tasks', 'run', '***_exam', 'transform_into_data.csv', '2024-03-21T16:53:00+00:00', '--job-id', '9563', '--pool', 'default_pool', '--raw', '--subdir', 'DAGS_FOLDER/DAG.py', '--cfg-path', '/tmp/tmphluug9c8', '--error-file', '/tmp/tmp1g8uc3k1']
[2024-03-21 16:54:05,254] {standard_task_runner.py:77} INFO - Job 9563: Subtask transform_into_data.csv
[2024-03-21 16:54:05,328] {logging_mixin.py:104} INFO - Running <TaskInstance: ***_exam.transform_into_data.csv 2024-03-21T16:53:00+00:00 [running]> on host 3a3d0401ac26
[2024-03-21 16:54:05,407] {taskinstance.py:1302} INFO - Exporting the following env vars:
AIRFLOW_CTX_DAG_OWNER=***
AIRFLOW_CTX_DAG_ID=***_exam
AIRFLOW_CTX_TASK_ID=transform_into_data.csv
AIRFLOW_CTX_EXECUTION_DATE=2024-03-21T16:53:00+00:00
AIRFLOW_CTX_DAG_RUN_ID=scheduled__2024-03-21T16:53:00+00:00
[2024-03-21 16:54:05,413] {logging_mixin.py:104} INFO - 
[2024-03-21 16:54:05,433] {logging_mixin.py:104} INFO -     temperature        city  pression              date
0       292.10       Paris      1025  2024-03-21 16:54
1       289.08      London      1022  2024-03-21 16:54
2       281.82  Washington      1015  2024-03-21 16:54
3       292.10       Paris      1025  2024-03-21 16:53
4       289.08      London      1022  2024-03-21 16:53
5       281.82  Washington      1015  2024-03-21 16:53
6       292.10       Paris      1025  2024-03-21 16:52
7       289.08      London      1022  2024-03-21 16:52
8       281.82  Washington      1015  2024-03-21 16:52
9       292.10       Paris      1025  2024-03-21 16:51
[2024-03-21 16:54:05,437] {python.py:151} INFO - Done. Returned value was: None
[2024-03-21 16:54:05,452] {taskinstance.py:1211} INFO - Marking task as SUCCESS. dag_id=***_exam, task_id=transform_into_data.csv, execution_date=20240321T165300, start_date=20240321T165405, end_date=20240321T165405
[2024-03-21 16:54:05,489] {taskinstance.py:1265} INFO - 0 downstream tasks scheduled from follow-on schedule check
[2024-03-21 16:54:05,506] {local_task_job.py:151} INFO - Task exited with return code 0
