[2024-03-21 18:57:05,636] {taskinstance.py:896} INFO - Dependencies all met for <TaskInstance: airflow_exam.transform_into_data.csv 2024-03-21T18:56:00+00:00 [queued]>
[2024-03-21 18:57:05,659] {taskinstance.py:896} INFO - Dependencies all met for <TaskInstance: airflow_exam.transform_into_data.csv 2024-03-21T18:56:00+00:00 [queued]>
[2024-03-21 18:57:05,660] {taskinstance.py:1087} INFO - 
--------------------------------------------------------------------------------
[2024-03-21 18:57:05,660] {taskinstance.py:1088} INFO - Starting attempt 1 of 1
[2024-03-21 18:57:05,660] {taskinstance.py:1089} INFO - 
--------------------------------------------------------------------------------
[2024-03-21 18:57:05,673] {taskinstance.py:1107} INFO - Executing <Task(PythonOperator): transform_into_data.csv> on 2024-03-21T18:56:00+00:00
[2024-03-21 18:57:05,683] {standard_task_runner.py:52} INFO - Started process 42262 to run task
[2024-03-21 18:57:05,688] {standard_task_runner.py:76} INFO - Running: ['***', 'tasks', 'run', '***_exam', 'transform_into_data.csv', '2024-03-21T18:56:00+00:00', '--job-id', '10423', '--pool', 'default_pool', '--raw', '--subdir', 'DAGS_FOLDER/DAG.py', '--cfg-path', '/tmp/tmp_6427eyc', '--error-file', '/tmp/tmp8sv8_zdv']
[2024-03-21 18:57:05,688] {standard_task_runner.py:77} INFO - Job 10423: Subtask transform_into_data.csv
[2024-03-21 18:57:05,747] {logging_mixin.py:104} INFO - Running <TaskInstance: ***_exam.transform_into_data.csv 2024-03-21T18:56:00+00:00 [running]> on host 3a3d0401ac26
[2024-03-21 18:57:05,840] {taskinstance.py:1302} INFO - Exporting the following env vars:
AIRFLOW_CTX_DAG_OWNER=***
AIRFLOW_CTX_DAG_ID=***_exam
AIRFLOW_CTX_TASK_ID=transform_into_data.csv
AIRFLOW_CTX_EXECUTION_DATE=2024-03-21T18:56:00+00:00
AIRFLOW_CTX_DAG_RUN_ID=scheduled__2024-03-21T18:56:00+00:00
[2024-03-21 18:57:05,850] {logging_mixin.py:104} INFO - 
[2024-03-21 18:57:05,889] {logging_mixin.py:104} INFO -     temperature        city  pression              date
0       289.13       Paris      1025  2024-03-21 18:57
1       287.25      London      1022  2024-03-21 18:57
2       286.17  Washington      1014  2024-03-21 18:57
3       289.17       Paris      1025  2024-03-21 18:56
4       287.52      London      1022  2024-03-21 18:56
5       286.17  Washington      1014  2024-03-21 18:56
6       289.17       Paris      1025  2024-03-21 18:55
7       287.52      London      1022  2024-03-21 18:55
8       286.17  Washington      1014  2024-03-21 18:55
9       289.17       Paris      1025  2024-03-21 18:54
[2024-03-21 18:57:05,894] {python.py:151} INFO - Done. Returned value was: None
[2024-03-21 18:57:05,913] {taskinstance.py:1211} INFO - Marking task as SUCCESS. dag_id=***_exam, task_id=transform_into_data.csv, execution_date=20240321T185600, start_date=20240321T185705, end_date=20240321T185705
[2024-03-21 18:57:05,962] {taskinstance.py:1265} INFO - 0 downstream tasks scheduled from follow-on schedule check
[2024-03-21 18:57:05,980] {local_task_job.py:151} INFO - Task exited with return code 0
