[2023-10-06 20:16:04,354] {taskinstance.py:896} INFO - Dependencies all met for <TaskInstance: airflow_exam.transform_into_fulldata.csv 2023-10-06T20:15:00+00:00 [queued]>
[2023-10-06 20:16:04,370] {taskinstance.py:896} INFO - Dependencies all met for <TaskInstance: airflow_exam.transform_into_fulldata.csv 2023-10-06T20:15:00+00:00 [queued]>
[2023-10-06 20:16:04,370] {taskinstance.py:1087} INFO - 
--------------------------------------------------------------------------------
[2023-10-06 20:16:04,370] {taskinstance.py:1088} INFO - Starting attempt 1 of 1
[2023-10-06 20:16:04,370] {taskinstance.py:1089} INFO - 
--------------------------------------------------------------------------------
[2023-10-06 20:16:04,389] {taskinstance.py:1107} INFO - Executing <Task(PythonOperator): transform_into_fulldata.csv> on 2023-10-06T20:15:00+00:00
[2023-10-06 20:16:04,398] {standard_task_runner.py:52} INFO - Started process 14213 to run task
[2023-10-06 20:16:04,402] {standard_task_runner.py:76} INFO - Running: ['***', 'tasks', 'run', '***_exam', 'transform_into_fulldata.csv', '2023-10-06T20:15:00+00:00', '--job-id', '783', '--pool', 'default_pool', '--raw', '--subdir', 'DAGS_FOLDER/DAG.py', '--cfg-path', '/tmp/tmpo2l60wyo', '--error-file', '/tmp/tmp047mrn1y']
[2023-10-06 20:16:04,403] {standard_task_runner.py:77} INFO - Job 783: Subtask transform_into_fulldata.csv
[2023-10-06 20:16:04,460] {logging_mixin.py:104} INFO - Running <TaskInstance: ***_exam.transform_into_fulldata.csv 2023-10-06T20:15:00+00:00 [running]> on host 3a3d0401ac26
[2023-10-06 20:16:04,536] {taskinstance.py:1302} INFO - Exporting the following env vars:
AIRFLOW_CTX_DAG_OWNER=***
AIRFLOW_CTX_DAG_ID=***_exam
AIRFLOW_CTX_TASK_ID=transform_into_fulldata.csv
AIRFLOW_CTX_EXECUTION_DATE=2023-10-06T20:15:00+00:00
AIRFLOW_CTX_DAG_RUN_ID=scheduled__2023-10-06T20:15:00+00:00
[2023-10-06 20:16:04,548] {logging_mixin.py:104} INFO - 
[2023-10-06 20:16:04,580] {logging_mixin.py:104} INFO -     temperature        city  pression              date
0       288.11       Paris      1026  2023-10-06 20:16
1       289.96      London      1023  2023-10-06 20:16
2       293.70  Washington      1024  2023-10-06 20:16
3       288.11       Paris      1026  2023-10-06 20:15
4       289.96      London      1023  2023-10-06 20:15
5       293.70  Washington      1024  2023-10-06 20:15
6       288.11       Paris      1026  2023-10-06 20:14
7       289.96      London      1023  2023-10-06 20:14
8       293.70  Washington      1024  2023-10-06 20:14
9       288.11       Paris      1026  2023-10-06 20:13
[2023-10-06 20:16:04,587] {python.py:151} INFO - Done. Returned value was: None
[2023-10-06 20:16:04,599] {taskinstance.py:1211} INFO - Marking task as SUCCESS. dag_id=***_exam, task_id=transform_into_fulldata.csv, execution_date=20231006T201500, start_date=20231006T201604, end_date=20231006T201604
[2023-10-06 20:16:04,639] {taskinstance.py:1265} INFO - 3 downstream tasks scheduled from follow-on schedule check
[2023-10-06 20:16:04,654] {local_task_job.py:151} INFO - Task exited with return code 0
