[2024-03-21 16:36:07,982] {taskinstance.py:896} INFO - Dependencies all met for <TaskInstance: airflow_exam.compute_rf_score 2024-03-21T16:35:00+00:00 [queued]>
[2024-03-21 16:36:08,009] {taskinstance.py:896} INFO - Dependencies all met for <TaskInstance: airflow_exam.compute_rf_score 2024-03-21T16:35:00+00:00 [queued]>
[2024-03-21 16:36:08,009] {taskinstance.py:1087} INFO - 
--------------------------------------------------------------------------------
[2024-03-21 16:36:08,010] {taskinstance.py:1088} INFO - Starting attempt 1 of 1
[2024-03-21 16:36:08,010] {taskinstance.py:1089} INFO - 
--------------------------------------------------------------------------------
[2024-03-21 16:36:08,026] {taskinstance.py:1107} INFO - Executing <Task(PythonOperator): compute_rf_score> on 2024-03-21T16:35:00+00:00
[2024-03-21 16:36:08,041] {standard_task_runner.py:52} INFO - Started process 11937 to run task
[2024-03-21 16:36:08,048] {standard_task_runner.py:76} INFO - Running: ['***', 'tasks', 'run', '***_exam', 'compute_rf_score', '2024-03-21T16:35:00+00:00', '--job-id', '9440', '--pool', 'default_pool', '--raw', '--subdir', 'DAGS_FOLDER/DAG.py', '--cfg-path', '/tmp/tmpbywvh8wi', '--error-file', '/tmp/tmpri0u9eh3']
[2024-03-21 16:36:08,048] {standard_task_runner.py:77} INFO - Job 9440: Subtask compute_rf_score
[2024-03-21 16:36:08,134] {logging_mixin.py:104} INFO - Running <TaskInstance: ***_exam.compute_rf_score 2024-03-21T16:35:00+00:00 [running]> on host 3a3d0401ac26
[2024-03-21 16:36:08,243] {taskinstance.py:1302} INFO - Exporting the following env vars:
AIRFLOW_CTX_DAG_OWNER=***
AIRFLOW_CTX_DAG_ID=***_exam
AIRFLOW_CTX_TASK_ID=compute_rf_score
AIRFLOW_CTX_EXECUTION_DATE=2024-03-21T16:35:00+00:00
AIRFLOW_CTX_DAG_RUN_ID=scheduled__2024-03-21T16:35:00+00:00
[2024-03-21 16:36:12,229] {python.py:151} INFO - Done. Returned value was: None
[2024-03-21 16:36:12,242] {taskinstance.py:1211} INFO - Marking task as SUCCESS. dag_id=***_exam, task_id=compute_rf_score, execution_date=20240321T163500, start_date=20240321T163607, end_date=20240321T163612
[2024-03-21 16:36:12,281] {taskinstance.py:1265} INFO - 0 downstream tasks scheduled from follow-on schedule check
[2024-03-21 16:36:12,323] {local_task_job.py:151} INFO - Task exited with return code 0
