[2023-10-06 20:33:02,536] {taskinstance.py:896} INFO - Dependencies all met for <TaskInstance: airflow_exam.retrieve_raw_data 2023-10-06T20:32:00+00:00 [queued]>
[2023-10-06 20:33:02,552] {taskinstance.py:896} INFO - Dependencies all met for <TaskInstance: airflow_exam.retrieve_raw_data 2023-10-06T20:32:00+00:00 [queued]>
[2023-10-06 20:33:02,552] {taskinstance.py:1087} INFO - 
--------------------------------------------------------------------------------
[2023-10-06 20:33:02,552] {taskinstance.py:1088} INFO - Starting attempt 1 of 6
[2023-10-06 20:33:02,552] {taskinstance.py:1089} INFO - 
--------------------------------------------------------------------------------
[2023-10-06 20:33:02,624] {taskinstance.py:1107} INFO - Executing <Task(PythonOperator): retrieve_raw_data> on 2023-10-06T20:32:00+00:00
[2023-10-06 20:33:02,635] {standard_task_runner.py:52} INFO - Started process 17411 to run task
[2023-10-06 20:33:02,639] {standard_task_runner.py:76} INFO - Running: ['***', 'tasks', 'run', '***_exam', 'retrieve_raw_data', '2023-10-06T20:32:00+00:00', '--job-id', '900', '--pool', 'default_pool', '--raw', '--subdir', 'DAGS_FOLDER/DAG.py', '--cfg-path', '/tmp/tmpbpia9fx0', '--error-file', '/tmp/tmpyfnplr4b']
[2023-10-06 20:33:02,640] {standard_task_runner.py:77} INFO - Job 900: Subtask retrieve_raw_data
[2023-10-06 20:33:02,717] {logging_mixin.py:104} INFO - Running <TaskInstance: ***_exam.retrieve_raw_data 2023-10-06T20:32:00+00:00 [running]> on host 3a3d0401ac26
[2023-10-06 20:33:02,782] {taskinstance.py:1302} INFO - Exporting the following env vars:
AIRFLOW_CTX_DAG_OWNER=***
AIRFLOW_CTX_DAG_ID=***_exam
AIRFLOW_CTX_TASK_ID=retrieve_raw_data
AIRFLOW_CTX_EXECUTION_DATE=2023-10-06T20:32:00+00:00
AIRFLOW_CTX_DAG_RUN_ID=scheduled__2023-10-06T20:32:00+00:00
[2023-10-06 20:33:03,227] {python.py:151} INFO - Done. Returned value was: None
[2023-10-06 20:33:03,249] {taskinstance.py:1211} INFO - Marking task as SUCCESS. dag_id=***_exam, task_id=retrieve_raw_data, execution_date=20231006T203200, start_date=20231006T203302, end_date=20231006T203303
[2023-10-06 20:33:03,326] {taskinstance.py:1265} INFO - 2 downstream tasks scheduled from follow-on schedule check
[2023-10-06 20:33:03,373] {local_task_job.py:151} INFO - Task exited with return code 0
