[2024-03-21 17:08:01,708] {taskinstance.py:896} INFO - Dependencies all met for <TaskInstance: airflow_exam.retrieve_raw_data 2024-03-21T17:07:00+00:00 [queued]>
[2024-03-21 17:08:01,731] {taskinstance.py:896} INFO - Dependencies all met for <TaskInstance: airflow_exam.retrieve_raw_data 2024-03-21T17:07:00+00:00 [queued]>
[2024-03-21 17:08:01,731] {taskinstance.py:1087} INFO - 
--------------------------------------------------------------------------------
[2024-03-21 17:08:01,731] {taskinstance.py:1088} INFO - Starting attempt 1 of 6
[2024-03-21 17:08:01,731] {taskinstance.py:1089} INFO - 
--------------------------------------------------------------------------------
[2024-03-21 17:08:01,747] {taskinstance.py:1107} INFO - Executing <Task(PythonOperator): retrieve_raw_data> on 2024-03-21T17:07:00+00:00
[2024-03-21 17:08:01,757] {standard_task_runner.py:52} INFO - Started process 18753 to run task
[2024-03-21 17:08:01,760] {standard_task_runner.py:76} INFO - Running: ['***', 'tasks', 'run', '***_exam', 'retrieve_raw_data', '2024-03-21T17:07:00+00:00', '--job-id', '9659', '--pool', 'default_pool', '--raw', '--subdir', 'DAGS_FOLDER/DAG.py', '--cfg-path', '/tmp/tmpdstm_5ev', '--error-file', '/tmp/tmpu_owhxcp']
[2024-03-21 17:08:01,761] {standard_task_runner.py:77} INFO - Job 9659: Subtask retrieve_raw_data
[2024-03-21 17:08:01,819] {logging_mixin.py:104} INFO - Running <TaskInstance: ***_exam.retrieve_raw_data 2024-03-21T17:07:00+00:00 [running]> on host 3a3d0401ac26
[2024-03-21 17:08:01,894] {taskinstance.py:1302} INFO - Exporting the following env vars:
AIRFLOW_CTX_DAG_OWNER=***
AIRFLOW_CTX_DAG_ID=***_exam
AIRFLOW_CTX_TASK_ID=retrieve_raw_data
AIRFLOW_CTX_EXECUTION_DATE=2024-03-21T17:07:00+00:00
AIRFLOW_CTX_DAG_RUN_ID=scheduled__2024-03-21T17:07:00+00:00
[2024-03-21 17:08:02,463] {python.py:151} INFO - Done. Returned value was: None
[2024-03-21 17:08:02,478] {taskinstance.py:1211} INFO - Marking task as SUCCESS. dag_id=***_exam, task_id=retrieve_raw_data, execution_date=20240321T170700, start_date=20240321T170801, end_date=20240321T170802
[2024-03-21 17:08:02,525] {taskinstance.py:1265} INFO - 2 downstream tasks scheduled from follow-on schedule check
[2024-03-21 17:08:02,536] {local_task_job.py:151} INFO - Task exited with return code 0
