[2023-10-12 17:37:04,562] {taskinstance.py:896} INFO - Dependencies all met for <TaskInstance: airflow_exam.transform_into_fulldata.csv 2023-10-12T17:36:00+00:00 [queued]>
[2023-10-12 17:37:04,585] {taskinstance.py:896} INFO - Dependencies all met for <TaskInstance: airflow_exam.transform_into_fulldata.csv 2023-10-12T17:36:00+00:00 [queued]>
[2023-10-12 17:37:04,586] {taskinstance.py:1087} INFO - 
--------------------------------------------------------------------------------
[2023-10-12 17:37:04,586] {taskinstance.py:1088} INFO - Starting attempt 1 of 1
[2023-10-12 17:37:04,586] {taskinstance.py:1089} INFO - 
--------------------------------------------------------------------------------
[2023-10-12 17:37:04,612] {taskinstance.py:1107} INFO - Executing <Task(PythonOperator): transform_into_fulldata.csv> on 2023-10-12T17:36:00+00:00
[2023-10-12 17:37:04,622] {standard_task_runner.py:52} INFO - Started process 1543 to run task
[2023-10-12 17:37:04,627] {standard_task_runner.py:76} INFO - Running: ['***', 'tasks', 'run', '***_exam', 'transform_into_fulldata.csv', '2023-10-12T17:36:00+00:00', '--job-id', '1627', '--pool', 'default_pool', '--raw', '--subdir', 'DAGS_FOLDER/DAG.py', '--cfg-path', '/tmp/tmpsvz3da33', '--error-file', '/tmp/tmpuqjsfch9']
[2023-10-12 17:37:04,627] {standard_task_runner.py:77} INFO - Job 1627: Subtask transform_into_fulldata.csv
[2023-10-12 17:37:04,705] {logging_mixin.py:104} INFO - Running <TaskInstance: ***_exam.transform_into_fulldata.csv 2023-10-12T17:36:00+00:00 [running]> on host 3a3d0401ac26
[2023-10-12 17:37:04,785] {taskinstance.py:1302} INFO - Exporting the following env vars:
AIRFLOW_CTX_DAG_OWNER=***
AIRFLOW_CTX_DAG_ID=***_exam
AIRFLOW_CTX_TASK_ID=transform_into_fulldata.csv
AIRFLOW_CTX_EXECUTION_DATE=2023-10-12T17:36:00+00:00
AIRFLOW_CTX_DAG_RUN_ID=scheduled__2023-10-12T17:36:00+00:00
[2023-10-12 17:37:04,810] {logging_mixin.py:104} INFO - 
[2023-10-12 17:37:04,838] {logging_mixin.py:104} INFO -     temperature        city  pression              date
0       294.86       Paris      1015  2023-10-12 17:37
1       288.47      London      1012  2023-10-12 17:37
2       283.71  Washington      1019  2023-10-12 17:37
3       294.86       Paris      1015  2023-10-12 17:36
4       288.47      London      1012  2023-10-12 17:36
5       283.71  Washington      1019  2023-10-12 17:36
6       294.86       Paris      1015  2023-10-12 17:35
7       288.47      London      1012  2023-10-12 17:35
8       283.71  Washington      1019  2023-10-12 17:35
9       294.86       Paris      1015  2023-10-12 17:34
[2023-10-12 17:37:04,847] {python.py:151} INFO - Done. Returned value was: None
[2023-10-12 17:37:04,862] {taskinstance.py:1211} INFO - Marking task as SUCCESS. dag_id=***_exam, task_id=transform_into_fulldata.csv, execution_date=20231012T173600, start_date=20231012T173704, end_date=20231012T173704
[2023-10-12 17:37:04,912] {taskinstance.py:1265} INFO - 3 downstream tasks scheduled from follow-on schedule check
[2023-10-12 17:37:04,959] {local_task_job.py:151} INFO - Task exited with return code 0
