[2024-03-15 21:46:03,792] {taskinstance.py:896} INFO - Dependencies all met for <TaskInstance: airflow_exam.transform_into_fulldata.csv 2024-03-15T21:45:00+00:00 [queued]>
[2024-03-15 21:46:03,815] {taskinstance.py:896} INFO - Dependencies all met for <TaskInstance: airflow_exam.transform_into_fulldata.csv 2024-03-15T21:45:00+00:00 [queued]>
[2024-03-15 21:46:03,815] {taskinstance.py:1087} INFO - 
--------------------------------------------------------------------------------
[2024-03-15 21:46:03,815] {taskinstance.py:1088} INFO - Starting attempt 1 of 1
[2024-03-15 21:46:03,815] {taskinstance.py:1089} INFO - 
--------------------------------------------------------------------------------
[2024-03-15 21:46:03,830] {taskinstance.py:1107} INFO - Executing <Task(PythonOperator): transform_into_fulldata.csv> on 2024-03-15T21:45:00+00:00
[2024-03-15 21:46:03,839] {standard_task_runner.py:52} INFO - Started process 68675 to run task
[2024-03-15 21:46:03,842] {standard_task_runner.py:76} INFO - Running: ['***', 'tasks', 'run', '***_exam', 'transform_into_fulldata.csv', '2024-03-15T21:45:00+00:00', '--job-id', '4140', '--pool', 'default_pool', '--raw', '--subdir', 'DAGS_FOLDER/DAG.py', '--cfg-path', '/tmp/tmp0z7b0xng', '--error-file', '/tmp/tmp68xfrn2d']
[2024-03-15 21:46:03,843] {standard_task_runner.py:77} INFO - Job 4140: Subtask transform_into_fulldata.csv
[2024-03-15 21:46:03,891] {logging_mixin.py:104} INFO - Running <TaskInstance: ***_exam.transform_into_fulldata.csv 2024-03-15T21:45:00+00:00 [running]> on host 3a3d0401ac26
[2024-03-15 21:46:03,965] {taskinstance.py:1302} INFO - Exporting the following env vars:
AIRFLOW_CTX_DAG_OWNER=***
AIRFLOW_CTX_DAG_ID=***_exam
AIRFLOW_CTX_TASK_ID=transform_into_fulldata.csv
AIRFLOW_CTX_EXECUTION_DATE=2024-03-15T21:45:00+00:00
AIRFLOW_CTX_DAG_RUN_ID=scheduled__2024-03-15T21:45:00+00:00
[2024-03-15 21:46:04,005] {logging_mixin.py:104} INFO - 
[2024-03-15 21:46:04,023] {logging_mixin.py:104} INFO -     temperature        city  pression              date
0       285.44       Paris      1013  2024-03-15 21:46
1       283.65      London      1010  2024-03-15 21:46
2       288.67  Washington      1022  2024-03-15 21:46
3       285.44       Paris      1013  2024-03-15 21:45
4       283.65      London      1010  2024-03-15 21:45
5       288.67  Washington      1022  2024-03-15 21:45
6       285.40       Paris      1014  2024-03-15 21:44
7       283.84      London      1009  2024-03-15 21:44
8       288.54  Washington      1022  2024-03-15 21:44
9       285.40       Paris      1014  2024-03-15 21:43
[2024-03-15 21:46:04,031] {python.py:151} INFO - Done. Returned value was: None
[2024-03-15 21:46:04,044] {taskinstance.py:1211} INFO - Marking task as SUCCESS. dag_id=***_exam, task_id=transform_into_fulldata.csv, execution_date=20240315T214500, start_date=20240315T214603, end_date=20240315T214604
[2024-03-15 21:46:04,085] {taskinstance.py:1265} INFO - 3 downstream tasks scheduled from follow-on schedule check
[2024-03-15 21:46:04,095] {local_task_job.py:151} INFO - Task exited with return code 0
