[2024-03-15 19:04:04,554] {taskinstance.py:896} INFO - Dependencies all met for <TaskInstance: airflow_exam.transform_into_data.csv 2024-03-15T19:03:00+00:00 [queued]>
[2024-03-15 19:04:04,597] {taskinstance.py:896} INFO - Dependencies all met for <TaskInstance: airflow_exam.transform_into_data.csv 2024-03-15T19:03:00+00:00 [queued]>
[2024-03-15 19:04:04,597] {taskinstance.py:1087} INFO - 
--------------------------------------------------------------------------------
[2024-03-15 19:04:04,598] {taskinstance.py:1088} INFO - Starting attempt 1 of 1
[2024-03-15 19:04:04,598] {taskinstance.py:1089} INFO - 
--------------------------------------------------------------------------------
[2024-03-15 19:04:04,616] {taskinstance.py:1107} INFO - Executing <Task(PythonOperator): transform_into_data.csv> on 2024-03-15T19:03:00+00:00
[2024-03-15 19:04:04,627] {standard_task_runner.py:52} INFO - Started process 53294 to run task
[2024-03-15 19:04:04,632] {standard_task_runner.py:76} INFO - Running: ['***', 'tasks', 'run', '***_exam', 'transform_into_data.csv', '2024-03-15T19:03:00+00:00', '--job-id', '3602', '--pool', 'default_pool', '--raw', '--subdir', 'DAGS_FOLDER/DAG.py', '--cfg-path', '/tmp/tmplv_pwcbb', '--error-file', '/tmp/tmpuuppe9jf']
[2024-03-15 19:04:04,633] {standard_task_runner.py:77} INFO - Job 3602: Subtask transform_into_data.csv
[2024-03-15 19:04:04,693] {logging_mixin.py:104} INFO - Running <TaskInstance: ***_exam.transform_into_data.csv 2024-03-15T19:03:00+00:00 [running]> on host 3a3d0401ac26
[2024-03-15 19:04:04,770] {taskinstance.py:1302} INFO - Exporting the following env vars:
AIRFLOW_CTX_DAG_OWNER=***
AIRFLOW_CTX_DAG_ID=***_exam
AIRFLOW_CTX_TASK_ID=transform_into_data.csv
AIRFLOW_CTX_EXECUTION_DATE=2024-03-15T19:03:00+00:00
AIRFLOW_CTX_DAG_RUN_ID=scheduled__2024-03-15T19:03:00+00:00
[2024-03-15 19:04:04,778] {logging_mixin.py:104} INFO - 
[2024-03-15 19:04:04,800] {logging_mixin.py:104} INFO -     temperature        city  pression              date
0       286.63       Paris      1012  2024-03-15 19:04
1       285.12      London      1006  2024-03-15 19:04
2       283.31  Washington      1025  2024-03-15 19:04
3       286.63       Paris      1012  2024-03-15 19:03
4       285.12      London      1006  2024-03-15 19:03
5       283.31  Washington      1025  2024-03-15 19:03
6       286.63       Paris      1012  2024-03-15 19:02
7       285.12      London      1006  2024-03-15 19:02
8       283.31  Washington      1025  2024-03-15 19:02
9       286.63       Paris      1012  2024-03-15 19:01
[2024-03-15 19:04:04,805] {python.py:151} INFO - Done. Returned value was: None
[2024-03-15 19:04:04,818] {taskinstance.py:1211} INFO - Marking task as SUCCESS. dag_id=***_exam, task_id=transform_into_data.csv, execution_date=20240315T190300, start_date=20240315T190404, end_date=20240315T190404
[2024-03-15 19:04:04,858] {taskinstance.py:1265} INFO - 0 downstream tasks scheduled from follow-on schedule check
[2024-03-15 19:04:04,886] {local_task_job.py:151} INFO - Task exited with return code 0
