[2024-03-15 23:28:05,506] {taskinstance.py:896} INFO - Dependencies all met for <TaskInstance: airflow_exam.transform_into_data.csv 2024-03-15T23:27:00+00:00 [queued]>
[2024-03-15 23:28:05,528] {taskinstance.py:896} INFO - Dependencies all met for <TaskInstance: airflow_exam.transform_into_data.csv 2024-03-15T23:27:00+00:00 [queued]>
[2024-03-15 23:28:05,528] {taskinstance.py:1087} INFO - 
--------------------------------------------------------------------------------
[2024-03-15 23:28:05,528] {taskinstance.py:1088} INFO - Starting attempt 1 of 1
[2024-03-15 23:28:05,528] {taskinstance.py:1089} INFO - 
--------------------------------------------------------------------------------
[2024-03-15 23:28:05,540] {taskinstance.py:1107} INFO - Executing <Task(PythonOperator): transform_into_data.csv> on 2024-03-15T23:27:00+00:00
[2024-03-15 23:28:05,549] {standard_task_runner.py:52} INFO - Started process 89515 to run task
[2024-03-15 23:28:05,553] {standard_task_runner.py:76} INFO - Running: ['***', 'tasks', 'run', '***_exam', 'transform_into_data.csv', '2024-03-15T23:27:00+00:00', '--job-id', '4855', '--pool', 'default_pool', '--raw', '--subdir', 'DAGS_FOLDER/DAG.py', '--cfg-path', '/tmp/tmp_2nji8f9', '--error-file', '/tmp/tmp76i1k2qm']
[2024-03-15 23:28:05,553] {standard_task_runner.py:77} INFO - Job 4855: Subtask transform_into_data.csv
[2024-03-15 23:28:05,611] {logging_mixin.py:104} INFO - Running <TaskInstance: ***_exam.transform_into_data.csv 2024-03-15T23:27:00+00:00 [running]> on host 3a3d0401ac26
[2024-03-15 23:28:05,691] {taskinstance.py:1302} INFO - Exporting the following env vars:
AIRFLOW_CTX_DAG_OWNER=***
AIRFLOW_CTX_DAG_ID=***_exam
AIRFLOW_CTX_TASK_ID=transform_into_data.csv
AIRFLOW_CTX_EXECUTION_DATE=2024-03-15T23:27:00+00:00
AIRFLOW_CTX_DAG_RUN_ID=scheduled__2024-03-15T23:27:00+00:00
[2024-03-15 23:28:05,702] {logging_mixin.py:104} INFO - 
[2024-03-15 23:28:05,733] {logging_mixin.py:104} INFO -     temperature        city  pression              date
0       285.00       Paris      1015  2024-03-15 23:28
1       282.19      London      1012  2024-03-15 23:28
2       289.63  Washington      1022  2024-03-15 23:28
3       285.00       Paris      1015  2024-03-15 23:27
4       282.19      London      1012  2024-03-15 23:27
5       289.63  Washington      1022  2024-03-15 23:27
6       284.95       Paris      1015  2024-03-15 23:26
7       282.19      London      1012  2024-03-15 23:26
8       289.63  Washington      1022  2024-03-15 23:26
9       284.95       Paris      1015  2024-03-15 23:25
[2024-03-15 23:28:05,737] {python.py:151} INFO - Done. Returned value was: None
[2024-03-15 23:28:05,751] {taskinstance.py:1211} INFO - Marking task as SUCCESS. dag_id=***_exam, task_id=transform_into_data.csv, execution_date=20240315T232700, start_date=20240315T232805, end_date=20240315T232805
[2024-03-15 23:28:05,786] {taskinstance.py:1265} INFO - 0 downstream tasks scheduled from follow-on schedule check
[2024-03-15 23:28:05,805] {local_task_job.py:151} INFO - Task exited with return code 0
