[2024-03-16 00:37:06,984] {taskinstance.py:896} INFO - Dependencies all met for <TaskInstance: airflow_exam.compute_rf_score 2024-03-16T00:36:00+00:00 [queued]>
[2024-03-16 00:37:07,007] {taskinstance.py:896} INFO - Dependencies all met for <TaskInstance: airflow_exam.compute_rf_score 2024-03-16T00:36:00+00:00 [queued]>
[2024-03-16 00:37:07,007] {taskinstance.py:1087} INFO - 
--------------------------------------------------------------------------------
[2024-03-16 00:37:07,007] {taskinstance.py:1088} INFO - Starting attempt 1 of 1
[2024-03-16 00:37:07,007] {taskinstance.py:1089} INFO - 
--------------------------------------------------------------------------------
[2024-03-16 00:37:07,020] {taskinstance.py:1107} INFO - Executing <Task(PythonOperator): compute_rf_score> on 2024-03-16T00:36:00+00:00
[2024-03-16 00:37:07,029] {standard_task_runner.py:52} INFO - Started process 103665 to run task
[2024-03-16 00:37:07,032] {standard_task_runner.py:76} INFO - Running: ['***', 'tasks', 'run', '***_exam', 'compute_rf_score', '2024-03-16T00:36:00+00:00', '--job-id', '5332', '--pool', 'default_pool', '--raw', '--subdir', 'DAGS_FOLDER/DAG.py', '--cfg-path', '/tmp/tmp3neb86o2', '--error-file', '/tmp/tmpql8ea9qu']
[2024-03-16 00:37:07,033] {standard_task_runner.py:77} INFO - Job 5332: Subtask compute_rf_score
[2024-03-16 00:37:07,085] {logging_mixin.py:104} INFO - Running <TaskInstance: ***_exam.compute_rf_score 2024-03-16T00:36:00+00:00 [running]> on host 3a3d0401ac26
[2024-03-16 00:37:07,165] {taskinstance.py:1302} INFO - Exporting the following env vars:
AIRFLOW_CTX_DAG_OWNER=***
AIRFLOW_CTX_DAG_ID=***_exam
AIRFLOW_CTX_TASK_ID=compute_rf_score
AIRFLOW_CTX_EXECUTION_DATE=2024-03-16T00:36:00+00:00
AIRFLOW_CTX_DAG_RUN_ID=scheduled__2024-03-16T00:36:00+00:00
[2024-03-16 00:37:09,128] {python.py:151} INFO - Done. Returned value was: None
[2024-03-16 00:37:09,146] {taskinstance.py:1211} INFO - Marking task as SUCCESS. dag_id=***_exam, task_id=compute_rf_score, execution_date=20240316T003600, start_date=20240316T003706, end_date=20240316T003709
[2024-03-16 00:37:09,200] {taskinstance.py:1265} INFO - 1 downstream tasks scheduled from follow-on schedule check
[2024-03-16 00:37:09,254] {local_task_job.py:151} INFO - Task exited with return code 0
