[2023-10-06 20:10:06,408] {taskinstance.py:896} INFO - Dependencies all met for <TaskInstance: airflow_exam.compute_lr_score 2023-10-06T20:09:00+00:00 [queued]>
[2023-10-06 20:10:06,421] {taskinstance.py:896} INFO - Dependencies all met for <TaskInstance: airflow_exam.compute_lr_score 2023-10-06T20:09:00+00:00 [queued]>
[2023-10-06 20:10:06,422] {taskinstance.py:1087} INFO - 
--------------------------------------------------------------------------------
[2023-10-06 20:10:06,422] {taskinstance.py:1088} INFO - Starting attempt 1 of 1
[2023-10-06 20:10:06,422] {taskinstance.py:1089} INFO - 
--------------------------------------------------------------------------------
[2023-10-06 20:10:06,439] {taskinstance.py:1107} INFO - Executing <Task(PythonOperator): compute_lr_score> on 2023-10-06T20:09:00+00:00
[2023-10-06 20:10:06,447] {standard_task_runner.py:52} INFO - Started process 13127 to run task
[2023-10-06 20:10:06,450] {standard_task_runner.py:76} INFO - Running: ['***', 'tasks', 'run', '***_exam', 'compute_lr_score', '2023-10-06T20:09:00+00:00', '--job-id', '742', '--pool', 'default_pool', '--raw', '--subdir', 'DAGS_FOLDER/DAG.py', '--cfg-path', '/tmp/tmpasrl552f', '--error-file', '/tmp/tmpsrsqaj3v']
[2023-10-06 20:10:06,451] {standard_task_runner.py:77} INFO - Job 742: Subtask compute_lr_score
[2023-10-06 20:10:06,507] {logging_mixin.py:104} INFO - Running <TaskInstance: ***_exam.compute_lr_score 2023-10-06T20:09:00+00:00 [running]> on host 3a3d0401ac26
[2023-10-06 20:10:06,588] {taskinstance.py:1302} INFO - Exporting the following env vars:
AIRFLOW_CTX_DAG_OWNER=***
AIRFLOW_CTX_DAG_ID=***_exam
AIRFLOW_CTX_TASK_ID=compute_lr_score
AIRFLOW_CTX_EXECUTION_DATE=2023-10-06T20:09:00+00:00
AIRFLOW_CTX_DAG_RUN_ID=scheduled__2023-10-06T20:09:00+00:00
[2023-10-06 20:10:06,724] {python.py:151} INFO - Done. Returned value was: None
[2023-10-06 20:10:06,736] {taskinstance.py:1211} INFO - Marking task as SUCCESS. dag_id=***_exam, task_id=compute_lr_score, execution_date=20231006T200900, start_date=20231006T201006, end_date=20231006T201006
[2023-10-06 20:10:06,772] {taskinstance.py:1265} INFO - 0 downstream tasks scheduled from follow-on schedule check
[2023-10-06 20:10:06,783] {local_task_job.py:151} INFO - Task exited with return code 0
