[2024-03-15 15:38:04,638] {taskinstance.py:896} INFO - Dependencies all met for <TaskInstance: airflow_exam.transform_into_data.csv 2024-03-15T15:37:00+00:00 [queued]>
[2024-03-15 15:38:04,662] {taskinstance.py:896} INFO - Dependencies all met for <TaskInstance: airflow_exam.transform_into_data.csv 2024-03-15T15:37:00+00:00 [queued]>
[2024-03-15 15:38:04,662] {taskinstance.py:1087} INFO - 
--------------------------------------------------------------------------------
[2024-03-15 15:38:04,662] {taskinstance.py:1088} INFO - Starting attempt 1 of 1
[2024-03-15 15:38:04,662] {taskinstance.py:1089} INFO - 
--------------------------------------------------------------------------------
[2024-03-15 15:38:04,678] {taskinstance.py:1107} INFO - Executing <Task(PythonOperator): transform_into_data.csv> on 2024-03-15T15:37:00+00:00
[2024-03-15 15:38:04,688] {standard_task_runner.py:52} INFO - Started process 12271 to run task
[2024-03-15 15:38:04,693] {standard_task_runner.py:76} INFO - Running: ['***', 'tasks', 'run', '***_exam', 'transform_into_data.csv', '2024-03-15T15:37:00+00:00', '--job-id', '2157', '--pool', 'default_pool', '--raw', '--subdir', 'DAGS_FOLDER/DAG.py', '--cfg-path', '/tmp/tmp1ad0cf6m', '--error-file', '/tmp/tmphivkzcw_']
[2024-03-15 15:38:04,694] {standard_task_runner.py:77} INFO - Job 2157: Subtask transform_into_data.csv
[2024-03-15 15:38:04,767] {logging_mixin.py:104} INFO - Running <TaskInstance: ***_exam.transform_into_data.csv 2024-03-15T15:37:00+00:00 [running]> on host 3a3d0401ac26
[2024-03-15 15:38:04,872] {taskinstance.py:1302} INFO - Exporting the following env vars:
AIRFLOW_CTX_DAG_OWNER=***
AIRFLOW_CTX_DAG_ID=***_exam
AIRFLOW_CTX_TASK_ID=transform_into_data.csv
AIRFLOW_CTX_EXECUTION_DATE=2024-03-15T15:37:00+00:00
AIRFLOW_CTX_DAG_RUN_ID=scheduled__2024-03-15T15:37:00+00:00
[2024-03-15 15:38:04,881] {logging_mixin.py:104} INFO - 
[2024-03-15 15:38:04,908] {logging_mixin.py:104} INFO -     temperature        city  pression              date
0       289.90       Paris      1011  2024-03-15 15:38
1       287.09      London      1004  2024-03-15 15:38
2       282.32  Washington      1027  2024-03-15 15:38
3       289.90       Paris      1011  2024-03-15 15:37
4       287.09      London      1004  2024-03-15 15:37
5       282.32  Washington      1027  2024-03-15 15:37
6       289.90       Paris      1011  2024-03-15 15:36
7       287.09      London      1004  2024-03-15 15:36
8       275.87  Washington      1028  2024-03-15 15:36
9       289.90       Paris      1011  2024-03-15 15:35
[2024-03-15 15:38:04,914] {python.py:151} INFO - Done. Returned value was: None
[2024-03-15 15:38:04,930] {taskinstance.py:1211} INFO - Marking task as SUCCESS. dag_id=***_exam, task_id=transform_into_data.csv, execution_date=20240315T153700, start_date=20240315T153804, end_date=20240315T153804
[2024-03-15 15:38:04,969] {taskinstance.py:1265} INFO - 0 downstream tasks scheduled from follow-on schedule check
[2024-03-15 15:38:05,025] {local_task_job.py:151} INFO - Task exited with return code 0
