[2024-03-16 01:33:04,789] {taskinstance.py:896} INFO - Dependencies all met for <TaskInstance: airflow_exam.transform_into_data.csv 2024-03-16T01:32:00+00:00 [queued]>
[2024-03-16 01:33:04,817] {taskinstance.py:896} INFO - Dependencies all met for <TaskInstance: airflow_exam.transform_into_data.csv 2024-03-16T01:32:00+00:00 [queued]>
[2024-03-16 01:33:04,817] {taskinstance.py:1087} INFO - 
--------------------------------------------------------------------------------
[2024-03-16 01:33:04,817] {taskinstance.py:1088} INFO - Starting attempt 1 of 1
[2024-03-16 01:33:04,817] {taskinstance.py:1089} INFO - 
--------------------------------------------------------------------------------
[2024-03-16 01:33:04,831] {taskinstance.py:1107} INFO - Executing <Task(PythonOperator): transform_into_data.csv> on 2024-03-16T01:32:00+00:00
[2024-03-16 01:33:04,842] {standard_task_runner.py:52} INFO - Started process 115598 to run task
[2024-03-16 01:33:04,845] {standard_task_runner.py:76} INFO - Running: ['***', 'tasks', 'run', '***_exam', 'transform_into_data.csv', '2024-03-16T01:32:00+00:00', '--job-id', '5723', '--pool', 'default_pool', '--raw', '--subdir', 'DAGS_FOLDER/DAG.py', '--cfg-path', '/tmp/tmp_jl82475', '--error-file', '/tmp/tmp0cuazv8d']
[2024-03-16 01:33:04,845] {standard_task_runner.py:77} INFO - Job 5723: Subtask transform_into_data.csv
[2024-03-16 01:33:04,897] {logging_mixin.py:104} INFO - Running <TaskInstance: ***_exam.transform_into_data.csv 2024-03-16T01:32:00+00:00 [running]> on host 3a3d0401ac26
[2024-03-16 01:33:04,964] {taskinstance.py:1302} INFO - Exporting the following env vars:
AIRFLOW_CTX_DAG_OWNER=***
AIRFLOW_CTX_DAG_ID=***_exam
AIRFLOW_CTX_TASK_ID=transform_into_data.csv
AIRFLOW_CTX_EXECUTION_DATE=2024-03-16T01:32:00+00:00
AIRFLOW_CTX_DAG_RUN_ID=scheduled__2024-03-16T01:32:00+00:00
[2024-03-16 01:33:04,970] {logging_mixin.py:104} INFO - 
[2024-03-16 01:33:04,991] {logging_mixin.py:104} INFO -     temperature        city  pression              date
0       284.55       Paris      1016  2024-03-16 01:33
1       280.97      London      1014  2024-03-16 01:33
2       287.82  Washington      1021  2024-03-16 01:33
3       284.55       Paris      1016  2024-03-16 01:32
4       280.97      London      1014  2024-03-16 01:32
5       287.82  Washington      1021  2024-03-16 01:32
6       284.55       Paris      1016  2024-03-16 01:31
7       280.97      London      1014  2024-03-16 01:31
8       287.82  Washington      1021  2024-03-16 01:31
9       284.55       Paris      1016  2024-03-16 01:30
[2024-03-16 01:33:04,995] {python.py:151} INFO - Done. Returned value was: None
[2024-03-16 01:33:05,006] {taskinstance.py:1211} INFO - Marking task as SUCCESS. dag_id=***_exam, task_id=transform_into_data.csv, execution_date=20240316T013200, start_date=20240316T013304, end_date=20240316T013305
[2024-03-16 01:33:05,040] {taskinstance.py:1265} INFO - 0 downstream tasks scheduled from follow-on schedule check
[2024-03-16 01:33:05,057] {local_task_job.py:151} INFO - Task exited with return code 0
