[2024-03-20 23:21:09,226] {taskinstance.py:896} INFO - Dependencies all met for <TaskInstance: airflow_exam.compute_rf_score 2024-03-20T23:20:00+00:00 [queued]>
[2024-03-20 23:21:09,243] {taskinstance.py:896} INFO - Dependencies all met for <TaskInstance: airflow_exam.compute_rf_score 2024-03-20T23:20:00+00:00 [queued]>
[2024-03-20 23:21:09,244] {taskinstance.py:1087} INFO - 
--------------------------------------------------------------------------------
[2024-03-20 23:21:09,244] {taskinstance.py:1088} INFO - Starting attempt 1 of 1
[2024-03-20 23:21:09,244] {taskinstance.py:1089} INFO - 
--------------------------------------------------------------------------------
[2024-03-20 23:21:09,269] {taskinstance.py:1107} INFO - Executing <Task(PythonOperator): compute_rf_score> on 2024-03-20T23:20:00+00:00
[2024-03-20 23:21:09,282] {standard_task_runner.py:52} INFO - Started process 35867 to run task
[2024-03-20 23:21:09,287] {standard_task_runner.py:76} INFO - Running: ['***', 'tasks', 'run', '***_exam', 'compute_rf_score', '2024-03-20T23:20:00+00:00', '--job-id', '8013', '--pool', 'default_pool', '--raw', '--subdir', 'DAGS_FOLDER/DAG.py', '--cfg-path', '/tmp/tmpoib35sol', '--error-file', '/tmp/tmp5qrejaj9']
[2024-03-20 23:21:09,288] {standard_task_runner.py:77} INFO - Job 8013: Subtask compute_rf_score
[2024-03-20 23:21:09,352] {logging_mixin.py:104} INFO - Running <TaskInstance: ***_exam.compute_rf_score 2024-03-20T23:20:00+00:00 [running]> on host 3a3d0401ac26
[2024-03-20 23:21:09,442] {taskinstance.py:1302} INFO - Exporting the following env vars:
AIRFLOW_CTX_DAG_OWNER=***
AIRFLOW_CTX_DAG_ID=***_exam
AIRFLOW_CTX_TASK_ID=compute_rf_score
AIRFLOW_CTX_EXECUTION_DATE=2024-03-20T23:20:00+00:00
AIRFLOW_CTX_DAG_RUN_ID=scheduled__2024-03-20T23:20:00+00:00
[2024-03-20 23:21:12,605] {python.py:151} INFO - Done. Returned value was: None
[2024-03-20 23:21:12,621] {taskinstance.py:1211} INFO - Marking task as SUCCESS. dag_id=***_exam, task_id=compute_rf_score, execution_date=20240320T232000, start_date=20240320T232109, end_date=20240320T232112
[2024-03-20 23:21:12,670] {taskinstance.py:1265} INFO - 1 downstream tasks scheduled from follow-on schedule check
[2024-03-20 23:21:12,718] {local_task_job.py:151} INFO - Task exited with return code 0
