[2023-10-11 17:26:03,913] {taskinstance.py:896} INFO - Dependencies all met for <TaskInstance: airflow_exam.transform_into_data.csv 2023-10-11T17:25:00+00:00 [queued]>
[2023-10-11 17:26:03,928] {taskinstance.py:896} INFO - Dependencies all met for <TaskInstance: airflow_exam.transform_into_data.csv 2023-10-11T17:25:00+00:00 [queued]>
[2023-10-11 17:26:03,928] {taskinstance.py:1087} INFO - 
--------------------------------------------------------------------------------
[2023-10-11 17:26:03,928] {taskinstance.py:1088} INFO - Starting attempt 1 of 1
[2023-10-11 17:26:03,929] {taskinstance.py:1089} INFO - 
--------------------------------------------------------------------------------
[2023-10-11 17:26:03,997] {taskinstance.py:1107} INFO - Executing <Task(PythonOperator): transform_into_data.csv> on 2023-10-11T17:25:00+00:00
[2023-10-11 17:26:04,006] {standard_task_runner.py:52} INFO - Started process 2864 to run task
[2023-10-11 17:26:04,009] {standard_task_runner.py:76} INFO - Running: ['***', 'tasks', 'run', '***_exam', 'transform_into_data.csv', '2023-10-11T17:25:00+00:00', '--job-id', '1563', '--pool', 'default_pool', '--raw', '--subdir', 'DAGS_FOLDER/DAG.py', '--cfg-path', '/tmp/tmpbf5t4svu', '--error-file', '/tmp/tmpnxnezekq']
[2023-10-11 17:26:04,010] {standard_task_runner.py:77} INFO - Job 1563: Subtask transform_into_data.csv
[2023-10-11 17:26:04,054] {logging_mixin.py:104} INFO - Running <TaskInstance: ***_exam.transform_into_data.csv 2023-10-11T17:25:00+00:00 [running]> on host 3a3d0401ac26
[2023-10-11 17:26:04,119] {taskinstance.py:1302} INFO - Exporting the following env vars:
AIRFLOW_CTX_DAG_OWNER=***
AIRFLOW_CTX_DAG_ID=***_exam
AIRFLOW_CTX_TASK_ID=transform_into_data.csv
AIRFLOW_CTX_EXECUTION_DATE=2023-10-11T17:25:00+00:00
AIRFLOW_CTX_DAG_RUN_ID=scheduled__2023-10-11T17:25:00+00:00
[2023-10-11 17:26:04,125] {logging_mixin.py:104} INFO - 
[2023-10-11 17:26:04,147] {logging_mixin.py:104} INFO -     temperature        city  pression              date
0       296.48       Paris      1015  2023-10-11 17:26
1       290.60      London      1012  2023-10-11 17:26
2       282.47  Washington      1004  2023-10-11 17:26
3       296.48       Paris      1015  2023-10-11 17:25
4       290.60      London      1012  2023-10-11 17:25
5       282.47  Washington      1004  2023-10-11 17:25
6       296.48       Paris      1015  2023-10-11 17:24
7       290.60      London      1012  2023-10-11 17:24
8       282.47  Washington      1004  2023-10-11 17:24
9       296.48       Paris      1015  2023-10-11 17:23
[2023-10-11 17:26:04,151] {python.py:151} INFO - Done. Returned value was: None
[2023-10-11 17:26:04,164] {taskinstance.py:1211} INFO - Marking task as SUCCESS. dag_id=***_exam, task_id=transform_into_data.csv, execution_date=20231011T172500, start_date=20231011T172603, end_date=20231011T172604
[2023-10-11 17:26:04,197] {taskinstance.py:1265} INFO - 0 downstream tasks scheduled from follow-on schedule check
[2023-10-11 17:26:04,222] {local_task_job.py:151} INFO - Task exited with return code 0
