[2024-03-20 23:13:05,809] {taskinstance.py:896} INFO - Dependencies all met for <TaskInstance: airflow_exam.transform_into_data.csv 2024-03-20T23:12:00+00:00 [queued]>
[2024-03-20 23:13:05,832] {taskinstance.py:896} INFO - Dependencies all met for <TaskInstance: airflow_exam.transform_into_data.csv 2024-03-20T23:12:00+00:00 [queued]>
[2024-03-20 23:13:05,833] {taskinstance.py:1087} INFO - 
--------------------------------------------------------------------------------
[2024-03-20 23:13:05,833] {taskinstance.py:1088} INFO - Starting attempt 1 of 1
[2024-03-20 23:13:05,833] {taskinstance.py:1089} INFO - 
--------------------------------------------------------------------------------
[2024-03-20 23:13:05,863] {taskinstance.py:1107} INFO - Executing <Task(PythonOperator): transform_into_data.csv> on 2024-03-20T23:12:00+00:00
[2024-03-20 23:13:05,880] {standard_task_runner.py:52} INFO - Started process 34121 to run task
[2024-03-20 23:13:05,886] {standard_task_runner.py:76} INFO - Running: ['***', 'tasks', 'run', '***_exam', 'transform_into_data.csv', '2024-03-20T23:12:00+00:00', '--job-id', '7955', '--pool', 'default_pool', '--raw', '--subdir', 'DAGS_FOLDER/DAG.py', '--cfg-path', '/tmp/tmp3bxrsst5', '--error-file', '/tmp/tmp3hsef83t']
[2024-03-20 23:13:05,887] {standard_task_runner.py:77} INFO - Job 7955: Subtask transform_into_data.csv
[2024-03-20 23:13:05,994] {logging_mixin.py:104} INFO - Running <TaskInstance: ***_exam.transform_into_data.csv 2024-03-20T23:12:00+00:00 [running]> on host 3a3d0401ac26
[2024-03-20 23:13:06,125] {taskinstance.py:1302} INFO - Exporting the following env vars:
AIRFLOW_CTX_DAG_OWNER=***
AIRFLOW_CTX_DAG_ID=***_exam
AIRFLOW_CTX_TASK_ID=transform_into_data.csv
AIRFLOW_CTX_EXECUTION_DATE=2024-03-20T23:12:00+00:00
AIRFLOW_CTX_DAG_RUN_ID=scheduled__2024-03-20T23:12:00+00:00
[2024-03-20 23:13:06,139] {logging_mixin.py:104} INFO - 
[2024-03-20 23:13:06,198] {logging_mixin.py:104} INFO -     temperature        city  pression              date
0       286.58       Paris      1020  2024-03-20 23:13
1       285.10      London      1022  2024-03-20 23:13
2       290.36  Washington      1007  2024-03-20 23:13
3       286.58       Paris      1020  2024-03-20 23:12
4       285.10      London      1022  2024-03-20 23:12
5       290.36  Washington      1007  2024-03-20 23:12
6       286.58       Paris      1020  2024-03-20 23:11
7       285.07      London      1022  2024-03-20 23:11
8       291.08  Washington      1007  2024-03-20 23:11
9       286.58       Paris      1020  2024-03-20 23:10
[2024-03-20 23:13:06,212] {python.py:151} INFO - Done. Returned value was: None
[2024-03-20 23:13:06,235] {taskinstance.py:1211} INFO - Marking task as SUCCESS. dag_id=***_exam, task_id=transform_into_data.csv, execution_date=20240320T231200, start_date=20240320T231305, end_date=20240320T231306
[2024-03-20 23:13:06,303] {taskinstance.py:1265} INFO - 0 downstream tasks scheduled from follow-on schedule check
[2024-03-20 23:13:06,339] {local_task_job.py:151} INFO - Task exited with return code 0
