[2024-03-15 18:38:05,957] {taskinstance.py:896} INFO - Dependencies all met for <TaskInstance: airflow_exam.transform_into_data.csv 2024-03-15T18:37:00+00:00 [queued]>
[2024-03-15 18:38:05,985] {taskinstance.py:896} INFO - Dependencies all met for <TaskInstance: airflow_exam.transform_into_data.csv 2024-03-15T18:37:00+00:00 [queued]>
[2024-03-15 18:38:05,985] {taskinstance.py:1087} INFO - 
--------------------------------------------------------------------------------
[2024-03-15 18:38:05,986] {taskinstance.py:1088} INFO - Starting attempt 1 of 1
[2024-03-15 18:38:05,986] {taskinstance.py:1089} INFO - 
--------------------------------------------------------------------------------
[2024-03-15 18:38:06,001] {taskinstance.py:1107} INFO - Executing <Task(PythonOperator): transform_into_data.csv> on 2024-03-15T18:37:00+00:00
[2024-03-15 18:38:06,012] {standard_task_runner.py:52} INFO - Started process 48111 to run task
[2024-03-15 18:38:06,017] {standard_task_runner.py:76} INFO - Running: ['***', 'tasks', 'run', '***_exam', 'transform_into_data.csv', '2024-03-15T18:37:00+00:00', '--job-id', '3419', '--pool', 'default_pool', '--raw', '--subdir', 'DAGS_FOLDER/DAG.py', '--cfg-path', '/tmp/tmpyhhwpxfc', '--error-file', '/tmp/tmplpp0mdh5']
[2024-03-15 18:38:06,017] {standard_task_runner.py:77} INFO - Job 3419: Subtask transform_into_data.csv
[2024-03-15 18:38:06,080] {logging_mixin.py:104} INFO - Running <TaskInstance: ***_exam.transform_into_data.csv 2024-03-15T18:37:00+00:00 [running]> on host 3a3d0401ac26
[2024-03-15 18:38:06,163] {taskinstance.py:1302} INFO - Exporting the following env vars:
AIRFLOW_CTX_DAG_OWNER=***
AIRFLOW_CTX_DAG_ID=***_exam
AIRFLOW_CTX_TASK_ID=transform_into_data.csv
AIRFLOW_CTX_EXECUTION_DATE=2024-03-15T18:37:00+00:00
AIRFLOW_CTX_DAG_RUN_ID=scheduled__2024-03-15T18:37:00+00:00
[2024-03-15 18:38:06,174] {logging_mixin.py:104} INFO - 
[2024-03-15 18:38:06,206] {logging_mixin.py:104} INFO -     temperature        city  pression              date
0       286.69       Paris      1012  2024-03-15 18:38
1       285.48      London      1006  2024-03-15 18:38
2       282.36  Washington      1025  2024-03-15 18:38
3       286.69       Paris      1012  2024-03-15 18:37
4       285.48      London      1006  2024-03-15 18:37
5       282.36  Washington      1025  2024-03-15 18:37
6       286.69       Paris      1012  2024-03-15 18:36
7       285.34      London      1006  2024-03-15 18:36
8       282.36  Washington      1025  2024-03-15 18:36
9       286.69       Paris      1012  2024-03-15 18:35
[2024-03-15 18:38:06,213] {python.py:151} INFO - Done. Returned value was: None
[2024-03-15 18:38:06,232] {taskinstance.py:1211} INFO - Marking task as SUCCESS. dag_id=***_exam, task_id=transform_into_data.csv, execution_date=20240315T183700, start_date=20240315T183805, end_date=20240315T183806
[2024-03-15 18:38:06,279] {taskinstance.py:1265} INFO - 0 downstream tasks scheduled from follow-on schedule check
[2024-03-15 18:38:06,309] {local_task_job.py:151} INFO - Task exited with return code 0
