[2024-03-15 14:39:03,519] {taskinstance.py:896} INFO - Dependencies all met for <TaskInstance: airflow_exam.transform_into_fulldata.csv 2024-03-15T14:38:00+00:00 [queued]>
[2024-03-15 14:39:03,540] {taskinstance.py:896} INFO - Dependencies all met for <TaskInstance: airflow_exam.transform_into_fulldata.csv 2024-03-15T14:38:00+00:00 [queued]>
[2024-03-15 14:39:03,540] {taskinstance.py:1087} INFO - 
--------------------------------------------------------------------------------
[2024-03-15 14:39:03,540] {taskinstance.py:1088} INFO - Starting attempt 1 of 1
[2024-03-15 14:39:03,540] {taskinstance.py:1089} INFO - 
--------------------------------------------------------------------------------
[2024-03-15 14:39:03,553] {taskinstance.py:1107} INFO - Executing <Task(PythonOperator): transform_into_fulldata.csv> on 2024-03-15T14:38:00+00:00
[2024-03-15 14:39:03,562] {standard_task_runner.py:52} INFO - Started process 9183 to run task
[2024-03-15 14:39:03,566] {standard_task_runner.py:76} INFO - Running: ['***', 'tasks', 'run', '***_exam', 'transform_into_fulldata.csv', '2024-03-15T14:38:00+00:00', '--job-id', '2039', '--pool', 'default_pool', '--raw', '--subdir', 'DAGS_FOLDER/DAG.py', '--cfg-path', '/tmp/tmpg5z_k3jy', '--error-file', '/tmp/tmpq7emz8uc']
[2024-03-15 14:39:03,566] {standard_task_runner.py:77} INFO - Job 2039: Subtask transform_into_fulldata.csv
[2024-03-15 14:39:03,615] {logging_mixin.py:104} INFO - Running <TaskInstance: ***_exam.transform_into_fulldata.csv 2024-03-15T14:38:00+00:00 [running]> on host 3a3d0401ac26
[2024-03-15 14:39:03,683] {taskinstance.py:1302} INFO - Exporting the following env vars:
AIRFLOW_CTX_DAG_OWNER=***
AIRFLOW_CTX_DAG_ID=***_exam
AIRFLOW_CTX_TASK_ID=transform_into_fulldata.csv
AIRFLOW_CTX_EXECUTION_DATE=2024-03-15T14:38:00+00:00
AIRFLOW_CTX_DAG_RUN_ID=scheduled__2024-03-15T14:38:00+00:00
[2024-03-15 14:39:03,709] {logging_mixin.py:104} INFO - 
[2024-03-15 14:39:03,733] {logging_mixin.py:104} INFO -     temperature        city  pression              date
0       289.53       Paris      1012  2024-03-15 14:39
1       286.95      London      1004  2024-03-15 14:39
2       274.26  Washington      1029  2024-03-15 14:39
3       289.53       Paris      1012  2024-03-15 14:38
4       286.95      London      1004  2024-03-15 14:38
5       274.26  Washington      1029  2024-03-15 14:38
6       289.62       Paris      1012  2024-03-15 14:37
7       287.19      London      1004  2024-03-15 14:37
8       276.31  Washington      1028  2024-03-15 14:37
9       289.62       Paris      1012  2024-03-15 14:36
[2024-03-15 14:39:03,740] {python.py:151} INFO - Done. Returned value was: None
[2024-03-15 14:39:03,755] {taskinstance.py:1211} INFO - Marking task as SUCCESS. dag_id=***_exam, task_id=transform_into_fulldata.csv, execution_date=20240315T143800, start_date=20240315T143903, end_date=20240315T143903
[2024-03-15 14:39:03,797] {taskinstance.py:1265} INFO - 3 downstream tasks scheduled from follow-on schedule check
[2024-03-15 14:39:03,818] {local_task_job.py:151} INFO - Task exited with return code 0
