[2024-03-21 19:02:07,913] {taskinstance.py:896} INFO - Dependencies all met for <TaskInstance: airflow_exam.transform_into_data.csv 2024-03-21T19:01:00+00:00 [queued]>
[2024-03-21 19:02:07,973] {taskinstance.py:896} INFO - Dependencies all met for <TaskInstance: airflow_exam.transform_into_data.csv 2024-03-21T19:01:00+00:00 [queued]>
[2024-03-21 19:02:07,973] {taskinstance.py:1087} INFO - 
--------------------------------------------------------------------------------
[2024-03-21 19:02:07,973] {taskinstance.py:1088} INFO - Starting attempt 1 of 1
[2024-03-21 19:02:07,973] {taskinstance.py:1089} INFO - 
--------------------------------------------------------------------------------
[2024-03-21 19:02:07,995] {taskinstance.py:1107} INFO - Executing <Task(PythonOperator): transform_into_data.csv> on 2024-03-21T19:01:00+00:00
[2024-03-21 19:02:08,009] {standard_task_runner.py:52} INFO - Started process 43337 to run task
[2024-03-21 19:02:08,016] {standard_task_runner.py:76} INFO - Running: ['***', 'tasks', 'run', '***_exam', 'transform_into_data.csv', '2024-03-21T19:01:00+00:00', '--job-id', '10458', '--pool', 'default_pool', '--raw', '--subdir', 'DAGS_FOLDER/DAG.py', '--cfg-path', '/tmp/tmp7isqon6w', '--error-file', '/tmp/tmp2int2210']
[2024-03-21 19:02:08,016] {standard_task_runner.py:77} INFO - Job 10458: Subtask transform_into_data.csv
[2024-03-21 19:02:08,183] {logging_mixin.py:104} INFO - Running <TaskInstance: ***_exam.transform_into_data.csv 2024-03-21T19:01:00+00:00 [running]> on host 3a3d0401ac26
[2024-03-21 19:02:08,334] {taskinstance.py:1302} INFO - Exporting the following env vars:
AIRFLOW_CTX_DAG_OWNER=***
AIRFLOW_CTX_DAG_ID=***_exam
AIRFLOW_CTX_TASK_ID=transform_into_data.csv
AIRFLOW_CTX_EXECUTION_DATE=2024-03-21T19:01:00+00:00
AIRFLOW_CTX_DAG_RUN_ID=scheduled__2024-03-21T19:01:00+00:00
[2024-03-21 19:02:08,356] {logging_mixin.py:104} INFO - 
[2024-03-21 19:02:08,421] {logging_mixin.py:104} INFO -     temperature        city  pression              date
0       289.14       Paris      1025  2024-03-21 19:02
1       287.23      London      1022  2024-03-21 19:02
2       286.24  Washington      1014  2024-03-21 19:02
3       289.13       Paris      1025  2024-03-21 19:01
4       287.25      London      1022  2024-03-21 19:01
5       286.17  Washington      1014  2024-03-21 19:01
6       289.13       Paris      1025  2024-03-21 19:00
7       287.25      London      1022  2024-03-21 19:00
8       286.17  Washington      1014  2024-03-21 19:00
9       289.13       Paris      1025  2024-03-21 18:59
[2024-03-21 19:02:08,435] {python.py:151} INFO - Done. Returned value was: None
[2024-03-21 19:02:08,472] {taskinstance.py:1211} INFO - Marking task as SUCCESS. dag_id=***_exam, task_id=transform_into_data.csv, execution_date=20240321T190100, start_date=20240321T190207, end_date=20240321T190208
[2024-03-21 19:02:08,601] {taskinstance.py:1265} INFO - 0 downstream tasks scheduled from follow-on schedule check
[2024-03-21 19:02:08,685] {local_task_job.py:151} INFO - Task exited with return code 0
