[2023-10-06 20:03:03,682] {taskinstance.py:896} INFO - Dependencies all met for <TaskInstance: airflow_exam.transform_into_data.csv 2023-10-06T20:02:00+00:00 [queued]>
[2023-10-06 20:03:03,694] {taskinstance.py:896} INFO - Dependencies all met for <TaskInstance: airflow_exam.transform_into_data.csv 2023-10-06T20:02:00+00:00 [queued]>
[2023-10-06 20:03:03,695] {taskinstance.py:1087} INFO - 
--------------------------------------------------------------------------------
[2023-10-06 20:03:03,695] {taskinstance.py:1088} INFO - Starting attempt 1 of 1
[2023-10-06 20:03:03,695] {taskinstance.py:1089} INFO - 
--------------------------------------------------------------------------------
[2023-10-06 20:03:03,711] {taskinstance.py:1107} INFO - Executing <Task(PythonOperator): transform_into_data.csv> on 2023-10-06T20:02:00+00:00
[2023-10-06 20:03:03,718] {standard_task_runner.py:52} INFO - Started process 11738 to run task
[2023-10-06 20:03:03,720] {standard_task_runner.py:76} INFO - Running: ['***', 'tasks', 'run', '***_exam', 'transform_into_data.csv', '2023-10-06T20:02:00+00:00', '--job-id', '692', '--pool', 'default_pool', '--raw', '--subdir', 'DAGS_FOLDER/DAG.py', '--cfg-path', '/tmp/tmpcjmg608g', '--error-file', '/tmp/tmpkshqtxc3']
[2023-10-06 20:03:03,721] {standard_task_runner.py:77} INFO - Job 692: Subtask transform_into_data.csv
[2023-10-06 20:03:03,761] {logging_mixin.py:104} INFO - Running <TaskInstance: ***_exam.transform_into_data.csv 2023-10-06T20:02:00+00:00 [running]> on host 3a3d0401ac26
[2023-10-06 20:03:03,820] {taskinstance.py:1302} INFO - Exporting the following env vars:
AIRFLOW_CTX_DAG_OWNER=***
AIRFLOW_CTX_DAG_ID=***_exam
AIRFLOW_CTX_TASK_ID=transform_into_data.csv
AIRFLOW_CTX_EXECUTION_DATE=2023-10-06T20:02:00+00:00
AIRFLOW_CTX_DAG_RUN_ID=scheduled__2023-10-06T20:02:00+00:00
[2023-10-06 20:03:03,824] {logging_mixin.py:104} INFO - 
[2023-10-06 20:03:03,839] {logging_mixin.py:104} INFO -     temperature        city  pression              date
0       288.25       Paris      1026  2023-10-06 20:03
1       290.12      London      1023  2023-10-06 20:03
2       293.21  Washington      1024  2023-10-06 20:03
3       288.25       Paris      1026  2023-10-06 20:02
4       290.12      London      1023  2023-10-06 20:02
5       293.21  Washington      1024  2023-10-06 20:02
6       288.25       Paris      1026  2023-10-06 20:01
7       290.12      London      1023  2023-10-06 20:01
8       293.21  Washington      1024  2023-10-06 20:01
9       288.25       Paris      1026  2023-10-06 20:00
[2023-10-06 20:03:03,842] {python.py:151} INFO - Done. Returned value was: None
[2023-10-06 20:03:03,902] {taskinstance.py:1211} INFO - Marking task as SUCCESS. dag_id=***_exam, task_id=transform_into_data.csv, execution_date=20231006T200200, start_date=20231006T200303, end_date=20231006T200303
[2023-10-06 20:03:03,927] {taskinstance.py:1265} INFO - 0 downstream tasks scheduled from follow-on schedule check
[2023-10-06 20:03:03,973] {local_task_job.py:151} INFO - Task exited with return code 0
