[2024-03-21 17:08:13,731] {taskinstance.py:896} INFO - Dependencies all met for <TaskInstance: airflow_exam.train_best_model 2024-03-21T17:07:00+00:00 [queued]>
[2024-03-21 17:08:13,758] {taskinstance.py:896} INFO - Dependencies all met for <TaskInstance: airflow_exam.train_best_model 2024-03-21T17:07:00+00:00 [queued]>
[2024-03-21 17:08:13,758] {taskinstance.py:1087} INFO - 
--------------------------------------------------------------------------------
[2024-03-21 17:08:13,758] {taskinstance.py:1088} INFO - Starting attempt 1 of 1
[2024-03-21 17:08:13,758] {taskinstance.py:1089} INFO - 
--------------------------------------------------------------------------------
[2024-03-21 17:08:13,771] {taskinstance.py:1107} INFO - Executing <Task(PythonOperator): train_best_model> on 2024-03-21T17:07:00+00:00
[2024-03-21 17:08:13,781] {standard_task_runner.py:52} INFO - Started process 18873 to run task
[2024-03-21 17:08:13,784] {standard_task_runner.py:76} INFO - Running: ['***', 'tasks', 'run', '***_exam', 'train_best_model', '2024-03-21T17:07:00+00:00', '--job-id', '9665', '--pool', 'default_pool', '--raw', '--subdir', 'DAGS_FOLDER/DAG.py', '--cfg-path', '/tmp/tmpy_can7w7', '--error-file', '/tmp/tmpls6jevej']
[2024-03-21 17:08:13,785] {standard_task_runner.py:77} INFO - Job 9665: Subtask train_best_model
[2024-03-21 17:08:13,846] {logging_mixin.py:104} INFO - Running <TaskInstance: ***_exam.train_best_model 2024-03-21T17:07:00+00:00 [running]> on host 3a3d0401ac26
[2024-03-21 17:08:13,916] {taskinstance.py:1302} INFO - Exporting the following env vars:
AIRFLOW_CTX_DAG_OWNER=***
AIRFLOW_CTX_DAG_ID=***_exam
AIRFLOW_CTX_TASK_ID=train_best_model
AIRFLOW_CTX_EXECUTION_DATE=2024-03-21T17:07:00+00:00
AIRFLOW_CTX_DAG_RUN_ID=scheduled__2024-03-21T17:07:00+00:00
[2024-03-21 17:08:14,065] {logging_mixin.py:104} INFO - LinearRegression() saved at  /app/clean_data/best_model.pickle
[2024-03-21 17:08:14,067] {python.py:151} INFO - Done. Returned value was: None
[2024-03-21 17:08:14,087] {taskinstance.py:1211} INFO - Marking task as SUCCESS. dag_id=***_exam, task_id=train_best_model, execution_date=20240321T170700, start_date=20240321T170813, end_date=20240321T170814
[2024-03-21 17:08:14,139] {taskinstance.py:1265} INFO - 0 downstream tasks scheduled from follow-on schedule check
[2024-03-21 17:08:14,159] {local_task_job.py:151} INFO - Task exited with return code 0
