[2023-10-06 19:59:04,867] {taskinstance.py:896} INFO - Dependencies all met for <TaskInstance: airflow_exam.compute_rf_score 2023-10-06T19:58:00+00:00 [queued]>
[2023-10-06 19:59:04,880] {taskinstance.py:896} INFO - Dependencies all met for <TaskInstance: airflow_exam.compute_rf_score 2023-10-06T19:58:00+00:00 [queued]>
[2023-10-06 19:59:04,880] {taskinstance.py:1087} INFO - 
--------------------------------------------------------------------------------
[2023-10-06 19:59:04,880] {taskinstance.py:1088} INFO - Starting attempt 1 of 1
[2023-10-06 19:59:04,880] {taskinstance.py:1089} INFO - 
--------------------------------------------------------------------------------
[2023-10-06 19:59:04,898] {taskinstance.py:1107} INFO - Executing <Task(PythonOperator): compute_rf_score> on 2023-10-06T19:58:00+00:00
[2023-10-06 19:59:04,906] {standard_task_runner.py:52} INFO - Started process 11034 to run task
[2023-10-06 19:59:04,909] {standard_task_runner.py:76} INFO - Running: ['***', 'tasks', 'run', '***_exam', 'compute_rf_score', '2023-10-06T19:58:00+00:00', '--job-id', '667', '--pool', 'default_pool', '--raw', '--subdir', 'DAGS_FOLDER/DAG.py', '--cfg-path', '/tmp/tmpxyejxqvy', '--error-file', '/tmp/tmpe4zcsl2m']
[2023-10-06 19:59:04,909] {standard_task_runner.py:77} INFO - Job 667: Subtask compute_rf_score
[2023-10-06 19:59:04,967] {logging_mixin.py:104} INFO - Running <TaskInstance: ***_exam.compute_rf_score 2023-10-06T19:58:00+00:00 [running]> on host 3a3d0401ac26
[2023-10-06 19:59:05,147] {taskinstance.py:1302} INFO - Exporting the following env vars:
AIRFLOW_CTX_DAG_OWNER=***
AIRFLOW_CTX_DAG_ID=***_exam
AIRFLOW_CTX_TASK_ID=compute_rf_score
AIRFLOW_CTX_EXECUTION_DATE=2023-10-06T19:58:00+00:00
AIRFLOW_CTX_DAG_RUN_ID=scheduled__2023-10-06T19:58:00+00:00
[2023-10-06 19:59:05,733] {python.py:151} INFO - Done. Returned value was: None
[2023-10-06 19:59:05,744] {taskinstance.py:1211} INFO - Marking task as SUCCESS. dag_id=***_exam, task_id=compute_rf_score, execution_date=20231006T195800, start_date=20231006T195904, end_date=20231006T195905
[2023-10-06 19:59:05,774] {taskinstance.py:1265} INFO - 1 downstream tasks scheduled from follow-on schedule check
[2023-10-06 19:59:05,803] {local_task_job.py:151} INFO - Task exited with return code 0
