[2024-03-15 19:16:07,830] {taskinstance.py:896} INFO - Dependencies all met for <TaskInstance: airflow_exam.compute_lr_score 2024-03-15T19:15:00+00:00 [queued]>
[2024-03-15 19:16:07,862] {taskinstance.py:896} INFO - Dependencies all met for <TaskInstance: airflow_exam.compute_lr_score 2024-03-15T19:15:00+00:00 [queued]>
[2024-03-15 19:16:07,862] {taskinstance.py:1087} INFO - 
--------------------------------------------------------------------------------
[2024-03-15 19:16:07,863] {taskinstance.py:1088} INFO - Starting attempt 1 of 1
[2024-03-15 19:16:07,863] {taskinstance.py:1089} INFO - 
--------------------------------------------------------------------------------
[2024-03-15 19:16:07,882] {taskinstance.py:1107} INFO - Executing <Task(PythonOperator): compute_lr_score> on 2024-03-15T19:15:00+00:00
[2024-03-15 19:16:07,899] {standard_task_runner.py:52} INFO - Started process 55763 to run task
[2024-03-15 19:16:07,904] {standard_task_runner.py:76} INFO - Running: ['***', 'tasks', 'run', '***_exam', 'compute_lr_score', '2024-03-15T19:15:00+00:00', '--job-id', '3688', '--pool', 'default_pool', '--raw', '--subdir', 'DAGS_FOLDER/DAG.py', '--cfg-path', '/tmp/tmpnpfsljcl', '--error-file', '/tmp/tmpmwl8y_gw']
[2024-03-15 19:16:07,905] {standard_task_runner.py:77} INFO - Job 3688: Subtask compute_lr_score
[2024-03-15 19:16:07,989] {logging_mixin.py:104} INFO - Running <TaskInstance: ***_exam.compute_lr_score 2024-03-15T19:15:00+00:00 [running]> on host 3a3d0401ac26
[2024-03-15 19:16:08,094] {taskinstance.py:1302} INFO - Exporting the following env vars:
AIRFLOW_CTX_DAG_OWNER=***
AIRFLOW_CTX_DAG_ID=***_exam
AIRFLOW_CTX_TASK_ID=compute_lr_score
AIRFLOW_CTX_EXECUTION_DATE=2024-03-15T19:15:00+00:00
AIRFLOW_CTX_DAG_RUN_ID=scheduled__2024-03-15T19:15:00+00:00
[2024-03-15 19:16:08,368] {python.py:151} INFO - Done. Returned value was: None
[2024-03-15 19:16:08,411] {taskinstance.py:1211} INFO - Marking task as SUCCESS. dag_id=***_exam, task_id=compute_lr_score, execution_date=20240315T191500, start_date=20240315T191607, end_date=20240315T191608
[2024-03-15 19:16:08,501] {taskinstance.py:1265} INFO - 0 downstream tasks scheduled from follow-on schedule check
[2024-03-15 19:16:08,529] {local_task_job.py:151} INFO - Task exited with return code 0
