[2024-03-16 01:12:09,749] {taskinstance.py:896} INFO - Dependencies all met for <TaskInstance: airflow_exam.compute_rf_score 2024-03-16T01:11:00+00:00 [queued]>
[2024-03-16 01:12:09,813] {taskinstance.py:896} INFO - Dependencies all met for <TaskInstance: airflow_exam.compute_rf_score 2024-03-16T01:11:00+00:00 [queued]>
[2024-03-16 01:12:09,813] {taskinstance.py:1087} INFO - 
--------------------------------------------------------------------------------
[2024-03-16 01:12:09,814] {taskinstance.py:1088} INFO - Starting attempt 1 of 1
[2024-03-16 01:12:09,815] {taskinstance.py:1089} INFO - 
--------------------------------------------------------------------------------
[2024-03-16 01:12:09,852] {taskinstance.py:1107} INFO - Executing <Task(PythonOperator): compute_rf_score> on 2024-03-16T01:11:00+00:00
[2024-03-16 01:12:09,874] {standard_task_runner.py:52} INFO - Started process 111139 to run task
[2024-03-16 01:12:09,894] {standard_task_runner.py:76} INFO - Running: ['***', 'tasks', 'run', '***_exam', 'compute_rf_score', '2024-03-16T01:11:00+00:00', '--job-id', '5578', '--pool', 'default_pool', '--raw', '--subdir', 'DAGS_FOLDER/DAG.py', '--cfg-path', '/tmp/tmpt_8oq949', '--error-file', '/tmp/tmpez8d52dk']
[2024-03-16 01:12:09,895] {standard_task_runner.py:77} INFO - Job 5578: Subtask compute_rf_score
[2024-03-16 01:12:10,038] {logging_mixin.py:104} INFO - Running <TaskInstance: ***_exam.compute_rf_score 2024-03-16T01:11:00+00:00 [running]> on host 3a3d0401ac26
[2024-03-16 01:12:10,196] {taskinstance.py:1302} INFO - Exporting the following env vars:
AIRFLOW_CTX_DAG_OWNER=***
AIRFLOW_CTX_DAG_ID=***_exam
AIRFLOW_CTX_TASK_ID=compute_rf_score
AIRFLOW_CTX_EXECUTION_DATE=2024-03-16T01:11:00+00:00
AIRFLOW_CTX_DAG_RUN_ID=scheduled__2024-03-16T01:11:00+00:00
[2024-03-16 01:12:13,277] {python.py:151} INFO - Done. Returned value was: None
[2024-03-16 01:12:13,296] {taskinstance.py:1211} INFO - Marking task as SUCCESS. dag_id=***_exam, task_id=compute_rf_score, execution_date=20240316T011100, start_date=20240316T011209, end_date=20240316T011213
[2024-03-16 01:12:13,367] {taskinstance.py:1265} INFO - 0 downstream tasks scheduled from follow-on schedule check
[2024-03-16 01:12:13,422] {local_task_job.py:151} INFO - Task exited with return code 0
