[2024-03-15 23:12:05,894] {taskinstance.py:896} INFO - Dependencies all met for <TaskInstance: airflow_exam.compute_lr_score 2024-03-15T23:11:00+00:00 [queued]>
[2024-03-15 23:12:05,925] {taskinstance.py:896} INFO - Dependencies all met for <TaskInstance: airflow_exam.compute_lr_score 2024-03-15T23:11:00+00:00 [queued]>
[2024-03-15 23:12:05,925] {taskinstance.py:1087} INFO - 
--------------------------------------------------------------------------------
[2024-03-15 23:12:05,925] {taskinstance.py:1088} INFO - Starting attempt 1 of 1
[2024-03-15 23:12:05,925] {taskinstance.py:1089} INFO - 
--------------------------------------------------------------------------------
[2024-03-15 23:12:05,940] {taskinstance.py:1107} INFO - Executing <Task(PythonOperator): compute_lr_score> on 2024-03-15T23:11:00+00:00
[2024-03-15 23:12:05,951] {standard_task_runner.py:52} INFO - Started process 86269 to run task
[2024-03-15 23:12:05,956] {standard_task_runner.py:76} INFO - Running: ['***', 'tasks', 'run', '***_exam', 'compute_lr_score', '2024-03-15T23:11:00+00:00', '--job-id', '4746', '--pool', 'default_pool', '--raw', '--subdir', 'DAGS_FOLDER/DAG.py', '--cfg-path', '/tmp/tmp8it4xic8', '--error-file', '/tmp/tmpo6n126rl']
[2024-03-15 23:12:05,957] {standard_task_runner.py:77} INFO - Job 4746: Subtask compute_lr_score
[2024-03-15 23:12:06,027] {logging_mixin.py:104} INFO - Running <TaskInstance: ***_exam.compute_lr_score 2024-03-15T23:11:00+00:00 [running]> on host 3a3d0401ac26
[2024-03-15 23:12:06,115] {taskinstance.py:1302} INFO - Exporting the following env vars:
AIRFLOW_CTX_DAG_OWNER=***
AIRFLOW_CTX_DAG_ID=***_exam
AIRFLOW_CTX_TASK_ID=compute_lr_score
AIRFLOW_CTX_EXECUTION_DATE=2024-03-15T23:11:00+00:00
AIRFLOW_CTX_DAG_RUN_ID=scheduled__2024-03-15T23:11:00+00:00
[2024-03-15 23:12:06,511] {python.py:151} INFO - Done. Returned value was: None
[2024-03-15 23:12:06,529] {taskinstance.py:1211} INFO - Marking task as SUCCESS. dag_id=***_exam, task_id=compute_lr_score, execution_date=20240315T231100, start_date=20240315T231205, end_date=20240315T231206
[2024-03-15 23:12:06,585] {taskinstance.py:1265} INFO - 0 downstream tasks scheduled from follow-on schedule check
[2024-03-15 23:12:06,619] {local_task_job.py:151} INFO - Task exited with return code 0
