[2024-03-15 22:49:05,378] {taskinstance.py:896} INFO - Dependencies all met for <TaskInstance: airflow_exam.transform_into_data.csv 2024-03-15T22:48:00+00:00 [queued]>
[2024-03-15 22:49:05,416] {taskinstance.py:896} INFO - Dependencies all met for <TaskInstance: airflow_exam.transform_into_data.csv 2024-03-15T22:48:00+00:00 [queued]>
[2024-03-15 22:49:05,417] {taskinstance.py:1087} INFO - 
--------------------------------------------------------------------------------
[2024-03-15 22:49:05,417] {taskinstance.py:1088} INFO - Starting attempt 1 of 1
[2024-03-15 22:49:05,417] {taskinstance.py:1089} INFO - 
--------------------------------------------------------------------------------
[2024-03-15 22:49:05,438] {taskinstance.py:1107} INFO - Executing <Task(PythonOperator): transform_into_data.csv> on 2024-03-15T22:48:00+00:00
[2024-03-15 22:49:05,450] {standard_task_runner.py:52} INFO - Started process 81569 to run task
[2024-03-15 22:49:05,458] {standard_task_runner.py:76} INFO - Running: ['***', 'tasks', 'run', '***_exam', 'transform_into_data.csv', '2024-03-15T22:48:00+00:00', '--job-id', '4582', '--pool', 'default_pool', '--raw', '--subdir', 'DAGS_FOLDER/DAG.py', '--cfg-path', '/tmp/tmpveeqfrta', '--error-file', '/tmp/tmppa3e81dy']
[2024-03-15 22:49:05,459] {standard_task_runner.py:77} INFO - Job 4582: Subtask transform_into_data.csv
[2024-03-15 22:49:05,539] {logging_mixin.py:104} INFO - Running <TaskInstance: ***_exam.transform_into_data.csv 2024-03-15T22:48:00+00:00 [running]> on host 3a3d0401ac26
[2024-03-15 22:49:05,656] {taskinstance.py:1302} INFO - Exporting the following env vars:
AIRFLOW_CTX_DAG_OWNER=***
AIRFLOW_CTX_DAG_ID=***_exam
AIRFLOW_CTX_TASK_ID=transform_into_data.csv
AIRFLOW_CTX_EXECUTION_DATE=2024-03-15T22:48:00+00:00
AIRFLOW_CTX_DAG_RUN_ID=scheduled__2024-03-15T22:48:00+00:00
[2024-03-15 22:49:05,667] {logging_mixin.py:104} INFO - 
[2024-03-15 22:49:05,703] {logging_mixin.py:104} INFO -     temperature        city  pression              date
0       285.48       Paris      1014  2024-03-15 22:49
1       282.68      London      1011  2024-03-15 22:49
2       289.08  Washington      1022  2024-03-15 22:49
3       285.48       Paris      1014  2024-03-15 22:48
4       282.68      London      1011  2024-03-15 22:48
5       289.08  Washington      1022  2024-03-15 22:48
6       285.48       Paris      1014  2024-03-15 22:47
7       282.68      London      1011  2024-03-15 22:47
8       289.08  Washington      1022  2024-03-15 22:47
9       285.48       Paris      1014  2024-03-15 22:46
[2024-03-15 22:49:05,719] {python.py:151} INFO - Done. Returned value was: None
[2024-03-15 22:49:05,739] {taskinstance.py:1211} INFO - Marking task as SUCCESS. dag_id=***_exam, task_id=transform_into_data.csv, execution_date=20240315T224800, start_date=20240315T224905, end_date=20240315T224905
[2024-03-15 22:49:05,798] {taskinstance.py:1265} INFO - 0 downstream tasks scheduled from follow-on schedule check
[2024-03-15 22:49:05,856] {local_task_job.py:151} INFO - Task exited with return code 0
