[2024-03-21 00:52:10,893] {taskinstance.py:896} INFO - Dependencies all met for <TaskInstance: airflow_exam.compute_lr_score 2024-03-21T00:51:00+00:00 [queued]>
[2024-03-21 00:52:10,928] {taskinstance.py:896} INFO - Dependencies all met for <TaskInstance: airflow_exam.compute_lr_score 2024-03-21T00:51:00+00:00 [queued]>
[2024-03-21 00:52:10,928] {taskinstance.py:1087} INFO - 
--------------------------------------------------------------------------------
[2024-03-21 00:52:10,928] {taskinstance.py:1088} INFO - Starting attempt 1 of 1
[2024-03-21 00:52:10,928] {taskinstance.py:1089} INFO - 
--------------------------------------------------------------------------------
[2024-03-21 00:52:11,010] {taskinstance.py:1107} INFO - Executing <Task(PythonOperator): compute_lr_score> on 2024-03-21T00:51:00+00:00
[2024-03-21 00:52:11,051] {standard_task_runner.py:52} INFO - Started process 6869 to run task
[2024-03-21 00:52:11,062] {standard_task_runner.py:76} INFO - Running: ['***', 'tasks', 'run', '***_exam', 'compute_lr_score', '2024-03-21T00:51:00+00:00', '--job-id', '8592', '--pool', 'default_pool', '--raw', '--subdir', 'DAGS_FOLDER/DAG.py', '--cfg-path', '/tmp/tmpzffelevn', '--error-file', '/tmp/tmpx5w2raq8']
[2024-03-21 00:52:11,063] {standard_task_runner.py:77} INFO - Job 8592: Subtask compute_lr_score
[2024-03-21 00:52:11,230] {logging_mixin.py:104} INFO - Running <TaskInstance: ***_exam.compute_lr_score 2024-03-21T00:51:00+00:00 [running]> on host 3a3d0401ac26
[2024-03-21 00:52:11,455] {taskinstance.py:1302} INFO - Exporting the following env vars:
AIRFLOW_CTX_DAG_OWNER=***
AIRFLOW_CTX_DAG_ID=***_exam
AIRFLOW_CTX_TASK_ID=compute_lr_score
AIRFLOW_CTX_EXECUTION_DATE=2024-03-21T00:51:00+00:00
AIRFLOW_CTX_DAG_RUN_ID=scheduled__2024-03-21T00:51:00+00:00
[2024-03-21 00:52:12,079] {python.py:151} INFO - Done. Returned value was: None
[2024-03-21 00:52:12,103] {taskinstance.py:1211} INFO - Marking task as SUCCESS. dag_id=***_exam, task_id=compute_lr_score, execution_date=20240321T005100, start_date=20240321T005210, end_date=20240321T005212
[2024-03-21 00:52:12,177] {taskinstance.py:1265} INFO - 0 downstream tasks scheduled from follow-on schedule check
[2024-03-21 00:52:12,253] {local_task_job.py:151} INFO - Task exited with return code 0
