[2024-03-15 21:44:04,878] {taskinstance.py:896} INFO - Dependencies all met for <TaskInstance: airflow_exam.transform_into_fulldata.csv 2024-03-15T21:43:00+00:00 [queued]>
[2024-03-15 21:44:04,905] {taskinstance.py:896} INFO - Dependencies all met for <TaskInstance: airflow_exam.transform_into_fulldata.csv 2024-03-15T21:43:00+00:00 [queued]>
[2024-03-15 21:44:04,906] {taskinstance.py:1087} INFO - 
--------------------------------------------------------------------------------
[2024-03-15 21:44:04,906] {taskinstance.py:1088} INFO - Starting attempt 1 of 1
[2024-03-15 21:44:04,906] {taskinstance.py:1089} INFO - 
--------------------------------------------------------------------------------
[2024-03-15 21:44:04,918] {taskinstance.py:1107} INFO - Executing <Task(PythonOperator): transform_into_fulldata.csv> on 2024-03-15T21:43:00+00:00
[2024-03-15 21:44:04,927] {standard_task_runner.py:52} INFO - Started process 68280 to run task
[2024-03-15 21:44:04,931] {standard_task_runner.py:76} INFO - Running: ['***', 'tasks', 'run', '***_exam', 'transform_into_fulldata.csv', '2024-03-15T21:43:00+00:00', '--job-id', '4126', '--pool', 'default_pool', '--raw', '--subdir', 'DAGS_FOLDER/DAG.py', '--cfg-path', '/tmp/tmp918k6n1n', '--error-file', '/tmp/tmp9_izklzs']
[2024-03-15 21:44:04,932] {standard_task_runner.py:77} INFO - Job 4126: Subtask transform_into_fulldata.csv
[2024-03-15 21:44:04,991] {logging_mixin.py:104} INFO - Running <TaskInstance: ***_exam.transform_into_fulldata.csv 2024-03-15T21:43:00+00:00 [running]> on host 3a3d0401ac26
[2024-03-15 21:44:05,070] {taskinstance.py:1302} INFO - Exporting the following env vars:
AIRFLOW_CTX_DAG_OWNER=***
AIRFLOW_CTX_DAG_ID=***_exam
AIRFLOW_CTX_TASK_ID=transform_into_fulldata.csv
AIRFLOW_CTX_EXECUTION_DATE=2024-03-15T21:43:00+00:00
AIRFLOW_CTX_DAG_RUN_ID=scheduled__2024-03-15T21:43:00+00:00
[2024-03-15 21:44:05,126] {logging_mixin.py:104} INFO - 
[2024-03-15 21:44:05,147] {logging_mixin.py:104} INFO -     temperature        city  pression              date
0       285.40       Paris      1014  2024-03-15 21:44
1       283.84      London      1009  2024-03-15 21:44
2       288.54  Washington      1022  2024-03-15 21:44
3       285.40       Paris      1014  2024-03-15 21:43
4       283.84      London      1009  2024-03-15 21:43
5       288.54  Washington      1022  2024-03-15 21:43
6       285.44       Paris      1013  2024-03-15 21:42
7       283.84      London      1009  2024-03-15 21:42
8       288.54  Washington      1022  2024-03-15 21:42
9       285.44       Paris      1013  2024-03-15 21:41
[2024-03-15 21:44:05,156] {python.py:151} INFO - Done. Returned value was: None
[2024-03-15 21:44:05,169] {taskinstance.py:1211} INFO - Marking task as SUCCESS. dag_id=***_exam, task_id=transform_into_fulldata.csv, execution_date=20240315T214300, start_date=20240315T214404, end_date=20240315T214405
[2024-03-15 21:44:05,212] {taskinstance.py:1265} INFO - 3 downstream tasks scheduled from follow-on schedule check
[2024-03-15 21:44:05,263] {local_task_job.py:151} INFO - Task exited with return code 0
