[2024-03-21 17:24:03,908] {taskinstance.py:896} INFO - Dependencies all met for <TaskInstance: airflow_exam.transform_into_data.csv 2024-03-21T17:23:00+00:00 [queued]>
[2024-03-21 17:24:03,936] {taskinstance.py:896} INFO - Dependencies all met for <TaskInstance: airflow_exam.transform_into_data.csv 2024-03-21T17:23:00+00:00 [queued]>
[2024-03-21 17:24:03,936] {taskinstance.py:1087} INFO - 
--------------------------------------------------------------------------------
[2024-03-21 17:24:03,937] {taskinstance.py:1088} INFO - Starting attempt 1 of 1
[2024-03-21 17:24:03,937] {taskinstance.py:1089} INFO - 
--------------------------------------------------------------------------------
[2024-03-21 17:24:03,952] {taskinstance.py:1107} INFO - Executing <Task(PythonOperator): transform_into_data.csv> on 2024-03-21T17:23:00+00:00
[2024-03-21 17:24:03,965] {standard_task_runner.py:52} INFO - Started process 22233 to run task
[2024-03-21 17:24:03,970] {standard_task_runner.py:76} INFO - Running: ['***', 'tasks', 'run', '***_exam', 'transform_into_data.csv', '2024-03-21T17:23:00+00:00', '--job-id', '9773', '--pool', 'default_pool', '--raw', '--subdir', 'DAGS_FOLDER/DAG.py', '--cfg-path', '/tmp/tmp5h78ew0x', '--error-file', '/tmp/tmpaxbj7yoq']
[2024-03-21 17:24:03,971] {standard_task_runner.py:77} INFO - Job 9773: Subtask transform_into_data.csv
[2024-03-21 17:24:04,041] {logging_mixin.py:104} INFO - Running <TaskInstance: ***_exam.transform_into_data.csv 2024-03-21T17:23:00+00:00 [running]> on host 3a3d0401ac26
[2024-03-21 17:24:04,118] {taskinstance.py:1302} INFO - Exporting the following env vars:
AIRFLOW_CTX_DAG_OWNER=***
AIRFLOW_CTX_DAG_ID=***_exam
AIRFLOW_CTX_TASK_ID=transform_into_data.csv
AIRFLOW_CTX_EXECUTION_DATE=2024-03-21T17:23:00+00:00
AIRFLOW_CTX_DAG_RUN_ID=scheduled__2024-03-21T17:23:00+00:00
[2024-03-21 17:24:04,126] {logging_mixin.py:104} INFO - 
[2024-03-21 17:24:04,148] {logging_mixin.py:104} INFO -     temperature        city  pression              date
0       291.74       Paris      1025  2024-03-21 17:24
1       288.79      London      1022  2024-03-21 17:24
2       282.55  Washington      1015  2024-03-21 17:24
3       291.74       Paris      1025  2024-03-21 17:23
4       288.79      London      1022  2024-03-21 17:23
5       282.55  Washington      1015  2024-03-21 17:23
6       291.74       Paris      1025  2024-03-21 17:22
7       288.79      London      1022  2024-03-21 17:22
8       282.55  Washington      1015  2024-03-21 17:22
9       291.74       Paris      1025  2024-03-21 17:21
[2024-03-21 17:24:04,151] {python.py:151} INFO - Done. Returned value was: None
[2024-03-21 17:24:04,167] {taskinstance.py:1211} INFO - Marking task as SUCCESS. dag_id=***_exam, task_id=transform_into_data.csv, execution_date=20240321T172300, start_date=20240321T172403, end_date=20240321T172404
[2024-03-21 17:24:04,212] {taskinstance.py:1265} INFO - 0 downstream tasks scheduled from follow-on schedule check
[2024-03-21 17:24:04,262] {local_task_job.py:151} INFO - Task exited with return code 0
