[2024-03-15 22:28:04,244] {taskinstance.py:896} INFO - Dependencies all met for <TaskInstance: airflow_exam.transform_into_data.csv 2024-03-15T22:27:00+00:00 [queued]>
[2024-03-15 22:28:04,270] {taskinstance.py:896} INFO - Dependencies all met for <TaskInstance: airflow_exam.transform_into_data.csv 2024-03-15T22:27:00+00:00 [queued]>
[2024-03-15 22:28:04,271] {taskinstance.py:1087} INFO - 
--------------------------------------------------------------------------------
[2024-03-15 22:28:04,271] {taskinstance.py:1088} INFO - Starting attempt 1 of 1
[2024-03-15 22:28:04,271] {taskinstance.py:1089} INFO - 
--------------------------------------------------------------------------------
[2024-03-15 22:28:04,285] {taskinstance.py:1107} INFO - Executing <Task(PythonOperator): transform_into_data.csv> on 2024-03-15T22:27:00+00:00
[2024-03-15 22:28:04,295] {standard_task_runner.py:52} INFO - Started process 77261 to run task
[2024-03-15 22:28:04,300] {standard_task_runner.py:76} INFO - Running: ['***', 'tasks', 'run', '***_exam', 'transform_into_data.csv', '2024-03-15T22:27:00+00:00', '--job-id', '4435', '--pool', 'default_pool', '--raw', '--subdir', 'DAGS_FOLDER/DAG.py', '--cfg-path', '/tmp/tmpk1d4xwk_', '--error-file', '/tmp/tmpbf7ssjbr']
[2024-03-15 22:28:04,300] {standard_task_runner.py:77} INFO - Job 4435: Subtask transform_into_data.csv
[2024-03-15 22:28:04,358] {logging_mixin.py:104} INFO - Running <TaskInstance: ***_exam.transform_into_data.csv 2024-03-15T22:27:00+00:00 [running]> on host 3a3d0401ac26
[2024-03-15 22:28:04,436] {taskinstance.py:1302} INFO - Exporting the following env vars:
AIRFLOW_CTX_DAG_OWNER=***
AIRFLOW_CTX_DAG_ID=***_exam
AIRFLOW_CTX_TASK_ID=transform_into_data.csv
AIRFLOW_CTX_EXECUTION_DATE=2024-03-15T22:27:00+00:00
AIRFLOW_CTX_DAG_RUN_ID=scheduled__2024-03-15T22:27:00+00:00
[2024-03-15 22:28:04,442] {logging_mixin.py:104} INFO - 
[2024-03-15 22:28:04,468] {logging_mixin.py:104} INFO -     temperature        city  pression              date
0       285.48       Paris      1014  2024-03-15 22:28
1       282.95      London      1011  2024-03-15 22:28
2       288.86  Washington      1022  2024-03-15 22:28
3       285.48       Paris      1014  2024-03-15 22:27
4       282.95      London      1011  2024-03-15 22:27
5       288.86  Washington      1022  2024-03-15 22:27
6       285.48       Paris      1014  2024-03-15 22:26
7       282.95      London      1011  2024-03-15 22:26
8       288.86  Washington      1022  2024-03-15 22:26
9       285.35       Paris      1014  2024-03-15 22:25
[2024-03-15 22:28:04,475] {python.py:151} INFO - Done. Returned value was: None
[2024-03-15 22:28:04,491] {taskinstance.py:1211} INFO - Marking task as SUCCESS. dag_id=***_exam, task_id=transform_into_data.csv, execution_date=20240315T222700, start_date=20240315T222804, end_date=20240315T222804
[2024-03-15 22:28:04,530] {taskinstance.py:1265} INFO - 0 downstream tasks scheduled from follow-on schedule check
[2024-03-15 22:28:04,552] {local_task_job.py:151} INFO - Task exited with return code 0
