[2024-03-15 23:34:04,000] {taskinstance.py:896} INFO - Dependencies all met for <TaskInstance: airflow_exam.transform_into_data.csv 2024-03-15T23:33:00+00:00 [queued]>
[2024-03-15 23:34:04,019] {taskinstance.py:896} INFO - Dependencies all met for <TaskInstance: airflow_exam.transform_into_data.csv 2024-03-15T23:33:00+00:00 [queued]>
[2024-03-15 23:34:04,020] {taskinstance.py:1087} INFO - 
--------------------------------------------------------------------------------
[2024-03-15 23:34:04,020] {taskinstance.py:1088} INFO - Starting attempt 1 of 1
[2024-03-15 23:34:04,020] {taskinstance.py:1089} INFO - 
--------------------------------------------------------------------------------
[2024-03-15 23:34:04,031] {taskinstance.py:1107} INFO - Executing <Task(PythonOperator): transform_into_data.csv> on 2024-03-15T23:33:00+00:00
[2024-03-15 23:34:04,040] {standard_task_runner.py:52} INFO - Started process 90731 to run task
[2024-03-15 23:34:04,044] {standard_task_runner.py:76} INFO - Running: ['***', 'tasks', 'run', '***_exam', 'transform_into_data.csv', '2024-03-15T23:33:00+00:00', '--job-id', '4896', '--pool', 'default_pool', '--raw', '--subdir', 'DAGS_FOLDER/DAG.py', '--cfg-path', '/tmp/tmp_e15vy3a', '--error-file', '/tmp/tmp5hbuaipi']
[2024-03-15 23:34:04,044] {standard_task_runner.py:77} INFO - Job 4896: Subtask transform_into_data.csv
[2024-03-15 23:34:04,104] {logging_mixin.py:104} INFO - Running <TaskInstance: ***_exam.transform_into_data.csv 2024-03-15T23:33:00+00:00 [running]> on host 3a3d0401ac26
[2024-03-15 23:34:04,184] {taskinstance.py:1302} INFO - Exporting the following env vars:
AIRFLOW_CTX_DAG_OWNER=***
AIRFLOW_CTX_DAG_ID=***_exam
AIRFLOW_CTX_TASK_ID=transform_into_data.csv
AIRFLOW_CTX_EXECUTION_DATE=2024-03-15T23:33:00+00:00
AIRFLOW_CTX_DAG_RUN_ID=scheduled__2024-03-15T23:33:00+00:00
[2024-03-15 23:34:04,191] {logging_mixin.py:104} INFO - 
[2024-03-15 23:34:04,209] {logging_mixin.py:104} INFO -     temperature        city  pression              date
0       285.00       Paris      1015  2024-03-15 23:34
1       281.97      London      1012  2024-03-15 23:34
2       289.63  Washington      1022  2024-03-15 23:34
3       285.00       Paris      1015  2024-03-15 23:33
4       281.97      London      1012  2024-03-15 23:33
5       289.63  Washington      1022  2024-03-15 23:33
6       285.00       Paris      1015  2024-03-15 23:32
7       281.97      London      1012  2024-03-15 23:32
8       289.63  Washington      1022  2024-03-15 23:32
9       285.00       Paris      1015  2024-03-15 23:31
[2024-03-15 23:34:04,214] {python.py:151} INFO - Done. Returned value was: None
[2024-03-15 23:34:04,225] {taskinstance.py:1211} INFO - Marking task as SUCCESS. dag_id=***_exam, task_id=transform_into_data.csv, execution_date=20240315T233300, start_date=20240315T233404, end_date=20240315T233404
[2024-03-15 23:34:04,260] {taskinstance.py:1265} INFO - 0 downstream tasks scheduled from follow-on schedule check
[2024-03-15 23:34:04,295] {local_task_job.py:151} INFO - Task exited with return code 0
