[2024-03-21 17:53:05,425] {taskinstance.py:896} INFO - Dependencies all met for <TaskInstance: airflow_exam.transform_into_fulldata.csv 2024-03-21T17:52:00+00:00 [queued]>
[2024-03-21 17:53:05,453] {taskinstance.py:896} INFO - Dependencies all met for <TaskInstance: airflow_exam.transform_into_fulldata.csv 2024-03-21T17:52:00+00:00 [queued]>
[2024-03-21 17:53:05,453] {taskinstance.py:1087} INFO - 
--------------------------------------------------------------------------------
[2024-03-21 17:53:05,453] {taskinstance.py:1088} INFO - Starting attempt 1 of 1
[2024-03-21 17:53:05,453] {taskinstance.py:1089} INFO - 
--------------------------------------------------------------------------------
[2024-03-21 17:53:05,470] {taskinstance.py:1107} INFO - Executing <Task(PythonOperator): transform_into_fulldata.csv> on 2024-03-21T17:52:00+00:00
[2024-03-21 17:53:05,481] {standard_task_runner.py:52} INFO - Started process 28501 to run task
[2024-03-21 17:53:05,486] {standard_task_runner.py:76} INFO - Running: ['***', 'tasks', 'run', '***_exam', 'transform_into_fulldata.csv', '2024-03-21T17:52:00+00:00', '--job-id', '9976', '--pool', 'default_pool', '--raw', '--subdir', 'DAGS_FOLDER/DAG.py', '--cfg-path', '/tmp/tmpdovripth', '--error-file', '/tmp/tmp1petakgv']
[2024-03-21 17:53:05,487] {standard_task_runner.py:77} INFO - Job 9976: Subtask transform_into_fulldata.csv
[2024-03-21 17:53:05,553] {logging_mixin.py:104} INFO - Running <TaskInstance: ***_exam.transform_into_fulldata.csv 2024-03-21T17:52:00+00:00 [running]> on host 3a3d0401ac26
[2024-03-21 17:53:05,645] {taskinstance.py:1302} INFO - Exporting the following env vars:
AIRFLOW_CTX_DAG_OWNER=***
AIRFLOW_CTX_DAG_ID=***_exam
AIRFLOW_CTX_TASK_ID=transform_into_fulldata.csv
AIRFLOW_CTX_EXECUTION_DATE=2024-03-21T17:52:00+00:00
AIRFLOW_CTX_DAG_RUN_ID=scheduled__2024-03-21T17:52:00+00:00
[2024-03-21 17:53:05,801] {logging_mixin.py:104} INFO - 
[2024-03-21 17:53:05,841] {logging_mixin.py:104} INFO -     temperature        city  pression              date
0       290.85       Paris      1025  2024-03-21 17:53
1       288.24      London      1022  2024-03-21 17:53
2       284.05  Washington      1014  2024-03-21 17:53
3       290.85       Paris      1025  2024-03-21 17:52
4       288.24      London      1022  2024-03-21 17:52
5       284.05  Washington      1014  2024-03-21 17:52
6       290.85       Paris      1025  2024-03-21 17:51
7       288.24      London      1022  2024-03-21 17:51
8       284.05  Washington      1014  2024-03-21 17:51
9       291.12       Paris      1025  2024-03-21 17:50
[2024-03-21 17:53:05,867] {python.py:151} INFO - Done. Returned value was: None
[2024-03-21 17:53:05,885] {taskinstance.py:1211} INFO - Marking task as SUCCESS. dag_id=***_exam, task_id=transform_into_fulldata.csv, execution_date=20240321T175200, start_date=20240321T175305, end_date=20240321T175305
[2024-03-21 17:53:05,931] {taskinstance.py:1265} INFO - 3 downstream tasks scheduled from follow-on schedule check
[2024-03-21 17:53:05,981] {local_task_job.py:151} INFO - Task exited with return code 0
