[2024-03-21 19:31:03,169] {taskinstance.py:896} INFO - Dependencies all met for <TaskInstance: airflow_exam.transform_into_data.csv 2024-03-21T19:30:00+00:00 [queued]>
[2024-03-21 19:31:03,193] {taskinstance.py:896} INFO - Dependencies all met for <TaskInstance: airflow_exam.transform_into_data.csv 2024-03-21T19:30:00+00:00 [queued]>
[2024-03-21 19:31:03,193] {taskinstance.py:1087} INFO - 
--------------------------------------------------------------------------------
[2024-03-21 19:31:03,193] {taskinstance.py:1088} INFO - Starting attempt 1 of 1
[2024-03-21 19:31:03,193] {taskinstance.py:1089} INFO - 
--------------------------------------------------------------------------------
[2024-03-21 19:31:03,206] {taskinstance.py:1107} INFO - Executing <Task(PythonOperator): transform_into_data.csv> on 2024-03-21T19:30:00+00:00
[2024-03-21 19:31:03,217] {standard_task_runner.py:52} INFO - Started process 49580 to run task
[2024-03-21 19:31:03,220] {standard_task_runner.py:76} INFO - Running: ['***', 'tasks', 'run', '***_exam', 'transform_into_data.csv', '2024-03-21T19:30:00+00:00', '--job-id', '10661', '--pool', 'default_pool', '--raw', '--subdir', 'DAGS_FOLDER/DAG.py', '--cfg-path', '/tmp/tmpbt91w0ta', '--error-file', '/tmp/tmp9lm2a0tj']
[2024-03-21 19:31:03,221] {standard_task_runner.py:77} INFO - Job 10661: Subtask transform_into_data.csv
[2024-03-21 19:31:03,282] {logging_mixin.py:104} INFO - Running <TaskInstance: ***_exam.transform_into_data.csv 2024-03-21T19:30:00+00:00 [running]> on host 3a3d0401ac26
[2024-03-21 19:31:03,356] {taskinstance.py:1302} INFO - Exporting the following env vars:
AIRFLOW_CTX_DAG_OWNER=***
AIRFLOW_CTX_DAG_ID=***_exam
AIRFLOW_CTX_TASK_ID=transform_into_data.csv
AIRFLOW_CTX_EXECUTION_DATE=2024-03-21T19:30:00+00:00
AIRFLOW_CTX_DAG_RUN_ID=scheduled__2024-03-21T19:30:00+00:00
[2024-03-21 19:31:03,362] {logging_mixin.py:104} INFO - 
[2024-03-21 19:31:03,381] {logging_mixin.py:104} INFO -     temperature        city  pression              date
0       288.65       Paris      1025  2024-03-21 19:31
1       286.98      London      1022  2024-03-21 19:31
2       286.59  Washington      1014  2024-03-21 19:31
3       288.84       Paris      1025  2024-03-21 19:30
4       286.98      London      1022  2024-03-21 19:30
5       286.59  Washington      1014  2024-03-21 19:30
6       288.65       Paris      1025  2024-03-21 19:29
7       286.95      London      1022  2024-03-21 19:29
8       286.59  Washington      1014  2024-03-21 19:29
9       288.65       Paris      1025  2024-03-21 19:28
[2024-03-21 19:31:03,385] {python.py:151} INFO - Done. Returned value was: None
[2024-03-21 19:31:03,398] {taskinstance.py:1211} INFO - Marking task as SUCCESS. dag_id=***_exam, task_id=transform_into_data.csv, execution_date=20240321T193000, start_date=20240321T193103, end_date=20240321T193103
[2024-03-21 19:31:03,430] {taskinstance.py:1265} INFO - 0 downstream tasks scheduled from follow-on schedule check
[2024-03-21 19:31:03,473] {local_task_job.py:151} INFO - Task exited with return code 0
