[2024-03-15 19:20:04,314] {taskinstance.py:896} INFO - Dependencies all met for <TaskInstance: airflow_exam.transform_into_fulldata.csv 2024-03-15T19:19:00+00:00 [queued]>
[2024-03-15 19:20:04,340] {taskinstance.py:896} INFO - Dependencies all met for <TaskInstance: airflow_exam.transform_into_fulldata.csv 2024-03-15T19:19:00+00:00 [queued]>
[2024-03-15 19:20:04,341] {taskinstance.py:1087} INFO - 
--------------------------------------------------------------------------------
[2024-03-15 19:20:04,341] {taskinstance.py:1088} INFO - Starting attempt 1 of 1
[2024-03-15 19:20:04,341] {taskinstance.py:1089} INFO - 
--------------------------------------------------------------------------------
[2024-03-15 19:20:04,354] {taskinstance.py:1107} INFO - Executing <Task(PythonOperator): transform_into_fulldata.csv> on 2024-03-15T19:19:00+00:00
[2024-03-15 19:20:04,365] {standard_task_runner.py:52} INFO - Started process 56544 to run task
[2024-03-15 19:20:04,369] {standard_task_runner.py:76} INFO - Running: ['***', 'tasks', 'run', '***_exam', 'transform_into_fulldata.csv', '2024-03-15T19:19:00+00:00', '--job-id', '3713', '--pool', 'default_pool', '--raw', '--subdir', 'DAGS_FOLDER/DAG.py', '--cfg-path', '/tmp/tmp0m0r5orz', '--error-file', '/tmp/tmpc8eblh8f']
[2024-03-15 19:20:04,370] {standard_task_runner.py:77} INFO - Job 3713: Subtask transform_into_fulldata.csv
[2024-03-15 19:20:04,422] {logging_mixin.py:104} INFO - Running <TaskInstance: ***_exam.transform_into_fulldata.csv 2024-03-15T19:19:00+00:00 [running]> on host 3a3d0401ac26
[2024-03-15 19:20:04,497] {taskinstance.py:1302} INFO - Exporting the following env vars:
AIRFLOW_CTX_DAG_OWNER=***
AIRFLOW_CTX_DAG_ID=***_exam
AIRFLOW_CTX_TASK_ID=transform_into_fulldata.csv
AIRFLOW_CTX_EXECUTION_DATE=2024-03-15T19:19:00+00:00
AIRFLOW_CTX_DAG_RUN_ID=scheduled__2024-03-15T19:19:00+00:00
[2024-03-15 19:20:04,537] {logging_mixin.py:104} INFO - 
[2024-03-15 19:20:04,566] {logging_mixin.py:104} INFO -     temperature        city  pression              date
0       286.72       Paris      1012  2024-03-15 19:20
1       284.98      London      1008  2024-03-15 19:20
2       283.15  Washington      1025  2024-03-15 19:20
3       286.72       Paris      1012  2024-03-15 19:19
4       284.98      London      1008  2024-03-15 19:19
5       283.15  Washington      1025  2024-03-15 19:19
6       286.72       Paris      1012  2024-03-15 19:18
7       284.98      London      1008  2024-03-15 19:18
8       283.15  Washington      1025  2024-03-15 19:18
9       286.72       Paris      1012  2024-03-15 19:17
[2024-03-15 19:20:04,574] {python.py:151} INFO - Done. Returned value was: None
[2024-03-15 19:20:04,587] {taskinstance.py:1211} INFO - Marking task as SUCCESS. dag_id=***_exam, task_id=transform_into_fulldata.csv, execution_date=20240315T191900, start_date=20240315T192004, end_date=20240315T192004
[2024-03-15 19:20:04,625] {taskinstance.py:1265} INFO - 3 downstream tasks scheduled from follow-on schedule check
[2024-03-15 19:20:04,661] {local_task_job.py:151} INFO - Task exited with return code 0
