[2024-03-21 18:49:06,370] {taskinstance.py:896} INFO - Dependencies all met for <TaskInstance: airflow_exam.compute_lr_score 2024-03-21T18:48:00+00:00 [queued]>
[2024-03-21 18:49:06,393] {taskinstance.py:896} INFO - Dependencies all met for <TaskInstance: airflow_exam.compute_lr_score 2024-03-21T18:48:00+00:00 [queued]>
[2024-03-21 18:49:06,393] {taskinstance.py:1087} INFO - 
--------------------------------------------------------------------------------
[2024-03-21 18:49:06,393] {taskinstance.py:1088} INFO - Starting attempt 1 of 1
[2024-03-21 18:49:06,394] {taskinstance.py:1089} INFO - 
--------------------------------------------------------------------------------
[2024-03-21 18:49:06,407] {taskinstance.py:1107} INFO - Executing <Task(PythonOperator): compute_lr_score> on 2024-03-21T18:48:00+00:00
[2024-03-21 18:49:06,419] {standard_task_runner.py:52} INFO - Started process 40587 to run task
[2024-03-21 18:49:06,424] {standard_task_runner.py:76} INFO - Running: ['***', 'tasks', 'run', '***_exam', 'compute_lr_score', '2024-03-21T18:48:00+00:00', '--job-id', '10370', '--pool', 'default_pool', '--raw', '--subdir', 'DAGS_FOLDER/DAG.py', '--cfg-path', '/tmp/tmpie1jra0l', '--error-file', '/tmp/tmpg57eczrn']
[2024-03-21 18:49:06,425] {standard_task_runner.py:77} INFO - Job 10370: Subtask compute_lr_score
[2024-03-21 18:49:06,493] {logging_mixin.py:104} INFO - Running <TaskInstance: ***_exam.compute_lr_score 2024-03-21T18:48:00+00:00 [running]> on host 3a3d0401ac26
[2024-03-21 18:49:06,574] {taskinstance.py:1302} INFO - Exporting the following env vars:
AIRFLOW_CTX_DAG_OWNER=***
AIRFLOW_CTX_DAG_ID=***_exam
AIRFLOW_CTX_TASK_ID=compute_lr_score
AIRFLOW_CTX_EXECUTION_DATE=2024-03-21T18:48:00+00:00
AIRFLOW_CTX_DAG_RUN_ID=scheduled__2024-03-21T18:48:00+00:00
[2024-03-21 18:49:06,895] {python.py:151} INFO - Done. Returned value was: None
[2024-03-21 18:49:06,912] {taskinstance.py:1211} INFO - Marking task as SUCCESS. dag_id=***_exam, task_id=compute_lr_score, execution_date=20240321T184800, start_date=20240321T184906, end_date=20240321T184906
[2024-03-21 18:49:06,982] {taskinstance.py:1265} INFO - 0 downstream tasks scheduled from follow-on schedule check
[2024-03-21 18:49:07,037] {local_task_job.py:151} INFO - Task exited with return code 0
