[2024-04-01 23:28:05,288] {taskinstance.py:896} INFO - Dependencies all met for <TaskInstance: airflow_exam.transform_into_fulldata.csv 2024-04-01T23:27:00+00:00 [queued]>
[2024-04-01 23:28:05,315] {taskinstance.py:896} INFO - Dependencies all met for <TaskInstance: airflow_exam.transform_into_fulldata.csv 2024-04-01T23:27:00+00:00 [queued]>
[2024-04-01 23:28:05,315] {taskinstance.py:1087} INFO - 
--------------------------------------------------------------------------------
[2024-04-01 23:28:05,315] {taskinstance.py:1088} INFO - Starting attempt 1 of 1
[2024-04-01 23:28:05,315] {taskinstance.py:1089} INFO - 
--------------------------------------------------------------------------------
[2024-04-01 23:28:05,346] {taskinstance.py:1107} INFO - Executing <Task(PythonOperator): transform_into_fulldata.csv> on 2024-04-01T23:27:00+00:00
[2024-04-01 23:28:05,365] {standard_task_runner.py:52} INFO - Started process 2078 to run task
[2024-04-01 23:28:05,371] {standard_task_runner.py:76} INFO - Running: ['***', 'tasks', 'run', '***_exam', 'transform_into_fulldata.csv', '2024-04-01T23:27:00+00:00', '--job-id', '11270', '--pool', 'default_pool', '--raw', '--subdir', 'DAGS_FOLDER/DAG.py', '--cfg-path', '/tmp/tmp4pcr64v6', '--error-file', '/tmp/tmp7isnxd7_']
[2024-04-01 23:28:05,373] {standard_task_runner.py:77} INFO - Job 11270: Subtask transform_into_fulldata.csv
[2024-04-01 23:28:05,523] {logging_mixin.py:104} INFO - Running <TaskInstance: ***_exam.transform_into_fulldata.csv 2024-04-01T23:27:00+00:00 [running]> on host 3a3d0401ac26
[2024-04-01 23:28:05,680] {taskinstance.py:1302} INFO - Exporting the following env vars:
AIRFLOW_CTX_DAG_OWNER=***
AIRFLOW_CTX_DAG_ID=***_exam
AIRFLOW_CTX_TASK_ID=transform_into_fulldata.csv
AIRFLOW_CTX_EXECUTION_DATE=2024-04-01T23:27:00+00:00
AIRFLOW_CTX_DAG_RUN_ID=scheduled__2024-04-01T23:27:00+00:00
[2024-04-01 23:28:05,932] {logging_mixin.py:104} INFO - 
[2024-04-01 23:28:06,000] {logging_mixin.py:104} INFO -     temperature        city  pression              date
0       282.53       Paris      1005  2024-04-01 23:28
1       282.56      London       997  2024-04-01 23:28
2       293.04  Washington      1015  2024-04-01 23:28
3       282.53       Paris      1005  2024-04-01 23:27
4       282.56      London       997  2024-04-01 23:27
5       293.04  Washington      1015  2024-04-01 23:27
6       282.53       Paris      1005  2024-04-01 23:26
7       282.44      London       997  2024-04-01 23:26
8       293.04  Washington      1015  2024-04-01 23:26
9       282.53       Paris      1005  2024-04-01 23:25
[2024-04-01 23:28:06,051] {python.py:151} INFO - Done. Returned value was: None
[2024-04-01 23:28:06,092] {taskinstance.py:1211} INFO - Marking task as SUCCESS. dag_id=***_exam, task_id=transform_into_fulldata.csv, execution_date=20240401T232700, start_date=20240401T232805, end_date=20240401T232806
[2024-04-01 23:28:06,207] {taskinstance.py:1265} INFO - 3 downstream tasks scheduled from follow-on schedule check
[2024-04-01 23:28:06,245] {local_task_job.py:151} INFO - Task exited with return code 0
