[2024-03-15 22:19:04,360] {taskinstance.py:896} INFO - Dependencies all met for <TaskInstance: airflow_exam.transform_into_data.csv 2024-03-15T22:18:00+00:00 [queued]>
[2024-03-15 22:19:04,390] {taskinstance.py:896} INFO - Dependencies all met for <TaskInstance: airflow_exam.transform_into_data.csv 2024-03-15T22:18:00+00:00 [queued]>
[2024-03-15 22:19:04,391] {taskinstance.py:1087} INFO - 
--------------------------------------------------------------------------------
[2024-03-15 22:19:04,391] {taskinstance.py:1088} INFO - Starting attempt 1 of 1
[2024-03-15 22:19:04,391] {taskinstance.py:1089} INFO - 
--------------------------------------------------------------------------------
[2024-03-15 22:19:04,407] {taskinstance.py:1107} INFO - Executing <Task(PythonOperator): transform_into_data.csv> on 2024-03-15T22:18:00+00:00
[2024-03-15 22:19:04,418] {standard_task_runner.py:52} INFO - Started process 75417 to run task
[2024-03-15 22:19:04,423] {standard_task_runner.py:76} INFO - Running: ['***', 'tasks', 'run', '***_exam', 'transform_into_data.csv', '2024-03-15T22:18:00+00:00', '--job-id', '4372', '--pool', 'default_pool', '--raw', '--subdir', 'DAGS_FOLDER/DAG.py', '--cfg-path', '/tmp/tmpmw8_4jce', '--error-file', '/tmp/tmp37j1qbif']
[2024-03-15 22:19:04,423] {standard_task_runner.py:77} INFO - Job 4372: Subtask transform_into_data.csv
[2024-03-15 22:19:04,488] {logging_mixin.py:104} INFO - Running <TaskInstance: ***_exam.transform_into_data.csv 2024-03-15T22:18:00+00:00 [running]> on host 3a3d0401ac26
[2024-03-15 22:19:04,584] {taskinstance.py:1302} INFO - Exporting the following env vars:
AIRFLOW_CTX_DAG_OWNER=***
AIRFLOW_CTX_DAG_ID=***_exam
AIRFLOW_CTX_TASK_ID=transform_into_data.csv
AIRFLOW_CTX_EXECUTION_DATE=2024-03-15T22:18:00+00:00
AIRFLOW_CTX_DAG_RUN_ID=scheduled__2024-03-15T22:18:00+00:00
[2024-03-15 22:19:04,593] {logging_mixin.py:104} INFO - 
[2024-03-15 22:19:04,627] {logging_mixin.py:104} INFO -     temperature        city  pression              date
0       285.35       Paris      1014  2024-03-15 22:19
1       283.11      London      1010  2024-03-15 22:19
2       288.64  Washington      1022  2024-03-15 22:19
3       285.35       Paris      1014  2024-03-15 22:18
4       283.11      London      1010  2024-03-15 22:18
5       288.64  Washington      1022  2024-03-15 22:18
6       285.35       Paris      1014  2024-03-15 22:17
7       283.11      London      1010  2024-03-15 22:17
8       288.64  Washington      1022  2024-03-15 22:17
9       285.35       Paris      1014  2024-03-15 22:16
[2024-03-15 22:19:04,638] {python.py:151} INFO - Done. Returned value was: None
[2024-03-15 22:19:04,657] {taskinstance.py:1211} INFO - Marking task as SUCCESS. dag_id=***_exam, task_id=transform_into_data.csv, execution_date=20240315T221800, start_date=20240315T221904, end_date=20240315T221904
[2024-03-15 22:19:04,705] {taskinstance.py:1265} INFO - 0 downstream tasks scheduled from follow-on schedule check
[2024-03-15 22:19:04,754] {local_task_job.py:151} INFO - Task exited with return code 0
