[2024-03-16 00:58:05,062] {taskinstance.py:896} INFO - Dependencies all met for <TaskInstance: airflow_exam.transform_into_data.csv 2024-03-16T00:57:00+00:00 [queued]>
[2024-03-16 00:58:05,091] {taskinstance.py:896} INFO - Dependencies all met for <TaskInstance: airflow_exam.transform_into_data.csv 2024-03-16T00:57:00+00:00 [queued]>
[2024-03-16 00:58:05,091] {taskinstance.py:1087} INFO - 
--------------------------------------------------------------------------------
[2024-03-16 00:58:05,091] {taskinstance.py:1088} INFO - Starting attempt 1 of 1
[2024-03-16 00:58:05,092] {taskinstance.py:1089} INFO - 
--------------------------------------------------------------------------------
[2024-03-16 00:58:05,107] {taskinstance.py:1107} INFO - Executing <Task(PythonOperator): transform_into_data.csv> on 2024-03-16T00:57:00+00:00
[2024-03-16 00:58:05,117] {standard_task_runner.py:52} INFO - Started process 108080 to run task
[2024-03-16 00:58:05,122] {standard_task_runner.py:76} INFO - Running: ['***', 'tasks', 'run', '***_exam', 'transform_into_data.csv', '2024-03-16T00:57:00+00:00', '--job-id', '5477', '--pool', 'default_pool', '--raw', '--subdir', 'DAGS_FOLDER/DAG.py', '--cfg-path', '/tmp/tmpdm9n3_mp', '--error-file', '/tmp/tmp6y90h8fq']
[2024-03-16 00:58:05,123] {standard_task_runner.py:77} INFO - Job 5477: Subtask transform_into_data.csv
[2024-03-16 00:58:05,193] {logging_mixin.py:104} INFO - Running <TaskInstance: ***_exam.transform_into_data.csv 2024-03-16T00:57:00+00:00 [running]> on host 3a3d0401ac26
[2024-03-16 00:58:05,290] {taskinstance.py:1302} INFO - Exporting the following env vars:
AIRFLOW_CTX_DAG_OWNER=***
AIRFLOW_CTX_DAG_ID=***_exam
AIRFLOW_CTX_TASK_ID=transform_into_data.csv
AIRFLOW_CTX_EXECUTION_DATE=2024-03-16T00:57:00+00:00
AIRFLOW_CTX_DAG_RUN_ID=scheduled__2024-03-16T00:57:00+00:00
[2024-03-16 00:58:05,301] {logging_mixin.py:104} INFO - 
[2024-03-16 00:58:05,334] {logging_mixin.py:104} INFO -     temperature        city  pression              date
0       284.61       Paris      1016  2024-03-16 00:58
1       281.36      London      1013  2024-03-16 00:58
2       286.75  Washington      1021  2024-03-16 00:58
3       284.61       Paris      1016  2024-03-16 00:57
4       281.14      London      1014  2024-03-16 00:57
5       287.46  Washington      1021  2024-03-16 00:57
6       284.61       Paris      1016  2024-03-16 00:56
7       281.14      London      1014  2024-03-16 00:56
8       287.46  Washington      1021  2024-03-16 00:56
9       284.61       Paris      1016  2024-03-16 00:55
[2024-03-16 00:58:05,340] {python.py:151} INFO - Done. Returned value was: None
[2024-03-16 00:58:05,360] {taskinstance.py:1211} INFO - Marking task as SUCCESS. dag_id=***_exam, task_id=transform_into_data.csv, execution_date=20240316T005700, start_date=20240316T005805, end_date=20240316T005805
[2024-03-16 00:58:05,413] {taskinstance.py:1265} INFO - 0 downstream tasks scheduled from follow-on schedule check
[2024-03-16 00:58:05,453] {local_task_job.py:151} INFO - Task exited with return code 0
