[2024-03-15 17:42:04,961] {taskinstance.py:896} INFO - Dependencies all met for <TaskInstance: airflow_exam.transform_into_fulldata.csv 2024-03-15T17:41:00+00:00 [queued]>
[2024-03-15 17:42:04,988] {taskinstance.py:896} INFO - Dependencies all met for <TaskInstance: airflow_exam.transform_into_fulldata.csv 2024-03-15T17:41:00+00:00 [queued]>
[2024-03-15 17:42:04,988] {taskinstance.py:1087} INFO - 
--------------------------------------------------------------------------------
[2024-03-15 17:42:04,988] {taskinstance.py:1088} INFO - Starting attempt 1 of 1
[2024-03-15 17:42:04,988] {taskinstance.py:1089} INFO - 
--------------------------------------------------------------------------------
[2024-03-15 17:42:05,004] {taskinstance.py:1107} INFO - Executing <Task(PythonOperator): transform_into_fulldata.csv> on 2024-03-15T17:41:00+00:00
[2024-03-15 17:42:05,015] {standard_task_runner.py:52} INFO - Started process 36778 to run task
[2024-03-15 17:42:05,020] {standard_task_runner.py:76} INFO - Running: ['***', 'tasks', 'run', '***_exam', 'transform_into_fulldata.csv', '2024-03-15T17:41:00+00:00', '--job-id', '3026', '--pool', 'default_pool', '--raw', '--subdir', 'DAGS_FOLDER/DAG.py', '--cfg-path', '/tmp/tmpo3_g6jlh', '--error-file', '/tmp/tmpar038nqp']
[2024-03-15 17:42:05,021] {standard_task_runner.py:77} INFO - Job 3026: Subtask transform_into_fulldata.csv
[2024-03-15 17:42:05,083] {logging_mixin.py:104} INFO - Running <TaskInstance: ***_exam.transform_into_fulldata.csv 2024-03-15T17:41:00+00:00 [running]> on host 3a3d0401ac26
[2024-03-15 17:42:05,164] {taskinstance.py:1302} INFO - Exporting the following env vars:
AIRFLOW_CTX_DAG_OWNER=***
AIRFLOW_CTX_DAG_ID=***_exam
AIRFLOW_CTX_TASK_ID=transform_into_fulldata.csv
AIRFLOW_CTX_EXECUTION_DATE=2024-03-15T17:41:00+00:00
AIRFLOW_CTX_DAG_RUN_ID=scheduled__2024-03-15T17:41:00+00:00
[2024-03-15 17:42:05,206] {logging_mixin.py:104} INFO - 
[2024-03-15 17:42:05,240] {logging_mixin.py:104} INFO -     temperature        city  pression              date
0       287.07       Paris      1011  2024-03-15 17:42
1       286.17      London      1005  2024-03-15 17:42
2       280.79  Washington      1026  2024-03-15 17:42
3       287.07       Paris      1011  2024-03-15 17:41
4       286.17      London      1005  2024-03-15 17:41
5       280.79  Washington      1026  2024-03-15 17:41
6       287.07       Paris      1011  2024-03-15 17:40
7       286.17      London      1005  2024-03-15 17:40
8       280.79  Washington      1026  2024-03-15 17:40
9       287.09       Paris      1011  2024-03-15 17:39
[2024-03-15 17:42:05,250] {python.py:151} INFO - Done. Returned value was: None
[2024-03-15 17:42:05,266] {taskinstance.py:1211} INFO - Marking task as SUCCESS. dag_id=***_exam, task_id=transform_into_fulldata.csv, execution_date=20240315T174100, start_date=20240315T174204, end_date=20240315T174205
[2024-03-15 17:42:05,317] {taskinstance.py:1265} INFO - 3 downstream tasks scheduled from follow-on schedule check
[2024-03-15 17:42:05,352] {local_task_job.py:151} INFO - Task exited with return code 0
