[2024-03-15 21:55:03,840] {taskinstance.py:896} INFO - Dependencies all met for <TaskInstance: airflow_exam.transform_into_fulldata.csv 2024-03-15T21:54:00+00:00 [queued]>
[2024-03-15 21:55:03,864] {taskinstance.py:896} INFO - Dependencies all met for <TaskInstance: airflow_exam.transform_into_fulldata.csv 2024-03-15T21:54:00+00:00 [queued]>
[2024-03-15 21:55:03,865] {taskinstance.py:1087} INFO - 
--------------------------------------------------------------------------------
[2024-03-15 21:55:03,865] {taskinstance.py:1088} INFO - Starting attempt 1 of 1
[2024-03-15 21:55:03,865] {taskinstance.py:1089} INFO - 
--------------------------------------------------------------------------------
[2024-03-15 21:55:03,881] {taskinstance.py:1107} INFO - Executing <Task(PythonOperator): transform_into_fulldata.csv> on 2024-03-15T21:54:00+00:00
[2024-03-15 21:55:03,892] {standard_task_runner.py:52} INFO - Started process 70514 to run task
[2024-03-15 21:55:03,896] {standard_task_runner.py:76} INFO - Running: ['***', 'tasks', 'run', '***_exam', 'transform_into_fulldata.csv', '2024-03-15T21:54:00+00:00', '--job-id', '4204', '--pool', 'default_pool', '--raw', '--subdir', 'DAGS_FOLDER/DAG.py', '--cfg-path', '/tmp/tmpae050epd', '--error-file', '/tmp/tmpef215p26']
[2024-03-15 21:55:03,897] {standard_task_runner.py:77} INFO - Job 4204: Subtask transform_into_fulldata.csv
[2024-03-15 21:55:03,952] {logging_mixin.py:104} INFO - Running <TaskInstance: ***_exam.transform_into_fulldata.csv 2024-03-15T21:54:00+00:00 [running]> on host 3a3d0401ac26
[2024-03-15 21:55:04,024] {taskinstance.py:1302} INFO - Exporting the following env vars:
AIRFLOW_CTX_DAG_OWNER=***
AIRFLOW_CTX_DAG_ID=***_exam
AIRFLOW_CTX_TASK_ID=transform_into_fulldata.csv
AIRFLOW_CTX_EXECUTION_DATE=2024-03-15T21:54:00+00:00
AIRFLOW_CTX_DAG_RUN_ID=scheduled__2024-03-15T21:54:00+00:00
[2024-03-15 21:55:04,088] {logging_mixin.py:104} INFO - 
[2024-03-15 21:55:04,120] {logging_mixin.py:104} INFO -     temperature        city  pression              date
0       285.48       Paris      1014  2024-03-15 21:55
1       283.50      London      1010  2024-03-15 21:55
2       288.04  Washington      1022  2024-03-15 21:55
3       285.40       Paris      1014  2024-03-15 21:54
4       283.50      London      1010  2024-03-15 21:54
5       288.04  Washington      1022  2024-03-15 21:54
6       285.40       Paris      1014  2024-03-15 21:53
7       283.50      London      1010  2024-03-15 21:53
8       288.04  Washington      1022  2024-03-15 21:53
9       285.40       Paris      1014  2024-03-15 21:52
[2024-03-15 21:55:04,130] {python.py:151} INFO - Done. Returned value was: None
[2024-03-15 21:55:04,146] {taskinstance.py:1211} INFO - Marking task as SUCCESS. dag_id=***_exam, task_id=transform_into_fulldata.csv, execution_date=20240315T215400, start_date=20240315T215503, end_date=20240315T215504
[2024-03-15 21:55:04,189] {taskinstance.py:1265} INFO - 3 downstream tasks scheduled from follow-on schedule check
[2024-03-15 21:55:04,229] {local_task_job.py:151} INFO - Task exited with return code 0
