[2024-03-15 19:24:04,385] {taskinstance.py:896} INFO - Dependencies all met for <TaskInstance: airflow_exam.transform_into_data.csv 2024-03-15T19:23:00+00:00 [queued]>
[2024-03-15 19:24:04,406] {taskinstance.py:896} INFO - Dependencies all met for <TaskInstance: airflow_exam.transform_into_data.csv 2024-03-15T19:23:00+00:00 [queued]>
[2024-03-15 19:24:04,407] {taskinstance.py:1087} INFO - 
--------------------------------------------------------------------------------
[2024-03-15 19:24:04,407] {taskinstance.py:1088} INFO - Starting attempt 1 of 1
[2024-03-15 19:24:04,407] {taskinstance.py:1089} INFO - 
--------------------------------------------------------------------------------
[2024-03-15 19:24:04,420] {taskinstance.py:1107} INFO - Executing <Task(PythonOperator): transform_into_data.csv> on 2024-03-15T19:23:00+00:00
[2024-03-15 19:24:04,430] {standard_task_runner.py:52} INFO - Started process 57363 to run task
[2024-03-15 19:24:04,434] {standard_task_runner.py:76} INFO - Running: ['***', 'tasks', 'run', '***_exam', 'transform_into_data.csv', '2024-03-15T19:23:00+00:00', '--job-id', '3741', '--pool', 'default_pool', '--raw', '--subdir', 'DAGS_FOLDER/DAG.py', '--cfg-path', '/tmp/tmpvrtv4jfl', '--error-file', '/tmp/tmpvmccihd2']
[2024-03-15 19:24:04,434] {standard_task_runner.py:77} INFO - Job 3741: Subtask transform_into_data.csv
[2024-03-15 19:24:04,494] {logging_mixin.py:104} INFO - Running <TaskInstance: ***_exam.transform_into_data.csv 2024-03-15T19:23:00+00:00 [running]> on host 3a3d0401ac26
[2024-03-15 19:24:04,577] {taskinstance.py:1302} INFO - Exporting the following env vars:
AIRFLOW_CTX_DAG_OWNER=***
AIRFLOW_CTX_DAG_ID=***_exam
AIRFLOW_CTX_TASK_ID=transform_into_data.csv
AIRFLOW_CTX_EXECUTION_DATE=2024-03-15T19:23:00+00:00
AIRFLOW_CTX_DAG_RUN_ID=scheduled__2024-03-15T19:23:00+00:00
[2024-03-15 19:24:04,583] {logging_mixin.py:104} INFO - 
[2024-03-15 19:24:04,610] {logging_mixin.py:104} INFO -     temperature        city  pression              date
0       286.54       Paris      1013  2024-03-15 19:24
1       284.94      London      1008  2024-03-15 19:24
2       283.45  Washington      1025  2024-03-15 19:24
3       286.41       Paris      1013  2024-03-15 19:23
4       284.98      London      1008  2024-03-15 19:23
5       283.15  Washington      1025  2024-03-15 19:23
6       286.72       Paris      1012  2024-03-15 19:22
7       284.98      London      1008  2024-03-15 19:22
8       283.15  Washington      1025  2024-03-15 19:22
9       286.72       Paris      1012  2024-03-15 19:21
[2024-03-15 19:24:04,616] {python.py:151} INFO - Done. Returned value was: None
[2024-03-15 19:24:04,629] {taskinstance.py:1211} INFO - Marking task as SUCCESS. dag_id=***_exam, task_id=transform_into_data.csv, execution_date=20240315T192300, start_date=20240315T192404, end_date=20240315T192404
[2024-03-15 19:24:04,664] {taskinstance.py:1265} INFO - 0 downstream tasks scheduled from follow-on schedule check
[2024-03-15 19:24:04,687] {local_task_job.py:151} INFO - Task exited with return code 0
