[2024-03-21 16:55:05,919] {taskinstance.py:896} INFO - Dependencies all met for <TaskInstance: airflow_exam.transform_into_data.csv 2024-03-21T16:54:00+00:00 [queued]>
[2024-03-21 16:55:05,940] {taskinstance.py:896} INFO - Dependencies all met for <TaskInstance: airflow_exam.transform_into_data.csv 2024-03-21T16:54:00+00:00 [queued]>
[2024-03-21 16:55:05,941] {taskinstance.py:1087} INFO - 
--------------------------------------------------------------------------------
[2024-03-21 16:55:05,941] {taskinstance.py:1088} INFO - Starting attempt 1 of 1
[2024-03-21 16:55:05,941] {taskinstance.py:1089} INFO - 
--------------------------------------------------------------------------------
[2024-03-21 16:55:05,956] {taskinstance.py:1107} INFO - Executing <Task(PythonOperator): transform_into_data.csv> on 2024-03-21T16:54:00+00:00
[2024-03-21 16:55:05,967] {standard_task_runner.py:52} INFO - Started process 16021 to run task
[2024-03-21 16:55:05,973] {standard_task_runner.py:76} INFO - Running: ['***', 'tasks', 'run', '***_exam', 'transform_into_data.csv', '2024-03-21T16:54:00+00:00', '--job-id', '9569', '--pool', 'default_pool', '--raw', '--subdir', 'DAGS_FOLDER/DAG.py', '--cfg-path', '/tmp/tmpni081nqy', '--error-file', '/tmp/tmpyropeoeq']
[2024-03-21 16:55:05,973] {standard_task_runner.py:77} INFO - Job 9569: Subtask transform_into_data.csv
[2024-03-21 16:55:06,066] {logging_mixin.py:104} INFO - Running <TaskInstance: ***_exam.transform_into_data.csv 2024-03-21T16:54:00+00:00 [running]> on host 3a3d0401ac26
[2024-03-21 16:55:06,157] {taskinstance.py:1302} INFO - Exporting the following env vars:
AIRFLOW_CTX_DAG_OWNER=***
AIRFLOW_CTX_DAG_ID=***_exam
AIRFLOW_CTX_TASK_ID=transform_into_data.csv
AIRFLOW_CTX_EXECUTION_DATE=2024-03-21T16:54:00+00:00
AIRFLOW_CTX_DAG_RUN_ID=scheduled__2024-03-21T16:54:00+00:00
[2024-03-21 16:55:06,166] {logging_mixin.py:104} INFO - 
[2024-03-21 16:55:06,196] {logging_mixin.py:104} INFO -     temperature        city  pression              date
0       292.10       Paris      1025  2024-03-21 16:55
1       288.94      London      1022  2024-03-21 16:55
2       282.17  Washington      1015  2024-03-21 16:55
3       292.10       Paris      1025  2024-03-21 16:54
4       289.08      London      1022  2024-03-21 16:54
5       281.82  Washington      1015  2024-03-21 16:54
6       292.10       Paris      1025  2024-03-21 16:53
7       289.08      London      1022  2024-03-21 16:53
8       281.82  Washington      1015  2024-03-21 16:53
9       292.10       Paris      1025  2024-03-21 16:52
[2024-03-21 16:55:06,202] {python.py:151} INFO - Done. Returned value was: None
[2024-03-21 16:55:06,218] {taskinstance.py:1211} INFO - Marking task as SUCCESS. dag_id=***_exam, task_id=transform_into_data.csv, execution_date=20240321T165400, start_date=20240321T165505, end_date=20240321T165506
[2024-03-21 16:55:06,264] {taskinstance.py:1265} INFO - 0 downstream tasks scheduled from follow-on schedule check
[2024-03-21 16:55:06,305] {local_task_job.py:151} INFO - Task exited with return code 0
