[2024-03-20 22:45:04,975] {taskinstance.py:896} INFO - Dependencies all met for <TaskInstance: airflow_exam.transform_into_fulldata.csv 2024-03-20T22:44:00+00:00 [queued]>
[2024-03-20 22:45:04,990] {taskinstance.py:896} INFO - Dependencies all met for <TaskInstance: airflow_exam.transform_into_fulldata.csv 2024-03-20T22:44:00+00:00 [queued]>
[2024-03-20 22:45:04,990] {taskinstance.py:1087} INFO - 
--------------------------------------------------------------------------------
[2024-03-20 22:45:04,991] {taskinstance.py:1088} INFO - Starting attempt 1 of 1
[2024-03-20 22:45:04,991] {taskinstance.py:1089} INFO - 
--------------------------------------------------------------------------------
[2024-03-20 22:45:05,008] {taskinstance.py:1107} INFO - Executing <Task(PythonOperator): transform_into_fulldata.csv> on 2024-03-20T22:44:00+00:00
[2024-03-20 22:45:05,017] {standard_task_runner.py:52} INFO - Started process 28154 to run task
[2024-03-20 22:45:05,021] {standard_task_runner.py:76} INFO - Running: ['***', 'tasks', 'run', '***_exam', 'transform_into_fulldata.csv', '2024-03-20T22:44:00+00:00', '--job-id', '7758', '--pool', 'default_pool', '--raw', '--subdir', 'DAGS_FOLDER/DAG.py', '--cfg-path', '/tmp/tmpekht2st5', '--error-file', '/tmp/tmpz9a1v4ui']
[2024-03-20 22:45:05,021] {standard_task_runner.py:77} INFO - Job 7758: Subtask transform_into_fulldata.csv
[2024-03-20 22:45:05,081] {logging_mixin.py:104} INFO - Running <TaskInstance: ***_exam.transform_into_fulldata.csv 2024-03-20T22:44:00+00:00 [running]> on host 3a3d0401ac26
[2024-03-20 22:45:05,161] {taskinstance.py:1302} INFO - Exporting the following env vars:
AIRFLOW_CTX_DAG_OWNER=***
AIRFLOW_CTX_DAG_ID=***_exam
AIRFLOW_CTX_TASK_ID=transform_into_fulldata.csv
AIRFLOW_CTX_EXECUTION_DATE=2024-03-20T22:44:00+00:00
AIRFLOW_CTX_DAG_RUN_ID=scheduled__2024-03-20T22:44:00+00:00
[2024-03-20 22:45:05,279] {logging_mixin.py:104} INFO - 
[2024-03-20 22:45:05,307] {logging_mixin.py:104} INFO -     temperature        city  pression              date
0       286.53       Paris      1020  2024-03-20 22:45
1       285.19      London      1022  2024-03-20 22:45
2       290.25  Washington      1007  2024-03-20 22:45
3       286.53       Paris      1020  2024-03-20 22:44
4       285.19      London      1022  2024-03-20 22:44
5       290.25  Washington      1007  2024-03-20 22:44
6       286.53       Paris      1020  2024-03-20 22:43
7       285.18      London      1022  2024-03-20 22:43
8       290.46  Washington      1007  2024-03-20 22:43
9       286.53       Paris      1020  2024-03-20 22:42
[2024-03-20 22:45:05,325] {python.py:151} INFO - Done. Returned value was: None
[2024-03-20 22:45:05,342] {taskinstance.py:1211} INFO - Marking task as SUCCESS. dag_id=***_exam, task_id=transform_into_fulldata.csv, execution_date=20240320T224400, start_date=20240320T224504, end_date=20240320T224505
[2024-03-20 22:45:05,385] {taskinstance.py:1265} INFO - 3 downstream tasks scheduled from follow-on schedule check
[2024-03-20 22:45:05,434] {local_task_job.py:151} INFO - Task exited with return code 0
