[2024-03-21 16:42:07,679] {taskinstance.py:896} INFO - Dependencies all met for <TaskInstance: airflow_exam.transform_into_data.csv 2024-03-21T16:41:00+00:00 [queued]>
[2024-03-21 16:42:07,716] {taskinstance.py:896} INFO - Dependencies all met for <TaskInstance: airflow_exam.transform_into_data.csv 2024-03-21T16:41:00+00:00 [queued]>
[2024-03-21 16:42:07,716] {taskinstance.py:1087} INFO - 
--------------------------------------------------------------------------------
[2024-03-21 16:42:07,716] {taskinstance.py:1088} INFO - Starting attempt 1 of 1
[2024-03-21 16:42:07,716] {taskinstance.py:1089} INFO - 
--------------------------------------------------------------------------------
[2024-03-21 16:42:07,735] {taskinstance.py:1107} INFO - Executing <Task(PythonOperator): transform_into_data.csv> on 2024-03-21T16:41:00+00:00
[2024-03-21 16:42:07,749] {standard_task_runner.py:52} INFO - Started process 13198 to run task
[2024-03-21 16:42:07,755] {standard_task_runner.py:76} INFO - Running: ['***', 'tasks', 'run', '***_exam', 'transform_into_data.csv', '2024-03-21T16:41:00+00:00', '--job-id', '9478', '--pool', 'default_pool', '--raw', '--subdir', 'DAGS_FOLDER/DAG.py', '--cfg-path', '/tmp/tmpic1d5wdc', '--error-file', '/tmp/tmp7gj5s2re']
[2024-03-21 16:42:07,756] {standard_task_runner.py:77} INFO - Job 9478: Subtask transform_into_data.csv
[2024-03-21 16:42:07,842] {logging_mixin.py:104} INFO - Running <TaskInstance: ***_exam.transform_into_data.csv 2024-03-21T16:41:00+00:00 [running]> on host 3a3d0401ac26
[2024-03-21 16:42:07,937] {taskinstance.py:1302} INFO - Exporting the following env vars:
AIRFLOW_CTX_DAG_OWNER=***
AIRFLOW_CTX_DAG_ID=***_exam
AIRFLOW_CTX_TASK_ID=transform_into_data.csv
AIRFLOW_CTX_EXECUTION_DATE=2024-03-21T16:41:00+00:00
AIRFLOW_CTX_DAG_RUN_ID=scheduled__2024-03-21T16:41:00+00:00
[2024-03-21 16:42:07,951] {logging_mixin.py:104} INFO - 
[2024-03-21 16:42:07,990] {logging_mixin.py:104} INFO -     temperature        city  pression              date
0       292.30       Paris      1025  2024-03-21 16:42
1       289.25      London      1022  2024-03-21 16:42
2       281.84  Washington      1015  2024-03-21 16:42
3       292.30       Paris      1025  2024-03-21 16:41
4       289.25      London      1022  2024-03-21 16:41
5       281.84  Washington      1015  2024-03-21 16:41
6       292.52       Paris      1025  2024-03-21 16:40
7       289.14      London      1022  2024-03-21 16:40
8       281.76  Washington      1015  2024-03-21 16:40
9       292.52       Paris      1025  2024-03-21 16:39
[2024-03-21 16:42:07,997] {python.py:151} INFO - Done. Returned value was: None
[2024-03-21 16:42:08,017] {taskinstance.py:1211} INFO - Marking task as SUCCESS. dag_id=***_exam, task_id=transform_into_data.csv, execution_date=20240321T164100, start_date=20240321T164207, end_date=20240321T164208
[2024-03-21 16:42:08,068] {taskinstance.py:1265} INFO - 0 downstream tasks scheduled from follow-on schedule check
[2024-03-21 16:42:08,088] {local_task_job.py:151} INFO - Task exited with return code 0
