[2024-03-16 02:55:05,240] {taskinstance.py:896} INFO - Dependencies all met for <TaskInstance: airflow_exam.transform_into_data.csv 2024-03-16T02:54:00+00:00 [queued]>
[2024-03-16 02:55:05,267] {taskinstance.py:896} INFO - Dependencies all met for <TaskInstance: airflow_exam.transform_into_data.csv 2024-03-16T02:54:00+00:00 [queued]>
[2024-03-16 02:55:05,268] {taskinstance.py:1087} INFO - 
--------------------------------------------------------------------------------
[2024-03-16 02:55:05,268] {taskinstance.py:1088} INFO - Starting attempt 1 of 1
[2024-03-16 02:55:05,268] {taskinstance.py:1089} INFO - 
--------------------------------------------------------------------------------
[2024-03-16 02:55:05,283] {taskinstance.py:1107} INFO - Executing <Task(PythonOperator): transform_into_data.csv> on 2024-03-16T02:54:00+00:00
[2024-03-16 02:55:05,293] {standard_task_runner.py:52} INFO - Started process 133202 to run task
[2024-03-16 02:55:05,298] {standard_task_runner.py:76} INFO - Running: ['***', 'tasks', 'run', '***_exam', 'transform_into_data.csv', '2024-03-16T02:54:00+00:00', '--job-id', '6296', '--pool', 'default_pool', '--raw', '--subdir', 'DAGS_FOLDER/DAG.py', '--cfg-path', '/tmp/tmpk1nuqh8_', '--error-file', '/tmp/tmpzwdyn3az']
[2024-03-16 02:55:05,298] {standard_task_runner.py:77} INFO - Job 6296: Subtask transform_into_data.csv
[2024-03-16 02:55:05,357] {logging_mixin.py:104} INFO - Running <TaskInstance: ***_exam.transform_into_data.csv 2024-03-16T02:54:00+00:00 [running]> on host 3a3d0401ac26
[2024-03-16 02:55:05,425] {taskinstance.py:1302} INFO - Exporting the following env vars:
AIRFLOW_CTX_DAG_OWNER=***
AIRFLOW_CTX_DAG_ID=***_exam
AIRFLOW_CTX_TASK_ID=transform_into_data.csv
AIRFLOW_CTX_EXECUTION_DATE=2024-03-16T02:54:00+00:00
AIRFLOW_CTX_DAG_RUN_ID=scheduled__2024-03-16T02:54:00+00:00
[2024-03-16 02:55:05,432] {logging_mixin.py:104} INFO - 
[2024-03-16 02:55:05,454] {logging_mixin.py:104} INFO -     temperature        city  pression              date
0       284.22       Paris      1017  2024-03-16 02:55
1       281.32      London      1015  2024-03-16 02:55
2       281.53  Washington      1023  2024-03-16 02:55
3       284.22       Paris      1017  2024-03-16 02:54
4       281.37      London      1015  2024-03-16 02:54
5       281.53  Washington      1023  2024-03-16 02:54
6       284.22       Paris      1017  2024-03-16 02:53
7       281.32      London      1015  2024-03-16 02:53
8       281.53  Washington      1023  2024-03-16 02:53
9       284.22       Paris      1017  2024-03-16 02:52
[2024-03-16 02:55:05,458] {python.py:151} INFO - Done. Returned value was: None
[2024-03-16 02:55:05,471] {taskinstance.py:1211} INFO - Marking task as SUCCESS. dag_id=***_exam, task_id=transform_into_data.csv, execution_date=20240316T025400, start_date=20240316T025505, end_date=20240316T025505
[2024-03-16 02:55:05,504] {taskinstance.py:1265} INFO - 0 downstream tasks scheduled from follow-on schedule check
[2024-03-16 02:55:05,550] {local_task_job.py:151} INFO - Task exited with return code 0
