[2024-03-21 19:04:05,273] {taskinstance.py:896} INFO - Dependencies all met for <TaskInstance: airflow_exam.transform_into_data.csv 2024-03-21T19:03:00+00:00 [queued]>
[2024-03-21 19:04:05,305] {taskinstance.py:896} INFO - Dependencies all met for <TaskInstance: airflow_exam.transform_into_data.csv 2024-03-21T19:03:00+00:00 [queued]>
[2024-03-21 19:04:05,306] {taskinstance.py:1087} INFO - 
--------------------------------------------------------------------------------
[2024-03-21 19:04:05,306] {taskinstance.py:1088} INFO - Starting attempt 1 of 1
[2024-03-21 19:04:05,306] {taskinstance.py:1089} INFO - 
--------------------------------------------------------------------------------
[2024-03-21 19:04:05,323] {taskinstance.py:1107} INFO - Executing <Task(PythonOperator): transform_into_data.csv> on 2024-03-21T19:03:00+00:00
[2024-03-21 19:04:05,335] {standard_task_runner.py:52} INFO - Started process 43763 to run task
[2024-03-21 19:04:05,341] {standard_task_runner.py:76} INFO - Running: ['***', 'tasks', 'run', '***_exam', 'transform_into_data.csv', '2024-03-21T19:03:00+00:00', '--job-id', '10473', '--pool', 'default_pool', '--raw', '--subdir', 'DAGS_FOLDER/DAG.py', '--cfg-path', '/tmp/tmpcgmg_tfb', '--error-file', '/tmp/tmpr8a1qvyb']
[2024-03-21 19:04:05,342] {standard_task_runner.py:77} INFO - Job 10473: Subtask transform_into_data.csv
[2024-03-21 19:04:05,414] {logging_mixin.py:104} INFO - Running <TaskInstance: ***_exam.transform_into_data.csv 2024-03-21T19:03:00+00:00 [running]> on host 3a3d0401ac26
[2024-03-21 19:04:05,512] {taskinstance.py:1302} INFO - Exporting the following env vars:
AIRFLOW_CTX_DAG_OWNER=***
AIRFLOW_CTX_DAG_ID=***_exam
AIRFLOW_CTX_TASK_ID=transform_into_data.csv
AIRFLOW_CTX_EXECUTION_DATE=2024-03-21T19:03:00+00:00
AIRFLOW_CTX_DAG_RUN_ID=scheduled__2024-03-21T19:03:00+00:00
[2024-03-21 19:04:05,526] {logging_mixin.py:104} INFO - 
[2024-03-21 19:04:05,566] {logging_mixin.py:104} INFO -     temperature        city  pression              date
0       289.14       Paris      1025  2024-03-21 19:04
1       287.23      London      1022  2024-03-21 19:04
2       286.24  Washington      1014  2024-03-21 19:04
3       289.14       Paris      1025  2024-03-21 19:03
4       287.23      London      1022  2024-03-21 19:03
5       286.24  Washington      1014  2024-03-21 19:03
6       289.14       Paris      1025  2024-03-21 19:02
7       287.23      London      1022  2024-03-21 19:02
8       286.24  Washington      1014  2024-03-21 19:02
9       289.13       Paris      1025  2024-03-21 19:01
[2024-03-21 19:04:05,573] {python.py:151} INFO - Done. Returned value was: None
[2024-03-21 19:04:05,589] {taskinstance.py:1211} INFO - Marking task as SUCCESS. dag_id=***_exam, task_id=transform_into_data.csv, execution_date=20240321T190300, start_date=20240321T190405, end_date=20240321T190405
[2024-03-21 19:04:05,633] {taskinstance.py:1265} INFO - 0 downstream tasks scheduled from follow-on schedule check
[2024-03-21 19:04:05,672] {local_task_job.py:151} INFO - Task exited with return code 0
