[2024-03-21 01:32:04,659] {taskinstance.py:896} INFO - Dependencies all met for <TaskInstance: airflow_exam.transform_into_fulldata.csv 2024-03-21T01:31:00+00:00 [queued]>
[2024-03-21 01:32:04,673] {taskinstance.py:896} INFO - Dependencies all met for <TaskInstance: airflow_exam.transform_into_fulldata.csv 2024-03-21T01:31:00+00:00 [queued]>
[2024-03-21 01:32:04,674] {taskinstance.py:1087} INFO - 
--------------------------------------------------------------------------------
[2024-03-21 01:32:04,674] {taskinstance.py:1088} INFO - Starting attempt 1 of 1
[2024-03-21 01:32:04,674] {taskinstance.py:1089} INFO - 
--------------------------------------------------------------------------------
[2024-03-21 01:32:04,693] {taskinstance.py:1107} INFO - Executing <Task(PythonOperator): transform_into_fulldata.csv> on 2024-03-21T01:31:00+00:00
[2024-03-21 01:32:04,702] {standard_task_runner.py:52} INFO - Started process 15374 to run task
[2024-03-21 01:32:04,705] {standard_task_runner.py:76} INFO - Running: ['***', 'tasks', 'run', '***_exam', 'transform_into_fulldata.csv', '2024-03-21T01:31:00+00:00', '--job-id', '8871', '--pool', 'default_pool', '--raw', '--subdir', 'DAGS_FOLDER/DAG.py', '--cfg-path', '/tmp/tmp_dbuhyqc', '--error-file', '/tmp/tmpt4lpy2ar']
[2024-03-21 01:32:04,705] {standard_task_runner.py:77} INFO - Job 8871: Subtask transform_into_fulldata.csv
[2024-03-21 01:32:04,762] {logging_mixin.py:104} INFO - Running <TaskInstance: ***_exam.transform_into_fulldata.csv 2024-03-21T01:31:00+00:00 [running]> on host 3a3d0401ac26
[2024-03-21 01:32:04,827] {taskinstance.py:1302} INFO - Exporting the following env vars:
AIRFLOW_CTX_DAG_OWNER=***
AIRFLOW_CTX_DAG_ID=***_exam
AIRFLOW_CTX_TASK_ID=transform_into_fulldata.csv
AIRFLOW_CTX_EXECUTION_DATE=2024-03-21T01:31:00+00:00
AIRFLOW_CTX_DAG_RUN_ID=scheduled__2024-03-21T01:31:00+00:00
[2024-03-21 01:32:04,931] {logging_mixin.py:104} INFO - 
[2024-03-21 01:32:04,957] {logging_mixin.py:104} INFO -     temperature        city  pression              date
0       285.44       Paris      1021  2024-03-21 01:32
1       283.39      London      1023  2024-03-21 01:32
2       288.07  Washington      1008  2024-03-21 01:32
3       285.44       Paris      1021  2024-03-21 01:31
4       283.39      London      1023  2024-03-21 01:31
5       288.07  Washington      1008  2024-03-21 01:31
6       285.66       Paris      1021  2024-03-21 01:30
7       283.60      London      1023  2024-03-21 01:30
8       288.07  Washington      1008  2024-03-21 01:30
9       285.53       Paris      1021  2024-03-21 01:29
[2024-03-21 01:32:04,973] {python.py:151} INFO - Done. Returned value was: None
[2024-03-21 01:32:04,989] {taskinstance.py:1211} INFO - Marking task as SUCCESS. dag_id=***_exam, task_id=transform_into_fulldata.csv, execution_date=20240321T013100, start_date=20240321T013204, end_date=20240321T013204
[2024-03-21 01:32:05,026] {taskinstance.py:1265} INFO - 3 downstream tasks scheduled from follow-on schedule check
[2024-03-21 01:32:05,042] {local_task_job.py:151} INFO - Task exited with return code 0
