[2024-03-15 23:21:06,002] {taskinstance.py:896} INFO - Dependencies all met for <TaskInstance: airflow_exam.transform_into_fulldata.csv 2024-03-15T23:20:00+00:00 [queued]>
[2024-03-15 23:21:06,035] {taskinstance.py:896} INFO - Dependencies all met for <TaskInstance: airflow_exam.transform_into_fulldata.csv 2024-03-15T23:20:00+00:00 [queued]>
[2024-03-15 23:21:06,035] {taskinstance.py:1087} INFO - 
--------------------------------------------------------------------------------
[2024-03-15 23:21:06,035] {taskinstance.py:1088} INFO - Starting attempt 1 of 1
[2024-03-15 23:21:06,035] {taskinstance.py:1089} INFO - 
--------------------------------------------------------------------------------
[2024-03-15 23:21:06,064] {taskinstance.py:1107} INFO - Executing <Task(PythonOperator): transform_into_fulldata.csv> on 2024-03-15T23:20:00+00:00
[2024-03-15 23:21:06,075] {standard_task_runner.py:52} INFO - Started process 88070 to run task
[2024-03-15 23:21:06,081] {standard_task_runner.py:76} INFO - Running: ['***', 'tasks', 'run', '***_exam', 'transform_into_fulldata.csv', '2024-03-15T23:20:00+00:00', '--job-id', '4806', '--pool', 'default_pool', '--raw', '--subdir', 'DAGS_FOLDER/DAG.py', '--cfg-path', '/tmp/tmp9988twvd', '--error-file', '/tmp/tmpji2v3q4o']
[2024-03-15 23:21:06,081] {standard_task_runner.py:77} INFO - Job 4806: Subtask transform_into_fulldata.csv
[2024-03-15 23:21:06,205] {logging_mixin.py:104} INFO - Running <TaskInstance: ***_exam.transform_into_fulldata.csv 2024-03-15T23:20:00+00:00 [running]> on host 3a3d0401ac26
[2024-03-15 23:21:06,474] {taskinstance.py:1302} INFO - Exporting the following env vars:
AIRFLOW_CTX_DAG_OWNER=***
AIRFLOW_CTX_DAG_ID=***_exam
AIRFLOW_CTX_TASK_ID=transform_into_fulldata.csv
AIRFLOW_CTX_EXECUTION_DATE=2024-03-15T23:20:00+00:00
AIRFLOW_CTX_DAG_RUN_ID=scheduled__2024-03-15T23:20:00+00:00
[2024-03-15 23:21:06,597] {logging_mixin.py:104} INFO - 
[2024-03-15 23:21:06,663] {logging_mixin.py:104} INFO -     temperature        city  pression              date
0       285.10       Paris      1015  2024-03-15 23:21
1       282.23      London      1012  2024-03-15 23:21
2       289.47  Washington      1022  2024-03-15 23:21
3       285.10       Paris      1015  2024-03-15 23:20
4       282.23      London      1012  2024-03-15 23:20
5       289.47  Washington      1022  2024-03-15 23:20
6       285.10       Paris      1015  2024-03-15 23:19
7       282.23      London      1012  2024-03-15 23:19
8       289.47  Washington      1022  2024-03-15 23:19
9       285.10       Paris      1015  2024-03-15 23:18
[2024-03-15 23:21:06,685] {python.py:151} INFO - Done. Returned value was: None
[2024-03-15 23:21:06,713] {taskinstance.py:1211} INFO - Marking task as SUCCESS. dag_id=***_exam, task_id=transform_into_fulldata.csv, execution_date=20240315T232000, start_date=20240315T232106, end_date=20240315T232106
[2024-03-15 23:21:06,782] {taskinstance.py:1265} INFO - 3 downstream tasks scheduled from follow-on schedule check
[2024-03-15 23:21:06,810] {local_task_job.py:151} INFO - Task exited with return code 0
