[2024-03-16 02:29:04,819] {taskinstance.py:896} INFO - Dependencies all met for <TaskInstance: airflow_exam.transform_into_fulldata.csv 2024-03-16T02:28:00+00:00 [queued]>
[2024-03-16 02:29:04,849] {taskinstance.py:896} INFO - Dependencies all met for <TaskInstance: airflow_exam.transform_into_fulldata.csv 2024-03-16T02:28:00+00:00 [queued]>
[2024-03-16 02:29:04,849] {taskinstance.py:1087} INFO - 
--------------------------------------------------------------------------------
[2024-03-16 02:29:04,850] {taskinstance.py:1088} INFO - Starting attempt 1 of 1
[2024-03-16 02:29:04,850] {taskinstance.py:1089} INFO - 
--------------------------------------------------------------------------------
[2024-03-16 02:29:04,864] {taskinstance.py:1107} INFO - Executing <Task(PythonOperator): transform_into_fulldata.csv> on 2024-03-16T02:28:00+00:00
[2024-03-16 02:29:04,874] {standard_task_runner.py:52} INFO - Started process 127634 to run task
[2024-03-16 02:29:04,879] {standard_task_runner.py:76} INFO - Running: ['***', 'tasks', 'run', '***_exam', 'transform_into_fulldata.csv', '2024-03-16T02:28:00+00:00', '--job-id', '6114', '--pool', 'default_pool', '--raw', '--subdir', 'DAGS_FOLDER/DAG.py', '--cfg-path', '/tmp/tmp4xxutk8o', '--error-file', '/tmp/tmpjus43gj1']
[2024-03-16 02:29:04,880] {standard_task_runner.py:77} INFO - Job 6114: Subtask transform_into_fulldata.csv
[2024-03-16 02:29:04,942] {logging_mixin.py:104} INFO - Running <TaskInstance: ***_exam.transform_into_fulldata.csv 2024-03-16T02:28:00+00:00 [running]> on host 3a3d0401ac26
[2024-03-16 02:29:05,025] {taskinstance.py:1302} INFO - Exporting the following env vars:
AIRFLOW_CTX_DAG_OWNER=***
AIRFLOW_CTX_DAG_ID=***_exam
AIRFLOW_CTX_TASK_ID=transform_into_fulldata.csv
AIRFLOW_CTX_EXECUTION_DATE=2024-03-16T02:28:00+00:00
AIRFLOW_CTX_DAG_RUN_ID=scheduled__2024-03-16T02:28:00+00:00
[2024-03-16 02:29:05,138] {logging_mixin.py:104} INFO - 
[2024-03-16 02:29:05,172] {logging_mixin.py:104} INFO -     temperature        city  pression              date
0       284.22       Paris      1017  2024-03-16 02:29
1       281.19      London      1015  2024-03-16 02:29
2       283.95  Washington      1022  2024-03-16 02:29
3       284.22       Paris      1017  2024-03-16 02:28
4       281.19      London      1015  2024-03-16 02:28
5       283.77  Washington      1022  2024-03-16 02:28
6       284.22       Paris      1017  2024-03-16 02:27
7       281.19      London      1015  2024-03-16 02:27
8       283.77  Washington      1022  2024-03-16 02:27
9       284.37       Paris      1017  2024-03-16 02:26
[2024-03-16 02:29:05,193] {python.py:151} INFO - Done. Returned value was: None
[2024-03-16 02:29:05,213] {taskinstance.py:1211} INFO - Marking task as SUCCESS. dag_id=***_exam, task_id=transform_into_fulldata.csv, execution_date=20240316T022800, start_date=20240316T022904, end_date=20240316T022905
[2024-03-16 02:29:05,272] {taskinstance.py:1265} INFO - 3 downstream tasks scheduled from follow-on schedule check
[2024-03-16 02:29:05,291] {local_task_job.py:151} INFO - Task exited with return code 0
