[2023-10-07 16:10:05,585] {taskinstance.py:896} INFO - Dependencies all met for <TaskInstance: airflow_exam.compute_lr_score 2023-10-07T16:09:00+00:00 [queued]>
[2023-10-07 16:10:05,603] {taskinstance.py:896} INFO - Dependencies all met for <TaskInstance: airflow_exam.compute_lr_score 2023-10-07T16:09:00+00:00 [queued]>
[2023-10-07 16:10:05,604] {taskinstance.py:1087} INFO - 
--------------------------------------------------------------------------------
[2023-10-07 16:10:05,604] {taskinstance.py:1088} INFO - Starting attempt 1 of 1
[2023-10-07 16:10:05,604] {taskinstance.py:1089} INFO - 
--------------------------------------------------------------------------------
[2023-10-07 16:10:05,615] {taskinstance.py:1107} INFO - Executing <Task(PythonOperator): compute_lr_score> on 2023-10-07T16:09:00+00:00
[2023-10-07 16:10:05,623] {standard_task_runner.py:52} INFO - Started process 4718 to run task
[2023-10-07 16:10:05,627] {standard_task_runner.py:76} INFO - Running: ['***', 'tasks', 'run', '***_exam', 'compute_lr_score', '2023-10-07T16:09:00+00:00', '--job-id', '1380', '--pool', 'default_pool', '--raw', '--subdir', 'DAGS_FOLDER/DAG.py', '--cfg-path', '/tmp/tmpkt5isxv4', '--error-file', '/tmp/tmpy8o5d7lx']
[2023-10-07 16:10:05,628] {standard_task_runner.py:77} INFO - Job 1380: Subtask compute_lr_score
[2023-10-07 16:10:05,676] {logging_mixin.py:104} INFO - Running <TaskInstance: ***_exam.compute_lr_score 2023-10-07T16:09:00+00:00 [running]> on host 3a3d0401ac26
[2023-10-07 16:10:05,734] {taskinstance.py:1302} INFO - Exporting the following env vars:
AIRFLOW_CTX_DAG_OWNER=***
AIRFLOW_CTX_DAG_ID=***_exam
AIRFLOW_CTX_TASK_ID=compute_lr_score
AIRFLOW_CTX_EXECUTION_DATE=2023-10-07T16:09:00+00:00
AIRFLOW_CTX_DAG_RUN_ID=scheduled__2023-10-07T16:09:00+00:00
[2023-10-07 16:10:05,861] {python.py:151} INFO - Done. Returned value was: None
[2023-10-07 16:10:05,872] {taskinstance.py:1211} INFO - Marking task as SUCCESS. dag_id=***_exam, task_id=compute_lr_score, execution_date=20231007T160900, start_date=20231007T161005, end_date=20231007T161005
[2023-10-07 16:10:05,908] {taskinstance.py:1265} INFO - 0 downstream tasks scheduled from follow-on schedule check
[2023-10-07 16:10:05,918] {local_task_job.py:151} INFO - Task exited with return code 0
