[2024-03-21 17:15:09,091] {taskinstance.py:896} INFO - Dependencies all met for <TaskInstance: airflow_exam.transform_into_fulldata.csv 2024-03-21T17:14:00+00:00 [queued]>
[2024-03-21 17:15:09,145] {taskinstance.py:896} INFO - Dependencies all met for <TaskInstance: airflow_exam.transform_into_fulldata.csv 2024-03-21T17:14:00+00:00 [queued]>
[2024-03-21 17:15:09,145] {taskinstance.py:1087} INFO - 
--------------------------------------------------------------------------------
[2024-03-21 17:15:09,145] {taskinstance.py:1088} INFO - Starting attempt 1 of 1
[2024-03-21 17:15:09,146] {taskinstance.py:1089} INFO - 
--------------------------------------------------------------------------------
[2024-03-21 17:15:09,177] {taskinstance.py:1107} INFO - Executing <Task(PythonOperator): transform_into_fulldata.csv> on 2024-03-21T17:14:00+00:00
[2024-03-21 17:15:09,191] {standard_task_runner.py:52} INFO - Started process 20297 to run task
[2024-03-21 17:15:09,203] {standard_task_runner.py:76} INFO - Running: ['***', 'tasks', 'run', '***_exam', 'transform_into_fulldata.csv', '2024-03-21T17:14:00+00:00', '--job-id', '9709', '--pool', 'default_pool', '--raw', '--subdir', 'DAGS_FOLDER/DAG.py', '--cfg-path', '/tmp/tmprdt2a5ua', '--error-file', '/tmp/tmpnu5my7eb']
[2024-03-21 17:15:09,204] {standard_task_runner.py:77} INFO - Job 9709: Subtask transform_into_fulldata.csv
[2024-03-21 17:15:09,304] {logging_mixin.py:104} INFO - Running <TaskInstance: ***_exam.transform_into_fulldata.csv 2024-03-21T17:14:00+00:00 [running]> on host 3a3d0401ac26
[2024-03-21 17:15:09,469] {taskinstance.py:1302} INFO - Exporting the following env vars:
AIRFLOW_CTX_DAG_OWNER=***
AIRFLOW_CTX_DAG_ID=***_exam
AIRFLOW_CTX_TASK_ID=transform_into_fulldata.csv
AIRFLOW_CTX_EXECUTION_DATE=2024-03-21T17:14:00+00:00
AIRFLOW_CTX_DAG_RUN_ID=scheduled__2024-03-21T17:14:00+00:00
[2024-03-21 17:15:09,715] {logging_mixin.py:104} INFO - 
[2024-03-21 17:15:09,761] {logging_mixin.py:104} INFO -     temperature        city  pression              date
0       291.74       Paris      1025  2024-03-21 17:15
1       288.80      London      1022  2024-03-21 17:15
2       282.55  Washington      1015  2024-03-21 17:15
3       291.74       Paris      1025  2024-03-21 17:14
4       288.80      London      1022  2024-03-21 17:14
5       282.55  Washington      1015  2024-03-21 17:14
6       291.80       Paris      1025  2024-03-21 17:13
7       288.79      London      1022  2024-03-21 17:13
8       282.55  Washington      1015  2024-03-21 17:13
9       291.80       Paris      1025  2024-03-21 17:12
[2024-03-21 17:15:09,792] {python.py:151} INFO - Done. Returned value was: None
[2024-03-21 17:15:09,819] {taskinstance.py:1211} INFO - Marking task as SUCCESS. dag_id=***_exam, task_id=transform_into_fulldata.csv, execution_date=20240321T171400, start_date=20240321T171509, end_date=20240321T171509
[2024-03-21 17:15:09,893] {taskinstance.py:1265} INFO - 3 downstream tasks scheduled from follow-on schedule check
[2024-03-21 17:15:09,950] {local_task_job.py:151} INFO - Task exited with return code 0
