[2024-03-15 15:53:04,711] {taskinstance.py:896} INFO - Dependencies all met for <TaskInstance: airflow_exam.transform_into_data.csv 2024-03-15T15:52:00+00:00 [queued]>
[2024-03-15 15:53:04,741] {taskinstance.py:896} INFO - Dependencies all met for <TaskInstance: airflow_exam.transform_into_data.csv 2024-03-15T15:52:00+00:00 [queued]>
[2024-03-15 15:53:04,741] {taskinstance.py:1087} INFO - 
--------------------------------------------------------------------------------
[2024-03-15 15:53:04,741] {taskinstance.py:1088} INFO - Starting attempt 1 of 1
[2024-03-15 15:53:04,741] {taskinstance.py:1089} INFO - 
--------------------------------------------------------------------------------
[2024-03-15 15:53:04,757] {taskinstance.py:1107} INFO - Executing <Task(PythonOperator): transform_into_data.csv> on 2024-03-15T15:52:00+00:00
[2024-03-15 15:53:04,769] {standard_task_runner.py:52} INFO - Started process 15212 to run task
[2024-03-15 15:53:04,773] {standard_task_runner.py:76} INFO - Running: ['***', 'tasks', 'run', '***_exam', 'transform_into_data.csv', '2024-03-15T15:52:00+00:00', '--job-id', '2263', '--pool', 'default_pool', '--raw', '--subdir', 'DAGS_FOLDER/DAG.py', '--cfg-path', '/tmp/tmpjwgnt2o9', '--error-file', '/tmp/tmpcleja19w']
[2024-03-15 15:53:04,774] {standard_task_runner.py:77} INFO - Job 2263: Subtask transform_into_data.csv
[2024-03-15 15:53:04,842] {logging_mixin.py:104} INFO - Running <TaskInstance: ***_exam.transform_into_data.csv 2024-03-15T15:52:00+00:00 [running]> on host 3a3d0401ac26
[2024-03-15 15:53:04,941] {taskinstance.py:1302} INFO - Exporting the following env vars:
AIRFLOW_CTX_DAG_OWNER=***
AIRFLOW_CTX_DAG_ID=***_exam
AIRFLOW_CTX_TASK_ID=transform_into_data.csv
AIRFLOW_CTX_EXECUTION_DATE=2024-03-15T15:52:00+00:00
AIRFLOW_CTX_DAG_RUN_ID=scheduled__2024-03-15T15:52:00+00:00
[2024-03-15 15:53:04,950] {logging_mixin.py:104} INFO - 
[2024-03-15 15:53:04,984] {logging_mixin.py:104} INFO -     temperature        city  pression              date
0       289.64       Paris      1011  2024-03-15 15:53
1       286.95      London      1004  2024-03-15 15:53
2       282.95  Washington      1027  2024-03-15 15:53
3       289.62       Paris      1011  2024-03-15 15:52
4       286.88      London      1004  2024-03-15 15:52
5       282.32  Washington      1027  2024-03-15 15:52
6       289.62       Paris      1011  2024-03-15 15:51
7       286.88      London      1004  2024-03-15 15:51
8       282.32  Washington      1027  2024-03-15 15:51
9       289.62       Paris      1011  2024-03-15 15:50
[2024-03-15 15:53:04,990] {python.py:151} INFO - Done. Returned value was: None
[2024-03-15 15:53:05,006] {taskinstance.py:1211} INFO - Marking task as SUCCESS. dag_id=***_exam, task_id=transform_into_data.csv, execution_date=20240315T155200, start_date=20240315T155304, end_date=20240315T155305
[2024-03-15 15:53:05,047] {taskinstance.py:1265} INFO - 0 downstream tasks scheduled from follow-on schedule check
[2024-03-15 15:53:05,065] {local_task_job.py:151} INFO - Task exited with return code 0
