[2024-03-20 20:55:04,843] {taskinstance.py:896} INFO - Dependencies all met for <TaskInstance: airflow_exam.transform_into_data.csv 2024-03-20T20:54:00+00:00 [queued]>
[2024-03-20 20:55:04,863] {taskinstance.py:896} INFO - Dependencies all met for <TaskInstance: airflow_exam.transform_into_data.csv 2024-03-20T20:54:00+00:00 [queued]>
[2024-03-20 20:55:04,863] {taskinstance.py:1087} INFO - 
--------------------------------------------------------------------------------
[2024-03-20 20:55:04,864] {taskinstance.py:1088} INFO - Starting attempt 1 of 1
[2024-03-20 20:55:04,864] {taskinstance.py:1089} INFO - 
--------------------------------------------------------------------------------
[2024-03-20 20:55:04,889] {taskinstance.py:1107} INFO - Executing <Task(PythonOperator): transform_into_data.csv> on 2024-03-20T20:54:00+00:00
[2024-03-20 20:55:04,901] {standard_task_runner.py:52} INFO - Started process 5336 to run task
[2024-03-20 20:55:04,908] {standard_task_runner.py:76} INFO - Running: ['***', 'tasks', 'run', '***_exam', 'transform_into_data.csv', '2024-03-20T20:54:00+00:00', '--job-id', '7003', '--pool', 'default_pool', '--raw', '--subdir', 'DAGS_FOLDER/DAG.py', '--cfg-path', '/tmp/tmpxnm01v6z', '--error-file', '/tmp/tmpv7pjest0']
[2024-03-20 20:55:04,908] {standard_task_runner.py:77} INFO - Job 7003: Subtask transform_into_data.csv
[2024-03-20 20:55:04,983] {logging_mixin.py:104} INFO - Running <TaskInstance: ***_exam.transform_into_data.csv 2024-03-20T20:54:00+00:00 [running]> on host 3a3d0401ac26
[2024-03-20 20:55:05,093] {taskinstance.py:1302} INFO - Exporting the following env vars:
AIRFLOW_CTX_DAG_OWNER=***
AIRFLOW_CTX_DAG_ID=***_exam
AIRFLOW_CTX_TASK_ID=transform_into_data.csv
AIRFLOW_CTX_EXECUTION_DATE=2024-03-20T20:54:00+00:00
AIRFLOW_CTX_DAG_RUN_ID=scheduled__2024-03-20T20:54:00+00:00
[2024-03-20 20:55:05,101] {logging_mixin.py:104} INFO - 
[2024-03-20 20:55:05,138] {logging_mixin.py:104} INFO -     temperature        city  pression              date
0       286.56       Paris      1019  2024-03-20 20:55
1       286.45      London      1020  2024-03-20 20:55
2       290.55  Washington      1008  2024-03-20 20:55
3       286.56       Paris      1019  2024-03-20 20:54
4       286.66      London      1020  2024-03-20 20:54
5       290.55  Washington      1008  2024-03-20 20:54
6       286.56       Paris      1019  2024-03-20 20:53
7       286.66      London      1020  2024-03-20 20:53
8       290.40  Washington      1008  2024-03-20 20:53
9       286.56       Paris      1019  2024-03-20 20:52
[2024-03-20 20:55:05,145] {python.py:151} INFO - Done. Returned value was: None
[2024-03-20 20:55:05,162] {taskinstance.py:1211} INFO - Marking task as SUCCESS. dag_id=***_exam, task_id=transform_into_data.csv, execution_date=20240320T205400, start_date=20240320T205504, end_date=20240320T205505
[2024-03-20 20:55:05,208] {taskinstance.py:1265} INFO - 0 downstream tasks scheduled from follow-on schedule check
[2024-03-20 20:55:05,239] {local_task_job.py:151} INFO - Task exited with return code 0
