[2023-10-06 20:04:03,132] {taskinstance.py:896} INFO - Dependencies all met for <TaskInstance: airflow_exam.transform_into_fulldata.csv 2023-10-06T20:03:00+00:00 [queued]>
[2023-10-06 20:04:03,144] {taskinstance.py:896} INFO - Dependencies all met for <TaskInstance: airflow_exam.transform_into_fulldata.csv 2023-10-06T20:03:00+00:00 [queued]>
[2023-10-06 20:04:03,144] {taskinstance.py:1087} INFO - 
--------------------------------------------------------------------------------
[2023-10-06 20:04:03,144] {taskinstance.py:1088} INFO - Starting attempt 1 of 1
[2023-10-06 20:04:03,144] {taskinstance.py:1089} INFO - 
--------------------------------------------------------------------------------
[2023-10-06 20:04:03,160] {taskinstance.py:1107} INFO - Executing <Task(PythonOperator): transform_into_fulldata.csv> on 2023-10-06T20:03:00+00:00
[2023-10-06 20:04:03,166] {standard_task_runner.py:52} INFO - Started process 11935 to run task
[2023-10-06 20:04:03,169] {standard_task_runner.py:76} INFO - Running: ['***', 'tasks', 'run', '***_exam', 'transform_into_fulldata.csv', '2023-10-06T20:03:00+00:00', '--job-id', '699', '--pool', 'default_pool', '--raw', '--subdir', 'DAGS_FOLDER/DAG.py', '--cfg-path', '/tmp/tmprc5j_xy6', '--error-file', '/tmp/tmpv9u2wd9o']
[2023-10-06 20:04:03,169] {standard_task_runner.py:77} INFO - Job 699: Subtask transform_into_fulldata.csv
[2023-10-06 20:04:03,209] {logging_mixin.py:104} INFO - Running <TaskInstance: ***_exam.transform_into_fulldata.csv 2023-10-06T20:03:00+00:00 [running]> on host 3a3d0401ac26
[2023-10-06 20:04:03,279] {taskinstance.py:1302} INFO - Exporting the following env vars:
AIRFLOW_CTX_DAG_OWNER=***
AIRFLOW_CTX_DAG_ID=***_exam
AIRFLOW_CTX_TASK_ID=transform_into_fulldata.csv
AIRFLOW_CTX_EXECUTION_DATE=2023-10-06T20:03:00+00:00
AIRFLOW_CTX_DAG_RUN_ID=scheduled__2023-10-06T20:03:00+00:00
[2023-10-06 20:04:03,294] {logging_mixin.py:104} INFO - 
[2023-10-06 20:04:03,318] {logging_mixin.py:104} INFO -     temperature        city  pression              date
0       288.25       Paris      1026  2023-10-06 20:04
1       290.12      London      1023  2023-10-06 20:04
2       293.21  Washington      1024  2023-10-06 20:04
3       288.25       Paris      1026  2023-10-06 20:03
4       290.12      London      1023  2023-10-06 20:03
5       293.21  Washington      1024  2023-10-06 20:03
6       288.25       Paris      1026  2023-10-06 20:02
7       290.12      London      1023  2023-10-06 20:02
8       293.21  Washington      1024  2023-10-06 20:02
9       288.25       Paris      1026  2023-10-06 20:01
[2023-10-06 20:04:03,323] {python.py:151} INFO - Done. Returned value was: None
[2023-10-06 20:04:03,348] {taskinstance.py:1211} INFO - Marking task as SUCCESS. dag_id=***_exam, task_id=transform_into_fulldata.csv, execution_date=20231006T200300, start_date=20231006T200403, end_date=20231006T200403
[2023-10-06 20:04:03,391] {taskinstance.py:1265} INFO - 0 downstream tasks scheduled from follow-on schedule check
[2023-10-06 20:04:03,421] {local_task_job.py:151} INFO - Task exited with return code 0
