[2024-03-15 21:38:04,957] {taskinstance.py:896} INFO - Dependencies all met for <TaskInstance: airflow_exam.transform_into_fulldata.csv 2024-03-15T21:37:00+00:00 [queued]>
[2024-03-15 21:38:04,997] {taskinstance.py:896} INFO - Dependencies all met for <TaskInstance: airflow_exam.transform_into_fulldata.csv 2024-03-15T21:37:00+00:00 [queued]>
[2024-03-15 21:38:04,998] {taskinstance.py:1087} INFO - 
--------------------------------------------------------------------------------
[2024-03-15 21:38:04,998] {taskinstance.py:1088} INFO - Starting attempt 1 of 1
[2024-03-15 21:38:04,998] {taskinstance.py:1089} INFO - 
--------------------------------------------------------------------------------
[2024-03-15 21:38:05,017] {taskinstance.py:1107} INFO - Executing <Task(PythonOperator): transform_into_fulldata.csv> on 2024-03-15T21:37:00+00:00
[2024-03-15 21:38:05,036] {standard_task_runner.py:52} INFO - Started process 67053 to run task
[2024-03-15 21:38:05,044] {standard_task_runner.py:76} INFO - Running: ['***', 'tasks', 'run', '***_exam', 'transform_into_fulldata.csv', '2024-03-15T21:37:00+00:00', '--job-id', '4084', '--pool', 'default_pool', '--raw', '--subdir', 'DAGS_FOLDER/DAG.py', '--cfg-path', '/tmp/tmp2fvplix3', '--error-file', '/tmp/tmpypj1tby_']
[2024-03-15 21:38:05,046] {standard_task_runner.py:77} INFO - Job 4084: Subtask transform_into_fulldata.csv
[2024-03-15 21:38:05,134] {logging_mixin.py:104} INFO - Running <TaskInstance: ***_exam.transform_into_fulldata.csv 2024-03-15T21:37:00+00:00 [running]> on host 3a3d0401ac26
[2024-03-15 21:38:05,253] {taskinstance.py:1302} INFO - Exporting the following env vars:
AIRFLOW_CTX_DAG_OWNER=***
AIRFLOW_CTX_DAG_ID=***_exam
AIRFLOW_CTX_TASK_ID=transform_into_fulldata.csv
AIRFLOW_CTX_EXECUTION_DATE=2024-03-15T21:37:00+00:00
AIRFLOW_CTX_DAG_RUN_ID=scheduled__2024-03-15T21:37:00+00:00
[2024-03-15 21:38:05,351] {logging_mixin.py:104} INFO - 
[2024-03-15 21:38:05,403] {logging_mixin.py:104} INFO -     temperature        city  pression              date
0       285.44       Paris      1013  2024-03-15 21:38
1       283.65      London      1010  2024-03-15 21:38
2       287.74  Washington      1024  2024-03-15 21:38
3       285.44       Paris      1013  2024-03-15 21:37
4       284.11      London      1009  2024-03-15 21:37
5       287.74  Washington      1024  2024-03-15 21:37
6       285.44       Paris      1013  2024-03-15 21:36
7       284.11      London      1009  2024-03-15 21:36
8       287.74  Washington      1024  2024-03-15 21:36
9       285.65       Paris      1013  2024-03-15 21:35
[2024-03-15 21:38:05,424] {python.py:151} INFO - Done. Returned value was: None
[2024-03-15 21:38:05,445] {taskinstance.py:1211} INFO - Marking task as SUCCESS. dag_id=***_exam, task_id=transform_into_fulldata.csv, execution_date=20240315T213700, start_date=20240315T213804, end_date=20240315T213805
[2024-03-15 21:38:05,517] {taskinstance.py:1265} INFO - 3 downstream tasks scheduled from follow-on schedule check
[2024-03-15 21:38:05,548] {local_task_job.py:151} INFO - Task exited with return code 0
