[2023-10-07 16:15:01,684] {taskinstance.py:896} INFO - Dependencies all met for <TaskInstance: airflow_exam.retrieve_raw_data 2023-10-07T16:14:00+00:00 [queued]>
[2023-10-07 16:15:01,705] {taskinstance.py:896} INFO - Dependencies all met for <TaskInstance: airflow_exam.retrieve_raw_data 2023-10-07T16:14:00+00:00 [queued]>
[2023-10-07 16:15:01,706] {taskinstance.py:1087} INFO - 
--------------------------------------------------------------------------------
[2023-10-07 16:15:01,706] {taskinstance.py:1088} INFO - Starting attempt 1 of 6
[2023-10-07 16:15:01,706] {taskinstance.py:1089} INFO - 
--------------------------------------------------------------------------------
[2023-10-07 16:15:01,717] {taskinstance.py:1107} INFO - Executing <Task(PythonOperator): retrieve_raw_data> on 2023-10-07T16:14:00+00:00
[2023-10-07 16:15:01,725] {standard_task_runner.py:52} INFO - Started process 5615 to run task
[2023-10-07 16:15:01,729] {standard_task_runner.py:76} INFO - Running: ['***', 'tasks', 'run', '***_exam', 'retrieve_raw_data', '2023-10-07T16:14:00+00:00', '--job-id', '1410', '--pool', 'default_pool', '--raw', '--subdir', 'DAGS_FOLDER/DAG.py', '--cfg-path', '/tmp/tmpy03wrpbh', '--error-file', '/tmp/tmp21lwx9sq']
[2023-10-07 16:15:01,729] {standard_task_runner.py:77} INFO - Job 1410: Subtask retrieve_raw_data
[2023-10-07 16:15:01,790] {logging_mixin.py:104} INFO - Running <TaskInstance: ***_exam.retrieve_raw_data 2023-10-07T16:14:00+00:00 [running]> on host 3a3d0401ac26
[2023-10-07 16:15:01,879] {taskinstance.py:1302} INFO - Exporting the following env vars:
AIRFLOW_CTX_DAG_OWNER=***
AIRFLOW_CTX_DAG_ID=***_exam
AIRFLOW_CTX_TASK_ID=retrieve_raw_data
AIRFLOW_CTX_EXECUTION_DATE=2023-10-07T16:14:00+00:00
AIRFLOW_CTX_DAG_RUN_ID=scheduled__2023-10-07T16:14:00+00:00
[2023-10-07 16:15:02,519] {python.py:151} INFO - Done. Returned value was: None
[2023-10-07 16:15:02,531] {taskinstance.py:1211} INFO - Marking task as SUCCESS. dag_id=***_exam, task_id=retrieve_raw_data, execution_date=20231007T161400, start_date=20231007T161501, end_date=20231007T161502
[2023-10-07 16:15:02,566] {taskinstance.py:1265} INFO - 2 downstream tasks scheduled from follow-on schedule check
[2023-10-07 16:15:02,586] {local_task_job.py:151} INFO - Task exited with return code 0
