[2024-04-01 23:23:09,228] {taskinstance.py:896} INFO - Dependencies all met for <TaskInstance: airflow_exam.compute_rf_score 2024-04-01T23:22:00+00:00 [queued]>
[2024-04-01 23:23:09,251] {taskinstance.py:896} INFO - Dependencies all met for <TaskInstance: airflow_exam.compute_rf_score 2024-04-01T23:22:00+00:00 [queued]>
[2024-04-01 23:23:09,251] {taskinstance.py:1087} INFO - 
--------------------------------------------------------------------------------
[2024-04-01 23:23:09,251] {taskinstance.py:1088} INFO - Starting attempt 1 of 1
[2024-04-01 23:23:09,251] {taskinstance.py:1089} INFO - 
--------------------------------------------------------------------------------
[2024-04-01 23:23:09,276] {taskinstance.py:1107} INFO - Executing <Task(PythonOperator): compute_rf_score> on 2024-04-01T23:22:00+00:00
[2024-04-01 23:23:09,290] {standard_task_runner.py:52} INFO - Started process 1066 to run task
[2024-04-01 23:23:09,294] {standard_task_runner.py:76} INFO - Running: ['***', 'tasks', 'run', '***_exam', 'compute_rf_score', '2024-04-01T23:22:00+00:00', '--job-id', '11238', '--pool', 'default_pool', '--raw', '--subdir', 'DAGS_FOLDER/DAG.py', '--cfg-path', '/tmp/tmp0thtzqz0', '--error-file', '/tmp/tmp1kjrz2kq']
[2024-04-01 23:23:09,295] {standard_task_runner.py:77} INFO - Job 11238: Subtask compute_rf_score
[2024-04-01 23:23:09,357] {logging_mixin.py:104} INFO - Running <TaskInstance: ***_exam.compute_rf_score 2024-04-01T23:22:00+00:00 [running]> on host 3a3d0401ac26
[2024-04-01 23:23:09,435] {taskinstance.py:1302} INFO - Exporting the following env vars:
AIRFLOW_CTX_DAG_OWNER=***
AIRFLOW_CTX_DAG_ID=***_exam
AIRFLOW_CTX_TASK_ID=compute_rf_score
AIRFLOW_CTX_EXECUTION_DATE=2024-04-01T23:22:00+00:00
AIRFLOW_CTX_DAG_RUN_ID=scheduled__2024-04-01T23:22:00+00:00
[2024-04-01 23:23:13,432] {python.py:151} INFO - Done. Returned value was: None
[2024-04-01 23:23:13,449] {taskinstance.py:1211} INFO - Marking task as SUCCESS. dag_id=***_exam, task_id=compute_rf_score, execution_date=20240401T232200, start_date=20240401T232309, end_date=20240401T232313
[2024-04-01 23:23:13,521] {taskinstance.py:1265} INFO - 1 downstream tasks scheduled from follow-on schedule check
[2024-04-01 23:23:13,570] {local_task_job.py:151} INFO - Task exited with return code 0
