[2024-03-21 18:04:04,656] {taskinstance.py:896} INFO - Dependencies all met for <TaskInstance: airflow_exam.transform_into_fulldata.csv 2024-03-21T18:03:00+00:00 [queued]>
[2024-03-21 18:04:04,683] {taskinstance.py:896} INFO - Dependencies all met for <TaskInstance: airflow_exam.transform_into_fulldata.csv 2024-03-21T18:03:00+00:00 [queued]>
[2024-03-21 18:04:04,684] {taskinstance.py:1087} INFO - 
--------------------------------------------------------------------------------
[2024-03-21 18:04:04,684] {taskinstance.py:1088} INFO - Starting attempt 1 of 1
[2024-03-21 18:04:04,684] {taskinstance.py:1089} INFO - 
--------------------------------------------------------------------------------
[2024-03-21 18:04:04,695] {taskinstance.py:1107} INFO - Executing <Task(PythonOperator): transform_into_fulldata.csv> on 2024-03-21T18:03:00+00:00
[2024-03-21 18:04:04,705] {standard_task_runner.py:52} INFO - Started process 30894 to run task
[2024-03-21 18:04:04,708] {standard_task_runner.py:76} INFO - Running: ['***', 'tasks', 'run', '***_exam', 'transform_into_fulldata.csv', '2024-03-21T18:03:00+00:00', '--job-id', '10053', '--pool', 'default_pool', '--raw', '--subdir', 'DAGS_FOLDER/DAG.py', '--cfg-path', '/tmp/tmp78v77o9r', '--error-file', '/tmp/tmp4_xxf1_z']
[2024-03-21 18:04:04,709] {standard_task_runner.py:77} INFO - Job 10053: Subtask transform_into_fulldata.csv
[2024-03-21 18:04:04,771] {logging_mixin.py:104} INFO - Running <TaskInstance: ***_exam.transform_into_fulldata.csv 2024-03-21T18:03:00+00:00 [running]> on host 3a3d0401ac26
[2024-03-21 18:04:04,854] {taskinstance.py:1302} INFO - Exporting the following env vars:
AIRFLOW_CTX_DAG_OWNER=***
AIRFLOW_CTX_DAG_ID=***_exam
AIRFLOW_CTX_TASK_ID=transform_into_fulldata.csv
AIRFLOW_CTX_EXECUTION_DATE=2024-03-21T18:03:00+00:00
AIRFLOW_CTX_DAG_RUN_ID=scheduled__2024-03-21T18:03:00+00:00
[2024-03-21 18:04:04,948] {logging_mixin.py:104} INFO - 
[2024-03-21 18:04:04,965] {logging_mixin.py:104} INFO -     temperature        city  pression              date
0       290.53       Paris      1025  2024-03-21 18:04
1       288.22      London      1022  2024-03-21 18:04
2       284.21  Washington      1014  2024-03-21 18:04
3       290.53       Paris      1025  2024-03-21 18:03
4       288.22      London      1022  2024-03-21 18:03
5       284.21  Washington      1014  2024-03-21 18:03
6       290.53       Paris      1025  2024-03-21 18:02
7       288.22      London      1022  2024-03-21 18:02
8       284.21  Washington      1014  2024-03-21 18:02
9       290.85       Paris      1025  2024-03-21 18:01
[2024-03-21 18:04:04,980] {python.py:151} INFO - Done. Returned value was: None
[2024-03-21 18:04:04,993] {taskinstance.py:1211} INFO - Marking task as SUCCESS. dag_id=***_exam, task_id=transform_into_fulldata.csv, execution_date=20240321T180300, start_date=20240321T180404, end_date=20240321T180404
[2024-03-21 18:04:05,046] {taskinstance.py:1265} INFO - 3 downstream tasks scheduled from follow-on schedule check
[2024-03-21 18:04:05,082] {local_task_job.py:151} INFO - Task exited with return code 0
