[2024-03-16 00:49:06,757] {taskinstance.py:896} INFO - Dependencies all met for <TaskInstance: airflow_exam.compute_rf_score 2024-03-16T00:48:00+00:00 [queued]>
[2024-03-16 00:49:06,790] {taskinstance.py:896} INFO - Dependencies all met for <TaskInstance: airflow_exam.compute_rf_score 2024-03-16T00:48:00+00:00 [queued]>
[2024-03-16 00:49:06,791] {taskinstance.py:1087} INFO - 
--------------------------------------------------------------------------------
[2024-03-16 00:49:06,791] {taskinstance.py:1088} INFO - Starting attempt 1 of 1
[2024-03-16 00:49:06,791] {taskinstance.py:1089} INFO - 
--------------------------------------------------------------------------------
[2024-03-16 00:49:06,807] {taskinstance.py:1107} INFO - Executing <Task(PythonOperator): compute_rf_score> on 2024-03-16T00:48:00+00:00
[2024-03-16 00:49:06,818] {standard_task_runner.py:52} INFO - Started process 106193 to run task
[2024-03-16 00:49:06,824] {standard_task_runner.py:76} INFO - Running: ['***', 'tasks', 'run', '***_exam', 'compute_rf_score', '2024-03-16T00:48:00+00:00', '--job-id', '5417', '--pool', 'default_pool', '--raw', '--subdir', 'DAGS_FOLDER/DAG.py', '--cfg-path', '/tmp/tmpgk6msyf8', '--error-file', '/tmp/tmp2e3xrjic']
[2024-03-16 00:49:06,825] {standard_task_runner.py:77} INFO - Job 5417: Subtask compute_rf_score
[2024-03-16 00:49:06,895] {logging_mixin.py:104} INFO - Running <TaskInstance: ***_exam.compute_rf_score 2024-03-16T00:48:00+00:00 [running]> on host 3a3d0401ac26
[2024-03-16 00:49:06,978] {taskinstance.py:1302} INFO - Exporting the following env vars:
AIRFLOW_CTX_DAG_OWNER=***
AIRFLOW_CTX_DAG_ID=***_exam
AIRFLOW_CTX_TASK_ID=compute_rf_score
AIRFLOW_CTX_EXECUTION_DATE=2024-03-16T00:48:00+00:00
AIRFLOW_CTX_DAG_RUN_ID=scheduled__2024-03-16T00:48:00+00:00
[2024-03-16 00:49:08,784] {python.py:151} INFO - Done. Returned value was: None
[2024-03-16 00:49:08,795] {taskinstance.py:1211} INFO - Marking task as SUCCESS. dag_id=***_exam, task_id=compute_rf_score, execution_date=20240316T004800, start_date=20240316T004906, end_date=20240316T004908
[2024-03-16 00:49:08,828] {taskinstance.py:1265} INFO - 1 downstream tasks scheduled from follow-on schedule check
[2024-03-16 00:49:08,845] {local_task_job.py:151} INFO - Task exited with return code 0
