[2023-10-07 15:58:06,829] {taskinstance.py:896} INFO - Dependencies all met for <TaskInstance: airflow_exam.train_best_model 2023-10-07T15:57:00+00:00 [queued]>
[2023-10-07 15:58:06,847] {taskinstance.py:896} INFO - Dependencies all met for <TaskInstance: airflow_exam.train_best_model 2023-10-07T15:57:00+00:00 [queued]>
[2023-10-07 15:58:06,847] {taskinstance.py:1087} INFO - 
--------------------------------------------------------------------------------
[2023-10-07 15:58:06,847] {taskinstance.py:1088} INFO - Starting attempt 1 of 1
[2023-10-07 15:58:06,848] {taskinstance.py:1089} INFO - 
--------------------------------------------------------------------------------
[2023-10-07 15:58:06,858] {taskinstance.py:1107} INFO - Executing <Task(PythonOperator): train_best_model> on 2023-10-07T15:57:00+00:00
[2023-10-07 15:58:06,866] {standard_task_runner.py:52} INFO - Started process 2428 to run task
[2023-10-07 15:58:06,870] {standard_task_runner.py:76} INFO - Running: ['***', 'tasks', 'run', '***_exam', 'train_best_model', '2023-10-07T15:57:00+00:00', '--job-id', '1297', '--pool', 'default_pool', '--raw', '--subdir', 'DAGS_FOLDER/DAG.py', '--cfg-path', '/tmp/tmprb_r6j1q', '--error-file', '/tmp/tmpqg1af93o']
[2023-10-07 15:58:06,870] {standard_task_runner.py:77} INFO - Job 1297: Subtask train_best_model
[2023-10-07 15:58:06,921] {logging_mixin.py:104} INFO - Running <TaskInstance: ***_exam.train_best_model 2023-10-07T15:57:00+00:00 [running]> on host 3a3d0401ac26
[2023-10-07 15:58:07,049] {taskinstance.py:1302} INFO - Exporting the following env vars:
AIRFLOW_CTX_DAG_OWNER=***
AIRFLOW_CTX_DAG_ID=***_exam
AIRFLOW_CTX_TASK_ID=train_best_model
AIRFLOW_CTX_EXECUTION_DATE=2023-10-07T15:57:00+00:00
AIRFLOW_CTX_DAG_RUN_ID=scheduled__2023-10-07T15:57:00+00:00
[2023-10-07 15:58:07,193] {logging_mixin.py:104} INFO - LinearRegression() saved at  /app/clean_data/best_model.pickle
[2023-10-07 15:58:07,195] {python.py:151} INFO - Done. Returned value was: None
[2023-10-07 15:58:07,205] {taskinstance.py:1211} INFO - Marking task as SUCCESS. dag_id=***_exam, task_id=train_best_model, execution_date=20231007T155700, start_date=20231007T155806, end_date=20231007T155807
[2023-10-07 15:58:07,234] {taskinstance.py:1265} INFO - 0 downstream tasks scheduled from follow-on schedule check
[2023-10-07 15:58:07,284] {local_task_job.py:151} INFO - Task exited with return code 0
