[2023-10-06 14:15:23,212] {taskinstance.py:896} INFO - Dependencies all met for <TaskInstance: airflow_exam.retrieve_raw_data 2023-10-06T14:15:21.732263+00:00 [queued]>
[2023-10-06 14:15:23,225] {taskinstance.py:896} INFO - Dependencies all met for <TaskInstance: airflow_exam.retrieve_raw_data 2023-10-06T14:15:21.732263+00:00 [queued]>
[2023-10-06 14:15:23,226] {taskinstance.py:1087} INFO - 
--------------------------------------------------------------------------------
[2023-10-06 14:15:23,226] {taskinstance.py:1088} INFO - Starting attempt 1 of 6
[2023-10-06 14:15:23,226] {taskinstance.py:1089} INFO - 
--------------------------------------------------------------------------------
[2023-10-06 14:15:23,242] {taskinstance.py:1107} INFO - Executing <Task(PythonOperator): retrieve_raw_data> on 2023-10-06T14:15:21.732263+00:00
[2023-10-06 14:15:23,247] {standard_task_runner.py:52} INFO - Started process 28377 to run task
[2023-10-06 14:15:23,250] {standard_task_runner.py:76} INFO - Running: ['***', 'tasks', 'run', '***_exam', 'retrieve_raw_data', '2023-10-06T14:15:21.732263+00:00', '--job-id', '278', '--pool', 'default_pool', '--raw', '--subdir', 'DAGS_FOLDER/DAG.py', '--cfg-path', '/tmp/tmp84_dyw8n', '--error-file', '/tmp/tmpeuc_99v4']
[2023-10-06 14:15:23,251] {standard_task_runner.py:77} INFO - Job 278: Subtask retrieve_raw_data
[2023-10-06 14:15:23,292] {logging_mixin.py:104} INFO - Running <TaskInstance: ***_exam.retrieve_raw_data 2023-10-06T14:15:21.732263+00:00 [running]> on host 3a3d0401ac26
[2023-10-06 14:15:23,347] {taskinstance.py:1302} INFO - Exporting the following env vars:
AIRFLOW_CTX_DAG_OWNER=***
AIRFLOW_CTX_DAG_ID=***_exam
AIRFLOW_CTX_TASK_ID=retrieve_raw_data
AIRFLOW_CTX_EXECUTION_DATE=2023-10-06T14:15:21.732263+00:00
AIRFLOW_CTX_DAG_RUN_ID=manual__2023-10-06T14:15:21.732263+00:00
[2023-10-06 14:15:23,772] {python.py:151} INFO - Done. Returned value was: None
[2023-10-06 14:15:23,785] {taskinstance.py:1211} INFO - Marking task as SUCCESS. dag_id=***_exam, task_id=retrieve_raw_data, execution_date=20231006T141521, start_date=20231006T141523, end_date=20231006T141523
[2023-10-06 14:15:23,819] {taskinstance.py:1265} INFO - 2 downstream tasks scheduled from follow-on schedule check
[2023-10-06 14:15:23,866] {local_task_job.py:151} INFO - Task exited with return code 0
