[2024-03-20 21:44:04,671] {taskinstance.py:896} INFO - Dependencies all met for <TaskInstance: airflow_exam.transform_into_fulldata.csv 2024-03-20T21:43:00+00:00 [queued]>
[2024-03-20 21:44:04,693] {taskinstance.py:896} INFO - Dependencies all met for <TaskInstance: airflow_exam.transform_into_fulldata.csv 2024-03-20T21:43:00+00:00 [queued]>
[2024-03-20 21:44:04,693] {taskinstance.py:1087} INFO - 
--------------------------------------------------------------------------------
[2024-03-20 21:44:04,693] {taskinstance.py:1088} INFO - Starting attempt 1 of 1
[2024-03-20 21:44:04,693] {taskinstance.py:1089} INFO - 
--------------------------------------------------------------------------------
[2024-03-20 21:44:04,721] {taskinstance.py:1107} INFO - Executing <Task(PythonOperator): transform_into_fulldata.csv> on 2024-03-20T21:43:00+00:00
[2024-03-20 21:44:04,734] {standard_task_runner.py:52} INFO - Started process 15208 to run task
[2024-03-20 21:44:04,740] {standard_task_runner.py:76} INFO - Running: ['***', 'tasks', 'run', '***_exam', 'transform_into_fulldata.csv', '2024-03-20T21:43:00+00:00', '--job-id', '7331', '--pool', 'default_pool', '--raw', '--subdir', 'DAGS_FOLDER/DAG.py', '--cfg-path', '/tmp/tmptpr_ldfi', '--error-file', '/tmp/tmpukaiwqol']
[2024-03-20 21:44:04,741] {standard_task_runner.py:77} INFO - Job 7331: Subtask transform_into_fulldata.csv
[2024-03-20 21:44:04,821] {logging_mixin.py:104} INFO - Running <TaskInstance: ***_exam.transform_into_fulldata.csv 2024-03-20T21:43:00+00:00 [running]> on host 3a3d0401ac26
[2024-03-20 21:44:04,915] {taskinstance.py:1302} INFO - Exporting the following env vars:
AIRFLOW_CTX_DAG_OWNER=***
AIRFLOW_CTX_DAG_ID=***_exam
AIRFLOW_CTX_TASK_ID=transform_into_fulldata.csv
AIRFLOW_CTX_EXECUTION_DATE=2024-03-20T21:43:00+00:00
AIRFLOW_CTX_DAG_RUN_ID=scheduled__2024-03-20T21:43:00+00:00
[2024-03-20 21:44:05,025] {logging_mixin.py:104} INFO - 
[2024-03-20 21:44:05,049] {logging_mixin.py:104} INFO -     temperature        city  pression              date
0       286.33       Paris      1019  2024-03-20 21:44
1       285.68      London      1020  2024-03-20 21:44
2       291.01  Washington      1007  2024-03-20 21:44
3       286.33       Paris      1019  2024-03-20 21:43
4       285.68      London      1020  2024-03-20 21:43
5       291.01  Washington      1007  2024-03-20 21:43
6       286.33       Paris      1019  2024-03-20 21:42
7       285.68      London      1020  2024-03-20 21:42
8       291.01  Washington      1007  2024-03-20 21:42
9       286.33       Paris      1019  2024-03-20 21:41
[2024-03-20 21:44:05,065] {python.py:151} INFO - Done. Returned value was: None
[2024-03-20 21:44:05,079] {taskinstance.py:1211} INFO - Marking task as SUCCESS. dag_id=***_exam, task_id=transform_into_fulldata.csv, execution_date=20240320T214300, start_date=20240320T214404, end_date=20240320T214405
[2024-03-20 21:44:05,124] {taskinstance.py:1265} INFO - 3 downstream tasks scheduled from follow-on schedule check
[2024-03-20 21:44:05,153] {local_task_job.py:151} INFO - Task exited with return code 0
