[2024-03-16 02:22:03,783] {taskinstance.py:896} INFO - Dependencies all met for <TaskInstance: airflow_exam.transform_into_fulldata.csv 2024-03-16T02:21:00+00:00 [queued]>
[2024-03-16 02:22:03,806] {taskinstance.py:896} INFO - Dependencies all met for <TaskInstance: airflow_exam.transform_into_fulldata.csv 2024-03-16T02:21:00+00:00 [queued]>
[2024-03-16 02:22:03,806] {taskinstance.py:1087} INFO - 
--------------------------------------------------------------------------------
[2024-03-16 02:22:03,806] {taskinstance.py:1088} INFO - Starting attempt 1 of 1
[2024-03-16 02:22:03,806] {taskinstance.py:1089} INFO - 
--------------------------------------------------------------------------------
[2024-03-16 02:22:03,817] {taskinstance.py:1107} INFO - Executing <Task(PythonOperator): transform_into_fulldata.csv> on 2024-03-16T02:21:00+00:00
[2024-03-16 02:22:03,827] {standard_task_runner.py:52} INFO - Started process 126114 to run task
[2024-03-16 02:22:03,831] {standard_task_runner.py:76} INFO - Running: ['***', 'tasks', 'run', '***_exam', 'transform_into_fulldata.csv', '2024-03-16T02:21:00+00:00', '--job-id', '6066', '--pool', 'default_pool', '--raw', '--subdir', 'DAGS_FOLDER/DAG.py', '--cfg-path', '/tmp/tmpna6e0ufu', '--error-file', '/tmp/tmpsk24spen']
[2024-03-16 02:22:03,831] {standard_task_runner.py:77} INFO - Job 6066: Subtask transform_into_fulldata.csv
[2024-03-16 02:22:03,893] {logging_mixin.py:104} INFO - Running <TaskInstance: ***_exam.transform_into_fulldata.csv 2024-03-16T02:21:00+00:00 [running]> on host 3a3d0401ac26
[2024-03-16 02:22:03,971] {taskinstance.py:1302} INFO - Exporting the following env vars:
AIRFLOW_CTX_DAG_OWNER=***
AIRFLOW_CTX_DAG_ID=***_exam
AIRFLOW_CTX_TASK_ID=transform_into_fulldata.csv
AIRFLOW_CTX_EXECUTION_DATE=2024-03-16T02:21:00+00:00
AIRFLOW_CTX_DAG_RUN_ID=scheduled__2024-03-16T02:21:00+00:00
[2024-03-16 02:22:04,040] {logging_mixin.py:104} INFO - 
[2024-03-16 02:22:04,069] {logging_mixin.py:104} INFO -     temperature        city  pression              date
0       284.37       Paris      1017  2024-03-16 02:22
1       281.15      London      1014  2024-03-16 02:22
2       283.95  Washington      1022  2024-03-16 02:22
3       284.22       Paris      1017  2024-03-16 02:21
4       281.19      London      1015  2024-03-16 02:21
5       283.77  Washington      1022  2024-03-16 02:21
6       284.37       Paris      1017  2024-03-16 02:20
7       281.15      London      1014  2024-03-16 02:20
8       283.77  Washington      1022  2024-03-16 02:20
9       284.37       Paris      1017  2024-03-16 02:19
[2024-03-16 02:22:04,085] {python.py:151} INFO - Done. Returned value was: None
[2024-03-16 02:22:04,101] {taskinstance.py:1211} INFO - Marking task as SUCCESS. dag_id=***_exam, task_id=transform_into_fulldata.csv, execution_date=20240316T022100, start_date=20240316T022203, end_date=20240316T022204
[2024-03-16 02:22:04,154] {taskinstance.py:1265} INFO - 3 downstream tasks scheduled from follow-on schedule check
[2024-03-16 02:22:04,204] {local_task_job.py:151} INFO - Task exited with return code 0
