[2024-03-15 17:57:05,004] {taskinstance.py:896} INFO - Dependencies all met for <TaskInstance: airflow_exam.transform_into_data.csv 2024-03-15T17:56:00+00:00 [queued]>
[2024-03-15 17:57:05,073] {taskinstance.py:896} INFO - Dependencies all met for <TaskInstance: airflow_exam.transform_into_data.csv 2024-03-15T17:56:00+00:00 [queued]>
[2024-03-15 17:57:05,073] {taskinstance.py:1087} INFO - 
--------------------------------------------------------------------------------
[2024-03-15 17:57:05,073] {taskinstance.py:1088} INFO - Starting attempt 1 of 1
[2024-03-15 17:57:05,073] {taskinstance.py:1089} INFO - 
--------------------------------------------------------------------------------
[2024-03-15 17:57:05,129] {taskinstance.py:1107} INFO - Executing <Task(PythonOperator): transform_into_data.csv> on 2024-03-15T17:56:00+00:00
[2024-03-15 17:57:05,153] {standard_task_runner.py:52} INFO - Started process 39839 to run task
[2024-03-15 17:57:05,160] {standard_task_runner.py:76} INFO - Running: ['***', 'tasks', 'run', '***_exam', 'transform_into_data.csv', '2024-03-15T17:56:00+00:00', '--job-id', '3131', '--pool', 'default_pool', '--raw', '--subdir', 'DAGS_FOLDER/DAG.py', '--cfg-path', '/tmp/tmp8dsigx6v', '--error-file', '/tmp/tmpfb2mzdh8']
[2024-03-15 17:57:05,161] {standard_task_runner.py:77} INFO - Job 3131: Subtask transform_into_data.csv
[2024-03-15 17:57:05,266] {logging_mixin.py:104} INFO - Running <TaskInstance: ***_exam.transform_into_data.csv 2024-03-15T17:56:00+00:00 [running]> on host 3a3d0401ac26
[2024-03-15 17:57:05,362] {taskinstance.py:1302} INFO - Exporting the following env vars:
AIRFLOW_CTX_DAG_OWNER=***
AIRFLOW_CTX_DAG_ID=***_exam
AIRFLOW_CTX_TASK_ID=transform_into_data.csv
AIRFLOW_CTX_EXECUTION_DATE=2024-03-15T17:56:00+00:00
AIRFLOW_CTX_DAG_RUN_ID=scheduled__2024-03-15T17:56:00+00:00
[2024-03-15 17:57:05,368] {logging_mixin.py:104} INFO - 
[2024-03-15 17:57:05,398] {logging_mixin.py:104} INFO -     temperature        city  pression              date
0       286.88       Paris      1011  2024-03-15 17:57
1       285.83      London      1005  2024-03-15 17:57
2       282.79  Washington      1026  2024-03-15 17:57
3       286.88       Paris      1011  2024-03-15 17:56
4       285.90      London      1005  2024-03-15 17:56
5       281.30  Washington      1026  2024-03-15 17:56
6       286.88       Paris      1011  2024-03-15 17:55
7       285.90      London      1005  2024-03-15 17:55
8       281.30  Washington      1026  2024-03-15 17:55
9       286.88       Paris      1011  2024-03-15 17:54
[2024-03-15 17:57:05,405] {python.py:151} INFO - Done. Returned value was: None
[2024-03-15 17:57:05,420] {taskinstance.py:1211} INFO - Marking task as SUCCESS. dag_id=***_exam, task_id=transform_into_data.csv, execution_date=20240315T175600, start_date=20240315T175705, end_date=20240315T175705
[2024-03-15 17:57:05,464] {taskinstance.py:1265} INFO - 0 downstream tasks scheduled from follow-on schedule check
[2024-03-15 17:57:05,502] {local_task_job.py:151} INFO - Task exited with return code 0
