[2024-03-15 14:13:05,354] {taskinstance.py:896} INFO - Dependencies all met for <TaskInstance: airflow_exam.transform_into_fulldata.csv 2024-03-15T14:12:00+00:00 [queued]>
[2024-03-15 14:13:05,392] {taskinstance.py:896} INFO - Dependencies all met for <TaskInstance: airflow_exam.transform_into_fulldata.csv 2024-03-15T14:12:00+00:00 [queued]>
[2024-03-15 14:13:05,392] {taskinstance.py:1087} INFO - 
--------------------------------------------------------------------------------
[2024-03-15 14:13:05,392] {taskinstance.py:1088} INFO - Starting attempt 1 of 1
[2024-03-15 14:13:05,392] {taskinstance.py:1089} INFO - 
--------------------------------------------------------------------------------
[2024-03-15 14:13:05,413] {taskinstance.py:1107} INFO - Executing <Task(PythonOperator): transform_into_fulldata.csv> on 2024-03-15T14:12:00+00:00
[2024-03-15 14:13:05,428] {standard_task_runner.py:52} INFO - Started process 4406 to run task
[2024-03-15 14:13:05,437] {standard_task_runner.py:76} INFO - Running: ['***', 'tasks', 'run', '***_exam', 'transform_into_fulldata.csv', '2024-03-15T14:12:00+00:00', '--job-id', '1857', '--pool', 'default_pool', '--raw', '--subdir', 'DAGS_FOLDER/DAG.py', '--cfg-path', '/tmp/tmpu7j0gybx', '--error-file', '/tmp/tmp2avv0kgt']
[2024-03-15 14:13:05,437] {standard_task_runner.py:77} INFO - Job 1857: Subtask transform_into_fulldata.csv
[2024-03-15 14:13:05,518] {logging_mixin.py:104} INFO - Running <TaskInstance: ***_exam.transform_into_fulldata.csv 2024-03-15T14:12:00+00:00 [running]> on host 3a3d0401ac26
[2024-03-15 14:13:05,658] {taskinstance.py:1302} INFO - Exporting the following env vars:
AIRFLOW_CTX_DAG_OWNER=***
AIRFLOW_CTX_DAG_ID=***_exam
AIRFLOW_CTX_TASK_ID=transform_into_fulldata.csv
AIRFLOW_CTX_EXECUTION_DATE=2024-03-15T14:12:00+00:00
AIRFLOW_CTX_DAG_RUN_ID=scheduled__2024-03-15T14:12:00+00:00
[2024-03-15 14:13:05,697] {logging_mixin.py:104} INFO - 
[2024-03-15 14:13:05,731] {logging_mixin.py:104} INFO -     temperature        city  pression              date
0       288.88       Paris      1012  2024-03-15 14:13
1       287.36      London      1004  2024-03-15 14:13
2       274.21  Washington      1029  2024-03-15 14:13
3       288.88       Paris      1012  2024-03-15 14:12
4       287.36      London      1004  2024-03-15 14:12
5       274.21  Washington      1029  2024-03-15 14:12
6       288.88       Paris      1012  2024-03-15 14:11
7       287.36      London      1004  2024-03-15 14:11
8       274.21  Washington      1029  2024-03-15 14:11
9       288.88       Paris      1012  2024-03-15 14:10
[2024-03-15 14:13:05,740] {python.py:151} INFO - Done. Returned value was: None
[2024-03-15 14:13:05,763] {taskinstance.py:1211} INFO - Marking task as SUCCESS. dag_id=***_exam, task_id=transform_into_fulldata.csv, execution_date=20240315T141200, start_date=20240315T141305, end_date=20240315T141305
[2024-03-15 14:13:05,825] {taskinstance.py:1265} INFO - 3 downstream tasks scheduled from follow-on schedule check
[2024-03-15 14:13:05,906] {local_task_job.py:151} INFO - Task exited with return code 0
