[2023-10-06 19:19:32,451] {taskinstance.py:896} INFO - Dependencies all met for <TaskInstance: airflow_exam.retrieve_raw_data 2023-10-06T19:19:05.151180+00:00 [queued]>
[2023-10-06 19:19:32,466] {taskinstance.py:896} INFO - Dependencies all met for <TaskInstance: airflow_exam.retrieve_raw_data 2023-10-06T19:19:05.151180+00:00 [queued]>
[2023-10-06 19:19:32,466] {taskinstance.py:1087} INFO - 
--------------------------------------------------------------------------------
[2023-10-06 19:19:32,466] {taskinstance.py:1088} INFO - Starting attempt 1 of 6
[2023-10-06 19:19:32,467] {taskinstance.py:1089} INFO - 
--------------------------------------------------------------------------------
[2023-10-06 19:19:32,486] {taskinstance.py:1107} INFO - Executing <Task(PythonOperator): retrieve_raw_data> on 2023-10-06T19:19:05.151180+00:00
[2023-10-06 19:19:32,496] {standard_task_runner.py:52} INFO - Started process 3228 to run task
[2023-10-06 19:19:32,500] {standard_task_runner.py:76} INFO - Running: ['***', 'tasks', 'run', '***_exam', 'retrieve_raw_data', '2023-10-06T19:19:05.151180+00:00', '--job-id', '368', '--pool', 'default_pool', '--raw', '--subdir', 'DAGS_FOLDER/DAG.py', '--cfg-path', '/tmp/tmpajaz7jcq', '--error-file', '/tmp/tmpyuo0ddck']
[2023-10-06 19:19:32,500] {standard_task_runner.py:77} INFO - Job 368: Subtask retrieve_raw_data
[2023-10-06 19:19:32,547] {logging_mixin.py:104} INFO - Running <TaskInstance: ***_exam.retrieve_raw_data 2023-10-06T19:19:05.151180+00:00 [running]> on host 3a3d0401ac26
[2023-10-06 19:19:32,602] {taskinstance.py:1302} INFO - Exporting the following env vars:
AIRFLOW_CTX_DAG_OWNER=***
AIRFLOW_CTX_DAG_ID=***_exam
AIRFLOW_CTX_TASK_ID=retrieve_raw_data
AIRFLOW_CTX_EXECUTION_DATE=2023-10-06T19:19:05.151180+00:00
AIRFLOW_CTX_DAG_RUN_ID=manual__2023-10-06T19:19:05.151180+00:00
[2023-10-06 19:19:33,082] {python.py:151} INFO - Done. Returned value was: None
[2023-10-06 19:19:33,092] {taskinstance.py:1211} INFO - Marking task as SUCCESS. dag_id=***_exam, task_id=retrieve_raw_data, execution_date=20231006T191905, start_date=20231006T191932, end_date=20231006T191933
[2023-10-06 19:19:33,133] {taskinstance.py:1265} INFO - 2 downstream tasks scheduled from follow-on schedule check
[2023-10-06 19:19:33,153] {local_task_job.py:151} INFO - Task exited with return code 0
