[2024-03-21 00:29:32,493] {taskinstance.py:896} INFO - Dependencies all met for <TaskInstance: airflow_exam.transform_into_fulldata.csv 2024-03-21T00:19:00+00:00 [queued]>
[2024-03-21 00:29:32,560] {taskinstance.py:896} INFO - Dependencies all met for <TaskInstance: airflow_exam.transform_into_fulldata.csv 2024-03-21T00:19:00+00:00 [queued]>
[2024-03-21 00:29:32,561] {taskinstance.py:1087} INFO - 
--------------------------------------------------------------------------------
[2024-03-21 00:29:32,561] {taskinstance.py:1088} INFO - Starting attempt 1 of 1
[2024-03-21 00:29:32,561] {taskinstance.py:1089} INFO - 
--------------------------------------------------------------------------------
[2024-03-21 00:29:32,799] {taskinstance.py:1107} INFO - Executing <Task(PythonOperator): transform_into_fulldata.csv> on 2024-03-21T00:19:00+00:00
[2024-03-21 00:29:32,837] {standard_task_runner.py:52} INFO - Started process 527 to run task
[2024-03-21 00:29:32,873] {standard_task_runner.py:76} INFO - Running: ['***', 'tasks', 'run', '***_exam', 'transform_into_fulldata.csv', '2024-03-21T00:19:00+00:00', '--job-id', '8350', '--pool', 'default_pool', '--raw', '--subdir', 'DAGS_FOLDER/DAG.py', '--cfg-path', '/tmp/tmp67xcf5og', '--error-file', '/tmp/tmpzy6rdkm2']
[2024-03-21 00:29:32,875] {standard_task_runner.py:77} INFO - Job 8350: Subtask transform_into_fulldata.csv
[2024-03-21 00:29:33,157] {logging_mixin.py:104} INFO - Running <TaskInstance: ***_exam.transform_into_fulldata.csv 2024-03-21T00:19:00+00:00 [running]> on host 3a3d0401ac26
[2024-03-21 00:29:33,488] {taskinstance.py:1302} INFO - Exporting the following env vars:
AIRFLOW_CTX_DAG_OWNER=***
AIRFLOW_CTX_DAG_ID=***_exam
AIRFLOW_CTX_TASK_ID=transform_into_fulldata.csv
AIRFLOW_CTX_EXECUTION_DATE=2024-03-21T00:19:00+00:00
AIRFLOW_CTX_DAG_RUN_ID=scheduled__2024-03-21T00:19:00+00:00
[2024-03-21 00:29:33,711] {logging_mixin.py:104} INFO - 
[2024-03-21 00:29:33,758] {logging_mixin.py:104} INFO -     temperature        city  pression              date
0       285.74       Paris      1021  2024-03-21 00:29
1       284.38      London      1022  2024-03-21 00:29
2       290.28  Washington      1007  2024-03-21 00:29
3       286.15       Paris      1021  2024-03-21 00:03
4       284.66      London      1022  2024-03-21 00:03
5       289.60  Washington      1007  2024-03-21 00:03
6       286.15       Paris      1021  2024-03-21 00:02
7       284.66      London      1022  2024-03-21 00:02
8       289.60  Washington      1007  2024-03-21 00:02
9       286.15       Paris      1021  2024-03-21 00:00
[2024-03-21 00:29:33,785] {python.py:151} INFO - Done. Returned value was: None
[2024-03-21 00:29:33,803] {taskinstance.py:1211} INFO - Marking task as SUCCESS. dag_id=***_exam, task_id=transform_into_fulldata.csv, execution_date=20240321T001900, start_date=20240321T002932, end_date=20240321T002933
[2024-03-21 00:29:33,959] {taskinstance.py:1265} INFO - 3 downstream tasks scheduled from follow-on schedule check
[2024-03-21 00:29:34,059] {local_task_job.py:151} INFO - Task exited with return code 0
