[2024-03-20 23:55:08,301] {taskinstance.py:896} INFO - Dependencies all met for <TaskInstance: airflow_exam.compute_rf_score 2024-03-20T23:54:00+00:00 [queued]>
[2024-03-20 23:55:08,324] {taskinstance.py:896} INFO - Dependencies all met for <TaskInstance: airflow_exam.compute_rf_score 2024-03-20T23:54:00+00:00 [queued]>
[2024-03-20 23:55:08,325] {taskinstance.py:1087} INFO - 
--------------------------------------------------------------------------------
[2024-03-20 23:55:08,325] {taskinstance.py:1088} INFO - Starting attempt 1 of 1
[2024-03-20 23:55:08,325] {taskinstance.py:1089} INFO - 
--------------------------------------------------------------------------------
[2024-03-20 23:55:08,352] {taskinstance.py:1107} INFO - Executing <Task(PythonOperator): compute_rf_score> on 2024-03-20T23:54:00+00:00
[2024-03-20 23:55:08,369] {standard_task_runner.py:52} INFO - Started process 43188 to run task
[2024-03-20 23:55:08,376] {standard_task_runner.py:76} INFO - Running: ['***', 'tasks', 'run', '***_exam', 'compute_rf_score', '2024-03-20T23:54:00+00:00', '--job-id', '8251', '--pool', 'default_pool', '--raw', '--subdir', 'DAGS_FOLDER/DAG.py', '--cfg-path', '/tmp/tmp0ie2m965', '--error-file', '/tmp/tmpvrf2wpw4']
[2024-03-20 23:55:08,377] {standard_task_runner.py:77} INFO - Job 8251: Subtask compute_rf_score
[2024-03-20 23:55:08,459] {logging_mixin.py:104} INFO - Running <TaskInstance: ***_exam.compute_rf_score 2024-03-20T23:54:00+00:00 [running]> on host 3a3d0401ac26
[2024-03-20 23:55:08,577] {taskinstance.py:1302} INFO - Exporting the following env vars:
AIRFLOW_CTX_DAG_OWNER=***
AIRFLOW_CTX_DAG_ID=***_exam
AIRFLOW_CTX_TASK_ID=compute_rf_score
AIRFLOW_CTX_EXECUTION_DATE=2024-03-20T23:54:00+00:00
AIRFLOW_CTX_DAG_RUN_ID=scheduled__2024-03-20T23:54:00+00:00
[2024-03-20 23:55:13,237] {python.py:151} INFO - Done. Returned value was: None
[2024-03-20 23:55:13,254] {taskinstance.py:1211} INFO - Marking task as SUCCESS. dag_id=***_exam, task_id=compute_rf_score, execution_date=20240320T235400, start_date=20240320T235508, end_date=20240320T235513
[2024-03-20 23:55:13,301] {taskinstance.py:1265} INFO - 1 downstream tasks scheduled from follow-on schedule check
[2024-03-20 23:55:13,342] {local_task_job.py:151} INFO - Task exited with return code 0
