[2024-03-15 21:02:05,432] {taskinstance.py:896} INFO - Dependencies all met for <TaskInstance: airflow_exam.transform_into_data.csv 2024-03-15T21:01:00+00:00 [queued]>
[2024-03-15 21:02:05,462] {taskinstance.py:896} INFO - Dependencies all met for <TaskInstance: airflow_exam.transform_into_data.csv 2024-03-15T21:01:00+00:00 [queued]>
[2024-03-15 21:02:05,463] {taskinstance.py:1087} INFO - 
--------------------------------------------------------------------------------
[2024-03-15 21:02:05,463] {taskinstance.py:1088} INFO - Starting attempt 1 of 1
[2024-03-15 21:02:05,463] {taskinstance.py:1089} INFO - 
--------------------------------------------------------------------------------
[2024-03-15 21:02:05,478] {taskinstance.py:1107} INFO - Executing <Task(PythonOperator): transform_into_data.csv> on 2024-03-15T21:01:00+00:00
[2024-03-15 21:02:05,490] {standard_task_runner.py:52} INFO - Started process 59768 to run task
[2024-03-15 21:02:05,495] {standard_task_runner.py:76} INFO - Running: ['***', 'tasks', 'run', '***_exam', 'transform_into_data.csv', '2024-03-15T21:01:00+00:00', '--job-id', '3833', '--pool', 'default_pool', '--raw', '--subdir', 'DAGS_FOLDER/DAG.py', '--cfg-path', '/tmp/tmp6tb7jbbv', '--error-file', '/tmp/tmp2jolq5ff']
[2024-03-15 21:02:05,495] {standard_task_runner.py:77} INFO - Job 3833: Subtask transform_into_data.csv
[2024-03-15 21:02:05,568] {logging_mixin.py:104} INFO - Running <TaskInstance: ***_exam.transform_into_data.csv 2024-03-15T21:01:00+00:00 [running]> on host 3a3d0401ac26
[2024-03-15 21:02:05,665] {taskinstance.py:1302} INFO - Exporting the following env vars:
AIRFLOW_CTX_DAG_OWNER=***
AIRFLOW_CTX_DAG_ID=***_exam
AIRFLOW_CTX_TASK_ID=transform_into_data.csv
AIRFLOW_CTX_EXECUTION_DATE=2024-03-15T21:01:00+00:00
AIRFLOW_CTX_DAG_RUN_ID=scheduled__2024-03-15T21:01:00+00:00
[2024-03-15 21:02:05,675] {logging_mixin.py:104} INFO - 
[2024-03-15 21:02:05,710] {logging_mixin.py:104} INFO -     temperature        city  pression              date
0       285.70       Paris      1013  2024-03-15 21:02
1       284.49      London      1008  2024-03-15 21:02
2       286.97  Washington      1024  2024-03-15 21:02
3       285.70       Paris      1013  2024-03-15 21:01
4       284.49      London      1008  2024-03-15 21:01
5       286.97  Washington      1024  2024-03-15 21:01
6       285.70       Paris      1013  2024-03-15 21:00
7       284.49      London      1008  2024-03-15 21:00
8       286.97  Washington      1024  2024-03-15 21:00
9       285.70       Paris      1013  2024-03-15 20:59
[2024-03-15 21:02:05,716] {python.py:151} INFO - Done. Returned value was: None
[2024-03-15 21:02:05,735] {taskinstance.py:1211} INFO - Marking task as SUCCESS. dag_id=***_exam, task_id=transform_into_data.csv, execution_date=20240315T210100, start_date=20240315T210205, end_date=20240315T210205
[2024-03-15 21:02:05,786] {taskinstance.py:1265} INFO - 0 downstream tasks scheduled from follow-on schedule check
[2024-03-15 21:02:05,827] {local_task_job.py:151} INFO - Task exited with return code 0
