[2024-03-15 14:42:08,885] {taskinstance.py:896} INFO - Dependencies all met for <TaskInstance: airflow_exam.train_best_model 2024-03-15T14:41:00+00:00 [queued]>
[2024-03-15 14:42:08,908] {taskinstance.py:896} INFO - Dependencies all met for <TaskInstance: airflow_exam.train_best_model 2024-03-15T14:41:00+00:00 [queued]>
[2024-03-15 14:42:08,908] {taskinstance.py:1087} INFO - 
--------------------------------------------------------------------------------
[2024-03-15 14:42:08,908] {taskinstance.py:1088} INFO - Starting attempt 1 of 1
[2024-03-15 14:42:08,909] {taskinstance.py:1089} INFO - 
--------------------------------------------------------------------------------
[2024-03-15 14:42:08,921] {taskinstance.py:1107} INFO - Executing <Task(PythonOperator): train_best_model> on 2024-03-15T14:41:00+00:00
[2024-03-15 14:42:08,930] {standard_task_runner.py:52} INFO - Started process 9803 to run task
[2024-03-15 14:42:08,935] {standard_task_runner.py:76} INFO - Running: ['***', 'tasks', 'run', '***_exam', 'train_best_model', '2024-03-15T14:41:00+00:00', '--job-id', '2064', '--pool', 'default_pool', '--raw', '--subdir', 'DAGS_FOLDER/DAG.py', '--cfg-path', '/tmp/tmpc3xh5ot2', '--error-file', '/tmp/tmp4twmnbt2']
[2024-03-15 14:42:08,936] {standard_task_runner.py:77} INFO - Job 2064: Subtask train_best_model
[2024-03-15 14:42:08,997] {logging_mixin.py:104} INFO - Running <TaskInstance: ***_exam.train_best_model 2024-03-15T14:41:00+00:00 [running]> on host 3a3d0401ac26
[2024-03-15 14:42:09,077] {taskinstance.py:1302} INFO - Exporting the following env vars:
AIRFLOW_CTX_DAG_OWNER=***
AIRFLOW_CTX_DAG_ID=***_exam
AIRFLOW_CTX_TASK_ID=train_best_model
AIRFLOW_CTX_EXECUTION_DATE=2024-03-15T14:41:00+00:00
AIRFLOW_CTX_DAG_RUN_ID=scheduled__2024-03-15T14:41:00+00:00
[2024-03-15 14:42:09,218] {logging_mixin.py:104} INFO - LinearRegression() saved at  /app/clean_data/best_model.pickle
[2024-03-15 14:42:09,221] {python.py:151} INFO - Done. Returned value was: None
[2024-03-15 14:42:09,242] {taskinstance.py:1211} INFO - Marking task as SUCCESS. dag_id=***_exam, task_id=train_best_model, execution_date=20240315T144100, start_date=20240315T144208, end_date=20240315T144209
[2024-03-15 14:42:09,283] {taskinstance.py:1265} INFO - 0 downstream tasks scheduled from follow-on schedule check
[2024-03-15 14:42:09,308] {local_task_job.py:151} INFO - Task exited with return code 0
