[2024-03-20 23:50:07,077] {taskinstance.py:896} INFO - Dependencies all met for <TaskInstance: airflow_exam.transform_into_fulldata.csv 2024-03-20T23:49:00+00:00 [queued]>
[2024-03-20 23:50:07,099] {taskinstance.py:896} INFO - Dependencies all met for <TaskInstance: airflow_exam.transform_into_fulldata.csv 2024-03-20T23:49:00+00:00 [queued]>
[2024-03-20 23:50:07,099] {taskinstance.py:1087} INFO - 
--------------------------------------------------------------------------------
[2024-03-20 23:50:07,099] {taskinstance.py:1088} INFO - Starting attempt 1 of 1
[2024-03-20 23:50:07,099] {taskinstance.py:1089} INFO - 
--------------------------------------------------------------------------------
[2024-03-20 23:50:07,125] {taskinstance.py:1107} INFO - Executing <Task(PythonOperator): transform_into_fulldata.csv> on 2024-03-20T23:49:00+00:00
[2024-03-20 23:50:07,139] {standard_task_runner.py:52} INFO - Started process 42086 to run task
[2024-03-20 23:50:07,144] {standard_task_runner.py:76} INFO - Running: ['***', 'tasks', 'run', '***_exam', 'transform_into_fulldata.csv', '2024-03-20T23:49:00+00:00', '--job-id', '8213', '--pool', 'default_pool', '--raw', '--subdir', 'DAGS_FOLDER/DAG.py', '--cfg-path', '/tmp/tmp40kqq2vg', '--error-file', '/tmp/tmpd1n7s7t8']
[2024-03-20 23:50:07,145] {standard_task_runner.py:77} INFO - Job 8213: Subtask transform_into_fulldata.csv
[2024-03-20 23:50:07,221] {logging_mixin.py:104} INFO - Running <TaskInstance: ***_exam.transform_into_fulldata.csv 2024-03-20T23:49:00+00:00 [running]> on host 3a3d0401ac26
[2024-03-20 23:50:07,334] {taskinstance.py:1302} INFO - Exporting the following env vars:
AIRFLOW_CTX_DAG_OWNER=***
AIRFLOW_CTX_DAG_ID=***_exam
AIRFLOW_CTX_TASK_ID=transform_into_fulldata.csv
AIRFLOW_CTX_EXECUTION_DATE=2024-03-20T23:49:00+00:00
AIRFLOW_CTX_DAG_RUN_ID=scheduled__2024-03-20T23:49:00+00:00
[2024-03-20 23:50:07,477] {logging_mixin.py:104} INFO - 
[2024-03-20 23:50:07,505] {logging_mixin.py:104} INFO -     temperature        city  pression              date
0       286.34       Paris      1021  2024-03-20 23:50
1       284.70      London      1022  2024-03-20 23:50
2       290.25  Washington      1007  2024-03-20 23:50
3       286.34       Paris      1021  2024-03-20 23:49
4       284.70      London      1022  2024-03-20 23:49
5       290.25  Washington      1007  2024-03-20 23:49
6       286.34       Paris      1021  2024-03-20 23:48
7       284.74      London      1022  2024-03-20 23:48
8       290.25  Washington      1007  2024-03-20 23:48
9       286.34       Paris      1021  2024-03-20 23:47
[2024-03-20 23:50:07,524] {python.py:151} INFO - Done. Returned value was: None
[2024-03-20 23:50:07,539] {taskinstance.py:1211} INFO - Marking task as SUCCESS. dag_id=***_exam, task_id=transform_into_fulldata.csv, execution_date=20240320T234900, start_date=20240320T235007, end_date=20240320T235007
[2024-03-20 23:50:07,584] {taskinstance.py:1265} INFO - 3 downstream tasks scheduled from follow-on schedule check
[2024-03-20 23:50:07,640] {local_task_job.py:151} INFO - Task exited with return code 0
