[2024-03-21 19:07:04,468] {taskinstance.py:896} INFO - Dependencies all met for <TaskInstance: airflow_exam.transform_into_fulldata.csv 2024-03-21T19:06:00+00:00 [queued]>
[2024-03-21 19:07:04,499] {taskinstance.py:896} INFO - Dependencies all met for <TaskInstance: airflow_exam.transform_into_fulldata.csv 2024-03-21T19:06:00+00:00 [queued]>
[2024-03-21 19:07:04,499] {taskinstance.py:1087} INFO - 
--------------------------------------------------------------------------------
[2024-03-21 19:07:04,500] {taskinstance.py:1088} INFO - Starting attempt 1 of 1
[2024-03-21 19:07:04,500] {taskinstance.py:1089} INFO - 
--------------------------------------------------------------------------------
[2024-03-21 19:07:04,516] {taskinstance.py:1107} INFO - Executing <Task(PythonOperator): transform_into_fulldata.csv> on 2024-03-21T19:06:00+00:00
[2024-03-21 19:07:04,527] {standard_task_runner.py:52} INFO - Started process 44408 to run task
[2024-03-21 19:07:04,531] {standard_task_runner.py:76} INFO - Running: ['***', 'tasks', 'run', '***_exam', 'transform_into_fulldata.csv', '2024-03-21T19:06:00+00:00', '--job-id', '10494', '--pool', 'default_pool', '--raw', '--subdir', 'DAGS_FOLDER/DAG.py', '--cfg-path', '/tmp/tmpekclune6', '--error-file', '/tmp/tmpn4drkxtr']
[2024-03-21 19:07:04,532] {standard_task_runner.py:77} INFO - Job 10494: Subtask transform_into_fulldata.csv
[2024-03-21 19:07:04,597] {logging_mixin.py:104} INFO - Running <TaskInstance: ***_exam.transform_into_fulldata.csv 2024-03-21T19:06:00+00:00 [running]> on host 3a3d0401ac26
[2024-03-21 19:07:04,729] {taskinstance.py:1302} INFO - Exporting the following env vars:
AIRFLOW_CTX_DAG_OWNER=***
AIRFLOW_CTX_DAG_ID=***_exam
AIRFLOW_CTX_TASK_ID=transform_into_fulldata.csv
AIRFLOW_CTX_EXECUTION_DATE=2024-03-21T19:06:00+00:00
AIRFLOW_CTX_DAG_RUN_ID=scheduled__2024-03-21T19:06:00+00:00
[2024-03-21 19:07:04,893] {logging_mixin.py:104} INFO - 
[2024-03-21 19:07:04,925] {logging_mixin.py:104} INFO -     temperature        city  pression              date
0       288.98       Paris      1025  2024-03-21 19:07
1       287.24      London      1022  2024-03-21 19:07
2       286.40  Washington      1014  2024-03-21 19:07
3       288.98       Paris      1025  2024-03-21 19:06
4       287.24      London      1022  2024-03-21 19:06
5       286.40  Washington      1014  2024-03-21 19:06
6       289.14       Paris      1025  2024-03-21 19:05
7       287.23      London      1022  2024-03-21 19:05
8       286.24  Washington      1014  2024-03-21 19:05
9       289.14       Paris      1025  2024-03-21 19:04
[2024-03-21 19:07:04,946] {python.py:151} INFO - Done. Returned value was: None
[2024-03-21 19:07:04,961] {taskinstance.py:1211} INFO - Marking task as SUCCESS. dag_id=***_exam, task_id=transform_into_fulldata.csv, execution_date=20240321T190600, start_date=20240321T190704, end_date=20240321T190704
[2024-03-21 19:07:05,002] {taskinstance.py:1265} INFO - 3 downstream tasks scheduled from follow-on schedule check
[2024-03-21 19:07:05,025] {local_task_job.py:151} INFO - Task exited with return code 0
