[2024-03-20 22:07:04,943] {taskinstance.py:896} INFO - Dependencies all met for <TaskInstance: airflow_exam.transform_into_fulldata.csv 2024-03-20T22:06:00+00:00 [queued]>
[2024-03-20 22:07:04,968] {taskinstance.py:896} INFO - Dependencies all met for <TaskInstance: airflow_exam.transform_into_fulldata.csv 2024-03-20T22:06:00+00:00 [queued]>
[2024-03-20 22:07:04,969] {taskinstance.py:1087} INFO - 
--------------------------------------------------------------------------------
[2024-03-20 22:07:04,969] {taskinstance.py:1088} INFO - Starting attempt 1 of 1
[2024-03-20 22:07:04,969] {taskinstance.py:1089} INFO - 
--------------------------------------------------------------------------------
[2024-03-20 22:07:04,997] {taskinstance.py:1107} INFO - Executing <Task(PythonOperator): transform_into_fulldata.csv> on 2024-03-20T22:06:00+00:00
[2024-03-20 22:07:05,007] {standard_task_runner.py:52} INFO - Started process 20088 to run task
[2024-03-20 22:07:05,010] {standard_task_runner.py:76} INFO - Running: ['***', 'tasks', 'run', '***_exam', 'transform_into_fulldata.csv', '2024-03-20T22:06:00+00:00', '--job-id', '7492', '--pool', 'default_pool', '--raw', '--subdir', 'DAGS_FOLDER/DAG.py', '--cfg-path', '/tmp/tmpysa311ic', '--error-file', '/tmp/tmp20wbjab8']
[2024-03-20 22:07:05,011] {standard_task_runner.py:77} INFO - Job 7492: Subtask transform_into_fulldata.csv
[2024-03-20 22:07:05,073] {logging_mixin.py:104} INFO - Running <TaskInstance: ***_exam.transform_into_fulldata.csv 2024-03-20T22:06:00+00:00 [running]> on host 3a3d0401ac26
[2024-03-20 22:07:05,153] {taskinstance.py:1302} INFO - Exporting the following env vars:
AIRFLOW_CTX_DAG_OWNER=***
AIRFLOW_CTX_DAG_ID=***_exam
AIRFLOW_CTX_TASK_ID=transform_into_fulldata.csv
AIRFLOW_CTX_EXECUTION_DATE=2024-03-20T22:06:00+00:00
AIRFLOW_CTX_DAG_RUN_ID=scheduled__2024-03-20T22:06:00+00:00
[2024-03-20 22:07:05,249] {logging_mixin.py:104} INFO - 
[2024-03-20 22:07:05,280] {logging_mixin.py:104} INFO -     temperature        city  pression              date
0       286.79       Paris      1020  2024-03-20 22:07
1       285.24      London      1021  2024-03-20 22:07
2       290.57  Washington      1007  2024-03-20 22:07
3       286.82       Paris      1020  2024-03-20 22:06
4       285.24      London      1021  2024-03-20 22:06
5       290.58  Washington      1007  2024-03-20 22:06
6       286.82       Paris      1020  2024-03-20 22:05
7       285.24      London      1021  2024-03-20 22:05
8       290.58  Washington      1007  2024-03-20 22:05
9       286.82       Paris      1020  2024-03-20 22:04
[2024-03-20 22:07:05,294] {python.py:151} INFO - Done. Returned value was: None
[2024-03-20 22:07:05,308] {taskinstance.py:1211} INFO - Marking task as SUCCESS. dag_id=***_exam, task_id=transform_into_fulldata.csv, execution_date=20240320T220600, start_date=20240320T220704, end_date=20240320T220705
[2024-03-20 22:07:05,349] {taskinstance.py:1265} INFO - 3 downstream tasks scheduled from follow-on schedule check
[2024-03-20 22:07:05,384] {local_task_job.py:151} INFO - Task exited with return code 0
