[2024-03-21 18:19:08,363] {taskinstance.py:896} INFO - Dependencies all met for <TaskInstance: airflow_exam.transform_into_data.csv 2024-03-21T18:18:00+00:00 [queued]>
[2024-03-21 18:19:08,417] {taskinstance.py:896} INFO - Dependencies all met for <TaskInstance: airflow_exam.transform_into_data.csv 2024-03-21T18:18:00+00:00 [queued]>
[2024-03-21 18:19:08,417] {taskinstance.py:1087} INFO - 
--------------------------------------------------------------------------------
[2024-03-21 18:19:08,417] {taskinstance.py:1088} INFO - Starting attempt 1 of 1
[2024-03-21 18:19:08,417] {taskinstance.py:1089} INFO - 
--------------------------------------------------------------------------------
[2024-03-21 18:19:08,440] {taskinstance.py:1107} INFO - Executing <Task(PythonOperator): transform_into_data.csv> on 2024-03-21T18:18:00+00:00
[2024-03-21 18:19:08,454] {standard_task_runner.py:52} INFO - Started process 34122 to run task
[2024-03-21 18:19:08,460] {standard_task_runner.py:76} INFO - Running: ['***', 'tasks', 'run', '***_exam', 'transform_into_data.csv', '2024-03-21T18:18:00+00:00', '--job-id', '10158', '--pool', 'default_pool', '--raw', '--subdir', 'DAGS_FOLDER/DAG.py', '--cfg-path', '/tmp/tmp_1q4zizm', '--error-file', '/tmp/tmpst3rjqu0']
[2024-03-21 18:19:08,461] {standard_task_runner.py:77} INFO - Job 10158: Subtask transform_into_data.csv
[2024-03-21 18:19:08,551] {logging_mixin.py:104} INFO - Running <TaskInstance: ***_exam.transform_into_data.csv 2024-03-21T18:18:00+00:00 [running]> on host 3a3d0401ac26
[2024-03-21 18:19:08,681] {taskinstance.py:1302} INFO - Exporting the following env vars:
AIRFLOW_CTX_DAG_OWNER=***
AIRFLOW_CTX_DAG_ID=***_exam
AIRFLOW_CTX_TASK_ID=transform_into_data.csv
AIRFLOW_CTX_EXECUTION_DATE=2024-03-21T18:18:00+00:00
AIRFLOW_CTX_DAG_RUN_ID=scheduled__2024-03-21T18:18:00+00:00
[2024-03-21 18:19:08,692] {logging_mixin.py:104} INFO - 
[2024-03-21 18:19:08,728] {logging_mixin.py:104} INFO -     temperature        city  pression              date
0       289.91       Paris      1025  2024-03-21 18:19
1       287.98      London      1022  2024-03-21 18:19
2       284.73  Washington      1014  2024-03-21 18:19
3       289.91       Paris      1025  2024-03-21 18:18
4       287.98      London      1022  2024-03-21 18:18
5       284.73  Washington      1014  2024-03-21 18:18
6       289.91       Paris      1025  2024-03-21 18:17
7       287.98      London      1022  2024-03-21 18:17
8       284.73  Washington      1014  2024-03-21 18:17
9       290.56       Paris      1025  2024-03-21 18:16
[2024-03-21 18:19:08,735] {python.py:151} INFO - Done. Returned value was: None
[2024-03-21 18:19:08,760] {taskinstance.py:1211} INFO - Marking task as SUCCESS. dag_id=***_exam, task_id=transform_into_data.csv, execution_date=20240321T181800, start_date=20240321T181908, end_date=20240321T181908
[2024-03-21 18:19:08,815] {taskinstance.py:1265} INFO - 0 downstream tasks scheduled from follow-on schedule check
[2024-03-21 18:19:08,844] {local_task_job.py:151} INFO - Task exited with return code 0
