[2024-03-16 00:42:12,721] {taskinstance.py:896} INFO - Dependencies all met for <TaskInstance: airflow_exam.train_best_model 2024-03-16T00:41:00+00:00 [queued]>
[2024-03-16 00:42:12,753] {taskinstance.py:896} INFO - Dependencies all met for <TaskInstance: airflow_exam.train_best_model 2024-03-16T00:41:00+00:00 [queued]>
[2024-03-16 00:42:12,753] {taskinstance.py:1087} INFO - 
--------------------------------------------------------------------------------
[2024-03-16 00:42:12,753] {taskinstance.py:1088} INFO - Starting attempt 1 of 1
[2024-03-16 00:42:12,754] {taskinstance.py:1089} INFO - 
--------------------------------------------------------------------------------
[2024-03-16 00:42:12,770] {taskinstance.py:1107} INFO - Executing <Task(PythonOperator): train_best_model> on 2024-03-16T00:41:00+00:00
[2024-03-16 00:42:12,779] {standard_task_runner.py:52} INFO - Started process 104763 to run task
[2024-03-16 00:42:12,784] {standard_task_runner.py:76} INFO - Running: ['***', 'tasks', 'run', '***_exam', 'train_best_model', '2024-03-16T00:41:00+00:00', '--job-id', '5370', '--pool', 'default_pool', '--raw', '--subdir', 'DAGS_FOLDER/DAG.py', '--cfg-path', '/tmp/tmp89m2u1au', '--error-file', '/tmp/tmp0wqt31pr']
[2024-03-16 00:42:12,784] {standard_task_runner.py:77} INFO - Job 5370: Subtask train_best_model
[2024-03-16 00:42:12,840] {logging_mixin.py:104} INFO - Running <TaskInstance: ***_exam.train_best_model 2024-03-16T00:41:00+00:00 [running]> on host 3a3d0401ac26
[2024-03-16 00:42:12,924] {taskinstance.py:1302} INFO - Exporting the following env vars:
AIRFLOW_CTX_DAG_OWNER=***
AIRFLOW_CTX_DAG_ID=***_exam
AIRFLOW_CTX_TASK_ID=train_best_model
AIRFLOW_CTX_EXECUTION_DATE=2024-03-16T00:41:00+00:00
AIRFLOW_CTX_DAG_RUN_ID=scheduled__2024-03-16T00:41:00+00:00
[2024-03-16 00:42:13,201] {logging_mixin.py:104} INFO - LinearRegression() saved at  /app/clean_data/best_model.pickle
[2024-03-16 00:42:13,204] {python.py:151} INFO - Done. Returned value was: None
[2024-03-16 00:42:13,244] {taskinstance.py:1211} INFO - Marking task as SUCCESS. dag_id=***_exam, task_id=train_best_model, execution_date=20240316T004100, start_date=20240316T004212, end_date=20240316T004213
[2024-03-16 00:42:13,310] {taskinstance.py:1265} INFO - 0 downstream tasks scheduled from follow-on schedule check
[2024-03-16 00:42:13,340] {local_task_job.py:151} INFO - Task exited with return code 0
