[2024-03-15 18:16:02,139] {taskinstance.py:896} INFO - Dependencies all met for <TaskInstance: airflow_exam.retrieve_raw_data 2024-03-15T18:15:00+00:00 [queued]>
[2024-03-15 18:16:02,171] {taskinstance.py:896} INFO - Dependencies all met for <TaskInstance: airflow_exam.retrieve_raw_data 2024-03-15T18:15:00+00:00 [queued]>
[2024-03-15 18:16:02,171] {taskinstance.py:1087} INFO - 
--------------------------------------------------------------------------------
[2024-03-15 18:16:02,171] {taskinstance.py:1088} INFO - Starting attempt 1 of 6
[2024-03-15 18:16:02,171] {taskinstance.py:1089} INFO - 
--------------------------------------------------------------------------------
[2024-03-15 18:16:02,188] {taskinstance.py:1107} INFO - Executing <Task(PythonOperator): retrieve_raw_data> on 2024-03-15T18:15:00+00:00
[2024-03-15 18:16:02,198] {standard_task_runner.py:52} INFO - Started process 43687 to run task
[2024-03-15 18:16:02,202] {standard_task_runner.py:76} INFO - Running: ['***', 'tasks', 'run', '***_exam', 'retrieve_raw_data', '2024-03-15T18:15:00+00:00', '--job-id', '3263', '--pool', 'default_pool', '--raw', '--subdir', 'DAGS_FOLDER/DAG.py', '--cfg-path', '/tmp/tmpqrlsr2w6', '--error-file', '/tmp/tmp79v9rebt']
[2024-03-15 18:16:02,203] {standard_task_runner.py:77} INFO - Job 3263: Subtask retrieve_raw_data
[2024-03-15 18:16:02,271] {logging_mixin.py:104} INFO - Running <TaskInstance: ***_exam.retrieve_raw_data 2024-03-15T18:15:00+00:00 [running]> on host 3a3d0401ac26
[2024-03-15 18:16:02,364] {taskinstance.py:1302} INFO - Exporting the following env vars:
AIRFLOW_CTX_DAG_OWNER=***
AIRFLOW_CTX_DAG_ID=***_exam
AIRFLOW_CTX_TASK_ID=retrieve_raw_data
AIRFLOW_CTX_EXECUTION_DATE=2024-03-15T18:15:00+00:00
AIRFLOW_CTX_DAG_RUN_ID=scheduled__2024-03-15T18:15:00+00:00
[2024-03-15 18:16:02,837] {python.py:151} INFO - Done. Returned value was: None
[2024-03-15 18:16:02,851] {taskinstance.py:1211} INFO - Marking task as SUCCESS. dag_id=***_exam, task_id=retrieve_raw_data, execution_date=20240315T181500, start_date=20240315T181602, end_date=20240315T181602
[2024-03-15 18:16:02,904] {taskinstance.py:1265} INFO - 2 downstream tasks scheduled from follow-on schedule check
[2024-03-15 18:16:02,939] {local_task_job.py:151} INFO - Task exited with return code 0
