[2024-03-21 16:34:08,243] {taskinstance.py:896} INFO - Dependencies all met for <TaskInstance: airflow_exam.compute_lr_score 2024-03-21T16:33:00+00:00 [queued]>
[2024-03-21 16:34:08,268] {taskinstance.py:896} INFO - Dependencies all met for <TaskInstance: airflow_exam.compute_lr_score 2024-03-21T16:33:00+00:00 [queued]>
[2024-03-21 16:34:08,268] {taskinstance.py:1087} INFO - 
--------------------------------------------------------------------------------
[2024-03-21 16:34:08,268] {taskinstance.py:1088} INFO - Starting attempt 1 of 1
[2024-03-21 16:34:08,268] {taskinstance.py:1089} INFO - 
--------------------------------------------------------------------------------
[2024-03-21 16:34:08,281] {taskinstance.py:1107} INFO - Executing <Task(PythonOperator): compute_lr_score> on 2024-03-21T16:33:00+00:00
[2024-03-21 16:34:08,290] {standard_task_runner.py:52} INFO - Started process 11499 to run task
[2024-03-21 16:34:08,293] {standard_task_runner.py:76} INFO - Running: ['***', 'tasks', 'run', '***_exam', 'compute_lr_score', '2024-03-21T16:33:00+00:00', '--job-id', '9425', '--pool', 'default_pool', '--raw', '--subdir', 'DAGS_FOLDER/DAG.py', '--cfg-path', '/tmp/tmpxp9wvhr2', '--error-file', '/tmp/tmpffhf7sla']
[2024-03-21 16:34:08,294] {standard_task_runner.py:77} INFO - Job 9425: Subtask compute_lr_score
[2024-03-21 16:34:08,348] {logging_mixin.py:104} INFO - Running <TaskInstance: ***_exam.compute_lr_score 2024-03-21T16:33:00+00:00 [running]> on host 3a3d0401ac26
[2024-03-21 16:34:08,414] {taskinstance.py:1302} INFO - Exporting the following env vars:
AIRFLOW_CTX_DAG_OWNER=***
AIRFLOW_CTX_DAG_ID=***_exam
AIRFLOW_CTX_TASK_ID=compute_lr_score
AIRFLOW_CTX_EXECUTION_DATE=2024-03-21T16:33:00+00:00
AIRFLOW_CTX_DAG_RUN_ID=scheduled__2024-03-21T16:33:00+00:00
[2024-03-21 16:34:08,617] {python.py:151} INFO - Done. Returned value was: None
[2024-03-21 16:34:08,639] {taskinstance.py:1211} INFO - Marking task as SUCCESS. dag_id=***_exam, task_id=compute_lr_score, execution_date=20240321T163300, start_date=20240321T163408, end_date=20240321T163408
[2024-03-21 16:34:08,695] {taskinstance.py:1265} INFO - 0 downstream tasks scheduled from follow-on schedule check
[2024-03-21 16:34:08,748] {local_task_job.py:151} INFO - Task exited with return code 0
