[2024-03-16 02:57:05,489] {taskinstance.py:896} INFO - Dependencies all met for <TaskInstance: airflow_exam.transform_into_fulldata.csv 2024-03-16T02:56:00+00:00 [queued]>
[2024-03-16 02:57:05,529] {taskinstance.py:896} INFO - Dependencies all met for <TaskInstance: airflow_exam.transform_into_fulldata.csv 2024-03-16T02:56:00+00:00 [queued]>
[2024-03-16 02:57:05,529] {taskinstance.py:1087} INFO - 
--------------------------------------------------------------------------------
[2024-03-16 02:57:05,529] {taskinstance.py:1088} INFO - Starting attempt 1 of 1
[2024-03-16 02:57:05,530] {taskinstance.py:1089} INFO - 
--------------------------------------------------------------------------------
[2024-03-16 02:57:05,551] {taskinstance.py:1107} INFO - Executing <Task(PythonOperator): transform_into_fulldata.csv> on 2024-03-16T02:56:00+00:00
[2024-03-16 02:57:05,564] {standard_task_runner.py:52} INFO - Started process 133629 to run task
[2024-03-16 02:57:05,570] {standard_task_runner.py:76} INFO - Running: ['***', 'tasks', 'run', '***_exam', 'transform_into_fulldata.csv', '2024-03-16T02:56:00+00:00', '--job-id', '6310', '--pool', 'default_pool', '--raw', '--subdir', 'DAGS_FOLDER/DAG.py', '--cfg-path', '/tmp/tmpjvcibqnu', '--error-file', '/tmp/tmpen1acj7h']
[2024-03-16 02:57:05,571] {standard_task_runner.py:77} INFO - Job 6310: Subtask transform_into_fulldata.csv
[2024-03-16 02:57:05,666] {logging_mixin.py:104} INFO - Running <TaskInstance: ***_exam.transform_into_fulldata.csv 2024-03-16T02:56:00+00:00 [running]> on host 3a3d0401ac26
[2024-03-16 02:57:05,784] {taskinstance.py:1302} INFO - Exporting the following env vars:
AIRFLOW_CTX_DAG_OWNER=***
AIRFLOW_CTX_DAG_ID=***_exam
AIRFLOW_CTX_TASK_ID=transform_into_fulldata.csv
AIRFLOW_CTX_EXECUTION_DATE=2024-03-16T02:56:00+00:00
AIRFLOW_CTX_DAG_RUN_ID=scheduled__2024-03-16T02:56:00+00:00
[2024-03-16 02:57:05,917] {logging_mixin.py:104} INFO - 
[2024-03-16 02:57:05,960] {logging_mixin.py:104} INFO -     temperature        city  pression              date
0       284.22       Paris      1017  2024-03-16 02:57
1       281.44      London      1015  2024-03-16 02:57
2       281.53  Washington      1023  2024-03-16 02:57
3       284.22       Paris      1017  2024-03-16 02:56
4       281.32      London      1015  2024-03-16 02:56
5       281.53  Washington      1023  2024-03-16 02:56
6       284.22       Paris      1017  2024-03-16 02:55
7       281.32      London      1015  2024-03-16 02:55
8       281.53  Washington      1023  2024-03-16 02:55
9       284.22       Paris      1017  2024-03-16 02:54
[2024-03-16 02:57:05,984] {python.py:151} INFO - Done. Returned value was: None
[2024-03-16 02:57:06,006] {taskinstance.py:1211} INFO - Marking task as SUCCESS. dag_id=***_exam, task_id=transform_into_fulldata.csv, execution_date=20240316T025600, start_date=20240316T025705, end_date=20240316T025706
[2024-03-16 02:57:06,070] {taskinstance.py:1265} INFO - 3 downstream tasks scheduled from follow-on schedule check
[2024-03-16 02:57:06,107] {local_task_job.py:151} INFO - Task exited with return code 0
