[2024-03-15 18:40:04,009] {taskinstance.py:896} INFO - Dependencies all met for <TaskInstance: airflow_exam.transform_into_fulldata.csv 2024-03-15T18:39:00+00:00 [queued]>
[2024-03-15 18:40:04,031] {taskinstance.py:896} INFO - Dependencies all met for <TaskInstance: airflow_exam.transform_into_fulldata.csv 2024-03-15T18:39:00+00:00 [queued]>
[2024-03-15 18:40:04,031] {taskinstance.py:1087} INFO - 
--------------------------------------------------------------------------------
[2024-03-15 18:40:04,031] {taskinstance.py:1088} INFO - Starting attempt 1 of 1
[2024-03-15 18:40:04,031] {taskinstance.py:1089} INFO - 
--------------------------------------------------------------------------------
[2024-03-15 18:40:04,046] {taskinstance.py:1107} INFO - Executing <Task(PythonOperator): transform_into_fulldata.csv> on 2024-03-15T18:39:00+00:00
[2024-03-15 18:40:04,056] {standard_task_runner.py:52} INFO - Started process 48492 to run task
[2024-03-15 18:40:04,060] {standard_task_runner.py:76} INFO - Running: ['***', 'tasks', 'run', '***_exam', 'transform_into_fulldata.csv', '2024-03-15T18:39:00+00:00', '--job-id', '3433', '--pool', 'default_pool', '--raw', '--subdir', 'DAGS_FOLDER/DAG.py', '--cfg-path', '/tmp/tmpde3x292u', '--error-file', '/tmp/tmpzs4kwijt']
[2024-03-15 18:40:04,060] {standard_task_runner.py:77} INFO - Job 3433: Subtask transform_into_fulldata.csv
[2024-03-15 18:40:04,116] {logging_mixin.py:104} INFO - Running <TaskInstance: ***_exam.transform_into_fulldata.csv 2024-03-15T18:39:00+00:00 [running]> on host 3a3d0401ac26
[2024-03-15 18:40:04,191] {taskinstance.py:1302} INFO - Exporting the following env vars:
AIRFLOW_CTX_DAG_OWNER=***
AIRFLOW_CTX_DAG_ID=***_exam
AIRFLOW_CTX_TASK_ID=transform_into_fulldata.csv
AIRFLOW_CTX_EXECUTION_DATE=2024-03-15T18:39:00+00:00
AIRFLOW_CTX_DAG_RUN_ID=scheduled__2024-03-15T18:39:00+00:00
[2024-03-15 18:40:04,486] {logging_mixin.py:104} INFO - 
[2024-03-15 18:40:04,507] {logging_mixin.py:104} INFO -     temperature        city  pression              date
0       286.69       Paris      1012  2024-03-15 18:40
1       285.48      London      1006  2024-03-15 18:40
2       282.36  Washington      1025  2024-03-15 18:40
3       286.69       Paris      1012  2024-03-15 18:39
4       285.48      London      1006  2024-03-15 18:39
5       282.36  Washington      1025  2024-03-15 18:39
6       286.69       Paris      1012  2024-03-15 18:38
7       285.48      London      1006  2024-03-15 18:38
8       282.36  Washington      1025  2024-03-15 18:38
9       286.69       Paris      1012  2024-03-15 18:37
[2024-03-15 18:40:04,515] {python.py:151} INFO - Done. Returned value was: None
[2024-03-15 18:40:04,530] {taskinstance.py:1211} INFO - Marking task as SUCCESS. dag_id=***_exam, task_id=transform_into_fulldata.csv, execution_date=20240315T183900, start_date=20240315T184004, end_date=20240315T184004
[2024-03-15 18:40:04,574] {taskinstance.py:1265} INFO - 3 downstream tasks scheduled from follow-on schedule check
[2024-03-15 18:40:04,594] {local_task_job.py:151} INFO - Task exited with return code 0
