[2024-03-16 03:33:02,272] {taskinstance.py:896} INFO - Dependencies all met for <TaskInstance: airflow_exam.retrieve_raw_data 2024-03-16T03:32:00+00:00 [queued]>
[2024-03-16 03:33:02,295] {taskinstance.py:896} INFO - Dependencies all met for <TaskInstance: airflow_exam.retrieve_raw_data 2024-03-16T03:32:00+00:00 [queued]>
[2024-03-16 03:33:02,296] {taskinstance.py:1087} INFO - 
--------------------------------------------------------------------------------
[2024-03-16 03:33:02,296] {taskinstance.py:1088} INFO - Starting attempt 1 of 6
[2024-03-16 03:33:02,296] {taskinstance.py:1089} INFO - 
--------------------------------------------------------------------------------
[2024-03-16 03:33:02,308] {taskinstance.py:1107} INFO - Executing <Task(PythonOperator): retrieve_raw_data> on 2024-03-16T03:32:00+00:00
[2024-03-16 03:33:02,318] {standard_task_runner.py:52} INFO - Started process 141269 to run task
[2024-03-16 03:33:02,321] {standard_task_runner.py:76} INFO - Running: ['***', 'tasks', 'run', '***_exam', 'retrieve_raw_data', '2024-03-16T03:32:00+00:00', '--job-id', '6561', '--pool', 'default_pool', '--raw', '--subdir', 'DAGS_FOLDER/DAG.py', '--cfg-path', '/tmp/tmpvcoxkwj2', '--error-file', '/tmp/tmp3z2mh6b6']
[2024-03-16 03:33:02,322] {standard_task_runner.py:77} INFO - Job 6561: Subtask retrieve_raw_data
[2024-03-16 03:33:02,379] {logging_mixin.py:104} INFO - Running <TaskInstance: ***_exam.retrieve_raw_data 2024-03-16T03:32:00+00:00 [running]> on host 3a3d0401ac26
[2024-03-16 03:33:02,460] {taskinstance.py:1302} INFO - Exporting the following env vars:
AIRFLOW_CTX_DAG_OWNER=***
AIRFLOW_CTX_DAG_ID=***_exam
AIRFLOW_CTX_TASK_ID=retrieve_raw_data
AIRFLOW_CTX_EXECUTION_DATE=2024-03-16T03:32:00+00:00
AIRFLOW_CTX_DAG_RUN_ID=scheduled__2024-03-16T03:32:00+00:00
[2024-03-16 03:33:02,952] {python.py:151} INFO - Done. Returned value was: None
[2024-03-16 03:33:02,966] {taskinstance.py:1211} INFO - Marking task as SUCCESS. dag_id=***_exam, task_id=retrieve_raw_data, execution_date=20240316T033200, start_date=20240316T033302, end_date=20240316T033302
[2024-03-16 03:33:03,010] {taskinstance.py:1265} INFO - 2 downstream tasks scheduled from follow-on schedule check
[2024-03-16 03:33:03,057] {local_task_job.py:151} INFO - Task exited with return code 0
