[2024-03-21 20:24:05,681] {taskinstance.py:896} INFO - Dependencies all met for <TaskInstance: airflow_exam.transform_into_data.csv 2024-03-21T20:23:00+00:00 [queued]>
[2024-03-21 20:24:05,709] {taskinstance.py:896} INFO - Dependencies all met for <TaskInstance: airflow_exam.transform_into_data.csv 2024-03-21T20:23:00+00:00 [queued]>
[2024-03-21 20:24:05,709] {taskinstance.py:1087} INFO - 
--------------------------------------------------------------------------------
[2024-03-21 20:24:05,709] {taskinstance.py:1088} INFO - Starting attempt 1 of 1
[2024-03-21 20:24:05,709] {taskinstance.py:1089} INFO - 
--------------------------------------------------------------------------------
[2024-03-21 20:24:05,728] {taskinstance.py:1107} INFO - Executing <Task(PythonOperator): transform_into_data.csv> on 2024-03-21T20:23:00+00:00
[2024-03-21 20:24:05,740] {standard_task_runner.py:52} INFO - Started process 61114 to run task
[2024-03-21 20:24:05,745] {standard_task_runner.py:76} INFO - Running: ['***', 'tasks', 'run', '***_exam', 'transform_into_data.csv', '2024-03-21T20:23:00+00:00', '--job-id', '11033', '--pool', 'default_pool', '--raw', '--subdir', 'DAGS_FOLDER/DAG.py', '--cfg-path', '/tmp/tmp3z4v64h0', '--error-file', '/tmp/tmpn8se2vyu']
[2024-03-21 20:24:05,745] {standard_task_runner.py:77} INFO - Job 11033: Subtask transform_into_data.csv
[2024-03-21 20:24:05,810] {logging_mixin.py:104} INFO - Running <TaskInstance: ***_exam.transform_into_data.csv 2024-03-21T20:23:00+00:00 [running]> on host 3a3d0401ac26
[2024-03-21 20:24:05,901] {taskinstance.py:1302} INFO - Exporting the following env vars:
AIRFLOW_CTX_DAG_OWNER=***
AIRFLOW_CTX_DAG_ID=***_exam
AIRFLOW_CTX_TASK_ID=transform_into_data.csv
AIRFLOW_CTX_EXECUTION_DATE=2024-03-21T20:23:00+00:00
AIRFLOW_CTX_DAG_RUN_ID=scheduled__2024-03-21T20:23:00+00:00
[2024-03-21 20:24:05,908] {logging_mixin.py:104} INFO - 
[2024-03-21 20:24:05,938] {logging_mixin.py:104} INFO -     temperature        city  pression              date
0       287.79       Paris      1025  2024-03-21 20:24
1       286.05      London      1022  2024-03-21 20:24
2       287.52  Washington      1013  2024-03-21 20:24
3       287.79       Paris      1025  2024-03-21 20:23
4       286.05      London      1022  2024-03-21 20:23
5       287.52  Washington      1013  2024-03-21 20:23
6       287.79       Paris      1025  2024-03-21 20:22
7       286.05      London      1022  2024-03-21 20:22
8       287.52  Washington      1013  2024-03-21 20:22
9       287.79       Paris      1025  2024-03-21 20:21
[2024-03-21 20:24:05,942] {python.py:151} INFO - Done. Returned value was: None
[2024-03-21 20:24:05,958] {taskinstance.py:1211} INFO - Marking task as SUCCESS. dag_id=***_exam, task_id=transform_into_data.csv, execution_date=20240321T202300, start_date=20240321T202405, end_date=20240321T202405
[2024-03-21 20:24:06,002] {taskinstance.py:1265} INFO - 0 downstream tasks scheduled from follow-on schedule check
[2024-03-21 20:24:06,038] {local_task_job.py:151} INFO - Task exited with return code 0
