[2024-03-21 01:30:07,981] {taskinstance.py:896} INFO - Dependencies all met for <TaskInstance: airflow_exam.compute_dt_score 2024-03-21T01:29:00+00:00 [queued]>
[2024-03-21 01:30:08,002] {taskinstance.py:896} INFO - Dependencies all met for <TaskInstance: airflow_exam.compute_dt_score 2024-03-21T01:29:00+00:00 [queued]>
[2024-03-21 01:30:08,003] {taskinstance.py:1087} INFO - 
--------------------------------------------------------------------------------
[2024-03-21 01:30:08,003] {taskinstance.py:1088} INFO - Starting attempt 1 of 1
[2024-03-21 01:30:08,003] {taskinstance.py:1089} INFO - 
--------------------------------------------------------------------------------
[2024-03-21 01:30:08,028] {taskinstance.py:1107} INFO - Executing <Task(PythonOperator): compute_dt_score> on 2024-03-21T01:29:00+00:00
[2024-03-21 01:30:08,040] {standard_task_runner.py:52} INFO - Started process 14990 to run task
[2024-03-21 01:30:08,046] {standard_task_runner.py:76} INFO - Running: ['***', 'tasks', 'run', '***_exam', 'compute_dt_score', '2024-03-21T01:29:00+00:00', '--job-id', '8860', '--pool', 'default_pool', '--raw', '--subdir', 'DAGS_FOLDER/DAG.py', '--cfg-path', '/tmp/tmpjuzku40b', '--error-file', '/tmp/tmppg5ms9re']
[2024-03-21 01:30:08,047] {standard_task_runner.py:77} INFO - Job 8860: Subtask compute_dt_score
[2024-03-21 01:30:08,135] {logging_mixin.py:104} INFO - Running <TaskInstance: ***_exam.compute_dt_score 2024-03-21T01:29:00+00:00 [running]> on host 3a3d0401ac26
[2024-03-21 01:30:08,244] {taskinstance.py:1302} INFO - Exporting the following env vars:
AIRFLOW_CTX_DAG_OWNER=***
AIRFLOW_CTX_DAG_ID=***_exam
AIRFLOW_CTX_TASK_ID=compute_dt_score
AIRFLOW_CTX_EXECUTION_DATE=2024-03-21T01:29:00+00:00
AIRFLOW_CTX_DAG_RUN_ID=scheduled__2024-03-21T01:29:00+00:00
[2024-03-21 01:30:08,788] {python.py:151} INFO - Done. Returned value was: None
[2024-03-21 01:30:08,809] {taskinstance.py:1211} INFO - Marking task as SUCCESS. dag_id=***_exam, task_id=compute_dt_score, execution_date=20240321T012900, start_date=20240321T013007, end_date=20240321T013008
[2024-03-21 01:30:08,866] {taskinstance.py:1265} INFO - 0 downstream tasks scheduled from follow-on schedule check
[2024-03-21 01:30:08,886] {local_task_job.py:151} INFO - Task exited with return code 0
