[2024-03-21 18:01:03,764] {taskinstance.py:896} INFO - Dependencies all met for <TaskInstance: airflow_exam.transform_into_data.csv 2024-03-21T18:00:00+00:00 [queued]>
[2024-03-21 18:01:03,788] {taskinstance.py:896} INFO - Dependencies all met for <TaskInstance: airflow_exam.transform_into_data.csv 2024-03-21T18:00:00+00:00 [queued]>
[2024-03-21 18:01:03,789] {taskinstance.py:1087} INFO - 
--------------------------------------------------------------------------------
[2024-03-21 18:01:03,789] {taskinstance.py:1088} INFO - Starting attempt 1 of 1
[2024-03-21 18:01:03,789] {taskinstance.py:1089} INFO - 
--------------------------------------------------------------------------------
[2024-03-21 18:01:03,804] {taskinstance.py:1107} INFO - Executing <Task(PythonOperator): transform_into_data.csv> on 2024-03-21T18:00:00+00:00
[2024-03-21 18:01:03,814] {standard_task_runner.py:52} INFO - Started process 30227 to run task
[2024-03-21 18:01:03,819] {standard_task_runner.py:76} INFO - Running: ['***', 'tasks', 'run', '***_exam', 'transform_into_data.csv', '2024-03-21T18:00:00+00:00', '--job-id', '10031', '--pool', 'default_pool', '--raw', '--subdir', 'DAGS_FOLDER/DAG.py', '--cfg-path', '/tmp/tmprel49zg0', '--error-file', '/tmp/tmpb6cb9dh4']
[2024-03-21 18:01:03,819] {standard_task_runner.py:77} INFO - Job 10031: Subtask transform_into_data.csv
[2024-03-21 18:01:03,872] {logging_mixin.py:104} INFO - Running <TaskInstance: ***_exam.transform_into_data.csv 2024-03-21T18:00:00+00:00 [running]> on host 3a3d0401ac26
[2024-03-21 18:01:03,948] {taskinstance.py:1302} INFO - Exporting the following env vars:
AIRFLOW_CTX_DAG_OWNER=***
AIRFLOW_CTX_DAG_ID=***_exam
AIRFLOW_CTX_TASK_ID=transform_into_data.csv
AIRFLOW_CTX_EXECUTION_DATE=2024-03-21T18:00:00+00:00
AIRFLOW_CTX_DAG_RUN_ID=scheduled__2024-03-21T18:00:00+00:00
[2024-03-21 18:01:03,958] {logging_mixin.py:104} INFO - 
[2024-03-21 18:01:03,981] {logging_mixin.py:104} INFO -     temperature        city  pression              date
0       290.85       Paris      1025  2024-03-21 18:01
1       288.22      London      1022  2024-03-21 18:01
2       284.21  Washington      1014  2024-03-21 18:01
3       290.85       Paris      1025  2024-03-21 18:00
4       288.22      London      1022  2024-03-21 18:00
5       284.21  Washington      1014  2024-03-21 18:00
6       290.85       Paris      1025  2024-03-21 17:59
7       288.22      London      1022  2024-03-21 17:59
8       284.21  Washington      1014  2024-03-21 17:59
9       290.85       Paris      1025  2024-03-21 17:58
[2024-03-21 18:01:03,987] {python.py:151} INFO - Done. Returned value was: None
[2024-03-21 18:01:04,005] {taskinstance.py:1211} INFO - Marking task as SUCCESS. dag_id=***_exam, task_id=transform_into_data.csv, execution_date=20240321T180000, start_date=20240321T180103, end_date=20240321T180104
[2024-03-21 18:01:04,043] {taskinstance.py:1265} INFO - 0 downstream tasks scheduled from follow-on schedule check
[2024-03-21 18:01:04,071] {local_task_job.py:151} INFO - Task exited with return code 0
