[2024-03-20 21:04:01,666] {taskinstance.py:896} INFO - Dependencies all met for <TaskInstance: airflow_exam.retrieve_raw_data 2024-03-20T21:03:00+00:00 [queued]>
[2024-03-20 21:04:01,684] {taskinstance.py:896} INFO - Dependencies all met for <TaskInstance: airflow_exam.retrieve_raw_data 2024-03-20T21:03:00+00:00 [queued]>
[2024-03-20 21:04:01,684] {taskinstance.py:1087} INFO - 
--------------------------------------------------------------------------------
[2024-03-20 21:04:01,684] {taskinstance.py:1088} INFO - Starting attempt 1 of 6
[2024-03-20 21:04:01,685] {taskinstance.py:1089} INFO - 
--------------------------------------------------------------------------------
[2024-03-20 21:04:01,710] {taskinstance.py:1107} INFO - Executing <Task(PythonOperator): retrieve_raw_data> on 2024-03-20T21:03:00+00:00
[2024-03-20 21:04:01,720] {standard_task_runner.py:52} INFO - Started process 7266 to run task
[2024-03-20 21:04:01,725] {standard_task_runner.py:76} INFO - Running: ['***', 'tasks', 'run', '***_exam', 'retrieve_raw_data', '2024-03-20T21:03:00+00:00', '--job-id', '7064', '--pool', 'default_pool', '--raw', '--subdir', 'DAGS_FOLDER/DAG.py', '--cfg-path', '/tmp/tmpo3oiso2l', '--error-file', '/tmp/tmp49pk99po']
[2024-03-20 21:04:01,725] {standard_task_runner.py:77} INFO - Job 7064: Subtask retrieve_raw_data
[2024-03-20 21:04:01,782] {logging_mixin.py:104} INFO - Running <TaskInstance: ***_exam.retrieve_raw_data 2024-03-20T21:03:00+00:00 [running]> on host 3a3d0401ac26
[2024-03-20 21:04:01,861] {taskinstance.py:1302} INFO - Exporting the following env vars:
AIRFLOW_CTX_DAG_OWNER=***
AIRFLOW_CTX_DAG_ID=***_exam
AIRFLOW_CTX_TASK_ID=retrieve_raw_data
AIRFLOW_CTX_EXECUTION_DATE=2024-03-20T21:03:00+00:00
AIRFLOW_CTX_DAG_RUN_ID=scheduled__2024-03-20T21:03:00+00:00
[2024-03-20 21:04:02,394] {python.py:151} INFO - Done. Returned value was: None
[2024-03-20 21:04:02,410] {taskinstance.py:1211} INFO - Marking task as SUCCESS. dag_id=***_exam, task_id=retrieve_raw_data, execution_date=20240320T210300, start_date=20240320T210401, end_date=20240320T210402
[2024-03-20 21:04:02,463] {taskinstance.py:1265} INFO - 2 downstream tasks scheduled from follow-on schedule check
[2024-03-20 21:04:02,500] {local_task_job.py:151} INFO - Task exited with return code 0
