[2023-10-07 15:53:55,394] {taskinstance.py:896} INFO - Dependencies all met for <TaskInstance: airflow_exam.compute_lr_score 2023-10-07T15:28:00+00:00 [queued]>
[2023-10-07 15:53:55,502] {taskinstance.py:896} INFO - Dependencies all met for <TaskInstance: airflow_exam.compute_lr_score 2023-10-07T15:28:00+00:00 [queued]>
[2023-10-07 15:53:55,503] {taskinstance.py:1087} INFO - 
--------------------------------------------------------------------------------
[2023-10-07 15:53:55,503] {taskinstance.py:1088} INFO - Starting attempt 1 of 1
[2023-10-07 15:53:55,503] {taskinstance.py:1089} INFO - 
--------------------------------------------------------------------------------
[2023-10-07 15:53:55,568] {taskinstance.py:1107} INFO - Executing <Task(PythonOperator): compute_lr_score> on 2023-10-07T15:28:00+00:00
[2023-10-07 15:53:55,582] {standard_task_runner.py:52} INFO - Started process 937 to run task
[2023-10-07 15:53:55,593] {standard_task_runner.py:76} INFO - Running: ['***', 'tasks', 'run', '***_exam', 'compute_lr_score', '2023-10-07T15:28:00+00:00', '--job-id', '1210', '--pool', 'default_pool', '--raw', '--subdir', 'DAGS_FOLDER/DAG.py', '--cfg-path', '/tmp/tmpo7r_lzrk', '--error-file', '/tmp/tmpqxjjfsam']
[2023-10-07 15:53:55,594] {standard_task_runner.py:77} INFO - Job 1210: Subtask compute_lr_score
[2023-10-07 15:53:55,721] {logging_mixin.py:104} INFO - Running <TaskInstance: ***_exam.compute_lr_score 2023-10-07T15:28:00+00:00 [running]> on host 3a3d0401ac26
[2023-10-07 15:53:55,838] {taskinstance.py:1302} INFO - Exporting the following env vars:
AIRFLOW_CTX_DAG_OWNER=***
AIRFLOW_CTX_DAG_ID=***_exam
AIRFLOW_CTX_TASK_ID=compute_lr_score
AIRFLOW_CTX_EXECUTION_DATE=2023-10-07T15:28:00+00:00
AIRFLOW_CTX_DAG_RUN_ID=scheduled__2023-10-07T15:28:00+00:00
[2023-10-07 15:53:56,244] {python.py:151} INFO - Done. Returned value was: None
[2023-10-07 15:53:56,281] {taskinstance.py:1211} INFO - Marking task as SUCCESS. dag_id=***_exam, task_id=compute_lr_score, execution_date=20231007T152800, start_date=20231007T155355, end_date=20231007T155356
[2023-10-07 15:53:56,360] {taskinstance.py:1265} INFO - 0 downstream tasks scheduled from follow-on schedule check
[2023-10-07 15:53:56,419] {local_task_job.py:151} INFO - Task exited with return code 0
