[2024-03-15 18:02:12,075] {taskinstance.py:896} INFO - Dependencies all met for <TaskInstance: airflow_exam.train_best_model 2024-03-15T18:01:00+00:00 [queued]>
[2024-03-15 18:02:12,099] {taskinstance.py:896} INFO - Dependencies all met for <TaskInstance: airflow_exam.train_best_model 2024-03-15T18:01:00+00:00 [queued]>
[2024-03-15 18:02:12,099] {taskinstance.py:1087} INFO - 
--------------------------------------------------------------------------------
[2024-03-15 18:02:12,099] {taskinstance.py:1088} INFO - Starting attempt 1 of 1
[2024-03-15 18:02:12,099] {taskinstance.py:1089} INFO - 
--------------------------------------------------------------------------------
[2024-03-15 18:02:12,115] {taskinstance.py:1107} INFO - Executing <Task(PythonOperator): train_best_model> on 2024-03-15T18:01:00+00:00
[2024-03-15 18:02:12,140] {standard_task_runner.py:52} INFO - Started process 40931 to run task
[2024-03-15 18:02:12,144] {standard_task_runner.py:76} INFO - Running: ['***', 'tasks', 'run', '***_exam', 'train_best_model', '2024-03-15T18:01:00+00:00', '--job-id', '3171', '--pool', 'default_pool', '--raw', '--subdir', 'DAGS_FOLDER/DAG.py', '--cfg-path', '/tmp/tmp09e7f4pk', '--error-file', '/tmp/tmpv9j8s00g']
[2024-03-15 18:02:12,144] {standard_task_runner.py:77} INFO - Job 3171: Subtask train_best_model
[2024-03-15 18:02:12,215] {logging_mixin.py:104} INFO - Running <TaskInstance: ***_exam.train_best_model 2024-03-15T18:01:00+00:00 [running]> on host 3a3d0401ac26
[2024-03-15 18:02:12,289] {taskinstance.py:1302} INFO - Exporting the following env vars:
AIRFLOW_CTX_DAG_OWNER=***
AIRFLOW_CTX_DAG_ID=***_exam
AIRFLOW_CTX_TASK_ID=train_best_model
AIRFLOW_CTX_EXECUTION_DATE=2024-03-15T18:01:00+00:00
AIRFLOW_CTX_DAG_RUN_ID=scheduled__2024-03-15T18:01:00+00:00
[2024-03-15 18:02:12,431] {logging_mixin.py:104} INFO - LinearRegression() saved at  /app/clean_data/best_model.pickle
[2024-03-15 18:02:12,433] {python.py:151} INFO - Done. Returned value was: None
[2024-03-15 18:02:12,447] {taskinstance.py:1211} INFO - Marking task as SUCCESS. dag_id=***_exam, task_id=train_best_model, execution_date=20240315T180100, start_date=20240315T180212, end_date=20240315T180212
[2024-03-15 18:02:12,487] {taskinstance.py:1265} INFO - 0 downstream tasks scheduled from follow-on schedule check
[2024-03-15 18:02:12,510] {local_task_job.py:151} INFO - Task exited with return code 0
