[2024-03-20 21:12:06,208] {taskinstance.py:896} INFO - Dependencies all met for <TaskInstance: airflow_exam.transform_into_data.csv 2024-03-20T21:11:00+00:00 [queued]>
[2024-03-20 21:12:06,239] {taskinstance.py:896} INFO - Dependencies all met for <TaskInstance: airflow_exam.transform_into_data.csv 2024-03-20T21:11:00+00:00 [queued]>
[2024-03-20 21:12:06,239] {taskinstance.py:1087} INFO - 
--------------------------------------------------------------------------------
[2024-03-20 21:12:06,239] {taskinstance.py:1088} INFO - Starting attempt 1 of 1
[2024-03-20 21:12:06,239] {taskinstance.py:1089} INFO - 
--------------------------------------------------------------------------------
[2024-03-20 21:12:06,296] {taskinstance.py:1107} INFO - Executing <Task(PythonOperator): transform_into_data.csv> on 2024-03-20T21:11:00+00:00
[2024-03-20 21:12:06,325] {standard_task_runner.py:52} INFO - Started process 8383 to run task
[2024-03-20 21:12:06,328] {standard_task_runner.py:76} INFO - Running: ['***', 'tasks', 'run', '***_exam', 'transform_into_data.csv', '2024-03-20T21:11:00+00:00', '--job-id', '7107', '--pool', 'default_pool', '--raw', '--subdir', 'DAGS_FOLDER/DAG.py', '--cfg-path', '/tmp/tmppvzb0lnn', '--error-file', '/tmp/tmpyjxs66jp']
[2024-03-20 21:12:06,329] {standard_task_runner.py:77} INFO - Job 7107: Subtask transform_into_data.csv
[2024-03-20 21:12:06,481] {logging_mixin.py:104} INFO - Running <TaskInstance: ***_exam.transform_into_data.csv 2024-03-20T21:11:00+00:00 [running]> on host 3a3d0401ac26
[2024-03-20 21:12:06,616] {taskinstance.py:1302} INFO - Exporting the following env vars:
AIRFLOW_CTX_DAG_OWNER=***
AIRFLOW_CTX_DAG_ID=***_exam
AIRFLOW_CTX_TASK_ID=transform_into_data.csv
AIRFLOW_CTX_EXECUTION_DATE=2024-03-20T21:11:00+00:00
AIRFLOW_CTX_DAG_RUN_ID=scheduled__2024-03-20T21:11:00+00:00
[2024-03-20 21:12:06,636] {logging_mixin.py:104} INFO - 
[2024-03-20 21:12:06,674] {logging_mixin.py:104} INFO -     temperature        city  pression              date
0       286.46       Paris      1019  2024-03-20 21:12
1       286.21      London      1020  2024-03-20 21:12
2       290.58  Washington      1008  2024-03-20 21:12
3       286.46       Paris      1019  2024-03-20 21:11
4       286.21      London      1020  2024-03-20 21:11
5       290.58  Washington      1008  2024-03-20 21:11
6       286.50       Paris      1019  2024-03-20 21:07
7       286.21      London      1020  2024-03-20 21:07
8       290.58  Washington      1008  2024-03-20 21:07
9       286.50       Paris      1019  2024-03-20 21:06
[2024-03-20 21:12:06,680] {python.py:151} INFO - Done. Returned value was: None
[2024-03-20 21:12:06,702] {taskinstance.py:1211} INFO - Marking task as SUCCESS. dag_id=***_exam, task_id=transform_into_data.csv, execution_date=20240320T211100, start_date=20240320T211206, end_date=20240320T211206
[2024-03-20 21:12:06,768] {taskinstance.py:1265} INFO - 0 downstream tasks scheduled from follow-on schedule check
[2024-03-20 21:12:06,795] {local_task_job.py:151} INFO - Task exited with return code 0
