[2023-10-12 17:41:07,484] {taskinstance.py:896} INFO - Dependencies all met for <TaskInstance: airflow_exam.compute_dt_score 2023-10-12T17:40:00+00:00 [queued]>
[2023-10-12 17:41:07,513] {taskinstance.py:896} INFO - Dependencies all met for <TaskInstance: airflow_exam.compute_dt_score 2023-10-12T17:40:00+00:00 [queued]>
[2023-10-12 17:41:07,514] {taskinstance.py:1087} INFO - 
--------------------------------------------------------------------------------
[2023-10-12 17:41:07,514] {taskinstance.py:1088} INFO - Starting attempt 1 of 1
[2023-10-12 17:41:07,514] {taskinstance.py:1089} INFO - 
--------------------------------------------------------------------------------
[2023-10-12 17:41:07,551] {taskinstance.py:1107} INFO - Executing <Task(PythonOperator): compute_dt_score> on 2023-10-12T17:40:00+00:00
[2023-10-12 17:41:07,574] {standard_task_runner.py:52} INFO - Started process 2321 to run task
[2023-10-12 17:41:07,583] {standard_task_runner.py:76} INFO - Running: ['***', 'tasks', 'run', '***_exam', 'compute_dt_score', '2023-10-12T17:40:00+00:00', '--job-id', '1658', '--pool', 'default_pool', '--raw', '--subdir', 'DAGS_FOLDER/DAG.py', '--cfg-path', '/tmp/tmpsmozoywu', '--error-file', '/tmp/tmp3690ekk0']
[2023-10-12 17:41:07,584] {standard_task_runner.py:77} INFO - Job 1658: Subtask compute_dt_score
[2023-10-12 17:41:07,663] {logging_mixin.py:104} INFO - Running <TaskInstance: ***_exam.compute_dt_score 2023-10-12T17:40:00+00:00 [running]> on host 3a3d0401ac26
[2023-10-12 17:41:07,887] {taskinstance.py:1302} INFO - Exporting the following env vars:
AIRFLOW_CTX_DAG_OWNER=***
AIRFLOW_CTX_DAG_ID=***_exam
AIRFLOW_CTX_TASK_ID=compute_dt_score
AIRFLOW_CTX_EXECUTION_DATE=2023-10-12T17:40:00+00:00
AIRFLOW_CTX_DAG_RUN_ID=scheduled__2023-10-12T17:40:00+00:00
[2023-10-12 17:41:08,438] {python.py:151} INFO - Done. Returned value was: None
[2023-10-12 17:41:08,502] {taskinstance.py:1211} INFO - Marking task as SUCCESS. dag_id=***_exam, task_id=compute_dt_score, execution_date=20231012T174000, start_date=20231012T174107, end_date=20231012T174108
[2023-10-12 17:41:08,700] {taskinstance.py:1265} INFO - 0 downstream tasks scheduled from follow-on schedule check
[2023-10-12 17:41:08,799] {local_task_job.py:151} INFO - Task exited with return code 0
