[2024-03-15 16:24:02,381] {taskinstance.py:896} INFO - Dependencies all met for <TaskInstance: airflow_exam.retrieve_raw_data 2024-03-15T16:23:00+00:00 [queued]>
[2024-03-15 16:24:02,410] {taskinstance.py:896} INFO - Dependencies all met for <TaskInstance: airflow_exam.retrieve_raw_data 2024-03-15T16:23:00+00:00 [queued]>
[2024-03-15 16:24:02,410] {taskinstance.py:1087} INFO - 
--------------------------------------------------------------------------------
[2024-03-15 16:24:02,410] {taskinstance.py:1088} INFO - Starting attempt 1 of 6
[2024-03-15 16:24:02,410] {taskinstance.py:1089} INFO - 
--------------------------------------------------------------------------------
[2024-03-15 16:24:02,426] {taskinstance.py:1107} INFO - Executing <Task(PythonOperator): retrieve_raw_data> on 2024-03-15T16:23:00+00:00
[2024-03-15 16:24:02,437] {standard_task_runner.py:52} INFO - Started process 21227 to run task
[2024-03-15 16:24:02,442] {standard_task_runner.py:76} INFO - Running: ['***', 'tasks', 'run', '***_exam', 'retrieve_raw_data', '2024-03-15T16:23:00+00:00', '--job-id', '2478', '--pool', 'default_pool', '--raw', '--subdir', 'DAGS_FOLDER/DAG.py', '--cfg-path', '/tmp/tmpgyo0kyk6', '--error-file', '/tmp/tmp2cgreh3u']
[2024-03-15 16:24:02,443] {standard_task_runner.py:77} INFO - Job 2478: Subtask retrieve_raw_data
[2024-03-15 16:24:02,512] {logging_mixin.py:104} INFO - Running <TaskInstance: ***_exam.retrieve_raw_data 2024-03-15T16:23:00+00:00 [running]> on host 3a3d0401ac26
[2024-03-15 16:24:02,604] {taskinstance.py:1302} INFO - Exporting the following env vars:
AIRFLOW_CTX_DAG_OWNER=***
AIRFLOW_CTX_DAG_ID=***_exam
AIRFLOW_CTX_TASK_ID=retrieve_raw_data
AIRFLOW_CTX_EXECUTION_DATE=2024-03-15T16:23:00+00:00
AIRFLOW_CTX_DAG_RUN_ID=scheduled__2024-03-15T16:23:00+00:00
[2024-03-15 16:24:03,059] {python.py:151} INFO - Done. Returned value was: None
[2024-03-15 16:24:03,073] {taskinstance.py:1211} INFO - Marking task as SUCCESS. dag_id=***_exam, task_id=retrieve_raw_data, execution_date=20240315T162300, start_date=20240315T162402, end_date=20240315T162403
[2024-03-15 16:24:03,118] {taskinstance.py:1265} INFO - 2 downstream tasks scheduled from follow-on schedule check
[2024-03-15 16:24:03,135] {local_task_job.py:151} INFO - Task exited with return code 0
