[2023-10-06 14:25:03,974] {taskinstance.py:896} INFO - Dependencies all met for <TaskInstance: airflow_exam.transform_into_data.csv 2023-10-06T14:24:00+00:00 [queued]>
[2023-10-06 14:25:03,987] {taskinstance.py:896} INFO - Dependencies all met for <TaskInstance: airflow_exam.transform_into_data.csv 2023-10-06T14:24:00+00:00 [queued]>
[2023-10-06 14:25:03,987] {taskinstance.py:1087} INFO - 
--------------------------------------------------------------------------------
[2023-10-06 14:25:03,987] {taskinstance.py:1088} INFO - Starting attempt 1 of 1
[2023-10-06 14:25:03,987] {taskinstance.py:1089} INFO - 
--------------------------------------------------------------------------------
[2023-10-06 14:25:04,002] {taskinstance.py:1107} INFO - Executing <Task(PythonOperator): transform_into_data.csv> on 2023-10-06T14:24:00+00:00
[2023-10-06 14:25:04,009] {standard_task_runner.py:52} INFO - Started process 30009 to run task
[2023-10-06 14:25:04,012] {standard_task_runner.py:76} INFO - Running: ['***', 'tasks', 'run', '***_exam', 'transform_into_data.csv', '2023-10-06T14:24:00+00:00', '--job-id', '328', '--pool', 'default_pool', '--raw', '--subdir', 'DAGS_FOLDER/DAG.py', '--cfg-path', '/tmp/tmp7ortk2u1', '--error-file', '/tmp/tmpj5aat5z5']
[2023-10-06 14:25:04,012] {standard_task_runner.py:77} INFO - Job 328: Subtask transform_into_data.csv
[2023-10-06 14:25:04,059] {logging_mixin.py:104} INFO - Running <TaskInstance: ***_exam.transform_into_data.csv 2023-10-06T14:24:00+00:00 [running]> on host 3a3d0401ac26
[2023-10-06 14:25:04,120] {taskinstance.py:1302} INFO - Exporting the following env vars:
AIRFLOW_CTX_DAG_OWNER=***
AIRFLOW_CTX_DAG_ID=***_exam
AIRFLOW_CTX_TASK_ID=transform_into_data.csv
AIRFLOW_CTX_EXECUTION_DATE=2023-10-06T14:24:00+00:00
AIRFLOW_CTX_DAG_RUN_ID=scheduled__2023-10-06T14:24:00+00:00
[2023-10-06 14:25:04,125] {logging_mixin.py:104} INFO - 
[2023-10-06 14:25:04,152] {logging_mixin.py:104} INFO -     temperature        city  pression              date
0       295.70       Paris      1025  2023-10-06 14:25
1       294.37      London      1023  2023-10-06 14:25
2       283.28  Washington      1027  2023-10-06 14:25
3       295.70       Paris      1025  2023-10-06 14:24
4       294.37      London      1023  2023-10-06 14:24
5       283.28  Washington      1027  2023-10-06 14:24
6       295.70       Paris      1025  2023-10-06 14:23
7       294.37      London      1023  2023-10-06 14:23
8       283.28  Washington      1027  2023-10-06 14:23
9       295.70       Paris      1025  2023-10-06 14:22
[2023-10-06 14:25:04,157] {python.py:151} INFO - Done. Returned value was: None
[2023-10-06 14:25:04,168] {taskinstance.py:1211} INFO - Marking task as SUCCESS. dag_id=***_exam, task_id=transform_into_data.csv, execution_date=20231006T142400, start_date=20231006T142503, end_date=20231006T142504
[2023-10-06 14:25:04,196] {taskinstance.py:1265} INFO - 0 downstream tasks scheduled from follow-on schedule check
[2023-10-06 14:25:04,224] {local_task_job.py:151} INFO - Task exited with return code 0
