[2023-10-12 17:38:08,071] {taskinstance.py:896} INFO - Dependencies all met for <TaskInstance: airflow_exam.compute_dt_score 2023-10-12T17:37:00+00:00 [queued]>
[2023-10-12 17:38:08,087] {taskinstance.py:896} INFO - Dependencies all met for <TaskInstance: airflow_exam.compute_dt_score 2023-10-12T17:37:00+00:00 [queued]>
[2023-10-12 17:38:08,087] {taskinstance.py:1087} INFO - 
--------------------------------------------------------------------------------
[2023-10-12 17:38:08,087] {taskinstance.py:1088} INFO - Starting attempt 1 of 1
[2023-10-12 17:38:08,087] {taskinstance.py:1089} INFO - 
--------------------------------------------------------------------------------
[2023-10-12 17:38:08,109] {taskinstance.py:1107} INFO - Executing <Task(PythonOperator): compute_dt_score> on 2023-10-12T17:37:00+00:00
[2023-10-12 17:38:08,118] {standard_task_runner.py:52} INFO - Started process 1770 to run task
[2023-10-12 17:38:08,123] {standard_task_runner.py:76} INFO - Running: ['***', 'tasks', 'run', '***_exam', 'compute_dt_score', '2023-10-12T17:37:00+00:00', '--job-id', '1635', '--pool', 'default_pool', '--raw', '--subdir', 'DAGS_FOLDER/DAG.py', '--cfg-path', '/tmp/tmpn3qgadov', '--error-file', '/tmp/tmpupdjr_4f']
[2023-10-12 17:38:08,123] {standard_task_runner.py:77} INFO - Job 1635: Subtask compute_dt_score
[2023-10-12 17:38:08,196] {logging_mixin.py:104} INFO - Running <TaskInstance: ***_exam.compute_dt_score 2023-10-12T17:37:00+00:00 [running]> on host 3a3d0401ac26
[2023-10-12 17:38:08,279] {taskinstance.py:1302} INFO - Exporting the following env vars:
AIRFLOW_CTX_DAG_OWNER=***
AIRFLOW_CTX_DAG_ID=***_exam
AIRFLOW_CTX_TASK_ID=compute_dt_score
AIRFLOW_CTX_EXECUTION_DATE=2023-10-12T17:37:00+00:00
AIRFLOW_CTX_DAG_RUN_ID=scheduled__2023-10-12T17:37:00+00:00
[2023-10-12 17:38:08,475] {python.py:151} INFO - Done. Returned value was: None
[2023-10-12 17:38:08,489] {taskinstance.py:1211} INFO - Marking task as SUCCESS. dag_id=***_exam, task_id=compute_dt_score, execution_date=20231012T173700, start_date=20231012T173808, end_date=20231012T173808
[2023-10-12 17:38:08,547] {taskinstance.py:1265} INFO - 0 downstream tasks scheduled from follow-on schedule check
[2023-10-12 17:38:08,575] {local_task_job.py:151} INFO - Task exited with return code 0
