[2024-03-15 20:57:13,153] {taskinstance.py:896} INFO - Dependencies all met for <TaskInstance: airflow_exam.transform_into_fulldata.csv 2024-03-15T20:56:00+00:00 [queued]>
[2024-03-15 20:57:13,209] {taskinstance.py:896} INFO - Dependencies all met for <TaskInstance: airflow_exam.transform_into_fulldata.csv 2024-03-15T20:56:00+00:00 [queued]>
[2024-03-15 20:57:13,210] {taskinstance.py:1087} INFO - 
--------------------------------------------------------------------------------
[2024-03-15 20:57:13,210] {taskinstance.py:1088} INFO - Starting attempt 1 of 1
[2024-03-15 20:57:13,210] {taskinstance.py:1089} INFO - 
--------------------------------------------------------------------------------
[2024-03-15 20:57:13,233] {taskinstance.py:1107} INFO - Executing <Task(PythonOperator): transform_into_fulldata.csv> on 2024-03-15T20:56:00+00:00
[2024-03-15 20:57:13,250] {standard_task_runner.py:52} INFO - Started process 58613 to run task
[2024-03-15 20:57:13,257] {standard_task_runner.py:76} INFO - Running: ['***', 'tasks', 'run', '***_exam', 'transform_into_fulldata.csv', '2024-03-15T20:56:00+00:00', '--job-id', '3787', '--pool', 'default_pool', '--raw', '--subdir', 'DAGS_FOLDER/DAG.py', '--cfg-path', '/tmp/tmp8ji9y6kx', '--error-file', '/tmp/tmp901pjde4']
[2024-03-15 20:57:13,258] {standard_task_runner.py:77} INFO - Job 3787: Subtask transform_into_fulldata.csv
[2024-03-15 20:57:13,345] {logging_mixin.py:104} INFO - Running <TaskInstance: ***_exam.transform_into_fulldata.csv 2024-03-15T20:56:00+00:00 [running]> on host 3a3d0401ac26
[2024-03-15 20:57:13,542] {taskinstance.py:1302} INFO - Exporting the following env vars:
AIRFLOW_CTX_DAG_OWNER=***
AIRFLOW_CTX_DAG_ID=***_exam
AIRFLOW_CTX_TASK_ID=transform_into_fulldata.csv
AIRFLOW_CTX_EXECUTION_DATE=2024-03-15T20:56:00+00:00
AIRFLOW_CTX_DAG_RUN_ID=scheduled__2024-03-15T20:56:00+00:00
[2024-03-15 20:57:13,614] {logging_mixin.py:104} INFO - 
[2024-03-15 20:57:13,667] {logging_mixin.py:104} INFO -     temperature        city  pression              date
0       285.93       Paris      1013  2024-03-15 20:57
1       284.46      London      1008  2024-03-15 20:57
2       286.97  Washington      1024  2024-03-15 20:57
3       286.35       Paris      1013  2024-03-15 19:29
4       284.92      London      1006  2024-03-15 19:29
5       283.45  Washington      1025  2024-03-15 19:29
6       286.54       Paris      1013  2024-03-15 19:28
7       284.92      London      1006  2024-03-15 19:28
8       283.45  Washington      1025  2024-03-15 19:28
9       286.54       Paris      1013  2024-03-15 19:27
[2024-03-15 20:57:13,711] {python.py:151} INFO - Done. Returned value was: None
[2024-03-15 20:57:13,743] {taskinstance.py:1211} INFO - Marking task as SUCCESS. dag_id=***_exam, task_id=transform_into_fulldata.csv, execution_date=20240315T205600, start_date=20240315T205713, end_date=20240315T205713
[2024-03-15 20:57:13,821] {taskinstance.py:1265} INFO - 3 downstream tasks scheduled from follow-on schedule check
[2024-03-15 20:57:13,909] {local_task_job.py:151} INFO - Task exited with return code 0
