[2024-03-21 20:17:04,333] {taskinstance.py:896} INFO - Dependencies all met for <TaskInstance: airflow_exam.transform_into_data.csv 2024-03-21T20:16:00+00:00 [queued]>
[2024-03-21 20:17:04,359] {taskinstance.py:896} INFO - Dependencies all met for <TaskInstance: airflow_exam.transform_into_data.csv 2024-03-21T20:16:00+00:00 [queued]>
[2024-03-21 20:17:04,359] {taskinstance.py:1087} INFO - 
--------------------------------------------------------------------------------
[2024-03-21 20:17:04,359] {taskinstance.py:1088} INFO - Starting attempt 1 of 1
[2024-03-21 20:17:04,359] {taskinstance.py:1089} INFO - 
--------------------------------------------------------------------------------
[2024-03-21 20:17:04,373] {taskinstance.py:1107} INFO - Executing <Task(PythonOperator): transform_into_data.csv> on 2024-03-21T20:16:00+00:00
[2024-03-21 20:17:04,384] {standard_task_runner.py:52} INFO - Started process 59599 to run task
[2024-03-21 20:17:04,390] {standard_task_runner.py:76} INFO - Running: ['***', 'tasks', 'run', '***_exam', 'transform_into_data.csv', '2024-03-21T20:16:00+00:00', '--job-id', '10984', '--pool', 'default_pool', '--raw', '--subdir', 'DAGS_FOLDER/DAG.py', '--cfg-path', '/tmp/tmp4qw11kba', '--error-file', '/tmp/tmpy5vlvfoj']
[2024-03-21 20:17:04,391] {standard_task_runner.py:77} INFO - Job 10984: Subtask transform_into_data.csv
[2024-03-21 20:17:04,457] {logging_mixin.py:104} INFO - Running <TaskInstance: ***_exam.transform_into_data.csv 2024-03-21T20:16:00+00:00 [running]> on host 3a3d0401ac26
[2024-03-21 20:17:04,533] {taskinstance.py:1302} INFO - Exporting the following env vars:
AIRFLOW_CTX_DAG_OWNER=***
AIRFLOW_CTX_DAG_ID=***_exam
AIRFLOW_CTX_TASK_ID=transform_into_data.csv
AIRFLOW_CTX_EXECUTION_DATE=2024-03-21T20:16:00+00:00
AIRFLOW_CTX_DAG_RUN_ID=scheduled__2024-03-21T20:16:00+00:00
[2024-03-21 20:17:04,544] {logging_mixin.py:104} INFO - 
[2024-03-21 20:17:04,585] {logging_mixin.py:104} INFO -     temperature        city  pression              date
0       287.72       Paris      1025  2024-03-21 20:17
1       286.05      London      1022  2024-03-21 20:17
2       287.17  Washington      1013  2024-03-21 20:17
3       287.72       Paris      1025  2024-03-21 20:16
4       286.05      London      1022  2024-03-21 20:16
5       287.17  Washington      1013  2024-03-21 20:16
6       287.72       Paris      1025  2024-03-21 20:15
7       286.23      London      1022  2024-03-21 20:15
8       287.17  Washington      1013  2024-03-21 20:15
9       287.72       Paris      1025  2024-03-21 20:14
[2024-03-21 20:17:04,596] {python.py:151} INFO - Done. Returned value was: None
[2024-03-21 20:17:04,613] {taskinstance.py:1211} INFO - Marking task as SUCCESS. dag_id=***_exam, task_id=transform_into_data.csv, execution_date=20240321T201600, start_date=20240321T201704, end_date=20240321T201704
[2024-03-21 20:17:04,682] {taskinstance.py:1265} INFO - 0 downstream tasks scheduled from follow-on schedule check
[2024-03-21 20:17:04,724] {local_task_job.py:151} INFO - Task exited with return code 0
