[2024-03-21 01:27:04,968] {taskinstance.py:896} INFO - Dependencies all met for <TaskInstance: airflow_exam.transform_into_fulldata.csv 2024-03-21T01:26:00+00:00 [queued]>
[2024-03-21 01:27:04,982] {taskinstance.py:896} INFO - Dependencies all met for <TaskInstance: airflow_exam.transform_into_fulldata.csv 2024-03-21T01:26:00+00:00 [queued]>
[2024-03-21 01:27:04,982] {taskinstance.py:1087} INFO - 
--------------------------------------------------------------------------------
[2024-03-21 01:27:04,982] {taskinstance.py:1088} INFO - Starting attempt 1 of 1
[2024-03-21 01:27:04,982] {taskinstance.py:1089} INFO - 
--------------------------------------------------------------------------------
[2024-03-21 01:27:05,000] {taskinstance.py:1107} INFO - Executing <Task(PythonOperator): transform_into_fulldata.csv> on 2024-03-21T01:26:00+00:00
[2024-03-21 01:27:05,008] {standard_task_runner.py:52} INFO - Started process 14306 to run task
[2024-03-21 01:27:05,012] {standard_task_runner.py:76} INFO - Running: ['***', 'tasks', 'run', '***_exam', 'transform_into_fulldata.csv', '2024-03-21T01:26:00+00:00', '--job-id', '8836', '--pool', 'default_pool', '--raw', '--subdir', 'DAGS_FOLDER/DAG.py', '--cfg-path', '/tmp/tmp7ky82xl2', '--error-file', '/tmp/tmpcimwqp6u']
[2024-03-21 01:27:05,012] {standard_task_runner.py:77} INFO - Job 8836: Subtask transform_into_fulldata.csv
[2024-03-21 01:27:05,068] {logging_mixin.py:104} INFO - Running <TaskInstance: ***_exam.transform_into_fulldata.csv 2024-03-21T01:26:00+00:00 [running]> on host 3a3d0401ac26
[2024-03-21 01:27:05,140] {taskinstance.py:1302} INFO - Exporting the following env vars:
AIRFLOW_CTX_DAG_OWNER=***
AIRFLOW_CTX_DAG_ID=***_exam
AIRFLOW_CTX_TASK_ID=transform_into_fulldata.csv
AIRFLOW_CTX_EXECUTION_DATE=2024-03-21T01:26:00+00:00
AIRFLOW_CTX_DAG_RUN_ID=scheduled__2024-03-21T01:26:00+00:00
[2024-03-21 01:27:05,261] {logging_mixin.py:104} INFO - 
[2024-03-21 01:27:05,284] {logging_mixin.py:104} INFO -     temperature        city  pression              date
0       285.53       Paris      1021  2024-03-21 01:27
1       283.57      London      1023  2024-03-21 01:27
2       287.56  Washington      1007  2024-03-21 01:27
3       285.53       Paris      1021  2024-03-21 01:26
4       283.57      London      1023  2024-03-21 01:26
5       287.56  Washington      1007  2024-03-21 01:26
6       285.53       Paris      1021  2024-03-21 01:25
7       283.57      London      1023  2024-03-21 01:25
8       287.56  Washington      1007  2024-03-21 01:25
9       285.53       Paris      1021  2024-03-21 01:24
[2024-03-21 01:27:05,299] {python.py:151} INFO - Done. Returned value was: None
[2024-03-21 01:27:05,313] {taskinstance.py:1211} INFO - Marking task as SUCCESS. dag_id=***_exam, task_id=transform_into_fulldata.csv, execution_date=20240321T012600, start_date=20240321T012704, end_date=20240321T012705
[2024-03-21 01:27:05,353] {taskinstance.py:1265} INFO - 3 downstream tasks scheduled from follow-on schedule check
[2024-03-21 01:27:05,385] {local_task_job.py:151} INFO - Task exited with return code 0
