[2023-10-06 19:33:03,468] {taskinstance.py:896} INFO - Dependencies all met for <TaskInstance: airflow_exam.transform_into_fulldata.csv 2023-10-06T19:32:00+00:00 [queued]>
[2023-10-06 19:33:03,480] {taskinstance.py:896} INFO - Dependencies all met for <TaskInstance: airflow_exam.transform_into_fulldata.csv 2023-10-06T19:32:00+00:00 [queued]>
[2023-10-06 19:33:03,480] {taskinstance.py:1087} INFO - 
--------------------------------------------------------------------------------
[2023-10-06 19:33:03,480] {taskinstance.py:1088} INFO - Starting attempt 1 of 1
[2023-10-06 19:33:03,481] {taskinstance.py:1089} INFO - 
--------------------------------------------------------------------------------
[2023-10-06 19:33:03,496] {taskinstance.py:1107} INFO - Executing <Task(PythonOperator): transform_into_fulldata.csv> on 2023-10-06T19:32:00+00:00
[2023-10-06 19:33:03,504] {standard_task_runner.py:52} INFO - Started process 6020 to run task
[2023-10-06 19:33:03,507] {standard_task_runner.py:76} INFO - Running: ['***', 'tasks', 'run', '***_exam', 'transform_into_fulldata.csv', '2023-10-06T19:32:00+00:00', '--job-id', '482', '--pool', 'default_pool', '--raw', '--subdir', 'DAGS_FOLDER/DAG.py', '--cfg-path', '/tmp/tmpu5ek3g81', '--error-file', '/tmp/tmp9wio28zj']
[2023-10-06 19:33:03,507] {standard_task_runner.py:77} INFO - Job 482: Subtask transform_into_fulldata.csv
[2023-10-06 19:33:03,549] {logging_mixin.py:104} INFO - Running <TaskInstance: ***_exam.transform_into_fulldata.csv 2023-10-06T19:32:00+00:00 [running]> on host 3a3d0401ac26
[2023-10-06 19:33:03,658] {taskinstance.py:1302} INFO - Exporting the following env vars:
AIRFLOW_CTX_DAG_OWNER=***
AIRFLOW_CTX_DAG_ID=***_exam
AIRFLOW_CTX_TASK_ID=transform_into_fulldata.csv
AIRFLOW_CTX_EXECUTION_DATE=2023-10-06T19:32:00+00:00
AIRFLOW_CTX_DAG_RUN_ID=scheduled__2023-10-06T19:32:00+00:00
[2023-10-06 19:33:03,668] {logging_mixin.py:104} INFO - 
[2023-10-06 19:33:03,691] {logging_mixin.py:104} INFO -     temperature        city  pression              date
0       289.07       Paris      1026  2023-10-06 19:33
1       290.35      London      1023  2023-10-06 19:33
2       292.25  Washington      1025  2023-10-06 19:33
3       289.07       Paris      1026  2023-10-06 19:32
4       290.35      London      1023  2023-10-06 19:32
5       292.25  Washington      1025  2023-10-06 19:32
6       289.07       Paris      1026  2023-10-06 19:31
7       290.35      London      1023  2023-10-06 19:31
8       292.25  Washington      1025  2023-10-06 19:31
9       289.07       Paris      1026  2023-10-06 19:30
[2023-10-06 19:33:03,698] {python.py:151} INFO - Done. Returned value was: None
[2023-10-06 19:33:03,711] {taskinstance.py:1211} INFO - Marking task as SUCCESS. dag_id=***_exam, task_id=transform_into_fulldata.csv, execution_date=20231006T193200, start_date=20231006T193303, end_date=20231006T193303
[2023-10-06 19:33:03,747] {taskinstance.py:1265} INFO - 3 downstream tasks scheduled from follow-on schedule check
[2023-10-06 19:33:03,760] {local_task_job.py:151} INFO - Task exited with return code 0
