[2024-03-15 16:10:04,809] {taskinstance.py:896} INFO - Dependencies all met for <TaskInstance: airflow_exam.transform_into_data.csv 2024-03-15T16:09:00+00:00 [queued]>
[2024-03-15 16:10:04,833] {taskinstance.py:896} INFO - Dependencies all met for <TaskInstance: airflow_exam.transform_into_data.csv 2024-03-15T16:09:00+00:00 [queued]>
[2024-03-15 16:10:04,833] {taskinstance.py:1087} INFO - 
--------------------------------------------------------------------------------
[2024-03-15 16:10:04,833] {taskinstance.py:1088} INFO - Starting attempt 1 of 1
[2024-03-15 16:10:04,833] {taskinstance.py:1089} INFO - 
--------------------------------------------------------------------------------
[2024-03-15 16:10:04,845] {taskinstance.py:1107} INFO - Executing <Task(PythonOperator): transform_into_data.csv> on 2024-03-15T16:09:00+00:00
[2024-03-15 16:10:04,853] {standard_task_runner.py:52} INFO - Started process 18529 to run task
[2024-03-15 16:10:04,856] {standard_task_runner.py:76} INFO - Running: ['***', 'tasks', 'run', '***_exam', 'transform_into_data.csv', '2024-03-15T16:09:00+00:00', '--job-id', '2381', '--pool', 'default_pool', '--raw', '--subdir', 'DAGS_FOLDER/DAG.py', '--cfg-path', '/tmp/tmpuuvazwqc', '--error-file', '/tmp/tmpdumo3tpp']
[2024-03-15 16:10:04,857] {standard_task_runner.py:77} INFO - Job 2381: Subtask transform_into_data.csv
[2024-03-15 16:10:04,909] {logging_mixin.py:104} INFO - Running <TaskInstance: ***_exam.transform_into_data.csv 2024-03-15T16:09:00+00:00 [running]> on host 3a3d0401ac26
[2024-03-15 16:10:04,973] {taskinstance.py:1302} INFO - Exporting the following env vars:
AIRFLOW_CTX_DAG_OWNER=***
AIRFLOW_CTX_DAG_ID=***_exam
AIRFLOW_CTX_TASK_ID=transform_into_data.csv
AIRFLOW_CTX_EXECUTION_DATE=2024-03-15T16:09:00+00:00
AIRFLOW_CTX_DAG_RUN_ID=scheduled__2024-03-15T16:09:00+00:00
[2024-03-15 16:10:04,978] {logging_mixin.py:104} INFO - 
[2024-03-15 16:10:04,997] {logging_mixin.py:104} INFO -     temperature        city  pression              date
0       289.48       Paris      1011  2024-03-15 16:10
1       286.92      London      1004  2024-03-15 16:10
2       282.95  Washington      1027  2024-03-15 16:10
3       289.48       Paris      1011  2024-03-15 16:09
4       286.92      London      1004  2024-03-15 16:09
5       282.95  Washington      1027  2024-03-15 16:09
6       289.48       Paris      1011  2024-03-15 16:08
7       286.98      London      1004  2024-03-15 16:08
8       282.95  Washington      1027  2024-03-15 16:08
9       289.48       Paris      1011  2024-03-15 16:07
[2024-03-15 16:10:05,001] {python.py:151} INFO - Done. Returned value was: None
[2024-03-15 16:10:05,014] {taskinstance.py:1211} INFO - Marking task as SUCCESS. dag_id=***_exam, task_id=transform_into_data.csv, execution_date=20240315T160900, start_date=20240315T161004, end_date=20240315T161005
[2024-03-15 16:10:05,048] {taskinstance.py:1265} INFO - 0 downstream tasks scheduled from follow-on schedule check
[2024-03-15 16:10:05,069] {local_task_job.py:151} INFO - Task exited with return code 0
