[2024-03-16 00:33:05,212] {taskinstance.py:896} INFO - Dependencies all met for <TaskInstance: airflow_exam.transform_into_data.csv 2024-03-16T00:32:00+00:00 [queued]>
[2024-03-16 00:33:05,235] {taskinstance.py:896} INFO - Dependencies all met for <TaskInstance: airflow_exam.transform_into_data.csv 2024-03-16T00:32:00+00:00 [queued]>
[2024-03-16 00:33:05,235] {taskinstance.py:1087} INFO - 
--------------------------------------------------------------------------------
[2024-03-16 00:33:05,235] {taskinstance.py:1088} INFO - Starting attempt 1 of 1
[2024-03-16 00:33:05,235] {taskinstance.py:1089} INFO - 
--------------------------------------------------------------------------------
[2024-03-16 00:33:05,247] {taskinstance.py:1107} INFO - Executing <Task(PythonOperator): transform_into_data.csv> on 2024-03-16T00:32:00+00:00
[2024-03-16 00:33:05,257] {standard_task_runner.py:52} INFO - Started process 102772 to run task
[2024-03-16 00:33:05,262] {standard_task_runner.py:76} INFO - Running: ['***', 'tasks', 'run', '***_exam', 'transform_into_data.csv', '2024-03-16T00:32:00+00:00', '--job-id', '5302', '--pool', 'default_pool', '--raw', '--subdir', 'DAGS_FOLDER/DAG.py', '--cfg-path', '/tmp/tmpxh0zshmw', '--error-file', '/tmp/tmp0mf77v3j']
[2024-03-16 00:33:05,262] {standard_task_runner.py:77} INFO - Job 5302: Subtask transform_into_data.csv
[2024-03-16 00:33:05,321] {logging_mixin.py:104} INFO - Running <TaskInstance: ***_exam.transform_into_data.csv 2024-03-16T00:32:00+00:00 [running]> on host 3a3d0401ac26
[2024-03-16 00:33:05,404] {taskinstance.py:1302} INFO - Exporting the following env vars:
AIRFLOW_CTX_DAG_OWNER=***
AIRFLOW_CTX_DAG_ID=***_exam
AIRFLOW_CTX_TASK_ID=transform_into_data.csv
AIRFLOW_CTX_EXECUTION_DATE=2024-03-16T00:32:00+00:00
AIRFLOW_CTX_DAG_RUN_ID=scheduled__2024-03-16T00:32:00+00:00
[2024-03-16 00:33:05,409] {logging_mixin.py:104} INFO - 
[2024-03-16 00:33:05,431] {logging_mixin.py:104} INFO -     temperature        city  pression              date
0       284.51       Paris      1016  2024-03-16 00:33
1       281.37      London      1013  2024-03-16 00:33
2       288.82  Washington      1021  2024-03-16 00:33
3       284.51       Paris      1016  2024-03-16 00:32
4       281.37      London      1013  2024-03-16 00:32
5       288.82  Washington      1021  2024-03-16 00:32
6       284.51       Paris      1016  2024-03-16 00:31
7       281.37      London      1013  2024-03-16 00:31
8       288.82  Washington      1021  2024-03-16 00:31
9       284.51       Paris      1016  2024-03-16 00:30
[2024-03-16 00:33:05,435] {python.py:151} INFO - Done. Returned value was: None
[2024-03-16 00:33:05,450] {taskinstance.py:1211} INFO - Marking task as SUCCESS. dag_id=***_exam, task_id=transform_into_data.csv, execution_date=20240316T003200, start_date=20240316T003305, end_date=20240316T003305
[2024-03-16 00:33:05,485] {taskinstance.py:1265} INFO - 0 downstream tasks scheduled from follow-on schedule check
[2024-03-16 00:33:05,514] {local_task_job.py:151} INFO - Task exited with return code 0
