[2024-03-20 22:39:04,818] {taskinstance.py:896} INFO - Dependencies all met for <TaskInstance: airflow_exam.transform_into_fulldata.csv 2024-03-20T22:38:00+00:00 [queued]>
[2024-03-20 22:39:04,840] {taskinstance.py:896} INFO - Dependencies all met for <TaskInstance: airflow_exam.transform_into_fulldata.csv 2024-03-20T22:38:00+00:00 [queued]>
[2024-03-20 22:39:04,841] {taskinstance.py:1087} INFO - 
--------------------------------------------------------------------------------
[2024-03-20 22:39:04,841] {taskinstance.py:1088} INFO - Starting attempt 1 of 1
[2024-03-20 22:39:04,841] {taskinstance.py:1089} INFO - 
--------------------------------------------------------------------------------
[2024-03-20 22:39:04,868] {taskinstance.py:1107} INFO - Executing <Task(PythonOperator): transform_into_fulldata.csv> on 2024-03-20T22:38:00+00:00
[2024-03-20 22:39:04,882] {standard_task_runner.py:52} INFO - Started process 26877 to run task
[2024-03-20 22:39:04,888] {standard_task_runner.py:76} INFO - Running: ['***', 'tasks', 'run', '***_exam', 'transform_into_fulldata.csv', '2024-03-20T22:38:00+00:00', '--job-id', '7717', '--pool', 'default_pool', '--raw', '--subdir', 'DAGS_FOLDER/DAG.py', '--cfg-path', '/tmp/tmpkwe6i405', '--error-file', '/tmp/tmpsisu7u2c']
[2024-03-20 22:39:04,889] {standard_task_runner.py:77} INFO - Job 7717: Subtask transform_into_fulldata.csv
[2024-03-20 22:39:04,976] {logging_mixin.py:104} INFO - Running <TaskInstance: ***_exam.transform_into_fulldata.csv 2024-03-20T22:38:00+00:00 [running]> on host 3a3d0401ac26
[2024-03-20 22:39:05,107] {taskinstance.py:1302} INFO - Exporting the following env vars:
AIRFLOW_CTX_DAG_OWNER=***
AIRFLOW_CTX_DAG_ID=***_exam
AIRFLOW_CTX_TASK_ID=transform_into_fulldata.csv
AIRFLOW_CTX_EXECUTION_DATE=2024-03-20T22:38:00+00:00
AIRFLOW_CTX_DAG_RUN_ID=scheduled__2024-03-20T22:38:00+00:00
[2024-03-20 22:39:05,239] {logging_mixin.py:104} INFO - 
[2024-03-20 22:39:05,266] {logging_mixin.py:104} INFO -     temperature        city  pression              date
0       286.53       Paris      1020  2024-03-20 22:39
1       285.18      London      1022  2024-03-20 22:39
2       290.46  Washington      1007  2024-03-20 22:39
3       286.45       Paris      1020  2024-03-20 22:38
4       285.25      London      1021  2024-03-20 22:38
5       290.46  Washington      1007  2024-03-20 22:38
6       286.45       Paris      1020  2024-03-20 22:37
7       285.25      London      1021  2024-03-20 22:37
8       290.46  Washington      1007  2024-03-20 22:37
9       286.45       Paris      1020  2024-03-20 22:36
[2024-03-20 22:39:05,283] {python.py:151} INFO - Done. Returned value was: None
[2024-03-20 22:39:05,301] {taskinstance.py:1211} INFO - Marking task as SUCCESS. dag_id=***_exam, task_id=transform_into_fulldata.csv, execution_date=20240320T223800, start_date=20240320T223904, end_date=20240320T223905
[2024-03-20 22:39:05,342] {taskinstance.py:1265} INFO - 3 downstream tasks scheduled from follow-on schedule check
[2024-03-20 22:39:05,384] {local_task_job.py:151} INFO - Task exited with return code 0
