[2024-03-21 16:16:04,228] {taskinstance.py:896} INFO - Dependencies all met for <TaskInstance: airflow_exam.transform_into_data.csv 2024-03-21T16:15:00+00:00 [queued]>
[2024-03-21 16:16:04,253] {taskinstance.py:896} INFO - Dependencies all met for <TaskInstance: airflow_exam.transform_into_data.csv 2024-03-21T16:15:00+00:00 [queued]>
[2024-03-21 16:16:04,254] {taskinstance.py:1087} INFO - 
--------------------------------------------------------------------------------
[2024-03-21 16:16:04,254] {taskinstance.py:1088} INFO - Starting attempt 1 of 1
[2024-03-21 16:16:04,254] {taskinstance.py:1089} INFO - 
--------------------------------------------------------------------------------
[2024-03-21 16:16:04,266] {taskinstance.py:1107} INFO - Executing <Task(PythonOperator): transform_into_data.csv> on 2024-03-21T16:15:00+00:00
[2024-03-21 16:16:04,276] {standard_task_runner.py:52} INFO - Started process 7548 to run task
[2024-03-21 16:16:04,279] {standard_task_runner.py:76} INFO - Running: ['***', 'tasks', 'run', '***_exam', 'transform_into_data.csv', '2024-03-21T16:15:00+00:00', '--job-id', '9297', '--pool', 'default_pool', '--raw', '--subdir', 'DAGS_FOLDER/DAG.py', '--cfg-path', '/tmp/tmpuj1jiz_1', '--error-file', '/tmp/tmp93ytv4x7']
[2024-03-21 16:16:04,279] {standard_task_runner.py:77} INFO - Job 9297: Subtask transform_into_data.csv
[2024-03-21 16:16:04,326] {logging_mixin.py:104} INFO - Running <TaskInstance: ***_exam.transform_into_data.csv 2024-03-21T16:15:00+00:00 [running]> on host 3a3d0401ac26
[2024-03-21 16:16:04,389] {taskinstance.py:1302} INFO - Exporting the following env vars:
AIRFLOW_CTX_DAG_OWNER=***
AIRFLOW_CTX_DAG_ID=***_exam
AIRFLOW_CTX_TASK_ID=transform_into_data.csv
AIRFLOW_CTX_EXECUTION_DATE=2024-03-21T16:15:00+00:00
AIRFLOW_CTX_DAG_RUN_ID=scheduled__2024-03-21T16:15:00+00:00
[2024-03-21 16:16:04,397] {logging_mixin.py:104} INFO - 
[2024-03-21 16:16:04,422] {logging_mixin.py:104} INFO -     temperature        city  pression              date
0       292.99       Paris      1025  2024-03-21 16:16
1       289.46      London      1023  2024-03-21 16:16
2       281.04  Washington      1015  2024-03-21 16:16
3       292.99       Paris      1025  2024-03-21 16:15
4       289.46      London      1023  2024-03-21 16:15
5       281.04  Washington      1015  2024-03-21 16:15
6       292.99       Paris      1025  2024-03-21 16:14
7       289.46      London      1023  2024-03-21 16:14
8       281.04  Washington      1015  2024-03-21 16:14
9       292.99       Paris      1025  2024-03-21 16:13
[2024-03-21 16:16:04,427] {python.py:151} INFO - Done. Returned value was: None
[2024-03-21 16:16:04,440] {taskinstance.py:1211} INFO - Marking task as SUCCESS. dag_id=***_exam, task_id=transform_into_data.csv, execution_date=20240321T161500, start_date=20240321T161604, end_date=20240321T161604
[2024-03-21 16:16:04,474] {taskinstance.py:1265} INFO - 0 downstream tasks scheduled from follow-on schedule check
[2024-03-21 16:16:04,492] {local_task_job.py:151} INFO - Task exited with return code 0
