[2024-03-16 02:53:04,660] {taskinstance.py:896} INFO - Dependencies all met for <TaskInstance: airflow_exam.transform_into_fulldata.csv 2024-03-16T02:52:00+00:00 [queued]>
[2024-03-16 02:53:04,689] {taskinstance.py:896} INFO - Dependencies all met for <TaskInstance: airflow_exam.transform_into_fulldata.csv 2024-03-16T02:52:00+00:00 [queued]>
[2024-03-16 02:53:04,690] {taskinstance.py:1087} INFO - 
--------------------------------------------------------------------------------
[2024-03-16 02:53:04,690] {taskinstance.py:1088} INFO - Starting attempt 1 of 1
[2024-03-16 02:53:04,690] {taskinstance.py:1089} INFO - 
--------------------------------------------------------------------------------
[2024-03-16 02:53:04,706] {taskinstance.py:1107} INFO - Executing <Task(PythonOperator): transform_into_fulldata.csv> on 2024-03-16T02:52:00+00:00
[2024-03-16 02:53:04,719] {standard_task_runner.py:52} INFO - Started process 132777 to run task
[2024-03-16 02:53:04,725] {standard_task_runner.py:76} INFO - Running: ['***', 'tasks', 'run', '***_exam', 'transform_into_fulldata.csv', '2024-03-16T02:52:00+00:00', '--job-id', '6283', '--pool', 'default_pool', '--raw', '--subdir', 'DAGS_FOLDER/DAG.py', '--cfg-path', '/tmp/tmpw7sgs5rd', '--error-file', '/tmp/tmpxmvk__wj']
[2024-03-16 02:53:04,726] {standard_task_runner.py:77} INFO - Job 6283: Subtask transform_into_fulldata.csv
[2024-03-16 02:53:04,800] {logging_mixin.py:104} INFO - Running <TaskInstance: ***_exam.transform_into_fulldata.csv 2024-03-16T02:52:00+00:00 [running]> on host 3a3d0401ac26
[2024-03-16 02:53:04,900] {taskinstance.py:1302} INFO - Exporting the following env vars:
AIRFLOW_CTX_DAG_OWNER=***
AIRFLOW_CTX_DAG_ID=***_exam
AIRFLOW_CTX_TASK_ID=transform_into_fulldata.csv
AIRFLOW_CTX_EXECUTION_DATE=2024-03-16T02:52:00+00:00
AIRFLOW_CTX_DAG_RUN_ID=scheduled__2024-03-16T02:52:00+00:00
[2024-03-16 02:53:05,000] {logging_mixin.py:104} INFO - 
[2024-03-16 02:53:05,032] {logging_mixin.py:104} INFO -     temperature        city  pression              date
0       284.22       Paris      1017  2024-03-16 02:53
1       281.32      London      1015  2024-03-16 02:53
2       281.53  Washington      1023  2024-03-16 02:53
3       284.22       Paris      1017  2024-03-16 02:52
4       281.32      London      1015  2024-03-16 02:52
5       280.63  Washington      1023  2024-03-16 02:52
6       284.22       Paris      1017  2024-03-16 02:51
7       281.32      London      1015  2024-03-16 02:51
8       280.63  Washington      1023  2024-03-16 02:51
9       284.22       Paris      1017  2024-03-16 02:50
[2024-03-16 02:53:05,047] {python.py:151} INFO - Done. Returned value was: None
[2024-03-16 02:53:05,064] {taskinstance.py:1211} INFO - Marking task as SUCCESS. dag_id=***_exam, task_id=transform_into_fulldata.csv, execution_date=20240316T025200, start_date=20240316T025304, end_date=20240316T025305
[2024-03-16 02:53:05,118] {taskinstance.py:1265} INFO - 3 downstream tasks scheduled from follow-on schedule check
[2024-03-16 02:53:05,178] {local_task_job.py:151} INFO - Task exited with return code 0
