[2024-03-16 02:19:04,498] {taskinstance.py:896} INFO - Dependencies all met for <TaskInstance: airflow_exam.transform_into_data.csv 2024-03-16T02:18:00+00:00 [queued]>
[2024-03-16 02:19:04,525] {taskinstance.py:896} INFO - Dependencies all met for <TaskInstance: airflow_exam.transform_into_data.csv 2024-03-16T02:18:00+00:00 [queued]>
[2024-03-16 02:19:04,526] {taskinstance.py:1087} INFO - 
--------------------------------------------------------------------------------
[2024-03-16 02:19:04,526] {taskinstance.py:1088} INFO - Starting attempt 1 of 1
[2024-03-16 02:19:04,526] {taskinstance.py:1089} INFO - 
--------------------------------------------------------------------------------
[2024-03-16 02:19:04,540] {taskinstance.py:1107} INFO - Executing <Task(PythonOperator): transform_into_data.csv> on 2024-03-16T02:18:00+00:00
[2024-03-16 02:19:04,551] {standard_task_runner.py:52} INFO - Started process 125469 to run task
[2024-03-16 02:19:04,556] {standard_task_runner.py:76} INFO - Running: ['***', 'tasks', 'run', '***_exam', 'transform_into_data.csv', '2024-03-16T02:18:00+00:00', '--job-id', '6045', '--pool', 'default_pool', '--raw', '--subdir', 'DAGS_FOLDER/DAG.py', '--cfg-path', '/tmp/tmpq8ihyf0p', '--error-file', '/tmp/tmpq54tmi_x']
[2024-03-16 02:19:04,557] {standard_task_runner.py:77} INFO - Job 6045: Subtask transform_into_data.csv
[2024-03-16 02:19:04,631] {logging_mixin.py:104} INFO - Running <TaskInstance: ***_exam.transform_into_data.csv 2024-03-16T02:18:00+00:00 [running]> on host 3a3d0401ac26
[2024-03-16 02:19:04,722] {taskinstance.py:1302} INFO - Exporting the following env vars:
AIRFLOW_CTX_DAG_OWNER=***
AIRFLOW_CTX_DAG_ID=***_exam
AIRFLOW_CTX_TASK_ID=transform_into_data.csv
AIRFLOW_CTX_EXECUTION_DATE=2024-03-16T02:18:00+00:00
AIRFLOW_CTX_DAG_RUN_ID=scheduled__2024-03-16T02:18:00+00:00
[2024-03-16 02:19:04,729] {logging_mixin.py:104} INFO - 
[2024-03-16 02:19:04,751] {logging_mixin.py:104} INFO -     temperature        city  pression              date
0       284.37       Paris      1017  2024-03-16 02:19
1       281.15      London      1014  2024-03-16 02:19
2       283.77  Washington      1022  2024-03-16 02:19
3       284.37       Paris      1017  2024-03-16 02:18
4       281.15      London      1014  2024-03-16 02:18
5       283.77  Washington      1022  2024-03-16 02:18
6       284.37       Paris      1017  2024-03-16 02:17
7       281.15      London      1014  2024-03-16 02:17
8       284.28  Washington      1022  2024-03-16 02:17
9       284.37       Paris      1017  2024-03-16 02:16
[2024-03-16 02:19:04,756] {python.py:151} INFO - Done. Returned value was: None
[2024-03-16 02:19:04,770] {taskinstance.py:1211} INFO - Marking task as SUCCESS. dag_id=***_exam, task_id=transform_into_data.csv, execution_date=20240316T021800, start_date=20240316T021904, end_date=20240316T021904
[2024-03-16 02:19:04,813] {taskinstance.py:1265} INFO - 0 downstream tasks scheduled from follow-on schedule check
[2024-03-16 02:19:04,848] {local_task_job.py:151} INFO - Task exited with return code 0
