[2023-10-06 20:35:04,268] {taskinstance.py:896} INFO - Dependencies all met for <TaskInstance: airflow_exam.transform_into_data.csv 2023-10-06T20:34:00+00:00 [queued]>
[2023-10-06 20:35:04,280] {taskinstance.py:896} INFO - Dependencies all met for <TaskInstance: airflow_exam.transform_into_data.csv 2023-10-06T20:34:00+00:00 [queued]>
[2023-10-06 20:35:04,280] {taskinstance.py:1087} INFO - 
--------------------------------------------------------------------------------
[2023-10-06 20:35:04,280] {taskinstance.py:1088} INFO - Starting attempt 1 of 1
[2023-10-06 20:35:04,280] {taskinstance.py:1089} INFO - 
--------------------------------------------------------------------------------
[2023-10-06 20:35:04,294] {taskinstance.py:1107} INFO - Executing <Task(PythonOperator): transform_into_data.csv> on 2023-10-06T20:34:00+00:00
[2023-10-06 20:35:04,301] {standard_task_runner.py:52} INFO - Started process 17828 to run task
[2023-10-06 20:35:04,303] {standard_task_runner.py:76} INFO - Running: ['***', 'tasks', 'run', '***_exam', 'transform_into_data.csv', '2023-10-06T20:34:00+00:00', '--job-id', '915', '--pool', 'default_pool', '--raw', '--subdir', 'DAGS_FOLDER/DAG.py', '--cfg-path', '/tmp/tmpfz4rqe8y', '--error-file', '/tmp/tmpsodj7wko']
[2023-10-06 20:35:04,304] {standard_task_runner.py:77} INFO - Job 915: Subtask transform_into_data.csv
[2023-10-06 20:35:04,345] {logging_mixin.py:104} INFO - Running <TaskInstance: ***_exam.transform_into_data.csv 2023-10-06T20:34:00+00:00 [running]> on host 3a3d0401ac26
[2023-10-06 20:35:04,400] {taskinstance.py:1302} INFO - Exporting the following env vars:
AIRFLOW_CTX_DAG_OWNER=***
AIRFLOW_CTX_DAG_ID=***_exam
AIRFLOW_CTX_TASK_ID=transform_into_data.csv
AIRFLOW_CTX_EXECUTION_DATE=2023-10-06T20:34:00+00:00
AIRFLOW_CTX_DAG_RUN_ID=scheduled__2023-10-06T20:34:00+00:00
[2023-10-06 20:35:04,404] {logging_mixin.py:104} INFO - 
[2023-10-06 20:35:04,418] {logging_mixin.py:104} INFO -     temperature        city  pression              date
0       287.74       Paris      1026  2023-10-06 20:35
1       289.97      London      1023  2023-10-06 20:35
2       294.14  Washington      1024  2023-10-06 20:35
3       287.74       Paris      1026  2023-10-06 20:34
4       289.97      London      1023  2023-10-06 20:34
5       294.14  Washington      1024  2023-10-06 20:34
6       287.74       Paris      1026  2023-10-06 20:33
7       289.97      London      1023  2023-10-06 20:33
8       294.14  Washington      1024  2023-10-06 20:33
9       287.74       Paris      1026  2023-10-06 20:32
[2023-10-06 20:35:04,422] {python.py:151} INFO - Done. Returned value was: None
[2023-10-06 20:35:04,431] {taskinstance.py:1211} INFO - Marking task as SUCCESS. dag_id=***_exam, task_id=transform_into_data.csv, execution_date=20231006T203400, start_date=20231006T203504, end_date=20231006T203504
[2023-10-06 20:35:04,457] {taskinstance.py:1265} INFO - 0 downstream tasks scheduled from follow-on schedule check
[2023-10-06 20:35:04,476] {local_task_job.py:151} INFO - Task exited with return code 0
