[2024-03-20 23:28:05,939] {taskinstance.py:896} INFO - Dependencies all met for <TaskInstance: airflow_exam.transform_into_fulldata.csv 2024-03-20T23:27:00+00:00 [queued]>
[2024-03-20 23:28:05,957] {taskinstance.py:896} INFO - Dependencies all met for <TaskInstance: airflow_exam.transform_into_fulldata.csv 2024-03-20T23:27:00+00:00 [queued]>
[2024-03-20 23:28:05,958] {taskinstance.py:1087} INFO - 
--------------------------------------------------------------------------------
[2024-03-20 23:28:05,958] {taskinstance.py:1088} INFO - Starting attempt 1 of 1
[2024-03-20 23:28:05,958] {taskinstance.py:1089} INFO - 
--------------------------------------------------------------------------------
[2024-03-20 23:28:06,000] {taskinstance.py:1107} INFO - Executing <Task(PythonOperator): transform_into_fulldata.csv> on 2024-03-20T23:27:00+00:00
[2024-03-20 23:28:06,016] {standard_task_runner.py:52} INFO - Started process 37339 to run task
[2024-03-20 23:28:06,022] {standard_task_runner.py:76} INFO - Running: ['***', 'tasks', 'run', '***_exam', 'transform_into_fulldata.csv', '2024-03-20T23:27:00+00:00', '--job-id', '8060', '--pool', 'default_pool', '--raw', '--subdir', 'DAGS_FOLDER/DAG.py', '--cfg-path', '/tmp/tmpp6fpczs4', '--error-file', '/tmp/tmpzhuhx5vh']
[2024-03-20 23:28:06,023] {standard_task_runner.py:77} INFO - Job 8060: Subtask transform_into_fulldata.csv
[2024-03-20 23:28:06,117] {logging_mixin.py:104} INFO - Running <TaskInstance: ***_exam.transform_into_fulldata.csv 2024-03-20T23:27:00+00:00 [running]> on host 3a3d0401ac26
[2024-03-20 23:28:06,250] {taskinstance.py:1302} INFO - Exporting the following env vars:
AIRFLOW_CTX_DAG_OWNER=***
AIRFLOW_CTX_DAG_ID=***_exam
AIRFLOW_CTX_TASK_ID=transform_into_fulldata.csv
AIRFLOW_CTX_EXECUTION_DATE=2024-03-20T23:27:00+00:00
AIRFLOW_CTX_DAG_RUN_ID=scheduled__2024-03-20T23:27:00+00:00
[2024-03-20 23:28:06,409] {logging_mixin.py:104} INFO - 
[2024-03-20 23:28:06,442] {logging_mixin.py:104} INFO -     temperature        city  pression              date
0       286.59       Paris      1020  2024-03-20 23:28
1       285.07      London      1022  2024-03-20 23:28
2       290.99  Washington      1007  2024-03-20 23:28
3       286.59       Paris      1020  2024-03-20 23:27
4       285.07      London      1022  2024-03-20 23:27
5       290.99  Washington      1007  2024-03-20 23:27
6       286.35       Paris      1021  2024-03-20 23:26
7       285.07      London      1022  2024-03-20 23:26
8       290.99  Washington      1007  2024-03-20 23:26
9       286.59       Paris      1020  2024-03-20 23:25
[2024-03-20 23:28:06,465] {python.py:151} INFO - Done. Returned value was: None
[2024-03-20 23:28:06,484] {taskinstance.py:1211} INFO - Marking task as SUCCESS. dag_id=***_exam, task_id=transform_into_fulldata.csv, execution_date=20240320T232700, start_date=20240320T232805, end_date=20240320T232806
[2024-03-20 23:28:06,544] {taskinstance.py:1265} INFO - 3 downstream tasks scheduled from follow-on schedule check
[2024-03-20 23:28:06,565] {local_task_job.py:151} INFO - Task exited with return code 0
