[2024-03-16 03:05:04,805] {taskinstance.py:896} INFO - Dependencies all met for <TaskInstance: airflow_exam.transform_into_fulldata.csv 2024-03-16T03:04:00+00:00 [queued]>
[2024-03-16 03:05:04,840] {taskinstance.py:896} INFO - Dependencies all met for <TaskInstance: airflow_exam.transform_into_fulldata.csv 2024-03-16T03:04:00+00:00 [queued]>
[2024-03-16 03:05:04,841] {taskinstance.py:1087} INFO - 
--------------------------------------------------------------------------------
[2024-03-16 03:05:04,841] {taskinstance.py:1088} INFO - Starting attempt 1 of 1
[2024-03-16 03:05:04,841] {taskinstance.py:1089} INFO - 
--------------------------------------------------------------------------------
[2024-03-16 03:05:04,858] {taskinstance.py:1107} INFO - Executing <Task(PythonOperator): transform_into_fulldata.csv> on 2024-03-16T03:04:00+00:00
[2024-03-16 03:05:04,870] {standard_task_runner.py:52} INFO - Started process 135338 to run task
[2024-03-16 03:05:04,877] {standard_task_runner.py:76} INFO - Running: ['***', 'tasks', 'run', '***_exam', 'transform_into_fulldata.csv', '2024-03-16T03:04:00+00:00', '--job-id', '6366', '--pool', 'default_pool', '--raw', '--subdir', 'DAGS_FOLDER/DAG.py', '--cfg-path', '/tmp/tmpqq40imk8', '--error-file', '/tmp/tmp1ij96rgo']
[2024-03-16 03:05:04,878] {standard_task_runner.py:77} INFO - Job 6366: Subtask transform_into_fulldata.csv
[2024-03-16 03:05:04,967] {logging_mixin.py:104} INFO - Running <TaskInstance: ***_exam.transform_into_fulldata.csv 2024-03-16T03:04:00+00:00 [running]> on host 3a3d0401ac26
[2024-03-16 03:05:05,065] {taskinstance.py:1302} INFO - Exporting the following env vars:
AIRFLOW_CTX_DAG_OWNER=***
AIRFLOW_CTX_DAG_ID=***_exam
AIRFLOW_CTX_TASK_ID=transform_into_fulldata.csv
AIRFLOW_CTX_EXECUTION_DATE=2024-03-16T03:04:00+00:00
AIRFLOW_CTX_DAG_RUN_ID=scheduled__2024-03-16T03:04:00+00:00
[2024-03-16 03:05:05,170] {logging_mixin.py:104} INFO - 
[2024-03-16 03:05:05,208] {logging_mixin.py:104} INFO -     temperature        city  pression              date
0       284.07       Paris      1017  2024-03-16 03:05
1       281.44      London      1015  2024-03-16 03:05
2       282.62  Washington      1023  2024-03-16 03:05
3       284.07       Paris      1017  2024-03-16 03:04
4       281.44      London      1015  2024-03-16 03:04
5       281.44  Washington      1023  2024-03-16 03:04
6       284.07       Paris      1017  2024-03-16 03:03
7       281.44      London      1015  2024-03-16 03:03
8       281.44  Washington      1023  2024-03-16 03:03
9       284.22       Paris      1017  2024-03-16 03:02
[2024-03-16 03:05:05,227] {python.py:151} INFO - Done. Returned value was: None
[2024-03-16 03:05:05,247] {taskinstance.py:1211} INFO - Marking task as SUCCESS. dag_id=***_exam, task_id=transform_into_fulldata.csv, execution_date=20240316T030400, start_date=20240316T030504, end_date=20240316T030505
[2024-03-16 03:05:05,299] {taskinstance.py:1265} INFO - 3 downstream tasks scheduled from follow-on schedule check
[2024-03-16 03:05:05,330] {local_task_job.py:151} INFO - Task exited with return code 0
