[2024-03-16 03:05:04,858] {taskinstance.py:896} INFO - Dependencies all met for <TaskInstance: airflow_exam.transform_into_data.csv 2024-03-16T03:04:00+00:00 [queued]>
[2024-03-16 03:05:04,894] {taskinstance.py:896} INFO - Dependencies all met for <TaskInstance: airflow_exam.transform_into_data.csv 2024-03-16T03:04:00+00:00 [queued]>
[2024-03-16 03:05:04,894] {taskinstance.py:1087} INFO - 
--------------------------------------------------------------------------------
[2024-03-16 03:05:04,894] {taskinstance.py:1088} INFO - Starting attempt 1 of 1
[2024-03-16 03:05:04,894] {taskinstance.py:1089} INFO - 
--------------------------------------------------------------------------------
[2024-03-16 03:05:04,912] {taskinstance.py:1107} INFO - Executing <Task(PythonOperator): transform_into_data.csv> on 2024-03-16T03:04:00+00:00
[2024-03-16 03:05:04,924] {standard_task_runner.py:52} INFO - Started process 135339 to run task
[2024-03-16 03:05:04,929] {standard_task_runner.py:76} INFO - Running: ['***', 'tasks', 'run', '***_exam', 'transform_into_data.csv', '2024-03-16T03:04:00+00:00', '--job-id', '6367', '--pool', 'default_pool', '--raw', '--subdir', 'DAGS_FOLDER/DAG.py', '--cfg-path', '/tmp/tmpr3l900l9', '--error-file', '/tmp/tmpu7t8d5y6']
[2024-03-16 03:05:04,929] {standard_task_runner.py:77} INFO - Job 6367: Subtask transform_into_data.csv
[2024-03-16 03:05:05,009] {logging_mixin.py:104} INFO - Running <TaskInstance: ***_exam.transform_into_data.csv 2024-03-16T03:04:00+00:00 [running]> on host 3a3d0401ac26
[2024-03-16 03:05:05,105] {taskinstance.py:1302} INFO - Exporting the following env vars:
AIRFLOW_CTX_DAG_OWNER=***
AIRFLOW_CTX_DAG_ID=***_exam
AIRFLOW_CTX_TASK_ID=transform_into_data.csv
AIRFLOW_CTX_EXECUTION_DATE=2024-03-16T03:04:00+00:00
AIRFLOW_CTX_DAG_RUN_ID=scheduled__2024-03-16T03:04:00+00:00
[2024-03-16 03:05:05,112] {logging_mixin.py:104} INFO - 
[2024-03-16 03:05:05,140] {logging_mixin.py:104} INFO -     temperature        city  pression              date
0       284.07       Paris      1017  2024-03-16 03:05
1       281.44      London      1015  2024-03-16 03:05
2       282.62  Washington      1023  2024-03-16 03:05
3       284.07       Paris      1017  2024-03-16 03:04
4       281.44      London      1015  2024-03-16 03:04
5       281.44  Washington      1023  2024-03-16 03:04
6       284.07       Paris      1017  2024-03-16 03:03
7       281.44      London      1015  2024-03-16 03:03
8       281.44  Washington      1023  2024-03-16 03:03
9       284.22       Paris      1017  2024-03-16 03:02
[2024-03-16 03:05:05,147] {python.py:151} INFO - Done. Returned value was: None
[2024-03-16 03:05:05,166] {taskinstance.py:1211} INFO - Marking task as SUCCESS. dag_id=***_exam, task_id=transform_into_data.csv, execution_date=20240316T030400, start_date=20240316T030504, end_date=20240316T030505
[2024-03-16 03:05:05,223] {taskinstance.py:1265} INFO - 0 downstream tasks scheduled from follow-on schedule check
[2024-03-16 03:05:05,262] {local_task_job.py:151} INFO - Task exited with return code 0
