[2024-03-16 01:53:06,438] {taskinstance.py:896} INFO - Dependencies all met for <TaskInstance: airflow_exam.transform_into_data.csv 2024-03-16T01:52:00+00:00 [queued]>
[2024-03-16 01:53:06,462] {taskinstance.py:896} INFO - Dependencies all met for <TaskInstance: airflow_exam.transform_into_data.csv 2024-03-16T01:52:00+00:00 [queued]>
[2024-03-16 01:53:06,462] {taskinstance.py:1087} INFO - 
--------------------------------------------------------------------------------
[2024-03-16 01:53:06,462] {taskinstance.py:1088} INFO - Starting attempt 1 of 1
[2024-03-16 01:53:06,462] {taskinstance.py:1089} INFO - 
--------------------------------------------------------------------------------
[2024-03-16 01:53:06,476] {taskinstance.py:1107} INFO - Executing <Task(PythonOperator): transform_into_data.csv> on 2024-03-16T01:52:00+00:00
[2024-03-16 01:53:06,486] {standard_task_runner.py:52} INFO - Started process 119867 to run task
[2024-03-16 01:53:06,490] {standard_task_runner.py:76} INFO - Running: ['***', 'tasks', 'run', '***_exam', 'transform_into_data.csv', '2024-03-16T01:52:00+00:00', '--job-id', '5863', '--pool', 'default_pool', '--raw', '--subdir', 'DAGS_FOLDER/DAG.py', '--cfg-path', '/tmp/tmpoavh2r5l', '--error-file', '/tmp/tmp_awzchm5']
[2024-03-16 01:53:06,491] {standard_task_runner.py:77} INFO - Job 5863: Subtask transform_into_data.csv
[2024-03-16 01:53:06,550] {logging_mixin.py:104} INFO - Running <TaskInstance: ***_exam.transform_into_data.csv 2024-03-16T01:52:00+00:00 [running]> on host 3a3d0401ac26
[2024-03-16 01:53:06,632] {taskinstance.py:1302} INFO - Exporting the following env vars:
AIRFLOW_CTX_DAG_OWNER=***
AIRFLOW_CTX_DAG_ID=***_exam
AIRFLOW_CTX_TASK_ID=transform_into_data.csv
AIRFLOW_CTX_EXECUTION_DATE=2024-03-16T01:52:00+00:00
AIRFLOW_CTX_DAG_RUN_ID=scheduled__2024-03-16T01:52:00+00:00
[2024-03-16 01:53:06,640] {logging_mixin.py:104} INFO - 
[2024-03-16 01:53:06,668] {logging_mixin.py:104} INFO -     temperature        city  pression              date
0       284.42       Paris      1016  2024-03-16 01:53
1       281.09      London      1014  2024-03-16 01:53
2       283.95  Washington      1022  2024-03-16 01:53
3       284.42       Paris      1016  2024-03-16 01:52
4       281.08      London      1014  2024-03-16 01:52
5       283.95  Washington      1022  2024-03-16 01:52
6       284.42       Paris      1016  2024-03-16 01:51
7       281.08      London      1014  2024-03-16 01:51
8       283.95  Washington      1022  2024-03-16 01:51
9       284.42       Paris      1016  2024-03-16 01:50
[2024-03-16 01:53:06,674] {python.py:151} INFO - Done. Returned value was: None
[2024-03-16 01:53:06,689] {taskinstance.py:1211} INFO - Marking task as SUCCESS. dag_id=***_exam, task_id=transform_into_data.csv, execution_date=20240316T015200, start_date=20240316T015306, end_date=20240316T015306
[2024-03-16 01:53:06,741] {taskinstance.py:1265} INFO - 0 downstream tasks scheduled from follow-on schedule check
[2024-03-16 01:53:06,783] {local_task_job.py:151} INFO - Task exited with return code 0
