[2024-03-21 19:25:04,003] {taskinstance.py:896} INFO - Dependencies all met for <TaskInstance: airflow_exam.transform_into_fulldata.csv 2024-03-21T19:24:00+00:00 [queued]>
[2024-03-21 19:25:04,027] {taskinstance.py:896} INFO - Dependencies all met for <TaskInstance: airflow_exam.transform_into_fulldata.csv 2024-03-21T19:24:00+00:00 [queued]>
[2024-03-21 19:25:04,027] {taskinstance.py:1087} INFO - 
--------------------------------------------------------------------------------
[2024-03-21 19:25:04,027] {taskinstance.py:1088} INFO - Starting attempt 1 of 1
[2024-03-21 19:25:04,027] {taskinstance.py:1089} INFO - 
--------------------------------------------------------------------------------
[2024-03-21 19:25:04,040] {taskinstance.py:1107} INFO - Executing <Task(PythonOperator): transform_into_fulldata.csv> on 2024-03-21T19:24:00+00:00
[2024-03-21 19:25:04,049] {standard_task_runner.py:52} INFO - Started process 48289 to run task
[2024-03-21 19:25:04,054] {standard_task_runner.py:76} INFO - Running: ['***', 'tasks', 'run', '***_exam', 'transform_into_fulldata.csv', '2024-03-21T19:24:00+00:00', '--job-id', '10619', '--pool', 'default_pool', '--raw', '--subdir', 'DAGS_FOLDER/DAG.py', '--cfg-path', '/tmp/tmp5_rbdw8m', '--error-file', '/tmp/tmp0quwofel']
[2024-03-21 19:25:04,054] {standard_task_runner.py:77} INFO - Job 10619: Subtask transform_into_fulldata.csv
[2024-03-21 19:25:04,108] {logging_mixin.py:104} INFO - Running <TaskInstance: ***_exam.transform_into_fulldata.csv 2024-03-21T19:24:00+00:00 [running]> on host 3a3d0401ac26
[2024-03-21 19:25:04,204] {taskinstance.py:1302} INFO - Exporting the following env vars:
AIRFLOW_CTX_DAG_OWNER=***
AIRFLOW_CTX_DAG_ID=***_exam
AIRFLOW_CTX_TASK_ID=transform_into_fulldata.csv
AIRFLOW_CTX_EXECUTION_DATE=2024-03-21T19:24:00+00:00
AIRFLOW_CTX_DAG_RUN_ID=scheduled__2024-03-21T19:24:00+00:00
[2024-03-21 19:25:04,356] {logging_mixin.py:104} INFO - 
[2024-03-21 19:25:04,380] {logging_mixin.py:104} INFO -     temperature        city  pression              date
0       288.84       Paris      1025  2024-03-21 19:25
1       287.00      London      1022  2024-03-21 19:25
2       286.46  Washington      1014  2024-03-21 19:25
3       288.65       Paris      1025  2024-03-21 19:24
4       287.00      London      1022  2024-03-21 19:24
5       286.46  Washington      1014  2024-03-21 19:24
6       288.99       Paris      1025  2024-03-21 19:23
7       287.00      London      1022  2024-03-21 19:23
8       286.46  Washington      1014  2024-03-21 19:23
9       288.99       Paris      1025  2024-03-21 19:22
[2024-03-21 19:25:04,402] {python.py:151} INFO - Done. Returned value was: None
[2024-03-21 19:25:04,415] {taskinstance.py:1211} INFO - Marking task as SUCCESS. dag_id=***_exam, task_id=transform_into_fulldata.csv, execution_date=20240321T192400, start_date=20240321T192504, end_date=20240321T192504
[2024-03-21 19:25:04,457] {taskinstance.py:1265} INFO - 3 downstream tasks scheduled from follow-on schedule check
[2024-03-21 19:25:04,508] {local_task_job.py:151} INFO - Task exited with return code 0
