[2024-03-21 19:33:08,776] {taskinstance.py:896} INFO - Dependencies all met for <TaskInstance: airflow_exam.compute_lr_score 2024-03-21T19:32:00+00:00 [queued]>
[2024-03-21 19:33:08,805] {taskinstance.py:896} INFO - Dependencies all met for <TaskInstance: airflow_exam.compute_lr_score 2024-03-21T19:32:00+00:00 [queued]>
[2024-03-21 19:33:08,806] {taskinstance.py:1087} INFO - 
--------------------------------------------------------------------------------
[2024-03-21 19:33:08,806] {taskinstance.py:1088} INFO - Starting attempt 1 of 1
[2024-03-21 19:33:08,806] {taskinstance.py:1089} INFO - 
--------------------------------------------------------------------------------
[2024-03-21 19:33:08,825] {taskinstance.py:1107} INFO - Executing <Task(PythonOperator): compute_lr_score> on 2024-03-21T19:32:00+00:00
[2024-03-21 19:33:08,840] {standard_task_runner.py:52} INFO - Started process 50066 to run task
[2024-03-21 19:33:08,844] {standard_task_runner.py:76} INFO - Running: ['***', 'tasks', 'run', '***_exam', 'compute_lr_score', '2024-03-21T19:32:00+00:00', '--job-id', '10678', '--pool', 'default_pool', '--raw', '--subdir', 'DAGS_FOLDER/DAG.py', '--cfg-path', '/tmp/tmpsb5van3w', '--error-file', '/tmp/tmpmh9g91e0']
[2024-03-21 19:33:08,845] {standard_task_runner.py:77} INFO - Job 10678: Subtask compute_lr_score
[2024-03-21 19:33:08,919] {logging_mixin.py:104} INFO - Running <TaskInstance: ***_exam.compute_lr_score 2024-03-21T19:32:00+00:00 [running]> on host 3a3d0401ac26
[2024-03-21 19:33:09,020] {taskinstance.py:1302} INFO - Exporting the following env vars:
AIRFLOW_CTX_DAG_OWNER=***
AIRFLOW_CTX_DAG_ID=***_exam
AIRFLOW_CTX_TASK_ID=compute_lr_score
AIRFLOW_CTX_EXECUTION_DATE=2024-03-21T19:32:00+00:00
AIRFLOW_CTX_DAG_RUN_ID=scheduled__2024-03-21T19:32:00+00:00
[2024-03-21 19:33:09,642] {python.py:151} INFO - Done. Returned value was: None
[2024-03-21 19:33:09,660] {taskinstance.py:1211} INFO - Marking task as SUCCESS. dag_id=***_exam, task_id=compute_lr_score, execution_date=20240321T193200, start_date=20240321T193308, end_date=20240321T193309
[2024-03-21 19:33:09,719] {taskinstance.py:1265} INFO - 0 downstream tasks scheduled from follow-on schedule check
[2024-03-21 19:33:09,825] {local_task_job.py:151} INFO - Task exited with return code 0
