[2024-03-15 17:50:04,245] {taskinstance.py:896} INFO - Dependencies all met for <TaskInstance: airflow_exam.transform_into_data.csv 2024-03-15T17:49:00+00:00 [queued]>
[2024-03-15 17:50:04,266] {taskinstance.py:896} INFO - Dependencies all met for <TaskInstance: airflow_exam.transform_into_data.csv 2024-03-15T17:49:00+00:00 [queued]>
[2024-03-15 17:50:04,266] {taskinstance.py:1087} INFO - 
--------------------------------------------------------------------------------
[2024-03-15 17:50:04,266] {taskinstance.py:1088} INFO - Starting attempt 1 of 1
[2024-03-15 17:50:04,266] {taskinstance.py:1089} INFO - 
--------------------------------------------------------------------------------
[2024-03-15 17:50:04,279] {taskinstance.py:1107} INFO - Executing <Task(PythonOperator): transform_into_data.csv> on 2024-03-15T17:49:00+00:00
[2024-03-15 17:50:04,288] {standard_task_runner.py:52} INFO - Started process 38396 to run task
[2024-03-15 17:50:04,292] {standard_task_runner.py:76} INFO - Running: ['***', 'tasks', 'run', '***_exam', 'transform_into_data.csv', '2024-03-15T17:49:00+00:00', '--job-id', '3082', '--pool', 'default_pool', '--raw', '--subdir', 'DAGS_FOLDER/DAG.py', '--cfg-path', '/tmp/tmpwhrhprv0', '--error-file', '/tmp/tmpy2u_2ytu']
[2024-03-15 17:50:04,292] {standard_task_runner.py:77} INFO - Job 3082: Subtask transform_into_data.csv
[2024-03-15 17:50:04,344] {logging_mixin.py:104} INFO - Running <TaskInstance: ***_exam.transform_into_data.csv 2024-03-15T17:49:00+00:00 [running]> on host 3a3d0401ac26
[2024-03-15 17:50:04,403] {taskinstance.py:1302} INFO - Exporting the following env vars:
AIRFLOW_CTX_DAG_OWNER=***
AIRFLOW_CTX_DAG_ID=***_exam
AIRFLOW_CTX_TASK_ID=transform_into_data.csv
AIRFLOW_CTX_EXECUTION_DATE=2024-03-15T17:49:00+00:00
AIRFLOW_CTX_DAG_RUN_ID=scheduled__2024-03-15T17:49:00+00:00
[2024-03-15 17:50:04,407] {logging_mixin.py:104} INFO - 
[2024-03-15 17:50:04,423] {logging_mixin.py:104} INFO -     temperature        city  pression              date
0       287.08       Paris      1011  2024-03-15 17:50
1       285.90      London      1005  2024-03-15 17:50
2       281.93  Washington      1026  2024-03-15 17:50
3       287.07       Paris      1011  2024-03-15 17:49
4       285.90      London      1005  2024-03-15 17:49
5       281.30  Washington      1026  2024-03-15 17:49
6       287.07       Paris      1011  2024-03-15 17:48
7       285.90      London      1005  2024-03-15 17:48
8       281.30  Washington      1026  2024-03-15 17:48
9       287.07       Paris      1011  2024-03-15 17:47
[2024-03-15 17:50:04,426] {python.py:151} INFO - Done. Returned value was: None
[2024-03-15 17:50:04,437] {taskinstance.py:1211} INFO - Marking task as SUCCESS. dag_id=***_exam, task_id=transform_into_data.csv, execution_date=20240315T174900, start_date=20240315T175004, end_date=20240315T175004
[2024-03-15 17:50:04,468] {taskinstance.py:1265} INFO - 0 downstream tasks scheduled from follow-on schedule check
[2024-03-15 17:50:04,504] {local_task_job.py:151} INFO - Task exited with return code 0
