[2023-10-07 15:54:16,779] {taskinstance.py:896} INFO - Dependencies all met for <TaskInstance: airflow_exam.compute_lr_score 2023-10-07T15:53:00+00:00 [queued]>
[2023-10-07 15:54:16,799] {taskinstance.py:896} INFO - Dependencies all met for <TaskInstance: airflow_exam.compute_lr_score 2023-10-07T15:53:00+00:00 [queued]>
[2023-10-07 15:54:16,799] {taskinstance.py:1087} INFO - 
--------------------------------------------------------------------------------
[2023-10-07 15:54:16,799] {taskinstance.py:1088} INFO - Starting attempt 1 of 1
[2023-10-07 15:54:16,799] {taskinstance.py:1089} INFO - 
--------------------------------------------------------------------------------
[2023-10-07 15:54:16,811] {taskinstance.py:1107} INFO - Executing <Task(PythonOperator): compute_lr_score> on 2023-10-07T15:53:00+00:00
[2023-10-07 15:54:16,820] {standard_task_runner.py:52} INFO - Started process 1662 to run task
[2023-10-07 15:54:16,823] {standard_task_runner.py:76} INFO - Running: ['***', 'tasks', 'run', '***_exam', 'compute_lr_score', '2023-10-07T15:53:00+00:00', '--job-id', '1268', '--pool', 'default_pool', '--raw', '--subdir', 'DAGS_FOLDER/DAG.py', '--cfg-path', '/tmp/tmpvvadc8_5', '--error-file', '/tmp/tmpuy51aevt']
[2023-10-07 15:54:16,824] {standard_task_runner.py:77} INFO - Job 1268: Subtask compute_lr_score
[2023-10-07 15:54:16,871] {logging_mixin.py:104} INFO - Running <TaskInstance: ***_exam.compute_lr_score 2023-10-07T15:53:00+00:00 [running]> on host 3a3d0401ac26
[2023-10-07 15:54:16,931] {taskinstance.py:1302} INFO - Exporting the following env vars:
AIRFLOW_CTX_DAG_OWNER=***
AIRFLOW_CTX_DAG_ID=***_exam
AIRFLOW_CTX_TASK_ID=compute_lr_score
AIRFLOW_CTX_EXECUTION_DATE=2023-10-07T15:53:00+00:00
AIRFLOW_CTX_DAG_RUN_ID=scheduled__2023-10-07T15:53:00+00:00
[2023-10-07 15:54:17,076] {python.py:151} INFO - Done. Returned value was: None
[2023-10-07 15:54:17,088] {taskinstance.py:1211} INFO - Marking task as SUCCESS. dag_id=***_exam, task_id=compute_lr_score, execution_date=20231007T155300, start_date=20231007T155416, end_date=20231007T155417
[2023-10-07 15:54:17,191] {taskinstance.py:1265} INFO - 0 downstream tasks scheduled from follow-on schedule check
[2023-10-07 15:54:17,237] {local_task_job.py:151} INFO - Task exited with return code 0
