[2023-10-06 19:25:03,407] {taskinstance.py:896} INFO - Dependencies all met for <TaskInstance: airflow_exam.transform_into_fulldata.csv 2023-10-06T19:24:00+00:00 [queued]>
[2023-10-06 19:25:03,424] {taskinstance.py:896} INFO - Dependencies all met for <TaskInstance: airflow_exam.transform_into_fulldata.csv 2023-10-06T19:24:00+00:00 [queued]>
[2023-10-06 19:25:03,424] {taskinstance.py:1087} INFO - 
--------------------------------------------------------------------------------
[2023-10-06 19:25:03,425] {taskinstance.py:1088} INFO - Starting attempt 1 of 1
[2023-10-06 19:25:03,425] {taskinstance.py:1089} INFO - 
--------------------------------------------------------------------------------
[2023-10-06 19:25:03,443] {taskinstance.py:1107} INFO - Executing <Task(PythonOperator): transform_into_fulldata.csv> on 2023-10-06T19:24:00+00:00
[2023-10-06 19:25:03,453] {standard_task_runner.py:52} INFO - Started process 4490 to run task
[2023-10-06 19:25:03,460] {standard_task_runner.py:76} INFO - Running: ['***', 'tasks', 'run', '***_exam', 'transform_into_fulldata.csv', '2023-10-06T19:24:00+00:00', '--job-id', '426', '--pool', 'default_pool', '--raw', '--subdir', 'DAGS_FOLDER/DAG.py', '--cfg-path', '/tmp/tmpl_qmgbhv', '--error-file', '/tmp/tmp_ijj8ws6']
[2023-10-06 19:25:03,461] {standard_task_runner.py:77} INFO - Job 426: Subtask transform_into_fulldata.csv
[2023-10-06 19:25:03,524] {logging_mixin.py:104} INFO - Running <TaskInstance: ***_exam.transform_into_fulldata.csv 2023-10-06T19:24:00+00:00 [running]> on host 3a3d0401ac26
[2023-10-06 19:25:03,589] {taskinstance.py:1302} INFO - Exporting the following env vars:
AIRFLOW_CTX_DAG_OWNER=***
AIRFLOW_CTX_DAG_ID=***_exam
AIRFLOW_CTX_TASK_ID=transform_into_fulldata.csv
AIRFLOW_CTX_EXECUTION_DATE=2023-10-06T19:24:00+00:00
AIRFLOW_CTX_DAG_RUN_ID=scheduled__2023-10-06T19:24:00+00:00
[2023-10-06 19:25:03,596] {logging_mixin.py:104} INFO - 
[2023-10-06 19:25:03,623] {logging_mixin.py:104} INFO -     temperature        city  pression              date
0       289.07       Paris      1026  2023-10-06 19:25
1       290.46      London      1023  2023-10-06 19:25
2       291.89  Washington      1025  2023-10-06 19:25
3       289.07       Paris      1026  2023-10-06 19:24
4       290.46      London      1023  2023-10-06 19:24
5       291.89  Washington      1025  2023-10-06 19:24
6       289.07       Paris      1026  2023-10-06 19:23
7       290.46      London      1023  2023-10-06 19:23
8       291.89  Washington      1025  2023-10-06 19:23
9       289.07       Paris      1026  2023-10-06 19:22
[2023-10-06 19:25:03,629] {python.py:151} INFO - Done. Returned value was: None
[2023-10-06 19:25:03,643] {taskinstance.py:1211} INFO - Marking task as SUCCESS. dag_id=***_exam, task_id=transform_into_fulldata.csv, execution_date=20231006T192400, start_date=20231006T192503, end_date=20231006T192503
[2023-10-06 19:25:03,687] {taskinstance.py:1265} INFO - 3 downstream tasks scheduled from follow-on schedule check
[2023-10-06 19:25:03,709] {local_task_job.py:151} INFO - Task exited with return code 0
