[2024-03-15 15:39:04,999] {taskinstance.py:896} INFO - Dependencies all met for <TaskInstance: airflow_exam.transform_into_fulldata.csv 2024-03-15T15:38:00+00:00 [queued]>
[2024-03-15 15:39:05,022] {taskinstance.py:896} INFO - Dependencies all met for <TaskInstance: airflow_exam.transform_into_fulldata.csv 2024-03-15T15:38:00+00:00 [queued]>
[2024-03-15 15:39:05,023] {taskinstance.py:1087} INFO - 
--------------------------------------------------------------------------------
[2024-03-15 15:39:05,023] {taskinstance.py:1088} INFO - Starting attempt 1 of 1
[2024-03-15 15:39:05,023] {taskinstance.py:1089} INFO - 
--------------------------------------------------------------------------------
[2024-03-15 15:39:05,035] {taskinstance.py:1107} INFO - Executing <Task(PythonOperator): transform_into_fulldata.csv> on 2024-03-15T15:38:00+00:00
[2024-03-15 15:39:05,044] {standard_task_runner.py:52} INFO - Started process 12478 to run task
[2024-03-15 15:39:05,048] {standard_task_runner.py:76} INFO - Running: ['***', 'tasks', 'run', '***_exam', 'transform_into_fulldata.csv', '2024-03-15T15:38:00+00:00', '--job-id', '2164', '--pool', 'default_pool', '--raw', '--subdir', 'DAGS_FOLDER/DAG.py', '--cfg-path', '/tmp/tmp298ubiqj', '--error-file', '/tmp/tmpm6kpuqra']
[2024-03-15 15:39:05,049] {standard_task_runner.py:77} INFO - Job 2164: Subtask transform_into_fulldata.csv
[2024-03-15 15:39:05,105] {logging_mixin.py:104} INFO - Running <TaskInstance: ***_exam.transform_into_fulldata.csv 2024-03-15T15:38:00+00:00 [running]> on host 3a3d0401ac26
[2024-03-15 15:39:05,177] {taskinstance.py:1302} INFO - Exporting the following env vars:
AIRFLOW_CTX_DAG_OWNER=***
AIRFLOW_CTX_DAG_ID=***_exam
AIRFLOW_CTX_TASK_ID=transform_into_fulldata.csv
AIRFLOW_CTX_EXECUTION_DATE=2024-03-15T15:38:00+00:00
AIRFLOW_CTX_DAG_RUN_ID=scheduled__2024-03-15T15:38:00+00:00
[2024-03-15 15:39:05,202] {logging_mixin.py:104} INFO - 
[2024-03-15 15:39:05,222] {logging_mixin.py:104} INFO -     temperature        city  pression              date
0       289.90       Paris      1011  2024-03-15 15:39
1       287.05      London      1004  2024-03-15 15:39
2       282.32  Washington      1027  2024-03-15 15:39
3       289.90       Paris      1011  2024-03-15 15:38
4       287.09      London      1004  2024-03-15 15:38
5       282.32  Washington      1027  2024-03-15 15:38
6       289.90       Paris      1011  2024-03-15 15:37
7       287.09      London      1004  2024-03-15 15:37
8       282.32  Washington      1027  2024-03-15 15:37
9       289.90       Paris      1011  2024-03-15 15:36
[2024-03-15 15:39:05,229] {python.py:151} INFO - Done. Returned value was: None
[2024-03-15 15:39:05,243] {taskinstance.py:1211} INFO - Marking task as SUCCESS. dag_id=***_exam, task_id=transform_into_fulldata.csv, execution_date=20240315T153800, start_date=20240315T153905, end_date=20240315T153905
[2024-03-15 15:39:05,284] {taskinstance.py:1265} INFO - 3 downstream tasks scheduled from follow-on schedule check
[2024-03-15 15:39:05,300] {local_task_job.py:151} INFO - Task exited with return code 0
