[2024-03-15 19:13:07,584] {taskinstance.py:896} INFO - Dependencies all met for <TaskInstance: airflow_exam.compute_lr_score 2024-03-15T19:12:00+00:00 [queued]>
[2024-03-15 19:13:07,612] {taskinstance.py:896} INFO - Dependencies all met for <TaskInstance: airflow_exam.compute_lr_score 2024-03-15T19:12:00+00:00 [queued]>
[2024-03-15 19:13:07,613] {taskinstance.py:1087} INFO - 
--------------------------------------------------------------------------------
[2024-03-15 19:13:07,613] {taskinstance.py:1088} INFO - Starting attempt 1 of 1
[2024-03-15 19:13:07,614] {taskinstance.py:1089} INFO - 
--------------------------------------------------------------------------------
[2024-03-15 19:13:07,630] {taskinstance.py:1107} INFO - Executing <Task(PythonOperator): compute_lr_score> on 2024-03-15T19:12:00+00:00
[2024-03-15 19:13:07,642] {standard_task_runner.py:52} INFO - Started process 55159 to run task
[2024-03-15 19:13:07,648] {standard_task_runner.py:76} INFO - Running: ['***', 'tasks', 'run', '***_exam', 'compute_lr_score', '2024-03-15T19:12:00+00:00', '--job-id', '3666', '--pool', 'default_pool', '--raw', '--subdir', 'DAGS_FOLDER/DAG.py', '--cfg-path', '/tmp/tmpf3xylbjn', '--error-file', '/tmp/tmpxihj0d62']
[2024-03-15 19:13:07,649] {standard_task_runner.py:77} INFO - Job 3666: Subtask compute_lr_score
[2024-03-15 19:13:07,724] {logging_mixin.py:104} INFO - Running <TaskInstance: ***_exam.compute_lr_score 2024-03-15T19:12:00+00:00 [running]> on host 3a3d0401ac26
[2024-03-15 19:13:07,822] {taskinstance.py:1302} INFO - Exporting the following env vars:
AIRFLOW_CTX_DAG_OWNER=***
AIRFLOW_CTX_DAG_ID=***_exam
AIRFLOW_CTX_TASK_ID=compute_lr_score
AIRFLOW_CTX_EXECUTION_DATE=2024-03-15T19:12:00+00:00
AIRFLOW_CTX_DAG_RUN_ID=scheduled__2024-03-15T19:12:00+00:00
[2024-03-15 19:13:08,231] {python.py:151} INFO - Done. Returned value was: None
[2024-03-15 19:13:08,257] {taskinstance.py:1211} INFO - Marking task as SUCCESS. dag_id=***_exam, task_id=compute_lr_score, execution_date=20240315T191200, start_date=20240315T191307, end_date=20240315T191308
[2024-03-15 19:13:08,374] {taskinstance.py:1265} INFO - 0 downstream tasks scheduled from follow-on schedule check
[2024-03-15 19:13:08,430] {local_task_job.py:151} INFO - Task exited with return code 0
