[2023-10-11 17:24:03,720] {taskinstance.py:896} INFO - Dependencies all met for <TaskInstance: airflow_exam.transform_into_data.csv 2023-10-11T17:23:00+00:00 [queued]>
[2023-10-11 17:24:03,735] {taskinstance.py:896} INFO - Dependencies all met for <TaskInstance: airflow_exam.transform_into_data.csv 2023-10-11T17:23:00+00:00 [queued]>
[2023-10-11 17:24:03,735] {taskinstance.py:1087} INFO - 
--------------------------------------------------------------------------------
[2023-10-11 17:24:03,736] {taskinstance.py:1088} INFO - Starting attempt 1 of 1
[2023-10-11 17:24:03,736] {taskinstance.py:1089} INFO - 
--------------------------------------------------------------------------------
[2023-10-11 17:24:03,754] {taskinstance.py:1107} INFO - Executing <Task(PythonOperator): transform_into_data.csv> on 2023-10-11T17:23:00+00:00
[2023-10-11 17:24:03,765] {standard_task_runner.py:52} INFO - Started process 2490 to run task
[2023-10-11 17:24:03,768] {standard_task_runner.py:76} INFO - Running: ['***', 'tasks', 'run', '***_exam', 'transform_into_data.csv', '2023-10-11T17:23:00+00:00', '--job-id', '1548', '--pool', 'default_pool', '--raw', '--subdir', 'DAGS_FOLDER/DAG.py', '--cfg-path', '/tmp/tmphxhvsbhq', '--error-file', '/tmp/tmplkelfk27']
[2023-10-11 17:24:03,769] {standard_task_runner.py:77} INFO - Job 1548: Subtask transform_into_data.csv
[2023-10-11 17:24:03,834] {logging_mixin.py:104} INFO - Running <TaskInstance: ***_exam.transform_into_data.csv 2023-10-11T17:23:00+00:00 [running]> on host 3a3d0401ac26
[2023-10-11 17:24:03,909] {taskinstance.py:1302} INFO - Exporting the following env vars:
AIRFLOW_CTX_DAG_OWNER=***
AIRFLOW_CTX_DAG_ID=***_exam
AIRFLOW_CTX_TASK_ID=transform_into_data.csv
AIRFLOW_CTX_EXECUTION_DATE=2023-10-11T17:23:00+00:00
AIRFLOW_CTX_DAG_RUN_ID=scheduled__2023-10-11T17:23:00+00:00
[2023-10-11 17:24:03,918] {logging_mixin.py:104} INFO - 
[2023-10-11 17:24:03,948] {logging_mixin.py:104} INFO -     temperature        city  pression              date
0       296.48       Paris      1015  2023-10-11 17:24
1       290.60      London      1012  2023-10-11 17:24
2       282.47  Washington      1004  2023-10-11 17:24
3       296.48       Paris      1015  2023-10-11 17:23
4       290.60      London      1012  2023-10-11 17:23
5       282.47  Washington      1004  2023-10-11 17:23
6       296.48       Paris      1015  2023-10-11 17:22
7       290.60      London      1012  2023-10-11 17:22
8       282.47  Washington      1004  2023-10-11 17:22
9       296.48       Paris      1015  2023-10-11 17:21
[2023-10-11 17:24:03,953] {python.py:151} INFO - Done. Returned value was: None
[2023-10-11 17:24:03,968] {taskinstance.py:1211} INFO - Marking task as SUCCESS. dag_id=***_exam, task_id=transform_into_data.csv, execution_date=20231011T172300, start_date=20231011T172403, end_date=20231011T172403
[2023-10-11 17:24:04,008] {taskinstance.py:1265} INFO - 0 downstream tasks scheduled from follow-on schedule check
[2023-10-11 17:24:04,061] {local_task_job.py:151} INFO - Task exited with return code 0
