[2024-03-15 18:25:03,616] {taskinstance.py:896} INFO - Dependencies all met for <TaskInstance: airflow_exam.transform_into_data.csv 2024-03-15T18:24:00+00:00 [queued]>
[2024-03-15 18:25:03,646] {taskinstance.py:896} INFO - Dependencies all met for <TaskInstance: airflow_exam.transform_into_data.csv 2024-03-15T18:24:00+00:00 [queued]>
[2024-03-15 18:25:03,646] {taskinstance.py:1087} INFO - 
--------------------------------------------------------------------------------
[2024-03-15 18:25:03,646] {taskinstance.py:1088} INFO - Starting attempt 1 of 1
[2024-03-15 18:25:03,646] {taskinstance.py:1089} INFO - 
--------------------------------------------------------------------------------
[2024-03-15 18:25:03,662] {taskinstance.py:1107} INFO - Executing <Task(PythonOperator): transform_into_data.csv> on 2024-03-15T18:24:00+00:00
[2024-03-15 18:25:03,671] {standard_task_runner.py:52} INFO - Started process 45548 to run task
[2024-03-15 18:25:03,675] {standard_task_runner.py:76} INFO - Running: ['***', 'tasks', 'run', '***_exam', 'transform_into_data.csv', '2024-03-15T18:24:00+00:00', '--job-id', '3328', '--pool', 'default_pool', '--raw', '--subdir', 'DAGS_FOLDER/DAG.py', '--cfg-path', '/tmp/tmpwvvy4vxq', '--error-file', '/tmp/tmpvkt2no6l']
[2024-03-15 18:25:03,676] {standard_task_runner.py:77} INFO - Job 3328: Subtask transform_into_data.csv
[2024-03-15 18:25:03,733] {logging_mixin.py:104} INFO - Running <TaskInstance: ***_exam.transform_into_data.csv 2024-03-15T18:24:00+00:00 [running]> on host 3a3d0401ac26
[2024-03-15 18:25:03,805] {taskinstance.py:1302} INFO - Exporting the following env vars:
AIRFLOW_CTX_DAG_OWNER=***
AIRFLOW_CTX_DAG_ID=***_exam
AIRFLOW_CTX_TASK_ID=transform_into_data.csv
AIRFLOW_CTX_EXECUTION_DATE=2024-03-15T18:24:00+00:00
AIRFLOW_CTX_DAG_RUN_ID=scheduled__2024-03-15T18:24:00+00:00
[2024-03-15 18:25:03,810] {logging_mixin.py:104} INFO - 
[2024-03-15 18:25:03,838] {logging_mixin.py:104} INFO -     temperature        city  pression              date
0       286.70       Paris      1011  2024-03-15 18:25
1       285.50      London      1005  2024-03-15 18:25
2       281.73  Washington      1026  2024-03-15 18:25
3       286.70       Paris      1011  2024-03-15 18:24
4       285.50      London      1005  2024-03-15 18:24
5       281.73  Washington      1026  2024-03-15 18:24
6       286.70       Paris      1011  2024-03-15 18:23
7       285.50      London      1005  2024-03-15 18:23
8       281.73  Washington      1026  2024-03-15 18:23
9       286.70       Paris      1011  2024-03-15 18:22
[2024-03-15 18:25:03,844] {python.py:151} INFO - Done. Returned value was: None
[2024-03-15 18:25:03,859] {taskinstance.py:1211} INFO - Marking task as SUCCESS. dag_id=***_exam, task_id=transform_into_data.csv, execution_date=20240315T182400, start_date=20240315T182503, end_date=20240315T182503
[2024-03-15 18:25:03,903] {taskinstance.py:1265} INFO - 0 downstream tasks scheduled from follow-on schedule check
[2024-03-15 18:25:03,927] {local_task_job.py:151} INFO - Task exited with return code 0
