[2024-03-21 00:30:11,858] {taskinstance.py:896} INFO - Dependencies all met for <TaskInstance: airflow_exam.compute_rf_score 2024-03-21T00:22:00+00:00 [queued]>
[2024-03-21 00:30:12,028] {taskinstance.py:896} INFO - Dependencies all met for <TaskInstance: airflow_exam.compute_rf_score 2024-03-21T00:22:00+00:00 [queued]>
[2024-03-21 00:30:12,028] {taskinstance.py:1087} INFO - 
--------------------------------------------------------------------------------
[2024-03-21 00:30:12,029] {taskinstance.py:1088} INFO - Starting attempt 1 of 1
[2024-03-21 00:30:12,029] {taskinstance.py:1089} INFO - 
--------------------------------------------------------------------------------
[2024-03-21 00:30:12,152] {taskinstance.py:1107} INFO - Executing <Task(PythonOperator): compute_rf_score> on 2024-03-21T00:22:00+00:00
[2024-03-21 00:30:12,277] {standard_task_runner.py:52} INFO - Started process 1304 to run task
[2024-03-21 00:30:12,302] {standard_task_runner.py:76} INFO - Running: ['***', 'tasks', 'run', '***_exam', 'compute_rf_score', '2024-03-21T00:22:00+00:00', '--job-id', '8391', '--pool', 'default_pool', '--raw', '--subdir', 'DAGS_FOLDER/DAG.py', '--cfg-path', '/tmp/tmp00wfzq8f', '--error-file', '/tmp/tmpd4eaacgu']
[2024-03-21 00:30:12,303] {standard_task_runner.py:77} INFO - Job 8391: Subtask compute_rf_score
[2024-03-21 00:30:12,705] {logging_mixin.py:104} INFO - Running <TaskInstance: ***_exam.compute_rf_score 2024-03-21T00:22:00+00:00 [running]> on host 3a3d0401ac26
[2024-03-21 00:30:13,104] {taskinstance.py:1302} INFO - Exporting the following env vars:
AIRFLOW_CTX_DAG_OWNER=***
AIRFLOW_CTX_DAG_ID=***_exam
AIRFLOW_CTX_TASK_ID=compute_rf_score
AIRFLOW_CTX_EXECUTION_DATE=2024-03-21T00:22:00+00:00
AIRFLOW_CTX_DAG_RUN_ID=scheduled__2024-03-21T00:22:00+00:00
[2024-03-21 00:30:29,078] {python.py:151} INFO - Done. Returned value was: None
[2024-03-21 00:30:29,119] {taskinstance.py:1211} INFO - Marking task as SUCCESS. dag_id=***_exam, task_id=compute_rf_score, execution_date=20240321T002200, start_date=20240321T003011, end_date=20240321T003029
[2024-03-21 00:30:29,418] {taskinstance.py:1265} INFO - 1 downstream tasks scheduled from follow-on schedule check
[2024-03-21 00:30:29,564] {local_task_job.py:151} INFO - Task exited with return code 0
