[2023-10-06 20:06:05,120] {taskinstance.py:896} INFO - Dependencies all met for <TaskInstance: airflow_exam.compute_dt_score 2023-10-06T20:05:00+00:00 [queued]>
[2023-10-06 20:06:05,132] {taskinstance.py:896} INFO - Dependencies all met for <TaskInstance: airflow_exam.compute_dt_score 2023-10-06T20:05:00+00:00 [queued]>
[2023-10-06 20:06:05,132] {taskinstance.py:1087} INFO - 
--------------------------------------------------------------------------------
[2023-10-06 20:06:05,132] {taskinstance.py:1088} INFO - Starting attempt 1 of 1
[2023-10-06 20:06:05,132] {taskinstance.py:1089} INFO - 
--------------------------------------------------------------------------------
[2023-10-06 20:06:05,147] {taskinstance.py:1107} INFO - Executing <Task(PythonOperator): compute_dt_score> on 2023-10-06T20:05:00+00:00
[2023-10-06 20:06:05,154] {standard_task_runner.py:52} INFO - Started process 12364 to run task
[2023-10-06 20:06:05,157] {standard_task_runner.py:76} INFO - Running: ['***', 'tasks', 'run', '***_exam', 'compute_dt_score', '2023-10-06T20:05:00+00:00', '--job-id', '714', '--pool', 'default_pool', '--raw', '--subdir', 'DAGS_FOLDER/DAG.py', '--cfg-path', '/tmp/tmpm3ozoewt', '--error-file', '/tmp/tmp3vcoita2']
[2023-10-06 20:06:05,157] {standard_task_runner.py:77} INFO - Job 714: Subtask compute_dt_score
[2023-10-06 20:06:05,200] {logging_mixin.py:104} INFO - Running <TaskInstance: ***_exam.compute_dt_score 2023-10-06T20:05:00+00:00 [running]> on host 3a3d0401ac26
[2023-10-06 20:06:05,257] {taskinstance.py:1302} INFO - Exporting the following env vars:
AIRFLOW_CTX_DAG_OWNER=***
AIRFLOW_CTX_DAG_ID=***_exam
AIRFLOW_CTX_TASK_ID=compute_dt_score
AIRFLOW_CTX_EXECUTION_DATE=2023-10-06T20:05:00+00:00
AIRFLOW_CTX_DAG_RUN_ID=scheduled__2023-10-06T20:05:00+00:00
[2023-10-06 20:06:05,384] {python.py:151} INFO - Done. Returned value was: None
[2023-10-06 20:06:05,395] {taskinstance.py:1211} INFO - Marking task as SUCCESS. dag_id=***_exam, task_id=compute_dt_score, execution_date=20231006T200500, start_date=20231006T200605, end_date=20231006T200605
[2023-10-06 20:06:05,437] {taskinstance.py:1265} INFO - 0 downstream tasks scheduled from follow-on schedule check
[2023-10-06 20:06:05,449] {local_task_job.py:151} INFO - Task exited with return code 0
