[2024-03-15 18:26:04,981] {taskinstance.py:896} INFO - Dependencies all met for <TaskInstance: airflow_exam.transform_into_fulldata.csv 2024-03-15T18:25:00+00:00 [queued]>
[2024-03-15 18:26:05,008] {taskinstance.py:896} INFO - Dependencies all met for <TaskInstance: airflow_exam.transform_into_fulldata.csv 2024-03-15T18:25:00+00:00 [queued]>
[2024-03-15 18:26:05,009] {taskinstance.py:1087} INFO - 
--------------------------------------------------------------------------------
[2024-03-15 18:26:05,009] {taskinstance.py:1088} INFO - Starting attempt 1 of 1
[2024-03-15 18:26:05,009] {taskinstance.py:1089} INFO - 
--------------------------------------------------------------------------------
[2024-03-15 18:26:05,026] {taskinstance.py:1107} INFO - Executing <Task(PythonOperator): transform_into_fulldata.csv> on 2024-03-15T18:25:00+00:00
[2024-03-15 18:26:05,036] {standard_task_runner.py:52} INFO - Started process 45755 to run task
[2024-03-15 18:26:05,040] {standard_task_runner.py:76} INFO - Running: ['***', 'tasks', 'run', '***_exam', 'transform_into_fulldata.csv', '2024-03-15T18:25:00+00:00', '--job-id', '3335', '--pool', 'default_pool', '--raw', '--subdir', 'DAGS_FOLDER/DAG.py', '--cfg-path', '/tmp/tmpkw27jfn6', '--error-file', '/tmp/tmp1gyy9660']
[2024-03-15 18:26:05,041] {standard_task_runner.py:77} INFO - Job 3335: Subtask transform_into_fulldata.csv
[2024-03-15 18:26:05,105] {logging_mixin.py:104} INFO - Running <TaskInstance: ***_exam.transform_into_fulldata.csv 2024-03-15T18:25:00+00:00 [running]> on host 3a3d0401ac26
[2024-03-15 18:26:05,186] {taskinstance.py:1302} INFO - Exporting the following env vars:
AIRFLOW_CTX_DAG_OWNER=***
AIRFLOW_CTX_DAG_ID=***_exam
AIRFLOW_CTX_TASK_ID=transform_into_fulldata.csv
AIRFLOW_CTX_EXECUTION_DATE=2024-03-15T18:25:00+00:00
AIRFLOW_CTX_DAG_RUN_ID=scheduled__2024-03-15T18:25:00+00:00
[2024-03-15 18:26:05,252] {logging_mixin.py:104} INFO - 
[2024-03-15 18:26:05,292] {logging_mixin.py:104} INFO -     temperature        city  pression              date
0       286.75       Paris      1012  2024-03-15 18:26
1       285.49      London      1006  2024-03-15 18:26
2       281.73  Washington      1026  2024-03-15 18:26
3       286.70       Paris      1011  2024-03-15 18:25
4       285.50      London      1005  2024-03-15 18:25
5       281.73  Washington      1026  2024-03-15 18:25
6       286.70       Paris      1011  2024-03-15 18:24
7       285.50      London      1005  2024-03-15 18:24
8       281.73  Washington      1026  2024-03-15 18:24
9       286.70       Paris      1011  2024-03-15 18:23
[2024-03-15 18:26:05,305] {python.py:151} INFO - Done. Returned value was: None
[2024-03-15 18:26:05,326] {taskinstance.py:1211} INFO - Marking task as SUCCESS. dag_id=***_exam, task_id=transform_into_fulldata.csv, execution_date=20240315T182500, start_date=20240315T182604, end_date=20240315T182605
[2024-03-15 18:26:05,412] {taskinstance.py:1265} INFO - 3 downstream tasks scheduled from follow-on schedule check
[2024-03-15 18:26:05,461] {local_task_job.py:151} INFO - Task exited with return code 0
