[2024-03-21 01:14:06,833] {taskinstance.py:896} INFO - Dependencies all met for <TaskInstance: airflow_exam.compute_rf_score 2024-03-21T01:13:00+00:00 [queued]>
[2024-03-21 01:14:06,854] {taskinstance.py:896} INFO - Dependencies all met for <TaskInstance: airflow_exam.compute_rf_score 2024-03-21T01:13:00+00:00 [queued]>
[2024-03-21 01:14:06,855] {taskinstance.py:1087} INFO - 
--------------------------------------------------------------------------------
[2024-03-21 01:14:06,855] {taskinstance.py:1088} INFO - Starting attempt 1 of 1
[2024-03-21 01:14:06,855] {taskinstance.py:1089} INFO - 
--------------------------------------------------------------------------------
[2024-03-21 01:14:06,877] {taskinstance.py:1107} INFO - Executing <Task(PythonOperator): compute_rf_score> on 2024-03-21T01:13:00+00:00
[2024-03-21 01:14:06,890] {standard_task_runner.py:52} INFO - Started process 11574 to run task
[2024-03-21 01:14:06,895] {standard_task_runner.py:76} INFO - Running: ['***', 'tasks', 'run', '***_exam', 'compute_rf_score', '2024-03-21T01:13:00+00:00', '--job-id', '8747', '--pool', 'default_pool', '--raw', '--subdir', 'DAGS_FOLDER/DAG.py', '--cfg-path', '/tmp/tmp3fu5bq16', '--error-file', '/tmp/tmpf3xd3vh6']
[2024-03-21 01:14:06,896] {standard_task_runner.py:77} INFO - Job 8747: Subtask compute_rf_score
[2024-03-21 01:14:06,965] {logging_mixin.py:104} INFO - Running <TaskInstance: ***_exam.compute_rf_score 2024-03-21T01:13:00+00:00 [running]> on host 3a3d0401ac26
[2024-03-21 01:14:07,063] {taskinstance.py:1302} INFO - Exporting the following env vars:
AIRFLOW_CTX_DAG_OWNER=***
AIRFLOW_CTX_DAG_ID=***_exam
AIRFLOW_CTX_TASK_ID=compute_rf_score
AIRFLOW_CTX_EXECUTION_DATE=2024-03-21T01:13:00+00:00
AIRFLOW_CTX_DAG_RUN_ID=scheduled__2024-03-21T01:13:00+00:00
[2024-03-21 01:14:10,126] {python.py:151} INFO - Done. Returned value was: None
[2024-03-21 01:14:10,139] {taskinstance.py:1211} INFO - Marking task as SUCCESS. dag_id=***_exam, task_id=compute_rf_score, execution_date=20240321T011300, start_date=20240321T011406, end_date=20240321T011410
[2024-03-21 01:14:10,177] {taskinstance.py:1265} INFO - 1 downstream tasks scheduled from follow-on schedule check
[2024-03-21 01:14:10,202] {local_task_job.py:151} INFO - Task exited with return code 0
