[2023-10-06 19:57:03,642] {taskinstance.py:896} INFO - Dependencies all met for <TaskInstance: airflow_exam.transform_into_fulldata.csv 2023-10-06T19:56:00+00:00 [queued]>
[2023-10-06 19:57:03,654] {taskinstance.py:896} INFO - Dependencies all met for <TaskInstance: airflow_exam.transform_into_fulldata.csv 2023-10-06T19:56:00+00:00 [queued]>
[2023-10-06 19:57:03,655] {taskinstance.py:1087} INFO - 
--------------------------------------------------------------------------------
[2023-10-06 19:57:03,655] {taskinstance.py:1088} INFO - Starting attempt 1 of 1
[2023-10-06 19:57:03,655] {taskinstance.py:1089} INFO - 
--------------------------------------------------------------------------------
[2023-10-06 19:57:03,670] {taskinstance.py:1107} INFO - Executing <Task(PythonOperator): transform_into_fulldata.csv> on 2023-10-06T19:56:00+00:00
[2023-10-06 19:57:03,676] {standard_task_runner.py:52} INFO - Started process 10603 to run task
[2023-10-06 19:57:03,679] {standard_task_runner.py:76} INFO - Running: ['***', 'tasks', 'run', '***_exam', 'transform_into_fulldata.csv', '2023-10-06T19:56:00+00:00', '--job-id', '650', '--pool', 'default_pool', '--raw', '--subdir', 'DAGS_FOLDER/DAG.py', '--cfg-path', '/tmp/tmp9thel2ea', '--error-file', '/tmp/tmpsuyqu899']
[2023-10-06 19:57:03,679] {standard_task_runner.py:77} INFO - Job 650: Subtask transform_into_fulldata.csv
[2023-10-06 19:57:03,721] {logging_mixin.py:104} INFO - Running <TaskInstance: ***_exam.transform_into_fulldata.csv 2023-10-06T19:56:00+00:00 [running]> on host 3a3d0401ac26
[2023-10-06 19:57:03,779] {taskinstance.py:1302} INFO - Exporting the following env vars:
AIRFLOW_CTX_DAG_OWNER=***
AIRFLOW_CTX_DAG_ID=***_exam
AIRFLOW_CTX_TASK_ID=transform_into_fulldata.csv
AIRFLOW_CTX_EXECUTION_DATE=2023-10-06T19:56:00+00:00
AIRFLOW_CTX_DAG_RUN_ID=scheduled__2023-10-06T19:56:00+00:00
[2023-10-06 19:57:03,786] {logging_mixin.py:104} INFO - 
[2023-10-06 19:57:03,804] {logging_mixin.py:104} INFO -     temperature        city  pression              date
0       288.25       Paris      1026  2023-10-06 19:57
1       290.12      London      1023  2023-10-06 19:57
2       293.21  Washington      1024  2023-10-06 19:57
3       288.25       Paris      1026  2023-10-06 19:56
4       290.16      London      1023  2023-10-06 19:56
5       293.21  Washington      1024  2023-10-06 19:56
6       289.02       Paris      1025  2023-10-06 19:55
7       290.16      London      1023  2023-10-06 19:55
8       292.95  Washington      1024  2023-10-06 19:55
9       289.02       Paris      1025  2023-10-06 19:54
[2023-10-06 19:57:03,808] {python.py:151} INFO - Done. Returned value was: None
[2023-10-06 19:57:03,819] {taskinstance.py:1211} INFO - Marking task as SUCCESS. dag_id=***_exam, task_id=transform_into_fulldata.csv, execution_date=20231006T195600, start_date=20231006T195703, end_date=20231006T195703
[2023-10-06 19:57:03,863] {taskinstance.py:1265} INFO - 0 downstream tasks scheduled from follow-on schedule check
[2023-10-06 19:57:03,892] {local_task_job.py:151} INFO - Task exited with return code 0
