[2024-03-15 18:39:07,487] {taskinstance.py:896} INFO - Dependencies all met for <TaskInstance: airflow_exam.transform_into_fulldata.csv 2024-03-15T18:38:00+00:00 [queued]>
[2024-03-15 18:39:07,527] {taskinstance.py:896} INFO - Dependencies all met for <TaskInstance: airflow_exam.transform_into_fulldata.csv 2024-03-15T18:38:00+00:00 [queued]>
[2024-03-15 18:39:07,528] {taskinstance.py:1087} INFO - 
--------------------------------------------------------------------------------
[2024-03-15 18:39:07,529] {taskinstance.py:1088} INFO - Starting attempt 1 of 1
[2024-03-15 18:39:07,529] {taskinstance.py:1089} INFO - 
--------------------------------------------------------------------------------
[2024-03-15 18:39:07,556] {taskinstance.py:1107} INFO - Executing <Task(PythonOperator): transform_into_fulldata.csv> on 2024-03-15T18:38:00+00:00
[2024-03-15 18:39:07,573] {standard_task_runner.py:52} INFO - Started process 48306 to run task
[2024-03-15 18:39:07,581] {standard_task_runner.py:76} INFO - Running: ['***', 'tasks', 'run', '***_exam', 'transform_into_fulldata.csv', '2024-03-15T18:38:00+00:00', '--job-id', '3425', '--pool', 'default_pool', '--raw', '--subdir', 'DAGS_FOLDER/DAG.py', '--cfg-path', '/tmp/tmp6ufu5e0f', '--error-file', '/tmp/tmpx0vry6i1']
[2024-03-15 18:39:07,583] {standard_task_runner.py:77} INFO - Job 3425: Subtask transform_into_fulldata.csv
[2024-03-15 18:39:07,671] {logging_mixin.py:104} INFO - Running <TaskInstance: ***_exam.transform_into_fulldata.csv 2024-03-15T18:38:00+00:00 [running]> on host 3a3d0401ac26
[2024-03-15 18:39:07,807] {taskinstance.py:1302} INFO - Exporting the following env vars:
AIRFLOW_CTX_DAG_OWNER=***
AIRFLOW_CTX_DAG_ID=***_exam
AIRFLOW_CTX_TASK_ID=transform_into_fulldata.csv
AIRFLOW_CTX_EXECUTION_DATE=2024-03-15T18:38:00+00:00
AIRFLOW_CTX_DAG_RUN_ID=scheduled__2024-03-15T18:38:00+00:00
[2024-03-15 18:39:08,324] {logging_mixin.py:104} INFO - 
[2024-03-15 18:39:08,357] {logging_mixin.py:104} INFO -     temperature        city  pression              date
0       286.69       Paris      1012  2024-03-15 18:39
1       285.48      London      1006  2024-03-15 18:39
2       282.36  Washington      1025  2024-03-15 18:39
3       286.69       Paris      1012  2024-03-15 18:38
4       285.48      London      1006  2024-03-15 18:38
5       282.36  Washington      1025  2024-03-15 18:38
6       286.69       Paris      1012  2024-03-15 18:37
7       285.48      London      1006  2024-03-15 18:37
8       282.36  Washington      1025  2024-03-15 18:37
9       286.69       Paris      1012  2024-03-15 18:36
[2024-03-15 18:39:08,368] {python.py:151} INFO - Done. Returned value was: None
[2024-03-15 18:39:08,385] {taskinstance.py:1211} INFO - Marking task as SUCCESS. dag_id=***_exam, task_id=transform_into_fulldata.csv, execution_date=20240315T183800, start_date=20240315T183907, end_date=20240315T183908
[2024-03-15 18:39:08,439] {taskinstance.py:1265} INFO - 3 downstream tasks scheduled from follow-on schedule check
[2024-03-15 18:39:08,497] {local_task_job.py:151} INFO - Task exited with return code 0
