[2023-10-07 13:24:35,729] {taskinstance.py:896} INFO - Dependencies all met for <TaskInstance: airflow_exam.compute_rf_score 2023-10-06T23:32:00+00:00 [queued]>
[2023-10-07 13:24:35,856] {taskinstance.py:896} INFO - Dependencies all met for <TaskInstance: airflow_exam.compute_rf_score 2023-10-06T23:32:00+00:00 [queued]>
[2023-10-07 13:24:35,856] {taskinstance.py:1087} INFO - 
--------------------------------------------------------------------------------
[2023-10-07 13:24:35,856] {taskinstance.py:1088} INFO - Starting attempt 1 of 1
[2023-10-07 13:24:35,857] {taskinstance.py:1089} INFO - 
--------------------------------------------------------------------------------
[2023-10-07 13:24:35,895] {taskinstance.py:1107} INFO - Executing <Task(PythonOperator): compute_rf_score> on 2023-10-06T23:32:00+00:00
[2023-10-07 13:24:35,932] {standard_task_runner.py:52} INFO - Started process 270 to run task
[2023-10-07 13:24:35,949] {standard_task_runner.py:76} INFO - Running: ['***', 'tasks', 'run', '***_exam', 'compute_rf_score', '2023-10-06T23:32:00+00:00', '--job-id', '1092', '--pool', 'default_pool', '--raw', '--subdir', 'DAGS_FOLDER/DAG.py', '--cfg-path', '/tmp/tmp2u54qr0w', '--error-file', '/tmp/tmp32v4vzxb']
[2023-10-07 13:24:35,950] {standard_task_runner.py:77} INFO - Job 1092: Subtask compute_rf_score
[2023-10-07 13:24:36,146] {logging_mixin.py:104} INFO - Running <TaskInstance: ***_exam.compute_rf_score 2023-10-06T23:32:00+00:00 [running]> on host 3a3d0401ac26
[2023-10-07 13:24:36,540] {taskinstance.py:1302} INFO - Exporting the following env vars:
AIRFLOW_CTX_DAG_OWNER=***
AIRFLOW_CTX_DAG_ID=***_exam
AIRFLOW_CTX_TASK_ID=compute_rf_score
AIRFLOW_CTX_EXECUTION_DATE=2023-10-06T23:32:00+00:00
AIRFLOW_CTX_DAG_RUN_ID=scheduled__2023-10-06T23:32:00+00:00
[2023-10-07 13:24:38,788] {python.py:151} INFO - Done. Returned value was: None
[2023-10-07 13:24:38,806] {taskinstance.py:1211} INFO - Marking task as SUCCESS. dag_id=***_exam, task_id=compute_rf_score, execution_date=20231006T233200, start_date=20231007T132435, end_date=20231007T132438
[2023-10-07 13:24:38,863] {taskinstance.py:1265} INFO - 1 downstream tasks scheduled from follow-on schedule check
[2023-10-07 13:24:38,907] {local_task_job.py:151} INFO - Task exited with return code 0
